2022-07-01 13:48:58,303 - INFO - Beginning execution of compute_downsampled_sfs.py in directory /u/project/ngarud/jonmah/demo_for_ccgb/Scripts

2022-07-01 13:48:58,304 - INFO - Progress is being logged to ../Analysis/Bacteroides_stercoris_56735_downsampled/log.log

2022-07-01 13:48:58,304 - INFO - Parsed the following arguments:
	outprefix = ../Analysis/Bacteroides_stercoris_56735_downsampled/
	species = Bacteroides_stercoris_56735
	sample_size = 20

2022-07-01 13:55:30,171 - INFO - Beginning demographic inference for one-epoch demographic model.
2022-07-01 13:55:30,174 - INFO - Beginning optimization with guess, [0.08419593].
2022-07-01 13:55:30,265 - INFO - Finished optimization with guess, [0.08419593].
2022-07-01 13:55:30,265 - INFO - Best fit parameters: [0.08419593].
2022-07-01 13:55:30,302 - INFO - Maximum log composite likelihood: -209.515078234.
2022-07-01 13:55:30,303 - INFO - Optimal value of theta: 9759.86889865.
2022-07-01 13:55:30,303 - INFO - Beginning optimization with guess, [0.24066987].
2022-07-01 13:55:30,376 - INFO - Finished optimization with guess, [0.24066987].
2022-07-01 13:55:30,376 - INFO - Best fit parameters: [0.24066987].
2022-07-01 13:55:30,413 - INFO - Maximum log composite likelihood: -209.515078234.
2022-07-01 13:55:30,414 - INFO - Optimal value of theta: 9759.86889865.
2022-07-01 13:55:30,414 - INFO - Beginning optimization with guess, [0.22770273].
2022-07-01 13:55:30,487 - INFO - Finished optimization with guess, [0.22770273].
2022-07-01 13:55:30,487 - INFO - Best fit parameters: [0.22770273].
2022-07-01 13:55:30,524 - INFO - Maximum log composite likelihood: -209.515078234.
2022-07-01 13:55:30,524 - INFO - Optimal value of theta: 9759.86889865.
2022-07-01 13:55:30,525 - INFO - Beginning optimization with guess, [0.39236321].
2022-07-01 13:55:30,598 - INFO - Finished optimization with guess, [0.39236321].
2022-07-01 13:55:30,598 - INFO - Best fit parameters: [0.39236321].
2022-07-01 13:55:30,635 - INFO - Maximum log composite likelihood: -209.515078234.
2022-07-01 13:55:30,635 - INFO - Optimal value of theta: 9759.86889865.
2022-07-01 13:55:30,635 - INFO - Beginning optimization with guess, [0.49753522].
2022-07-01 13:55:30,709 - INFO - Finished optimization with guess, [0.49753522].
2022-07-01 13:55:30,709 - INFO - Best fit parameters: [0.49753522].
2022-07-01 13:55:30,745 - INFO - Maximum log composite likelihood: -209.515078234.
2022-07-01 13:55:30,746 - INFO - Optimal value of theta: 9759.86889865.
2022-07-01 13:55:30,746 - INFO - Beginning optimization with guess, [1.17056134].
2022-07-01 13:55:30,819 - INFO - Finished optimization with guess, [1.17056134].
2022-07-01 13:55:30,819 - INFO - Best fit parameters: [1.17056134].
2022-07-01 13:55:30,856 - INFO - Maximum log composite likelihood: -209.515078234.
2022-07-01 13:55:30,857 - INFO - Optimal value of theta: 9759.86889865.
2022-07-01 13:55:30,857 - INFO - Beginning optimization with guess, [0.38218457].
2022-07-01 13:55:30,930 - INFO - Finished optimization with guess, [0.38218457].
2022-07-01 13:55:30,930 - INFO - Best fit parameters: [0.38218457].
2022-07-01 13:55:30,967 - INFO - Maximum log composite likelihood: -209.515078234.
2022-07-01 13:55:30,967 - INFO - Optimal value of theta: 9759.86889865.
2022-07-01 13:55:30,968 - INFO - Beginning optimization with guess, [0.76131769].
2022-07-01 13:55:31,041 - INFO - Finished optimization with guess, [0.76131769].
2022-07-01 13:55:31,041 - INFO - Best fit parameters: [0.76131769].
2022-07-01 13:55:31,078 - INFO - Maximum log composite likelihood: -209.515078234.
2022-07-01 13:55:31,079 - INFO - Optimal value of theta: 9759.86889865.
2022-07-01 13:55:31,079 - INFO - Beginning optimization with guess, [0.7843916].
2022-07-01 13:55:31,154 - INFO - Finished optimization with guess, [0.7843916].
2022-07-01 13:55:31,154 - INFO - Best fit parameters: [0.7843916].
2022-07-01 13:55:31,192 - INFO - Maximum log composite likelihood: -209.515078234.
2022-07-01 13:55:31,193 - INFO - Optimal value of theta: 9759.86889865.
2022-07-01 13:55:31,193 - INFO - Beginning optimization with guess, [0.93690854].
2022-07-01 13:55:31,269 - INFO - Finished optimization with guess, [0.93690854].
2022-07-01 13:55:31,269 - INFO - Best fit parameters: [0.93690854].
2022-07-01 13:55:31,307 - INFO - Maximum log composite likelihood: -209.515078234.
2022-07-01 13:55:31,307 - INFO - Optimal value of theta: 9759.86889865.
2022-07-01 13:55:31,307 - INFO - Beginning optimization with guess, [2.18546987].
2022-07-01 13:55:31,381 - INFO - Finished optimization with guess, [2.18546987].
2022-07-01 13:55:31,382 - INFO - Best fit parameters: [2.18546987].
2022-07-01 13:55:31,418 - INFO - Maximum log composite likelihood: -209.515078234.
2022-07-01 13:55:31,419 - INFO - Optimal value of theta: 9759.86889865.
2022-07-01 13:55:31,419 - INFO - Beginning optimization with guess, [1.65004038].
2022-07-01 13:55:31,493 - INFO - Finished optimization with guess, [1.65004038].
2022-07-01 13:55:31,493 - INFO - Best fit parameters: [1.65004038].
2022-07-01 13:55:31,529 - INFO - Maximum log composite likelihood: -209.515078234.
2022-07-01 13:55:31,530 - INFO - Optimal value of theta: 9759.86889865.
2022-07-01 13:55:31,530 - INFO - Beginning optimization with guess, [2.03646559].
2022-07-01 13:55:31,604 - INFO - Finished optimization with guess, [2.03646559].
2022-07-01 13:55:31,604 - INFO - Best fit parameters: [2.03646559].
2022-07-01 13:55:31,640 - INFO - Maximum log composite likelihood: -209.515078234.
2022-07-01 13:55:31,641 - INFO - Optimal value of theta: 9759.86889865.
2022-07-01 13:55:31,641 - INFO - Beginning optimization with guess, [1.52147943].
2022-07-01 13:55:31,714 - INFO - Finished optimization with guess, [1.52147943].
2022-07-01 13:55:31,715 - INFO - Best fit parameters: [1.52147943].
2022-07-01 13:55:31,751 - INFO - Maximum log composite likelihood: -209.515078234.
2022-07-01 13:55:31,752 - INFO - Optimal value of theta: 9759.86889865.
2022-07-01 13:55:31,752 - INFO - Beginning optimization with guess, [1.61060281].
2022-07-01 13:55:31,826 - INFO - Finished optimization with guess, [1.61060281].
2022-07-01 13:55:31,826 - INFO - Best fit parameters: [1.61060281].
2022-07-01 13:55:31,862 - INFO - Maximum log composite likelihood: -209.515078234.
2022-07-01 13:55:31,863 - INFO - Optimal value of theta: 9759.86889865.
2022-07-01 13:55:31,863 - INFO - Beginning optimization with guess, [1.50804195].
2022-07-01 13:55:31,937 - INFO - Finished optimization with guess, [1.50804195].
2022-07-01 13:55:31,937 - INFO - Best fit parameters: [1.50804195].
2022-07-01 13:55:31,974 - INFO - Maximum log composite likelihood: -209.515078234.
2022-07-01 13:55:31,974 - INFO - Optimal value of theta: 9759.86889865.
2022-07-01 13:55:31,974 - INFO - Beginning optimization with guess, [4.72638782].
2022-07-01 13:55:32,048 - INFO - Finished optimization with guess, [4.72638782].
2022-07-01 13:55:32,048 - INFO - Best fit parameters: [4.72638782].
2022-07-01 13:55:32,085 - INFO - Maximum log composite likelihood: -209.515078234.
2022-07-01 13:55:32,085 - INFO - Optimal value of theta: 9759.86889865.
2022-07-01 13:55:32,085 - INFO - Beginning optimization with guess, [1.67747453].
2022-07-01 13:55:32,159 - INFO - Finished optimization with guess, [1.67747453].
2022-07-01 13:55:32,159 - INFO - Best fit parameters: [1.67747453].
2022-07-01 13:55:32,196 - INFO - Maximum log composite likelihood: -209.515078234.
2022-07-01 13:55:32,196 - INFO - Optimal value of theta: 9759.86889865.
2022-07-01 13:55:32,196 - INFO - Beginning optimization with guess, [4.78939528].
2022-07-01 13:55:32,270 - INFO - Finished optimization with guess, [4.78939528].
2022-07-01 13:55:32,270 - INFO - Best fit parameters: [4.78939528].
2022-07-01 13:55:32,307 - INFO - Maximum log composite likelihood: -209.515078234.
2022-07-01 13:55:32,307 - INFO - Optimal value of theta: 9759.86889865.
2022-07-01 13:55:32,307 - INFO - Beginning optimization with guess, [3.38357544].
2022-07-01 13:55:32,381 - INFO - Finished optimization with guess, [3.38357544].
2022-07-01 13:55:32,381 - INFO - Best fit parameters: [3.38357544].
2022-07-01 13:55:32,417 - INFO - Maximum log composite likelihood: -209.515078234.
2022-07-01 13:55:32,418 - INFO - Optimal value of theta: 9759.86889865.
2022-07-01 13:55:32,418 - INFO - Beginning optimization with guess, [3.57314583].
2022-07-01 13:55:32,492 - INFO - Finished optimization with guess, [3.57314583].
2022-07-01 13:55:32,492 - INFO - Best fit parameters: [3.57314583].
2022-07-01 13:55:32,528 - INFO - Maximum log composite likelihood: -209.515078234.
2022-07-01 13:55:32,529 - INFO - Optimal value of theta: 9759.86889865.
2022-07-01 13:55:32,529 - INFO - Beginning optimization with guess, [4.51972265].
2022-07-01 13:55:32,602 - INFO - Finished optimization with guess, [4.51972265].
2022-07-01 13:55:32,603 - INFO - Best fit parameters: [4.51972265].
2022-07-01 13:55:32,639 - INFO - Maximum log composite likelihood: -209.515078234.
2022-07-01 13:55:32,640 - INFO - Optimal value of theta: 9759.86889865.
2022-07-01 13:55:32,640 - INFO - Beginning optimization with guess, [3.51319549].
2022-07-01 13:55:32,714 - INFO - Finished optimization with guess, [3.51319549].
2022-07-01 13:55:32,714 - INFO - Best fit parameters: [3.51319549].
2022-07-01 13:55:32,751 - INFO - Maximum log composite likelihood: -209.515078234.
2022-07-01 13:55:32,752 - INFO - Optimal value of theta: 9759.86889865.
2022-07-01 13:55:32,752 - INFO - Beginning optimization with guess, [12.00689822].
2022-07-01 13:55:32,826 - INFO - Finished optimization with guess, [12.00689822].
2022-07-01 13:55:32,826 - INFO - Best fit parameters: [12.00689822].
2022-07-01 13:55:32,863 - INFO - Maximum log composite likelihood: -209.515078234.
2022-07-01 13:55:32,863 - INFO - Optimal value of theta: 9759.86889865.
2022-07-01 13:55:32,863 - INFO - Beginning optimization with guess, [14.74038466].
2022-07-01 13:55:32,937 - INFO - Finished optimization with guess, [14.74038466].
2022-07-01 13:55:32,937 - INFO - Best fit parameters: [14.74038466].
2022-07-01 13:55:32,974 - INFO - Maximum log composite likelihood: -209.515078234.
2022-07-01 13:55:32,974 - INFO - Optimal value of theta: 9759.86889865.
2022-07-01 13:55:32,976 - INFO - Beginning demographic inference for two-epoch demographic model.
2022-07-01 13:55:32,978 - INFO - Beginning optimization with guess, [1.95436627e-01 1.52881959e-06].
2022-07-01 13:55:33,208 - INFO - Finished optimization with guess, [1.95436627e-01 1.52881959e-06].
2022-07-01 13:55:33,208 - INFO - Best fit parameters: [1.95438713e-01 1.52880499e-06].
2022-07-01 13:55:33,246 - INFO - Maximum log composite likelihood: -209.51508297.
2022-07-01 13:55:33,246 - INFO - Optimal value of theta: 9759.86891672.
2022-07-01 13:55:33,247 - INFO - Beginning optimization with guess, [3.43174071e-01 1.06160631e-06].
2022-07-01 13:55:33,359 - INFO - Finished optimization with guess, [3.43174071e-01 1.06160631e-06].
2022-07-01 13:55:33,359 - INFO - Best fit parameters: [3.43174071e-01 1.06160631e-06].
2022-07-01 13:55:33,397 - INFO - Maximum log composite likelihood: -209.515078831.
2022-07-01 13:55:33,397 - INFO - Optimal value of theta: 9759.86890093.
2022-07-01 13:55:33,397 - INFO - Beginning optimization with guess, [3.60505618e-01 9.85921871e-07].
2022-07-01 13:55:33,510 - INFO - Finished optimization with guess, [3.60505618e-01 9.85921871e-07].
2022-07-01 13:55:33,510 - INFO - Best fit parameters: [3.60505618e-01 9.85921871e-07].
2022-07-01 13:55:33,548 - INFO - Maximum log composite likelihood: -209.515078688.
2022-07-01 13:55:33,548 - INFO - Optimal value of theta: 9759.86890038.
2022-07-01 13:55:33,548 - INFO - Beginning optimization with guess, [2.43974463e-01 7.65518502e-07].
2022-07-01 13:55:33,661 - INFO - Finished optimization with guess, [2.43974463e-01 7.65518502e-07].
2022-07-01 13:55:33,661 - INFO - Best fit parameters: [2.43974463e-01 7.65518502e-07].
2022-07-01 13:55:33,698 - INFO - Maximum log composite likelihood: -209.515078941.
2022-07-01 13:55:33,699 - INFO - Optimal value of theta: 9759.86890135.
2022-07-01 13:55:33,699 - INFO - Beginning optimization with guess, [3.32333341e-01 1.85124772e-06].
2022-07-01 13:55:33,812 - INFO - Finished optimization with guess, [3.32333341e-01 1.85124772e-06].
2022-07-01 13:55:33,812 - INFO - Best fit parameters: [3.32333341e-01 1.85124772e-06].
2022-07-01 13:55:33,849 - INFO - Maximum log composite likelihood: -209.515080218.
2022-07-01 13:55:33,850 - INFO - Optimal value of theta: 9759.86890622.
2022-07-01 13:55:33,850 - INFO - Beginning optimization with guess, [9.99099155e-01 6.71229809e-07].
2022-07-01 13:55:33,962 - INFO - Finished optimization with guess, [9.99099155e-01 6.71229809e-07].
2022-07-01 13:55:33,962 - INFO - Best fit parameters: [9.99099155e-01 6.71229809e-07].
2022-07-01 13:55:34,000 - INFO - Maximum log composite likelihood: -209.515078234.
2022-07-01 13:55:34,000 - INFO - Optimal value of theta: 9759.86889865.
2022-07-01 13:55:34,001 - INFO - Beginning optimization with guess, [4.30717114e-01 1.24718001e-06].
2022-07-01 13:55:34,113 - INFO - Finished optimization with guess, [4.30717114e-01 1.24718001e-06].
2022-07-01 13:55:34,113 - INFO - Best fit parameters: [4.30717114e-01 1.24718001e-06].
2022-07-01 13:55:34,150 - INFO - Maximum log composite likelihood: -209.515078687.
2022-07-01 13:55:34,151 - INFO - Optimal value of theta: 9759.86890038.
2022-07-01 13:55:34,151 - INFO - Beginning optimization with guess, [5.72379788e-01 6.58518348e-07].
2022-07-01 13:55:34,263 - INFO - Finished optimization with guess, [5.72379788e-01 6.58518348e-07].
2022-07-01 13:55:34,264 - INFO - Best fit parameters: [5.72379788e-01 6.58518348e-07].
2022-07-01 13:55:34,301 - INFO - Maximum log composite likelihood: -209.515078288.
2022-07-01 13:55:34,301 - INFO - Optimal value of theta: 9759.86889885.
2022-07-01 13:55:34,302 - INFO - Beginning optimization with guess, [1.13500322e+00 1.15017024e-06].
2022-07-01 13:55:34,414 - INFO - Finished optimization with guess, [1.13500322e+00 1.15017024e-06].
2022-07-01 13:55:34,414 - INFO - Best fit parameters: [1.13500322e+00 1.15017024e-06].
2022-07-01 13:55:34,452 - INFO - Maximum log composite likelihood: -209.515078221.
2022-07-01 13:55:34,452 - INFO - Optimal value of theta: 9759.8688986.
2022-07-01 13:55:34,452 - INFO - Beginning optimization with guess, [7.82226253e-01 9.84008442e-07].
2022-07-01 13:55:34,565 - INFO - Finished optimization with guess, [7.82226253e-01 9.84008442e-07].
2022-07-01 13:55:34,565 - INFO - Best fit parameters: [7.82226253e-01 9.84008442e-07].
2022-07-01 13:55:34,603 - INFO - Maximum log composite likelihood: -209.515078267.
2022-07-01 13:55:34,603 - INFO - Optimal value of theta: 9759.86889877.
2022-07-01 13:55:34,603 - INFO - Beginning optimization with guess, [8.25270890e-01 6.08439535e-07].
2022-07-01 13:55:34,717 - INFO - Finished optimization with guess, [8.25270890e-01 6.08439535e-07].
2022-07-01 13:55:34,717 - INFO - Best fit parameters: [8.25270890e-01 6.08439535e-07].
2022-07-01 13:55:34,756 - INFO - Maximum log composite likelihood: -209.515078243.
2022-07-01 13:55:34,756 - INFO - Optimal value of theta: 9759.86889868.
2022-07-01 13:55:34,756 - INFO - Beginning optimization with guess, [1.05535787e+00 1.44926911e-06].
2022-07-01 13:55:34,905 - INFO - Finished optimization with guess, [1.05535787e+00 1.44926911e-06].
2022-07-01 13:55:34,906 - INFO - Best fit parameters: [1.05535787e+00 1.44926911e-06].
2022-07-01 13:55:34,981 - INFO - Maximum log composite likelihood: -209.515078225.
2022-07-01 13:55:34,982 - INFO - Optimal value of theta: 9759.86889861.
2022-07-01 13:55:34,983 - INFO - Beginning optimization with guess, [1.50911246e+00 1.05638470e-06].
2022-07-01 13:55:35,192 - INFO - Finished optimization with guess, [1.50911246e+00 1.05638470e-06].
2022-07-01 13:55:35,192 - INFO - Best fit parameters: [1.50911246e+00 1.05638470e-06].
2022-07-01 13:55:35,249 - INFO - Maximum log composite likelihood: -209.515078211.
2022-07-01 13:55:35,250 - INFO - Optimal value of theta: 9759.86889856.
2022-07-01 13:55:35,250 - INFO - Beginning optimization with guess, [2.64487702e+00 6.08085830e-07].
2022-07-01 13:55:35,375 - INFO - Finished optimization with guess, [2.64487702e+00 6.08085830e-07].
2022-07-01 13:55:35,375 - INFO - Best fit parameters: [2.64487702e+00 6.08085830e-07].
2022-07-01 13:55:35,411 - INFO - Maximum log composite likelihood: -209.515078226.
2022-07-01 13:55:35,412 - INFO - Optimal value of theta: 9759.86889862.
2022-07-01 13:55:35,412 - INFO - Beginning optimization with guess, [1.62101996e+00 1.18406107e-06].
2022-07-01 13:55:35,520 - INFO - Finished optimization with guess, [1.62101996e+00 1.18406107e-06].
2022-07-01 13:55:35,520 - INFO - Best fit parameters: [1.62101996e+00 1.18406107e-06].
2022-07-01 13:55:35,556 - INFO - Maximum log composite likelihood: -209.515078203.
2022-07-01 13:55:35,556 - INFO - Optimal value of theta: 9759.86889853.
2022-07-01 13:55:35,557 - INFO - Beginning optimization with guess, [3.31682359e+00 1.25517951e-06].
2022-07-01 13:55:35,665 - INFO - Finished optimization with guess, [3.31682359e+00 1.25517951e-06].
2022-07-01 13:55:35,665 - INFO - Best fit parameters: [3.31682359e+00 1.25517951e-06].
2022-07-01 13:55:35,701 - INFO - Maximum log composite likelihood: -209.515078203.
2022-07-01 13:55:35,701 - INFO - Optimal value of theta: 9759.86889853.
2022-07-01 13:55:35,701 - INFO - Beginning optimization with guess, [4.55209732e+00 6.31177550e-07].
2022-07-01 13:55:35,812 - INFO - Finished optimization with guess, [4.55209732e+00 6.31177550e-07].
2022-07-01 13:55:35,812 - INFO - Best fit parameters: [4.55209732e+00 6.31177550e-07].
2022-07-01 13:55:35,852 - INFO - Maximum log composite likelihood: -209.515078228.
2022-07-01 13:55:35,853 - INFO - Optimal value of theta: 9759.86889862.
2022-07-01 13:55:35,853 - INFO - Beginning optimization with guess, [5.94672293e+00 7.17598543e-07].
2022-07-01 13:55:35,969 - INFO - Finished optimization with guess, [5.94672293e+00 7.17598543e-07].
2022-07-01 13:55:35,969 - INFO - Best fit parameters: [5.94672293e+00 7.17598543e-07].
2022-07-01 13:55:36,008 - INFO - Maximum log composite likelihood: -209.515078227.
2022-07-01 13:55:36,008 - INFO - Optimal value of theta: 9759.86889862.
2022-07-01 13:55:36,008 - INFO - Beginning optimization with guess, [5.16325948e+00 5.98891069e-07].
2022-07-01 13:55:36,117 - INFO - Finished optimization with guess, [5.16325948e+00 5.98891069e-07].
2022-07-01 13:55:36,117 - INFO - Best fit parameters: [5.16325948e+00 5.98891069e-07].
2022-07-01 13:55:36,152 - INFO - Maximum log composite likelihood: -209.515078229.
2022-07-01 13:55:36,153 - INFO - Optimal value of theta: 9759.86889863.
2022-07-01 13:55:36,153 - INFO - Beginning optimization with guess, [1.97596483e+00 5.38048614e-07].
2022-07-01 13:55:36,260 - INFO - Finished optimization with guess, [1.97596483e+00 5.38048614e-07].
2022-07-01 13:55:36,262 - INFO - Best fit parameters: [1.97596483e+00 5.38048614e-07].
2022-07-01 13:55:36,356 - INFO - Maximum log composite likelihood: -209.515078227.
2022-07-01 13:55:36,357 - INFO - Optimal value of theta: 9759.86889862.
2022-07-01 13:55:36,358 - INFO - Beginning optimization with guess, [2.06188852e+00 1.54911094e-06].
2022-07-01 13:55:36,514 - INFO - Finished optimization with guess, [2.06188852e+00 1.54911094e-06].
2022-07-01 13:55:36,514 - INFO - Best fit parameters: [2.06188852e+00 1.54911094e-06].
2022-07-01 13:55:36,552 - INFO - Maximum log composite likelihood: -209.515078177.
2022-07-01 13:55:36,553 - INFO - Optimal value of theta: 9759.86889843.
2022-07-01 13:55:36,553 - INFO - Beginning optimization with guess, [4.14539323e+00 1.79213987e-06].
2022-07-01 13:55:36,666 - INFO - Finished optimization with guess, [4.14539323e+00 1.79213987e-06].
2022-07-01 13:55:36,666 - INFO - Best fit parameters: [4.14539323e+00 1.79213987e-06].
2022-07-01 13:55:36,704 - INFO - Maximum log composite likelihood: -209.515078178.
2022-07-01 13:55:36,705 - INFO - Optimal value of theta: 9759.86889844.
2022-07-01 13:55:36,705 - INFO - Beginning optimization with guess, [5.54951359e+00 1.07710187e-06].
2022-07-01 13:55:36,818 - INFO - Finished optimization with guess, [5.54951359e+00 1.07710187e-06].
2022-07-01 13:55:36,818 - INFO - Best fit parameters: [5.54951359e+00 1.07710187e-06].
2022-07-01 13:55:36,856 - INFO - Maximum log composite likelihood: -209.515078218.
2022-07-01 13:55:36,856 - INFO - Optimal value of theta: 9759.86889859.
2022-07-01 13:55:36,857 - INFO - Beginning optimization with guess, [6.72989043e+00 1.43077510e-06].
2022-07-01 13:55:36,970 - INFO - Finished optimization with guess, [6.72989043e+00 1.43077510e-06].
2022-07-01 13:55:36,970 - INFO - Best fit parameters: [6.72989043e+00 1.43077510e-06].
2022-07-01 13:55:37,007 - INFO - Maximum log composite likelihood: -209.515078209.
2022-07-01 13:55:37,008 - INFO - Optimal value of theta: 9759.86889855.
2022-07-01 13:55:37,008 - INFO - Beginning optimization with guess, [6.72972998e+00 1.18375829e-06].
2022-07-01 13:55:37,121 - INFO - Finished optimization with guess, [6.72972998e+00 1.18375829e-06].
2022-07-01 13:55:37,121 - INFO - Best fit parameters: [6.72972998e+00 1.18375829e-06].
2022-07-01 13:55:37,159 - INFO - Maximum log composite likelihood: -209.515078217.
2022-07-01 13:55:37,159 - INFO - Optimal value of theta: 9759.86889858.
2022-07-01 13:55:37,162 - INFO - Beginning demographic inference for exponential growth demographic model.
2022-07-01 13:55:37,164 - INFO - Beginning optimization with guess, [5.40429428e-02 1.38764982e-05].
2022-07-01 13:55:38,511 - INFO - Finished optimization with guess, [5.40429428e-02 1.38764982e-05].
2022-07-01 13:55:38,511 - INFO - Best fit parameters: [3.49399242e-01 2.72878760e-06].
2022-07-01 13:55:38,549 - INFO - Maximum log composite likelihood: -209.515082052.
2022-07-01 13:55:38,549 - INFO - Optimal value of theta: 9759.86891322.
2022-07-01 13:55:38,549 - INFO - Beginning optimization with guess, [1.61426227e-01 1.84141615e-05].
2022-07-01 13:55:39,667 - INFO - Finished optimization with guess, [1.61426227e-01 1.84141615e-05].
2022-07-01 13:55:39,667 - INFO - Best fit parameters: [7.92972205e-01 6.54435713e-06].
2022-07-01 13:55:39,705 - INFO - Maximum log composite likelihood: -209.515079592.
2022-07-01 13:55:39,705 - INFO - Optimal value of theta: 9759.86890383.
2022-07-01 13:55:39,706 - INFO - Beginning optimization with guess, [3.00735121e-01 5.91289258e-06].
2022-07-01 13:55:39,930 - INFO - Finished optimization with guess, [3.00735121e-01 5.91289258e-06].
2022-07-01 13:55:39,930 - INFO - Best fit parameters: [3.00754294e-01 5.91258146e-06].
2022-07-01 13:55:39,968 - INFO - Maximum log composite likelihood: -209.515104441.
2022-07-01 13:55:39,968 - INFO - Optimal value of theta: 9759.86899865.
2022-07-01 13:55:39,968 - INFO - Beginning optimization with guess, [6.24456032e-01 7.17457616e-06].
2022-07-01 13:55:40,192 - INFO - Finished optimization with guess, [6.24456032e-01 7.17457616e-06].
2022-07-01 13:55:40,192 - INFO - Best fit parameters: [6.24466999e-01 7.17450694e-06].
2022-07-01 13:55:40,230 - INFO - Maximum log composite likelihood: -209.515083024.
2022-07-01 13:55:40,230 - INFO - Optimal value of theta: 9759.86891692.
2022-07-01 13:55:40,231 - INFO - Beginning optimization with guess, [4.10498916e-01 8.26704827e-06].
2022-07-01 13:55:40,454 - INFO - Finished optimization with guess, [4.10498916e-01 8.26704827e-06].
2022-07-01 13:55:40,454 - INFO - Best fit parameters: [4.10524599e-01 8.26666366e-06].
2022-07-01 13:55:40,492 - INFO - Maximum log composite likelihood: -209.515101416.
2022-07-01 13:55:40,492 - INFO - Optimal value of theta: 9759.86898711.
2022-07-01 13:55:40,493 - INFO - Beginning optimization with guess, [7.06779723e-01 1.24657737e-05].
2022-07-01 13:55:40,716 - INFO - Finished optimization with guess, [7.06779723e-01 1.24657737e-05].
2022-07-01 13:55:40,716 - INFO - Best fit parameters: [7.06807288e-01 1.24655525e-05].
2022-07-01 13:55:40,754 - INFO - Maximum log composite likelihood: -209.515087073.
2022-07-01 13:55:40,754 - INFO - Optimal value of theta: 9759.86893238.
2022-07-01 13:55:40,755 - INFO - Beginning optimization with guess, [7.89495575e-01 6.23492258e-06].
2022-07-01 13:55:40,866 - INFO - Finished optimization with guess, [7.89495575e-01 6.23492258e-06].
2022-07-01 13:55:40,866 - INFO - Best fit parameters: [7.89495575e-01 6.23492258e-06].
2022-07-01 13:55:40,904 - INFO - Maximum log composite likelihood: -209.515079498.
2022-07-01 13:55:40,904 - INFO - Optimal value of theta: 9759.86890347.
2022-07-01 13:55:40,904 - INFO - Beginning optimization with guess, [9.39150114e-01 9.41025673e-06].
2022-07-01 13:55:41,128 - INFO - Finished optimization with guess, [9.39150114e-01 9.41025673e-06].
2022-07-01 13:55:41,128 - INFO - Best fit parameters: [9.39159761e-01 9.41024568e-06].
2022-07-01 13:55:41,166 - INFO - Maximum log composite likelihood: -209.515078824.
2022-07-01 13:55:41,166 - INFO - Optimal value of theta: 9759.8689009.
2022-07-01 13:55:41,167 - INFO - Beginning optimization with guess, [1.71105035e+00 7.46919428e-06].
2022-07-01 13:55:41,278 - INFO - Finished optimization with guess, [1.71105035e+00 7.46919428e-06].
2022-07-01 13:55:41,279 - INFO - Best fit parameters: [1.71105035e+00 7.46919428e-06].
2022-07-01 13:55:41,316 - INFO - Maximum log composite likelihood: -209.515076942.
2022-07-01 13:55:41,316 - INFO - Optimal value of theta: 9759.86889372.
2022-07-01 13:55:41,317 - INFO - Beginning optimization with guess, [1.20510742e+00 1.24110733e-05].
2022-07-01 13:55:41,428 - INFO - Finished optimization with guess, [1.20510742e+00 1.24110733e-05].
2022-07-01 13:55:41,428 - INFO - Best fit parameters: [1.20510742e+00 1.24110733e-05].
2022-07-01 13:55:41,466 - INFO - Maximum log composite likelihood: -209.515076135.
2022-07-01 13:55:41,466 - INFO - Optimal value of theta: 9759.86889064.
2022-07-01 13:55:41,466 - INFO - Beginning optimization with guess, [1.18029465e+00 9.71773532e-06].
2022-07-01 13:55:41,578 - INFO - Finished optimization with guess, [1.18029465e+00 9.71773532e-06].
2022-07-01 13:55:41,578 - INFO - Best fit parameters: [1.18029465e+00 9.71773532e-06].
2022-07-01 13:55:41,617 - INFO - Maximum log composite likelihood: -209.515077058.
2022-07-01 13:55:41,618 - INFO - Optimal value of theta: 9759.86889416.
2022-07-01 13:55:41,618 - INFO - Beginning optimization with guess, [1.82073117e+00 1.59864111e-05].
2022-07-01 13:55:41,847 - INFO - Finished optimization with guess, [1.82073117e+00 1.59864111e-05].
2022-07-01 13:55:41,848 - INFO - Best fit parameters: [1.82073345e+00 1.59866072e-05].
2022-07-01 13:55:41,886 - INFO - Maximum log composite likelihood: -209.515072139.
2022-07-01 13:55:41,886 - INFO - Optimal value of theta: 9759.86887539.
2022-07-01 13:55:41,887 - INFO - Beginning optimization with guess, [3.01904395e+00 1.04707147e-05].
2022-07-01 13:55:41,998 - INFO - Finished optimization with guess, [3.01904395e+00 1.04707147e-05].
2022-07-01 13:55:41,999 - INFO - Best fit parameters: [3.01904395e+00 1.04707147e-05].
2022-07-01 13:55:42,036 - INFO - Maximum log composite likelihood: -209.515075925.
2022-07-01 13:55:42,036 - INFO - Optimal value of theta: 9759.86888984.
2022-07-01 13:55:42,037 - INFO - Beginning optimization with guess, [3.18696075e+00 7.81338959e-06].
2022-07-01 13:55:42,149 - INFO - Finished optimization with guess, [3.18696075e+00 7.81338959e-06].
2022-07-01 13:55:42,149 - INFO - Best fit parameters: [3.18696075e+00 7.81338959e-06].
2022-07-01 13:55:42,186 - INFO - Maximum log composite likelihood: -209.515076989.
2022-07-01 13:55:42,187 - INFO - Optimal value of theta: 9759.8688939.
2022-07-01 13:55:42,187 - INFO - Beginning optimization with guess, [3.11378809e+00 1.40616127e-05].
2022-07-01 13:55:42,298 - INFO - Finished optimization with guess, [3.11378809e+00 1.40616127e-05].
2022-07-01 13:55:42,299 - INFO - Best fit parameters: [3.11378809e+00 1.40616127e-05].
2022-07-01 13:55:42,336 - INFO - Maximum log composite likelihood: -209.51507412.
2022-07-01 13:55:42,336 - INFO - Optimal value of theta: 9759.86888295.
2022-07-01 13:55:42,336 - INFO - Beginning optimization with guess, [2.42106898e+00 8.19553310e-06].
2022-07-01 13:55:42,448 - INFO - Finished optimization with guess, [2.42106898e+00 8.19553310e-06].
2022-07-01 13:55:42,449 - INFO - Best fit parameters: [2.42106898e+00 8.19553310e-06].
2022-07-01 13:55:42,486 - INFO - Maximum log composite likelihood: -209.515076687.
2022-07-01 13:55:42,486 - INFO - Optimal value of theta: 9759.86889274.
2022-07-01 13:55:42,487 - INFO - Beginning optimization with guess, [3.9042806e+00 9.5951713e-06].
2022-07-01 13:55:42,598 - INFO - Finished optimization with guess, [3.9042806e+00 9.5951713e-06].
2022-07-01 13:55:42,598 - INFO - Best fit parameters: [3.9042806e+00 9.5951713e-06].
2022-07-01 13:55:42,636 - INFO - Maximum log composite likelihood: -209.515076573.
2022-07-01 13:55:42,636 - INFO - Optimal value of theta: 9759.86889231.
2022-07-01 13:55:42,636 - INFO - Beginning optimization with guess, [3.70657196e+00 1.64605666e-05].
2022-07-01 13:55:42,860 - INFO - Finished optimization with guess, [3.70657196e+00 1.64605666e-05].
2022-07-01 13:55:42,860 - INFO - Best fit parameters: [3.70655981e+00 1.64607357e-05].
2022-07-01 13:55:42,898 - INFO - Maximum log composite likelihood: -209.515073141.
2022-07-01 13:55:42,898 - INFO - Optimal value of theta: 9759.86887921.
2022-07-01 13:55:42,898 - INFO - Beginning optimization with guess, [2.66685880e+00 8.41666878e-06].
2022-07-01 13:55:43,011 - INFO - Finished optimization with guess, [2.66685880e+00 8.41666878e-06].
2022-07-01 13:55:43,011 - INFO - Best fit parameters: [2.66685880e+00 8.41666878e-06].
2022-07-01 13:55:43,048 - INFO - Maximum log composite likelihood: -209.515076658.
2022-07-01 13:55:43,049 - INFO - Optimal value of theta: 9759.86889263.
2022-07-01 13:55:43,049 - INFO - Beginning optimization with guess, [4.87238004e+00 1.92329619e-05].
2022-07-01 13:55:43,272 - INFO - Finished optimization with guess, [4.87238004e+00 1.92329619e-05].
2022-07-01 13:55:43,272 - INFO - Best fit parameters: [4.87235875e+00 1.92331844e-05].
2022-07-01 13:55:43,310 - INFO - Maximum log composite likelihood: -209.515072487.
2022-07-01 13:55:43,311 - INFO - Optimal value of theta: 9759.86887672.
2022-07-01 13:55:43,311 - INFO - Beginning optimization with guess, [2.3385692e+00 1.2419700e-05].
2022-07-01 13:55:43,422 - INFO - Finished optimization with guess, [2.3385692e+00 1.2419700e-05].
2022-07-01 13:55:43,422 - INFO - Best fit parameters: [2.3385692e+00 1.2419700e-05].
2022-07-01 13:55:43,460 - INFO - Maximum log composite likelihood: -209.515074622.
2022-07-01 13:55:43,460 - INFO - Optimal value of theta: 9759.86888487.
2022-07-01 13:55:43,460 - INFO - Beginning optimization with guess, [3.44415245e+00 1.85342673e-05].
2022-07-01 13:55:43,684 - INFO - Finished optimization with guess, [3.44415245e+00 1.85342673e-05].
2022-07-01 13:55:43,684 - INFO - Best fit parameters: [3.44413834e+00 1.85345203e-05].
2022-07-01 13:55:43,722 - INFO - Maximum log composite likelihood: -209.515071461.
2022-07-01 13:55:43,722 - INFO - Optimal value of theta: 9759.8688728.
2022-07-01 13:55:43,723 - INFO - Beginning optimization with guess, [4.54637839e+00 6.56496337e-06].
2022-07-01 13:55:43,834 - INFO - Finished optimization with guess, [4.54637839e+00 6.56496337e-06].
2022-07-01 13:55:43,834 - INFO - Best fit parameters: [4.54637839e+00 6.56496337e-06].
2022-07-01 13:55:43,872 - INFO - Maximum log composite likelihood: -209.515077535.
2022-07-01 13:55:43,872 - INFO - Optimal value of theta: 9759.86889598.
2022-07-01 13:55:43,872 - INFO - Beginning optimization with guess, [5.32813356e+00 5.43359852e-06].
2022-07-01 13:55:43,984 - INFO - Finished optimization with guess, [5.32813356e+00 5.43359852e-06].
2022-07-01 13:55:43,984 - INFO - Best fit parameters: [5.32813356e+00 5.43359852e-06].
2022-07-01 13:55:44,021 - INFO - Maximum log composite likelihood: -209.515077808.
2022-07-01 13:55:44,022 - INFO - Optimal value of theta: 9759.86889702.
2022-07-01 13:55:44,022 - INFO - Beginning optimization with guess, [6.60798411e+00 1.60225572e-05].
2022-07-01 13:55:44,134 - INFO - Finished optimization with guess, [6.60798411e+00 1.60225572e-05].
2022-07-01 13:55:44,134 - INFO - Best fit parameters: [6.60798411e+00 1.60225572e-05].
2022-07-01 13:55:44,171 - INFO - Maximum log composite likelihood: -209.515075112.
2022-07-01 13:55:44,172 - INFO - Optimal value of theta: 9759.86888673.
2022-07-01 13:55:44,174 - INFO - Beginning demographic inference for bottleneck + growth demographic model.
2022-07-01 13:55:44,175 - INFO - Beginning optimization with guess, [1.61487520e-01 1.64508520e-01 1.44944134e-06].
2022-07-01 13:55:44,473 - INFO - Finished optimization with guess, [1.61487520e-01 1.64508520e-01 1.44944134e-06].
2022-07-01 13:55:44,473 - INFO - Best fit parameters: [1.61487520e-01 1.64510787e-01 1.44942307e-06].
2022-07-01 13:55:44,511 - INFO - Maximum log composite likelihood: -209.515084483.
2022-07-01 13:55:44,512 - INFO - Optimal value of theta: 9759.86892249.
2022-07-01 13:55:44,512 - INFO - Beginning optimization with guess, [1.32316719e-01 2.17402628e-01 5.37101925e-07].
2022-07-01 13:55:44,664 - INFO - Finished optimization with guess, [1.32316719e-01 2.17402628e-01 5.37101925e-07].
2022-07-01 13:55:44,664 - INFO - Best fit parameters: [1.32316719e-01 2.17402628e-01 5.37101925e-07].
2022-07-01 13:55:44,701 - INFO - Maximum log composite likelihood: -209.515078687.
2022-07-01 13:55:44,702 - INFO - Optimal value of theta: 9759.86890038.
2022-07-01 13:55:44,702 - INFO - Beginning optimization with guess, [4.87930064e-01 2.69977457e-01 1.40525625e-06].
2022-07-01 13:55:44,851 - INFO - Finished optimization with guess, [4.87930064e-01 2.69977457e-01 1.40525625e-06].
2022-07-01 13:55:44,851 - INFO - Best fit parameters: [4.87930064e-01 2.69977457e-01 1.40525625e-06].
2022-07-01 13:55:44,888 - INFO - Maximum log composite likelihood: -209.515080126.
2022-07-01 13:55:44,889 - INFO - Optimal value of theta: 9759.86890587.
2022-07-01 13:55:44,889 - INFO - Beginning optimization with guess, [4.48987234e-01 5.29730429e-01 1.46845123e-06].
2022-07-01 13:55:45,038 - INFO - Finished optimization with guess, [4.48987234e-01 5.29730429e-01 1.46845123e-06].
2022-07-01 13:55:45,038 - INFO - Best fit parameters: [4.48987234e-01 5.29730429e-01 1.46845123e-06].
2022-07-01 13:55:45,075 - INFO - Maximum log composite likelihood: -209.515078577.
2022-07-01 13:55:45,076 - INFO - Optimal value of theta: 9759.86889996.
2022-07-01 13:55:45,076 - INFO - Beginning optimization with guess, [3.90618392e-01 5.03899941e-01 1.10743362e-06].
2022-07-01 13:55:45,225 - INFO - Finished optimization with guess, [3.90618392e-01 5.03899941e-01 1.10743362e-06].
2022-07-01 13:55:45,225 - INFO - Best fit parameters: [3.90618392e-01 5.03899941e-01 1.10743362e-06].
2022-07-01 13:55:45,262 - INFO - Maximum log composite likelihood: -209.515078461.
2022-07-01 13:55:45,263 - INFO - Optimal value of theta: 9759.86889952.
2022-07-01 13:55:45,263 - INFO - Beginning optimization with guess, [6.87799990e-01 9.74193834e-01 9.28429304e-07].
2022-07-01 13:55:45,412 - INFO - Finished optimization with guess, [6.87799990e-01 9.74193834e-01 9.28429304e-07].
2022-07-01 13:55:45,412 - INFO - Best fit parameters: [6.87799990e-01 9.74193834e-01 9.28429304e-07].
2022-07-01 13:55:45,449 - INFO - Maximum log composite likelihood: -209.515078237.
2022-07-01 13:55:45,450 - INFO - Optimal value of theta: 9759.86889866.
2022-07-01 13:55:45,450 - INFO - Beginning optimization with guess, [1.31339823e+00 5.75076033e-01 1.34544538e-06].
2022-07-01 13:55:45,599 - INFO - Finished optimization with guess, [1.31339823e+00 5.75076033e-01 1.34544538e-06].
2022-07-01 13:55:45,599 - INFO - Best fit parameters: [1.31339823e+00 5.75076033e-01 1.34544538e-06].
2022-07-01 13:55:45,636 - INFO - Maximum log composite likelihood: -209.515078455.
2022-07-01 13:55:45,637 - INFO - Optimal value of theta: 9759.86889949.
2022-07-01 13:55:45,637 - INFO - Beginning optimization with guess, [7.79600758e-01 5.47213210e-01 6.34008129e-07].
2022-07-01 13:55:45,786 - INFO - Finished optimization with guess, [7.79600758e-01 5.47213210e-01 6.34008129e-07].
2022-07-01 13:55:45,786 - INFO - Best fit parameters: [7.79600758e-01 5.47213210e-01 6.34008129e-07].
2022-07-01 13:55:45,823 - INFO - Maximum log composite likelihood: -209.515078292.
2022-07-01 13:55:45,824 - INFO - Optimal value of theta: 9759.86889887.
2022-07-01 13:55:45,824 - INFO - Beginning optimization with guess, [9.06710645e-01 7.99730587e-01 1.87081365e-06].
2022-07-01 13:55:45,973 - INFO - Finished optimization with guess, [9.06710645e-01 7.99730587e-01 1.87081365e-06].
2022-07-01 13:55:45,973 - INFO - Best fit parameters: [9.06710645e-01 7.99730587e-01 1.87081365e-06].
2022-07-01 13:55:46,010 - INFO - Maximum log composite likelihood: -209.515078338.
2022-07-01 13:55:46,011 - INFO - Optimal value of theta: 9759.86889905.
2022-07-01 13:55:46,011 - INFO - Beginning optimization with guess, [1.39692035e+00 1.04115788e+00 1.61148652e-06].
2022-07-01 13:55:46,160 - INFO - Finished optimization with guess, [1.39692035e+00 1.04115788e+00 1.61148652e-06].
2022-07-01 13:55:46,160 - INFO - Best fit parameters: [1.39692035e+00 1.04115788e+00 1.61148652e-06].
2022-07-01 13:55:46,197 - INFO - Maximum log composite likelihood: -209.515078225.
2022-07-01 13:55:46,198 - INFO - Optimal value of theta: 9759.86889861.
2022-07-01 13:55:46,198 - INFO - Beginning optimization with guess, [1.90877645e+00 7.40280584e-01 1.22640387e-06].
2022-07-01 13:55:46,347 - INFO - Finished optimization with guess, [1.90877645e+00 7.40280584e-01 1.22640387e-06].
2022-07-01 13:55:46,347 - INFO - Best fit parameters: [1.90877645e+00 7.40280584e-01 1.22640387e-06].
2022-07-01 13:55:46,386 - INFO - Maximum log composite likelihood: -209.515078302.
2022-07-01 13:55:46,386 - INFO - Optimal value of theta: 9759.86889891.
2022-07-01 13:55:46,387 - INFO - Beginning optimization with guess, [2.23761867e+00 2.21542348e+00 9.38953151e-07].
2022-07-01 13:55:46,539 - INFO - Finished optimization with guess, [2.23761867e+00 2.21542348e+00 9.38953151e-07].
2022-07-01 13:55:46,539 - INFO - Best fit parameters: [2.23761867e+00 2.21542348e+00 9.38953151e-07].
2022-07-01 13:55:46,578 - INFO - Maximum log composite likelihood: -209.515078214.
2022-07-01 13:55:46,578 - INFO - Optimal value of theta: 9759.86889857.
2022-07-01 13:55:46,578 - INFO - Beginning optimization with guess, [2.29353061e+00 3.42103032e+00 5.81396648e-07].
2022-07-01 13:55:46,727 - INFO - Finished optimization with guess, [2.29353061e+00 3.42103032e+00 5.81396648e-07].
2022-07-01 13:55:46,727 - INFO - Best fit parameters: [2.29353061e+00 3.42103032e+00 5.81396648e-07].
2022-07-01 13:55:46,765 - INFO - Maximum log composite likelihood: -209.515078228.
2022-07-01 13:55:46,765 - INFO - Optimal value of theta: 9759.86889862.
2022-07-01 13:55:46,765 - INFO - Beginning optimization with guess, [1.03235827e+00 3.79581733e+00 8.88403827e-07].
2022-07-01 13:55:46,914 - INFO - Finished optimization with guess, [1.03235827e+00 3.79581733e+00 8.88403827e-07].
2022-07-01 13:55:46,914 - INFO - Best fit parameters: [1.03235827e+00 3.79581733e+00 8.88403827e-07].
2022-07-01 13:55:46,952 - INFO - Maximum log composite likelihood: -209.51507822.
2022-07-01 13:55:46,952 - INFO - Optimal value of theta: 9759.86889859.
2022-07-01 13:55:46,952 - INFO - Beginning optimization with guess, [3.98142805e+00 2.42633594e+00 1.95882381e-06].
2022-07-01 13:55:47,102 - INFO - Finished optimization with guess, [3.98142805e+00 2.42633594e+00 1.95882381e-06].
2022-07-01 13:55:47,102 - INFO - Best fit parameters: [3.98142805e+00 2.42633594e+00 1.95882381e-06].
2022-07-01 13:55:47,139 - INFO - Maximum log composite likelihood: -209.515078146.
2022-07-01 13:55:47,140 - INFO - Optimal value of theta: 9759.86889831.
2022-07-01 13:55:47,140 - INFO - Beginning optimization with guess, [1.32929942e+00 3.13490849e+00 6.92597198e-07].
2022-07-01 13:55:47,289 - INFO - Finished optimization with guess, [1.32929942e+00 3.13490849e+00 6.92597198e-07].
2022-07-01 13:55:47,289 - INFO - Best fit parameters: [1.32929942e+00 3.13490849e+00 6.92597198e-07].
2022-07-01 13:55:47,327 - INFO - Maximum log composite likelihood: -209.515078224.
2022-07-01 13:55:47,327 - INFO - Optimal value of theta: 9759.86889861.
2022-07-01 13:55:47,327 - INFO - Beginning optimization with guess, [1.96173067e+00 2.04819357e+00 1.08853878e-06].
2022-07-01 13:55:47,476 - INFO - Finished optimization with guess, [1.96173067e+00 2.04819357e+00 1.08853878e-06].
2022-07-01 13:55:47,476 - INFO - Best fit parameters: [1.96173067e+00 2.04819357e+00 1.08853878e-06].
2022-07-01 13:55:47,514 - INFO - Maximum log composite likelihood: -209.515078206.
2022-07-01 13:55:47,514 - INFO - Optimal value of theta: 9759.86889854.
2022-07-01 13:55:47,514 - INFO - Beginning optimization with guess, [1.52936523e+00 2.61359289e+00 5.22447497e-07].
2022-07-01 13:55:47,663 - INFO - Finished optimization with guess, [1.52936523e+00 2.61359289e+00 5.22447497e-07].
2022-07-01 13:55:47,663 - INFO - Best fit parameters: [1.52936523e+00 2.61359289e+00 5.22447497e-07].
2022-07-01 13:55:47,701 - INFO - Maximum log composite likelihood: -209.515078228.
2022-07-01 13:55:47,701 - INFO - Optimal value of theta: 9759.86889863.
2022-07-01 13:55:47,701 - INFO - Beginning optimization with guess, [4.49574989e+00 2.22546984e+00 1.12662880e-06].
2022-07-01 13:55:47,850 - INFO - Finished optimization with guess, [4.49574989e+00 2.22546984e+00 1.12662880e-06].
2022-07-01 13:55:47,850 - INFO - Best fit parameters: [4.49574989e+00 2.22546984e+00 1.12662880e-06].
2022-07-01 13:55:47,887 - INFO - Maximum log composite likelihood: -209.515078204.
2022-07-01 13:55:47,888 - INFO - Optimal value of theta: 9759.86889854.
2022-07-01 13:55:47,888 - INFO - Beginning optimization with guess, [2.13921456e+00 5.96072480e+00 9.41848106e-07].
2022-07-01 13:55:48,038 - INFO - Finished optimization with guess, [2.13921456e+00 5.96072480e+00 9.41848106e-07].
2022-07-01 13:55:48,038 - INFO - Best fit parameters: [2.13921456e+00 5.96072480e+00 9.41848106e-07].
2022-07-01 13:55:48,075 - INFO - Maximum log composite likelihood: -209.515078222.
2022-07-01 13:55:48,076 - INFO - Optimal value of theta: 9759.8688986.
2022-07-01 13:55:48,076 - INFO - Beginning optimization with guess, [3.26611559e+00 4.64354394e+00 6.53440033e-07].
2022-07-01 13:55:48,225 - INFO - Finished optimization with guess, [3.26611559e+00 4.64354394e+00 6.53440033e-07].
2022-07-01 13:55:48,225 - INFO - Best fit parameters: [3.26611559e+00 4.64354394e+00 6.53440033e-07].
2022-07-01 13:55:48,262 - INFO - Maximum log composite likelihood: -209.515078227.
2022-07-01 13:55:48,264 - INFO - Optimal value of theta: 9759.86889862.
2022-07-01 13:55:48,264 - INFO - Beginning optimization with guess, [8.72008006e+00 3.47765546e+00 5.66853184e-07].
2022-07-01 13:55:48,413 - INFO - Finished optimization with guess, [8.72008006e+00 3.47765546e+00 5.66853184e-07].
2022-07-01 13:55:48,413 - INFO - Best fit parameters: [8.72008006e+00 3.47765546e+00 5.66853184e-07].
2022-07-01 13:55:48,450 - INFO - Maximum log composite likelihood: -209.515078228.
2022-07-01 13:55:48,451 - INFO - Optimal value of theta: 9759.86889863.
2022-07-01 13:55:48,451 - INFO - Beginning optimization with guess, [1.02804454e+01 4.88214402e+00 1.15717447e-06].
2022-07-01 13:55:48,600 - INFO - Finished optimization with guess, [1.02804454e+01 4.88214402e+00 1.15717447e-06].
2022-07-01 13:55:48,600 - INFO - Best fit parameters: [1.02804454e+01 4.88214402e+00 1.15717447e-06].
2022-07-01 13:55:48,638 - INFO - Maximum log composite likelihood: -209.515078213.
2022-07-01 13:55:48,638 - INFO - Optimal value of theta: 9759.86889857.
2022-07-01 13:55:48,638 - INFO - Beginning optimization with guess, [6.14845638e+00 7.25168556e+00 5.29654558e-07].
2022-07-01 13:55:48,787 - INFO - Finished optimization with guess, [6.14845638e+00 7.25168556e+00 5.29654558e-07].
2022-07-01 13:55:48,787 - INFO - Best fit parameters: [6.14845638e+00 7.25168556e+00 5.29654558e-07].
2022-07-01 13:55:48,825 - INFO - Maximum log composite likelihood: -209.515078231.
2022-07-01 13:55:48,825 - INFO - Optimal value of theta: 9759.86889864.
2022-07-01 13:55:48,825 - INFO - Beginning optimization with guess, [1.42325156e+01 6.22243134e+00 8.86307758e-07].
2022-07-01 13:55:48,974 - INFO - Finished optimization with guess, [1.42325156e+01 6.22243134e+00 8.86307758e-07].
2022-07-01 13:55:48,974 - INFO - Best fit parameters: [1.42325156e+01 6.22243134e+00 8.86307758e-07].
2022-07-01 13:55:49,012 - INFO - Maximum log composite likelihood: -209.515078224.
2022-07-01 13:55:49,012 - INFO - Optimal value of theta: 9759.86889861.
2022-07-01 13:55:49,014 - INFO - Beginning demographic inference for three-epoch demographic model.
2022-07-01 13:55:49,016 - INFO - Beginning optimization with guess, [5.54866701e-02 1.10148235e-01 8.04484404e-07 1.45676169e-06].
2022-07-01 13:55:49,397 - INFO - Finished optimization with guess, [5.54866701e-02 1.10148235e-01 8.04484404e-07 1.45676169e-06].
2022-07-01 13:55:49,397 - INFO - Best fit parameters: [5.54899064e-02 1.10153708e-01 8.04439130e-07 1.45669189e-06].
2022-07-01 13:55:49,436 - INFO - Maximum log composite likelihood: -209.515130158.
2022-07-01 13:55:49,436 - INFO - Optimal value of theta: 9759.86909679.
2022-07-01 13:55:49,437 - INFO - Beginning optimization with guess, [3.22174297e-01 1.92322979e-01 5.30479640e-07 6.07163664e-07].
2022-07-01 13:55:49,627 - INFO - Finished optimization with guess, [3.22174297e-01 1.92322979e-01 5.30479640e-07 6.07163664e-07].
2022-07-01 13:55:49,627 - INFO - Best fit parameters: [3.22174297e-01 1.92322979e-01 5.30479640e-07 6.07163664e-07].
2022-07-01 13:55:49,665 - INFO - Maximum log composite likelihood: -209.515079509.
2022-07-01 13:55:49,666 - INFO - Optimal value of theta: 9759.86890351.
2022-07-01 13:55:49,666 - INFO - Beginning optimization with guess, [4.55464609e-01 2.49256712e-01 8.73161715e-07 5.56179998e-07].
2022-07-01 13:55:49,856 - INFO - Finished optimization with guess, [4.55464609e-01 2.49256712e-01 8.73161715e-07 5.56179998e-07].
2022-07-01 13:55:49,857 - INFO - Best fit parameters: [4.55464609e-01 2.49256712e-01 8.73161715e-07 5.56179998e-07].
2022-07-01 13:55:49,895 - INFO - Maximum log composite likelihood: -209.515078999.
2022-07-01 13:55:49,895 - INFO - Optimal value of theta: 9759.86890157.
2022-07-01 13:55:49,895 - INFO - Beginning optimization with guess, [4.67831636e-01 6.05553627e-01 1.87334810e-06 6.49306761e-07].
2022-07-01 13:55:50,086 - INFO - Finished optimization with guess, [4.67831636e-01 6.05553627e-01 1.87334810e-06 6.49306761e-07].
2022-07-01 13:55:50,086 - INFO - Best fit parameters: [4.67831636e-01 6.05553627e-01 1.87334810e-06 6.49306761e-07].
2022-07-01 13:55:50,124 - INFO - Maximum log composite likelihood: -209.515079309.
2022-07-01 13:55:50,125 - INFO - Optimal value of theta: 9759.86890275.
2022-07-01 13:55:50,125 - INFO - Beginning optimization with guess, [7.93417700e-01 2.79670866e-01 1.44484465e-06 1.95624516e-06].
2022-07-01 13:55:50,315 - INFO - Finished optimization with guess, [7.93417700e-01 2.79670866e-01 1.44484465e-06 1.95624516e-06].
2022-07-01 13:55:50,315 - INFO - Best fit parameters: [7.93417700e-01 2.79670866e-01 1.44484465e-06 1.95624516e-06].
2022-07-01 13:55:50,353 - INFO - Maximum log composite likelihood: -209.515081939.
2022-07-01 13:55:50,354 - INFO - Optimal value of theta: 9759.86891278.
2022-07-01 13:55:50,354 - INFO - Beginning optimization with guess, [6.47266781e-01 1.09566131e+00 7.49431264e-07 8.91015064e-07].
2022-07-01 13:55:50,544 - INFO - Finished optimization with guess, [6.47266781e-01 1.09566131e+00 7.49431264e-07 8.91015064e-07].
2022-07-01 13:55:50,545 - INFO - Best fit parameters: [6.47266781e-01 1.09566131e+00 7.49431264e-07 8.91015064e-07].
2022-07-01 13:55:50,583 - INFO - Maximum log composite likelihood: -209.515078304.
2022-07-01 13:55:50,583 - INFO - Optimal value of theta: 9759.86889892.
2022-07-01 13:55:50,584 - INFO - Beginning optimization with guess, [4.38810661e-01 8.24809043e-01 5.66866967e-07 1.13223266e-06].
2022-07-01 13:55:50,774 - INFO - Finished optimization with guess, [4.38810661e-01 8.24809043e-01 5.66866967e-07 1.13223266e-06].
2022-07-01 13:55:50,774 - INFO - Best fit parameters: [4.38810661e-01 8.24809043e-01 5.66866967e-07 1.13223266e-06].
2022-07-01 13:55:50,812 - INFO - Maximum log composite likelihood: -209.515078448.
2022-07-01 13:55:50,812 - INFO - Optimal value of theta: 9759.86889946.
2022-07-01 13:55:50,813 - INFO - Beginning optimization with guess, [1.30231985e+00 1.14513694e+00 1.07257868e-06 8.99788260e-07].
2022-07-01 13:55:51,007 - INFO - Finished optimization with guess, [1.30231985e+00 1.14513694e+00 1.07257868e-06 8.99788260e-07].
2022-07-01 13:55:51,007 - INFO - Best fit parameters: [1.30231985e+00 1.14513694e+00 1.07257868e-06 8.99788260e-07].
2022-07-01 13:55:51,047 - INFO - Maximum log composite likelihood: -209.515078188.
2022-07-01 13:55:51,047 - INFO - Optimal value of theta: 9759.86889847.
2022-07-01 13:55:51,048 - INFO - Beginning optimization with guess, [1.72382514e+00 1.03973819e+00 1.34064405e-06 8.97500862e-07].
2022-07-01 13:55:51,248 - INFO - Finished optimization with guess, [1.72382514e+00 1.03973819e+00 1.34064405e-06 8.97500862e-07].
2022-07-01 13:55:51,249 - INFO - Best fit parameters: [1.72382514e+00 1.03973819e+00 1.34064405e-06 8.97500862e-07].
2022-07-01 13:55:51,287 - INFO - Maximum log composite likelihood: -209.515078144.
2022-07-01 13:55:51,288 - INFO - Optimal value of theta: 9759.86889831.
2022-07-01 13:55:51,288 - INFO - Beginning optimization with guess, [7.87614877e-01 9.21829009e-01 9.64695938e-07 9.54173189e-07].
2022-07-01 13:55:51,481 - INFO - Finished optimization with guess, [7.87614877e-01 9.21829009e-01 9.64695938e-07 9.54173189e-07].
2022-07-01 13:55:51,481 - INFO - Best fit parameters: [7.87614877e-01 9.21829009e-01 9.64695938e-07 9.54173189e-07].
2022-07-01 13:55:51,519 - INFO - Maximum log composite likelihood: -209.515078298.
2022-07-01 13:55:51,519 - INFO - Optimal value of theta: 9759.86889889.
2022-07-01 13:55:51,520 - INFO - Beginning optimization with guess, [7.38019247e-01 8.08493840e-01 1.23820504e-06 6.45507820e-07].
2022-07-01 13:55:51,711 - INFO - Finished optimization with guess, [7.38019247e-01 8.08493840e-01 1.23820504e-06 6.45507820e-07].
2022-07-01 13:55:51,711 - INFO - Best fit parameters: [7.38019247e-01 8.08493840e-01 1.23820504e-06 6.45507820e-07].
2022-07-01 13:55:51,749 - INFO - Maximum log composite likelihood: -209.515078349.
2022-07-01 13:55:51,750 - INFO - Optimal value of theta: 9759.86889909.
2022-07-01 13:55:51,750 - INFO - Beginning optimization with guess, [7.82566166e-01 1.02338844e+00 8.50726133e-07 5.39596645e-07].
2022-07-01 13:55:51,941 - INFO - Finished optimization with guess, [7.82566166e-01 1.02338844e+00 8.50726133e-07 5.39596645e-07].
2022-07-01 13:55:51,941 - INFO - Best fit parameters: [7.82566166e-01 1.02338844e+00 8.50726133e-07 5.39596645e-07].
2022-07-01 13:55:51,980 - INFO - Maximum log composite likelihood: -209.51507827.
2022-07-01 13:55:51,980 - INFO - Optimal value of theta: 9759.86889878.
2022-07-01 13:55:51,980 - INFO - Beginning optimization with guess, [3.23822712e+00 2.48256536e+00 1.00869534e-06 5.14288051e-07].
2022-07-01 13:55:52,173 - INFO - Finished optimization with guess, [3.23822712e+00 2.48256536e+00 1.00869534e-06 5.14288051e-07].
2022-07-01 13:55:52,173 - INFO - Best fit parameters: [3.23822712e+00 2.48256536e+00 1.00869534e-06 5.14288051e-07].
2022-07-01 13:55:52,212 - INFO - Maximum log composite likelihood: -209.515078194.
2022-07-01 13:55:52,212 - INFO - Optimal value of theta: 9759.86889849.
2022-07-01 13:55:52,213 - INFO - Beginning optimization with guess, [3.80497225e+00 1.54713044e+00 1.16704072e-06 8.88314267e-07].
2022-07-01 13:55:52,408 - INFO - Finished optimization with guess, [3.80497225e+00 1.54713044e+00 1.16704072e-06 8.88314267e-07].
2022-07-01 13:55:52,408 - INFO - Best fit parameters: [3.80497225e+00 1.54713044e+00 1.16704072e-06 8.88314267e-07].
2022-07-01 13:55:52,447 - INFO - Maximum log composite likelihood: -209.515078145.
2022-07-01 13:55:52,448 - INFO - Optimal value of theta: 9759.86889831.
2022-07-01 13:55:52,448 - INFO - Beginning optimization with guess, [2.71029937e+00 3.18398694e+00 5.73255726e-07 1.98075742e-06].
2022-07-01 13:55:52,640 - INFO - Finished optimization with guess, [2.71029937e+00 3.18398694e+00 5.73255726e-07 1.98075742e-06].
2022-07-01 13:55:52,641 - INFO - Best fit parameters: [2.71029937e+00 3.18398694e+00 5.73255726e-07 1.98075742e-06].
2022-07-01 13:55:52,679 - INFO - Maximum log composite likelihood: -209.515078125.
2022-07-01 13:55:52,679 - INFO - Optimal value of theta: 9759.86889823.
2022-07-01 13:55:52,680 - INFO - Beginning optimization with guess, [2.80999041e+00 3.11470563e+00 1.09440069e-06 8.76668189e-07].
2022-07-01 13:55:52,872 - INFO - Finished optimization with guess, [2.80999041e+00 3.11470563e+00 1.09440069e-06 8.76668189e-07].
2022-07-01 13:55:52,872 - INFO - Best fit parameters: [2.80999041e+00 3.11470563e+00 1.09440069e-06 8.76668189e-07].
2022-07-01 13:55:52,911 - INFO - Maximum log composite likelihood: -209.515078173.
2022-07-01 13:55:52,911 - INFO - Optimal value of theta: 9759.86889842.
2022-07-01 13:55:52,912 - INFO - Beginning optimization with guess, [5.23019248e+00 3.74598809e+00 5.08684617e-07 1.68901094e-06].
2022-07-01 13:55:53,108 - INFO - Finished optimization with guess, [5.23019248e+00 3.74598809e+00 5.08684617e-07 1.68901094e-06].
2022-07-01 13:55:53,109 - INFO - Best fit parameters: [5.23019248e+00 3.74598809e+00 5.08684617e-07 1.68901094e-06].
2022-07-01 13:55:53,149 - INFO - Maximum log composite likelihood: -209.51507816.
2022-07-01 13:55:53,149 - INFO - Optimal value of theta: 9759.86889836.
2022-07-01 13:55:53,149 - INFO - Beginning optimization with guess, [5.29045577e+00 5.33009063e+00 1.50508942e-06 6.13477140e-07].
2022-07-01 13:55:53,345 - INFO - Finished optimization with guess, [5.29045577e+00 5.33009063e+00 1.50508942e-06 6.13477140e-07].
2022-07-01 13:55:53,345 - INFO - Best fit parameters: [5.29045577e+00 5.33009063e+00 1.50508942e-06 6.13477140e-07].
2022-07-01 13:55:53,384 - INFO - Maximum log composite likelihood: -209.515078182.
2022-07-01 13:55:53,384 - INFO - Optimal value of theta: 9759.86889845.
2022-07-01 13:55:53,385 - INFO - Beginning optimization with guess, [6.32872973e+00 3.87168842e+00 7.04038387e-07 1.75291043e-06].
2022-07-01 13:55:53,580 - INFO - Finished optimization with guess, [6.32872973e+00 3.87168842e+00 7.04038387e-07 1.75291043e-06].
2022-07-01 13:55:53,581 - INFO - Best fit parameters: [6.32872973e+00 3.87168842e+00 7.04038387e-07 1.75291043e-06].
2022-07-01 13:55:53,620 - INFO - Maximum log composite likelihood: -209.515078146.
2022-07-01 13:55:53,621 - INFO - Optimal value of theta: 9759.86889831.
2022-07-01 13:55:53,621 - INFO - Beginning optimization with guess, [6.31643960e+00 6.87412689e+00 9.44476003e-07 5.86840116e-07].
2022-07-01 13:55:53,815 - INFO - Finished optimization with guess, [6.31643960e+00 6.87412689e+00 9.44476003e-07 5.86840116e-07].
2022-07-01 13:55:53,815 - INFO - Best fit parameters: [6.31643960e+00 6.87412689e+00 9.44476003e-07 5.86840116e-07].
2022-07-01 13:55:53,855 - INFO - Maximum log composite likelihood: -209.515078212.
2022-07-01 13:55:53,855 - INFO - Optimal value of theta: 9759.86889857.
2022-07-01 13:55:53,856 - INFO - Beginning optimization with guess, [2.18367556e+00 6.91574470e+00 1.44396531e-06 1.87866638e-06].
2022-07-01 13:55:54,051 - INFO - Finished optimization with guess, [2.18367556e+00 6.91574470e+00 1.44396531e-06 1.87866638e-06].
2022-07-01 13:55:54,052 - INFO - Best fit parameters: [2.18367556e+00 6.91574470e+00 1.44396531e-06 1.87866638e-06].
2022-07-01 13:55:54,091 - INFO - Maximum log composite likelihood: -209.515078123.
2022-07-01 13:55:54,092 - INFO - Optimal value of theta: 9759.86889823.
2022-07-01 13:55:54,092 - INFO - Beginning optimization with guess, [5.78460118e+00 4.03093071e+00 1.42815752e-06 5.32383816e-07].
2022-07-01 13:55:54,288 - INFO - Finished optimization with guess, [5.78460118e+00 4.03093071e+00 1.42815752e-06 5.32383816e-07].
2022-07-01 13:55:54,288 - INFO - Best fit parameters: [5.78460118e+00 4.03093071e+00 1.42815752e-06 5.32383816e-07].
2022-07-01 13:55:54,327 - INFO - Maximum log composite likelihood: -209.515078186.
2022-07-01 13:55:54,328 - INFO - Optimal value of theta: 9759.86889847.
2022-07-01 13:55:54,328 - INFO - Beginning optimization with guess, [5.50041320e+00 4.94466885e+00 5.27068438e-07 5.05600002e-07].
2022-07-01 13:55:54,524 - INFO - Finished optimization with guess, [5.50041320e+00 4.94466885e+00 5.27068438e-07 5.05600002e-07].
2022-07-01 13:55:54,524 - INFO - Best fit parameters: [5.50041320e+00 4.94466885e+00 5.27068438e-07 5.05600002e-07].
2022-07-01 13:55:54,564 - INFO - Maximum log composite likelihood: -209.515078222.
2022-07-01 13:55:54,564 - INFO - Optimal value of theta: 9759.8688986.
2022-07-01 13:55:54,565 - INFO - Beginning optimization with guess, [5.32944741e+00 6.14797554e+00 8.39957157e-07 7.93143071e-07].
2022-07-01 13:55:54,760 - INFO - Finished optimization with guess, [5.32944741e+00 6.14797554e+00 8.39957157e-07 7.93143071e-07].
2022-07-01 13:55:54,760 - INFO - Best fit parameters: [5.32944741e+00 6.14797554e+00 8.39957157e-07 7.93143071e-07].
2022-07-01 13:55:54,800 - INFO - Maximum log composite likelihood: -209.515078207.
2022-07-01 13:55:54,800 - INFO - Optimal value of theta: 9759.86889855.
2022-07-01 13:55:54,800 - INFO - Beginning optimization with guess, [4.46208631e+00 7.63276364e+00 6.16039022e-07 1.74131987e-06].
2022-07-01 13:55:54,997 - INFO - Finished optimization with guess, [4.46208631e+00 7.63276364e+00 6.16039022e-07 1.74131987e-06].
2022-07-01 13:55:54,997 - INFO - Best fit parameters: [4.46208631e+00 7.63276364e+00 6.16039022e-07 1.74131987e-06].
2022-07-01 13:55:55,037 - INFO - Maximum log composite likelihood: -209.515078184.
2022-07-01 13:55:55,037 - INFO - Optimal value of theta: 9759.86889846.
2022-07-01 13:55:55,039 - INFO - Finished demographic inference.
2022-07-01 13:55:55,040 - INFO - Pipeline executed succesfully.
