2023-04-13 05:23:31,316 - INFO - Beginning execution of fit_one_epoch.py in directory /u/project/ngarud/jonmah/demo_for_ccgb/Scripts

2023-04-13 05:23:31,317 - INFO - Progress is being logged to ../Analysis/Alistipes_finegoldii_56071_downsampled_14/complete_log.log

2023-04-13 05:23:31,317 - INFO - Parsed the following arguments:
	syn_input_sfs = ../Analysis/Alistipes_finegoldii_56071_downsampled_14/empirical_syn_downsampled_sfs.txt
	mask_singletons = False
	mask_doubletons = False
	outprefix = ../Analysis/Alistipes_finegoldii_56071_downsampled_14/complete

2023-04-13 05:23:31,321 - INFO - Beginning demographic inference for three-epoch demographic model.
2023-04-13 05:23:31,324 - INFO - Beginning optimization with guess, [1.48798094e-06 1.84107353e-06 1.35813567e-06 7.46750314e-07].
2023-04-13 05:23:32,583 - INFO - Finished optimization with guess, [1.48798094e-06 1.84107353e-06 1.35813567e-06 7.46750314e-07].
2023-04-13 05:23:32,583 - INFO - Best fit parameters: [1.53307465e-05 5.26596722e-06 1.33260788e-07 2.62868530e-07].
2023-04-13 05:23:32,609 - INFO - Maximum log composite likelihood: -84.70066884936205.
2023-04-13 05:23:32,610 - INFO - Optimal value of theta: 7567.172728932128.
2023-04-13 05:23:32,610 - INFO - Beginning optimization with guess, [7.61683142e-06 8.40409417e-06 1.39031686e-06 7.84901609e-07].
2023-04-13 05:23:33,408 - INFO - Finished optimization with guess, [7.61683142e-06 8.40409417e-06 1.39031686e-06 7.84901609e-07].
2023-04-13 05:23:33,408 - INFO - Best fit parameters: [1.78966499e-05 1.47561348e-05 5.87839865e-07 4.46623439e-07].
2023-04-13 05:23:33,434 - INFO - Maximum log composite likelihood: -84.03644863592672.
2023-04-13 05:23:33,435 - INFO - Optimal value of theta: 7627.736973827802.
2023-04-13 05:23:33,435 - INFO - Beginning optimization with guess, [1.21849176e-04 1.02222740e-04 1.01394429e-06 1.60038247e-06].
2023-04-13 05:23:34,335 - INFO - Finished optimization with guess, [1.21849176e-04 1.02222740e-04 1.01394429e-06 1.60038247e-06].
2023-04-13 05:23:34,336 - INFO - Best fit parameters: [8.90754083e-05 5.83891446e-05 1.38711240e-06 2.79988358e-06].
2023-04-13 05:23:34,361 - INFO - Maximum log composite likelihood: -84.00731279597585.
2023-04-13 05:23:34,362 - INFO - Optimal value of theta: 7633.056944100226.
2023-04-13 05:23:34,362 - INFO - Beginning optimization with guess, [8.52526592e-04 5.19409733e-04 1.88264941e-06 8.47775441e-07].
2023-04-13 05:23:35,433 - INFO - Finished optimization with guess, [8.52526592e-04 5.19409733e-04 1.88264941e-06 8.47775441e-07].
2023-04-13 05:23:35,433 - INFO - Best fit parameters: [1.86114268e-04 1.67680980e-04 8.62438869e-06 2.62726209e-06].
2023-04-13 05:23:35,459 - INFO - Maximum log composite likelihood: -84.06416392904521.
2023-04-13 05:23:35,459 - INFO - Optimal value of theta: 7612.679421018186.
2023-04-13 05:23:35,460 - INFO - Beginning optimization with guess, [9.69501710e-03 1.44350705e-02 1.11728252e-06 1.37501021e-06].
