2023-07-20 16:54:10,600 - INFO - Beginning execution of fit_one_epoch.py in directory /u/project/ngarud/jonmah/demo_for_ccgb/Scripts

2023-07-20 16:54:10,600 - INFO - Progress is being logged to ../Analysis/Alistipes_finegoldii_56071_downsampled_14/core_log.log

2023-07-20 16:54:10,600 - INFO - Parsed the following arguments:
	syn_input_sfs = ../Analysis/Alistipes_finegoldii_56071_downsampled_14/core_empirical_syn_downsampled_sfs.txt
	mask_singletons = False
	mask_doubletons = False
	outprefix = ../Analysis/Alistipes_finegoldii_56071_downsampled_14/core

2023-07-20 16:54:10,605 - INFO - Beginning demographic inference for one-epoch demographic model.
2023-07-20 16:54:10,607 - INFO - Beginning optimization with guess, [0.14315317].
2023-07-20 16:54:11,383 - INFO - Finished optimization with guess, [0.14315317].
2023-07-20 16:54:11,383 - INFO - Best fit parameters: [0.14315317].
2023-07-20 16:54:11,407 - INFO - Maximum log composite likelihood: -252.11421514039012.
2023-07-20 16:54:11,408 - INFO - Optimal value of theta: 5695.302524594866.
2023-07-20 16:54:11,408 - INFO - Beginning optimization with guess, [0.19098376].
2023-07-20 16:54:12,180 - INFO - Finished optimization with guess, [0.19098376].
2023-07-20 16:54:12,181 - INFO - Best fit parameters: [0.19098376].
2023-07-20 16:54:12,205 - INFO - Maximum log composite likelihood: -252.11421514039012.
2023-07-20 16:54:12,206 - INFO - Optimal value of theta: 5695.302524594866.
2023-07-20 16:54:12,206 - INFO - Beginning optimization with guess, [0.46373092].
2023-07-20 16:54:12,917 - INFO - Finished optimization with guess, [0.46373092].
2023-07-20 16:54:12,918 - INFO - Best fit parameters: [0.46373092].
2023-07-20 16:54:12,942 - INFO - Maximum log composite likelihood: -252.11421514039012.
2023-07-20 16:54:12,942 - INFO - Optimal value of theta: 5695.302524594866.
2023-07-20 16:54:12,943 - INFO - Beginning optimization with guess, [0.40160839].
2023-07-20 16:54:13,657 - INFO - Finished optimization with guess, [0.40160839].
2023-07-20 16:54:13,658 - INFO - Best fit parameters: [0.40160839].
2023-07-20 16:54:13,682 - INFO - Maximum log composite likelihood: -252.11421514039012.
2023-07-20 16:54:13,682 - INFO - Optimal value of theta: 5695.302524594866.
2023-07-20 16:54:13,682 - INFO - Beginning optimization with guess, [0.76195481].
2023-07-20 16:54:14,310 - INFO - Finished optimization with guess, [0.76195481].
2023-07-20 16:54:14,310 - INFO - Best fit parameters: [0.76195481].
2023-07-20 16:54:14,334 - INFO - Maximum log composite likelihood: -252.11421514039012.
2023-07-20 16:54:14,334 - INFO - Optimal value of theta: 5695.302524594866.
2023-07-20 16:54:14,334 - INFO - Beginning optimization with guess, [0.66183523].
2023-07-20 16:54:14,959 - INFO - Finished optimization with guess, [0.66183523].
2023-07-20 16:54:14,959 - INFO - Best fit parameters: [0.66183523].
2023-07-20 16:54:14,984 - INFO - Maximum log composite likelihood: -252.11421514039012.
2023-07-20 16:54:14,984 - INFO - Optimal value of theta: 5695.302524594866.
2023-07-20 16:54:14,984 - INFO - Beginning optimization with guess, [0.41229252].
2023-07-20 16:54:15,683 - INFO - Finished optimization with guess, [0.41229252].
2023-07-20 16:54:15,683 - INFO - Best fit parameters: [0.41229252].
2023-07-20 16:54:15,707 - INFO - Maximum log composite likelihood: -252.11421514039012.
2023-07-20 16:54:15,707 - INFO - Optimal value of theta: 5695.302524594866.
2023-07-20 16:54:15,707 - INFO - Beginning optimization with guess, [0.43640371].
2023-07-20 16:54:16,404 - INFO - Finished optimization with guess, [0.43640371].
2023-07-20 16:54:16,404 - INFO - Best fit parameters: [0.43640371].
2023-07-20 16:54:16,428 - INFO - Maximum log composite likelihood: -252.11421514039012.
2023-07-20 16:54:16,429 - INFO - Optimal value of theta: 5695.302524594866.
2023-07-20 16:54:16,429 - INFO - Beginning optimization with guess, [1.15560754].
2023-07-20 16:54:16,983 - INFO - Finished optimization with guess, [1.15560754].
2023-07-20 16:54:16,983 - INFO - Best fit parameters: [1.15560754].
2023-07-20 16:54:17,007 - INFO - Maximum log composite likelihood: -252.11421514039012.
2023-07-20 16:54:17,008 - INFO - Optimal value of theta: 5695.302524594866.
2023-07-20 16:54:17,008 - INFO - Beginning optimization with guess, [0.55176537].
2023-07-20 16:54:17,704 - INFO - Finished optimization with guess, [0.55176537].
2023-07-20 16:54:17,704 - INFO - Best fit parameters: [0.55176537].
2023-07-20 16:54:17,728 - INFO - Maximum log composite likelihood: -252.11421514039012.
2023-07-20 16:54:17,729 - INFO - Optimal value of theta: 5695.302524594866.
2023-07-20 16:54:17,729 - INFO - Beginning optimization with guess, [1.8591022].
2023-07-20 16:54:18,428 - INFO - Finished optimization with guess, [1.8591022].
2023-07-20 16:54:18,428 - INFO - Best fit parameters: [1.8591022].
2023-07-20 16:54:18,452 - INFO - Maximum log composite likelihood: -252.11421514039012.
2023-07-20 16:54:18,453 - INFO - Optimal value of theta: 5695.302524594866.
2023-07-20 16:54:18,453 - INFO - Beginning optimization with guess, [1.78712863].
2023-07-20 16:54:19,153 - INFO - Finished optimization with guess, [1.78712863].
2023-07-20 16:54:19,153 - INFO - Best fit parameters: [1.78712863].
2023-07-20 16:54:19,178 - INFO - Maximum log composite likelihood: -252.11421514039012.
2023-07-20 16:54:19,178 - INFO - Optimal value of theta: 5695.302524594866.
2023-07-20 16:54:19,178 - INFO - Beginning optimization with guess, [1.82454198].
2023-07-20 16:54:19,877 - INFO - Finished optimization with guess, [1.82454198].
2023-07-20 16:54:19,878 - INFO - Best fit parameters: [1.82454198].
2023-07-20 16:54:19,902 - INFO - Maximum log composite likelihood: -252.11421514039012.
2023-07-20 16:54:19,903 - INFO - Optimal value of theta: 5695.302524594866.
2023-07-20 16:54:19,903 - INFO - Beginning optimization with guess, [1.60850647].
2023-07-20 16:54:20,529 - INFO - Finished optimization with guess, [1.60850647].
2023-07-20 16:54:20,529 - INFO - Best fit parameters: [1.60850647].
2023-07-20 16:54:20,553 - INFO - Maximum log composite likelihood: -252.11421514039012.
2023-07-20 16:54:20,554 - INFO - Optimal value of theta: 5695.302524594866.
2023-07-20 16:54:20,554 - INFO - Beginning optimization with guess, [1.28947118].
2023-07-20 16:54:21,111 - INFO - Finished optimization with guess, [1.28947118].
2023-07-20 16:54:21,111 - INFO - Best fit parameters: [1.28947118].
2023-07-20 16:54:21,135 - INFO - Maximum log composite likelihood: -252.11421514039012.
2023-07-20 16:54:21,135 - INFO - Optimal value of theta: 5695.302524594866.
2023-07-20 16:54:21,136 - INFO - Beginning optimization with guess, [1.26362639].
2023-07-20 16:54:21,694 - INFO - Finished optimization with guess, [1.26362639].
2023-07-20 16:54:21,694 - INFO - Best fit parameters: [1.26362639].
2023-07-20 16:54:21,718 - INFO - Maximum log composite likelihood: -252.11421514039012.
2023-07-20 16:54:21,718 - INFO - Optimal value of theta: 5695.302524594866.
2023-07-20 16:54:21,719 - INFO - Beginning optimization with guess, [3.28299248].
2023-07-20 16:54:22,494 - INFO - Finished optimization with guess, [3.28299248].
2023-07-20 16:54:22,494 - INFO - Best fit parameters: [3.28299248].
2023-07-20 16:54:22,519 - INFO - Maximum log composite likelihood: -252.11421514039012.
2023-07-20 16:54:22,519 - INFO - Optimal value of theta: 5695.302524594866.
2023-07-20 16:54:22,519 - INFO - Beginning optimization with guess, [1.59525943].
2023-07-20 16:54:23,150 - INFO - Finished optimization with guess, [1.59525943].
2023-07-20 16:54:23,150 - INFO - Best fit parameters: [1.59525943].
2023-07-20 16:54:23,175 - INFO - Maximum log composite likelihood: -252.11421514039012.
2023-07-20 16:54:23,175 - INFO - Optimal value of theta: 5695.302524594866.
2023-07-20 16:54:23,175 - INFO - Beginning optimization with guess, [1.97602627].
2023-07-20 16:54:23,879 - INFO - Finished optimization with guess, [1.97602627].
2023-07-20 16:54:23,879 - INFO - Best fit parameters: [1.97602627].
2023-07-20 16:54:23,904 - INFO - Maximum log composite likelihood: -252.11421514039012.
2023-07-20 16:54:23,905 - INFO - Optimal value of theta: 5695.302524594866.
2023-07-20 16:54:23,905 - INFO - Beginning optimization with guess, [5.72547406].
2023-07-20 16:54:24,682 - INFO - Finished optimization with guess, [5.72547406].
2023-07-20 16:54:24,682 - INFO - Best fit parameters: [5.72547406].
2023-07-20 16:54:24,706 - INFO - Maximum log composite likelihood: -252.11421514039012.
2023-07-20 16:54:24,707 - INFO - Optimal value of theta: 5695.302524594866.
2023-07-20 16:54:24,707 - INFO - Beginning optimization with guess, [5.50983719].
2023-07-20 16:54:25,483 - INFO - Finished optimization with guess, [5.50983719].
2023-07-20 16:54:25,483 - INFO - Best fit parameters: [5.50983719].
2023-07-20 16:54:25,508 - INFO - Maximum log composite likelihood: -252.11421514039012.
2023-07-20 16:54:25,508 - INFO - Optimal value of theta: 5695.302524594866.
2023-07-20 16:54:25,508 - INFO - Beginning optimization with guess, [6.1826051].
2023-07-20 16:54:26,282 - INFO - Finished optimization with guess, [6.1826051].
2023-07-20 16:54:26,283 - INFO - Best fit parameters: [6.1826051].
2023-07-20 16:54:26,307 - INFO - Maximum log composite likelihood: -252.11421514039012.
2023-07-20 16:54:26,307 - INFO - Optimal value of theta: 5695.302524594866.
2023-07-20 16:54:26,307 - INFO - Beginning optimization with guess, [5.93206316].
2023-07-20 16:54:27,079 - INFO - Finished optimization with guess, [5.93206316].
2023-07-20 16:54:27,079 - INFO - Best fit parameters: [5.93206316].
2023-07-20 16:54:27,103 - INFO - Maximum log composite likelihood: -252.11421514039012.
2023-07-20 16:54:27,104 - INFO - Optimal value of theta: 5695.302524594866.
2023-07-20 16:54:27,104 - INFO - Beginning optimization with guess, [12.24237578].
2023-07-20 16:54:27,948 - INFO - Finished optimization with guess, [12.24237578].
2023-07-20 16:54:27,948 - INFO - Best fit parameters: [12.24237578].
2023-07-20 16:54:27,972 - INFO - Maximum log composite likelihood: -252.11421514039012.
2023-07-20 16:54:27,972 - INFO - Optimal value of theta: 5695.302524594866.
2023-07-20 16:54:27,974 - INFO - Beginning demographic inference for two-epoch demographic model.
2023-07-20 16:54:27,976 - INFO - Beginning optimization with guess, [0.07755746 0.00566276].
2023-07-20 16:54:29,250 - INFO - Finished optimization with guess, [0.07755746 0.00566276].
2023-07-20 16:54:29,251 - INFO - Best fit parameters: [0.458614   0.22000716].
2023-07-20 16:54:29,284 - INFO - Maximum log composite likelihood: -44.24061728136712.
2023-07-20 16:54:29,284 - INFO - Optimal value of theta: 7720.21578408941.
2023-07-20 16:54:29,285 - INFO - Beginning optimization with guess, [0.22283622 0.00649079].
2023-07-20 16:54:30,610 - INFO - Finished optimization with guess, [0.22283622 0.00649079].
2023-07-20 16:54:30,610 - INFO - Best fit parameters: [0.4391953  0.09376578].
2023-07-20 16:54:30,639 - INFO - Maximum log composite likelihood: -55.229525719435514.
2023-07-20 16:54:30,639 - INFO - Optimal value of theta: 6822.745566847373.
2023-07-20 16:54:30,639 - INFO - Beginning optimization with guess, [0.22981251 0.0101263 ].
2023-07-20 16:54:32,101 - INFO - Finished optimization with guess, [0.22981251 0.0101263 ].
2023-07-20 16:54:32,102 - INFO - Best fit parameters: [0.39589005 0.38431654].
2023-07-20 16:54:32,144 - INFO - Maximum log composite likelihood: -40.82103708605064.
2023-07-20 16:54:32,145 - INFO - Optimal value of theta: 9758.325436180457.
2023-07-20 16:54:32,145 - INFO - Beginning optimization with guess, [0.21736511 0.01240515].
2023-07-20 16:54:33,536 - INFO - Finished optimization with guess, [0.21736511 0.01240515].
2023-07-20 16:54:33,536 - INFO - Best fit parameters: [0.46064951 0.32074776].
2023-07-20 16:54:33,573 - INFO - Maximum log composite likelihood: -41.44509562371877.
2023-07-20 16:54:33,573 - INFO - Optimal value of theta: 8349.86714357221.
2023-07-20 16:54:33,573 - INFO - Beginning optimization with guess, [0.8549493  0.01869029].
2023-07-20 16:54:35,159 - INFO - Finished optimization with guess, [0.8549493  0.01869029].
2023-07-20 16:54:35,159 - INFO - Best fit parameters: [0.45562102 0.33709197].
2023-07-20 16:54:35,197 - INFO - Maximum log composite likelihood: -41.41378569986682.
2023-07-20 16:54:35,198 - INFO - Optimal value of theta: 8508.565441037375.
2023-07-20 16:54:35,198 - INFO - Beginning optimization with guess, [0.52492961 0.01850816].
2023-07-20 16:54:37,376 - INFO - Finished optimization with guess, [0.52492961 0.01850816].
2023-07-20 16:54:37,376 - INFO - Best fit parameters: [0.33437855 0.41389172].
2023-07-20 16:54:37,423 - INFO - Maximum log composite likelihood: -40.681421730717375.
2023-07-20 16:54:37,423 - INFO - Optimal value of theta: 11560.201178422412.
2023-07-20 16:54:37,423 - INFO - Beginning optimization with guess, [0.36266985 0.00822035].
2023-07-20 16:54:38,945 - INFO - Finished optimization with guess, [0.36266985 0.00822035].
2023-07-20 16:54:38,945 - INFO - Best fit parameters: [0.44787035 0.32567544].
2023-07-20 16:54:38,983 - INFO - Maximum log composite likelihood: -41.245791894606555.
2023-07-20 16:54:38,983 - INFO - Optimal value of theta: 8532.480517752878.
2023-07-20 16:54:38,983 - INFO - Beginning optimization with guess, [1.30170024 0.00684783].
2023-07-20 16:54:43,496 - INFO - Finished optimization with guess, [1.30170024 0.00684783].
2023-07-20 16:54:43,496 - INFO - Best fit parameters: [0.478865   0.22549334].
2023-07-20 16:54:43,529 - INFO - Maximum log composite likelihood: -43.273865134920015.
2023-07-20 16:54:43,529 - INFO - Optimal value of theta: 7592.590557458689.
2023-07-20 16:54:43,529 - INFO - Beginning optimization with guess, [1.39569511 0.00659843].
2023-07-20 16:54:52,986 - INFO - Finished optimization with guess, [1.39569511 0.00659843].
2023-07-20 16:54:52,988 - INFO - Best fit parameters: [0.52770987 0.39040718].
2023-07-20 16:54:53,026 - INFO - Maximum log composite likelihood: -50.70533136618269.
2023-07-20 16:54:53,026 - INFO - Optimal value of theta: 7986.090970058917.
2023-07-20 16:54:53,026 - INFO - Beginning optimization with guess, [1.86048717 0.00926852].
2023-07-20 16:54:55,209 - INFO - Finished optimization with guess, [1.86048717 0.00926852].
2023-07-20 16:54:55,209 - INFO - Best fit parameters: [0.44274761 0.23375082].
2023-07-20 16:54:55,243 - INFO - Maximum log composite likelihood: -44.78935405025095.
2023-07-20 16:54:55,244 - INFO - Optimal value of theta: 7959.779854608461.
2023-07-20 16:54:55,244 - INFO - Beginning optimization with guess, [1.39536817 0.017737  ].
2023-07-20 16:54:57,060 - INFO - Finished optimization with guess, [1.39536817 0.017737  ].
2023-07-20 16:54:57,060 - INFO - Best fit parameters: [0.49317219 0.22450004].
2023-07-20 16:54:57,093 - INFO - Maximum log composite likelihood: -43.4263871973053.
2023-07-20 16:54:57,093 - INFO - Optimal value of theta: 7478.7871205334495.
2023-07-20 16:54:57,093 - INFO - Beginning optimization with guess, [0.93900953 0.0084959 ].
2023-07-20 16:54:58,593 - INFO - Finished optimization with guess, [0.93900953 0.0084959 ].
2023-07-20 16:54:58,593 - INFO - Best fit parameters: [0.45157257 0.30679795].
2023-07-20 16:54:58,630 - INFO - Maximum log composite likelihood: -41.45107847860436.
2023-07-20 16:54:58,630 - INFO - Optimal value of theta: 8367.054058910428.
2023-07-20 16:54:58,630 - INFO - Beginning optimization with guess, [0.87785848 0.01785897].
2023-07-20 16:55:00,180 - INFO - Finished optimization with guess, [0.87785848 0.01785897].
2023-07-20 16:55:00,180 - INFO - Best fit parameters: [0.40919232 0.39175116].
2023-07-20 16:55:00,221 - INFO - Maximum log composite likelihood: -41.10016167555932.
2023-07-20 16:55:00,221 - INFO - Optimal value of theta: 9567.220438753688.
2023-07-20 16:55:00,221 - INFO - Beginning optimization with guess, [2.73907039 0.00660117].
2023-07-20 16:55:02,669 - INFO - Finished optimization with guess, [2.73907039 0.00660117].
2023-07-20 16:55:02,669 - INFO - Best fit parameters: [0.46860582 0.26215036].
2023-07-20 16:55:02,704 - INFO - Maximum log composite likelihood: -42.253513017553814.
2023-07-20 16:55:02,705 - INFO - Optimal value of theta: 7908.30648689535.
2023-07-20 16:55:02,705 - INFO - Beginning optimization with guess, [3.10995929 0.0152549 ].
2023-07-20 16:55:04,768 - INFO - Finished optimization with guess, [3.10995929 0.0152549 ].
2023-07-20 16:55:04,769 - INFO - Best fit parameters: [0.43730042 0.38823436].
2023-07-20 16:55:04,809 - INFO - Maximum log composite likelihood: -41.91658814209859.
2023-07-20 16:55:04,809 - INFO - Optimal value of theta: 9077.281745719736.
2023-07-20 16:55:04,809 - INFO - Beginning optimization with guess, [2.60612081 0.01607005].
2023-07-20 16:55:06,749 - INFO - Finished optimization with guess, [2.60612081 0.01607005].
2023-07-20 16:55:06,750 - INFO - Best fit parameters: [0.45631241 0.33814381].
2023-07-20 16:55:06,788 - INFO - Maximum log composite likelihood: -41.44500139882439.
2023-07-20 16:55:06,788 - INFO - Optimal value of theta: 8506.513859167755.
2023-07-20 16:55:06,788 - INFO - Beginning optimization with guess, [2.46348263 0.00570598].
2023-07-20 16:55:09,450 - INFO - Finished optimization with guess, [2.46348263 0.00570598].
2023-07-20 16:55:09,451 - INFO - Best fit parameters: [0.40665621 0.36894295].
2023-07-20 16:55:09,491 - INFO - Maximum log composite likelihood: -40.87606007823615.
2023-07-20 16:55:09,491 - INFO - Optimal value of theta: 9441.274943911134.
2023-07-20 16:55:09,491 - INFO - Beginning optimization with guess, [3.17112704 0.00847149].
2023-07-20 16:55:11,790 - INFO - Finished optimization with guess, [3.17112704 0.00847149].
2023-07-20 16:55:11,790 - INFO - Best fit parameters: [0.50130136 0.26816804].
2023-07-20 16:55:11,824 - INFO - Maximum log composite likelihood: -42.98317528837197.
2023-07-20 16:55:11,825 - INFO - Optimal value of theta: 7659.1740529468125.
2023-07-20 16:55:11,825 - INFO - Beginning optimization with guess, [3.52236843 0.01544534].
2023-07-20 16:55:13,877 - INFO - Finished optimization with guess, [3.52236843 0.01544534].
2023-07-20 16:55:13,878 - INFO - Best fit parameters: [0.46721245 0.32469435].
2023-07-20 16:55:13,915 - INFO - Maximum log composite likelihood: -41.65915344828045.
2023-07-20 16:55:13,915 - INFO - Optimal value of theta: 8299.149414531894.
2023-07-20 16:55:13,915 - INFO - Beginning optimization with guess, [3.65432386 0.01341477].
2023-07-20 16:55:15,947 - INFO - Finished optimization with guess, [3.65432386 0.01341477].
2023-07-20 16:55:15,947 - INFO - Best fit parameters: [0.4777976 0.3209809].
2023-07-20 16:55:15,984 - INFO - Maximum log composite likelihood: -42.059354761384384.
2023-07-20 16:55:15,984 - INFO - Optimal value of theta: 8163.32899549866.
2023-07-20 16:55:15,984 - INFO - Beginning optimization with guess, [4.10540207 0.0163202 ].
2023-07-20 16:55:17,821 - INFO - Finished optimization with guess, [4.10540207 0.0163202 ].
2023-07-20 16:55:17,822 - INFO - Best fit parameters: [0.41025965 0.39504038].
2023-07-20 16:55:17,864 - INFO - Maximum log composite likelihood: -41.20238920600241.
2023-07-20 16:55:17,864 - INFO - Optimal value of theta: 9572.02753982489.
2023-07-20 16:55:17,864 - INFO - Beginning optimization with guess, [6.3086386  0.01914573].
2023-07-20 16:55:19,401 - INFO - Finished optimization with guess, [6.3086386  0.01914573].
2023-07-20 16:55:19,401 - INFO - Best fit parameters: [0.48023909 0.18760393].
2023-07-20 16:55:19,433 - INFO - Maximum log composite likelihood: -44.95335188012359.
2023-07-20 16:55:19,434 - INFO - Optimal value of theta: 7339.841574721893.
2023-07-20 16:55:19,434 - INFO - Beginning optimization with guess, [4.07489799 0.00585566].
2023-07-20 16:55:22,201 - INFO - Finished optimization with guess, [4.07489799 0.00585566].
2023-07-20 16:55:22,202 - INFO - Best fit parameters: [0.44840496 0.3357625 ].
2023-07-20 16:55:22,240 - INFO - Maximum log composite likelihood: -41.24000245234038.
2023-07-20 16:55:22,240 - INFO - Optimal value of theta: 8590.086808670116.
2023-07-20 16:55:22,240 - INFO - Beginning optimization with guess, [5.32843595 0.01944687].
2023-07-20 16:55:23,463 - INFO - Finished optimization with guess, [5.32843595 0.01944687].
2023-07-20 16:55:23,463 - INFO - Best fit parameters: [0.02689081 0.00145527].
2023-07-20 16:55:23,489 - INFO - Maximum log composite likelihood: -95.76260543464923.
2023-07-20 16:55:23,489 - INFO - Optimal value of theta: 6317.939356055676.
2023-07-20 16:55:23,491 - INFO - Beginning demographic inference for three-epoch demographic model.
2023-07-20 16:55:23,495 - INFO - Beginning optimization with guess, [0.01339113 0.00693176 0.00520395 0.00577644].
2023-07-20 16:55:24,902 - INFO - Finished optimization with guess, [0.01339113 0.00693176 0.00520395 0.00577644].
2023-07-20 16:55:24,902 - INFO - Best fit parameters: [5.38437611e-03 1.97848897e+00 3.99597870e-04 2.97224341e-03].
2023-07-20 16:55:24,929 - INFO - Maximum log composite likelihood: -86.56821092526116.
2023-07-20 16:55:24,929 - INFO - Optimal value of theta: 6527.3218227562065.
2023-07-20 16:55:24,929 - INFO - Beginning optimization with guess, [0.03855966 0.01274429 0.01407468 0.00740405].
2023-07-20 16:55:26,397 - INFO - Finished optimization with guess, [0.03855966 0.01274429 0.01407468 0.00740405].
2023-07-20 16:55:26,398 - INFO - Best fit parameters: [0.0486516  0.18750515 0.00326537 0.00155921].
2023-07-20 16:55:26,424 - INFO - Maximum log composite likelihood: -88.20949203055352.
2023-07-20 16:55:26,425 - INFO - Optimal value of theta: 6510.7523733215185.
2023-07-20 16:55:26,425 - INFO - Beginning optimization with guess, [0.04673576 0.02703435 0.00849125 0.01576696].
2023-07-20 16:55:27,782 - INFO - Finished optimization with guess, [0.04673576 0.02703435 0.00849125 0.01576696].
2023-07-20 16:55:27,782 - INFO - Best fit parameters: [0.04252952 0.25555357 0.00269469 0.00302829].
2023-07-20 16:55:27,808 - INFO - Maximum log composite likelihood: -86.18671481296133.
2023-07-20 16:55:27,809 - INFO - Optimal value of theta: 6493.367721968208.
2023-07-20 16:55:27,809 - INFO - Beginning optimization with guess, [0.07512031 0.05295286 0.00669055 0.00846524].
2023-07-20 16:55:28,996 - INFO - Finished optimization with guess, [0.07512031 0.05295286 0.00669055 0.00846524].
2023-07-20 16:55:28,996 - INFO - Best fit parameters: [0.07567331 0.13588676 0.00277001 0.0062281 ].
2023-07-20 16:55:29,023 - INFO - Maximum log composite likelihood: -85.62351466255404.
2023-07-20 16:55:29,023 - INFO - Optimal value of theta: 6532.873845784498.
2023-07-20 16:55:29,023 - INFO - Beginning optimization with guess, [0.08236501 0.05865761 0.01096395 0.01602489].
2023-07-20 16:55:30,268 - INFO - Finished optimization with guess, [0.08236501 0.05865761 0.01096395 0.01602489].
2023-07-20 16:55:30,269 - INFO - Best fit parameters: [0.05964587 0.25634399 0.00266177 0.01481623].
2023-07-20 16:55:30,295 - INFO - Maximum log composite likelihood: -77.5113827223804.
2023-07-20 16:55:30,296 - INFO - Optimal value of theta: 6626.860859042776.
2023-07-20 16:55:30,296 - INFO - Beginning optimization with guess, [0.76488636 0.38365754 0.00651398 0.00898482].
2023-07-20 16:55:31,523 - INFO - Finished optimization with guess, [0.76488636 0.38365754 0.00651398 0.00898482].
2023-07-20 16:55:31,523 - INFO - Best fit parameters: [0.71103701 0.35775712 0.0076021  0.06794789].
2023-07-20 16:55:31,552 - INFO - Maximum log composite likelihood: -63.65285406878411.
2023-07-20 16:55:31,552 - INFO - Optimal value of theta: 6925.925091126929.
2023-07-20 16:55:31,552 - INFO - Beginning optimization with guess, [0.98047134 0.54289859 0.00600644 0.00708833].
2023-07-20 16:55:33,278 - INFO - Finished optimization with guess, [0.98047134 0.54289859 0.00600644 0.00708833].
2023-07-20 16:55:33,279 - INFO - Best fit parameters: [0.97814941 0.43410489 0.00386219 0.37123251].
2023-07-20 16:55:33,319 - INFO - Maximum log composite likelihood: -41.306119971267435.
2023-07-20 16:55:33,319 - INFO - Optimal value of theta: 9016.007472267058.
2023-07-20 16:55:33,319 - INFO - Beginning optimization with guess, [0.86629163 0.45940409 0.01344576 0.01879128].
2023-07-20 16:55:35,034 - INFO - Finished optimization with guess, [0.86629163 0.45940409 0.01344576 0.01879128].
2023-07-20 16:55:35,034 - INFO - Best fit parameters: [0.83986998 0.38082138 0.00766527 0.40109844].
2023-07-20 16:55:35,078 - INFO - Maximum log composite likelihood: -40.830050891747305.
2023-07-20 16:55:35,078 - INFO - Optimal value of theta: 10215.172497455567.
2023-07-20 16:55:35,079 - INFO - Beginning optimization with guess, [0.7438789  1.7278652  0.01004905 0.01509974].
2023-07-20 16:55:36,574 - INFO - Finished optimization with guess, [0.7438789  1.7278652  0.01004905 0.01509974].
2023-07-20 16:55:36,574 - INFO - Best fit parameters: [0.61627686 1.75446335 0.30349997 0.00387432].
2023-07-20 16:55:36,608 - INFO - Maximum log composite likelihood: -69.62856470037059.
2023-07-20 16:55:36,608 - INFO - Optimal value of theta: 6976.319416699443.
2023-07-20 16:55:36,608 - INFO - Beginning optimization with guess, [1.09440836 1.98756238 0.00545273 0.0077681 ].
2023-07-20 16:55:37,717 - INFO - Finished optimization with guess, [1.09440836 1.98756238 0.00545273 0.0077681 ].
2023-07-20 16:55:37,718 - INFO - Best fit parameters: [1.06006135e+00 4.17604746e-05 1.10224982e-17 2.04909875e-53].
2023-07-20 16:55:37,743 - INFO - Maximum log composite likelihood: -252.11421514037738.
2023-07-20 16:55:37,743 - INFO - Optimal value of theta: 5695.30252459487.
2023-07-20 16:55:37,743 - INFO - Beginning optimization with guess, [2.22226315 0.6438463  0.00756941 0.00778601].
2023-07-20 16:55:39,172 - INFO - Finished optimization with guess, [2.22226315 0.6438463  0.00756941 0.00778601].
2023-07-20 16:55:39,172 - INFO - Best fit parameters: [2.78591067 0.51703156 0.03349068 0.39691424].
2023-07-20 16:55:39,212 - INFO - Maximum log composite likelihood: -47.95718989629313.
2023-07-20 16:55:39,212 - INFO - Optimal value of theta: 8025.576816832724.
2023-07-20 16:55:39,212 - INFO - Beginning optimization with guess, [2.34589661 0.91577909 0.01115214 0.01182267].
2023-07-20 16:55:40,571 - INFO - Finished optimization with guess, [2.34589661 0.91577909 0.01115214 0.01182267].
2023-07-20 16:55:40,571 - INFO - Best fit parameters: [1.08997521e+00 8.63447847e-01 1.38893298e-04 3.09445181e-01].
2023-07-20 16:55:40,603 - INFO - Maximum log composite likelihood: -170.20397928275997.
2023-07-20 16:55:40,603 - INFO - Optimal value of theta: 6032.760035700419.
2023-07-20 16:55:40,603 - INFO - Beginning optimization with guess, [2.13189945 3.10587799 0.01393436 0.01502102].
2023-07-20 16:55:41,715 - INFO - Finished optimization with guess, [2.13189945 3.10587799 0.01393436 0.01502102].
2023-07-20 16:55:41,715 - INFO - Best fit parameters: [7.29838750e-01 2.07754525e+00 2.00371962e-03 7.47114708e-05].
2023-07-20 16:55:41,740 - INFO - Maximum log composite likelihood: -247.80255078669234.
2023-07-20 16:55:41,740 - INFO - Optimal value of theta: 5703.964414707175.
2023-07-20 16:55:41,741 - INFO - Beginning optimization with guess, [2.59381027 1.969452   0.0064347  0.01336346].
2023-07-20 16:55:42,798 - INFO - Finished optimization with guess, [2.59381027 1.969452   0.0064347  0.01336346].
2023-07-20 16:55:42,798 - INFO - Best fit parameters: [3.02229578e+00 4.26645742e-01 1.39184813e-05 4.87266388e-04].
2023-07-20 16:55:42,823 - INFO - Maximum log composite likelihood: -248.09162321890835.
2023-07-20 16:55:42,824 - INFO - Optimal value of theta: 5703.346883698719.
2023-07-20 16:55:42,824 - INFO - Beginning optimization with guess, [3.23356156 4.0129821  0.00779448 0.00593639].
2023-07-20 16:55:43,942 - INFO - Finished optimization with guess, [3.23356156 4.0129821  0.00779448 0.00593639].
2023-07-20 16:55:43,944 - INFO - Best fit parameters: [3.47957234e-01 3.16422881e+00 2.21058194e-03 1.03390120e-06].
2023-07-20 16:55:43,969 - INFO - Maximum log composite likelihood: -227.92962956872816.
2023-07-20 16:55:43,969 - INFO - Optimal value of theta: 5746.116590395608.
2023-07-20 16:55:43,970 - INFO - Beginning optimization with guess, [2.73865544 1.27012342 0.01556094 0.01453868].
2023-07-20 16:55:45,127 - INFO - Finished optimization with guess, [2.73865544 1.27012342 0.01556094 0.01453868].
2023-07-20 16:55:45,127 - INFO - Best fit parameters: [1.28969873e+00 8.86900144e-01 1.00058753e-06 6.32208846e-01].
2023-07-20 16:55:45,165 - INFO - Maximum log composite likelihood: -194.3933213820128.
2023-07-20 16:55:45,166 - INFO - Optimal value of theta: 6107.220122016441.
2023-07-20 16:55:45,166 - INFO - Beginning optimization with guess, [3.46534427 1.54935914 0.00572739 0.00515364].
2023-07-20 16:55:46,300 - INFO - Finished optimization with guess, [3.46534427 1.54935914 0.00572739 0.00515364].
2023-07-20 16:55:46,300 - INFO - Best fit parameters: [2.66363740e+00 8.47931900e-01 1.87643299e-05 1.71538377e-04].
2023-07-20 16:55:46,325 - INFO - Maximum log composite likelihood: -251.99373139732506.
2023-07-20 16:55:46,325 - INFO - Optimal value of theta: 5695.541117708129.
2023-07-20 16:55:46,325 - INFO - Beginning optimization with guess, [2.8362202  3.70119971 0.01635725 0.00613543].
2023-07-20 16:55:47,407 - INFO - Finished optimization with guess, [2.8362202  3.70119971 0.01635725 0.00613543].
2023-07-20 16:55:47,407 - INFO - Best fit parameters: [1.59627087e+00 7.20025706e-01 9.60554935e-05 3.44846013e-04].
2023-07-20 16:55:47,432 - INFO - Maximum log composite likelihood: -251.49514312842894.
2023-07-20 16:55:47,432 - INFO - Optimal value of theta: 5696.530380123904.
2023-07-20 16:55:47,432 - INFO - Beginning optimization with guess, [5.1848094  4.68300119 0.00624452 0.00661627].
2023-07-20 16:55:48,637 - INFO - Finished optimization with guess, [5.1848094  4.68300119 0.00624452 0.00661627].
2023-07-20 16:55:48,638 - INFO - Best fit parameters: [2.17450812e+01 4.15236214e-01 9.74668899e-06 4.55210288e-01].
2023-07-20 16:55:48,682 - INFO - Maximum log composite likelihood: -44.793306318752.
2023-07-20 16:55:48,683 - INFO - Optimal value of theta: 9896.94048243113.
2023-07-20 16:55:48,683 - INFO - Beginning optimization with guess, [1.90535064 1.9727179  0.0165771  0.01738431].
2023-07-20 16:55:49,844 - INFO - Finished optimization with guess, [1.90535064 1.9727179  0.0165771  0.01738431].
2023-07-20 16:55:49,845 - INFO - Best fit parameters: [1.88289757e+00 5.99772504e-01 2.11037297e-05 1.98811897e-02].
2023-07-20 16:55:49,871 - INFO - Maximum log composite likelihood: -187.3486059362358.
2023-07-20 16:55:49,871 - INFO - Optimal value of theta: 5848.441024516291.
2023-07-20 16:55:49,871 - INFO - Beginning optimization with guess, [3.04490603e+00 6.32612091e+00 5.94617441e-03 1.08820540e-02].
2023-07-20 16:55:51,002 - INFO - Finished optimization with guess, [3.04490603e+00 6.32612091e+00 5.94617441e-03 1.08820540e-02].
2023-07-20 16:55:51,002 - INFO - Best fit parameters: [6.76066128e-01 2.98173365e+00 2.58627440e-04 6.01601831e-05].
2023-07-20 16:55:51,027 - INFO - Maximum log composite likelihood: -251.58751332670727.
2023-07-20 16:55:51,028 - INFO - Optimal value of theta: 5696.347287688875.
2023-07-20 16:55:51,028 - INFO - Beginning optimization with guess, [6.31853096e+00 7.81786940e+00 6.28864787e-03 5.40899710e-03].
2023-07-20 16:55:52,197 - INFO - Finished optimization with guess, [6.31853096e+00 7.81786940e+00 6.28864787e-03 5.40899710e-03].
2023-07-20 16:55:52,197 - INFO - Best fit parameters: [6.30687297e-01 2.68153382e+01 3.39866849e-02 2.95840960e-05].
2023-07-20 16:55:52,223 - INFO - Maximum log composite likelihood: -165.71247801349728.
2023-07-20 16:55:52,223 - INFO - Optimal value of theta: 5915.339668756595.
2023-07-20 16:55:52,223 - INFO - Beginning optimization with guess, [7.30890951 8.00675754 0.01790683 0.00815275].
2023-07-20 16:55:53,358 - INFO - Finished optimization with guess, [7.30890951 8.00675754 0.01790683 0.00815275].
2023-07-20 16:55:53,359 - INFO - Best fit parameters: [5.03176407e+00 5.40957936e-01 1.66070681e-04 1.47824041e-03].
2023-07-20 16:55:53,384 - INFO - Maximum log composite likelihood: -245.2514430748506.
2023-07-20 16:55:53,384 - INFO - Optimal value of theta: 5709.152506951652.
2023-07-20 16:55:53,384 - INFO - Beginning optimization with guess, [5.11406513e+00 1.01633477e+01 8.95994731e-03 1.39996148e-02].
2023-07-20 16:55:54,541 - INFO - Finished optimization with guess, [5.11406513e+00 1.01633477e+01 8.95994731e-03 1.39996148e-02].
2023-07-20 16:55:54,542 - INFO - Best fit parameters: [3.12629711e-01 3.38866970e+00 1.87357540e-04 6.17461814e-05].
2023-07-20 16:55:54,567 - INFO - Maximum log composite likelihood: -249.8056218863012.
2023-07-20 16:55:54,567 - INFO - Optimal value of theta: 5699.898988535501.
2023-07-20 16:55:54,569 - INFO - Finished demographic inference.
2023-07-20 16:55:54,569 - INFO - Pipeline executed succesfully.
