2022-08-25 14:14:46,042 - INFO - Beginning execution of fit_one_epoch.py in directory /u/project/ngarud/jonmah/demo_for_ccgb/Scripts

2022-08-25 14:14:46,042 - INFO - Progress is being logged to ../Analysis/Bacteroides_cellulosilyticus_58046_downsampled/log.log

2022-08-25 14:14:46,042 - INFO - Parsed the following arguments:
	mask_doubletons = False
	syn_input_sfs = ../Analysis/Bacteroides_cellulosilyticus_58046_downsampled/empirical_sfs.txt
	mask_singletons = True
	outprefix = ../Analysis/Bacteroides_cellulosilyticus_58046_downsampled/

2022-08-25 14:14:46,063 - INFO - Beginning demographic inference for exponential growth demographic model.
2022-08-25 14:14:46,064 - INFO - Beginning optimization with guess, [1.34134420e-06 1.48502976e-06].
2022-08-25 14:14:48,088 - INFO - Finished optimization with guess, [1.34134420e-06 1.48502976e-06].
2022-08-25 14:14:48,089 - INFO - Best fit parameters: [1.89847910e-06 1.34491526e-09].
2022-08-25 14:14:48,152 - INFO - Maximum log composite likelihood: -369.260589982.
2022-08-25 14:14:48,153 - INFO - Optimal value of theta: 8495.39537348.
2022-08-25 14:14:48,153 - INFO - Beginning optimization with guess, [7.62508988e-06 6.66865246e-07].
2022-08-25 14:14:49,853 - INFO - Finished optimization with guess, [7.62508988e-06 6.66865246e-07].
2022-08-25 14:14:49,854 - INFO - Best fit parameters: [9.24412034e-06 1.27547067e-08].
2022-08-25 14:14:49,916 - INFO - Maximum log composite likelihood: -369.530455054.
2022-08-25 14:14:49,917 - INFO - Optimal value of theta: 8495.82322418.
2022-08-25 14:14:49,917 - INFO - Beginning optimization with guess, [1.04139821e-04 1.08349871e-06].
2022-08-25 14:14:51,610 - INFO - Finished optimization with guess, [1.04139821e-04 1.08349871e-06].
2022-08-25 14:14:51,611 - INFO - Best fit parameters: [3.75049530e-04 9.40675397e-08].
2022-08-25 14:14:51,673 - INFO - Maximum log composite likelihood: -369.172909245.
2022-08-25 14:14:51,674 - INFO - Optimal value of theta: 8495.25733311.
2022-08-25 14:14:51,674 - INFO - Beginning optimization with guess, [1.77588442e-03 6.52139578e-07].
2022-08-25 14:14:53,373 - INFO - Finished optimization with guess, [1.77588442e-03 6.52139578e-07].
2022-08-25 14:14:53,373 - INFO - Best fit parameters: [6.58746471e-03 1.75938415e-07].
2022-08-25 14:14:53,435 - INFO - Maximum log composite likelihood: -369.160196484.
2022-08-25 14:14:53,436 - INFO - Optimal value of theta: 8495.23740926.
2022-08-25 14:14:53,437 - INFO - Beginning optimization with guess, [1.58781626e-02 1.84876426e-06].
2022-08-25 14:14:55,131 - INFO - Finished optimization with guess, [1.58781626e-02 1.84876426e-06].
2022-08-25 14:14:55,132 - INFO - Best fit parameters: [5.71892474e-02 5.27117223e-07].
2022-08-25 14:14:55,194 - INFO - Maximum log composite likelihood: -369.160066794.
2022-08-25 14:14:55,195 - INFO - Optimal value of theta: 8495.23720642.
2022-08-25 14:14:55,195 - INFO - Beginning optimization with guess, [4.94668603e-01 7.75583597e-07].
2022-08-25 14:14:55,386 - INFO - Finished optimization with guess, [4.94668603e-01 7.75583597e-07].
2022-08-25 14:14:55,386 - INFO - Best fit parameters: [4.94668603e-01 7.75583597e-07].
2022-08-25 14:14:55,449 - INFO - Maximum log composite likelihood: -369.160050646.
2022-08-25 14:14:55,450 - INFO - Optimal value of theta: 8495.23718116.
2022-08-25 14:14:55,450 - INFO - Beginning optimization with guess, [5.49147509e-01 5.26861042e-07].
2022-08-25 14:14:55,640 - INFO - Finished optimization with guess, [5.49147509e-01 5.26861042e-07].
2022-08-25 14:14:55,640 - INFO - Best fit parameters: [5.49147509e-01 5.26861042e-07].
2022-08-25 14:14:55,702 - INFO - Maximum log composite likelihood: -369.16005048.
2022-08-25 14:14:55,703 - INFO - Optimal value of theta: 8495.2371809.
2022-08-25 14:14:55,703 - INFO - Beginning optimization with guess, [1.32432870e+00 1.54232241e-06].
2022-08-25 14:14:55,891 - INFO - Finished optimization with guess, [1.32432870e+00 1.54232241e-06].
2022-08-25 14:14:55,891 - INFO - Best fit parameters: [1.32432870e+00 1.54232241e-06].
2022-08-25 14:14:55,954 - INFO - Maximum log composite likelihood: -369.160050308.
2022-08-25 14:14:55,954 - INFO - Optimal value of theta: 8495.23718063.
2022-08-25 14:14:55,955 - INFO - Beginning optimization with guess, [1.23254721e+00 5.87913454e-07].
2022-08-25 14:14:56,143 - INFO - Finished optimization with guess, [1.23254721e+00 5.87913454e-07].
2022-08-25 14:14:56,143 - INFO - Best fit parameters: [1.23254721e+00 5.87913454e-07].
2022-08-25 14:14:56,206 - INFO - Maximum log composite likelihood: -369.160050385.
2022-08-25 14:14:56,207 - INFO - Optimal value of theta: 8495.23718076.
2022-08-25 14:14:56,207 - INFO - Beginning optimization with guess, [1.84609868e+00 1.48948766e-06].
2022-08-25 14:14:56,396 - INFO - Finished optimization with guess, [1.84609868e+00 1.48948766e-06].
2022-08-25 14:14:56,396 - INFO - Best fit parameters: [1.84609868e+00 1.48948766e-06].
2022-08-25 14:14:56,459 - INFO - Maximum log composite likelihood: -369.160050285.
2022-08-25 14:14:56,459 - INFO - Optimal value of theta: 8495.2371806.
2022-08-25 14:14:56,460 - INFO - Beginning optimization with guess, [6.57125685e-01 1.71428967e-06].
2022-08-25 14:14:56,651 - INFO - Finished optimization with guess, [6.57125685e-01 1.71428967e-06].
2022-08-25 14:14:56,651 - INFO - Best fit parameters: [6.57125685e-01 1.71428967e-06].
2022-08-25 14:14:56,713 - INFO - Maximum log composite likelihood: -369.160050866.
2022-08-25 14:14:56,714 - INFO - Optimal value of theta: 8495.23718151.
2022-08-25 14:14:56,714 - INFO - Beginning optimization with guess, [1.69146376e+00 1.82832925e-06].
2022-08-25 14:14:56,902 - INFO - Finished optimization with guess, [1.69146376e+00 1.82832925e-06].
2022-08-25 14:14:56,902 - INFO - Best fit parameters: [1.69146376e+00 1.82832925e-06].
2022-08-25 14:14:56,964 - INFO - Maximum log composite likelihood: -369.160050234.
2022-08-25 14:14:56,965 - INFO - Optimal value of theta: 8495.23718052.
2022-08-25 14:14:56,965 - INFO - Beginning optimization with guess, [3.45890453e+00 8.62632768e-07].
2022-08-25 14:14:57,156 - INFO - Finished optimization with guess, [3.45890453e+00 8.62632768e-07].
2022-08-25 14:14:57,156 - INFO - Best fit parameters: [3.45890453e+00 8.62632768e-07].
2022-08-25 14:14:57,219 - INFO - Maximum log composite likelihood: -369.160050365.
2022-08-25 14:14:57,220 - INFO - Optimal value of theta: 8495.23718072.
2022-08-25 14:14:57,220 - INFO - Beginning optimization with guess, [2.14328592e+00 9.32185214e-07].
2022-08-25 14:14:57,408 - INFO - Finished optimization with guess, [2.14328592e+00 9.32185214e-07].
2022-08-25 14:14:57,409 - INFO - Best fit parameters: [2.14328592e+00 9.32185214e-07].
2022-08-25 14:14:57,472 - INFO - Maximum log composite likelihood: -369.160050352.
2022-08-25 14:14:57,473 - INFO - Optimal value of theta: 8495.2371807.
2022-08-25 14:14:57,473 - INFO - Beginning optimization with guess, [1.21645204e+00 1.17135736e-06].
2022-08-25 14:14:57,661 - INFO - Finished optimization with guess, [1.21645204e+00 1.17135736e-06].
2022-08-25 14:14:57,662 - INFO - Best fit parameters: [1.21645204e+00 1.17135736e-06].
2022-08-25 14:14:57,725 - INFO - Maximum log composite likelihood: -369.160050356.
2022-08-25 14:14:57,725 - INFO - Optimal value of theta: 8495.23718071.
2022-08-25 14:14:57,726 - INFO - Beginning optimization with guess, [1.87310673e+00 9.59550838e-07].
2022-08-25 14:14:57,914 - INFO - Finished optimization with guess, [1.87310673e+00 9.59550838e-07].
2022-08-25 14:14:57,914 - INFO - Best fit parameters: [1.87310673e+00 9.59550838e-07].
2022-08-25 14:14:57,976 - INFO - Maximum log composite likelihood: -369.16005035.
2022-08-25 14:14:57,977 - INFO - Optimal value of theta: 8495.2371807.
2022-08-25 14:14:57,977 - INFO - Beginning optimization with guess, [1.73889916e+00 7.07288928e-07].
2022-08-25 14:14:58,166 - INFO - Finished optimization with guess, [1.73889916e+00 7.07288928e-07].
2022-08-25 14:14:58,166 - INFO - Best fit parameters: [1.73889916e+00 7.07288928e-07].
2022-08-25 14:14:58,229 - INFO - Maximum log composite likelihood: -369.160050371.
2022-08-25 14:14:58,230 - INFO - Optimal value of theta: 8495.23718073.
2022-08-25 14:14:58,230 - INFO - Beginning optimization with guess, [4.15758199e+00 6.55350661e-07].
2022-08-25 14:14:58,419 - INFO - Finished optimization with guess, [4.15758199e+00 6.55350661e-07].
2022-08-25 14:14:58,419 - INFO - Best fit parameters: [4.15758199e+00 6.55350661e-07].
2022-08-25 14:14:58,481 - INFO - Maximum log composite likelihood: -369.16005038.
2022-08-25 14:14:58,482 - INFO - Optimal value of theta: 8495.23718075.
2022-08-25 14:14:58,482 - INFO - Beginning optimization with guess, [2.28857601e+00 1.51965511e-06].
2022-08-25 14:14:58,671 - INFO - Finished optimization with guess, [2.28857601e+00 1.51965511e-06].
2022-08-25 14:14:58,671 - INFO - Best fit parameters: [2.28857601e+00 1.51965511e-06].
2022-08-25 14:14:58,733 - INFO - Maximum log composite likelihood: -369.160050281.
2022-08-25 14:14:58,734 - INFO - Optimal value of theta: 8495.23718059.
2022-08-25 14:14:58,734 - INFO - Beginning optimization with guess, [2.25695172e+00 1.80298677e-06].
2022-08-25 14:14:58,923 - INFO - Finished optimization with guess, [2.25695172e+00 1.80298677e-06].
2022-08-25 14:14:58,923 - INFO - Best fit parameters: [2.25695172e+00 1.80298677e-06].
2022-08-25 14:14:58,985 - INFO - Maximum log composite likelihood: -369.160050234.
2022-08-25 14:14:58,986 - INFO - Optimal value of theta: 8495.23718052.
2022-08-25 14:14:58,986 - INFO - Beginning optimization with guess, [3.42609906e+00 1.27307288e-06].
2022-08-25 14:14:59,173 - INFO - Finished optimization with guess, [3.42609906e+00 1.27307288e-06].
2022-08-25 14:14:59,174 - INFO - Best fit parameters: [3.42609906e+00 1.27307288e-06].
2022-08-25 14:14:59,237 - INFO - Maximum log composite likelihood: -369.160050328.
2022-08-25 14:14:59,238 - INFO - Optimal value of theta: 8495.23718067.
2022-08-25 14:14:59,238 - INFO - Beginning optimization with guess, [3.25741419e+00 1.73850390e-06].
2022-08-25 14:14:59,426 - INFO - Finished optimization with guess, [3.25741419e+00 1.73850390e-06].
2022-08-25 14:14:59,427 - INFO - Best fit parameters: [3.25741419e+00 1.73850390e-06].
2022-08-25 14:14:59,489 - INFO - Maximum log composite likelihood: -369.160050266.
2022-08-25 14:14:59,489 - INFO - Optimal value of theta: 8495.23718057.
2022-08-25 14:14:59,490 - INFO - Beginning optimization with guess, [8.52414922e+00 1.11667423e-06].
2022-08-25 14:14:59,677 - INFO - Finished optimization with guess, [8.52414922e+00 1.11667423e-06].
2022-08-25 14:14:59,678 - INFO - Best fit parameters: [8.52414922e+00 1.11667423e-06].
2022-08-25 14:14:59,741 - INFO - Maximum log composite likelihood: -369.16005037.
2022-08-25 14:14:59,741 - INFO - Optimal value of theta: 8495.23718073.
2022-08-25 14:14:59,742 - INFO - Beginning optimization with guess, [1.31076152e+01 1.38387298e-06].
2022-08-25 14:14:59,932 - INFO - Finished optimization with guess, [1.31076152e+01 1.38387298e-06].
2022-08-25 14:14:59,932 - INFO - Best fit parameters: [1.31076152e+01 1.38387298e-06].
2022-08-25 14:14:59,995 - INFO - Maximum log composite likelihood: -369.160050368.
2022-08-25 14:14:59,996 - INFO - Optimal value of theta: 8495.23718073.
2022-08-25 14:14:59,996 - INFO - Beginning optimization with guess, [9.25714039e+00 1.08448703e-06].
2022-08-25 14:15:00,187 - INFO - Finished optimization with guess, [9.25714039e+00 1.08448703e-06].
2022-08-25 14:15:00,187 - INFO - Best fit parameters: [9.25714039e+00 1.08448703e-06].
2022-08-25 14:15:00,250 - INFO - Maximum log composite likelihood: -369.160050373.
2022-08-25 14:15:00,251 - INFO - Optimal value of theta: 8495.23718074.
2022-08-25 14:15:00,254 - INFO - Beginning demographic inference for two-epoch demographic model.
2022-08-25 14:15:00,256 - INFO - Beginning optimization with guess, [9.16951205e-07 8.56175101e-07].
2022-08-25 14:15:02,123 - INFO - Finished optimization with guess, [9.16951205e-07 8.56175101e-07].
2022-08-25 14:15:02,123 - INFO - Best fit parameters: [1.50890847e-06 5.09504567e-10].
2022-08-25 14:15:02,186 - INFO - Maximum log composite likelihood: -369.183274003.
2022-08-25 14:15:02,187 - INFO - Optimal value of theta: 8495.27360467.
2022-08-25 14:15:02,188 - INFO - Beginning optimization with guess, [1.41132130e-05 1.69813376e-06].
2022-08-25 14:15:03,914 - INFO - Finished optimization with guess, [1.41132130e-05 1.69813376e-06].
2022-08-25 14:15:03,915 - INFO - Best fit parameters: [1.52223440e-05 2.72764542e-08].
2022-08-25 14:15:03,978 - INFO - Maximum log composite likelihood: -369.773957693.
2022-08-25 14:15:03,978 - INFO - Optimal value of theta: 8496.21163771.
2022-08-25 14:15:03,979 - INFO - Beginning optimization with guess, [1.13835915e-04 8.07011762e-07].
2022-08-25 14:15:05,686 - INFO - Finished optimization with guess, [1.13835915e-04 8.07011762e-07].
2022-08-25 14:15:05,687 - INFO - Best fit parameters: [7.45331580e-04 1.22836086e-07].
2022-08-25 14:15:05,751 - INFO - Maximum log composite likelihood: -369.16562191.
2022-08-25 14:15:05,752 - INFO - Optimal value of theta: 8495.24590574.
2022-08-25 14:15:05,752 - INFO - Beginning optimization with guess, [1.61582716e-03 1.55395207e-06].
2022-08-25 14:15:07,454 - INFO - Finished optimization with guess, [1.61582716e-03 1.55395207e-06].
2022-08-25 14:15:07,455 - INFO - Best fit parameters: [7.52883705e-03 3.33792934e-07].
2022-08-25 14:15:07,518 - INFO - Maximum log composite likelihood: -369.16045274.
2022-08-25 14:15:07,519 - INFO - Optimal value of theta: 8495.23781016.
2022-08-25 14:15:07,519 - INFO - Beginning optimization with guess, [1.18948856e-02 1.83104093e-06].
2022-08-25 14:15:09,226 - INFO - Finished optimization with guess, [1.18948856e-02 1.83104093e-06].
2022-08-25 14:15:09,226 - INFO - Best fit parameters: [4.29203819e-02 5.17481235e-07].
2022-08-25 14:15:09,289 - INFO - Maximum log composite likelihood: -369.160078958.
2022-08-25 14:15:09,290 - INFO - Optimal value of theta: 8495.23722544.
2022-08-25 14:15:09,290 - INFO - Beginning optimization with guess, [1.08028109e+00 1.03771041e-06].
2022-08-25 14:15:09,479 - INFO - Finished optimization with guess, [1.08028109e+00 1.03771041e-06].
2022-08-25 14:15:09,480 - INFO - Best fit parameters: [1.08028109e+00 1.03771041e-06].
2022-08-25 14:15:09,542 - INFO - Maximum log composite likelihood: -369.160050381.
2022-08-25 14:15:09,543 - INFO - Optimal value of theta: 8495.23718075.
2022-08-25 14:15:09,543 - INFO - Beginning optimization with guess, [1.35146356e+00 1.48432318e-06].
2022-08-25 14:15:09,734 - INFO - Finished optimization with guess, [1.35146356e+00 1.48432318e-06].
2022-08-25 14:15:09,734 - INFO - Best fit parameters: [1.35146356e+00 1.48432318e-06].
2022-08-25 14:15:09,797 - INFO - Maximum log composite likelihood: -369.160050311.
2022-08-25 14:15:09,797 - INFO - Optimal value of theta: 8495.23718064.
2022-08-25 14:15:09,798 - INFO - Beginning optimization with guess, [5.79233284e-01 1.24229576e-06].
2022-08-25 14:15:09,991 - INFO - Finished optimization with guess, [5.79233284e-01 1.24229576e-06].
2022-08-25 14:15:09,991 - INFO - Best fit parameters: [5.79233284e-01 1.24229576e-06].
2022-08-25 14:15:10,055 - INFO - Maximum log composite likelihood: -369.160050785.
2022-08-25 14:15:10,056 - INFO - Optimal value of theta: 8495.23718138.
2022-08-25 14:15:10,056 - INFO - Beginning optimization with guess, [1.04573203e+00 1.53167014e-06].
2022-08-25 14:15:10,247 - INFO - Finished optimization with guess, [1.04573203e+00 1.53167014e-06].
2022-08-25 14:15:10,248 - INFO - Best fit parameters: [1.04573203e+00 1.53167014e-06].
2022-08-25 14:15:10,310 - INFO - Maximum log composite likelihood: -369.160050376.
2022-08-25 14:15:10,311 - INFO - Optimal value of theta: 8495.23718074.
2022-08-25 14:15:10,311 - INFO - Beginning optimization with guess, [1.35127396e+00 7.88232774e-07].
2022-08-25 14:15:10,502 - INFO - Finished optimization with guess, [1.35127396e+00 7.88232774e-07].
2022-08-25 14:15:10,502 - INFO - Best fit parameters: [1.35127396e+00 7.88232774e-07].
2022-08-25 14:15:10,567 - INFO - Maximum log composite likelihood: -369.160050372.
2022-08-25 14:15:10,568 - INFO - Optimal value of theta: 8495.23718073.
2022-08-25 14:15:10,568 - INFO - Beginning optimization with guess, [1.20899650e+00 6.94924735e-07].
2022-08-25 14:15:10,757 - INFO - Finished optimization with guess, [1.20899650e+00 6.94924735e-07].
2022-08-25 14:15:10,757 - INFO - Best fit parameters: [1.20899650e+00 6.94924735e-07].
2022-08-25 14:15:10,821 - INFO - Maximum log composite likelihood: -369.160050382.
2022-08-25 14:15:10,822 - INFO - Optimal value of theta: 8495.23718075.
2022-08-25 14:15:10,822 - INFO - Beginning optimization with guess, [9.83061883e-01 1.06342781e-06].
2022-08-25 14:15:11,012 - INFO - Finished optimization with guess, [9.83061883e-01 1.06342781e-06].
2022-08-25 14:15:11,012 - INFO - Best fit parameters: [9.83061883e-01 1.06342781e-06].
2022-08-25 14:15:11,075 - INFO - Maximum log composite likelihood: -369.1600504.
2022-08-25 14:15:11,075 - INFO - Optimal value of theta: 8495.23718078.
2022-08-25 14:15:11,076 - INFO - Beginning optimization with guess, [1.53273308e+00 5.22586599e-07].
2022-08-25 14:15:11,269 - INFO - Finished optimization with guess, [1.53273308e+00 5.22586599e-07].
2022-08-25 14:15:11,269 - INFO - Best fit parameters: [1.53273308e+00 5.22586599e-07].
2022-08-25 14:15:11,333 - INFO - Maximum log composite likelihood: -369.160050384.
2022-08-25 14:15:11,334 - INFO - Optimal value of theta: 8495.23718075.
2022-08-25 14:15:11,334 - INFO - Beginning optimization with guess, [1.04892721e+00 5.66686478e-07].
2022-08-25 14:15:11,522 - INFO - Finished optimization with guess, [1.04892721e+00 5.66686478e-07].
2022-08-25 14:15:11,522 - INFO - Best fit parameters: [1.04892721e+00 5.66686478e-07].
2022-08-25 14:15:11,585 - INFO - Maximum log composite likelihood: -369.160050393.
2022-08-25 14:15:11,586 - INFO - Optimal value of theta: 8495.23718077.
2022-08-25 14:15:11,586 - INFO - Beginning optimization with guess, [1.98728356e+00 7.30440301e-07].
2022-08-25 14:15:11,774 - INFO - Finished optimization with guess, [1.98728356e+00 7.30440301e-07].
2022-08-25 14:15:11,775 - INFO - Best fit parameters: [1.98728356e+00 7.30440301e-07].
2022-08-25 14:15:11,839 - INFO - Maximum log composite likelihood: -369.160050369.
2022-08-25 14:15:11,840 - INFO - Optimal value of theta: 8495.23718073.
2022-08-25 14:15:11,840 - INFO - Beginning optimization with guess, [4.04835955e+00 1.51216175e-06].
2022-08-25 14:15:12,031 - INFO - Finished optimization with guess, [4.04835955e+00 1.51216175e-06].
2022-08-25 14:15:12,031 - INFO - Best fit parameters: [4.04835955e+00 1.51216175e-06].
2022-08-25 14:15:12,095 - INFO - Maximum log composite likelihood: -369.16005031.
2022-08-25 14:15:12,095 - INFO - Optimal value of theta: 8495.23718064.
2022-08-25 14:15:12,096 - INFO - Beginning optimization with guess, [3.42818646e+00 1.05324159e-06].
2022-08-25 14:15:12,284 - INFO - Finished optimization with guess, [3.42818646e+00 1.05324159e-06].
2022-08-25 14:15:12,284 - INFO - Best fit parameters: [3.42818646e+00 1.05324159e-06].
2022-08-25 14:15:12,348 - INFO - Maximum log composite likelihood: -369.160050349.
2022-08-25 14:15:12,349 - INFO - Optimal value of theta: 8495.2371807.
2022-08-25 14:15:12,349 - INFO - Beginning optimization with guess, [5.23627622e+00 8.36735331e-07].
2022-08-25 14:15:12,538 - INFO - Finished optimization with guess, [5.23627622e+00 8.36735331e-07].
2022-08-25 14:15:12,538 - INFO - Best fit parameters: [5.23627622e+00 8.36735331e-07].
2022-08-25 14:15:12,601 - INFO - Maximum log composite likelihood: -369.160050374.
2022-08-25 14:15:12,602 - INFO - Optimal value of theta: 8495.23718074.
2022-08-25 14:15:12,602 - INFO - Beginning optimization with guess, [5.29399286e+00 7.29567270e-07].
2022-08-25 14:15:12,792 - INFO - Finished optimization with guess, [5.29399286e+00 7.29567270e-07].
2022-08-25 14:15:12,792 - INFO - Best fit parameters: [5.29399286e+00 7.29567270e-07].
2022-08-25 14:15:12,855 - INFO - Maximum log composite likelihood: -369.160050379.
2022-08-25 14:15:12,856 - INFO - Optimal value of theta: 8495.23718075.
2022-08-25 14:15:12,856 - INFO - Beginning optimization with guess, [4.80350171e+00 7.45667468e-07].
2022-08-25 14:15:13,049 - INFO - Finished optimization with guess, [4.80350171e+00 7.45667468e-07].
2022-08-25 14:15:13,049 - INFO - Best fit parameters: [4.80350171e+00 7.45667468e-07].
2022-08-25 14:15:13,112 - INFO - Maximum log composite likelihood: -369.160050377.
2022-08-25 14:15:13,113 - INFO - Optimal value of theta: 8495.23718074.
2022-08-25 14:15:13,113 - INFO - Beginning optimization with guess, [3.64048811e+00 1.69029923e-06].
2022-08-25 14:15:13,302 - INFO - Finished optimization with guess, [3.64048811e+00 1.69029923e-06].
2022-08-25 14:15:13,303 - INFO - Best fit parameters: [3.64048811e+00 1.69029923e-06].
2022-08-25 14:15:13,365 - INFO - Maximum log composite likelihood: -369.160050281.
2022-08-25 14:15:13,366 - INFO - Optimal value of theta: 8495.23718059.
2022-08-25 14:15:13,367 - INFO - Beginning optimization with guess, [7.1630746e+00 8.0067507e-07].
2022-08-25 14:15:13,555 - INFO - Finished optimization with guess, [7.1630746e+00 8.0067507e-07].
2022-08-25 14:15:13,555 - INFO - Best fit parameters: [7.1630746e+00 8.0067507e-07].
2022-08-25 14:15:13,618 - INFO - Maximum log composite likelihood: -369.16005038.
2022-08-25 14:15:13,619 - INFO - Optimal value of theta: 8495.23718075.
2022-08-25 14:15:13,619 - INFO - Beginning optimization with guess, [1.08854370e+01 9.34638375e-07].
2022-08-25 14:15:13,809 - INFO - Finished optimization with guess, [1.08854370e+01 9.34638375e-07].
2022-08-25 14:15:13,809 - INFO - Best fit parameters: [1.08854370e+01 9.34638375e-07].
2022-08-25 14:15:13,873 - INFO - Maximum log composite likelihood: -369.160050381.
2022-08-25 14:15:13,874 - INFO - Optimal value of theta: 8495.23718075.
2022-08-25 14:15:13,874 - INFO - Beginning optimization with guess, [5.97513099e+00 7.92145072e-07].
2022-08-25 14:15:14,063 - INFO - Finished optimization with guess, [5.97513099e+00 7.92145072e-07].
2022-08-25 14:15:14,063 - INFO - Best fit parameters: [5.97513099e+00 7.92145072e-07].
2022-08-25 14:15:14,126 - INFO - Maximum log composite likelihood: -369.160050378.
2022-08-25 14:15:14,127 - INFO - Optimal value of theta: 8495.23718074.
2022-08-25 14:15:14,127 - INFO - Beginning optimization with guess, [5.08019774e+00 1.37048688e-06].
2022-08-25 14:15:14,316 - INFO - Finished optimization with guess, [5.08019774e+00 1.37048688e-06].
2022-08-25 14:15:14,316 - INFO - Best fit parameters: [5.08019774e+00 1.37048688e-06].
2022-08-25 14:15:14,379 - INFO - Maximum log composite likelihood: -369.160050336.
2022-08-25 14:15:14,380 - INFO - Optimal value of theta: 8495.23718068.
2022-08-25 14:15:14,384 - INFO - Beginning demographic inference for bottleneck + growth demographic model.
2022-08-25 14:15:14,385 - INFO - Beginning optimization with guess, [1.01349316e-06 1.80063664e-06 6.64420906e-07].
2022-08-25 14:15:16,432 - INFO - Finished optimization with guess, [1.01349316e-06 1.80063664e-06 6.64420906e-07].
2022-08-25 14:15:16,433 - INFO - Best fit parameters: [8.37423170e-07 2.62715335e-06 2.61754230e-09].
2022-08-25 14:15:16,495 - INFO - Maximum log composite likelihood: -369.356421832.
2022-08-25 14:15:16,496 - INFO - Optimal value of theta: 8495.546906.
2022-08-25 14:15:16,496 - INFO - Beginning optimization with guess, [1.22147179e-05 1.43211029e-05 6.37120450e-07].
2022-08-25 14:15:18,298 - INFO - Finished optimization with guess, [1.22147179e-05 1.43211029e-05 6.37120450e-07].
2022-08-25 14:15:18,298 - INFO - Best fit parameters: [1.05504393e-05 2.37282523e-05 4.08237145e-08].
2022-08-25 14:15:18,361 - INFO - Maximum log composite likelihood: -369.727700715.
2022-08-25 14:15:18,362 - INFO - Optimal value of theta: 8496.13771581.
2022-08-25 14:15:18,362 - INFO - Beginning optimization with guess, [1.82130385e-04 6.60919035e-05 1.13415427e-06].
2022-08-25 14:15:20,121 - INFO - Finished optimization with guess, [1.82130385e-04 6.60919035e-05 1.13415427e-06].
2022-08-25 14:15:20,122 - INFO - Best fit parameters: [9.83231425e-05 2.96789829e-04 1.71135741e-07].
2022-08-25 14:15:20,186 - INFO - Maximum log composite likelihood: -369.227032435.
2022-08-25 14:15:20,186 - INFO - Optimal value of theta: 8495.34245407.
2022-08-25 14:15:20,187 - INFO - Beginning optimization with guess, [1.68895495e-03 5.96365709e-04 7.25135864e-07].
2022-08-25 14:15:21,942 - INFO - Finished optimization with guess, [1.68895495e-03 5.96365709e-04 7.25135864e-07].
2022-08-25 14:15:21,942 - INFO - Best fit parameters: [1.68895495e-03 2.33105473e-03 1.85201059e-07].
2022-08-25 14:15:22,005 - INFO - Maximum log composite likelihood: -369.16134789.
2022-08-25 14:15:22,005 - INFO - Optimal value of theta: 8495.23921108.
2022-08-25 14:15:22,006 - INFO - Beginning optimization with guess, [1.73453941e-02 1.05124247e-02 1.04476412e-06].
2022-08-25 14:15:23,757 - INFO - Finished optimization with guess, [1.73453941e-02 1.05124247e-02 1.04476412e-06].
2022-08-25 14:15:23,757 - INFO - Best fit parameters: [1.73456167e-02 2.66356750e-02 4.16039906e-07].
2022-08-25 14:15:23,821 - INFO - Maximum log composite likelihood: -369.160099244.
2022-08-25 14:15:23,822 - INFO - Optimal value of theta: 8495.23725716.
2022-08-25 14:15:23,822 - INFO - Beginning optimization with guess, [4.88614656e-01 5.16216249e-01 1.31539738e-06].
2022-08-25 14:15:24,076 - INFO - Finished optimization with guess, [4.88614656e-01 5.16216249e-01 1.31539738e-06].
2022-08-25 14:15:24,076 - INFO - Best fit parameters: [4.88614656e-01 5.16216249e-01 1.31539738e-06].
2022-08-25 14:15:24,138 - INFO - Maximum log composite likelihood: -369.160051028.
2022-08-25 14:15:24,139 - INFO - Optimal value of theta: 8495.23718176.
2022-08-25 14:15:24,139 - INFO - Beginning optimization with guess, [9.11225973e-01 1.10603936e+00 5.98623265e-07].
2022-08-25 14:15:24,392 - INFO - Finished optimization with guess, [9.11225973e-01 1.10603936e+00 5.98623265e-07].
2022-08-25 14:15:24,393 - INFO - Best fit parameters: [9.11225973e-01 1.10603936e+00 5.98623265e-07].
2022-08-25 14:15:24,455 - INFO - Maximum log composite likelihood: -369.16005039.
2022-08-25 14:15:24,456 - INFO - Optimal value of theta: 8495.23718076.
2022-08-25 14:15:24,456 - INFO - Beginning optimization with guess, [4.44986693e-01 5.05172585e-01 7.32515528e-07].
2022-08-25 14:15:24,707 - INFO - Finished optimization with guess, [4.44986693e-01 5.05172585e-01 7.32515528e-07].
2022-08-25 14:15:24,707 - INFO - Best fit parameters: [4.44986693e-01 5.05172585e-01 7.32515528e-07].
2022-08-25 14:15:24,769 - INFO - Maximum log composite likelihood: -369.160050605.
2022-08-25 14:15:24,770 - INFO - Optimal value of theta: 8495.2371811.
2022-08-25 14:15:24,771 - INFO - Beginning optimization with guess, [7.89844482e-01 9.64861621e-01 1.44697097e-06].
2022-08-25 14:15:25,023 - INFO - Finished optimization with guess, [7.89844482e-01 9.64861621e-01 1.44697097e-06].
2022-08-25 14:15:25,023 - INFO - Best fit parameters: [7.89844482e-01 9.64861621e-01 1.44697097e-06].
2022-08-25 14:15:25,086 - INFO - Maximum log composite likelihood: -369.160050412.
2022-08-25 14:15:25,086 - INFO - Optimal value of theta: 8495.2371808.
2022-08-25 14:15:25,087 - INFO - Beginning optimization with guess, [1.94616146e+00 1.57547514e+00 1.28816419e-06].
2022-08-25 14:15:25,340 - INFO - Finished optimization with guess, [1.94616146e+00 1.57547514e+00 1.28816419e-06].
2022-08-25 14:15:25,340 - INFO - Best fit parameters: [1.94616146e+00 1.57547514e+00 1.28816419e-06].
2022-08-25 14:15:25,402 - INFO - Maximum log composite likelihood: -369.160050319.
2022-08-25 14:15:25,403 - INFO - Optimal value of theta: 8495.23718065.
2022-08-25 14:15:25,403 - INFO - Beginning optimization with guess, [7.29528053e-01 1.49165643e+00 6.21763679e-07].
2022-08-25 14:15:25,653 - INFO - Finished optimization with guess, [7.29528053e-01 1.49165643e+00 6.21763679e-07].
2022-08-25 14:15:25,654 - INFO - Best fit parameters: [7.29528053e-01 1.49165643e+00 6.21763679e-07].
2022-08-25 14:15:25,716 - INFO - Maximum log composite likelihood: -369.160050379.
2022-08-25 14:15:25,717 - INFO - Optimal value of theta: 8495.23718075.
2022-08-25 14:15:25,717 - INFO - Beginning optimization with guess, [1.21096367e+00 1.77783085e+00 1.99938635e-06].
2022-08-25 14:15:25,966 - INFO - Finished optimization with guess, [1.21096367e+00 1.77783085e+00 1.99938635e-06].
2022-08-25 14:15:25,966 - INFO - Best fit parameters: [1.21096367e+00 1.77783085e+00 1.99938635e-06].
2022-08-25 14:15:26,028 - INFO - Maximum log composite likelihood: -369.160050198.
2022-08-25 14:15:26,029 - INFO - Optimal value of theta: 8495.23718046.
2022-08-25 14:15:26,029 - INFO - Beginning optimization with guess, [2.36714059e+00 1.46360144e+00 5.93436083e-07].
2022-08-25 14:15:26,280 - INFO - Finished optimization with guess, [2.36714059e+00 1.46360144e+00 5.93436083e-07].
2022-08-25 14:15:26,281 - INFO - Best fit parameters: [2.36714059e+00 1.46360144e+00 5.93436083e-07].
2022-08-25 14:15:26,345 - INFO - Maximum log composite likelihood: -369.160050381.
2022-08-25 14:15:26,346 - INFO - Optimal value of theta: 8495.23718075.
2022-08-25 14:15:26,346 - INFO - Beginning optimization with guess, [1.69605485e+00 2.93759206e+00 1.32455435e-06].
2022-08-25 14:15:26,599 - INFO - Finished optimization with guess, [1.69605485e+00 2.93759206e+00 1.32455435e-06].
2022-08-25 14:15:26,599 - INFO - Best fit parameters: [1.69605485e+00 2.93759206e+00 1.32455435e-06].
2022-08-25 14:15:26,661 - INFO - Maximum log composite likelihood: -369.160050316.
2022-08-25 14:15:26,662 - INFO - Optimal value of theta: 8495.23718065.
2022-08-25 14:15:26,662 - INFO - Beginning optimization with guess, [2.03237615e+00 4.10020492e+00 7.58017968e-07].
2022-08-25 14:15:26,912 - INFO - Finished optimization with guess, [2.03237615e+00 4.10020492e+00 7.58017968e-07].
2022-08-25 14:15:26,912 - INFO - Best fit parameters: [2.03237615e+00 4.10020492e+00 7.58017968e-07].
2022-08-25 14:15:26,975 - INFO - Maximum log composite likelihood: -369.160050374.
2022-08-25 14:15:26,976 - INFO - Optimal value of theta: 8495.23718074.
2022-08-25 14:15:26,976 - INFO - Beginning optimization with guess, [3.24499095e+00 2.23950535e+00 1.77991486e-06].
2022-08-25 14:15:27,227 - INFO - Finished optimization with guess, [3.24499095e+00 2.23950535e+00 1.77991486e-06].
2022-08-25 14:15:27,228 - INFO - Best fit parameters: [3.24499095e+00 2.23950535e+00 1.77991486e-06].
2022-08-25 14:15:27,291 - INFO - Maximum log composite likelihood: -369.160050238.
2022-08-25 14:15:27,292 - INFO - Optimal value of theta: 8495.23718053.
2022-08-25 14:15:27,292 - INFO - Beginning optimization with guess, [3.17550467e+00 1.85444621e+00 6.73435140e-07].
2022-08-25 14:15:27,543 - INFO - Finished optimization with guess, [3.17550467e+00 1.85444621e+00 6.73435140e-07].
2022-08-25 14:15:27,544 - INFO - Best fit parameters: [3.17550467e+00 1.85444621e+00 6.73435140e-07].
2022-08-25 14:15:27,606 - INFO - Maximum log composite likelihood: -369.160050373.
2022-08-25 14:15:27,607 - INFO - Optimal value of theta: 8495.23718074.
2022-08-25 14:15:27,608 - INFO - Beginning optimization with guess, [3.63973191e+00 2.09119232e+00 1.97779024e-06].
2022-08-25 14:15:27,858 - INFO - Finished optimization with guess, [3.63973191e+00 2.09119232e+00 1.97779024e-06].
2022-08-25 14:15:27,859 - INFO - Best fit parameters: [3.63973191e+00 2.09119232e+00 1.97779024e-06].
2022-08-25 14:15:27,921 - INFO - Maximum log composite likelihood: -369.1600502.
2022-08-25 14:15:27,921 - INFO - Optimal value of theta: 8495.23718047.
2022-08-25 14:15:27,922 - INFO - Beginning optimization with guess, [2.61612525e+00 3.92232765e+00 6.02672712e-07].
2022-08-25 14:15:28,174 - INFO - Finished optimization with guess, [2.61612525e+00 3.92232765e+00 6.02672712e-07].
2022-08-25 14:15:28,174 - INFO - Best fit parameters: [2.61612525e+00 3.92232765e+00 6.02672712e-07].
2022-08-25 14:15:28,238 - INFO - Maximum log composite likelihood: -369.160050382.
2022-08-25 14:15:28,238 - INFO - Optimal value of theta: 8495.23718075.
2022-08-25 14:15:28,239 - INFO - Beginning optimization with guess, [6.22003758e+00 2.56683243e+00 7.11026774e-07].
2022-08-25 14:15:28,489 - INFO - Finished optimization with guess, [6.22003758e+00 2.56683243e+00 7.11026774e-07].
2022-08-25 14:15:28,489 - INFO - Best fit parameters: [6.22003758e+00 2.56683243e+00 7.11026774e-07].
2022-08-25 14:15:28,552 - INFO - Maximum log composite likelihood: -369.160050372.
2022-08-25 14:15:28,552 - INFO - Optimal value of theta: 8495.23718073.
2022-08-25 14:15:28,553 - INFO - Beginning optimization with guess, [2.95063102e+00 7.87237325e+00 5.64468637e-07].
2022-08-25 14:15:28,803 - INFO - Finished optimization with guess, [2.95063102e+00 7.87237325e+00 5.64468637e-07].
2022-08-25 14:15:28,803 - INFO - Best fit parameters: [2.95063102e+00 7.87237325e+00 5.64468637e-07].
2022-08-25 14:15:28,868 - INFO - Maximum log composite likelihood: -369.160050389.
2022-08-25 14:15:28,869 - INFO - Optimal value of theta: 8495.23718076.
2022-08-25 14:15:28,869 - INFO - Beginning optimization with guess, [4.70296092e+00 5.60952893e+00 1.44636736e-06].
2022-08-25 14:15:29,122 - INFO - Finished optimization with guess, [4.70296092e+00 5.60952893e+00 1.44636736e-06].
2022-08-25 14:15:29,123 - INFO - Best fit parameters: [4.70296092e+00 5.60952893e+00 1.44636736e-06].
2022-08-25 14:15:29,185 - INFO - Maximum log composite likelihood: -369.160050334.
2022-08-25 14:15:29,186 - INFO - Optimal value of theta: 8495.23718067.
2022-08-25 14:15:29,186 - INFO - Beginning optimization with guess, [5.84536229e+00 8.29998790e+00 6.77294295e-07].
2022-08-25 14:15:29,435 - INFO - Finished optimization with guess, [5.84536229e+00 8.29998790e+00 6.77294295e-07].
2022-08-25 14:15:29,435 - INFO - Best fit parameters: [5.84536229e+00 8.29998790e+00 6.77294295e-07].
2022-08-25 14:15:29,498 - INFO - Maximum log composite likelihood: -369.160050386.
2022-08-25 14:15:29,499 - INFO - Optimal value of theta: 8495.23718076.
2022-08-25 14:15:29,499 - INFO - Beginning optimization with guess, [6.38730476e+00 4.26212368e+00 1.22817473e-06].
2022-08-25 14:15:29,750 - INFO - Finished optimization with guess, [6.38730476e+00 4.26212368e+00 1.22817473e-06].
2022-08-25 14:15:29,750 - INFO - Best fit parameters: [6.38730476e+00 4.26212368e+00 1.22817473e-06].
2022-08-25 14:15:29,812 - INFO - Maximum log composite likelihood: -369.160050341.
2022-08-25 14:15:29,813 - INFO - Optimal value of theta: 8495.23718069.
2022-08-25 14:15:29,813 - INFO - Beginning optimization with guess, [9.00397600e+00 9.03191579e+00 7.42597964e-07].
2022-08-25 14:15:30,066 - INFO - Finished optimization with guess, [9.00397600e+00 9.03191579e+00 7.42597964e-07].
2022-08-25 14:15:30,066 - INFO - Best fit parameters: [9.00397600e+00 9.03191579e+00 7.42597964e-07].
2022-08-25 14:15:30,128 - INFO - Maximum log composite likelihood: -369.160050385.
2022-08-25 14:15:30,129 - INFO - Optimal value of theta: 8495.23718076.
2022-08-25 14:15:30,133 - INFO - Beginning demographic inference for three-epoch demographic model.
2022-08-25 14:15:30,135 - INFO - Beginning optimization with guess, [1.15591617e-06 1.20713460e-06 9.42165906e-07 1.54747175e-06].
2022-08-25 14:15:31,977 - INFO - Finished optimization with guess, [1.15591617e-06 1.20713460e-06 9.42165906e-07 1.54747175e-06].
2022-08-25 14:15:31,978 - INFO - Best fit parameters: [8.00000000e+001 8.00000000e+001 0.00000000e+000 4.96463789e-244].
2022-08-25 14:15:32,042 - INFO - Maximum log composite likelihood: -369.160050396.
2022-08-25 14:15:32,042 - INFO - Optimal value of theta: 8495.23718077.
2022-08-25 14:15:32,043 - INFO - Beginning optimization with guess, [5.39644173e-06 1.99640476e-05 1.00411505e-06 6.04923055e-07].
2022-08-25 14:15:34,043 - INFO - Finished optimization with guess, [5.39644173e-06 1.99640476e-05 1.00411505e-06 6.04923055e-07].
2022-08-25 14:15:34,044 - INFO - Best fit parameters: [5.11771035e-06 3.65860893e-05 4.42929540e-08 2.04201898e-07].
2022-08-25 14:15:34,108 - INFO - Maximum log composite likelihood: -389.17396392.
2022-08-25 14:15:34,108 - INFO - Optimal value of theta: 8527.71632263.
2022-08-25 14:15:34,109 - INFO - Beginning optimization with guess, [1.11331311e-04 1.15698359e-04 1.18453597e-06 1.40779067e-06].
2022-08-25 14:15:36,036 - INFO - Finished optimization with guess, [1.11331311e-04 1.15698359e-04 1.18453597e-06 1.40779067e-06].
2022-08-25 14:15:36,036 - INFO - Best fit parameters: [2.82430896e-04 2.51196438e-04 1.23280540e-07 1.42894368e-07].
2022-08-25 14:15:36,100 - INFO - Maximum log composite likelihood: -369.312966074.
2022-08-25 14:15:36,101 - INFO - Optimal value of theta: 8495.47770349.
2022-08-25 14:15:36,102 - INFO - Beginning optimization with guess, [1.22950863e-03 1.20087110e-03 9.62666092e-07 8.27830863e-07].
2022-08-25 14:15:38,018 - INFO - Finished optimization with guess, [1.22950863e-03 1.20087110e-03 9.62666092e-07 8.27830863e-07].
2022-08-25 14:15:38,019 - INFO - Best fit parameters: [3.37046770e-03 3.13429845e-03 3.51162883e-07 3.16906125e-07].
2022-08-25 14:15:38,084 - INFO - Maximum log composite likelihood: -369.166526728.
2022-08-25 14:15:38,085 - INFO - Optimal value of theta: 8495.24732011.
2022-08-25 14:15:38,085 - INFO - Beginning optimization with guess, [9.71853185e-03 1.48523234e-02 7.08014745e-07 7.33015560e-07].
2022-08-25 14:15:40,003 - INFO - Finished optimization with guess, [9.71853185e-03 1.48523234e-02 7.08014745e-07 7.33015560e-07].
2022-08-25 14:15:40,004 - INFO - Best fit parameters: [2.11035229e-02 3.00903370e-02 3.28806426e-07 3.62965176e-07].
2022-08-25 14:15:40,071 - INFO - Maximum log composite likelihood: -369.160166342.
2022-08-25 14:15:40,071 - INFO - Optimal value of theta: 8495.2373621.
2022-08-25 14:15:40,072 - INFO - Beginning optimization with guess, [6.58315029e-01 1.14136967e+00 5.75285183e-07 8.92710781e-07].
2022-08-25 14:15:40,395 - INFO - Finished optimization with guess, [6.58315029e-01 1.14136967e+00 5.75285183e-07 8.92710781e-07].
2022-08-25 14:15:40,395 - INFO - Best fit parameters: [6.58315029e-01 1.14136967e+00 5.75285183e-07 8.92710781e-07].
2022-08-25 14:15:40,459 - INFO - Maximum log composite likelihood: -369.160050478.
2022-08-25 14:15:40,459 - INFO - Optimal value of theta: 8495.2371809.
2022-08-25 14:15:40,460 - INFO - Beginning optimization with guess, [7.72542399e-01 1.14973129e+00 1.63371141e-06 6.74823281e-07].
2022-08-25 14:15:40,780 - INFO - Finished optimization with guess, [7.72542399e-01 1.14973129e+00 1.63371141e-06 6.74823281e-07].
2022-08-25 14:15:40,780 - INFO - Best fit parameters: [7.72542399e-01 1.14973129e+00 1.63371141e-06 6.74823281e-07].
2022-08-25 14:15:40,843 - INFO - Maximum log composite likelihood: -369.160050647.
2022-08-25 14:15:40,844 - INFO - Optimal value of theta: 8495.23718116.
2022-08-25 14:15:40,844 - INFO - Beginning optimization with guess, [1.57358089e+00 5.17368748e-01 6.05600917e-07 1.37407958e-06].
2022-08-25 14:15:41,167 - INFO - Finished optimization with guess, [1.57358089e+00 5.17368748e-01 6.05600917e-07 1.37407958e-06].
2022-08-25 14:15:41,167 - INFO - Best fit parameters: [1.57358089e+00 5.17368748e-01 6.05600917e-07 1.37407958e-06].
2022-08-25 14:15:41,232 - INFO - Maximum log composite likelihood: -369.160050946.
2022-08-25 14:15:41,232 - INFO - Optimal value of theta: 8495.23718163.
2022-08-25 14:15:41,233 - INFO - Beginning optimization with guess, [1.09356964e+00 1.07030069e+00 1.49900156e-06 5.46092531e-07].
2022-08-25 14:15:41,553 - INFO - Finished optimization with guess, [1.09356964e+00 1.07030069e+00 1.49900156e-06 5.46092531e-07].
2022-08-25 14:15:41,553 - INFO - Best fit parameters: [1.09356964e+00 1.07030069e+00 1.49900156e-06 5.46092531e-07].
2022-08-25 14:15:41,617 - INFO - Maximum log composite likelihood: -369.160050344.
2022-08-25 14:15:41,618 - INFO - Optimal value of theta: 8495.23718069.
2022-08-25 14:15:41,618 - INFO - Beginning optimization with guess, [7.26024484e-01 5.74833585e-01 1.99696423e-06 1.43080824e-06].
2022-08-25 14:15:41,941 - INFO - Finished optimization with guess, [7.26024484e-01 5.74833585e-01 1.99696423e-06 1.43080824e-06].
2022-08-25 14:15:41,941 - INFO - Best fit parameters: [7.26024484e-01 5.74833585e-01 1.99696423e-06 1.43080824e-06].
2022-08-25 14:15:42,006 - INFO - Maximum log composite likelihood: -369.160051725.
2022-08-25 14:15:42,007 - INFO - Optimal value of theta: 8495.23718285.
2022-08-25 14:15:42,007 - INFO - Beginning optimization with guess, [1.01116179e+00 1.88892464e+00 8.98318946e-07 7.80721965e-07].
2022-08-25 14:15:42,327 - INFO - Finished optimization with guess, [1.01116179e+00 1.88892464e+00 8.98318946e-07 7.80721965e-07].
2022-08-25 14:15:42,327 - INFO - Best fit parameters: [1.01116179e+00 1.88892464e+00 8.98318946e-07 7.80721965e-07].
2022-08-25 14:15:42,391 - INFO - Maximum log composite likelihood: -369.160050363.
2022-08-25 14:15:42,391 - INFO - Optimal value of theta: 8495.23718072.
2022-08-25 14:15:42,392 - INFO - Beginning optimization with guess, [2.76128426e+00 8.37330340e-01 9.10038149e-07 1.93989923e-06].
2022-08-25 14:15:42,711 - INFO - Finished optimization with guess, [2.76128426e+00 8.37330340e-01 9.10038149e-07 1.93989923e-06].
2022-08-25 14:15:42,711 - INFO - Best fit parameters: [2.76128426e+00 8.37330340e-01 9.10038149e-07 1.93989923e-06].
2022-08-25 14:15:42,776 - INFO - Maximum log composite likelihood: -369.160050263.
2022-08-25 14:15:42,776 - INFO - Optimal value of theta: 8495.23718056.
2022-08-25 14:15:42,777 - INFO - Beginning optimization with guess, [1.34395440e+00 1.49508697e+00 7.08142490e-07 1.15854609e-06].
2022-08-25 14:15:43,098 - INFO - Finished optimization with guess, [1.34395440e+00 1.49508697e+00 7.08142490e-07 1.15854609e-06].
2022-08-25 14:15:43,099 - INFO - Best fit parameters: [1.34395440e+00 1.49508697e+00 7.08142490e-07 1.15854609e-06].
2022-08-25 14:15:43,164 - INFO - Maximum log composite likelihood: -369.160050289.
2022-08-25 14:15:43,165 - INFO - Optimal value of theta: 8495.2371806.
2022-08-25 14:15:43,165 - INFO - Beginning optimization with guess, [3.06117970e+00 1.57704761e+00 1.86691349e-06 1.93370146e-06].
2022-08-25 14:15:43,485 - INFO - Finished optimization with guess, [3.06117970e+00 1.57704761e+00 1.86691349e-06 1.93370146e-06].
2022-08-25 14:15:43,485 - INFO - Best fit parameters: [3.06117970e+00 1.57704761e+00 1.86691349e-06 1.93370146e-06].
2022-08-25 14:15:43,549 - INFO - Maximum log composite likelihood: -369.160049759.
2022-08-25 14:15:43,550 - INFO - Optimal value of theta: 8495.23717978.
2022-08-25 14:15:43,550 - INFO - Beginning optimization with guess, [1.40986280e+00 2.20368969e+00 1.17056333e-06 1.43249550e-06].
2022-08-25 14:15:43,871 - INFO - Finished optimization with guess, [1.40986280e+00 2.20368969e+00 1.17056333e-06 1.43249550e-06].
2022-08-25 14:15:43,871 - INFO - Best fit parameters: [1.40986280e+00 2.20368969e+00 1.17056333e-06 1.43249550e-06].
2022-08-25 14:15:43,935 - INFO - Maximum log composite likelihood: -369.160050192.
2022-08-25 14:15:43,936 - INFO - Optimal value of theta: 8495.23718045.
2022-08-25 14:15:43,936 - INFO - Beginning optimization with guess, [3.49412030e+00 1.86723174e+00 6.41038890e-07 5.02967468e-07].
2022-08-25 14:15:44,256 - INFO - Finished optimization with guess, [3.49412030e+00 1.86723174e+00 6.41038890e-07 5.02967468e-07].
2022-08-25 14:15:44,256 - INFO - Best fit parameters: [3.49412030e+00 1.86723174e+00 6.41038890e-07 5.02967468e-07].
2022-08-25 14:15:44,322 - INFO - Maximum log composite likelihood: -369.160050341.
2022-08-25 14:15:44,323 - INFO - Optimal value of theta: 8495.23718069.
2022-08-25 14:15:44,323 - INFO - Beginning optimization with guess, [5.24743553e+00 4.13956078e+00 1.37132009e-06 6.89647191e-07].
2022-08-25 14:15:44,644 - INFO - Finished optimization with guess, [5.24743553e+00 4.13956078e+00 1.37132009e-06 6.89647191e-07].
2022-08-25 14:15:44,644 - INFO - Best fit parameters: [5.24743553e+00 4.13956078e+00 1.37132009e-06 6.89647191e-07].
2022-08-25 14:15:44,708 - INFO - Maximum log composite likelihood: -369.160050282.
2022-08-25 14:15:44,709 - INFO - Optimal value of theta: 8495.23718059.
2022-08-25 14:15:44,709 - INFO - Beginning optimization with guess, [2.30492421e+00 3.65970888e+00 1.02877796e-06 7.66556006e-07].
2022-08-25 14:15:45,030 - INFO - Finished optimization with guess, [2.30492421e+00 3.65970888e+00 1.02877796e-06 7.66556006e-07].
2022-08-25 14:15:45,030 - INFO - Best fit parameters: [2.30492421e+00 3.65970888e+00 1.02877796e-06 7.66556006e-07].
2022-08-25 14:15:45,094 - INFO - Maximum log composite likelihood: -369.160050295.
2022-08-25 14:15:45,095 - INFO - Optimal value of theta: 8495.23718061.
2022-08-25 14:15:45,095 - INFO - Beginning optimization with guess, [2.36355315e+00 5.00553608e+00 1.25114757e-06 7.29289163e-07].
2022-08-25 14:15:45,416 - INFO - Finished optimization with guess, [2.36355315e+00 5.00553608e+00 1.25114757e-06 7.29289163e-07].
2022-08-25 14:15:45,416 - INFO - Best fit parameters: [2.36355315e+00 5.00553608e+00 1.25114757e-06 7.29289163e-07].
2022-08-25 14:15:45,481 - INFO - Maximum log composite likelihood: -369.16005028.
2022-08-25 14:15:45,482 - INFO - Optimal value of theta: 8495.23718059.
2022-08-25 14:15:45,482 - INFO - Beginning optimization with guess, [4.80510206e+00 4.72148295e+00 1.87229879e-06 9.80198000e-07].
2022-08-25 14:15:45,804 - INFO - Finished optimization with guess, [4.80510206e+00 4.72148295e+00 1.87229879e-06 9.80198000e-07].
2022-08-25 14:15:45,804 - INFO - Best fit parameters: [4.80510206e+00 4.72148295e+00 1.87229879e-06 9.80198000e-07].
2022-08-25 14:15:45,868 - INFO - Maximum log composite likelihood: -369.160050184.
2022-08-25 14:15:45,869 - INFO - Optimal value of theta: 8495.23718044.
2022-08-25 14:15:45,870 - INFO - Beginning optimization with guess, [2.66889183e+00 5.40532925e+00 1.18697981e-06 9.93114102e-07].
2022-08-25 14:15:46,192 - INFO - Finished optimization with guess, [2.66889183e+00 5.40532925e+00 1.18697981e-06 9.93114102e-07].
2022-08-25 14:15:46,192 - INFO - Best fit parameters: [2.66889183e+00 5.40532925e+00 1.18697981e-06 9.93114102e-07].
2022-08-25 14:15:46,256 - INFO - Maximum log composite likelihood: -369.160050271.
2022-08-25 14:15:46,257 - INFO - Optimal value of theta: 8495.23718058.
2022-08-25 14:15:46,257 - INFO - Beginning optimization with guess, [6.14972176e+00 6.55927205e+00 1.49674665e-06 5.70043366e-07].
2022-08-25 14:15:46,578 - INFO - Finished optimization with guess, [6.14972176e+00 6.55927205e+00 1.49674665e-06 5.70043366e-07].
2022-08-25 14:15:46,578 - INFO - Best fit parameters: [6.14972176e+00 6.55927205e+00 1.49674665e-06 5.70043366e-07].
2022-08-25 14:15:46,642 - INFO - Maximum log composite likelihood: -369.160050303.
2022-08-25 14:15:46,642 - INFO - Optimal value of theta: 8495.23718063.
2022-08-25 14:15:46,643 - INFO - Beginning optimization with guess, [9.55963840e+00 4.79915295e+00 7.40591854e-07 5.57600218e-07].
2022-08-25 14:15:46,962 - INFO - Finished optimization with guess, [9.55963840e+00 4.79915295e+00 7.40591854e-07 5.57600218e-07].
2022-08-25 14:15:46,963 - INFO - Best fit parameters: [9.55963840e+00 4.79915295e+00 7.40591854e-07 5.57600218e-07].
2022-08-25 14:15:47,026 - INFO - Maximum log composite likelihood: -369.160050359.
2022-08-25 14:15:47,027 - INFO - Optimal value of theta: 8495.23718072.
2022-08-25 14:15:47,027 - INFO - Beginning optimization with guess, [3.82096136e+00 1.28073435e+01 1.38634519e-06 1.85939820e-06].
2022-08-25 14:15:47,349 - INFO - Finished optimization with guess, [3.82096136e+00 1.28073435e+01 1.38634519e-06 1.85939820e-06].
2022-08-25 14:15:47,349 - INFO - Best fit parameters: [3.82096136e+00 1.28073435e+01 1.38634519e-06 1.85939820e-06].
2022-08-25 14:15:47,414 - INFO - Maximum log composite likelihood: -369.16005024.
2022-08-25 14:15:47,415 - INFO - Optimal value of theta: 8495.23718053.
2022-08-25 14:15:47,415 - INFO - Beginning optimization with guess, [1.11793713e+01 1.31393828e+01 5.53082556e-07 8.16637322e-07].
2022-08-25 14:15:47,734 - INFO - Finished optimization with guess, [1.11793713e+01 1.31393828e+01 5.53082556e-07 8.16637322e-07].
2022-08-25 14:15:47,734 - INFO - Best fit parameters: [1.11793713e+01 1.31393828e+01 5.53082556e-07 8.16637322e-07].
2022-08-25 14:15:47,798 - INFO - Maximum log composite likelihood: -369.160050375.
2022-08-25 14:15:47,798 - INFO - Optimal value of theta: 8495.23718074.
2022-08-25 14:15:47,801 - INFO - Beginning demographic inference for one-epoch demographic model.
2022-08-25 14:15:47,804 - INFO - Beginning optimization with guess, [0.18955095].
2022-08-25 14:15:47,930 - INFO - Finished optimization with guess, [0.18955095].
2022-08-25 14:15:47,931 - INFO - Best fit parameters: [0.18955095].
2022-08-25 14:15:47,993 - INFO - Maximum log composite likelihood: -369.160050396.
2022-08-25 14:15:47,994 - INFO - Optimal value of theta: 8495.23718077.
2022-08-25 14:15:47,994 - INFO - Beginning optimization with guess, [0.33441893].
2022-08-25 14:15:48,118 - INFO - Finished optimization with guess, [0.33441893].
2022-08-25 14:15:48,118 - INFO - Best fit parameters: [0.33441893].
2022-08-25 14:15:48,180 - INFO - Maximum log composite likelihood: -369.160050396.
2022-08-25 14:15:48,181 - INFO - Optimal value of theta: 8495.23718077.
2022-08-25 14:15:48,182 - INFO - Beginning optimization with guess, [0.55534348].
2022-08-25 14:15:48,306 - INFO - Finished optimization with guess, [0.55534348].
2022-08-25 14:15:48,306 - INFO - Best fit parameters: [0.55534348].
2022-08-25 14:15:48,368 - INFO - Maximum log composite likelihood: -369.160050396.
2022-08-25 14:15:48,369 - INFO - Optimal value of theta: 8495.23718077.
2022-08-25 14:15:48,369 - INFO - Beginning optimization with guess, [0.51517908].
2022-08-25 14:15:48,494 - INFO - Finished optimization with guess, [0.51517908].
2022-08-25 14:15:48,494 - INFO - Best fit parameters: [0.51517908].
2022-08-25 14:15:48,556 - INFO - Maximum log composite likelihood: -369.160050396.
2022-08-25 14:15:48,557 - INFO - Optimal value of theta: 8495.23718077.
2022-08-25 14:15:48,557 - INFO - Beginning optimization with guess, [0.41660044].
2022-08-25 14:15:48,681 - INFO - Finished optimization with guess, [0.41660044].
2022-08-25 14:15:48,681 - INFO - Best fit parameters: [0.41660044].
2022-08-25 14:15:48,742 - INFO - Maximum log composite likelihood: -369.160050396.
2022-08-25 14:15:48,743 - INFO - Optimal value of theta: 8495.23718077.
2022-08-25 14:15:48,743 - INFO - Beginning optimization with guess, [1.18385255].
2022-08-25 14:15:48,867 - INFO - Finished optimization with guess, [1.18385255].
2022-08-25 14:15:48,868 - INFO - Best fit parameters: [1.18385255].
2022-08-25 14:15:48,929 - INFO - Maximum log composite likelihood: -369.160050396.
2022-08-25 14:15:48,930 - INFO - Optimal value of theta: 8495.23718077.
2022-08-25 14:15:48,930 - INFO - Beginning optimization with guess, [0.47432374].
2022-08-25 14:15:49,055 - INFO - Finished optimization with guess, [0.47432374].
2022-08-25 14:15:49,055 - INFO - Best fit parameters: [0.47432374].
2022-08-25 14:15:49,118 - INFO - Maximum log composite likelihood: -369.160050396.
2022-08-25 14:15:49,119 - INFO - Optimal value of theta: 8495.23718077.
2022-08-25 14:15:49,119 - INFO - Beginning optimization with guess, [0.571327].
2022-08-25 14:15:49,243 - INFO - Finished optimization with guess, [0.571327].
2022-08-25 14:15:49,244 - INFO - Best fit parameters: [0.571327].
2022-08-25 14:15:49,305 - INFO - Maximum log composite likelihood: -369.160050396.
2022-08-25 14:15:49,306 - INFO - Optimal value of theta: 8495.23718077.
2022-08-25 14:15:49,306 - INFO - Beginning optimization with guess, [1.20372798].
2022-08-25 14:15:49,430 - INFO - Finished optimization with guess, [1.20372798].
2022-08-25 14:15:49,430 - INFO - Best fit parameters: [1.20372798].
2022-08-25 14:15:49,492 - INFO - Maximum log composite likelihood: -369.160050396.
2022-08-25 14:15:49,493 - INFO - Optimal value of theta: 8495.23718077.
2022-08-25 14:15:49,493 - INFO - Beginning optimization with guess, [0.75016338].
2022-08-25 14:15:49,617 - INFO - Finished optimization with guess, [0.75016338].
2022-08-25 14:15:49,617 - INFO - Best fit parameters: [0.75016338].
2022-08-25 14:15:49,680 - INFO - Maximum log composite likelihood: -369.160050396.
2022-08-25 14:15:49,680 - INFO - Optimal value of theta: 8495.23718077.
2022-08-25 14:15:49,681 - INFO - Beginning optimization with guess, [0.90720385].
2022-08-25 14:15:49,806 - INFO - Finished optimization with guess, [0.90720385].
2022-08-25 14:15:49,806 - INFO - Best fit parameters: [0.90720385].
2022-08-25 14:15:49,874 - INFO - Maximum log composite likelihood: -369.160050396.
2022-08-25 14:15:49,875 - INFO - Optimal value of theta: 8495.23718077.
2022-08-25 14:15:49,875 - INFO - Beginning optimization with guess, [2.38364024].
2022-08-25 14:15:50,011 - INFO - Finished optimization with guess, [2.38364024].
2022-08-25 14:15:50,011 - INFO - Best fit parameters: [2.38364024].
2022-08-25 14:15:50,082 - INFO - Maximum log composite likelihood: -369.160050396.
2022-08-25 14:15:50,083 - INFO - Optimal value of theta: 8495.23718077.
2022-08-25 14:15:50,083 - INFO - Beginning optimization with guess, [1.94100947].
2022-08-25 14:15:50,207 - INFO - Finished optimization with guess, [1.94100947].
2022-08-25 14:15:50,207 - INFO - Best fit parameters: [1.94100947].
2022-08-25 14:15:50,269 - INFO - Maximum log composite likelihood: -369.160050396.
2022-08-25 14:15:50,270 - INFO - Optimal value of theta: 8495.23718077.
2022-08-25 14:15:50,270 - INFO - Beginning optimization with guess, [3.24804313].
2022-08-25 14:15:50,396 - INFO - Finished optimization with guess, [3.24804313].
2022-08-25 14:15:50,396 - INFO - Best fit parameters: [3.24804313].
2022-08-25 14:15:50,458 - INFO - Maximum log composite likelihood: -369.160050396.
2022-08-25 14:15:50,459 - INFO - Optimal value of theta: 8495.23718077.
2022-08-25 14:15:50,459 - INFO - Beginning optimization with guess, [4.1402184].
2022-08-25 14:15:50,582 - INFO - Finished optimization with guess, [4.1402184].
2022-08-25 14:15:50,583 - INFO - Best fit parameters: [4.1402184].
2022-08-25 14:15:50,644 - INFO - Maximum log composite likelihood: -369.160050396.
2022-08-25 14:15:50,645 - INFO - Optimal value of theta: 8495.23718077.
2022-08-25 14:15:50,645 - INFO - Beginning optimization with guess, [1.46390544].
2022-08-25 14:15:50,769 - INFO - Finished optimization with guess, [1.46390544].
2022-08-25 14:15:50,769 - INFO - Best fit parameters: [1.46390544].
2022-08-25 14:15:50,831 - INFO - Maximum log composite likelihood: -369.160050396.
2022-08-25 14:15:50,832 - INFO - Optimal value of theta: 8495.23718077.
2022-08-25 14:15:50,832 - INFO - Beginning optimization with guess, [1.58779964].
2022-08-25 14:15:50,956 - INFO - Finished optimization with guess, [1.58779964].
2022-08-25 14:15:50,957 - INFO - Best fit parameters: [1.58779964].
2022-08-25 14:15:51,019 - INFO - Maximum log composite likelihood: -369.160050396.
2022-08-25 14:15:51,019 - INFO - Optimal value of theta: 8495.23718077.
2022-08-25 14:15:51,020 - INFO - Beginning optimization with guess, [1.84749157].
2022-08-25 14:15:51,144 - INFO - Finished optimization with guess, [1.84749157].
2022-08-25 14:15:51,144 - INFO - Best fit parameters: [1.84749157].
2022-08-25 14:15:51,207 - INFO - Maximum log composite likelihood: -369.160050396.
2022-08-25 14:15:51,207 - INFO - Optimal value of theta: 8495.23718077.
2022-08-25 14:15:51,208 - INFO - Beginning optimization with guess, [6.50987457].
2022-08-25 14:15:51,333 - INFO - Finished optimization with guess, [6.50987457].
2022-08-25 14:15:51,333 - INFO - Best fit parameters: [6.50987457].
2022-08-25 14:15:51,395 - INFO - Maximum log composite likelihood: -369.160050396.
2022-08-25 14:15:51,396 - INFO - Optimal value of theta: 8495.23718077.
2022-08-25 14:15:51,396 - INFO - Beginning optimization with guess, [5.40934661].
2022-08-25 14:15:51,520 - INFO - Finished optimization with guess, [5.40934661].
2022-08-25 14:15:51,520 - INFO - Best fit parameters: [5.40934661].
2022-08-25 14:15:51,582 - INFO - Maximum log composite likelihood: -369.160050396.
2022-08-25 14:15:51,583 - INFO - Optimal value of theta: 8495.23718077.
2022-08-25 14:15:51,583 - INFO - Beginning optimization with guess, [2.9166974].
2022-08-25 14:15:51,707 - INFO - Finished optimization with guess, [2.9166974].
2022-08-25 14:15:51,707 - INFO - Best fit parameters: [2.9166974].
2022-08-25 14:15:51,769 - INFO - Maximum log composite likelihood: -369.160050396.
2022-08-25 14:15:51,769 - INFO - Optimal value of theta: 8495.23718077.
2022-08-25 14:15:51,770 - INFO - Beginning optimization with guess, [7.23262063].
2022-08-25 14:15:51,894 - INFO - Finished optimization with guess, [7.23262063].
2022-08-25 14:15:51,894 - INFO - Best fit parameters: [7.23262063].
2022-08-25 14:15:51,956 - INFO - Maximum log composite likelihood: -369.160050396.
2022-08-25 14:15:51,957 - INFO - Optimal value of theta: 8495.23718077.
2022-08-25 14:15:51,957 - INFO - Beginning optimization with guess, [5.37512287].
2022-08-25 14:15:52,081 - INFO - Finished optimization with guess, [5.37512287].
2022-08-25 14:15:52,082 - INFO - Best fit parameters: [5.37512287].
2022-08-25 14:15:52,143 - INFO - Maximum log composite likelihood: -369.160050396.
2022-08-25 14:15:52,144 - INFO - Optimal value of theta: 8495.23718077.
2022-08-25 14:15:52,144 - INFO - Beginning optimization with guess, [7.37341024].
2022-08-25 14:15:52,270 - INFO - Finished optimization with guess, [7.37341024].
2022-08-25 14:15:52,271 - INFO - Best fit parameters: [7.37341024].
2022-08-25 14:15:52,333 - INFO - Maximum log composite likelihood: -369.160050396.
2022-08-25 14:15:52,334 - INFO - Optimal value of theta: 8495.23718077.
2022-08-25 14:15:52,334 - INFO - Beginning optimization with guess, [10.54514615].
2022-08-25 14:15:52,457 - INFO - Finished optimization with guess, [10.54514615].
2022-08-25 14:15:52,457 - INFO - Best fit parameters: [10.54514615].
2022-08-25 14:15:52,520 - INFO - Maximum log composite likelihood: -369.160050396.
2022-08-25 14:15:52,521 - INFO - Optimal value of theta: 8495.23718077.
2022-08-25 14:15:52,524 - INFO - Finished demographic inference.
2022-08-25 14:15:52,525 - INFO - Pipeline executed succesfully.
