2024-05-30 17:17:47,516 - INFO - Beginning execution of fit_one_epoch.py in directory /u/project/ngarud/jonmah/demo_for_ccgb/Scripts

2024-05-30 17:17:47,517 - INFO - Progress is being logged to ../HighRecombinationAnalysis/Oscillibacter_sp_60799/core_0.5_log.log

2024-05-30 17:17:47,517 - INFO - Parsed the following arguments:
	mask_doubletons = False
	syn_input_sfs = ../HighRecombinationAnalysis/Oscillibacter_sp_60799/core_0.5_empirical_syn_14_downsampled_sfs.txt
	mask_singletons = False
	outprefix = ../HighRecombinationAnalysis/Oscillibacter_sp_60799/core_0.5

2024-05-30 17:17:47,519 - INFO - Beginning demographic inference for one-epoch demographic model.
2024-05-30 17:17:47,521 - INFO - Beginning optimization with guess, [0.05603803].
2024-05-30 17:17:48,952 - INFO - Finished optimization with guess, [0.05603803].
2024-05-30 17:17:48,953 - INFO - Best fit parameters: [0.05603803].
2024-05-30 17:17:48,994 - INFO - Maximum log composite likelihood: -153.461973699.
2024-05-30 17:17:48,995 - INFO - Optimal value of theta: 3547.08237563.
2024-05-30 17:17:48,995 - INFO - Beginning optimization with guess, [0.10237855].
2024-05-30 17:17:50,402 - INFO - Finished optimization with guess, [0.10237855].
2024-05-30 17:17:50,402 - INFO - Best fit parameters: [0.10237855].
2024-05-30 17:17:50,442 - INFO - Maximum log composite likelihood: -153.461973699.
2024-05-30 17:17:50,443 - INFO - Optimal value of theta: 3547.08237563.
2024-05-30 17:17:50,443 - INFO - Beginning optimization with guess, [0.27031246].
2024-05-30 17:17:51,745 - INFO - Finished optimization with guess, [0.27031246].
2024-05-30 17:17:51,745 - INFO - Best fit parameters: [0.27031246].
2024-05-30 17:17:51,786 - INFO - Maximum log composite likelihood: -153.461973699.
2024-05-30 17:17:51,786 - INFO - Optimal value of theta: 3547.08237563.
2024-05-30 17:17:51,786 - INFO - Beginning optimization with guess, [0.21576185].
2024-05-30 17:17:53,088 - INFO - Finished optimization with guess, [0.21576185].
2024-05-30 17:17:53,089 - INFO - Best fit parameters: [0.21576185].
2024-05-30 17:17:53,129 - INFO - Maximum log composite likelihood: -153.461973699.
2024-05-30 17:17:53,129 - INFO - Optimal value of theta: 3547.08237563.
2024-05-30 17:17:53,129 - INFO - Beginning optimization with guess, [0.91738747].
2024-05-30 17:17:53,934 - INFO - Finished optimization with guess, [0.91738747].
2024-05-30 17:17:53,934 - INFO - Best fit parameters: [0.91738747].
2024-05-30 17:17:53,974 - INFO - Maximum log composite likelihood: -153.461973699.
2024-05-30 17:17:53,974 - INFO - Optimal value of theta: 3547.08237563.
2024-05-30 17:17:53,975 - INFO - Beginning optimization with guess, [1.15731127].
2024-05-30 17:17:54,902 - INFO - Finished optimization with guess, [1.15731127].
2024-05-30 17:17:54,902 - INFO - Best fit parameters: [1.15731127].
2024-05-30 17:17:54,942 - INFO - Maximum log composite likelihood: -153.461973699.
2024-05-30 17:17:54,942 - INFO - Optimal value of theta: 3547.08237563.
2024-05-30 17:17:54,943 - INFO - Beginning optimization with guess, [0.88963704].
2024-05-30 17:17:55,755 - INFO - Finished optimization with guess, [0.88963704].
2024-05-30 17:17:55,756 - INFO - Best fit parameters: [0.88963704].
2024-05-30 17:17:55,798 - INFO - Maximum log composite likelihood: -153.461973699.
2024-05-30 17:17:55,798 - INFO - Optimal value of theta: 3547.08237563.
2024-05-30 17:17:55,798 - INFO - Beginning optimization with guess, [1.01961797].
2024-05-30 17:17:56,362 - INFO - Finished optimization with guess, [1.01961797].
2024-05-30 17:17:56,363 - INFO - Best fit parameters: [1.01961797].
2024-05-30 17:17:56,403 - INFO - Maximum log composite likelihood: -153.461973699.
2024-05-30 17:17:56,403 - INFO - Optimal value of theta: 3547.08237563.
2024-05-30 17:17:56,404 - INFO - Beginning optimization with guess, [1.53229424].
2024-05-30 17:17:57,451 - INFO - Finished optimization with guess, [1.53229424].
2024-05-30 17:17:57,451 - INFO - Best fit parameters: [1.53229424].
2024-05-30 17:17:57,491 - INFO - Maximum log composite likelihood: -153.461973699.
2024-05-30 17:17:57,491 - INFO - Optimal value of theta: 3547.08237563.
2024-05-30 17:17:57,492 - INFO - Beginning optimization with guess, [1.85030545].
2024-05-30 17:17:58,661 - INFO - Finished optimization with guess, [1.85030545].
2024-05-30 17:17:58,661 - INFO - Best fit parameters: [1.85030545].
2024-05-30 17:17:58,701 - INFO - Maximum log composite likelihood: -153.461973699.
2024-05-30 17:17:58,702 - INFO - Optimal value of theta: 3547.08237563.
2024-05-30 17:17:58,702 - INFO - Beginning optimization with guess, [1.19430944].
2024-05-30 17:17:59,645 - INFO - Finished optimization with guess, [1.19430944].
2024-05-30 17:17:59,645 - INFO - Best fit parameters: [1.19430944].
2024-05-30 17:17:59,686 - INFO - Maximum log composite likelihood: -153.461973699.
2024-05-30 17:17:59,686 - INFO - Optimal value of theta: 3547.08237563.
2024-05-30 17:17:59,686 - INFO - Beginning optimization with guess, [0.96248622].
2024-05-30 17:18:00,380 - INFO - Finished optimization with guess, [0.96248622].
2024-05-30 17:18:00,380 - INFO - Best fit parameters: [0.96248622].
2024-05-30 17:18:00,421 - INFO - Maximum log composite likelihood: -153.461973699.
2024-05-30 17:18:00,422 - INFO - Optimal value of theta: 3547.08237563.
2024-05-30 17:18:00,422 - INFO - Beginning optimization with guess, [1.06277993].
2024-05-30 17:18:01,120 - INFO - Finished optimization with guess, [1.06277993].
2024-05-30 17:18:01,121 - INFO - Best fit parameters: [1.06277993].
2024-05-30 17:18:01,163 - INFO - Maximum log composite likelihood: -153.461973699.
2024-05-30 17:18:01,163 - INFO - Optimal value of theta: 3547.08237563.
2024-05-30 17:18:01,164 - INFO - Beginning optimization with guess, [1.58897129].
2024-05-30 17:18:02,246 - INFO - Finished optimization with guess, [1.58897129].
2024-05-30 17:18:02,247 - INFO - Best fit parameters: [1.58897129].
2024-05-30 17:18:02,288 - INFO - Maximum log composite likelihood: -153.461973699.
2024-05-30 17:18:02,289 - INFO - Optimal value of theta: 3547.08237563.
2024-05-30 17:18:02,289 - INFO - Beginning optimization with guess, [1.46337978].
2024-05-30 17:18:03,353 - INFO - Finished optimization with guess, [1.46337978].
2024-05-30 17:18:03,353 - INFO - Best fit parameters: [1.46337978].
2024-05-30 17:18:03,394 - INFO - Maximum log composite likelihood: -153.461973699.
2024-05-30 17:18:03,395 - INFO - Optimal value of theta: 3547.08237563.
2024-05-30 17:18:03,395 - INFO - Beginning optimization with guess, [3.6204207].
2024-05-30 17:18:04,707 - INFO - Finished optimization with guess, [3.6204207].
2024-05-30 17:18:04,707 - INFO - Best fit parameters: [3.6204207].
2024-05-30 17:18:04,748 - INFO - Maximum log composite likelihood: -153.461973699.
2024-05-30 17:18:04,748 - INFO - Optimal value of theta: 3547.08237563.
2024-05-30 17:18:04,749 - INFO - Beginning optimization with guess, [3.36582887].
2024-05-30 17:18:06,056 - INFO - Finished optimization with guess, [3.36582887].
2024-05-30 17:18:06,056 - INFO - Best fit parameters: [3.36582887].
2024-05-30 17:18:06,097 - INFO - Maximum log composite likelihood: -153.461973699.
2024-05-30 17:18:06,098 - INFO - Optimal value of theta: 3547.08237563.
2024-05-30 17:18:06,098 - INFO - Beginning optimization with guess, [2.91557635].
2024-05-30 17:18:07,408 - INFO - Finished optimization with guess, [2.91557635].
2024-05-30 17:18:07,410 - INFO - Best fit parameters: [2.91557635].
2024-05-30 17:18:07,451 - INFO - Maximum log composite likelihood: -153.461973699.
2024-05-30 17:18:07,451 - INFO - Optimal value of theta: 3547.08237563.
2024-05-30 17:18:07,452 - INFO - Beginning optimization with guess, [3.39403205].
2024-05-30 17:18:08,761 - INFO - Finished optimization with guess, [3.39403205].
2024-05-30 17:18:08,762 - INFO - Best fit parameters: [3.39403205].
2024-05-30 17:18:08,802 - INFO - Maximum log composite likelihood: -153.461973699.
2024-05-30 17:18:08,803 - INFO - Optimal value of theta: 3547.08237563.
2024-05-30 17:18:08,803 - INFO - Beginning optimization with guess, [3.94595083].
2024-05-30 17:18:10,111 - INFO - Finished optimization with guess, [3.94595083].
2024-05-30 17:18:10,112 - INFO - Best fit parameters: [3.94595083].
2024-05-30 17:18:10,154 - INFO - Maximum log composite likelihood: -153.461973699.
2024-05-30 17:18:10,154 - INFO - Optimal value of theta: 3547.08237563.
2024-05-30 17:18:10,154 - INFO - Beginning optimization with guess, [3.01300984].
2024-05-30 17:18:11,466 - INFO - Finished optimization with guess, [3.01300984].
2024-05-30 17:18:11,467 - INFO - Best fit parameters: [3.01300984].
2024-05-30 17:18:11,507 - INFO - Maximum log composite likelihood: -153.461973699.
2024-05-30 17:18:11,508 - INFO - Optimal value of theta: 3547.08237563.
2024-05-30 17:18:11,508 - INFO - Beginning optimization with guess, [2.68333659].
2024-05-30 17:18:12,692 - INFO - Finished optimization with guess, [2.68333659].
2024-05-30 17:18:12,692 - INFO - Best fit parameters: [2.68333659].
2024-05-30 17:18:12,733 - INFO - Maximum log composite likelihood: -153.461973699.
2024-05-30 17:18:12,734 - INFO - Optimal value of theta: 3547.08237563.
2024-05-30 17:18:12,734 - INFO - Beginning optimization with guess, [4.55434791].
2024-05-30 17:18:14,043 - INFO - Finished optimization with guess, [4.55434791].
2024-05-30 17:18:14,044 - INFO - Best fit parameters: [4.55434791].
2024-05-30 17:18:14,084 - INFO - Maximum log composite likelihood: -153.461973699.
2024-05-30 17:18:14,085 - INFO - Optimal value of theta: 3547.08237563.
2024-05-30 17:18:14,085 - INFO - Beginning optimization with guess, [3.7070556].
2024-05-30 17:18:15,393 - INFO - Finished optimization with guess, [3.7070556].
2024-05-30 17:18:15,394 - INFO - Best fit parameters: [3.7070556].
2024-05-30 17:18:15,434 - INFO - Maximum log composite likelihood: -153.461973699.
2024-05-30 17:18:15,435 - INFO - Optimal value of theta: 3547.08237563.
2024-05-30 17:18:15,439 - INFO - Beginning demographic inference for two-epoch demographic model.
2024-05-30 17:18:15,461 - INFO - Beginning optimization with guess, [0.06678097 0.01527803].
2024-05-30 17:18:19,124 - INFO - Finished optimization with guess, [0.06678097 0.01527803].
2024-05-30 17:18:19,126 - INFO - Best fit parameters: [1.8578407 0.310748 ].
2024-05-30 17:18:19,174 - INFO - Maximum log composite likelihood: -32.5157163199.
2024-05-30 17:18:19,174 - INFO - Optimal value of theta: 2923.54359963.
2024-05-30 17:18:19,175 - INFO - Beginning optimization with guess, [0.37179045 0.0175183 ].
2024-05-30 17:18:23,610 - INFO - Finished optimization with guess, [0.37179045 0.0175183 ].
2024-05-30 17:18:23,611 - INFO - Best fit parameters: [2.27326109 0.1814664 ].
2024-05-30 17:18:23,656 - INFO - Maximum log composite likelihood: -35.9511258815.
2024-05-30 17:18:23,657 - INFO - Optimal value of theta: 3008.39034303.
2024-05-30 17:18:23,657 - INFO - Beginning optimization with guess, [0.36988631 0.01543605].
2024-05-30 17:18:28,442 - INFO - Finished optimization with guess, [0.36988631 0.01543605].
2024-05-30 17:18:28,442 - INFO - Best fit parameters: [2.2829699  0.17203081].
2024-05-30 17:18:28,488 - INFO - Maximum log composite likelihood: -36.0341838744.
2024-05-30 17:18:28,488 - INFO - Optimal value of theta: 3026.3937897.
2024-05-30 17:18:28,489 - INFO - Beginning optimization with guess, [0.26334152 0.00728003].
2024-05-30 17:18:35,795 - INFO - Finished optimization with guess, [0.26334152 0.00728003].
2024-05-30 17:18:35,797 - INFO - Best fit parameters: [1.96896256 0.76866283].
2024-05-30 17:18:35,852 - INFO - Maximum log composite likelihood: -35.5224449682.
2024-05-30 17:18:35,852 - INFO - Optimal value of theta: 2502.28703038.
2024-05-30 17:18:35,853 - INFO - Beginning optimization with guess, [0.31432087 0.00656951].
2024-05-30 17:18:43,097 - INFO - Finished optimization with guess, [0.31432087 0.00656951].
2024-05-30 17:18:43,098 - INFO - Best fit parameters: [1.92683416 0.29623761].
2024-05-30 17:18:43,144 - INFO - Maximum log composite likelihood: -32.7459086235.
2024-05-30 17:18:43,145 - INFO - Optimal value of theta: 2915.00046665.
2024-05-30 17:18:43,145 - INFO - Beginning optimization with guess, [0.76500629 0.00751193].
2024-05-30 17:18:50,523 - INFO - Finished optimization with guess, [0.76500629 0.00751193].
2024-05-30 17:18:50,524 - INFO - Best fit parameters: [1.33446509 0.55386268].
2024-05-30 17:18:50,579 - INFO - Maximum log composite likelihood: -69.5481423765.
2024-05-30 17:18:50,580 - INFO - Optimal value of theta: 3086.22237611.
2024-05-30 17:18:50,580 - INFO - Beginning optimization with guess, [0.4713935  0.00764566].
2024-05-30 17:18:57,529 - INFO - Finished optimization with guess, [0.4713935  0.00764566].
2024-05-30 17:18:57,530 - INFO - Best fit parameters: [1.94860717 0.29658946].
2024-05-30 17:18:57,577 - INFO - Maximum log composite likelihood: -32.9364488555.
2024-05-30 17:18:57,578 - INFO - Optimal value of theta: 2906.71487167.
2024-05-30 17:18:57,578 - INFO - Beginning optimization with guess, [1.13331495 0.00524153].
2024-05-30 17:19:00,208 - INFO - Finished optimization with guess, [1.13331495 0.00524153].
2024-05-30 17:19:00,209 - INFO - Best fit parameters: [1.879309   0.29308137].
2024-05-30 17:19:00,256 - INFO - Maximum log composite likelihood: -32.594374603.
2024-05-30 17:19:00,256 - INFO - Optimal value of theta: 2936.67184573.
2024-05-30 17:19:00,257 - INFO - Beginning optimization with guess, [1.56525618 0.0129732 ].
2024-05-30 17:19:02,582 - INFO - Finished optimization with guess, [1.56525618 0.0129732 ].
2024-05-30 17:19:02,582 - INFO - Best fit parameters: [1.84445706 0.34722702].
2024-05-30 17:19:02,631 - INFO - Maximum log composite likelihood: -32.4637373394.
2024-05-30 17:19:02,631 - INFO - Optimal value of theta: 2887.96655816.
2024-05-30 17:19:02,631 - INFO - Beginning optimization with guess, [1.48612926 0.01200952].
2024-05-30 17:19:04,881 - INFO - Finished optimization with guess, [1.48612926 0.01200952].
2024-05-30 17:19:04,882 - INFO - Best fit parameters: [1.84465851 0.33821509].
2024-05-30 17:19:04,930 - INFO - Maximum log composite likelihood: -32.4629193054.
2024-05-30 17:19:04,931 - INFO - Optimal value of theta: 2897.68119417.
2024-05-30 17:19:04,931 - INFO - Beginning optimization with guess, [1.51185434 0.0052297 ].
2024-05-30 17:19:07,372 - INFO - Finished optimization with guess, [1.51185434 0.0052297 ].
2024-05-30 17:19:07,376 - INFO - Best fit parameters: [1.84688562 0.34091087].
2024-05-30 17:19:07,425 - INFO - Maximum log composite likelihood: -32.4608703419.
2024-05-30 17:19:07,425 - INFO - Optimal value of theta: 2893.77437378.
2024-05-30 17:19:07,426 - INFO - Beginning optimization with guess, [1.62544654 0.00925228].
2024-05-30 17:19:09,651 - INFO - Finished optimization with guess, [1.62544654 0.00925228].
2024-05-30 17:19:09,652 - INFO - Best fit parameters: [1.87529422 0.33234153].
2024-05-30 17:19:09,699 - INFO - Maximum log composite likelihood: -32.5066576428.
2024-05-30 17:19:09,700 - INFO - Optimal value of theta: 2891.43934319.
2024-05-30 17:19:09,700 - INFO - Beginning optimization with guess, [1.00384881 0.01055185].
2024-05-30 17:19:12,452 - INFO - Finished optimization with guess, [1.00384881 0.01055185].
2024-05-30 17:19:12,453 - INFO - Best fit parameters: [1.00820853 0.4259652 ].
2024-05-30 17:19:12,510 - INFO - Maximum log composite likelihood: -150.434833405.
2024-05-30 17:19:12,511 - INFO - Optimal value of theta: 3533.9979505.
2024-05-30 17:19:12,511 - INFO - Beginning optimization with guess, [2.85387281 0.0108059 ].
2024-05-30 17:19:14,644 - INFO - Finished optimization with guess, [2.85387281 0.0108059 ].
2024-05-30 17:19:14,644 - INFO - Best fit parameters: [1.81246401 0.32749531].
2024-05-30 17:19:14,692 - INFO - Maximum log composite likelihood: -32.6396076956.
2024-05-30 17:19:14,692 - INFO - Optimal value of theta: 2923.33018218.
2024-05-30 17:19:14,693 - INFO - Beginning optimization with guess, [1.79060203 0.0097161 ].
2024-05-30 17:19:16,915 - INFO - Finished optimization with guess, [1.79060203 0.0097161 ].
2024-05-30 17:19:16,916 - INFO - Best fit parameters: [1.8573268  0.33168861].
2024-05-30 17:19:16,964 - INFO - Maximum log composite likelihood: -32.4649952952.
2024-05-30 17:19:16,965 - INFO - Optimal value of theta: 2899.59524008.
2024-05-30 17:19:16,965 - INFO - Beginning optimization with guess, [1.69072451 0.00691442].
2024-05-30 17:19:19,126 - INFO - Finished optimization with guess, [1.69072451 0.00691442].
2024-05-30 17:19:19,128 - INFO - Best fit parameters: [2.17305174 0.20197806].
2024-05-30 17:19:19,173 - INFO - Maximum log composite likelihood: -35.0001527197.
2024-05-30 17:19:19,173 - INFO - Optimal value of theta: 2989.1056243.
2024-05-30 17:19:19,174 - INFO - Beginning optimization with guess, [1.61230581 0.01182946].
2024-05-30 17:19:21,467 - INFO - Finished optimization with guess, [1.61230581 0.01182946].
2024-05-30 17:19:21,468 - INFO - Best fit parameters: [1.86025278 0.32916375].
2024-05-30 17:19:21,515 - INFO - Maximum log composite likelihood: -32.4685106892.
2024-05-30 17:19:21,516 - INFO - Optimal value of theta: 2901.23467293.
2024-05-30 17:19:21,516 - INFO - Beginning optimization with guess, [1.56367824 0.00594293].
2024-05-30 17:19:23,934 - INFO - Finished optimization with guess, [1.56367824 0.00594293].
2024-05-30 17:19:23,936 - INFO - Best fit parameters: [1.84620964 0.34286946].
2024-05-30 17:19:23,984 - INFO - Maximum log composite likelihood: -32.4613596526.
2024-05-30 17:19:23,985 - INFO - Optimal value of theta: 2891.92087057.
2024-05-30 17:19:23,985 - INFO - Beginning optimization with guess, [3.47019785 0.00756409].
2024-05-30 17:19:26,000 - INFO - Finished optimization with guess, [3.47019785 0.00756409].
2024-05-30 17:19:26,001 - INFO - Best fit parameters: [2.59459909 0.11833806].
2024-05-30 17:19:26,045 - INFO - Maximum log composite likelihood: -39.2466596908.
2024-05-30 17:19:26,045 - INFO - Optimal value of theta: 3114.11328465.
2024-05-30 17:19:26,045 - INFO - Beginning optimization with guess, [2.86419307 0.00515767].
2024-05-30 17:19:28,190 - INFO - Finished optimization with guess, [2.86419307 0.00515767].
2024-05-30 17:19:28,190 - INFO - Best fit parameters: [1.95656016 0.20972532].
2024-05-30 17:19:28,235 - INFO - Maximum log composite likelihood: -34.1357468255.
2024-05-30 17:19:28,236 - INFO - Optimal value of theta: 3030.62321611.
2024-05-30 17:19:28,236 - INFO - Beginning optimization with guess, [3.79722698 0.01353356].
2024-05-30 17:19:30,167 - INFO - Finished optimization with guess, [3.79722698 0.01353356].
2024-05-30 17:19:30,168 - INFO - Best fit parameters: [2.47650887 0.1270834 ].
2024-05-30 17:19:30,211 - INFO - Maximum log composite likelihood: -38.4474939042.
2024-05-30 17:19:30,212 - INFO - Optimal value of theta: 3103.94305408.
2024-05-30 17:19:30,212 - INFO - Beginning optimization with guess, [3.4180808 0.0085153].
2024-05-30 17:19:32,369 - INFO - Finished optimization with guess, [3.4180808 0.0085153].
2024-05-30 17:19:32,369 - INFO - Best fit parameters: [1.75407807 0.34481543].
2024-05-30 17:19:32,417 - INFO - Maximum log composite likelihood: -33.2905796461.
2024-05-30 17:19:32,417 - INFO - Optimal value of theta: 2931.44951835.
2024-05-30 17:19:32,417 - INFO - Beginning optimization with guess, [4.4064816  0.00983252].
2024-05-30 17:19:34,478 - INFO - Finished optimization with guess, [4.4064816  0.00983252].
2024-05-30 17:19:34,479 - INFO - Best fit parameters: [1.96193068 0.18376162].
2024-05-30 17:19:34,523 - INFO - Maximum log composite likelihood: -35.6347876819.
2024-05-30 17:19:34,523 - INFO - Optimal value of theta: 3073.6701787.
2024-05-30 17:19:34,523 - INFO - Beginning optimization with guess, [1.31045277e+01 7.68468557e-03].
2024-05-30 17:19:36,576 - INFO - Finished optimization with guess, [1.31045277e+01 7.68468557e-03].
2024-05-30 17:19:36,577 - INFO - Best fit parameters: [2.71477337 0.09359162].
2024-05-30 17:19:36,620 - INFO - Maximum log composite likelihood: -42.8953235434.
2024-05-30 17:19:36,620 - INFO - Optimal value of theta: 3177.39969209.
2024-05-30 17:19:36,624 - INFO - Beginning demographic inference for three-epoch demographic model.
2024-05-30 17:19:36,628 - INFO - Beginning optimization with guess, [0.01940784 0.01066489 0.00763914 0.00781971].
2024-05-30 17:19:39,003 - INFO - Finished optimization with guess, [0.01940784 0.01066489 0.00763914 0.00781971].
2024-05-30 17:19:39,004 - INFO - Best fit parameters: [9.19390302e-01 6.04718768e+11 9.28437163e-10 3.78497983e-09].
2024-05-30 17:19:39,046 - INFO - Maximum log composite likelihood: -153.461956109.
2024-05-30 17:19:39,046 - INFO - Optimal value of theta: 3547.08234671.
2024-05-30 17:19:39,047 - INFO - Beginning optimization with guess, [0.03748842 0.01288994 0.01464699 0.00659956].
2024-05-30 17:19:41,173 - INFO - Finished optimization with guess, [0.03748842 0.01288994 0.01464699 0.00659956].
2024-05-30 17:19:41,174 - INFO - Best fit parameters: [1.01178701e+00 3.42848239e+27 4.96114150e-19 2.40041448e-19].
2024-05-30 17:19:41,216 - INFO - Maximum log composite likelihood: -153.461973699.
2024-05-30 17:19:41,217 - INFO - Optimal value of theta: 3547.08237563.
2024-05-30 17:19:41,217 - INFO - Beginning optimization with guess, [0.04596479 0.04498728 0.01165484 0.01640732].
2024-05-30 17:19:43,240 - INFO - Finished optimization with guess, [0.04596479 0.04498728 0.01165484 0.01640732].
2024-05-30 17:19:43,241 - INFO - Best fit parameters: [6.52225226e-02 1.72170461e+02 4.98282373e-06 3.01210322e-04].
2024-05-30 17:19:43,284 - INFO - Maximum log composite likelihood: -152.300682814.
2024-05-30 17:19:43,285 - INFO - Optimal value of theta: 3545.16781608.
2024-05-30 17:19:43,285 - INFO - Beginning optimization with guess, [0.04573217 0.05867589 0.00951581 0.00849317].
2024-05-30 17:19:45,356 - INFO - Finished optimization with guess, [0.04573217 0.05867589 0.00951581 0.00849317].
2024-05-30 17:19:45,357 - INFO - Best fit parameters: [4.98683792e+03 3.52097702e+00 1.79044120e-07 8.57926814e-05].
2024-05-30 17:19:45,399 - INFO - Maximum log composite likelihood: -153.168388029.
2024-05-30 17:19:45,399 - INFO - Optimal value of theta: 3546.59930154.
2024-05-30 17:19:45,400 - INFO - Beginning optimization with guess, [0.04421371 0.05047446 0.00740759 0.00528887].
2024-05-30 17:19:47,487 - INFO - Finished optimization with guess, [0.04421371 0.05047446 0.00740759 0.00528887].
2024-05-30 17:19:47,488 - INFO - Best fit parameters: [1.19711587e+01 9.67967523e-01 4.02296423e-05 2.71404272e-04].
2024-05-30 17:19:47,531 - INFO - Maximum log composite likelihood: -153.330170532.
2024-05-30 17:19:47,531 - INFO - Optimal value of theta: 3546.86521407.
2024-05-30 17:19:47,532 - INFO - Beginning optimization with guess, [0.97140574 0.40786745 0.00828567 0.00954079].
2024-05-30 17:19:49,421 - INFO - Finished optimization with guess, [0.97140574 0.40786745 0.00828567 0.00954079].
2024-05-30 17:19:49,422 - INFO - Best fit parameters: [9.81418050e-01 5.21712290e+05 2.53344236e-16 3.47565321e-51].
2024-05-30 17:19:49,466 - INFO - Maximum log composite likelihood: -153.461973699.
2024-05-30 17:19:49,467 - INFO - Optimal value of theta: 3547.08237563.
2024-05-30 17:19:49,467 - INFO - Beginning optimization with guess, [0.61548023 0.40047914 0.01625402 0.01293135].
2024-05-30 17:19:51,158 - INFO - Finished optimization with guess, [0.61548023 0.40047914 0.01625402 0.01293135].
2024-05-30 17:19:51,158 - INFO - Best fit parameters: [5.90844650e-01 1.40819819e+00 6.19898206e-04 2.97224257e-03].
2024-05-30 17:19:51,201 - INFO - Maximum log composite likelihood: -151.449742869.
2024-05-30 17:19:51,201 - INFO - Optimal value of theta: 3543.73344592.
2024-05-30 17:19:51,202 - INFO - Beginning optimization with guess, [0.44760388 1.10828439 0.01667587 0.00892935].
2024-05-30 17:19:53,652 - INFO - Finished optimization with guess, [0.44760388 1.10828439 0.01667587 0.00892935].
2024-05-30 17:19:53,652 - INFO - Best fit parameters: [6.81117304e-01 1.14766025e+00 9.99003706e-04 3.44513288e-01].
2024-05-30 17:19:53,709 - INFO - Maximum log composite likelihood: -105.887064477.
2024-05-30 17:19:53,710 - INFO - Optimal value of theta: 3365.54039702.
2024-05-30 17:19:53,710 - INFO - Beginning optimization with guess, [1.72287135 0.92932686 0.01837279 0.00969756].
2024-05-30 17:19:56,070 - INFO - Finished optimization with guess, [1.72287135 0.92932686 0.01837279 0.00969756].
2024-05-30 17:19:56,072 - INFO - Best fit parameters: [1.86779832 0.92489866 0.34711743 0.00205798].
2024-05-30 17:19:56,125 - INFO - Maximum log composite likelihood: -32.6084005683.
2024-05-30 17:19:56,125 - INFO - Optimal value of theta: 2884.2043912.
2024-05-30 17:19:56,125 - INFO - Beginning optimization with guess, [0.88766495 1.19450389 0.00701606 0.01085846].
2024-05-30 17:19:58,563 - INFO - Finished optimization with guess, [0.88766495 1.19450389 0.00701606 0.01085846].
2024-05-30 17:19:58,563 - INFO - Best fit parameters: [0.87560917 1.26465178 0.00467304 0.27336012].
2024-05-30 17:19:58,615 - INFO - Maximum log composite likelihood: -80.4758952976.
2024-05-30 17:19:58,615 - INFO - Optimal value of theta: 3290.35291898.
2024-05-30 17:19:58,616 - INFO - Beginning optimization with guess, [1.75522851 1.1674688  0.01420966 0.01353586].
2024-05-30 17:20:00,888 - INFO - Finished optimization with guess, [1.75522851 1.1674688  0.01420966 0.01353586].
2024-05-30 17:20:00,888 - INFO - Best fit parameters: [2.03645721 1.19460591 0.26602713 0.00924914].
2024-05-30 17:20:00,937 - INFO - Maximum log composite likelihood: -32.8358960741.
2024-05-30 17:20:00,937 - INFO - Optimal value of theta: 2930.13402223.
2024-05-30 17:20:00,938 - INFO - Beginning optimization with guess, [1.05440004 0.79980441 0.01028543 0.00697673].
2024-05-30 17:20:03,285 - INFO - Finished optimization with guess, [1.05440004 0.79980441 0.01028543 0.00697673].
2024-05-30 17:20:03,287 - INFO - Best fit parameters: [1.07264052e+00 8.91176740e-01 4.46634612e-01 1.12139774e-04].
2024-05-30 17:20:03,347 - INFO - Maximum log composite likelihood: -128.729400812.
2024-05-30 17:20:03,348 - INFO - Optimal value of theta: 3435.60608838.
2024-05-30 17:20:03,348 - INFO - Beginning optimization with guess, [2.14669733 1.75705088 0.00706696 0.00652578].
2024-05-30 17:20:05,538 - INFO - Finished optimization with guess, [2.14669733 1.75705088 0.00706696 0.00652578].
2024-05-30 17:20:05,539 - INFO - Best fit parameters: [2.50288106 1.93074836 0.15430727 0.00391115].
2024-05-30 17:20:05,588 - INFO - Maximum log composite likelihood: -37.6035750144.
2024-05-30 17:20:05,588 - INFO - Optimal value of theta: 3025.23248709.
2024-05-30 17:20:05,588 - INFO - Beginning optimization with guess, [3.18282572 1.93579069 0.00671212 0.01147546].
2024-05-30 17:20:07,890 - INFO - Finished optimization with guess, [3.18282572 1.93579069 0.00671212 0.01147546].
2024-05-30 17:20:07,891 - INFO - Best fit parameters: [3.81204262 2.38666762 0.00529103 0.16391084].
2024-05-30 17:20:07,935 - INFO - Maximum log composite likelihood: -37.0867390749.
2024-05-30 17:20:07,936 - INFO - Optimal value of theta: 3010.99566675.
2024-05-30 17:20:07,936 - INFO - Beginning optimization with guess, [2.20679925 1.86821849 0.01026131 0.00544749].
2024-05-30 17:20:10,097 - INFO - Finished optimization with guess, [2.20679925 1.86821849 0.01026131 0.00544749].
2024-05-30 17:20:10,098 - INFO - Best fit parameters: [2.53149743 2.04775453 0.13309577 0.00367881].
2024-05-30 17:20:10,143 - INFO - Maximum log composite likelihood: -37.8807975714.
2024-05-30 17:20:10,144 - INFO - Optimal value of theta: 3074.11999721.
2024-05-30 17:20:10,144 - INFO - Beginning optimization with guess, [3.85870579 1.43074674 0.012725   0.00940428].
2024-05-30 17:20:12,084 - INFO - Finished optimization with guess, [3.85870579 1.43074674 0.012725   0.00940428].
2024-05-30 17:20:12,085 - INFO - Best fit parameters: [4.92485042 1.46785833 0.08202148 0.00759233].
2024-05-30 17:20:12,127 - INFO - Maximum log composite likelihood: -42.3977011768.
2024-05-30 17:20:12,128 - INFO - Optimal value of theta: 3121.60075571.
2024-05-30 17:20:12,128 - INFO - Beginning optimization with guess, [3.88421544 3.26557143 0.00657134 0.01107208].
2024-05-30 17:20:14,091 - INFO - Finished optimization with guess, [3.88421544 3.26557143 0.00657134 0.01107208].
2024-05-30 17:20:14,091 - INFO - Best fit parameters: [4.23715277 4.14252682 0.00504963 0.08047772].
2024-05-30 17:20:14,134 - INFO - Maximum log composite likelihood: -43.8881954842.
2024-05-30 17:20:14,134 - INFO - Optimal value of theta: 3131.38549529.
2024-05-30 17:20:14,134 - INFO - Beginning optimization with guess, [2.53529881 1.71381408 0.01335771 0.00722021].
2024-05-30 17:20:16,126 - INFO - Finished optimization with guess, [2.53529881 1.71381408 0.01335771 0.00722021].
2024-05-30 17:20:16,127 - INFO - Best fit parameters: [3.08081864 1.79185805 0.10867585 0.0050308 ].
2024-05-30 17:20:16,171 - INFO - Maximum log composite likelihood: -40.0562500839.
2024-05-30 17:20:16,171 - INFO - Optimal value of theta: 3093.39382116.
2024-05-30 17:20:16,172 - INFO - Beginning optimization with guess, [1.68727599 2.7151616  0.01678364 0.01662055].
2024-05-30 17:20:18,037 - INFO - Finished optimization with guess, [1.68727599 2.7151616  0.01678364 0.01662055].
2024-05-30 17:20:18,037 - INFO - Best fit parameters: [1.73279277 3.26797124 0.01399568 0.08786619].
2024-05-30 17:20:18,080 - INFO - Maximum log composite likelihood: -41.7832547367.
2024-05-30 17:20:18,080 - INFO - Optimal value of theta: 3129.90677572.
2024-05-30 17:20:18,081 - INFO - Beginning optimization with guess, [2.55100899 4.33707124 0.00970059 0.00787866].
2024-05-30 17:20:20,083 - INFO - Finished optimization with guess, [2.55100899 4.33707124 0.00970059 0.00787866].
2024-05-30 17:20:20,083 - INFO - Best fit parameters: [3.05022714 4.58551369 0.00659268 0.07617263].
2024-05-30 17:20:20,126 - INFO - Maximum log composite likelihood: -44.6010627957.
2024-05-30 17:20:20,126 - INFO - Optimal value of theta: 3133.7332619.
2024-05-30 17:20:20,127 - INFO - Beginning optimization with guess, [5.03283289 2.14246801 0.01611405 0.00802409].
2024-05-30 17:20:22,141 - INFO - Finished optimization with guess, [5.03283289 2.14246801 0.01611405 0.00802409].
2024-05-30 17:20:22,142 - INFO - Best fit parameters: [6.51514991e+00 2.28468184e+00 6.65476963e-02 6.48351385e-03].
2024-05-30 17:20:22,185 - INFO - Maximum log composite likelihood: -45.0265914133.
2024-05-30 17:20:22,186 - INFO - Optimal value of theta: 3153.9078127.
2024-05-30 17:20:22,186 - INFO - Beginning optimization with guess, [6.27664484 4.7220812  0.01671492 0.01411869].
2024-05-30 17:20:24,134 - INFO - Finished optimization with guess, [6.27664484 4.7220812  0.01671492 0.01411869].
2024-05-30 17:20:24,134 - INFO - Best fit parameters: [6.96015516 5.92715531 0.05551409 0.01122772].
2024-05-30 17:20:24,176 - INFO - Maximum log composite likelihood: -46.3659130791.
2024-05-30 17:20:24,177 - INFO - Optimal value of theta: 3167.1635879.
2024-05-30 17:20:24,177 - INFO - Beginning optimization with guess, [3.09811889e+00 8.15293540e+00 6.48234078e-03 1.73747719e-02].
2024-05-30 17:20:26,086 - INFO - Finished optimization with guess, [3.09811889e+00 8.15293540e+00 6.48234078e-03 1.73747719e-02].
2024-05-30 17:20:26,086 - INFO - Best fit parameters: [3.56168791e+00 1.00977092e+01 6.09282348e-03 5.45994257e-02].
2024-05-30 17:20:26,128 - INFO - Maximum log composite likelihood: -47.6902627743.
2024-05-30 17:20:26,129 - INFO - Optimal value of theta: 3182.41976081.
2024-05-30 17:20:26,129 - INFO - Beginning optimization with guess, [3.89277820e+00 1.16994626e+01 1.26577682e-02 8.24256712e-03].
2024-05-30 17:20:28,172 - INFO - Finished optimization with guess, [3.89277820e+00 1.16994626e+01 1.26577682e-02 8.24256712e-03].
2024-05-30 17:20:28,174 - INFO - Best fit parameters: [4.92775648e+00 1.41328199e+01 6.59391517e-02 6.08641087e-03].
2024-05-30 17:20:28,219 - INFO - Maximum log composite likelihood: -45.7518219766.
2024-05-30 17:20:28,219 - INFO - Optimal value of theta: 3161.66844184.
2024-05-30 17:20:28,223 - INFO - Finished demographic inference.
2024-05-30 17:20:28,223 - INFO - Pipeline executed succesfully.
