2023-02-17 16:17:56,285 - INFO - Beginning execution of fit_one_epoch.py in directory /u/project/ngarud/jonmah/demo_for_ccgb/Scripts

2023-02-17 16:17:56,285 - INFO - Progress is being logged to ../Analysis/Ruminococcus_bromii_62047_downsampled_12/log.log

2023-02-17 16:17:56,285 - INFO - Parsed the following arguments:
	syn_input_sfs = ../Analysis/Ruminococcus_bromii_62047_downsampled_12/empirical_sfs.txt
	mask_singletons = False
	mask_doubletons = False
	outprefix = ../Analysis/Ruminococcus_bromii_62047_downsampled_12/

2023-02-17 16:17:56,294 - INFO - Beginning demographic inference for one-epoch demographic model.
2023-02-17 16:17:56,297 - INFO - Beginning optimization with guess, [0.18299021].
2023-02-17 16:17:56,375 - INFO - Finished optimization with guess, [0.18299021].
2023-02-17 16:17:56,375 - INFO - Best fit parameters: [0.18299021].
2023-02-17 16:17:56,413 - INFO - Maximum log composite likelihood: -563.2324294410473.
2023-02-17 16:17:56,413 - INFO - Optimal value of theta: 8020.027866392418.
2023-02-17 16:17:56,413 - INFO - Beginning optimization with guess, [0.15513731].
2023-02-17 16:17:56,490 - INFO - Finished optimization with guess, [0.15513731].
2023-02-17 16:17:56,490 - INFO - Best fit parameters: [0.15513731].
2023-02-17 16:17:56,529 - INFO - Maximum log composite likelihood: -563.2324294410473.
2023-02-17 16:17:56,529 - INFO - Optimal value of theta: 8020.027866392418.
2023-02-17 16:17:56,530 - INFO - Beginning optimization with guess, [0.24739561].
2023-02-17 16:17:56,606 - INFO - Finished optimization with guess, [0.24739561].
2023-02-17 16:17:56,606 - INFO - Best fit parameters: [0.24739561].
2023-02-17 16:17:56,643 - INFO - Maximum log composite likelihood: -563.2324294410473.
2023-02-17 16:17:56,643 - INFO - Optimal value of theta: 8020.027866392418.
2023-02-17 16:17:56,643 - INFO - Beginning optimization with guess, [0.78771446].
2023-02-17 16:17:56,719 - INFO - Finished optimization with guess, [0.78771446].
2023-02-17 16:17:56,719 - INFO - Best fit parameters: [0.78771446].
2023-02-17 16:17:56,758 - INFO - Maximum log composite likelihood: -563.2324294410473.
2023-02-17 16:17:56,759 - INFO - Optimal value of theta: 8020.027866392418.
2023-02-17 16:17:56,759 - INFO - Beginning optimization with guess, [0.46284693].
2023-02-17 16:17:56,836 - INFO - Finished optimization with guess, [0.46284693].
2023-02-17 16:17:56,836 - INFO - Best fit parameters: [0.46284693].
2023-02-17 16:17:56,873 - INFO - Maximum log composite likelihood: -563.2324294410473.
2023-02-17 16:17:56,874 - INFO - Optimal value of theta: 8020.027866392418.
2023-02-17 16:17:56,874 - INFO - Beginning optimization with guess, [0.70008272].
2023-02-17 16:17:56,951 - INFO - Finished optimization with guess, [0.70008272].
2023-02-17 16:17:56,951 - INFO - Best fit parameters: [0.70008272].
2023-02-17 16:17:56,989 - INFO - Maximum log composite likelihood: -563.2324294410473.
2023-02-17 16:17:56,990 - INFO - Optimal value of theta: 8020.027866392418.
2023-02-17 16:17:56,990 - INFO - Beginning optimization with guess, [0.53132877].
2023-02-17 16:17:57,066 - INFO - Finished optimization with guess, [0.53132877].
2023-02-17 16:17:57,066 - INFO - Best fit parameters: [0.53132877].
2023-02-17 16:17:57,103 - INFO - Maximum log composite likelihood: -563.2324294410473.
2023-02-17 16:17:57,104 - INFO - Optimal value of theta: 8020.027866392418.
2023-02-17 16:17:57,104 - INFO - Beginning optimization with guess, [1.46061416].
2023-02-17 16:17:57,180 - INFO - Finished optimization with guess, [1.46061416].
2023-02-17 16:17:57,180 - INFO - Best fit parameters: [1.46061416].
2023-02-17 16:17:57,217 - INFO - Maximum log composite likelihood: -563.2324294410473.
2023-02-17 16:17:57,217 - INFO - Optimal value of theta: 8020.027866392418.
2023-02-17 16:17:57,218 - INFO - Beginning optimization with guess, [0.9892713].
2023-02-17 16:17:57,293 - INFO - Finished optimization with guess, [0.9892713].
2023-02-17 16:17:57,293 - INFO - Best fit parameters: [0.9892713].
2023-02-17 16:17:57,331 - INFO - Maximum log composite likelihood: -563.2324294410473.
2023-02-17 16:17:57,332 - INFO - Optimal value of theta: 8020.027866392418.
2023-02-17 16:17:57,332 - INFO - Beginning optimization with guess, [0.9757043].
2023-02-17 16:17:57,407 - INFO - Finished optimization with guess, [0.9757043].
2023-02-17 16:17:57,408 - INFO - Best fit parameters: [0.9757043].
2023-02-17 16:17:57,445 - INFO - Maximum log composite likelihood: -563.2324294410473.
2023-02-17 16:17:57,445 - INFO - Optimal value of theta: 8020.027866392418.
2023-02-17 16:17:57,446 - INFO - Beginning optimization with guess, [1.56178624].
2023-02-17 16:17:57,521 - INFO - Finished optimization with guess, [1.56178624].
2023-02-17 16:17:57,521 - INFO - Best fit parameters: [1.56178624].
2023-02-17 16:17:57,557 - INFO - Maximum log composite likelihood: -563.2324294410473.
2023-02-17 16:17:57,558 - INFO - Optimal value of theta: 8020.027866392418.
2023-02-17 16:17:57,558 - INFO - Beginning optimization with guess, [0.77744719].
2023-02-17 16:17:57,639 - INFO - Finished optimization with guess, [0.77744719].
2023-02-17 16:17:57,639 - INFO - Best fit parameters: [0.77744719].
2023-02-17 16:17:57,676 - INFO - Maximum log composite likelihood: -563.2324294410473.
2023-02-17 16:17:57,677 - INFO - Optimal value of theta: 8020.027866392418.
2023-02-17 16:17:57,677 - INFO - Beginning optimization with guess, [1.32761879].
2023-02-17 16:17:57,752 - INFO - Finished optimization with guess, [1.32761879].
2023-02-17 16:17:57,752 - INFO - Best fit parameters: [1.32761879].
2023-02-17 16:17:57,790 - INFO - Maximum log composite likelihood: -563.2324294410473.
2023-02-17 16:17:57,791 - INFO - Optimal value of theta: 8020.027866392418.
2023-02-17 16:17:57,791 - INFO - Beginning optimization with guess, [1.51157215].
2023-02-17 16:17:57,867 - INFO - Finished optimization with guess, [1.51157215].
2023-02-17 16:17:57,867 - INFO - Best fit parameters: [1.51157215].
2023-02-17 16:17:57,906 - INFO - Maximum log composite likelihood: -563.2324294410473.
2023-02-17 16:17:57,907 - INFO - Optimal value of theta: 8020.027866392418.
2023-02-17 16:17:57,907 - INFO - Beginning optimization with guess, [4.41378355].
2023-02-17 16:17:57,981 - INFO - Finished optimization with guess, [4.41378355].
2023-02-17 16:17:57,981 - INFO - Best fit parameters: [4.41378355].
2023-02-17 16:17:58,018 - INFO - Maximum log composite likelihood: -563.2324294410473.
2023-02-17 16:17:58,019 - INFO - Optimal value of theta: 8020.027866392418.
2023-02-17 16:17:58,020 - INFO - Beginning optimization with guess, [1.51364185].
2023-02-17 16:17:58,096 - INFO - Finished optimization with guess, [1.51364185].
2023-02-17 16:17:58,096 - INFO - Best fit parameters: [1.51364185].
2023-02-17 16:17:58,133 - INFO - Maximum log composite likelihood: -563.2324294410473.
2023-02-17 16:17:58,133 - INFO - Optimal value of theta: 8020.027866392418.
2023-02-17 16:17:58,134 - INFO - Beginning optimization with guess, [4.02013535].
2023-02-17 16:17:58,209 - INFO - Finished optimization with guess, [4.02013535].
2023-02-17 16:17:58,209 - INFO - Best fit parameters: [4.02013535].
2023-02-17 16:17:58,245 - INFO - Maximum log composite likelihood: -563.2324294410473.
2023-02-17 16:17:58,245 - INFO - Optimal value of theta: 8020.027866392418.
2023-02-17 16:17:58,246 - INFO - Beginning optimization with guess, [2.32360147].
2023-02-17 16:17:58,323 - INFO - Finished optimization with guess, [2.32360147].
2023-02-17 16:17:58,323 - INFO - Best fit parameters: [2.32360147].
2023-02-17 16:17:58,360 - INFO - Maximum log composite likelihood: -563.2324294410473.
2023-02-17 16:17:58,361 - INFO - Optimal value of theta: 8020.027866392418.
2023-02-17 16:17:58,361 - INFO - Beginning optimization with guess, [4.60403634].
2023-02-17 16:17:58,438 - INFO - Finished optimization with guess, [4.60403634].
2023-02-17 16:17:58,438 - INFO - Best fit parameters: [4.60403634].
2023-02-17 16:17:58,475 - INFO - Maximum log composite likelihood: -563.2324294410473.
2023-02-17 16:17:58,476 - INFO - Optimal value of theta: 8020.027866392418.
2023-02-17 16:17:58,476 - INFO - Beginning optimization with guess, [3.50264373].
2023-02-17 16:17:58,553 - INFO - Finished optimization with guess, [3.50264373].
2023-02-17 16:17:58,553 - INFO - Best fit parameters: [3.50264373].
2023-02-17 16:17:58,590 - INFO - Maximum log composite likelihood: -563.2324294410473.
2023-02-17 16:17:58,591 - INFO - Optimal value of theta: 8020.027866392418.
2023-02-17 16:17:58,591 - INFO - Beginning optimization with guess, [5.19486367].
2023-02-17 16:17:58,667 - INFO - Finished optimization with guess, [5.19486367].
2023-02-17 16:17:58,667 - INFO - Best fit parameters: [5.19486367].
2023-02-17 16:17:58,705 - INFO - Maximum log composite likelihood: -563.2324294410473.
2023-02-17 16:17:58,705 - INFO - Optimal value of theta: 8020.027866392418.
2023-02-17 16:17:58,706 - INFO - Beginning optimization with guess, [4.07378764].
2023-02-17 16:17:58,782 - INFO - Finished optimization with guess, [4.07378764].
2023-02-17 16:17:58,782 - INFO - Best fit parameters: [4.07378764].
2023-02-17 16:17:58,821 - INFO - Maximum log composite likelihood: -563.2324294410473.
2023-02-17 16:17:58,822 - INFO - Optimal value of theta: 8020.027866392418.
2023-02-17 16:17:58,822 - INFO - Beginning optimization with guess, [6.27773896].
2023-02-17 16:17:58,898 - INFO - Finished optimization with guess, [6.27773896].
2023-02-17 16:17:58,898 - INFO - Best fit parameters: [6.27773896].
2023-02-17 16:17:58,936 - INFO - Maximum log composite likelihood: -563.2324294410473.
2023-02-17 16:17:58,936 - INFO - Optimal value of theta: 8020.027866392418.
2023-02-17 16:17:58,937 - INFO - Beginning optimization with guess, [7.12438743].
2023-02-17 16:17:59,013 - INFO - Finished optimization with guess, [7.12438743].
2023-02-17 16:17:59,013 - INFO - Best fit parameters: [7.12438743].
2023-02-17 16:17:59,052 - INFO - Maximum log composite likelihood: -563.2324294410473.
2023-02-17 16:17:59,052 - INFO - Optimal value of theta: 8020.027866392418.
2023-02-17 16:17:59,053 - INFO - Beginning optimization with guess, [6.67694732].
2023-02-17 16:17:59,129 - INFO - Finished optimization with guess, [6.67694732].
2023-02-17 16:17:59,129 - INFO - Best fit parameters: [6.67694732].
2023-02-17 16:17:59,166 - INFO - Maximum log composite likelihood: -563.2324294410473.
2023-02-17 16:17:59,167 - INFO - Optimal value of theta: 8020.027866392418.
2023-02-17 16:17:59,170 - INFO - Finished demographic inference.
2023-02-17 16:17:59,170 - INFO - Pipeline executed succesfully.
