2021-10-19 16:19:44,003 - INFO - Beginning execution of fit_demographic_model.py in directory /u/project/ngarud/jonmah/demo_for_ccgb/Scripts

2021-10-19 16:19:44,004 - INFO - Progress is being logged to ../Analysis/Bacteroides_uniformis_57318_no_singletons/log.log

2021-10-19 16:19:44,005 - INFO - Parsed the following arguments:
	mask_doubletons = False
	syn_input_sfs = ../Data/Bacteroides_uniformis_57318_syn.sfs
	mask_singletons = True
	outprefix = ../Analysis/Bacteroides_uniformis_57318_no_singletons/

2021-10-19 16:19:44,008 - INFO - Beginning demographic inference for exponential growth demographic model.
2021-10-19 16:19:44,011 - INFO - Beginning optimization with guess, [8.08930071e-02 1.39092540e-05].
2021-10-19 16:20:00,704 - INFO - Finished optimization with guess, [8.08930071e-02 1.39092540e-05].
2021-10-19 16:20:00,706 - INFO - Best fit parameters: [3.10561525e-01 4.31269565e-06].
2021-10-19 16:20:01,319 - INFO - Maximum log composite likelihood: -253.217207669.
2021-10-19 16:20:01,320 - INFO - Optimal value of theta: 2054.4915027.
2021-10-19 16:20:01,321 - INFO - Beginning optimization with guess, [9.63992245e-02 1.17402367e-05].
2021-10-19 16:20:17,903 - INFO - Finished optimization with guess, [9.63992245e-02 1.17402367e-05].
2021-10-19 16:20:17,905 - INFO - Best fit parameters: [3.69010056e-01 3.78743791e-06].
2021-10-19 16:20:18,518 - INFO - Maximum log composite likelihood: -253.217174996.
2021-10-19 16:20:18,520 - INFO - Optimal value of theta: 2054.49145518.
2021-10-19 16:20:18,520 - INFO - Beginning optimization with guess, [1.94005310e-01 1.22675044e-05].
2021-10-19 16:20:35,104 - INFO - Finished optimization with guess, [1.94005310e-01 1.22675044e-05].
2021-10-19 16:20:35,105 - INFO - Best fit parameters: [7.93683682e-01 5.04689155e-06].
2021-10-19 16:20:35,727 - INFO - Maximum log composite likelihood: -253.217146528.
2021-10-19 16:20:35,728 - INFO - Optimal value of theta: 2054.49141379.
2021-10-19 16:20:35,729 - INFO - Beginning optimization with guess, [1.28602070e-01 1.37179508e-05].
2021-10-19 16:20:52,449 - INFO - Finished optimization with guess, [1.28602070e-01 1.37179508e-05].
2021-10-19 16:20:52,449 - INFO - Best fit parameters: [5.01926008e-01 4.74688797e-06].
2021-10-19 16:20:53,064 - INFO - Maximum log composite likelihood: -253.217164251.
2021-10-19 16:20:53,065 - INFO - Optimal value of theta: 2054.49143956.
2021-10-19 16:20:53,065 - INFO - Beginning optimization with guess, [9.73310706e-02 7.48554863e-06].
2021-10-19 16:21:09,643 - INFO - Finished optimization with guess, [9.73310706e-02 7.48554863e-06].
2021-10-19 16:21:09,644 - INFO - Best fit parameters: [3.69018701e-01 2.43614034e-06].
2021-10-19 16:21:10,260 - INFO - Maximum log composite likelihood: -253.217155859.
2021-10-19 16:21:10,262 - INFO - Optimal value of theta: 2054.49142736.
2021-10-19 16:21:10,262 - INFO - Beginning optimization with guess, [6.98850915e-02 6.89643251e-06].
2021-10-19 16:21:26,846 - INFO - Finished optimization with guess, [6.98850915e-02 6.89643251e-06].
2021-10-19 16:21:26,847 - INFO - Best fit parameters: [2.61612936e-01 2.12598377e-06].
2021-10-19 16:21:27,458 - INFO - Maximum log composite likelihood: -253.217166274.
2021-10-19 16:21:27,460 - INFO - Optimal value of theta: 2054.4914425.
2021-10-19 16:21:27,460 - INFO - Beginning optimization with guess, [1.64665176e-01 9.90049990e-06].
2021-10-19 16:21:44,047 - INFO - Finished optimization with guess, [1.64665176e-01 9.90049990e-06].
2021-10-19 16:21:44,048 - INFO - Best fit parameters: [6.54712055e-01 3.75533835e-06].
2021-10-19 16:21:44,665 - INFO - Maximum log composite likelihood: -253.217147989.
2021-10-19 16:21:44,666 - INFO - Optimal value of theta: 2054.49141592.
2021-10-19 16:21:44,666 - INFO - Beginning optimization with guess, [1.10146461e-01 9.64453039e-06].
2021-10-19 16:22:01,230 - INFO - Finished optimization with guess, [1.10146461e-01 9.64453039e-06].
2021-10-19 16:22:01,231 - INFO - Best fit parameters: [4.22308437e-01 3.21583454e-06].
2021-10-19 16:22:01,846 - INFO - Maximum log composite likelihood: -253.217158809.
2021-10-19 16:22:01,847 - INFO - Optimal value of theta: 2054.49143165.
2021-10-19 16:22:01,848 - INFO - Beginning optimization with guess, [1.51597837e-01 1.74718387e-05].
2021-10-19 16:22:18,422 - INFO - Finished optimization with guess, [1.51597837e-01 1.74718387e-05].
2021-10-19 16:22:18,423 - INFO - Best fit parameters: [6.03864358e-01 6.37773008e-06].
2021-10-19 16:22:19,036 - INFO - Maximum log composite likelihood: -253.217164096.
2021-10-19 16:22:19,037 - INFO - Optimal value of theta: 2054.49143934.
2021-10-19 16:22:19,038 - INFO - Beginning optimization with guess, [1.75340753e-01 9.08783942e-06].
2021-10-19 16:22:35,584 - INFO - Finished optimization with guess, [1.75340753e-01 9.08783942e-06].
2021-10-19 16:22:35,585 - INFO - Best fit parameters: [7.02253593e-01 3.54689952e-06].
2021-10-19 16:22:36,199 - INFO - Maximum log composite likelihood: -253.217146153.
2021-10-19 16:22:36,200 - INFO - Optimal value of theta: 2054.49141325.
2021-10-19 16:22:36,200 - INFO - Beginning optimization with guess, [5.94878276e-02 1.75409949e-05].
2021-10-19 16:22:52,730 - INFO - Finished optimization with guess, [5.94878276e-02 1.75409949e-05].
2021-10-19 16:22:52,731 - INFO - Best fit parameters: [2.35037582e-01 5.04948390e-06].
2021-10-19 16:22:53,344 - INFO - Maximum log composite likelihood: -253.217315833.
2021-10-19 16:22:53,345 - INFO - Optimal value of theta: 2054.49166007.
2021-10-19 16:22:53,346 - INFO - Beginning optimization with guess, [1.66690051e-01 1.51801193e-05].
2021-10-19 16:23:09,917 - INFO - Finished optimization with guess, [1.66690051e-01 1.51801193e-05].
2021-10-19 16:23:09,918 - INFO - Best fit parameters: [6.68837652e-01 5.77445970e-06].
2021-10-19 16:23:10,534 - INFO - Maximum log composite likelihood: -253.217154527.
2021-10-19 16:23:10,535 - INFO - Optimal value of theta: 2054.49142542.
2021-10-19 16:23:10,536 - INFO - Beginning optimization with guess, [1.30877790e-01 1.24743088e-05].
2021-10-19 16:23:27,125 - INFO - Finished optimization with guess, [1.30877790e-01 1.24743088e-05].
2021-10-19 16:23:27,126 - INFO - Best fit parameters: [5.10337991e-01 4.34499323e-06].
2021-10-19 16:23:27,743 - INFO - Maximum log composite likelihood: -253.217159805.
2021-10-19 16:23:27,744 - INFO - Optimal value of theta: 2054.49143309.
2021-10-19 16:23:27,744 - INFO - Beginning optimization with guess, [8.35455759e-02 6.27460675e-06].
2021-10-19 16:23:44,423 - INFO - Finished optimization with guess, [8.35455759e-02 6.27460675e-06].
2021-10-19 16:23:44,424 - INFO - Best fit parameters: [3.13798135e-01 1.98999916e-06].
2021-10-19 16:23:45,043 - INFO - Maximum log composite likelihood: -253.217155899.
2021-10-19 16:23:45,044 - INFO - Optimal value of theta: 2054.49142741.
2021-10-19 16:23:45,045 - INFO - Beginning optimization with guess, [6.32079121e-02 7.23988385e-06].
2021-10-19 16:24:01,834 - INFO - Finished optimization with guess, [6.32079121e-02 7.23988385e-06].
2021-10-19 16:24:01,835 - INFO - Best fit parameters: [2.36517062e-01 2.19982266e-06].
2021-10-19 16:24:02,448 - INFO - Maximum log composite likelihood: -253.217174758.
2021-10-19 16:24:02,449 - INFO - Optimal value of theta: 2054.49145483.
2021-10-19 16:24:02,450 - INFO - Beginning optimization with guess, [5.89411844e-02 9.17562631e-06].
2021-10-19 16:24:19,078 - INFO - Finished optimization with guess, [5.89411844e-02 9.17562631e-06].
2021-10-19 16:24:19,080 - INFO - Best fit parameters: [2.22244384e-01 2.74422264e-06].
2021-10-19 16:24:19,693 - INFO - Maximum log composite likelihood: -253.217200581.
2021-10-19 16:24:19,694 - INFO - Optimal value of theta: 2054.49149238.
2021-10-19 16:24:19,694 - INFO - Beginning optimization with guess, [1.16303245e-01 1.23150741e-05].
2021-10-19 16:24:36,278 - INFO - Finished optimization with guess, [1.16303245e-01 1.23150741e-05].
2021-10-19 16:24:36,279 - INFO - Best fit parameters: [4.49724578e-01 4.14864597e-06].
2021-10-19 16:24:36,894 - INFO - Maximum log composite likelihood: -253.21716536.
2021-10-19 16:24:36,895 - INFO - Optimal value of theta: 2054.49144117.
2021-10-19 16:24:36,896 - INFO - Beginning optimization with guess, [9.45497894e-02 1.97078990e-05].
2021-10-19 16:24:53,623 - INFO - Finished optimization with guess, [9.45497894e-02 1.97078990e-05].
2021-10-19 16:24:53,624 - INFO - Best fit parameters: [3.7032960e-01 6.2252925e-06].
2021-10-19 16:24:54,260 - INFO - Maximum log composite likelihood: -253.217229799.
2021-10-19 16:24:54,261 - INFO - Optimal value of theta: 2054.49153489.
2021-10-19 16:24:54,262 - INFO - Beginning optimization with guess, [1.47684208e-01 1.40118414e-05].
2021-10-19 16:25:10,989 - INFO - Finished optimization with guess, [1.47684208e-01 1.40118414e-05].
2021-10-19 16:25:10,991 - INFO - Best fit parameters: [5.83517310e-01 5.07693894e-06].
2021-10-19 16:25:11,605 - INFO - Maximum log composite likelihood: -253.217157871.
2021-10-19 16:25:11,606 - INFO - Optimal value of theta: 2054.49143028.
2021-10-19 16:25:11,607 - INFO - Beginning optimization with guess, [1.74636542e-01 8.10244825e-06].
2021-10-19 16:25:28,171 - INFO - Finished optimization with guess, [1.74636542e-01 8.10244825e-06].
2021-10-19 16:25:28,172 - INFO - Best fit parameters: [6.97892229e-01 3.15677959e-06].
2021-10-19 16:25:28,785 - INFO - Maximum log composite likelihood: -253.217145462.
2021-10-19 16:25:28,786 - INFO - Optimal value of theta: 2054.49141225.
2021-10-19 16:25:28,786 - INFO - Beginning optimization with guess, [7.16408355e-02 6.40177426e-06].
2021-10-19 16:25:45,392 - INFO - Finished optimization with guess, [7.16408355e-02 6.40177426e-06].
2021-10-19 16:25:45,393 - INFO - Best fit parameters: [2.67921418e-01 1.98275575e-06].
2021-10-19 16:25:46,010 - INFO - Maximum log composite likelihood: -253.21716202.
2021-10-19 16:25:46,011 - INFO - Optimal value of theta: 2054.49143631.
2021-10-19 16:25:46,011 - INFO - Beginning optimization with guess, [1.44451456e-01 5.53426446e-06].
2021-10-19 16:26:02,569 - INFO - Finished optimization with guess, [1.44451456e-01 5.53426446e-06].
2021-10-19 16:26:02,569 - INFO - Best fit parameters: [5.61100669e-01 1.99924365e-06].
2021-10-19 16:26:03,183 - INFO - Maximum log composite likelihood: -253.217145158.
2021-10-19 16:26:03,184 - INFO - Optimal value of theta: 2054.4914118.
2021-10-19 16:26:03,184 - INFO - Beginning optimization with guess, [1.71730384e-01 1.18117992e-05].
2021-10-19 16:26:19,721 - INFO - Finished optimization with guess, [1.71730384e-01 1.18117992e-05].
2021-10-19 16:26:19,723 - INFO - Best fit parameters: [6.88545504e-01 4.56165189e-06].
2021-10-19 16:26:20,336 - INFO - Maximum log composite likelihood: -253.217149125.
2021-10-19 16:26:20,337 - INFO - Optimal value of theta: 2054.49141757.
2021-10-19 16:26:20,337 - INFO - Beginning optimization with guess, [1.12996583e-01 9.02269727e-06].
2021-10-19 16:26:36,893 - INFO - Finished optimization with guess, [1.12996583e-01 9.02269727e-06].
2021-10-19 16:26:36,894 - INFO - Best fit parameters: [4.33375363e-01 3.02937385e-06].
2021-10-19 16:26:37,508 - INFO - Maximum log composite likelihood: -253.21715596.
2021-10-19 16:26:37,509 - INFO - Optimal value of theta: 2054.4914275.
2021-10-19 16:26:37,510 - INFO - Beginning optimization with guess, [7.08201435e-02 5.68453601e-06].
2021-10-19 16:26:54,060 - INFO - Finished optimization with guess, [7.08201435e-02 5.68453601e-06].
2021-10-19 16:26:54,061 - INFO - Best fit parameters: [2.64224357e-01 1.76088389e-06].
2021-10-19 16:26:54,674 - INFO - Maximum log composite likelihood: -253.217158383.
2021-10-19 16:26:54,676 - INFO - Optimal value of theta: 2054.49143103.
2021-10-19 16:26:54,682 - INFO - Beginning demographic inference for two-epoch demographic model.
2021-10-19 16:26:54,686 - INFO - Beginning optimization with guess, [9.90913029e-02 1.14925608e-05].
2021-10-19 16:27:11,285 - INFO - Finished optimization with guess, [9.90913029e-02 1.14925608e-05].
2021-10-19 16:27:11,286 - INFO - Best fit parameters: [3.79473372e-01 3.73090504e-06].
2021-10-19 16:27:11,901 - INFO - Maximum log composite likelihood: -253.217171809.
2021-10-19 16:27:11,902 - INFO - Optimal value of theta: 2054.49145055.
2021-10-19 16:27:11,903 - INFO - Beginning optimization with guess, [1.11970427e-01 1.23723098e-05].
2021-10-19 16:27:28,539 - INFO - Finished optimization with guess, [1.11970427e-01 1.23723098e-05].
2021-10-19 16:27:28,541 - INFO - Best fit parameters: [4.32081005e-01 4.12702291e-06].
2021-10-19 16:27:29,156 - INFO - Maximum log composite likelihood: -253.217167805.
2021-10-19 16:27:29,157 - INFO - Optimal value of theta: 2054.49144473.
2021-10-19 16:27:29,158 - INFO - Beginning optimization with guess, [5.04223001e-02 1.04538099e-05].
2021-10-19 16:27:45,750 - INFO - Finished optimization with guess, [5.04223001e-02 1.04538099e-05].
2021-10-19 16:27:45,751 - INFO - Best fit parameters: [1.92033166e-01 3.04186076e-06].
2021-10-19 16:27:46,364 - INFO - Maximum log composite likelihood: -253.217241949.
2021-10-19 16:27:46,366 - INFO - Optimal value of theta: 2054.49155256.
2021-10-19 16:27:46,366 - INFO - Beginning optimization with guess, [1.06610700e-01 5.16186265e-06].
2021-10-19 16:28:02,948 - INFO - Finished optimization with guess, [1.06610700e-01 5.16186265e-06].
2021-10-19 16:28:02,949 - INFO - Best fit parameters: [4.04062296e-01 1.71731386e-06].
2021-10-19 16:28:03,566 - INFO - Maximum log composite likelihood: -253.217147678.
2021-10-19 16:28:03,567 - INFO - Optimal value of theta: 2054.49141547.
2021-10-19 16:28:03,568 - INFO - Beginning optimization with guess, [6.78281403e-02 1.88021793e-05].
2021-10-19 16:28:20,153 - INFO - Finished optimization with guess, [6.78281403e-02 1.88021793e-05].
2021-10-19 16:28:20,154 - INFO - Best fit parameters: [2.67497181e-01 5.53002270e-06].
2021-10-19 16:28:20,769 - INFO - Maximum log composite likelihood: -253.217296183.
2021-10-19 16:28:20,770 - INFO - Optimal value of theta: 2054.49163148.
2021-10-19 16:28:20,771 - INFO - Beginning optimization with guess, [1.41609737e-01 1.15004115e-05].
2021-10-19 16:28:37,358 - INFO - Finished optimization with guess, [1.41609737e-01 1.15004115e-05].
2021-10-19 16:28:37,359 - INFO - Best fit parameters: [5.55048693e-01 4.11314518e-06].
2021-10-19 16:28:37,977 - INFO - Maximum log composite likelihood: -253.217154383.
2021-10-19 16:28:37,978 - INFO - Optimal value of theta: 2054.49142521.
2021-10-19 16:28:37,978 - INFO - Beginning optimization with guess, [1.22300572e-01 1.53674508e-05].
