2024-06-05 07:47:41,369 - INFO - Beginning execution of survival_curve.py in directory /u/project/ngarud/jonmah/demo_for_ccgb/Scripts

2024-06-05 07:47:41,369 - INFO - Progress is being logged to ../HighRecombinationAnalysis/Parabacteroides_merdae_56972/survival_curve.log

2024-06-05 07:47:41,369 - INFO - Parsed the following arguments:
	outprefix = ../HighRecombinationAnalysis/Parabacteroides_merdae_56972/
	species = Parabacteroides_merdae_56972

2024-06-05 07:47:41,369 - INFO - Computing SFS of Parabacteroides_merdae_56972.
2024-06-05 07:47:42,053 - WARNING - sys:1: DtypeWarning: Columns (2,6) have mixed types. Specify dtype option on import or set low_memory=False.

2024-06-05 08:49:43,403 - INFO - Beginning execution of survival_curve.py in directory /u/project/ngarud/jonmah/demo_for_ccgb/Scripts

2024-06-05 08:49:43,403 - INFO - Progress is being logged to ../HighRecombinationAnalysis/Parabacteroides_merdae_56972/survival_curve.log

2024-06-05 08:49:43,403 - INFO - Parsed the following arguments:
	outprefix = ../HighRecombinationAnalysis/Parabacteroides_merdae_56972/
	species = Parabacteroides_merdae_56972

2024-06-05 08:49:43,403 - INFO - Computing SFS of Parabacteroides_merdae_56972.
2024-06-05 08:49:44,110 - WARNING - sys:1: DtypeWarning: Columns (2,6) have mixed types. Specify dtype option on import or set low_memory=False.

2024-06-05 10:40:56,014 - INFO - Pipeline executed succesfully.
2024-06-05 13:01:29,388 - INFO - Beginning execution of survival_curve.py in directory /u/project/ngarud/jonmah/demo_for_ccgb/Scripts

2024-06-05 13:01:29,389 - INFO - Progress is being logged to ../HighRecombinationAnalysis/Parabacteroides_merdae_56972/survival_curve.log

2024-06-05 13:01:29,389 - INFO - Parsed the following arguments:
	outprefix = ../HighRecombinationAnalysis/Parabacteroides_merdae_56972/
	species = Parabacteroides_merdae_56972

2024-06-05 13:01:29,389 - INFO - Computing SFS of Parabacteroides_merdae_56972.
2024-06-05 13:01:30,120 - WARNING - sys:1: DtypeWarning: Columns (2,6) have mixed types. Specify dtype option on import or set low_memory=False.

2024-06-05 14:18:42,041 - INFO - Pipeline executed succesfully.
2024-07-12 12:52:00,666 - INFO - Beginning execution of survival_curve.py in directory /u/project/ngarud/jonmah/demo_for_ccgb/Scripts

2024-07-12 12:52:00,666 - INFO - Progress is being logged to ../HighRecombinationAnalysis/Parabacteroides_merdae_56972/survival_curve.log

2024-07-12 12:52:00,666 - INFO - Parsed the following arguments:
	outprefix = ../HighRecombinationAnalysis/Parabacteroides_merdae_56972/
	species = Parabacteroides_merdae_56972

2024-07-12 12:52:01,389 - WARNING - sys:1: DtypeWarning: Columns (2,6) have mixed types. Specify dtype option on import or set low_memory=False.

