2023-02-17 17:01:31,002 - INFO - Beginning execution of fit_one_epoch.py in directory /u/project/ngarud/jonmah/demo_for_ccgb/Scripts

2023-02-17 17:01:31,002 - INFO - Progress is being logged to ../Analysis/Parabacteroides_distasonis_56985_downsampled_18/log.log

2023-02-17 17:01:31,002 - INFO - Parsed the following arguments:
	syn_input_sfs = ../Analysis/Parabacteroides_distasonis_56985_downsampled_18/empirical_sfs.txt
	mask_singletons = False
	mask_doubletons = False
	outprefix = ../Analysis/Parabacteroides_distasonis_56985_downsampled_18/

2023-02-17 17:01:31,008 - INFO - Beginning demographic inference for one-epoch demographic model.
2023-02-17 17:01:31,011 - INFO - Beginning optimization with guess, [0.07461382].
2023-02-17 17:01:31,101 - INFO - Finished optimization with guess, [0.07461382].
2023-02-17 17:01:31,102 - INFO - Best fit parameters: [0.07461382].
2023-02-17 17:01:31,148 - INFO - Maximum log composite likelihood: -91.25185015802981.
2023-02-17 17:01:31,148 - INFO - Optimal value of theta: 10213.874358027168.
2023-02-17 17:01:31,149 - INFO - Beginning optimization with guess, [0.39395952].
2023-02-17 17:01:31,283 - INFO - Finished optimization with guess, [0.39395952].
2023-02-17 17:01:31,284 - INFO - Best fit parameters: [0.39395952].
2023-02-17 17:01:31,342 - INFO - Maximum log composite likelihood: -91.25185015802981.
2023-02-17 17:01:31,342 - INFO - Optimal value of theta: 10213.874358027168.
2023-02-17 17:01:31,343 - INFO - Beginning optimization with guess, [0.3903518].
2023-02-17 17:01:31,429 - INFO - Finished optimization with guess, [0.3903518].
2023-02-17 17:01:31,429 - INFO - Best fit parameters: [0.3903518].
2023-02-17 17:01:31,469 - INFO - Maximum log composite likelihood: -91.25185015802981.
2023-02-17 17:01:31,470 - INFO - Optimal value of theta: 10213.874358027168.
2023-02-17 17:01:31,470 - INFO - Beginning optimization with guess, [0.40537561].
2023-02-17 17:01:31,551 - INFO - Finished optimization with guess, [0.40537561].
2023-02-17 17:01:31,551 - INFO - Best fit parameters: [0.40537561].
2023-02-17 17:01:31,591 - INFO - Maximum log composite likelihood: -91.25185015802981.
2023-02-17 17:01:31,591 - INFO - Optimal value of theta: 10213.874358027168.
2023-02-17 17:01:31,592 - INFO - Beginning optimization with guess, [0.4124291].
2023-02-17 17:01:31,672 - INFO - Finished optimization with guess, [0.4124291].
2023-02-17 17:01:31,672 - INFO - Best fit parameters: [0.4124291].
2023-02-17 17:01:31,712 - INFO - Maximum log composite likelihood: -91.25185015802981.
2023-02-17 17:01:31,713 - INFO - Optimal value of theta: 10213.874358027168.
2023-02-17 17:01:31,713 - INFO - Beginning optimization with guess, [0.71423431].
2023-02-17 17:01:31,794 - INFO - Finished optimization with guess, [0.71423431].
2023-02-17 17:01:31,794 - INFO - Best fit parameters: [0.71423431].
2023-02-17 17:01:31,834 - INFO - Maximum log composite likelihood: -91.25185015802981.
2023-02-17 17:01:31,834 - INFO - Optimal value of theta: 10213.874358027168.
2023-02-17 17:01:31,835 - INFO - Beginning optimization with guess, [0.51202685].
2023-02-17 17:01:31,923 - INFO - Finished optimization with guess, [0.51202685].
2023-02-17 17:01:31,924 - INFO - Best fit parameters: [0.51202685].
2023-02-17 17:01:31,988 - INFO - Maximum log composite likelihood: -91.25185015802981.
2023-02-17 17:01:31,989 - INFO - Optimal value of theta: 10213.874358027168.
2023-02-17 17:01:31,989 - INFO - Beginning optimization with guess, [0.56431404].
2023-02-17 17:01:32,100 - INFO - Finished optimization with guess, [0.56431404].
2023-02-17 17:01:32,101 - INFO - Best fit parameters: [0.56431404].
2023-02-17 17:01:32,151 - INFO - Maximum log composite likelihood: -91.25185015802981.
2023-02-17 17:01:32,152 - INFO - Optimal value of theta: 10213.874358027168.
2023-02-17 17:01:32,152 - INFO - Beginning optimization with guess, [0.4785145].
2023-02-17 17:01:32,244 - INFO - Finished optimization with guess, [0.4785145].
2023-02-17 17:01:32,245 - INFO - Best fit parameters: [0.4785145].
2023-02-17 17:01:32,294 - INFO - Maximum log composite likelihood: -91.25185015802981.
2023-02-17 17:01:32,294 - INFO - Optimal value of theta: 10213.874358027168.
2023-02-17 17:01:32,295 - INFO - Beginning optimization with guess, [1.67595575].
2023-02-17 17:01:32,396 - INFO - Finished optimization with guess, [1.67595575].
2023-02-17 17:01:32,396 - INFO - Best fit parameters: [1.67595575].
2023-02-17 17:01:32,446 - INFO - Maximum log composite likelihood: -91.25185015802981.
2023-02-17 17:01:32,447 - INFO - Optimal value of theta: 10213.874358027168.
2023-02-17 17:01:32,447 - INFO - Beginning optimization with guess, [2.06975527].
2023-02-17 17:01:32,549 - INFO - Finished optimization with guess, [2.06975527].
2023-02-17 17:01:32,549 - INFO - Best fit parameters: [2.06975527].
2023-02-17 17:01:32,600 - INFO - Maximum log composite likelihood: -91.25185015802981.
2023-02-17 17:01:32,601 - INFO - Optimal value of theta: 10213.874358027168.
2023-02-17 17:01:32,601 - INFO - Beginning optimization with guess, [1.51236537].
2023-02-17 17:01:32,703 - INFO - Finished optimization with guess, [1.51236537].
2023-02-17 17:01:32,704 - INFO - Best fit parameters: [1.51236537].
2023-02-17 17:01:32,754 - INFO - Maximum log composite likelihood: -91.25185015802981.
2023-02-17 17:01:32,755 - INFO - Optimal value of theta: 10213.874358027168.
2023-02-17 17:01:32,755 - INFO - Beginning optimization with guess, [1.20930662].
2023-02-17 17:01:32,857 - INFO - Finished optimization with guess, [1.20930662].
2023-02-17 17:01:32,857 - INFO - Best fit parameters: [1.20930662].
2023-02-17 17:01:32,908 - INFO - Maximum log composite likelihood: -91.25185015802981.
2023-02-17 17:01:32,908 - INFO - Optimal value of theta: 10213.874358027168.
2023-02-17 17:01:32,908 - INFO - Beginning optimization with guess, [1.54395463].
2023-02-17 17:01:33,011 - INFO - Finished optimization with guess, [1.54395463].
2023-02-17 17:01:33,011 - INFO - Best fit parameters: [1.54395463].
2023-02-17 17:01:33,062 - INFO - Maximum log composite likelihood: -91.25185015802981.
2023-02-17 17:01:33,063 - INFO - Optimal value of theta: 10213.874358027168.
2023-02-17 17:01:33,063 - INFO - Beginning optimization with guess, [2.6085261].
2023-02-17 17:01:33,165 - INFO - Finished optimization with guess, [2.6085261].
2023-02-17 17:01:33,166 - INFO - Best fit parameters: [2.6085261].
2023-02-17 17:01:33,217 - INFO - Maximum log composite likelihood: -91.25185015802981.
2023-02-17 17:01:33,217 - INFO - Optimal value of theta: 10213.874358027168.
2023-02-17 17:01:33,217 - INFO - Beginning optimization with guess, [1.3059266].
2023-02-17 17:01:33,318 - INFO - Finished optimization with guess, [1.3059266].
2023-02-17 17:01:33,318 - INFO - Best fit parameters: [1.3059266].
2023-02-17 17:01:33,369 - INFO - Maximum log composite likelihood: -91.25185015802981.
2023-02-17 17:01:33,370 - INFO - Optimal value of theta: 10213.874358027168.
2023-02-17 17:01:33,370 - INFO - Beginning optimization with guess, [3.07494407].
2023-02-17 17:01:33,472 - INFO - Finished optimization with guess, [3.07494407].
2023-02-17 17:01:33,472 - INFO - Best fit parameters: [3.07494407].
2023-02-17 17:01:33,523 - INFO - Maximum log composite likelihood: -91.25185015802981.
2023-02-17 17:01:33,523 - INFO - Optimal value of theta: 10213.874358027168.
2023-02-17 17:01:33,523 - INFO - Beginning optimization with guess, [1.60222307].
2023-02-17 17:01:33,626 - INFO - Finished optimization with guess, [1.60222307].
2023-02-17 17:01:33,626 - INFO - Best fit parameters: [1.60222307].
2023-02-17 17:01:33,678 - INFO - Maximum log composite likelihood: -91.25185015802981.
2023-02-17 17:01:33,679 - INFO - Optimal value of theta: 10213.874358027168.
2023-02-17 17:01:33,679 - INFO - Beginning optimization with guess, [5.33040086].
2023-02-17 17:01:33,798 - INFO - Finished optimization with guess, [5.33040086].
2023-02-17 17:01:33,798 - INFO - Best fit parameters: [5.33040086].
2023-02-17 17:01:33,870 - INFO - Maximum log composite likelihood: -91.25185015802981.
2023-02-17 17:01:33,871 - INFO - Optimal value of theta: 10213.874358027168.
2023-02-17 17:01:33,871 - INFO - Beginning optimization with guess, [4.39743371].
2023-02-17 17:01:33,971 - INFO - Finished optimization with guess, [4.39743371].
2023-02-17 17:01:33,971 - INFO - Best fit parameters: [4.39743371].
2023-02-17 17:01:34,011 - INFO - Maximum log composite likelihood: -91.25185015802981.
2023-02-17 17:01:34,012 - INFO - Optimal value of theta: 10213.874358027168.
2023-02-17 17:01:34,012 - INFO - Beginning optimization with guess, [6.66805841].
2023-02-17 17:01:34,093 - INFO - Finished optimization with guess, [6.66805841].
2023-02-17 17:01:34,093 - INFO - Best fit parameters: [6.66805841].
2023-02-17 17:01:34,133 - INFO - Maximum log composite likelihood: -91.25185015802981.
2023-02-17 17:01:34,133 - INFO - Optimal value of theta: 10213.874358027168.
2023-02-17 17:01:34,134 - INFO - Beginning optimization with guess, [4.89119182].
2023-02-17 17:01:34,214 - INFO - Finished optimization with guess, [4.89119182].
2023-02-17 17:01:34,214 - INFO - Best fit parameters: [4.89119182].
2023-02-17 17:01:34,254 - INFO - Maximum log composite likelihood: -91.25185015802981.
2023-02-17 17:01:34,254 - INFO - Optimal value of theta: 10213.874358027168.
2023-02-17 17:01:34,254 - INFO - Beginning optimization with guess, [4.12782273].
2023-02-17 17:01:34,335 - INFO - Finished optimization with guess, [4.12782273].
2023-02-17 17:01:34,335 - INFO - Best fit parameters: [4.12782273].
2023-02-17 17:01:34,375 - INFO - Maximum log composite likelihood: -91.25185015802981.
2023-02-17 17:01:34,375 - INFO - Optimal value of theta: 10213.874358027168.
2023-02-17 17:01:34,375 - INFO - Beginning optimization with guess, [6.06594365].
2023-02-17 17:01:34,455 - INFO - Finished optimization with guess, [6.06594365].
2023-02-17 17:01:34,455 - INFO - Best fit parameters: [6.06594365].
2023-02-17 17:01:34,495 - INFO - Maximum log composite likelihood: -91.25185015802981.
2023-02-17 17:01:34,496 - INFO - Optimal value of theta: 10213.874358027168.
2023-02-17 17:01:34,496 - INFO - Beginning optimization with guess, [4.50226339].
2023-02-17 17:01:34,576 - INFO - Finished optimization with guess, [4.50226339].
2023-02-17 17:01:34,576 - INFO - Best fit parameters: [4.50226339].
2023-02-17 17:01:34,616 - INFO - Maximum log composite likelihood: -91.25185015802981.
2023-02-17 17:01:34,616 - INFO - Optimal value of theta: 10213.874358027168.
2023-02-17 17:01:34,618 - INFO - Finished demographic inference.
2023-02-17 17:01:34,618 - INFO - Pipeline executed succesfully.
