2022-11-02 12:48:49,230 - INFO - Beginning execution of fit_one_epoch.py in directory /u/project/ngarud/jonmah/demo_for_ccgb/Scripts

2022-11-02 12:48:49,230 - INFO - Progress is being logged to ../Analysis/Capnocytophaga_gingivalis_61780_oral/masked_log.log

2022-11-02 12:48:49,230 - INFO - Parsed the following arguments:
	syn_input_sfs = ../Data/oral_microbiome_sfs/Capnocytophaga_gingivalis_61780_sfs/folded_sfs_10.txt
	mask_singletons = True
	mask_doubletons = False
	outprefix = ../Analysis/Capnocytophaga_gingivalis_61780_oral/masked

2022-11-02 12:48:49,242 - INFO - Beginning demographic inference for one-epoch demographic model.
2022-11-02 12:48:49,243 - INFO - Beginning optimization with guess, [0.11271457].
2022-11-02 12:48:49,279 - INFO - Finished optimization with guess, [0.11271457].
2022-11-02 12:48:49,280 - INFO - Best fit parameters: [0.11271457].
2022-11-02 12:48:49,296 - INFO - Maximum log composite likelihood: -4337.974131012699.
2022-11-02 12:48:49,297 - INFO - Optimal value of theta: 33045.52077965277.
2022-11-02 12:48:49,297 - INFO - Beginning optimization with guess, [0.13703744].
2022-11-02 12:48:49,329 - INFO - Finished optimization with guess, [0.13703744].
2022-11-02 12:48:49,330 - INFO - Best fit parameters: [0.13703744].
2022-11-02 12:48:49,346 - INFO - Maximum log composite likelihood: -4337.974131012699.
2022-11-02 12:48:49,346 - INFO - Optimal value of theta: 33045.52077965277.
2022-11-02 12:48:49,347 - INFO - Beginning optimization with guess, [0.45207877].
2022-11-02 12:48:49,379 - INFO - Finished optimization with guess, [0.45207877].
2022-11-02 12:48:49,379 - INFO - Best fit parameters: [0.45207877].
2022-11-02 12:48:49,396 - INFO - Maximum log composite likelihood: -4337.974131012699.
2022-11-02 12:48:49,396 - INFO - Optimal value of theta: 33045.52077965277.
2022-11-02 12:48:49,396 - INFO - Beginning optimization with guess, [0.66907297].
2022-11-02 12:48:49,429 - INFO - Finished optimization with guess, [0.66907297].
2022-11-02 12:48:49,429 - INFO - Best fit parameters: [0.66907297].
2022-11-02 12:48:49,446 - INFO - Maximum log composite likelihood: -4337.974131012699.
2022-11-02 12:48:49,446 - INFO - Optimal value of theta: 33045.52077965277.
2022-11-02 12:48:49,446 - INFO - Beginning optimization with guess, [0.49778566].
2022-11-02 12:48:49,479 - INFO - Finished optimization with guess, [0.49778566].
2022-11-02 12:48:49,479 - INFO - Best fit parameters: [0.49778566].
2022-11-02 12:48:49,496 - INFO - Maximum log composite likelihood: -4337.974131012699.
2022-11-02 12:48:49,496 - INFO - Optimal value of theta: 33045.52077965277.
2022-11-02 12:48:49,496 - INFO - Beginning optimization with guess, [0.36981581].
2022-11-02 12:48:49,530 - INFO - Finished optimization with guess, [0.36981581].
2022-11-02 12:48:49,530 - INFO - Best fit parameters: [0.36981581].
2022-11-02 12:48:49,546 - INFO - Maximum log composite likelihood: -4337.974131012699.
2022-11-02 12:48:49,547 - INFO - Optimal value of theta: 33045.52077965277.
2022-11-02 12:48:49,547 - INFO - Beginning optimization with guess, [0.68985913].
2022-11-02 12:48:49,581 - INFO - Finished optimization with guess, [0.68985913].
2022-11-02 12:48:49,581 - INFO - Best fit parameters: [0.68985913].
2022-11-02 12:48:49,597 - INFO - Maximum log composite likelihood: -4337.974131012699.
2022-11-02 12:48:49,598 - INFO - Optimal value of theta: 33045.52077965277.
2022-11-02 12:48:49,598 - INFO - Beginning optimization with guess, [1.06546687].
2022-11-02 12:48:49,631 - INFO - Finished optimization with guess, [1.06546687].
2022-11-02 12:48:49,632 - INFO - Best fit parameters: [1.06546687].
2022-11-02 12:48:49,648 - INFO - Maximum log composite likelihood: -4337.974131012699.
2022-11-02 12:48:49,649 - INFO - Optimal value of theta: 33045.52077965277.
2022-11-02 12:48:49,649 - INFO - Beginning optimization with guess, [0.85195183].
2022-11-02 12:48:49,683 - INFO - Finished optimization with guess, [0.85195183].
2022-11-02 12:48:49,739 - INFO - Best fit parameters: [0.85195183].
2022-11-02 12:48:49,774 - INFO - Maximum log composite likelihood: -4337.974131012699.
2022-11-02 12:48:49,774 - INFO - Optimal value of theta: 33045.52077965277.
2022-11-02 12:48:49,775 - INFO - Beginning optimization with guess, [0.58385292].
2022-11-02 12:48:49,829 - INFO - Finished optimization with guess, [0.58385292].
2022-11-02 12:48:49,829 - INFO - Best fit parameters: [0.58385292].
2022-11-02 12:48:49,851 - INFO - Maximum log composite likelihood: -4337.974131012699.
2022-11-02 12:48:49,852 - INFO - Optimal value of theta: 33045.52077965277.
2022-11-02 12:48:49,852 - INFO - Beginning optimization with guess, [2.10143809].
2022-11-02 12:48:49,892 - INFO - Finished optimization with guess, [2.10143809].
2022-11-02 12:48:49,892 - INFO - Best fit parameters: [2.10143809].
2022-11-02 12:48:49,909 - INFO - Maximum log composite likelihood: -4337.974131012699.
2022-11-02 12:48:49,910 - INFO - Optimal value of theta: 33045.52077965277.
2022-11-02 12:48:49,910 - INFO - Beginning optimization with guess, [2.77436791].
2022-11-02 12:48:49,944 - INFO - Finished optimization with guess, [2.77436791].
2022-11-02 12:48:49,944 - INFO - Best fit parameters: [2.77436791].
2022-11-02 12:48:49,962 - INFO - Maximum log composite likelihood: -4337.974131012699.
2022-11-02 12:48:49,962 - INFO - Optimal value of theta: 33045.52077965277.
2022-11-02 12:48:49,962 - INFO - Beginning optimization with guess, [1.28391284].
2022-11-02 12:48:49,997 - INFO - Finished optimization with guess, [1.28391284].
2022-11-02 12:48:49,997 - INFO - Best fit parameters: [1.28391284].
2022-11-02 12:48:50,014 - INFO - Maximum log composite likelihood: -4337.974131012699.
2022-11-02 12:48:50,014 - INFO - Optimal value of theta: 33045.52077965277.
2022-11-02 12:48:50,014 - INFO - Beginning optimization with guess, [2.02119568].
2022-11-02 12:48:50,049 - INFO - Finished optimization with guess, [2.02119568].
2022-11-02 12:48:50,049 - INFO - Best fit parameters: [2.02119568].
2022-11-02 12:48:50,066 - INFO - Maximum log composite likelihood: -4337.974131012699.
2022-11-02 12:48:50,067 - INFO - Optimal value of theta: 33045.52077965277.
2022-11-02 12:48:50,067 - INFO - Beginning optimization with guess, [1.73398059].
2022-11-02 12:48:50,101 - INFO - Finished optimization with guess, [1.73398059].
2022-11-02 12:48:50,101 - INFO - Best fit parameters: [1.73398059].
2022-11-02 12:48:50,118 - INFO - Maximum log composite likelihood: -4337.974131012699.
2022-11-02 12:48:50,119 - INFO - Optimal value of theta: 33045.52077965277.
2022-11-02 12:48:50,119 - INFO - Beginning optimization with guess, [4.74133288].
2022-11-02 12:48:50,153 - INFO - Finished optimization with guess, [4.74133288].
2022-11-02 12:48:50,153 - INFO - Best fit parameters: [4.74133288].
2022-11-02 12:48:50,170 - INFO - Maximum log composite likelihood: -4337.974131012699.
2022-11-02 12:48:50,171 - INFO - Optimal value of theta: 33045.52077965277.
2022-11-02 12:48:50,171 - INFO - Beginning optimization with guess, [1.71462476].
2022-11-02 12:48:50,205 - INFO - Finished optimization with guess, [1.71462476].
2022-11-02 12:48:50,206 - INFO - Best fit parameters: [1.71462476].
2022-11-02 12:48:50,223 - INFO - Maximum log composite likelihood: -4337.974131012699.
2022-11-02 12:48:50,223 - INFO - Optimal value of theta: 33045.52077965277.
2022-11-02 12:48:50,223 - INFO - Beginning optimization with guess, [3.48306235].
2022-11-02 12:48:50,258 - INFO - Finished optimization with guess, [3.48306235].
2022-11-02 12:48:50,258 - INFO - Best fit parameters: [3.48306235].
2022-11-02 12:48:50,280 - INFO - Maximum log composite likelihood: -4337.974131012699.
2022-11-02 12:48:50,281 - INFO - Optimal value of theta: 33045.52077965277.
2022-11-02 12:48:50,282 - INFO - Beginning optimization with guess, [2.29565978].
2022-11-02 12:48:50,318 - INFO - Finished optimization with guess, [2.29565978].
2022-11-02 12:48:50,318 - INFO - Best fit parameters: [2.29565978].
2022-11-02 12:48:50,335 - INFO - Maximum log composite likelihood: -4337.974131012699.
2022-11-02 12:48:50,335 - INFO - Optimal value of theta: 33045.52077965277.
2022-11-02 12:48:50,336 - INFO - Beginning optimization with guess, [4.91032573].
2022-11-02 12:48:50,370 - INFO - Finished optimization with guess, [4.91032573].
2022-11-02 12:48:50,370 - INFO - Best fit parameters: [4.91032573].
2022-11-02 12:48:50,387 - INFO - Maximum log composite likelihood: -4337.974131012699.
2022-11-02 12:48:50,388 - INFO - Optimal value of theta: 33045.52077965277.
2022-11-02 12:48:50,388 - INFO - Beginning optimization with guess, [4.50319009].
2022-11-02 12:48:50,422 - INFO - Finished optimization with guess, [4.50319009].
2022-11-02 12:48:50,422 - INFO - Best fit parameters: [4.50319009].
2022-11-02 12:48:50,440 - INFO - Maximum log composite likelihood: -4337.974131012699.
2022-11-02 12:48:50,440 - INFO - Optimal value of theta: 33045.52077965277.
2022-11-02 12:48:50,440 - INFO - Beginning optimization with guess, [9.43164526].
2022-11-02 12:48:50,475 - INFO - Finished optimization with guess, [9.43164526].
2022-11-02 12:48:50,475 - INFO - Best fit parameters: [9.43164526].
2022-11-02 12:48:50,492 - INFO - Maximum log composite likelihood: -4337.974131012699.
2022-11-02 12:48:50,492 - INFO - Optimal value of theta: 33045.52077965277.
2022-11-02 12:48:50,492 - INFO - Beginning optimization with guess, [4.67699102].
2022-11-02 12:48:50,527 - INFO - Finished optimization with guess, [4.67699102].
2022-11-02 12:48:50,527 - INFO - Best fit parameters: [4.67699102].
2022-11-02 12:48:50,544 - INFO - Maximum log composite likelihood: -4337.974131012699.
2022-11-02 12:48:50,544 - INFO - Optimal value of theta: 33045.52077965277.
2022-11-02 12:48:50,545 - INFO - Beginning optimization with guess, [7.42983501].
2022-11-02 12:48:50,579 - INFO - Finished optimization with guess, [7.42983501].
2022-11-02 12:48:50,579 - INFO - Best fit parameters: [7.42983501].
2022-11-02 12:48:50,596 - INFO - Maximum log composite likelihood: -4337.974131012699.
2022-11-02 12:48:50,596 - INFO - Optimal value of theta: 33045.52077965277.
2022-11-02 12:48:50,596 - INFO - Beginning optimization with guess, [14.88267707].
2022-11-02 12:48:50,630 - INFO - Finished optimization with guess, [14.88267707].
2022-11-02 12:48:50,630 - INFO - Best fit parameters: [14.88267707].
2022-11-02 12:48:50,647 - INFO - Maximum log composite likelihood: -4337.974131012699.
2022-11-02 12:48:50,647 - INFO - Optimal value of theta: 33045.52077965277.
2022-11-02 12:48:50,649 - INFO - Finished demographic inference.
2022-11-02 12:48:50,649 - INFO - Pipeline executed succesfully.
