2023-08-11 14:49:54,454 - INFO - Beginning execution of evaluate_demography.py in directory /u/project/ngarud/jonmah/demo_for_ccgb/Scripts

2023-08-11 14:49:54,454 - INFO - Progress is being logged to ../Analysis/Bacteroides_fragilis_54507_downsampled_14/accessory_evaluate_demography.log

2023-08-11 14:49:54,455 - INFO - Parsed the following arguments:
	syn_input_sfs = ../Analysis/Bacteroides_fragilis_54507_downsampled_14/accessory_empirical_syn_downsampled_sfs.txt
	model_type = two_epoch
	params_list = [8.43897538e-05, 4.24329476e-06]
	mask_singletons = False
	mask_doubletons = False
	outprefix = ../Analysis/Bacteroides_fragilis_54507_downsampled_14/accessory

2023-08-11 14:49:54,483 - INFO - Beginning demographic evaluation for two-epoch demographic model.
2023-08-11 14:49:54,484 - INFO - Beginning optimization with guess, [8.43897538e-05, 4.24329476e-06].
2023-08-11 14:49:54,484 - INFO - Finished optimization with guess, [8.43897538e-05, 4.24329476e-06].
2023-08-11 14:49:54,484 - INFO - Best fit parameters: [8.43897538e-05, 4.24329476e-06].
2023-08-11 14:49:54,512 - INFO - Maximum log composite likelihood: -55.16936010714676.
2023-08-11 14:49:54,512 - INFO - Outputting residual between model and data.
2023-08-11 14:49:55,176 - INFO - Optimal value of theta: 1160.8392687124442.
2023-08-11 14:49:55,177 - INFO - Synonymous input SFS: [-- 894.6920609114189 756.4894576929053 549.8303274300317 411.0202705389707 315.6230583504302 277.6827750211615 135.6260703703892 -- -- -- -- -- -- --].
2023-08-11 14:49:55,177 - INFO - Scaled spectrum: [-- 947.101375622312 637.8310094991145 485.75449586654383 405.0246652125038 360.900698367629 338.52715380008175 165.82462194712267 -- -- -- -- -- -- --].
2023-08-11 14:49:55,178 - INFO - Converting and interpreting Tau estimates.
2023-08-11 14:49:55,179 - INFO - Finished demographic evaluation.
2023-08-11 14:49:55,179 - INFO - Pipeline executed succesfully.
