2023-07-20 16:56:49,905 - INFO - Beginning execution of fit_one_epoch.py in directory /u/project/ngarud/jonmah/demo_for_ccgb/Scripts

2023-07-20 16:56:49,906 - INFO - Progress is being logged to ../Analysis/Bacteroides_fragilis_54507_downsampled_14/accessory_log.log

2023-07-20 16:56:49,906 - INFO - Parsed the following arguments:
	syn_input_sfs = ../Analysis/Bacteroides_fragilis_54507_downsampled_14/accessory_empirical_syn_downsampled_sfs.txt
	mask_singletons = False
	mask_doubletons = False
	outprefix = ../Analysis/Bacteroides_fragilis_54507_downsampled_14/accessory

2023-07-20 16:56:49,909 - INFO - Beginning demographic inference for one-epoch demographic model.
2023-07-20 16:56:49,911 - INFO - Beginning optimization with guess, [0.18414478].
2023-07-20 16:56:50,672 - INFO - Finished optimization with guess, [0.18414478].
2023-07-20 16:56:50,673 - INFO - Best fit parameters: [0.18414478].
2023-07-20 16:56:50,697 - INFO - Maximum log composite likelihood: -85.8838990471038.
2023-07-20 16:56:50,697 - INFO - Optimal value of theta: 1050.5736242497085.
2023-07-20 16:56:50,697 - INFO - Beginning optimization with guess, [0.32744349].
2023-07-20 16:56:51,463 - INFO - Finished optimization with guess, [0.32744349].
2023-07-20 16:56:51,464 - INFO - Best fit parameters: [0.32744349].
2023-07-20 16:56:51,488 - INFO - Maximum log composite likelihood: -85.8838990471038.
2023-07-20 16:56:51,488 - INFO - Optimal value of theta: 1050.5736242497085.
2023-07-20 16:56:51,488 - INFO - Beginning optimization with guess, [0.19843602].
2023-07-20 16:56:52,249 - INFO - Finished optimization with guess, [0.19843602].
2023-07-20 16:56:52,249 - INFO - Best fit parameters: [0.19843602].
2023-07-20 16:56:52,273 - INFO - Maximum log composite likelihood: -85.8838990471038.
2023-07-20 16:56:52,273 - INFO - Optimal value of theta: 1050.5736242497085.
2023-07-20 16:56:52,273 - INFO - Beginning optimization with guess, [0.45734565].
2023-07-20 16:56:52,976 - INFO - Finished optimization with guess, [0.45734565].
2023-07-20 16:56:52,976 - INFO - Best fit parameters: [0.45734565].
2023-07-20 16:56:53,000 - INFO - Maximum log composite likelihood: -85.8838990471038.
2023-07-20 16:56:53,001 - INFO - Optimal value of theta: 1050.5736242497085.
2023-07-20 16:56:53,001 - INFO - Beginning optimization with guess, [0.57061318].
2023-07-20 16:56:53,704 - INFO - Finished optimization with guess, [0.57061318].
2023-07-20 16:56:53,705 - INFO - Best fit parameters: [0.57061318].
2023-07-20 16:56:53,729 - INFO - Maximum log composite likelihood: -85.8838990471038.
2023-07-20 16:56:53,729 - INFO - Optimal value of theta: 1050.5736242497085.
2023-07-20 16:56:53,729 - INFO - Beginning optimization with guess, [0.57952047].
2023-07-20 16:56:54,433 - INFO - Finished optimization with guess, [0.57952047].
2023-07-20 16:56:54,433 - INFO - Best fit parameters: [0.57952047].
2023-07-20 16:56:54,457 - INFO - Maximum log composite likelihood: -85.8838990471038.
2023-07-20 16:56:54,457 - INFO - Optimal value of theta: 1050.5736242497085.
2023-07-20 16:56:54,458 - INFO - Beginning optimization with guess, [0.37673871].
2023-07-20 16:56:55,146 - INFO - Finished optimization with guess, [0.37673871].
2023-07-20 16:56:55,146 - INFO - Best fit parameters: [0.37673871].
2023-07-20 16:56:55,170 - INFO - Maximum log composite likelihood: -85.8838990471038.
2023-07-20 16:56:55,170 - INFO - Optimal value of theta: 1050.5736242497085.
2023-07-20 16:56:55,170 - INFO - Beginning optimization with guess, [0.61764512].
2023-07-20 16:56:55,787 - INFO - Finished optimization with guess, [0.61764512].
2023-07-20 16:56:55,787 - INFO - Best fit parameters: [0.61764512].
2023-07-20 16:56:55,810 - INFO - Maximum log composite likelihood: -85.8838990471038.
2023-07-20 16:56:55,811 - INFO - Optimal value of theta: 1050.5736242497085.
2023-07-20 16:56:55,811 - INFO - Beginning optimization with guess, [1.22849978].
2023-07-20 16:56:56,357 - INFO - Finished optimization with guess, [1.22849978].
2023-07-20 16:56:56,357 - INFO - Best fit parameters: [1.22849978].
2023-07-20 16:56:56,381 - INFO - Maximum log composite likelihood: -85.8838990471038.
2023-07-20 16:56:56,381 - INFO - Optimal value of theta: 1050.5736242497085.
2023-07-20 16:56:56,382 - INFO - Beginning optimization with guess, [1.17166525].
2023-07-20 16:56:56,927 - INFO - Finished optimization with guess, [1.17166525].
2023-07-20 16:56:56,927 - INFO - Best fit parameters: [1.17166525].
2023-07-20 16:56:56,951 - INFO - Maximum log composite likelihood: -85.8838990471038.
2023-07-20 16:56:56,951 - INFO - Optimal value of theta: 1050.5736242497085.
2023-07-20 16:56:56,951 - INFO - Beginning optimization with guess, [2.22875364].
2023-07-20 16:56:57,640 - INFO - Finished optimization with guess, [2.22875364].
2023-07-20 16:56:57,641 - INFO - Best fit parameters: [2.22875364].
2023-07-20 16:56:57,664 - INFO - Maximum log composite likelihood: -85.8838990471038.
2023-07-20 16:56:57,665 - INFO - Optimal value of theta: 1050.5736242497085.
2023-07-20 16:56:57,665 - INFO - Beginning optimization with guess, [1.79070512].
2023-07-20 16:56:58,352 - INFO - Finished optimization with guess, [1.79070512].
2023-07-20 16:56:58,353 - INFO - Best fit parameters: [1.79070512].
2023-07-20 16:56:58,377 - INFO - Maximum log composite likelihood: -85.8838990471038.
2023-07-20 16:56:58,377 - INFO - Optimal value of theta: 1050.5736242497085.
2023-07-20 16:56:58,377 - INFO - Beginning optimization with guess, [0.99507997].
2023-07-20 16:56:58,570 - INFO - Finished optimization with guess, [0.99507997].
2023-07-20 16:56:58,570 - INFO - Best fit parameters: [0.99507997].
2023-07-20 16:56:58,594 - INFO - Maximum log composite likelihood: -85.8838990471038.
2023-07-20 16:56:58,595 - INFO - Optimal value of theta: 1050.5736242497085.
2023-07-20 16:56:58,595 - INFO - Beginning optimization with guess, [2.80594258].
2023-07-20 16:56:59,371 - INFO - Finished optimization with guess, [2.80594258].
2023-07-20 16:56:59,371 - INFO - Best fit parameters: [2.80594258].
2023-07-20 16:56:59,395 - INFO - Maximum log composite likelihood: -85.8838990471038.
2023-07-20 16:56:59,395 - INFO - Optimal value of theta: 1050.5736242497085.
2023-07-20 16:56:59,396 - INFO - Beginning optimization with guess, [1.95016452].
2023-07-20 16:57:00,098 - INFO - Finished optimization with guess, [1.95016452].
2023-07-20 16:57:00,098 - INFO - Best fit parameters: [1.95016452].
2023-07-20 16:57:00,122 - INFO - Maximum log composite likelihood: -85.8838990471038.
2023-07-20 16:57:00,123 - INFO - Optimal value of theta: 1050.5736242497085.
2023-07-20 16:57:00,123 - INFO - Beginning optimization with guess, [4.4412758].
2023-07-20 16:57:00,880 - INFO - Finished optimization with guess, [4.4412758].
2023-07-20 16:57:00,880 - INFO - Best fit parameters: [4.4412758].
2023-07-20 16:57:00,904 - INFO - Maximum log composite likelihood: -85.8838990471038.
2023-07-20 16:57:00,904 - INFO - Optimal value of theta: 1050.5736242497085.
2023-07-20 16:57:00,904 - INFO - Beginning optimization with guess, [2.9237449].
2023-07-20 16:57:01,666 - INFO - Finished optimization with guess, [2.9237449].
2023-07-20 16:57:01,666 - INFO - Best fit parameters: [2.9237449].
2023-07-20 16:57:01,690 - INFO - Maximum log composite likelihood: -85.8838990471038.
2023-07-20 16:57:01,690 - INFO - Optimal value of theta: 1050.5736242497085.
2023-07-20 16:57:01,691 - INFO - Beginning optimization with guess, [3.51138233].
2023-07-20 16:57:02,457 - INFO - Finished optimization with guess, [3.51138233].
2023-07-20 16:57:02,457 - INFO - Best fit parameters: [3.51138233].
2023-07-20 16:57:02,481 - INFO - Maximum log composite likelihood: -85.8838990471038.
2023-07-20 16:57:02,481 - INFO - Optimal value of theta: 1050.5736242497085.
2023-07-20 16:57:02,482 - INFO - Beginning optimization with guess, [2.32760056].
2023-07-20 16:57:03,168 - INFO - Finished optimization with guess, [2.32760056].
2023-07-20 16:57:03,169 - INFO - Best fit parameters: [2.32760056].
2023-07-20 16:57:03,193 - INFO - Maximum log composite likelihood: -85.8838990471038.
2023-07-20 16:57:03,194 - INFO - Optimal value of theta: 1050.5736242497085.
2023-07-20 16:57:03,194 - INFO - Beginning optimization with guess, [5.3183314].
2023-07-20 16:57:03,952 - INFO - Finished optimization with guess, [5.3183314].
2023-07-20 16:57:03,952 - INFO - Best fit parameters: [5.3183314].
2023-07-20 16:57:03,976 - INFO - Maximum log composite likelihood: -85.8838990471038.
2023-07-20 16:57:03,976 - INFO - Optimal value of theta: 1050.5736242497085.
2023-07-20 16:57:03,976 - INFO - Beginning optimization with guess, [4.27786092].
2023-07-20 16:57:04,735 - INFO - Finished optimization with guess, [4.27786092].
2023-07-20 16:57:04,735 - INFO - Best fit parameters: [4.27786092].
2023-07-20 16:57:04,759 - INFO - Maximum log composite likelihood: -85.8838990471038.
2023-07-20 16:57:04,760 - INFO - Optimal value of theta: 1050.5736242497085.
2023-07-20 16:57:04,760 - INFO - Beginning optimization with guess, [3.40912291].
2023-07-20 16:57:05,518 - INFO - Finished optimization with guess, [3.40912291].
2023-07-20 16:57:05,519 - INFO - Best fit parameters: [3.40912291].
2023-07-20 16:57:05,542 - INFO - Maximum log composite likelihood: -85.8838990471038.
2023-07-20 16:57:05,543 - INFO - Optimal value of theta: 1050.5736242497085.
2023-07-20 16:57:05,543 - INFO - Beginning optimization with guess, [4.669112].
2023-07-20 16:57:06,301 - INFO - Finished optimization with guess, [4.669112].
2023-07-20 16:57:06,302 - INFO - Best fit parameters: [4.669112].
2023-07-20 16:57:06,325 - INFO - Maximum log composite likelihood: -85.8838990471038.
2023-07-20 16:57:06,326 - INFO - Optimal value of theta: 1050.5736242497085.
2023-07-20 16:57:06,326 - INFO - Beginning optimization with guess, [12.57030045].
2023-07-20 16:57:07,155 - INFO - Finished optimization with guess, [12.57030045].
2023-07-20 16:57:07,155 - INFO - Best fit parameters: [12.57030045].
2023-07-20 16:57:07,179 - INFO - Maximum log composite likelihood: -85.8838990471038.
2023-07-20 16:57:07,179 - INFO - Optimal value of theta: 1050.5736242497085.
2023-07-20 16:57:07,181 - INFO - Beginning demographic inference for two-epoch demographic model.
2023-07-20 16:57:07,184 - INFO - Beginning optimization with guess, [0.07432955 0.00605889].
2023-07-20 16:57:08,365 - INFO - Finished optimization with guess, [0.07432955 0.00605889].
2023-07-20 16:57:08,366 - INFO - Best fit parameters: [8.43897538e-05 4.24329476e-06].
2023-07-20 16:57:08,391 - INFO - Maximum log composite likelihood: -55.169360106908016.
2023-07-20 16:57:08,392 - INFO - Optimal value of theta: 1160.8392687317476.
2023-07-20 16:57:08,392 - INFO - Beginning optimization with guess, [0.38175173 0.01191114].
2023-07-20 16:57:09,663 - INFO - Finished optimization with guess, [0.38175173 0.01191114].
2023-07-20 16:57:09,664 - INFO - Best fit parameters: [5.60665271e-05 2.83967288e-06].
2023-07-20 16:57:09,690 - INFO - Maximum log composite likelihood: -55.16990323743744.
2023-07-20 16:57:09,690 - INFO - Optimal value of theta: 1161.6164643980162.
2023-07-20 16:57:09,690 - INFO - Beginning optimization with guess, [0.5985684  0.00657113].
2023-07-20 16:57:11,026 - INFO - Finished optimization with guess, [0.5985684  0.00657113].
2023-07-20 16:57:11,026 - INFO - Best fit parameters: [0.41160107 0.04191652].
2023-07-20 16:57:11,052 - INFO - Maximum log composite likelihood: -61.3457730977492.
2023-07-20 16:57:11,053 - INFO - Optimal value of theta: 1168.2023191893236.
2023-07-20 16:57:11,053 - INFO - Beginning optimization with guess, [0.44837558 0.00777877].
2023-07-20 16:57:12,246 - INFO - Finished optimization with guess, [0.44837558 0.00777877].
2023-07-20 16:57:12,246 - INFO - Best fit parameters: [0.00515493 0.00026213].
2023-07-20 16:57:12,272 - INFO - Maximum log composite likelihood: -55.21364397381444.
2023-07-20 16:57:12,272 - INFO - Optimal value of theta: 1161.4136691679803.
2023-07-20 16:57:12,272 - INFO - Beginning optimization with guess, [0.64355684 0.01233046].
2023-07-20 16:57:13,478 - INFO - Finished optimization with guess, [0.64355684 0.01233046].
2023-07-20 16:57:13,478 - INFO - Best fit parameters: [0.0084857  0.00043948].
2023-07-20 16:57:13,504 - INFO - Maximum log composite likelihood: -55.2532868510383.
2023-07-20 16:57:13,504 - INFO - Optimal value of theta: 1162.961207374279.
2023-07-20 16:57:13,504 - INFO - Beginning optimization with guess, [0.95617559 0.01376252].
2023-07-20 16:57:14,735 - INFO - Finished optimization with guess, [0.95617559 0.01376252].
2023-07-20 16:57:14,736 - INFO - Best fit parameters: [0.63640619 0.06774382].
2023-07-20 16:57:14,763 - INFO - Maximum log composite likelihood: -66.86953456865217.
2023-07-20 16:57:14,763 - INFO - Optimal value of theta: 1122.9169376083414.
2023-07-20 16:57:14,763 - INFO - Beginning optimization with guess, [1.13542026 0.01169496].
2023-07-20 16:57:16,088 - INFO - Finished optimization with guess, [1.13542026 0.01169496].
2023-07-20 16:57:16,088 - INFO - Best fit parameters: [0.52225315 0.05983042].
2023-07-20 16:57:16,114 - INFO - Maximum log composite likelihood: -63.66478212371112.
2023-07-20 16:57:16,115 - INFO - Optimal value of theta: 1154.004528443611.
2023-07-20 16:57:16,115 - INFO - Beginning optimization with guess, [0.50802505 0.00640827].
2023-07-20 16:57:17,264 - INFO - Finished optimization with guess, [0.50802505 0.00640827].
2023-07-20 16:57:17,264 - INFO - Best fit parameters: [0.03334202 0.00175678].
2023-07-20 16:57:17,290 - INFO - Maximum log composite likelihood: -55.4640628890578.
2023-07-20 16:57:17,290 - INFO - Optimal value of theta: 1161.6821524408542.
2023-07-20 16:57:17,290 - INFO - Beginning optimization with guess, [1.74739087 0.01479504].
2023-07-20 16:57:18,615 - INFO - Finished optimization with guess, [1.74739087 0.01479504].
2023-07-20 16:57:18,615 - INFO - Best fit parameters: [0.21547469 0.0113046 ].
2023-07-20 16:57:18,640 - INFO - Maximum log composite likelihood: -58.0273106920215.
2023-07-20 16:57:18,640 - INFO - Optimal value of theta: 1138.6256948650876.
2023-07-20 16:57:18,641 - INFO - Beginning optimization with guess, [0.87781977 0.00574474].
2023-07-20 16:57:19,833 - INFO - Finished optimization with guess, [0.87781977 0.00574474].
2023-07-20 16:57:19,833 - INFO - Best fit parameters: [0.50405122 0.06598716].
2023-07-20 16:57:19,860 - INFO - Maximum log composite likelihood: -64.1418750025183.
2023-07-20 16:57:19,861 - INFO - Optimal value of theta: 1171.21738703845.
2023-07-20 16:57:19,861 - INFO - Beginning optimization with guess, [1.36408558 0.01916105].
2023-07-20 16:57:21,158 - INFO - Finished optimization with guess, [1.36408558 0.01916105].
2023-07-20 16:57:21,159 - INFO - Best fit parameters: [0.40660044 0.03927436].
2023-07-20 16:57:21,185 - INFO - Maximum log composite likelihood: -60.999099431125046.
2023-07-20 16:57:21,185 - INFO - Optimal value of theta: 1163.9097432533283.
2023-07-20 16:57:21,186 - INFO - Beginning optimization with guess, [1.83201552 0.00593256].
2023-07-20 16:57:22,590 - INFO - Finished optimization with guess, [1.83201552 0.00593256].
2023-07-20 16:57:22,591 - INFO - Best fit parameters: [0.40119958 0.02824733].
2023-07-20 16:57:22,617 - INFO - Maximum log composite likelihood: -60.70617084260084.
2023-07-20 16:57:22,617 - INFO - Optimal value of theta: 1136.845962479703.
2023-07-20 16:57:22,617 - INFO - Beginning optimization with guess, [1.00479371 0.00939452].
2023-07-20 16:57:23,975 - INFO - Finished optimization with guess, [1.00479371 0.00939452].
2023-07-20 16:57:23,976 - INFO - Best fit parameters: [0.99014079 0.14964095].
2023-07-20 16:57:24,003 - INFO - Maximum log composite likelihood: -85.20091152882651.
2023-07-20 16:57:24,003 - INFO - Optimal value of theta: 1052.97222463864.
2023-07-20 16:57:24,003 - INFO - Beginning optimization with guess, [2.18987739 0.00540936].
2023-07-20 16:57:25,398 - INFO - Finished optimization with guess, [2.18987739 0.00540936].
2023-07-20 16:57:25,399 - INFO - Best fit parameters: [0.14753777 0.00763248].
2023-07-20 16:57:25,425 - INFO - Maximum log composite likelihood: -56.91237043558226.
2023-07-20 16:57:25,425 - INFO - Optimal value of theta: 1145.6705409400247.
2023-07-20 16:57:25,425 - INFO - Beginning optimization with guess, [4.32651775 0.01116994].
2023-07-20 16:57:26,625 - INFO - Finished optimization with guess, [4.32651775 0.01116994].
2023-07-20 16:57:26,626 - INFO - Best fit parameters: [0.29727541 0.01702783].
2023-07-20 16:57:26,651 - INFO - Maximum log composite likelihood: -59.20938458149976.
2023-07-20 16:57:26,651 - INFO - Optimal value of theta: 1135.4403934952356.
2023-07-20 16:57:26,651 - INFO - Beginning optimization with guess, [1.68605121 0.01470302].
2023-07-20 16:57:27,942 - INFO - Finished optimization with guess, [1.68605121 0.01470302].
2023-07-20 16:57:27,942 - INFO - Best fit parameters: [0.23772581 0.01122981].
2023-07-20 16:57:27,967 - INFO - Maximum log composite likelihood: -59.207077094838155.
2023-07-20 16:57:27,968 - INFO - Optimal value of theta: 1127.8886735633273.
2023-07-20 16:57:27,968 - INFO - Beginning optimization with guess, [1.63360475 0.00588106].
2023-07-20 16:57:29,287 - INFO - Finished optimization with guess, [1.63360475 0.00588106].
2023-07-20 16:57:29,287 - INFO - Best fit parameters: [0.20746212 0.01499801].
2023-07-20 16:57:29,313 - INFO - Maximum log composite likelihood: -57.67664434099834.
2023-07-20 16:57:29,313 - INFO - Optimal value of theta: 1170.7851235279745.
2023-07-20 16:57:29,313 - INFO - Beginning optimization with guess, [5.12872613 0.01649781].
2023-07-20 16:57:30,448 - INFO - Finished optimization with guess, [5.12872613 0.01649781].
2023-07-20 16:57:30,449 - INFO - Best fit parameters: [0.06443201 0.0035124 ].
2023-07-20 16:57:30,474 - INFO - Maximum log composite likelihood: -55.75096277689113.
2023-07-20 16:57:30,474 - INFO - Optimal value of theta: 1161.3002946761717.
2023-07-20 16:57:30,474 - INFO - Beginning optimization with guess, [4.14974118 0.01059335].
2023-07-20 16:57:31,700 - INFO - Finished optimization with guess, [4.14974118 0.01059335].
2023-07-20 16:57:31,701 - INFO - Best fit parameters: [0.10435981 0.00677546].
2023-07-20 16:57:31,727 - INFO - Maximum log composite likelihood: -56.57532466120324.
2023-07-20 16:57:31,727 - INFO - Optimal value of theta: 1175.1567176186823.
2023-07-20 16:57:31,728 - INFO - Beginning optimization with guess, [6.43481384 0.00729117].
2023-07-20 16:57:32,918 - INFO - Finished optimization with guess, [6.43481384 0.00729117].
2023-07-20 16:57:32,918 - INFO - Best fit parameters: [0.06046597 0.00303173].
2023-07-20 16:57:32,943 - INFO - Maximum log composite likelihood: -55.79845970937481.
2023-07-20 16:57:32,943 - INFO - Optimal value of theta: 1153.2481053590466.
2023-07-20 16:57:32,944 - INFO - Beginning optimization with guess, [2.91872145 0.00796085].
2023-07-20 16:57:34,117 - INFO - Finished optimization with guess, [2.91872145 0.00796085].
2023-07-20 16:57:34,117 - INFO - Best fit parameters: [0.23922374 0.01734129].
2023-07-20 16:57:34,143 - INFO - Maximum log composite likelihood: -57.94145448234144.
2023-07-20 16:57:34,143 - INFO - Optimal value of theta: 1165.7325019725179.
2023-07-20 16:57:34,143 - INFO - Beginning optimization with guess, [3.28259651 0.01246526].
2023-07-20 16:57:35,376 - INFO - Finished optimization with guess, [3.28259651 0.01246526].
2023-07-20 16:57:35,376 - INFO - Best fit parameters: [0.05850232 0.00319058].
2023-07-20 16:57:35,402 - INFO - Maximum log composite likelihood: -55.69849499053282.
2023-07-20 16:57:35,402 - INFO - Optimal value of theta: 1162.124220158404.
2023-07-20 16:57:35,402 - INFO - Beginning optimization with guess, [7.80110871 0.01602185].
2023-07-20 16:57:36,574 - INFO - Finished optimization with guess, [7.80110871 0.01602185].
2023-07-20 16:57:36,575 - INFO - Best fit parameters: [0.00291422 0.00014893].
2023-07-20 16:57:36,601 - INFO - Maximum log composite likelihood: -55.19746928556606.
2023-07-20 16:57:36,601 - INFO - Optimal value of theta: 1162.2222275827812.
2023-07-20 16:57:36,601 - INFO - Beginning optimization with guess, [6.46359881 0.00898963].
2023-07-20 16:57:37,767 - INFO - Finished optimization with guess, [6.46359881 0.00898963].
2023-07-20 16:57:37,767 - INFO - Best fit parameters: [0.17581474 0.01261925].
2023-07-20 16:57:37,793 - INFO - Maximum log composite likelihood: -57.47052401371798.
2023-07-20 16:57:37,793 - INFO - Optimal value of theta: 1175.3194932875108.
2023-07-20 16:57:37,794 - INFO - Beginning demographic inference for three-epoch demographic model.
2023-07-20 16:57:37,798 - INFO - Beginning optimization with guess, [0.01690443 0.00624656 0.01016068 0.01095657].
2023-07-20 16:57:44,820 - INFO - Finished optimization with guess, [0.01690443 0.00624656 0.01016068 0.01095657].
2023-07-20 16:57:44,821 - INFO - Best fit parameters: [0.01182725 0.00364206 0.00935304 0.0229479 ].
2023-07-20 16:57:44,970 - INFO - Maximum log composite likelihood: -77.83559879030179.
2023-07-20 16:57:44,970 - INFO - Optimal value of theta: 242273.91414981126.
2023-07-20 16:57:44,970 - INFO - Beginning optimization with guess, [0.01566997 0.02785855 0.01702728 0.01128066].
2023-07-20 16:57:49,017 - INFO - Finished optimization with guess, [0.01566997 0.02785855 0.01702728 0.01128066].
2023-07-20 16:57:49,017 - INFO - Best fit parameters: [0.01059996 0.01917086 0.04347734 0.01383557].
2023-07-20 16:57:49,125 - INFO - Maximum log composite likelihood: -78.34624429060443.
2023-07-20 16:57:49,125 - INFO - Optimal value of theta: 47092.13145681567.
2023-07-20 16:57:49,125 - INFO - Beginning optimization with guess, [0.01864276 0.02508389 0.00937895 0.00819047].
2023-07-20 16:57:50,469 - INFO - Finished optimization with guess, [0.01864276 0.02508389 0.00937895 0.00819047].
2023-07-20 16:57:50,469 - INFO - Best fit parameters: [0.0802246  0.08023147 0.00248775 0.00216735].
2023-07-20 16:57:50,495 - INFO - Maximum log composite likelihood: -55.96474493393828.
2023-07-20 16:57:50,496 - INFO - Optimal value of theta: 1165.9165069005435.
2023-07-20 16:57:50,496 - INFO - Beginning optimization with guess, [0.07580156 0.04826587 0.01144428 0.01490052].
2023-07-20 16:57:51,776 - INFO - Finished optimization with guess, [0.07580156 0.04826587 0.01144428 0.01490052].
2023-07-20 16:57:51,776 - INFO - Best fit parameters: [0.09515958 0.12961851 0.00297812 0.00382353].
2023-07-20 16:57:51,802 - INFO - Maximum log composite likelihood: -56.43420231193659.
2023-07-20 16:57:51,802 - INFO - Optimal value of theta: 1166.3495174561335.
2023-07-20 16:57:51,802 - INFO - Beginning optimization with guess, [0.05217403 0.03233589 0.00655423 0.00748522].
2023-07-20 16:57:53,090 - INFO - Finished optimization with guess, [0.05217403 0.03233589 0.00655423 0.00748522].
2023-07-20 16:57:53,091 - INFO - Best fit parameters: [0.07710735 0.08415854 0.0023107  0.00227874].
2023-07-20 16:57:53,117 - INFO - Maximum log composite likelihood: -55.952993171136995.
2023-07-20 16:57:53,118 - INFO - Optimal value of theta: 1163.9950158006516.
2023-07-20 16:57:53,118 - INFO - Beginning optimization with guess, [0.54313441 0.30811364 0.01581733 0.01230367].
2023-07-20 16:57:54,304 - INFO - Finished optimization with guess, [0.54313441 0.30811364 0.01581733 0.01230367].
2023-07-20 16:57:54,305 - INFO - Best fit parameters: [0.60607882 0.0204617  0.00086402 0.0010093 ].
2023-07-20 16:57:54,331 - INFO - Maximum log composite likelihood: -55.36343626143423.
2023-07-20 16:57:54,331 - INFO - Optimal value of theta: 1157.5740377166348.
2023-07-20 16:57:54,331 - INFO - Beginning optimization with guess, [0.84449965 1.05544844 0.01192423 0.01728281].
2023-07-20 16:57:55,511 - INFO - Finished optimization with guess, [0.84449965 1.05544844 0.01192423 0.01728281].
2023-07-20 16:57:55,511 - INFO - Best fit parameters: [7.33761943e-01 1.03577147e+00 1.14645930e-01 9.74333627e-04].
2023-07-20 16:57:55,539 - INFO - Maximum log composite likelihood: -71.2277820242175.
2023-07-20 16:57:55,540 - INFO - Optimal value of theta: 1120.8224584953068.
2023-07-20 16:57:55,540 - INFO - Beginning optimization with guess, [1.23816518 0.82608853 0.00692585 0.0067106 ].
2023-07-20 16:57:56,761 - INFO - Finished optimization with guess, [1.23816518 0.82608853 0.00692585 0.0067106 ].
2023-07-20 16:57:56,761 - INFO - Best fit parameters: [1.27966026 0.7717698  0.00497733 0.13081454].
2023-07-20 16:57:56,790 - INFO - Maximum log composite likelihood: -72.60543391420379.
2023-07-20 16:57:56,790 - INFO - Optimal value of theta: 1113.0645277347835.
2023-07-20 16:57:56,790 - INFO - Beginning optimization with guess, [0.48268605 1.78745555 0.00672157 0.00535004].
2023-07-20 16:57:57,989 - INFO - Finished optimization with guess, [0.48268605 1.78745555 0.00672157 0.00535004].
2023-07-20 16:57:57,990 - INFO - Best fit parameters: [0.38206862 1.69829649 0.02821838 0.00291423].
2023-07-20 16:57:58,016 - INFO - Maximum log composite likelihood: -61.825585248478205.
2023-07-20 16:57:58,017 - INFO - Optimal value of theta: 1139.647657677037.
2023-07-20 16:57:58,017 - INFO - Beginning optimization with guess, [1.89105275 0.71842597 0.01252528 0.00664625].
2023-07-20 16:57:59,200 - INFO - Finished optimization with guess, [1.89105275 0.71842597 0.01252528 0.00664625].
2023-07-20 16:57:59,200 - INFO - Best fit parameters: [1.82633011 0.63411135 0.00202657 0.07112943].
2023-07-20 16:57:59,227 - INFO - Maximum log composite likelihood: -66.77244289959685.
2023-07-20 16:57:59,227 - INFO - Optimal value of theta: 1125.2392539171276.
2023-07-20 16:57:59,227 - INFO - Beginning optimization with guess, [1.98534885 1.61060326 0.00566373 0.01453786].
2023-07-20 16:58:00,322 - INFO - Finished optimization with guess, [1.98534885 1.61060326 0.00566373 0.01453786].
2023-07-20 16:58:00,322 - INFO - Best fit parameters: [2.30321991e+00 4.88324763e-01 7.89533733e-06 1.07131499e-03].
2023-07-20 16:58:00,347 - INFO - Maximum log composite likelihood: -84.24951485661973.
2023-07-20 16:58:00,348 - INFO - Optimal value of theta: 1053.1294851358193.
2023-07-20 16:58:00,348 - INFO - Beginning optimization with guess, [2.27194421 2.37593291 0.01083783 0.01713613].
2023-07-20 16:58:01,425 - INFO - Finished optimization with guess, [2.27194421 2.37593291 0.01083783 0.01713613].
2023-07-20 16:58:01,425 - INFO - Best fit parameters: [4.71625212e+00 3.98444247e-01 2.93217236e-04 7.89806408e-03].
2023-07-20 16:58:01,450 - INFO - Maximum log composite likelihood: -72.57121832981943.
2023-07-20 16:58:01,450 - INFO - Optimal value of theta: 1076.384325605818.
2023-07-20 16:58:01,451 - INFO - Beginning optimization with guess, [1.86587971 2.76252535 0.01002031 0.01599491].
2023-07-20 16:58:02,533 - INFO - Finished optimization with guess, [1.86587971 2.76252535 0.01002031 0.01599491].
2023-07-20 16:58:02,534 - INFO - Best fit parameters: [8.55084722e-01 1.57752865e+00 7.43121787e-04 9.13359999e-05].
2023-07-20 16:58:02,559 - INFO - Maximum log composite likelihood: -85.74525203339783.
2023-07-20 16:58:02,559 - INFO - Optimal value of theta: 1050.7857752468778.
2023-07-20 16:58:02,559 - INFO - Beginning optimization with guess, [1.37944812 1.85157205 0.0059026  0.00587064].
2023-07-20 16:58:03,715 - INFO - Finished optimization with guess, [1.37944812 1.85157205 0.0059026  0.00587064].
2023-07-20 16:58:03,715 - INFO - Best fit parameters: [8.76821545e-01 1.46020621e+00 5.30227774e-04 2.75780467e-05].
2023-07-20 16:58:03,740 - INFO - Maximum log composite likelihood: -85.78426239153089.
2023-07-20 16:58:03,741 - INFO - Optimal value of theta: 1050.724927989515.
2023-07-20 16:58:03,741 - INFO - Beginning optimization with guess, [2.46967838 2.45756495 0.01224052 0.00609111].
2023-07-20 16:58:04,846 - INFO - Finished optimization with guess, [2.46967838 2.45756495 0.01224052 0.00609111].
2023-07-20 16:58:04,846 - INFO - Best fit parameters: [1.69516686e+00 7.29244083e-01 7.62065003e-05 2.66383303e-04].
2023-07-20 16:58:04,871 - INFO - Maximum log composite likelihood: -85.78057558306784.
2023-07-20 16:58:04,871 - INFO - Optimal value of theta: 1050.729758895705.
2023-07-20 16:58:04,872 - INFO - Beginning optimization with guess, [4.36796217 3.44778202 0.01006174 0.00699474].
2023-07-20 16:58:05,976 - INFO - Finished optimization with guess, [4.36796217 3.44778202 0.01006174 0.00699474].
2023-07-20 16:58:05,976 - INFO - Best fit parameters: [2.58880286e+00 5.97548863e-01 3.01661402e-05 7.35675705e-04].
2023-07-20 16:58:06,002 - INFO - Maximum log composite likelihood: -85.17029835723201.
2023-07-20 16:58:06,002 - INFO - Optimal value of theta: 1051.6690536065848.
2023-07-20 16:58:06,002 - INFO - Beginning optimization with guess, [2.2201476  1.55685256 0.0180683  0.01096848].
2023-07-20 16:58:07,101 - INFO - Finished optimization with guess, [2.2201476  1.55685256 0.0180683  0.01096848].
2023-07-20 16:58:07,101 - INFO - Best fit parameters: [1.57109591e+00 8.22078391e-01 8.48145633e-05 6.19712013e-04].
2023-07-20 16:58:07,126 - INFO - Maximum log composite likelihood: -85.72743148995562.
2023-07-20 16:58:07,126 - INFO - Optimal value of theta: 1050.8114116697361.
2023-07-20 16:58:07,126 - INFO - Beginning optimization with guess, [5.52747779 2.05828828 0.00799912 0.00953593].
2023-07-20 16:58:08,269 - INFO - Finished optimization with guess, [5.52747779 2.05828828 0.00799912 0.00953593].
2023-07-20 16:58:08,269 - INFO - Best fit parameters: [2.27000725e-01 9.76026912e-01 3.21736376e-05 2.38967792e-06].
2023-07-20 16:58:08,294 - INFO - Maximum log composite likelihood: -85.71600224579367.
2023-07-20 16:58:08,294 - INFO - Optimal value of theta: 1050.826740517938.
2023-07-20 16:58:08,294 - INFO - Beginning optimization with guess, [1.75289673 5.19643563 0.01501663 0.00532881].
2023-07-20 16:58:09,311 - INFO - Finished optimization with guess, [1.75289673 5.19643563 0.01501663 0.00532881].
2023-07-20 16:58:09,312 - INFO - Best fit parameters: [7.70781092e-01 2.38541793e+00 2.79501301e-03 2.60970533e-05].
2023-07-20 16:58:09,336 - INFO - Maximum log composite likelihood: -84.72288393047108.
2023-07-20 16:58:09,337 - INFO - Optimal value of theta: 1052.419871734367.
2023-07-20 16:58:09,337 - INFO - Beginning optimization with guess, [5.66269546 6.1915364  0.00625672 0.01633717].
2023-07-20 16:58:10,426 - INFO - Finished optimization with guess, [5.66269546 6.1915364  0.00625672 0.01633717].
2023-07-20 16:58:10,427 - INFO - Best fit parameters: [6.26805820e-01 4.47065875e+00 5.33424358e-04 1.88467625e-04].
2023-07-20 16:58:10,452 - INFO - Maximum log composite likelihood: -85.62962062831002.
2023-07-20 16:58:10,452 - INFO - Optimal value of theta: 1050.9650720582927.
2023-07-20 16:58:10,453 - INFO - Beginning optimization with guess, [4.61233926e+00 6.36139215e+00 1.86040355e-02 5.33742441e-03].
2023-07-20 16:58:11,543 - INFO - Finished optimization with guess, [4.61233926e+00 6.36139215e+00 1.86040355e-02 5.33742441e-03].
2023-07-20 16:58:11,543 - INFO - Best fit parameters: [2.02706336e+00 1.13095809e-01 1.14293888e-05 1.85365620e-05].
2023-07-20 16:58:11,568 - INFO - Maximum log composite likelihood: -85.6700535236705.
2023-07-20 16:58:11,568 - INFO - Optimal value of theta: 1050.8961867752178.
2023-07-20 16:58:11,569 - INFO - Beginning optimization with guess, [2.91598288 4.53779335 0.00568628 0.01260155].
2023-07-20 16:58:12,638 - INFO - Finished optimization with guess, [2.91598288 4.53779335 0.00568628 0.01260155].
2023-07-20 16:58:12,638 - INFO - Best fit parameters: [7.64435042e-01 1.97093066e+00 3.06160115e-04 5.34237179e-05].
2023-07-20 16:58:12,663 - INFO - Maximum log composite likelihood: -85.78071067025348.
2023-07-20 16:58:12,663 - INFO - Optimal value of theta: 1050.7300700136486.
2023-07-20 16:58:12,663 - INFO - Beginning optimization with guess, [3.66850122 5.06980284 0.00976101 0.00534102].
2023-07-20 16:58:13,834 - INFO - Finished optimization with guess, [3.66850122 5.06980284 0.00976101 0.00534102].
2023-07-20 16:58:13,834 - INFO - Best fit parameters: [1.98723214e+00 2.03033595e-01 1.32138809e-05 1.27827721e-04].
2023-07-20 16:58:13,859 - INFO - Maximum log composite likelihood: -85.13423686132262.
2023-07-20 16:58:13,859 - INFO - Optimal value of theta: 1051.715343293041.
2023-07-20 16:58:13,859 - INFO - Beginning optimization with guess, [7.78994529e+00 1.22193103e+01 9.92556981e-03 8.31031995e-03].
2023-07-20 16:58:14,949 - INFO - Finished optimization with guess, [7.78994529e+00 1.22193103e+01 9.92556981e-03 8.31031995e-03].
2023-07-20 16:58:14,949 - INFO - Best fit parameters: [1.00812187e-01 3.97741934e+01 1.53675836e-03 2.93879676e-05].
2023-07-20 16:58:14,974 - INFO - Maximum log composite likelihood: -69.97073519262756.
2023-07-20 16:58:14,974 - INFO - Optimal value of theta: 1081.2810926569168.
2023-07-20 16:58:14,976 - INFO - Finished demographic inference.
2023-07-20 16:58:14,976 - INFO - Pipeline executed succesfully.
