2023-05-04 14:07:21,299 - INFO - Beginning execution of evaluate_demography.py in directory /u/project/ngarud/jonmah/demo_for_ccgb/Scripts

2023-05-04 14:07:21,299 - INFO - Progress is being logged to ../Analysis/Bacteroides_fragilis_54507_downsampled_14/complete_evaluate_demography.log

2023-05-04 14:07:21,299 - INFO - Parsed the following arguments:
	syn_input_sfs = ../Analysis/Bacteroides_fragilis_54507_downsampled_14/empirical_syn_downsampled_sfs.txt
	model_type = three_epoch
	params_list = [29.6, 19.2, 0.051, 0.00212]
	mask_singletons = False
	mask_doubletons = False
	outprefix = ../Analysis/Bacteroides_fragilis_54507_downsampled_14/complete

2023-05-04 14:07:21,318 - INFO - Beginning demographic evaluation for three-epoch demographic model.
2023-05-04 14:07:21,321 - INFO - Beginning optimization with guess, [29.6, 19.2, 0.051, 0.00212].
2023-05-04 14:07:21,572 - INFO - Finished optimization with guess, [29.6, 19.2, 0.051, 0.00212].
2023-05-04 14:07:21,573 - INFO - Best fit parameters: [2.96e+01 1.92e+01 5.10e-02 2.12e-03].
2023-05-04 14:07:21,624 - INFO - Maximum log composite likelihood: -54.261872982673594.
2023-05-04 14:07:21,624 - INFO - Optimal value of theta: 7882.547563453952.
2023-05-04 14:07:21,625 - INFO - Synonymous input SFS: [-- 11297.537605390711 4929.165800924858 3390.209105292599 2692.096657725525 2326.0320177304184 2166.823692281851 1063.753220128854 -- -- -- -- -- -- --].
2023-05-04 14:07:21,626 - INFO - Scaled spectrum: [-- 11255.817994264904 4628.680653526571 3344.709386660117 2758.9072944915483 2452.348421543331 2299.076209692742 1126.0781392956073 -- -- -- -- -- -- --].
2023-05-04 14:07:21,627 - INFO - Converting and interpreting Tau estimates.
2023-05-04 14:07:21,628 - INFO - Finished demographic evaluation.
2023-05-04 14:07:21,628 - INFO - Pipeline executed succesfully.
