2023-08-09 18:46:14,110 - INFO - Beginning execution of evaluate_demography.py in directory /u/project/ngarud/jonmah/demo_for_ccgb/Scripts

2023-08-09 18:46:14,110 - INFO - Progress is being logged to ../Analysis/Bacteroides_fragilis_54507_downsampled_14/core_evaluate_demography.log

2023-08-09 18:46:14,110 - INFO - Parsed the following arguments:
	syn_input_sfs = ../Analysis/Bacteroides_fragilis_54507_downsampled_14/core_empirical_syn_downsampled_sfs.txt
	model_type = two_epoch
	params_list = [3.6028002, 0.1824545]
	mask_singletons = False
	mask_doubletons = False
	outprefix = ../Analysis/Bacteroides_fragilis_54507_downsampled_14/core

2023-08-09 18:46:14,111 - INFO - Beginning demographic evaluation for two-epoch demographic model.
2023-08-09 18:46:14,112 - INFO - Beginning optimization with guess, [3.6028002, 0.1824545].
2023-08-09 18:46:14,112 - INFO - Finished optimization with guess, [3.6028002, 0.1824545].
2023-08-09 18:46:14,112 - INFO - Best fit parameters: [3.6028002, 0.1824545].
2023-08-09 18:46:14,138 - INFO - Maximum log composite likelihood: -33.70224918011991.
2023-08-09 18:46:14,138 - INFO - Outputting residual between model and data.
2023-08-09 18:46:14,540 - INFO - Optimal value of theta: 5322.513955348921.
2023-08-09 18:46:14,541 - INFO - Synonymous input SFS: [-- 9366.945323739981 3568.190168479623 2362.3364932876134 1888.6832004087653 1659.563019384724 1540.860040217266 750.977904896889 -- -- -- -- -- -- --].
2023-08-09 18:46:14,541 - INFO - Scaled spectrum: [-- 9368.147273324967 3579.1078907276665 2339.5205752510374 1878.3346860653019 1658.9428121265473 1553.0259942188165 760.476918700526 -- -- -- -- -- -- --].
2023-08-09 18:46:14,542 - INFO - Converting and interpreting Tau estimates.
2023-08-09 18:46:14,544 - INFO - Finished demographic evaluation.
2023-08-09 18:46:14,544 - INFO - Pipeline executed succesfully.
