2022-02-10 20:37:04,486 - INFO - Beginning execution of fit_one_epoch.py in directory /u/project/ngarud/jonmah/demo_for_ccgb/Scripts

2022-02-10 20:37:04,486 - INFO - Progress is being logged to ../Analysis/Bacteroides_thetaiotaomicron_56941_no_mask/log.log

2022-02-10 20:37:04,486 - INFO - Parsed the following arguments:
	mask_doubletons = False
	syn_input_sfs = ../Data/Bacteroides_thetaiotaomicron_56941_syn.sfs
	mask_singletons = False
	outprefix = ../Analysis/Bacteroides_thetaiotaomicron_56941_no_mask/

2022-02-10 20:37:04,494 - INFO - Beginning demographic inference for exponential growth demographic model.
2022-02-10 20:37:04,496 - INFO - Beginning optimization with guess, [8.11325584e-02 5.25026295e-07].
2022-02-10 20:37:15,808 - INFO - Finished optimization with guess, [8.11325584e-02 5.25026295e-07].
2022-02-10 20:37:15,809 - INFO - Best fit parameters: [2.22534407e-03 1.50730567e-05].
2022-02-10 20:37:16,151 - INFO - Maximum log composite likelihood: -343.927622769.
2022-02-10 20:37:16,152 - INFO - Optimal value of theta: 11156.9127958.
2022-02-10 20:37:16,152 - INFO - Beginning optimization with guess, [2.57545561e-01 7.05682544e-07].
2022-02-10 20:37:29,510 - INFO - Finished optimization with guess, [2.57545561e-01 7.05682544e-07].
2022-02-10 20:37:29,512 - INFO - Best fit parameters: [3.08710442e-03 2.05664899e-05].
2022-02-10 20:37:29,858 - INFO - Maximum log composite likelihood: -343.864933981.
2022-02-10 20:37:29,859 - INFO - Optimal value of theta: 11150.0530423.
2022-02-10 20:37:29,859 - INFO - Beginning optimization with guess, [2.24539749e-01 6.10941981e-07].
2022-02-10 20:37:43,212 - INFO - Finished optimization with guess, [2.24539749e-01 6.10941981e-07].
2022-02-10 20:37:43,214 - INFO - Best fit parameters: [2.90022144e-03 1.91898432e-05].
2022-02-10 20:37:43,558 - INFO - Maximum log composite likelihood: -343.863721762.
2022-02-10 20:37:43,558 - INFO - Optimal value of theta: 11147.4953621.
2022-02-10 20:37:43,559 - INFO - Beginning optimization with guess, [2.10708356e-01 8.86551216e-07].
2022-02-10 20:37:54,844 - INFO - Finished optimization with guess, [2.10708356e-01 8.86551216e-07].
2022-02-10 20:37:54,845 - INFO - Best fit parameters: [3.66921647e-03 2.39089780e-05].
2022-02-10 20:37:55,193 - INFO - Maximum log composite likelihood: -343.854586866.
2022-02-10 20:37:55,194 - INFO - Optimal value of theta: 11141.2876661.
2022-02-10 20:37:55,195 - INFO - Beginning optimization with guess, [2.90592917e-01 8.26750920e-07].
2022-02-10 20:38:08,474 - INFO - Finished optimization with guess, [2.90592917e-01 8.26750920e-07].
2022-02-10 20:38:08,474 - INFO - Best fit parameters: [3.26203005e-03 2.21716416e-05].
2022-02-10 20:38:08,812 - INFO - Maximum log composite likelihood: -343.909945434.
2022-02-10 20:38:08,813 - INFO - Optimal value of theta: 11157.8008329.
2022-02-10 20:38:08,813 - INFO - Beginning optimization with guess, [3.90656320e-01 7.22505655e-07].
2022-02-10 20:38:19,018 - INFO - Finished optimization with guess, [3.90656320e-01 7.22505655e-07].
2022-02-10 20:38:19,019 - INFO - Best fit parameters: [2.97840710e-03 1.57925733e-05].
2022-02-10 20:38:19,362 - INFO - Maximum log composite likelihood: -346.315185457.
2022-02-10 20:38:19,363 - INFO - Optimal value of theta: 11069.4762469.
2022-02-10 20:38:19,363 - INFO - Beginning optimization with guess, [4.21979007e-01 6.34469961e-07].
2022-02-10 20:38:29,614 - INFO - Finished optimization with guess, [4.21979007e-01 6.34469961e-07].
2022-02-10 20:38:29,614 - INFO - Best fit parameters: [2.16120582e-03 1.50539135e-05].
2022-02-10 20:38:29,957 - INFO - Maximum log composite likelihood: -344.078696285.
2022-02-10 20:38:29,958 - INFO - Optimal value of theta: 11168.0691404.
2022-02-10 20:38:29,958 - INFO - Beginning optimization with guess, [4.41255116e-01 7.90583589e-07].
2022-02-10 20:38:40,092 - INFO - Finished optimization with guess, [4.41255116e-01 7.90583589e-07].
2022-02-10 20:38:40,093 - INFO - Best fit parameters: [2.27413778e-03 1.71942962e-05].
2022-02-10 20:38:40,429 - INFO - Maximum log composite likelihood: -345.141199792.
2022-02-10 20:38:40,429 - INFO - Optimal value of theta: 11202.1273086.
2022-02-10 20:38:40,430 - INFO - Beginning optimization with guess, [1.02232741e+00 1.40868752e-06].
2022-02-10 20:38:55,884 - INFO - Finished optimization with guess, [1.02232741e+00 1.40868752e-06].
2022-02-10 20:38:55,885 - INFO - Best fit parameters: [2.74039810e-04 1.76397718e-06].
2022-02-10 20:38:56,237 - INFO - Maximum log composite likelihood: -343.946978772.
2022-02-10 20:38:56,237 - INFO - Optimal value of theta: 11138.1479854.
2022-02-10 20:38:56,238 - INFO - Beginning optimization with guess, [8.25972755e-01 7.49453262e-07].
2022-02-10 20:39:09,640 - INFO - Finished optimization with guess, [8.25972755e-01 7.49453262e-07].
2022-02-10 20:39:09,641 - INFO - Best fit parameters: [5.10208042e-04 3.36476414e-06].
2022-02-10 20:39:09,988 - INFO - Maximum log composite likelihood: -343.919748862.
2022-02-10 20:39:09,989 - INFO - Optimal value of theta: 11147.294984.
2022-02-10 20:39:09,989 - INFO - Beginning optimization with guess, [1.92191841e+00 1.20498467e-06].
2022-02-10 20:39:25,315 - INFO - Finished optimization with guess, [1.92191841e+00 1.20498467e-06].
2022-02-10 20:39:25,316 - INFO - Best fit parameters: [2.55802897e-08 1.71147578e-10].
2022-02-10 20:39:25,658 - INFO - Maximum log composite likelihood: -343.95370071.
2022-02-10 20:39:25,659 - INFO - Optimal value of theta: 11153.1128401.
2022-02-10 20:39:25,659 - INFO - Beginning optimization with guess, [2.64959459e+00 1.49635279e-06].
2022-02-10 20:39:38,841 - INFO - Finished optimization with guess, [2.64959459e+00 1.49635279e-06].
2022-02-10 20:39:38,843 - INFO - Best fit parameters: [1.02413867e-07 6.74389167e-10].
2022-02-10 20:39:39,185 - INFO - Maximum log composite likelihood: -343.931291138.
2022-02-10 20:39:39,186 - INFO - Optimal value of theta: 11146.9416436.
2022-02-10 20:39:39,186 - INFO - Beginning optimization with guess, [1.19364165e+00 1.40414879e-06].
2022-02-10 20:39:53,429 - INFO - Finished optimization with guess, [1.19364165e+00 1.40414879e-06].
2022-02-10 20:39:53,430 - INFO - Best fit parameters: [4.56515109e-05 3.19391052e-07].
2022-02-10 20:39:53,769 - INFO - Maximum log composite likelihood: -344.188054422.
2022-02-10 20:39:53,770 - INFO - Optimal value of theta: 11170.845994.
2022-02-10 20:39:53,770 - INFO - Beginning optimization with guess, [2.05247736e+00 9.65054452e-07].
2022-02-10 20:40:06,017 - INFO - Finished optimization with guess, [2.05247736e+00 9.65054452e-07].
2022-02-10 20:40:06,018 - INFO - Best fit parameters: [2.11445086e-09 1.30162068e-11].
2022-02-10 20:40:06,352 - INFO - Maximum log composite likelihood: -344.165235941.
2022-02-10 20:40:06,352 - INFO - Optimal value of theta: 11121.6959543.
2022-02-10 20:40:06,353 - INFO - Beginning optimization with guess, [2.2948153e+00 1.5800167e-06].
2022-02-10 20:40:18,510 - INFO - Finished optimization with guess, [2.2948153e+00 1.5800167e-06].
2022-02-10 20:40:18,511 - INFO - Best fit parameters: [6.73381458e-08 4.40207632e-10].
2022-02-10 20:40:18,853 - INFO - Maximum log composite likelihood: -343.931347937.
2022-02-10 20:40:18,854 - INFO - Optimal value of theta: 11144.1517459.
2022-02-10 20:40:18,854 - INFO - Beginning optimization with guess, [2.39469804e+00 1.01652413e-06].
2022-02-10 20:40:28,041 - INFO - Finished optimization with guess, [2.39469804e+00 1.01652413e-06].
2022-02-10 20:40:28,042 - INFO - Best fit parameters: [4.28243855e-08 2.83677232e-10].
2022-02-10 20:40:28,385 - INFO - Maximum log composite likelihood: -343.936007208.
2022-02-10 20:40:28,386 - INFO - Optimal value of theta: 11149.2365842.
2022-02-10 20:40:28,386 - INFO - Beginning optimization with guess, [3.46279561e+00 1.18285780e-06].
2022-02-10 20:40:45,744 - INFO - Finished optimization with guess, [3.46279561e+00 1.18285780e-06].
2022-02-10 20:40:45,745 - INFO - Best fit parameters: [6.43399606e-09 4.24855635e-11].
2022-02-10 20:40:46,089 - INFO - Maximum log composite likelihood: -343.93296397.
2022-02-10 20:40:46,089 - INFO - Optimal value of theta: 11148.0148634.
2022-02-10 20:40:46,090 - INFO - Beginning optimization with guess, [5.45354463e+00 5.21542713e-07].
2022-02-10 20:41:05,498 - INFO - Finished optimization with guess, [5.45354463e+00 5.21542713e-07].
2022-02-10 20:41:05,500 - INFO - Best fit parameters: [1.24882860e-10 8.24928039e-13].
2022-02-10 20:41:05,849 - INFO - Maximum log composite likelihood: -343.933242198.
2022-02-10 20:41:05,850 - INFO - Optimal value of theta: 11148.1505554.
2022-02-10 20:41:05,850 - INFO - Beginning optimization with guess, [4.54944587e+00 7.29298447e-07].
2022-02-10 20:41:22,134 - INFO - Finished optimization with guess, [4.54944587e+00 7.29298447e-07].
2022-02-10 20:41:22,135 - INFO - Best fit parameters: [7.99951952e-10 5.32194872e-12].
2022-02-10 20:41:22,472 - INFO - Maximum log composite likelihood: -343.942145073.
2022-02-10 20:41:22,473 - INFO - Optimal value of theta: 11150.9090737.
2022-02-10 20:41:22,473 - INFO - Beginning optimization with guess, [2.05393487e+00 1.60423862e-06].
2022-02-10 20:41:34,722 - INFO - Finished optimization with guess, [2.05393487e+00 1.60423862e-06].
2022-02-10 20:41:34,723 - INFO - Best fit parameters: [5.98149822e-09 4.35741436e-11].
2022-02-10 20:41:35,079 - INFO - Maximum log composite likelihood: -344.638540549.
2022-02-10 20:41:35,080 - INFO - Optimal value of theta: 11187.4950725.
2022-02-10 20:41:35,080 - INFO - Beginning optimization with guess, [7.46748408e+00 1.34391770e-06].
2022-02-10 20:41:56,698 - INFO - Finished optimization with guess, [7.46748408e+00 1.34391770e-06].
2022-02-10 20:41:56,699 - INFO - Best fit parameters: [3.73932262e-11 2.78989496e-13].
2022-02-10 20:41:57,036 - INFO - Maximum log composite likelihood: -345.016735577.
2022-02-10 20:41:57,036 - INFO - Optimal value of theta: 11197.5845273.
2022-02-10 20:41:57,036 - INFO - Beginning optimization with guess, [5.55786416e+00 1.45565459e-06].
2022-02-10 20:42:13,410 - INFO - Finished optimization with guess, [5.55786416e+00 1.45565459e-06].
2022-02-10 20:42:13,411 - INFO - Best fit parameters: [3.13830819e-10 2.57598313e-12].
2022-02-10 20:42:13,752 - INFO - Maximum log composite likelihood: -347.453590833.
2022-02-10 20:42:13,753 - INFO - Optimal value of theta: 11239.888015.
2022-02-10 20:42:13,753 - INFO - Beginning optimization with guess, [7.92000000e+00 5.73218307e-07].
2022-02-10 20:42:29,076 - INFO - Finished optimization with guess, [7.92000000e+00 5.73218307e-07].
2022-02-10 20:42:29,076 - INFO - Best fit parameters: [8.85038585e-13 7.71751546e-15].
2022-02-10 20:42:29,423 - INFO - Maximum log composite likelihood: -349.853136904.
2022-02-10 20:42:29,424 - INFO - Optimal value of theta: 11268.4162091.
2022-02-10 20:42:29,424 - INFO - Beginning optimization with guess, [4.38964424e+00 1.46537209e-06].
2022-02-10 20:42:47,722 - INFO - Finished optimization with guess, [4.38964424e+00 1.46537209e-06].
2022-02-10 20:42:47,724 - INFO - Best fit parameters: [2.53297983e-09 1.87135353e-11].
2022-02-10 20:42:48,059 - INFO - Maximum log composite likelihood: -344.850556619.
2022-02-10 20:42:48,060 - INFO - Optimal value of theta: 11193.4080303.
2022-02-10 20:42:48,060 - INFO - Beginning optimization with guess, [7.03619978e+00 7.79718105e-07].
2022-02-10 20:43:02,214 - INFO - Finished optimization with guess, [7.03619978e+00 7.79718105e-07].
2022-02-10 20:43:02,215 - INFO - Best fit parameters: [7.56718513e-13 5.28899512e-15].
2022-02-10 20:43:02,562 - INFO - Maximum log composite likelihood: -344.181629568.
2022-02-10 20:43:02,563 - INFO - Optimal value of theta: 11170.4681709.
2022-02-10 20:43:02,568 - INFO - Beginning demographic inference for two-epoch demographic model.
2022-02-10 20:43:02,572 - INFO - Beginning optimization with guess, [6.22600305e-02 1.44702968e-06].
2022-02-10 20:43:12,791 - INFO - Finished optimization with guess, [6.22600305e-02 1.44702968e-06].
2022-02-10 20:43:12,792 - INFO - Best fit parameters: [3.66872423e-03 2.21126852e-05].
2022-02-10 20:43:13,131 - INFO - Maximum log composite likelihood: -348.31818418.
2022-02-10 20:43:13,132 - INFO - Optimal value of theta: 11124.2624781.
2022-02-10 20:43:13,132 - INFO - Beginning optimization with guess, [2.78577395e-01 1.51304671e-06].
2022-02-10 20:43:23,348 - INFO - Finished optimization with guess, [2.78577395e-01 1.51304671e-06].
2022-02-10 20:43:23,348 - INFO - Best fit parameters: [5.63148106e-03 2.96805489e-05].
2022-02-10 20:43:23,687 - INFO - Maximum log composite likelihood: -348.566328737.
2022-02-10 20:43:23,688 - INFO - Optimal value of theta: 11074.2986036.
2022-02-10 20:43:23,688 - INFO - Beginning optimization with guess, [5.09684604e-01 1.48244050e-06].
2022-02-10 20:43:36,302 - INFO - Finished optimization with guess, [5.09684604e-01 1.48244050e-06].
2022-02-10 20:43:36,303 - INFO - Best fit parameters: [3.57541672e-03 2.09348207e-05].
2022-02-10 20:43:36,638 - INFO - Maximum log composite likelihood: -348.187325983.
2022-02-10 20:43:36,639 - INFO - Optimal value of theta: 11113.2259051.
2022-02-10 20:43:36,639 - INFO - Beginning optimization with guess, [7.63326800e-01 1.01426445e-06].
2022-02-10 20:55:46,381 - INFO - Finished optimization with guess, [7.63326800e-01 1.01426445e-06].
2022-02-10 20:55:46,383 - INFO - Best fit parameters: [1.07453259e-03 6.10398252e-06].
2022-02-10 20:55:46,727 - INFO - Maximum log composite likelihood: -348.193969632.
2022-02-10 20:55:46,728 - INFO - Optimal value of theta: 11102.9182379.
2022-02-10 20:55:46,728 - INFO - Beginning optimization with guess, [6.82426559e-01 1.32092845e-06].
2022-02-10 20:55:56,939 - INFO - Finished optimization with guess, [6.82426559e-01 1.32092845e-06].
2022-02-10 20:55:56,940 - INFO - Best fit parameters: [1.86313089e-03 1.11266573e-05].
2022-02-10 20:55:57,289 - INFO - Maximum log composite likelihood: -348.304339347.
2022-02-10 20:55:57,289 - INFO - Optimal value of theta: 11121.4692473.
2022-02-10 20:55:57,290 - INFO - Beginning optimization with guess, [5.12015261e-01 5.61872067e-07].
2022-02-10 21:02:44,518 - INFO - Finished optimization with guess, [5.12015261e-01 5.61872067e-07].
2022-02-10 21:02:44,520 - INFO - Best fit parameters: [1.62235587e-03 1.06211593e-05].
2022-02-10 21:02:44,851 - INFO - Maximum log composite likelihood: -349.427903587.
2022-02-10 21:02:44,851 - INFO - Optimal value of theta: 11158.2078526.
2022-02-10 21:02:44,851 - INFO - Beginning optimization with guess, [1.01365180e+00 1.99918861e-06].
