2022-11-02 15:30:31,304 - INFO - Beginning execution of fit_one_epoch.py in directory /u/project/ngarud/jonmah/demo_for_ccgb/Scripts

2022-11-02 15:30:31,305 - INFO - Progress is being logged to ../Analysis/Veillonella_parvula_57794_oral/unmasked/log.log

2022-11-02 15:30:31,305 - INFO - Parsed the following arguments:
	syn_input_sfs = ../Data/oral_microbiome_sfs/Veillonella_parvula_57794_sfs/folded_sfs_10.txt
	mask_singletons = False
	mask_doubletons = False
	outprefix = ../Analysis/Veillonella_parvula_57794_oral/unmasked/

2022-11-02 15:30:31,329 - INFO - Beginning demographic inference for one-epoch demographic model.
2022-11-02 15:30:31,332 - INFO - Beginning optimization with guess, [0.05996358].
2022-11-02 15:30:32,384 - INFO - Finished optimization with guess, [0.05996358].
2022-11-02 15:30:32,385 - INFO - Best fit parameters: [0.05996358].
2022-11-02 15:30:32,903 - INFO - Maximum log composite likelihood: -293759.4541347234.
2022-11-02 15:30:32,905 - INFO - Optimal value of theta: 194621.40401998252.
2022-11-02 15:30:32,905 - INFO - Beginning optimization with guess, [0.18232386].
2022-11-02 15:30:33,940 - INFO - Finished optimization with guess, [0.18232386].
2022-11-02 15:30:33,941 - INFO - Best fit parameters: [0.18232386].
2022-11-02 15:30:34,467 - INFO - Maximum log composite likelihood: -293759.4541347234.
2022-11-02 15:30:34,470 - INFO - Optimal value of theta: 194621.40401998252.
2022-11-02 15:30:34,472 - INFO - Beginning optimization with guess, [0.23868059].
2022-11-02 15:30:35,509 - INFO - Finished optimization with guess, [0.23868059].
2022-11-02 15:30:35,510 - INFO - Best fit parameters: [0.23868059].
2022-11-02 15:30:36,025 - INFO - Maximum log composite likelihood: -293759.4541347234.
2022-11-02 15:30:36,026 - INFO - Optimal value of theta: 194621.40401998252.
2022-11-02 15:30:36,026 - INFO - Beginning optimization with guess, [0.20996313].
2022-11-02 15:30:37,059 - INFO - Finished optimization with guess, [0.20996313].
2022-11-02 15:30:37,060 - INFO - Best fit parameters: [0.20996313].
2022-11-02 15:30:37,575 - INFO - Maximum log composite likelihood: -293759.4541347234.
2022-11-02 15:30:37,577 - INFO - Optimal value of theta: 194621.40401998252.
2022-11-02 15:30:37,578 - INFO - Beginning optimization with guess, [0.33016178].
2022-11-02 15:30:38,618 - INFO - Finished optimization with guess, [0.33016178].
2022-11-02 15:30:38,619 - INFO - Best fit parameters: [0.33016178].
2022-11-02 15:30:39,134 - INFO - Maximum log composite likelihood: -293759.4541347234.
2022-11-02 15:30:39,135 - INFO - Optimal value of theta: 194621.40401998252.
2022-11-02 15:30:39,136 - INFO - Beginning optimization with guess, [0.53591463].
2022-11-02 15:30:40,172 - INFO - Finished optimization with guess, [0.53591463].
2022-11-02 15:30:40,172 - INFO - Best fit parameters: [0.53591463].
2022-11-02 15:30:40,689 - INFO - Maximum log composite likelihood: -293759.4541347234.
2022-11-02 15:30:40,691 - INFO - Optimal value of theta: 194621.40401998252.
2022-11-02 15:30:40,692 - INFO - Beginning optimization with guess, [1.21088765].
2022-11-02 15:30:41,725 - INFO - Finished optimization with guess, [1.21088765].
2022-11-02 15:30:41,725 - INFO - Best fit parameters: [1.21088765].
2022-11-02 15:30:42,247 - INFO - Maximum log composite likelihood: -293759.4541347234.
2022-11-02 15:30:42,249 - INFO - Optimal value of theta: 194621.40401998252.
2022-11-02 15:30:42,250 - INFO - Beginning optimization with guess, [1.45534743].
2022-11-02 15:30:43,284 - INFO - Finished optimization with guess, [1.45534743].
2022-11-02 15:30:43,285 - INFO - Best fit parameters: [1.45534743].
2022-11-02 15:30:43,800 - INFO - Maximum log composite likelihood: -293759.4541347234.
2022-11-02 15:30:43,801 - INFO - Optimal value of theta: 194621.40401998252.
2022-11-02 15:30:43,802 - INFO - Beginning optimization with guess, [0.53657034].
2022-11-02 15:30:44,835 - INFO - Finished optimization with guess, [0.53657034].
2022-11-02 15:30:44,836 - INFO - Best fit parameters: [0.53657034].
2022-11-02 15:30:45,352 - INFO - Maximum log composite likelihood: -293759.4541347234.
2022-11-02 15:30:45,353 - INFO - Optimal value of theta: 194621.40401998252.
2022-11-02 15:30:45,354 - INFO - Beginning optimization with guess, [1.41096872].
2022-11-02 15:30:46,400 - INFO - Finished optimization with guess, [1.41096872].
2022-11-02 15:30:46,401 - INFO - Best fit parameters: [1.41096872].
2022-11-02 15:30:46,917 - INFO - Maximum log composite likelihood: -293759.4541347234.
2022-11-02 15:30:46,919 - INFO - Optimal value of theta: 194621.40401998252.
2022-11-02 15:30:46,919 - INFO - Beginning optimization with guess, [1.7601111].
2022-11-02 15:30:47,963 - INFO - Finished optimization with guess, [1.7601111].
2022-11-02 15:30:47,964 - INFO - Best fit parameters: [1.7601111].
2022-11-02 15:30:48,481 - INFO - Maximum log composite likelihood: -293759.4541347234.
2022-11-02 15:30:48,482 - INFO - Optimal value of theta: 194621.40401998252.
2022-11-02 15:30:48,483 - INFO - Beginning optimization with guess, [0.92279007].
2022-11-02 15:30:49,523 - INFO - Finished optimization with guess, [0.92279007].
2022-11-02 15:30:49,524 - INFO - Best fit parameters: [0.92279007].
2022-11-02 15:30:50,043 - INFO - Maximum log composite likelihood: -293759.4541347234.
2022-11-02 15:30:50,045 - INFO - Optimal value of theta: 194621.40401998252.
2022-11-02 15:30:50,046 - INFO - Beginning optimization with guess, [1.90829592].
2022-11-02 15:30:51,081 - INFO - Finished optimization with guess, [1.90829592].
2022-11-02 15:30:51,082 - INFO - Best fit parameters: [1.90829592].
2022-11-02 15:30:51,597 - INFO - Maximum log composite likelihood: -293759.4541347234.
2022-11-02 15:30:51,598 - INFO - Optimal value of theta: 194621.40401998252.
2022-11-02 15:30:51,599 - INFO - Beginning optimization with guess, [2.12736697].
2022-11-02 15:30:52,656 - INFO - Finished optimization with guess, [2.12736697].
2022-11-02 15:30:52,657 - INFO - Best fit parameters: [2.12736697].
2022-11-02 15:30:53,175 - INFO - Maximum log composite likelihood: -293759.4541347234.
2022-11-02 15:30:53,176 - INFO - Optimal value of theta: 194621.40401998252.
2022-11-02 15:30:53,177 - INFO - Beginning optimization with guess, [1.55052613].
2022-11-02 15:30:54,216 - INFO - Finished optimization with guess, [1.55052613].
2022-11-02 15:30:54,216 - INFO - Best fit parameters: [1.55052613].
2022-11-02 15:30:54,735 - INFO - Maximum log composite likelihood: -293759.4541347234.
2022-11-02 15:30:54,736 - INFO - Optimal value of theta: 194621.40401998252.
2022-11-02 15:30:54,736 - INFO - Beginning optimization with guess, [2.29602956].
2022-11-02 15:30:55,771 - INFO - Finished optimization with guess, [2.29602956].
2022-11-02 15:30:55,772 - INFO - Best fit parameters: [2.29602956].
2022-11-02 15:30:56,290 - INFO - Maximum log composite likelihood: -293759.4541347234.
2022-11-02 15:30:56,291 - INFO - Optimal value of theta: 194621.40401998252.
2022-11-02 15:30:56,292 - INFO - Beginning optimization with guess, [3.07266598].
2022-11-02 15:30:57,332 - INFO - Finished optimization with guess, [3.07266598].
2022-11-02 15:30:57,333 - INFO - Best fit parameters: [3.07266598].
2022-11-02 15:30:57,850 - INFO - Maximum log composite likelihood: -293759.4541347234.
2022-11-02 15:30:57,851 - INFO - Optimal value of theta: 194621.40401998252.
2022-11-02 15:30:57,852 - INFO - Beginning optimization with guess, [2.74060398].
2022-11-02 15:30:58,886 - INFO - Finished optimization with guess, [2.74060398].
2022-11-02 15:30:58,887 - INFO - Best fit parameters: [2.74060398].
2022-11-02 15:30:59,406 - INFO - Maximum log composite likelihood: -293759.4541347234.
2022-11-02 15:30:59,407 - INFO - Optimal value of theta: 194621.40401998252.
2022-11-02 15:30:59,407 - INFO - Beginning optimization with guess, [2.03129693].
2022-11-02 15:31:00,455 - INFO - Finished optimization with guess, [2.03129693].
2022-11-02 15:31:00,456 - INFO - Best fit parameters: [2.03129693].
2022-11-02 15:31:00,978 - INFO - Maximum log composite likelihood: -293759.4541347234.
2022-11-02 15:31:00,979 - INFO - Optimal value of theta: 194621.40401998252.
2022-11-02 15:31:00,980 - INFO - Beginning optimization with guess, [2.47831209].
2022-11-02 15:31:02,020 - INFO - Finished optimization with guess, [2.47831209].
2022-11-02 15:31:02,021 - INFO - Best fit parameters: [2.47831209].
2022-11-02 15:31:02,542 - INFO - Maximum log composite likelihood: -293759.4541347234.
2022-11-02 15:31:02,543 - INFO - Optimal value of theta: 194621.40401998252.
2022-11-02 15:31:02,544 - INFO - Beginning optimization with guess, [7.98040836].
2022-11-02 15:31:03,590 - INFO - Finished optimization with guess, [7.98040836].
2022-11-02 15:31:03,591 - INFO - Best fit parameters: [7.98040836].
2022-11-02 15:31:04,109 - INFO - Maximum log composite likelihood: -293759.4541347234.
2022-11-02 15:31:04,110 - INFO - Optimal value of theta: 194621.40401998252.
2022-11-02 15:31:04,111 - INFO - Beginning optimization with guess, [5.80315402].
2022-11-02 15:31:05,152 - INFO - Finished optimization with guess, [5.80315402].
2022-11-02 15:31:05,153 - INFO - Best fit parameters: [5.80315402].
2022-11-02 15:31:05,670 - INFO - Maximum log composite likelihood: -293759.4541347234.
2022-11-02 15:31:05,671 - INFO - Optimal value of theta: 194621.40401998252.
2022-11-02 15:31:05,672 - INFO - Beginning optimization with guess, [4.25196478].
2022-11-02 15:31:06,708 - INFO - Finished optimization with guess, [4.25196478].
2022-11-02 15:31:06,709 - INFO - Best fit parameters: [4.25196478].
2022-11-02 15:31:07,226 - INFO - Maximum log composite likelihood: -293759.4541347234.
2022-11-02 15:31:07,227 - INFO - Optimal value of theta: 194621.40401998252.
2022-11-02 15:31:07,227 - INFO - Beginning optimization with guess, [5.80925059].
2022-11-02 15:31:08,260 - INFO - Finished optimization with guess, [5.80925059].
2022-11-02 15:31:08,261 - INFO - Best fit parameters: [5.80925059].
2022-11-02 15:31:08,779 - INFO - Maximum log composite likelihood: -293759.4541347234.
2022-11-02 15:31:08,780 - INFO - Optimal value of theta: 194621.40401998252.
2022-11-02 15:31:08,781 - INFO - Beginning optimization with guess, [6.92024129].
2022-11-02 15:31:09,814 - INFO - Finished optimization with guess, [6.92024129].
2022-11-02 15:31:09,814 - INFO - Best fit parameters: [6.92024129].
2022-11-02 15:31:10,332 - INFO - Maximum log composite likelihood: -293759.4541347234.
2022-11-02 15:31:10,333 - INFO - Optimal value of theta: 194621.40401998252.
2022-11-02 15:31:10,338 - INFO - Finished demographic inference.
2022-11-02 15:31:10,338 - INFO - Pipeline executed succesfully.
