2023-02-17 16:17:39,693 - INFO - Beginning execution of fit_one_epoch.py in directory /u/project/ngarud/jonmah/demo_for_ccgb/Scripts

2023-02-17 16:17:39,693 - INFO - Progress is being logged to ../Analysis/Bacteroides_caccae_53434_downsampled_12/log.log

2023-02-17 16:17:39,693 - INFO - Parsed the following arguments:
	syn_input_sfs = ../Analysis/Bacteroides_caccae_53434_downsampled_12/empirical_sfs.txt
	mask_singletons = False
	mask_doubletons = False
	outprefix = ../Analysis/Bacteroides_caccae_53434_downsampled_12/

2023-02-17 16:17:39,703 - INFO - Beginning demographic inference for one-epoch demographic model.
2023-02-17 16:17:39,705 - INFO - Beginning optimization with guess, [0.15622472].
2023-02-17 16:17:39,775 - INFO - Finished optimization with guess, [0.15622472].
2023-02-17 16:17:39,775 - INFO - Best fit parameters: [0.15622472].
2023-02-17 16:17:39,809 - INFO - Maximum log composite likelihood: -46.27593526221608.
2023-02-17 16:17:39,810 - INFO - Optimal value of theta: 4342.805767188103.
2023-02-17 16:17:39,810 - INFO - Beginning optimization with guess, [0.1980944].
2023-02-17 16:17:39,879 - INFO - Finished optimization with guess, [0.1980944].
2023-02-17 16:17:39,879 - INFO - Best fit parameters: [0.1980944].
2023-02-17 16:17:39,913 - INFO - Maximum log composite likelihood: -46.27593526221608.
2023-02-17 16:17:39,913 - INFO - Optimal value of theta: 4342.805767188103.
2023-02-17 16:17:39,914 - INFO - Beginning optimization with guess, [0.37247842].
2023-02-17 16:17:39,983 - INFO - Finished optimization with guess, [0.37247842].
2023-02-17 16:17:39,983 - INFO - Best fit parameters: [0.37247842].
2023-02-17 16:17:40,017 - INFO - Maximum log composite likelihood: -46.27593526221608.
2023-02-17 16:17:40,017 - INFO - Optimal value of theta: 4342.805767188103.
2023-02-17 16:17:40,018 - INFO - Beginning optimization with guess, [0.24816591].
2023-02-17 16:17:40,086 - INFO - Finished optimization with guess, [0.24816591].
2023-02-17 16:17:40,087 - INFO - Best fit parameters: [0.24816591].
2023-02-17 16:17:40,121 - INFO - Maximum log composite likelihood: -46.27593526221608.
2023-02-17 16:17:40,121 - INFO - Optimal value of theta: 4342.805767188103.
2023-02-17 16:17:40,121 - INFO - Beginning optimization with guess, [0.39515957].
2023-02-17 16:17:40,190 - INFO - Finished optimization with guess, [0.39515957].
2023-02-17 16:17:40,190 - INFO - Best fit parameters: [0.39515957].
2023-02-17 16:17:40,224 - INFO - Maximum log composite likelihood: -46.27593526221608.
2023-02-17 16:17:40,225 - INFO - Optimal value of theta: 4342.805767188103.
2023-02-17 16:17:40,225 - INFO - Beginning optimization with guess, [0.68454058].
2023-02-17 16:17:40,297 - INFO - Finished optimization with guess, [0.68454058].
2023-02-17 16:17:40,297 - INFO - Best fit parameters: [0.68454058].
2023-02-17 16:17:40,332 - INFO - Maximum log composite likelihood: -46.27593526221608.
2023-02-17 16:17:40,332 - INFO - Optimal value of theta: 4342.805767188103.
2023-02-17 16:17:40,332 - INFO - Beginning optimization with guess, [0.58333539].
2023-02-17 16:17:40,402 - INFO - Finished optimization with guess, [0.58333539].
2023-02-17 16:17:40,402 - INFO - Best fit parameters: [0.58333539].
2023-02-17 16:17:40,436 - INFO - Maximum log composite likelihood: -46.27593526221608.
2023-02-17 16:17:40,436 - INFO - Optimal value of theta: 4342.805767188103.
2023-02-17 16:17:40,436 - INFO - Beginning optimization with guess, [0.76842299].
2023-02-17 16:17:40,505 - INFO - Finished optimization with guess, [0.76842299].
2023-02-17 16:17:40,505 - INFO - Best fit parameters: [0.76842299].
2023-02-17 16:17:40,540 - INFO - Maximum log composite likelihood: -46.27593526221608.
2023-02-17 16:17:40,540 - INFO - Optimal value of theta: 4342.805767188103.
2023-02-17 16:17:40,540 - INFO - Beginning optimization with guess, [1.2992203].
2023-02-17 16:17:40,609 - INFO - Finished optimization with guess, [1.2992203].
2023-02-17 16:17:40,610 - INFO - Best fit parameters: [1.2992203].
2023-02-17 16:17:40,644 - INFO - Maximum log composite likelihood: -46.27593526221608.
2023-02-17 16:17:40,644 - INFO - Optimal value of theta: 4342.805767188103.
2023-02-17 16:17:40,644 - INFO - Beginning optimization with guess, [1.25053861].
2023-02-17 16:17:40,713 - INFO - Finished optimization with guess, [1.25053861].
2023-02-17 16:17:40,714 - INFO - Best fit parameters: [1.25053861].
2023-02-17 16:17:40,748 - INFO - Maximum log composite likelihood: -46.27593526221608.
2023-02-17 16:17:40,748 - INFO - Optimal value of theta: 4342.805767188103.
2023-02-17 16:17:40,748 - INFO - Beginning optimization with guess, [1.15088313].
2023-02-17 16:17:40,817 - INFO - Finished optimization with guess, [1.15088313].
2023-02-17 16:17:40,818 - INFO - Best fit parameters: [1.15088313].
2023-02-17 16:17:40,852 - INFO - Maximum log composite likelihood: -46.27593526221608.
2023-02-17 16:17:40,852 - INFO - Optimal value of theta: 4342.805767188103.
2023-02-17 16:17:40,852 - INFO - Beginning optimization with guess, [2.40707201].
2023-02-17 16:17:40,921 - INFO - Finished optimization with guess, [2.40707201].
2023-02-17 16:17:40,922 - INFO - Best fit parameters: [2.40707201].
2023-02-17 16:17:40,956 - INFO - Maximum log composite likelihood: -46.27593526221608.
2023-02-17 16:17:40,956 - INFO - Optimal value of theta: 4342.805767188103.
2023-02-17 16:17:40,956 - INFO - Beginning optimization with guess, [1.56706198].
2023-02-17 16:17:41,026 - INFO - Finished optimization with guess, [1.56706198].
2023-02-17 16:17:41,026 - INFO - Best fit parameters: [1.56706198].
2023-02-17 16:17:41,060 - INFO - Maximum log composite likelihood: -46.27593526221608.
2023-02-17 16:17:41,061 - INFO - Optimal value of theta: 4342.805767188103.
2023-02-17 16:17:41,061 - INFO - Beginning optimization with guess, [1.32370945].
2023-02-17 16:17:41,130 - INFO - Finished optimization with guess, [1.32370945].
2023-02-17 16:17:41,130 - INFO - Best fit parameters: [1.32370945].
2023-02-17 16:17:41,164 - INFO - Maximum log composite likelihood: -46.27593526221608.
2023-02-17 16:17:41,165 - INFO - Optimal value of theta: 4342.805767188103.
2023-02-17 16:17:41,165 - INFO - Beginning optimization with guess, [2.12048548].
2023-02-17 16:17:41,234 - INFO - Finished optimization with guess, [2.12048548].
2023-02-17 16:17:41,234 - INFO - Best fit parameters: [2.12048548].
2023-02-17 16:17:41,268 - INFO - Maximum log composite likelihood: -46.27593526221608.
2023-02-17 16:17:41,268 - INFO - Optimal value of theta: 4342.805767188103.
2023-02-17 16:17:41,269 - INFO - Beginning optimization with guess, [2.87321618].
2023-02-17 16:17:41,338 - INFO - Finished optimization with guess, [2.87321618].
2023-02-17 16:17:41,338 - INFO - Best fit parameters: [2.87321618].
2023-02-17 16:17:41,372 - INFO - Maximum log composite likelihood: -46.27593526221608.
2023-02-17 16:17:41,372 - INFO - Optimal value of theta: 4342.805767188103.
2023-02-17 16:17:41,373 - INFO - Beginning optimization with guess, [1.9679539].
2023-02-17 16:17:41,441 - INFO - Finished optimization with guess, [1.9679539].
2023-02-17 16:17:41,441 - INFO - Best fit parameters: [1.9679539].
2023-02-17 16:17:41,475 - INFO - Maximum log composite likelihood: -46.27593526221608.
2023-02-17 16:17:41,475 - INFO - Optimal value of theta: 4342.805767188103.
2023-02-17 16:17:41,476 - INFO - Beginning optimization with guess, [2.29726651].
2023-02-17 16:17:41,545 - INFO - Finished optimization with guess, [2.29726651].
2023-02-17 16:17:41,545 - INFO - Best fit parameters: [2.29726651].
2023-02-17 16:17:41,579 - INFO - Maximum log composite likelihood: -46.27593526221608.
2023-02-17 16:17:41,580 - INFO - Optimal value of theta: 4342.805767188103.
2023-02-17 16:17:41,580 - INFO - Beginning optimization with guess, [4.10365679].
2023-02-17 16:17:41,649 - INFO - Finished optimization with guess, [4.10365679].
2023-02-17 16:17:41,649 - INFO - Best fit parameters: [4.10365679].
2023-02-17 16:17:41,683 - INFO - Maximum log composite likelihood: -46.27593526221608.
2023-02-17 16:17:41,684 - INFO - Optimal value of theta: 4342.805767188103.
2023-02-17 16:17:41,684 - INFO - Beginning optimization with guess, [4.02802481].
2023-02-17 16:17:41,753 - INFO - Finished optimization with guess, [4.02802481].
2023-02-17 16:17:41,753 - INFO - Best fit parameters: [4.02802481].
2023-02-17 16:17:41,787 - INFO - Maximum log composite likelihood: -46.27593526221608.
2023-02-17 16:17:41,788 - INFO - Optimal value of theta: 4342.805767188103.
2023-02-17 16:17:41,788 - INFO - Beginning optimization with guess, [3.45840304].
2023-02-17 16:17:41,857 - INFO - Finished optimization with guess, [3.45840304].
2023-02-17 16:17:41,857 - INFO - Best fit parameters: [3.45840304].
2023-02-17 16:17:41,891 - INFO - Maximum log composite likelihood: -46.27593526221608.
2023-02-17 16:17:41,892 - INFO - Optimal value of theta: 4342.805767188103.
2023-02-17 16:17:41,892 - INFO - Beginning optimization with guess, [2.65132793].
2023-02-17 16:17:41,961 - INFO - Finished optimization with guess, [2.65132793].
2023-02-17 16:17:41,961 - INFO - Best fit parameters: [2.65132793].
2023-02-17 16:17:41,995 - INFO - Maximum log composite likelihood: -46.27593526221608.
2023-02-17 16:17:41,996 - INFO - Optimal value of theta: 4342.805767188103.
2023-02-17 16:17:41,996 - INFO - Beginning optimization with guess, [9.69161523].
2023-02-17 16:17:42,065 - INFO - Finished optimization with guess, [9.69161523].
2023-02-17 16:17:42,065 - INFO - Best fit parameters: [9.69161523].
2023-02-17 16:17:42,099 - INFO - Maximum log composite likelihood: -46.27593526221608.
2023-02-17 16:17:42,100 - INFO - Optimal value of theta: 4342.805767188103.
2023-02-17 16:17:42,100 - INFO - Beginning optimization with guess, [7.91204478].
2023-02-17 16:17:42,169 - INFO - Finished optimization with guess, [7.91204478].
2023-02-17 16:17:42,169 - INFO - Best fit parameters: [7.91204478].
2023-02-17 16:17:42,203 - INFO - Maximum log composite likelihood: -46.27593526221608.
2023-02-17 16:17:42,203 - INFO - Optimal value of theta: 4342.805767188103.
2023-02-17 16:17:42,204 - INFO - Beginning optimization with guess, [14.35887597].
2023-02-17 16:17:42,275 - INFO - Finished optimization with guess, [14.35887597].
2023-02-17 16:17:42,275 - INFO - Best fit parameters: [14.35887597].
2023-02-17 16:17:42,310 - INFO - Maximum log composite likelihood: -46.27593526221608.
2023-02-17 16:17:42,310 - INFO - Optimal value of theta: 4342.805767188103.
2023-02-17 16:17:42,312 - INFO - Finished demographic inference.
2023-02-17 16:17:42,312 - INFO - Pipeline executed succesfully.
