2023-02-17 16:59:08,456 - INFO - Beginning execution of fit_one_epoch.py in directory /u/project/ngarud/jonmah/demo_for_ccgb/Scripts

2023-02-17 16:59:08,456 - INFO - Progress is being logged to ../Analysis/Alistipes_putredinis_61533_downsampled_18/log.log

2023-02-17 16:59:08,456 - INFO - Parsed the following arguments:
	syn_input_sfs = ../Analysis/Alistipes_putredinis_61533_downsampled_18/empirical_sfs.txt
	mask_singletons = False
	mask_doubletons = False
	outprefix = ../Analysis/Alistipes_putredinis_61533_downsampled_18/

2023-02-17 16:59:08,491 - INFO - Beginning demographic inference for one-epoch demographic model.
2023-02-17 16:59:08,494 - INFO - Beginning optimization with guess, [0.11382176].
2023-02-17 16:59:08,594 - INFO - Finished optimization with guess, [0.11382176].
2023-02-17 16:59:08,594 - INFO - Best fit parameters: [0.11382176].
2023-02-17 16:59:08,642 - INFO - Maximum log composite likelihood: -1070.3713299493795.
2023-02-17 16:59:08,643 - INFO - Optimal value of theta: 2789.2433404369317.
2023-02-17 16:59:08,643 - INFO - Beginning optimization with guess, [0.17416587].
2023-02-17 16:59:08,745 - INFO - Finished optimization with guess, [0.17416587].
2023-02-17 16:59:08,746 - INFO - Best fit parameters: [0.17416587].
2023-02-17 16:59:08,797 - INFO - Maximum log composite likelihood: -1070.3713299493795.
2023-02-17 16:59:08,797 - INFO - Optimal value of theta: 2789.2433404369317.
2023-02-17 16:59:08,797 - INFO - Beginning optimization with guess, [0.15031641].
2023-02-17 16:59:08,899 - INFO - Finished optimization with guess, [0.15031641].
2023-02-17 16:59:08,899 - INFO - Best fit parameters: [0.15031641].
2023-02-17 16:59:08,945 - INFO - Maximum log composite likelihood: -1070.3713299493795.
2023-02-17 16:59:08,945 - INFO - Optimal value of theta: 2789.2433404369317.
2023-02-17 16:59:08,945 - INFO - Beginning optimization with guess, [0.26192399].
2023-02-17 16:59:09,044 - INFO - Finished optimization with guess, [0.26192399].
2023-02-17 16:59:09,044 - INFO - Best fit parameters: [0.26192399].
2023-02-17 16:59:09,095 - INFO - Maximum log composite likelihood: -1070.3713299493795.
2023-02-17 16:59:09,095 - INFO - Optimal value of theta: 2789.2433404369317.
2023-02-17 16:59:09,095 - INFO - Beginning optimization with guess, [0.73597132].
2023-02-17 16:59:09,193 - INFO - Finished optimization with guess, [0.73597132].
2023-02-17 16:59:09,193 - INFO - Best fit parameters: [0.73597132].
2023-02-17 16:59:09,239 - INFO - Maximum log composite likelihood: -1070.3713299493795.
2023-02-17 16:59:09,239 - INFO - Optimal value of theta: 2789.2433404369317.
2023-02-17 16:59:09,239 - INFO - Beginning optimization with guess, [0.9994067].
2023-02-17 16:59:09,331 - INFO - Finished optimization with guess, [0.9994067].
2023-02-17 16:59:09,331 - INFO - Best fit parameters: [0.9994067].
2023-02-17 16:59:09,377 - INFO - Maximum log composite likelihood: -1070.3713299493795.
2023-02-17 16:59:09,378 - INFO - Optimal value of theta: 2789.2433404369317.
2023-02-17 16:59:09,378 - INFO - Beginning optimization with guess, [1.00073443].
2023-02-17 16:59:09,472 - INFO - Finished optimization with guess, [1.00073443].
2023-02-17 16:59:09,472 - INFO - Best fit parameters: [1.00073443].
2023-02-17 16:59:09,522 - INFO - Maximum log composite likelihood: -1070.3713299493795.
2023-02-17 16:59:09,522 - INFO - Optimal value of theta: 2789.2433404369317.
2023-02-17 16:59:09,523 - INFO - Beginning optimization with guess, [0.7332214].
2023-02-17 16:59:09,615 - INFO - Finished optimization with guess, [0.7332214].
2023-02-17 16:59:09,615 - INFO - Best fit parameters: [0.7332214].
2023-02-17 16:59:09,661 - INFO - Maximum log composite likelihood: -1070.3713299493795.
2023-02-17 16:59:09,661 - INFO - Optimal value of theta: 2789.2433404369317.
2023-02-17 16:59:09,661 - INFO - Beginning optimization with guess, [1.57278773].
2023-02-17 16:59:09,753 - INFO - Finished optimization with guess, [1.57278773].
2023-02-17 16:59:09,754 - INFO - Best fit parameters: [1.57278773].
2023-02-17 16:59:09,799 - INFO - Maximum log composite likelihood: -1070.3713299493795.
2023-02-17 16:59:09,799 - INFO - Optimal value of theta: 2789.2433404369317.
2023-02-17 16:59:09,800 - INFO - Beginning optimization with guess, [0.72968293].
2023-02-17 16:59:09,891 - INFO - Finished optimization with guess, [0.72968293].
2023-02-17 16:59:09,891 - INFO - Best fit parameters: [0.72968293].
2023-02-17 16:59:09,937 - INFO - Maximum log composite likelihood: -1070.3713299493795.
2023-02-17 16:59:09,937 - INFO - Optimal value of theta: 2789.2433404369317.
2023-02-17 16:59:09,937 - INFO - Beginning optimization with guess, [1.24842916].
2023-02-17 16:59:10,029 - INFO - Finished optimization with guess, [1.24842916].
2023-02-17 16:59:10,029 - INFO - Best fit parameters: [1.24842916].
2023-02-17 16:59:10,075 - INFO - Maximum log composite likelihood: -1070.3713299493795.
2023-02-17 16:59:10,075 - INFO - Optimal value of theta: 2789.2433404369317.
2023-02-17 16:59:10,075 - INFO - Beginning optimization with guess, [2.61404132].
2023-02-17 16:59:10,166 - INFO - Finished optimization with guess, [2.61404132].
2023-02-17 16:59:10,167 - INFO - Best fit parameters: [2.61404132].
2023-02-17 16:59:10,212 - INFO - Maximum log composite likelihood: -1070.3713299493795.
2023-02-17 16:59:10,212 - INFO - Optimal value of theta: 2789.2433404369317.
2023-02-17 16:59:10,213 - INFO - Beginning optimization with guess, [1.23295653].
2023-02-17 16:59:10,304 - INFO - Finished optimization with guess, [1.23295653].
2023-02-17 16:59:10,304 - INFO - Best fit parameters: [1.23295653].
2023-02-17 16:59:10,349 - INFO - Maximum log composite likelihood: -1070.3713299493795.
2023-02-17 16:59:10,350 - INFO - Optimal value of theta: 2789.2433404369317.
2023-02-17 16:59:10,350 - INFO - Beginning optimization with guess, [1.76357669].
2023-02-17 16:59:10,441 - INFO - Finished optimization with guess, [1.76357669].
2023-02-17 16:59:10,442 - INFO - Best fit parameters: [1.76357669].
2023-02-17 16:59:10,487 - INFO - Maximum log composite likelihood: -1070.3713299493795.
2023-02-17 16:59:10,487 - INFO - Optimal value of theta: 2789.2433404369317.
2023-02-17 16:59:10,487 - INFO - Beginning optimization with guess, [3.81409674].
2023-02-17 16:59:10,578 - INFO - Finished optimization with guess, [3.81409674].
2023-02-17 16:59:10,579 - INFO - Best fit parameters: [3.81409674].
2023-02-17 16:59:10,624 - INFO - Maximum log composite likelihood: -1070.3713299493795.
2023-02-17 16:59:10,624 - INFO - Optimal value of theta: 2789.2433404369317.
2023-02-17 16:59:10,625 - INFO - Beginning optimization with guess, [4.23951353].
2023-02-17 16:59:10,716 - INFO - Finished optimization with guess, [4.23951353].
2023-02-17 16:59:10,716 - INFO - Best fit parameters: [4.23951353].
2023-02-17 16:59:10,761 - INFO - Maximum log composite likelihood: -1070.3713299493795.
2023-02-17 16:59:10,761 - INFO - Optimal value of theta: 2789.2433404369317.
2023-02-17 16:59:10,762 - INFO - Beginning optimization with guess, [4.66369685].
2023-02-17 16:59:10,853 - INFO - Finished optimization with guess, [4.66369685].
2023-02-17 16:59:10,853 - INFO - Best fit parameters: [4.66369685].
2023-02-17 16:59:10,898 - INFO - Maximum log composite likelihood: -1070.3713299493795.
2023-02-17 16:59:10,899 - INFO - Optimal value of theta: 2789.2433404369317.
2023-02-17 16:59:10,899 - INFO - Beginning optimization with guess, [5.75353255].
2023-02-17 16:59:10,990 - INFO - Finished optimization with guess, [5.75353255].
2023-02-17 16:59:10,990 - INFO - Best fit parameters: [5.75353255].
2023-02-17 16:59:11,036 - INFO - Maximum log composite likelihood: -1070.3713299493795.
2023-02-17 16:59:11,036 - INFO - Optimal value of theta: 2789.2433404369317.
2023-02-17 16:59:11,036 - INFO - Beginning optimization with guess, [6.40495175].
2023-02-17 16:59:11,127 - INFO - Finished optimization with guess, [6.40495175].
2023-02-17 16:59:11,128 - INFO - Best fit parameters: [6.40495175].
2023-02-17 16:59:11,173 - INFO - Maximum log composite likelihood: -1070.3713299493795.
2023-02-17 16:59:11,173 - INFO - Optimal value of theta: 2789.2433404369317.
2023-02-17 16:59:11,174 - INFO - Beginning optimization with guess, [6.07004208].
2023-02-17 16:59:11,265 - INFO - Finished optimization with guess, [6.07004208].
2023-02-17 16:59:11,265 - INFO - Best fit parameters: [6.07004208].
2023-02-17 16:59:11,310 - INFO - Maximum log composite likelihood: -1070.3713299493795.
2023-02-17 16:59:11,310 - INFO - Optimal value of theta: 2789.2433404369317.
2023-02-17 16:59:11,311 - INFO - Beginning optimization with guess, [6.45916037].
2023-02-17 16:59:11,402 - INFO - Finished optimization with guess, [6.45916037].
2023-02-17 16:59:11,402 - INFO - Best fit parameters: [6.45916037].
2023-02-17 16:59:11,447 - INFO - Maximum log composite likelihood: -1070.3713299493795.
2023-02-17 16:59:11,447 - INFO - Optimal value of theta: 2789.2433404369317.
2023-02-17 16:59:11,448 - INFO - Beginning optimization with guess, [6.76230843].
2023-02-17 16:59:11,541 - INFO - Finished optimization with guess, [6.76230843].
2023-02-17 16:59:11,542 - INFO - Best fit parameters: [6.76230843].
2023-02-17 16:59:11,587 - INFO - Maximum log composite likelihood: -1070.3713299493795.
2023-02-17 16:59:11,588 - INFO - Optimal value of theta: 2789.2433404369317.
2023-02-17 16:59:11,588 - INFO - Beginning optimization with guess, [5.42668676].
2023-02-17 16:59:11,679 - INFO - Finished optimization with guess, [5.42668676].
2023-02-17 16:59:11,679 - INFO - Best fit parameters: [5.42668676].
2023-02-17 16:59:11,725 - INFO - Maximum log composite likelihood: -1070.3713299493795.
2023-02-17 16:59:11,725 - INFO - Optimal value of theta: 2789.2433404369317.
2023-02-17 16:59:11,725 - INFO - Beginning optimization with guess, [13.4667278].
2023-02-17 16:59:11,816 - INFO - Finished optimization with guess, [13.4667278].
2023-02-17 16:59:11,817 - INFO - Best fit parameters: [13.4667278].
2023-02-17 16:59:11,862 - INFO - Maximum log composite likelihood: -1070.3713299493795.
2023-02-17 16:59:11,862 - INFO - Optimal value of theta: 2789.2433404369317.
2023-02-17 16:59:11,862 - INFO - Beginning optimization with guess, [9.65893552].
2023-02-17 16:59:11,953 - INFO - Finished optimization with guess, [9.65893552].
2023-02-17 16:59:11,954 - INFO - Best fit parameters: [9.65893552].
2023-02-17 16:59:11,999 - INFO - Maximum log composite likelihood: -1070.3713299493795.
2023-02-17 16:59:11,999 - INFO - Optimal value of theta: 2789.2433404369317.
2023-02-17 16:59:12,001 - INFO - Finished demographic inference.
2023-02-17 16:59:12,001 - INFO - Pipeline executed succesfully.
