2023-02-17 14:37:02,349 - INFO - Beginning execution of fit_one_epoch.py in directory /u/project/ngarud/jonmah/demo_for_ccgb/Scripts

2023-02-17 14:37:02,349 - INFO - Progress is being logged to ../Analysis/Ruminococcus_bicirculans_59300_downsampled_10/log.log

2023-02-17 14:37:02,349 - INFO - Parsed the following arguments:
	syn_input_sfs = ../Analysis/Ruminococcus_bicirculans_59300_downsampled_10/empirical_sfs.txt
	mask_singletons = False
	mask_doubletons = False
	outprefix = ../Analysis/Ruminococcus_bicirculans_59300_downsampled_10/

2023-02-17 14:37:02,355 - INFO - Beginning demographic inference for two-epoch demographic model.
2023-02-17 14:37:02,357 - INFO - Beginning optimization with guess, [1.62994882e-06 8.37066855e-07].
2023-02-17 14:37:02,574 - INFO - Finished optimization with guess, [1.62994882e-06 8.37066855e-07].
2023-02-17 14:37:02,574 - INFO - Best fit parameters: [5.64168234e-05 2.46081159e-08].
2023-02-17 14:37:02,596 - INFO - Maximum log composite likelihood: -1176.506016711246.
2023-02-17 14:37:02,596 - INFO - Optimal value of theta: 13799.81773498507.
2023-02-17 14:37:02,596 - INFO - Beginning optimization with guess, [5.87523937e-06 1.62732223e-06].
2023-02-17 14:37:02,749 - INFO - Finished optimization with guess, [5.87523937e-06 1.62732223e-06].
2023-02-17 14:37:02,749 - INFO - Best fit parameters: [1.19244144e-05 8.02971696e-07].
2023-02-17 14:37:02,772 - INFO - Maximum log composite likelihood: -2470.742055481327.
2023-02-17 14:37:02,772 - INFO - Optimal value of theta: 15378.760525346683.
2023-02-17 14:37:02,772 - INFO - Beginning optimization with guess, [2.10872938e-04 7.67795396e-07].
2023-02-17 14:37:02,902 - INFO - Finished optimization with guess, [2.10872938e-04 7.67795396e-07].
2023-02-17 14:37:02,902 - INFO - Best fit parameters: [4.27558371e-04 3.78473056e-07].
2023-02-17 14:37:02,924 - INFO - Maximum log composite likelihood: -1184.6209391390403.
2023-02-17 14:37:02,924 - INFO - Optimal value of theta: 13810.712928880677.
2023-02-17 14:37:02,924 - INFO - Beginning optimization with guess, [4.68748729e-03 9.38010132e-07].
2023-02-17 14:37:03,053 - INFO - Finished optimization with guess, [4.68748729e-03 9.38010132e-07].
2023-02-17 14:37:03,053 - INFO - Best fit parameters: [9.51922316e-03 4.63110730e-07].
2023-02-17 14:37:03,074 - INFO - Maximum log composite likelihood: -1169.4808728218068.
2023-02-17 14:37:03,075 - INFO - Optimal value of theta: 13790.37639727371.
2023-02-17 14:37:03,075 - INFO - Beginning optimization with guess, [1.42367869e-02 1.21826327e-06].
2023-02-17 14:37:03,203 - INFO - Finished optimization with guess, [1.42367869e-02 1.21826327e-06].
2023-02-17 14:37:03,203 - INFO - Best fit parameters: [2.90101097e-02 6.03541447e-07].
2023-02-17 14:37:03,224 - INFO - Maximum log composite likelihood: -1168.9747466411281.
2023-02-17 14:37:03,225 - INFO - Optimal value of theta: 13789.695844305656.
2023-02-17 14:37:03,225 - INFO - Beginning optimization with guess, [3.50707579e-01 1.15607829e-06].
2023-02-17 14:37:03,352 - INFO - Finished optimization with guess, [3.50707579e-01 1.15607829e-06].
2023-02-17 14:37:03,352 - INFO - Best fit parameters: [8.12854320e-01 6.72586714e-07].
2023-02-17 14:37:03,376 - INFO - Maximum log composite likelihood: -1168.6094097649548.
2023-02-17 14:37:03,376 - INFO - Optimal value of theta: 13789.204570945249.
2023-02-17 14:37:03,377 - INFO - Beginning optimization with guess, [1.13784927e+00 1.67335209e-06].
2023-02-17 14:37:03,505 - INFO - Finished optimization with guess, [1.13784927e+00 1.67335209e-06].
2023-02-17 14:37:03,506 - INFO - Best fit parameters: [3.06396616e+00 1.91905715e-06].
2023-02-17 14:37:03,527 - INFO - Maximum log composite likelihood: -1168.5819665714134.
2023-02-17 14:37:03,527 - INFO - Optimal value of theta: 13789.167666452306.
2023-02-17 14:37:03,528 - INFO - Beginning optimization with guess, [1.25819023e+00 5.48681347e-07].
2023-02-17 14:37:03,655 - INFO - Finished optimization with guess, [1.25819023e+00 5.48681347e-07].
2023-02-17 14:37:03,655 - INFO - Best fit parameters: [3.30731800e+00 7.09331442e-07].
2023-02-17 14:37:03,677 - INFO - Maximum log composite likelihood: -1168.5972908031308.
2023-02-17 14:37:03,677 - INFO - Optimal value of theta: 13789.18827395419.
2023-02-17 14:37:03,677 - INFO - Beginning optimization with guess, [1.31650821e+00 1.46366661e-06].
2023-02-17 14:37:03,805 - INFO - Finished optimization with guess, [1.31650821e+00 1.46366661e-06].
2023-02-17 14:37:03,806 - INFO - Best fit parameters: [3.41106900e+00 1.98756356e-06].
2023-02-17 14:37:03,827 - INFO - Maximum log composite likelihood: -1168.5798827435647.
2023-02-17 14:37:03,827 - INFO - Optimal value of theta: 13789.164864185645.
2023-02-17 14:37:03,828 - INFO - Beginning optimization with guess, [1.55806344e+00 9.83033800e-07].
2023-02-17 14:37:04,465 - INFO - Finished optimization with guess, [1.55806344e+00 9.83033800e-07].
2023-02-17 14:37:04,466 - INFO - Best fit parameters: [1.20092482e+09 1.32539328e-01].
2023-02-17 14:37:04,487 - INFO - Maximum log composite likelihood: -328.0123809138513.
2023-02-17 14:37:04,487 - INFO - Optimal value of theta: 11172.064260297735.
2023-02-17 14:37:04,487 - INFO - Beginning optimization with guess, [8.81743535e-01 9.07594329e-07].
2023-02-17 14:37:04,615 - INFO - Finished optimization with guess, [8.81743535e-01 9.07594329e-07].
2023-02-17 14:37:04,615 - INFO - Best fit parameters: [2.37989484e+00 8.05877564e-07].
2023-02-17 14:37:04,637 - INFO - Maximum log composite likelihood: -1168.5977250046417.
2023-02-17 14:37:04,637 - INFO - Optimal value of theta: 13789.188857843115.
2023-02-17 14:37:04,637 - INFO - Beginning optimization with guess, [2.19660891e+00 1.87292156e-06].
2023-02-17 14:37:05,278 - INFO - Finished optimization with guess, [2.19660891e+00 1.87292156e-06].
2023-02-17 14:37:05,278 - INFO - Best fit parameters: [1.54187976e+04 1.13775644e-01].
2023-02-17 14:37:05,300 - INFO - Maximum log composite likelihood: -316.7351874826654.
2023-02-17 14:37:05,300 - INFO - Optimal value of theta: 11433.313291934155.
2023-02-17 14:37:05,300 - INFO - Beginning optimization with guess, [9.95912487e-01 1.55818227e-06].
2023-02-17 14:37:05,431 - INFO - Finished optimization with guess, [9.95912487e-01 1.55818227e-06].
2023-02-17 14:37:05,431 - INFO - Best fit parameters: [2.70714817e+00 1.55182186e-06].
2023-02-17 14:37:05,453 - INFO - Maximum log composite likelihood: -1168.5879536688863.
2023-02-17 14:37:05,453 - INFO - Optimal value of theta: 13789.175717716711.
2023-02-17 14:37:05,453 - INFO - Beginning optimization with guess, [1.31999016e+00 5.48120523e-07].
2023-02-17 14:37:05,582 - INFO - Finished optimization with guess, [1.31999016e+00 5.48120523e-07].
2023-02-17 14:37:05,582 - INFO - Best fit parameters: [3.41209242e+00 7.49684166e-07].
2023-02-17 14:37:05,603 - INFO - Maximum log composite likelihood: -1168.5966360767743.
2023-02-17 14:37:05,603 - INFO - Optimal value of theta: 13789.187393506736.
2023-02-17 14:37:05,604 - INFO - Beginning optimization with guess, [1.78438783e+00 1.24036476e-06].
2023-02-17 14:37:06,050 - INFO - Finished optimization with guess, [1.78438783e+00 1.24036476e-06].
2023-02-17 14:37:06,051 - INFO - Best fit parameters: [2.41408455e+06 1.21248221e-01].
2023-02-17 14:37:06,072 - INFO - Maximum log composite likelihood: -318.3148079397197.
2023-02-17 14:37:06,072 - INFO - Optimal value of theta: 11343.399677132837.
2023-02-17 14:37:06,072 - INFO - Beginning optimization with guess, [2.85903443e+00 7.65682160e-07].
2023-02-17 14:37:07,154 - INFO - Finished optimization with guess, [2.85903443e+00 7.65682160e-07].
2023-02-17 14:37:07,154 - INFO - Best fit parameters: [1.22513371e+03 1.16039412e-01].
2023-02-17 14:37:07,175 - INFO - Maximum log composite likelihood: -316.1645129600183.
2023-02-17 14:37:07,176 - INFO - Optimal value of theta: 11444.203223038727.
2023-02-17 14:37:07,176 - INFO - Beginning optimization with guess, [1.95472708e+00 1.56807893e-06].
2023-02-17 14:37:07,689 - INFO - Finished optimization with guess, [1.95472708e+00 1.56807893e-06].
2023-02-17 14:37:07,690 - INFO - Best fit parameters: [1.77246847e+05 1.27128215e-01].
2023-02-17 14:37:07,711 - INFO - Maximum log composite likelihood: -329.00822348364454.
2023-02-17 14:37:07,711 - INFO - Optimal value of theta: 11160.18529314011.
2023-02-17 14:37:07,712 - INFO - Beginning optimization with guess, [1.66405273e+00 1.59762654e-06].
2023-02-17 14:37:08,159 - INFO - Finished optimization with guess, [1.66405273e+00 1.59762654e-06].
2023-02-17 14:37:08,159 - INFO - Best fit parameters: [1.65675411e+07 9.31823781e-02].
2023-02-17 14:37:08,180 - INFO - Maximum log composite likelihood: -340.1990507037517.
2023-02-17 14:37:08,181 - INFO - Optimal value of theta: 11838.135778218697.
2023-02-17 14:37:08,181 - INFO - Beginning optimization with guess, [1.91194405e+00 1.38996971e-06].
2023-02-17 14:37:08,694 - INFO - Finished optimization with guess, [1.91194405e+00 1.38996971e-06].
2023-02-17 14:37:08,695 - INFO - Best fit parameters: [3.03890148e+05 1.18108727e-01].
2023-02-17 14:37:08,716 - INFO - Maximum log composite likelihood: -318.414424132372.
2023-02-17 14:37:08,717 - INFO - Optimal value of theta: 11340.128907704957.
2023-02-17 14:37:08,717 - INFO - Beginning optimization with guess, [6.68252837e+00 6.50902083e-07].
2023-02-17 14:37:10,049 - INFO - Finished optimization with guess, [6.68252837e+00 6.50902083e-07].
2023-02-17 14:37:10,049 - INFO - Best fit parameters: [163.90963969 194.04630779].
2023-02-17 14:37:10,096 - INFO - Maximum log composite likelihood: -231.76861147310046.
2023-02-17 14:37:10,097 - INFO - Optimal value of theta: 114.41055360087492.
2023-02-17 14:37:10,097 - INFO - Beginning optimization with guess, [7.76199350e+00 1.12712408e-06].
2023-02-17 14:37:11,267 - INFO - Finished optimization with guess, [7.76199350e+00 1.12712408e-06].
2023-02-17 14:37:11,268 - INFO - Best fit parameters: [36.63546167  0.14025572].
2023-02-17 14:37:11,289 - INFO - Maximum log composite likelihood: -299.5584991534706.
2023-02-17 14:37:11,290 - INFO - Optimal value of theta: 11146.329041517089.
2023-02-17 14:37:11,290 - INFO - Beginning optimization with guess, [2.91338147e+00 5.15942214e-07].
2023-02-17 14:37:11,866 - INFO - Finished optimization with guess, [2.91338147e+00 5.15942214e-07].
2023-02-17 14:37:11,866 - INFO - Best fit parameters: [1.40203679e+03 1.23191999e-01].
2023-02-17 14:37:11,887 - INFO - Maximum log composite likelihood: -318.2820676635565.
2023-02-17 14:37:11,888 - INFO - Optimal value of theta: 11325.088715116226.
2023-02-17 14:37:11,888 - INFO - Beginning optimization with guess, [1.18064398e+01 1.88206140e-06].
2023-02-17 14:37:15,147 - INFO - Finished optimization with guess, [1.18064398e+01 1.88206140e-06].
2023-02-17 14:37:15,147 - INFO - Best fit parameters: [27.77897512  0.13007731].
2023-02-17 14:37:15,169 - INFO - Maximum log composite likelihood: -292.6318490996455.
2023-02-17 14:37:15,169 - INFO - Optimal value of theta: 11324.181130991085.
2023-02-17 14:37:15,169 - INFO - Beginning optimization with guess, [1.30513469e+01 5.32275693e-07].
2023-02-17 14:37:16,256 - INFO - Finished optimization with guess, [1.30513469e+01 5.32275693e-07].
2023-02-17 14:37:16,257 - INFO - Best fit parameters: [34.14796177  0.12598606].
2023-02-17 14:37:16,278 - INFO - Maximum log composite likelihood: -295.02202763224705.
2023-02-17 14:37:16,279 - INFO - Optimal value of theta: 11370.896779058412.
2023-02-17 14:37:16,279 - INFO - Beginning optimization with guess, [1.02297259e+01 5.77712684e-07].
2023-02-17 14:37:17,376 - INFO - Finished optimization with guess, [1.02297259e+01 5.77712684e-07].
2023-02-17 14:37:17,377 - INFO - Best fit parameters: [35.60531175  0.13057868].
2023-02-17 14:37:17,398 - INFO - Maximum log composite likelihood: -295.3944202949133.
2023-02-17 14:37:17,399 - INFO - Optimal value of theta: 11295.951364109864.
2023-02-17 14:37:17,400 - INFO - Beginning demographic inference for one-epoch demographic model.
2023-02-17 14:37:17,402 - INFO - Beginning optimization with guess, [0.09567353].
2023-02-17 14:37:17,444 - INFO - Finished optimization with guess, [0.09567353].
2023-02-17 14:37:17,444 - INFO - Best fit parameters: [0.09567353].
2023-02-17 14:37:17,465 - INFO - Maximum log composite likelihood: -1168.6064597172044.
2023-02-17 14:37:17,465 - INFO - Optimal value of theta: 13789.200603868421.
2023-02-17 14:37:17,465 - INFO - Beginning optimization with guess, [0.3264887].
2023-02-17 14:37:17,507 - INFO - Finished optimization with guess, [0.3264887].
2023-02-17 14:37:17,507 - INFO - Best fit parameters: [0.3264887].
2023-02-17 14:37:17,528 - INFO - Maximum log composite likelihood: -1168.6064597172044.
2023-02-17 14:37:17,529 - INFO - Optimal value of theta: 13789.200603868421.
2023-02-17 14:37:17,529 - INFO - Beginning optimization with guess, [0.32735022].
2023-02-17 14:37:17,571 - INFO - Finished optimization with guess, [0.32735022].
2023-02-17 14:37:17,571 - INFO - Best fit parameters: [0.32735022].
2023-02-17 14:37:17,593 - INFO - Maximum log composite likelihood: -1168.6064597172044.
2023-02-17 14:37:17,593 - INFO - Optimal value of theta: 13789.200603868421.
2023-02-17 14:37:17,593 - INFO - Beginning optimization with guess, [0.22394352].
2023-02-17 14:37:17,638 - INFO - Finished optimization with guess, [0.22394352].
2023-02-17 14:37:17,638 - INFO - Best fit parameters: [0.22394352].
2023-02-17 14:37:17,660 - INFO - Maximum log composite likelihood: -1168.6064597172044.
2023-02-17 14:37:17,660 - INFO - Optimal value of theta: 13789.200603868421.
2023-02-17 14:37:17,661 - INFO - Beginning optimization with guess, [0.38650882].
2023-02-17 14:37:17,705 - INFO - Finished optimization with guess, [0.38650882].
2023-02-17 14:37:17,705 - INFO - Best fit parameters: [0.38650882].
2023-02-17 14:37:17,727 - INFO - Maximum log composite likelihood: -1168.6064597172044.
2023-02-17 14:37:17,727 - INFO - Optimal value of theta: 13789.200603868421.
2023-02-17 14:37:17,728 - INFO - Beginning optimization with guess, [0.50454419].
2023-02-17 14:37:17,786 - INFO - Finished optimization with guess, [0.50454419].
2023-02-17 14:37:17,786 - INFO - Best fit parameters: [0.50454419].
2023-02-17 14:37:17,811 - INFO - Maximum log composite likelihood: -1168.6064597172044.
2023-02-17 14:37:17,811 - INFO - Optimal value of theta: 13789.200603868421.
2023-02-17 14:37:17,812 - INFO - Beginning optimization with guess, [0.77331744].
2023-02-17 14:37:17,855 - INFO - Finished optimization with guess, [0.77331744].
2023-02-17 14:37:17,856 - INFO - Best fit parameters: [0.77331744].
2023-02-17 14:37:17,877 - INFO - Maximum log composite likelihood: -1168.6064597172044.
2023-02-17 14:37:17,877 - INFO - Optimal value of theta: 13789.200603868421.
2023-02-17 14:37:17,877 - INFO - Beginning optimization with guess, [0.46306733].
2023-02-17 14:37:17,919 - INFO - Finished optimization with guess, [0.46306733].
2023-02-17 14:37:17,920 - INFO - Best fit parameters: [0.46306733].
2023-02-17 14:37:17,940 - INFO - Maximum log composite likelihood: -1168.6064597172044.
2023-02-17 14:37:17,941 - INFO - Optimal value of theta: 13789.200603868421.
2023-02-17 14:37:17,941 - INFO - Beginning optimization with guess, [0.60624498].
2023-02-17 14:37:17,983 - INFO - Finished optimization with guess, [0.60624498].
2023-02-17 14:37:17,983 - INFO - Best fit parameters: [0.60624498].
2023-02-17 14:37:18,004 - INFO - Maximum log composite likelihood: -1168.6064597172044.
2023-02-17 14:37:18,004 - INFO - Optimal value of theta: 13789.200603868421.
2023-02-17 14:37:18,004 - INFO - Beginning optimization with guess, [1.48044089].
2023-02-17 14:37:18,046 - INFO - Finished optimization with guess, [1.48044089].
2023-02-17 14:37:18,046 - INFO - Best fit parameters: [1.48044089].
2023-02-17 14:37:18,067 - INFO - Maximum log composite likelihood: -1168.6064597172044.
2023-02-17 14:37:18,067 - INFO - Optimal value of theta: 13789.200603868421.
2023-02-17 14:37:18,068 - INFO - Beginning optimization with guess, [0.87376106].
2023-02-17 14:37:18,109 - INFO - Finished optimization with guess, [0.87376106].
2023-02-17 14:37:18,109 - INFO - Best fit parameters: [0.87376106].
2023-02-17 14:37:18,130 - INFO - Maximum log composite likelihood: -1168.6064597172044.
2023-02-17 14:37:18,130 - INFO - Optimal value of theta: 13789.200603868421.
2023-02-17 14:37:18,130 - INFO - Beginning optimization with guess, [2.62471576].
2023-02-17 14:37:18,172 - INFO - Finished optimization with guess, [2.62471576].
2023-02-17 14:37:18,173 - INFO - Best fit parameters: [2.62471576].
2023-02-17 14:37:18,193 - INFO - Maximum log composite likelihood: -1168.6064597172044.
2023-02-17 14:37:18,194 - INFO - Optimal value of theta: 13789.200603868421.
2023-02-17 14:37:18,194 - INFO - Beginning optimization with guess, [1.5084766].
2023-02-17 14:37:18,235 - INFO - Finished optimization with guess, [1.5084766].
2023-02-17 14:37:18,236 - INFO - Best fit parameters: [1.5084766].
2023-02-17 14:37:18,256 - INFO - Maximum log composite likelihood: -1168.6064597172044.
2023-02-17 14:37:18,257 - INFO - Optimal value of theta: 13789.200603868421.
2023-02-17 14:37:18,257 - INFO - Beginning optimization with guess, [1.53765359].
2023-02-17 14:37:18,298 - INFO - Finished optimization with guess, [1.53765359].
2023-02-17 14:37:18,299 - INFO - Best fit parameters: [1.53765359].
2023-02-17 14:37:18,319 - INFO - Maximum log composite likelihood: -1168.6064597172044.
2023-02-17 14:37:18,320 - INFO - Optimal value of theta: 13789.200603868421.
2023-02-17 14:37:18,320 - INFO - Beginning optimization with guess, [3.03010143].
2023-02-17 14:37:18,362 - INFO - Finished optimization with guess, [3.03010143].
2023-02-17 14:37:18,362 - INFO - Best fit parameters: [3.03010143].
2023-02-17 14:37:18,382 - INFO - Maximum log composite likelihood: -1168.6064597172044.
2023-02-17 14:37:18,383 - INFO - Optimal value of theta: 13789.200603868421.
2023-02-17 14:37:18,383 - INFO - Beginning optimization with guess, [2.83143032].
2023-02-17 14:37:18,425 - INFO - Finished optimization with guess, [2.83143032].
2023-02-17 14:37:18,425 - INFO - Best fit parameters: [2.83143032].
2023-02-17 14:37:18,446 - INFO - Maximum log composite likelihood: -1168.6064597172044.
2023-02-17 14:37:18,446 - INFO - Optimal value of theta: 13789.200603868421.
2023-02-17 14:37:18,446 - INFO - Beginning optimization with guess, [2.64114037].
2023-02-17 14:37:18,488 - INFO - Finished optimization with guess, [2.64114037].
2023-02-17 14:37:18,488 - INFO - Best fit parameters: [2.64114037].
2023-02-17 14:37:18,509 - INFO - Maximum log composite likelihood: -1168.6064597172044.
2023-02-17 14:37:18,509 - INFO - Optimal value of theta: 13789.200603868421.
2023-02-17 14:37:18,510 - INFO - Beginning optimization with guess, [2.37522746].
2023-02-17 14:37:18,551 - INFO - Finished optimization with guess, [2.37522746].
2023-02-17 14:37:18,551 - INFO - Best fit parameters: [2.37522746].
2023-02-17 14:37:18,572 - INFO - Maximum log composite likelihood: -1168.6064597172044.
2023-02-17 14:37:18,572 - INFO - Optimal value of theta: 13789.200603868421.
2023-02-17 14:37:18,573 - INFO - Beginning optimization with guess, [5.15114741].
2023-02-17 14:37:18,614 - INFO - Finished optimization with guess, [5.15114741].
2023-02-17 14:37:18,615 - INFO - Best fit parameters: [5.15114741].
2023-02-17 14:37:18,635 - INFO - Maximum log composite likelihood: -1168.6064597172044.
2023-02-17 14:37:18,636 - INFO - Optimal value of theta: 13789.200603868421.
2023-02-17 14:37:18,636 - INFO - Beginning optimization with guess, [4.70170631].
2023-02-17 14:37:18,677 - INFO - Finished optimization with guess, [4.70170631].
2023-02-17 14:37:18,678 - INFO - Best fit parameters: [4.70170631].
2023-02-17 14:37:18,698 - INFO - Maximum log composite likelihood: -1168.6064597172044.
2023-02-17 14:37:18,699 - INFO - Optimal value of theta: 13789.200603868421.
2023-02-17 14:37:18,699 - INFO - Beginning optimization with guess, [3.98125215].
2023-02-17 14:37:18,741 - INFO - Finished optimization with guess, [3.98125215].
2023-02-17 14:37:18,741 - INFO - Best fit parameters: [3.98125215].
2023-02-17 14:37:18,761 - INFO - Maximum log composite likelihood: -1168.6064597172044.
2023-02-17 14:37:18,762 - INFO - Optimal value of theta: 13789.200603868421.
2023-02-17 14:37:18,762 - INFO - Beginning optimization with guess, [4.89308512].
2023-02-17 14:37:18,804 - INFO - Finished optimization with guess, [4.89308512].
2023-02-17 14:37:18,804 - INFO - Best fit parameters: [4.89308512].
2023-02-17 14:37:18,825 - INFO - Maximum log composite likelihood: -1168.6064597172044.
2023-02-17 14:37:18,825 - INFO - Optimal value of theta: 13789.200603868421.
2023-02-17 14:37:18,825 - INFO - Beginning optimization with guess, [6.89699497].
2023-02-17 14:37:18,867 - INFO - Finished optimization with guess, [6.89699497].
2023-02-17 14:37:18,867 - INFO - Best fit parameters: [6.89699497].
2023-02-17 14:37:18,888 - INFO - Maximum log composite likelihood: -1168.6064597172044.
2023-02-17 14:37:18,888 - INFO - Optimal value of theta: 13789.200603868421.
2023-02-17 14:37:18,888 - INFO - Beginning optimization with guess, [10.75719107].
2023-02-17 14:37:18,930 - INFO - Finished optimization with guess, [10.75719107].
2023-02-17 14:37:18,930 - INFO - Best fit parameters: [10.75719107].
2023-02-17 14:37:18,951 - INFO - Maximum log composite likelihood: -1168.6064597172044.
2023-02-17 14:37:18,951 - INFO - Optimal value of theta: 13789.200603868421.
2023-02-17 14:37:18,951 - INFO - Beginning optimization with guess, [9.02182641].
2023-02-17 14:37:18,993 - INFO - Finished optimization with guess, [9.02182641].
2023-02-17 14:37:18,993 - INFO - Best fit parameters: [9.02182641].
2023-02-17 14:37:19,014 - INFO - Maximum log composite likelihood: -1168.6064597172044.
2023-02-17 14:37:19,014 - INFO - Optimal value of theta: 13789.200603868421.
2023-02-17 14:37:19,016 - INFO - Finished demographic inference.
2023-02-17 14:37:19,016 - INFO - Pipeline executed succesfully.
