2023-02-17 16:17:56,369 - INFO - Beginning execution of fit_one_epoch.py in directory /u/project/ngarud/jonmah/demo_for_ccgb/Scripts

2023-02-17 16:17:56,370 - INFO - Progress is being logged to ../Analysis/Prevotella_copri_61740_downsampled_12/log.log

2023-02-17 16:17:56,370 - INFO - Parsed the following arguments:
	syn_input_sfs = ../Analysis/Prevotella_copri_61740_downsampled_12/empirical_sfs.txt
	mask_singletons = False
	mask_doubletons = False
	outprefix = ../Analysis/Prevotella_copri_61740_downsampled_12/

2023-02-17 16:17:56,378 - INFO - Beginning demographic inference for one-epoch demographic model.
2023-02-17 16:17:56,381 - INFO - Beginning optimization with guess, [0.15112702].
2023-02-17 16:17:56,458 - INFO - Finished optimization with guess, [0.15112702].
2023-02-17 16:17:56,458 - INFO - Best fit parameters: [0.15112702].
2023-02-17 16:17:56,496 - INFO - Maximum log composite likelihood: -1143.2168014732433.
2023-02-17 16:17:56,497 - INFO - Optimal value of theta: 9315.683864731061.
2023-02-17 16:17:56,497 - INFO - Beginning optimization with guess, [0.20656272].
2023-02-17 16:17:56,570 - INFO - Finished optimization with guess, [0.20656272].
2023-02-17 16:17:56,571 - INFO - Best fit parameters: [0.20656272].
2023-02-17 16:17:56,608 - INFO - Maximum log composite likelihood: -1143.2168014732433.
2023-02-17 16:17:56,609 - INFO - Optimal value of theta: 9315.683864731061.
2023-02-17 16:17:56,609 - INFO - Beginning optimization with guess, [0.20401257].
2023-02-17 16:17:56,681 - INFO - Finished optimization with guess, [0.20401257].
2023-02-17 16:17:56,681 - INFO - Best fit parameters: [0.20401257].
2023-02-17 16:17:56,717 - INFO - Maximum log composite likelihood: -1143.2168014732433.
2023-02-17 16:17:56,718 - INFO - Optimal value of theta: 9315.683864731061.
2023-02-17 16:17:56,718 - INFO - Beginning optimization with guess, [0.27584118].
2023-02-17 16:17:56,790 - INFO - Finished optimization with guess, [0.27584118].
2023-02-17 16:17:56,791 - INFO - Best fit parameters: [0.27584118].
2023-02-17 16:17:56,826 - INFO - Maximum log composite likelihood: -1143.2168014732433.
2023-02-17 16:17:56,827 - INFO - Optimal value of theta: 9315.683864731061.
2023-02-17 16:17:56,827 - INFO - Beginning optimization with guess, [0.3499545].
2023-02-17 16:17:56,903 - INFO - Finished optimization with guess, [0.3499545].
2023-02-17 16:17:56,903 - INFO - Best fit parameters: [0.3499545].
2023-02-17 16:17:56,940 - INFO - Maximum log composite likelihood: -1143.2168014732433.
2023-02-17 16:17:56,940 - INFO - Optimal value of theta: 9315.683864731061.
2023-02-17 16:17:56,941 - INFO - Beginning optimization with guess, [0.85930501].
2023-02-17 16:17:57,014 - INFO - Finished optimization with guess, [0.85930501].
2023-02-17 16:17:57,015 - INFO - Best fit parameters: [0.85930501].
2023-02-17 16:17:57,051 - INFO - Maximum log composite likelihood: -1143.2168014732433.
2023-02-17 16:17:57,052 - INFO - Optimal value of theta: 9315.683864731061.
2023-02-17 16:17:57,052 - INFO - Beginning optimization with guess, [0.99910702].
2023-02-17 16:17:57,127 - INFO - Finished optimization with guess, [0.99910702].
2023-02-17 16:17:57,128 - INFO - Best fit parameters: [0.99910702].
2023-02-17 16:17:57,166 - INFO - Maximum log composite likelihood: -1143.2168014732433.
2023-02-17 16:17:57,166 - INFO - Optimal value of theta: 9315.683864731061.
2023-02-17 16:17:57,167 - INFO - Beginning optimization with guess, [0.60697146].
2023-02-17 16:17:57,241 - INFO - Finished optimization with guess, [0.60697146].
2023-02-17 16:17:57,241 - INFO - Best fit parameters: [0.60697146].
2023-02-17 16:17:57,277 - INFO - Maximum log composite likelihood: -1143.2168014732433.
2023-02-17 16:17:57,278 - INFO - Optimal value of theta: 9315.683864731061.
2023-02-17 16:17:57,278 - INFO - Beginning optimization with guess, [1.48301195].
2023-02-17 16:17:57,352 - INFO - Finished optimization with guess, [1.48301195].
2023-02-17 16:17:57,353 - INFO - Best fit parameters: [1.48301195].
2023-02-17 16:17:57,390 - INFO - Maximum log composite likelihood: -1143.2168014732433.
2023-02-17 16:17:57,391 - INFO - Optimal value of theta: 9315.683864731061.
2023-02-17 16:17:57,391 - INFO - Beginning optimization with guess, [1.48795191].
2023-02-17 16:17:57,465 - INFO - Finished optimization with guess, [1.48795191].
2023-02-17 16:17:57,465 - INFO - Best fit parameters: [1.48795191].
2023-02-17 16:17:57,501 - INFO - Maximum log composite likelihood: -1143.2168014732433.
2023-02-17 16:17:57,502 - INFO - Optimal value of theta: 9315.683864731061.
2023-02-17 16:17:57,502 - INFO - Beginning optimization with guess, [1.61399342].
2023-02-17 16:17:57,579 - INFO - Finished optimization with guess, [1.61399342].
2023-02-17 16:17:57,580 - INFO - Best fit parameters: [1.61399342].
2023-02-17 16:17:57,619 - INFO - Maximum log composite likelihood: -1143.2168014732433.
2023-02-17 16:17:57,620 - INFO - Optimal value of theta: 9315.683864731061.
2023-02-17 16:17:57,620 - INFO - Beginning optimization with guess, [1.90903613].
2023-02-17 16:17:57,702 - INFO - Finished optimization with guess, [1.90903613].
2023-02-17 16:17:57,703 - INFO - Best fit parameters: [1.90903613].
2023-02-17 16:17:57,746 - INFO - Maximum log composite likelihood: -1143.2168014732433.
2023-02-17 16:17:57,746 - INFO - Optimal value of theta: 9315.683864731061.
2023-02-17 16:17:57,747 - INFO - Beginning optimization with guess, [1.04208741].
2023-02-17 16:17:57,844 - INFO - Finished optimization with guess, [1.04208741].
2023-02-17 16:17:57,844 - INFO - Best fit parameters: [1.04208741].
2023-02-17 16:17:57,888 - INFO - Maximum log composite likelihood: -1143.2168014732433.
2023-02-17 16:17:57,889 - INFO - Optimal value of theta: 9315.683864731061.
2023-02-17 16:17:57,889 - INFO - Beginning optimization with guess, [1.94808643].
2023-02-17 16:17:57,983 - INFO - Finished optimization with guess, [1.94808643].
2023-02-17 16:17:57,984 - INFO - Best fit parameters: [1.94808643].
2023-02-17 16:17:58,029 - INFO - Maximum log composite likelihood: -1143.2168014732433.
2023-02-17 16:17:58,030 - INFO - Optimal value of theta: 9315.683864731061.
2023-02-17 16:17:58,030 - INFO - Beginning optimization with guess, [2.08194359].
2023-02-17 16:17:58,107 - INFO - Finished optimization with guess, [2.08194359].
2023-02-17 16:17:58,108 - INFO - Best fit parameters: [2.08194359].
2023-02-17 16:17:58,146 - INFO - Maximum log composite likelihood: -1143.2168014732433.
2023-02-17 16:17:58,147 - INFO - Optimal value of theta: 9315.683864731061.
2023-02-17 16:17:58,147 - INFO - Beginning optimization with guess, [4.09284384].
2023-02-17 16:17:58,224 - INFO - Finished optimization with guess, [4.09284384].
2023-02-17 16:17:58,225 - INFO - Best fit parameters: [4.09284384].
2023-02-17 16:17:58,264 - INFO - Maximum log composite likelihood: -1143.2168014732433.
2023-02-17 16:17:58,265 - INFO - Optimal value of theta: 9315.683864731061.
2023-02-17 16:17:58,265 - INFO - Beginning optimization with guess, [2.89350531].
2023-02-17 16:17:58,337 - INFO - Finished optimization with guess, [2.89350531].
2023-02-17 16:17:58,338 - INFO - Best fit parameters: [2.89350531].
2023-02-17 16:17:58,374 - INFO - Maximum log composite likelihood: -1143.2168014732433.
2023-02-17 16:17:58,375 - INFO - Optimal value of theta: 9315.683864731061.
2023-02-17 16:17:58,375 - INFO - Beginning optimization with guess, [3.46019038].
2023-02-17 16:17:58,449 - INFO - Finished optimization with guess, [3.46019038].
2023-02-17 16:17:58,449 - INFO - Best fit parameters: [3.46019038].
2023-02-17 16:17:58,487 - INFO - Maximum log composite likelihood: -1143.2168014732433.
2023-02-17 16:17:58,488 - INFO - Optimal value of theta: 9315.683864731061.
2023-02-17 16:17:58,488 - INFO - Beginning optimization with guess, [1.7032562].
2023-02-17 16:17:58,569 - INFO - Finished optimization with guess, [1.7032562].
2023-02-17 16:17:58,569 - INFO - Best fit parameters: [1.7032562].
2023-02-17 16:17:58,607 - INFO - Maximum log composite likelihood: -1143.2168014732433.
2023-02-17 16:17:58,608 - INFO - Optimal value of theta: 9315.683864731061.
2023-02-17 16:17:58,608 - INFO - Beginning optimization with guess, [2.57634822].
2023-02-17 16:17:58,696 - INFO - Finished optimization with guess, [2.57634822].
2023-02-17 16:17:58,696 - INFO - Best fit parameters: [2.57634822].
2023-02-17 16:17:58,735 - INFO - Maximum log composite likelihood: -1143.2168014732433.
2023-02-17 16:17:58,736 - INFO - Optimal value of theta: 9315.683864731061.
2023-02-17 16:17:58,736 - INFO - Beginning optimization with guess, [6.02471372].
2023-02-17 16:17:58,818 - INFO - Finished optimization with guess, [6.02471372].
2023-02-17 16:17:58,818 - INFO - Best fit parameters: [6.02471372].
2023-02-17 16:17:58,857 - INFO - Maximum log composite likelihood: -1143.2168014732433.
2023-02-17 16:17:58,858 - INFO - Optimal value of theta: 9315.683864731061.
2023-02-17 16:17:58,858 - INFO - Beginning optimization with guess, [5.48993495].
2023-02-17 16:17:58,949 - INFO - Finished optimization with guess, [5.48993495].
2023-02-17 16:17:58,949 - INFO - Best fit parameters: [5.48993495].
2023-02-17 16:17:58,991 - INFO - Maximum log composite likelihood: -1143.2168014732433.
2023-02-17 16:17:58,992 - INFO - Optimal value of theta: 9315.683864731061.
2023-02-17 16:17:58,992 - INFO - Beginning optimization with guess, [4.23751002].
2023-02-17 16:17:59,074 - INFO - Finished optimization with guess, [4.23751002].
2023-02-17 16:17:59,075 - INFO - Best fit parameters: [4.23751002].
2023-02-17 16:17:59,115 - INFO - Maximum log composite likelihood: -1143.2168014732433.
2023-02-17 16:17:59,116 - INFO - Optimal value of theta: 9315.683864731061.
2023-02-17 16:17:59,116 - INFO - Beginning optimization with guess, [5.56248456].
2023-02-17 16:17:59,198 - INFO - Finished optimization with guess, [5.56248456].
2023-02-17 16:17:59,198 - INFO - Best fit parameters: [5.56248456].
2023-02-17 16:17:59,242 - INFO - Maximum log composite likelihood: -1143.2168014732433.
2023-02-17 16:17:59,242 - INFO - Optimal value of theta: 9315.683864731061.
2023-02-17 16:17:59,243 - INFO - Beginning optimization with guess, [8.65773642].
2023-02-17 16:17:59,327 - INFO - Finished optimization with guess, [8.65773642].
2023-02-17 16:17:59,327 - INFO - Best fit parameters: [8.65773642].
2023-02-17 16:17:59,373 - INFO - Maximum log composite likelihood: -1143.2168014732433.
2023-02-17 16:17:59,374 - INFO - Optimal value of theta: 9315.683864731061.
2023-02-17 16:17:59,376 - INFO - Finished demographic inference.
2023-02-17 16:17:59,376 - INFO - Pipeline executed succesfully.
