2022-08-25 14:14:46,795 - INFO - Beginning execution of fit_one_epoch.py in directory /u/project/ngarud/jonmah/demo_for_ccgb/Scripts

2022-08-25 14:14:46,795 - INFO - Progress is being logged to ../Analysis/Dialister_invisus_61905_downsampled/log.log

2022-08-25 14:14:46,795 - INFO - Parsed the following arguments:
	mask_doubletons = False
	syn_input_sfs = ../Analysis/Dialister_invisus_61905_downsampled/empirical_sfs.txt
	mask_singletons = True
	outprefix = ../Analysis/Dialister_invisus_61905_downsampled/

2022-08-25 14:14:46,811 - INFO - Beginning demographic inference for exponential growth demographic model.
2022-08-25 14:14:46,813 - INFO - Beginning optimization with guess, [1.21466026e-06 1.56221805e-06].
2022-08-25 14:14:49,052 - INFO - Finished optimization with guess, [1.21466026e-06 1.56221805e-06].
2022-08-25 14:14:49,053 - INFO - Best fit parameters: [2.49959900e-06 3.00088068e-09].
2022-08-25 14:14:49,115 - INFO - Maximum log composite likelihood: -50.2048603887.
2022-08-25 14:14:49,116 - INFO - Optimal value of theta: 7160.30553135.
2022-08-25 14:14:49,116 - INFO - Beginning optimization with guess, [1.89215191e-05 7.46925200e-07].
2022-08-25 14:14:50,801 - INFO - Finished optimization with guess, [1.89215191e-05 7.46925200e-07].
2022-08-25 14:14:50,802 - INFO - Best fit parameters: [9.79473641e-05 8.47161601e-08].
2022-08-25 14:14:50,864 - INFO - Maximum log composite likelihood: -50.1993344559.
2022-08-25 14:14:50,865 - INFO - Optimal value of theta: 7160.12685171.
2022-08-25 14:14:50,865 - INFO - Beginning optimization with guess, [9.40224328e-05 9.47474351e-07].
2022-08-25 14:14:52,542 - INFO - Finished optimization with guess, [9.40224328e-05 9.47474351e-07].
2022-08-25 14:14:52,543 - INFO - Best fit parameters: [6.32619795e-04 1.40332322e-07].
2022-08-25 14:14:52,605 - INFO - Maximum log composite likelihood: -50.1934637423.
2022-08-25 14:14:52,606 - INFO - Optimal value of theta: 7159.94253196.
2022-08-25 14:14:52,607 - INFO - Beginning optimization with guess, [1.04270032e-03 1.20887909e-06].
2022-08-25 14:14:54,285 - INFO - Finished optimization with guess, [1.04270032e-03 1.20887909e-06].
2022-08-25 14:14:54,286 - INFO - Best fit parameters: [3.91547633e-03 3.21719431e-07].
2022-08-25 14:14:54,348 - INFO - Maximum log composite likelihood: -50.1930860724.
2022-08-25 14:14:54,349 - INFO - Optimal value of theta: 7159.93106281.
2022-08-25 14:14:54,349 - INFO - Beginning optimization with guess, [1.16474007e-02 1.60724853e-06].
2022-08-25 14:14:55,660 - INFO - Finished optimization with guess, [1.16474007e-02 1.60724853e-06].
2022-08-25 14:14:55,661 - INFO - Best fit parameters: [2.96268505e-02 6.45286237e-07].
2022-08-25 14:14:55,725 - INFO - Maximum log composite likelihood: -50.1930295401.
2022-08-25 14:14:55,725 - INFO - Optimal value of theta: 7159.92936069.
2022-08-25 14:14:55,726 - INFO - Beginning optimization with guess, [8.71295721e-01 8.42632166e-07].
2022-08-25 14:14:55,913 - INFO - Finished optimization with guess, [8.71295721e-01 8.42632166e-07].
2022-08-25 14:14:55,913 - INFO - Best fit parameters: [8.71295721e-01 8.42632166e-07].
2022-08-25 14:14:55,975 - INFO - Maximum log composite likelihood: -50.1930253739.
2022-08-25 14:14:55,976 - INFO - Optimal value of theta: 7159.9292357.
2022-08-25 14:14:55,976 - INFO - Beginning optimization with guess, [4.52292230e-01 1.12850393e-06].
2022-08-25 14:14:56,162 - INFO - Finished optimization with guess, [4.52292230e-01 1.12850393e-06].
2022-08-25 14:14:56,162 - INFO - Best fit parameters: [4.52292230e-01 1.12850393e-06].
2022-08-25 14:14:56,226 - INFO - Maximum log composite likelihood: -50.193025403.
2022-08-25 14:14:56,226 - INFO - Optimal value of theta: 7159.92923657.
2022-08-25 14:14:56,227 - INFO - Beginning optimization with guess, [4.44222253e-01 1.16407823e-06].
2022-08-25 14:14:56,412 - INFO - Finished optimization with guess, [4.44222253e-01 1.16407823e-06].
2022-08-25 14:14:56,413 - INFO - Best fit parameters: [4.44222253e-01 1.16407823e-06].
2022-08-25 14:14:56,475 - INFO - Maximum log composite likelihood: -50.1930254067.
2022-08-25 14:14:56,476 - INFO - Optimal value of theta: 7159.92923668.
2022-08-25 14:14:56,476 - INFO - Beginning optimization with guess, [1.66706151e+00 6.73372337e-07].
2022-08-25 14:14:56,662 - INFO - Finished optimization with guess, [1.66706151e+00 6.73372337e-07].
2022-08-25 14:14:56,663 - INFO - Best fit parameters: [1.66706151e+00 6.73372337e-07].
2022-08-25 14:14:56,726 - INFO - Maximum log composite likelihood: -50.1930253719.
2022-08-25 14:14:56,727 - INFO - Optimal value of theta: 7159.92923564.
2022-08-25 14:14:56,727 - INFO - Beginning optimization with guess, [1.20935102e+00 9.20290650e-07].
2022-08-25 14:14:56,915 - INFO - Finished optimization with guess, [1.20935102e+00 9.20290650e-07].
2022-08-25 14:14:56,916 - INFO - Best fit parameters: [1.20935102e+00 9.20290650e-07].
2022-08-25 14:14:56,979 - INFO - Maximum log composite likelihood: -50.1930253718.
2022-08-25 14:14:56,979 - INFO - Optimal value of theta: 7159.92923563.
2022-08-25 14:14:56,980 - INFO - Beginning optimization with guess, [8.74054501e-01 7.54552242e-07].
2022-08-25 14:14:57,167 - INFO - Finished optimization with guess, [8.74054501e-01 7.54552242e-07].
2022-08-25 14:14:57,167 - INFO - Best fit parameters: [8.74054501e-01 7.54552242e-07].
2022-08-25 14:14:57,229 - INFO - Maximum log composite likelihood: -50.1930253737.
2022-08-25 14:14:57,230 - INFO - Optimal value of theta: 7159.92923569.
2022-08-25 14:14:57,230 - INFO - Beginning optimization with guess, [8.18765270e-01 1.78910393e-06].
2022-08-25 14:14:57,416 - INFO - Finished optimization with guess, [8.18765270e-01 1.78910393e-06].
2022-08-25 14:14:57,417 - INFO - Best fit parameters: [8.18765270e-01 1.78910393e-06].
2022-08-25 14:14:57,479 - INFO - Maximum log composite likelihood: -50.1930253805.
2022-08-25 14:14:57,479 - INFO - Optimal value of theta: 7159.9292359.
2022-08-25 14:14:57,480 - INFO - Beginning optimization with guess, [2.92485159e+00 1.66537647e-06].
2022-08-25 14:14:57,667 - INFO - Finished optimization with guess, [2.92485159e+00 1.66537647e-06].
2022-08-25 14:14:57,667 - INFO - Best fit parameters: [2.92485159e+00 1.66537647e-06].
2022-08-25 14:14:57,729 - INFO - Maximum log composite likelihood: -50.1930253673.
2022-08-25 14:14:57,730 - INFO - Optimal value of theta: 7159.9292355.
2022-08-25 14:14:57,730 - INFO - Beginning optimization with guess, [2.83698784e+00 6.78866132e-07].
2022-08-25 14:14:57,917 - INFO - Finished optimization with guess, [2.83698784e+00 6.78866132e-07].
2022-08-25 14:14:57,917 - INFO - Best fit parameters: [2.83698784e+00 6.78866132e-07].
2022-08-25 14:14:57,979 - INFO - Maximum log composite likelihood: -50.1930253719.
2022-08-25 14:14:57,980 - INFO - Optimal value of theta: 7159.92923564.
2022-08-25 14:14:57,980 - INFO - Beginning optimization with guess, [4.07492278e+00 9.76634802e-07].
2022-08-25 14:14:58,167 - INFO - Finished optimization with guess, [4.07492278e+00 9.76634802e-07].
2022-08-25 14:14:58,168 - INFO - Best fit parameters: [4.07492278e+00 9.76634802e-07].
2022-08-25 14:14:58,231 - INFO - Maximum log composite likelihood: -50.1930253713.
2022-08-25 14:14:58,232 - INFO - Optimal value of theta: 7159.92923562.
2022-08-25 14:14:58,232 - INFO - Beginning optimization with guess, [1.36043691e+00 5.70960621e-07].
2022-08-25 14:14:58,418 - INFO - Finished optimization with guess, [1.36043691e+00 5.70960621e-07].
2022-08-25 14:14:58,419 - INFO - Best fit parameters: [1.36043691e+00 5.70960621e-07].
2022-08-25 14:14:58,481 - INFO - Maximum log composite likelihood: -50.1930253723.
2022-08-25 14:14:58,481 - INFO - Optimal value of theta: 7159.92923565.
2022-08-25 14:14:58,482 - INFO - Beginning optimization with guess, [1.92655456e+00 6.36741504e-07].
2022-08-25 14:14:58,668 - INFO - Finished optimization with guess, [1.92655456e+00 6.36741504e-07].
2022-08-25 14:14:58,669 - INFO - Best fit parameters: [1.92655456e+00 6.36741504e-07].
2022-08-25 14:14:58,731 - INFO - Maximum log composite likelihood: -50.1930253719.
2022-08-25 14:14:58,732 - INFO - Optimal value of theta: 7159.92923564.
2022-08-25 14:14:58,732 - INFO - Beginning optimization with guess, [2.08925455e+00 1.15469691e-06].
2022-08-25 14:14:58,918 - INFO - Finished optimization with guess, [2.08925455e+00 1.15469691e-06].
2022-08-25 14:14:58,919 - INFO - Best fit parameters: [2.08925455e+00 1.15469691e-06].
2022-08-25 14:14:58,981 - INFO - Maximum log composite likelihood: -50.1930253699.
2022-08-25 14:14:58,981 - INFO - Optimal value of theta: 7159.92923558.
2022-08-25 14:14:58,982 - INFO - Beginning optimization with guess, [2.97869045e+00 6.61812439e-07].
2022-08-25 14:14:59,167 - INFO - Finished optimization with guess, [2.97869045e+00 6.61812439e-07].
2022-08-25 14:14:59,168 - INFO - Best fit parameters: [2.97869045e+00 6.61812439e-07].
2022-08-25 14:14:59,231 - INFO - Maximum log composite likelihood: -50.193025372.
2022-08-25 14:14:59,232 - INFO - Optimal value of theta: 7159.92923564.
2022-08-25 14:14:59,232 - INFO - Beginning optimization with guess, [3.31975287e+00 1.73583746e-06].
2022-08-25 14:14:59,419 - INFO - Finished optimization with guess, [3.31975287e+00 1.73583746e-06].
2022-08-25 14:14:59,419 - INFO - Best fit parameters: [3.31975287e+00 1.73583746e-06].
2022-08-25 14:14:59,481 - INFO - Maximum log composite likelihood: -50.1930253672.
2022-08-25 14:14:59,482 - INFO - Optimal value of theta: 7159.9292355.
2022-08-25 14:14:59,482 - INFO - Beginning optimization with guess, [4.91094412e+00 1.53038036e-06].
2022-08-25 14:14:59,672 - INFO - Finished optimization with guess, [4.91094412e+00 1.53038036e-06].
2022-08-25 14:14:59,672 - INFO - Best fit parameters: [4.91094412e+00 1.53038036e-06].
2022-08-25 14:14:59,735 - INFO - Maximum log composite likelihood: -50.1930253694.
2022-08-25 14:14:59,735 - INFO - Optimal value of theta: 7159.92923556.
2022-08-25 14:14:59,736 - INFO - Beginning optimization with guess, [4.72182432e+00 1.19484652e-06].
2022-08-25 14:14:59,923 - INFO - Finished optimization with guess, [4.72182432e+00 1.19484652e-06].
2022-08-25 14:14:59,923 - INFO - Best fit parameters: [4.72182432e+00 1.19484652e-06].
2022-08-25 14:14:59,985 - INFO - Maximum log composite likelihood: -50.1930253707.
2022-08-25 14:14:59,986 - INFO - Optimal value of theta: 7159.9292356.
2022-08-25 14:14:59,986 - INFO - Beginning optimization with guess, [5.33418045e+00 8.24777280e-07].
2022-08-25 14:15:00,172 - INFO - Finished optimization with guess, [5.33418045e+00 8.24777280e-07].
2022-08-25 14:15:00,172 - INFO - Best fit parameters: [5.33418045e+00 8.24777280e-07].
2022-08-25 14:15:00,234 - INFO - Maximum log composite likelihood: -50.1930253719.
2022-08-25 14:15:00,235 - INFO - Optimal value of theta: 7159.92923564.
2022-08-25 14:15:00,235 - INFO - Beginning optimization with guess, [1.38440969e+01 8.78293529e-07].
2022-08-25 14:15:00,421 - INFO - Finished optimization with guess, [1.38440969e+01 8.78293529e-07].
2022-08-25 14:15:00,421 - INFO - Best fit parameters: [1.38440969e+01 8.78293529e-07].
2022-08-25 14:15:00,483 - INFO - Maximum log composite likelihood: -50.1930253724.
2022-08-25 14:15:00,484 - INFO - Optimal value of theta: 7159.92923565.
2022-08-25 14:15:00,484 - INFO - Beginning optimization with guess, [1.19345721e+01 9.18291887e-07].
2022-08-25 14:15:00,672 - INFO - Finished optimization with guess, [1.19345721e+01 9.18291887e-07].
2022-08-25 14:15:00,672 - INFO - Best fit parameters: [1.19345721e+01 9.18291887e-07].
2022-08-25 14:15:00,735 - INFO - Maximum log composite likelihood: -50.1930253723.
2022-08-25 14:15:00,735 - INFO - Optimal value of theta: 7159.92923565.
2022-08-25 14:15:00,738 - INFO - Beginning demographic inference for two-epoch demographic model.
2022-08-25 14:15:00,751 - INFO - Beginning optimization with guess, [1.87247221e-06 8.37513223e-07].
2022-08-25 14:15:02,542 - INFO - Finished optimization with guess, [1.87247221e-06 8.37513223e-07].
2022-08-25 14:15:02,542 - INFO - Best fit parameters: [1.91670099e-06 9.85788152e-09].
2022-08-25 14:15:02,605 - INFO - Maximum log composite likelihood: -50.3467085478.
2022-08-25 14:15:02,606 - INFO - Optimal value of theta: 7165.1247095.
2022-08-25 14:15:02,606 - INFO - Beginning optimization with guess, [1.18913177e-05 9.56497478e-07].
2022-08-25 14:15:04,312 - INFO - Finished optimization with guess, [1.18913177e-05 9.56497478e-07].
2022-08-25 14:15:04,313 - INFO - Best fit parameters: [1.67304819e-05 6.13182928e-08].
2022-08-25 14:15:04,377 - INFO - Maximum log composite likelihood: -50.2872089133.
2022-08-25 14:15:04,378 - INFO - Optimal value of theta: 7163.15983431.
2022-08-25 14:15:04,378 - INFO - Beginning optimization with guess, [1.93918965e-04 6.20727872e-07].
2022-08-25 14:15:06,072 - INFO - Finished optimization with guess, [1.93918965e-04 6.20727872e-07].
2022-08-25 14:15:06,072 - INFO - Best fit parameters: [8.15244535e-04 1.47292604e-07].
2022-08-25 14:15:06,135 - INFO - Maximum log composite likelihood: -50.1933171997.
2022-08-25 14:15:06,136 - INFO - Optimal value of theta: 7159.93806754.
2022-08-25 14:15:06,137 - INFO - Beginning optimization with guess, [2.58494010e-03 9.17616692e-07].
2022-08-25 14:15:07,827 - INFO - Finished optimization with guess, [2.58494010e-03 9.17616692e-07].
2022-08-25 14:15:07,828 - INFO - Best fit parameters: [9.3381591e-03 2.5422867e-07].
2022-08-25 14:15:07,891 - INFO - Maximum log composite likelihood: -50.1930320224.
2022-08-25 14:15:07,892 - INFO - Optimal value of theta: 7159.92943522.
2022-08-25 14:15:07,892 - INFO - Beginning optimization with guess, [8.32752247e-03 1.10383822e-06].
2022-08-25 14:15:09,202 - INFO - Finished optimization with guess, [8.32752247e-03 1.10383822e-06].
2022-08-25 14:15:09,203 - INFO - Best fit parameters: [2.17779693e-02 4.52321590e-07].
2022-08-25 14:15:09,265 - INFO - Maximum log composite likelihood: -50.1930291924.
2022-08-25 14:15:09,266 - INFO - Optimal value of theta: 7159.92935025.
2022-08-25 14:15:09,266 - INFO - Beginning optimization with guess, [8.93336906e-01 1.93539823e-06].
2022-08-25 14:15:09,453 - INFO - Finished optimization with guess, [8.93336906e-01 1.93539823e-06].
2022-08-25 14:15:09,454 - INFO - Best fit parameters: [8.93336906e-01 1.93539823e-06].
2022-08-25 14:15:09,516 - INFO - Maximum log composite likelihood: -50.1930253773.
2022-08-25 14:15:09,517 - INFO - Optimal value of theta: 7159.9292358.
2022-08-25 14:15:09,517 - INFO - Beginning optimization with guess, [4.00021994e-01 1.61819853e-06].
2022-08-25 14:15:09,707 - INFO - Finished optimization with guess, [4.00021994e-01 1.61819853e-06].
2022-08-25 14:15:09,708 - INFO - Best fit parameters: [4.00021994e-01 1.61819853e-06].
2022-08-25 14:15:09,770 - INFO - Maximum log composite likelihood: -50.1930254602.
2022-08-25 14:15:09,771 - INFO - Optimal value of theta: 7159.92923829.
2022-08-25 14:15:09,771 - INFO - Beginning optimization with guess, [5.92733569e-01 1.31903520e-06].
2022-08-25 14:15:09,959 - INFO - Finished optimization with guess, [5.92733569e-01 1.31903520e-06].
2022-08-25 14:15:09,959 - INFO - Best fit parameters: [5.92733569e-01 1.31903520e-06].
2022-08-25 14:15:10,022 - INFO - Maximum log composite likelihood: -50.1930253907.
2022-08-25 14:15:10,023 - INFO - Optimal value of theta: 7159.9292362.
2022-08-25 14:15:10,024 - INFO - Beginning optimization with guess, [1.37239765e+00 1.82138872e-06].
2022-08-25 14:15:10,212 - INFO - Finished optimization with guess, [1.37239765e+00 1.82138872e-06].
2022-08-25 14:15:10,212 - INFO - Best fit parameters: [1.37239765e+00 1.82138872e-06].
2022-08-25 14:15:10,275 - INFO - Maximum log composite likelihood: -50.1930253671.
2022-08-25 14:15:10,275 - INFO - Optimal value of theta: 7159.92923549.
2022-08-25 14:15:10,276 - INFO - Beginning optimization with guess, [5.42941171e-01 7.07508983e-07].
2022-08-25 14:15:10,465 - INFO - Finished optimization with guess, [5.42941171e-01 7.07508983e-07].
2022-08-25 14:15:10,465 - INFO - Best fit parameters: [5.42941171e-01 7.07508983e-07].
2022-08-25 14:15:10,528 - INFO - Maximum log composite likelihood: -50.1930253797.
2022-08-25 14:15:10,529 - INFO - Optimal value of theta: 7159.92923587.
2022-08-25 14:15:10,529 - INFO - Beginning optimization with guess, [1.55658183e+00 1.26595369e-06].
2022-08-25 14:15:10,718 - INFO - Finished optimization with guess, [1.55658183e+00 1.26595369e-06].
2022-08-25 14:15:10,718 - INFO - Best fit parameters: [1.55658183e+00 1.26595369e-06].
2022-08-25 14:15:10,781 - INFO - Maximum log composite likelihood: -50.1930253696.
2022-08-25 14:15:10,781 - INFO - Optimal value of theta: 7159.92923557.
2022-08-25 14:15:10,782 - INFO - Beginning optimization with guess, [2.40753553e+00 1.07394721e-06].
2022-08-25 14:15:10,970 - INFO - Finished optimization with guess, [2.40753553e+00 1.07394721e-06].
2022-08-25 14:15:10,970 - INFO - Best fit parameters: [2.40753553e+00 1.07394721e-06].
2022-08-25 14:15:11,033 - INFO - Maximum log composite likelihood: -50.1930253704.
2022-08-25 14:15:11,034 - INFO - Optimal value of theta: 7159.92923559.
2022-08-25 14:15:11,034 - INFO - Beginning optimization with guess, [2.09359926e+00 1.01297250e-06].
2022-08-25 14:15:11,223 - INFO - Finished optimization with guess, [2.09359926e+00 1.01297250e-06].
2022-08-25 14:15:11,223 - INFO - Best fit parameters: [2.09359926e+00 1.01297250e-06].
2022-08-25 14:15:11,285 - INFO - Maximum log composite likelihood: -50.1930253706.
2022-08-25 14:15:11,286 - INFO - Optimal value of theta: 7159.9292356.
2022-08-25 14:15:11,286 - INFO - Beginning optimization with guess, [1.09590738e+00 1.25075339e-06].
2022-08-25 14:15:11,473 - INFO - Finished optimization with guess, [1.09590738e+00 1.25075339e-06].
2022-08-25 14:15:11,473 - INFO - Best fit parameters: [1.09590738e+00 1.25075339e-06].
2022-08-25 14:15:11,536 - INFO - Maximum log composite likelihood: -50.1930253717.
2022-08-25 14:15:11,536 - INFO - Optimal value of theta: 7159.92923563.
2022-08-25 14:15:11,537 - INFO - Beginning optimization with guess, [1.19751648e+00 1.47907345e-06].
2022-08-25 14:15:11,725 - INFO - Finished optimization with guess, [1.19751648e+00 1.47907345e-06].
2022-08-25 14:15:11,725 - INFO - Best fit parameters: [1.19751648e+00 1.47907345e-06].
2022-08-25 14:15:11,788 - INFO - Maximum log composite likelihood: -50.1930253702.
2022-08-25 14:15:11,789 - INFO - Optimal value of theta: 7159.92923559.
2022-08-25 14:15:11,789 - INFO - Beginning optimization with guess, [2.08794444e+00 1.19783422e-06].
2022-08-25 14:15:11,977 - INFO - Finished optimization with guess, [2.08794444e+00 1.19783422e-06].
2022-08-25 14:15:11,977 - INFO - Best fit parameters: [2.08794444e+00 1.19783422e-06].
2022-08-25 14:15:12,040 - INFO - Maximum log composite likelihood: -50.1930253697.
2022-08-25 14:15:12,041 - INFO - Optimal value of theta: 7159.92923557.
2022-08-25 14:15:12,041 - INFO - Beginning optimization with guess, [2.11162107e+00 7.84979340e-07].
2022-08-25 14:15:12,230 - INFO - Finished optimization with guess, [2.11162107e+00 7.84979340e-07].
2022-08-25 14:15:12,230 - INFO - Best fit parameters: [2.11162107e+00 7.84979340e-07].
2022-08-25 14:15:12,293 - INFO - Maximum log composite likelihood: -50.1930253715.
2022-08-25 14:15:12,294 - INFO - Optimal value of theta: 7159.92923562.
2022-08-25 14:15:12,294 - INFO - Beginning optimization with guess, [3.23787399e+00 1.40269323e-06].
2022-08-25 14:15:12,481 - INFO - Finished optimization with guess, [3.23787399e+00 1.40269323e-06].
2022-08-25 14:15:12,481 - INFO - Best fit parameters: [3.23787399e+00 1.40269323e-06].
2022-08-25 14:15:12,543 - INFO - Maximum log composite likelihood: -50.1930253691.
2022-08-25 14:15:12,544 - INFO - Optimal value of theta: 7159.92923555.
2022-08-25 14:15:12,545 - INFO - Beginning optimization with guess, [4.63297332e+00 7.81027479e-07].
2022-08-25 14:15:12,732 - INFO - Finished optimization with guess, [4.63297332e+00 7.81027479e-07].
2022-08-25 14:15:12,732 - INFO - Best fit parameters: [4.63297332e+00 7.81027479e-07].
2022-08-25 14:15:12,794 - INFO - Maximum log composite likelihood: -50.1930253719.
2022-08-25 14:15:12,795 - INFO - Optimal value of theta: 7159.92923564.
2022-08-25 14:15:12,795 - INFO - Beginning optimization with guess, [2.56744575e+00 1.26768318e-06].
2022-08-25 14:15:12,984 - INFO - Finished optimization with guess, [2.56744575e+00 1.26768318e-06].
2022-08-25 14:15:12,985 - INFO - Best fit parameters: [2.56744575e+00 1.26768318e-06].
2022-08-25 14:15:13,047 - INFO - Maximum log composite likelihood: -50.1930253695.
2022-08-25 14:15:13,048 - INFO - Optimal value of theta: 7159.92923556.
2022-08-25 14:15:13,048 - INFO - Beginning optimization with guess, [3.57201059e+00 5.66468951e-07].
2022-08-25 14:15:13,236 - INFO - Finished optimization with guess, [3.57201059e+00 5.66468951e-07].
2022-08-25 14:15:13,236 - INFO - Best fit parameters: [3.57201059e+00 5.66468951e-07].
2022-08-25 14:15:13,298 - INFO - Maximum log composite likelihood: -50.1930253723.
2022-08-25 14:15:13,299 - INFO - Optimal value of theta: 7159.92923565.
2022-08-25 14:15:13,299 - INFO - Beginning optimization with guess, [5.63986862e+00 8.19231788e-07].
2022-08-25 14:15:13,488 - INFO - Finished optimization with guess, [5.63986862e+00 8.19231788e-07].
2022-08-25 14:15:13,489 - INFO - Best fit parameters: [5.63986862e+00 8.19231788e-07].
2022-08-25 14:15:13,551 - INFO - Maximum log composite likelihood: -50.193025372.
2022-08-25 14:15:13,552 - INFO - Optimal value of theta: 7159.92923564.
2022-08-25 14:15:13,552 - INFO - Beginning optimization with guess, [7.90670485e+00 1.39725060e-06].
2022-08-25 14:15:13,741 - INFO - Finished optimization with guess, [7.90670485e+00 1.39725060e-06].
2022-08-25 14:15:13,741 - INFO - Best fit parameters: [7.90670485e+00 1.39725060e-06].
2022-08-25 14:15:13,804 - INFO - Maximum log composite likelihood: -50.1930253709.
2022-08-25 14:15:13,805 - INFO - Optimal value of theta: 7159.92923561.
2022-08-25 14:15:13,805 - INFO - Beginning optimization with guess, [8.58852615e+00 1.22959601e-06].
2022-08-25 14:15:13,993 - INFO - Finished optimization with guess, [8.58852615e+00 1.22959601e-06].
2022-08-25 14:15:13,993 - INFO - Best fit parameters: [8.58852615e+00 1.22959601e-06].
2022-08-25 14:15:14,055 - INFO - Maximum log composite likelihood: -50.1930253715.
2022-08-25 14:15:14,056 - INFO - Optimal value of theta: 7159.92923562.
2022-08-25 14:15:14,056 - INFO - Beginning optimization with guess, [6.44154896e+00 1.22505342e-06].
2022-08-25 14:15:14,244 - INFO - Finished optimization with guess, [6.44154896e+00 1.22505342e-06].
2022-08-25 14:15:14,244 - INFO - Best fit parameters: [6.44154896e+00 1.22505342e-06].
2022-08-25 14:15:14,306 - INFO - Maximum log composite likelihood: -50.1930253711.
2022-08-25 14:15:14,307 - INFO - Optimal value of theta: 7159.92923561.
2022-08-25 14:15:14,310 - INFO - Beginning demographic inference for bottleneck + growth demographic model.
2022-08-25 14:15:14,318 - INFO - Beginning optimization with guess, [7.81760754e-07 1.04693465e-06 7.00200995e-07].
2022-08-25 14:15:16,504 - INFO - Finished optimization with guess, [7.81760754e-07 1.04693465e-06 7.00200995e-07].
2022-08-25 14:15:16,504 - INFO - Best fit parameters: [1.04485969e-06 1.63053983e-06 3.94240435e-09].
2022-08-25 14:15:16,566 - INFO - Maximum log composite likelihood: -50.2370660024.
2022-08-25 14:15:16,567 - INFO - Optimal value of theta: 7161.3933703.
2022-08-25 14:15:16,567 - INFO - Beginning optimization with guess, [5.15979324e-06 1.18614929e-05 1.02546480e-06].
2022-08-25 14:15:18,436 - INFO - Finished optimization with guess, [5.15979324e-06 1.18614929e-05 1.02546480e-06].
2022-08-25 14:15:18,436 - INFO - Best fit parameters: [5.42458844e-06 1.39855815e-05 1.19533766e-07].
2022-08-25 14:15:18,500 - INFO - Maximum log composite likelihood: -50.9503549046.
2022-08-25 14:15:18,501 - INFO - Optimal value of theta: 7182.02015523.
2022-08-25 14:15:18,501 - INFO - Beginning optimization with guess, [6.07772330e-05 8.41174287e-05 1.25553580e-06].
2022-08-25 14:15:20,255 - INFO - Finished optimization with guess, [6.07772330e-05 8.41174287e-05 1.25553580e-06].
2022-08-25 14:15:20,256 - INFO - Best fit parameters: [8.84797652e-05 3.26380868e-04 2.21471248e-07].
2022-08-25 14:15:20,319 - INFO - Maximum log composite likelihood: -50.1969684446.
2022-08-25 14:15:20,320 - INFO - Optimal value of theta: 7160.05165505.
2022-08-25 14:15:20,320 - INFO - Beginning optimization with guess, [9.95602661e-04 9.77261017e-04 6.73311126e-07].
2022-08-25 14:15:22,061 - INFO - Finished optimization with guess, [9.95602661e-04 9.77261017e-04 6.73311126e-07].
2022-08-25 14:15:22,062 - INFO - Best fit parameters: [9.95602661e-04 2.53096290e-03 2.59743997e-07].
2022-08-25 14:15:22,124 - INFO - Maximum log composite likelihood: -50.1931200292.
2022-08-25 14:15:22,125 - INFO - Optimal value of theta: 7159.93208818.
2022-08-25 14:15:22,125 - INFO - Beginning optimization with guess, [6.63144356e-03 1.02674366e-02 1.71809157e-06].
2022-08-25 14:15:23,865 - INFO - Finished optimization with guess, [6.63144356e-03 1.02674366e-02 1.71809157e-06].
2022-08-25 14:15:23,866 - INFO - Best fit parameters: [6.63126982e-03 2.60298904e-02 6.82757505e-07].
2022-08-25 14:15:23,927 - INFO - Maximum log composite likelihood: -50.193031441.
2022-08-25 14:15:23,928 - INFO - Optimal value of theta: 7159.92941776.
2022-08-25 14:15:23,929 - INFO - Beginning optimization with guess, [4.36909235e-01 5.87008331e-01 1.91395098e-06].
2022-08-25 14:15:24,176 - INFO - Finished optimization with guess, [4.36909235e-01 5.87008331e-01 1.91395098e-06].
2022-08-25 14:15:24,176 - INFO - Best fit parameters: [4.36909235e-01 5.87008331e-01 1.91395098e-06].
2022-08-25 14:15:24,240 - INFO - Maximum log composite likelihood: -50.1930254118.
2022-08-25 14:15:24,240 - INFO - Optimal value of theta: 7159.92923683.
2022-08-25 14:15:24,241 - INFO - Beginning optimization with guess, [5.14008163e-01 8.40524327e-01 1.59085633e-06].
2022-08-25 14:15:24,490 - INFO - Finished optimization with guess, [5.14008163e-01 8.40524327e-01 1.59085633e-06].
2022-08-25 14:15:24,490 - INFO - Best fit parameters: [5.14008163e-01 8.40524327e-01 1.59085633e-06].
2022-08-25 14:15:24,552 - INFO - Maximum log composite likelihood: -50.1930253779.
2022-08-25 14:15:24,553 - INFO - Optimal value of theta: 7159.92923582.
2022-08-25 14:15:24,553 - INFO - Beginning optimization with guess, [6.74003261e-01 5.09012727e-01 1.17708240e-06].
2022-08-25 14:15:24,809 - INFO - Finished optimization with guess, [6.74003261e-01 5.09012727e-01 1.17708240e-06].
2022-08-25 14:15:24,809 - INFO - Best fit parameters: [6.74003261e-01 5.09012727e-01 1.17708240e-06].
2022-08-25 14:15:24,872 - INFO - Maximum log composite likelihood: -50.1930253961.
2022-08-25 14:15:24,873 - INFO - Optimal value of theta: 7159.92923636.
2022-08-25 14:15:24,873 - INFO - Beginning optimization with guess, [4.63974344e-01 7.57237118e-01 9.76147626e-07].
2022-08-25 14:15:25,121 - INFO - Finished optimization with guess, [4.63974344e-01 7.57237118e-01 9.76147626e-07].
2022-08-25 14:15:25,121 - INFO - Best fit parameters: [4.63974344e-01 7.57237118e-01 9.76147626e-07].
2022-08-25 14:15:25,184 - INFO - Maximum log composite likelihood: -50.1930253764.
2022-08-25 14:15:25,184 - INFO - Optimal value of theta: 7159.92923577.
2022-08-25 14:15:25,185 - INFO - Beginning optimization with guess, [1.56450589e+00 1.13965552e+00 8.25401984e-07].
2022-08-25 14:15:25,433 - INFO - Finished optimization with guess, [1.56450589e+00 1.13965552e+00 8.25401984e-07].
2022-08-25 14:15:25,433 - INFO - Best fit parameters: [1.56450589e+00 1.13965552e+00 8.25401984e-07].
2022-08-25 14:15:25,496 - INFO - Maximum log composite likelihood: -50.1930253722.
2022-08-25 14:15:25,497 - INFO - Optimal value of theta: 7159.92923565.
2022-08-25 14:15:25,497 - INFO - Beginning optimization with guess, [1.10365958e+00 1.88679696e+00 1.04674712e-06].
2022-08-25 14:15:25,748 - INFO - Finished optimization with guess, [1.10365958e+00 1.88679696e+00 1.04674712e-06].
2022-08-25 14:15:25,748 - INFO - Best fit parameters: [1.10365958e+00 1.88679696e+00 1.04674712e-06].
2022-08-25 14:15:25,811 - INFO - Maximum log composite likelihood: -50.1930253704.
2022-08-25 14:15:25,812 - INFO - Optimal value of theta: 7159.92923559.
2022-08-25 14:15:25,812 - INFO - Beginning optimization with guess, [2.19246830e+00 1.49747244e+00 5.45566851e-07].
2022-08-25 14:15:26,060 - INFO - Finished optimization with guess, [2.19246830e+00 1.49747244e+00 5.45566851e-07].
2022-08-25 14:15:26,060 - INFO - Best fit parameters: [2.19246830e+00 1.49747244e+00 5.45566851e-07].
2022-08-25 14:15:26,122 - INFO - Maximum log composite likelihood: -50.1930253723.
2022-08-25 14:15:26,123 - INFO - Optimal value of theta: 7159.92923565.
2022-08-25 14:15:26,123 - INFO - Beginning optimization with guess, [1.93094800e+00 1.43435446e+00 7.36298412e-07].
2022-08-25 14:15:26,371 - INFO - Finished optimization with guess, [1.93094800e+00 1.43435446e+00 7.36298412e-07].
2022-08-25 14:15:26,372 - INFO - Best fit parameters: [1.93094800e+00 1.43435446e+00 7.36298412e-07].
2022-08-25 14:15:26,435 - INFO - Maximum log composite likelihood: -50.1930253718.
2022-08-25 14:15:26,435 - INFO - Optimal value of theta: 7159.92923564.
2022-08-25 14:15:26,436 - INFO - Beginning optimization with guess, [1.00828005e+00 1.21881691e+00 6.36304274e-07].
2022-08-25 14:15:26,686 - INFO - Finished optimization with guess, [1.00828005e+00 1.21881691e+00 6.36304274e-07].
2022-08-25 14:15:26,686 - INFO - Best fit parameters: [1.00828005e+00 1.21881691e+00 6.36304274e-07].
2022-08-25 14:15:26,748 - INFO - Maximum log composite likelihood: -50.1930253723.
2022-08-25 14:15:26,749 - INFO - Optimal value of theta: 7159.92923565.
2022-08-25 14:15:26,749 - INFO - Beginning optimization with guess, [2.81239335e+00 4.21521650e+00 6.79304226e-07].
2022-08-25 14:15:26,999 - INFO - Finished optimization with guess, [2.81239335e+00 4.21521650e+00 6.79304226e-07].
2022-08-25 14:15:27,000 - INFO - Best fit parameters: [2.81239335e+00 4.21521650e+00 6.79304226e-07].
2022-08-25 14:15:27,061 - INFO - Maximum log composite likelihood: -50.1930253721.
2022-08-25 14:15:27,062 - INFO - Optimal value of theta: 7159.92923564.
2022-08-25 14:15:27,062 - INFO - Beginning optimization with guess, [1.82894377e+00 2.65439572e+00 5.12298149e-07].
2022-08-25 14:15:27,310 - INFO - Finished optimization with guess, [1.82894377e+00 2.65439572e+00 5.12298149e-07].
2022-08-25 14:15:27,310 - INFO - Best fit parameters: [1.82894377e+00 2.65439572e+00 5.12298149e-07].
2022-08-25 14:15:27,372 - INFO - Maximum log composite likelihood: -50.1930253723.
2022-08-25 14:15:27,373 - INFO - Optimal value of theta: 7159.92923565.
2022-08-25 14:15:27,373 - INFO - Beginning optimization with guess, [1.52916621e+00 3.49544787e+00 1.99174329e-06].
2022-08-25 14:15:27,621 - INFO - Finished optimization with guess, [1.52916621e+00 3.49544787e+00 1.99174329e-06].
2022-08-25 14:15:27,621 - INFO - Best fit parameters: [1.52916621e+00 3.49544787e+00 1.99174329e-06].
2022-08-25 14:15:27,684 - INFO - Maximum log composite likelihood: -50.1930253656.
2022-08-25 14:15:27,684 - INFO - Optimal value of theta: 7159.92923545.
2022-08-25 14:15:27,685 - INFO - Beginning optimization with guess, [2.37675901e+00 1.82185310e+00 1.21962611e-06].
2022-08-25 14:15:27,935 - INFO - Finished optimization with guess, [2.37675901e+00 1.82185310e+00 1.21962611e-06].
2022-08-25 14:15:27,935 - INFO - Best fit parameters: [2.37675901e+00 1.82185310e+00 1.21962611e-06].
2022-08-25 14:15:27,997 - INFO - Maximum log composite likelihood: -50.1930253696.
2022-08-25 14:15:27,997 - INFO - Optimal value of theta: 7159.92923557.
2022-08-25 14:15:27,998 - INFO - Beginning optimization with guess, [1.70913027e+00 5.24583111e+00 6.80020175e-07].
2022-08-25 14:15:28,248 - INFO - Finished optimization with guess, [1.70913027e+00 5.24583111e+00 6.80020175e-07].
2022-08-25 14:15:28,248 - INFO - Best fit parameters: [1.70913027e+00 5.24583111e+00 6.80020175e-07].
2022-08-25 14:15:28,310 - INFO - Maximum log composite likelihood: -50.1930253722.
2022-08-25 14:15:28,311 - INFO - Optimal value of theta: 7159.92923565.
2022-08-25 14:15:28,311 - INFO - Beginning optimization with guess, [2.58786989e+00 3.23294800e+00 1.32992105e-06].
2022-08-25 14:15:28,559 - INFO - Finished optimization with guess, [2.58786989e+00 3.23294800e+00 1.32992105e-06].
2022-08-25 14:15:28,559 - INFO - Best fit parameters: [2.58786989e+00 3.23294800e+00 1.32992105e-06].
2022-08-25 14:15:28,621 - INFO - Maximum log composite likelihood: -50.1930253695.
2022-08-25 14:15:28,622 - INFO - Optimal value of theta: 7159.92923556.
2022-08-25 14:15:28,622 - INFO - Beginning optimization with guess, [6.00176905e+00 6.23335050e+00 8.19874955e-07].
2022-08-25 14:15:28,871 - INFO - Finished optimization with guess, [6.00176905e+00 6.23335050e+00 8.19874955e-07].
2022-08-25 14:15:28,872 - INFO - Best fit parameters: [6.00176905e+00 6.23335050e+00 8.19874955e-07].
2022-08-25 14:15:28,934 - INFO - Maximum log composite likelihood: -50.193025372.
2022-08-25 14:15:28,935 - INFO - Optimal value of theta: 7159.92923564.
2022-08-25 14:15:28,935 - INFO - Beginning optimization with guess, [6.87382762e+00 9.27479504e+00 9.54114529e-07].
2022-08-25 14:15:29,185 - INFO - Finished optimization with guess, [6.87382762e+00 9.27479504e+00 9.54114529e-07].
2022-08-25 14:15:29,185 - INFO - Best fit parameters: [6.87382762e+00 9.27479504e+00 9.54114529e-07].
2022-08-25 14:15:29,247 - INFO - Maximum log composite likelihood: -50.1930253721.
2022-08-25 14:15:29,248 - INFO - Optimal value of theta: 7159.92923564.
2022-08-25 14:15:29,248 - INFO - Beginning optimization with guess, [4.90301506e+00 5.53346165e+00 1.11792250e-06].
2022-08-25 14:15:29,498 - INFO - Finished optimization with guess, [4.90301506e+00 5.53346165e+00 1.11792250e-06].
2022-08-25 14:15:29,499 - INFO - Best fit parameters: [4.90301506e+00 5.53346165e+00 1.11792250e-06].
2022-08-25 14:15:29,561 - INFO - Maximum log composite likelihood: -50.1930253712.
2022-08-25 14:15:29,562 - INFO - Optimal value of theta: 7159.92923562.
2022-08-25 14:15:29,562 - INFO - Beginning optimization with guess, [6.04932178e+00 1.05139857e+01 1.61633146e-06].
2022-08-25 14:15:29,816 - INFO - Finished optimization with guess, [6.04932178e+00 1.05139857e+01 1.61633146e-06].
2022-08-25 14:15:29,816 - INFO - Best fit parameters: [6.04932178e+00 1.05139857e+01 1.61633146e-06].
2022-08-25 14:15:29,879 - INFO - Maximum log composite likelihood: -50.1930253708.
2022-08-25 14:15:29,879 - INFO - Optimal value of theta: 7159.92923561.
2022-08-25 14:15:29,880 - INFO - Beginning optimization with guess, [5.59253134e+00 4.54792437e+00 1.30750582e-06].
2022-08-25 14:15:30,128 - INFO - Finished optimization with guess, [5.59253134e+00 4.54792437e+00 1.30750582e-06].
2022-08-25 14:15:30,128 - INFO - Best fit parameters: [5.59253134e+00 4.54792437e+00 1.30750582e-06].
2022-08-25 14:15:30,190 - INFO - Maximum log composite likelihood: -50.1930253702.
2022-08-25 14:15:30,191 - INFO - Optimal value of theta: 7159.92923559.
2022-08-25 14:15:30,194 - INFO - Beginning demographic inference for three-epoch demographic model.
2022-08-25 14:15:30,196 - INFO - Beginning optimization with guess, [1.55143475e-06 9.53917697e-07 1.23955948e-06 5.06445627e-07].
2022-08-25 14:15:32,428 - INFO - Finished optimization with guess, [1.55143475e-06 9.53917697e-07 1.23955948e-06 5.06445627e-07].
2022-08-25 14:15:32,428 - INFO - Best fit parameters: [3.49572934e-05 1.19907342e-05 5.44578582e-08 4.07147318e-08].
2022-08-25 14:15:32,492 - INFO - Maximum log composite likelihood: -50.331997737.
2022-08-25 14:15:32,492 - INFO - Optimal value of theta: 7164.56748484.
2022-08-25 14:15:32,493 - INFO - Beginning optimization with guess, [6.86517808e-06 7.22521975e-06 5.67133329e-07 1.60434017e-06].
2022-08-25 14:15:34,503 - INFO - Finished optimization with guess, [6.86517808e-06 7.22521975e-06 5.67133329e-07 1.60434017e-06].
2022-08-25 14:15:34,503 - INFO - Best fit parameters: [1.10783428e-05 6.77738088e-06 1.36882416e-07 1.15110554e-07].
2022-08-25 14:15:34,568 - INFO - Maximum log composite likelihood: -55.0724105864.
2022-08-25 14:15:34,568 - INFO - Optimal value of theta: 7251.07090801.
2022-08-25 14:15:34,569 - INFO - Beginning optimization with guess, [1.93308914e-04 1.94132471e-04 1.26548364e-06 1.96862756e-06].
2022-08-25 14:15:36,482 - INFO - Finished optimization with guess, [1.93308914e-04 1.94132471e-04 1.26548364e-06 1.96862756e-06].
2022-08-25 14:15:36,482 - INFO - Best fit parameters: [5.52370986e-04 6.80520249e-04 4.42271258e-07 5.60489369e-07].
2022-08-25 14:15:36,545 - INFO - Maximum log composite likelihood: -50.2094733077.
2022-08-25 14:15:36,546 - INFO - Optimal value of theta: 7160.44767383.
2022-08-25 14:15:36,546 - INFO - Beginning optimization with guess, [9.26130342e-04 1.09423703e-03 9.73277175e-07 9.65020342e-07].
2022-08-25 14:15:38,445 - INFO - Finished optimization with guess, [9.26130342e-04 1.09423703e-03 9.73277175e-07 9.65020342e-07].
2022-08-25 14:15:38,446 - INFO - Best fit parameters: [2.07652101e-03 2.38977505e-03 4.33939003e-07 4.41527441e-07].
2022-08-25 14:15:38,509 - INFO - Maximum log composite likelihood: -50.1940572731.
2022-08-25 14:15:38,510 - INFO - Optimal value of theta: 7159.9605969.
2022-08-25 14:15:38,510 - INFO - Beginning optimization with guess, [9.43431662e-03 7.75728346e-03 1.45564265e-06 5.47258234e-07].
2022-08-25 14:15:40,410 - INFO - Finished optimization with guess, [9.43431662e-03 7.75728346e-03 1.45564265e-06 5.47258234e-07].
2022-08-25 14:15:40,410 - INFO - Best fit parameters: [2.09070229e-02 1.40506899e-02 6.57309497e-07 2.99088408e-07].
2022-08-25 14:15:40,475 - INFO - Maximum log composite likelihood: -50.193044122.
2022-08-25 14:15:40,476 - INFO - Optimal value of theta: 7159.9297986.
2022-08-25 14:15:40,476 - INFO - Beginning optimization with guess, [4.89410751e-01 8.73454420e-01 8.12279861e-07 1.41238039e-06].
2022-08-25 14:15:40,794 - INFO - Finished optimization with guess, [4.89410751e-01 8.73454420e-01 8.12279861e-07 1.41238039e-06].
2022-08-25 14:15:40,794 - INFO - Best fit parameters: [4.89410751e-01 8.73454420e-01 8.12279861e-07 1.41238039e-06].
2022-08-25 14:15:40,857 - INFO - Maximum log composite likelihood: -50.1930254003.
2022-08-25 14:15:40,858 - INFO - Optimal value of theta: 7159.92923649.
2022-08-25 14:15:40,858 - INFO - Beginning optimization with guess, [1.13133754e+00 1.21527807e+00 1.67254503e-06 1.25345631e-06].
2022-08-25 14:15:41,174 - INFO - Finished optimization with guess, [1.13133754e+00 1.21527807e+00 1.67254503e-06 1.25345631e-06].
2022-08-25 14:15:41,175 - INFO - Best fit parameters: [1.13133754e+00 1.21527807e+00 1.67254503e-06 1.25345631e-06].
2022-08-25 14:15:41,239 - INFO - Maximum log composite likelihood: -50.1930253665.
2022-08-25 14:15:41,240 - INFO - Optimal value of theta: 7159.92923548.
2022-08-25 14:15:41,240 - INFO - Beginning optimization with guess, [1.06109250e+00 1.09369980e+00 1.62290065e-06 7.26659125e-07].
2022-08-25 14:15:41,557 - INFO - Finished optimization with guess, [1.06109250e+00 1.09369980e+00 1.62290065e-06 7.26659125e-07].
2022-08-25 14:15:41,557 - INFO - Best fit parameters: [1.06109250e+00 1.09369980e+00 1.62290065e-06 7.26659125e-07].
2022-08-25 14:15:41,622 - INFO - Maximum log composite likelihood: -50.1930253707.
2022-08-25 14:15:41,623 - INFO - Optimal value of theta: 7159.9292356.
2022-08-25 14:15:41,623 - INFO - Beginning optimization with guess, [6.04604703e-01 1.43609626e+00 1.68104155e-06 1.04035110e-06].
2022-08-25 14:15:41,940 - INFO - Finished optimization with guess, [6.04604703e-01 1.43609626e+00 1.68104155e-06 1.04035110e-06].
2022-08-25 14:15:41,941 - INFO - Best fit parameters: [6.04604703e-01 1.43609626e+00 1.68104155e-06 1.04035110e-06].
2022-08-25 14:15:42,005 - INFO - Maximum log composite likelihood: -50.193025405.
2022-08-25 14:15:42,006 - INFO - Optimal value of theta: 7159.92923663.
2022-08-25 14:15:42,006 - INFO - Beginning optimization with guess, [9.11320796e-01 1.99714798e+00 5.24831511e-07 1.03934592e-06].
2022-08-25 14:15:42,323 - INFO - Finished optimization with guess, [9.11320796e-01 1.99714798e+00 5.24831511e-07 1.03934592e-06].
2022-08-25 14:15:42,324 - INFO - Best fit parameters: [9.11320796e-01 1.99714798e+00 5.24831511e-07 1.03934592e-06].
2022-08-25 14:15:42,387 - INFO - Maximum log composite likelihood: -50.1930253709.
2022-08-25 14:15:42,388 - INFO - Optimal value of theta: 7159.92923561.
2022-08-25 14:15:42,388 - INFO - Beginning optimization with guess, [2.33791855e+00 9.32136080e-01 7.43208369e-07 1.70632447e-06].
2022-08-25 14:15:42,704 - INFO - Finished optimization with guess, [2.33791855e+00 9.32136080e-01 7.43208369e-07 1.70632447e-06].
2022-08-25 14:15:42,704 - INFO - Best fit parameters: [2.33791855e+00 9.32136080e-01 7.43208369e-07 1.70632447e-06].
2022-08-25 14:15:42,767 - INFO - Maximum log composite likelihood: -50.1930253668.
2022-08-25 14:15:42,768 - INFO - Optimal value of theta: 7159.92923548.
2022-08-25 14:15:42,769 - INFO - Beginning optimization with guess, [1.36261364e+00 2.59696112e+00 9.52312448e-07 1.46925916e-06].
2022-08-25 14:15:43,085 - INFO - Finished optimization with guess, [1.36261364e+00 2.59696112e+00 9.52312448e-07 1.46925916e-06].
2022-08-25 14:15:43,085 - INFO - Best fit parameters: [1.36261364e+00 2.59696112e+00 9.52312448e-07 1.46925916e-06].
2022-08-25 14:15:43,149 - INFO - Maximum log composite likelihood: -50.1930253655.
2022-08-25 14:15:43,150 - INFO - Optimal value of theta: 7159.92923544.
2022-08-25 14:15:43,150 - INFO - Beginning optimization with guess, [2.01301551e+00 2.33178673e+00 1.69402736e-06 1.60395649e-06].
2022-08-25 14:15:43,468 - INFO - Finished optimization with guess, [2.01301551e+00 2.33178673e+00 1.69402736e-06 1.60395649e-06].
2022-08-25 14:15:43,468 - INFO - Best fit parameters: [2.01301551e+00 2.33178673e+00 1.69402736e-06 1.60395649e-06].
2022-08-25 14:15:43,531 - INFO - Maximum log composite likelihood: -50.1930253558.
2022-08-25 14:15:43,532 - INFO - Optimal value of theta: 7159.92923515.
2022-08-25 14:15:43,532 - INFO - Beginning optimization with guess, [1.08057109e+00 3.28703196e+00 6.71829008e-07 8.34988712e-07].
2022-08-25 14:15:43,850 - INFO - Finished optimization with guess, [1.08057109e+00 3.28703196e+00 6.71829008e-07 8.34988712e-07].
2022-08-25 14:15:43,850 - INFO - Best fit parameters: [1.08057109e+00 3.28703196e+00 6.71829008e-07 8.34988712e-07].
2022-08-25 14:15:43,913 - INFO - Maximum log composite likelihood: -50.1930253711.
2022-08-25 14:15:43,914 - INFO - Optimal value of theta: 7159.92923561.
2022-08-25 14:15:43,914 - INFO - Beginning optimization with guess, [1.88726745e+00 1.58370974e+00 1.88750955e-06 7.75932599e-07].
2022-08-25 14:15:44,231 - INFO - Finished optimization with guess, [1.88726745e+00 1.58370974e+00 1.88750955e-06 7.75932599e-07].
2022-08-25 14:15:44,231 - INFO - Best fit parameters: [1.88726745e+00 1.58370974e+00 1.88750955e-06 7.75932599e-07].
2022-08-25 14:15:44,294 - INFO - Maximum log composite likelihood: -50.1930253599.
2022-08-25 14:15:44,295 - INFO - Optimal value of theta: 7159.92923528.
2022-08-25 14:15:44,295 - INFO - Beginning optimization with guess, [1.87735032e+00 1.28879158e+00 5.33079848e-07 6.18675512e-07].
2022-08-25 14:15:44,613 - INFO - Finished optimization with guess, [1.87735032e+00 1.28879158e+00 5.33079848e-07 6.18675512e-07].
2022-08-25 14:15:44,613 - INFO - Best fit parameters: [1.87735032e+00 1.28879158e+00 5.33079848e-07 6.18675512e-07].
2022-08-25 14:15:44,679 - INFO - Maximum log composite likelihood: -50.1930253706.
2022-08-25 14:15:44,679 - INFO - Optimal value of theta: 7159.9292356.
2022-08-25 14:15:44,680 - INFO - Beginning optimization with guess, [1.97541044e+00 3.33404181e+00 7.98251926e-07 1.34736518e-06].
2022-08-25 14:15:44,997 - INFO - Finished optimization with guess, [1.97541044e+00 3.33404181e+00 7.98251926e-07 1.34736518e-06].
2022-08-25 14:15:44,997 - INFO - Best fit parameters: [1.97541044e+00 3.33404181e+00 7.98251926e-07 1.34736518e-06].
2022-08-25 14:15:45,060 - INFO - Maximum log composite likelihood: -50.1930253666.
2022-08-25 14:15:45,061 - INFO - Optimal value of theta: 7159.92923548.
2022-08-25 14:15:45,061 - INFO - Beginning optimization with guess, [2.32272504e+00 2.51644408e+00 1.74819869e-06 1.41063468e-06].
2022-08-25 14:15:45,378 - INFO - Finished optimization with guess, [2.32272504e+00 2.51644408e+00 1.74819869e-06 1.41063468e-06].
2022-08-25 14:15:45,378 - INFO - Best fit parameters: [2.32272504e+00 2.51644408e+00 1.74819869e-06 1.41063468e-06].
2022-08-25 14:15:45,443 - INFO - Maximum log composite likelihood: -50.1930253571.
2022-08-25 14:15:45,443 - INFO - Optimal value of theta: 7159.92923519.
2022-08-25 14:15:45,444 - INFO - Beginning optimization with guess, [3.61053321e+00 6.00163993e+00 1.00927795e-06 1.52795209e-06].
2022-08-25 14:15:45,762 - INFO - Finished optimization with guess, [3.61053321e+00 6.00163993e+00 1.00927795e-06 1.52795209e-06].
2022-08-25 14:15:45,763 - INFO - Best fit parameters: [3.61053321e+00 6.00163993e+00 1.00927795e-06 1.52795209e-06].
2022-08-25 14:15:45,827 - INFO - Maximum log composite likelihood: -50.1930253665.
2022-08-25 14:15:45,827 - INFO - Optimal value of theta: 7159.92923547.
2022-08-25 14:15:45,828 - INFO - Beginning optimization with guess, [2.00680083e+00 3.37806918e+00 1.02857180e-06 5.51756463e-07].
2022-08-25 14:15:46,146 - INFO - Finished optimization with guess, [2.00680083e+00 3.37806918e+00 1.02857180e-06 5.51756463e-07].
2022-08-25 14:15:46,146 - INFO - Best fit parameters: [2.00680083e+00 3.37806918e+00 1.02857180e-06 5.51756463e-07].
2022-08-25 14:15:46,209 - INFO - Maximum log composite likelihood: -50.1930253692.
2022-08-25 14:15:46,210 - INFO - Optimal value of theta: 7159.92923556.
2022-08-25 14:15:46,210 - INFO - Beginning optimization with guess, [3.11404694e+00 2.05854769e+00 1.73816432e-06 5.08910307e-07].
2022-08-25 14:15:46,528 - INFO - Finished optimization with guess, [3.11404694e+00 2.05854769e+00 1.73816432e-06 5.08910307e-07].
2022-08-25 14:15:46,528 - INFO - Best fit parameters: [3.11404694e+00 2.05854769e+00 1.73816432e-06 5.08910307e-07].
2022-08-25 14:15:46,591 - INFO - Maximum log composite likelihood: -50.1930253638.
2022-08-25 14:15:46,592 - INFO - Optimal value of theta: 7159.9292354.
2022-08-25 14:15:46,592 - INFO - Beginning optimization with guess, [5.42217470e+00 3.18942949e+00 5.36355020e-07 1.12781249e-06].
2022-08-25 14:15:46,908 - INFO - Finished optimization with guess, [5.42217470e+00 3.18942949e+00 5.36355020e-07 1.12781249e-06].
2022-08-25 14:15:46,909 - INFO - Best fit parameters: [5.42217470e+00 3.18942949e+00 5.36355020e-07 1.12781249e-06].
2022-08-25 14:15:46,972 - INFO - Maximum log composite likelihood: -50.1930253686.
2022-08-25 14:15:46,973 - INFO - Optimal value of theta: 7159.92923554.
2022-08-25 14:15:46,973 - INFO - Beginning optimization with guess, [5.10078174e+00 4.90191559e+00 1.05955381e-06 1.35166381e-06].
2022-08-25 14:15:47,291 - INFO - Finished optimization with guess, [5.10078174e+00 4.90191559e+00 1.05955381e-06 1.35166381e-06].
2022-08-25 14:15:47,292 - INFO - Best fit parameters: [5.10078174e+00 4.90191559e+00 1.05955381e-06 1.35166381e-06].
2022-08-25 14:15:47,355 - INFO - Maximum log composite likelihood: -50.1930253665.
2022-08-25 14:15:47,356 - INFO - Optimal value of theta: 7159.92923548.
2022-08-25 14:15:47,357 - INFO - Beginning optimization with guess, [6.31697885e+00 1.15647486e+01 5.12425709e-07 9.61826205e-07].
2022-08-25 14:15:47,673 - INFO - Finished optimization with guess, [6.31697885e+00 1.15647486e+01 5.12425709e-07 9.61826205e-07].
2022-08-25 14:15:47,673 - INFO - Best fit parameters: [6.31697885e+00 1.15647486e+01 5.12425709e-07 9.61826205e-07].
2022-08-25 14:15:47,736 - INFO - Maximum log composite likelihood: -50.1930253716.
2022-08-25 14:15:47,737 - INFO - Optimal value of theta: 7159.92923563.
2022-08-25 14:15:47,737 - INFO - Beginning optimization with guess, [1.44333633e+01 1.07469166e+01 1.71222934e-06 1.92802392e-06].
2022-08-25 14:15:48,054 - INFO - Finished optimization with guess, [1.44333633e+01 1.07469166e+01 1.71222934e-06 1.92802392e-06].
2022-08-25 14:15:48,055 - INFO - Best fit parameters: [1.44333633e+01 1.07469166e+01 1.71222934e-06 1.92802392e-06].
2022-08-25 14:15:48,118 - INFO - Maximum log composite likelihood: -50.1930253658.
2022-08-25 14:15:48,119 - INFO - Optimal value of theta: 7159.92923545.
2022-08-25 14:15:48,122 - INFO - Beginning demographic inference for one-epoch demographic model.
2022-08-25 14:15:48,124 - INFO - Beginning optimization with guess, [0.06121477].
2022-08-25 14:15:48,250 - INFO - Finished optimization with guess, [0.06121477].
2022-08-25 14:15:48,250 - INFO - Best fit parameters: [0.06121477].
2022-08-25 14:15:48,312 - INFO - Maximum log composite likelihood: -50.1930253729.
2022-08-25 14:15:48,312 - INFO - Optimal value of theta: 7159.92923567.
2022-08-25 14:15:48,313 - INFO - Beginning optimization with guess, [0.22669554].
2022-08-25 14:15:48,436 - INFO - Finished optimization with guess, [0.22669554].
2022-08-25 14:15:48,436 - INFO - Best fit parameters: [0.22669554].
2022-08-25 14:15:48,497 - INFO - Maximum log composite likelihood: -50.1930253729.
2022-08-25 14:15:48,498 - INFO - Optimal value of theta: 7159.92923567.
2022-08-25 14:15:48,498 - INFO - Beginning optimization with guess, [0.25318652].
2022-08-25 14:15:48,621 - INFO - Finished optimization with guess, [0.25318652].
2022-08-25 14:15:48,621 - INFO - Best fit parameters: [0.25318652].
2022-08-25 14:15:48,682 - INFO - Maximum log composite likelihood: -50.1930253729.
2022-08-25 14:15:48,683 - INFO - Optimal value of theta: 7159.92923567.
2022-08-25 14:15:48,683 - INFO - Beginning optimization with guess, [0.2009122].
2022-08-25 14:15:48,806 - INFO - Finished optimization with guess, [0.2009122].
2022-08-25 14:15:48,806 - INFO - Best fit parameters: [0.2009122].
2022-08-25 14:15:48,868 - INFO - Maximum log composite likelihood: -50.1930253729.
2022-08-25 14:15:48,868 - INFO - Optimal value of theta: 7159.92923567.
2022-08-25 14:15:48,869 - INFO - Beginning optimization with guess, [0.9886937].
2022-08-25 14:15:48,992 - INFO - Finished optimization with guess, [0.9886937].
2022-08-25 14:15:48,993 - INFO - Best fit parameters: [0.9886937].
2022-08-25 14:15:49,055 - INFO - Maximum log composite likelihood: -50.1930253729.
2022-08-25 14:15:49,055 - INFO - Optimal value of theta: 7159.92923567.
2022-08-25 14:15:49,056 - INFO - Beginning optimization with guess, [0.3984324].
2022-08-25 14:15:49,179 - INFO - Finished optimization with guess, [0.3984324].
2022-08-25 14:15:49,179 - INFO - Best fit parameters: [0.3984324].
2022-08-25 14:15:49,240 - INFO - Maximum log composite likelihood: -50.1930253729.
2022-08-25 14:15:49,241 - INFO - Optimal value of theta: 7159.92923567.
2022-08-25 14:15:49,241 - INFO - Beginning optimization with guess, [1.05649146].
2022-08-25 14:15:49,364 - INFO - Finished optimization with guess, [1.05649146].
2022-08-25 14:15:49,364 - INFO - Best fit parameters: [1.05649146].
2022-08-25 14:15:49,426 - INFO - Maximum log composite likelihood: -50.1930253729.
2022-08-25 14:15:49,426 - INFO - Optimal value of theta: 7159.92923567.
2022-08-25 14:15:49,427 - INFO - Beginning optimization with guess, [0.93919814].
2022-08-25 14:15:49,549 - INFO - Finished optimization with guess, [0.93919814].
2022-08-25 14:15:49,549 - INFO - Best fit parameters: [0.93919814].
2022-08-25 14:15:49,611 - INFO - Maximum log composite likelihood: -50.1930253729.
2022-08-25 14:15:49,611 - INFO - Optimal value of theta: 7159.92923567.
2022-08-25 14:15:49,612 - INFO - Beginning optimization with guess, [0.46238888].
2022-08-25 14:15:49,740 - INFO - Finished optimization with guess, [0.46238888].
2022-08-25 14:15:49,740 - INFO - Best fit parameters: [0.46238888].
2022-08-25 14:15:49,802 - INFO - Maximum log composite likelihood: -50.1930253729.
2022-08-25 14:15:49,803 - INFO - Optimal value of theta: 7159.92923567.
2022-08-25 14:15:49,803 - INFO - Beginning optimization with guess, [1.88446753].
2022-08-25 14:15:49,927 - INFO - Finished optimization with guess, [1.88446753].
2022-08-25 14:15:49,927 - INFO - Best fit parameters: [1.88446753].
2022-08-25 14:15:49,989 - INFO - Maximum log composite likelihood: -50.1930253729.
2022-08-25 14:15:49,990 - INFO - Optimal value of theta: 7159.92923567.
2022-08-25 14:15:49,990 - INFO - Beginning optimization with guess, [1.78706368].
2022-08-25 14:15:50,113 - INFO - Finished optimization with guess, [1.78706368].
2022-08-25 14:15:50,113 - INFO - Best fit parameters: [1.78706368].
2022-08-25 14:15:50,175 - INFO - Maximum log composite likelihood: -50.1930253729.
2022-08-25 14:15:50,175 - INFO - Optimal value of theta: 7159.92923567.
2022-08-25 14:15:50,176 - INFO - Beginning optimization with guess, [1.9924478].
2022-08-25 14:15:50,299 - INFO - Finished optimization with guess, [1.9924478].
2022-08-25 14:15:50,299 - INFO - Best fit parameters: [1.9924478].
2022-08-25 14:15:50,362 - INFO - Maximum log composite likelihood: -50.1930253729.
2022-08-25 14:15:50,362 - INFO - Optimal value of theta: 7159.92923567.
2022-08-25 14:15:50,363 - INFO - Beginning optimization with guess, [1.30794623].
2022-08-25 14:15:50,486 - INFO - Finished optimization with guess, [1.30794623].
2022-08-25 14:15:50,486 - INFO - Best fit parameters: [1.30794623].
2022-08-25 14:15:50,547 - INFO - Maximum log composite likelihood: -50.1930253729.
2022-08-25 14:15:50,548 - INFO - Optimal value of theta: 7159.92923567.
2022-08-25 14:15:50,548 - INFO - Beginning optimization with guess, [1.89983991].
2022-08-25 14:15:50,671 - INFO - Finished optimization with guess, [1.89983991].
2022-08-25 14:15:50,672 - INFO - Best fit parameters: [1.89983991].
2022-08-25 14:15:50,733 - INFO - Maximum log composite likelihood: -50.1930253729.
2022-08-25 14:15:50,734 - INFO - Optimal value of theta: 7159.92923567.
2022-08-25 14:15:50,734 - INFO - Beginning optimization with guess, [1.15812121].
2022-08-25 14:15:50,857 - INFO - Finished optimization with guess, [1.15812121].
2022-08-25 14:15:50,857 - INFO - Best fit parameters: [1.15812121].
2022-08-25 14:15:50,918 - INFO - Maximum log composite likelihood: -50.1930253729.
2022-08-25 14:15:50,919 - INFO - Optimal value of theta: 7159.92923567.
2022-08-25 14:15:50,919 - INFO - Beginning optimization with guess, [2.43574225].
2022-08-25 14:15:51,042 - INFO - Finished optimization with guess, [2.43574225].
2022-08-25 14:15:51,042 - INFO - Best fit parameters: [2.43574225].
2022-08-25 14:15:51,104 - INFO - Maximum log composite likelihood: -50.1930253729.
2022-08-25 14:15:51,105 - INFO - Optimal value of theta: 7159.92923567.
2022-08-25 14:15:51,105 - INFO - Beginning optimization with guess, [2.58056051].
2022-08-25 14:15:51,228 - INFO - Finished optimization with guess, [2.58056051].
2022-08-25 14:15:51,228 - INFO - Best fit parameters: [2.58056051].
2022-08-25 14:15:51,289 - INFO - Maximum log composite likelihood: -50.1930253729.
2022-08-25 14:15:51,290 - INFO - Optimal value of theta: 7159.92923567.
2022-08-25 14:15:51,291 - INFO - Beginning optimization with guess, [3.95769916].
2022-08-25 14:15:51,414 - INFO - Finished optimization with guess, [3.95769916].
2022-08-25 14:15:51,414 - INFO - Best fit parameters: [3.95769916].
2022-08-25 14:15:51,475 - INFO - Maximum log composite likelihood: -50.1930253729.
2022-08-25 14:15:51,476 - INFO - Optimal value of theta: 7159.92923567.
2022-08-25 14:15:51,476 - INFO - Beginning optimization with guess, [3.44018059].
2022-08-25 14:15:51,599 - INFO - Finished optimization with guess, [3.44018059].
2022-08-25 14:15:51,600 - INFO - Best fit parameters: [3.44018059].
2022-08-25 14:15:51,662 - INFO - Maximum log composite likelihood: -50.1930253729.
2022-08-25 14:15:51,662 - INFO - Optimal value of theta: 7159.92923567.
2022-08-25 14:15:51,663 - INFO - Beginning optimization with guess, [2.59974781].
2022-08-25 14:15:51,785 - INFO - Finished optimization with guess, [2.59974781].
2022-08-25 14:15:51,785 - INFO - Best fit parameters: [2.59974781].
2022-08-25 14:15:51,848 - INFO - Maximum log composite likelihood: -50.1930253729.
2022-08-25 14:15:51,848 - INFO - Optimal value of theta: 7159.92923567.
2022-08-25 14:15:51,849 - INFO - Beginning optimization with guess, [3.90555818].
2022-08-25 14:15:51,973 - INFO - Finished optimization with guess, [3.90555818].
2022-08-25 14:15:51,973 - INFO - Best fit parameters: [3.90555818].
2022-08-25 14:15:52,035 - INFO - Maximum log composite likelihood: -50.1930253729.
2022-08-25 14:15:52,036 - INFO - Optimal value of theta: 7159.92923567.
2022-08-25 14:15:52,036 - INFO - Beginning optimization with guess, [4.45623691].
2022-08-25 14:15:52,160 - INFO - Finished optimization with guess, [4.45623691].
2022-08-25 14:15:52,160 - INFO - Best fit parameters: [4.45623691].
2022-08-25 14:15:52,221 - INFO - Maximum log composite likelihood: -50.1930253729.
2022-08-25 14:15:52,222 - INFO - Optimal value of theta: 7159.92923567.
2022-08-25 14:15:52,222 - INFO - Beginning optimization with guess, [4.31289781].
2022-08-25 14:15:52,346 - INFO - Finished optimization with guess, [4.31289781].
2022-08-25 14:15:52,346 - INFO - Best fit parameters: [4.31289781].
2022-08-25 14:15:52,408 - INFO - Maximum log composite likelihood: -50.1930253729.
2022-08-25 14:15:52,408 - INFO - Optimal value of theta: 7159.92923567.
2022-08-25 14:15:52,409 - INFO - Beginning optimization with guess, [6.80885479].
2022-08-25 14:15:52,531 - INFO - Finished optimization with guess, [6.80885479].
2022-08-25 14:15:52,532 - INFO - Best fit parameters: [6.80885479].
2022-08-25 14:15:52,593 - INFO - Maximum log composite likelihood: -50.1930253729.
2022-08-25 14:15:52,594 - INFO - Optimal value of theta: 7159.92923567.
2022-08-25 14:15:52,594 - INFO - Beginning optimization with guess, [6.32154756].
2022-08-25 14:15:52,716 - INFO - Finished optimization with guess, [6.32154756].
2022-08-25 14:15:52,717 - INFO - Best fit parameters: [6.32154756].
2022-08-25 14:15:52,779 - INFO - Maximum log composite likelihood: -50.1930253729.
2022-08-25 14:15:52,780 - INFO - Optimal value of theta: 7159.92923567.
2022-08-25 14:15:52,783 - INFO - Finished demographic inference.
2022-08-25 14:15:52,783 - INFO - Pipeline executed succesfully.
