2023-07-20 16:54:10,789 - INFO - Beginning execution of fit_one_epoch.py in directory /u/project/ngarud/jonmah/demo_for_ccgb/Scripts

2023-07-20 16:54:10,789 - INFO - Progress is being logged to ../Analysis/Ruminococcus_bromii_62047_downsampled_14/core_log.log

2023-07-20 16:54:10,789 - INFO - Parsed the following arguments:
	syn_input_sfs = ../Analysis/Ruminococcus_bromii_62047_downsampled_14/core_empirical_syn_downsampled_sfs.txt
	mask_singletons = False
	mask_doubletons = False
	outprefix = ../Analysis/Ruminococcus_bromii_62047_downsampled_14/core

2023-07-20 16:54:10,803 - INFO - Beginning demographic inference for one-epoch demographic model.
2023-07-20 16:54:10,806 - INFO - Beginning optimization with guess, [0.18363742].
2023-07-20 16:54:11,525 - INFO - Finished optimization with guess, [0.18363742].
2023-07-20 16:54:11,525 - INFO - Best fit parameters: [0.18363742].
2023-07-20 16:54:11,548 - INFO - Maximum log composite likelihood: -693.7448477111166.
2023-07-20 16:54:11,548 - INFO - Optimal value of theta: 7799.83402844516.
2023-07-20 16:54:11,549 - INFO - Beginning optimization with guess, [0.23889766].
2023-07-20 16:54:12,278 - INFO - Finished optimization with guess, [0.23889766].
2023-07-20 16:54:12,278 - INFO - Best fit parameters: [0.23889766].
2023-07-20 16:54:12,301 - INFO - Maximum log composite likelihood: -693.7448477111166.
2023-07-20 16:54:12,301 - INFO - Optimal value of theta: 7799.83402844516.
2023-07-20 16:54:12,301 - INFO - Beginning optimization with guess, [0.33836332].
2023-07-20 16:54:13,028 - INFO - Finished optimization with guess, [0.33836332].
2023-07-20 16:54:13,028 - INFO - Best fit parameters: [0.33836332].
2023-07-20 16:54:13,051 - INFO - Maximum log composite likelihood: -693.7448477111166.
2023-07-20 16:54:13,051 - INFO - Optimal value of theta: 7799.83402844516.
2023-07-20 16:54:13,051 - INFO - Beginning optimization with guess, [0.53100143].
2023-07-20 16:54:13,711 - INFO - Finished optimization with guess, [0.53100143].
2023-07-20 16:54:13,711 - INFO - Best fit parameters: [0.53100143].
2023-07-20 16:54:13,734 - INFO - Maximum log composite likelihood: -693.7448477111166.
2023-07-20 16:54:13,734 - INFO - Optimal value of theta: 7799.83402844516.
2023-07-20 16:54:13,734 - INFO - Beginning optimization with guess, [0.32662715].
2023-07-20 16:54:14,451 - INFO - Finished optimization with guess, [0.32662715].
2023-07-20 16:54:14,452 - INFO - Best fit parameters: [0.32662715].
2023-07-20 16:54:14,474 - INFO - Maximum log composite likelihood: -693.7448477111166.
2023-07-20 16:54:14,475 - INFO - Optimal value of theta: 7799.83402844516.
2023-07-20 16:54:14,475 - INFO - Beginning optimization with guess, [0.7120893].
2023-07-20 16:54:15,055 - INFO - Finished optimization with guess, [0.7120893].
2023-07-20 16:54:15,055 - INFO - Best fit parameters: [0.7120893].
2023-07-20 16:54:15,078 - INFO - Maximum log composite likelihood: -693.7448477111166.
2023-07-20 16:54:15,078 - INFO - Optimal value of theta: 7799.83402844516.
2023-07-20 16:54:15,078 - INFO - Beginning optimization with guess, [0.83032543].
2023-07-20 16:54:15,594 - INFO - Finished optimization with guess, [0.83032543].
2023-07-20 16:54:15,594 - INFO - Best fit parameters: [0.83032543].
2023-07-20 16:54:15,617 - INFO - Maximum log composite likelihood: -693.7448477111166.
2023-07-20 16:54:15,617 - INFO - Optimal value of theta: 7799.83402844516.
2023-07-20 16:54:15,617 - INFO - Beginning optimization with guess, [1.18349132].
2023-07-20 16:54:16,130 - INFO - Finished optimization with guess, [1.18349132].
2023-07-20 16:54:16,131 - INFO - Best fit parameters: [1.18349132].
2023-07-20 16:54:16,153 - INFO - Maximum log composite likelihood: -693.7448477111166.
2023-07-20 16:54:16,154 - INFO - Optimal value of theta: 7799.83402844516.
2023-07-20 16:54:16,154 - INFO - Beginning optimization with guess, [1.14554486].
2023-07-20 16:54:16,667 - INFO - Finished optimization with guess, [1.14554486].
2023-07-20 16:54:16,667 - INFO - Best fit parameters: [1.14554486].
2023-07-20 16:54:16,689 - INFO - Maximum log composite likelihood: -693.7448477111166.
2023-07-20 16:54:16,689 - INFO - Optimal value of theta: 7799.83402844516.
2023-07-20 16:54:16,689 - INFO - Beginning optimization with guess, [0.79960771].
2023-07-20 16:54:17,231 - INFO - Finished optimization with guess, [0.79960771].
2023-07-20 16:54:17,231 - INFO - Best fit parameters: [0.79960771].
2023-07-20 16:54:17,255 - INFO - Maximum log composite likelihood: -693.7448477111166.
2023-07-20 16:54:17,255 - INFO - Optimal value of theta: 7799.83402844516.
2023-07-20 16:54:17,255 - INFO - Beginning optimization with guess, [2.0435646].
2023-07-20 16:54:17,918 - INFO - Finished optimization with guess, [2.0435646].
2023-07-20 16:54:17,918 - INFO - Best fit parameters: [2.0435646].
2023-07-20 16:54:17,941 - INFO - Maximum log composite likelihood: -693.7448477111166.
2023-07-20 16:54:17,941 - INFO - Optimal value of theta: 7799.83402844516.
2023-07-20 16:54:17,941 - INFO - Beginning optimization with guess, [2.34834264].
2023-07-20 16:54:18,588 - INFO - Finished optimization with guess, [2.34834264].
2023-07-20 16:54:18,588 - INFO - Best fit parameters: [2.34834264].
2023-07-20 16:54:18,610 - INFO - Maximum log composite likelihood: -693.7448477111166.
2023-07-20 16:54:18,610 - INFO - Optimal value of theta: 7799.83402844516.
2023-07-20 16:54:18,610 - INFO - Beginning optimization with guess, [1.62838216].
2023-07-20 16:54:19,190 - INFO - Finished optimization with guess, [1.62838216].
2023-07-20 16:54:19,191 - INFO - Best fit parameters: [1.62838216].
2023-07-20 16:54:19,213 - INFO - Maximum log composite likelihood: -693.7448477111166.
2023-07-20 16:54:19,213 - INFO - Optimal value of theta: 7799.83402844516.
2023-07-20 16:54:19,214 - INFO - Beginning optimization with guess, [1.72034716].
2023-07-20 16:54:19,860 - INFO - Finished optimization with guess, [1.72034716].
2023-07-20 16:54:19,860 - INFO - Best fit parameters: [1.72034716].
2023-07-20 16:54:19,883 - INFO - Maximum log composite likelihood: -693.7448477111166.
2023-07-20 16:54:19,883 - INFO - Optimal value of theta: 7799.83402844516.
2023-07-20 16:54:19,883 - INFO - Beginning optimization with guess, [3.7906417].
2023-07-20 16:54:20,596 - INFO - Finished optimization with guess, [3.7906417].
2023-07-20 16:54:20,597 - INFO - Best fit parameters: [3.7906417].
2023-07-20 16:54:20,619 - INFO - Maximum log composite likelihood: -693.7448477111166.
2023-07-20 16:54:20,619 - INFO - Optimal value of theta: 7799.83402844516.
2023-07-20 16:54:20,619 - INFO - Beginning optimization with guess, [4.38603627].
2023-07-20 16:54:21,332 - INFO - Finished optimization with guess, [4.38603627].
2023-07-20 16:54:21,332 - INFO - Best fit parameters: [4.38603627].
2023-07-20 16:54:21,354 - INFO - Maximum log composite likelihood: -693.7448477111166.
2023-07-20 16:54:21,354 - INFO - Optimal value of theta: 7799.83402844516.
2023-07-20 16:54:21,355 - INFO - Beginning optimization with guess, [2.4283736].
2023-07-20 16:54:22,001 - INFO - Finished optimization with guess, [2.4283736].
2023-07-20 16:54:22,002 - INFO - Best fit parameters: [2.4283736].
2023-07-20 16:54:22,024 - INFO - Maximum log composite likelihood: -693.7448477111166.
2023-07-20 16:54:22,024 - INFO - Optimal value of theta: 7799.83402844516.
2023-07-20 16:54:22,024 - INFO - Beginning optimization with guess, [1.81397725].
2023-07-20 16:54:22,670 - INFO - Finished optimization with guess, [1.81397725].
2023-07-20 16:54:22,670 - INFO - Best fit parameters: [1.81397725].
2023-07-20 16:54:22,692 - INFO - Maximum log composite likelihood: -693.7448477111166.
2023-07-20 16:54:22,693 - INFO - Optimal value of theta: 7799.83402844516.
2023-07-20 16:54:22,693 - INFO - Beginning optimization with guess, [6.25163462].
2023-07-20 16:54:23,405 - INFO - Finished optimization with guess, [6.25163462].
2023-07-20 16:54:23,405 - INFO - Best fit parameters: [6.25163462].
2023-07-20 16:54:23,428 - INFO - Maximum log composite likelihood: -693.7448477111166.
2023-07-20 16:54:23,428 - INFO - Optimal value of theta: 7799.83402844516.
2023-07-20 16:54:23,428 - INFO - Beginning optimization with guess, [3.44795634].
2023-07-20 16:54:24,141 - INFO - Finished optimization with guess, [3.44795634].
2023-07-20 16:54:24,141 - INFO - Best fit parameters: [3.44795634].
2023-07-20 16:54:24,163 - INFO - Maximum log composite likelihood: -693.7448477111166.
2023-07-20 16:54:24,165 - INFO - Optimal value of theta: 7799.83402844516.
2023-07-20 16:54:24,165 - INFO - Beginning optimization with guess, [7.68660011].
2023-07-20 16:54:24,877 - INFO - Finished optimization with guess, [7.68660011].
2023-07-20 16:54:24,878 - INFO - Best fit parameters: [7.68660011].
2023-07-20 16:54:24,900 - INFO - Maximum log composite likelihood: -693.7448477111166.
2023-07-20 16:54:24,900 - INFO - Optimal value of theta: 7799.83402844516.
2023-07-20 16:54:24,900 - INFO - Beginning optimization with guess, [3.11043647].
2023-07-20 16:54:25,613 - INFO - Finished optimization with guess, [3.11043647].
2023-07-20 16:54:25,613 - INFO - Best fit parameters: [3.11043647].
2023-07-20 16:54:25,635 - INFO - Maximum log composite likelihood: -693.7448477111166.
2023-07-20 16:54:25,635 - INFO - Optimal value of theta: 7799.83402844516.
2023-07-20 16:54:25,636 - INFO - Beginning optimization with guess, [7.37846031].
2023-07-20 16:54:26,351 - INFO - Finished optimization with guess, [7.37846031].
2023-07-20 16:54:26,352 - INFO - Best fit parameters: [7.37846031].
2023-07-20 16:54:26,374 - INFO - Maximum log composite likelihood: -693.7448477111166.
2023-07-20 16:54:26,374 - INFO - Optimal value of theta: 7799.83402844516.
2023-07-20 16:54:26,374 - INFO - Beginning optimization with guess, [4.2286606].
2023-07-20 16:54:27,087 - INFO - Finished optimization with guess, [4.2286606].
2023-07-20 16:54:27,087 - INFO - Best fit parameters: [4.2286606].
2023-07-20 16:54:27,109 - INFO - Maximum log composite likelihood: -693.7448477111166.
2023-07-20 16:54:27,109 - INFO - Optimal value of theta: 7799.83402844516.
2023-07-20 16:54:27,111 - INFO - Beginning demographic inference for two-epoch demographic model.
2023-07-20 16:54:27,114 - INFO - Beginning optimization with guess, [0.09943584 0.00671629].
2023-07-20 16:54:30,201 - INFO - Finished optimization with guess, [0.09943584 0.00671629].
2023-07-20 16:54:30,203 - INFO - Best fit parameters: [2.49483883 0.83811766].
2023-07-20 16:54:30,232 - INFO - Maximum log composite likelihood: -36.14029414248853.
2023-07-20 16:54:30,232 - INFO - Optimal value of theta: 4908.420603958783.
2023-07-20 16:54:30,232 - INFO - Beginning optimization with guess, [0.12792916 0.00962458].
2023-07-20 16:54:32,849 - INFO - Finished optimization with guess, [0.12792916 0.00962458].
2023-07-20 16:54:32,849 - INFO - Best fit parameters: [2.47129358 0.75957862].
2023-07-20 16:54:32,877 - INFO - Maximum log composite likelihood: -35.36118401384101.
2023-07-20 16:54:32,877 - INFO - Optimal value of theta: 5035.268924572.
2023-07-20 16:54:32,877 - INFO - Beginning optimization with guess, [0.15535114 0.01453278].
2023-07-20 16:54:35,134 - INFO - Finished optimization with guess, [0.15535114 0.01453278].
2023-07-20 16:54:35,135 - INFO - Best fit parameters: [2.57406008 0.79759372].
2023-07-20 16:54:35,163 - INFO - Maximum log composite likelihood: -34.2766495511014.
2023-07-20 16:54:35,163 - INFO - Optimal value of theta: 4904.499844109656.
2023-07-20 16:54:35,164 - INFO - Beginning optimization with guess, [0.2501912  0.01324576].
2023-07-20 16:54:37,598 - INFO - Finished optimization with guess, [0.2501912  0.01324576].
2023-07-20 16:54:37,598 - INFO - Best fit parameters: [2.49733808 0.86509746].
2023-07-20 16:54:37,627 - INFO - Maximum log composite likelihood: -36.72317270730673.
2023-07-20 16:54:37,627 - INFO - Optimal value of theta: 4871.559659180928.
2023-07-20 16:54:37,627 - INFO - Beginning optimization with guess, [0.56715161 0.01713566].
2023-07-20 16:54:39,823 - INFO - Finished optimization with guess, [0.56715161 0.01713566].
2023-07-20 16:54:39,823 - INFO - Best fit parameters: [2.89516117 0.46933309].
2023-07-20 16:54:39,848 - INFO - Maximum log composite likelihood: -56.59143024545392.
2023-07-20 16:54:39,849 - INFO - Optimal value of theta: 5339.691387537319.
2023-07-20 16:54:39,849 - INFO - Beginning optimization with guess, [1.19386245 0.00500191].
2023-07-20 16:54:41,175 - INFO - Finished optimization with guess, [1.19386245 0.00500191].
2023-07-20 16:54:41,175 - INFO - Best fit parameters: [2.55052458 0.81992433].
2023-07-20 16:54:41,203 - INFO - Maximum log composite likelihood: -34.58216649399674.
2023-07-20 16:54:41,204 - INFO - Optimal value of theta: 4890.663551888966.
2023-07-20 16:54:41,204 - INFO - Beginning optimization with guess, [0.94548105 0.00547076].
2023-07-20 16:54:45,770 - INFO - Finished optimization with guess, [0.94548105 0.00547076].
2023-07-20 16:54:45,770 - INFO - Best fit parameters: [1.28715739 0.31555391].
2023-07-20 16:54:45,797 - INFO - Maximum log composite likelihood: -398.6781273750712.
2023-07-20 16:54:45,797 - INFO - Optimal value of theta: 7137.634419343931.
2023-07-20 16:54:45,798 - INFO - Beginning optimization with guess, [1.59209322 0.00531067].
2023-07-20 16:54:47,192 - INFO - Finished optimization with guess, [1.59209322 0.00531067].
2023-07-20 16:54:47,192 - INFO - Best fit parameters: [2.5578679  0.74947282].
2023-07-20 16:54:47,219 - INFO - Maximum log composite likelihood: -34.16049846869373.
2023-07-20 16:54:47,220 - INFO - Optimal value of theta: 4986.249498183433.
2023-07-20 16:54:47,220 - INFO - Beginning optimization with guess, [1.71653028 0.00740543].
2023-07-20 16:54:48,602 - INFO - Finished optimization with guess, [1.71653028 0.00740543].
2023-07-20 16:54:48,603 - INFO - Best fit parameters: [2.54651015 0.733065  ].
2023-07-20 16:54:48,631 - INFO - Maximum log composite likelihood: -34.14448789901871.
2023-07-20 16:54:48,631 - INFO - Optimal value of theta: 5019.32976217748.
2023-07-20 16:54:48,631 - INFO - Beginning optimization with guess, [1.3726669  0.00589157].
2023-07-20 16:54:49,965 - INFO - Finished optimization with guess, [1.3726669  0.00589157].
2023-07-20 16:54:49,965 - INFO - Best fit parameters: [2.5620759  0.72804463].
2023-07-20 16:54:49,992 - INFO - Maximum log composite likelihood: -34.19594176431019.
2023-07-20 16:54:49,992 - INFO - Optimal value of theta: 5016.046685145741.
2023-07-20 16:54:49,993 - INFO - Beginning optimization with guess, [1.59418238 0.01790774].
2023-07-20 16:54:51,358 - INFO - Finished optimization with guess, [1.59418238 0.01790774].
2023-07-20 16:54:51,358 - INFO - Best fit parameters: [2.54368146 0.73594618].
2023-07-20 16:54:51,387 - INFO - Maximum log composite likelihood: -34.14709241067885.
2023-07-20 16:54:51,387 - INFO - Optimal value of theta: 5016.921858287539.
2023-07-20 16:54:51,387 - INFO - Beginning optimization with guess, [0.95611708 0.00729038].
2023-07-20 16:54:55,218 - INFO - Finished optimization with guess, [0.95611708 0.00729038].
2023-07-20 16:54:55,219 - INFO - Best fit parameters: [1.05655592 0.15841511].
2023-07-20 16:54:55,245 - INFO - Maximum log composite likelihood: -632.90411463089.
2023-07-20 16:54:55,245 - INFO - Optimal value of theta: 7699.802391773897.
2023-07-20 16:54:55,245 - INFO - Beginning optimization with guess, [3.43542279 0.0066279 ].
2023-07-20 16:54:56,345 - INFO - Finished optimization with guess, [3.43542279 0.0066279 ].
2023-07-20 16:54:56,345 - INFO - Best fit parameters: [2.78674154 0.27037342].
2023-07-20 16:54:56,369 - INFO - Maximum log composite likelihood: -69.91101233356221.
2023-07-20 16:54:56,370 - INFO - Optimal value of theta: 6026.567260157695.
2023-07-20 16:54:56,370 - INFO - Beginning optimization with guess, [2.79052593 0.01529429].
2023-07-20 16:54:57,572 - INFO - Finished optimization with guess, [2.79052593 0.01529429].
2023-07-20 16:54:57,572 - INFO - Best fit parameters: [2.5620869  0.74465118].
2023-07-20 16:54:57,600 - INFO - Maximum log composite likelihood: -34.1708031500566.
2023-07-20 16:54:57,600 - INFO - Optimal value of theta: 4990.530368832457.
2023-07-20 16:54:57,600 - INFO - Beginning optimization with guess, [1.74662122 0.01144057].
2023-07-20 16:54:58,965 - INFO - Finished optimization with guess, [1.74662122 0.01144057].
2023-07-20 16:54:58,965 - INFO - Best fit parameters: [2.54506526 0.73271112].
2023-07-20 16:54:58,993 - INFO - Maximum log composite likelihood: -34.14437746045314.
2023-07-20 16:54:58,993 - INFO - Optimal value of theta: 5020.906980073248.
2023-07-20 16:54:58,993 - INFO - Beginning optimization with guess, [1.45789933 0.01508872].
2023-07-20 16:55:00,273 - INFO - Finished optimization with guess, [1.45789933 0.01508872].
2023-07-20 16:55:00,274 - INFO - Best fit parameters: [2.54327761 0.71897773].
2023-07-20 16:55:00,301 - INFO - Maximum log composite likelihood: -34.149737474975154.
2023-07-20 16:55:00,301 - INFO - Optimal value of theta: 5043.498236103802.
2023-07-20 16:55:00,302 - INFO - Beginning optimization with guess, [1.86959792 0.01781104].
2023-07-20 16:55:01,833 - INFO - Finished optimization with guess, [1.86959792 0.01781104].
2023-07-20 16:55:01,833 - INFO - Best fit parameters: [2.57517678 0.91267109].
2023-07-20 16:55:01,864 - INFO - Maximum log composite likelihood: -35.53811400755785.
2023-07-20 16:55:01,865 - INFO - Optimal value of theta: 4752.903667244378.
2023-07-20 16:55:01,865 - INFO - Beginning optimization with guess, [1.88950923 0.01074785].
2023-07-20 16:55:03,462 - INFO - Finished optimization with guess, [1.88950923 0.01074785].
2023-07-20 16:55:03,463 - INFO - Best fit parameters: [3.36524656 1.79811753].
2023-07-20 16:55:03,494 - INFO - Maximum log composite likelihood: -39.047129301395216.
2023-07-20 16:55:03,494 - INFO - Optimal value of theta: 3520.8332334071533.
2023-07-20 16:55:03,494 - INFO - Beginning optimization with guess, [2.0568352  0.00902897].
2023-07-20 16:55:05,137 - INFO - Finished optimization with guess, [2.0568352  0.00902897].
2023-07-20 16:55:05,138 - INFO - Best fit parameters: [3.41637306 1.86940996].
2023-07-20 16:55:05,169 - INFO - Maximum log composite likelihood: -39.25044996173892.
2023-07-20 16:55:05,169 - INFO - Optimal value of theta: 3454.9871106874893.
2023-07-20 16:55:05,170 - INFO - Beginning optimization with guess, [5.97550585 0.01051045].
2023-07-20 16:55:06,285 - INFO - Finished optimization with guess, [5.97550585 0.01051045].
2023-07-20 16:55:06,286 - INFO - Best fit parameters: [2.68731463 0.46216406].
2023-07-20 16:55:06,311 - INFO - Maximum log composite likelihood: -44.08164951599883.
2023-07-20 16:55:06,311 - INFO - Optimal value of theta: 5462.4250235377785.
2023-07-20 16:55:06,312 - INFO - Beginning optimization with guess, [7.58021095e+00 5.30328859e-03].
2023-07-20 16:55:07,417 - INFO - Finished optimization with guess, [7.58021095e+00 5.30328859e-03].
2023-07-20 16:55:07,417 - INFO - Best fit parameters: [5.17564667 0.1156262 ].
2023-07-20 16:55:07,440 - INFO - Maximum log composite likelihood: -155.23190557431008.
2023-07-20 16:55:07,440 - INFO - Optimal value of theta: 6555.379596766276.
2023-07-20 16:55:07,440 - INFO - Beginning optimization with guess, [6.35575773 0.01520259].
2023-07-20 16:55:08,596 - INFO - Finished optimization with guess, [6.35575773 0.01520259].
2023-07-20 16:55:08,596 - INFO - Best fit parameters: [2.83031606 0.19746381].
2023-07-20 16:55:08,620 - INFO - Maximum log composite likelihood: -99.23455138712325.
2023-07-20 16:55:08,620 - INFO - Optimal value of theta: 6340.327026185731.
2023-07-20 16:55:08,620 - INFO - Beginning optimization with guess, [1.09493242e+01 7.21071941e-03].
2023-07-20 16:55:09,755 - INFO - Finished optimization with guess, [1.09493242e+01 7.21071941e-03].
2023-07-20 16:55:09,755 - INFO - Best fit parameters: [2.57231727 0.45937931].
2023-07-20 16:55:09,781 - INFO - Maximum log composite likelihood: -40.76786943431671.
2023-07-20 16:55:09,781 - INFO - Optimal value of theta: 5533.622831209609.
2023-07-20 16:55:09,782 - INFO - Beginning optimization with guess, [8.75914404 0.00932499].
2023-07-20 16:55:10,934 - INFO - Finished optimization with guess, [8.75914404 0.00932499].
2023-07-20 16:55:10,935 - INFO - Best fit parameters: [3.49389942 0.14170618].
2023-07-20 16:55:10,959 - INFO - Maximum log composite likelihood: -133.47588463587635.
2023-07-20 16:55:10,959 - INFO - Optimal value of theta: 6522.269924470213.
2023-07-20 16:55:10,961 - INFO - Beginning demographic inference for three-epoch demographic model.
2023-07-20 16:55:10,964 - INFO - Beginning optimization with guess, [0.01041395 0.01458711 0.0068791  0.01543602].
2023-07-20 17:05:14,869 - INFO - Finished optimization with guess, [0.01041395 0.01458711 0.0068791  0.01543602].
2023-07-20 17:05:14,870 - INFO - Best fit parameters: [0.00172877 0.00115946 0.00657556 0.46070103].
2023-07-20 17:05:21,975 - INFO - Maximum log composite likelihood: -693.7448475680085.
2023-07-20 17:05:21,976 - INFO - Optimal value of theta: 6727143.022519867.
2023-07-20 17:05:21,976 - INFO - Beginning optimization with guess, [0.01249415 0.02536173 0.00673078 0.0111377 ].
2023-07-20 17:05:25,761 - INFO - Finished optimization with guess, [0.01249415 0.02536173 0.00673078 0.0111377 ].
2023-07-20 17:05:25,762 - INFO - Best fit parameters: [0.00350274 0.09419211 0.01325024 0.01000276].
2023-07-20 17:05:25,855 - INFO - Maximum log composite likelihood: -219.0691043310062.
2023-07-20 17:05:25,855 - INFO - Optimal value of theta: 214603.37976276857.
2023-07-20 17:05:25,855 - INFO - Beginning optimization with guess, [0.02140349 0.05798163 0.0116154  0.01544334].
2023-07-20 17:05:29,231 - INFO - Finished optimization with guess, [0.02140349 0.05798163 0.0116154  0.01544334].
2023-07-20 17:05:29,231 - INFO - Best fit parameters: [0.00900017 0.07512152 0.03543443 0.01315609].
2023-07-20 17:05:29,326 - INFO - Maximum log composite likelihood: -98.30636664381655.
2023-07-20 17:05:29,326 - INFO - Optimal value of theta: 198166.6075685534.
2023-07-20 17:05:29,327 - INFO - Beginning optimization with guess, [0.02874157 0.02054368 0.01033789 0.00672306].
2023-07-20 17:05:30,508 - INFO - Finished optimization with guess, [0.02874157 0.02054368 0.01033789 0.00672306].
2023-07-20 17:05:30,509 - INFO - Best fit parameters: [1.49862321e+00 2.89179433e+02 1.13199113e-04 1.47365569e-06].
2023-07-20 17:05:30,533 - INFO - Maximum log composite likelihood: -693.1433448805474.
2023-07-20 17:05:30,533 - INFO - Optimal value of theta: 7799.16217895246.
2023-07-20 17:05:30,534 - INFO - Beginning optimization with guess, [0.0305357  0.02782443 0.00759231 0.01031135].
2023-07-20 17:05:31,773 - INFO - Finished optimization with guess, [0.0305357  0.02782443 0.00759231 0.01031135].
2023-07-20 17:05:31,773 - INFO - Best fit parameters: [1.66025284e+00 4.39349897e+01 1.63071335e-04 8.98065616e-05].
2023-07-20 17:05:31,797 - INFO - Maximum log composite likelihood: -691.3274948722656.
2023-07-20 17:05:31,797 - INFO - Optimal value of theta: 7797.13162850016.
2023-07-20 17:05:31,797 - INFO - Beginning optimization with guess, [0.83101715 0.31439979 0.00936045 0.01576439].
2023-07-20 17:05:32,861 - INFO - Finished optimization with guess, [0.83101715 0.31439979 0.00936045 0.01576439].
2023-07-20 17:05:32,861 - INFO - Best fit parameters: [1.00333973e+00 1.24258083e+00 2.47266766e-04 3.86748407e-05].
2023-07-20 17:05:32,885 - INFO - Maximum log composite likelihood: -693.6157972233823.
2023-07-20 17:05:32,885 - INFO - Optimal value of theta: 7799.6899372707585.
2023-07-20 17:05:32,885 - INFO - Beginning optimization with guess, [0.85730065 0.69047361 0.00591854 0.01976058].
2023-07-20 17:05:33,945 - INFO - Finished optimization with guess, [0.85730065 0.69047361 0.00591854 0.01976058].
2023-07-20 17:05:33,946 - INFO - Best fit parameters: [1.00277714e+00 1.07199499e+00 1.09450299e-04 6.72448277e-05].
2023-07-20 17:05:33,970 - INFO - Maximum log composite likelihood: -693.670727710638.
2023-07-20 17:05:33,970 - INFO - Optimal value of theta: 7799.7512660078.
2023-07-20 17:05:33,970 - INFO - Beginning optimization with guess, [1.03853083 0.88331243 0.00646533 0.00855733].
2023-07-20 17:05:35,259 - INFO - Finished optimization with guess, [1.03853083 0.88331243 0.00646533 0.00855733].
2023-07-20 17:05:35,260 - INFO - Best fit parameters: [1.05104255e+00 9.24091804e-01 3.90093718e-01 2.45919847e-04].
2023-07-20 17:05:35,290 - INFO - Maximum log composite likelihood: -630.1632783105197.
2023-07-20 17:05:35,290 - INFO - Optimal value of theta: 7637.266202798368.
2023-07-20 17:05:35,290 - INFO - Beginning optimization with guess, [0.88717847 1.20549165 0.0105851  0.01431872].
2023-07-20 17:05:36,572 - INFO - Finished optimization with guess, [0.88717847 1.20549165 0.0105851  0.01431872].
2023-07-20 17:05:36,572 - INFO - Best fit parameters: [0.87615614 1.27383748 0.00501932 0.418711  ].
2023-07-20 17:05:36,602 - INFO - Maximum log composite likelihood: -407.0700276996122.
2023-07-20 17:05:36,602 - INFO - Optimal value of theta: 7052.401058155936.
2023-07-20 17:05:36,602 - INFO - Beginning optimization with guess, [0.83933106 1.06431668 0.01575938 0.01166286].
2023-07-20 17:05:37,858 - INFO - Finished optimization with guess, [0.83933106 1.06431668 0.01575938 0.01166286].
2023-07-20 17:05:37,860 - INFO - Best fit parameters: [9.61800565e-01 1.09111054e+00 3.59232776e-04 4.42711975e-01].
2023-07-20 17:05:37,891 - INFO - Maximum log composite likelihood: -584.7869164071662.
2023-07-20 17:05:37,891 - INFO - Optimal value of theta: 7498.8222892207295.
2023-07-20 17:05:37,891 - INFO - Beginning optimization with guess, [1.27479658 1.45550897 0.01384808 0.01175206].
2023-07-20 17:05:39,109 - INFO - Finished optimization with guess, [1.27479658 1.45550897 0.01384808 0.01175206].
2023-07-20 17:05:39,109 - INFO - Best fit parameters: [1.27880798 1.85096939 0.01025226 0.71387606].
2023-07-20 17:05:39,140 - INFO - Maximum log composite likelihood: -129.73173446871715.
2023-07-20 17:05:39,140 - INFO - Optimal value of theta: 5711.908097892515.
2023-07-20 17:05:39,141 - INFO - Beginning optimization with guess, [2.35416924 1.96798277 0.01292668 0.0058521 ].
2023-07-20 17:05:40,591 - INFO - Finished optimization with guess, [2.35416924 1.96798277 0.01292668 0.0058521 ].
2023-07-20 17:05:40,591 - INFO - Best fit parameters: [3.17431393e+00 2.32964966e+00 1.64306355e+00 2.48349944e-03].
2023-07-20 17:05:40,624 - INFO - Maximum log composite likelihood: -39.24468446427727.
2023-07-20 17:05:40,625 - INFO - Optimal value of theta: 3718.672338151182.
2023-07-20 17:05:40,625 - INFO - Beginning optimization with guess, [1.94785695 2.15164897 0.00769882 0.00607816].
2023-07-20 17:05:41,886 - INFO - Finished optimization with guess, [1.94785695 2.15164897 0.00769882 0.00607816].
2023-07-20 17:05:41,886 - INFO - Best fit parameters: [2.55840533 2.39369871 0.67665895 0.00380789].
2023-07-20 17:05:41,915 - INFO - Maximum log composite likelihood: -34.35606102684051.
2023-07-20 17:05:41,915 - INFO - Optimal value of theta: 5096.627964387601.
2023-07-20 17:05:41,915 - INFO - Beginning optimization with guess, [1.28419382 1.79596233 0.00688984 0.00706079].
2023-07-20 17:05:43,209 - INFO - Finished optimization with guess, [1.28419382 1.79596233 0.00688984 0.00706079].
2023-07-20 17:05:43,209 - INFO - Best fit parameters: [1.3127767  2.41182803 0.00454819 0.76656694].
2023-07-20 17:05:43,239 - INFO - Maximum log composite likelihood: -37.861087208230856.
2023-07-20 17:05:43,239 - INFO - Optimal value of theta: 5069.238860690378.
2023-07-20 17:05:43,239 - INFO - Beginning optimization with guess, [3.00442178 2.36465956 0.01124671 0.00745963].
2023-07-20 17:05:44,370 - INFO - Finished optimization with guess, [3.00442178 2.36465956 0.01124671 0.00745963].
2023-07-20 17:05:44,371 - INFO - Best fit parameters: [3.69631062 2.72370771 0.18630188 0.00421902].
2023-07-20 17:05:44,396 - INFO - Maximum log composite likelihood: -108.55462187897047.
2023-07-20 17:05:44,396 - INFO - Optimal value of theta: 6188.8864846602.
2023-07-20 17:05:44,396 - INFO - Beginning optimization with guess, [1.6593377  1.86970908 0.01572125 0.00742255].
2023-07-20 17:05:45,618 - INFO - Finished optimization with guess, [1.6593377  1.86970908 0.01572125 0.00742255].
2023-07-20 17:05:45,618 - INFO - Best fit parameters: [2.22618236 1.93887172 0.74499835 0.00600793].
2023-07-20 17:05:45,648 - INFO - Maximum log composite likelihood: -54.2017989208116.
2023-07-20 17:05:45,648 - INFO - Optimal value of theta: 5259.985649327176.
2023-07-20 17:05:45,649 - INFO - Beginning optimization with guess, [2.43766246 2.44783954 0.00665538 0.01141306].
2023-07-20 17:05:47,113 - INFO - Finished optimization with guess, [2.43766246 2.44783954 0.00665538 0.01141306].
2023-07-20 17:05:47,114 - INFO - Best fit parameters: [2.9914681  3.93886785 0.00399515 2.43725654].
2023-07-20 17:05:47,148 - INFO - Maximum log composite likelihood: -40.41725884763946.
2023-07-20 17:05:47,148 - INFO - Optimal value of theta: 2962.5669328397366.
2023-07-20 17:05:47,149 - INFO - Beginning optimization with guess, [4.34704263 3.41059785 0.00865661 0.00539935].
2023-07-20 17:05:48,310 - INFO - Finished optimization with guess, [4.34704263 3.41059785 0.00865661 0.00539935].
2023-07-20 17:05:48,310 - INFO - Best fit parameters: [5.53667365e+00 4.17016931e+00 1.35239900e-01 3.16299960e-03].
2023-07-20 17:05:48,335 - INFO - Maximum log composite likelihood: -148.8746710152309.
2023-07-20 17:05:48,335 - INFO - Optimal value of theta: 6349.656459082239.
2023-07-20 17:05:48,335 - INFO - Beginning optimization with guess, [2.30464401 4.26317613 0.0140099  0.01534526].
2023-07-20 17:05:49,427 - INFO - Finished optimization with guess, [2.30464401 4.26317613 0.0140099  0.01534526].
2023-07-20 17:05:49,428 - INFO - Best fit parameters: [2.43343924 3.62830054 0.00372472 0.19993636].
2023-07-20 17:05:49,454 - INFO - Maximum log composite likelihood: -106.55892409612807.
2023-07-20 17:05:49,454 - INFO - Optimal value of theta: 6122.73827382115.
2023-07-20 17:05:49,454 - INFO - Beginning optimization with guess, [2.37576102 5.77163149 0.00795709 0.0064457 ].
2023-07-20 17:05:50,648 - INFO - Finished optimization with guess, [2.37576102 5.77163149 0.00795709 0.0064457 ].
2023-07-20 17:05:50,648 - INFO - Best fit parameters: [2.92829713e+00 6.78432401e+00 6.29134607e-03 1.08959756e-01].
2023-07-20 17:05:50,672 - INFO - Maximum log composite likelihood: -162.5788116938802.
2023-07-20 17:05:50,672 - INFO - Optimal value of theta: 6496.804554497745.
2023-07-20 17:05:50,672 - INFO - Beginning optimization with guess, [3.12200289 3.39615347 0.00984148 0.0157928 ].
2023-07-20 17:05:51,845 - INFO - Finished optimization with guess, [3.12200289 3.39615347 0.00984148 0.0157928 ].
2023-07-20 17:05:51,846 - INFO - Best fit parameters: [4.74256568e+00 2.26278536e+00 1.26391511e-03 5.87674246e-01].
2023-07-20 17:05:51,874 - INFO - Maximum log composite likelihood: -44.239850306412336.
2023-07-20 17:05:51,874 - INFO - Optimal value of theta: 5475.808145293124.
2023-07-20 17:05:51,875 - INFO - Beginning optimization with guess, [9.82283767e+00 9.94369928e+00 1.46804688e-02 5.51234716e-03].
2023-07-20 17:05:52,978 - INFO - Finished optimization with guess, [9.82283767e+00 9.94369928e+00 1.46804688e-02 5.51234716e-03].
2023-07-20 17:05:52,978 - INFO - Best fit parameters: [1.52741571e+01 1.14775650e+01 9.11119732e-02 4.18875085e-03].
2023-07-20 17:05:53,002 - INFO - Maximum log composite likelihood: -185.84906449379287.
2023-07-20 17:05:53,002 - INFO - Optimal value of theta: 6554.309561979187.
2023-07-20 17:05:53,003 - INFO - Beginning optimization with guess, [9.21000606 3.54473104 0.01108961 0.01134029].
2023-07-20 17:05:54,085 - INFO - Finished optimization with guess, [9.21000606 3.54473104 0.01108961 0.01134029].
2023-07-20 17:05:54,086 - INFO - Best fit parameters: [9.61160304e+00 4.46395142e+00 1.00019870e-01 6.92949669e-03].
2023-07-20 17:05:54,110 - INFO - Maximum log composite likelihood: -171.03257803788802.
2023-07-20 17:05:54,111 - INFO - Optimal value of theta: 6506.310852392321.
2023-07-20 17:05:54,111 - INFO - Beginning optimization with guess, [3.60467047 6.635403   0.01130269 0.01430861].
2023-07-20 17:05:55,218 - INFO - Finished optimization with guess, [3.60467047 6.635403   0.01130269 0.01430861].
2023-07-20 17:05:55,218 - INFO - Best fit parameters: [3.80690806e+00 9.36387647e+00 7.34967386e-03 1.05020415e-01].
2023-07-20 17:05:55,242 - INFO - Maximum log composite likelihood: -174.9526488098827.
2023-07-20 17:05:55,242 - INFO - Optimal value of theta: 6455.9182081889385.
2023-07-20 17:05:55,244 - INFO - Finished demographic inference.
2023-07-20 17:05:55,244 - INFO - Pipeline executed succesfully.
