2023-07-20 16:56:58,405 - INFO - Beginning execution of fit_one_epoch.py in directory /u/project/ngarud/jonmah/demo_for_ccgb/Scripts

2023-07-20 16:56:58,406 - INFO - Progress is being logged to ../Analysis/Parabacteroides_distasonis_56985_downsampled_14/accessory_log.log

2023-07-20 16:56:58,406 - INFO - Parsed the following arguments:
	syn_input_sfs = ../Analysis/Parabacteroides_distasonis_56985_downsampled_14/accessory_empirical_syn_downsampled_sfs.txt
	mask_singletons = False
	mask_doubletons = False
	outprefix = ../Analysis/Parabacteroides_distasonis_56985_downsampled_14/accessory

2023-07-20 16:56:58,409 - INFO - Beginning demographic inference for one-epoch demographic model.
2023-07-20 16:56:58,411 - INFO - Beginning optimization with guess, [0.05697994].
2023-07-20 16:56:59,369 - INFO - Finished optimization with guess, [0.05697994].
2023-07-20 16:56:59,370 - INFO - Best fit parameters: [0.05697994].
2023-07-20 16:56:59,397 - INFO - Maximum log composite likelihood: -38.83112603880613.
2023-07-20 16:56:59,397 - INFO - Optimal value of theta: 841.2351235060928.
2023-07-20 16:56:59,398 - INFO - Beginning optimization with guess, [0.12257758].
2023-07-20 16:57:00,289 - INFO - Finished optimization with guess, [0.12257758].
2023-07-20 16:57:00,289 - INFO - Best fit parameters: [0.12257758].
2023-07-20 16:57:00,314 - INFO - Maximum log composite likelihood: -38.83112603880613.
2023-07-20 16:57:00,314 - INFO - Optimal value of theta: 841.2351235060928.
2023-07-20 16:57:00,314 - INFO - Beginning optimization with guess, [0.18331113].
2023-07-20 16:57:01,111 - INFO - Finished optimization with guess, [0.18331113].
2023-07-20 16:57:01,111 - INFO - Best fit parameters: [0.18331113].
2023-07-20 16:57:01,136 - INFO - Maximum log composite likelihood: -38.83112603880613.
2023-07-20 16:57:01,137 - INFO - Optimal value of theta: 841.2351235060928.
2023-07-20 16:57:01,137 - INFO - Beginning optimization with guess, [0.47989928].
2023-07-20 16:57:01,858 - INFO - Finished optimization with guess, [0.47989928].
2023-07-20 16:57:01,859 - INFO - Best fit parameters: [0.47989928].
2023-07-20 16:57:01,886 - INFO - Maximum log composite likelihood: -38.83112603880613.
2023-07-20 16:57:01,886 - INFO - Optimal value of theta: 841.2351235060928.
2023-07-20 16:57:01,886 - INFO - Beginning optimization with guess, [0.57737043].
2023-07-20 16:57:02,639 - INFO - Finished optimization with guess, [0.57737043].
2023-07-20 16:57:02,640 - INFO - Best fit parameters: [0.57737043].
2023-07-20 16:57:02,665 - INFO - Maximum log composite likelihood: -38.83112603880613.
2023-07-20 16:57:02,665 - INFO - Optimal value of theta: 841.2351235060928.
2023-07-20 16:57:02,665 - INFO - Beginning optimization with guess, [0.54829232].
2023-07-20 16:57:03,387 - INFO - Finished optimization with guess, [0.54829232].
2023-07-20 16:57:03,387 - INFO - Best fit parameters: [0.54829232].
2023-07-20 16:57:03,412 - INFO - Maximum log composite likelihood: -38.83112603880613.
2023-07-20 16:57:03,412 - INFO - Optimal value of theta: 841.2351235060928.
2023-07-20 16:57:03,412 - INFO - Beginning optimization with guess, [0.59287753].
2023-07-20 16:57:04,137 - INFO - Finished optimization with guess, [0.59287753].
2023-07-20 16:57:04,137 - INFO - Best fit parameters: [0.59287753].
2023-07-20 16:57:04,162 - INFO - Maximum log composite likelihood: -38.83112603880613.
2023-07-20 16:57:04,163 - INFO - Optimal value of theta: 841.2351235060928.
2023-07-20 16:57:04,163 - INFO - Beginning optimization with guess, [0.62973992].
2023-07-20 16:57:04,811 - INFO - Finished optimization with guess, [0.62973992].
2023-07-20 16:57:04,812 - INFO - Best fit parameters: [0.62973992].
2023-07-20 16:57:04,837 - INFO - Maximum log composite likelihood: -38.83112603880613.
2023-07-20 16:57:04,837 - INFO - Optimal value of theta: 841.2351235060928.
2023-07-20 16:57:04,837 - INFO - Beginning optimization with guess, [1.38198666].
2023-07-20 16:57:05,484 - INFO - Finished optimization with guess, [1.38198666].
2023-07-20 16:57:05,484 - INFO - Best fit parameters: [1.38198666].
2023-07-20 16:57:05,509 - INFO - Maximum log composite likelihood: -38.83112603880613.
2023-07-20 16:57:05,509 - INFO - Optimal value of theta: 841.2351235060928.
2023-07-20 16:57:05,509 - INFO - Beginning optimization with guess, [1.29389176].
2023-07-20 16:57:06,158 - INFO - Finished optimization with guess, [1.29389176].
2023-07-20 16:57:06,159 - INFO - Best fit parameters: [1.29389176].
2023-07-20 16:57:06,183 - INFO - Maximum log composite likelihood: -38.83112603880613.
2023-07-20 16:57:06,184 - INFO - Optimal value of theta: 841.2351235060928.
2023-07-20 16:57:06,184 - INFO - Beginning optimization with guess, [1.03243665].
2023-07-20 16:57:06,534 - INFO - Finished optimization with guess, [1.03243665].
2023-07-20 16:57:06,534 - INFO - Best fit parameters: [1.03243665].
2023-07-20 16:57:06,559 - INFO - Maximum log composite likelihood: -38.83112603880613.
2023-07-20 16:57:06,559 - INFO - Optimal value of theta: 841.2351235060928.
2023-07-20 16:57:06,559 - INFO - Beginning optimization with guess, [2.55284257].
2023-07-20 16:57:07,301 - INFO - Finished optimization with guess, [2.55284257].
2023-07-20 16:57:07,301 - INFO - Best fit parameters: [2.55284257].
2023-07-20 16:57:07,327 - INFO - Maximum log composite likelihood: -38.83112603880613.
2023-07-20 16:57:07,327 - INFO - Optimal value of theta: 841.2351235060928.
2023-07-20 16:57:07,327 - INFO - Beginning optimization with guess, [2.00248267].
2023-07-20 16:57:08,077 - INFO - Finished optimization with guess, [2.00248267].
2023-07-20 16:57:08,078 - INFO - Best fit parameters: [2.00248267].
2023-07-20 16:57:08,102 - INFO - Maximum log composite likelihood: -38.83112603880613.
2023-07-20 16:57:08,103 - INFO - Optimal value of theta: 841.2351235060928.
2023-07-20 16:57:08,103 - INFO - Beginning optimization with guess, [2.80219609].
2023-07-20 16:57:08,890 - INFO - Finished optimization with guess, [2.80219609].
2023-07-20 16:57:08,891 - INFO - Best fit parameters: [2.80219609].
2023-07-20 16:57:08,915 - INFO - Maximum log composite likelihood: -38.83112603880613.
2023-07-20 16:57:08,915 - INFO - Optimal value of theta: 841.2351235060928.
2023-07-20 16:57:08,916 - INFO - Beginning optimization with guess, [1.38637682].
2023-07-20 16:57:09,556 - INFO - Finished optimization with guess, [1.38637682].
2023-07-20 16:57:09,556 - INFO - Best fit parameters: [1.38637682].
2023-07-20 16:57:09,580 - INFO - Maximum log composite likelihood: -38.83112603880613.
2023-07-20 16:57:09,581 - INFO - Optimal value of theta: 841.2351235060928.
2023-07-20 16:57:09,581 - INFO - Beginning optimization with guess, [1.7356562].
2023-07-20 16:57:10,299 - INFO - Finished optimization with guess, [1.7356562].
2023-07-20 16:57:10,299 - INFO - Best fit parameters: [1.7356562].
2023-07-20 16:57:10,324 - INFO - Maximum log composite likelihood: -38.83112603880613.
2023-07-20 16:57:10,324 - INFO - Optimal value of theta: 841.2351235060928.
2023-07-20 16:57:10,325 - INFO - Beginning optimization with guess, [1.38270468].
2023-07-20 16:57:10,970 - INFO - Finished optimization with guess, [1.38270468].
2023-07-20 16:57:10,971 - INFO - Best fit parameters: [1.38270468].
2023-07-20 16:57:10,995 - INFO - Maximum log composite likelihood: -38.83112603880613.
2023-07-20 16:57:10,995 - INFO - Optimal value of theta: 841.2351235060928.
2023-07-20 16:57:10,996 - INFO - Beginning optimization with guess, [3.66603395].
2023-07-20 16:57:11,789 - INFO - Finished optimization with guess, [3.66603395].
2023-07-20 16:57:11,789 - INFO - Best fit parameters: [3.66603395].
2023-07-20 16:57:11,814 - INFO - Maximum log composite likelihood: -38.83112603880613.
2023-07-20 16:57:11,814 - INFO - Optimal value of theta: 841.2351235060928.
2023-07-20 16:57:11,814 - INFO - Beginning optimization with guess, [2.97726597].
2023-07-20 16:57:12,604 - INFO - Finished optimization with guess, [2.97726597].
2023-07-20 16:57:12,604 - INFO - Best fit parameters: [2.97726597].
2023-07-20 16:57:12,629 - INFO - Maximum log composite likelihood: -38.83112603880613.
2023-07-20 16:57:12,629 - INFO - Optimal value of theta: 841.2351235060928.
2023-07-20 16:57:12,629 - INFO - Beginning optimization with guess, [3.599842].
2023-07-20 16:57:13,456 - INFO - Finished optimization with guess, [3.599842].
2023-07-20 16:57:13,456 - INFO - Best fit parameters: [3.599842].
2023-07-20 16:57:13,482 - INFO - Maximum log composite likelihood: -38.83112603880613.
2023-07-20 16:57:13,482 - INFO - Optimal value of theta: 841.2351235060928.
2023-07-20 16:57:13,483 - INFO - Beginning optimization with guess, [5.47321815].
2023-07-20 16:57:14,340 - INFO - Finished optimization with guess, [5.47321815].
2023-07-20 16:57:14,340 - INFO - Best fit parameters: [5.47321815].
2023-07-20 16:57:14,367 - INFO - Maximum log composite likelihood: -38.83112603880613.
2023-07-20 16:57:14,367 - INFO - Optimal value of theta: 841.2351235060928.
2023-07-20 16:57:14,367 - INFO - Beginning optimization with guess, [5.99809034].
2023-07-20 16:57:15,245 - INFO - Finished optimization with guess, [5.99809034].
2023-07-20 16:57:15,245 - INFO - Best fit parameters: [5.99809034].
2023-07-20 16:57:15,273 - INFO - Maximum log composite likelihood: -38.83112603880613.
2023-07-20 16:57:15,273 - INFO - Optimal value of theta: 841.2351235060928.
2023-07-20 16:57:15,273 - INFO - Beginning optimization with guess, [7.39905611].
2023-07-20 16:57:16,137 - INFO - Finished optimization with guess, [7.39905611].
2023-07-20 16:57:16,137 - INFO - Best fit parameters: [7.39905611].
2023-07-20 16:57:16,162 - INFO - Maximum log composite likelihood: -38.83112603880613.
2023-07-20 16:57:16,163 - INFO - Optimal value of theta: 841.2351235060928.
2023-07-20 16:57:16,163 - INFO - Beginning optimization with guess, [3.91363462].
2023-07-20 16:57:16,959 - INFO - Finished optimization with guess, [3.91363462].
2023-07-20 16:57:16,959 - INFO - Best fit parameters: [3.91363462].
2023-07-20 16:57:16,985 - INFO - Maximum log composite likelihood: -38.83112603880613.
2023-07-20 16:57:16,985 - INFO - Optimal value of theta: 841.2351235060928.
2023-07-20 16:57:16,986 - INFO - Beginning demographic inference for two-epoch demographic model.
2023-07-20 16:57:16,989 - INFO - Beginning optimization with guess, [0.12984565 0.01531118].
2023-07-20 16:57:18,225 - INFO - Finished optimization with guess, [0.12984565 0.01531118].
2023-07-20 16:57:18,225 - INFO - Best fit parameters: [0.46471743 0.04154803].
2023-07-20 16:57:18,252 - INFO - Maximum log composite likelihood: -27.65546228185019.
2023-07-20 16:57:18,252 - INFO - Optimal value of theta: 916.9386916301269.
2023-07-20 16:57:18,252 - INFO - Beginning optimization with guess, [0.2290394  0.00976487].
2023-07-20 16:57:19,536 - INFO - Finished optimization with guess, [0.2290394  0.00976487].
2023-07-20 16:57:19,537 - INFO - Best fit parameters: [0.56058069 0.07658112].
2023-07-20 16:57:19,570 - INFO - Maximum log composite likelihood: -27.50546895261175.
2023-07-20 16:57:19,570 - INFO - Optimal value of theta: 928.7472795750949.
2023-07-20 16:57:19,571 - INFO - Beginning optimization with guess, [0.24418781 0.00518115].
2023-07-20 16:57:20,955 - INFO - Finished optimization with guess, [0.24418781 0.00518115].
2023-07-20 16:57:20,955 - INFO - Best fit parameters: [0.44748516 0.03849569].
2023-07-20 16:57:20,983 - INFO - Maximum log composite likelihood: -27.67270930527036.
2023-07-20 16:57:20,983 - INFO - Optimal value of theta: 916.981166676414.
2023-07-20 16:57:20,983 - INFO - Beginning optimization with guess, [0.41624237 0.00991831].
2023-07-20 16:57:22,211 - INFO - Finished optimization with guess, [0.41624237 0.00991831].
2023-07-20 16:57:22,211 - INFO - Best fit parameters: [0.54349486 0.0645772 ].
2023-07-20 16:57:22,238 - INFO - Maximum log composite likelihood: -27.54907166183557.
2023-07-20 16:57:22,239 - INFO - Optimal value of theta: 922.4890912100474.
2023-07-20 16:57:22,239 - INFO - Beginning optimization with guess, [0.35287192 0.00772343].
2023-07-20 16:57:23,578 - INFO - Finished optimization with guess, [0.35287192 0.00772343].
2023-07-20 16:57:23,578 - INFO - Best fit parameters: [0.57608918 0.07471924].
2023-07-20 16:57:23,606 - INFO - Maximum log composite likelihood: -27.549372254074115.
2023-07-20 16:57:23,606 - INFO - Optimal value of theta: 921.8312976205318.
2023-07-20 16:57:23,606 - INFO - Beginning optimization with guess, [1.14528418 0.00993087].
2023-07-20 16:57:30,295 - INFO - Finished optimization with guess, [1.14528418 0.00993087].
2023-07-20 16:57:30,295 - INFO - Best fit parameters: [0.77098598 0.42148048].
2023-07-20 16:57:30,331 - INFO - Maximum log composite likelihood: -29.443283098961274.
2023-07-20 16:57:30,331 - INFO - Optimal value of theta: 955.0009864767443.
2023-07-20 16:57:30,331 - INFO - Beginning optimization with guess, [1.15708208 0.01965436].
2023-07-20 16:57:31,901 - INFO - Finished optimization with guess, [1.15708208 0.01965436].
2023-07-20 16:57:31,902 - INFO - Best fit parameters: [0.63790509 0.16590898].
2023-07-20 16:57:31,932 - INFO - Maximum log composite likelihood: -27.463761613875135.
2023-07-20 16:57:31,932 - INFO - Optimal value of theta: 957.6585615018124.
2023-07-20 16:57:31,932 - INFO - Beginning optimization with guess, [0.74446451 0.00948813].
2023-07-20 16:57:33,413 - INFO - Finished optimization with guess, [0.74446451 0.00948813].
2023-07-20 16:57:33,413 - INFO - Best fit parameters: [0.62780136 0.132541  ].
2023-07-20 16:57:33,442 - INFO - Maximum log composite likelihood: -27.44342884181208.
2023-07-20 16:57:33,442 - INFO - Optimal value of theta: 943.9817400817402.
2023-07-20 16:57:33,442 - INFO - Beginning optimization with guess, [1.64432424 0.01101831].
2023-07-20 16:57:35,689 - INFO - Finished optimization with guess, [1.64432424 0.01101831].
2023-07-20 16:57:35,690 - INFO - Best fit parameters: [0.62020944 0.11947835].
2023-07-20 16:57:35,722 - INFO - Maximum log composite likelihood: -27.446790983536175.
2023-07-20 16:57:35,722 - INFO - Optimal value of theta: 939.1948171610705.
2023-07-20 16:57:35,722 - INFO - Beginning optimization with guess, [1.64993576 0.01108358].
2023-07-20 16:57:37,840 - INFO - Finished optimization with guess, [1.64993576 0.01108358].
2023-07-20 16:57:37,840 - INFO - Best fit parameters: [0.6181832  0.11981141].
2023-07-20 16:57:37,869 - INFO - Maximum log composite likelihood: -27.44568815044613.
2023-07-20 16:57:37,869 - INFO - Optimal value of theta: 940.2425976909251.
2023-07-20 16:57:37,869 - INFO - Beginning optimization with guess, [0.90061687 0.01400183].
2023-07-20 16:57:39,317 - INFO - Finished optimization with guess, [0.90061687 0.01400183].
2023-07-20 16:57:39,318 - INFO - Best fit parameters: [0.63485642 0.13342307].
2023-07-20 16:57:39,347 - INFO - Maximum log composite likelihood: -27.44969619171343.
2023-07-20 16:57:39,347 - INFO - Optimal value of theta: 941.4553908190895.
2023-07-20 16:57:39,348 - INFO - Beginning optimization with guess, [2.56424699 0.01893253].
2023-07-20 16:57:41,269 - INFO - Finished optimization with guess, [2.56424699 0.01893253].
2023-07-20 16:57:41,270 - INFO - Best fit parameters: [0.63373847 0.1363222 ].
2023-07-20 16:57:41,302 - INFO - Maximum log composite likelihood: -27.445504735203144.
2023-07-20 16:57:41,302 - INFO - Optimal value of theta: 943.5898116793908.
2023-07-20 16:57:41,302 - INFO - Beginning optimization with guess, [2.85079808 0.00712698].
2023-07-20 16:57:43,838 - INFO - Finished optimization with guess, [2.85079808 0.00712698].
2023-07-20 16:57:43,838 - INFO - Best fit parameters: [0.54317882 0.07129427].
2023-07-20 16:57:43,866 - INFO - Maximum log composite likelihood: -27.53011228291291.
2023-07-20 16:57:43,866 - INFO - Optimal value of theta: 929.6085968451516.
2023-07-20 16:57:43,866 - INFO - Beginning optimization with guess, [1.07471921 0.00547409].
2023-07-20 16:57:49,100 - INFO - Finished optimization with guess, [1.07471921 0.00547409].
2023-07-20 16:57:49,100 - INFO - Best fit parameters: [0.55888863 0.06407824].
2023-07-20 16:57:49,127 - INFO - Maximum log composite likelihood: -27.614474108618992.
2023-07-20 16:57:49,128 - INFO - Optimal value of theta: 917.1827890942607.
2023-07-20 16:57:49,128 - INFO - Beginning optimization with guess, [2.22582548 0.00781837].
2023-07-20 16:57:51,469 - INFO - Finished optimization with guess, [2.22582548 0.00781837].
2023-07-20 16:57:51,470 - INFO - Best fit parameters: [0.5850197  0.09938598].
2023-07-20 16:57:51,499 - INFO - Maximum log composite likelihood: -27.482081519684357.
2023-07-20 16:57:51,499 - INFO - Optimal value of theta: 939.2225927157652.
2023-07-20 16:57:51,499 - INFO - Beginning optimization with guess, [3.3337122 0.0097229].
2023-07-20 16:57:53,869 - INFO - Finished optimization with guess, [3.3337122 0.0097229].
2023-07-20 16:57:53,869 - INFO - Best fit parameters: [0.51649549 0.0590611 ].
2023-07-20 16:57:53,901 - INFO - Maximum log composite likelihood: -27.568208600972866.
2023-07-20 16:57:53,901 - INFO - Optimal value of theta: 925.0219895389865.
2023-07-20 16:57:53,902 - INFO - Beginning optimization with guess, [1.66678773 0.00552032].
2023-07-20 16:57:56,707 - INFO - Finished optimization with guess, [1.66678773 0.00552032].
2023-07-20 16:57:56,707 - INFO - Best fit parameters: [0.60151495 0.09396293].
2023-07-20 16:57:56,735 - INFO - Maximum log composite likelihood: -27.48718961725058.
2023-07-20 16:57:56,735 - INFO - Optimal value of theta: 928.8343138278668.
2023-07-20 16:57:56,735 - INFO - Beginning optimization with guess, [3.17194066 0.01342445].
2023-07-20 16:57:58,681 - INFO - Finished optimization with guess, [3.17194066 0.01342445].
2023-07-20 16:57:58,681 - INFO - Best fit parameters: [0.6298561  0.13062412].
2023-07-20 16:57:58,710 - INFO - Maximum log composite likelihood: -27.445273736587296.
2023-07-20 16:57:58,711 - INFO - Optimal value of theta: 941.9669831227017.
2023-07-20 16:57:58,711 - INFO - Beginning optimization with guess, [1.73506696 0.0195353 ].
2023-07-20 16:58:00,481 - INFO - Finished optimization with guess, [1.73506696 0.0195353 ].
2023-07-20 16:58:00,482 - INFO - Best fit parameters: [0.63460206 0.1381052 ].
2023-07-20 16:58:00,511 - INFO - Maximum log composite likelihood: -27.445476234344255.
2023-07-20 16:58:00,511 - INFO - Optimal value of theta: 944.2225768291511.
2023-07-20 16:58:00,511 - INFO - Beginning optimization with guess, [2.57382601 0.01534895].
2023-07-20 16:58:02,400 - INFO - Finished optimization with guess, [2.57382601 0.01534895].
2023-07-20 16:58:02,400 - INFO - Best fit parameters: [0.61068069 0.12607171].
2023-07-20 16:58:02,430 - INFO - Maximum log composite likelihood: -27.465885720834876.
2023-07-20 16:58:02,430 - INFO - Optimal value of theta: 947.4752928611392.
2023-07-20 16:58:02,430 - INFO - Beginning optimization with guess, [3.90466436 0.00732813].
2023-07-20 16:58:04,797 - INFO - Finished optimization with guess, [3.90466436 0.00732813].
2023-07-20 16:58:04,797 - INFO - Best fit parameters: [0.59917561 0.11263597].
2023-07-20 16:58:04,826 - INFO - Maximum log composite likelihood: -27.470723164553533.
2023-07-20 16:58:04,827 - INFO - Optimal value of theta: 943.3221963068601.
2023-07-20 16:58:04,827 - INFO - Beginning optimization with guess, [4.71564757 0.00686166].
2023-07-20 16:58:07,245 - INFO - Finished optimization with guess, [4.71564757 0.00686166].
2023-07-20 16:58:07,246 - INFO - Best fit parameters: [0.60272353 0.10276907].
2023-07-20 16:58:07,274 - INFO - Maximum log composite likelihood: -27.458246412225208.
2023-07-20 16:58:07,274 - INFO - Optimal value of theta: 934.8491269114552.
2023-07-20 16:58:07,275 - INFO - Beginning optimization with guess, [1.00717646e+01 9.87672124e-03].
2023-07-20 16:58:08,543 - INFO - Finished optimization with guess, [1.00717646e+01 9.87672124e-03].
2023-07-20 16:58:08,544 - INFO - Best fit parameters: [0.14220765 0.00598995].
2023-07-20 16:58:08,570 - INFO - Maximum log composite likelihood: -27.991716869449533.
2023-07-20 16:58:08,570 - INFO - Optimal value of theta: 904.2562843222747.
2023-07-20 16:58:08,570 - INFO - Beginning optimization with guess, [3.85014677 0.00572777].
2023-07-20 16:58:11,133 - INFO - Finished optimization with guess, [3.85014677 0.00572777].
2023-07-20 16:58:11,133 - INFO - Best fit parameters: [0.64838761 0.17001697].
2023-07-20 16:58:11,163 - INFO - Maximum log composite likelihood: -27.45919507819167.
2023-07-20 16:58:11,163 - INFO - Optimal value of theta: 954.5126322215184.
2023-07-20 16:58:11,165 - INFO - Beginning demographic inference for three-epoch demographic model.
2023-07-20 16:58:11,168 - INFO - Beginning optimization with guess, [0.01322035 0.00751671 0.00887529 0.01974451].
2023-07-20 16:58:18,025 - INFO - Finished optimization with guess, [0.01322035 0.00751671 0.00887529 0.01974451].
2023-07-20 16:58:18,026 - INFO - Best fit parameters: [0.01038139 0.00510208 0.00914274 0.02847909].
2023-07-20 16:58:18,172 - INFO - Maximum log composite likelihood: -27.720180593211126.
2023-07-20 16:58:18,172 - INFO - Optimal value of theta: 131489.35873730987.
2023-07-20 16:58:18,173 - INFO - Beginning optimization with guess, [0.03838756 0.01165743 0.00826185 0.01728222].
2023-07-20 16:58:24,258 - INFO - Finished optimization with guess, [0.03838756 0.01165743 0.00826185 0.01728222].
2023-07-20 16:58:24,259 - INFO - Best fit parameters: [0.0336463  0.00646513 0.00733212 0.03938637].
2023-07-20 16:58:24,399 - INFO - Maximum log composite likelihood: -27.70823614736844.
2023-07-20 16:58:24,399 - INFO - Optimal value of theta: 105543.8584102794.
2023-07-20 16:58:24,399 - INFO - Beginning optimization with guess, [0.01642935 0.0572402  0.01190461 0.00618374].
2023-07-20 16:58:27,609 - INFO - Finished optimization with guess, [0.01642935 0.0572402  0.01190461 0.00618374].
2023-07-20 16:58:27,610 - INFO - Best fit parameters: [0.00451448 0.10654394 0.01041402 0.01916807].
2023-07-20 16:58:27,682 - INFO - Maximum log composite likelihood: -32.423332013521076.
2023-07-20 16:58:27,682 - INFO - Optimal value of theta: 8474.578356191956.
2023-07-20 16:58:27,682 - INFO - Beginning optimization with guess, [0.03822576 0.02384981 0.00567438 0.00877137].
2023-07-20 16:58:28,979 - INFO - Finished optimization with guess, [0.03822576 0.02384981 0.00567438 0.00877137].
2023-07-20 16:58:28,979 - INFO - Best fit parameters: [0.03554535 0.19852791 0.00110082 0.0022284 ].
2023-07-20 16:58:29,006 - INFO - Maximum log composite likelihood: -27.992402528062712.
2023-07-20 16:58:29,006 - INFO - Optimal value of theta: 909.0917966625402.
2023-07-20 16:58:29,006 - INFO - Beginning optimization with guess, [0.02602086 0.02830807 0.00641085 0.01711094].
2023-07-20 16:58:30,343 - INFO - Finished optimization with guess, [0.02602086 0.02830807 0.00641085 0.01711094].
2023-07-20 16:58:30,344 - INFO - Best fit parameters: [0.04061831 0.35383815 0.00144825 0.00290109].
2023-07-20 16:58:30,371 - INFO - Maximum log composite likelihood: -27.96574914593043.
2023-07-20 16:58:30,371 - INFO - Optimal value of theta: 909.778078395751.
2023-07-20 16:58:30,371 - INFO - Beginning optimization with guess, [0.37680324 0.47895018 0.00585707 0.01637317].
2023-07-20 16:58:31,601 - INFO - Finished optimization with guess, [0.37680324 0.47895018 0.00585707 0.01637317].
2023-07-20 16:58:31,601 - INFO - Best fit parameters: [0.31911808 0.5519995  0.003109   0.05909853].
2023-07-20 16:58:31,629 - INFO - Maximum log composite likelihood: -27.54439780981147.
2023-07-20 16:58:31,629 - INFO - Optimal value of theta: 922.6253593987627.
2023-07-20 16:58:31,630 - INFO - Beginning optimization with guess, [0.7071042  0.36718165 0.00571606 0.01022238].
2023-07-20 16:58:32,903 - INFO - Finished optimization with guess, [0.7071042  0.36718165 0.00571606 0.01022238].
2023-07-20 16:58:32,904 - INFO - Best fit parameters: [0.68459781 0.34575329 0.0059546  0.02203413].
2023-07-20 16:58:32,931 - INFO - Maximum log composite likelihood: -27.791580777508784.
2023-07-20 16:58:32,931 - INFO - Optimal value of theta: 914.7884953871283.
2023-07-20 16:58:32,931 - INFO - Beginning optimization with guess, [1.32398143 0.52040107 0.0057958  0.01252041].
2023-07-20 16:58:34,265 - INFO - Finished optimization with guess, [1.32398143 0.52040107 0.0057958  0.01252041].
2023-07-20 16:58:34,265 - INFO - Best fit parameters: [1.32857977 0.48523174 0.00290849 0.0500306 ].
2023-07-20 16:58:34,293 - INFO - Maximum log composite likelihood: -27.61459660687865.
2023-07-20 16:58:34,293 - INFO - Optimal value of theta: 922.4126527134999.
2023-07-20 16:58:34,293 - INFO - Beginning optimization with guess, [1.4026645  0.46990324 0.01333689 0.00531483].
2023-07-20 16:58:35,556 - INFO - Finished optimization with guess, [1.4026645  0.46990324 0.01333689 0.00531483].
2023-07-20 16:58:35,556 - INFO - Best fit parameters: [1.4275355  0.44556864 0.00556563 0.03967215].
2023-07-20 16:58:35,583 - INFO - Maximum log composite likelihood: -27.674602886407115.
2023-07-20 16:58:35,584 - INFO - Optimal value of theta: 917.3009676252317.
2023-07-20 16:58:35,584 - INFO - Beginning optimization with guess, [0.83629208 1.50645594 0.00646393 0.00761399].
2023-07-20 16:58:37,136 - INFO - Finished optimization with guess, [0.83629208 1.50645594 0.00646393 0.00761399].
2023-07-20 16:58:37,136 - INFO - Best fit parameters: [7.69251506e-01 1.53629095e+00 2.85301477e-01 1.34698325e-03].
2023-07-20 16:58:37,168 - INFO - Maximum log composite likelihood: -29.23847892520189.
2023-07-20 16:58:37,169 - INFO - Optimal value of theta: 929.6906045058711.
2023-07-20 16:58:37,169 - INFO - Beginning optimization with guess, [1.74843872 0.90307656 0.0199531  0.01519208].
2023-07-20 16:58:38,733 - INFO - Finished optimization with guess, [1.74843872 0.90307656 0.0199531  0.01519208].
2023-07-20 16:58:38,734 - INFO - Best fit parameters: [1.79545021 0.85745574 0.00659808 0.27322124].
2023-07-20 16:58:38,766 - INFO - Maximum log composite likelihood: -31.878739650328384.
2023-07-20 16:58:38,766 - INFO - Optimal value of theta: 887.6095512930268.
2023-07-20 16:58:38,766 - INFO - Beginning optimization with guess, [1.85419735 0.93209604 0.0090349  0.01431761].
2023-07-20 16:58:40,024 - INFO - Finished optimization with guess, [1.85419735 0.93209604 0.0090349  0.01431761].
2023-07-20 16:58:40,024 - INFO - Best fit parameters: [1.04101374e+00 8.77024356e-01 1.17213859e-04 3.08405265e-01].
2023-07-20 16:58:40,056 - INFO - Maximum log composite likelihood: -32.67477485272161.
2023-07-20 16:58:40,057 - INFO - Optimal value of theta: 885.3349982190082.
2023-07-20 16:58:40,057 - INFO - Beginning optimization with guess, [1.38150474 2.4466139  0.01712329 0.01155563].
2023-07-20 16:58:41,297 - INFO - Finished optimization with guess, [1.38150474 2.4466139  0.01712329 0.01155563].
2023-07-20 16:58:41,297 - INFO - Best fit parameters: [9.46306157e-01 2.08607592e+00 4.18488665e-02 7.36513880e-04].
2023-07-20 16:58:41,324 - INFO - Maximum log composite likelihood: -37.86971016304744.
2023-07-20 16:58:41,324 - INFO - Optimal value of theta: 844.3622692440158.
2023-07-20 16:58:41,324 - INFO - Beginning optimization with guess, [2.70467189 2.44726209 0.01055753 0.0112087 ].
2023-07-20 16:58:42,555 - INFO - Finished optimization with guess, [2.70467189 2.44726209 0.01055753 0.0112087 ].
2023-07-20 16:58:42,555 - INFO - Best fit parameters: [6.43493874e+00 6.00811880e-01 3.21571688e-05 4.94443271e-01].
2023-07-20 16:58:42,595 - INFO - Maximum log composite likelihood: -27.684095849924233.
2023-07-20 16:58:42,596 - INFO - Optimal value of theta: 1129.4129425818899.
2023-07-20 16:58:42,596 - INFO - Beginning optimization with guess, [2.37212276 4.17889494 0.01009212 0.01984618].
2023-07-20 16:58:43,731 - INFO - Finished optimization with guess, [2.37212276 4.17889494 0.01009212 0.01984618].
2023-07-20 16:58:43,732 - INFO - Best fit parameters: [6.82288635e-01 2.24797129e+00 5.40752147e-04 1.05603344e-04].
2023-07-20 16:58:43,758 - INFO - Maximum log composite likelihood: -38.69633906380557.
2023-07-20 16:58:43,758 - INFO - Optimal value of theta: 841.590293066352.
2023-07-20 16:58:43,758 - INFO - Beginning optimization with guess, [1.42920616 1.30333539 0.00527272 0.01597321].
2023-07-20 16:58:44,894 - INFO - Finished optimization with guess, [1.42920616 1.30333539 0.00527272 0.01597321].
2023-07-20 16:58:44,895 - INFO - Best fit parameters: [1.78187190e+00 7.33441672e-01 9.49152536e-06 2.18692311e-03].
2023-07-20 16:58:44,920 - INFO - Maximum log composite likelihood: -38.297486266890814.
2023-07-20 16:58:44,921 - INFO - Optimal value of theta: 842.6742669774378.
2023-07-20 16:58:44,921 - INFO - Beginning optimization with guess, [4.54283643 3.07039829 0.00719409 0.01599195].
2023-07-20 16:58:46,055 - INFO - Finished optimization with guess, [4.54283643 3.07039829 0.00719409 0.01599195].
2023-07-20 16:58:46,055 - INFO - Best fit parameters: [5.87357467e-01 1.94329231e+00 3.51581909e-04 1.37637385e-04].
2023-07-20 16:58:46,081 - INFO - Maximum log composite likelihood: -38.70502362825903.
2023-07-20 16:58:46,081 - INFO - Optimal value of theta: 841.5668715877885.
2023-07-20 16:58:46,082 - INFO - Beginning optimization with guess, [1.8918468  3.89883585 0.01980177 0.01472143].
2023-07-20 16:58:47,243 - INFO - Finished optimization with guess, [1.8918468  3.89883585 0.01980177 0.01472143].
2023-07-20 16:58:47,243 - INFO - Best fit parameters: [1.19094153e+00 3.02166556e-01 7.60055262e-05 3.42849881e-05].
2023-07-20 16:58:47,268 - INFO - Maximum log composite likelihood: -38.783608285663604.
2023-07-20 16:58:47,269 - INFO - Optimal value of theta: 841.3591545991678.
2023-07-20 16:58:47,269 - INFO - Beginning optimization with guess, [3.8635634  5.88728109 0.00600447 0.01304036].
2023-07-20 16:58:48,430 - INFO - Finished optimization with guess, [3.8635634  5.88728109 0.00600447 0.01304036].
2023-07-20 16:58:48,430 - INFO - Best fit parameters: [5.54674886e-01 2.38754755e+00 3.86537877e-04 5.40583044e-05].
2023-07-20 16:58:48,456 - INFO - Maximum log composite likelihood: -38.63603210766303.
2023-07-20 16:58:48,456 - INFO - Optimal value of theta: 841.7488445788548.
2023-07-20 16:58:48,456 - INFO - Beginning optimization with guess, [3.64370129 2.53673957 0.01181748 0.0056657 ].
2023-07-20 16:58:49,614 - INFO - Finished optimization with guess, [3.64370129 2.53673957 0.01181748 0.0056657 ].
2023-07-20 16:58:49,614 - INFO - Best fit parameters: [1.78614752e+00 7.91640779e-01 4.62367248e-05 3.04427467e-04].
2023-07-20 16:58:49,642 - INFO - Maximum log composite likelihood: -38.78889741775242.
2023-07-20 16:58:49,642 - INFO - Optimal value of theta: 841.3455643604075.
2023-07-20 16:58:49,642 - INFO - Beginning optimization with guess, [2.76693232 3.96345772 0.0060419  0.01117493].
2023-07-20 16:58:50,942 - INFO - Finished optimization with guess, [2.76693232 3.96345772 0.0060419  0.01117493].
2023-07-20 16:58:50,942 - INFO - Best fit parameters: [6.99207198e-01 2.26050700e+00 2.65371076e-04 6.36949511e-05].
2023-07-20 16:58:50,971 - INFO - Maximum log composite likelihood: -38.7758621145108.
2023-07-20 16:58:50,972 - INFO - Optimal value of theta: 841.3799264388509.
2023-07-20 16:58:50,972 - INFO - Beginning optimization with guess, [6.41811075 9.4111495  0.01669868 0.00967359].
2023-07-20 16:58:52,261 - INFO - Finished optimization with guess, [6.41811075 9.4111495  0.01669868 0.00967359].
2023-07-20 16:58:52,261 - INFO - Best fit parameters: [3.20949480e+00 2.09288001e-01 3.23406346e-05 1.98152793e-04].
2023-07-20 16:58:52,287 - INFO - Maximum log composite likelihood: -38.326950529134706.
2023-07-20 16:58:52,288 - INFO - Optimal value of theta: 842.5741020405851.
2023-07-20 16:58:52,288 - INFO - Beginning optimization with guess, [7.28036281e+00 5.11188669e+00 1.76485378e-02 5.91202767e-03].
2023-07-20 16:58:53,435 - INFO - Finished optimization with guess, [7.28036281e+00 5.11188669e+00 1.76485378e-02 5.91202767e-03].
2023-07-20 16:58:53,435 - INFO - Best fit parameters: [2.50317334e+00 1.46325034e-01 9.83162767e-06 2.29342847e-05].
2023-07-20 16:58:53,461 - INFO - Maximum log composite likelihood: -38.7405782210667.
2023-07-20 16:58:53,462 - INFO - Optimal value of theta: 841.4718115108153.
2023-07-20 16:58:53,462 - INFO - Beginning optimization with guess, [1.21979914e+01 6.64943935e+00 8.09974242e-03 1.16393627e-02].
2023-07-20 16:58:54,618 - INFO - Finished optimization with guess, [1.21979914e+01 6.64943935e+00 8.09974242e-03 1.16393627e-02].
2023-07-20 16:58:54,618 - INFO - Best fit parameters: [5.48100706e+01 4.81814950e-02 1.67402393e-06 1.43266334e-03].
2023-07-20 16:58:54,645 - INFO - Maximum log composite likelihood: -28.47608451423207.
2023-07-20 16:58:54,645 - INFO - Optimal value of theta: 891.5336947463434.
2023-07-20 16:58:54,647 - INFO - Finished demographic inference.
2023-07-20 16:58:54,647 - INFO - Pipeline executed succesfully.
