2024-05-30 17:17:48,008 - INFO - Beginning execution of fit_one_epoch.py in directory /u/project/ngarud/jonmah/demo_for_ccgb/Scripts

2024-05-30 17:17:48,008 - INFO - Progress is being logged to ../HighRecombinationAnalysis/Bacteroides_stercoris_56735/core_0.5_log.log

2024-05-30 17:17:48,008 - INFO - Parsed the following arguments:
	mask_doubletons = False
	syn_input_sfs = ../HighRecombinationAnalysis/Bacteroides_stercoris_56735/core_0.5_empirical_syn_14_downsampled_sfs.txt
	mask_singletons = False
	outprefix = ../HighRecombinationAnalysis/Bacteroides_stercoris_56735/core_0.5

2024-05-30 17:17:48,012 - INFO - Beginning demographic inference for one-epoch demographic model.
2024-05-30 17:17:48,015 - INFO - Beginning optimization with guess, [0.11394174].
2024-05-30 17:17:48,923 - INFO - Finished optimization with guess, [0.11394174].
2024-05-30 17:17:48,923 - INFO - Best fit parameters: [0.11394174].
2024-05-30 17:17:48,948 - INFO - Maximum log composite likelihood: -212.486974985.
2024-05-30 17:17:48,948 - INFO - Optimal value of theta: 6483.23394535.
2024-05-30 17:17:48,948 - INFO - Beginning optimization with guess, [0.17501597].
2024-05-30 17:17:49,741 - INFO - Finished optimization with guess, [0.17501597].
2024-05-30 17:17:49,742 - INFO - Best fit parameters: [0.17501597].
2024-05-30 17:17:49,766 - INFO - Maximum log composite likelihood: -212.486974985.
2024-05-30 17:17:49,767 - INFO - Optimal value of theta: 6483.23394535.
2024-05-30 17:17:49,767 - INFO - Beginning optimization with guess, [0.29353581].
2024-05-30 17:17:50,556 - INFO - Finished optimization with guess, [0.29353581].
2024-05-30 17:17:50,557 - INFO - Best fit parameters: [0.29353581].
2024-05-30 17:17:50,581 - INFO - Maximum log composite likelihood: -212.486974985.
2024-05-30 17:17:50,582 - INFO - Optimal value of theta: 6483.23394535.
2024-05-30 17:17:50,582 - INFO - Beginning optimization with guess, [0.65228477].
2024-05-30 17:17:51,222 - INFO - Finished optimization with guess, [0.65228477].
2024-05-30 17:17:51,223 - INFO - Best fit parameters: [0.65228477].
2024-05-30 17:17:51,248 - INFO - Maximum log composite likelihood: -212.486974985.
2024-05-30 17:17:51,248 - INFO - Optimal value of theta: 6483.23394535.
2024-05-30 17:17:51,249 - INFO - Beginning optimization with guess, [0.39412444].
2024-05-30 17:17:51,956 - INFO - Finished optimization with guess, [0.39412444].
2024-05-30 17:17:51,956 - INFO - Best fit parameters: [0.39412444].
2024-05-30 17:17:51,981 - INFO - Maximum log composite likelihood: -212.486974985.
2024-05-30 17:17:51,981 - INFO - Optimal value of theta: 6483.23394535.
2024-05-30 17:17:51,981 - INFO - Beginning optimization with guess, [1.00038532].
2024-05-30 17:17:52,030 - INFO - Finished optimization with guess, [1.00038532].
2024-05-30 17:17:52,030 - INFO - Best fit parameters: [1.00038532].
2024-05-30 17:17:52,055 - INFO - Maximum log composite likelihood: -212.486974985.
2024-05-30 17:17:52,056 - INFO - Optimal value of theta: 6483.23394535.
2024-05-30 17:17:52,056 - INFO - Beginning optimization with guess, [0.5665675].
2024-05-30 17:17:52,770 - INFO - Finished optimization with guess, [0.5665675].
2024-05-30 17:17:52,770 - INFO - Best fit parameters: [0.5665675].
2024-05-30 17:17:52,794 - INFO - Maximum log composite likelihood: -212.486974985.
2024-05-30 17:17:52,795 - INFO - Optimal value of theta: 6483.23394535.
2024-05-30 17:17:52,795 - INFO - Beginning optimization with guess, [1.00651946].
2024-05-30 17:17:52,992 - INFO - Finished optimization with guess, [1.00651946].
2024-05-30 17:17:52,992 - INFO - Best fit parameters: [1.00651946].
2024-05-30 17:17:53,017 - INFO - Maximum log composite likelihood: -212.486974985.
2024-05-30 17:17:53,018 - INFO - Optimal value of theta: 6483.23394535.
2024-05-30 17:17:53,018 - INFO - Beginning optimization with guess, [1.38104009].
2024-05-30 17:17:53,663 - INFO - Finished optimization with guess, [1.38104009].
2024-05-30 17:17:53,664 - INFO - Best fit parameters: [1.38104009].
2024-05-30 17:17:53,689 - INFO - Maximum log composite likelihood: -212.486974985.
2024-05-30 17:17:53,689 - INFO - Optimal value of theta: 6483.23394535.
2024-05-30 17:17:53,689 - INFO - Beginning optimization with guess, [0.86778793].
2024-05-30 17:17:54,252 - INFO - Finished optimization with guess, [0.86778793].
2024-05-30 17:17:54,253 - INFO - Best fit parameters: [0.86778793].
2024-05-30 17:17:54,277 - INFO - Maximum log composite likelihood: -212.486974985.
2024-05-30 17:17:54,277 - INFO - Optimal value of theta: 6483.23394535.
2024-05-30 17:17:54,278 - INFO - Beginning optimization with guess, [1.22208915].
2024-05-30 17:17:54,835 - INFO - Finished optimization with guess, [1.22208915].
2024-05-30 17:17:54,835 - INFO - Best fit parameters: [1.22208915].
2024-05-30 17:17:54,859 - INFO - Maximum log composite likelihood: -212.486974985.
2024-05-30 17:17:54,860 - INFO - Optimal value of theta: 6483.23394535.
2024-05-30 17:17:54,860 - INFO - Beginning optimization with guess, [1.10637436].
2024-05-30 17:17:55,338 - INFO - Finished optimization with guess, [1.10637436].
2024-05-30 17:17:55,338 - INFO - Best fit parameters: [1.10637436].
2024-05-30 17:17:55,362 - INFO - Maximum log composite likelihood: -212.486974985.
2024-05-30 17:17:55,362 - INFO - Optimal value of theta: 6483.23394535.
2024-05-30 17:17:55,363 - INFO - Beginning optimization with guess, [1.22673371].
2024-05-30 17:17:55,915 - INFO - Finished optimization with guess, [1.22673371].
2024-05-30 17:17:55,916 - INFO - Best fit parameters: [1.22673371].
2024-05-30 17:17:55,940 - INFO - Maximum log composite likelihood: -212.486974985.
2024-05-30 17:17:55,941 - INFO - Optimal value of theta: 6483.23394535.
2024-05-30 17:17:55,941 - INFO - Beginning optimization with guess, [3.49901658].
2024-05-30 17:17:56,726 - INFO - Finished optimization with guess, [3.49901658].
2024-05-30 17:17:56,726 - INFO - Best fit parameters: [3.49901658].
2024-05-30 17:17:56,751 - INFO - Maximum log composite likelihood: -212.486974985.
2024-05-30 17:17:56,751 - INFO - Optimal value of theta: 6483.23394535.
2024-05-30 17:17:56,752 - INFO - Beginning optimization with guess, [2.13414956].
2024-05-30 17:17:57,461 - INFO - Finished optimization with guess, [2.13414956].
2024-05-30 17:17:57,462 - INFO - Best fit parameters: [2.13414956].
2024-05-30 17:17:57,486 - INFO - Maximum log composite likelihood: -212.486974985.
2024-05-30 17:17:57,487 - INFO - Optimal value of theta: 6483.23394535.
2024-05-30 17:17:57,487 - INFO - Beginning optimization with guess, [2.23636441].
2024-05-30 17:17:58,195 - INFO - Finished optimization with guess, [2.23636441].
2024-05-30 17:17:58,195 - INFO - Best fit parameters: [2.23636441].
2024-05-30 17:17:58,219 - INFO - Maximum log composite likelihood: -212.486974985.
2024-05-30 17:17:58,220 - INFO - Optimal value of theta: 6483.23394535.
2024-05-30 17:17:58,220 - INFO - Beginning optimization with guess, [2.75525976].
2024-05-30 17:17:58,934 - INFO - Finished optimization with guess, [2.75525976].
2024-05-30 17:17:58,934 - INFO - Best fit parameters: [2.75525976].
2024-05-30 17:17:58,959 - INFO - Maximum log composite likelihood: -212.486974985.
2024-05-30 17:17:58,959 - INFO - Optimal value of theta: 6483.23394535.
2024-05-30 17:17:58,959 - INFO - Beginning optimization with guess, [2.09882568].
2024-05-30 17:17:59,669 - INFO - Finished optimization with guess, [2.09882568].
2024-05-30 17:17:59,670 - INFO - Best fit parameters: [2.09882568].
2024-05-30 17:17:59,694 - INFO - Maximum log composite likelihood: -212.486974985.
2024-05-30 17:17:59,694 - INFO - Optimal value of theta: 6483.23394535.
2024-05-30 17:17:59,695 - INFO - Beginning optimization with guess, [2.43029758].
2024-05-30 17:18:00,406 - INFO - Finished optimization with guess, [2.43029758].
2024-05-30 17:18:00,406 - INFO - Best fit parameters: [2.43029758].
2024-05-30 17:18:00,431 - INFO - Maximum log composite likelihood: -212.486974985.
2024-05-30 17:18:00,432 - INFO - Optimal value of theta: 6483.23394535.
2024-05-30 17:18:00,432 - INFO - Beginning optimization with guess, [5.6646716].
2024-05-30 17:18:01,221 - INFO - Finished optimization with guess, [5.6646716].
2024-05-30 17:18:01,221 - INFO - Best fit parameters: [5.6646716].
2024-05-30 17:18:01,246 - INFO - Maximum log composite likelihood: -212.486974985.
2024-05-30 17:18:01,246 - INFO - Optimal value of theta: 6483.23394535.
2024-05-30 17:18:01,247 - INFO - Beginning optimization with guess, [2.00098155].
2024-05-30 17:18:01,961 - INFO - Finished optimization with guess, [2.00098155].
2024-05-30 17:18:01,961 - INFO - Best fit parameters: [2.00098155].
2024-05-30 17:18:01,987 - INFO - Maximum log composite likelihood: -212.486974985.
2024-05-30 17:18:01,987 - INFO - Optimal value of theta: 6483.23394535.
2024-05-30 17:18:01,987 - INFO - Beginning optimization with guess, [5.21338536].
2024-05-30 17:18:02,776 - INFO - Finished optimization with guess, [5.21338536].
2024-05-30 17:18:02,777 - INFO - Best fit parameters: [5.21338536].
2024-05-30 17:18:02,801 - INFO - Maximum log composite likelihood: -212.486974985.
2024-05-30 17:18:02,802 - INFO - Optimal value of theta: 6483.23394535.
2024-05-30 17:18:02,802 - INFO - Beginning optimization with guess, [3.72729909].
2024-05-30 17:18:03,580 - INFO - Finished optimization with guess, [3.72729909].
2024-05-30 17:18:03,581 - INFO - Best fit parameters: [3.72729909].
2024-05-30 17:18:03,605 - INFO - Maximum log composite likelihood: -212.486974985.
2024-05-30 17:18:03,606 - INFO - Optimal value of theta: 6483.23394535.
2024-05-30 17:18:03,606 - INFO - Beginning optimization with guess, [4.91984578].
2024-05-30 17:18:04,388 - INFO - Finished optimization with guess, [4.91984578].
2024-05-30 17:18:04,388 - INFO - Best fit parameters: [4.91984578].
2024-05-30 17:18:04,413 - INFO - Maximum log composite likelihood: -212.486974985.
2024-05-30 17:18:04,413 - INFO - Optimal value of theta: 6483.23394535.
2024-05-30 17:18:04,416 - INFO - Beginning demographic inference for two-epoch demographic model.
2024-05-30 17:18:04,418 - INFO - Beginning optimization with guess, [0.07781739 0.0181468 ].
2024-05-30 17:18:06,118 - INFO - Finished optimization with guess, [0.07781739 0.0181468 ].
2024-05-30 17:18:06,118 - INFO - Best fit parameters: [1.83202875 0.80996844].
2024-05-30 17:18:06,151 - INFO - Maximum log composite likelihood: -50.8473493626.
2024-05-30 17:18:06,151 - INFO - Optimal value of theta: 4680.69981722.
2024-05-30 17:18:06,152 - INFO - Beginning optimization with guess, [0.13077737 0.01087194].
2024-05-30 17:18:09,014 - INFO - Finished optimization with guess, [0.13077737 0.01087194].
2024-05-30 17:18:09,014 - INFO - Best fit parameters: [2.04676738 1.20802226].
2024-05-30 17:18:09,051 - INFO - Maximum log composite likelihood: -48.2953215516.
2024-05-30 17:18:09,051 - INFO - Optimal value of theta: 4137.28880945.
2024-05-30 17:18:09,051 - INFO - Beginning optimization with guess, [0.48708764 0.00927487].
2024-05-30 17:18:12,499 - INFO - Finished optimization with guess, [0.48708764 0.00927487].
2024-05-30 17:18:12,500 - INFO - Best fit parameters: [2.58807164 2.12623725].
2024-05-30 17:18:12,541 - INFO - Maximum log composite likelihood: -46.1448226595.
2024-05-30 17:18:12,541 - INFO - Optimal value of theta: 3218.60006882.
2024-05-30 17:18:12,541 - INFO - Beginning optimization with guess, [0.28436699 0.01150433].
2024-05-30 17:18:15,673 - INFO - Finished optimization with guess, [0.28436699 0.01150433].
2024-05-30 17:18:15,674 - INFO - Best fit parameters: [2.22753603 1.76318198].
2024-05-30 17:18:15,713 - INFO - Maximum log composite likelihood: -46.844759347.
2024-05-30 17:18:15,713 - INFO - Optimal value of theta: 3662.21676838.
2024-05-30 17:18:15,713 - INFO - Beginning optimization with guess, [0.30012274 0.00597514].
2024-05-30 17:18:19,982 - INFO - Finished optimization with guess, [0.30012274 0.00597514].
2024-05-30 17:18:19,982 - INFO - Best fit parameters: [2.24572048 1.65923792].
2024-05-30 17:18:20,021 - INFO - Maximum log composite likelihood: -46.3106463855.
2024-05-30 17:18:20,021 - INFO - Optimal value of theta: 3691.81768661.
2024-05-30 17:18:20,021 - INFO - Beginning optimization with guess, [0.30625449 0.01648368].
2024-05-30 17:18:22,650 - INFO - Finished optimization with guess, [0.30625449 0.01648368].
2024-05-30 17:18:22,650 - INFO - Best fit parameters: [2.51620234 2.19884742].
2024-05-30 17:18:22,691 - INFO - Maximum log composite likelihood: -46.3186688158.
2024-05-30 17:18:22,691 - INFO - Optimal value of theta: 3247.04279488.
2024-05-30 17:18:22,691 - INFO - Beginning optimization with guess, [0.99243125 0.01758607].
2024-05-30 17:18:26,475 - INFO - Finished optimization with guess, [0.99243125 0.01758607].
2024-05-30 17:18:26,477 - INFO - Best fit parameters: [1.01467327 0.4691039 ].
2024-05-30 17:18:26,510 - INFO - Maximum log composite likelihood: -204.325094854.
2024-05-30 17:18:26,511 - INFO - Optimal value of theta: 6438.3956311.
2024-05-30 17:18:26,511 - INFO - Beginning optimization with guess, [0.58951136 0.01006336].
2024-05-30 17:18:29,878 - INFO - Finished optimization with guess, [0.58951136 0.01006336].
2024-05-30 17:18:29,878 - INFO - Best fit parameters: [2.26293542 1.7758072 ].
2024-05-30 17:18:29,918 - INFO - Maximum log composite likelihood: -46.4395811258.
2024-05-30 17:18:29,918 - INFO - Optimal value of theta: 3623.43433363.
2024-05-30 17:18:29,919 - INFO - Beginning optimization with guess, [1.05088374 0.00961651].
2024-05-30 17:18:31,364 - INFO - Finished optimization with guess, [1.05088374 0.00961651].
2024-05-30 17:18:31,365 - INFO - Best fit parameters: [1.67305207 0.80361435].
2024-05-30 17:18:31,399 - INFO - Maximum log composite likelihood: -51.6496746076.
2024-05-30 17:18:31,399 - INFO - Optimal value of theta: 4888.19599914.
2024-05-30 17:18:31,399 - INFO - Beginning optimization with guess, [1.39272637 0.00727864].
2024-05-30 17:18:33,131 - INFO - Finished optimization with guess, [1.39272637 0.00727864].
2024-05-30 17:18:33,131 - INFO - Best fit parameters: [2.71907176 2.4264624 ].
2024-05-30 17:18:33,173 - INFO - Maximum log composite likelihood: -45.8262004844.
2024-05-30 17:18:33,173 - INFO - Optimal value of theta: 3028.24515226.
2024-05-30 17:18:33,174 - INFO - Beginning optimization with guess, [2.07016806 0.01622941].
2024-05-30 17:18:34,431 - INFO - Finished optimization with guess, [2.07016806 0.01622941].
2024-05-30 17:18:34,431 - INFO - Best fit parameters: [1.62950751 0.59690542].
2024-05-30 17:18:34,463 - INFO - Maximum log composite likelihood: -54.0189021211.
2024-05-30 17:18:34,463 - INFO - Optimal value of theta: 5140.17270263.
2024-05-30 17:18:34,463 - INFO - Beginning optimization with guess, [0.75540761 0.01365335].
2024-05-30 17:18:39,007 - INFO - Finished optimization with guess, [0.75540761 0.01365335].
2024-05-30 17:18:39,008 - INFO - Best fit parameters: [1.57386652 0.60327771].
2024-05-30 17:18:39,040 - INFO - Maximum log composite likelihood: -56.2836127754.
2024-05-30 17:18:39,040 - INFO - Optimal value of theta: 5208.8784594.
2024-05-30 17:18:39,041 - INFO - Beginning optimization with guess, [1.12146613 0.01820517].
2024-05-30 17:18:40,681 - INFO - Finished optimization with guess, [1.12146613 0.01820517].
2024-05-30 17:18:40,682 - INFO - Best fit parameters: [1.8618644  0.97953293].
2024-05-30 17:18:40,716 - INFO - Maximum log composite likelihood: -48.3561795717.
2024-05-30 17:18:40,717 - INFO - Optimal value of theta: 4504.84722419.
2024-05-30 17:18:40,717 - INFO - Beginning optimization with guess, [1.98488281 0.01217041].
2024-05-30 17:18:42,198 - INFO - Finished optimization with guess, [1.98488281 0.01217041].
2024-05-30 17:18:42,198 - INFO - Best fit parameters: [2.16077784 1.61657772].
2024-05-30 17:18:42,237 - INFO - Maximum log composite likelihood: -46.6765490446.
2024-05-30 17:18:42,237 - INFO - Optimal value of theta: 3793.88015384.
2024-05-30 17:18:42,237 - INFO - Beginning optimization with guess, [1.30298444 0.00622351].
2024-05-30 17:18:43,896 - INFO - Finished optimization with guess, [1.30298444 0.00622351].
2024-05-30 17:18:43,896 - INFO - Best fit parameters: [2.35326581 1.82018876].
2024-05-30 17:18:43,935 - INFO - Maximum log composite likelihood: -46.1569572009.
2024-05-30 17:18:43,936 - INFO - Optimal value of theta: 3523.78455625.
2024-05-30 17:18:43,936 - INFO - Beginning optimization with guess, [4.01180858 0.01654902].
2024-05-30 17:18:45,194 - INFO - Finished optimization with guess, [4.01180858 0.01654902].
2024-05-30 17:18:45,194 - INFO - Best fit parameters: [1.58921312 0.78858556].
2024-05-30 17:18:45,228 - INFO - Maximum log composite likelihood: -56.7432391131.
2024-05-30 17:18:45,229 - INFO - Optimal value of theta: 5022.55098493.
2024-05-30 17:18:45,229 - INFO - Beginning optimization with guess, [4.17832804 0.00969579].
2024-05-30 17:18:46,450 - INFO - Finished optimization with guess, [4.17832804 0.00969579].
2024-05-30 17:18:46,451 - INFO - Best fit parameters: [1.66766895 0.1264958 ].
2024-05-30 17:18:46,477 - INFO - Maximum log composite likelihood: -101.802329296.
2024-05-30 17:18:46,478 - INFO - Optimal value of theta: 5947.79823856.
2024-05-30 17:18:46,478 - INFO - Beginning optimization with guess, [1.8390831  0.01530267].
2024-05-30 17:18:47,877 - INFO - Finished optimization with guess, [1.8390831  0.01530267].
2024-05-30 17:18:47,878 - INFO - Best fit parameters: [2.23032139 1.72083996].
2024-05-30 17:18:47,917 - INFO - Maximum log composite likelihood: -46.4810439388.
2024-05-30 17:18:47,917 - INFO - Optimal value of theta: 3678.13673863.
2024-05-30 17:18:47,917 - INFO - Beginning optimization with guess, [2.00707894 0.01700765].
2024-05-30 17:18:49,195 - INFO - Finished optimization with guess, [2.00707894 0.01700765].
2024-05-30 17:18:49,195 - INFO - Best fit parameters: [1.55144268 0.50254257].
2024-05-30 17:18:49,226 - INFO - Maximum log composite likelihood: -59.0126231641.
2024-05-30 17:18:49,226 - INFO - Optimal value of theta: 5346.82921198.
2024-05-30 17:18:49,227 - INFO - Beginning optimization with guess, [3.23969744 0.00514724].
2024-05-30 17:18:50,434 - INFO - Finished optimization with guess, [3.23969744 0.00514724].
2024-05-30 17:18:50,435 - INFO - Best fit parameters: [1.70436513 0.15083351].
2024-05-30 17:18:50,461 - INFO - Maximum log composite likelihood: -94.1804929454.
2024-05-30 17:18:50,462 - INFO - Optimal value of theta: 5852.63583463.
2024-05-30 17:18:50,462 - INFO - Beginning optimization with guess, [2.69426126 0.01623484].
2024-05-30 17:18:51,827 - INFO - Finished optimization with guess, [2.69426126 0.01623484].
2024-05-30 17:18:51,827 - INFO - Best fit parameters: [1.70646187 0.8843653 ].
2024-05-30 17:18:51,861 - INFO - Maximum log composite likelihood: -50.9128949641.
2024-05-30 17:18:51,862 - INFO - Optimal value of theta: 4777.40668116.
2024-05-30 17:18:51,862 - INFO - Beginning optimization with guess, [7.23308321e+00 6.85107628e-03].
2024-05-30 17:18:53,010 - INFO - Finished optimization with guess, [7.23308321e+00 6.85107628e-03].
2024-05-30 17:18:53,011 - INFO - Best fit parameters: [1.99983418 0.09936695].
2024-05-30 17:18:53,037 - INFO - Maximum log composite likelihood: -107.951038788.
2024-05-30 17:18:53,037 - INFO - Optimal value of theta: 5926.18988037.
2024-05-30 17:18:53,038 - INFO - Beginning optimization with guess, [7.63941461e+00 6.25440563e-03].
2024-05-30 17:18:54,156 - INFO - Finished optimization with guess, [7.63941461e+00 6.25440563e-03].
2024-05-30 17:18:54,158 - INFO - Best fit parameters: [2.26078295 0.06160615].
2024-05-30 17:18:54,185 - INFO - Maximum log composite likelihood: -121.418416329.
2024-05-30 17:18:54,185 - INFO - Optimal value of theta: 6065.04491652.
2024-05-30 17:18:54,185 - INFO - Beginning optimization with guess, [3.71717179 0.016172  ].
2024-05-30 17:18:55,443 - INFO - Finished optimization with guess, [3.71717179 0.016172  ].
2024-05-30 17:18:55,444 - INFO - Best fit parameters: [1.45146031 0.33489939].
2024-05-30 17:18:55,473 - INFO - Maximum log composite likelihood: -74.341511012.
2024-05-30 17:18:55,473 - INFO - Optimal value of theta: 5686.35181518.
2024-05-30 17:18:55,476 - INFO - Beginning demographic inference for three-epoch demographic model.
2024-05-30 17:18:55,482 - INFO - Beginning optimization with guess, [0.01683107 0.01982832 0.00670559 0.00728726].
2024-05-30 17:18:56,779 - INFO - Finished optimization with guess, [0.01683107 0.01982832 0.00670559 0.00728726].
2024-05-30 17:18:56,779 - INFO - Best fit parameters: [4.83044503e-02 5.24290483e+00 1.74705795e-06 2.77667686e-02].
2024-05-30 17:18:56,805 - INFO - Maximum log composite likelihood: -138.415758141.
2024-05-30 17:18:56,806 - INFO - Optimal value of theta: 6185.88438354.
2024-05-30 17:18:56,806 - INFO - Beginning optimization with guess, [0.02709641 0.02320999 0.01679061 0.01793775].
2024-05-30 17:24:26,842 - INFO - Finished optimization with guess, [0.02709641 0.02320999 0.01679061 0.01793775].
2024-05-30 17:24:26,844 - INFO - Best fit parameters: [1.84730521e-03 8.34686318e-03 1.16793479e-02 3.89515924e+00].
2024-05-30 17:24:35,521 - INFO - Maximum log composite likelihood: -212.486974933.
2024-05-30 17:24:35,522 - INFO - Optimal value of theta: 776726.99394.
2024-05-30 17:24:35,523 - INFO - Beginning optimization with guess, [0.03230733 0.02881752 0.01122876 0.01302471].
2024-05-30 17:24:36,789 - INFO - Finished optimization with guess, [0.03230733 0.02881752 0.01122876 0.01302471].
2024-05-30 17:24:36,789 - INFO - Best fit parameters: [1.06426038e-01 2.43663469e+02 5.54535897e-06 7.11212604e-05].
2024-05-30 17:24:36,815 - INFO - Maximum log composite likelihood: -212.341719871.
2024-05-30 17:24:36,815 - INFO - Optimal value of theta: 6482.85947162.
2024-05-30 17:24:36,815 - INFO - Beginning optimization with guess, [0.02180623 0.06842054 0.01578627 0.00617811].
2024-05-30 17:24:42,711 - INFO - Finished optimization with guess, [0.02180623 0.06842054 0.01578627 0.00617811].
2024-05-30 17:24:42,711 - INFO - Best fit parameters: [0.0053037  0.05782585 0.02399963 0.05953568].
2024-05-30 17:24:42,836 - INFO - Maximum log composite likelihood: -45.6957632405.
2024-05-30 17:24:42,837 - INFO - Optimal value of theta: 142109.736722.
2024-05-30 17:24:42,837 - INFO - Beginning optimization with guess, [0.02986135 0.03348564 0.006801   0.01364967].
2024-05-30 17:24:44,033 - INFO - Finished optimization with guess, [0.02986135 0.03348564 0.006801   0.01364967].
2024-05-30 17:24:44,033 - INFO - Best fit parameters: [1.00392892e-01 8.95520252e+00 1.62849802e-05 1.50211647e-03].
2024-05-30 17:24:44,073 - INFO - Maximum log composite likelihood: -206.075854817.
2024-05-30 17:24:44,073 - INFO - Optimal value of theta: 6466.33249305.
2024-05-30 17:24:44,074 - INFO - Beginning optimization with guess, [0.65194531 0.81107717 0.00819226 0.00682236].
2024-05-30 17:24:45,224 - INFO - Finished optimization with guess, [0.65194531 0.81107717 0.00819226 0.00682236].
2024-05-30 17:24:45,224 - INFO - Best fit parameters: [8.72750592e-01 1.15909767e+00 6.05044985e-06 5.30645569e-05].
2024-05-30 17:24:45,250 - INFO - Maximum log composite likelihood: -212.451474359.
2024-05-30 17:24:45,251 - INFO - Optimal value of theta: 6483.14242733.
2024-05-30 17:24:45,251 - INFO - Beginning optimization with guess, [1.13059079 1.03396863 0.0077303  0.01144292].
2024-05-30 17:24:46,637 - INFO - Finished optimization with guess, [1.13059079 1.03396863 0.0077303  0.01144292].
2024-05-30 17:24:46,637 - INFO - Best fit parameters: [1.23348167 1.03324451 0.59500986 0.00696465].
2024-05-30 17:24:46,672 - INFO - Maximum log composite likelihood: -119.721021721.
2024-05-30 17:24:46,672 - INFO - Optimal value of theta: 5833.09281714.
2024-05-30 17:24:46,672 - INFO - Beginning optimization with guess, [1.25564368 0.94350279 0.00749441 0.01040831].
2024-05-30 17:24:48,262 - INFO - Finished optimization with guess, [1.25564368 0.94350279 0.00749441 0.01040831].
2024-05-30 17:24:48,263 - INFO - Best fit parameters: [1.31108153 0.93886106 0.43243779 0.00202352].
2024-05-30 17:24:48,294 - INFO - Maximum log composite likelihood: -93.5760354273.
2024-05-30 17:24:48,295 - INFO - Optimal value of theta: 5788.75540382.
2024-05-30 17:24:48,295 - INFO - Beginning optimization with guess, [0.83265502 0.47028623 0.01757345 0.00533425].
2024-05-30 17:24:49,439 - INFO - Finished optimization with guess, [0.83265502 0.47028623 0.01757345 0.00533425].
2024-05-30 17:24:49,439 - INFO - Best fit parameters: [1.13153461e+00 6.72021247e-01 4.29978482e-04 6.72348470e-06].
2024-05-30 17:24:49,465 - INFO - Maximum log composite likelihood: -212.230037309.
2024-05-30 17:24:49,465 - INFO - Optimal value of theta: 6482.57049628.
2024-05-30 17:24:49,466 - INFO - Beginning optimization with guess, [0.66563889 0.92908361 0.00945534 0.0093886 ].
2024-05-30 17:24:50,548 - INFO - Finished optimization with guess, [0.66563889 0.92908361 0.00945534 0.0093886 ].
2024-05-30 17:24:50,549 - INFO - Best fit parameters: [8.95357994e+00 1.00871134e+00 6.41023418e-22 3.89040583e-11].
2024-05-30 17:24:50,574 - INFO - Maximum log composite likelihood: -212.486974983.
2024-05-30 17:24:50,575 - INFO - Optimal value of theta: 6483.23394535.
2024-05-30 17:24:50,575 - INFO - Beginning optimization with guess, [2.13232946 1.37605775 0.00871714 0.01336162].
2024-05-30 17:24:51,706 - INFO - Finished optimization with guess, [2.13232946 1.37605775 0.00871714 0.01336162].
2024-05-30 17:24:51,707 - INFO - Best fit parameters: [1.94311332 1.54885655 0.17622816 0.00967927].
2024-05-30 17:24:51,734 - INFO - Maximum log composite likelihood: -90.35641939.
2024-05-30 17:24:51,735 - INFO - Optimal value of theta: 5637.78705606.
2024-05-30 17:24:51,735 - INFO - Beginning optimization with guess, [1.08736274 0.88933805 0.00930792 0.00825269].
2024-05-30 17:24:53,281 - INFO - Finished optimization with guess, [1.08736274 0.88933805 0.00930792 0.00825269].
2024-05-30 17:24:53,282 - INFO - Best fit parameters: [1.21867828 0.89744505 0.35881017 0.00392204].
2024-05-30 17:24:53,313 - INFO - Maximum log composite likelihood: -121.173370129.
2024-05-30 17:24:53,313 - INFO - Optimal value of theta: 6018.76933787.
2024-05-30 17:24:53,314 - INFO - Beginning optimization with guess, [0.87587184 1.09330088 0.00835211 0.00642634].
2024-05-30 17:24:54,768 - INFO - Finished optimization with guess, [0.87587184 1.09330088 0.00835211 0.00642634].
2024-05-30 17:24:54,769 - INFO - Best fit parameters: [0.88261568 1.23655949 0.00346003 0.45079046].
2024-05-30 17:24:54,801 - INFO - Maximum log composite likelihood: -111.518273794.
2024-05-30 17:24:54,801 - INFO - Optimal value of theta: 5906.74549119.
2024-05-30 17:24:54,801 - INFO - Beginning optimization with guess, [2.54709491 3.34385219 0.01175693 0.00539339].
2024-05-30 17:24:55,987 - INFO - Finished optimization with guess, [2.54709491 3.34385219 0.01175693 0.00539339].
2024-05-30 17:24:55,987 - INFO - Best fit parameters: [2.99158131 3.62306673 0.05958901 0.00414665].
2024-05-30 17:24:56,014 - INFO - Maximum log composite likelihood: -121.903394655.
2024-05-30 17:24:56,014 - INFO - Optimal value of theta: 5962.93911336.
2024-05-30 17:24:56,014 - INFO - Beginning optimization with guess, [1.63907276 1.6099827  0.00621803 0.00796672].
2024-05-30 17:24:57,691 - INFO - Finished optimization with guess, [1.63907276 1.6099827  0.00621803 0.00796672].
2024-05-30 17:24:57,692 - INFO - Best fit parameters: [1.81924446 1.94517112 0.00325718 1.24046844].
2024-05-30 17:24:57,729 - INFO - Maximum log composite likelihood: -47.4262458299.
2024-05-30 17:24:57,730 - INFO - Optimal value of theta: 4227.47893068.
2024-05-30 17:24:57,730 - INFO - Beginning optimization with guess, [4.0723009  3.26103483 0.00788254 0.01550514].
2024-05-30 17:24:58,878 - INFO - Finished optimization with guess, [4.0723009  3.26103483 0.00788254 0.01550514].
2024-05-30 17:24:58,878 - INFO - Best fit parameters: [4.37159627 3.36502839 0.00689657 0.05221124].
2024-05-30 17:24:58,904 - INFO - Maximum log composite likelihood: -123.73445638.
2024-05-30 17:24:58,904 - INFO - Optimal value of theta: 5966.01437443.
2024-05-30 17:24:58,904 - INFO - Beginning optimization with guess, [1.51471062 3.3403522  0.00650822 0.00642136].
2024-05-30 17:25:00,132 - INFO - Finished optimization with guess, [1.51471062 3.3403522  0.00650822 0.00642136].
2024-05-30 17:25:00,132 - INFO - Best fit parameters: [1.61168621 3.90330544 0.00468569 0.05107214].
2024-05-30 17:25:00,158 - INFO - Maximum log composite likelihood: -125.621555444.
2024-05-30 17:25:00,159 - INFO - Optimal value of theta: 5986.58039133.
2024-05-30 17:25:00,159 - INFO - Beginning optimization with guess, [4.56639637 2.38002662 0.00537581 0.01251   ].
2024-05-30 17:25:01,419 - INFO - Finished optimization with guess, [4.56639637 2.38002662 0.00537581 0.01251   ].
2024-05-30 17:25:01,420 - INFO - Best fit parameters: [5.80461921e+00 2.62795695e+00 4.19474603e-03 6.77895227e-02].
2024-05-30 17:25:01,490 - INFO - Maximum log composite likelihood: -118.211504131.
2024-05-30 17:25:01,491 - INFO - Optimal value of theta: 5941.53532906.
2024-05-30 17:25:01,491 - INFO - Beginning optimization with guess, [3.80663704 2.14038617 0.00619827 0.01919359].
2024-05-30 17:25:02,702 - INFO - Finished optimization with guess, [3.80663704 2.14038617 0.00619827 0.01919359].
2024-05-30 17:25:02,703 - INFO - Best fit parameters: [4.66812131 2.30951785 0.00594292 0.09908353].
2024-05-30 17:25:02,729 - INFO - Maximum log composite likelihood: -111.948371582.
2024-05-30 17:25:02,729 - INFO - Optimal value of theta: 5808.47160595.
2024-05-30 17:25:02,729 - INFO - Beginning optimization with guess, [4.61672298 6.61961821 0.00793338 0.01126538].
2024-05-30 17:25:03,956 - INFO - Finished optimization with guess, [4.61672298 6.61961821 0.00793338 0.01126538].
2024-05-30 17:25:03,956 - INFO - Best fit parameters: [4.83120271e+00 7.96373708e+00 7.33594174e-03 3.13252033e-02].
2024-05-30 17:25:03,982 - INFO - Maximum log composite likelihood: -130.407106016.
2024-05-30 17:25:03,982 - INFO - Optimal value of theta: 6052.30562383.
2024-05-30 17:25:03,982 - INFO - Beginning optimization with guess, [7.01015695e+00 2.16778276e+00 1.64545619e-02 5.58292145e-03].
2024-05-30 17:25:05,115 - INFO - Finished optimization with guess, [7.01015695e+00 2.16778276e+00 1.64545619e-02 5.58292145e-03].
2024-05-30 17:25:05,116 - INFO - Best fit parameters: [7.03420174 2.51774701 0.03210783 0.00948735].
2024-05-30 17:25:05,142 - INFO - Maximum log composite likelihood: -127.420542807.
2024-05-30 17:25:05,142 - INFO - Optimal value of theta: 6058.82961134.
2024-05-30 17:25:05,142 - INFO - Beginning optimization with guess, [7.54905331 6.6209378  0.01803854 0.01059022].
2024-05-30 17:25:06,275 - INFO - Finished optimization with guess, [7.54905331 6.6209378  0.01803854 0.01059022].
2024-05-30 17:25:06,275 - INFO - Best fit parameters: [7.82941571e+00 7.41588010e+00 3.18068486e-02 6.46624237e-03].
2024-05-30 17:25:06,301 - INFO - Maximum log composite likelihood: -130.400857683.
2024-05-30 17:25:06,302 - INFO - Optimal value of theta: 6050.74184829.
2024-05-30 17:25:06,302 - INFO - Beginning optimization with guess, [5.25360603 5.11328815 0.00628969 0.00538201].
2024-05-30 17:25:07,507 - INFO - Finished optimization with guess, [5.25360603 5.11328815 0.00628969 0.00538201].
2024-05-30 17:25:07,508 - INFO - Best fit parameters: [6.70284062e+00 5.64037005e+00 3.60436028e-02 3.94144197e-03].
2024-05-30 17:25:07,534 - INFO - Maximum log composite likelihood: -129.878279642.
2024-05-30 17:25:07,534 - INFO - Optimal value of theta: 6044.9513641.
2024-05-30 17:25:07,534 - INFO - Beginning optimization with guess, [5.96956393 7.08053205 0.00921398 0.00961863].
2024-05-30 17:25:08,664 - INFO - Finished optimization with guess, [5.96956393 7.08053205 0.00921398 0.00961863].
2024-05-30 17:25:08,665 - INFO - Best fit parameters: [9.87727359e+00 4.71170708e+00 8.50329320e-03 3.58639555e-02].
2024-05-30 17:25:08,691 - INFO - Maximum log composite likelihood: -128.013812299.
2024-05-30 17:25:08,691 - INFO - Optimal value of theta: 6025.42284929.
2024-05-30 17:25:08,694 - INFO - Finished demographic inference.
2024-05-30 17:25:08,694 - INFO - Pipeline executed succesfully.
