2024-06-05 07:47:38,496 - INFO - Beginning execution of survival_curve.py in directory /u/project/ngarud/jonmah/demo_for_ccgb/Scripts

2024-06-05 07:47:38,496 - INFO - Progress is being logged to ../HighRecombinationAnalysis/Bacteroides_stercoris_56735/survival_curve.log

2024-06-05 07:47:38,496 - INFO - Parsed the following arguments:
	outprefix = ../HighRecombinationAnalysis/Bacteroides_stercoris_56735/
	species = Bacteroides_stercoris_56735

2024-06-05 07:47:38,496 - INFO - Computing SFS of Bacteroides_stercoris_56735.
2024-06-05 07:47:39,254 - WARNING - sys:1: DtypeWarning: Columns (2,6) have mixed types. Specify dtype option on import or set low_memory=False.

2024-06-05 08:49:53,032 - INFO - Beginning execution of survival_curve.py in directory /u/project/ngarud/jonmah/demo_for_ccgb/Scripts

2024-06-05 08:49:53,032 - INFO - Progress is being logged to ../HighRecombinationAnalysis/Bacteroides_stercoris_56735/survival_curve.log

2024-06-05 08:49:53,032 - INFO - Parsed the following arguments:
	outprefix = ../HighRecombinationAnalysis/Bacteroides_stercoris_56735/
	species = Bacteroides_stercoris_56735

2024-06-05 08:49:53,032 - INFO - Computing SFS of Bacteroides_stercoris_56735.
2024-06-05 08:49:53,744 - WARNING - sys:1: DtypeWarning: Columns (2,6) have mixed types. Specify dtype option on import or set low_memory=False.

2024-06-05 13:01:04,337 - INFO - Beginning execution of survival_curve.py in directory /u/project/ngarud/jonmah/demo_for_ccgb/Scripts

2024-06-05 13:01:04,337 - INFO - Progress is being logged to ../HighRecombinationAnalysis/Bacteroides_stercoris_56735/survival_curve.log

2024-06-05 13:01:04,337 - INFO - Parsed the following arguments:
	outprefix = ../HighRecombinationAnalysis/Bacteroides_stercoris_56735/
	species = Bacteroides_stercoris_56735

2024-06-05 13:01:04,337 - INFO - Computing SFS of Bacteroides_stercoris_56735.
2024-06-05 13:01:04,892 - WARNING - sys:1: DtypeWarning: Columns (2,6) have mixed types. Specify dtype option on import or set low_memory=False.

2024-06-05 14:47:26,614 - INFO - Pipeline executed succesfully.
2024-07-12 12:51:59,125 - INFO - Beginning execution of survival_curve.py in directory /u/project/ngarud/jonmah/demo_for_ccgb/Scripts

2024-07-12 12:51:59,125 - INFO - Progress is being logged to ../HighRecombinationAnalysis/Bacteroides_stercoris_56735/survival_curve.log

2024-07-12 12:51:59,126 - INFO - Parsed the following arguments:
	outprefix = ../HighRecombinationAnalysis/Bacteroides_stercoris_56735/
	species = Bacteroides_stercoris_56735

2024-07-12 12:52:00,088 - WARNING - sys:1: DtypeWarning: Columns (2,6) have mixed types. Specify dtype option on import or set low_memory=False.

