2024-05-30 17:17:46,488 - INFO - Beginning execution of fit_one_epoch.py in directory /u/project/ngarud/jonmah/demo_for_ccgb/Scripts

2024-05-30 17:17:46,489 - INFO - Progress is being logged to ../HighRecombinationAnalysis/Bacteroides_thetaiotaomicron_56941/core_0.5_log.log

2024-05-30 17:17:46,489 - INFO - Parsed the following arguments:
	mask_doubletons = False
	syn_input_sfs = ../HighRecombinationAnalysis/Bacteroides_thetaiotaomicron_56941/core_0.5_empirical_syn_14_downsampled_sfs.txt
	mask_singletons = False
	outprefix = ../HighRecombinationAnalysis/Bacteroides_thetaiotaomicron_56941/core_0.5

2024-05-30 17:17:46,493 - INFO - Beginning demographic inference for one-epoch demographic model.
2024-05-30 17:17:46,501 - INFO - Beginning optimization with guess, [0.0840745].
2024-05-30 17:17:47,613 - INFO - Finished optimization with guess, [0.0840745].
2024-05-30 17:17:47,614 - INFO - Best fit parameters: [0.0840745].
2024-05-30 17:17:47,645 - INFO - Maximum log composite likelihood: -79.6252008003.
2024-05-30 17:17:47,645 - INFO - Optimal value of theta: 8701.24298481.
2024-05-30 17:17:47,646 - INFO - Beginning optimization with guess, [0.19666433].
2024-05-30 17:17:48,701 - INFO - Finished optimization with guess, [0.19666433].
2024-05-30 17:17:48,701 - INFO - Best fit parameters: [0.19666433].
2024-05-30 17:17:48,731 - INFO - Maximum log composite likelihood: -79.6252008003.
2024-05-30 17:17:48,732 - INFO - Optimal value of theta: 8701.24298481.
2024-05-30 17:17:48,732 - INFO - Beginning optimization with guess, [0.5644275].
2024-05-30 17:17:49,621 - INFO - Finished optimization with guess, [0.5644275].
2024-05-30 17:17:49,623 - INFO - Best fit parameters: [0.5644275].
2024-05-30 17:17:49,664 - INFO - Maximum log composite likelihood: -79.6252008003.
2024-05-30 17:17:49,664 - INFO - Optimal value of theta: 8701.24298481.
2024-05-30 17:17:49,664 - INFO - Beginning optimization with guess, [0.2408899].
2024-05-30 17:17:50,632 - INFO - Finished optimization with guess, [0.2408899].
2024-05-30 17:17:50,632 - INFO - Best fit parameters: [0.2408899].
2024-05-30 17:17:50,662 - INFO - Maximum log composite likelihood: -79.6252008003.
2024-05-30 17:17:50,663 - INFO - Optimal value of theta: 8701.24298481.
2024-05-30 17:17:50,663 - INFO - Beginning optimization with guess, [0.37224688].
2024-05-30 17:17:51,529 - INFO - Finished optimization with guess, [0.37224688].
2024-05-30 17:17:51,529 - INFO - Best fit parameters: [0.37224688].
2024-05-30 17:17:51,559 - INFO - Maximum log composite likelihood: -79.6252008003.
2024-05-30 17:17:51,560 - INFO - Optimal value of theta: 8701.24298481.
2024-05-30 17:17:51,560 - INFO - Beginning optimization with guess, [1.1259589].
2024-05-30 17:17:52,156 - INFO - Finished optimization with guess, [1.1259589].
2024-05-30 17:17:52,157 - INFO - Best fit parameters: [1.1259589].
2024-05-30 17:17:52,187 - INFO - Maximum log composite likelihood: -79.6252008003.
2024-05-30 17:17:52,187 - INFO - Optimal value of theta: 8701.24298481.
2024-05-30 17:17:52,187 - INFO - Beginning optimization with guess, [0.83407304].
2024-05-30 17:17:52,875 - INFO - Finished optimization with guess, [0.83407304].
2024-05-30 17:17:52,875 - INFO - Best fit parameters: [0.83407304].
2024-05-30 17:17:52,905 - INFO - Maximum log composite likelihood: -79.6252008003.
2024-05-30 17:17:52,906 - INFO - Optimal value of theta: 8701.24298481.
2024-05-30 17:17:52,906 - INFO - Beginning optimization with guess, [0.64956155].
2024-05-30 17:17:53,681 - INFO - Finished optimization with guess, [0.64956155].
2024-05-30 17:17:53,682 - INFO - Best fit parameters: [0.64956155].
2024-05-30 17:17:53,712 - INFO - Maximum log composite likelihood: -79.6252008003.
2024-05-30 17:17:53,712 - INFO - Optimal value of theta: 8701.24298481.
2024-05-30 17:17:53,712 - INFO - Beginning optimization with guess, [1.58925255].
2024-05-30 17:17:54,487 - INFO - Finished optimization with guess, [1.58925255].
2024-05-30 17:17:54,488 - INFO - Best fit parameters: [1.58925255].
2024-05-30 17:17:54,519 - INFO - Maximum log composite likelihood: -79.6252008003.
2024-05-30 17:17:54,520 - INFO - Optimal value of theta: 8701.24298481.
2024-05-30 17:17:54,520 - INFO - Beginning optimization with guess, [0.51938213].
2024-05-30 17:17:55,390 - INFO - Finished optimization with guess, [0.51938213].
2024-05-30 17:17:55,390 - INFO - Best fit parameters: [0.51938213].
2024-05-30 17:17:55,420 - INFO - Maximum log composite likelihood: -79.6252008003.
2024-05-30 17:17:55,421 - INFO - Optimal value of theta: 8701.24298481.
2024-05-30 17:17:55,421 - INFO - Beginning optimization with guess, [1.4226882].
2024-05-30 17:17:56,198 - INFO - Finished optimization with guess, [1.4226882].
2024-05-30 17:17:56,198 - INFO - Best fit parameters: [1.4226882].
2024-05-30 17:17:56,228 - INFO - Maximum log composite likelihood: -79.6252008003.
2024-05-30 17:17:56,228 - INFO - Optimal value of theta: 8701.24298481.
2024-05-30 17:17:56,229 - INFO - Beginning optimization with guess, [1.42676047].
2024-05-30 17:17:57,005 - INFO - Finished optimization with guess, [1.42676047].
2024-05-30 17:17:57,005 - INFO - Best fit parameters: [1.42676047].
2024-05-30 17:17:57,035 - INFO - Maximum log composite likelihood: -79.6252008003.
2024-05-30 17:17:57,036 - INFO - Optimal value of theta: 8701.24298481.
2024-05-30 17:17:57,036 - INFO - Beginning optimization with guess, [1.51709387].
2024-05-30 17:17:57,812 - INFO - Finished optimization with guess, [1.51709387].
2024-05-30 17:17:57,813 - INFO - Best fit parameters: [1.51709387].
2024-05-30 17:17:57,843 - INFO - Maximum log composite likelihood: -79.6252008003.
2024-05-30 17:17:57,843 - INFO - Optimal value of theta: 8701.24298481.
2024-05-30 17:17:57,843 - INFO - Beginning optimization with guess, [2.1430107].
2024-05-30 17:17:58,704 - INFO - Finished optimization with guess, [2.1430107].
2024-05-30 17:17:58,704 - INFO - Best fit parameters: [2.1430107].
2024-05-30 17:17:58,734 - INFO - Maximum log composite likelihood: -79.6252008003.
2024-05-30 17:17:58,735 - INFO - Optimal value of theta: 8701.24298481.
2024-05-30 17:17:58,735 - INFO - Beginning optimization with guess, [3.65903897].
2024-05-30 17:17:59,686 - INFO - Finished optimization with guess, [3.65903897].
2024-05-30 17:17:59,687 - INFO - Best fit parameters: [3.65903897].
2024-05-30 17:17:59,719 - INFO - Maximum log composite likelihood: -79.6252008003.
2024-05-30 17:17:59,720 - INFO - Optimal value of theta: 8701.24298481.
2024-05-30 17:17:59,720 - INFO - Beginning optimization with guess, [4.89522258].
2024-05-30 17:18:00,672 - INFO - Finished optimization with guess, [4.89522258].
2024-05-30 17:18:00,672 - INFO - Best fit parameters: [4.89522258].
2024-05-30 17:18:00,702 - INFO - Maximum log composite likelihood: -79.6252008003.
2024-05-30 17:18:00,702 - INFO - Optimal value of theta: 8701.24298481.
2024-05-30 17:18:00,703 - INFO - Beginning optimization with guess, [4.85278968].
2024-05-30 17:18:01,650 - INFO - Finished optimization with guess, [4.85278968].
2024-05-30 17:18:01,650 - INFO - Best fit parameters: [4.85278968].
2024-05-30 17:18:01,680 - INFO - Maximum log composite likelihood: -79.6252008003.
2024-05-30 17:18:01,681 - INFO - Optimal value of theta: 8701.24298481.
2024-05-30 17:18:01,681 - INFO - Beginning optimization with guess, [1.8587614].
2024-05-30 17:18:02,592 - INFO - Finished optimization with guess, [1.8587614].
2024-05-30 17:18:02,593 - INFO - Best fit parameters: [1.8587614].
2024-05-30 17:18:02,623 - INFO - Maximum log composite likelihood: -79.6252008003.
2024-05-30 17:18:02,623 - INFO - Optimal value of theta: 8701.24298481.
2024-05-30 17:18:02,624 - INFO - Beginning optimization with guess, [1.96370684].
2024-05-30 17:18:03,494 - INFO - Finished optimization with guess, [1.96370684].
2024-05-30 17:18:03,494 - INFO - Best fit parameters: [1.96370684].
2024-05-30 17:18:03,525 - INFO - Maximum log composite likelihood: -79.6252008003.
2024-05-30 17:18:03,525 - INFO - Optimal value of theta: 8701.24298481.
2024-05-30 17:18:03,525 - INFO - Beginning optimization with guess, [2.85007177].
2024-05-30 17:18:04,483 - INFO - Finished optimization with guess, [2.85007177].
2024-05-30 17:18:04,483 - INFO - Best fit parameters: [2.85007177].
2024-05-30 17:18:04,514 - INFO - Maximum log composite likelihood: -79.6252008003.
2024-05-30 17:18:04,514 - INFO - Optimal value of theta: 8701.24298481.
2024-05-30 17:18:04,514 - INFO - Beginning optimization with guess, [6.75851816].
2024-05-30 17:18:05,506 - INFO - Finished optimization with guess, [6.75851816].
2024-05-30 17:18:05,507 - INFO - Best fit parameters: [6.75851816].
2024-05-30 17:18:05,542 - INFO - Maximum log composite likelihood: -79.6252008003.
2024-05-30 17:18:05,542 - INFO - Optimal value of theta: 8701.24298481.
2024-05-30 17:18:05,542 - INFO - Beginning optimization with guess, [4.30010507].
2024-05-30 17:18:06,546 - INFO - Finished optimization with guess, [4.30010507].
2024-05-30 17:18:06,547 - INFO - Best fit parameters: [4.30010507].
2024-05-30 17:18:06,578 - INFO - Maximum log composite likelihood: -79.6252008003.
2024-05-30 17:18:06,579 - INFO - Optimal value of theta: 8701.24298481.
2024-05-30 17:18:06,579 - INFO - Beginning optimization with guess, [4.84847695].
2024-05-30 17:18:07,548 - INFO - Finished optimization with guess, [4.84847695].
2024-05-30 17:18:07,549 - INFO - Best fit parameters: [4.84847695].
2024-05-30 17:18:07,579 - INFO - Maximum log composite likelihood: -79.6252008003.
2024-05-30 17:18:07,579 - INFO - Optimal value of theta: 8701.24298481.
2024-05-30 17:18:07,580 - INFO - Beginning optimization with guess, [4.84472256].
2024-05-30 17:18:08,532 - INFO - Finished optimization with guess, [4.84472256].
2024-05-30 17:18:08,532 - INFO - Best fit parameters: [4.84472256].
2024-05-30 17:18:08,562 - INFO - Maximum log composite likelihood: -79.6252008003.
2024-05-30 17:18:08,563 - INFO - Optimal value of theta: 8701.24298481.
2024-05-30 17:18:08,566 - INFO - Beginning demographic inference for two-epoch demographic model.
2024-05-30 17:18:08,569 - INFO - Beginning optimization with guess, [0.11415531 0.00583247].
2024-05-30 17:18:10,139 - INFO - Finished optimization with guess, [0.11415531 0.00583247].
2024-05-30 17:18:10,140 - INFO - Best fit parameters: [0.68102564 0.05330295].
2024-05-30 17:18:10,172 - INFO - Maximum log composite likelihood: -55.576367589.
2024-05-30 17:18:10,173 - INFO - Optimal value of theta: 9103.05137513.
2024-05-30 17:18:10,173 - INFO - Beginning optimization with guess, [0.39736799 0.00820781].
2024-05-30 17:18:11,927 - INFO - Finished optimization with guess, [0.39736799 0.00820781].
2024-05-30 17:18:11,928 - INFO - Best fit parameters: [0.76763264 0.43375151].
2024-05-30 17:18:11,974 - INFO - Maximum log composite likelihood: -41.9173970223.
2024-05-30 17:18:11,975 - INFO - Optimal value of theta: 9921.78412855.
2024-05-30 17:18:11,975 - INFO - Beginning optimization with guess, [0.37583768 0.01604227].
2024-05-30 17:18:13,488 - INFO - Finished optimization with guess, [0.37583768 0.01604227].
2024-05-30 17:18:13,488 - INFO - Best fit parameters: [0.75682497 0.0719951 ].
2024-05-30 17:18:13,522 - INFO - Maximum log composite likelihood: -53.6596279088.
2024-05-30 17:18:13,522 - INFO - Optimal value of theta: 9058.33785323.
2024-05-30 17:18:13,522 - INFO - Beginning optimization with guess, [0.64931376 0.0081193 ].
2024-05-30 17:18:15,157 - INFO - Finished optimization with guess, [0.64931376 0.0081193 ].
2024-05-30 17:18:15,157 - INFO - Best fit parameters: [0.80144216 0.53995555].
2024-05-30 17:18:15,203 - INFO - Maximum log composite likelihood: -42.6381846978.
2024-05-30 17:18:15,204 - INFO - Optimal value of theta: 9833.27755648.
2024-05-30 17:18:15,204 - INFO - Beginning optimization with guess, [0.28474409 0.01334117].
2024-05-30 17:18:16,712 - INFO - Finished optimization with guess, [0.28474409 0.01334117].
2024-05-30 17:18:16,714 - INFO - Best fit parameters: [0.7872729  0.33132641].
2024-05-30 17:18:16,757 - INFO - Maximum log composite likelihood: -42.7726173927.
2024-05-30 17:18:16,758 - INFO - Optimal value of theta: 9622.46104493.
2024-05-30 17:18:16,758 - INFO - Beginning optimization with guess, [0.97167009 0.01740557].
2024-05-30 17:18:18,789 - INFO - Finished optimization with guess, [0.97167009 0.01740557].
2024-05-30 17:18:18,789 - INFO - Best fit parameters: [0.94067265 0.46787413].
2024-05-30 17:18:18,831 - INFO - Maximum log composite likelihood: -62.7706210066.
2024-05-30 17:18:18,832 - INFO - Optimal value of theta: 8964.07745198.
2024-05-30 17:18:18,832 - INFO - Beginning optimization with guess, [0.39728365 0.00622849].
2024-05-30 17:18:20,380 - INFO - Finished optimization with guess, [0.39728365 0.00622849].
2024-05-30 17:18:20,381 - INFO - Best fit parameters: [0.83006669 0.12883865].
2024-05-30 17:18:20,415 - INFO - Maximum log composite likelihood: -51.1348128169.
2024-05-30 17:18:20,415 - INFO - Optimal value of theta: 9064.10512896.
2024-05-30 17:18:20,415 - INFO - Beginning optimization with guess, [0.8906725  0.01277857].
2024-05-30 17:18:22,590 - INFO - Finished optimization with guess, [0.8906725  0.01277857].
2024-05-30 17:18:22,591 - INFO - Best fit parameters: [0.73502271 0.61814957].
2024-05-30 17:18:22,658 - INFO - Maximum log composite likelihood: -41.1676940994.
2024-05-30 17:18:22,658 - INFO - Optimal value of theta: 10497.4493704.
2024-05-30 17:18:22,659 - INFO - Beginning optimization with guess, [1.56056225 0.01644788].
2024-05-30 17:18:25,143 - INFO - Finished optimization with guess, [1.56056225 0.01644788].
2024-05-30 17:18:25,144 - INFO - Best fit parameters: [0.73328018 0.66333005].
2024-05-30 17:18:25,195 - INFO - Maximum log composite likelihood: -41.1764337003.
2024-05-30 17:18:25,195 - INFO - Optimal value of theta: 10586.9624788.
2024-05-30 17:18:25,196 - INFO - Beginning optimization with guess, [1.00380854 0.00764472].
2024-05-30 17:18:30,265 - INFO - Finished optimization with guess, [1.00380854 0.00764472].
2024-05-30 17:18:30,267 - INFO - Best fit parameters: [0.98302897 0.33982429].
2024-05-30 17:18:30,308 - INFO - Maximum log composite likelihood: -74.2109055647.
2024-05-30 17:18:30,309 - INFO - Optimal value of theta: 8760.85549413.
2024-05-30 17:18:30,309 - INFO - Beginning optimization with guess, [1.97177867 0.00905635].
2024-05-30 17:18:33,089 - INFO - Finished optimization with guess, [1.97177867 0.00905635].
2024-05-30 17:18:33,090 - INFO - Best fit parameters: [0.77813367 0.51909873].
2024-05-30 17:18:33,136 - INFO - Maximum log composite likelihood: -41.5916009301.
2024-05-30 17:18:33,136 - INFO - Optimal value of theta: 9978.46192986.
2024-05-30 17:18:33,136 - INFO - Beginning optimization with guess, [2.19131202 0.01326516].
2024-05-30 17:18:35,843 - INFO - Finished optimization with guess, [2.19131202 0.01326516].
2024-05-30 17:18:35,844 - INFO - Best fit parameters: [0.7369196 0.6333425].
2024-05-30 17:18:35,894 - INFO - Maximum log composite likelihood: -41.1642801223.
2024-05-30 17:18:35,894 - INFO - Optimal value of theta: 10503.7757778.
2024-05-30 17:18:35,895 - INFO - Beginning optimization with guess, [1.61532486 0.00908397].
2024-05-30 17:18:44,944 - INFO - Finished optimization with guess, [1.61532486 0.00908397].
2024-05-30 17:18:44,945 - INFO - Best fit parameters: [0.73665186 0.64743935].
2024-05-30 17:18:44,998 - INFO - Maximum log composite likelihood: -41.1782123013.
2024-05-30 17:18:44,999 - INFO - Optimal value of theta: 10528.6508744.
2024-05-30 17:18:44,999 - INFO - Beginning optimization with guess, [1.21400973 0.0075968 ].
2024-05-30 17:18:50,282 - INFO - Finished optimization with guess, [1.21400973 0.0075968 ].
2024-05-30 17:18:50,282 - INFO - Best fit parameters: [0.77873039 0.41442164].
2024-05-30 17:18:50,325 - INFO - Maximum log composite likelihood: -41.946689561.
2024-05-30 17:18:50,326 - INFO - Optimal value of theta: 9814.71468779.
2024-05-30 17:18:50,326 - INFO - Beginning optimization with guess, [2.42652764 0.00699505].
2024-05-30 17:18:52,745 - INFO - Finished optimization with guess, [2.42652764 0.00699505].
2024-05-30 17:18:52,746 - INFO - Best fit parameters: [0.69877962 0.69810796].
2024-05-30 17:18:52,799 - INFO - Maximum log composite likelihood: -41.0949057024.
2024-05-30 17:18:52,800 - INFO - Optimal value of theta: 11017.4430077.
2024-05-30 17:18:52,800 - INFO - Beginning optimization with guess, [3.67778624 0.01115254].
2024-05-30 17:18:54,787 - INFO - Finished optimization with guess, [3.67778624 0.01115254].
2024-05-30 17:18:54,788 - INFO - Best fit parameters: [0.7381782  0.60253699].
2024-05-30 17:18:54,837 - INFO - Maximum log composite likelihood: -41.196847038.
2024-05-30 17:18:54,838 - INFO - Optimal value of theta: 10442.1009266.
2024-05-30 17:18:54,838 - INFO - Beginning optimization with guess, [2.22544503 0.00696781].
2024-05-30 17:18:57,887 - INFO - Finished optimization with guess, [2.22544503 0.00696781].
2024-05-30 17:18:57,887 - INFO - Best fit parameters: [0.79871699 0.38949806].
2024-05-30 17:18:57,929 - INFO - Maximum log composite likelihood: -42.2752689325.
2024-05-30 17:18:57,929 - INFO - Optimal value of theta: 9650.93137443.
2024-05-30 17:18:57,930 - INFO - Beginning optimization with guess, [5.19050255 0.00738116].
2024-05-30 17:19:00,056 - INFO - Finished optimization with guess, [5.19050255 0.00738116].
2024-05-30 17:19:00,057 - INFO - Best fit parameters: [0.76622235 0.58517981].
2024-05-30 17:19:00,107 - INFO - Maximum log composite likelihood: -41.4890330439.
2024-05-30 17:19:00,107 - INFO - Optimal value of theta: 10167.3635979.
2024-05-30 17:19:00,108 - INFO - Beginning optimization with guess, [1.85387519 0.00584561].
2024-05-30 17:19:03,376 - INFO - Finished optimization with guess, [1.85387519 0.00584561].
2024-05-30 17:19:03,376 - INFO - Best fit parameters: [0.76575084 0.55570907].
2024-05-30 17:19:03,423 - INFO - Maximum log composite likelihood: -41.4030098482.
2024-05-30 17:19:03,424 - INFO - Optimal value of theta: 10128.7379972.
2024-05-30 17:19:03,424 - INFO - Beginning optimization with guess, [5.20769852 0.01072974].
2024-05-30 17:19:06,489 - INFO - Finished optimization with guess, [5.20769852 0.01072974].
2024-05-30 17:19:06,490 - INFO - Best fit parameters: [0.62869985 0.86174488].
2024-05-30 17:19:06,553 - INFO - Maximum log composite likelihood: -40.9977008613.
2024-05-30 17:19:06,554 - INFO - Optimal value of theta: 12324.4682191.
2024-05-30 17:19:06,554 - INFO - Beginning optimization with guess, [6.55895747 0.0107815 ].
2024-05-30 17:19:09,734 - INFO - Finished optimization with guess, [6.55895747 0.0107815 ].
2024-05-30 17:19:09,734 - INFO - Best fit parameters: [0.60049803 0.87317336].
2024-05-30 17:19:09,797 - INFO - Maximum log composite likelihood: -40.9925091303.
2024-05-30 17:19:09,798 - INFO - Optimal value of theta: 12851.9917205.
2024-05-30 17:19:09,798 - INFO - Beginning optimization with guess, [5.50880596 0.00658017].
2024-05-30 17:19:11,957 - INFO - Finished optimization with guess, [5.50880596 0.00658017].
2024-05-30 17:19:11,958 - INFO - Best fit parameters: [0.75888389 0.57788801].
2024-05-30 17:19:12,006 - INFO - Maximum log composite likelihood: -41.3290093335.
2024-05-30 17:19:12,006 - INFO - Optimal value of theta: 10218.9115009.
2024-05-30 17:19:12,007 - INFO - Beginning optimization with guess, [7.81439714 0.01912134].
2024-05-30 17:19:13,553 - INFO - Finished optimization with guess, [7.81439714 0.01912134].
2024-05-30 17:19:13,553 - INFO - Best fit parameters: [5.69548097e-04 7.51583525e-06].
2024-05-30 17:19:13,585 - INFO - Maximum log composite likelihood: -62.1973445765.
2024-05-30 17:19:13,585 - INFO - Optimal value of theta: 8947.85370922.
2024-05-30 17:19:13,585 - INFO - Beginning optimization with guess, [5.20149039 0.00702412].
2024-05-30 17:19:15,728 - INFO - Finished optimization with guess, [5.20149039 0.00702412].
2024-05-30 17:19:15,728 - INFO - Best fit parameters: [0.7659604  0.58202131].
2024-05-30 17:19:15,776 - INFO - Maximum log composite likelihood: -41.4708874941.
2024-05-30 17:19:15,777 - INFO - Optimal value of theta: 10165.0790625.
2024-05-30 17:19:15,780 - INFO - Beginning demographic inference for three-epoch demographic model.
2024-05-30 17:19:15,784 - INFO - Beginning optimization with guess, [0.0172389  0.00650439 0.00894436 0.01053098].
2024-05-30 17:19:25,925 - INFO - Finished optimization with guess, [0.0172389  0.00650439 0.00894436 0.01053098].
2024-05-30 17:19:25,926 - INFO - Best fit parameters: [0.01405873 0.00391797 0.00725936 0.02688456].
2024-05-30 17:19:26,124 - INFO - Maximum log composite likelihood: -41.083324652.
2024-05-30 17:19:26,125 - INFO - Optimal value of theta: 1960710.30333.
2024-05-30 17:19:26,125 - INFO - Beginning optimization with guess, [0.01101073 0.01018272 0.00784966 0.01004756].
2024-05-30 17:19:35,415 - INFO - Finished optimization with guess, [0.01101073 0.01018272 0.00784966 0.01004756].
2024-05-30 17:19:35,416 - INFO - Best fit parameters: [0.005802   0.00570071 0.0058338  0.03471905].
2024-05-30 17:19:35,620 - INFO - Maximum log composite likelihood: -41.0279347639.
2024-05-30 17:19:35,620 - INFO - Optimal value of theta: 1362977.18975.
2024-05-30 17:19:35,621 - INFO - Beginning optimization with guess, [0.02345998 0.02378856 0.00581666 0.01216809].
2024-05-30 17:19:37,188 - INFO - Finished optimization with guess, [0.02345998 0.02378856 0.00581666 0.01216809].
2024-05-30 17:19:37,188 - INFO - Best fit parameters: [2.72511852e-02 5.30174278e-01 3.70873553e-04 1.62947456e-03].
2024-05-30 17:19:37,220 - INFO - Maximum log composite likelihood: -61.7161125404.
2024-05-30 17:19:37,220 - INFO - Optimal value of theta: 8972.62868146.
2024-05-30 17:19:37,221 - INFO - Beginning optimization with guess, [0.04365766 0.06555656 0.01819767 0.00743169].
2024-05-30 17:19:38,761 - INFO - Finished optimization with guess, [0.04365766 0.06555656 0.01819767 0.00743169].
2024-05-30 17:19:38,761 - INFO - Best fit parameters: [9.92195333e-01 5.98935124e-02 1.93193176e-03 8.43570434e-04].
2024-05-30 17:19:38,793 - INFO - Maximum log composite likelihood: -62.0784229621.
2024-05-30 17:19:38,793 - INFO - Optimal value of theta: 8948.49519168.
2024-05-30 17:19:38,794 - INFO - Beginning optimization with guess, [0.04414651 0.06382395 0.01801743 0.01105721].
2024-05-30 17:19:40,359 - INFO - Finished optimization with guess, [0.04414651 0.06382395 0.01801743 0.01105721].
2024-05-30 17:19:40,359 - INFO - Best fit parameters: [0.13317555 0.454771   0.00145231 0.00404381].
2024-05-30 17:19:40,391 - INFO - Maximum log composite likelihood: -61.0496897483.
2024-05-30 17:19:40,392 - INFO - Optimal value of theta: 8962.33949003.
2024-05-30 17:19:40,392 - INFO - Beginning optimization with guess, [0.35279092 0.77824079 0.00669697 0.01070198].
2024-05-30 17:19:42,481 - INFO - Finished optimization with guess, [0.35279092 0.77824079 0.00669697 0.01070198].
2024-05-30 17:19:42,481 - INFO - Best fit parameters: [0.22351109 0.71904154 0.00640782 0.5740011 ].
2024-05-30 17:19:42,531 - INFO - Maximum log composite likelihood: -41.198799635.
2024-05-30 17:19:42,532 - INFO - Optimal value of theta: 10679.7797131.
2024-05-30 17:19:42,532 - INFO - Beginning optimization with guess, [0.36024094 1.13905837 0.01281546 0.00701035].
2024-05-30 17:19:44,028 - INFO - Finished optimization with guess, [0.36024094 1.13905837 0.01281546 0.00701035].
2024-05-30 17:19:44,029 - INFO - Best fit parameters: [0.26845316 1.17855276 0.03053881 0.06656064].
2024-05-30 17:19:44,067 - INFO - Maximum log composite likelihood: -37.2033374762.
2024-05-30 17:19:44,067 - INFO - Optimal value of theta: 9546.72676885.
2024-05-30 17:19:44,068 - INFO - Beginning optimization with guess, [1.19456019 0.43716817 0.00946287 0.00560465].
2024-05-30 17:19:45,540 - INFO - Finished optimization with guess, [1.19456019 0.43716817 0.00946287 0.00560465].
2024-05-30 17:19:45,541 - INFO - Best fit parameters: [1.19929345 0.42760243 0.00507079 0.012118  ].
2024-05-30 17:19:45,573 - INFO - Maximum log composite likelihood: -60.5459921965.
2024-05-30 17:19:45,574 - INFO - Optimal value of theta: 8978.83370824.
2024-05-30 17:19:45,574 - INFO - Beginning optimization with guess, [0.62871236 1.75973712 0.01280714 0.01140171].
2024-05-30 17:19:47,042 - INFO - Finished optimization with guess, [0.62871236 1.75973712 0.01280714 0.01140171].
2024-05-30 17:19:47,042 - INFO - Best fit parameters: [0.55615406 1.94742945 0.08995172 0.02960343].
2024-05-30 17:19:47,078 - INFO - Maximum log composite likelihood: -38.541239193.
2024-05-30 17:19:47,079 - INFO - Optimal value of theta: 9365.52821676.
2024-05-30 17:19:47,079 - INFO - Beginning optimization with guess, [0.50718551 1.51908951 0.0167317  0.00837689].
2024-05-30 17:19:48,610 - INFO - Finished optimization with guess, [0.50718551 1.51908951 0.0167317  0.00837689].
2024-05-30 17:19:48,610 - INFO - Best fit parameters: [0.44209913 1.68507174 0.07330233 0.04151546].
2024-05-30 17:19:48,646 - INFO - Maximum log composite likelihood: -36.9945544593.
2024-05-30 17:19:48,647 - INFO - Optimal value of theta: 9562.83164144.
2024-05-30 17:19:48,647 - INFO - Beginning optimization with guess, [1.15223875 2.11384709 0.006233   0.00699195].
2024-05-30 17:19:49,973 - INFO - Finished optimization with guess, [1.15223875 2.11384709 0.006233   0.00699195].
2024-05-30 17:19:49,974 - INFO - Best fit parameters: [8.95979533e-01 7.80185032e-01 8.20176150e-02 3.41239739e-08].
2024-05-30 17:19:50,007 - INFO - Maximum log composite likelihood: -63.5482620489.
2024-05-30 17:19:50,007 - INFO - Optimal value of theta: 8845.88362964.
2024-05-30 17:19:50,008 - INFO - Beginning optimization with guess, [0.98075335 0.98599467 0.01342626 0.01698513].
2024-05-30 17:19:51,858 - INFO - Finished optimization with guess, [0.98075335 0.98599467 0.01342626 0.01698513].
2024-05-30 17:19:51,859 - INFO - Best fit parameters: [0.97066679 0.98190617 0.32288144 0.01337497].
2024-05-30 17:19:51,898 - INFO - Maximum log composite likelihood: -70.8463491945.
2024-05-30 17:19:51,899 - INFO - Optimal value of theta: 8802.05358921.
2024-05-30 17:19:51,899 - INFO - Beginning optimization with guess, [1.06110972 1.47969177 0.00723023 0.00691462].
2024-05-30 17:19:53,319 - INFO - Finished optimization with guess, [1.06110972 1.47969177 0.00723023 0.00691462].
2024-05-30 17:19:53,319 - INFO - Best fit parameters: [9.86385065e-01 8.42531311e-01 1.07537822e-04 1.47105877e-06].
2024-05-30 17:19:53,351 - INFO - Maximum log composite likelihood: -79.6202169808.
2024-05-30 17:19:53,351 - INFO - Optimal value of theta: 8701.27694269.
2024-05-30 17:19:53,352 - INFO - Beginning optimization with guess, [1.53359243 1.71470992 0.00929322 0.00574639].
2024-05-30 17:19:54,771 - INFO - Finished optimization with guess, [1.53359243 1.71470992 0.00929322 0.00574639].
2024-05-30 17:19:54,772 - INFO - Best fit parameters: [9.36132467e-01 3.16725174e+00 3.88885314e-02 2.77089216e-04].
2024-05-30 17:19:54,805 - INFO - Maximum log composite likelihood: -74.1169204022.
2024-05-30 17:19:54,805 - INFO - Optimal value of theta: 8742.38036281.
2024-05-30 17:19:54,805 - INFO - Beginning optimization with guess, [1.23944949 2.55833131 0.00845907 0.01897339].
2024-05-30 17:19:56,218 - INFO - Finished optimization with guess, [1.23944949 2.55833131 0.00845907 0.01897339].
2024-05-30 17:19:56,219 - INFO - Best fit parameters: [1.16398074e+00 3.28955941e-07 9.84442084e-18 4.99365594e-47].
2024-05-30 17:19:56,250 - INFO - Maximum log composite likelihood: -79.6252008003.
2024-05-30 17:19:56,250 - INFO - Optimal value of theta: 8701.24298481.
2024-05-30 17:19:56,251 - INFO - Beginning optimization with guess, [1.61457843 4.03935167 0.00928746 0.00943949].
2024-05-30 17:19:57,696 - INFO - Finished optimization with guess, [1.61457843 4.03935167 0.00928746 0.00943949].
2024-05-30 17:19:57,697 - INFO - Best fit parameters: [8.01996812e-01 2.19995428e+00 2.29797735e-04 3.49324529e-05].
2024-05-30 17:19:57,729 - INFO - Maximum log composite likelihood: -79.5203273087.
2024-05-30 17:19:57,729 - INFO - Optimal value of theta: 8701.95875364.
2024-05-30 17:19:57,729 - INFO - Beginning optimization with guess, [3.44028033 4.70280907 0.00651244 0.01325958].
2024-05-30 17:19:59,161 - INFO - Finished optimization with guess, [3.44028033 4.70280907 0.00651244 0.01325958].
2024-05-30 17:19:59,162 - INFO - Best fit parameters: [5.76958812e-01 2.80823835e+00 2.14979030e-04 8.75209765e-05].
2024-05-30 17:19:59,196 - INFO - Maximum log composite likelihood: -79.3434801104.
2024-05-30 17:19:59,196 - INFO - Optimal value of theta: 8703.17130794.
2024-05-30 17:19:59,196 - INFO - Beginning optimization with guess, [2.0412536  1.79315054 0.01255203 0.00505694].
2024-05-30 17:20:00,576 - INFO - Finished optimization with guess, [2.0412536  1.79315054 0.01255203 0.00505694].
2024-05-30 17:20:00,576 - INFO - Best fit parameters: [1.55033025e+00 8.74406218e-01 6.92257928e-05 1.33322825e-03].
2024-05-30 17:20:00,607 - INFO - Maximum log composite likelihood: -79.1638967416.
2024-05-30 17:20:00,607 - INFO - Optimal value of theta: 8704.4102357.
2024-05-30 17:20:00,608 - INFO - Beginning optimization with guess, [1.71263144 4.2357521  0.01039646 0.01277515].
2024-05-30 17:20:02,022 - INFO - Finished optimization with guess, [1.71263144 4.2357521  0.01039646 0.01277515].
2024-05-30 17:20:02,023 - INFO - Best fit parameters: [7.38190585e-01 1.86945910e+00 1.51445267e-04 4.34867074e-05].
2024-05-30 17:20:02,054 - INFO - Maximum log composite likelihood: -79.5317876846.
2024-05-30 17:20:02,055 - INFO - Optimal value of theta: 8701.88040685.
2024-05-30 17:20:02,055 - INFO - Beginning optimization with guess, [2.13674908 4.31692092 0.00555628 0.00757308].
2024-05-30 17:20:03,469 - INFO - Finished optimization with guess, [2.13674908 4.31692092 0.00555628 0.00757308].
2024-05-30 17:20:03,469 - INFO - Best fit parameters: [7.51219248e-01 3.16737535e+00 1.94147915e-04 3.38134945e-05].
2024-05-30 17:20:03,501 - INFO - Maximum log composite likelihood: -79.5111689046.
2024-05-30 17:20:03,501 - INFO - Optimal value of theta: 8702.02137109.
2024-05-30 17:20:03,502 - INFO - Beginning optimization with guess, [4.91551722 2.31006795 0.01009407 0.00506266].
2024-05-30 17:20:04,854 - INFO - Finished optimization with guess, [4.91551722 2.31006795 0.01009407 0.00506266].
2024-05-30 17:20:04,855 - INFO - Best fit parameters: [2.04291046e+00 8.10459748e-01 3.24354342e-05 2.55262192e-04].
2024-05-30 17:20:04,886 - INFO - Maximum log composite likelihood: -79.5043775595.
2024-05-30 17:20:04,887 - INFO - Optimal value of theta: 8702.06780611.
2024-05-30 17:20:04,887 - INFO - Beginning optimization with guess, [2.59919557 3.20238473 0.01188129 0.01269608].
2024-05-30 17:20:06,370 - INFO - Finished optimization with guess, [2.59919557 3.20238473 0.01188129 0.01269608].
2024-05-30 17:20:06,371 - INFO - Best fit parameters: [3.86293350e+00 7.45401824e-01 7.71911459e-05 4.14545437e-02].
2024-05-30 17:20:06,403 - INFO - Maximum log composite likelihood: -58.6249828662.
2024-05-30 17:20:06,404 - INFO - Optimal value of theta: 8936.3049674.
2024-05-30 17:20:06,404 - INFO - Beginning optimization with guess, [3.67124583 3.10760635 0.00905367 0.01288886].
2024-05-30 17:20:07,891 - INFO - Finished optimization with guess, [3.67124583 3.10760635 0.00905367 0.01288886].
2024-05-30 17:20:07,892 - INFO - Best fit parameters: [6.29654451e+00 7.51076830e-01 4.31932112e-05 4.19124977e-02].
2024-05-30 17:20:07,924 - INFO - Maximum log composite likelihood: -58.7730936891.
2024-05-30 17:20:07,925 - INFO - Optimal value of theta: 8931.91049221.
2024-05-30 17:20:07,925 - INFO - Beginning optimization with guess, [6.52337109e+00 7.99262072e+00 7.73081376e-03 6.68794670e-03].
2024-05-30 17:20:09,339 - INFO - Finished optimization with guess, [6.52337109e+00 7.99262072e+00 7.73081376e-03 6.68794670e-03].
2024-05-30 17:20:09,339 - INFO - Best fit parameters: [1.99819095e-01 8.76729919e+00 1.74701663e-03 2.43259115e-05].
2024-05-30 17:20:09,371 - INFO - Maximum log composite likelihood: -65.8946060021.
2024-05-30 17:20:09,372 - INFO - Optimal value of theta: 8831.64483199.
2024-05-30 17:20:09,375 - INFO - Finished demographic inference.
2024-05-30 17:20:09,375 - INFO - Pipeline executed succesfully.
