2022-07-14 15:10:33,207 - INFO - Beginning execution of compute_downsampled_sfs.py in directory /u/project/ngarud/jonmah/demo_for_ccgb/Scripts

2022-07-14 15:10:33,207 - INFO - Progress is being logged to ../Analysis/Akkermansia_muciniphila_55290_downsampled/log.log

2022-07-14 15:10:33,208 - INFO - Parsed the following arguments:
	outprefix = ../Analysis/Akkermansia_muciniphila_55290_downsampled/
	species = Akkermansia_muciniphila_55290
	sample_size = 20

2022-07-14 15:12:45,822 - INFO - Beginning demographic inference for one-epoch demographic model.
2022-07-14 15:12:45,825 - INFO - Beginning optimization with guess, [0.15855089].
2022-07-14 15:12:46,221 - INFO - Finished optimization with guess, [0.15855089].
2022-07-14 15:12:46,221 - INFO - Best fit parameters: [0.15855089].
2022-07-14 15:12:46,259 - INFO - Maximum log composite likelihood: -244.208927048.
2022-07-14 15:12:46,259 - INFO - Optimal value of theta: 6886.9427565.
2022-07-14 15:12:46,259 - INFO - Beginning optimization with guess, [0.11743056].
2022-07-14 15:12:46,356 - INFO - Finished optimization with guess, [0.11743056].
2022-07-14 15:12:46,356 - INFO - Best fit parameters: [0.11743056].
2022-07-14 15:12:46,412 - INFO - Maximum log composite likelihood: -244.208927048.
2022-07-14 15:12:46,413 - INFO - Optimal value of theta: 6886.9427565.
2022-07-14 15:12:46,413 - INFO - Beginning optimization with guess, [0.58154118].
2022-07-14 15:12:46,501 - INFO - Finished optimization with guess, [0.58154118].
2022-07-14 15:12:46,502 - INFO - Best fit parameters: [0.58154118].
2022-07-14 15:12:46,540 - INFO - Maximum log composite likelihood: -244.208927048.
2022-07-14 15:12:46,540 - INFO - Optimal value of theta: 6886.9427565.
2022-07-14 15:12:46,540 - INFO - Beginning optimization with guess, [0.25256866].
2022-07-14 15:12:46,615 - INFO - Finished optimization with guess, [0.25256866].
2022-07-14 15:12:46,616 - INFO - Best fit parameters: [0.25256866].
2022-07-14 15:12:46,654 - INFO - Maximum log composite likelihood: -244.208927048.
2022-07-14 15:12:46,654 - INFO - Optimal value of theta: 6886.9427565.
2022-07-14 15:12:46,654 - INFO - Beginning optimization with guess, [0.62923643].
2022-07-14 15:12:46,744 - INFO - Finished optimization with guess, [0.62923643].
2022-07-14 15:12:46,745 - INFO - Best fit parameters: [0.62923643].
2022-07-14 15:12:46,829 - INFO - Maximum log composite likelihood: -244.208927048.
2022-07-14 15:12:46,830 - INFO - Optimal value of theta: 6886.9427565.
2022-07-14 15:12:46,830 - INFO - Beginning optimization with guess, [0.81164054].
2022-07-14 15:12:46,937 - INFO - Finished optimization with guess, [0.81164054].
2022-07-14 15:12:46,937 - INFO - Best fit parameters: [0.81164054].
2022-07-14 15:12:46,979 - INFO - Maximum log composite likelihood: -244.208927048.
2022-07-14 15:12:46,979 - INFO - Optimal value of theta: 6886.9427565.
2022-07-14 15:12:46,979 - INFO - Beginning optimization with guess, [0.72171257].
2022-07-14 15:12:47,055 - INFO - Finished optimization with guess, [0.72171257].
2022-07-14 15:12:47,055 - INFO - Best fit parameters: [0.72171257].
2022-07-14 15:12:47,092 - INFO - Maximum log composite likelihood: -244.208927048.
2022-07-14 15:12:47,093 - INFO - Optimal value of theta: 6886.9427565.
2022-07-14 15:12:47,093 - INFO - Beginning optimization with guess, [1.13290487].
2022-07-14 15:12:47,168 - INFO - Finished optimization with guess, [1.13290487].
2022-07-14 15:12:47,168 - INFO - Best fit parameters: [1.13290487].
2022-07-14 15:12:47,206 - INFO - Maximum log composite likelihood: -244.208927048.
2022-07-14 15:12:47,206 - INFO - Optimal value of theta: 6886.9427565.
2022-07-14 15:12:47,206 - INFO - Beginning optimization with guess, [1.66584609].
2022-07-14 15:12:47,281 - INFO - Finished optimization with guess, [1.66584609].
2022-07-14 15:12:47,281 - INFO - Best fit parameters: [1.66584609].
2022-07-14 15:12:47,318 - INFO - Maximum log composite likelihood: -244.208927048.
2022-07-14 15:12:47,318 - INFO - Optimal value of theta: 6886.9427565.
2022-07-14 15:12:47,318 - INFO - Beginning optimization with guess, [0.61111762].
2022-07-14 15:12:47,392 - INFO - Finished optimization with guess, [0.61111762].
2022-07-14 15:12:47,392 - INFO - Best fit parameters: [0.61111762].
2022-07-14 15:12:47,429 - INFO - Maximum log composite likelihood: -244.208927048.
2022-07-14 15:12:47,429 - INFO - Optimal value of theta: 6886.9427565.
2022-07-14 15:12:47,430 - INFO - Beginning optimization with guess, [1.24307264].
2022-07-14 15:12:47,503 - INFO - Finished optimization with guess, [1.24307264].
2022-07-14 15:12:47,504 - INFO - Best fit parameters: [1.24307264].
2022-07-14 15:12:47,540 - INFO - Maximum log composite likelihood: -244.208927048.
2022-07-14 15:12:47,541 - INFO - Optimal value of theta: 6886.9427565.
2022-07-14 15:12:47,541 - INFO - Beginning optimization with guess, [1.07943034].
2022-07-14 15:12:47,615 - INFO - Finished optimization with guess, [1.07943034].
2022-07-14 15:12:47,615 - INFO - Best fit parameters: [1.07943034].
2022-07-14 15:12:47,651 - INFO - Maximum log composite likelihood: -244.208927048.
2022-07-14 15:12:47,652 - INFO - Optimal value of theta: 6886.9427565.
2022-07-14 15:12:47,652 - INFO - Beginning optimization with guess, [1.53756769].
2022-07-14 15:12:47,726 - INFO - Finished optimization with guess, [1.53756769].
2022-07-14 15:12:47,726 - INFO - Best fit parameters: [1.53756769].
2022-07-14 15:12:47,763 - INFO - Maximum log composite likelihood: -244.208927048.
2022-07-14 15:12:47,763 - INFO - Optimal value of theta: 6886.9427565.
2022-07-14 15:12:47,763 - INFO - Beginning optimization with guess, [2.11219602].
2022-07-14 15:12:47,837 - INFO - Finished optimization with guess, [2.11219602].
2022-07-14 15:12:47,837 - INFO - Best fit parameters: [2.11219602].
2022-07-14 15:12:47,874 - INFO - Maximum log composite likelihood: -244.208927048.
2022-07-14 15:12:47,875 - INFO - Optimal value of theta: 6886.9427565.
2022-07-14 15:12:47,875 - INFO - Beginning optimization with guess, [4.25792245].
2022-07-14 15:12:47,952 - INFO - Finished optimization with guess, [4.25792245].
2022-07-14 15:12:47,953 - INFO - Best fit parameters: [4.25792245].
2022-07-14 15:12:47,990 - INFO - Maximum log composite likelihood: -244.208927048.
2022-07-14 15:12:47,990 - INFO - Optimal value of theta: 6886.9427565.
2022-07-14 15:12:47,990 - INFO - Beginning optimization with guess, [2.80544344].
2022-07-14 15:12:48,066 - INFO - Finished optimization with guess, [2.80544344].
2022-07-14 15:12:48,066 - INFO - Best fit parameters: [2.80544344].
2022-07-14 15:12:48,103 - INFO - Maximum log composite likelihood: -244.208927048.
2022-07-14 15:12:48,104 - INFO - Optimal value of theta: 6886.9427565.
2022-07-14 15:12:48,104 - INFO - Beginning optimization with guess, [2.51583507].
2022-07-14 15:12:48,180 - INFO - Finished optimization with guess, [2.51583507].
2022-07-14 15:12:48,180 - INFO - Best fit parameters: [2.51583507].
2022-07-14 15:12:48,217 - INFO - Maximum log composite likelihood: -244.208927048.
2022-07-14 15:12:48,218 - INFO - Optimal value of theta: 6886.9427565.
2022-07-14 15:12:48,218 - INFO - Beginning optimization with guess, [2.20745486].
2022-07-14 15:12:48,358 - INFO - Finished optimization with guess, [2.20745486].
2022-07-14 15:12:48,358 - INFO - Best fit parameters: [2.20745486].
2022-07-14 15:12:48,416 - INFO - Maximum log composite likelihood: -244.208927048.
2022-07-14 15:12:48,416 - INFO - Optimal value of theta: 6886.9427565.
2022-07-14 15:12:48,417 - INFO - Beginning optimization with guess, [5.06978855].
2022-07-14 15:12:48,505 - INFO - Finished optimization with guess, [5.06978855].
2022-07-14 15:12:48,505 - INFO - Best fit parameters: [5.06978855].
2022-07-14 15:12:48,543 - INFO - Maximum log composite likelihood: -244.208927048.
2022-07-14 15:12:48,543 - INFO - Optimal value of theta: 6886.9427565.
2022-07-14 15:12:48,544 - INFO - Beginning optimization with guess, [3.6545839].
2022-07-14 15:12:48,618 - INFO - Finished optimization with guess, [3.6545839].
2022-07-14 15:12:48,618 - INFO - Best fit parameters: [3.6545839].
2022-07-14 15:12:48,655 - INFO - Maximum log composite likelihood: -244.208927048.
2022-07-14 15:12:48,655 - INFO - Optimal value of theta: 6886.9427565.
2022-07-14 15:12:48,656 - INFO - Beginning optimization with guess, [5.90024607].
2022-07-14 15:12:48,730 - INFO - Finished optimization with guess, [5.90024607].
2022-07-14 15:12:48,730 - INFO - Best fit parameters: [5.90024607].
2022-07-14 15:12:48,767 - INFO - Maximum log composite likelihood: -244.208927048.
2022-07-14 15:12:48,767 - INFO - Optimal value of theta: 6886.9427565.
2022-07-14 15:12:48,768 - INFO - Beginning optimization with guess, [9.65302974].
2022-07-14 15:12:48,842 - INFO - Finished optimization with guess, [9.65302974].
2022-07-14 15:12:48,842 - INFO - Best fit parameters: [9.65302974].
2022-07-14 15:12:48,879 - INFO - Maximum log composite likelihood: -244.208927048.
2022-07-14 15:12:48,879 - INFO - Optimal value of theta: 6886.9427565.
2022-07-14 15:12:48,880 - INFO - Beginning optimization with guess, [7.76934483].
2022-07-14 15:12:48,954 - INFO - Finished optimization with guess, [7.76934483].
2022-07-14 15:12:48,954 - INFO - Best fit parameters: [7.76934483].
2022-07-14 15:12:48,991 - INFO - Maximum log composite likelihood: -244.208927048.
2022-07-14 15:12:48,992 - INFO - Optimal value of theta: 6886.9427565.
2022-07-14 15:12:48,992 - INFO - Beginning optimization with guess, [12.23666192].
2022-07-14 15:12:49,066 - INFO - Finished optimization with guess, [12.23666192].
2022-07-14 15:12:49,066 - INFO - Best fit parameters: [12.23666192].
2022-07-14 15:12:49,103 - INFO - Maximum log composite likelihood: -244.208927048.
2022-07-14 15:12:49,103 - INFO - Optimal value of theta: 6886.9427565.
2022-07-14 15:12:49,104 - INFO - Beginning optimization with guess, [4.30670303].
2022-07-14 15:12:49,177 - INFO - Finished optimization with guess, [4.30670303].
2022-07-14 15:12:49,178 - INFO - Best fit parameters: [4.30670303].
2022-07-14 15:12:49,215 - INFO - Maximum log composite likelihood: -244.208927048.
2022-07-14 15:12:49,215 - INFO - Optimal value of theta: 6886.9427565.
2022-07-14 15:12:49,218 - INFO - Beginning demographic inference for two-epoch demographic model.
2022-07-14 15:12:49,221 - INFO - Beginning optimization with guess, [1.74437834e-03 1.11057273e-05].
2022-07-14 15:12:53,326 - INFO - Finished optimization with guess, [1.74437834e-03 1.11057273e-05].
2022-07-14 15:12:53,327 - INFO - Best fit parameters: [3.49017364e-04 5.55772120e-05].
2022-07-14 15:12:53,368 - INFO - Maximum log composite likelihood: -46.7706060901.
2022-07-14 15:12:53,368 - INFO - Optimal value of theta: 7980.12265785.
2022-07-14 15:12:53,368 - INFO - Beginning optimization with guess, [5.66282324e-03 5.79362927e-06].
2022-07-14 15:12:57,881 - INFO - Finished optimization with guess, [5.66282324e-03 5.79362927e-06].
2022-07-14 15:12:57,882 - INFO - Best fit parameters: [4.53638186e-04 7.22496562e-05].
2022-07-14 15:12:57,922 - INFO - Maximum log composite likelihood: -46.7698295391.
2022-07-14 15:12:57,923 - INFO - Optimal value of theta: 7980.24451508.
2022-07-14 15:12:57,923 - INFO - Beginning optimization with guess, [2.37362741e-02 1.39979833e-05].
2022-07-14 15:13:01,318 - INFO - Finished optimization with guess, [2.37362741e-02 1.39979833e-05].
2022-07-14 15:13:01,318 - INFO - Best fit parameters: [0.00142476 0.0002272 ].
2022-07-14 15:13:01,358 - INFO - Maximum log composite likelihood: -46.7626217115.
2022-07-14 15:13:01,358 - INFO - Optimal value of theta: 7980.84424475.
2022-07-14 15:13:01,358 - INFO - Beginning optimization with guess, [2.09808504e-02 1.77148833e-05].
2022-07-14 16:12:48,404 - INFO - Finished optimization with guess, [2.09808504e-02 1.77148833e-05].
2022-07-14 16:12:48,426 - INFO - Best fit parameters: [0.00151194 0.00024117].
2022-07-14 16:12:48,525 - INFO - Maximum log composite likelihood: -46.7619753217.
2022-07-14 16:12:48,526 - INFO - Optimal value of theta: 7981.08818366.
2022-07-14 16:12:48,526 - INFO - Beginning optimization with guess, [3.83673945e-02 1.31376725e-05].
2022-07-14 16:12:51,856 - INFO - Finished optimization with guess, [3.83673945e-02 1.31376725e-05].
2022-07-14 16:12:51,856 - INFO - Best fit parameters: [0.00173099 0.00027616].
2022-07-14 16:12:51,896 - INFO - Maximum log composite likelihood: -46.7603481963.
2022-07-14 16:12:51,896 - INFO - Optimal value of theta: 7981.08437291.
2022-07-14 16:12:51,896 - INFO - Beginning optimization with guess, [6.69528142e-02 7.03370074e-06].
