2024-06-11 15:27:26,924 - INFO - Beginning execution of fit_one_epoch.py in directory /u/project/ngarud/jonmah/demo_for_ccgb/Scripts

2024-06-11 15:27:26,924 - INFO - Progress is being logged to ../SupplementaryAnalysis/Bacteroides_fragilis_54507/log.log

2024-06-11 15:27:26,924 - INFO - Parsed the following arguments:
	mask_doubletons = False
	syn_input_sfs = ../SupplementaryAnalysis/Bacteroides_fragilis_54507/core_empirical_syn_downsampled_sfs.txt
	mask_singletons = False
	outprefix = ../SupplementaryAnalysis/Bacteroides_fragilis_54507/

2024-06-11 15:27:26,942 - INFO - Beginning demographic inference for one-epoch demographic model.
2024-06-11 15:27:26,943 - INFO - Beginning optimization with guess, [0.0559585].
2024-06-11 15:27:27,876 - INFO - Finished optimization with guess, [0.0559585].
2024-06-11 15:27:27,876 - INFO - Best fit parameters: [0.0559585].
2024-06-11 15:27:27,899 - INFO - Maximum log composite likelihood: -417.255751588.
2024-06-11 15:27:27,900 - INFO - Optimal value of theta: 6397.58199595.
2024-06-11 15:27:27,900 - INFO - Beginning optimization with guess, [0.22984316].
2024-06-11 15:27:28,636 - INFO - Finished optimization with guess, [0.22984316].
2024-06-11 15:27:28,637 - INFO - Best fit parameters: [0.22984316].
2024-06-11 15:27:28,660 - INFO - Maximum log composite likelihood: -417.255751588.
2024-06-11 15:27:28,661 - INFO - Optimal value of theta: 6397.58199595.
2024-06-11 15:27:28,661 - INFO - Beginning optimization with guess, [0.59603446].
2024-06-11 15:27:29,322 - INFO - Finished optimization with guess, [0.59603446].
2024-06-11 15:27:29,323 - INFO - Best fit parameters: [0.59603446].
2024-06-11 15:27:29,346 - INFO - Maximum log composite likelihood: -417.255751588.
2024-06-11 15:27:29,346 - INFO - Optimal value of theta: 6397.58199595.
2024-06-11 15:27:29,346 - INFO - Beginning optimization with guess, [0.60350234].
2024-06-11 15:27:29,944 - INFO - Finished optimization with guess, [0.60350234].
2024-06-11 15:27:29,945 - INFO - Best fit parameters: [0.60350234].
2024-06-11 15:27:29,968 - INFO - Maximum log composite likelihood: -417.255751588.
2024-06-11 15:27:29,968 - INFO - Optimal value of theta: 6397.58199595.
2024-06-11 15:27:29,968 - INFO - Beginning optimization with guess, [0.92323091].
2024-06-11 15:27:30,424 - INFO - Finished optimization with guess, [0.92323091].
2024-06-11 15:27:30,425 - INFO - Best fit parameters: [0.92323091].
2024-06-11 15:27:30,448 - INFO - Maximum log composite likelihood: -417.255751588.
2024-06-11 15:27:30,448 - INFO - Optimal value of theta: 6397.58199595.
2024-06-11 15:27:30,448 - INFO - Beginning optimization with guess, [0.95292059].
2024-06-11 15:27:30,882 - INFO - Finished optimization with guess, [0.95292059].
2024-06-11 15:27:30,883 - INFO - Best fit parameters: [0.95292059].
2024-06-11 15:27:30,932 - INFO - Maximum log composite likelihood: -417.255751588.
2024-06-11 15:27:30,932 - INFO - Optimal value of theta: 6397.58199595.
2024-06-11 15:27:30,933 - INFO - Beginning optimization with guess, [0.97351877].
2024-06-11 15:27:31,310 - INFO - Finished optimization with guess, [0.97351877].
2024-06-11 15:27:31,311 - INFO - Best fit parameters: [0.97351877].
2024-06-11 15:27:31,336 - INFO - Maximum log composite likelihood: -417.255751588.
2024-06-11 15:27:31,337 - INFO - Optimal value of theta: 6397.58199595.
2024-06-11 15:27:31,337 - INFO - Beginning optimization with guess, [0.77070008].
2024-06-11 15:27:32,157 - INFO - Finished optimization with guess, [0.77070008].
2024-06-11 15:27:32,158 - INFO - Best fit parameters: [0.77070008].
2024-06-11 15:27:32,181 - INFO - Maximum log composite likelihood: -417.255751588.
2024-06-11 15:27:32,181 - INFO - Optimal value of theta: 6397.58199595.
2024-06-11 15:27:32,181 - INFO - Beginning optimization with guess, [0.49630308].
2024-06-11 15:27:32,841 - INFO - Finished optimization with guess, [0.49630308].
2024-06-11 15:27:32,842 - INFO - Best fit parameters: [0.49630308].
2024-06-11 15:27:32,865 - INFO - Maximum log composite likelihood: -417.255751588.
2024-06-11 15:27:32,865 - INFO - Optimal value of theta: 6397.58199595.
2024-06-11 15:27:32,865 - INFO - Beginning optimization with guess, [0.90490936].
2024-06-11 15:27:33,321 - INFO - Finished optimization with guess, [0.90490936].
2024-06-11 15:27:33,322 - INFO - Best fit parameters: [0.90490936].
2024-06-11 15:27:33,346 - INFO - Maximum log composite likelihood: -417.255751588.
2024-06-11 15:27:33,347 - INFO - Optimal value of theta: 6397.58199595.
2024-06-11 15:27:33,347 - INFO - Beginning optimization with guess, [0.66920758].
2024-06-11 15:27:33,941 - INFO - Finished optimization with guess, [0.66920758].
2024-06-11 15:27:33,941 - INFO - Best fit parameters: [0.66920758].
2024-06-11 15:27:33,964 - INFO - Maximum log composite likelihood: -417.255751588.
2024-06-11 15:27:33,965 - INFO - Optimal value of theta: 6397.58199595.
2024-06-11 15:27:33,965 - INFO - Beginning optimization with guess, [2.73896017].
2024-06-11 15:27:34,626 - INFO - Finished optimization with guess, [2.73896017].
2024-06-11 15:27:34,626 - INFO - Best fit parameters: [2.73896017].
2024-06-11 15:27:34,650 - INFO - Maximum log composite likelihood: -417.255751588.
2024-06-11 15:27:34,650 - INFO - Optimal value of theta: 6397.58199595.
2024-06-11 15:27:34,650 - INFO - Beginning optimization with guess, [1.42517878].
2024-06-11 15:27:35,243 - INFO - Finished optimization with guess, [1.42517878].
2024-06-11 15:27:35,244 - INFO - Best fit parameters: [1.42517878].
2024-06-11 15:27:35,267 - INFO - Maximum log composite likelihood: -417.255751588.
2024-06-11 15:27:35,267 - INFO - Optimal value of theta: 6397.58199595.
2024-06-11 15:27:35,267 - INFO - Beginning optimization with guess, [2.06380588].
2024-06-11 15:27:35,932 - INFO - Finished optimization with guess, [2.06380588].
2024-06-11 15:27:35,932 - INFO - Best fit parameters: [2.06380588].
2024-06-11 15:27:35,955 - INFO - Maximum log composite likelihood: -417.255751588.
2024-06-11 15:27:35,956 - INFO - Optimal value of theta: 6397.58199595.
2024-06-11 15:27:35,956 - INFO - Beginning optimization with guess, [1.60467296].
2024-06-11 15:27:36,548 - INFO - Finished optimization with guess, [1.60467296].
2024-06-11 15:27:36,548 - INFO - Best fit parameters: [1.60467296].
2024-06-11 15:27:36,572 - INFO - Maximum log composite likelihood: -417.255751588.
2024-06-11 15:27:36,573 - INFO - Optimal value of theta: 6397.58199595.
2024-06-11 15:27:36,573 - INFO - Beginning optimization with guess, [1.51351879].
2024-06-11 15:27:37,275 - INFO - Finished optimization with guess, [1.51351879].
2024-06-11 15:27:37,275 - INFO - Best fit parameters: [1.51351879].
2024-06-11 15:27:37,300 - INFO - Maximum log composite likelihood: -417.255751588.
2024-06-11 15:27:37,300 - INFO - Optimal value of theta: 6397.58199595.
2024-06-11 15:27:37,300 - INFO - Beginning optimization with guess, [1.74920871].
2024-06-11 15:27:38,104 - INFO - Finished optimization with guess, [1.74920871].
2024-06-11 15:27:38,104 - INFO - Best fit parameters: [1.74920871].
2024-06-11 15:27:38,127 - INFO - Maximum log composite likelihood: -417.255751588.
2024-06-11 15:27:38,128 - INFO - Optimal value of theta: 6397.58199595.
2024-06-11 15:27:38,128 - INFO - Beginning optimization with guess, [5.36167096].
2024-06-11 15:27:38,859 - INFO - Finished optimization with guess, [5.36167096].
2024-06-11 15:27:38,860 - INFO - Best fit parameters: [5.36167096].
2024-06-11 15:27:38,883 - INFO - Maximum log composite likelihood: -417.255751588.
2024-06-11 15:27:38,883 - INFO - Optimal value of theta: 6397.58199595.
2024-06-11 15:27:38,883 - INFO - Beginning optimization with guess, [3.03618387].
2024-06-11 15:27:39,612 - INFO - Finished optimization with guess, [3.03618387].
2024-06-11 15:27:39,612 - INFO - Best fit parameters: [3.03618387].
2024-06-11 15:27:39,636 - INFO - Maximum log composite likelihood: -417.255751588.
2024-06-11 15:27:39,636 - INFO - Optimal value of theta: 6397.58199595.
2024-06-11 15:27:39,636 - INFO - Beginning optimization with guess, [2.44435865].
2024-06-11 15:27:40,298 - INFO - Finished optimization with guess, [2.44435865].
2024-06-11 15:27:40,299 - INFO - Best fit parameters: [2.44435865].
2024-06-11 15:27:40,322 - INFO - Maximum log composite likelihood: -417.255751588.
2024-06-11 15:27:40,322 - INFO - Optimal value of theta: 6397.58199595.
2024-06-11 15:27:40,322 - INFO - Beginning optimization with guess, [2.82766846].
2024-06-11 15:27:41,051 - INFO - Finished optimization with guess, [2.82766846].
2024-06-11 15:27:41,052 - INFO - Best fit parameters: [2.82766846].
2024-06-11 15:27:41,075 - INFO - Maximum log composite likelihood: -417.255751588.
2024-06-11 15:27:41,075 - INFO - Optimal value of theta: 6397.58199595.
2024-06-11 15:27:41,075 - INFO - Beginning optimization with guess, [3.27949428].
2024-06-11 15:27:41,807 - INFO - Finished optimization with guess, [3.27949428].
2024-06-11 15:27:41,807 - INFO - Best fit parameters: [3.27949428].
2024-06-11 15:27:41,830 - INFO - Maximum log composite likelihood: -417.255751588.
2024-06-11 15:27:41,831 - INFO - Optimal value of theta: 6397.58199595.
2024-06-11 15:27:41,831 - INFO - Beginning optimization with guess, [3.01790026].
2024-06-11 15:27:42,560 - INFO - Finished optimization with guess, [3.01790026].
2024-06-11 15:27:42,560 - INFO - Best fit parameters: [3.01790026].
2024-06-11 15:27:42,583 - INFO - Maximum log composite likelihood: -417.255751588.
2024-06-11 15:27:42,583 - INFO - Optimal value of theta: 6397.58199595.
2024-06-11 15:27:42,584 - INFO - Beginning optimization with guess, [3.6480635].
2024-06-11 15:27:43,438 - INFO - Finished optimization with guess, [3.6480635].
2024-06-11 15:27:43,438 - INFO - Best fit parameters: [3.6480635].
2024-06-11 15:27:43,463 - INFO - Maximum log composite likelihood: -417.255751588.
2024-06-11 15:27:43,463 - INFO - Optimal value of theta: 6397.58199595.
2024-06-11 15:27:43,466 - INFO - Beginning demographic inference for two-epoch demographic model.
2024-06-11 15:27:43,468 - INFO - Beginning optimization with guess, [0.12405004 0.01704208].
2024-06-11 15:27:46,011 - INFO - Finished optimization with guess, [0.12405004 0.01704208].
2024-06-11 15:27:46,013 - INFO - Best fit parameters: [2.86183101 0.19450842].
2024-06-11 15:27:46,038 - INFO - Maximum log composite likelihood: -34.2117863095.
2024-06-11 15:27:46,038 - INFO - Optimal value of theta: 5205.31828057.
2024-06-11 15:27:46,038 - INFO - Beginning optimization with guess, [0.33517452 0.0061287 ].
2024-06-11 15:27:50,162 - INFO - Finished optimization with guess, [0.33517452 0.0061287 ].
2024-06-11 15:27:50,162 - INFO - Best fit parameters: [2.37181347 0.24211079].
2024-06-11 15:27:50,187 - INFO - Maximum log composite likelihood: -37.8239450275.
2024-06-11 15:27:50,188 - INFO - Optimal value of theta: 5179.41283508.
2024-06-11 15:27:50,188 - INFO - Beginning optimization with guess, [0.28672871 0.01225278].
2024-06-11 15:27:52,918 - INFO - Finished optimization with guess, [0.28672871 0.01225278].
2024-06-11 15:27:52,920 - INFO - Best fit parameters: [2.98495565 0.18625198].
2024-06-11 15:27:52,991 - INFO - Maximum log composite likelihood: -34.2742751896.
2024-06-11 15:27:52,991 - INFO - Optimal value of theta: 5213.27334475.
2024-06-11 15:27:52,992 - INFO - Beginning optimization with guess, [0.33587104 0.01237878].
2024-06-11 15:27:55,965 - INFO - Finished optimization with guess, [0.33587104 0.01237878].
2024-06-11 15:27:55,965 - INFO - Best fit parameters: [2.83855619 0.21352908].
2024-06-11 15:27:55,990 - INFO - Maximum log composite likelihood: -35.4726777797.
2024-06-11 15:27:55,990 - INFO - Optimal value of theta: 5133.64971017.
2024-06-11 15:27:55,990 - INFO - Beginning optimization with guess, [0.80909768 0.00826929].
2024-06-11 15:27:59,529 - INFO - Finished optimization with guess, [0.80909768 0.00826929].
2024-06-11 15:27:59,530 - INFO - Best fit parameters: [1.29654151 0.16606704].
2024-06-11 15:27:59,557 - INFO - Maximum log composite likelihood: -240.40369251.
2024-06-11 15:27:59,558 - INFO - Optimal value of theta: 6032.14046787.
2024-06-11 15:27:59,558 - INFO - Beginning optimization with guess, [0.6160587 0.0153905].
2024-06-11 15:28:02,041 - INFO - Finished optimization with guess, [0.6160587 0.0153905].
2024-06-11 15:28:02,041 - INFO - Best fit parameters: [1.94649335 0.30574171].
2024-06-11 15:28:02,070 - INFO - Maximum log composite likelihood: -57.7425294691.
2024-06-11 15:28:02,071 - INFO - Optimal value of theta: 5222.89768549.
2024-06-11 15:28:02,071 - INFO - Beginning optimization with guess, [0.58752135 0.01538837].
2024-06-11 15:28:04,776 - INFO - Finished optimization with guess, [0.58752135 0.01538837].
2024-06-11 15:28:04,777 - INFO - Best fit parameters: [2.07765845 0.30572969].
2024-06-11 15:28:04,813 - INFO - Maximum log composite likelihood: -48.1350374246.
2024-06-11 15:28:04,813 - INFO - Optimal value of theta: 5142.06628277.
2024-06-11 15:28:04,813 - INFO - Beginning optimization with guess, [1.01911144 0.00517578].
2024-06-11 15:28:06,356 - INFO - Finished optimization with guess, [1.01911144 0.00517578].
2024-06-11 15:28:06,357 - INFO - Best fit parameters: [2.06608647 0.68588313].
2024-06-11 15:28:06,386 - INFO - Maximum log composite likelihood: -70.5159758994.
2024-06-11 15:28:06,386 - INFO - Optimal value of theta: 4514.58125771.
2024-06-11 15:28:06,387 - INFO - Beginning optimization with guess, [1.31554295 0.0067293 ].
2024-06-11 15:28:07,710 - INFO - Finished optimization with guess, [1.31554295 0.0067293 ].
2024-06-11 15:28:07,711 - INFO - Best fit parameters: [1.92771887 0.39651472].
2024-06-11 15:28:07,738 - INFO - Maximum log composite likelihood: -60.9813148839.
2024-06-11 15:28:07,738 - INFO - Optimal value of theta: 5051.26306521.
2024-06-11 15:28:07,738 - INFO - Beginning optimization with guess, [1.75450011 0.00906081].
2024-06-11 15:28:08,921 - INFO - Finished optimization with guess, [1.75450011 0.00906081].
2024-06-11 15:28:08,921 - INFO - Best fit parameters: [2.96717604 0.1797717 ].
2024-06-11 15:28:08,946 - INFO - Maximum log composite likelihood: -34.0952127507.
2024-06-11 15:28:08,946 - INFO - Optimal value of theta: 5245.88903232.
2024-06-11 15:28:08,946 - INFO - Beginning optimization with guess, [0.6746515  0.01105248].
2024-06-11 15:28:11,820 - INFO - Finished optimization with guess, [0.6746515  0.01105248].
2024-06-11 15:28:11,821 - INFO - Best fit parameters: [2.49309723 0.31189119].
2024-06-11 15:28:11,847 - INFO - Maximum log composite likelihood: -43.3567268014.
2024-06-11 15:28:11,847 - INFO - Optimal value of theta: 4922.55947069.
2024-06-11 15:28:11,847 - INFO - Beginning optimization with guess, [1.18963827 0.0138229 ].
2024-06-11 15:28:13,364 - INFO - Finished optimization with guess, [1.18963827 0.0138229 ].
2024-06-11 15:28:13,365 - INFO - Best fit parameters: [2.96586974 0.1789543 ].
2024-06-11 15:28:13,411 - INFO - Maximum log composite likelihood: -34.1011469064.
2024-06-11 15:28:13,412 - INFO - Optimal value of theta: 5249.85792427.
2024-06-11 15:28:13,412 - INFO - Beginning optimization with guess, [2.31538389 0.01013529].
2024-06-11 15:28:14,654 - INFO - Finished optimization with guess, [2.31538389 0.01013529].
2024-06-11 15:28:14,654 - INFO - Best fit parameters: [2.92965148 0.18314538].
2024-06-11 15:28:14,679 - INFO - Maximum log composite likelihood: -34.0845648541.
2024-06-11 15:28:14,679 - INFO - Optimal value of theta: 5238.78593445.
2024-06-11 15:28:14,680 - INFO - Beginning optimization with guess, [3.73856737 0.00642758].
2024-06-11 15:28:15,949 - INFO - Finished optimization with guess, [3.73856737 0.00642758].
2024-06-11 15:28:15,950 - INFO - Best fit parameters: [6.84591572 0.10351934].
2024-06-11 15:28:16,018 - INFO - Maximum log composite likelihood: -42.4406466372.
2024-06-11 15:28:16,019 - INFO - Optimal value of theta: 5404.94806407.
2024-06-11 15:28:16,019 - INFO - Beginning optimization with guess, [2.4287008  0.00738855].
2024-06-11 15:28:17,311 - INFO - Finished optimization with guess, [2.4287008  0.00738855].
2024-06-11 15:28:17,311 - INFO - Best fit parameters: [2.95569256 0.18040585].
2024-06-11 15:28:17,336 - INFO - Maximum log composite likelihood: -34.0917723766.
2024-06-11 15:28:17,336 - INFO - Optimal value of theta: 5245.41732436.
2024-06-11 15:28:17,337 - INFO - Beginning optimization with guess, [3.36031044 0.01426222].
2024-06-11 15:28:18,509 - INFO - Finished optimization with guess, [3.36031044 0.01426222].
2024-06-11 15:28:18,510 - INFO - Best fit parameters: [2.971763   0.17503861].
2024-06-11 15:28:18,534 - INFO - Maximum log composite likelihood: -34.18395385.
2024-06-11 15:28:18,534 - INFO - Optimal value of theta: 5266.331279.
2024-06-11 15:28:18,535 - INFO - Beginning optimization with guess, [1.70942357 0.01127962].
2024-06-11 15:28:19,655 - INFO - Finished optimization with guess, [1.70942357 0.01127962].
2024-06-11 15:28:19,655 - INFO - Best fit parameters: [2.84607814 0.18830663].
2024-06-11 15:28:19,680 - INFO - Maximum log composite likelihood: -34.1308147934.
2024-06-11 15:28:19,681 - INFO - Optimal value of theta: 5235.14958361.
2024-06-11 15:28:19,681 - INFO - Beginning optimization with guess, [3.99907156 0.01110755].
2024-06-11 15:28:21,006 - INFO - Finished optimization with guess, [3.99907156 0.01110755].
2024-06-11 15:28:21,006 - INFO - Best fit parameters: [6.28772193 0.10617717].
2024-06-11 15:28:21,032 - INFO - Maximum log composite likelihood: -41.6685509103.
2024-06-11 15:28:21,032 - INFO - Optimal value of theta: 5400.84303705.
2024-06-11 15:28:21,032 - INFO - Beginning optimization with guess, [1.68926841 0.00801353].
2024-06-11 15:28:22,420 - INFO - Finished optimization with guess, [1.68926841 0.00801353].
2024-06-11 15:28:22,421 - INFO - Best fit parameters: [2.92767533 0.18177413].
2024-06-11 15:28:22,446 - INFO - Maximum log composite likelihood: -34.0917189564.
2024-06-11 15:28:22,446 - INFO - Optimal value of theta: 5245.26271944.
2024-06-11 15:28:22,446 - INFO - Beginning optimization with guess, [5.08002879 0.00783303].
2024-06-11 15:28:23,777 - INFO - Finished optimization with guess, [5.08002879 0.00783303].
2024-06-11 15:28:23,778 - INFO - Best fit parameters: [2.96405397 0.1686097 ].
2024-06-11 15:28:23,804 - INFO - Maximum log composite likelihood: -34.6090200288.
2024-06-11 15:28:23,805 - INFO - Optimal value of theta: 5297.52092277.
2024-06-11 15:28:23,805 - INFO - Beginning optimization with guess, [4.91418069 0.01239879].
2024-06-11 15:28:24,960 - INFO - Finished optimization with guess, [4.91418069 0.01239879].
2024-06-11 15:28:24,960 - INFO - Best fit parameters: [3.18264063 0.15880268].
2024-06-11 15:28:24,986 - INFO - Maximum log composite likelihood: -34.6693437514.
2024-06-11 15:28:24,986 - INFO - Optimal value of theta: 5305.00865145.
2024-06-11 15:28:24,986 - INFO - Beginning optimization with guess, [8.60145648 0.01963692].
2024-06-11 15:28:26,270 - INFO - Finished optimization with guess, [8.60145648 0.01963692].
2024-06-11 15:28:26,270 - INFO - Best fit parameters: [3.77457998 0.1260925 ].
2024-06-11 15:28:26,294 - INFO - Maximum log composite likelihood: -38.0384511635.
2024-06-11 15:28:26,295 - INFO - Optimal value of theta: 5408.20668565.
2024-06-11 15:28:26,295 - INFO - Beginning optimization with guess, [3.91813029 0.00706621].
2024-06-11 15:28:27,477 - INFO - Finished optimization with guess, [3.91813029 0.00706621].
2024-06-11 15:28:27,478 - INFO - Best fit parameters: [3.39856896 0.1389286 ].
2024-06-11 15:28:27,502 - INFO - Maximum log composite likelihood: -36.6337030207.
2024-06-11 15:28:27,503 - INFO - Optimal value of theta: 5377.34720374.
2024-06-11 15:28:27,503 - INFO - Beginning optimization with guess, [3.97520356 0.01855379].
2024-06-11 15:28:28,623 - INFO - Finished optimization with guess, [3.97520356 0.01855379].
2024-06-11 15:28:28,623 - INFO - Best fit parameters: [2.90700233 0.18658619].
2024-06-11 15:28:28,648 - INFO - Maximum log composite likelihood: -34.0946676352.
2024-06-11 15:28:28,648 - INFO - Optimal value of theta: 5228.78023196.
2024-06-11 15:28:28,651 - INFO - Finished demographic inference.
2024-06-11 15:28:28,651 - INFO - Pipeline executed succesfully.
