2022-11-02 12:48:54,508 - INFO - Beginning execution of fit_one_epoch.py in directory /u/project/ngarud/jonmah/demo_for_ccgb/Scripts

2022-11-02 12:48:54,508 - INFO - Progress is being logged to ../Analysis/Neisseria_subflava_61760_oral/masked_log.log

2022-11-02 12:48:54,508 - INFO - Parsed the following arguments:
	syn_input_sfs = ../Data/oral_microbiome_sfs/Neisseria_subflava_61760_sfs/folded_sfs_10.txt
	mask_singletons = True
	mask_doubletons = False
	outprefix = ../Analysis/Neisseria_subflava_61760_oral/masked

2022-11-02 12:48:54,547 - INFO - Beginning demographic inference for one-epoch demographic model.
2022-11-02 12:48:54,549 - INFO - Beginning optimization with guess, [0.11039806].
2022-11-02 12:48:54,612 - INFO - Finished optimization with guess, [0.11039806].
2022-11-02 12:48:54,612 - INFO - Best fit parameters: [0.11039806].
2022-11-02 12:48:54,638 - INFO - Maximum log composite likelihood: -9507.976436754663.
2022-11-02 12:48:54,638 - INFO - Optimal value of theta: 30781.9577079063.
2022-11-02 12:48:54,639 - INFO - Beginning optimization with guess, [0.13458712].
2022-11-02 12:48:54,690 - INFO - Finished optimization with guess, [0.13458712].
2022-11-02 12:48:54,690 - INFO - Best fit parameters: [0.13458712].
2022-11-02 12:48:54,716 - INFO - Maximum log composite likelihood: -9507.976436754663.
2022-11-02 12:48:54,717 - INFO - Optimal value of theta: 30781.9577079063.
2022-11-02 12:48:54,717 - INFO - Beginning optimization with guess, [0.24967643].
2022-11-02 12:48:54,768 - INFO - Finished optimization with guess, [0.24967643].
2022-11-02 12:48:54,768 - INFO - Best fit parameters: [0.24967643].
2022-11-02 12:48:54,794 - INFO - Maximum log composite likelihood: -9507.976436754663.
2022-11-02 12:48:54,794 - INFO - Optimal value of theta: 30781.9577079063.
2022-11-02 12:48:54,794 - INFO - Beginning optimization with guess, [0.32554897].
2022-11-02 12:48:54,846 - INFO - Finished optimization with guess, [0.32554897].
2022-11-02 12:48:54,846 - INFO - Best fit parameters: [0.32554897].
2022-11-02 12:48:54,871 - INFO - Maximum log composite likelihood: -9507.976436754663.
2022-11-02 12:48:54,872 - INFO - Optimal value of theta: 30781.9577079063.
2022-11-02 12:48:54,872 - INFO - Beginning optimization with guess, [0.31521302].
2022-11-02 12:48:54,923 - INFO - Finished optimization with guess, [0.31521302].
2022-11-02 12:48:54,924 - INFO - Best fit parameters: [0.31521302].
2022-11-02 12:48:54,949 - INFO - Maximum log composite likelihood: -9507.976436754663.
2022-11-02 12:48:54,950 - INFO - Optimal value of theta: 30781.9577079063.
2022-11-02 12:48:54,950 - INFO - Beginning optimization with guess, [0.42855749].
2022-11-02 12:48:55,001 - INFO - Finished optimization with guess, [0.42855749].
2022-11-02 12:48:55,001 - INFO - Best fit parameters: [0.42855749].
2022-11-02 12:48:55,029 - INFO - Maximum log composite likelihood: -9507.976436754663.
2022-11-02 12:48:55,030 - INFO - Optimal value of theta: 30781.9577079063.
2022-11-02 12:48:55,030 - INFO - Beginning optimization with guess, [0.39571867].
2022-11-02 12:48:55,082 - INFO - Finished optimization with guess, [0.39571867].
2022-11-02 12:48:55,082 - INFO - Best fit parameters: [0.39571867].
2022-11-02 12:48:55,107 - INFO - Maximum log composite likelihood: -9507.976436754663.
2022-11-02 12:48:55,108 - INFO - Optimal value of theta: 30781.9577079063.
2022-11-02 12:48:55,108 - INFO - Beginning optimization with guess, [1.10410076].
2022-11-02 12:48:55,159 - INFO - Finished optimization with guess, [1.10410076].
2022-11-02 12:48:55,160 - INFO - Best fit parameters: [1.10410076].
2022-11-02 12:48:55,185 - INFO - Maximum log composite likelihood: -9507.976436754663.
2022-11-02 12:48:55,185 - INFO - Optimal value of theta: 30781.9577079063.
2022-11-02 12:48:55,186 - INFO - Beginning optimization with guess, [0.70252848].
2022-11-02 12:48:55,237 - INFO - Finished optimization with guess, [0.70252848].
2022-11-02 12:48:55,237 - INFO - Best fit parameters: [0.70252848].
2022-11-02 12:48:55,263 - INFO - Maximum log composite likelihood: -9507.976436754663.
2022-11-02 12:48:55,263 - INFO - Optimal value of theta: 30781.9577079063.
2022-11-02 12:48:55,264 - INFO - Beginning optimization with guess, [1.88882779].
2022-11-02 12:48:55,315 - INFO - Finished optimization with guess, [1.88882779].
2022-11-02 12:48:55,315 - INFO - Best fit parameters: [1.88882779].
2022-11-02 12:48:55,342 - INFO - Maximum log composite likelihood: -9507.976436754663.
2022-11-02 12:48:55,342 - INFO - Optimal value of theta: 30781.9577079063.
2022-11-02 12:48:55,343 - INFO - Beginning optimization with guess, [1.73926037].
2022-11-02 12:48:55,394 - INFO - Finished optimization with guess, [1.73926037].
2022-11-02 12:48:55,395 - INFO - Best fit parameters: [1.73926037].
2022-11-02 12:48:55,421 - INFO - Maximum log composite likelihood: -9507.976436754663.
2022-11-02 12:48:55,422 - INFO - Optimal value of theta: 30781.9577079063.
2022-11-02 12:48:55,422 - INFO - Beginning optimization with guess, [1.08862173].
2022-11-02 12:48:55,474 - INFO - Finished optimization with guess, [1.08862173].
2022-11-02 12:48:55,474 - INFO - Best fit parameters: [1.08862173].
2022-11-02 12:48:55,499 - INFO - Maximum log composite likelihood: -9507.976436754663.
2022-11-02 12:48:55,500 - INFO - Optimal value of theta: 30781.9577079063.
2022-11-02 12:48:55,500 - INFO - Beginning optimization with guess, [1.5656314].
2022-11-02 12:48:55,552 - INFO - Finished optimization with guess, [1.5656314].
2022-11-02 12:48:55,552 - INFO - Best fit parameters: [1.5656314].
2022-11-02 12:48:55,577 - INFO - Maximum log composite likelihood: -9507.976436754663.
2022-11-02 12:48:55,578 - INFO - Optimal value of theta: 30781.9577079063.
2022-11-02 12:48:55,578 - INFO - Beginning optimization with guess, [1.12276347].
2022-11-02 12:48:55,630 - INFO - Finished optimization with guess, [1.12276347].
2022-11-02 12:48:55,630 - INFO - Best fit parameters: [1.12276347].
2022-11-02 12:48:55,655 - INFO - Maximum log composite likelihood: -9507.976436754663.
2022-11-02 12:48:55,656 - INFO - Optimal value of theta: 30781.9577079063.
2022-11-02 12:48:55,656 - INFO - Beginning optimization with guess, [1.98554754].
2022-11-02 12:48:55,707 - INFO - Finished optimization with guess, [1.98554754].
2022-11-02 12:48:55,708 - INFO - Best fit parameters: [1.98554754].
2022-11-02 12:48:55,733 - INFO - Maximum log composite likelihood: -9507.976436754663.
2022-11-02 12:48:55,734 - INFO - Optimal value of theta: 30781.9577079063.
2022-11-02 12:48:55,734 - INFO - Beginning optimization with guess, [4.99791489].
2022-11-02 12:48:55,785 - INFO - Finished optimization with guess, [4.99791489].
2022-11-02 12:48:55,785 - INFO - Best fit parameters: [4.99791489].
2022-11-02 12:48:55,811 - INFO - Maximum log composite likelihood: -9507.976436754663.
2022-11-02 12:48:55,811 - INFO - Optimal value of theta: 30781.9577079063.
2022-11-02 12:48:55,812 - INFO - Beginning optimization with guess, [4.04725612].
2022-11-02 12:48:55,863 - INFO - Finished optimization with guess, [4.04725612].
2022-11-02 12:48:55,863 - INFO - Best fit parameters: [4.04725612].
2022-11-02 12:48:55,889 - INFO - Maximum log composite likelihood: -9507.976436754663.
2022-11-02 12:48:55,889 - INFO - Optimal value of theta: 30781.9577079063.
2022-11-02 12:48:55,890 - INFO - Beginning optimization with guess, [5.26236312].
2022-11-02 12:48:55,941 - INFO - Finished optimization with guess, [5.26236312].
2022-11-02 12:48:55,941 - INFO - Best fit parameters: [5.26236312].
2022-11-02 12:48:55,967 - INFO - Maximum log composite likelihood: -9507.976436754663.
2022-11-02 12:48:55,967 - INFO - Optimal value of theta: 30781.9577079063.
2022-11-02 12:48:55,968 - INFO - Beginning optimization with guess, [2.75113056].
2022-11-02 12:48:56,019 - INFO - Finished optimization with guess, [2.75113056].
2022-11-02 12:48:56,019 - INFO - Best fit parameters: [2.75113056].
2022-11-02 12:48:56,045 - INFO - Maximum log composite likelihood: -9507.976436754663.
2022-11-02 12:48:56,045 - INFO - Optimal value of theta: 30781.9577079063.
2022-11-02 12:48:56,046 - INFO - Beginning optimization with guess, [3.20895361].
2022-11-02 12:48:56,097 - INFO - Finished optimization with guess, [3.20895361].
2022-11-02 12:48:56,097 - INFO - Best fit parameters: [3.20895361].
2022-11-02 12:48:56,122 - INFO - Maximum log composite likelihood: -9507.976436754663.
2022-11-02 12:48:56,123 - INFO - Optimal value of theta: 30781.9577079063.
2022-11-02 12:48:56,123 - INFO - Beginning optimization with guess, [6.66220948].
2022-11-02 12:48:56,174 - INFO - Finished optimization with guess, [6.66220948].
2022-11-02 12:48:56,174 - INFO - Best fit parameters: [6.66220948].
2022-11-02 12:48:56,198 - INFO - Maximum log composite likelihood: -9507.976436754663.
2022-11-02 12:48:56,199 - INFO - Optimal value of theta: 30781.9577079063.
2022-11-02 12:48:56,199 - INFO - Beginning optimization with guess, [7.6020533].
2022-11-02 12:48:56,249 - INFO - Finished optimization with guess, [7.6020533].
2022-11-02 12:48:56,250 - INFO - Best fit parameters: [7.6020533].
2022-11-02 12:48:56,274 - INFO - Maximum log composite likelihood: -9507.976436754663.
2022-11-02 12:48:56,275 - INFO - Optimal value of theta: 30781.9577079063.
2022-11-02 12:48:56,275 - INFO - Beginning optimization with guess, [3.33285265].
2022-11-02 12:48:56,325 - INFO - Finished optimization with guess, [3.33285265].
2022-11-02 12:48:56,325 - INFO - Best fit parameters: [3.33285265].
2022-11-02 12:48:56,349 - INFO - Maximum log composite likelihood: -9507.976436754663.
2022-11-02 12:48:56,350 - INFO - Optimal value of theta: 30781.9577079063.
2022-11-02 12:48:56,350 - INFO - Beginning optimization with guess, [9.02497797].
2022-11-02 12:48:56,400 - INFO - Finished optimization with guess, [9.02497797].
2022-11-02 12:48:56,400 - INFO - Best fit parameters: [9.02497797].
2022-11-02 12:48:56,425 - INFO - Maximum log composite likelihood: -9507.976436754663.
2022-11-02 12:48:56,426 - INFO - Optimal value of theta: 30781.9577079063.
2022-11-02 12:48:56,426 - INFO - Beginning optimization with guess, [4.22937112].
2022-11-02 12:48:56,480 - INFO - Finished optimization with guess, [4.22937112].
2022-11-02 12:48:56,480 - INFO - Best fit parameters: [4.22937112].
2022-11-02 12:48:56,505 - INFO - Maximum log composite likelihood: -9507.976436754663.
2022-11-02 12:48:56,505 - INFO - Optimal value of theta: 30781.9577079063.
2022-11-02 12:48:56,507 - INFO - Finished demographic inference.
2022-11-02 12:48:56,507 - INFO - Pipeline executed succesfully.
