2022-07-01 14:08:12,333 - INFO - Beginning execution of compute_downsampled_sfs.py in directory /u/project/ngarud/jonmah/demo_for_ccgb/Scripts

2022-07-01 14:08:12,334 - INFO - Progress is being logged to ../Analysis/Parabacteroides_merdae_56972_downsampled/log.log

2022-07-01 14:08:12,334 - INFO - Parsed the following arguments:
	outprefix = ../Analysis/Parabacteroides_merdae_56972_downsampled/
	species = Parabacteroides_merdae_56972
	sample_size = 20

2022-07-01 14:18:13,383 - INFO - Beginning demographic inference for one-epoch demographic model.
2022-07-01 14:18:13,386 - INFO - Beginning optimization with guess, [0.06573439].
2022-07-01 14:18:13,921 - INFO - Finished optimization with guess, [0.06573439].
2022-07-01 14:18:13,921 - INFO - Best fit parameters: [0.06573439].
2022-07-01 14:18:14,019 - INFO - Maximum log composite likelihood: -75.8506498186.
2022-07-01 14:18:14,020 - INFO - Optimal value of theta: 6138.17032228.
2022-07-01 14:18:14,020 - INFO - Beginning optimization with guess, [0.20409242].
2022-07-01 14:18:14,217 - INFO - Finished optimization with guess, [0.20409242].
2022-07-01 14:18:14,218 - INFO - Best fit parameters: [0.20409242].
2022-07-01 14:18:14,310 - INFO - Maximum log composite likelihood: -75.8506498186.
2022-07-01 14:18:14,311 - INFO - Optimal value of theta: 6138.17032228.
2022-07-01 14:18:14,312 - INFO - Beginning optimization with guess, [0.1999723].
2022-07-01 14:18:14,442 - INFO - Finished optimization with guess, [0.1999723].
2022-07-01 14:18:14,442 - INFO - Best fit parameters: [0.1999723].
2022-07-01 14:18:14,509 - INFO - Maximum log composite likelihood: -75.8506498186.
2022-07-01 14:18:14,510 - INFO - Optimal value of theta: 6138.17032228.
2022-07-01 14:18:14,510 - INFO - Beginning optimization with guess, [0.27682759].
2022-07-01 14:18:14,638 - INFO - Finished optimization with guess, [0.27682759].
2022-07-01 14:18:14,639 - INFO - Best fit parameters: [0.27682759].
2022-07-01 14:18:14,701 - INFO - Maximum log composite likelihood: -75.8506498186.
2022-07-01 14:18:14,702 - INFO - Optimal value of theta: 6138.17032228.
2022-07-01 14:18:14,703 - INFO - Beginning optimization with guess, [0.34547832].
2022-07-01 14:18:14,832 - INFO - Finished optimization with guess, [0.34547832].
2022-07-01 14:18:14,833 - INFO - Best fit parameters: [0.34547832].
2022-07-01 14:18:14,897 - INFO - Maximum log composite likelihood: -75.8506498186.
2022-07-01 14:18:14,897 - INFO - Optimal value of theta: 6138.17032228.
2022-07-01 14:18:14,898 - INFO - Beginning optimization with guess, [0.78404038].
2022-07-01 14:18:15,030 - INFO - Finished optimization with guess, [0.78404038].
2022-07-01 14:18:15,030 - INFO - Best fit parameters: [0.78404038].
2022-07-01 14:18:15,093 - INFO - Maximum log composite likelihood: -75.8506498186.
2022-07-01 14:18:15,094 - INFO - Optimal value of theta: 6138.17032228.
2022-07-01 14:18:15,094 - INFO - Beginning optimization with guess, [0.85990131].
2022-07-01 14:18:15,227 - INFO - Finished optimization with guess, [0.85990131].
2022-07-01 14:18:15,227 - INFO - Best fit parameters: [0.85990131].
2022-07-01 14:18:15,290 - INFO - Maximum log composite likelihood: -75.8506498186.
2022-07-01 14:18:15,290 - INFO - Optimal value of theta: 6138.17032228.
2022-07-01 14:18:15,291 - INFO - Beginning optimization with guess, [0.85347885].
2022-07-01 14:18:15,420 - INFO - Finished optimization with guess, [0.85347885].
2022-07-01 14:18:15,421 - INFO - Best fit parameters: [0.85347885].
2022-07-01 14:18:15,483 - INFO - Maximum log composite likelihood: -75.8506498186.
2022-07-01 14:18:15,484 - INFO - Optimal value of theta: 6138.17032228.
2022-07-01 14:18:15,484 - INFO - Beginning optimization with guess, [1.14796735].
2022-07-01 14:18:15,614 - INFO - Finished optimization with guess, [1.14796735].
2022-07-01 14:18:15,614 - INFO - Best fit parameters: [1.14796735].
2022-07-01 14:18:15,679 - INFO - Maximum log composite likelihood: -75.8506498186.
2022-07-01 14:18:15,680 - INFO - Optimal value of theta: 6138.17032228.
2022-07-01 14:18:15,680 - INFO - Beginning optimization with guess, [1.43527083].
2022-07-01 14:18:15,806 - INFO - Finished optimization with guess, [1.43527083].
2022-07-01 14:18:15,806 - INFO - Best fit parameters: [1.43527083].
2022-07-01 14:18:15,868 - INFO - Maximum log composite likelihood: -75.8506498186.
2022-07-01 14:18:15,869 - INFO - Optimal value of theta: 6138.17032228.
2022-07-01 14:18:15,870 - INFO - Beginning optimization with guess, [1.81230291].
2022-07-01 14:18:15,995 - INFO - Finished optimization with guess, [1.81230291].
2022-07-01 14:18:15,996 - INFO - Best fit parameters: [1.81230291].
2022-07-01 14:18:16,060 - INFO - Maximum log composite likelihood: -75.8506498186.
2022-07-01 14:18:16,061 - INFO - Optimal value of theta: 6138.17032228.
2022-07-01 14:18:16,061 - INFO - Beginning optimization with guess, [0.92881521].
2022-07-01 14:18:16,188 - INFO - Finished optimization with guess, [0.92881521].
2022-07-01 14:18:16,188 - INFO - Best fit parameters: [0.92881521].
2022-07-01 14:18:16,251 - INFO - Maximum log composite likelihood: -75.8506498186.
2022-07-01 14:18:16,252 - INFO - Optimal value of theta: 6138.17032228.
2022-07-01 14:18:16,252 - INFO - Beginning optimization with guess, [0.90866256].
2022-07-01 14:18:16,379 - INFO - Finished optimization with guess, [0.90866256].
2022-07-01 14:18:16,379 - INFO - Best fit parameters: [0.90866256].
2022-07-01 14:18:16,443 - INFO - Maximum log composite likelihood: -75.8506498186.
2022-07-01 14:18:16,444 - INFO - Optimal value of theta: 6138.17032228.
2022-07-01 14:18:16,445 - INFO - Beginning optimization with guess, [1.13104294].
2022-07-01 14:18:16,571 - INFO - Finished optimization with guess, [1.13104294].
2022-07-01 14:18:16,572 - INFO - Best fit parameters: [1.13104294].
2022-07-01 14:18:16,635 - INFO - Maximum log composite likelihood: -75.8506498186.
2022-07-01 14:18:16,636 - INFO - Optimal value of theta: 6138.17032228.
2022-07-01 14:18:16,636 - INFO - Beginning optimization with guess, [3.53562901].
2022-07-01 14:18:16,762 - INFO - Finished optimization with guess, [3.53562901].
2022-07-01 14:18:16,762 - INFO - Best fit parameters: [3.53562901].
2022-07-01 14:18:16,825 - INFO - Maximum log composite likelihood: -75.8506498186.
2022-07-01 14:18:16,826 - INFO - Optimal value of theta: 6138.17032228.
2022-07-01 14:18:16,826 - INFO - Beginning optimization with guess, [3.04852403].
2022-07-01 14:18:16,953 - INFO - Finished optimization with guess, [3.04852403].
2022-07-01 14:18:16,953 - INFO - Best fit parameters: [3.04852403].
2022-07-01 14:18:17,016 - INFO - Maximum log composite likelihood: -75.8506498186.
2022-07-01 14:18:17,017 - INFO - Optimal value of theta: 6138.17032228.
2022-07-01 14:18:17,017 - INFO - Beginning optimization with guess, [5.38857833].
2022-07-01 14:18:17,143 - INFO - Finished optimization with guess, [5.38857833].
2022-07-01 14:18:17,143 - INFO - Best fit parameters: [5.38857833].
2022-07-01 14:18:17,206 - INFO - Maximum log composite likelihood: -75.8506498186.
2022-07-01 14:18:17,207 - INFO - Optimal value of theta: 6138.17032228.
2022-07-01 14:18:17,207 - INFO - Beginning optimization with guess, [2.28084297].
2022-07-01 14:18:17,333 - INFO - Finished optimization with guess, [2.28084297].
2022-07-01 14:18:17,333 - INFO - Best fit parameters: [2.28084297].
2022-07-01 14:18:17,396 - INFO - Maximum log composite likelihood: -75.8506498186.
2022-07-01 14:18:17,397 - INFO - Optimal value of theta: 6138.17032228.
2022-07-01 14:18:17,397 - INFO - Beginning optimization with guess, [3.8775718].
2022-07-01 14:18:17,524 - INFO - Finished optimization with guess, [3.8775718].
2022-07-01 14:18:17,524 - INFO - Best fit parameters: [3.8775718].
2022-07-01 14:18:17,587 - INFO - Maximum log composite likelihood: -75.8506498186.
2022-07-01 14:18:17,588 - INFO - Optimal value of theta: 6138.17032228.
2022-07-01 14:18:17,588 - INFO - Beginning optimization with guess, [3.57311762].
2022-07-01 14:18:17,715 - INFO - Finished optimization with guess, [3.57311762].
2022-07-01 14:18:17,715 - INFO - Best fit parameters: [3.57311762].
2022-07-01 14:18:17,778 - INFO - Maximum log composite likelihood: -75.8506498186.
2022-07-01 14:18:17,779 - INFO - Optimal value of theta: 6138.17032228.
2022-07-01 14:18:17,779 - INFO - Beginning optimization with guess, [2.23757338].
2022-07-01 14:18:17,905 - INFO - Finished optimization with guess, [2.23757338].
2022-07-01 14:18:17,905 - INFO - Best fit parameters: [2.23757338].
2022-07-01 14:18:17,968 - INFO - Maximum log composite likelihood: -75.8506498186.
2022-07-01 14:18:17,969 - INFO - Optimal value of theta: 6138.17032228.
2022-07-01 14:18:17,969 - INFO - Beginning optimization with guess, [3.3795392].
2022-07-01 14:18:18,104 - INFO - Finished optimization with guess, [3.3795392].
2022-07-01 14:18:18,104 - INFO - Best fit parameters: [3.3795392].
2022-07-01 14:18:18,167 - INFO - Maximum log composite likelihood: -75.8506498186.
2022-07-01 14:18:18,168 - INFO - Optimal value of theta: 6138.17032228.
2022-07-01 14:18:18,168 - INFO - Beginning optimization with guess, [5.26542574].
2022-07-01 14:18:18,298 - INFO - Finished optimization with guess, [5.26542574].
2022-07-01 14:18:18,299 - INFO - Best fit parameters: [5.26542574].
2022-07-01 14:18:18,364 - INFO - Maximum log composite likelihood: -75.8506498186.
2022-07-01 14:18:18,365 - INFO - Optimal value of theta: 6138.17032228.
2022-07-01 14:18:18,366 - INFO - Beginning optimization with guess, [4.85334528].
2022-07-01 14:18:18,493 - INFO - Finished optimization with guess, [4.85334528].
2022-07-01 14:18:18,493 - INFO - Best fit parameters: [4.85334528].
2022-07-01 14:18:18,559 - INFO - Maximum log composite likelihood: -75.8506498186.
2022-07-01 14:18:18,560 - INFO - Optimal value of theta: 6138.17032228.
2022-07-01 14:18:18,561 - INFO - Beginning optimization with guess, [5.07557062].
2022-07-01 14:18:18,688 - INFO - Finished optimization with guess, [5.07557062].
2022-07-01 14:18:18,689 - INFO - Best fit parameters: [5.07557062].
2022-07-01 14:18:18,755 - INFO - Maximum log composite likelihood: -75.8506498186.
2022-07-01 14:18:18,755 - INFO - Optimal value of theta: 6138.17032228.
2022-07-01 14:18:18,761 - INFO - Beginning demographic inference for two-epoch demographic model.
2022-07-01 14:18:18,764 - INFO - Beginning optimization with guess, [7.89610162e-02 5.75286296e-07].
2022-07-01 14:18:18,964 - INFO - Finished optimization with guess, [7.89610162e-02 5.75286296e-07].
2022-07-01 14:18:18,964 - INFO - Best fit parameters: [7.89610162e-02 5.75286296e-07].
2022-07-01 14:18:19,028 - INFO - Maximum log composite likelihood: -75.8506468603.
2022-07-01 14:18:19,029 - INFO - Optimal value of theta: 6138.17033356.
2022-07-01 14:18:19,029 - INFO - Beginning optimization with guess, [3.11698638e-01 1.70585678e-06].
2022-07-01 14:18:19,224 - INFO - Finished optimization with guess, [3.11698638e-01 1.70585678e-06].
2022-07-01 14:18:19,225 - INFO - Best fit parameters: [3.11698638e-01 1.70585678e-06].
2022-07-01 14:18:19,290 - INFO - Maximum log composite likelihood: -75.8506485763.
2022-07-01 14:18:19,291 - INFO - Optimal value of theta: 6138.17032702.
2022-07-01 14:18:19,291 - INFO - Beginning optimization with guess, [1.82585468e-01 1.15785808e-06].
2022-07-01 14:18:19,486 - INFO - Finished optimization with guess, [1.82585468e-01 1.15785808e-06].
2022-07-01 14:18:19,487 - INFO - Best fit parameters: [1.82585468e-01 1.15785808e-06].
2022-07-01 14:18:19,554 - INFO - Maximum log composite likelihood: -75.8506478334.
2022-07-01 14:18:19,555 - INFO - Optimal value of theta: 6138.17032985.
2022-07-01 14:18:19,555 - INFO - Beginning optimization with guess, [5.08230937e-01 5.17811653e-07].
2022-07-01 14:18:19,754 - INFO - Finished optimization with guess, [5.08230937e-01 5.17811653e-07].
2022-07-01 14:18:19,755 - INFO - Best fit parameters: [5.08230937e-01 5.17811653e-07].
2022-07-01 14:18:19,852 - INFO - Maximum log composite likelihood: -75.8506497882.
2022-07-01 14:18:19,853 - INFO - Optimal value of theta: 6138.1703224.
2022-07-01 14:18:19,853 - INFO - Beginning optimization with guess, [5.29423145e-01 8.37245801e-07].
2022-07-01 14:18:20,150 - INFO - Finished optimization with guess, [5.29423145e-01 8.37245801e-07].
2022-07-01 14:18:20,150 - INFO - Best fit parameters: [5.29423145e-01 8.37245801e-07].
2022-07-01 14:18:20,247 - INFO - Maximum log composite likelihood: -75.8506497486.
2022-07-01 14:18:20,248 - INFO - Optimal value of theta: 6138.17032255.
2022-07-01 14:18:20,249 - INFO - Beginning optimization with guess, [3.74189515e-01 5.78931050e-07].
2022-07-01 14:18:20,543 - INFO - Finished optimization with guess, [3.74189515e-01 5.78931050e-07].
2022-07-01 14:18:20,543 - INFO - Best fit parameters: [3.74189515e-01 5.78931050e-07].
2022-07-01 14:18:20,637 - INFO - Maximum log composite likelihood: -75.8506497295.
2022-07-01 14:18:20,638 - INFO - Optimal value of theta: 6138.17032262.
2022-07-01 14:18:20,639 - INFO - Beginning optimization with guess, [5.19544550e-01 6.70351452e-07].
2022-07-01 14:18:20,839 - INFO - Finished optimization with guess, [5.19544550e-01 6.70351452e-07].
2022-07-01 14:18:20,839 - INFO - Best fit parameters: [5.19544550e-01 6.70351452e-07].
2022-07-01 14:18:20,908 - INFO - Maximum log composite likelihood: -75.850649771.
2022-07-01 14:18:20,909 - INFO - Optimal value of theta: 6138.17032246.
2022-07-01 14:18:20,909 - INFO - Beginning optimization with guess, [6.60177845e-01 1.23334101e-06].
2022-07-01 14:18:21,107 - INFO - Finished optimization with guess, [6.60177845e-01 1.23334101e-06].
2022-07-01 14:18:21,107 - INFO - Best fit parameters: [6.60177845e-01 1.23334101e-06].
2022-07-01 14:18:21,175 - INFO - Maximum log composite likelihood: -75.850649748.
2022-07-01 14:18:21,175 - INFO - Optimal value of theta: 6138.17032255.
2022-07-01 14:18:21,176 - INFO - Beginning optimization with guess, [1.29391427e+00 5.18890877e-07].
2022-07-01 14:18:21,369 - INFO - Finished optimization with guess, [1.29391427e+00 5.18890877e-07].
2022-07-01 14:18:21,369 - INFO - Best fit parameters: [1.29391427e+00 5.18890877e-07].
2022-07-01 14:18:21,434 - INFO - Maximum log composite likelihood: -75.8506498215.
2022-07-01 14:18:21,435 - INFO - Optimal value of theta: 6138.17032227.
2022-07-01 14:18:21,435 - INFO - Beginning optimization with guess, [6.83224071e-01 6.34529462e-07].
2022-07-01 14:18:21,630 - INFO - Finished optimization with guess, [6.83224071e-01 6.34529462e-07].
2022-07-01 14:18:21,631 - INFO - Best fit parameters: [6.83224071e-01 6.34529462e-07].
2022-07-01 14:18:21,694 - INFO - Maximum log composite likelihood: -75.8506498023.
2022-07-01 14:18:21,695 - INFO - Optimal value of theta: 6138.17032234.
2022-07-01 14:18:21,695 - INFO - Beginning optimization with guess, [1.20070565e+00 1.86914593e-06].
2022-07-01 14:18:21,892 - INFO - Finished optimization with guess, [1.20070565e+00 1.86914593e-06].
2022-07-01 14:18:21,892 - INFO - Best fit parameters: [1.20070565e+00 1.86914593e-06].
2022-07-01 14:18:21,956 - INFO - Maximum log composite likelihood: -75.8506498476.
2022-07-01 14:18:21,957 - INFO - Optimal value of theta: 6138.17032217.
2022-07-01 14:18:21,957 - INFO - Beginning optimization with guess, [1.4301385e+00 1.0918253e-06].
2022-07-01 14:18:22,155 - INFO - Finished optimization with guess, [1.4301385e+00 1.0918253e-06].
2022-07-01 14:18:22,156 - INFO - Best fit parameters: [1.4301385e+00 1.0918253e-06].
2022-07-01 14:18:22,225 - INFO - Maximum log composite likelihood: -75.8506498336.
2022-07-01 14:18:22,226 - INFO - Optimal value of theta: 6138.17032222.
2022-07-01 14:18:22,227 - INFO - Beginning optimization with guess, [1.53852668e+00 1.98565132e-06].
2022-07-01 14:18:22,422 - INFO - Finished optimization with guess, [1.53852668e+00 1.98565132e-06].
2022-07-01 14:18:22,422 - INFO - Best fit parameters: [1.53852668e+00 1.98565132e-06].
2022-07-01 14:18:22,490 - INFO - Maximum log composite likelihood: -75.850649872.
2022-07-01 14:18:22,491 - INFO - Optimal value of theta: 6138.17032208.
2022-07-01 14:18:22,491 - INFO - Beginning optimization with guess, [1.64521142e+00 1.29339341e-06].
2022-07-01 14:18:22,691 - INFO - Finished optimization with guess, [1.64521142e+00 1.29339341e-06].
2022-07-01 14:18:22,691 - INFO - Best fit parameters: [1.64521142e+00 1.29339341e-06].
2022-07-01 14:18:22,755 - INFO - Maximum log composite likelihood: -75.8506498425.
2022-07-01 14:18:22,756 - INFO - Optimal value of theta: 6138.17032219.
2022-07-01 14:18:22,757 - INFO - Beginning optimization with guess, [1.71763937e+00 7.16553778e-07].
2022-07-01 14:18:22,955 - INFO - Finished optimization with guess, [1.71763937e+00 7.16553778e-07].
2022-07-01 14:18:22,956 - INFO - Best fit parameters: [1.71763937e+00 7.16553778e-07].
2022-07-01 14:18:23,020 - INFO - Maximum log composite likelihood: -75.8506498261.
2022-07-01 14:18:23,021 - INFO - Optimal value of theta: 6138.17032225.
2022-07-01 14:18:23,021 - INFO - Beginning optimization with guess, [2.77521322e+00 1.22121978e-06].
2022-07-01 14:18:23,222 - INFO - Finished optimization with guess, [2.77521322e+00 1.22121978e-06].
2022-07-01 14:18:23,222 - INFO - Best fit parameters: [2.77521322e+00 1.22121978e-06].
2022-07-01 14:18:23,287 - INFO - Maximum log composite likelihood: -75.8506498393.
2022-07-01 14:18:23,287 - INFO - Optimal value of theta: 6138.1703222.
2022-07-01 14:18:23,288 - INFO - Beginning optimization with guess, [4.58017270e+00 1.29635044e-06].
2022-07-01 14:18:23,488 - INFO - Finished optimization with guess, [4.58017270e+00 1.29635044e-06].
2022-07-01 14:18:23,489 - INFO - Best fit parameters: [4.58017270e+00 1.29635044e-06].
2022-07-01 14:18:23,552 - INFO - Maximum log composite likelihood: -75.850649836.
2022-07-01 14:18:23,553 - INFO - Optimal value of theta: 6138.17032221.
2022-07-01 14:18:23,553 - INFO - Beginning optimization with guess, [2.69930015e+00 5.09829702e-07].
2022-07-01 14:18:23,747 - INFO - Finished optimization with guess, [2.69930015e+00 5.09829702e-07].
2022-07-01 14:18:23,748 - INFO - Best fit parameters: [2.69930015e+00 5.09829702e-07].
2022-07-01 14:18:23,813 - INFO - Maximum log composite likelihood: -75.8506498223.
2022-07-01 14:18:23,813 - INFO - Optimal value of theta: 6138.17032227.
2022-07-01 14:18:23,814 - INFO - Beginning optimization with guess, [2.24296116e+00 1.86917329e-06].
2022-07-01 14:18:24,013 - INFO - Finished optimization with guess, [2.24296116e+00 1.86917329e-06].
2022-07-01 14:18:24,013 - INFO - Best fit parameters: [2.24296116e+00 1.86917329e-06].
2022-07-01 14:18:24,077 - INFO - Maximum log composite likelihood: -75.8506498702.
2022-07-01 14:18:24,077 - INFO - Optimal value of theta: 6138.17032208.
2022-07-01 14:18:24,078 - INFO - Beginning optimization with guess, [2.68066087e+00 6.13825796e-07].
2022-07-01 14:18:24,273 - INFO - Finished optimization with guess, [2.68066087e+00 6.13825796e-07].
2022-07-01 14:18:24,273 - INFO - Best fit parameters: [2.68066087e+00 6.13825796e-07].
2022-07-01 14:18:24,340 - INFO - Maximum log composite likelihood: -75.850649824.
2022-07-01 14:18:24,341 - INFO - Optimal value of theta: 6138.17032226.
2022-07-01 14:18:24,341 - INFO - Beginning optimization with guess, [2.91867395e+00 7.67772601e-07].
2022-07-01 14:18:24,540 - INFO - Finished optimization with guess, [2.91867395e+00 7.67772601e-07].
2022-07-01 14:18:24,540 - INFO - Best fit parameters: [2.91867395e+00 7.67772601e-07].
2022-07-01 14:18:24,604 - INFO - Maximum log composite likelihood: -75.8506498267.
2022-07-01 14:18:24,604 - INFO - Optimal value of theta: 6138.17032225.
2022-07-01 14:18:24,605 - INFO - Beginning optimization with guess, [4.77110688e+00 1.77685252e-06].
2022-07-01 14:18:24,803 - INFO - Finished optimization with guess, [4.77110688e+00 1.77685252e-06].
2022-07-01 14:18:24,803 - INFO - Best fit parameters: [4.77110688e+00 1.77685252e-06].
2022-07-01 14:18:24,868 - INFO - Maximum log composite likelihood: -75.8506498502.
2022-07-01 14:18:24,868 - INFO - Optimal value of theta: 6138.17032216.
2022-07-01 14:18:24,869 - INFO - Beginning optimization with guess, [9.94472342e+00 9.71584397e-07].
2022-07-01 14:18:25,070 - INFO - Finished optimization with guess, [9.94472342e+00 9.71584397e-07].
2022-07-01 14:18:25,071 - INFO - Best fit parameters: [9.94472342e+00 9.71584397e-07].
2022-07-01 14:18:25,136 - INFO - Maximum log composite likelihood: -75.8506498238.
2022-07-01 14:18:25,137 - INFO - Optimal value of theta: 6138.17032226.
2022-07-01 14:18:25,138 - INFO - Beginning optimization with guess, [4.68159484e+00 1.08714066e-06].
2022-07-01 14:18:25,340 - INFO - Finished optimization with guess, [4.68159484e+00 1.08714066e-06].
2022-07-01 14:18:25,340 - INFO - Best fit parameters: [4.68159484e+00 1.08714066e-06].
2022-07-01 14:18:25,405 - INFO - Maximum log composite likelihood: -75.8506498307.
2022-07-01 14:18:25,406 - INFO - Optimal value of theta: 6138.17032223.
2022-07-01 14:18:25,406 - INFO - Beginning optimization with guess, [1.56950935e+01 7.77362953e-07].
2022-07-01 14:18:25,606 - INFO - Finished optimization with guess, [1.56950935e+01 7.77362953e-07].
2022-07-01 14:18:25,607 - INFO - Best fit parameters: [1.56950935e+01 7.77362953e-07].
2022-07-01 14:18:25,671 - INFO - Maximum log composite likelihood: -75.8506498208.
2022-07-01 14:18:25,672 - INFO - Optimal value of theta: 6138.17032227.
2022-07-01 14:18:25,675 - INFO - Beginning demographic inference for exponential growth demographic model.
2022-07-01 14:18:25,677 - INFO - Beginning optimization with guess, [1.25177332e-01 8.67754059e-06].
2022-07-01 14:36:36,834 - INFO - Finished optimization with guess, [1.25177332e-01 8.67754059e-06].
2022-07-01 14:36:36,835 - INFO - Best fit parameters: [0.00317482 0.00026952].
2022-07-01 14:36:36,903 - INFO - Maximum log composite likelihood: -42.4937522757.
2022-07-01 14:36:36,904 - INFO - Optimal value of theta: 6564.25547985.
2022-07-01 14:36:36,904 - INFO - Beginning optimization with guess, [2.79208906e-01 7.30181977e-06].
2022-07-01 14:36:37,300 - INFO - Finished optimization with guess, [2.79208906e-01 7.30181977e-06].
2022-07-01 14:36:37,300 - INFO - Best fit parameters: [2.79188831e-01 7.30226066e-06].
2022-07-01 14:36:37,367 - INFO - Maximum log composite likelihood: -75.8506196875.
2022-07-01 14:36:37,368 - INFO - Optimal value of theta: 6138.17043716.
2022-07-01 14:36:37,369 - INFO - Beginning optimization with guess, [2.3899429e-01 1.4308234e-05].
2022-07-01 14:36:54,912 - INFO - Finished optimization with guess, [2.3899429e-01 1.4308234e-05].
2022-07-01 14:36:54,913 - INFO - Best fit parameters: [0.00490959 0.00041385].
2022-07-01 14:36:54,980 - INFO - Maximum log composite likelihood: -42.4903983012.
2022-07-01 14:36:54,981 - INFO - Optimal value of theta: 6559.72293308.
2022-07-01 14:36:54,981 - INFO - Beginning optimization with guess, [2.61257470e-01 6.39696379e-06].
2022-07-01 14:36:55,365 - INFO - Finished optimization with guess, [2.61257470e-01 6.39696379e-06].
2022-07-01 14:36:55,365 - INFO - Best fit parameters: [2.61240831e-01 6.39731080e-06].
2022-07-01 14:36:55,431 - INFO - Maximum log composite likelihood: -75.850622753.
2022-07-01 14:36:55,431 - INFO - Optimal value of theta: 6138.17042547.
2022-07-01 14:36:55,432 - INFO - Beginning optimization with guess, [3.42492649e-01 1.90795198e-05].
2022-07-01 14:36:55,823 - INFO - Finished optimization with guess, [3.42492649e-01 1.90795198e-05].
2022-07-01 14:36:55,823 - INFO - Best fit parameters: [3.42385177e-01 1.90842801e-05].
2022-07-01 14:36:55,886 - INFO - Maximum log composite likelihood: -75.8505249501.
2022-07-01 14:36:55,887 - INFO - Optimal value of theta: 6138.1707985.
2022-07-01 14:36:55,887 - INFO - Beginning optimization with guess, [3.85410880e-01 1.59705608e-05].
2022-07-01 14:36:56,273 - INFO - Finished optimization with guess, [3.85410880e-01 1.59705608e-05].
2022-07-01 14:36:56,273 - INFO - Best fit parameters: [3.85345641e-01 1.59726234e-05].
2022-07-01 14:36:56,335 - INFO - Maximum log composite likelihood: -75.8505852594.
2022-07-01 14:36:56,336 - INFO - Optimal value of theta: 6138.17056846.
2022-07-01 14:36:56,336 - INFO - Beginning optimization with guess, [3.58448658e-01 5.89106554e-06].
2022-07-01 14:36:56,718 - INFO - Finished optimization with guess, [3.58448658e-01 5.89106554e-06].
2022-07-01 14:36:56,719 - INFO - Best fit parameters: [3.58438954e-01 5.89119054e-06].
2022-07-01 14:36:56,784 - INFO - Maximum log composite likelihood: -75.8506392486.
2022-07-01 14:36:56,785 - INFO - Optimal value of theta: 6138.17036258.
2022-07-01 14:36:56,785 - INFO - Beginning optimization with guess, [8.72611485e-01 5.48402996e-06].
2022-07-01 14:36:56,986 - INFO - Finished optimization with guess, [8.72611485e-01 5.48402996e-06].
2022-07-01 14:36:56,986 - INFO - Best fit parameters: [8.72611485e-01 5.48402996e-06].
2022-07-01 14:36:57,055 - INFO - Maximum log composite likelihood: -75.8506495148.
2022-07-01 14:36:57,056 - INFO - Optimal value of theta: 6138.17032344.
2022-07-01 14:36:57,056 - INFO - Beginning optimization with guess, [1.42868744e+00 1.36026300e-05].
2022-07-01 14:36:57,249 - INFO - Finished optimization with guess, [1.42868744e+00 1.36026300e-05].
2022-07-01 14:36:57,249 - INFO - Best fit parameters: [1.42868744e+00 1.36026300e-05].
2022-07-01 14:36:57,318 - INFO - Maximum log composite likelihood: -75.8506521778.
2022-07-01 14:36:57,318 - INFO - Optimal value of theta: 6138.17031329.
2022-07-01 14:36:57,319 - INFO - Beginning optimization with guess, [1.13550738e+00 9.49688641e-06].
2022-07-01 14:36:57,512 - INFO - Finished optimization with guess, [1.13550738e+00 9.49688641e-06].
2022-07-01 14:36:57,512 - INFO - Best fit parameters: [1.13550738e+00 9.49688641e-06].
2022-07-01 14:36:57,575 - INFO - Maximum log composite likelihood: -75.8506503932.
2022-07-01 14:36:57,576 - INFO - Optimal value of theta: 6138.17032009.
2022-07-01 14:36:57,576 - INFO - Beginning optimization with guess, [8.50247206e-01 1.38661756e-05].
2022-07-01 14:36:57,958 - INFO - Finished optimization with guess, [8.50247206e-01 1.38661756e-05].
2022-07-01 14:36:57,959 - INFO - Best fit parameters: [8.50231363e-01 1.38662432e-05].
2022-07-01 14:36:58,024 - INFO - Maximum log composite likelihood: -75.8506473892.
2022-07-01 14:36:58,025 - INFO - Optimal value of theta: 6138.17033154.
2022-07-01 14:36:58,025 - INFO - Beginning optimization with guess, [9.79217521e-01 1.17547751e-05].
2022-07-01 14:36:58,218 - INFO - Finished optimization with guess, [9.79217521e-01 1.17547751e-05].
2022-07-01 14:36:58,218 - INFO - Best fit parameters: [9.79217521e-01 1.17547751e-05].
2022-07-01 14:36:58,281 - INFO - Maximum log composite likelihood: -75.8506496364.
2022-07-01 14:36:58,282 - INFO - Optimal value of theta: 6138.17032298.
2022-07-01 14:36:58,282 - INFO - Beginning optimization with guess, [1.76740047e+00 8.58084899e-06].
2022-07-01 14:36:58,474 - INFO - Finished optimization with guess, [1.76740047e+00 8.58084899e-06].
2022-07-01 14:36:58,475 - INFO - Best fit parameters: [1.76740047e+00 8.58084899e-06].
2022-07-01 14:36:58,539 - INFO - Maximum log composite likelihood: -75.8506509068.
2022-07-01 14:36:58,540 - INFO - Optimal value of theta: 6138.17031813.
2022-07-01 14:36:58,540 - INFO - Beginning optimization with guess, [1.26211600e+00 1.23818568e-05].
2022-07-01 14:36:58,731 - INFO - Finished optimization with guess, [1.26211600e+00 1.23818568e-05].
2022-07-01 14:36:58,731 - INFO - Best fit parameters: [1.26211600e+00 1.23818568e-05].
2022-07-01 14:36:58,798 - INFO - Maximum log composite likelihood: -75.8506513506.
2022-07-01 14:36:58,798 - INFO - Optimal value of theta: 6138.17031644.
2022-07-01 14:36:58,799 - INFO - Beginning optimization with guess, [3.17435639e+00 5.82004388e-06].
2022-07-01 14:36:59,060 - INFO - Finished optimization with guess, [3.17435639e+00 5.82004388e-06].
2022-07-01 14:36:59,060 - INFO - Best fit parameters: [3.17435639e+00 5.82004388e-06].
2022-07-01 14:36:59,158 - INFO - Maximum log composite likelihood: -75.8506502538.
2022-07-01 14:36:59,159 - INFO - Optimal value of theta: 6138.17032062.
2022-07-01 14:36:59,159 - INFO - Beginning optimization with guess, [2.47440811e+00 5.56138634e-06].
2022-07-01 14:36:59,453 - INFO - Finished optimization with guess, [2.47440811e+00 5.56138634e-06].
2022-07-01 14:36:59,453 - INFO - Best fit parameters: [2.47440811e+00 5.56138634e-06].
2022-07-01 14:36:59,552 - INFO - Maximum log composite likelihood: -75.8506502625.
2022-07-01 14:36:59,553 - INFO - Optimal value of theta: 6138.17032059.
2022-07-01 14:36:59,556 - INFO - Beginning optimization with guess, [4.64168562e+00 1.04057555e-05].
2022-07-01 14:36:59,803 - INFO - Finished optimization with guess, [4.64168562e+00 1.04057555e-05].
2022-07-01 14:36:59,803 - INFO - Best fit parameters: [4.64168562e+00 1.04057555e-05].
2022-07-01 14:36:59,867 - INFO - Maximum log composite likelihood: -75.8506509094.
2022-07-01 14:36:59,867 - INFO - Optimal value of theta: 6138.17031812.
2022-07-01 14:36:59,868 - INFO - Beginning optimization with guess, [2.24509523e+00 9.84702649e-06].
2022-07-01 14:37:00,058 - INFO - Finished optimization with guess, [2.24509523e+00 9.84702649e-06].
2022-07-01 14:37:00,058 - INFO - Best fit parameters: [2.24509523e+00 9.84702649e-06].
2022-07-01 14:37:00,122 - INFO - Maximum log composite likelihood: -75.8506512573.
2022-07-01 14:37:00,122 - INFO - Optimal value of theta: 6138.1703168.
2022-07-01 14:37:00,123 - INFO - Beginning optimization with guess, [5.16956863e+00 7.65180264e-06].
2022-07-01 14:37:00,313 - INFO - Finished optimization with guess, [5.16956863e+00 7.65180264e-06].
2022-07-01 14:37:00,313 - INFO - Best fit parameters: [5.16956863e+00 7.65180264e-06].
2022-07-01 14:37:00,377 - INFO - Maximum log composite likelihood: -75.8506503624.
2022-07-01 14:37:00,377 - INFO - Optimal value of theta: 6138.17032021.
2022-07-01 14:37:00,378 - INFO - Beginning optimization with guess, [3.04856959e+00 8.53595173e-06].
2022-07-01 14:37:00,568 - INFO - Finished optimization with guess, [3.04856959e+00 8.53595173e-06].
2022-07-01 14:37:00,568 - INFO - Best fit parameters: [3.04856959e+00 8.53595173e-06].
2022-07-01 14:37:00,631 - INFO - Maximum log composite likelihood: -75.8506507777.
2022-07-01 14:37:00,632 - INFO - Optimal value of theta: 6138.17031863.
2022-07-01 14:37:00,632 - INFO - Beginning optimization with guess, [2.97039219e+00 1.52872366e-05].
2022-07-01 14:37:00,825 - INFO - Finished optimization with guess, [2.97039219e+00 1.52872366e-05].
2022-07-01 14:37:00,825 - INFO - Best fit parameters: [2.97039219e+00 1.52872366e-05].
2022-07-01 14:37:00,889 - INFO - Maximum log composite likelihood: -75.8506529608.
2022-07-01 14:37:00,890 - INFO - Optimal value of theta: 6138.1703103.
2022-07-01 14:37:00,890 - INFO - Beginning optimization with guess, [2.95277365e+00 1.42638700e-05].
2022-07-01 14:37:01,081 - INFO - Finished optimization with guess, [2.95277365e+00 1.42638700e-05].
2022-07-01 14:37:01,081 - INFO - Best fit parameters: [2.95277365e+00 1.42638700e-05].
2022-07-01 14:37:01,150 - INFO - Maximum log composite likelihood: -75.8506525596.
2022-07-01 14:37:01,151 - INFO - Optimal value of theta: 6138.17031183.
2022-07-01 14:37:01,151 - INFO - Beginning optimization with guess, [5.12890277e+00 6.17553147e-06].
2022-07-01 14:37:01,351 - INFO - Finished optimization with guess, [5.12890277e+00 6.17553147e-06].
2022-07-01 14:37:01,351 - INFO - Best fit parameters: [5.12890277e+00 6.17553147e-06].
2022-07-01 14:37:01,415 - INFO - Maximum log composite likelihood: -75.8506501752.
2022-07-01 14:37:01,416 - INFO - Optimal value of theta: 6138.17032092.
2022-07-01 14:37:01,416 - INFO - Beginning optimization with guess, [3.77949139e+00 1.09401271e-05].
2022-07-01 14:37:01,607 - INFO - Finished optimization with guess, [3.77949139e+00 1.09401271e-05].
2022-07-01 14:37:01,607 - INFO - Best fit parameters: [3.77949139e+00 1.09401271e-05].
2022-07-01 14:37:01,670 - INFO - Maximum log composite likelihood: -75.8506512098.
2022-07-01 14:37:01,671 - INFO - Optimal value of theta: 6138.17031698.
2022-07-01 14:37:01,671 - INFO - Beginning optimization with guess, [1.51688896e+01 5.05202838e-06].
2022-07-01 14:37:01,870 - INFO - Finished optimization with guess, [1.51688896e+01 5.05202838e-06].
2022-07-01 14:37:01,870 - INFO - Best fit parameters: [1.51688896e+01 5.05202838e-06].
2022-07-01 14:37:01,937 - INFO - Maximum log composite likelihood: -75.8506499135.
2022-07-01 14:37:01,938 - INFO - Optimal value of theta: 6138.17032192.
2022-07-01 14:37:01,941 - INFO - Beginning demographic inference for bottleneck + growth demographic model.
2022-07-01 14:37:01,950 - INFO - Beginning optimization with guess, [5.37099113e-02 1.89984630e-01 8.89884541e-07].
2022-07-01 14:37:02,210 - INFO - Finished optimization with guess, [5.37099113e-02 1.89984630e-01 8.89884541e-07].
2022-07-01 14:37:02,210 - INFO - Best fit parameters: [5.37099113e-02 1.89984630e-01 8.89884541e-07].
2022-07-01 14:37:02,280 - INFO - Maximum log composite likelihood: -75.8506487501.
2022-07-01 14:37:02,280 - INFO - Optimal value of theta: 6138.17032635.
2022-07-01 14:37:02,281 - INFO - Beginning optimization with guess, [1.08097775e-01 1.15511321e-01 6.40932360e-07].
2022-07-01 14:37:02,536 - INFO - Finished optimization with guess, [1.08097775e-01 1.15511321e-01 6.40932360e-07].
2022-07-01 14:37:02,536 - INFO - Best fit parameters: [1.08097775e-01 1.15511321e-01 6.40932360e-07].
2022-07-01 14:37:02,602 - INFO - Maximum log composite likelihood: -75.8506481773.
2022-07-01 14:37:02,603 - INFO - Optimal value of theta: 6138.17032854.
2022-07-01 14:37:02,603 - INFO - Beginning optimization with guess, [2.16662705e-01 3.97352549e-01 7.37305806e-07].
2022-07-01 14:37:02,861 - INFO - Finished optimization with guess, [2.16662705e-01 3.97352549e-01 7.37305806e-07].
2022-07-01 14:37:02,861 - INFO - Best fit parameters: [2.16662705e-01 3.97352549e-01 7.37305806e-07].
2022-07-01 14:37:02,926 - INFO - Maximum log composite likelihood: -75.8506496951.
2022-07-01 14:37:02,927 - INFO - Optimal value of theta: 6138.17032275.
2022-07-01 14:37:02,927 - INFO - Beginning optimization with guess, [7.15760887e-01 3.11521263e-01 7.92505511e-07].
2022-07-01 14:37:03,190 - INFO - Finished optimization with guess, [7.15760887e-01 3.11521263e-01 7.92505511e-07].
2022-07-01 14:37:03,191 - INFO - Best fit parameters: [7.15760887e-01 3.11521263e-01 7.92505511e-07].
2022-07-01 14:37:03,255 - INFO - Maximum log composite likelihood: -75.8506495528.
2022-07-01 14:37:03,256 - INFO - Optimal value of theta: 6138.17032329.
2022-07-01 14:37:03,256 - INFO - Beginning optimization with guess, [5.99160685e-01 7.27717533e-01 7.88137515e-07].
2022-07-01 14:37:03,513 - INFO - Finished optimization with guess, [5.99160685e-01 7.27717533e-01 7.88137515e-07].
2022-07-01 14:37:03,513 - INFO - Best fit parameters: [5.99160685e-01 7.27717533e-01 7.88137515e-07].
2022-07-01 14:37:03,576 - INFO - Maximum log composite likelihood: -75.8506497996.
2022-07-01 14:37:03,577 - INFO - Optimal value of theta: 6138.17032235.
2022-07-01 14:37:03,577 - INFO - Beginning optimization with guess, [3.45451890e-01 1.02279447e+00 1.55573694e-06].
2022-07-01 14:37:03,839 - INFO - Finished optimization with guess, [3.45451890e-01 1.02279447e+00 1.55573694e-06].
2022-07-01 14:37:03,839 - INFO - Best fit parameters: [3.45451890e-01 1.02279447e+00 1.55573694e-06].
2022-07-01 14:37:03,909 - INFO - Maximum log composite likelihood: -75.8506498218.
2022-07-01 14:37:03,910 - INFO - Optimal value of theta: 6138.17032227.
2022-07-01 14:37:03,911 - INFO - Beginning optimization with guess, [6.67161514e-01 1.31027220e+00 1.60307003e-06].
2022-07-01 14:37:04,170 - INFO - Finished optimization with guess, [6.67161514e-01 1.31027220e+00 1.60307003e-06].
2022-07-01 14:37:04,170 - INFO - Best fit parameters: [6.67161514e-01 1.31027220e+00 1.60307003e-06].
2022-07-01 14:37:04,239 - INFO - Maximum log composite likelihood: -75.8506498463.
2022-07-01 14:37:04,239 - INFO - Optimal value of theta: 6138.17032218.
2022-07-01 14:37:04,240 - INFO - Beginning optimization with guess, [1.50543082e+00 6.17939216e-01 1.96345236e-06].
2022-07-01 14:37:04,497 - INFO - Finished optimization with guess, [1.50543082e+00 6.17939216e-01 1.96345236e-06].
2022-07-01 14:37:04,497 - INFO - Best fit parameters: [1.50543082e+00 6.17939216e-01 1.96345236e-06].
2022-07-01 14:37:04,563 - INFO - Maximum log composite likelihood: -75.850649588.
2022-07-01 14:37:04,564 - INFO - Optimal value of theta: 6138.17032316.
2022-07-01 14:37:04,564 - INFO - Beginning optimization with guess, [5.24894806e-01 4.73959793e-01 1.01082500e-06].
2022-07-01 14:37:04,828 - INFO - Finished optimization with guess, [5.24894806e-01 4.73959793e-01 1.01082500e-06].
2022-07-01 14:37:04,828 - INFO - Best fit parameters: [5.24894806e-01 4.73959793e-01 1.01082500e-06].
2022-07-01 14:37:04,898 - INFO - Maximum log composite likelihood: -75.8506496761.
2022-07-01 14:37:04,899 - INFO - Optimal value of theta: 6138.17032282.
2022-07-01 14:37:04,899 - INFO - Beginning optimization with guess, [6.63082953e-01 1.58011037e+00 1.74995325e-06].
2022-07-01 14:37:05,161 - INFO - Finished optimization with guess, [6.63082953e-01 1.58011037e+00 1.74995325e-06].
2022-07-01 14:37:05,162 - INFO - Best fit parameters: [6.63082953e-01 1.58011037e+00 1.74995325e-06].
2022-07-01 14:37:05,225 - INFO - Maximum log composite likelihood: -75.850649861.
2022-07-01 14:37:05,225 - INFO - Optimal value of theta: 6138.17032212.
2022-07-01 14:37:05,226 - INFO - Beginning optimization with guess, [6.54056064e-01 1.67296779e+00 9.52587450e-07].
2022-07-01 14:37:05,482 - INFO - Finished optimization with guess, [6.54056064e-01 1.67296779e+00 9.52587450e-07].
2022-07-01 14:37:05,482 - INFO - Best fit parameters: [6.54056064e-01 1.67296779e+00 9.52587450e-07].
2022-07-01 14:37:05,547 - INFO - Maximum log composite likelihood: -75.8506498317.
2022-07-01 14:37:05,547 - INFO - Optimal value of theta: 6138.17032223.
2022-07-01 14:37:05,548 - INFO - Beginning optimization with guess, [9.01293517e-01 1.87675527e+00 7.25835546e-07].
2022-07-01 14:37:05,806 - INFO - Finished optimization with guess, [9.01293517e-01 1.87675527e+00 7.25835546e-07].
2022-07-01 14:37:05,806 - INFO - Best fit parameters: [9.01293517e-01 1.87675527e+00 7.25835546e-07].
2022-07-01 14:37:05,873 - INFO - Maximum log composite likelihood: -75.8506498265.
2022-07-01 14:37:05,874 - INFO - Optimal value of theta: 6138.17032225.
2022-07-01 14:37:05,874 - INFO - Beginning optimization with guess, [2.34633991e+00 1.97136440e+00 9.77855330e-07].
2022-07-01 14:37:06,132 - INFO - Finished optimization with guess, [2.34633991e+00 1.97136440e+00 9.77855330e-07].
2022-07-01 14:37:06,132 - INFO - Best fit parameters: [2.34633991e+00 1.97136440e+00 9.77855330e-07].
2022-07-01 14:37:06,199 - INFO - Maximum log composite likelihood: -75.850649833.
2022-07-01 14:37:06,199 - INFO - Optimal value of theta: 6138.17032223.
2022-07-01 14:37:06,200 - INFO - Beginning optimization with guess, [2.84042618e+00 1.58940364e+00 5.07125524e-07].
2022-07-01 14:37:06,456 - INFO - Finished optimization with guess, [2.84042618e+00 1.58940364e+00 5.07125524e-07].
2022-07-01 14:37:06,456 - INFO - Best fit parameters: [2.84042618e+00 1.58940364e+00 5.07125524e-07].
2022-07-01 14:37:06,523 - INFO - Maximum log composite likelihood: -75.8506498222.
2022-07-01 14:37:06,523 - INFO - Optimal value of theta: 6138.17032227.
2022-07-01 14:37:06,524 - INFO - Beginning optimization with guess, [1.14655582e+00 2.03794593e+00 5.63845809e-07].
2022-07-01 14:37:06,779 - INFO - Finished optimization with guess, [1.14655582e+00 2.03794593e+00 5.63845809e-07].
2022-07-01 14:37:06,779 - INFO - Best fit parameters: [1.14655582e+00 2.03794593e+00 5.63845809e-07].
2022-07-01 14:37:06,842 - INFO - Maximum log composite likelihood: -75.8506498234.
2022-07-01 14:37:06,843 - INFO - Optimal value of theta: 6138.17032226.
2022-07-01 14:37:06,843 - INFO - Beginning optimization with guess, [3.71793442e+00 2.88836744e+00 5.25465022e-07].
2022-07-01 14:37:07,102 - INFO - Finished optimization with guess, [3.71793442e+00 2.88836744e+00 5.25465022e-07].
2022-07-01 14:37:07,102 - INFO - Best fit parameters: [3.71793442e+00 2.88836744e+00 5.25465022e-07].
2022-07-01 14:37:07,165 - INFO - Maximum log composite likelihood: -75.8506498224.
2022-07-01 14:37:07,166 - INFO - Optimal value of theta: 6138.17032227.
2022-07-01 14:37:07,168 - INFO - Beginning optimization with guess, [2.73557109e+00 5.01780303e+00 9.89765928e-07].
2022-07-01 14:37:07,425 - INFO - Finished optimization with guess, [2.73557109e+00 5.01780303e+00 9.89765928e-07].
2022-07-01 14:37:07,425 - INFO - Best fit parameters: [2.73557109e+00 5.01780303e+00 9.89765928e-07].
2022-07-01 14:37:07,488 - INFO - Maximum log composite likelihood: -75.8506498281.
2022-07-01 14:37:07,488 - INFO - Optimal value of theta: 6138.17032224.
2022-07-01 14:37:07,489 - INFO - Beginning optimization with guess, [5.57300901e+00 2.15625792e+00 5.21911224e-07].
2022-07-01 14:37:07,747 - INFO - Finished optimization with guess, [5.57300901e+00 2.15625792e+00 5.21911224e-07].
2022-07-01 14:37:07,747 - INFO - Best fit parameters: [5.57300901e+00 2.15625792e+00 5.21911224e-07].
2022-07-01 14:37:07,815 - INFO - Maximum log composite likelihood: -75.8506498227.
2022-07-01 14:37:07,816 - INFO - Optimal value of theta: 6138.17032226.
2022-07-01 14:37:07,816 - INFO - Beginning optimization with guess, [4.90081835e+00 4.97011899e+00 5.76889542e-07].
2022-07-01 14:37:08,076 - INFO - Finished optimization with guess, [4.90081835e+00 4.97011899e+00 5.76889542e-07].
2022-07-01 14:37:08,077 - INFO - Best fit parameters: [4.90081835e+00 4.97011899e+00 5.76889542e-07].
2022-07-01 14:37:08,144 - INFO - Maximum log composite likelihood: -75.8506498219.
2022-07-01 14:37:08,145 - INFO - Optimal value of theta: 6138.17032227.
2022-07-01 14:37:08,145 - INFO - Beginning optimization with guess, [2.61018217e+00 3.70218507e+00 8.24392187e-07].
2022-07-01 14:37:08,407 - INFO - Finished optimization with guess, [2.61018217e+00 3.70218507e+00 8.24392187e-07].
2022-07-01 14:37:08,407 - INFO - Best fit parameters: [2.61018217e+00 3.70218507e+00 8.24392187e-07].
2022-07-01 14:37:08,471 - INFO - Maximum log composite likelihood: -75.8506498268.
2022-07-01 14:37:08,472 - INFO - Optimal value of theta: 6138.17032225.
2022-07-01 14:37:08,472 - INFO - Beginning optimization with guess, [2.07202133e+00 3.62895777e+00 1.67400573e-06].
2022-07-01 14:37:08,732 - INFO - Finished optimization with guess, [2.07202133e+00 3.62895777e+00 1.67400573e-06].
2022-07-01 14:37:08,732 - INFO - Best fit parameters: [2.07202133e+00 3.62895777e+00 1.67400573e-06].
2022-07-01 14:37:08,795 - INFO - Maximum log composite likelihood: -75.8506498523.
2022-07-01 14:37:08,796 - INFO - Optimal value of theta: 6138.17032215.
2022-07-01 14:37:08,796 - INFO - Beginning optimization with guess, [3.48791754e+00 3.70847132e+00 5.28514510e-07].
2022-07-01 14:37:09,066 - INFO - Finished optimization with guess, [3.48791754e+00 3.70847132e+00 5.28514510e-07].
2022-07-01 14:37:09,066 - INFO - Best fit parameters: [3.48791754e+00 3.70847132e+00 5.28514510e-07].
2022-07-01 14:37:09,130 - INFO - Maximum log composite likelihood: -75.850649822.
2022-07-01 14:37:09,131 - INFO - Optimal value of theta: 6138.17032227.
2022-07-01 14:37:09,132 - INFO - Beginning optimization with guess, [3.49273830e+00 7.98712075e+00 1.47960807e-06].
2022-07-01 14:37:09,392 - INFO - Finished optimization with guess, [3.49273830e+00 7.98712075e+00 1.47960807e-06].
2022-07-01 14:37:09,392 - INFO - Best fit parameters: [3.49273830e+00 7.98712075e+00 1.47960807e-06].
2022-07-01 14:37:09,460 - INFO - Maximum log composite likelihood: -75.8506498332.
2022-07-01 14:37:09,461 - INFO - Optimal value of theta: 6138.17032223.
2022-07-01 14:37:09,461 - INFO - Beginning optimization with guess, [7.53671153e+00 9.89887418e+00 7.87591241e-07].
2022-07-01 14:37:09,717 - INFO - Finished optimization with guess, [7.53671153e+00 9.89887418e+00 7.87591241e-07].
2022-07-01 14:37:09,717 - INFO - Best fit parameters: [7.53671153e+00 9.89887418e+00 7.87591241e-07].
2022-07-01 14:37:09,783 - INFO - Maximum log composite likelihood: -75.8506498221.
2022-07-01 14:37:09,784 - INFO - Optimal value of theta: 6138.17032227.
2022-07-01 14:37:09,784 - INFO - Beginning optimization with guess, [5.01934829e+00 5.70617396e+00 1.65463722e-06].
2022-07-01 14:37:10,041 - INFO - Finished optimization with guess, [5.01934829e+00 5.70617396e+00 1.65463722e-06].
2022-07-01 14:37:10,042 - INFO - Best fit parameters: [5.01934829e+00 5.70617396e+00 1.65463722e-06].
2022-07-01 14:37:10,105 - INFO - Maximum log composite likelihood: -75.8506498426.
2022-07-01 14:37:10,106 - INFO - Optimal value of theta: 6138.17032219.
2022-07-01 14:37:10,109 - INFO - Beginning demographic inference for three-epoch demographic model.
2022-07-01 14:37:10,119 - INFO - Beginning optimization with guess, [6.48568713e-02 1.98566246e-01 7.66042153e-07 1.29448204e-06].
2022-07-01 14:37:10,782 - INFO - Finished optimization with guess, [6.48568713e-02 1.98566246e-01 7.66042153e-07 1.29448204e-06].
2022-07-01 14:37:10,782 - INFO - Best fit parameters: [6.48554958e-02 1.98564442e-01 7.66057768e-07 1.29449314e-06].
2022-07-01 14:37:10,847 - INFO - Maximum log composite likelihood: -75.850635404.
2022-07-01 14:37:10,849 - INFO - Optimal value of theta: 6138.17037723.
2022-07-01 14:37:10,849 - INFO - Beginning optimization with guess, [2.05559585e-01 3.46398981e-01 6.46972329e-07 1.21353993e-06].
2022-07-01 14:37:11,173 - INFO - Finished optimization with guess, [2.05559585e-01 3.46398981e-01 6.46972329e-07 1.21353993e-06].
2022-07-01 14:37:11,173 - INFO - Best fit parameters: [2.05559585e-01 3.46398981e-01 6.46972329e-07 1.21353993e-06].
2022-07-01 14:37:11,238 - INFO - Maximum log composite likelihood: -75.850648337.
2022-07-01 14:37:11,238 - INFO - Optimal value of theta: 6138.17032793.
2022-07-01 14:37:11,239 - INFO - Beginning optimization with guess, [1.85878222e-01 1.81165806e-01 5.45511889e-07 6.04028602e-07].
2022-07-01 14:37:11,570 - INFO - Finished optimization with guess, [1.85878222e-01 1.81165806e-01 5.45511889e-07 6.04028602e-07].
2022-07-01 14:37:11,571 - INFO - Best fit parameters: [1.85878222e-01 1.81165806e-01 5.45511889e-07 6.04028602e-07].
2022-07-01 14:37:11,635 - INFO - Maximum log composite likelihood: -75.850648373.
2022-07-01 14:37:11,636 - INFO - Optimal value of theta: 6138.17032779.
2022-07-01 14:37:11,636 - INFO - Beginning optimization with guess, [2.07116655e-01 4.67382422e-01 6.81853506e-07 1.38013879e-06].
2022-07-01 14:37:11,966 - INFO - Finished optimization with guess, [2.07116655e-01 4.67382422e-01 6.81853506e-07 1.38013879e-06].
2022-07-01 14:37:11,967 - INFO - Best fit parameters: [2.07116655e-01 4.67382422e-01 6.81853506e-07 1.38013879e-06].
2022-07-01 14:37:12,031 - INFO - Maximum log composite likelihood: -75.8506485607.
2022-07-01 14:37:12,031 - INFO - Optimal value of theta: 6138.17032708.
2022-07-01 14:37:12,032 - INFO - Beginning optimization with guess, [4.26578941e-01 2.60556135e-01 5.58815338e-07 1.17084107e-06].
2022-07-01 14:37:12,362 - INFO - Finished optimization with guess, [4.26578941e-01 2.60556135e-01 5.58815338e-07 1.17084107e-06].
2022-07-01 14:37:12,362 - INFO - Best fit parameters: [4.26578941e-01 2.60556135e-01 5.58815338e-07 1.17084107e-06].
2022-07-01 14:37:12,427 - INFO - Maximum log composite likelihood: -75.8506486593.
2022-07-01 14:37:12,428 - INFO - Optimal value of theta: 6138.1703267.
2022-07-01 14:37:12,428 - INFO - Beginning optimization with guess, [3.63802552e-01 5.76703799e-01 5.10688182e-07 6.47242907e-07].
2022-07-01 14:37:12,758 - INFO - Finished optimization with guess, [3.63802552e-01 5.76703799e-01 5.10688182e-07 6.47242907e-07].
2022-07-01 14:37:12,758 - INFO - Best fit parameters: [3.63802552e-01 5.76703799e-01 5.10688182e-07 6.47242907e-07].
2022-07-01 14:37:12,823 - INFO - Maximum log composite likelihood: -75.8506496528.
2022-07-01 14:37:12,823 - INFO - Optimal value of theta: 6138.17032291.
2022-07-01 14:37:12,824 - INFO - Beginning optimization with guess, [1.32687313e+00 6.96254230e-01 1.65281559e-06 1.53531257e-06].
2022-07-01 14:37:13,152 - INFO - Finished optimization with guess, [1.32687313e+00 6.96254230e-01 1.65281559e-06 1.53531257e-06].
2022-07-01 14:37:13,152 - INFO - Best fit parameters: [1.32687313e+00 6.96254230e-01 1.65281559e-06 1.53531257e-06].
2022-07-01 14:37:13,219 - INFO - Maximum log composite likelihood: -75.8506498144.
2022-07-01 14:37:13,221 - INFO - Optimal value of theta: 6138.1703223.
2022-07-01 14:37:13,222 - INFO - Beginning optimization with guess, [7.99287915e-01 7.06882987e-01 5.95147860e-07 6.02700673e-07].
2022-07-01 14:37:13,551 - INFO - Finished optimization with guess, [7.99287915e-01 7.06882987e-01 5.95147860e-07 6.02700673e-07].
2022-07-01 14:37:13,551 - INFO - Best fit parameters: [7.99287915e-01 7.06882987e-01 5.95147860e-07 6.02700673e-07].
2022-07-01 14:37:13,615 - INFO - Maximum log composite likelihood: -75.8506497917.
2022-07-01 14:37:13,616 - INFO - Optimal value of theta: 6138.17032238.
2022-07-01 14:37:13,616 - INFO - Beginning optimization with guess, [4.89526386e-01 9.40397280e-01 6.20996933e-07 8.28109680e-07].
2022-07-01 14:37:13,953 - INFO - Finished optimization with guess, [4.89526386e-01 9.40397280e-01 6.20996933e-07 8.28109680e-07].
2022-07-01 14:37:13,953 - INFO - Best fit parameters: [4.89526386e-01 9.40397280e-01 6.20996933e-07 8.28109680e-07].
2022-07-01 14:37:14,019 - INFO - Maximum log composite likelihood: -75.8506497332.
2022-07-01 14:37:14,020 - INFO - Optimal value of theta: 6138.17032261.
2022-07-01 14:37:14,020 - INFO - Beginning optimization with guess, [7.22124363e-01 1.32304413e+00 1.65728127e-06 6.06082775e-07].
2022-07-01 14:37:14,344 - INFO - Finished optimization with guess, [7.22124363e-01 1.32304413e+00 1.65728127e-06 6.06082775e-07].
2022-07-01 14:37:14,344 - INFO - Best fit parameters: [7.22124363e-01 1.32304413e+00 1.65728127e-06 6.06082775e-07].
2022-07-01 14:37:14,408 - INFO - Maximum log composite likelihood: -75.8506497181.
2022-07-01 14:37:14,409 - INFO - Optimal value of theta: 6138.17032266.
2022-07-01 14:37:14,409 - INFO - Beginning optimization with guess, [2.34913426e+00 1.76323029e+00 1.53607049e-06 1.22439358e-06].
2022-07-01 14:37:14,732 - INFO - Finished optimization with guess, [2.34913426e+00 1.76323029e+00 1.53607049e-06 1.22439358e-06].
2022-07-01 14:37:14,732 - INFO - Best fit parameters: [2.34913426e+00 1.76323029e+00 1.53607049e-06 1.22439358e-06].
2022-07-01 14:37:14,797 - INFO - Maximum log composite likelihood: -75.8506499115.
2022-07-01 14:37:14,797 - INFO - Optimal value of theta: 6138.17032193.
2022-07-01 14:37:14,798 - INFO - Beginning optimization with guess, [8.61163042e-01 2.11621676e+00 1.43861227e-06 7.13393160e-07].
2022-07-01 14:37:15,120 - INFO - Finished optimization with guess, [8.61163042e-01 2.11621676e+00 1.43861227e-06 7.13393160e-07].
2022-07-01 14:37:15,120 - INFO - Best fit parameters: [8.61163042e-01 2.11621676e+00 1.43861227e-06 7.13393160e-07].
2022-07-01 14:37:15,184 - INFO - Maximum log composite likelihood: -75.8506497986.
2022-07-01 14:37:15,185 - INFO - Optimal value of theta: 6138.17032236.
2022-07-01 14:37:15,185 - INFO - Beginning optimization with guess, [1.00148131e+00 1.62214792e+00 5.41307650e-07 7.06295765e-07].
2022-07-01 14:37:15,508 - INFO - Finished optimization with guess, [1.00148131e+00 1.62214792e+00 5.41307650e-07 7.06295765e-07].
2022-07-01 14:37:15,508 - INFO - Best fit parameters: [1.00148131e+00 1.62214792e+00 5.41307650e-07 7.06295765e-07].
2022-07-01 14:37:15,572 - INFO - Maximum log composite likelihood: -75.8506498258.
2022-07-01 14:37:15,573 - INFO - Optimal value of theta: 6138.17032225.
2022-07-01 14:37:15,573 - INFO - Beginning optimization with guess, [3.68224917e+00 1.48391429e+00 1.17644257e-06 1.33519580e-06].
2022-07-01 14:37:15,896 - INFO - Finished optimization with guess, [3.68224917e+00 1.48391429e+00 1.17644257e-06 1.33519580e-06].
2022-07-01 14:37:15,896 - INFO - Best fit parameters: [3.68224917e+00 1.48391429e+00 1.17644257e-06 1.33519580e-06].
2022-07-01 14:37:15,960 - INFO - Maximum log composite likelihood: -75.8506499043.
2022-07-01 14:37:15,961 - INFO - Optimal value of theta: 6138.17032195.
2022-07-01 14:37:15,961 - INFO - Beginning optimization with guess, [3.55780094e+00 1.75816626e+00 1.24076123e-06 6.80045424e-07].
2022-07-01 14:37:16,290 - INFO - Finished optimization with guess, [3.55780094e+00 1.75816626e+00 1.24076123e-06 6.80045424e-07].
2022-07-01 14:37:16,290 - INFO - Best fit parameters: [3.55780094e+00 1.75816626e+00 1.24076123e-06 6.80045424e-07].
2022-07-01 14:37:16,355 - INFO - Maximum log composite likelihood: -75.8506498648.
2022-07-01 14:37:16,356 - INFO - Optimal value of theta: 6138.1703221.
2022-07-01 14:37:16,356 - INFO - Beginning optimization with guess, [1.70986561e+00 1.35517759e+00 1.15119895e-06 5.04664001e-07].
2022-07-01 14:37:16,689 - INFO - Finished optimization with guess, [1.70986561e+00 1.35517759e+00 1.15119895e-06 5.04664001e-07].
2022-07-01 14:37:16,689 - INFO - Best fit parameters: [1.70986561e+00 1.35517759e+00 1.15119895e-06 5.04664001e-07].
2022-07-01 14:37:16,756 - INFO - Maximum log composite likelihood: -75.8506498514.
2022-07-01 14:37:16,757 - INFO - Optimal value of theta: 6138.17032216.
2022-07-01 14:37:16,757 - INFO - Beginning optimization with guess, [1.87376477e+00 1.38148639e+00 1.68627954e-06 5.50405148e-07].
2022-07-01 14:37:17,084 - INFO - Finished optimization with guess, [1.87376477e+00 1.38148639e+00 1.68627954e-06 5.50405148e-07].
2022-07-01 14:37:17,085 - INFO - Best fit parameters: [1.87376477e+00 1.38148639e+00 1.68627954e-06 5.50405148e-07].
2022-07-01 14:37:17,151 - INFO - Maximum log composite likelihood: -75.8506498831.
2022-07-01 14:37:17,152 - INFO - Optimal value of theta: 6138.17032203.
2022-07-01 14:37:17,152 - INFO - Beginning optimization with guess, [3.80050312e+00 3.22183205e+00 1.61100980e-06 1.22251222e-06].
2022-07-01 14:37:17,483 - INFO - Finished optimization with guess, [3.80050312e+00 3.22183205e+00 1.61100980e-06 1.22251222e-06].
2022-07-01 14:37:17,483 - INFO - Best fit parameters: [3.80050312e+00 3.22183205e+00 1.61100980e-06 1.22251222e-06].
2022-07-01 14:37:17,548 - INFO - Maximum log composite likelihood: -75.850649895.
2022-07-01 14:37:17,548 - INFO - Optimal value of theta: 6138.17032199.
2022-07-01 14:37:17,549 - INFO - Beginning optimization with guess, [3.57381974e+00 1.81309045e+00 1.45932361e-06 1.35873832e-06].
2022-07-01 14:37:17,882 - INFO - Finished optimization with guess, [3.57381974e+00 1.81309045e+00 1.45932361e-06 1.35873832e-06].
2022-07-01 14:37:17,883 - INFO - Best fit parameters: [3.57381974e+00 1.81309045e+00 1.45932361e-06 1.35873832e-06].
2022-07-01 14:37:17,947 - INFO - Maximum log composite likelihood: -75.8506499185.
2022-07-01 14:37:17,948 - INFO - Optimal value of theta: 6138.1703219.
2022-07-01 14:37:17,949 - INFO - Beginning optimization with guess, [3.53246090e+00 2.43231349e+00 1.31365852e-06 5.19344992e-07].
2022-07-01 14:37:18,277 - INFO - Finished optimization with guess, [3.53246090e+00 2.43231349e+00 1.31365852e-06 5.19344992e-07].
2022-07-01 14:37:18,277 - INFO - Best fit parameters: [3.53246090e+00 2.43231349e+00 1.31365852e-06 5.19344992e-07].
2022-07-01 14:37:18,345 - INFO - Maximum log composite likelihood: -75.8506498557.
2022-07-01 14:37:18,345 - INFO - Optimal value of theta: 6138.17032214.
2022-07-01 14:37:18,346 - INFO - Beginning optimization with guess, [7.19962378e+00 7.27560043e+00 1.37745845e-06 8.79161593e-07].
2022-07-01 14:37:18,675 - INFO - Finished optimization with guess, [7.19962378e+00 7.27560043e+00 1.37745845e-06 8.79161593e-07].
2022-07-01 14:37:18,676 - INFO - Best fit parameters: [7.19962378e+00 7.27560043e+00 1.37745845e-06 8.79161593e-07].
2022-07-01 14:37:18,743 - INFO - Maximum log composite likelihood: -75.8506498466.
2022-07-01 14:37:18,743 - INFO - Optimal value of theta: 6138.17032217.
2022-07-01 14:37:18,744 - INFO - Beginning optimization with guess, [5.88082838e+00 4.26065656e+00 1.15544494e-06 9.41222882e-07].
2022-07-01 14:37:19,089 - INFO - Finished optimization with guess, [5.88082838e+00 4.26065656e+00 1.15544494e-06 9.41222882e-07].
2022-07-01 14:37:19,090 - INFO - Best fit parameters: [5.88082838e+00 4.26065656e+00 1.15544494e-06 9.41222882e-07].
2022-07-01 14:37:19,157 - INFO - Maximum log composite likelihood: -75.8506498524.
2022-07-01 14:37:19,158 - INFO - Optimal value of theta: 6138.17032215.
2022-07-01 14:37:19,158 - INFO - Beginning optimization with guess, [3.98065677e+00 8.18425432e+00 1.43492216e-06 1.06076634e-06].
2022-07-01 14:37:19,493 - INFO - Finished optimization with guess, [3.98065677e+00 8.18425432e+00 1.43492216e-06 1.06076634e-06].
2022-07-01 14:37:19,494 - INFO - Best fit parameters: [3.98065677e+00 8.18425432e+00 1.43492216e-06 1.06076634e-06].
2022-07-01 14:37:19,562 - INFO - Maximum log composite likelihood: -75.8506498577.
2022-07-01 14:37:19,563 - INFO - Optimal value of theta: 6138.17032213.
2022-07-01 14:37:19,563 - INFO - Beginning optimization with guess, [4.12978586e+00 8.68214725e+00 1.22831001e-06 5.59803888e-07].
2022-07-01 14:37:19,911 - INFO - Finished optimization with guess, [4.12978586e+00 8.68214725e+00 1.22831001e-06 5.59803888e-07].
2022-07-01 14:37:19,911 - INFO - Best fit parameters: [4.12978586e+00 8.68214725e+00 1.22831001e-06 5.59803888e-07].
2022-07-01 14:37:19,981 - INFO - Maximum log composite likelihood: -75.8506498409.
2022-07-01 14:37:19,982 - INFO - Optimal value of theta: 6138.1703222.
2022-07-01 14:37:19,982 - INFO - Beginning optimization with guess, [5.27245255e+00 1.55676692e+01 7.49552581e-07 1.27387947e-06].
2022-07-01 14:37:20,329 - INFO - Finished optimization with guess, [5.27245255e+00 1.55676692e+01 7.49552581e-07 1.27387947e-06].
2022-07-01 14:37:20,329 - INFO - Best fit parameters: [5.27245255e+00 1.55676692e+01 7.49552581e-07 1.27387947e-06].
2022-07-01 14:37:20,400 - INFO - Maximum log composite likelihood: -75.8506498328.
2022-07-01 14:37:20,401 - INFO - Optimal value of theta: 6138.17032223.
2022-07-01 14:37:20,411 - INFO - Finished demographic inference.
2022-07-01 14:37:20,411 - INFO - Pipeline executed succesfully.
