2022-10-20 13:15:44,795 - INFO - Beginning execution of fit_one_epoch.py in directory /u/project/ngarud/jonmah/demo_for_ccgb/Scripts

2022-10-20 13:15:44,795 - INFO - Progress is being logged to ../Data/oral_microbiome_data/Veillonella_parvula_57794_sfs/3/log.log

2022-10-20 13:15:44,795 - INFO - Parsed the following arguments:
	syn_input_sfs = ../Data/oral_microbiome_data/Veillonella_parvula_57794_sfs/folded_sfs_3.txt
	mask_singletons = False
	mask_doubletons = False
	outprefix = ../Data/oral_microbiome_data/Veillonella_parvula_57794_sfs/3/

2022-10-20 13:15:44,801 - INFO - Beginning demographic inference for one-epoch demographic model.
2022-10-20 13:15:44,803 - INFO - Beginning optimization with guess, [0.11863132].
2022-10-20 13:15:45,105 - INFO - Finished optimization with guess, [0.11863132].
2022-10-20 13:15:45,105 - INFO - Best fit parameters: [0.11863132].
2022-10-20 13:15:45,254 - INFO - Maximum log composite likelihood: -148546.64649703068.
2022-10-20 13:15:45,254 - INFO - Optimal value of theta: 490942.5709979251.
2022-10-20 13:15:45,254 - INFO - Beginning optimization with guess, [0.1296671].
2022-10-20 13:15:45,555 - INFO - Finished optimization with guess, [0.1296671].
2022-10-20 13:15:45,555 - INFO - Best fit parameters: [0.1296671].
2022-10-20 13:15:45,705 - INFO - Maximum log composite likelihood: -148546.64649703068.
2022-10-20 13:15:45,706 - INFO - Optimal value of theta: 490942.5709979251.
2022-10-20 13:15:45,706 - INFO - Beginning optimization with guess, [0.58117197].
2022-10-20 13:15:46,008 - INFO - Finished optimization with guess, [0.58117197].
2022-10-20 13:15:46,008 - INFO - Best fit parameters: [0.58117197].
2022-10-20 13:15:46,157 - INFO - Maximum log composite likelihood: -148546.64649703068.
2022-10-20 13:15:46,158 - INFO - Optimal value of theta: 490942.5709979251.
2022-10-20 13:15:46,158 - INFO - Beginning optimization with guess, [0.71789621].
2022-10-20 13:15:46,458 - INFO - Finished optimization with guess, [0.71789621].
2022-10-20 13:15:46,458 - INFO - Best fit parameters: [0.71789621].
2022-10-20 13:15:46,608 - INFO - Maximum log composite likelihood: -148546.64649703068.
2022-10-20 13:15:46,608 - INFO - Optimal value of theta: 490942.5709979251.
2022-10-20 13:15:46,608 - INFO - Beginning optimization with guess, [0.79411385].
2022-10-20 13:15:46,909 - INFO - Finished optimization with guess, [0.79411385].
2022-10-20 13:15:46,909 - INFO - Best fit parameters: [0.79411385].
2022-10-20 13:15:47,058 - INFO - Maximum log composite likelihood: -148546.64649703068.
2022-10-20 13:15:47,058 - INFO - Optimal value of theta: 490942.5709979251.
2022-10-20 13:15:47,059 - INFO - Beginning optimization with guess, [0.91695386].
2022-10-20 13:15:47,359 - INFO - Finished optimization with guess, [0.91695386].
2022-10-20 13:15:47,359 - INFO - Best fit parameters: [0.91695386].
2022-10-20 13:15:47,508 - INFO - Maximum log composite likelihood: -148546.64649703068.
2022-10-20 13:15:47,509 - INFO - Optimal value of theta: 490942.5709979251.
2022-10-20 13:15:47,509 - INFO - Beginning optimization with guess, [0.60963798].
2022-10-20 13:15:47,810 - INFO - Finished optimization with guess, [0.60963798].
2022-10-20 13:15:47,813 - INFO - Best fit parameters: [0.60963798].
2022-10-20 13:15:47,963 - INFO - Maximum log composite likelihood: -148546.64649703068.
2022-10-20 13:15:47,963 - INFO - Optimal value of theta: 490942.5709979251.
2022-10-20 13:15:47,964 - INFO - Beginning optimization with guess, [0.67452598].
2022-10-20 13:15:48,265 - INFO - Finished optimization with guess, [0.67452598].
2022-10-20 13:15:48,265 - INFO - Best fit parameters: [0.67452598].
2022-10-20 13:15:48,414 - INFO - Maximum log composite likelihood: -148546.64649703068.
2022-10-20 13:15:48,414 - INFO - Optimal value of theta: 490942.5709979251.
2022-10-20 13:15:48,414 - INFO - Beginning optimization with guess, [1.00996083].
2022-10-20 13:15:48,715 - INFO - Finished optimization with guess, [1.00996083].
2022-10-20 13:15:48,715 - INFO - Best fit parameters: [1.00996083].
2022-10-20 13:15:48,864 - INFO - Maximum log composite likelihood: -148546.64649703068.
2022-10-20 13:15:48,864 - INFO - Optimal value of theta: 490942.5709979251.
2022-10-20 13:15:48,865 - INFO - Beginning optimization with guess, [1.49075159].
2022-10-20 13:15:49,166 - INFO - Finished optimization with guess, [1.49075159].
2022-10-20 13:15:49,166 - INFO - Best fit parameters: [1.49075159].
2022-10-20 13:15:49,316 - INFO - Maximum log composite likelihood: -148546.64649703068.
2022-10-20 13:15:49,316 - INFO - Optimal value of theta: 490942.5709979251.
2022-10-20 13:15:49,316 - INFO - Beginning optimization with guess, [1.01318953].
2022-10-20 13:15:49,617 - INFO - Finished optimization with guess, [1.01318953].
2022-10-20 13:15:49,617 - INFO - Best fit parameters: [1.01318953].
2022-10-20 13:15:49,766 - INFO - Maximum log composite likelihood: -148546.64649703068.
2022-10-20 13:15:49,766 - INFO - Optimal value of theta: 490942.5709979251.
2022-10-20 13:15:49,767 - INFO - Beginning optimization with guess, [1.76051192].
2022-10-20 13:15:50,067 - INFO - Finished optimization with guess, [1.76051192].
2022-10-20 13:15:50,067 - INFO - Best fit parameters: [1.76051192].
2022-10-20 13:15:50,217 - INFO - Maximum log composite likelihood: -148546.64649703068.
2022-10-20 13:15:50,217 - INFO - Optimal value of theta: 490942.5709979251.
2022-10-20 13:15:50,217 - INFO - Beginning optimization with guess, [1.13804861].
2022-10-20 13:15:50,517 - INFO - Finished optimization with guess, [1.13804861].
2022-10-20 13:15:50,517 - INFO - Best fit parameters: [1.13804861].
2022-10-20 13:15:50,667 - INFO - Maximum log composite likelihood: -148546.64649703068.
2022-10-20 13:15:50,667 - INFO - Optimal value of theta: 490942.5709979251.
2022-10-20 13:15:50,667 - INFO - Beginning optimization with guess, [2.74782659].
2022-10-20 13:15:50,968 - INFO - Finished optimization with guess, [2.74782659].
2022-10-20 13:15:50,968 - INFO - Best fit parameters: [2.74782659].
2022-10-20 13:15:51,119 - INFO - Maximum log composite likelihood: -148546.64649703068.
2022-10-20 13:15:51,119 - INFO - Optimal value of theta: 490942.5709979251.
2022-10-20 13:15:51,119 - INFO - Beginning optimization with guess, [1.95789469].
2022-10-20 13:15:51,420 - INFO - Finished optimization with guess, [1.95789469].
2022-10-20 13:15:51,420 - INFO - Best fit parameters: [1.95789469].
2022-10-20 13:15:51,569 - INFO - Maximum log composite likelihood: -148546.64649703068.
2022-10-20 13:15:51,569 - INFO - Optimal value of theta: 490942.5709979251.
2022-10-20 13:15:51,569 - INFO - Beginning optimization with guess, [3.56382211].
2022-10-20 13:15:51,870 - INFO - Finished optimization with guess, [3.56382211].
2022-10-20 13:15:51,870 - INFO - Best fit parameters: [3.56382211].
2022-10-20 13:15:52,019 - INFO - Maximum log composite likelihood: -148546.64649703068.
2022-10-20 13:15:52,019 - INFO - Optimal value of theta: 490942.5709979251.
2022-10-20 13:15:52,020 - INFO - Beginning optimization with guess, [1.70806279].
2022-10-20 13:15:52,320 - INFO - Finished optimization with guess, [1.70806279].
2022-10-20 13:15:52,321 - INFO - Best fit parameters: [1.70806279].
2022-10-20 13:15:52,469 - INFO - Maximum log composite likelihood: -148546.64649703068.
2022-10-20 13:15:52,470 - INFO - Optimal value of theta: 490942.5709979251.
2022-10-20 13:15:52,470 - INFO - Beginning optimization with guess, [2.68903491].
2022-10-20 13:15:52,771 - INFO - Finished optimization with guess, [2.68903491].
2022-10-20 13:15:52,771 - INFO - Best fit parameters: [2.68903491].
2022-10-20 13:15:52,920 - INFO - Maximum log composite likelihood: -148546.64649703068.
2022-10-20 13:15:52,920 - INFO - Optimal value of theta: 490942.5709979251.
2022-10-20 13:15:52,920 - INFO - Beginning optimization with guess, [3.02690192].
2022-10-20 13:15:53,221 - INFO - Finished optimization with guess, [3.02690192].
2022-10-20 13:15:53,222 - INFO - Best fit parameters: [3.02690192].
2022-10-20 13:15:53,370 - INFO - Maximum log composite likelihood: -148546.64649703068.
2022-10-20 13:15:53,371 - INFO - Optimal value of theta: 490942.5709979251.
2022-10-20 13:15:53,371 - INFO - Beginning optimization with guess, [5.33856072].
2022-10-20 13:15:53,672 - INFO - Finished optimization with guess, [5.33856072].
2022-10-20 13:15:53,672 - INFO - Best fit parameters: [5.33856072].
2022-10-20 13:15:53,821 - INFO - Maximum log composite likelihood: -148546.64649703068.
2022-10-20 13:15:53,821 - INFO - Optimal value of theta: 490942.5709979251.
2022-10-20 13:15:53,822 - INFO - Beginning optimization with guess, [2.11165343].
2022-10-20 13:15:54,123 - INFO - Finished optimization with guess, [2.11165343].
2022-10-20 13:15:54,123 - INFO - Best fit parameters: [2.11165343].
2022-10-20 13:15:54,272 - INFO - Maximum log composite likelihood: -148546.64649703068.
2022-10-20 13:15:54,272 - INFO - Optimal value of theta: 490942.5709979251.
2022-10-20 13:15:54,273 - INFO - Beginning optimization with guess, [3.40768218].
2022-10-20 13:15:54,573 - INFO - Finished optimization with guess, [3.40768218].
2022-10-20 13:15:54,573 - INFO - Best fit parameters: [3.40768218].
2022-10-20 13:15:54,722 - INFO - Maximum log composite likelihood: -148546.64649703068.
2022-10-20 13:15:54,723 - INFO - Optimal value of theta: 490942.5709979251.
2022-10-20 13:15:54,723 - INFO - Beginning optimization with guess, [4.06837239].
2022-10-20 13:15:55,024 - INFO - Finished optimization with guess, [4.06837239].
2022-10-20 13:15:55,025 - INFO - Best fit parameters: [4.06837239].
2022-10-20 13:15:55,174 - INFO - Maximum log composite likelihood: -148546.64649703068.
2022-10-20 13:15:55,174 - INFO - Optimal value of theta: 490942.5709979251.
2022-10-20 13:15:55,174 - INFO - Beginning optimization with guess, [4.18141589].
2022-10-20 13:15:55,475 - INFO - Finished optimization with guess, [4.18141589].
2022-10-20 13:15:55,475 - INFO - Best fit parameters: [4.18141589].
2022-10-20 13:15:55,624 - INFO - Maximum log composite likelihood: -148546.64649703068.
2022-10-20 13:15:55,624 - INFO - Optimal value of theta: 490942.5709979251.
2022-10-20 13:15:55,625 - INFO - Beginning optimization with guess, [12.89925642].
2022-10-20 13:15:55,925 - INFO - Finished optimization with guess, [12.89925642].
2022-10-20 13:15:55,925 - INFO - Best fit parameters: [12.89925642].
2022-10-20 13:15:56,074 - INFO - Maximum log composite likelihood: -148546.64649703068.
2022-10-20 13:15:56,074 - INFO - Optimal value of theta: 490942.5709979251.
2022-10-20 13:15:56,076 - INFO - Finished demographic inference.
2022-10-20 13:15:56,076 - INFO - Pipeline executed succesfully.
