2023-02-17 17:00:54,836 - INFO - Beginning execution of fit_one_epoch.py in directory /u/project/ngarud/jonmah/demo_for_ccgb/Scripts

2023-02-17 17:00:54,836 - INFO - Progress is being logged to ../Analysis/Dialister_invisus_61905_downsampled_18/log.log

2023-02-17 17:00:54,836 - INFO - Parsed the following arguments:
	syn_input_sfs = ../Analysis/Dialister_invisus_61905_downsampled_18/empirical_sfs.txt
	mask_singletons = False
	mask_doubletons = False
	outprefix = ../Analysis/Dialister_invisus_61905_downsampled_18/

2023-02-17 17:00:54,842 - INFO - Beginning demographic inference for one-epoch demographic model.
2023-02-17 17:00:54,844 - INFO - Beginning optimization with guess, [0.1052106].
2023-02-17 17:00:54,988 - INFO - Finished optimization with guess, [0.1052106].
2023-02-17 17:00:54,988 - INFO - Best fit parameters: [0.1052106].
2023-02-17 17:00:55,041 - INFO - Maximum log composite likelihood: -156.26389196593573.
2023-02-17 17:00:55,041 - INFO - Optimal value of theta: 7702.364693184787.
2023-02-17 17:00:55,041 - INFO - Beginning optimization with guess, [0.16314799].
2023-02-17 17:00:55,125 - INFO - Finished optimization with guess, [0.16314799].
2023-02-17 17:00:55,126 - INFO - Best fit parameters: [0.16314799].
2023-02-17 17:00:55,165 - INFO - Maximum log composite likelihood: -156.26389196593573.
2023-02-17 17:00:55,166 - INFO - Optimal value of theta: 7702.364693184787.
2023-02-17 17:00:55,166 - INFO - Beginning optimization with guess, [0.39679233].
2023-02-17 17:00:55,246 - INFO - Finished optimization with guess, [0.39679233].
2023-02-17 17:00:55,247 - INFO - Best fit parameters: [0.39679233].
2023-02-17 17:00:55,286 - INFO - Maximum log composite likelihood: -156.26389196593573.
2023-02-17 17:00:55,287 - INFO - Optimal value of theta: 7702.364693184787.
2023-02-17 17:00:55,287 - INFO - Beginning optimization with guess, [0.31849292].
2023-02-17 17:00:55,367 - INFO - Finished optimization with guess, [0.31849292].
2023-02-17 17:00:55,368 - INFO - Best fit parameters: [0.31849292].
2023-02-17 17:00:55,421 - INFO - Maximum log composite likelihood: -156.26389196593573.
2023-02-17 17:00:55,422 - INFO - Optimal value of theta: 7702.364693184787.
2023-02-17 17:00:55,422 - INFO - Beginning optimization with guess, [0.49646948].
2023-02-17 17:00:55,517 - INFO - Finished optimization with guess, [0.49646948].
2023-02-17 17:00:55,518 - INFO - Best fit parameters: [0.49646948].
2023-02-17 17:00:55,564 - INFO - Maximum log composite likelihood: -156.26389196593573.
2023-02-17 17:00:55,564 - INFO - Optimal value of theta: 7702.364693184787.
2023-02-17 17:00:55,564 - INFO - Beginning optimization with guess, [0.65417077].
2023-02-17 17:00:55,665 - INFO - Finished optimization with guess, [0.65417077].
2023-02-17 17:00:55,665 - INFO - Best fit parameters: [0.65417077].
2023-02-17 17:00:55,712 - INFO - Maximum log composite likelihood: -156.26389196593573.
2023-02-17 17:00:55,712 - INFO - Optimal value of theta: 7702.364693184787.
2023-02-17 17:00:55,713 - INFO - Beginning optimization with guess, [1.17577323].
2023-02-17 17:00:55,835 - INFO - Finished optimization with guess, [1.17577323].
2023-02-17 17:00:55,836 - INFO - Best fit parameters: [1.17577323].
2023-02-17 17:00:55,900 - INFO - Maximum log composite likelihood: -156.26389196593573.
2023-02-17 17:00:55,901 - INFO - Optimal value of theta: 7702.364693184787.
2023-02-17 17:00:55,901 - INFO - Beginning optimization with guess, [0.44223714].
2023-02-17 17:00:55,993 - INFO - Finished optimization with guess, [0.44223714].
2023-02-17 17:00:55,994 - INFO - Best fit parameters: [0.44223714].
2023-02-17 17:00:56,034 - INFO - Maximum log composite likelihood: -156.26389196593573.
2023-02-17 17:00:56,034 - INFO - Optimal value of theta: 7702.364693184787.
2023-02-17 17:00:56,035 - INFO - Beginning optimization with guess, [1.4279239].
2023-02-17 17:00:56,116 - INFO - Finished optimization with guess, [1.4279239].
2023-02-17 17:00:56,116 - INFO - Best fit parameters: [1.4279239].
2023-02-17 17:00:56,156 - INFO - Maximum log composite likelihood: -156.26389196593573.
2023-02-17 17:00:56,156 - INFO - Optimal value of theta: 7702.364693184787.
2023-02-17 17:00:56,157 - INFO - Beginning optimization with guess, [1.53231412].
2023-02-17 17:00:56,237 - INFO - Finished optimization with guess, [1.53231412].
2023-02-17 17:00:56,238 - INFO - Best fit parameters: [1.53231412].
2023-02-17 17:00:56,278 - INFO - Maximum log composite likelihood: -156.26389196593573.
2023-02-17 17:00:56,278 - INFO - Optimal value of theta: 7702.364693184787.
2023-02-17 17:00:56,278 - INFO - Beginning optimization with guess, [1.07079731].
2023-02-17 17:00:56,359 - INFO - Finished optimization with guess, [1.07079731].
2023-02-17 17:00:56,359 - INFO - Best fit parameters: [1.07079731].
2023-02-17 17:00:56,399 - INFO - Maximum log composite likelihood: -156.26389196593573.
2023-02-17 17:00:56,400 - INFO - Optimal value of theta: 7702.364693184787.
2023-02-17 17:00:56,400 - INFO - Beginning optimization with guess, [1.65242769].
2023-02-17 17:00:56,535 - INFO - Finished optimization with guess, [1.65242769].
2023-02-17 17:00:56,535 - INFO - Best fit parameters: [1.65242769].
2023-02-17 17:00:56,588 - INFO - Maximum log composite likelihood: -156.26389196593573.
2023-02-17 17:00:56,589 - INFO - Optimal value of theta: 7702.364693184787.
2023-02-17 17:00:56,589 - INFO - Beginning optimization with guess, [1.3139729].
2023-02-17 17:00:56,721 - INFO - Finished optimization with guess, [1.3139729].
2023-02-17 17:00:56,721 - INFO - Best fit parameters: [1.3139729].
2023-02-17 17:00:56,779 - INFO - Maximum log composite likelihood: -156.26389196593573.
2023-02-17 17:00:56,779 - INFO - Optimal value of theta: 7702.364693184787.
2023-02-17 17:00:56,779 - INFO - Beginning optimization with guess, [1.4222367].
2023-02-17 17:00:56,867 - INFO - Finished optimization with guess, [1.4222367].
2023-02-17 17:00:56,867 - INFO - Best fit parameters: [1.4222367].
2023-02-17 17:00:56,907 - INFO - Maximum log composite likelihood: -156.26389196593573.
2023-02-17 17:00:56,907 - INFO - Optimal value of theta: 7702.364693184787.
2023-02-17 17:00:56,908 - INFO - Beginning optimization with guess, [1.19483693].
2023-02-17 17:00:56,988 - INFO - Finished optimization with guess, [1.19483693].
2023-02-17 17:00:56,988 - INFO - Best fit parameters: [1.19483693].
2023-02-17 17:00:57,028 - INFO - Maximum log composite likelihood: -156.26389196593573.
2023-02-17 17:00:57,029 - INFO - Optimal value of theta: 7702.364693184787.
2023-02-17 17:00:57,029 - INFO - Beginning optimization with guess, [3.05832835].
2023-02-17 17:00:57,110 - INFO - Finished optimization with guess, [3.05832835].
2023-02-17 17:00:57,110 - INFO - Best fit parameters: [3.05832835].
2023-02-17 17:00:57,150 - INFO - Maximum log composite likelihood: -156.26389196593573.
2023-02-17 17:00:57,150 - INFO - Optimal value of theta: 7702.364693184787.
2023-02-17 17:00:57,151 - INFO - Beginning optimization with guess, [1.80790467].
2023-02-17 17:00:57,231 - INFO - Finished optimization with guess, [1.80790467].
2023-02-17 17:00:57,231 - INFO - Best fit parameters: [1.80790467].
2023-02-17 17:00:57,271 - INFO - Maximum log composite likelihood: -156.26389196593573.
2023-02-17 17:00:57,272 - INFO - Optimal value of theta: 7702.364693184787.
2023-02-17 17:00:57,272 - INFO - Beginning optimization with guess, [3.70759742].
2023-02-17 17:00:57,353 - INFO - Finished optimization with guess, [3.70759742].
2023-02-17 17:00:57,353 - INFO - Best fit parameters: [3.70759742].
2023-02-17 17:00:57,412 - INFO - Maximum log composite likelihood: -156.26389196593573.
2023-02-17 17:00:57,412 - INFO - Optimal value of theta: 7702.364693184787.
2023-02-17 17:00:57,413 - INFO - Beginning optimization with guess, [5.95824586].
2023-02-17 17:00:57,518 - INFO - Finished optimization with guess, [5.95824586].
2023-02-17 17:00:57,518 - INFO - Best fit parameters: [5.95824586].
2023-02-17 17:00:57,565 - INFO - Maximum log composite likelihood: -156.26389196593573.
2023-02-17 17:00:57,566 - INFO - Optimal value of theta: 7702.364693184787.
2023-02-17 17:00:57,566 - INFO - Beginning optimization with guess, [4.44047798].
2023-02-17 17:00:57,706 - INFO - Finished optimization with guess, [4.44047798].
2023-02-17 17:00:57,706 - INFO - Best fit parameters: [4.44047798].
2023-02-17 17:00:57,754 - INFO - Maximum log composite likelihood: -156.26389196593573.
2023-02-17 17:00:57,754 - INFO - Optimal value of theta: 7702.364693184787.
2023-02-17 17:00:57,755 - INFO - Beginning optimization with guess, [7.80233259].
2023-02-17 17:00:57,850 - INFO - Finished optimization with guess, [7.80233259].
2023-02-17 17:00:57,851 - INFO - Best fit parameters: [7.80233259].
2023-02-17 17:00:57,894 - INFO - Maximum log composite likelihood: -156.26389196593573.
2023-02-17 17:00:57,894 - INFO - Optimal value of theta: 7702.364693184787.
2023-02-17 17:00:57,895 - INFO - Beginning optimization with guess, [7.03598036].
2023-02-17 17:00:57,975 - INFO - Finished optimization with guess, [7.03598036].
2023-02-17 17:00:57,975 - INFO - Best fit parameters: [7.03598036].
2023-02-17 17:00:58,015 - INFO - Maximum log composite likelihood: -156.26389196593573.
2023-02-17 17:00:58,016 - INFO - Optimal value of theta: 7702.364693184787.
2023-02-17 17:00:58,016 - INFO - Beginning optimization with guess, [9.39565174].
2023-02-17 17:00:58,096 - INFO - Finished optimization with guess, [9.39565174].
2023-02-17 17:00:58,097 - INFO - Best fit parameters: [9.39565174].
2023-02-17 17:00:58,137 - INFO - Maximum log composite likelihood: -156.26389196593573.
2023-02-17 17:00:58,137 - INFO - Optimal value of theta: 7702.364693184787.
2023-02-17 17:00:58,137 - INFO - Beginning optimization with guess, [3.70015098].
2023-02-17 17:00:58,218 - INFO - Finished optimization with guess, [3.70015098].
2023-02-17 17:00:58,218 - INFO - Best fit parameters: [3.70015098].
2023-02-17 17:00:58,258 - INFO - Maximum log composite likelihood: -156.26389196593573.
2023-02-17 17:00:58,258 - INFO - Optimal value of theta: 7702.364693184787.
2023-02-17 17:00:58,259 - INFO - Beginning optimization with guess, [7.07050254].
2023-02-17 17:00:58,339 - INFO - Finished optimization with guess, [7.07050254].
2023-02-17 17:00:58,339 - INFO - Best fit parameters: [7.07050254].
2023-02-17 17:00:58,379 - INFO - Maximum log composite likelihood: -156.26389196593573.
2023-02-17 17:00:58,380 - INFO - Optimal value of theta: 7702.364693184787.
2023-02-17 17:00:58,382 - INFO - Finished demographic inference.
2023-02-17 17:00:58,382 - INFO - Pipeline executed succesfully.
