2023-02-17 16:16:50,604 - INFO - Beginning execution of fit_one_epoch.py in directory /u/project/ngarud/jonmah/demo_for_ccgb/Scripts

2023-02-17 16:16:50,605 - INFO - Progress is being logged to ../Analysis/Parabacteroides_distasonis_56985_downsampled_16/log.log

2023-02-17 16:16:50,605 - INFO - Parsed the following arguments:
	syn_input_sfs = ../Analysis/Parabacteroides_distasonis_56985_downsampled_16/empirical_sfs.txt
	mask_singletons = False
	mask_doubletons = False
	outprefix = ../Analysis/Parabacteroides_distasonis_56985_downsampled_16/

2023-02-17 16:16:50,613 - INFO - Beginning demographic inference for one-epoch demographic model.
2023-02-17 16:16:50,615 - INFO - Beginning optimization with guess, [0.06866745].
2023-02-17 16:16:50,715 - INFO - Finished optimization with guess, [0.06866745].
2023-02-17 16:16:50,715 - INFO - Best fit parameters: [0.06866745].
2023-02-17 16:16:50,763 - INFO - Maximum log composite likelihood: -79.98190123672157.
2023-02-17 16:16:50,763 - INFO - Optimal value of theta: 10240.202309718392.
2023-02-17 16:16:50,764 - INFO - Beginning optimization with guess, [0.10661957].
2023-02-17 16:16:50,860 - INFO - Finished optimization with guess, [0.10661957].
2023-02-17 16:16:50,861 - INFO - Best fit parameters: [0.10661957].
2023-02-17 16:16:50,909 - INFO - Maximum log composite likelihood: -79.98190123672157.
2023-02-17 16:16:50,910 - INFO - Optimal value of theta: 10240.202309718392.
2023-02-17 16:16:50,910 - INFO - Beginning optimization with guess, [0.2333924].
2023-02-17 16:16:51,007 - INFO - Finished optimization with guess, [0.2333924].
2023-02-17 16:16:51,007 - INFO - Best fit parameters: [0.2333924].
2023-02-17 16:16:51,054 - INFO - Maximum log composite likelihood: -79.98190123672157.
2023-02-17 16:16:51,055 - INFO - Optimal value of theta: 10240.202309718392.
2023-02-17 16:16:51,055 - INFO - Beginning optimization with guess, [0.68497178].
2023-02-17 16:16:51,155 - INFO - Finished optimization with guess, [0.68497178].
2023-02-17 16:16:51,156 - INFO - Best fit parameters: [0.68497178].
2023-02-17 16:16:51,205 - INFO - Maximum log composite likelihood: -79.98190123672157.
2023-02-17 16:16:51,205 - INFO - Optimal value of theta: 10240.202309718392.
2023-02-17 16:16:51,205 - INFO - Beginning optimization with guess, [0.4261495].
2023-02-17 16:16:51,308 - INFO - Finished optimization with guess, [0.4261495].
2023-02-17 16:16:51,309 - INFO - Best fit parameters: [0.4261495].
2023-02-17 16:16:51,359 - INFO - Maximum log composite likelihood: -79.98190123672157.
2023-02-17 16:16:51,360 - INFO - Optimal value of theta: 10240.202309718392.
2023-02-17 16:16:51,360 - INFO - Beginning optimization with guess, [0.73988685].
2023-02-17 16:16:51,460 - INFO - Finished optimization with guess, [0.73988685].
2023-02-17 16:16:51,461 - INFO - Best fit parameters: [0.73988685].
2023-02-17 16:16:51,511 - INFO - Maximum log composite likelihood: -79.98190123672157.
2023-02-17 16:16:51,511 - INFO - Optimal value of theta: 10240.202309718392.
2023-02-17 16:16:51,511 - INFO - Beginning optimization with guess, [0.45025009].
2023-02-17 16:16:51,610 - INFO - Finished optimization with guess, [0.45025009].
2023-02-17 16:16:51,611 - INFO - Best fit parameters: [0.45025009].
2023-02-17 16:16:51,660 - INFO - Maximum log composite likelihood: -79.98190123672157.
2023-02-17 16:16:51,661 - INFO - Optimal value of theta: 10240.202309718392.
2023-02-17 16:16:51,661 - INFO - Beginning optimization with guess, [0.94080014].
2023-02-17 16:16:51,761 - INFO - Finished optimization with guess, [0.94080014].
2023-02-17 16:16:51,761 - INFO - Best fit parameters: [0.94080014].
2023-02-17 16:16:51,810 - INFO - Maximum log composite likelihood: -79.98190123672157.
2023-02-17 16:16:51,811 - INFO - Optimal value of theta: 10240.202309718392.
2023-02-17 16:16:51,811 - INFO - Beginning optimization with guess, [0.60690277].
2023-02-17 16:16:51,911 - INFO - Finished optimization with guess, [0.60690277].
2023-02-17 16:16:51,911 - INFO - Best fit parameters: [0.60690277].
2023-02-17 16:16:51,961 - INFO - Maximum log composite likelihood: -79.98190123672157.
2023-02-17 16:16:51,962 - INFO - Optimal value of theta: 10240.202309718392.
2023-02-17 16:16:51,962 - INFO - Beginning optimization with guess, [0.67630542].
2023-02-17 16:16:52,063 - INFO - Finished optimization with guess, [0.67630542].
2023-02-17 16:16:52,063 - INFO - Best fit parameters: [0.67630542].
2023-02-17 16:16:52,113 - INFO - Maximum log composite likelihood: -79.98190123672157.
2023-02-17 16:16:52,113 - INFO - Optimal value of theta: 10240.202309718392.
2023-02-17 16:16:52,114 - INFO - Beginning optimization with guess, [1.55719886].
2023-02-17 16:16:52,215 - INFO - Finished optimization with guess, [1.55719886].
2023-02-17 16:16:52,215 - INFO - Best fit parameters: [1.55719886].
2023-02-17 16:16:52,265 - INFO - Maximum log composite likelihood: -79.98190123672157.
2023-02-17 16:16:52,265 - INFO - Optimal value of theta: 10240.202309718392.
2023-02-17 16:16:52,265 - INFO - Beginning optimization with guess, [1.90851401].
2023-02-17 16:16:52,365 - INFO - Finished optimization with guess, [1.90851401].
2023-02-17 16:16:52,365 - INFO - Best fit parameters: [1.90851401].
2023-02-17 16:16:52,415 - INFO - Maximum log composite likelihood: -79.98190123672157.
2023-02-17 16:16:52,415 - INFO - Optimal value of theta: 10240.202309718392.
2023-02-17 16:16:52,416 - INFO - Beginning optimization with guess, [3.40381461].
2023-02-17 16:16:52,514 - INFO - Finished optimization with guess, [3.40381461].
2023-02-17 16:16:52,515 - INFO - Best fit parameters: [3.40381461].
2023-02-17 16:16:52,564 - INFO - Maximum log composite likelihood: -79.98190123672157.
2023-02-17 16:16:52,565 - INFO - Optimal value of theta: 10240.202309718392.
2023-02-17 16:16:52,565 - INFO - Beginning optimization with guess, [1.03858354].
2023-02-17 16:16:52,666 - INFO - Finished optimization with guess, [1.03858354].
2023-02-17 16:16:52,666 - INFO - Best fit parameters: [1.03858354].
2023-02-17 16:16:52,716 - INFO - Maximum log composite likelihood: -79.98190123672157.
2023-02-17 16:16:52,716 - INFO - Optimal value of theta: 10240.202309718392.
2023-02-17 16:16:52,717 - INFO - Beginning optimization with guess, [2.00558563].
2023-02-17 16:16:52,815 - INFO - Finished optimization with guess, [2.00558563].
2023-02-17 16:16:52,816 - INFO - Best fit parameters: [2.00558563].
2023-02-17 16:16:52,864 - INFO - Maximum log composite likelihood: -79.98190123672157.
2023-02-17 16:16:52,865 - INFO - Optimal value of theta: 10240.202309718392.
2023-02-17 16:16:52,865 - INFO - Beginning optimization with guess, [4.58184975].
2023-02-17 16:16:52,964 - INFO - Finished optimization with guess, [4.58184975].
2023-02-17 16:16:52,964 - INFO - Best fit parameters: [4.58184975].
2023-02-17 16:16:53,016 - INFO - Maximum log composite likelihood: -79.98190123672157.
2023-02-17 16:16:53,016 - INFO - Optimal value of theta: 10240.202309718392.
2023-02-17 16:16:53,016 - INFO - Beginning optimization with guess, [3.73608374].
2023-02-17 16:16:53,115 - INFO - Finished optimization with guess, [3.73608374].
2023-02-17 16:16:53,116 - INFO - Best fit parameters: [3.73608374].
2023-02-17 16:16:53,166 - INFO - Maximum log composite likelihood: -79.98190123672157.
2023-02-17 16:16:53,167 - INFO - Optimal value of theta: 10240.202309718392.
2023-02-17 16:16:53,167 - INFO - Beginning optimization with guess, [1.96706201].
2023-02-17 16:16:53,266 - INFO - Finished optimization with guess, [1.96706201].
2023-02-17 16:16:53,266 - INFO - Best fit parameters: [1.96706201].
2023-02-17 16:16:53,316 - INFO - Maximum log composite likelihood: -79.98190123672157.
2023-02-17 16:16:53,316 - INFO - Optimal value of theta: 10240.202309718392.
2023-02-17 16:16:53,316 - INFO - Beginning optimization with guess, [6.0965505].
2023-02-17 16:16:53,415 - INFO - Finished optimization with guess, [6.0965505].
2023-02-17 16:16:53,415 - INFO - Best fit parameters: [6.0965505].
2023-02-17 16:16:53,465 - INFO - Maximum log composite likelihood: -79.98190123672157.
2023-02-17 16:16:53,465 - INFO - Optimal value of theta: 10240.202309718392.
2023-02-17 16:16:53,465 - INFO - Beginning optimization with guess, [3.18245049].
2023-02-17 16:16:53,565 - INFO - Finished optimization with guess, [3.18245049].
2023-02-17 16:16:53,565 - INFO - Best fit parameters: [3.18245049].
2023-02-17 16:16:53,614 - INFO - Maximum log composite likelihood: -79.98190123672157.
2023-02-17 16:16:53,615 - INFO - Optimal value of theta: 10240.202309718392.
2023-02-17 16:16:53,615 - INFO - Beginning optimization with guess, [5.88503634].
2023-02-17 16:16:53,714 - INFO - Finished optimization with guess, [5.88503634].
2023-02-17 16:16:53,714 - INFO - Best fit parameters: [5.88503634].
2023-02-17 16:16:53,762 - INFO - Maximum log composite likelihood: -79.98190123672157.
2023-02-17 16:16:53,763 - INFO - Optimal value of theta: 10240.202309718392.
2023-02-17 16:16:53,763 - INFO - Beginning optimization with guess, [2.5097654].
2023-02-17 16:16:53,861 - INFO - Finished optimization with guess, [2.5097654].
2023-02-17 16:16:53,862 - INFO - Best fit parameters: [2.5097654].
2023-02-17 16:16:53,912 - INFO - Maximum log composite likelihood: -79.98190123672157.
2023-02-17 16:16:53,913 - INFO - Optimal value of theta: 10240.202309718392.
2023-02-17 16:16:53,913 - INFO - Beginning optimization with guess, [3.68920118].
2023-02-17 16:16:54,011 - INFO - Finished optimization with guess, [3.68920118].
2023-02-17 16:16:54,012 - INFO - Best fit parameters: [3.68920118].
2023-02-17 16:16:54,060 - INFO - Maximum log composite likelihood: -79.98190123672157.
2023-02-17 16:16:54,061 - INFO - Optimal value of theta: 10240.202309718392.
2023-02-17 16:16:54,061 - INFO - Beginning optimization with guess, [8.89943559].
2023-02-17 16:16:54,160 - INFO - Finished optimization with guess, [8.89943559].
2023-02-17 16:16:54,161 - INFO - Best fit parameters: [8.89943559].
2023-02-17 16:16:54,209 - INFO - Maximum log composite likelihood: -79.98190123672157.
2023-02-17 16:16:54,210 - INFO - Optimal value of theta: 10240.202309718392.
2023-02-17 16:16:54,210 - INFO - Beginning optimization with guess, [4.98462922].
2023-02-17 16:16:54,308 - INFO - Finished optimization with guess, [4.98462922].
2023-02-17 16:16:54,309 - INFO - Best fit parameters: [4.98462922].
2023-02-17 16:16:54,358 - INFO - Maximum log composite likelihood: -79.98190123672157.
2023-02-17 16:16:54,358 - INFO - Optimal value of theta: 10240.202309718392.
2023-02-17 16:16:54,361 - INFO - Finished demographic inference.
2023-02-17 16:16:54,361 - INFO - Pipeline executed succesfully.
