2023-02-17 16:52:15,400 - INFO - Beginning execution of fit_one_epoch.py in directory /u/project/ngarud/jonmah/demo_for_ccgb/Scripts

2023-02-17 16:52:15,400 - INFO - Progress is being logged to ../Analysis/Bacteroides_massiliensis_44749_downsampled_14/log.log

2023-02-17 16:52:15,400 - INFO - Parsed the following arguments:
	syn_input_sfs = ../Analysis/Bacteroides_massiliensis_44749_downsampled_14/empirical_sfs.txt
	mask_singletons = False
	mask_doubletons = False
	outprefix = ../Analysis/Bacteroides_massiliensis_44749_downsampled_14/

2023-02-17 16:52:15,432 - INFO - Beginning demographic inference for one-epoch demographic model.
2023-02-17 16:52:15,434 - INFO - Beginning optimization with guess, [0.13604313].
2023-02-17 16:52:15,465 - WARNING - Warning: converting a masked element to nan.
2023-02-17 16:52:15,497 - INFO - Finished optimization with guess, [0.13604313].
2023-02-17 16:52:15,497 - INFO - Best fit parameters: [0.13604313].
2023-02-17 16:52:15,528 - INFO - Maximum log composite likelihood: --.
2023-02-17 16:52:15,528 - INFO - Optimal value of theta: 0.0.
2023-02-17 16:52:15,529 - INFO - Beginning optimization with guess, [0.27183812].
2023-02-17 16:52:15,591 - INFO - Finished optimization with guess, [0.27183812].
2023-02-17 16:52:15,591 - INFO - Best fit parameters: [0.27183812].
2023-02-17 16:52:15,621 - INFO - Maximum log composite likelihood: --.
2023-02-17 16:52:15,622 - INFO - Optimal value of theta: 0.0.
2023-02-17 16:52:15,622 - INFO - Beginning optimization with guess, [0.1560604].
2023-02-17 16:52:15,684 - INFO - Finished optimization with guess, [0.1560604].
2023-02-17 16:52:15,684 - INFO - Best fit parameters: [0.1560604].
2023-02-17 16:52:15,715 - INFO - Maximum log composite likelihood: --.
2023-02-17 16:52:15,715 - INFO - Optimal value of theta: 0.0.
2023-02-17 16:52:15,716 - INFO - Beginning optimization with guess, [0.29378225].
2023-02-17 16:52:15,778 - INFO - Finished optimization with guess, [0.29378225].
2023-02-17 16:52:15,778 - INFO - Best fit parameters: [0.29378225].
2023-02-17 16:52:15,808 - INFO - Maximum log composite likelihood: --.
2023-02-17 16:52:15,809 - INFO - Optimal value of theta: 0.0.
2023-02-17 16:52:15,809 - INFO - Beginning optimization with guess, [0.74468441].
2023-02-17 16:52:15,871 - INFO - Finished optimization with guess, [0.74468441].
2023-02-17 16:52:15,872 - INFO - Best fit parameters: [0.74468441].
2023-02-17 16:52:15,902 - INFO - Maximum log composite likelihood: --.
2023-02-17 16:52:15,902 - INFO - Optimal value of theta: 0.0.
2023-02-17 16:52:15,903 - INFO - Beginning optimization with guess, [0.55451466].
2023-02-17 16:52:15,965 - INFO - Finished optimization with guess, [0.55451466].
2023-02-17 16:52:15,965 - INFO - Best fit parameters: [0.55451466].
2023-02-17 16:52:15,996 - INFO - Maximum log composite likelihood: --.
2023-02-17 16:52:15,996 - INFO - Optimal value of theta: 0.0.
2023-02-17 16:52:15,997 - INFO - Beginning optimization with guess, [0.60869387].
2023-02-17 16:52:16,059 - INFO - Finished optimization with guess, [0.60869387].
2023-02-17 16:52:16,059 - INFO - Best fit parameters: [0.60869387].
2023-02-17 16:52:16,089 - INFO - Maximum log composite likelihood: --.
2023-02-17 16:52:16,090 - INFO - Optimal value of theta: 0.0.
2023-02-17 16:52:16,090 - INFO - Beginning optimization with guess, [1.21322802].
2023-02-17 16:52:16,152 - INFO - Finished optimization with guess, [1.21322802].
2023-02-17 16:52:16,153 - INFO - Best fit parameters: [1.21322802].
2023-02-17 16:52:16,189 - INFO - Maximum log composite likelihood: --.
2023-02-17 16:52:16,190 - INFO - Optimal value of theta: 0.0.
2023-02-17 16:52:16,191 - INFO - Beginning optimization with guess, [1.41291145].
2023-02-17 16:52:16,254 - INFO - Finished optimization with guess, [1.41291145].
2023-02-17 16:52:16,254 - INFO - Best fit parameters: [1.41291145].
2023-02-17 16:52:16,284 - INFO - Maximum log composite likelihood: --.
2023-02-17 16:52:16,285 - INFO - Optimal value of theta: 0.0.
2023-02-17 16:52:16,285 - INFO - Beginning optimization with guess, [1.72548579].
2023-02-17 16:52:16,347 - INFO - Finished optimization with guess, [1.72548579].
2023-02-17 16:52:16,347 - INFO - Best fit parameters: [1.72548579].
2023-02-17 16:52:16,377 - INFO - Maximum log composite likelihood: --.
2023-02-17 16:52:16,378 - INFO - Optimal value of theta: 0.0.
2023-02-17 16:52:16,378 - INFO - Beginning optimization with guess, [1.74543042].
2023-02-17 16:52:16,440 - INFO - Finished optimization with guess, [1.74543042].
2023-02-17 16:52:16,440 - INFO - Best fit parameters: [1.74543042].
2023-02-17 16:52:16,470 - INFO - Maximum log composite likelihood: --.
2023-02-17 16:52:16,471 - INFO - Optimal value of theta: 0.0.
2023-02-17 16:52:16,471 - INFO - Beginning optimization with guess, [0.93317872].
2023-02-17 16:52:16,533 - INFO - Finished optimization with guess, [0.93317872].
2023-02-17 16:52:16,533 - INFO - Best fit parameters: [0.93317872].
2023-02-17 16:52:16,563 - INFO - Maximum log composite likelihood: --.
2023-02-17 16:52:16,564 - INFO - Optimal value of theta: 0.0.
2023-02-17 16:52:16,564 - INFO - Beginning optimization with guess, [1.08617165].
2023-02-17 16:52:16,626 - INFO - Finished optimization with guess, [1.08617165].
2023-02-17 16:52:16,626 - INFO - Best fit parameters: [1.08617165].
2023-02-17 16:52:16,656 - INFO - Maximum log composite likelihood: --.
2023-02-17 16:52:16,657 - INFO - Optimal value of theta: 0.0.
2023-02-17 16:52:16,657 - INFO - Beginning optimization with guess, [1.83439276].
2023-02-17 16:52:16,719 - INFO - Finished optimization with guess, [1.83439276].
2023-02-17 16:52:16,719 - INFO - Best fit parameters: [1.83439276].
2023-02-17 16:52:16,749 - INFO - Maximum log composite likelihood: --.
2023-02-17 16:52:16,750 - INFO - Optimal value of theta: 0.0.
2023-02-17 16:52:16,750 - INFO - Beginning optimization with guess, [1.3784994].
2023-02-17 16:52:16,812 - INFO - Finished optimization with guess, [1.3784994].
2023-02-17 16:52:16,812 - INFO - Best fit parameters: [1.3784994].
2023-02-17 16:52:16,842 - INFO - Maximum log composite likelihood: --.
2023-02-17 16:52:16,843 - INFO - Optimal value of theta: 0.0.
2023-02-17 16:52:16,843 - INFO - Beginning optimization with guess, [2.23791716].
2023-02-17 16:52:16,905 - INFO - Finished optimization with guess, [2.23791716].
2023-02-17 16:52:16,905 - INFO - Best fit parameters: [2.23791716].
2023-02-17 16:52:16,935 - INFO - Maximum log composite likelihood: --.
2023-02-17 16:52:16,936 - INFO - Optimal value of theta: 0.0.
2023-02-17 16:52:16,936 - INFO - Beginning optimization with guess, [3.92009999].
2023-02-17 16:52:16,998 - INFO - Finished optimization with guess, [3.92009999].
2023-02-17 16:52:16,998 - INFO - Best fit parameters: [3.92009999].
2023-02-17 16:52:17,028 - INFO - Maximum log composite likelihood: --.
2023-02-17 16:52:17,029 - INFO - Optimal value of theta: 0.0.
2023-02-17 16:52:17,029 - INFO - Beginning optimization with guess, [2.15904262].
2023-02-17 16:52:17,090 - INFO - Finished optimization with guess, [2.15904262].
2023-02-17 16:52:17,091 - INFO - Best fit parameters: [2.15904262].
2023-02-17 16:52:17,121 - INFO - Maximum log composite likelihood: --.
2023-02-17 16:52:17,121 - INFO - Optimal value of theta: 0.0.
2023-02-17 16:52:17,122 - INFO - Beginning optimization with guess, [5.32134714].
2023-02-17 16:52:17,183 - INFO - Finished optimization with guess, [5.32134714].
2023-02-17 16:52:17,184 - INFO - Best fit parameters: [5.32134714].
2023-02-17 16:52:17,214 - INFO - Maximum log composite likelihood: --.
2023-02-17 16:52:17,214 - INFO - Optimal value of theta: 0.0.
2023-02-17 16:52:17,215 - INFO - Beginning optimization with guess, [2.81846654].
2023-02-17 16:52:17,276 - INFO - Finished optimization with guess, [2.81846654].
2023-02-17 16:52:17,276 - INFO - Best fit parameters: [2.81846654].
2023-02-17 16:52:17,307 - INFO - Maximum log composite likelihood: --.
2023-02-17 16:52:17,307 - INFO - Optimal value of theta: 0.0.
2023-02-17 16:52:17,307 - INFO - Beginning optimization with guess, [4.895248].
2023-02-17 16:52:17,369 - INFO - Finished optimization with guess, [4.895248].
2023-02-17 16:52:17,369 - INFO - Best fit parameters: [4.895248].
2023-02-17 16:52:17,400 - INFO - Maximum log composite likelihood: --.
2023-02-17 16:52:17,400 - INFO - Optimal value of theta: 0.0.
2023-02-17 16:52:17,400 - INFO - Beginning optimization with guess, [3.97822363].
2023-02-17 16:52:17,462 - INFO - Finished optimization with guess, [3.97822363].
2023-02-17 16:52:17,462 - INFO - Best fit parameters: [3.97822363].
2023-02-17 16:52:17,492 - INFO - Maximum log composite likelihood: --.
2023-02-17 16:52:17,493 - INFO - Optimal value of theta: 0.0.
2023-02-17 16:52:17,493 - INFO - Beginning optimization with guess, [8.23964055].
2023-02-17 16:52:17,555 - INFO - Finished optimization with guess, [8.23964055].
2023-02-17 16:52:17,555 - INFO - Best fit parameters: [8.23964055].
2023-02-17 16:52:17,585 - INFO - Maximum log composite likelihood: --.
2023-02-17 16:52:17,586 - INFO - Optimal value of theta: 0.0.
2023-02-17 16:52:17,586 - INFO - Beginning optimization with guess, [10.42840838].
2023-02-17 16:52:17,648 - INFO - Finished optimization with guess, [10.42840838].
2023-02-17 16:52:17,648 - INFO - Best fit parameters: [10.42840838].
2023-02-17 16:52:17,678 - INFO - Maximum log composite likelihood: --.
2023-02-17 16:52:17,679 - INFO - Optimal value of theta: 0.0.
2023-02-17 16:52:17,679 - INFO - Beginning optimization with guess, [8.98306687].
2023-02-17 16:52:17,740 - INFO - Finished optimization with guess, [8.98306687].
2023-02-17 16:52:17,741 - INFO - Best fit parameters: [8.98306687].
2023-02-17 16:52:17,771 - INFO - Maximum log composite likelihood: --.
2023-02-17 16:52:17,771 - INFO - Optimal value of theta: 0.0.
