2022-11-02 12:48:49,685 - INFO - Beginning execution of fit_one_epoch.py in directory /u/project/ngarud/jonmah/demo_for_ccgb/Scripts

2022-11-02 12:48:49,685 - INFO - Progress is being logged to ../Analysis/Kingella_oralis_61952_oral/masked_log.log

2022-11-02 12:48:49,685 - INFO - Parsed the following arguments:
	syn_input_sfs = ../Data/oral_microbiome_sfs/Kingella_oralis_61952_sfs/folded_sfs_10.txt
	mask_singletons = True
	mask_doubletons = False
	outprefix = ../Analysis/Kingella_oralis_61952_oral/masked

2022-11-02 12:48:49,695 - INFO - Beginning demographic inference for one-epoch demographic model.
2022-11-02 12:48:49,697 - INFO - Beginning optimization with guess, [0.09419704].
2022-11-02 12:48:49,733 - INFO - Finished optimization with guess, [0.09419704].
2022-11-02 12:48:49,733 - INFO - Best fit parameters: [0.09419704].
2022-11-02 12:48:49,750 - INFO - Maximum log composite likelihood: -164.43579486813906.
2022-11-02 12:48:49,750 - INFO - Optimal value of theta: 9649.847140996015.
2022-11-02 12:48:49,750 - INFO - Beginning optimization with guess, [0.26036786].
2022-11-02 12:48:49,781 - INFO - Finished optimization with guess, [0.26036786].
2022-11-02 12:48:49,782 - INFO - Best fit parameters: [0.26036786].
2022-11-02 12:48:49,797 - INFO - Maximum log composite likelihood: -164.43579486813906.
2022-11-02 12:48:49,797 - INFO - Optimal value of theta: 9649.847140996015.
2022-11-02 12:48:49,798 - INFO - Beginning optimization with guess, [0.5006486].
2022-11-02 12:48:49,828 - INFO - Finished optimization with guess, [0.5006486].
2022-11-02 12:48:49,828 - INFO - Best fit parameters: [0.5006486].
2022-11-02 12:48:49,843 - INFO - Maximum log composite likelihood: -164.43579486813906.
2022-11-02 12:48:49,843 - INFO - Optimal value of theta: 9649.847140996015.
2022-11-02 12:48:49,844 - INFO - Beginning optimization with guess, [0.2036779].
2022-11-02 12:48:49,874 - INFO - Finished optimization with guess, [0.2036779].
2022-11-02 12:48:49,874 - INFO - Best fit parameters: [0.2036779].
2022-11-02 12:48:49,889 - INFO - Maximum log composite likelihood: -164.43579486813906.
2022-11-02 12:48:49,890 - INFO - Optimal value of theta: 9649.847140996015.
2022-11-02 12:48:49,890 - INFO - Beginning optimization with guess, [0.85431772].
2022-11-02 12:48:49,921 - INFO - Finished optimization with guess, [0.85431772].
2022-11-02 12:48:49,921 - INFO - Best fit parameters: [0.85431772].
2022-11-02 12:48:49,937 - INFO - Maximum log composite likelihood: -164.43579486813906.
2022-11-02 12:48:49,937 - INFO - Optimal value of theta: 9649.847140996015.
2022-11-02 12:48:49,938 - INFO - Beginning optimization with guess, [0.30507545].
2022-11-02 12:48:49,968 - INFO - Finished optimization with guess, [0.30507545].
2022-11-02 12:48:49,968 - INFO - Best fit parameters: [0.30507545].
2022-11-02 12:48:49,983 - INFO - Maximum log composite likelihood: -164.43579486813906.
2022-11-02 12:48:49,984 - INFO - Optimal value of theta: 9649.847140996015.
2022-11-02 12:48:49,984 - INFO - Beginning optimization with guess, [0.40279726].
2022-11-02 12:48:50,015 - INFO - Finished optimization with guess, [0.40279726].
2022-11-02 12:48:50,016 - INFO - Best fit parameters: [0.40279726].
2022-11-02 12:48:50,031 - INFO - Maximum log composite likelihood: -164.43579486813906.
2022-11-02 12:48:50,032 - INFO - Optimal value of theta: 9649.847140996015.
2022-11-02 12:48:50,032 - INFO - Beginning optimization with guess, [0.5304028].
2022-11-02 12:48:50,064 - INFO - Finished optimization with guess, [0.5304028].
2022-11-02 12:48:50,064 - INFO - Best fit parameters: [0.5304028].
2022-11-02 12:48:50,079 - INFO - Maximum log composite likelihood: -164.43579486813906.
2022-11-02 12:48:50,080 - INFO - Optimal value of theta: 9649.847140996015.
2022-11-02 12:48:50,080 - INFO - Beginning optimization with guess, [0.54802298].
2022-11-02 12:48:50,111 - INFO - Finished optimization with guess, [0.54802298].
2022-11-02 12:48:50,111 - INFO - Best fit parameters: [0.54802298].
2022-11-02 12:48:50,126 - INFO - Maximum log composite likelihood: -164.43579486813906.
2022-11-02 12:48:50,127 - INFO - Optimal value of theta: 9649.847140996015.
2022-11-02 12:48:50,127 - INFO - Beginning optimization with guess, [0.57412597].
2022-11-02 12:48:50,158 - INFO - Finished optimization with guess, [0.57412597].
2022-11-02 12:48:50,158 - INFO - Best fit parameters: [0.57412597].
2022-11-02 12:48:50,174 - INFO - Maximum log composite likelihood: -164.43579486813906.
2022-11-02 12:48:50,174 - INFO - Optimal value of theta: 9649.847140996015.
2022-11-02 12:48:50,175 - INFO - Beginning optimization with guess, [1.06609619].
2022-11-02 12:48:50,206 - INFO - Finished optimization with guess, [1.06609619].
2022-11-02 12:48:50,206 - INFO - Best fit parameters: [1.06609619].
2022-11-02 12:48:50,221 - INFO - Maximum log composite likelihood: -164.43579486813906.
2022-11-02 12:48:50,222 - INFO - Optimal value of theta: 9649.847140996015.
2022-11-02 12:48:50,222 - INFO - Beginning optimization with guess, [2.15333191].
2022-11-02 12:48:50,253 - INFO - Finished optimization with guess, [2.15333191].
2022-11-02 12:48:50,253 - INFO - Best fit parameters: [2.15333191].
2022-11-02 12:48:50,268 - INFO - Maximum log composite likelihood: -164.43579486813906.
2022-11-02 12:48:50,269 - INFO - Optimal value of theta: 9649.847140996015.
2022-11-02 12:48:50,269 - INFO - Beginning optimization with guess, [1.95117418].
2022-11-02 12:48:50,301 - INFO - Finished optimization with guess, [1.95117418].
2022-11-02 12:48:50,301 - INFO - Best fit parameters: [1.95117418].
2022-11-02 12:48:50,317 - INFO - Maximum log composite likelihood: -164.43579486813906.
2022-11-02 12:48:50,318 - INFO - Optimal value of theta: 9649.847140996015.
2022-11-02 12:48:50,318 - INFO - Beginning optimization with guess, [1.30841679].
2022-11-02 12:48:50,351 - INFO - Finished optimization with guess, [1.30841679].
2022-11-02 12:48:50,351 - INFO - Best fit parameters: [1.30841679].
2022-11-02 12:48:50,367 - INFO - Maximum log composite likelihood: -164.43579486813906.
2022-11-02 12:48:50,368 - INFO - Optimal value of theta: 9649.847140996015.
2022-11-02 12:48:50,368 - INFO - Beginning optimization with guess, [2.93589433].
2022-11-02 12:48:50,399 - INFO - Finished optimization with guess, [2.93589433].
2022-11-02 12:48:50,400 - INFO - Best fit parameters: [2.93589433].
2022-11-02 12:48:50,415 - INFO - Maximum log composite likelihood: -164.43579486813906.
2022-11-02 12:48:50,416 - INFO - Optimal value of theta: 9649.847140996015.
2022-11-02 12:48:50,416 - INFO - Beginning optimization with guess, [1.70594827].
2022-11-02 12:48:50,447 - INFO - Finished optimization with guess, [1.70594827].
2022-11-02 12:48:50,447 - INFO - Best fit parameters: [1.70594827].
2022-11-02 12:48:50,463 - INFO - Maximum log composite likelihood: -164.43579486813906.
2022-11-02 12:48:50,463 - INFO - Optimal value of theta: 9649.847140996015.
2022-11-02 12:48:50,463 - INFO - Beginning optimization with guess, [2.52040222].
2022-11-02 12:48:50,494 - INFO - Finished optimization with guess, [2.52040222].
2022-11-02 12:48:50,495 - INFO - Best fit parameters: [2.52040222].
2022-11-02 12:48:50,510 - INFO - Maximum log composite likelihood: -164.43579486813906.
2022-11-02 12:48:50,510 - INFO - Optimal value of theta: 9649.847140996015.
2022-11-02 12:48:50,511 - INFO - Beginning optimization with guess, [3.66988496].
2022-11-02 12:48:50,542 - INFO - Finished optimization with guess, [3.66988496].
2022-11-02 12:48:50,542 - INFO - Best fit parameters: [3.66988496].
2022-11-02 12:48:50,557 - INFO - Maximum log composite likelihood: -164.43579486813906.
2022-11-02 12:48:50,558 - INFO - Optimal value of theta: 9649.847140996015.
2022-11-02 12:48:50,558 - INFO - Beginning optimization with guess, [3.8716355].
2022-11-02 12:48:50,589 - INFO - Finished optimization with guess, [3.8716355].
2022-11-02 12:48:50,590 - INFO - Best fit parameters: [3.8716355].
2022-11-02 12:48:50,605 - INFO - Maximum log composite likelihood: -164.43579486813906.
2022-11-02 12:48:50,605 - INFO - Optimal value of theta: 9649.847140996015.
2022-11-02 12:48:50,606 - INFO - Beginning optimization with guess, [2.71270849].
2022-11-02 12:48:50,645 - INFO - Finished optimization with guess, [2.71270849].
2022-11-02 12:48:50,646 - INFO - Best fit parameters: [2.71270849].
2022-11-02 12:48:50,661 - INFO - Maximum log composite likelihood: -164.43579486813906.
2022-11-02 12:48:50,662 - INFO - Optimal value of theta: 9649.847140996015.
2022-11-02 12:48:50,662 - INFO - Beginning optimization with guess, [4.74569829].
2022-11-02 12:48:50,693 - INFO - Finished optimization with guess, [4.74569829].
2022-11-02 12:48:50,694 - INFO - Best fit parameters: [4.74569829].
2022-11-02 12:48:50,709 - INFO - Maximum log composite likelihood: -164.43579486813906.
2022-11-02 12:48:50,709 - INFO - Optimal value of theta: 9649.847140996015.
2022-11-02 12:48:50,710 - INFO - Beginning optimization with guess, [5.94147259].
2022-11-02 12:48:50,740 - INFO - Finished optimization with guess, [5.94147259].
2022-11-02 12:48:50,740 - INFO - Best fit parameters: [5.94147259].
2022-11-02 12:48:50,755 - INFO - Maximum log composite likelihood: -164.43579486813906.
2022-11-02 12:48:50,756 - INFO - Optimal value of theta: 9649.847140996015.
2022-11-02 12:48:50,756 - INFO - Beginning optimization with guess, [3.50490897].
2022-11-02 12:48:50,787 - INFO - Finished optimization with guess, [3.50490897].
2022-11-02 12:48:50,788 - INFO - Best fit parameters: [3.50490897].
2022-11-02 12:48:50,803 - INFO - Maximum log composite likelihood: -164.43579486813906.
2022-11-02 12:48:50,803 - INFO - Optimal value of theta: 9649.847140996015.
2022-11-02 12:48:50,803 - INFO - Beginning optimization with guess, [9.1798015].
2022-11-02 12:48:50,835 - INFO - Finished optimization with guess, [9.1798015].
2022-11-02 12:48:50,836 - INFO - Best fit parameters: [9.1798015].
2022-11-02 12:48:50,851 - INFO - Maximum log composite likelihood: -164.43579486813906.
2022-11-02 12:48:50,851 - INFO - Optimal value of theta: 9649.847140996015.
2022-11-02 12:48:50,852 - INFO - Beginning optimization with guess, [4.1307616].
2022-11-02 12:48:50,883 - INFO - Finished optimization with guess, [4.1307616].
2022-11-02 12:48:50,883 - INFO - Best fit parameters: [4.1307616].
2022-11-02 12:48:50,898 - INFO - Maximum log composite likelihood: -164.43579486813906.
2022-11-02 12:48:50,899 - INFO - Optimal value of theta: 9649.847140996015.
2022-11-02 12:48:50,901 - INFO - Finished demographic inference.
2022-11-02 12:48:50,901 - INFO - Pipeline executed succesfully.
