2022-02-04 10:21:03,981 - INFO - Beginning execution of fit_one_epoch.py in directory /u/project/ngarud/jonmah/demo_for_ccgb/Scripts

2022-02-04 10:21:03,982 - INFO - Progress is being logged to ../Analysis/Alistipes_onderdonkii_55464_no_mask/log.log

2022-02-04 10:21:03,982 - INFO - Parsed the following arguments:
	mask_doubletons = False
	syn_input_sfs = ../Data/Alistipes_onderdonkii_55464_syn.sfs
	mask_singletons = False
	outprefix = ../Analysis/Alistipes_onderdonkii_55464_no_mask/

2022-02-04 10:21:03,989 - INFO - Beginning demographic inference for one-epoch demographic model.
2022-02-04 10:21:03,991 - INFO - Beginning optimization with guess, [7.92].
2022-02-04 10:21:04,489 - INFO - Finished optimization with guess, [7.92].
2022-02-04 10:21:04,490 - INFO - Best fit parameters: [8.].
2022-02-04 10:21:04,729 - INFO - Maximum log composite likelihood: -453.284486831.
2022-02-04 10:21:04,730 - INFO - Optimal value of theta: 5912.61601778.
2022-02-04 10:21:04,730 - INFO - Beginning optimization with guess, [7.92].
2022-02-04 10:21:05,213 - INFO - Finished optimization with guess, [7.92].
2022-02-04 10:21:05,213 - INFO - Best fit parameters: [8.].
2022-02-04 10:21:05,454 - INFO - Maximum log composite likelihood: -453.284486831.
2022-02-04 10:21:05,454 - INFO - Optimal value of theta: 5912.61601778.
2022-02-04 10:21:05,455 - INFO - Beginning optimization with guess, [7.92].
2022-02-04 10:21:05,935 - INFO - Finished optimization with guess, [7.92].
2022-02-04 10:21:05,935 - INFO - Best fit parameters: [8.].
2022-02-04 10:21:06,174 - INFO - Maximum log composite likelihood: -453.284486831.
2022-02-04 10:21:06,175 - INFO - Optimal value of theta: 5912.61601778.
2022-02-04 10:21:06,175 - INFO - Beginning optimization with guess, [7.92].
2022-02-04 10:21:06,659 - INFO - Finished optimization with guess, [7.92].
2022-02-04 10:21:06,659 - INFO - Best fit parameters: [8.].
2022-02-04 10:21:06,902 - INFO - Maximum log composite likelihood: -453.284486831.
2022-02-04 10:21:06,902 - INFO - Optimal value of theta: 5912.61601778.
2022-02-04 10:21:06,902 - INFO - Beginning optimization with guess, [7.92].
2022-02-04 10:21:07,383 - INFO - Finished optimization with guess, [7.92].
2022-02-04 10:21:07,384 - INFO - Best fit parameters: [8.].
2022-02-04 10:21:07,624 - INFO - Maximum log composite likelihood: -453.284486831.
2022-02-04 10:21:07,625 - INFO - Optimal value of theta: 5912.61601778.
2022-02-04 10:21:07,625 - INFO - Beginning optimization with guess, [7.92].
2022-02-04 10:21:08,109 - INFO - Finished optimization with guess, [7.92].
2022-02-04 10:21:08,109 - INFO - Best fit parameters: [8.].
2022-02-04 10:21:08,348 - INFO - Maximum log composite likelihood: -453.284486831.
2022-02-04 10:21:08,348 - INFO - Optimal value of theta: 5912.61601778.
2022-02-04 10:21:08,349 - INFO - Beginning optimization with guess, [7.92].
2022-02-04 10:21:08,829 - INFO - Finished optimization with guess, [7.92].
2022-02-04 10:21:08,829 - INFO - Best fit parameters: [8.].
2022-02-04 10:21:09,069 - INFO - Maximum log composite likelihood: -453.284486831.
2022-02-04 10:21:09,069 - INFO - Optimal value of theta: 5912.61601778.
2022-02-04 10:21:09,070 - INFO - Beginning optimization with guess, [7.92].
2022-02-04 10:21:09,551 - INFO - Finished optimization with guess, [7.92].
2022-02-04 10:21:09,551 - INFO - Best fit parameters: [8.].
2022-02-04 10:21:09,791 - INFO - Maximum log composite likelihood: -453.284486831.
2022-02-04 10:21:09,791 - INFO - Optimal value of theta: 5912.61601778.
2022-02-04 10:21:09,792 - INFO - Beginning optimization with guess, [7.92].
2022-02-04 10:21:10,272 - INFO - Finished optimization with guess, [7.92].
2022-02-04 10:21:10,272 - INFO - Best fit parameters: [8.].
2022-02-04 10:21:10,513 - INFO - Maximum log composite likelihood: -453.284486831.
2022-02-04 10:21:10,514 - INFO - Optimal value of theta: 5912.61601778.
2022-02-04 10:21:10,514 - INFO - Beginning optimization with guess, [7.92].
2022-02-04 10:21:10,996 - INFO - Finished optimization with guess, [7.92].
2022-02-04 10:21:10,996 - INFO - Best fit parameters: [8.].
2022-02-04 10:21:11,236 - INFO - Maximum log composite likelihood: -453.284486831.
2022-02-04 10:21:11,237 - INFO - Optimal value of theta: 5912.61601778.
2022-02-04 10:21:11,237 - INFO - Beginning optimization with guess, [7.92].
2022-02-04 10:21:11,720 - INFO - Finished optimization with guess, [7.92].
2022-02-04 10:21:11,721 - INFO - Best fit parameters: [8.].
2022-02-04 10:21:11,961 - INFO - Maximum log composite likelihood: -453.284486831.
2022-02-04 10:21:11,962 - INFO - Optimal value of theta: 5912.61601778.
2022-02-04 10:21:11,962 - INFO - Beginning optimization with guess, [7.92].
2022-02-04 10:21:12,445 - INFO - Finished optimization with guess, [7.92].
2022-02-04 10:21:12,446 - INFO - Best fit parameters: [8.].
2022-02-04 10:21:12,686 - INFO - Maximum log composite likelihood: -453.284486831.
2022-02-04 10:21:12,687 - INFO - Optimal value of theta: 5912.61601778.
2022-02-04 10:21:12,687 - INFO - Beginning optimization with guess, [7.92].
2022-02-04 10:21:13,167 - INFO - Finished optimization with guess, [7.92].
2022-02-04 10:21:13,167 - INFO - Best fit parameters: [8.].
2022-02-04 10:21:13,408 - INFO - Maximum log composite likelihood: -453.284486831.
2022-02-04 10:21:13,409 - INFO - Optimal value of theta: 5912.61601778.
2022-02-04 10:21:13,409 - INFO - Beginning optimization with guess, [7.92].
2022-02-04 10:21:13,888 - INFO - Finished optimization with guess, [7.92].
2022-02-04 10:21:13,888 - INFO - Best fit parameters: [8.].
2022-02-04 10:21:14,128 - INFO - Maximum log composite likelihood: -453.284486831.
2022-02-04 10:21:14,128 - INFO - Optimal value of theta: 5912.61601778.
2022-02-04 10:21:14,128 - INFO - Beginning optimization with guess, [7.92].
2022-02-04 10:21:14,608 - INFO - Finished optimization with guess, [7.92].
2022-02-04 10:21:14,608 - INFO - Best fit parameters: [8.].
2022-02-04 10:21:14,848 - INFO - Maximum log composite likelihood: -453.284486831.
2022-02-04 10:21:14,848 - INFO - Optimal value of theta: 5912.61601778.
2022-02-04 10:21:14,849 - INFO - Beginning optimization with guess, [7.92].
2022-02-04 10:21:15,329 - INFO - Finished optimization with guess, [7.92].
2022-02-04 10:21:15,330 - INFO - Best fit parameters: [8.].
2022-02-04 10:21:15,572 - INFO - Maximum log composite likelihood: -453.284486831.
2022-02-04 10:21:15,573 - INFO - Optimal value of theta: 5912.61601778.
2022-02-04 10:21:15,573 - INFO - Beginning optimization with guess, [7.92].
2022-02-04 10:21:16,052 - INFO - Finished optimization with guess, [7.92].
2022-02-04 10:21:16,053 - INFO - Best fit parameters: [8.].
2022-02-04 10:21:16,292 - INFO - Maximum log composite likelihood: -453.284486831.
2022-02-04 10:21:16,293 - INFO - Optimal value of theta: 5912.61601778.
2022-02-04 10:21:16,293 - INFO - Beginning optimization with guess, [7.92].
2022-02-04 10:21:16,777 - INFO - Finished optimization with guess, [7.92].
2022-02-04 10:21:16,777 - INFO - Best fit parameters: [8.].
2022-02-04 10:21:17,019 - INFO - Maximum log composite likelihood: -453.284486831.
2022-02-04 10:21:17,020 - INFO - Optimal value of theta: 5912.61601778.
2022-02-04 10:21:17,020 - INFO - Beginning optimization with guess, [7.92].
2022-02-04 10:21:17,501 - INFO - Finished optimization with guess, [7.92].
2022-02-04 10:21:17,502 - INFO - Best fit parameters: [8.].
2022-02-04 10:21:17,743 - INFO - Maximum log composite likelihood: -453.284486831.
2022-02-04 10:21:17,743 - INFO - Optimal value of theta: 5912.61601778.
2022-02-04 10:21:17,743 - INFO - Beginning optimization with guess, [7.92].
2022-02-04 10:21:18,223 - INFO - Finished optimization with guess, [7.92].
2022-02-04 10:21:18,223 - INFO - Best fit parameters: [8.].
2022-02-04 10:21:18,463 - INFO - Maximum log composite likelihood: -453.284486831.
2022-02-04 10:21:18,463 - INFO - Optimal value of theta: 5912.61601778.
2022-02-04 10:21:18,463 - INFO - Beginning optimization with guess, [7.92].
2022-02-04 10:21:18,942 - INFO - Finished optimization with guess, [7.92].
2022-02-04 10:21:18,943 - INFO - Best fit parameters: [8.].
2022-02-04 10:21:19,182 - INFO - Maximum log composite likelihood: -453.284486831.
2022-02-04 10:21:19,183 - INFO - Optimal value of theta: 5912.61601778.
2022-02-04 10:21:19,183 - INFO - Beginning optimization with guess, [7.92].
2022-02-04 10:21:19,664 - INFO - Finished optimization with guess, [7.92].
2022-02-04 10:21:19,664 - INFO - Best fit parameters: [8.].
2022-02-04 10:21:19,904 - INFO - Maximum log composite likelihood: -453.284486831.
2022-02-04 10:21:19,904 - INFO - Optimal value of theta: 5912.61601778.
2022-02-04 10:21:19,905 - INFO - Beginning optimization with guess, [7.92].
2022-02-04 10:21:20,385 - INFO - Finished optimization with guess, [7.92].
2022-02-04 10:21:20,385 - INFO - Best fit parameters: [8.].
2022-02-04 10:21:20,626 - INFO - Maximum log composite likelihood: -453.284486831.
2022-02-04 10:21:20,626 - INFO - Optimal value of theta: 5912.61601778.
2022-02-04 10:21:20,626 - INFO - Beginning optimization with guess, [7.92].
2022-02-04 10:21:21,107 - INFO - Finished optimization with guess, [7.92].
2022-02-04 10:21:21,107 - INFO - Best fit parameters: [8.].
2022-02-04 10:21:21,347 - INFO - Maximum log composite likelihood: -453.284486831.
2022-02-04 10:21:21,348 - INFO - Optimal value of theta: 5912.61601778.
2022-02-04 10:21:21,348 - INFO - Beginning optimization with guess, [7.92].
2022-02-04 10:21:21,831 - INFO - Finished optimization with guess, [7.92].
2022-02-04 10:21:21,832 - INFO - Best fit parameters: [8.].
2022-02-04 10:21:22,072 - INFO - Maximum log composite likelihood: -453.284486831.
2022-02-04 10:21:22,073 - INFO - Optimal value of theta: 5912.61601778.
2022-02-04 10:21:22,076 - INFO - Beginning demographic inference for two-epoch demographic model.
2022-02-04 10:21:22,077 - INFO - Beginning optimization with guess, [1.31446063e-01 7.46422394e-06].
2022-02-04 10:21:30,108 - INFO - Finished optimization with guess, [1.31446063e-01 7.46422394e-06].
2022-02-04 10:21:30,109 - INFO - Best fit parameters: [9.82492729e-03 8.10820273e-05].
2022-02-04 10:21:30,350 - INFO - Maximum log composite likelihood: -400.687317683.
2022-02-04 10:21:30,351 - INFO - Optimal value of theta: 6166.74324533.
2022-02-04 10:21:30,351 - INFO - Beginning optimization with guess, [3.74723479e-01 5.01767478e-06].
2022-02-04 10:21:39,085 - INFO - Finished optimization with guess, [3.74723479e-01 5.01767478e-06].
2022-02-04 10:21:39,086 - INFO - Best fit parameters: [9.35739946e-03 6.35724369e-05].
2022-02-04 10:21:39,329 - INFO - Maximum log composite likelihood: -402.237649268.
2022-02-04 10:21:39,329 - INFO - Optimal value of theta: 6124.23148079.
2022-02-04 10:21:39,330 - INFO - Beginning optimization with guess, [2.44819424e-01 7.53757222e-06].
2022-02-04 10:21:46,679 - INFO - Finished optimization with guess, [2.44819424e-01 7.53757222e-06].
2022-02-04 10:21:46,679 - INFO - Best fit parameters: [1.17841593e-02 9.41285787e-05].
2022-02-04 10:21:46,921 - INFO - Maximum log composite likelihood: -400.526607205.
2022-02-04 10:21:46,921 - INFO - Optimal value of theta: 6158.14936389.
2022-02-04 10:21:46,922 - INFO - Beginning optimization with guess, [6.43509057e-01 1.82233725e-05].
2022-02-04 10:21:54,886 - INFO - Finished optimization with guess, [6.43509057e-01 1.82233725e-05].
2022-02-04 10:21:54,886 - INFO - Best fit parameters: [0.01698749 0.00013604].
2022-02-04 10:21:55,129 - INFO - Maximum log composite likelihood: -400.467168718.
2022-02-04 10:21:55,129 - INFO - Optimal value of theta: 6157.39873757.
2022-02-04 10:21:55,130 - INFO - Beginning optimization with guess, [3.73902553e-01 8.18426344e-06].
2022-02-04 10:22:02,975 - INFO - Finished optimization with guess, [3.73902553e-01 8.18426344e-06].
2022-02-04 10:22:02,977 - INFO - Best fit parameters: [1.27509525e-02 9.32985799e-05].
2022-02-04 10:22:03,220 - INFO - Maximum log composite likelihood: -401.320392605.
2022-02-04 10:22:03,220 - INFO - Optimal value of theta: 6138.69918173.
2022-02-04 10:22:03,221 - INFO - Beginning optimization with guess, [3.91752542e-01 7.75172441e-06].
2022-02-04 10:22:11,900 - INFO - Finished optimization with guess, [3.91752542e-01 7.75172441e-06].
2022-02-04 10:22:11,901 - INFO - Best fit parameters: [1.17238198e-02 9.03646777e-05].
2022-02-04 10:22:12,143 - INFO - Maximum log composite likelihood: -400.807932023.
2022-02-04 10:22:12,143 - INFO - Optimal value of theta: 6150.18386127.
2022-02-04 10:22:12,144 - INFO - Beginning optimization with guess, [1.39194099e+00 1.41051524e-05].
2022-02-04 10:22:21,731 - INFO - Finished optimization with guess, [1.39194099e+00 1.41051524e-05].
2022-02-04 10:22:21,732 - INFO - Best fit parameters: [4.23286253e-04 3.04105436e-06].
2022-02-04 10:22:21,976 - INFO - Maximum log composite likelihood: -401.538647022.
2022-02-04 10:22:21,977 - INFO - Optimal value of theta: 6137.74358358.
2022-02-04 10:22:21,977 - INFO - Beginning optimization with guess, [6.52715736e-01 6.45327141e-06].
2022-02-04 10:23:40,855 - INFO - Finished optimization with guess, [6.52715736e-01 6.45327141e-06].
2022-02-04 10:23:40,856 - INFO - Best fit parameters: [5.48427682e-03 5.07214939e-05].
2022-02-04 10:23:41,099 - INFO - Maximum log composite likelihood: -402.024543562.
2022-02-04 10:23:41,099 - INFO - Optimal value of theta: 6197.94381065.
2022-02-04 10:23:41,100 - INFO - Beginning optimization with guess, [7.79604034e-01 1.02996537e-05].
2022-02-04 10:23:47,642 - INFO - Finished optimization with guess, [7.79604034e-01 1.02996537e-05].
2022-02-04 10:23:47,643 - INFO - Best fit parameters: [6.01357536e-03 5.75382346e-05].
2022-02-04 10:23:47,889 - INFO - Maximum log composite likelihood: -402.592546414.
2022-02-04 10:23:47,889 - INFO - Optimal value of theta: 6207.22723002.
2022-02-04 10:23:47,890 - INFO - Beginning optimization with guess, [9.90385680e-01 1.17461266e-05].
2022-02-04 11:20:56,008 - INFO - Finished optimization with guess, [9.90385680e-01 1.17461266e-05].
2022-02-04 11:20:56,009 - INFO - Best fit parameters: [3.70962447e-03 2.97640825e-05].
2022-02-04 11:20:56,253 - INFO - Maximum log composite likelihood: -400.617619874.
2022-02-04 11:20:56,253 - INFO - Optimal value of theta: 6161.31781575.
2022-02-04 11:20:56,254 - INFO - Beginning optimization with guess, [1.69351135e+00 9.21569866e-06].
2022-02-04 11:21:04,762 - INFO - Finished optimization with guess, [1.69351135e+00 9.21569866e-06].
2022-02-04 11:21:04,763 - INFO - Best fit parameters: [4.81428619e-06 4.20695827e-08].
2022-02-04 11:21:05,004 - INFO - Maximum log composite likelihood: -401.398884071.
2022-02-04 11:21:05,005 - INFO - Optimal value of theta: 6184.23117354.
2022-02-04 11:21:05,005 - INFO - Beginning optimization with guess, [2.76874725e+00 1.43394105e-05].
