2023-03-29 14:04:03,869 - INFO - Beginning execution of fit_one_epoch.py in directory /u/project/ngarud/jonmah/demo_for_ccgb/Scripts

2023-03-29 14:04:03,869 - INFO - Progress is being logged to ../Data/UHGG/UHGG_Odoribacter_splanchnicus/log.log

2023-03-29 14:04:03,869 - INFO - Parsed the following arguments:
	syn_input_sfs = ../Data/UHGG/UHGG_Odoribacter_splanchnicus/downsampled_sfs.txt
	mask_singletons = False
	mask_doubletons = False
	outprefix = ../Data/UHGG/UHGG_Odoribacter_splanchnicus/

2023-03-29 14:04:03,874 - INFO - Beginning demographic inference for one-epoch demographic model.
2023-03-29 14:04:03,876 - INFO - Beginning optimization with guess, [0.17385668].
2023-03-29 14:04:03,926 - INFO - Finished optimization with guess, [0.17385668].
2023-03-29 14:04:03,926 - INFO - Best fit parameters: [0.17385668].
2023-03-29 14:04:03,950 - INFO - Maximum log composite likelihood: -161.40713689441054.
2023-03-29 14:04:03,951 - INFO - Optimal value of theta: 6504.373642177141.
2023-03-29 14:04:03,951 - INFO - Beginning optimization with guess, [0.23427583].
2023-03-29 14:04:04,000 - INFO - Finished optimization with guess, [0.23427583].
2023-03-29 14:04:04,000 - INFO - Best fit parameters: [0.23427583].
2023-03-29 14:04:04,025 - INFO - Maximum log composite likelihood: -161.40713689441054.
2023-03-29 14:04:04,025 - INFO - Optimal value of theta: 6504.373642177141.
2023-03-29 14:04:04,025 - INFO - Beginning optimization with guess, [0.20691757].
2023-03-29 14:04:04,074 - INFO - Finished optimization with guess, [0.20691757].
2023-03-29 14:04:04,075 - INFO - Best fit parameters: [0.20691757].
2023-03-29 14:04:04,099 - INFO - Maximum log composite likelihood: -161.40713689441054.
2023-03-29 14:04:04,099 - INFO - Optimal value of theta: 6504.373642177141.
2023-03-29 14:04:04,100 - INFO - Beginning optimization with guess, [0.44717274].
2023-03-29 14:04:04,149 - INFO - Finished optimization with guess, [0.44717274].
2023-03-29 14:04:04,149 - INFO - Best fit parameters: [0.44717274].
2023-03-29 14:04:04,173 - INFO - Maximum log composite likelihood: -161.40713689441054.
2023-03-29 14:04:04,174 - INFO - Optimal value of theta: 6504.373642177141.
2023-03-29 14:04:04,174 - INFO - Beginning optimization with guess, [0.32941258].
2023-03-29 14:04:04,223 - INFO - Finished optimization with guess, [0.32941258].
2023-03-29 14:04:04,223 - INFO - Best fit parameters: [0.32941258].
2023-03-29 14:04:04,248 - INFO - Maximum log composite likelihood: -161.40713689441054.
2023-03-29 14:04:04,248 - INFO - Optimal value of theta: 6504.373642177141.
2023-03-29 14:04:04,248 - INFO - Beginning optimization with guess, [0.83922677].
2023-03-29 14:04:04,298 - INFO - Finished optimization with guess, [0.83922677].
2023-03-29 14:04:04,298 - INFO - Best fit parameters: [0.83922677].
2023-03-29 14:04:04,322 - INFO - Maximum log composite likelihood: -161.40713689441054.
2023-03-29 14:04:04,322 - INFO - Optimal value of theta: 6504.373642177141.
2023-03-29 14:04:04,323 - INFO - Beginning optimization with guess, [0.75524085].
2023-03-29 14:04:04,372 - INFO - Finished optimization with guess, [0.75524085].
2023-03-29 14:04:04,372 - INFO - Best fit parameters: [0.75524085].
2023-03-29 14:04:04,397 - INFO - Maximum log composite likelihood: -161.40713689441054.
2023-03-29 14:04:04,397 - INFO - Optimal value of theta: 6504.373642177141.
2023-03-29 14:04:04,397 - INFO - Beginning optimization with guess, [1.40637618].
2023-03-29 14:04:04,446 - INFO - Finished optimization with guess, [1.40637618].
2023-03-29 14:04:04,446 - INFO - Best fit parameters: [1.40637618].
2023-03-29 14:04:04,471 - INFO - Maximum log composite likelihood: -161.40713689441054.
2023-03-29 14:04:04,471 - INFO - Optimal value of theta: 6504.373642177141.
2023-03-29 14:04:04,471 - INFO - Beginning optimization with guess, [1.09615389].
2023-03-29 14:04:04,521 - INFO - Finished optimization with guess, [1.09615389].
2023-03-29 14:04:04,521 - INFO - Best fit parameters: [1.09615389].
2023-03-29 14:04:04,545 - INFO - Maximum log composite likelihood: -161.40713689441054.
2023-03-29 14:04:04,546 - INFO - Optimal value of theta: 6504.373642177141.
2023-03-29 14:04:04,546 - INFO - Beginning optimization with guess, [1.45306216].
2023-03-29 14:04:04,595 - INFO - Finished optimization with guess, [1.45306216].
2023-03-29 14:04:04,595 - INFO - Best fit parameters: [1.45306216].
2023-03-29 14:04:04,620 - INFO - Maximum log composite likelihood: -161.40713689441054.
2023-03-29 14:04:04,620 - INFO - Optimal value of theta: 6504.373642177141.
2023-03-29 14:04:04,620 - INFO - Beginning optimization with guess, [0.79828063].
2023-03-29 14:04:04,670 - INFO - Finished optimization with guess, [0.79828063].
2023-03-29 14:04:04,670 - INFO - Best fit parameters: [0.79828063].
2023-03-29 14:04:04,694 - INFO - Maximum log composite likelihood: -161.40713689441054.
2023-03-29 14:04:04,695 - INFO - Optimal value of theta: 6504.373642177141.
2023-03-29 14:04:04,695 - INFO - Beginning optimization with guess, [1.14588964].
2023-03-29 14:04:04,744 - INFO - Finished optimization with guess, [1.14588964].
2023-03-29 14:04:04,744 - INFO - Best fit parameters: [1.14588964].
2023-03-29 14:04:04,769 - INFO - Maximum log composite likelihood: -161.40713689441054.
2023-03-29 14:04:04,769 - INFO - Optimal value of theta: 6504.373642177141.
2023-03-29 14:04:04,769 - INFO - Beginning optimization with guess, [0.96611261].
2023-03-29 14:04:04,819 - INFO - Finished optimization with guess, [0.96611261].
2023-03-29 14:04:04,819 - INFO - Best fit parameters: [0.96611261].
2023-03-29 14:04:04,845 - INFO - Maximum log composite likelihood: -161.40713689441054.
2023-03-29 14:04:04,845 - INFO - Optimal value of theta: 6504.373642177141.
2023-03-29 14:04:04,845 - INFO - Beginning optimization with guess, [2.63175003].
2023-03-29 14:04:04,895 - INFO - Finished optimization with guess, [2.63175003].
2023-03-29 14:04:04,895 - INFO - Best fit parameters: [2.63175003].
2023-03-29 14:04:04,920 - INFO - Maximum log composite likelihood: -161.40713689441054.
2023-03-29 14:04:04,920 - INFO - Optimal value of theta: 6504.373642177141.
2023-03-29 14:04:04,920 - INFO - Beginning optimization with guess, [1.45052813].
2023-03-29 14:04:04,970 - INFO - Finished optimization with guess, [1.45052813].
2023-03-29 14:04:04,970 - INFO - Best fit parameters: [1.45052813].
2023-03-29 14:04:04,994 - INFO - Maximum log composite likelihood: -161.40713689441054.
2023-03-29 14:04:04,995 - INFO - Optimal value of theta: 6504.373642177141.
2023-03-29 14:04:04,995 - INFO - Beginning optimization with guess, [2.3645656].
2023-03-29 14:04:05,044 - INFO - Finished optimization with guess, [2.3645656].
2023-03-29 14:04:05,044 - INFO - Best fit parameters: [2.3645656].
2023-03-29 14:04:05,069 - INFO - Maximum log composite likelihood: -161.40713689441054.
2023-03-29 14:04:05,069 - INFO - Optimal value of theta: 6504.373642177141.
2023-03-29 14:04:05,069 - INFO - Beginning optimization with guess, [2.15284789].
2023-03-29 14:04:05,119 - INFO - Finished optimization with guess, [2.15284789].
2023-03-29 14:04:05,119 - INFO - Best fit parameters: [2.15284789].
2023-03-29 14:04:05,143 - INFO - Maximum log composite likelihood: -161.40713689441054.
2023-03-29 14:04:05,144 - INFO - Optimal value of theta: 6504.373642177141.
2023-03-29 14:04:05,144 - INFO - Beginning optimization with guess, [1.94691449].
2023-03-29 14:04:05,193 - INFO - Finished optimization with guess, [1.94691449].
2023-03-29 14:04:05,193 - INFO - Best fit parameters: [1.94691449].
2023-03-29 14:04:05,218 - INFO - Maximum log composite likelihood: -161.40713689441054.
2023-03-29 14:04:05,218 - INFO - Optimal value of theta: 6504.373642177141.
2023-03-29 14:04:05,218 - INFO - Beginning optimization with guess, [2.70424545].
2023-03-29 14:04:05,268 - INFO - Finished optimization with guess, [2.70424545].
2023-03-29 14:04:05,268 - INFO - Best fit parameters: [2.70424545].
2023-03-29 14:04:05,292 - INFO - Maximum log composite likelihood: -161.40713689441054.
2023-03-29 14:04:05,293 - INFO - Optimal value of theta: 6504.373642177141.
2023-03-29 14:04:05,293 - INFO - Beginning optimization with guess, [3.23601723].
2023-03-29 14:04:05,342 - INFO - Finished optimization with guess, [3.23601723].
2023-03-29 14:04:05,342 - INFO - Best fit parameters: [3.23601723].
2023-03-29 14:04:05,367 - INFO - Maximum log composite likelihood: -161.40713689441054.
2023-03-29 14:04:05,367 - INFO - Optimal value of theta: 6504.373642177141.
2023-03-29 14:04:05,367 - INFO - Beginning optimization with guess, [7.26828651].
2023-03-29 14:04:05,416 - INFO - Finished optimization with guess, [7.26828651].
2023-03-29 14:04:05,417 - INFO - Best fit parameters: [7.26828651].
2023-03-29 14:04:05,441 - INFO - Maximum log composite likelihood: -161.40713689441054.
2023-03-29 14:04:05,441 - INFO - Optimal value of theta: 6504.373642177141.
2023-03-29 14:04:05,442 - INFO - Beginning optimization with guess, [4.03433953].
2023-03-29 14:04:05,491 - INFO - Finished optimization with guess, [4.03433953].
2023-03-29 14:04:05,491 - INFO - Best fit parameters: [4.03433953].
2023-03-29 14:04:05,516 - INFO - Maximum log composite likelihood: -161.40713689441054.
2023-03-29 14:04:05,516 - INFO - Optimal value of theta: 6504.373642177141.
2023-03-29 14:04:05,516 - INFO - Beginning optimization with guess, [11.01760735].
2023-03-29 14:04:05,566 - INFO - Finished optimization with guess, [11.01760735].
2023-03-29 14:04:05,566 - INFO - Best fit parameters: [11.01760735].
2023-03-29 14:04:05,590 - INFO - Maximum log composite likelihood: -161.40713689441054.
2023-03-29 14:04:05,590 - INFO - Optimal value of theta: 6504.373642177141.
2023-03-29 14:04:05,591 - INFO - Beginning optimization with guess, [8.58649403].
2023-03-29 14:04:05,640 - INFO - Finished optimization with guess, [8.58649403].
2023-03-29 14:04:05,640 - INFO - Best fit parameters: [8.58649403].
2023-03-29 14:04:05,665 - INFO - Maximum log composite likelihood: -161.40713689441054.
2023-03-29 14:04:05,665 - INFO - Optimal value of theta: 6504.373642177141.
2023-03-29 14:04:05,665 - INFO - Beginning optimization with guess, [13.87842733].
2023-03-29 14:04:05,714 - INFO - Finished optimization with guess, [13.87842733].
2023-03-29 14:04:05,714 - INFO - Best fit parameters: [13.87842733].
2023-03-29 14:04:05,739 - INFO - Maximum log composite likelihood: -161.40713689441054.
2023-03-29 14:04:05,739 - INFO - Optimal value of theta: 6504.373642177141.
2023-03-29 14:04:05,741 - INFO - Finished demographic inference.
2023-03-29 14:04:05,741 - INFO - Pipeline executed succesfully.
