2023-02-17 16:16:33,948 - INFO - Beginning execution of fit_one_epoch.py in directory /u/project/ngarud/jonmah/demo_for_ccgb/Scripts

2023-02-17 16:16:33,948 - INFO - Progress is being logged to ../Analysis/Alistipes_finegoldii_56071_downsampled_16/log.log

2023-02-17 16:16:33,948 - INFO - Parsed the following arguments:
	syn_input_sfs = ../Analysis/Alistipes_finegoldii_56071_downsampled_16/empirical_sfs.txt
	mask_singletons = False
	mask_doubletons = False
	outprefix = ../Analysis/Alistipes_finegoldii_56071_downsampled_16/

2023-02-17 16:16:33,955 - INFO - Beginning demographic inference for one-epoch demographic model.
2023-02-17 16:16:33,956 - INFO - Beginning optimization with guess, [0.11877508].
2023-02-17 16:16:34,032 - INFO - Finished optimization with guess, [0.11877508].
2023-02-17 16:16:34,033 - INFO - Best fit parameters: [0.11877508].
2023-02-17 16:16:34,071 - INFO - Maximum log composite likelihood: -254.92853145861318.
2023-02-17 16:16:34,072 - INFO - Optimal value of theta: 5824.266934270152.
2023-02-17 16:16:34,072 - INFO - Beginning optimization with guess, [0.16721893].
2023-02-17 16:16:34,149 - INFO - Finished optimization with guess, [0.16721893].
2023-02-17 16:16:34,150 - INFO - Best fit parameters: [0.16721893].
2023-02-17 16:16:34,188 - INFO - Maximum log composite likelihood: -254.92853145861318.
2023-02-17 16:16:34,189 - INFO - Optimal value of theta: 5824.266934270152.
2023-02-17 16:16:34,189 - INFO - Beginning optimization with guess, [0.17877782].
2023-02-17 16:16:34,266 - INFO - Finished optimization with guess, [0.17877782].
2023-02-17 16:16:34,266 - INFO - Best fit parameters: [0.17877782].
2023-02-17 16:16:34,305 - INFO - Maximum log composite likelihood: -254.92853145861318.
2023-02-17 16:16:34,305 - INFO - Optimal value of theta: 5824.266934270152.
2023-02-17 16:16:34,305 - INFO - Beginning optimization with guess, [0.50405006].
2023-02-17 16:16:34,382 - INFO - Finished optimization with guess, [0.50405006].
2023-02-17 16:16:34,383 - INFO - Best fit parameters: [0.50405006].
2023-02-17 16:16:34,421 - INFO - Maximum log composite likelihood: -254.92853145861318.
2023-02-17 16:16:34,421 - INFO - Optimal value of theta: 5824.266934270152.
2023-02-17 16:16:34,422 - INFO - Beginning optimization with guess, [0.50348177].
2023-02-17 16:16:34,500 - INFO - Finished optimization with guess, [0.50348177].
2023-02-17 16:16:34,500 - INFO - Best fit parameters: [0.50348177].
2023-02-17 16:16:34,540 - INFO - Maximum log composite likelihood: -254.92853145861318.
2023-02-17 16:16:34,540 - INFO - Optimal value of theta: 5824.266934270152.
2023-02-17 16:16:34,540 - INFO - Beginning optimization with guess, [1.17532271].
2023-02-17 16:16:34,620 - INFO - Finished optimization with guess, [1.17532271].
2023-02-17 16:16:34,620 - INFO - Best fit parameters: [1.17532271].
2023-02-17 16:16:34,659 - INFO - Maximum log composite likelihood: -254.92853145861318.
2023-02-17 16:16:34,659 - INFO - Optimal value of theta: 5824.266934270152.
2023-02-17 16:16:34,660 - INFO - Beginning optimization with guess, [1.3662273].
2023-02-17 16:16:34,739 - INFO - Finished optimization with guess, [1.3662273].
2023-02-17 16:16:34,739 - INFO - Best fit parameters: [1.3662273].
2023-02-17 16:16:34,777 - INFO - Maximum log composite likelihood: -254.92853145861318.
2023-02-17 16:16:34,777 - INFO - Optimal value of theta: 5824.266934270152.
2023-02-17 16:16:34,778 - INFO - Beginning optimization with guess, [0.97745436].
2023-02-17 16:16:34,854 - INFO - Finished optimization with guess, [0.97745436].
2023-02-17 16:16:34,854 - INFO - Best fit parameters: [0.97745436].
2023-02-17 16:16:34,892 - INFO - Maximum log composite likelihood: -254.92853145861318.
2023-02-17 16:16:34,893 - INFO - Optimal value of theta: 5824.266934270152.
2023-02-17 16:16:34,893 - INFO - Beginning optimization with guess, [1.22596769].
2023-02-17 16:16:34,971 - INFO - Finished optimization with guess, [1.22596769].
2023-02-17 16:16:34,972 - INFO - Best fit parameters: [1.22596769].
2023-02-17 16:16:35,008 - INFO - Maximum log composite likelihood: -254.92853145861318.
2023-02-17 16:16:35,008 - INFO - Optimal value of theta: 5824.266934270152.
2023-02-17 16:16:35,009 - INFO - Beginning optimization with guess, [0.62569412].
2023-02-17 16:16:35,081 - INFO - Finished optimization with guess, [0.62569412].
2023-02-17 16:16:35,082 - INFO - Best fit parameters: [0.62569412].
2023-02-17 16:16:35,117 - INFO - Maximum log composite likelihood: -254.92853145861318.
2023-02-17 16:16:35,117 - INFO - Optimal value of theta: 5824.266934270152.
2023-02-17 16:16:35,117 - INFO - Beginning optimization with guess, [0.90604555].
2023-02-17 16:16:35,187 - INFO - Finished optimization with guess, [0.90604555].
2023-02-17 16:16:35,187 - INFO - Best fit parameters: [0.90604555].
2023-02-17 16:16:35,222 - INFO - Maximum log composite likelihood: -254.92853145861318.
2023-02-17 16:16:35,223 - INFO - Optimal value of theta: 5824.266934270152.
2023-02-17 16:16:35,223 - INFO - Beginning optimization with guess, [2.74605377].
2023-02-17 16:16:35,293 - INFO - Finished optimization with guess, [2.74605377].
2023-02-17 16:16:35,293 - INFO - Best fit parameters: [2.74605377].
2023-02-17 16:16:35,328 - INFO - Maximum log composite likelihood: -254.92853145861318.
2023-02-17 16:16:35,328 - INFO - Optimal value of theta: 5824.266934270152.
2023-02-17 16:16:35,328 - INFO - Beginning optimization with guess, [1.4297903].
2023-02-17 16:16:35,398 - INFO - Finished optimization with guess, [1.4297903].
2023-02-17 16:16:35,398 - INFO - Best fit parameters: [1.4297903].
2023-02-17 16:16:35,433 - INFO - Maximum log composite likelihood: -254.92853145861318.
2023-02-17 16:16:35,434 - INFO - Optimal value of theta: 5824.266934270152.
2023-02-17 16:16:35,434 - INFO - Beginning optimization with guess, [1.41854105].
2023-02-17 16:16:35,504 - INFO - Finished optimization with guess, [1.41854105].
2023-02-17 16:16:35,504 - INFO - Best fit parameters: [1.41854105].
2023-02-17 16:16:35,538 - INFO - Maximum log composite likelihood: -254.92853145861318.
2023-02-17 16:16:35,539 - INFO - Optimal value of theta: 5824.266934270152.
2023-02-17 16:16:35,539 - INFO - Beginning optimization with guess, [2.68075808].
2023-02-17 16:16:35,609 - INFO - Finished optimization with guess, [2.68075808].
2023-02-17 16:16:35,609 - INFO - Best fit parameters: [2.68075808].
2023-02-17 16:16:35,644 - INFO - Maximum log composite likelihood: -254.92853145861318.
2023-02-17 16:16:35,644 - INFO - Optimal value of theta: 5824.266934270152.
2023-02-17 16:16:35,644 - INFO - Beginning optimization with guess, [2.68173742].
2023-02-17 16:16:35,714 - INFO - Finished optimization with guess, [2.68173742].
2023-02-17 16:16:35,714 - INFO - Best fit parameters: [2.68173742].
2023-02-17 16:16:35,749 - INFO - Maximum log composite likelihood: -254.92853145861318.
2023-02-17 16:16:35,749 - INFO - Optimal value of theta: 5824.266934270152.
2023-02-17 16:16:35,749 - INFO - Beginning optimization with guess, [4.7650409].
2023-02-17 16:16:35,819 - INFO - Finished optimization with guess, [4.7650409].
2023-02-17 16:16:35,820 - INFO - Best fit parameters: [4.7650409].
2023-02-17 16:16:35,854 - INFO - Maximum log composite likelihood: -254.92853145861318.
2023-02-17 16:16:35,855 - INFO - Optimal value of theta: 5824.266934270152.
2023-02-17 16:16:35,855 - INFO - Beginning optimization with guess, [2.21892352].
2023-02-17 16:16:35,925 - INFO - Finished optimization with guess, [2.21892352].
2023-02-17 16:16:35,925 - INFO - Best fit parameters: [2.21892352].
2023-02-17 16:16:35,959 - INFO - Maximum log composite likelihood: -254.92853145861318.
2023-02-17 16:16:35,960 - INFO - Optimal value of theta: 5824.266934270152.
2023-02-17 16:16:35,960 - INFO - Beginning optimization with guess, [3.27126702].
2023-02-17 16:16:36,030 - INFO - Finished optimization with guess, [3.27126702].
2023-02-17 16:16:36,030 - INFO - Best fit parameters: [3.27126702].
2023-02-17 16:16:36,065 - INFO - Maximum log composite likelihood: -254.92853145861318.
2023-02-17 16:16:36,065 - INFO - Optimal value of theta: 5824.266934270152.
2023-02-17 16:16:36,065 - INFO - Beginning optimization with guess, [6.67891102].
2023-02-17 16:16:36,135 - INFO - Finished optimization with guess, [6.67891102].
2023-02-17 16:16:36,135 - INFO - Best fit parameters: [6.67891102].
2023-02-17 16:16:36,170 - INFO - Maximum log composite likelihood: -254.92853145861318.
2023-02-17 16:16:36,170 - INFO - Optimal value of theta: 5824.266934270152.
2023-02-17 16:16:36,171 - INFO - Beginning optimization with guess, [4.43878547].
2023-02-17 16:16:36,240 - INFO - Finished optimization with guess, [4.43878547].
2023-02-17 16:16:36,241 - INFO - Best fit parameters: [4.43878547].
2023-02-17 16:16:36,275 - INFO - Maximum log composite likelihood: -254.92853145861318.
2023-02-17 16:16:36,276 - INFO - Optimal value of theta: 5824.266934270152.
2023-02-17 16:16:36,276 - INFO - Beginning optimization with guess, [3.80476193].
2023-02-17 16:16:36,346 - INFO - Finished optimization with guess, [3.80476193].
2023-02-17 16:16:36,346 - INFO - Best fit parameters: [3.80476193].
2023-02-17 16:16:36,381 - INFO - Maximum log composite likelihood: -254.92853145861318.
2023-02-17 16:16:36,382 - INFO - Optimal value of theta: 5824.266934270152.
2023-02-17 16:16:36,382 - INFO - Beginning optimization with guess, [10.83771668].
2023-02-17 16:16:36,460 - INFO - Finished optimization with guess, [10.83771668].
2023-02-17 16:16:36,460 - INFO - Best fit parameters: [10.83771668].
2023-02-17 16:16:36,500 - INFO - Maximum log composite likelihood: -254.92853145861318.
2023-02-17 16:16:36,500 - INFO - Optimal value of theta: 5824.266934270152.
2023-02-17 16:16:36,500 - INFO - Beginning optimization with guess, [8.83120303].
2023-02-17 16:16:36,580 - INFO - Finished optimization with guess, [8.83120303].
2023-02-17 16:16:36,580 - INFO - Best fit parameters: [8.83120303].
2023-02-17 16:16:36,620 - INFO - Maximum log composite likelihood: -254.92853145861318.
2023-02-17 16:16:36,621 - INFO - Optimal value of theta: 5824.266934270152.
2023-02-17 16:16:36,621 - INFO - Beginning optimization with guess, [6.69091796].
2023-02-17 16:16:36,701 - INFO - Finished optimization with guess, [6.69091796].
2023-02-17 16:16:36,701 - INFO - Best fit parameters: [6.69091796].
2023-02-17 16:16:36,742 - INFO - Maximum log composite likelihood: -254.92853145861318.
2023-02-17 16:16:36,742 - INFO - Optimal value of theta: 5824.266934270152.
2023-02-17 16:16:36,744 - INFO - Finished demographic inference.
2023-02-17 16:16:36,744 - INFO - Pipeline executed succesfully.
