2023-02-17 16:16:34,101 - INFO - Beginning execution of fit_one_epoch.py in directory /u/project/ngarud/jonmah/demo_for_ccgb/Scripts

2023-02-17 16:16:34,101 - INFO - Progress is being logged to ../Analysis/Bacteroides_ovatus_58035_downsampled_16/log.log

2023-02-17 16:16:34,101 - INFO - Parsed the following arguments:
	syn_input_sfs = ../Analysis/Bacteroides_ovatus_58035_downsampled_16/empirical_sfs.txt
	mask_singletons = False
	mask_doubletons = False
	outprefix = ../Analysis/Bacteroides_ovatus_58035_downsampled_16/

2023-02-17 16:16:34,108 - INFO - Beginning demographic inference for one-epoch demographic model.
2023-02-17 16:16:34,110 - INFO - Beginning optimization with guess, [0.18239621].
2023-02-17 16:16:34,181 - INFO - Finished optimization with guess, [0.18239621].
2023-02-17 16:16:34,181 - INFO - Best fit parameters: [0.18239621].
2023-02-17 16:16:34,217 - INFO - Maximum log composite likelihood: -71.16037130275527.
2023-02-17 16:16:34,217 - INFO - Optimal value of theta: 2485.1260473575667.
2023-02-17 16:16:34,217 - INFO - Beginning optimization with guess, [0.12865673].
2023-02-17 16:16:34,299 - INFO - Finished optimization with guess, [0.12865673].
2023-02-17 16:16:34,299 - INFO - Best fit parameters: [0.12865673].
2023-02-17 16:16:34,343 - INFO - Maximum log composite likelihood: -71.16037130275527.
2023-02-17 16:16:34,344 - INFO - Optimal value of theta: 2485.1260473575667.
2023-02-17 16:16:34,344 - INFO - Beginning optimization with guess, [0.25308055].
2023-02-17 16:16:34,427 - INFO - Finished optimization with guess, [0.25308055].
2023-02-17 16:16:34,427 - INFO - Best fit parameters: [0.25308055].
2023-02-17 16:16:34,468 - INFO - Maximum log composite likelihood: -71.16037130275527.
2023-02-17 16:16:34,468 - INFO - Optimal value of theta: 2485.1260473575667.
2023-02-17 16:16:34,468 - INFO - Beginning optimization with guess, [0.76380162].
2023-02-17 16:16:34,555 - INFO - Finished optimization with guess, [0.76380162].
2023-02-17 16:16:34,555 - INFO - Best fit parameters: [0.76380162].
2023-02-17 16:16:34,599 - INFO - Maximum log composite likelihood: -71.16037130275527.
2023-02-17 16:16:34,599 - INFO - Optimal value of theta: 2485.1260473575667.
2023-02-17 16:16:34,599 - INFO - Beginning optimization with guess, [0.53209166].
2023-02-17 16:16:34,672 - INFO - Finished optimization with guess, [0.53209166].
2023-02-17 16:16:34,672 - INFO - Best fit parameters: [0.53209166].
2023-02-17 16:16:34,707 - INFO - Maximum log composite likelihood: -71.16037130275527.
2023-02-17 16:16:34,707 - INFO - Optimal value of theta: 2485.1260473575667.
2023-02-17 16:16:34,708 - INFO - Beginning optimization with guess, [0.37373261].
2023-02-17 16:16:34,778 - INFO - Finished optimization with guess, [0.37373261].
2023-02-17 16:16:34,778 - INFO - Best fit parameters: [0.37373261].
2023-02-17 16:16:34,813 - INFO - Maximum log composite likelihood: -71.16037130275527.
2023-02-17 16:16:34,814 - INFO - Optimal value of theta: 2485.1260473575667.
2023-02-17 16:16:34,814 - INFO - Beginning optimization with guess, [0.79605406].
2023-02-17 16:16:34,887 - INFO - Finished optimization with guess, [0.79605406].
2023-02-17 16:16:34,888 - INFO - Best fit parameters: [0.79605406].
2023-02-17 16:16:34,926 - INFO - Maximum log composite likelihood: -71.16037130275527.
2023-02-17 16:16:34,926 - INFO - Optimal value of theta: 2485.1260473575667.
2023-02-17 16:16:34,927 - INFO - Beginning optimization with guess, [0.9385995].
2023-02-17 16:16:35,015 - INFO - Finished optimization with guess, [0.9385995].
2023-02-17 16:16:35,016 - INFO - Best fit parameters: [0.9385995].
2023-02-17 16:16:35,057 - INFO - Maximum log composite likelihood: -71.16037130275527.
2023-02-17 16:16:35,058 - INFO - Optimal value of theta: 2485.1260473575667.
2023-02-17 16:16:35,058 - INFO - Beginning optimization with guess, [1.41702644].
2023-02-17 16:16:35,140 - INFO - Finished optimization with guess, [1.41702644].
2023-02-17 16:16:35,141 - INFO - Best fit parameters: [1.41702644].
2023-02-17 16:16:35,187 - INFO - Maximum log composite likelihood: -71.16037130275527.
2023-02-17 16:16:35,188 - INFO - Optimal value of theta: 2485.1260473575667.
2023-02-17 16:16:35,188 - INFO - Beginning optimization with guess, [0.65136621].
2023-02-17 16:16:35,272 - INFO - Finished optimization with guess, [0.65136621].
2023-02-17 16:16:35,272 - INFO - Best fit parameters: [0.65136621].
2023-02-17 16:16:35,313 - INFO - Maximum log composite likelihood: -71.16037130275527.
2023-02-17 16:16:35,313 - INFO - Optimal value of theta: 2485.1260473575667.
2023-02-17 16:16:35,314 - INFO - Beginning optimization with guess, [1.87688766].
2023-02-17 16:16:35,395 - INFO - Finished optimization with guess, [1.87688766].
2023-02-17 16:16:35,395 - INFO - Best fit parameters: [1.87688766].
2023-02-17 16:16:35,436 - INFO - Maximum log composite likelihood: -71.16037130275527.
2023-02-17 16:16:35,436 - INFO - Optimal value of theta: 2485.1260473575667.
2023-02-17 16:16:35,436 - INFO - Beginning optimization with guess, [0.95615387].
2023-02-17 16:16:35,528 - INFO - Finished optimization with guess, [0.95615387].
2023-02-17 16:16:35,528 - INFO - Best fit parameters: [0.95615387].
2023-02-17 16:16:35,570 - INFO - Maximum log composite likelihood: -71.16037130275527.
2023-02-17 16:16:35,570 - INFO - Optimal value of theta: 2485.1260473575667.
2023-02-17 16:16:35,571 - INFO - Beginning optimization with guess, [1.71914307].
2023-02-17 16:16:35,653 - INFO - Finished optimization with guess, [1.71914307].
2023-02-17 16:16:35,654 - INFO - Best fit parameters: [1.71914307].
2023-02-17 16:16:35,695 - INFO - Maximum log composite likelihood: -71.16037130275527.
2023-02-17 16:16:35,695 - INFO - Optimal value of theta: 2485.1260473575667.
2023-02-17 16:16:35,696 - INFO - Beginning optimization with guess, [3.73984967].
2023-02-17 16:16:35,777 - INFO - Finished optimization with guess, [3.73984967].
2023-02-17 16:16:35,777 - INFO - Best fit parameters: [3.73984967].
2023-02-17 16:16:35,817 - INFO - Maximum log composite likelihood: -71.16037130275527.
2023-02-17 16:16:35,817 - INFO - Optimal value of theta: 2485.1260473575667.
2023-02-17 16:16:35,818 - INFO - Beginning optimization with guess, [3.10589812].
2023-02-17 16:16:35,898 - INFO - Finished optimization with guess, [3.10589812].
2023-02-17 16:16:35,898 - INFO - Best fit parameters: [3.10589812].
2023-02-17 16:16:35,938 - INFO - Maximum log composite likelihood: -71.16037130275527.
2023-02-17 16:16:35,938 - INFO - Optimal value of theta: 2485.1260473575667.
2023-02-17 16:16:35,939 - INFO - Beginning optimization with guess, [2.60582189].
2023-02-17 16:16:36,010 - INFO - Finished optimization with guess, [2.60582189].
2023-02-17 16:16:36,010 - INFO - Best fit parameters: [2.60582189].
2023-02-17 16:16:36,045 - INFO - Maximum log composite likelihood: -71.16037130275527.
2023-02-17 16:16:36,045 - INFO - Optimal value of theta: 2485.1260473575667.
2023-02-17 16:16:36,045 - INFO - Beginning optimization with guess, [4.36326278].
2023-02-17 16:16:36,129 - INFO - Finished optimization with guess, [4.36326278].
2023-02-17 16:16:36,129 - INFO - Best fit parameters: [4.36326278].
2023-02-17 16:16:36,171 - INFO - Maximum log composite likelihood: -71.16037130275527.
2023-02-17 16:16:36,172 - INFO - Optimal value of theta: 2485.1260473575667.
2023-02-17 16:16:36,172 - INFO - Beginning optimization with guess, [5.66591973].
2023-02-17 16:16:36,267 - INFO - Finished optimization with guess, [5.66591973].
2023-02-17 16:16:36,267 - INFO - Best fit parameters: [5.66591973].
2023-02-17 16:16:36,308 - INFO - Maximum log composite likelihood: -71.16037130275527.
2023-02-17 16:16:36,308 - INFO - Optimal value of theta: 2485.1260473575667.
2023-02-17 16:16:36,308 - INFO - Beginning optimization with guess, [3.0046103].
2023-02-17 16:16:36,380 - INFO - Finished optimization with guess, [3.0046103].
2023-02-17 16:16:36,381 - INFO - Best fit parameters: [3.0046103].
2023-02-17 16:16:36,422 - INFO - Maximum log composite likelihood: -71.16037130275527.
2023-02-17 16:16:36,422 - INFO - Optimal value of theta: 2485.1260473575667.
2023-02-17 16:16:36,423 - INFO - Beginning optimization with guess, [4.42210377].
2023-02-17 16:16:36,510 - INFO - Finished optimization with guess, [4.42210377].
2023-02-17 16:16:36,510 - INFO - Best fit parameters: [4.42210377].
2023-02-17 16:16:36,545 - INFO - Maximum log composite likelihood: -71.16037130275527.
2023-02-17 16:16:36,546 - INFO - Optimal value of theta: 2485.1260473575667.
2023-02-17 16:16:36,546 - INFO - Beginning optimization with guess, [7.02099925].
2023-02-17 16:16:36,617 - INFO - Finished optimization with guess, [7.02099925].
2023-02-17 16:16:36,617 - INFO - Best fit parameters: [7.02099925].
2023-02-17 16:16:36,652 - INFO - Maximum log composite likelihood: -71.16037130275527.
2023-02-17 16:16:36,653 - INFO - Optimal value of theta: 2485.1260473575667.
2023-02-17 16:16:36,653 - INFO - Beginning optimization with guess, [9.03898958].
2023-02-17 16:16:36,724 - INFO - Finished optimization with guess, [9.03898958].
2023-02-17 16:16:36,724 - INFO - Best fit parameters: [9.03898958].
2023-02-17 16:16:36,761 - INFO - Maximum log composite likelihood: -71.16037130275527.
2023-02-17 16:16:36,761 - INFO - Optimal value of theta: 2485.1260473575667.
2023-02-17 16:16:36,762 - INFO - Beginning optimization with guess, [3.60896112].
2023-02-17 16:16:36,837 - INFO - Finished optimization with guess, [3.60896112].
2023-02-17 16:16:36,838 - INFO - Best fit parameters: [3.60896112].
2023-02-17 16:16:36,873 - INFO - Maximum log composite likelihood: -71.16037130275527.
2023-02-17 16:16:36,873 - INFO - Optimal value of theta: 2485.1260473575667.
2023-02-17 16:16:36,873 - INFO - Beginning optimization with guess, [4.05997059].
2023-02-17 16:16:36,945 - INFO - Finished optimization with guess, [4.05997059].
2023-02-17 16:16:36,945 - INFO - Best fit parameters: [4.05997059].
2023-02-17 16:16:36,983 - INFO - Maximum log composite likelihood: -71.16037130275527.
2023-02-17 16:16:36,983 - INFO - Optimal value of theta: 2485.1260473575667.
2023-02-17 16:16:36,983 - INFO - Beginning optimization with guess, [11.25558995].
2023-02-17 16:16:37,075 - INFO - Finished optimization with guess, [11.25558995].
2023-02-17 16:16:37,076 - INFO - Best fit parameters: [11.25558995].
2023-02-17 16:16:37,116 - INFO - Maximum log composite likelihood: -71.16037130275527.
2023-02-17 16:16:37,117 - INFO - Optimal value of theta: 2485.1260473575667.
2023-02-17 16:16:37,119 - INFO - Finished demographic inference.
2023-02-17 16:16:37,119 - INFO - Pipeline executed succesfully.
