2022-11-02 12:48:51,070 - INFO - Beginning execution of fit_one_epoch.py in directory /u/project/ngarud/jonmah/demo_for_ccgb/Scripts

2022-11-02 12:48:51,070 - INFO - Progress is being logged to ../Analysis/Neisseria_elongata_61756_oral/masked_log.log

2022-11-02 12:48:51,070 - INFO - Parsed the following arguments:
	syn_input_sfs = ../Data/oral_microbiome_sfs/Neisseria_elongata_61756_sfs/folded_sfs_10.txt
	mask_singletons = True
	mask_doubletons = False
	outprefix = ../Analysis/Neisseria_elongata_61756_oral/masked

2022-11-02 12:48:51,080 - INFO - Beginning demographic inference for one-epoch demographic model.
2022-11-02 12:48:51,103 - INFO - Beginning optimization with guess, [0.0676553].
2022-11-02 12:48:51,133 - INFO - Finished optimization with guess, [0.0676553].
2022-11-02 12:48:51,134 - INFO - Best fit parameters: [0.0676553].
2022-11-02 12:48:51,149 - INFO - Maximum log composite likelihood: -965.0853956769552.
2022-11-02 12:48:51,150 - INFO - Optimal value of theta: 11458.155018288076.
2022-11-02 12:48:51,150 - INFO - Beginning optimization with guess, [0.31925553].
2022-11-02 12:48:51,181 - INFO - Finished optimization with guess, [0.31925553].
2022-11-02 12:48:51,181 - INFO - Best fit parameters: [0.31925553].
2022-11-02 12:48:51,196 - INFO - Maximum log composite likelihood: -965.0853956769552.
2022-11-02 12:48:51,196 - INFO - Optimal value of theta: 11458.155018288076.
2022-11-02 12:48:51,197 - INFO - Beginning optimization with guess, [0.33863263].
2022-11-02 12:48:51,227 - INFO - Finished optimization with guess, [0.33863263].
2022-11-02 12:48:51,227 - INFO - Best fit parameters: [0.33863263].
2022-11-02 12:48:51,242 - INFO - Maximum log composite likelihood: -965.0853956769552.
2022-11-02 12:48:51,243 - INFO - Optimal value of theta: 11458.155018288076.
2022-11-02 12:48:51,243 - INFO - Beginning optimization with guess, [0.37575535].
2022-11-02 12:48:51,273 - INFO - Finished optimization with guess, [0.37575535].
2022-11-02 12:48:51,274 - INFO - Best fit parameters: [0.37575535].
2022-11-02 12:48:51,289 - INFO - Maximum log composite likelihood: -965.0853956769552.
2022-11-02 12:48:51,289 - INFO - Optimal value of theta: 11458.155018288076.
2022-11-02 12:48:51,290 - INFO - Beginning optimization with guess, [0.27938968].
2022-11-02 12:48:51,320 - INFO - Finished optimization with guess, [0.27938968].
2022-11-02 12:48:51,320 - INFO - Best fit parameters: [0.27938968].
2022-11-02 12:48:51,335 - INFO - Maximum log composite likelihood: -965.0853956769552.
2022-11-02 12:48:51,336 - INFO - Optimal value of theta: 11458.155018288076.
2022-11-02 12:48:51,336 - INFO - Beginning optimization with guess, [0.34184842].
2022-11-02 12:48:51,366 - INFO - Finished optimization with guess, [0.34184842].
2022-11-02 12:48:51,366 - INFO - Best fit parameters: [0.34184842].
2022-11-02 12:48:51,381 - INFO - Maximum log composite likelihood: -965.0853956769552.
2022-11-02 12:48:51,382 - INFO - Optimal value of theta: 11458.155018288076.
2022-11-02 12:48:51,382 - INFO - Beginning optimization with guess, [0.45697317].
2022-11-02 12:48:51,413 - INFO - Finished optimization with guess, [0.45697317].
2022-11-02 12:48:51,413 - INFO - Best fit parameters: [0.45697317].
2022-11-02 12:48:51,428 - INFO - Maximum log composite likelihood: -965.0853956769552.
2022-11-02 12:48:51,429 - INFO - Optimal value of theta: 11458.155018288076.
2022-11-02 12:48:51,429 - INFO - Beginning optimization with guess, [1.04469333].
2022-11-02 12:48:51,459 - INFO - Finished optimization with guess, [1.04469333].
2022-11-02 12:48:51,459 - INFO - Best fit parameters: [1.04469333].
2022-11-02 12:48:51,474 - INFO - Maximum log composite likelihood: -965.0853956769552.
2022-11-02 12:48:51,475 - INFO - Optimal value of theta: 11458.155018288076.
2022-11-02 12:48:51,475 - INFO - Beginning optimization with guess, [1.15458658].
2022-11-02 12:48:51,505 - INFO - Finished optimization with guess, [1.15458658].
2022-11-02 12:48:51,505 - INFO - Best fit parameters: [1.15458658].
2022-11-02 12:48:51,520 - INFO - Maximum log composite likelihood: -965.0853956769552.
2022-11-02 12:48:51,521 - INFO - Optimal value of theta: 11458.155018288076.
2022-11-02 12:48:51,521 - INFO - Beginning optimization with guess, [1.50648819].
2022-11-02 12:48:51,551 - INFO - Finished optimization with guess, [1.50648819].
2022-11-02 12:48:51,551 - INFO - Best fit parameters: [1.50648819].
2022-11-02 12:48:51,566 - INFO - Maximum log composite likelihood: -965.0853956769552.
2022-11-02 12:48:51,567 - INFO - Optimal value of theta: 11458.155018288076.
2022-11-02 12:48:51,567 - INFO - Beginning optimization with guess, [0.73817092].
2022-11-02 12:48:51,597 - INFO - Finished optimization with guess, [0.73817092].
2022-11-02 12:48:51,597 - INFO - Best fit parameters: [0.73817092].
2022-11-02 12:48:51,612 - INFO - Maximum log composite likelihood: -965.0853956769552.
2022-11-02 12:48:51,612 - INFO - Optimal value of theta: 11458.155018288076.
2022-11-02 12:48:51,613 - INFO - Beginning optimization with guess, [1.43987452].
2022-11-02 12:48:51,643 - INFO - Finished optimization with guess, [1.43987452].
2022-11-02 12:48:51,643 - INFO - Best fit parameters: [1.43987452].
2022-11-02 12:48:51,658 - INFO - Maximum log composite likelihood: -965.0853956769552.
2022-11-02 12:48:51,658 - INFO - Optimal value of theta: 11458.155018288076.
2022-11-02 12:48:51,659 - INFO - Beginning optimization with guess, [2.46592122].
2022-11-02 12:48:51,686 - INFO - Finished optimization with guess, [2.46592122].
2022-11-02 12:48:51,687 - INFO - Best fit parameters: [2.46592122].
2022-11-02 12:48:51,700 - INFO - Maximum log composite likelihood: -965.0853956769552.
2022-11-02 12:48:51,701 - INFO - Optimal value of theta: 11458.155018288076.
2022-11-02 12:48:51,701 - INFO - Beginning optimization with guess, [1.00774338].
2022-11-02 12:48:51,728 - INFO - Finished optimization with guess, [1.00774338].
2022-11-02 12:48:51,728 - INFO - Best fit parameters: [1.00774338].
2022-11-02 12:48:51,741 - INFO - Maximum log composite likelihood: -965.0853956769552.
2022-11-02 12:48:51,741 - INFO - Optimal value of theta: 11458.155018288076.
2022-11-02 12:48:51,742 - INFO - Beginning optimization with guess, [1.28723096].
2022-11-02 12:48:51,768 - INFO - Finished optimization with guess, [1.28723096].
2022-11-02 12:48:51,768 - INFO - Best fit parameters: [1.28723096].
2022-11-02 12:48:51,781 - INFO - Maximum log composite likelihood: -965.0853956769552.
2022-11-02 12:48:51,782 - INFO - Optimal value of theta: 11458.155018288076.
2022-11-02 12:48:51,782 - INFO - Beginning optimization with guess, [3.8933514].
2022-11-02 12:48:51,808 - INFO - Finished optimization with guess, [3.8933514].
2022-11-02 12:48:51,809 - INFO - Best fit parameters: [3.8933514].
2022-11-02 12:48:51,821 - INFO - Maximum log composite likelihood: -965.0853956769552.
2022-11-02 12:48:51,822 - INFO - Optimal value of theta: 11458.155018288076.
2022-11-02 12:48:51,822 - INFO - Beginning optimization with guess, [1.9428413].
2022-11-02 12:48:51,849 - INFO - Finished optimization with guess, [1.9428413].
2022-11-02 12:48:51,849 - INFO - Best fit parameters: [1.9428413].
2022-11-02 12:48:51,862 - INFO - Maximum log composite likelihood: -965.0853956769552.
2022-11-02 12:48:51,863 - INFO - Optimal value of theta: 11458.155018288076.
2022-11-02 12:48:51,863 - INFO - Beginning optimization with guess, [2.50573419].
2022-11-02 12:48:51,890 - INFO - Finished optimization with guess, [2.50573419].
2022-11-02 12:48:51,890 - INFO - Best fit parameters: [2.50573419].
2022-11-02 12:48:51,904 - INFO - Maximum log composite likelihood: -965.0853956769552.
2022-11-02 12:48:51,905 - INFO - Optimal value of theta: 11458.155018288076.
2022-11-02 12:48:51,905 - INFO - Beginning optimization with guess, [2.09444126].
2022-11-02 12:48:51,934 - INFO - Finished optimization with guess, [2.09444126].
2022-11-02 12:48:51,934 - INFO - Best fit parameters: [2.09444126].
2022-11-02 12:48:51,949 - INFO - Maximum log composite likelihood: -965.0853956769552.
2022-11-02 12:48:51,949 - INFO - Optimal value of theta: 11458.155018288076.
2022-11-02 12:48:51,950 - INFO - Beginning optimization with guess, [1.96771267].
2022-11-02 12:48:51,981 - INFO - Finished optimization with guess, [1.96771267].
2022-11-02 12:48:51,982 - INFO - Best fit parameters: [1.96771267].
2022-11-02 12:48:51,996 - INFO - Maximum log composite likelihood: -965.0853956769552.
2022-11-02 12:48:51,997 - INFO - Optimal value of theta: 11458.155018288076.
2022-11-02 12:48:51,997 - INFO - Beginning optimization with guess, [2.43029675].
2022-11-02 12:48:52,027 - INFO - Finished optimization with guess, [2.43029675].
2022-11-02 12:48:52,027 - INFO - Best fit parameters: [2.43029675].
2022-11-02 12:48:52,042 - INFO - Maximum log composite likelihood: -965.0853956769552.
2022-11-02 12:48:52,042 - INFO - Optimal value of theta: 11458.155018288076.
2022-11-02 12:48:52,042 - INFO - Beginning optimization with guess, [4.53466296].
2022-11-02 12:48:52,072 - INFO - Finished optimization with guess, [4.53466296].
2022-11-02 12:48:52,072 - INFO - Best fit parameters: [4.53466296].
2022-11-02 12:48:52,087 - INFO - Maximum log composite likelihood: -965.0853956769552.
2022-11-02 12:48:52,087 - INFO - Optimal value of theta: 11458.155018288076.
2022-11-02 12:48:52,087 - INFO - Beginning optimization with guess, [3.79014805].
2022-11-02 12:48:52,117 - INFO - Finished optimization with guess, [3.79014805].
2022-11-02 12:48:52,117 - INFO - Best fit parameters: [3.79014805].
2022-11-02 12:48:52,132 - INFO - Maximum log composite likelihood: -965.0853956769552.
2022-11-02 12:48:52,132 - INFO - Optimal value of theta: 11458.155018288076.
2022-11-02 12:48:52,132 - INFO - Beginning optimization with guess, [6.75983273].
2022-11-02 12:48:52,162 - INFO - Finished optimization with guess, [6.75983273].
2022-11-02 12:48:52,162 - INFO - Best fit parameters: [6.75983273].
2022-11-02 12:48:52,177 - INFO - Maximum log composite likelihood: -965.0853956769552.
2022-11-02 12:48:52,177 - INFO - Optimal value of theta: 11458.155018288076.
2022-11-02 12:48:52,177 - INFO - Beginning optimization with guess, [5.41035083].
2022-11-02 12:48:52,207 - INFO - Finished optimization with guess, [5.41035083].
2022-11-02 12:48:52,207 - INFO - Best fit parameters: [5.41035083].
2022-11-02 12:48:52,222 - INFO - Maximum log composite likelihood: -965.0853956769552.
2022-11-02 12:48:52,222 - INFO - Optimal value of theta: 11458.155018288076.
2022-11-02 12:48:52,224 - INFO - Finished demographic inference.
2022-11-02 12:48:52,224 - INFO - Pipeline executed succesfully.
