2022-10-20 13:16:10,115 - INFO - Beginning execution of fit_one_epoch.py in directory /u/project/ngarud/jonmah/demo_for_ccgb/Scripts

2022-10-20 13:16:10,115 - INFO - Progress is being logged to ../Data/oral_microbiome_data/Veillonella_parvula_57794_sfs/25/log.log

2022-10-20 13:16:10,115 - INFO - Parsed the following arguments:
	syn_input_sfs = ../Data/oral_microbiome_data/Veillonella_parvula_57794_sfs/folded_sfs_25.txt
	mask_singletons = False
	mask_doubletons = False
	outprefix = ../Data/oral_microbiome_data/Veillonella_parvula_57794_sfs/25/

2022-10-20 13:16:10,120 - INFO - Beginning demographic inference for one-epoch demographic model.
2022-10-20 13:16:10,122 - INFO - Beginning optimization with guess, [0.08338541].
2022-10-20 13:16:10,421 - INFO - Finished optimization with guess, [0.08338541].
2022-10-20 13:16:10,421 - INFO - Best fit parameters: [0.08338541].
2022-10-20 13:16:10,569 - INFO - Maximum log composite likelihood: -115916.6599296875.
2022-10-20 13:16:10,569 - INFO - Optimal value of theta: 41712.767238154025.
2022-10-20 13:16:10,570 - INFO - Beginning optimization with guess, [0.11008593].
2022-10-20 13:16:10,868 - INFO - Finished optimization with guess, [0.11008593].
2022-10-20 13:16:10,868 - INFO - Best fit parameters: [0.11008593].
2022-10-20 13:16:11,017 - INFO - Maximum log composite likelihood: -115916.6599296875.
2022-10-20 13:16:11,017 - INFO - Optimal value of theta: 41712.767238154025.
2022-10-20 13:16:11,018 - INFO - Beginning optimization with guess, [0.42008172].
2022-10-20 13:16:11,318 - INFO - Finished optimization with guess, [0.42008172].
2022-10-20 13:16:11,318 - INFO - Best fit parameters: [0.42008172].
2022-10-20 13:16:11,467 - INFO - Maximum log composite likelihood: -115916.6599296875.
2022-10-20 13:16:11,468 - INFO - Optimal value of theta: 41712.767238154025.
2022-10-20 13:16:11,468 - INFO - Beginning optimization with guess, [0.53805908].
2022-10-20 13:16:11,765 - INFO - Finished optimization with guess, [0.53805908].
2022-10-20 13:16:11,766 - INFO - Best fit parameters: [0.53805908].
2022-10-20 13:16:11,914 - INFO - Maximum log composite likelihood: -115916.6599296875.
2022-10-20 13:16:11,915 - INFO - Optimal value of theta: 41712.767238154025.
2022-10-20 13:16:11,915 - INFO - Beginning optimization with guess, [0.4218207].
2022-10-20 13:16:12,213 - INFO - Finished optimization with guess, [0.4218207].
2022-10-20 13:16:12,213 - INFO - Best fit parameters: [0.4218207].
2022-10-20 13:16:12,362 - INFO - Maximum log composite likelihood: -115916.6599296875.
2022-10-20 13:16:12,362 - INFO - Optimal value of theta: 41712.767238154025.
2022-10-20 13:16:12,362 - INFO - Beginning optimization with guess, [0.83829392].
2022-10-20 13:16:12,660 - INFO - Finished optimization with guess, [0.83829392].
2022-10-20 13:16:12,660 - INFO - Best fit parameters: [0.83829392].
2022-10-20 13:16:12,808 - INFO - Maximum log composite likelihood: -115916.6599296875.
2022-10-20 13:16:12,809 - INFO - Optimal value of theta: 41712.767238154025.
2022-10-20 13:16:12,809 - INFO - Beginning optimization with guess, [0.9003147].
2022-10-20 13:16:13,108 - INFO - Finished optimization with guess, [0.9003147].
2022-10-20 13:16:13,108 - INFO - Best fit parameters: [0.9003147].
2022-10-20 13:16:13,258 - INFO - Maximum log composite likelihood: -115916.6599296875.
2022-10-20 13:16:13,259 - INFO - Optimal value of theta: 41712.767238154025.
2022-10-20 13:16:13,259 - INFO - Beginning optimization with guess, [0.58434084].
2022-10-20 13:16:13,558 - INFO - Finished optimization with guess, [0.58434084].
2022-10-20 13:16:13,558 - INFO - Best fit parameters: [0.58434084].
2022-10-20 13:16:13,707 - INFO - Maximum log composite likelihood: -115916.6599296875.
2022-10-20 13:16:13,707 - INFO - Optimal value of theta: 41712.767238154025.
2022-10-20 13:16:13,707 - INFO - Beginning optimization with guess, [1.4939981].
2022-10-20 13:16:14,006 - INFO - Finished optimization with guess, [1.4939981].
2022-10-20 13:16:14,007 - INFO - Best fit parameters: [1.4939981].
2022-10-20 13:16:14,155 - INFO - Maximum log composite likelihood: -115916.6599296875.
2022-10-20 13:16:14,155 - INFO - Optimal value of theta: 41712.767238154025.
2022-10-20 13:16:14,155 - INFO - Beginning optimization with guess, [0.52644714].
2022-10-20 13:16:14,454 - INFO - Finished optimization with guess, [0.52644714].
2022-10-20 13:16:14,454 - INFO - Best fit parameters: [0.52644714].
2022-10-20 13:16:14,603 - INFO - Maximum log composite likelihood: -115916.6599296875.
2022-10-20 13:16:14,603 - INFO - Optimal value of theta: 41712.767238154025.
2022-10-20 13:16:14,603 - INFO - Beginning optimization with guess, [0.9518282].
2022-10-20 13:16:14,901 - INFO - Finished optimization with guess, [0.9518282].
2022-10-20 13:16:14,901 - INFO - Best fit parameters: [0.9518282].
2022-10-20 13:16:15,051 - INFO - Maximum log composite likelihood: -115916.6599296875.
2022-10-20 13:16:15,051 - INFO - Optimal value of theta: 41712.767238154025.
2022-10-20 13:16:15,051 - INFO - Beginning optimization with guess, [2.83528879].
2022-10-20 13:16:15,350 - INFO - Finished optimization with guess, [2.83528879].
2022-10-20 13:16:15,350 - INFO - Best fit parameters: [2.83528879].
2022-10-20 13:16:15,499 - INFO - Maximum log composite likelihood: -115916.6599296875.
2022-10-20 13:16:15,499 - INFO - Optimal value of theta: 41712.767238154025.
2022-10-20 13:16:15,499 - INFO - Beginning optimization with guess, [3.44521138].
2022-10-20 13:16:15,798 - INFO - Finished optimization with guess, [3.44521138].
2022-10-20 13:16:15,798 - INFO - Best fit parameters: [3.44521138].
2022-10-20 13:16:15,947 - INFO - Maximum log composite likelihood: -115916.6599296875.
2022-10-20 13:16:15,947 - INFO - Optimal value of theta: 41712.767238154025.
2022-10-20 13:16:15,947 - INFO - Beginning optimization with guess, [1.83693289].
2022-10-20 13:16:16,245 - INFO - Finished optimization with guess, [1.83693289].
2022-10-20 13:16:16,245 - INFO - Best fit parameters: [1.83693289].
2022-10-20 13:16:16,396 - INFO - Maximum log composite likelihood: -115916.6599296875.
2022-10-20 13:16:16,396 - INFO - Optimal value of theta: 41712.767238154025.
2022-10-20 13:16:16,396 - INFO - Beginning optimization with guess, [1.13298259].
2022-10-20 13:16:16,694 - INFO - Finished optimization with guess, [1.13298259].
2022-10-20 13:16:16,694 - INFO - Best fit parameters: [1.13298259].
2022-10-20 13:16:16,843 - INFO - Maximum log composite likelihood: -115916.6599296875.
2022-10-20 13:16:16,843 - INFO - Optimal value of theta: 41712.767238154025.
2022-10-20 13:16:16,843 - INFO - Beginning optimization with guess, [2.31071607].
2022-10-20 13:16:17,141 - INFO - Finished optimization with guess, [2.31071607].
2022-10-20 13:16:17,141 - INFO - Best fit parameters: [2.31071607].
2022-10-20 13:16:17,290 - INFO - Maximum log composite likelihood: -115916.6599296875.
2022-10-20 13:16:17,290 - INFO - Optimal value of theta: 41712.767238154025.
2022-10-20 13:16:17,291 - INFO - Beginning optimization with guess, [1.99172902].
2022-10-20 13:16:17,588 - INFO - Finished optimization with guess, [1.99172902].
2022-10-20 13:16:17,588 - INFO - Best fit parameters: [1.99172902].
2022-10-20 13:16:17,737 - INFO - Maximum log composite likelihood: -115916.6599296875.
2022-10-20 13:16:17,737 - INFO - Optimal value of theta: 41712.767238154025.
2022-10-20 13:16:17,737 - INFO - Beginning optimization with guess, [2.63493379].
2022-10-20 13:16:18,036 - INFO - Finished optimization with guess, [2.63493379].
2022-10-20 13:16:18,037 - INFO - Best fit parameters: [2.63493379].
2022-10-20 13:16:18,185 - INFO - Maximum log composite likelihood: -115916.6599296875.
2022-10-20 13:16:18,185 - INFO - Optimal value of theta: 41712.767238154025.
2022-10-20 13:16:18,185 - INFO - Beginning optimization with guess, [3.23855409].
2022-10-20 13:16:18,485 - INFO - Finished optimization with guess, [3.23855409].
2022-10-20 13:16:18,485 - INFO - Best fit parameters: [3.23855409].
2022-10-20 13:16:18,633 - INFO - Maximum log composite likelihood: -115916.6599296875.
2022-10-20 13:16:18,633 - INFO - Optimal value of theta: 41712.767238154025.
2022-10-20 13:16:18,633 - INFO - Beginning optimization with guess, [2.23089601].
2022-10-20 13:16:18,931 - INFO - Finished optimization with guess, [2.23089601].
2022-10-20 13:16:18,931 - INFO - Best fit parameters: [2.23089601].
2022-10-20 13:16:19,080 - INFO - Maximum log composite likelihood: -115916.6599296875.
2022-10-20 13:16:19,080 - INFO - Optimal value of theta: 41712.767238154025.
2022-10-20 13:16:19,081 - INFO - Beginning optimization with guess, [3.14768442].
2022-10-20 13:16:19,381 - INFO - Finished optimization with guess, [3.14768442].
2022-10-20 13:16:19,381 - INFO - Best fit parameters: [3.14768442].
2022-10-20 13:16:19,530 - INFO - Maximum log composite likelihood: -115916.6599296875.
2022-10-20 13:16:19,530 - INFO - Optimal value of theta: 41712.767238154025.
2022-10-20 13:16:19,530 - INFO - Beginning optimization with guess, [5.09040447].
2022-10-20 13:16:19,828 - INFO - Finished optimization with guess, [5.09040447].
2022-10-20 13:16:19,828 - INFO - Best fit parameters: [5.09040447].
2022-10-20 13:16:19,976 - INFO - Maximum log composite likelihood: -115916.6599296875.
2022-10-20 13:16:19,977 - INFO - Optimal value of theta: 41712.767238154025.
2022-10-20 13:16:19,977 - INFO - Beginning optimization with guess, [3.7152537].
2022-10-20 13:16:20,275 - INFO - Finished optimization with guess, [3.7152537].
2022-10-20 13:16:20,275 - INFO - Best fit parameters: [3.7152537].
2022-10-20 13:16:20,424 - INFO - Maximum log composite likelihood: -115916.6599296875.
2022-10-20 13:16:20,424 - INFO - Optimal value of theta: 41712.767238154025.
2022-10-20 13:16:20,425 - INFO - Beginning optimization with guess, [11.85058689].
2022-10-20 13:16:20,722 - INFO - Finished optimization with guess, [11.85058689].
2022-10-20 13:16:20,722 - INFO - Best fit parameters: [11.85058689].
2022-10-20 13:16:20,871 - INFO - Maximum log composite likelihood: -115916.6599296875.
2022-10-20 13:16:20,872 - INFO - Optimal value of theta: 41712.767238154025.
2022-10-20 13:16:20,872 - INFO - Beginning optimization with guess, [12.57861484].
2022-10-20 13:16:21,170 - INFO - Finished optimization with guess, [12.57861484].
2022-10-20 13:16:21,170 - INFO - Best fit parameters: [12.57861484].
2022-10-20 13:16:21,319 - INFO - Maximum log composite likelihood: -115916.6599296875.
2022-10-20 13:16:21,319 - INFO - Optimal value of theta: 41712.767238154025.
2022-10-20 13:16:21,321 - INFO - Finished demographic inference.
2022-10-20 13:16:21,321 - INFO - Pipeline executed succesfully.
