2024-06-24 15:17:40,684 - INFO - Beginning execution of fit_one_epoch.py in directory /u/project/ngarud/jonmah/demo_for_ccgb/Scripts

2024-06-24 15:17:40,685 - INFO - Progress is being logged to ../SupplementaryAnalysis/Roseburia_inulinivorans_61943/accessory_log.log

2024-06-24 15:17:40,685 - INFO - Parsed the following arguments:
	mask_doubletons = False
	syn_input_sfs = ../SupplementaryAnalysis/Roseburia_inulinivorans_61943/accessory_empirical_syn_downsampled_sfs.txt
	mask_singletons = False
	outprefix = ../SupplementaryAnalysis/Roseburia_inulinivorans_61943/accessory

2024-06-24 15:17:40,699 - INFO - Beginning demographic inference for three-epoch demographic model.
2024-06-24 15:17:40,702 - INFO - Beginning optimization with guess, [0.01859365 0.01780111 0.00730104 0.01823444].
2024-06-24 15:17:46,199 - INFO - Finished optimization with guess, [0.01859365 0.01780111 0.00730104 0.01823444].
2024-06-24 15:17:46,200 - INFO - Best fit parameters: [0.01018584 0.01059897 0.00645445 0.04511114].
2024-06-24 15:17:46,378 - INFO - Maximum log composite likelihood: -40.7479337063.
2024-06-24 15:17:46,379 - INFO - Optimal value of theta: 76127.568565.
2024-06-24 15:17:46,379 - INFO - Beginning optimization with guess, [0.0240414  0.01791927 0.00620369 0.0085748 ].
2024-06-24 15:17:47,819 - INFO - Finished optimization with guess, [0.0240414  0.01791927 0.00620369 0.0085748 ].
2024-06-24 15:17:47,820 - INFO - Best fit parameters: [0.02385743 0.10528466 0.00166942 0.00222275].
2024-06-24 15:17:47,845 - INFO - Maximum log composite likelihood: -32.4002704498.
2024-06-24 15:17:47,845 - INFO - Optimal value of theta: 1498.21851276.
2024-06-24 15:17:47,845 - INFO - Beginning optimization with guess, [0.02832101 0.02791627 0.01182844 0.00625742].
2024-06-24 15:17:49,118 - INFO - Finished optimization with guess, [0.02832101 0.02791627 0.01182844 0.00625742].
2024-06-24 15:17:49,119 - INFO - Best fit parameters: [0.06849268 0.06977414 0.00368729 0.00261463].
2024-06-24 15:17:49,166 - INFO - Maximum log composite likelihood: -32.3755063568.
2024-06-24 15:17:49,167 - INFO - Optimal value of theta: 1492.45223347.
2024-06-24 15:17:49,167 - INFO - Beginning optimization with guess, [0.04563685 0.06559475 0.00629783 0.01627663].
2024-06-24 15:17:50,521 - INFO - Finished optimization with guess, [0.04563685 0.06559475 0.00629783 0.01627663].
2024-06-24 15:17:50,521 - INFO - Best fit parameters: [0.06244977 0.13207492 0.00266414 0.00768139].
2024-06-24 15:17:50,546 - INFO - Maximum log composite likelihood: -32.6438602618.
2024-06-24 15:17:50,546 - INFO - Optimal value of theta: 1502.35806979.
2024-06-24 15:17:50,546 - INFO - Beginning optimization with guess, [0.02718537 0.0394931  0.01074095 0.01257027].
2024-06-24 15:17:51,828 - INFO - Finished optimization with guess, [0.02718537 0.0394931  0.01074095 0.01257027].
2024-06-24 15:17:51,829 - INFO - Best fit parameters: [0.06042549 0.11396293 0.00296638 0.00575934].
2024-06-24 15:17:51,854 - INFO - Maximum log composite likelihood: -32.5801305293.
2024-06-24 15:17:51,854 - INFO - Optimal value of theta: 1504.56377462.
2024-06-24 15:17:51,854 - INFO - Beginning optimization with guess, [0.70193841 0.45398342 0.00837274 0.00802298].
2024-06-24 15:17:53,058 - INFO - Finished optimization with guess, [0.70193841 0.45398342 0.00837274 0.00802298].
2024-06-24 15:17:53,059 - INFO - Best fit parameters: [0.68844101 0.38234362 0.0056292  0.06968912].
2024-06-24 15:17:53,086 - INFO - Maximum log composite likelihood: -35.391829284.
2024-06-24 15:17:53,086 - INFO - Optimal value of theta: 1527.72849204.
2024-06-24 15:17:53,086 - INFO - Beginning optimization with guess, [0.76045102 0.78837939 0.0127904  0.00974664].
2024-06-24 15:17:54,480 - INFO - Finished optimization with guess, [0.76045102 0.78837939 0.0127904  0.00974664].
2024-06-24 15:17:54,481 - INFO - Best fit parameters: [0.64740951 0.74416324 0.24745655 0.01412154].
2024-06-24 15:17:54,512 - INFO - Maximum log composite likelihood: -52.6253683948.
2024-06-24 15:17:54,512 - INFO - Optimal value of theta: 1500.44443831.
2024-06-24 15:17:54,512 - INFO - Beginning optimization with guess, [0.52434689 1.15511238 0.00736243 0.01752071].
2024-06-24 15:17:55,739 - INFO - Finished optimization with guess, [0.52434689 1.15511238 0.00736243 0.01752071].
2024-06-24 15:17:55,740 - INFO - Best fit parameters: [0.4615098  1.14778206 0.13130192 0.00430137].
2024-06-24 15:17:55,770 - INFO - Maximum log composite likelihood: -39.6448596449.
2024-06-24 15:17:55,770 - INFO - Optimal value of theta: 1568.63109206.
2024-06-24 15:17:55,770 - INFO - Beginning optimization with guess, [0.8390237  0.52141271 0.01121014 0.01206667].
2024-06-24 15:17:56,950 - INFO - Finished optimization with guess, [0.8390237  0.52141271 0.01121014 0.01206667].
2024-06-24 15:17:56,951 - INFO - Best fit parameters: [0.82921827 0.41986126 0.01198474 0.08441747].
2024-06-24 15:17:56,978 - INFO - Maximum log composite likelihood: -36.2891316025.
2024-06-24 15:17:56,978 - INFO - Optimal value of theta: 1528.94857142.
2024-06-24 15:17:56,978 - INFO - Beginning optimization with guess, [1.77863146 0.62000356 0.01134495 0.01545645].
2024-06-24 15:17:58,358 - INFO - Finished optimization with guess, [1.77863146 0.62000356 0.01134495 0.01545645].
2024-06-24 15:17:58,358 - INFO - Best fit parameters: [1.91424048 0.54871712 0.00814047 0.19396378].
2024-06-24 15:17:58,388 - INFO - Maximum log composite likelihood: -41.9141858106.
2024-06-24 15:17:58,388 - INFO - Optimal value of theta: 1555.59558649.
2024-06-24 15:17:58,388 - INFO - Beginning optimization with guess, [0.87040091 2.06591692 0.01843957 0.01017716].
2024-06-24 15:17:59,717 - INFO - Finished optimization with guess, [0.87040091 2.06591692 0.01843957 0.01017716].
2024-06-24 15:17:59,717 - INFO - Best fit parameters: [7.56352601e-01 1.04104276e+00 3.55538634e-01 6.59907140e-05].
2024-06-24 15:17:59,748 - INFO - Maximum log composite likelihood: -63.1430597189.
2024-06-24 15:17:59,748 - INFO - Optimal value of theta: 1442.84069684.
2024-06-24 15:17:59,748 - INFO - Beginning optimization with guess, [1.44736511 1.96311466 0.00700859 0.01968355].
2024-06-24 15:18:00,812 - INFO - Finished optimization with guess, [1.44736511 1.96311466 0.00700859 0.01968355].
2024-06-24 15:18:00,812 - INFO - Best fit parameters: [5.47012849e-01 4.87304225e-01 1.20937576e-02 6.68047378e-08].
2024-06-24 15:18:00,836 - INFO - Maximum log composite likelihood: -79.4445945066.
2024-06-24 15:18:00,836 - INFO - Optimal value of theta: 1301.01497952.
2024-06-24 15:18:00,836 - INFO - Beginning optimization with guess, [0.97607687 1.94906812 0.01871494 0.01196325].
2024-06-24 15:18:02,015 - INFO - Finished optimization with guess, [0.97607687 1.94906812 0.01871494 0.01196325].
2024-06-24 15:18:02,015 - INFO - Best fit parameters: [9.38609658e-01 2.58163475e-01 2.71238624e-01 4.30293251e-12].
2024-06-24 15:18:02,046 - INFO - Maximum log composite likelihood: -87.245280624.
2024-06-24 15:18:02,046 - INFO - Optimal value of theta: 1303.2088018.
2024-06-24 15:18:02,047 - INFO - Beginning optimization with guess, [1.12985737 1.2379757  0.00515366 0.00567407].
2024-06-24 15:18:03,102 - INFO - Finished optimization with guess, [1.12985737 1.2379757  0.00515366 0.00567407].
2024-06-24 15:18:03,102 - INFO - Best fit parameters: [9.66403994e-01 1.16644532e+00 1.05555817e-03 1.12605673e-05].
2024-06-24 15:18:03,126 - INFO - Maximum log composite likelihood: -96.652961627.
2024-06-24 15:18:03,126 - INFO - Optimal value of theta: 1274.5792552.
2024-06-24 15:18:03,126 - INFO - Beginning optimization with guess, [2.93123172 3.61961078 0.01184192 0.01224411].
2024-06-24 15:18:04,215 - INFO - Finished optimization with guess, [2.93123172 3.61961078 0.01184192 0.01224411].
2024-06-24 15:18:04,215 - INFO - Best fit parameters: [3.07494591e+00 3.31355074e-01 8.17538745e-05 3.18479862e-03].
2024-06-24 15:18:04,239 - INFO - Maximum log composite likelihood: -84.5462832195.
2024-06-24 15:18:04,239 - INFO - Optimal value of theta: 1291.87665215.
2024-06-24 15:18:04,239 - INFO - Beginning optimization with guess, [1.41365239 2.89004405 0.00645265 0.01802859].
2024-06-24 15:18:05,436 - INFO - Finished optimization with guess, [1.41365239 2.89004405 0.00645265 0.01802859].
2024-06-24 15:18:05,437 - INFO - Best fit parameters: [9.59908834e-01 7.17199957e-01 7.48588182e-05 4.65706703e-05].
2024-06-24 15:18:05,461 - INFO - Maximum log composite likelihood: -96.6811623337.
2024-06-24 15:18:05,461 - INFO - Optimal value of theta: 1274.54193053.
2024-06-24 15:18:05,461 - INFO - Beginning optimization with guess, [3.35515211 1.66745267 0.00566906 0.00771715].
2024-06-24 15:18:06,809 - INFO - Finished optimization with guess, [3.35515211 1.66745267 0.00566906 0.00771715].
2024-06-24 15:18:06,809 - INFO - Best fit parameters: [5.81266806e-01 1.30408830e+00 3.07657104e-05 2.19787762e-05].
2024-06-24 15:18:06,832 - INFO - Maximum log composite likelihood: -96.691068212.
2024-06-24 15:18:06,833 - INFO - Optimal value of theta: 1274.52915294.
2024-06-24 15:18:06,833 - INFO - Beginning optimization with guess, [1.53134855 2.96989045 0.00753206 0.00735514].
2024-06-24 15:18:07,920 - INFO - Finished optimization with guess, [1.53134855 2.96989045 0.00753206 0.00735514].
2024-06-24 15:18:07,920 - INFO - Best fit parameters: [8.69119925e-01 2.33543153e+00 3.33047694e-04 6.59786286e-06].
2024-06-24 15:18:07,943 - INFO - Maximum log composite likelihood: -96.6280952118.
2024-06-24 15:18:07,944 - INFO - Optimal value of theta: 1274.61081785.
2024-06-24 15:18:07,944 - INFO - Beginning optimization with guess, [5.03523548 5.7469999  0.01216055 0.01051574].
2024-06-24 15:18:09,022 - INFO - Finished optimization with guess, [5.03523548 5.7469999  0.01216055 0.01051574].
2024-06-24 15:18:09,022 - INFO - Best fit parameters: [2.46761295e-01 3.48839476e+00 4.32017230e-03 8.14755144e-06].
2024-06-24 15:18:09,046 - INFO - Maximum log composite likelihood: -73.7208794328.
2024-06-24 15:18:09,046 - INFO - Optimal value of theta: 1310.1132012.
2024-06-24 15:18:09,046 - INFO - Beginning optimization with guess, [5.18137018 2.33602437 0.01603165 0.00997722].
2024-06-24 15:18:10,211 - INFO - Finished optimization with guess, [5.18137018 2.33602437 0.01603165 0.00997722].
2024-06-24 15:18:10,211 - INFO - Best fit parameters: [2.72559102e+00 6.87327958e-01 1.07120455e-04 9.48153051e-04].
2024-06-24 15:18:10,235 - INFO - Maximum log composite likelihood: -95.9547518318.
2024-06-24 15:18:10,235 - INFO - Optimal value of theta: 1275.49326363.
2024-06-24 15:18:10,235 - INFO - Beginning optimization with guess, [2.94947769 5.34556195 0.01988176 0.00647545].
2024-06-24 15:18:11,400 - INFO - Finished optimization with guess, [2.94947769 5.34556195 0.01988176 0.00647545].
2024-06-24 15:18:11,401 - INFO - Best fit parameters: [1.62455862e+00 6.56562681e-01 1.48976546e-04 3.75221885e-04].
2024-06-24 15:18:11,425 - INFO - Maximum log composite likelihood: -96.4281012488.
2024-06-24 15:18:11,425 - INFO - Optimal value of theta: 1274.87036031.
2024-06-24 15:18:11,426 - INFO - Beginning optimization with guess, [7.28388566e+00 5.55718159e+00 6.86266876e-03 1.20034261e-02].
2024-06-24 15:18:12,790 - INFO - Finished optimization with guess, [7.28388566e+00 5.55718159e+00 6.86266876e-03 1.20034261e-02].
2024-06-24 15:18:12,790 - INFO - Best fit parameters: [1.46227415e-01 2.68902732e+00 9.63757721e-05 2.19684486e-05].
2024-06-24 15:18:12,815 - INFO - Maximum log composite likelihood: -95.5504362815.
2024-06-24 15:18:12,815 - INFO - Optimal value of theta: 1276.01525883.
2024-06-24 15:18:12,815 - INFO - Beginning optimization with guess, [3.5659605  5.16937216 0.01038805 0.00683953].
2024-06-24 15:18:14,107 - INFO - Finished optimization with guess, [3.5659605  5.16937216 0.01038805 0.00683953].
2024-06-24 15:18:14,107 - INFO - Best fit parameters: [3.84175900e-01 5.01555519e+00 1.20844075e-02 2.06392216e-06].
2024-06-24 15:18:14,131 - INFO - Maximum log composite likelihood: -66.6842169675.
2024-06-24 15:18:14,132 - INFO - Optimal value of theta: 1325.41205057.
2024-06-24 15:18:14,132 - INFO - Beginning optimization with guess, [5.58562929e+00 1.07982999e+01 5.46817666e-03 1.18833769e-02].
2024-06-24 15:18:15,214 - INFO - Finished optimization with guess, [5.58562929e+00 1.07982999e+01 5.46817666e-03 1.18833769e-02].
2024-06-24 15:18:15,215 - INFO - Best fit parameters: [4.65001286e-01 4.88882415e+00 1.60349172e-04 6.90642617e-05].
2024-06-24 15:18:15,284 - INFO - Maximum log composite likelihood: -96.4498336636.
2024-06-24 15:18:15,285 - INFO - Optimal value of theta: 1274.84207841.
2024-06-24 15:18:15,288 - INFO - Finished demographic inference.
2024-06-24 15:18:15,288 - INFO - Pipeline executed succesfully.
