2024-06-11 15:26:08,868 - INFO - Beginning execution of fit_one_epoch.py in directory /u/project/ngarud/jonmah/demo_for_ccgb/Scripts

2024-06-11 15:26:08,868 - INFO - Progress is being logged to ../SupplementaryAnalysis/Roseburia_inulinivorans_61943/log.log

2024-06-11 15:26:08,868 - INFO - Parsed the following arguments:
	mask_doubletons = False
	syn_input_sfs = ../SupplementaryAnalysis/Roseburia_inulinivorans_61943/core_empirical_syn_downsampled_sfs.txt
	mask_singletons = False
	outprefix = ../SupplementaryAnalysis/Roseburia_inulinivorans_61943/

2024-06-11 15:26:08,870 - INFO - Beginning demographic inference for one-epoch demographic model.
2024-06-11 15:26:08,872 - INFO - Beginning optimization with guess, [0.08693504].
2024-06-11 15:26:10,282 - INFO - Finished optimization with guess, [0.08693504].
2024-06-11 15:26:10,283 - INFO - Best fit parameters: [0.08693504].
2024-06-11 15:26:10,323 - INFO - Maximum log composite likelihood: -36.3863634727.
2024-06-11 15:26:10,324 - INFO - Optimal value of theta: 9034.2120493.
2024-06-11 15:26:10,324 - INFO - Beginning optimization with guess, [0.10978587].
2024-06-11 15:26:11,733 - INFO - Finished optimization with guess, [0.10978587].
2024-06-11 15:26:11,733 - INFO - Best fit parameters: [0.10978587].
2024-06-11 15:26:11,773 - INFO - Maximum log composite likelihood: -36.3863634727.
2024-06-11 15:26:11,774 - INFO - Optimal value of theta: 9034.2120493.
2024-06-11 15:26:11,774 - INFO - Beginning optimization with guess, [0.25461639].
2024-06-11 15:26:13,058 - INFO - Finished optimization with guess, [0.25461639].
2024-06-11 15:26:13,061 - INFO - Best fit parameters: [0.25461639].
2024-06-11 15:26:13,101 - INFO - Maximum log composite likelihood: -36.3863634727.
2024-06-11 15:26:13,102 - INFO - Optimal value of theta: 9034.2120493.
2024-06-11 15:26:13,102 - INFO - Beginning optimization with guess, [0.44508232].
2024-06-11 15:26:14,266 - INFO - Finished optimization with guess, [0.44508232].
2024-06-11 15:26:14,266 - INFO - Best fit parameters: [0.44508232].
2024-06-11 15:26:14,307 - INFO - Maximum log composite likelihood: -36.3863634727.
2024-06-11 15:26:14,307 - INFO - Optimal value of theta: 9034.2120493.
2024-06-11 15:26:14,307 - INFO - Beginning optimization with guess, [0.60562144].
2024-06-11 15:26:15,349 - INFO - Finished optimization with guess, [0.60562144].
2024-06-11 15:26:15,349 - INFO - Best fit parameters: [0.60562144].
2024-06-11 15:26:15,390 - INFO - Maximum log composite likelihood: -36.3863634727.
2024-06-11 15:26:15,390 - INFO - Optimal value of theta: 9034.2120493.
2024-06-11 15:26:15,390 - INFO - Beginning optimization with guess, [0.65417611].
2024-06-11 15:26:16,442 - INFO - Finished optimization with guess, [0.65417611].
2024-06-11 15:26:16,442 - INFO - Best fit parameters: [0.65417611].
2024-06-11 15:26:16,483 - INFO - Maximum log composite likelihood: -36.3863634727.
2024-06-11 15:26:16,483 - INFO - Optimal value of theta: 9034.2120493.
2024-06-11 15:26:16,483 - INFO - Beginning optimization with guess, [0.37328494].
2024-06-11 15:26:17,646 - INFO - Finished optimization with guess, [0.37328494].
2024-06-11 15:26:17,647 - INFO - Best fit parameters: [0.37328494].
2024-06-11 15:26:17,688 - INFO - Maximum log composite likelihood: -36.3863634727.
2024-06-11 15:26:17,689 - INFO - Optimal value of theta: 9034.2120493.
2024-06-11 15:26:17,689 - INFO - Beginning optimization with guess, [1.3180945].
2024-06-11 15:26:18,731 - INFO - Finished optimization with guess, [1.3180945].
2024-06-11 15:26:18,731 - INFO - Best fit parameters: [1.3180945].
2024-06-11 15:26:18,771 - INFO - Maximum log composite likelihood: -36.3863634727.
2024-06-11 15:26:18,772 - INFO - Optimal value of theta: 9034.2120493.
2024-06-11 15:26:18,772 - INFO - Beginning optimization with guess, [1.19556918].
2024-06-11 15:26:19,694 - INFO - Finished optimization with guess, [1.19556918].
2024-06-11 15:26:19,694 - INFO - Best fit parameters: [1.19556918].
2024-06-11 15:26:19,735 - INFO - Maximum log composite likelihood: -36.3863634727.
2024-06-11 15:26:19,735 - INFO - Optimal value of theta: 9034.2120493.
2024-06-11 15:26:19,736 - INFO - Beginning optimization with guess, [0.65247638].
2024-06-11 15:26:20,783 - INFO - Finished optimization with guess, [0.65247638].
2024-06-11 15:26:20,783 - INFO - Best fit parameters: [0.65247638].
2024-06-11 15:26:20,823 - INFO - Maximum log composite likelihood: -36.3863634727.
2024-06-11 15:26:20,823 - INFO - Optimal value of theta: 9034.2120493.
2024-06-11 15:26:20,824 - INFO - Beginning optimization with guess, [0.91221313].
2024-06-11 15:26:21,627 - INFO - Finished optimization with guess, [0.91221313].
2024-06-11 15:26:21,627 - INFO - Best fit parameters: [0.91221313].
2024-06-11 15:26:21,668 - INFO - Maximum log composite likelihood: -36.3863634727.
2024-06-11 15:26:21,668 - INFO - Optimal value of theta: 9034.2120493.
2024-06-11 15:26:21,668 - INFO - Beginning optimization with guess, [1.45309702].
2024-06-11 15:26:22,713 - INFO - Finished optimization with guess, [1.45309702].
2024-06-11 15:26:22,716 - INFO - Best fit parameters: [1.45309702].
2024-06-11 15:26:22,757 - INFO - Maximum log composite likelihood: -36.3863634727.
2024-06-11 15:26:22,757 - INFO - Optimal value of theta: 9034.2120493.
2024-06-11 15:26:22,758 - INFO - Beginning optimization with guess, [1.98981469].
2024-06-11 15:26:23,921 - INFO - Finished optimization with guess, [1.98981469].
2024-06-11 15:26:23,921 - INFO - Best fit parameters: [1.98981469].
2024-06-11 15:26:23,961 - INFO - Maximum log composite likelihood: -36.3863634727.
2024-06-11 15:26:23,962 - INFO - Optimal value of theta: 9034.2120493.
2024-06-11 15:26:23,962 - INFO - Beginning optimization with guess, [1.22019404].
2024-06-11 15:26:24,884 - INFO - Finished optimization with guess, [1.22019404].
2024-06-11 15:26:24,884 - INFO - Best fit parameters: [1.22019404].
2024-06-11 15:26:24,924 - INFO - Maximum log composite likelihood: -36.3863634727.
2024-06-11 15:26:24,925 - INFO - Optimal value of theta: 9034.2120493.
2024-06-11 15:26:24,925 - INFO - Beginning optimization with guess, [2.3302225].
2024-06-11 15:26:26,091 - INFO - Finished optimization with guess, [2.3302225].
2024-06-11 15:26:26,091 - INFO - Best fit parameters: [2.3302225].
2024-06-11 15:26:26,132 - INFO - Maximum log composite likelihood: -36.3863634727.
2024-06-11 15:26:26,132 - INFO - Optimal value of theta: 9034.2120493.
2024-06-11 15:26:26,133 - INFO - Beginning optimization with guess, [2.41398028].
2024-06-11 15:26:27,297 - INFO - Finished optimization with guess, [2.41398028].
2024-06-11 15:26:27,297 - INFO - Best fit parameters: [2.41398028].
2024-06-11 15:26:27,337 - INFO - Maximum log composite likelihood: -36.3863634727.
2024-06-11 15:26:27,338 - INFO - Optimal value of theta: 9034.2120493.
2024-06-11 15:26:27,338 - INFO - Beginning optimization with guess, [2.05005548].
2024-06-11 15:26:28,501 - INFO - Finished optimization with guess, [2.05005548].
2024-06-11 15:26:28,502 - INFO - Best fit parameters: [2.05005548].
2024-06-11 15:26:28,543 - INFO - Maximum log composite likelihood: -36.3863634727.
2024-06-11 15:26:28,544 - INFO - Optimal value of theta: 9034.2120493.
2024-06-11 15:26:28,544 - INFO - Beginning optimization with guess, [4.27626709].
2024-06-11 15:26:29,829 - INFO - Finished optimization with guess, [4.27626709].
2024-06-11 15:26:29,830 - INFO - Best fit parameters: [4.27626709].
2024-06-11 15:26:29,870 - INFO - Maximum log composite likelihood: -36.3863634727.
2024-06-11 15:26:29,870 - INFO - Optimal value of theta: 9034.2120493.
2024-06-11 15:26:29,870 - INFO - Beginning optimization with guess, [2.34935382].
2024-06-11 15:26:31,034 - INFO - Finished optimization with guess, [2.34935382].
2024-06-11 15:26:31,034 - INFO - Best fit parameters: [2.34935382].
2024-06-11 15:26:31,074 - INFO - Maximum log composite likelihood: -36.3863634727.
2024-06-11 15:26:31,075 - INFO - Optimal value of theta: 9034.2120493.
2024-06-11 15:26:31,075 - INFO - Beginning optimization with guess, [3.31562816].
2024-06-11 15:26:32,360 - INFO - Finished optimization with guess, [3.31562816].
2024-06-11 15:26:32,360 - INFO - Best fit parameters: [3.31562816].
2024-06-11 15:26:32,400 - INFO - Maximum log composite likelihood: -36.3863634727.
2024-06-11 15:26:32,400 - INFO - Optimal value of theta: 9034.2120493.
2024-06-11 15:26:32,401 - INFO - Beginning optimization with guess, [6.5872859].
2024-06-11 15:26:33,683 - INFO - Finished optimization with guess, [6.5872859].
2024-06-11 15:26:33,685 - INFO - Best fit parameters: [6.5872859].
2024-06-11 15:26:33,726 - INFO - Maximum log composite likelihood: -36.3863634727.
2024-06-11 15:26:33,726 - INFO - Optimal value of theta: 9034.2120493.
2024-06-11 15:26:33,726 - INFO - Beginning optimization with guess, [2.84641631].
2024-06-11 15:26:35,009 - INFO - Finished optimization with guess, [2.84641631].
2024-06-11 15:26:35,009 - INFO - Best fit parameters: [2.84641631].
2024-06-11 15:26:35,049 - INFO - Maximum log composite likelihood: -36.3863634727.
2024-06-11 15:26:35,050 - INFO - Optimal value of theta: 9034.2120493.
2024-06-11 15:26:35,050 - INFO - Beginning optimization with guess, [3.81050353].
2024-06-11 15:26:36,335 - INFO - Finished optimization with guess, [3.81050353].
2024-06-11 15:26:36,335 - INFO - Best fit parameters: [3.81050353].
2024-06-11 15:26:36,375 - INFO - Maximum log composite likelihood: -36.3863634727.
2024-06-11 15:26:36,375 - INFO - Optimal value of theta: 9034.2120493.
2024-06-11 15:26:36,376 - INFO - Beginning optimization with guess, [5.04608381].
2024-06-11 15:26:37,658 - INFO - Finished optimization with guess, [5.04608381].
2024-06-11 15:26:37,658 - INFO - Best fit parameters: [5.04608381].
2024-06-11 15:26:37,698 - INFO - Maximum log composite likelihood: -36.3863634727.
2024-06-11 15:26:37,699 - INFO - Optimal value of theta: 9034.2120493.
2024-06-11 15:26:37,702 - INFO - Beginning demographic inference for two-epoch demographic model.
2024-06-11 15:26:37,703 - INFO - Beginning optimization with guess, [0.16598331 0.01755927].
2024-06-11 15:26:39,746 - INFO - Finished optimization with guess, [0.16598331 0.01755927].
2024-06-11 15:26:39,747 - INFO - Best fit parameters: [1.07225247 0.01040796].
2024-06-11 15:26:39,789 - INFO - Maximum log composite likelihood: -36.3323845373.
2024-06-11 15:26:39,790 - INFO - Optimal value of theta: 9020.84786312.
2024-06-11 15:26:39,790 - INFO - Beginning optimization with guess, [0.32651864 0.01995578].
2024-06-11 15:26:41,834 - INFO - Finished optimization with guess, [0.32651864 0.01995578].
2024-06-11 15:26:41,834 - INFO - Best fit parameters: [1.04762923 0.03629927].
2024-06-11 15:26:41,877 - INFO - Maximum log composite likelihood: -36.3013035565.
2024-06-11 15:26:41,877 - INFO - Optimal value of theta: 9004.97822738.
2024-06-11 15:26:41,878 - INFO - Beginning optimization with guess, [0.18676323 0.00647733].
2024-06-11 15:26:43,945 - INFO - Finished optimization with guess, [0.18676323 0.00647733].
2024-06-11 15:26:43,946 - INFO - Best fit parameters: [1.15796837 0.00473235].
2024-06-11 15:26:43,987 - INFO - Maximum log composite likelihood: -36.3418295443.
2024-06-11 15:26:43,988 - INFO - Optimal value of theta: 9021.70932516.
2024-06-11 15:26:43,988 - INFO - Beginning optimization with guess, [0.57372366 0.00892745].
2024-06-11 15:26:45,974 - INFO - Finished optimization with guess, [0.57372366 0.00892745].
2024-06-11 15:26:45,976 - INFO - Best fit parameters: [1.05237994 0.01352489].
2024-06-11 15:26:46,019 - INFO - Maximum log composite likelihood: -36.3270032323.
2024-06-11 15:26:46,019 - INFO - Optimal value of theta: 9021.50968433.
2024-06-11 15:26:46,019 - INFO - Beginning optimization with guess, [0.82157895 0.00663366].
2024-06-11 15:26:49,964 - INFO - Finished optimization with guess, [0.82157895 0.00663366].
2024-06-11 15:26:49,966 - INFO - Best fit parameters: [1.04449939 1.00349565].
2024-06-11 15:26:50,041 - INFO - Maximum log composite likelihood: -35.7391681825.
2024-06-11 15:26:50,042 - INFO - Optimal value of theta: 8766.57096503.
2024-06-11 15:26:50,042 - INFO - Beginning optimization with guess, [0.57017595 0.00868527].
2024-06-11 15:26:52,030 - INFO - Finished optimization with guess, [0.57017595 0.00868527].
2024-06-11 15:26:52,030 - INFO - Best fit parameters: [1.05297994 0.01318989].
2024-06-11 15:26:52,072 - INFO - Maximum log composite likelihood: -36.327596863.
2024-06-11 15:26:52,073 - INFO - Optimal value of theta: 9021.67950384.
2024-06-11 15:26:52,073 - INFO - Beginning optimization with guess, [0.4769849  0.00648877].
2024-06-11 15:26:54,018 - INFO - Finished optimization with guess, [0.4769849  0.00648877].
2024-06-11 15:26:54,019 - INFO - Best fit parameters: [1.06964109 0.00910318].
2024-06-11 15:26:54,060 - INFO - Maximum log composite likelihood: -36.3351073923.
2024-06-11 15:26:54,061 - INFO - Optimal value of theta: 9022.88132528.
2024-06-11 15:26:54,061 - INFO - Beginning optimization with guess, [0.5535664  0.00662038].
2024-06-11 15:26:56,130 - INFO - Finished optimization with guess, [0.5535664  0.00662038].
2024-06-11 15:26:56,130 - INFO - Best fit parameters: [1.03079452 0.02287605].
2024-06-11 15:26:56,172 - INFO - Maximum log composite likelihood: -36.3132630522.
2024-06-11 15:26:56,173 - INFO - Optimal value of theta: 9021.65981943.
2024-06-11 15:26:56,173 - INFO - Beginning optimization with guess, [0.80890968 0.01319644].
2024-06-11 15:26:58,325 - INFO - Finished optimization with guess, [0.80890968 0.01319644].
2024-06-11 15:26:58,327 - INFO - Best fit parameters: [1.01913424 0.37574078].
2024-06-11 15:26:58,382 - INFO - Maximum log composite likelihood: -35.8764399795.
2024-06-11 15:26:58,382 - INFO - Optimal value of theta: 8962.75695662.
2024-06-11 15:26:58,382 - INFO - Beginning optimization with guess, [1.30502406 0.01262017].
2024-06-11 15:27:00,241 - INFO - Finished optimization with guess, [1.30502406 0.01262017].
2024-06-11 15:27:00,241 - INFO - Best fit parameters: [1.05222236 0.01519937].
2024-06-11 15:27:00,283 - INFO - Maximum log composite likelihood: -36.3234580525.
2024-06-11 15:27:00,284 - INFO - Optimal value of theta: 9020.04452631.
2024-06-11 15:27:00,284 - INFO - Beginning optimization with guess, [0.7390611  0.00730348].
2024-06-11 15:27:03,901 - INFO - Finished optimization with guess, [0.7390611  0.00730348].
2024-06-11 15:27:03,902 - INFO - Best fit parameters: [1.03485401 0.76411803].
2024-06-11 15:27:03,969 - INFO - Maximum log composite likelihood: -35.7501100571.
2024-06-11 15:27:03,969 - INFO - Optimal value of theta: 8847.10721909.
2024-06-11 15:27:03,970 - INFO - Beginning optimization with guess, [1.24068624 0.01283321].
2024-06-11 15:27:05,916 - INFO - Finished optimization with guess, [1.24068624 0.01283321].
2024-06-11 15:27:05,917 - INFO - Best fit parameters: [1.04479105 0.02568927].
2024-06-11 15:27:05,960 - INFO - Maximum log composite likelihood: -36.3047504469.
2024-06-11 15:27:05,960 - INFO - Optimal value of theta: 9014.14112163.
2024-06-11 15:27:05,961 - INFO - Beginning optimization with guess, [1.56582384 0.00550152].
2024-06-11 15:27:08,023 - INFO - Finished optimization with guess, [1.56582384 0.00550152].
2024-06-11 15:27:08,024 - INFO - Best fit parameters: [1.01981515 0.02983263].
2024-06-11 15:27:08,066 - INFO - Maximum log composite likelihood: -36.3121182408.
2024-06-11 15:27:08,066 - INFO - Optimal value of theta: 9023.77122885.
2024-06-11 15:27:08,066 - INFO - Beginning optimization with guess, [1.94568247 0.01637399].
2024-06-11 15:27:10,002 - INFO - Finished optimization with guess, [1.94568247 0.01637399].
2024-06-11 15:27:10,003 - INFO - Best fit parameters: [1.1254014  0.00621933].
2024-06-11 15:27:10,044 - INFO - Maximum log composite likelihood: -36.3407467803.
2024-06-11 15:27:10,045 - INFO - Optimal value of theta: 9020.82714324.
2024-06-11 15:27:10,045 - INFO - Beginning optimization with guess, [1.81245606 0.00661115].
2024-06-11 15:27:11,814 - INFO - Finished optimization with guess, [1.81245606 0.00661115].
2024-06-11 15:27:11,815 - INFO - Best fit parameters: [1.1398537  0.00411665].
2024-06-11 15:27:11,856 - INFO - Maximum log composite likelihood: -36.3440110826.
2024-06-11 15:27:11,856 - INFO - Optimal value of theta: 9024.40404029.
2024-06-11 15:27:11,856 - INFO - Beginning optimization with guess, [1.38050134 0.0172989 ].
2024-06-11 15:27:13,898 - INFO - Finished optimization with guess, [1.38050134 0.0172989 ].
2024-06-11 15:27:13,900 - INFO - Best fit parameters: [1.02565645 0.11566873].
2024-06-11 15:27:13,946 - INFO - Maximum log composite likelihood: -36.1134097358.
2024-06-11 15:27:13,946 - INFO - Optimal value of theta: 8991.45726423.
2024-06-11 15:27:13,946 - INFO - Beginning optimization with guess, [5.18915151 0.01018425].
2024-06-11 15:27:15,924 - INFO - Finished optimization with guess, [5.18915151 0.01018425].
2024-06-11 15:27:15,924 - INFO - Best fit parameters: [1.21570132 0.00383117].
2024-06-11 15:27:15,965 - INFO - Maximum log composite likelihood: -36.3455464814.
2024-06-11 15:27:15,966 - INFO - Optimal value of theta: 9020.98009593.
2024-06-11 15:27:15,966 - INFO - Beginning optimization with guess, [2.52296325 0.01351851].
2024-06-11 15:27:17,985 - INFO - Finished optimization with guess, [2.52296325 0.01351851].
2024-06-11 15:27:17,985 - INFO - Best fit parameters: [1.09339337 0.01032131].
2024-06-11 15:27:18,027 - INFO - Maximum log composite likelihood: -36.336715544.
2024-06-11 15:27:18,028 - INFO - Optimal value of theta: 9017.40612393.
2024-06-11 15:27:18,028 - INFO - Beginning optimization with guess, [1.79095187 0.01093391].
2024-06-11 15:27:19,924 - INFO - Finished optimization with guess, [1.79095187 0.01093391].
2024-06-11 15:27:19,925 - INFO - Best fit parameters: [1.08490623 0.00743017].
2024-06-11 15:27:19,966 - INFO - Maximum log composite likelihood: -36.3381078751.
2024-06-11 15:27:19,966 - INFO - Optimal value of theta: 9023.03036953.
2024-06-11 15:27:19,967 - INFO - Beginning optimization with guess, [2.32191343 0.01745596].
2024-06-11 15:27:21,987 - INFO - Finished optimization with guess, [2.32191343 0.01745596].
2024-06-11 15:27:21,988 - INFO - Best fit parameters: [1.07974695 0.01274365].
2024-06-11 15:27:22,029 - INFO - Maximum log composite likelihood: -36.3323187208.
2024-06-11 15:27:22,030 - INFO - Optimal value of theta: 9016.41436006.
2024-06-11 15:27:22,030 - INFO - Beginning optimization with guess, [5.98643285 0.00731254].
2024-06-11 15:27:23,923 - INFO - Finished optimization with guess, [5.98643285 0.00731254].
2024-06-11 15:27:23,923 - INFO - Best fit parameters: [1.30006164 0.00191206].
2024-06-11 15:27:23,965 - INFO - Maximum log composite likelihood: -36.3508528504.
2024-06-11 15:27:23,966 - INFO - Optimal value of theta: 9025.52690827.
2024-06-11 15:27:23,966 - INFO - Beginning optimization with guess, [3.23380622 0.0173841 ].
2024-06-11 15:27:25,947 - INFO - Finished optimization with guess, [3.23380622 0.0173841 ].
2024-06-11 15:27:25,947 - INFO - Best fit parameters: [1.17563671 0.00418969].
2024-06-11 15:27:25,989 - INFO - Maximum log composite likelihood: -36.3432041849.
2024-06-11 15:27:25,989 - INFO - Optimal value of theta: 9022.05721036.
2024-06-11 15:27:25,989 - INFO - Beginning optimization with guess, [3.50399795 0.01085858].
2024-06-11 15:27:27,980 - INFO - Finished optimization with guess, [3.50399795 0.01085858].
2024-06-11 15:27:27,981 - INFO - Best fit parameters: [1.18127626 0.00411138].
2024-06-11 15:27:28,023 - INFO - Maximum log composite likelihood: -36.3435331196.
2024-06-11 15:27:28,024 - INFO - Optimal value of theta: 9021.95412427.
2024-06-11 15:27:28,024 - INFO - Beginning optimization with guess, [1.23406684e+01 9.23749293e-03].
2024-06-11 15:27:29,960 - INFO - Finished optimization with guess, [1.23406684e+01 9.23749293e-03].
2024-06-11 15:27:29,961 - INFO - Best fit parameters: [1.60235678e+00 1.32881458e-03].
2024-06-11 15:27:30,002 - INFO - Maximum log composite likelihood: -36.3518344365.
2024-06-11 15:27:30,003 - INFO - Optimal value of theta: 9024.34243973.
2024-06-11 15:27:30,006 - INFO - Finished demographic inference.
2024-06-11 15:27:30,006 - INFO - Pipeline executed succesfully.
