2024-06-13 13:39:24,431 - INFO - Beginning execution of fit_dfe.py in directory /u/project/ngarud/jonmah/demo_for_ccgb/Scripts

2024-06-13 13:39:24,432 - INFO - Progress is being logged to ../SupplementaryAnalysis/Bacteroides_vulgatus_57955/core_log.log

2024-06-13 13:39:24,432 - INFO - Parsed the following arguments:
	syn_input_sfs = ../SupplementaryAnalysis/Bacteroides_vulgatus_57955/core_empirical_syn_downsampled_sfs.txt
	nonsyn_input_sfs = ../SupplementaryAnalysis/Bacteroides_vulgatus_57955/core_empirical_nonsyn_downsampled_sfs.txt
	input_demography = ../SupplementaryAnalysis/Bacteroides_vulgatus_57955/two_epoch_demography.txt
	input_model = two_epoch
	initial_alpha = 0.2
	initial_beta = 0.1
	outprefix = ../SupplementaryAnalysis/Bacteroides_vulgatus_57955/core

2024-06-13 13:39:24,455 - INFO - Loading input demography.
2024-06-13 13:39:24,461 - INFO - Input demographic parameters are: [5933.157, 0.01950551].
2024-06-13 13:39:24,461 - INFO - Input theta_syn is: 2904.0401964819944.
2024-06-13 13:39:24,461 - INFO - Generating spectrum from input demography.
2024-06-13 13:39:28,365 - INFO - Fitting DFE.
2024-06-13 13:39:32,038 - WARNING - The integral is probably divergent, or slowly convergent.
2024-06-13 13:40:36,436 - WARNING - The algorithm does not converge.  Roundoff error is detected
  in the extrapolation table.  It is assumed that the requested tolerance
  cannot be achieved, and that the returned result (if full_output = 1) is 
  the best which can be obtained.
2024-06-13 13:41:15,984 - WARNING - Warning: converting a masked element to nan.
2024-06-13 13:41:16,298 - INFO - Fitting Neutral + Gamma DFE
2024-06-13 13:42:21,028 - INFO - Computing intermediate summary statistics.
2024-06-13 13:42:21,030 - INFO - Outputting results.
2024-06-13 13:42:21,034 - INFO - Pipeline executed succesfully.
