2024-06-11 15:27:44,284 - INFO - Beginning execution of fit_one_epoch.py in directory /u/project/ngarud/jonmah/demo_for_ccgb/Scripts

2024-06-11 15:27:44,284 - INFO - Progress is being logged to ../SupplementaryAnalysis/Bacteroides_vulgatus_57955/log.log

2024-06-11 15:27:44,284 - INFO - Parsed the following arguments:
	mask_doubletons = False
	syn_input_sfs = ../SupplementaryAnalysis/Bacteroides_vulgatus_57955/core_empirical_syn_downsampled_sfs.txt
	mask_singletons = False
	outprefix = ../SupplementaryAnalysis/Bacteroides_vulgatus_57955/

2024-06-11 15:27:44,285 - INFO - Beginning demographic inference for one-epoch demographic model.
2024-06-11 15:27:44,287 - INFO - Beginning optimization with guess, [0.18205478].
2024-06-11 15:27:45,243 - INFO - Finished optimization with guess, [0.18205478].
2024-06-11 15:27:45,243 - INFO - Best fit parameters: [0.18205478].
2024-06-11 15:27:45,265 - INFO - Maximum log composite likelihood: -55.0381288957.
2024-06-11 15:27:45,266 - INFO - Optimal value of theta: 3034.64445873.
2024-06-11 15:27:45,266 - INFO - Beginning optimization with guess, [0.14707584].
2024-06-11 15:27:46,108 - INFO - Finished optimization with guess, [0.14707584].
2024-06-11 15:27:46,109 - INFO - Best fit parameters: [0.14707584].
2024-06-11 15:27:46,131 - INFO - Maximum log composite likelihood: -55.0381288957.
2024-06-11 15:27:46,132 - INFO - Optimal value of theta: 3034.64445873.
2024-06-11 15:27:46,132 - INFO - Beginning optimization with guess, [0.47697369].
2024-06-11 15:27:46,900 - INFO - Finished optimization with guess, [0.47697369].
2024-06-11 15:27:46,900 - INFO - Best fit parameters: [0.47697369].
2024-06-11 15:27:46,922 - INFO - Maximum log composite likelihood: -55.0381288957.
2024-06-11 15:27:46,923 - INFO - Optimal value of theta: 3034.64445873.
2024-06-11 15:27:46,923 - INFO - Beginning optimization with guess, [0.26734528].
2024-06-11 15:27:47,645 - INFO - Finished optimization with guess, [0.26734528].
2024-06-11 15:27:47,646 - INFO - Best fit parameters: [0.26734528].
2024-06-11 15:27:47,713 - INFO - Maximum log composite likelihood: -55.0381288957.
2024-06-11 15:27:47,714 - INFO - Optimal value of theta: 3034.64445873.
2024-06-11 15:27:47,714 - INFO - Beginning optimization with guess, [0.43220633].
2024-06-11 15:27:48,476 - INFO - Finished optimization with guess, [0.43220633].
2024-06-11 15:27:48,476 - INFO - Best fit parameters: [0.43220633].
2024-06-11 15:27:48,499 - INFO - Maximum log composite likelihood: -55.0381288957.
2024-06-11 15:27:48,499 - INFO - Optimal value of theta: 3034.64445873.
2024-06-11 15:27:48,499 - INFO - Beginning optimization with guess, [0.44799785].
2024-06-11 15:27:49,152 - INFO - Finished optimization with guess, [0.44799785].
2024-06-11 15:27:49,152 - INFO - Best fit parameters: [0.44799785].
2024-06-11 15:27:49,175 - INFO - Maximum log composite likelihood: -55.0381288957.
2024-06-11 15:27:49,175 - INFO - Optimal value of theta: 3034.64445873.
2024-06-11 15:27:49,175 - INFO - Beginning optimization with guess, [0.68079149].
2024-06-11 15:27:49,762 - INFO - Finished optimization with guess, [0.68079149].
2024-06-11 15:27:49,762 - INFO - Best fit parameters: [0.68079149].
2024-06-11 15:27:49,785 - INFO - Maximum log composite likelihood: -55.0381288957.
2024-06-11 15:27:49,785 - INFO - Optimal value of theta: 3034.64445873.
2024-06-11 15:27:49,785 - INFO - Beginning optimization with guess, [1.14795638].
2024-06-11 15:27:50,320 - INFO - Finished optimization with guess, [1.14795638].
2024-06-11 15:27:50,321 - INFO - Best fit parameters: [1.14795638].
2024-06-11 15:27:50,345 - INFO - Maximum log composite likelihood: -55.0381288957.
2024-06-11 15:27:50,345 - INFO - Optimal value of theta: 3034.64445873.
2024-06-11 15:27:50,345 - INFO - Beginning optimization with guess, [0.51907502].
2024-06-11 15:27:51,036 - INFO - Finished optimization with guess, [0.51907502].
2024-06-11 15:27:51,036 - INFO - Best fit parameters: [0.51907502].
2024-06-11 15:27:51,060 - INFO - Maximum log composite likelihood: -55.0381288957.
2024-06-11 15:27:51,060 - INFO - Optimal value of theta: 3034.64445873.
2024-06-11 15:27:51,060 - INFO - Beginning optimization with guess, [1.54302881].
2024-06-11 15:27:51,678 - INFO - Finished optimization with guess, [1.54302881].
2024-06-11 15:27:51,679 - INFO - Best fit parameters: [1.54302881].
2024-06-11 15:27:51,703 - INFO - Maximum log composite likelihood: -55.0381288957.
2024-06-11 15:27:51,703 - INFO - Optimal value of theta: 3034.64445873.
2024-06-11 15:27:51,703 - INFO - Beginning optimization with guess, [1.11617373].
2024-06-11 15:27:52,180 - INFO - Finished optimization with guess, [1.11617373].
2024-06-11 15:27:52,180 - INFO - Best fit parameters: [1.11617373].
2024-06-11 15:27:52,204 - INFO - Maximum log composite likelihood: -55.0381288957.
2024-06-11 15:27:52,204 - INFO - Optimal value of theta: 3034.64445873.
2024-06-11 15:27:52,205 - INFO - Beginning optimization with guess, [2.2677955].
2024-06-11 15:27:52,869 - INFO - Finished optimization with guess, [2.2677955].
2024-06-11 15:27:52,870 - INFO - Best fit parameters: [2.2677955].
2024-06-11 15:27:52,893 - INFO - Maximum log composite likelihood: -55.0381288957.
2024-06-11 15:27:52,893 - INFO - Optimal value of theta: 3034.64445873.
2024-06-11 15:27:52,893 - INFO - Beginning optimization with guess, [1.10188542].
2024-06-11 15:27:53,457 - INFO - Finished optimization with guess, [1.10188542].
2024-06-11 15:27:53,457 - INFO - Best fit parameters: [1.10188542].
2024-06-11 15:27:53,480 - INFO - Maximum log composite likelihood: -55.0381288957.
2024-06-11 15:27:53,480 - INFO - Optimal value of theta: 3034.64445873.
2024-06-11 15:27:53,481 - INFO - Beginning optimization with guess, [3.25544741].
2024-06-11 15:27:54,214 - INFO - Finished optimization with guess, [3.25544741].
2024-06-11 15:27:54,214 - INFO - Best fit parameters: [3.25544741].
2024-06-11 15:27:54,237 - INFO - Maximum log composite likelihood: -55.0381288957.
2024-06-11 15:27:54,237 - INFO - Optimal value of theta: 3034.64445873.
2024-06-11 15:27:54,238 - INFO - Beginning optimization with guess, [2.50748059].
2024-06-11 15:27:54,900 - INFO - Finished optimization with guess, [2.50748059].
2024-06-11 15:27:54,900 - INFO - Best fit parameters: [2.50748059].
2024-06-11 15:27:54,923 - INFO - Maximum log composite likelihood: -55.0381288957.
2024-06-11 15:27:54,923 - INFO - Optimal value of theta: 3034.64445873.
2024-06-11 15:27:54,924 - INFO - Beginning optimization with guess, [2.2231414].
2024-06-11 15:27:55,798 - INFO - Finished optimization with guess, [2.2231414].
2024-06-11 15:27:55,798 - INFO - Best fit parameters: [2.2231414].
2024-06-11 15:27:55,825 - INFO - Maximum log composite likelihood: -55.0381288957.
2024-06-11 15:27:55,825 - INFO - Optimal value of theta: 3034.64445873.
2024-06-11 15:27:55,826 - INFO - Beginning optimization with guess, [2.13074145].
2024-06-11 15:27:56,495 - INFO - Finished optimization with guess, [2.13074145].
2024-06-11 15:27:56,495 - INFO - Best fit parameters: [2.13074145].
2024-06-11 15:27:56,518 - INFO - Maximum log composite likelihood: -55.0381288957.
2024-06-11 15:27:56,518 - INFO - Optimal value of theta: 3034.64445873.
2024-06-11 15:27:56,518 - INFO - Beginning optimization with guess, [3.66079853].
2024-06-11 15:27:57,247 - INFO - Finished optimization with guess, [3.66079853].
2024-06-11 15:27:57,247 - INFO - Best fit parameters: [3.66079853].
2024-06-11 15:27:57,270 - INFO - Maximum log composite likelihood: -55.0381288957.
2024-06-11 15:27:57,271 - INFO - Optimal value of theta: 3034.64445873.
2024-06-11 15:27:57,271 - INFO - Beginning optimization with guess, [1.94247006].
2024-06-11 15:27:58,048 - INFO - Finished optimization with guess, [1.94247006].
2024-06-11 15:27:58,049 - INFO - Best fit parameters: [1.94247006].
2024-06-11 15:27:58,072 - INFO - Maximum log composite likelihood: -55.0381288957.
2024-06-11 15:27:58,072 - INFO - Optimal value of theta: 3034.64445873.
2024-06-11 15:27:58,072 - INFO - Beginning optimization with guess, [4.75013055].
2024-06-11 15:27:58,791 - INFO - Finished optimization with guess, [4.75013055].
2024-06-11 15:27:58,792 - INFO - Best fit parameters: [4.75013055].
2024-06-11 15:27:58,814 - INFO - Maximum log composite likelihood: -55.0381288957.
2024-06-11 15:27:58,814 - INFO - Optimal value of theta: 3034.64445873.
2024-06-11 15:27:58,815 - INFO - Beginning optimization with guess, [4.3008195].
2024-06-11 15:27:59,535 - INFO - Finished optimization with guess, [4.3008195].
2024-06-11 15:27:59,535 - INFO - Best fit parameters: [4.3008195].
2024-06-11 15:27:59,557 - INFO - Maximum log composite likelihood: -55.0381288957.
2024-06-11 15:27:59,558 - INFO - Optimal value of theta: 3034.64445873.
2024-06-11 15:27:59,558 - INFO - Beginning optimization with guess, [7.55260337].
2024-06-11 15:28:00,279 - INFO - Finished optimization with guess, [7.55260337].
2024-06-11 15:28:00,279 - INFO - Best fit parameters: [7.55260337].
2024-06-11 15:28:00,302 - INFO - Maximum log composite likelihood: -55.0381288957.
2024-06-11 15:28:00,302 - INFO - Optimal value of theta: 3034.64445873.
2024-06-11 15:28:00,302 - INFO - Beginning optimization with guess, [9.08804296].
2024-06-11 15:28:01,090 - INFO - Finished optimization with guess, [9.08804296].
2024-06-11 15:28:01,090 - INFO - Best fit parameters: [9.08804296].
2024-06-11 15:28:01,112 - INFO - Maximum log composite likelihood: -55.0381288957.
2024-06-11 15:28:01,113 - INFO - Optimal value of theta: 3034.64445873.
2024-06-11 15:28:01,113 - INFO - Beginning optimization with guess, [8.25897137].
2024-06-11 15:28:02,079 - INFO - Finished optimization with guess, [8.25897137].
2024-06-11 15:28:02,080 - INFO - Best fit parameters: [8.25897137].
2024-06-11 15:28:02,104 - INFO - Maximum log composite likelihood: -55.0381288957.
2024-06-11 15:28:02,104 - INFO - Optimal value of theta: 3034.64445873.
2024-06-11 15:28:02,107 - INFO - Beginning demographic inference for two-epoch demographic model.
2024-06-11 15:28:02,110 - INFO - Beginning optimization with guess, [0.05994463 0.00526214].
2024-06-11 15:28:03,399 - INFO - Finished optimization with guess, [0.05994463 0.00526214].
2024-06-11 15:28:03,400 - INFO - Best fit parameters: [9.47307377 0.02441119].
2024-06-11 15:28:03,423 - INFO - Maximum log composite likelihood: -38.1701377908.
2024-06-11 15:28:03,424 - INFO - Optimal value of theta: 2897.64019956.
2024-06-11 15:28:03,424 - INFO - Beginning optimization with guess, [0.36308    0.00984496].
2024-06-11 15:28:04,580 - INFO - Finished optimization with guess, [0.36308    0.00984496].
2024-06-11 15:28:04,580 - INFO - Best fit parameters: [3.24533247 0.03177201].
2024-06-11 15:28:04,603 - INFO - Maximum log composite likelihood: -38.677595778.
2024-06-11 15:28:04,603 - INFO - Optimal value of theta: 2900.01727584.
2024-06-11 15:28:04,603 - INFO - Beginning optimization with guess, [0.33439099 0.00580393].
2024-06-11 15:28:05,738 - INFO - Finished optimization with guess, [0.33439099 0.00580393].
2024-06-11 15:28:05,738 - INFO - Best fit parameters: [2.75113559 0.03291462].
2024-06-11 15:28:05,761 - INFO - Maximum log composite likelihood: -38.8976897755.
2024-06-11 15:28:05,762 - INFO - Optimal value of theta: 2906.99610162.
2024-06-11 15:28:05,762 - INFO - Beginning optimization with guess, [0.45266131 0.00864249].
2024-06-11 15:28:06,925 - INFO - Finished optimization with guess, [0.45266131 0.00864249].
2024-06-11 15:28:06,925 - INFO - Best fit parameters: [2.07974382 0.04285778].
2024-06-11 15:28:06,949 - INFO - Maximum log composite likelihood: -39.4304905296.
2024-06-11 15:28:06,949 - INFO - Optimal value of theta: 2902.59411631.
2024-06-11 15:28:06,949 - INFO - Beginning optimization with guess, [0.68521997 0.01303882].
2024-06-11 15:28:08,087 - INFO - Finished optimization with guess, [0.68521997 0.01303882].
2024-06-11 15:28:08,087 - INFO - Best fit parameters: [1.95529411 0.03694346].
2024-06-11 15:28:08,110 - INFO - Maximum log composite likelihood: -39.9702423158.
2024-06-11 15:28:08,110 - INFO - Optimal value of theta: 2926.11099023.
2024-06-11 15:28:08,111 - INFO - Beginning optimization with guess, [0.87030787 0.01073526].
2024-06-11 15:28:09,406 - INFO - Finished optimization with guess, [0.87030787 0.01073526].
2024-06-11 15:28:09,407 - INFO - Best fit parameters: [1.29384817 0.06042831].
2024-06-11 15:28:09,431 - INFO - Maximum log composite likelihood: -43.9612398527.
2024-06-11 15:28:09,431 - INFO - Optimal value of theta: 2957.27473285.
2024-06-11 15:28:09,431 - INFO - Beginning optimization with guess, [0.55789188 0.0071856 ].
2024-06-11 15:28:12,650 - INFO - Finished optimization with guess, [0.55789188 0.0071856 ].
2024-06-11 15:28:12,650 - INFO - Best fit parameters: [1.66052926 0.06998367].
2024-06-11 15:28:12,674 - INFO - Maximum log composite likelihood: -40.8980254412.
2024-06-11 15:28:12,674 - INFO - Optimal value of theta: 2880.00495452.
2024-06-11 15:28:12,675 - INFO - Beginning optimization with guess, [0.43702161 0.00530703].
2024-06-11 15:28:14,393 - INFO - Finished optimization with guess, [0.43702161 0.00530703].
2024-06-11 15:28:14,394 - INFO - Best fit parameters: [1.33799831 0.05467031].
2024-06-11 15:28:14,417 - INFO - Maximum log composite likelihood: -43.4838680518.
2024-06-11 15:28:14,418 - INFO - Optimal value of theta: 2955.65507177.
2024-06-11 15:28:14,418 - INFO - Beginning optimization with guess, [1.41328681 0.01653267].
2024-06-11 15:28:15,547 - INFO - Finished optimization with guess, [1.41328681 0.01653267].
2024-06-11 15:28:15,547 - INFO - Best fit parameters: [3.05200434 0.03769843].
2024-06-11 15:28:15,571 - INFO - Maximum log composite likelihood: -39.1168124014.
2024-06-11 15:28:15,571 - INFO - Optimal value of theta: 2881.69249767.
2024-06-11 15:28:15,571 - INFO - Beginning optimization with guess, [0.97659844 0.01541116].
2024-06-11 15:28:16,790 - INFO - Finished optimization with guess, [0.97659844 0.01541116].
2024-06-11 15:28:16,790 - INFO - Best fit parameters: [1.19602439 0.21773616].
2024-06-11 15:28:16,816 - INFO - Maximum log composite likelihood: -46.766396122.
2024-06-11 15:28:16,817 - INFO - Optimal value of theta: 2885.32196525.
2024-06-11 15:28:16,817 - INFO - Beginning optimization with guess, [2.39515132 0.01181367].
2024-06-11 15:28:17,902 - INFO - Finished optimization with guess, [2.39515132 0.01181367].
2024-06-11 15:28:17,902 - INFO - Best fit parameters: [16.27956529  0.02036193].
2024-06-11 15:28:17,925 - INFO - Maximum log composite likelihood: -38.0778132537.
2024-06-11 15:28:17,925 - INFO - Optimal value of theta: 2913.08190676.
2024-06-11 15:28:17,925 - INFO - Beginning optimization with guess, [0.9382142  0.01356864].
2024-06-11 15:28:19,155 - INFO - Finished optimization with guess, [0.9382142  0.01356864].
2024-06-11 15:28:19,155 - INFO - Best fit parameters: [1.44095766 0.05751841].
2024-06-11 15:28:19,179 - INFO - Maximum log composite likelihood: -41.8631285458.
2024-06-11 15:28:19,179 - INFO - Optimal value of theta: 2934.46150122.
2024-06-11 15:28:19,179 - INFO - Beginning optimization with guess, [1.22661389 0.01691925].
2024-06-11 15:28:20,267 - INFO - Finished optimization with guess, [1.22661389 0.01691925].
2024-06-11 15:28:20,267 - INFO - Best fit parameters: [3.46871032 0.028539  ].
2024-06-11 15:28:20,291 - INFO - Maximum log composite likelihood: -38.6699995896.
2024-06-11 15:28:20,291 - INFO - Optimal value of theta: 2909.3685459.
2024-06-11 15:28:20,291 - INFO - Beginning optimization with guess, [1.07718495 0.01791794].
2024-06-11 15:28:21,475 - INFO - Finished optimization with guess, [1.07718495 0.01791794].
2024-06-11 15:28:21,476 - INFO - Best fit parameters: [1.94411058 0.05236579].
2024-06-11 15:28:21,499 - INFO - Maximum log composite likelihood: -39.8695959235.
2024-06-11 15:28:21,500 - INFO - Optimal value of theta: 2887.15606278.
2024-06-11 15:28:21,500 - INFO - Beginning optimization with guess, [1.78039805 0.01003447].
2024-06-11 15:28:22,566 - INFO - Finished optimization with guess, [1.78039805 0.01003447].
2024-06-11 15:28:22,566 - INFO - Best fit parameters: [2.15831796e+01 2.01286012e-02].
2024-06-11 15:28:22,589 - INFO - Maximum log composite likelihood: -38.0201549356.
2024-06-11 15:28:22,589 - INFO - Optimal value of theta: 2912.32668604.
2024-06-11 15:28:22,590 - INFO - Beginning optimization with guess, [2.86590309 0.00970867].
2024-06-11 15:28:23,673 - INFO - Finished optimization with guess, [2.86590309 0.00970867].
2024-06-11 15:28:23,673 - INFO - Best fit parameters: [18.06321811  0.02041949].
2024-06-11 15:28:23,696 - INFO - Maximum log composite likelihood: -38.0401731921.
2024-06-11 15:28:23,696 - INFO - Optimal value of theta: 2911.90626887.
2024-06-11 15:28:23,696 - INFO - Beginning optimization with guess, [2.29228156 0.01007065].
2024-06-11 15:28:24,804 - INFO - Finished optimization with guess, [2.29228156 0.01007065].
2024-06-11 15:28:24,804 - INFO - Best fit parameters: [6.6759175  0.02312475].
2024-06-11 15:28:24,827 - INFO - Maximum log composite likelihood: -38.3477034393.
2024-06-11 15:28:24,827 - INFO - Optimal value of theta: 2911.36726944.
2024-06-11 15:28:24,827 - INFO - Beginning optimization with guess, [4.04066922 0.00736592].
2024-06-11 15:28:25,911 - INFO - Finished optimization with guess, [4.04066922 0.00736592].
2024-06-11 15:28:25,911 - INFO - Best fit parameters: [3.26488141e+01 2.02006910e-02].
2024-06-11 15:28:25,934 - INFO - Maximum log composite likelihood: -37.9394262786.
2024-06-11 15:28:25,935 - INFO - Optimal value of theta: 2909.72784912.
2024-06-11 15:28:25,935 - INFO - Beginning optimization with guess, [2.05745197 0.00687232].
2024-06-11 15:28:26,997 - INFO - Finished optimization with guess, [2.05745197 0.00687232].
2024-06-11 15:28:26,997 - INFO - Best fit parameters: [14.09811901  0.02322732].
2024-06-11 15:28:27,020 - INFO - Maximum log composite likelihood: -38.0525020685.
2024-06-11 15:28:27,021 - INFO - Optimal value of theta: 2898.41279627.
2024-06-11 15:28:27,021 - INFO - Beginning optimization with guess, [4.11648957 0.01200779].
2024-06-11 15:28:28,172 - INFO - Finished optimization with guess, [4.11648957 0.01200779].
2024-06-11 15:28:28,172 - INFO - Best fit parameters: [4.35272572e+01 2.10723117e-02].
2024-06-11 15:28:28,195 - INFO - Maximum log composite likelihood: -37.8862984084.
2024-06-11 15:28:28,195 - INFO - Optimal value of theta: 2903.47732945.
2024-06-11 15:28:28,196 - INFO - Beginning optimization with guess, [3.38931053 0.01217143].
2024-06-11 15:28:29,255 - INFO - Finished optimization with guess, [3.38931053 0.01217143].
2024-06-11 15:28:29,255 - INFO - Best fit parameters: [2.42353899e+01 2.07405691e-02].
2024-06-11 15:28:29,278 - INFO - Maximum log composite likelihood: -37.9537773456.
2024-06-11 15:28:29,278 - INFO - Optimal value of theta: 2908.06127421.
2024-06-11 15:28:29,278 - INFO - Beginning optimization with guess, [7.58579322 0.01757696].
2024-06-11 15:28:30,427 - INFO - Finished optimization with guess, [7.58579322 0.01757696].
2024-06-11 15:28:30,427 - INFO - Best fit parameters: [7.29180300e+03 1.93760691e-02].
2024-06-11 15:28:30,450 - INFO - Maximum log composite likelihood: -37.8252391244.
2024-06-11 15:28:30,450 - INFO - Optimal value of theta: 2904.30241578.
2024-06-11 15:28:30,450 - INFO - Beginning optimization with guess, [8.40838917e+00 6.28091406e-03].
2024-06-11 15:28:31,530 - INFO - Finished optimization with guess, [8.40838917e+00 6.28091406e-03].
2024-06-11 15:28:31,530 - INFO - Best fit parameters: [3.95525584e+03 1.97661363e-02].
2024-06-11 15:28:31,554 - INFO - Maximum log composite likelihood: -37.8255804335.
2024-06-11 15:28:31,554 - INFO - Optimal value of theta: 2903.80251025.
2024-06-11 15:28:31,554 - INFO - Beginning optimization with guess, [6.13104299 0.01002103].
2024-06-11 15:28:32,589 - INFO - Finished optimization with guess, [6.13104299 0.01002103].
2024-06-11 15:28:32,590 - INFO - Best fit parameters: [3.17657966e+02 2.00602990e-02].
2024-06-11 15:28:32,613 - INFO - Maximum log composite likelihood: -37.8395054154.
2024-06-11 15:28:32,614 - INFO - Optimal value of theta: 2906.65216551.
2024-06-11 15:28:32,616 - INFO - Finished demographic inference.
2024-06-11 15:28:32,616 - INFO - Pipeline executed succesfully.
