2023-02-17 16:17:56,327 - INFO - Beginning execution of fit_one_epoch.py in directory /u/project/ngarud/jonmah/demo_for_ccgb/Scripts

2023-02-17 16:17:56,327 - INFO - Progress is being logged to ../Analysis/Oscillibacter_sp_60799_downsampled_12/log.log

2023-02-17 16:17:56,328 - INFO - Parsed the following arguments:
	syn_input_sfs = ../Analysis/Oscillibacter_sp_60799_downsampled_12/empirical_sfs.txt
	mask_singletons = False
	mask_doubletons = False
	outprefix = ../Analysis/Oscillibacter_sp_60799_downsampled_12/

2023-02-17 16:17:56,337 - INFO - Beginning demographic inference for one-epoch demographic model.
2023-02-17 16:17:56,338 - INFO - Beginning optimization with guess, [0.19968946].
2023-02-17 16:17:56,407 - INFO - Finished optimization with guess, [0.19968946].
2023-02-17 16:17:56,407 - INFO - Best fit parameters: [0.19968946].
2023-02-17 16:17:56,441 - INFO - Maximum log composite likelihood: -183.95614434688196.
2023-02-17 16:17:56,441 - INFO - Optimal value of theta: 5325.1630640386875.
2023-02-17 16:17:56,441 - INFO - Beginning optimization with guess, [0.21917889].
2023-02-17 16:17:56,508 - INFO - Finished optimization with guess, [0.21917889].
2023-02-17 16:17:56,508 - INFO - Best fit parameters: [0.21917889].
2023-02-17 16:17:56,541 - INFO - Maximum log composite likelihood: -183.95614434688196.
2023-02-17 16:17:56,541 - INFO - Optimal value of theta: 5325.1630640386875.
2023-02-17 16:17:56,542 - INFO - Beginning optimization with guess, [0.52816603].
2023-02-17 16:17:56,608 - INFO - Finished optimization with guess, [0.52816603].
2023-02-17 16:17:56,608 - INFO - Best fit parameters: [0.52816603].
2023-02-17 16:17:56,642 - INFO - Maximum log composite likelihood: -183.95614434688196.
2023-02-17 16:17:56,642 - INFO - Optimal value of theta: 5325.1630640386875.
2023-02-17 16:17:56,643 - INFO - Beginning optimization with guess, [0.37226878].
2023-02-17 16:17:56,717 - INFO - Finished optimization with guess, [0.37226878].
2023-02-17 16:17:56,717 - INFO - Best fit parameters: [0.37226878].
2023-02-17 16:17:56,753 - INFO - Maximum log composite likelihood: -183.95614434688196.
2023-02-17 16:17:56,754 - INFO - Optimal value of theta: 5325.1630640386875.
2023-02-17 16:17:56,755 - INFO - Beginning optimization with guess, [0.49646534].
2023-02-17 16:17:56,822 - INFO - Finished optimization with guess, [0.49646534].
2023-02-17 16:17:56,823 - INFO - Best fit parameters: [0.49646534].
2023-02-17 16:17:56,857 - INFO - Maximum log composite likelihood: -183.95614434688196.
2023-02-17 16:17:56,858 - INFO - Optimal value of theta: 5325.1630640386875.
2023-02-17 16:17:56,858 - INFO - Beginning optimization with guess, [0.44267845].
2023-02-17 16:17:56,927 - INFO - Finished optimization with guess, [0.44267845].
2023-02-17 16:17:56,927 - INFO - Best fit parameters: [0.44267845].
2023-02-17 16:17:56,964 - INFO - Maximum log composite likelihood: -183.95614434688196.
2023-02-17 16:17:56,965 - INFO - Optimal value of theta: 5325.1630640386875.
2023-02-17 16:17:56,965 - INFO - Beginning optimization with guess, [0.66456416].
2023-02-17 16:17:57,032 - INFO - Finished optimization with guess, [0.66456416].
2023-02-17 16:17:57,032 - INFO - Best fit parameters: [0.66456416].
2023-02-17 16:17:57,068 - INFO - Maximum log composite likelihood: -183.95614434688196.
2023-02-17 16:17:57,069 - INFO - Optimal value of theta: 5325.1630640386875.
2023-02-17 16:17:57,070 - INFO - Beginning optimization with guess, [0.4048915].
2023-02-17 16:17:57,139 - INFO - Finished optimization with guess, [0.4048915].
2023-02-17 16:17:57,139 - INFO - Best fit parameters: [0.4048915].
2023-02-17 16:17:57,173 - INFO - Maximum log composite likelihood: -183.95614434688196.
2023-02-17 16:17:57,173 - INFO - Optimal value of theta: 5325.1630640386875.
2023-02-17 16:17:57,174 - INFO - Beginning optimization with guess, [1.47051032].
2023-02-17 16:17:57,244 - INFO - Finished optimization with guess, [1.47051032].
2023-02-17 16:17:57,244 - INFO - Best fit parameters: [1.47051032].
2023-02-17 16:17:57,278 - INFO - Maximum log composite likelihood: -183.95614434688196.
2023-02-17 16:17:57,279 - INFO - Optimal value of theta: 5325.1630640386875.
2023-02-17 16:17:57,279 - INFO - Beginning optimization with guess, [1.17696028].
2023-02-17 16:17:57,350 - INFO - Finished optimization with guess, [1.17696028].
2023-02-17 16:17:57,350 - INFO - Best fit parameters: [1.17696028].
2023-02-17 16:17:57,384 - INFO - Maximum log composite likelihood: -183.95614434688196.
2023-02-17 16:17:57,385 - INFO - Optimal value of theta: 5325.1630640386875.
2023-02-17 16:17:57,385 - INFO - Beginning optimization with guess, [1.11898937].
2023-02-17 16:17:57,455 - INFO - Finished optimization with guess, [1.11898937].
2023-02-17 16:17:57,456 - INFO - Best fit parameters: [1.11898937].
2023-02-17 16:17:57,492 - INFO - Maximum log composite likelihood: -183.95614434688196.
2023-02-17 16:17:57,493 - INFO - Optimal value of theta: 5325.1630640386875.
2023-02-17 16:17:57,493 - INFO - Beginning optimization with guess, [2.62272054].
2023-02-17 16:17:57,562 - INFO - Finished optimization with guess, [2.62272054].
2023-02-17 16:17:57,562 - INFO - Best fit parameters: [2.62272054].
2023-02-17 16:17:57,597 - INFO - Maximum log composite likelihood: -183.95614434688196.
2023-02-17 16:17:57,597 - INFO - Optimal value of theta: 5325.1630640386875.
2023-02-17 16:17:57,598 - INFO - Beginning optimization with guess, [3.13364122].
2023-02-17 16:17:57,666 - INFO - Finished optimization with guess, [3.13364122].
2023-02-17 16:17:57,666 - INFO - Best fit parameters: [3.13364122].
2023-02-17 16:17:57,699 - INFO - Maximum log composite likelihood: -183.95614434688196.
2023-02-17 16:17:57,700 - INFO - Optimal value of theta: 5325.1630640386875.
2023-02-17 16:17:57,700 - INFO - Beginning optimization with guess, [2.21894489].
2023-02-17 16:17:57,770 - INFO - Finished optimization with guess, [2.21894489].
2023-02-17 16:17:57,771 - INFO - Best fit parameters: [2.21894489].
2023-02-17 16:17:57,805 - INFO - Maximum log composite likelihood: -183.95614434688196.
2023-02-17 16:17:57,806 - INFO - Optimal value of theta: 5325.1630640386875.
2023-02-17 16:17:57,806 - INFO - Beginning optimization with guess, [2.89980106].
2023-02-17 16:17:57,875 - INFO - Finished optimization with guess, [2.89980106].
2023-02-17 16:17:57,876 - INFO - Best fit parameters: [2.89980106].
2023-02-17 16:17:57,910 - INFO - Maximum log composite likelihood: -183.95614434688196.
2023-02-17 16:17:57,911 - INFO - Optimal value of theta: 5325.1630640386875.
2023-02-17 16:17:57,911 - INFO - Beginning optimization with guess, [3.14278136].
2023-02-17 16:17:57,981 - INFO - Finished optimization with guess, [3.14278136].
2023-02-17 16:17:57,981 - INFO - Best fit parameters: [3.14278136].
2023-02-17 16:17:58,022 - INFO - Maximum log composite likelihood: -183.95614434688196.
2023-02-17 16:17:58,023 - INFO - Optimal value of theta: 5325.1630640386875.
2023-02-17 16:17:58,023 - INFO - Beginning optimization with guess, [2.26182203].
2023-02-17 16:17:58,095 - INFO - Finished optimization with guess, [2.26182203].
2023-02-17 16:17:58,095 - INFO - Best fit parameters: [2.26182203].
2023-02-17 16:17:58,131 - INFO - Maximum log composite likelihood: -183.95614434688196.
2023-02-17 16:17:58,132 - INFO - Optimal value of theta: 5325.1630640386875.
2023-02-17 16:17:58,132 - INFO - Beginning optimization with guess, [3.79285932].
2023-02-17 16:17:58,203 - INFO - Finished optimization with guess, [3.79285932].
2023-02-17 16:17:58,203 - INFO - Best fit parameters: [3.79285932].
2023-02-17 16:17:58,237 - INFO - Maximum log composite likelihood: -183.95614434688196.
2023-02-17 16:17:58,237 - INFO - Optimal value of theta: 5325.1630640386875.
2023-02-17 16:17:58,238 - INFO - Beginning optimization with guess, [2.07593618].
2023-02-17 16:17:58,308 - INFO - Finished optimization with guess, [2.07593618].
2023-02-17 16:17:58,309 - INFO - Best fit parameters: [2.07593618].
2023-02-17 16:17:58,343 - INFO - Maximum log composite likelihood: -183.95614434688196.
2023-02-17 16:17:58,344 - INFO - Optimal value of theta: 5325.1630640386875.
2023-02-17 16:17:58,344 - INFO - Beginning optimization with guess, [2.24336999].
2023-02-17 16:17:58,413 - INFO - Finished optimization with guess, [2.24336999].
2023-02-17 16:17:58,414 - INFO - Best fit parameters: [2.24336999].
2023-02-17 16:17:58,447 - INFO - Maximum log composite likelihood: -183.95614434688196.
2023-02-17 16:17:58,448 - INFO - Optimal value of theta: 5325.1630640386875.
2023-02-17 16:17:58,448 - INFO - Beginning optimization with guess, [7.91549044].
2023-02-17 16:17:58,517 - INFO - Finished optimization with guess, [7.91549044].
2023-02-17 16:17:58,517 - INFO - Best fit parameters: [7.91549044].
2023-02-17 16:17:58,551 - INFO - Maximum log composite likelihood: -183.95614434688196.
2023-02-17 16:17:58,552 - INFO - Optimal value of theta: 5325.1630640386875.
2023-02-17 16:17:58,552 - INFO - Beginning optimization with guess, [4.50005357].
2023-02-17 16:17:58,620 - INFO - Finished optimization with guess, [4.50005357].
2023-02-17 16:17:58,621 - INFO - Best fit parameters: [4.50005357].
2023-02-17 16:17:58,655 - INFO - Maximum log composite likelihood: -183.95614434688196.
2023-02-17 16:17:58,656 - INFO - Optimal value of theta: 5325.1630640386875.
2023-02-17 16:17:58,656 - INFO - Beginning optimization with guess, [4.71112559].
2023-02-17 16:17:58,726 - INFO - Finished optimization with guess, [4.71112559].
2023-02-17 16:17:58,726 - INFO - Best fit parameters: [4.71112559].
2023-02-17 16:17:58,760 - INFO - Maximum log composite likelihood: -183.95614434688196.
2023-02-17 16:17:58,760 - INFO - Optimal value of theta: 5325.1630640386875.
2023-02-17 16:17:58,760 - INFO - Beginning optimization with guess, [13.64458234].
2023-02-17 16:17:58,832 - INFO - Finished optimization with guess, [13.64458234].
2023-02-17 16:17:58,833 - INFO - Best fit parameters: [13.64458234].
2023-02-17 16:17:58,866 - INFO - Maximum log composite likelihood: -183.95614434688196.
2023-02-17 16:17:58,866 - INFO - Optimal value of theta: 5325.1630640386875.
2023-02-17 16:17:58,867 - INFO - Beginning optimization with guess, [6.47548118].
2023-02-17 16:17:58,931 - INFO - Finished optimization with guess, [6.47548118].
2023-02-17 16:17:58,932 - INFO - Best fit parameters: [6.47548118].
2023-02-17 16:17:58,964 - INFO - Maximum log composite likelihood: -183.95614434688196.
2023-02-17 16:17:58,964 - INFO - Optimal value of theta: 5325.1630640386875.
2023-02-17 16:17:58,967 - INFO - Finished demographic inference.
2023-02-17 16:17:58,967 - INFO - Pipeline executed succesfully.
