2024-06-13 13:36:53,322 - INFO - Beginning execution of fit_dfe.py in directory /u/project/ngarud/jonmah/demo_for_ccgb/Scripts

2024-06-13 13:36:53,323 - INFO - Progress is being logged to ../SupplementaryAnalysis/Bacteroides_stercoris_56735/core_log.log

2024-06-13 13:36:53,323 - INFO - Parsed the following arguments:
	syn_input_sfs = ../SupplementaryAnalysis/Bacteroides_stercoris_56735/core_empirical_syn_downsampled_sfs.txt
	nonsyn_input_sfs = ../SupplementaryAnalysis/Bacteroides_stercoris_56735/core_empirical_nonsyn_downsampled_sfs.txt
	input_demography = ../SupplementaryAnalysis/Bacteroides_stercoris_56735/two_epoch_demography.txt
	input_model = two_epoch
	initial_alpha = 0.2
	initial_beta = 0.1
	outprefix = ../SupplementaryAnalysis/Bacteroides_stercoris_56735/core

2024-06-13 13:36:53,571 - INFO - Loading input demography.
2024-06-13 13:36:53,584 - INFO - Input demographic parameters are: [1.2991827, 0.1196284].
2024-06-13 13:36:53,584 - INFO - Input theta_syn is: 9250.443859181927.
2024-06-13 13:36:53,585 - INFO - Generating spectrum from input demography.
2024-06-13 13:37:05,319 - INFO - Fitting DFE.
2024-06-13 13:37:34,834 - WARNING - The integral is probably divergent, or slowly convergent.
2024-06-13 13:37:34,951 - WARNING - The algorithm does not converge.  Roundoff error is detected
  in the extrapolation table.  It is assumed that the requested tolerance
  cannot be achieved, and that the returned result (if full_output = 1) is 
  the best which can be obtained.
2024-06-13 13:38:08,998 - INFO - Fitting Neutral + Gamma DFE
2024-06-13 13:39:07,390 - INFO - Computing intermediate summary statistics.
2024-06-13 13:39:07,394 - INFO - Outputting results.
2024-06-13 13:39:07,400 - INFO - Pipeline executed succesfully.
