2024-06-11 15:27:35,639 - INFO - Beginning execution of fit_one_epoch.py in directory /u/project/ngarud/jonmah/demo_for_ccgb/Scripts

2024-06-11 15:27:35,639 - INFO - Progress is being logged to ../SupplementaryAnalysis/Bacteroides_stercoris_56735/log.log

2024-06-11 15:27:35,639 - INFO - Parsed the following arguments:
	mask_doubletons = False
	syn_input_sfs = ../SupplementaryAnalysis/Bacteroides_stercoris_56735/core_empirical_syn_downsampled_sfs.txt
	mask_singletons = False
	outprefix = ../SupplementaryAnalysis/Bacteroides_stercoris_56735/

2024-06-11 15:27:35,641 - INFO - Beginning demographic inference for one-epoch demographic model.
2024-06-11 15:27:35,643 - INFO - Beginning optimization with guess, [0.19448718].
2024-06-11 15:27:36,485 - INFO - Finished optimization with guess, [0.19448718].
2024-06-11 15:27:36,486 - INFO - Best fit parameters: [0.19448718].
2024-06-11 15:27:36,509 - INFO - Maximum log composite likelihood: -255.984427497.
2024-06-11 15:27:36,509 - INFO - Optimal value of theta: 9687.53479982.
2024-06-11 15:27:36,509 - INFO - Beginning optimization with guess, [0.33277771].
2024-06-11 15:27:37,460 - INFO - Finished optimization with guess, [0.33277771].
2024-06-11 15:27:37,461 - INFO - Best fit parameters: [0.33277771].
2024-06-11 15:27:37,528 - INFO - Maximum log composite likelihood: -255.984427497.
2024-06-11 15:27:37,529 - INFO - Optimal value of theta: 9687.53479982.
2024-06-11 15:27:37,530 - INFO - Beginning optimization with guess, [0.22648142].
2024-06-11 15:27:38,337 - INFO - Finished optimization with guess, [0.22648142].
2024-06-11 15:27:38,337 - INFO - Best fit parameters: [0.22648142].
2024-06-11 15:27:38,360 - INFO - Maximum log composite likelihood: -255.984427497.
2024-06-11 15:27:38,361 - INFO - Optimal value of theta: 9687.53479982.
2024-06-11 15:27:38,361 - INFO - Beginning optimization with guess, [0.20220248].
2024-06-11 15:27:39,103 - INFO - Finished optimization with guess, [0.20220248].
2024-06-11 15:27:39,104 - INFO - Best fit parameters: [0.20220248].
2024-06-11 15:27:39,128 - INFO - Maximum log composite likelihood: -255.984427497.
2024-06-11 15:27:39,128 - INFO - Optimal value of theta: 9687.53479982.
2024-06-11 15:27:39,128 - INFO - Beginning optimization with guess, [0.99706295].
2024-06-11 15:27:39,247 - INFO - Finished optimization with guess, [0.99706295].
2024-06-11 15:27:39,248 - INFO - Best fit parameters: [0.99706295].
2024-06-11 15:27:39,271 - INFO - Maximum log composite likelihood: -255.984427497.
2024-06-11 15:27:39,271 - INFO - Optimal value of theta: 9687.53479982.
2024-06-11 15:27:39,271 - INFO - Beginning optimization with guess, [0.62774084].
2024-06-11 15:27:40,088 - INFO - Finished optimization with guess, [0.62774084].
2024-06-11 15:27:40,088 - INFO - Best fit parameters: [0.62774084].
2024-06-11 15:27:40,112 - INFO - Maximum log composite likelihood: -255.984427497.
2024-06-11 15:27:40,113 - INFO - Optimal value of theta: 9687.53479982.
2024-06-11 15:27:40,113 - INFO - Beginning optimization with guess, [0.37501421].
2024-06-11 15:27:40,946 - INFO - Finished optimization with guess, [0.37501421].
2024-06-11 15:27:40,946 - INFO - Best fit parameters: [0.37501421].
2024-06-11 15:27:40,984 - INFO - Maximum log composite likelihood: -255.984427497.
2024-06-11 15:27:40,984 - INFO - Optimal value of theta: 9687.53479982.
2024-06-11 15:27:40,984 - INFO - Beginning optimization with guess, [1.47967936].
2024-06-11 15:27:41,720 - INFO - Finished optimization with guess, [1.47967936].
2024-06-11 15:27:41,720 - INFO - Best fit parameters: [1.47967936].
2024-06-11 15:27:41,743 - INFO - Maximum log composite likelihood: -255.984427497.
2024-06-11 15:27:41,743 - INFO - Optimal value of theta: 9687.53479982.
2024-06-11 15:27:41,743 - INFO - Beginning optimization with guess, [1.2456338].
2024-06-11 15:27:42,273 - INFO - Finished optimization with guess, [1.2456338].
2024-06-11 15:27:42,274 - INFO - Best fit parameters: [1.2456338].
2024-06-11 15:27:42,296 - INFO - Maximum log composite likelihood: -255.984427497.
2024-06-11 15:27:42,297 - INFO - Optimal value of theta: 9687.53479982.
2024-06-11 15:27:42,297 - INFO - Beginning optimization with guess, [1.87764614].
2024-06-11 15:27:42,982 - INFO - Finished optimization with guess, [1.87764614].
2024-06-11 15:27:42,982 - INFO - Best fit parameters: [1.87764614].
2024-06-11 15:27:43,006 - INFO - Maximum log composite likelihood: -255.984427497.
2024-06-11 15:27:43,007 - INFO - Optimal value of theta: 9687.53479982.
2024-06-11 15:27:43,007 - INFO - Beginning optimization with guess, [0.77804399].
2024-06-11 15:27:43,659 - INFO - Finished optimization with guess, [0.77804399].
2024-06-11 15:27:43,660 - INFO - Best fit parameters: [0.77804399].
2024-06-11 15:27:43,683 - INFO - Maximum log composite likelihood: -255.984427497.
2024-06-11 15:27:43,683 - INFO - Optimal value of theta: 9687.53479982.
2024-06-11 15:27:43,684 - INFO - Beginning optimization with guess, [1.54319987].
2024-06-11 15:27:44,466 - INFO - Finished optimization with guess, [1.54319987].
2024-06-11 15:27:44,466 - INFO - Best fit parameters: [1.54319987].
2024-06-11 15:27:44,506 - INFO - Maximum log composite likelihood: -255.984427497.
2024-06-11 15:27:44,507 - INFO - Optimal value of theta: 9687.53479982.
2024-06-11 15:27:44,507 - INFO - Beginning optimization with guess, [1.19755906].
2024-06-11 15:27:45,060 - INFO - Finished optimization with guess, [1.19755906].
2024-06-11 15:27:45,061 - INFO - Best fit parameters: [1.19755906].
2024-06-11 15:27:45,084 - INFO - Maximum log composite likelihood: -255.984427497.
2024-06-11 15:27:45,084 - INFO - Optimal value of theta: 9687.53479982.
2024-06-11 15:27:45,084 - INFO - Beginning optimization with guess, [1.57007771].
2024-06-11 15:27:45,677 - INFO - Finished optimization with guess, [1.57007771].
2024-06-11 15:27:45,677 - INFO - Best fit parameters: [1.57007771].
2024-06-11 15:27:45,700 - INFO - Maximum log composite likelihood: -255.984427497.
2024-06-11 15:27:45,700 - INFO - Optimal value of theta: 9687.53479982.
2024-06-11 15:27:45,701 - INFO - Beginning optimization with guess, [3.31232336].
2024-06-11 15:27:46,539 - INFO - Finished optimization with guess, [3.31232336].
2024-06-11 15:27:46,540 - INFO - Best fit parameters: [3.31232336].
2024-06-11 15:27:46,562 - INFO - Maximum log composite likelihood: -255.984427497.
2024-06-11 15:27:46,563 - INFO - Optimal value of theta: 9687.53479982.
2024-06-11 15:27:46,563 - INFO - Beginning optimization with guess, [2.64442193].
2024-06-11 15:27:47,218 - INFO - Finished optimization with guess, [2.64442193].
2024-06-11 15:27:47,218 - INFO - Best fit parameters: [2.64442193].
2024-06-11 15:27:47,241 - INFO - Maximum log composite likelihood: -255.984427497.
2024-06-11 15:27:47,241 - INFO - Optimal value of theta: 9687.53479982.
2024-06-11 15:27:47,241 - INFO - Beginning optimization with guess, [4.83636839].
2024-06-11 15:27:47,964 - INFO - Finished optimization with guess, [4.83636839].
2024-06-11 15:27:47,965 - INFO - Best fit parameters: [4.83636839].
2024-06-11 15:27:47,987 - INFO - Maximum log composite likelihood: -255.984427497.
2024-06-11 15:27:47,988 - INFO - Optimal value of theta: 9687.53479982.
2024-06-11 15:27:47,988 - INFO - Beginning optimization with guess, [1.61914736].
2024-06-11 15:27:48,682 - INFO - Finished optimization with guess, [1.61914736].
2024-06-11 15:27:48,682 - INFO - Best fit parameters: [1.61914736].
2024-06-11 15:27:48,709 - INFO - Maximum log composite likelihood: -255.984427497.
2024-06-11 15:27:48,710 - INFO - Optimal value of theta: 9687.53479982.
2024-06-11 15:27:48,710 - INFO - Beginning optimization with guess, [2.54236963].
2024-06-11 15:27:49,376 - INFO - Finished optimization with guess, [2.54236963].
2024-06-11 15:27:49,378 - INFO - Best fit parameters: [2.54236963].
2024-06-11 15:27:49,401 - INFO - Maximum log composite likelihood: -255.984427497.
2024-06-11 15:27:49,401 - INFO - Optimal value of theta: 9687.53479982.
2024-06-11 15:27:49,401 - INFO - Beginning optimization with guess, [2.08622557].
2024-06-11 15:27:50,299 - INFO - Finished optimization with guess, [2.08622557].
2024-06-11 15:27:50,300 - INFO - Best fit parameters: [2.08622557].
2024-06-11 15:27:50,332 - INFO - Maximum log composite likelihood: -255.984427497.
2024-06-11 15:27:50,333 - INFO - Optimal value of theta: 9687.53479982.
2024-06-11 15:27:50,333 - INFO - Beginning optimization with guess, [6.65149194].
2024-06-11 15:27:51,075 - INFO - Finished optimization with guess, [6.65149194].
2024-06-11 15:27:51,075 - INFO - Best fit parameters: [6.65149194].
2024-06-11 15:27:51,098 - INFO - Maximum log composite likelihood: -255.984427497.
2024-06-11 15:27:51,098 - INFO - Optimal value of theta: 9687.53479982.
2024-06-11 15:27:51,098 - INFO - Beginning optimization with guess, [3.32449429].
2024-06-11 15:27:51,925 - INFO - Finished optimization with guess, [3.32449429].
2024-06-11 15:27:51,926 - INFO - Best fit parameters: [3.32449429].
2024-06-11 15:27:51,955 - INFO - Maximum log composite likelihood: -255.984427497.
2024-06-11 15:27:51,955 - INFO - Optimal value of theta: 9687.53479982.
2024-06-11 15:27:51,956 - INFO - Beginning optimization with guess, [10.58380897].
2024-06-11 15:27:52,865 - INFO - Finished optimization with guess, [10.58380897].
2024-06-11 15:27:52,866 - INFO - Best fit parameters: [10.58380897].
2024-06-11 15:27:52,893 - INFO - Maximum log composite likelihood: -255.984427497.
2024-06-11 15:27:52,893 - INFO - Optimal value of theta: 9687.53479982.
2024-06-11 15:27:52,894 - INFO - Beginning optimization with guess, [9.60056456].
2024-06-11 15:27:53,694 - INFO - Finished optimization with guess, [9.60056456].
2024-06-11 15:27:53,694 - INFO - Best fit parameters: [9.60056456].
2024-06-11 15:27:53,717 - INFO - Maximum log composite likelihood: -255.984427497.
2024-06-11 15:27:53,717 - INFO - Optimal value of theta: 9687.53479982.
2024-06-11 15:27:53,719 - INFO - Beginning demographic inference for two-epoch demographic model.
2024-06-11 15:27:53,721 - INFO - Beginning optimization with guess, [0.12369644 0.01220409].
2024-06-11 15:27:56,262 - INFO - Finished optimization with guess, [0.12369644 0.01220409].
2024-06-11 15:27:56,263 - INFO - Best fit parameters: [1.71246143 0.99524306].
2024-06-11 15:27:56,296 - INFO - Maximum log composite likelihood: -60.219031986.
2024-06-11 15:27:56,296 - INFO - Optimal value of theta: 7005.61673524.
2024-06-11 15:27:56,297 - INFO - Beginning optimization with guess, [0.19189332 0.01142631].
2024-06-11 15:27:59,212 - INFO - Finished optimization with guess, [0.19189332 0.01142631].
2024-06-11 15:27:59,212 - INFO - Best fit parameters: [1.87653489 1.33751728].
2024-06-11 15:27:59,248 - INFO - Maximum log composite likelihood: -58.6209956155.
2024-06-11 15:27:59,248 - INFO - Optimal value of theta: 6362.07369081.
2024-06-11 15:27:59,249 - INFO - Beginning optimization with guess, [0.24219478 0.01283479].
2024-06-11 15:28:01,935 - INFO - Finished optimization with guess, [0.24219478 0.01283479].
2024-06-11 15:28:01,937 - INFO - Best fit parameters: [1.96918668 1.52277943].
2024-06-11 15:28:02,034 - INFO - Maximum log composite likelihood: -58.3167086648.
2024-06-11 15:28:02,034 - INFO - Optimal value of theta: 6049.32953919.
2024-06-11 15:28:02,035 - INFO - Beginning optimization with guess, [0.67250965 0.01767843].
2024-06-11 15:28:06,081 - INFO - Finished optimization with guess, [0.67250965 0.01767843].
2024-06-11 15:28:06,081 - INFO - Best fit parameters: [1.60842202 0.8046193 ].
2024-06-11 15:28:06,127 - INFO - Maximum log composite likelihood: -63.1859406058.
2024-06-11 15:28:06,128 - INFO - Optimal value of theta: 7442.53423724.
2024-06-11 15:28:06,128 - INFO - Beginning optimization with guess, [0.50687687 0.01197871].
2024-06-11 15:28:09,254 - INFO - Finished optimization with guess, [0.50687687 0.01197871].
2024-06-11 15:28:09,256 - INFO - Best fit parameters: [2.45534323 2.04035264].
2024-06-11 15:28:09,354 - INFO - Maximum log composite likelihood: -58.4759132797.
2024-06-11 15:28:09,354 - INFO - Optimal value of theta: 5007.68817037.
2024-06-11 15:28:09,355 - INFO - Beginning optimization with guess, [1.01886198 0.00736325].
2024-06-11 15:28:10,989 - INFO - Finished optimization with guess, [1.01886198 0.00736325].
2024-06-11 15:28:10,989 - INFO - Best fit parameters: [1.22678892 0.30669615].
2024-06-11 15:28:11,017 - INFO - Maximum log composite likelihood: -133.787698308.
2024-06-11 15:28:11,017 - INFO - Optimal value of theta: 9018.2485334.
2024-06-11 15:28:11,017 - INFO - Beginning optimization with guess, [1.13037623 0.01589752].
2024-06-11 15:28:12,636 - INFO - Finished optimization with guess, [1.13037623 0.01589752].
2024-06-11 15:28:12,637 - INFO - Best fit parameters: [1.54904709 0.54223118].
2024-06-11 15:28:12,666 - INFO - Maximum log composite likelihood: -68.6578925949.
2024-06-11 15:28:12,666 - INFO - Optimal value of theta: 7928.92065891.
2024-06-11 15:28:12,666 - INFO - Beginning optimization with guess, [0.46623036 0.01409284].
2024-06-11 15:28:15,645 - INFO - Finished optimization with guess, [0.46623036 0.01409284].
2024-06-11 15:28:15,647 - INFO - Best fit parameters: [1.78848444 1.21219698].
2024-06-11 15:28:15,735 - INFO - Maximum log composite likelihood: -59.9622393977.
2024-06-11 15:28:15,735 - INFO - Optimal value of theta: 6641.94188831.
2024-06-11 15:28:15,736 - INFO - Beginning optimization with guess, [1.13628064 0.00576714].
2024-06-11 15:28:17,580 - INFO - Finished optimization with guess, [1.13628064 0.00576714].
2024-06-11 15:28:17,580 - INFO - Best fit parameters: [1.92615428 1.46533746].
2024-06-11 15:28:17,616 - INFO - Maximum log composite likelihood: -58.8319908827.
2024-06-11 15:28:17,617 - INFO - Optimal value of theta: 6169.62995215.
2024-06-11 15:28:17,617 - INFO - Beginning optimization with guess, [1.3700806 0.0053262].
2024-06-11 15:28:19,872 - INFO - Finished optimization with guess, [1.3700806 0.0053262].
2024-06-11 15:28:19,873 - INFO - Best fit parameters: [2.37471073 2.13641752].
2024-06-11 15:28:19,974 - INFO - Maximum log composite likelihood: -56.7295569261.
2024-06-11 15:28:19,975 - INFO - Optimal value of theta: 5056.77769585.
2024-06-11 15:28:19,975 - INFO - Beginning optimization with guess, [0.6934123  0.01072836].
2024-06-11 15:28:23,409 - INFO - Finished optimization with guess, [0.6934123  0.01072836].
2024-06-11 15:28:23,411 - INFO - Best fit parameters: [1.7111963 1.0677774].
2024-06-11 15:28:23,502 - INFO - Maximum log composite likelihood: -61.1289664846.
2024-06-11 15:28:23,503 - INFO - Optimal value of theta: 6936.77168146.
2024-06-11 15:28:23,503 - INFO - Beginning optimization with guess, [2.69781617 0.01377059].
2024-06-11 15:28:24,714 - INFO - Finished optimization with guess, [2.69781617 0.01377059].
2024-06-11 15:28:24,714 - INFO - Best fit parameters: [2.31977049 0.07445978].
2024-06-11 15:28:24,738 - INFO - Maximum log composite likelihood: -148.000770836.
2024-06-11 15:28:24,738 - INFO - Optimal value of theta: 8937.7775773.
2024-06-11 15:28:24,738 - INFO - Beginning optimization with guess, [1.40360456 0.00945024].
2024-06-11 15:28:26,537 - INFO - Finished optimization with guess, [1.40360456 0.00945024].
2024-06-11 15:28:26,538 - INFO - Best fit parameters: [2.03479086 1.52449283].
2024-06-11 15:28:26,575 - INFO - Maximum log composite likelihood: -57.3295765097.
2024-06-11 15:28:26,575 - INFO - Optimal value of theta: 5934.65205973.
2024-06-11 15:28:26,575 - INFO - Beginning optimization with guess, [2.69240555 0.01368683].
2024-06-11 15:28:27,900 - INFO - Finished optimization with guess, [2.69240555 0.01368683].
2024-06-11 15:28:27,901 - INFO - Best fit parameters: [1.4100564  0.23605015].
2024-06-11 15:28:27,976 - INFO - Maximum log composite likelihood: -104.800110823.
2024-06-11 15:28:27,977 - INFO - Optimal value of theta: 8790.76760354.
2024-06-11 15:28:27,977 - INFO - Beginning optimization with guess, [1.16336504 0.00550492].
2024-06-11 15:28:29,788 - INFO - Finished optimization with guess, [1.16336504 0.00550492].
2024-06-11 15:28:29,789 - INFO - Best fit parameters: [2.03438826 1.60917125].
2024-06-11 15:28:29,825 - INFO - Maximum log composite likelihood: -57.7186118764.
2024-06-11 15:28:29,825 - INFO - Optimal value of theta: 5875.2126898.
2024-06-11 15:28:29,826 - INFO - Beginning optimization with guess, [2.8419848  0.01324408].
2024-06-11 15:28:31,229 - INFO - Finished optimization with guess, [2.8419848  0.01324408].
2024-06-11 15:28:31,229 - INFO - Best fit parameters: [1.43400474 0.14722725].
2024-06-11 15:28:31,254 - INFO - Maximum log composite likelihood: -127.103326435.
2024-06-11 15:28:31,254 - INFO - Optimal value of theta: 9013.77598886.
2024-06-11 15:28:31,255 - INFO - Beginning optimization with guess, [1.70731025 0.01003621].
2024-06-11 15:28:32,590 - INFO - Finished optimization with guess, [1.70731025 0.01003621].
2024-06-11 15:28:32,591 - INFO - Best fit parameters: [1.91924667 1.31418588].
2024-06-11 15:28:32,647 - INFO - Maximum log composite likelihood: -57.8652188212.
2024-06-11 15:28:32,647 - INFO - Optimal value of theta: 6301.52349775.
2024-06-11 15:28:32,648 - INFO - Beginning optimization with guess, [5.45543637 0.00620168].
2024-06-11 15:28:33,966 - INFO - Finished optimization with guess, [5.45543637 0.00620168].
2024-06-11 15:28:33,966 - INFO - Best fit parameters: [4.79524717 0.03438626].
2024-06-11 15:28:33,989 - INFO - Maximum log composite likelihood: -163.523124514.
2024-06-11 15:28:33,989 - INFO - Optimal value of theta: 9157.12294392.
2024-06-11 15:28:33,990 - INFO - Beginning optimization with guess, [1.97920824 0.00528967].
2024-06-11 15:28:35,085 - INFO - Finished optimization with guess, [1.97920824 0.00528967].
2024-06-11 15:28:35,086 - INFO - Best fit parameters: [1.55896113 0.70602724].
2024-06-11 15:28:35,116 - INFO - Maximum log composite likelihood: -65.6266847053.
2024-06-11 15:28:35,117 - INFO - Optimal value of theta: 7674.84868935.
2024-06-11 15:28:35,117 - INFO - Beginning optimization with guess, [3.40073962 0.00523673].
2024-06-11 15:28:36,248 - INFO - Finished optimization with guess, [3.40073962 0.00523673].
2024-06-11 15:28:36,249 - INFO - Best fit parameters: [1.42163567 0.19854303].
2024-06-11 15:28:36,274 - INFO - Maximum log composite likelihood: -112.232679613.
2024-06-11 15:28:36,274 - INFO - Optimal value of theta: 8872.10168616.
2024-06-11 15:28:36,275 - INFO - Beginning optimization with guess, [6.76311345 0.01397773].
2024-06-11 15:28:37,476 - INFO - Finished optimization with guess, [6.76311345 0.01397773].
2024-06-11 15:28:37,476 - INFO - Best fit parameters: [1.6088224  0.10550008].
2024-06-11 15:28:37,500 - INFO - Maximum log composite likelihood: -134.791998494.
2024-06-11 15:28:37,501 - INFO - Optimal value of theta: 9031.16644559.
2024-06-11 15:28:37,501 - INFO - Beginning optimization with guess, [4.50577094 0.00506479].
2024-06-11 15:28:38,713 - INFO - Finished optimization with guess, [4.50577094 0.00506479].
2024-06-11 15:28:38,714 - INFO - Best fit parameters: [2.14589792 0.05849224].
2024-06-11 15:28:38,784 - INFO - Maximum log composite likelihood: -152.164097119.
2024-06-11 15:28:38,784 - INFO - Optimal value of theta: 9116.09932505.
2024-06-11 15:28:38,785 - INFO - Beginning optimization with guess, [5.10191568 0.01412525].
2024-06-11 15:28:40,206 - INFO - Finished optimization with guess, [5.10191568 0.01412525].
2024-06-11 15:28:40,206 - INFO - Best fit parameters: [1.70231315 0.07835838].
2024-06-11 15:28:40,231 - INFO - Maximum log composite likelihood: -146.332328302.
2024-06-11 15:28:40,231 - INFO - Optimal value of theta: 9124.25063934.
2024-06-11 15:28:40,231 - INFO - Beginning optimization with guess, [9.97168547e+00 6.34299444e-03].
2024-06-11 15:28:41,628 - INFO - Finished optimization with guess, [9.97168547e+00 6.34299444e-03].
2024-06-11 15:28:41,629 - INFO - Best fit parameters: [1.78930695 0.09165137].
2024-06-11 15:28:41,700 - INFO - Maximum log composite likelihood: -137.934465071.
2024-06-11 15:28:41,700 - INFO - Optimal value of theta: 9001.62328723.
2024-06-11 15:28:41,704 - INFO - Finished demographic inference.
2024-06-11 15:28:41,704 - INFO - Pipeline executed succesfully.
