2023-07-20 16:56:49,791 - INFO - Beginning execution of fit_one_epoch.py in directory /u/project/ngarud/jonmah/demo_for_ccgb/Scripts

2023-07-20 16:56:49,791 - INFO - Progress is being logged to ../Analysis/Alistipes_onderdonkii_55464_downsampled_14/accessory_log.log

2023-07-20 16:56:49,792 - INFO - Parsed the following arguments:
	syn_input_sfs = ../Analysis/Alistipes_onderdonkii_55464_downsampled_14/accessory_empirical_syn_downsampled_sfs.txt
	mask_singletons = False
	mask_doubletons = False
	outprefix = ../Analysis/Alistipes_onderdonkii_55464_downsampled_14/accessory

2023-07-20 16:56:49,794 - INFO - Beginning demographic inference for one-epoch demographic model.
2023-07-20 16:56:49,797 - INFO - Beginning optimization with guess, [0.10564113].
2023-07-20 16:56:50,639 - INFO - Finished optimization with guess, [0.10564113].
2023-07-20 16:56:50,639 - INFO - Best fit parameters: [0.10564113].
2023-07-20 16:56:50,663 - INFO - Maximum log composite likelihood: -70.40490259135862.
2023-07-20 16:56:50,663 - INFO - Optimal value of theta: 400.5054733730579.
2023-07-20 16:56:50,663 - INFO - Beginning optimization with guess, [0.3397794].
2023-07-20 16:56:51,430 - INFO - Finished optimization with guess, [0.3397794].
2023-07-20 16:56:51,430 - INFO - Best fit parameters: [0.3397794].
2023-07-20 16:56:51,454 - INFO - Maximum log composite likelihood: -70.40490259135862.
2023-07-20 16:56:51,455 - INFO - Optimal value of theta: 400.5054733730579.
2023-07-20 16:56:51,455 - INFO - Beginning optimization with guess, [0.19267841].
2023-07-20 16:56:52,224 - INFO - Finished optimization with guess, [0.19267841].
2023-07-20 16:56:52,224 - INFO - Best fit parameters: [0.19267841].
2023-07-20 16:56:52,249 - INFO - Maximum log composite likelihood: -70.40490259135862.
2023-07-20 16:56:52,249 - INFO - Optimal value of theta: 400.5054733730579.
2023-07-20 16:56:52,249 - INFO - Beginning optimization with guess, [0.6826945].
2023-07-20 16:56:52,881 - INFO - Finished optimization with guess, [0.6826945].
2023-07-20 16:56:52,882 - INFO - Best fit parameters: [0.6826945].
2023-07-20 16:56:52,906 - INFO - Maximum log composite likelihood: -70.40490259135862.
2023-07-20 16:56:52,906 - INFO - Optimal value of theta: 400.5054733730579.
2023-07-20 16:56:52,907 - INFO - Beginning optimization with guess, [0.50134974].
2023-07-20 16:56:53,603 - INFO - Finished optimization with guess, [0.50134974].
2023-07-20 16:56:53,603 - INFO - Best fit parameters: [0.50134974].
2023-07-20 16:56:53,627 - INFO - Maximum log composite likelihood: -70.40490259135862.
2023-07-20 16:56:53,628 - INFO - Optimal value of theta: 400.5054733730579.
2023-07-20 16:56:53,628 - INFO - Beginning optimization with guess, [0.50384288].
2023-07-20 16:56:54,322 - INFO - Finished optimization with guess, [0.50384288].
2023-07-20 16:56:54,322 - INFO - Best fit parameters: [0.50384288].
2023-07-20 16:56:54,346 - INFO - Maximum log composite likelihood: -70.40490259135862.
2023-07-20 16:56:54,346 - INFO - Optimal value of theta: 400.5054733730579.
2023-07-20 16:56:54,346 - INFO - Beginning optimization with guess, [1.12671374].
2023-07-20 16:56:54,825 - INFO - Finished optimization with guess, [1.12671374].
2023-07-20 16:56:54,825 - INFO - Best fit parameters: [1.12671374].
2023-07-20 16:56:54,849 - INFO - Maximum log composite likelihood: -70.40490259135862.
2023-07-20 16:56:54,850 - INFO - Optimal value of theta: 400.5054733730579.
2023-07-20 16:56:54,850 - INFO - Beginning optimization with guess, [0.82340301].
2023-07-20 16:56:55,400 - INFO - Finished optimization with guess, [0.82340301].
2023-07-20 16:56:55,401 - INFO - Best fit parameters: [0.82340301].
2023-07-20 16:56:55,425 - INFO - Maximum log composite likelihood: -70.40490259135862.
2023-07-20 16:56:55,425 - INFO - Optimal value of theta: 400.5054733730579.
2023-07-20 16:56:55,425 - INFO - Beginning optimization with guess, [1.05068523].
2023-07-20 16:56:55,832 - INFO - Finished optimization with guess, [1.05068523].
2023-07-20 16:56:55,832 - INFO - Best fit parameters: [1.05068523].
2023-07-20 16:56:55,856 - INFO - Maximum log composite likelihood: -70.40490259135862.
2023-07-20 16:56:55,856 - INFO - Optimal value of theta: 400.5054733730579.
2023-07-20 16:56:55,856 - INFO - Beginning optimization with guess, [0.77509081].
2023-07-20 16:56:56,414 - INFO - Finished optimization with guess, [0.77509081].
2023-07-20 16:56:56,415 - INFO - Best fit parameters: [0.77509081].
2023-07-20 16:56:56,439 - INFO - Maximum log composite likelihood: -70.40490259135862.
2023-07-20 16:56:56,439 - INFO - Optimal value of theta: 400.5054733730579.
2023-07-20 16:56:56,439 - INFO - Beginning optimization with guess, [2.03402344].
2023-07-20 16:56:57,142 - INFO - Finished optimization with guess, [2.03402344].
2023-07-20 16:56:57,142 - INFO - Best fit parameters: [2.03402344].
2023-07-20 16:56:57,167 - INFO - Maximum log composite likelihood: -70.40490259135862.
2023-07-20 16:56:57,167 - INFO - Optimal value of theta: 400.5054733730579.
2023-07-20 16:56:57,167 - INFO - Beginning optimization with guess, [1.58245835].
2023-07-20 16:56:57,790 - INFO - Finished optimization with guess, [1.58245835].
2023-07-20 16:56:57,790 - INFO - Best fit parameters: [1.58245835].
2023-07-20 16:56:57,814 - INFO - Maximum log composite likelihood: -70.40490259135862.
2023-07-20 16:56:57,816 - INFO - Optimal value of theta: 400.5054733730579.
2023-07-20 16:56:57,816 - INFO - Beginning optimization with guess, [3.32836032].
2023-07-20 16:56:58,582 - INFO - Finished optimization with guess, [3.32836032].
2023-07-20 16:56:58,582 - INFO - Best fit parameters: [3.32836032].
2023-07-20 16:56:58,606 - INFO - Maximum log composite likelihood: -70.40490259135862.
2023-07-20 16:56:58,607 - INFO - Optimal value of theta: 400.5054733730579.
2023-07-20 16:56:58,607 - INFO - Beginning optimization with guess, [1.02564872].
2023-07-20 16:56:58,941 - INFO - Finished optimization with guess, [1.02564872].
2023-07-20 16:56:58,942 - INFO - Best fit parameters: [1.02564872].
2023-07-20 16:56:58,966 - INFO - Maximum log composite likelihood: -70.40490259135862.
2023-07-20 16:56:58,966 - INFO - Optimal value of theta: 400.5054733730579.
2023-07-20 16:56:58,966 - INFO - Beginning optimization with guess, [2.26433256].
2023-07-20 16:56:59,660 - INFO - Finished optimization with guess, [2.26433256].
2023-07-20 16:56:59,661 - INFO - Best fit parameters: [2.26433256].
2023-07-20 16:56:59,685 - INFO - Maximum log composite likelihood: -70.40490259135862.
2023-07-20 16:56:59,685 - INFO - Optimal value of theta: 400.5054733730579.
2023-07-20 16:56:59,685 - INFO - Beginning optimization with guess, [1.86269126].
2023-07-20 16:57:00,382 - INFO - Finished optimization with guess, [1.86269126].
2023-07-20 16:57:00,382 - INFO - Best fit parameters: [1.86269126].
2023-07-20 16:57:00,406 - INFO - Maximum log composite likelihood: -70.40490259135862.
2023-07-20 16:57:00,407 - INFO - Optimal value of theta: 400.5054733730579.
2023-07-20 16:57:00,407 - INFO - Beginning optimization with guess, [3.95327587].
2023-07-20 16:57:01,175 - INFO - Finished optimization with guess, [3.95327587].
2023-07-20 16:57:01,175 - INFO - Best fit parameters: [3.95327587].
2023-07-20 16:57:01,199 - INFO - Maximum log composite likelihood: -70.40490259135862.
2023-07-20 16:57:01,200 - INFO - Optimal value of theta: 400.5054733730579.
2023-07-20 16:57:01,200 - INFO - Beginning optimization with guess, [3.54254308].
2023-07-20 16:57:01,969 - INFO - Finished optimization with guess, [3.54254308].
2023-07-20 16:57:01,969 - INFO - Best fit parameters: [3.54254308].
2023-07-20 16:57:01,994 - INFO - Maximum log composite likelihood: -70.40490259135862.
2023-07-20 16:57:01,994 - INFO - Optimal value of theta: 400.5054733730579.
2023-07-20 16:57:01,994 - INFO - Beginning optimization with guess, [4.8721363].
2023-07-20 16:57:02,767 - INFO - Finished optimization with guess, [4.8721363].
2023-07-20 16:57:02,767 - INFO - Best fit parameters: [4.8721363].
2023-07-20 16:57:02,791 - INFO - Maximum log composite likelihood: -70.40490259135862.
2023-07-20 16:57:02,791 - INFO - Optimal value of theta: 400.5054733730579.
2023-07-20 16:57:02,791 - INFO - Beginning optimization with guess, [4.07244618].
2023-07-20 16:57:03,557 - INFO - Finished optimization with guess, [4.07244618].
2023-07-20 16:57:03,558 - INFO - Best fit parameters: [4.07244618].
2023-07-20 16:57:03,582 - INFO - Maximum log composite likelihood: -70.40490259135862.
2023-07-20 16:57:03,582 - INFO - Optimal value of theta: 400.5054733730579.
2023-07-20 16:57:03,583 - INFO - Beginning optimization with guess, [7.76670054].
2023-07-20 16:57:04,420 - INFO - Finished optimization with guess, [7.76670054].
2023-07-20 16:57:04,421 - INFO - Best fit parameters: [7.76670054].
2023-07-20 16:57:04,445 - INFO - Maximum log composite likelihood: -70.40490259135862.
2023-07-20 16:57:04,445 - INFO - Optimal value of theta: 400.5054733730579.
2023-07-20 16:57:04,445 - INFO - Beginning optimization with guess, [3.95022815].
2023-07-20 16:57:05,211 - INFO - Finished optimization with guess, [3.95022815].
2023-07-20 16:57:05,211 - INFO - Best fit parameters: [3.95022815].
2023-07-20 16:57:05,235 - INFO - Maximum log composite likelihood: -70.40490259135862.
2023-07-20 16:57:05,235 - INFO - Optimal value of theta: 400.5054733730579.
2023-07-20 16:57:05,235 - INFO - Beginning optimization with guess, [11.69265151].
2023-07-20 16:57:06,073 - INFO - Finished optimization with guess, [11.69265151].
2023-07-20 16:57:06,073 - INFO - Best fit parameters: [11.69265151].
2023-07-20 16:57:06,097 - INFO - Maximum log composite likelihood: -70.40490259135862.
2023-07-20 16:57:06,098 - INFO - Optimal value of theta: 400.5054733730579.
2023-07-20 16:57:06,098 - INFO - Beginning optimization with guess, [6.04069538].
2023-07-20 16:57:06,863 - INFO - Finished optimization with guess, [6.04069538].
2023-07-20 16:57:06,863 - INFO - Best fit parameters: [6.04069538].
2023-07-20 16:57:06,887 - INFO - Maximum log composite likelihood: -70.40490259135862.
2023-07-20 16:57:06,887 - INFO - Optimal value of theta: 400.5054733730579.
2023-07-20 16:57:06,889 - INFO - Beginning demographic inference for two-epoch demographic model.
2023-07-20 16:57:06,892 - INFO - Beginning optimization with guess, [0.09392986 0.00659207].
2023-07-20 16:57:08,328 - INFO - Finished optimization with guess, [0.09392986 0.00659207].
2023-07-20 16:57:08,329 - INFO - Best fit parameters: [0.26848586 0.15216146].
2023-07-20 16:57:08,363 - INFO - Maximum log composite likelihood: -26.692564159044593.
2023-07-20 16:57:08,364 - INFO - Optimal value of theta: 654.2916475812.
2023-07-20 16:57:08,364 - INFO - Beginning optimization with guess, [0.27593393 0.01650121].
2023-07-20 16:57:10,598 - INFO - Finished optimization with guess, [0.27593393 0.01650121].
2023-07-20 16:57:10,599 - INFO - Best fit parameters: [0.14248777 0.1979697 ].
2023-07-20 16:57:10,648 - INFO - Maximum log composite likelihood: -26.41312508931071.
2023-07-20 16:57:10,648 - INFO - Optimal value of theta: 1260.4911750417918.
2023-07-20 16:57:10,648 - INFO - Beginning optimization with guess, [0.16716491 0.01942601].
2023-07-20 16:57:12,216 - INFO - Finished optimization with guess, [0.16716491 0.01942601].
2023-07-20 16:57:12,216 - INFO - Best fit parameters: [0.21654029 0.18521402].
2023-07-20 16:57:12,256 - INFO - Maximum log composite likelihood: -26.454248951093405.
2023-07-20 16:57:12,256 - INFO - Optimal value of theta: 817.2201572882834.
2023-07-20 16:57:12,256 - INFO - Beginning optimization with guess, [0.43570965 0.01312699].
2023-07-20 16:57:14,148 - INFO - Finished optimization with guess, [0.43570965 0.01312699].
2023-07-20 16:57:14,149 - INFO - Best fit parameters: [0.17515088 0.19806775].
2023-07-20 16:57:14,194 - INFO - Maximum log composite likelihood: -26.42124586861155.
2023-07-20 16:57:14,194 - INFO - Optimal value of theta: 1017.9040065822857.
2023-07-20 16:57:14,195 - INFO - Beginning optimization with guess, [0.72058739 0.01110918].
2023-07-20 16:57:15,796 - INFO - Finished optimization with guess, [0.72058739 0.01110918].
2023-07-20 16:57:15,796 - INFO - Best fit parameters: [0.22185695 0.13725042].
2023-07-20 16:57:15,832 - INFO - Maximum log composite likelihood: -26.71462546856401.
2023-07-20 16:57:15,832 - INFO - Optimal value of theta: 705.0576127784708.
2023-07-20 16:57:15,832 - INFO - Beginning optimization with guess, [0.74909999 0.01898071].
2023-07-20 16:57:17,364 - INFO - Finished optimization with guess, [0.74909999 0.01898071].
2023-07-20 16:57:17,364 - INFO - Best fit parameters: [0.22766287 0.19088046].
2023-07-20 16:57:17,403 - INFO - Maximum log composite likelihood: -26.48515331272523.
2023-07-20 16:57:17,404 - INFO - Optimal value of theta: 797.8611305629769.
2023-07-20 16:57:17,404 - INFO - Beginning optimization with guess, [0.96672441 0.01027726].
2023-07-20 16:57:18,865 - INFO - Finished optimization with guess, [0.96672441 0.01027726].
2023-07-20 16:57:18,865 - INFO - Best fit parameters: [0.27382926 0.21583876].
2023-07-20 16:57:18,903 - INFO - Maximum log composite likelihood: -27.080472908044896.
2023-07-20 16:57:18,904 - INFO - Optimal value of theta: 734.5664727704153.
2023-07-20 16:57:18,904 - INFO - Beginning optimization with guess, [0.43615697 0.00531161].
2023-07-20 16:57:20,726 - INFO - Finished optimization with guess, [0.43615697 0.00531161].
2023-07-20 16:57:20,727 - INFO - Best fit parameters: [0.20166162 0.19780706].
2023-07-20 16:57:20,769 - INFO - Maximum log composite likelihood: -26.439810076817253.
2023-07-20 16:57:20,769 - INFO - Optimal value of theta: 895.4703389893565.
2023-07-20 16:57:20,769 - INFO - Beginning optimization with guess, [1.21420578 0.01066747].
2023-07-20 16:57:26,539 - INFO - Finished optimization with guess, [1.21420578 0.01066747].
2023-07-20 16:57:26,540 - INFO - Best fit parameters: [0.68926723 0.42716779].
2023-07-20 16:57:26,576 - INFO - Maximum log composite likelihood: -48.878292825036.
2023-07-20 16:57:26,577 - INFO - Optimal value of theta: 484.0811672055759.
2023-07-20 16:57:26,577 - INFO - Beginning optimization with guess, [1.74901232 0.00708916].
2023-07-20 16:57:28,900 - INFO - Finished optimization with guess, [1.74901232 0.00708916].
2023-07-20 16:57:28,900 - INFO - Best fit parameters: [0.23749738 0.19595913].
2023-07-20 16:57:28,940 - INFO - Maximum log composite likelihood: -26.54958072041842.
2023-07-20 16:57:28,940 - INFO - Optimal value of theta: 782.2373414760665.
2023-07-20 16:57:28,940 - INFO - Beginning optimization with guess, [1.48830655 0.00625073].
2023-07-20 16:57:38,983 - INFO - Finished optimization with guess, [1.48830655 0.00625073].
2023-07-20 16:57:38,984 - INFO - Best fit parameters: [0.46655134 0.38646813].
2023-07-20 16:57:39,024 - INFO - Maximum log composite likelihood: -36.80508702111484.
2023-07-20 16:57:39,024 - INFO - Optimal value of theta: 608.7057055979353.
2023-07-20 16:57:39,024 - INFO - Beginning optimization with guess, [1.36701559 0.00570744].
2023-07-20 16:57:44,116 - INFO - Finished optimization with guess, [1.36701559 0.00570744].
2023-07-20 16:57:44,117 - INFO - Best fit parameters: [0.21325275 0.07339364].
2023-07-20 16:57:44,147 - INFO - Maximum log composite likelihood: -27.34086623027082.
2023-07-20 16:57:44,147 - INFO - Optimal value of theta: 584.3369946231237.
2023-07-20 16:57:44,148 - INFO - Beginning optimization with guess, [2.56150286 0.00614663].
2023-07-20 16:57:46,645 - INFO - Finished optimization with guess, [2.56150286 0.00614663].
2023-07-20 16:57:46,645 - INFO - Best fit parameters: [0.23735271 0.18086827].
2023-07-20 16:57:46,684 - INFO - Maximum log composite likelihood: -26.50145057671881.
2023-07-20 16:57:46,684 - INFO - Optimal value of theta: 755.5428637679796.
2023-07-20 16:57:46,684 - INFO - Beginning optimization with guess, [1.61813083 0.01802224].
2023-07-20 16:57:48,235 - INFO - Finished optimization with guess, [1.61813083 0.01802224].
2023-07-20 16:57:48,236 - INFO - Best fit parameters: [0.2676246  0.17871664].
2023-07-20 16:57:48,272 - INFO - Maximum log composite likelihood: -26.702293141390783.
2023-07-20 16:57:48,273 - INFO - Optimal value of theta: 693.7975269778569.
2023-07-20 16:57:48,273 - INFO - Beginning optimization with guess, [1.50593558 0.01760839].
2023-07-20 16:57:49,716 - INFO - Finished optimization with guess, [1.50593558 0.01760839].
2023-07-20 16:57:49,716 - INFO - Best fit parameters: [0.2150482  0.18211762].
2023-07-20 16:57:49,756 - INFO - Maximum log composite likelihood: -26.457187071723354.
2023-07-20 16:57:49,756 - INFO - Optimal value of theta: 814.9151467596604.
2023-07-20 16:57:49,756 - INFO - Beginning optimization with guess, [1.3147496  0.00663473].
2023-07-20 16:57:54,350 - INFO - Finished optimization with guess, [1.3147496  0.00663473].
2023-07-20 16:57:54,351 - INFO - Best fit parameters: [0.47994052 0.31897612].
2023-07-20 16:57:54,387 - INFO - Maximum log composite likelihood: -35.573469297932434.
2023-07-20 16:57:54,387 - INFO - Optimal value of theta: 571.7113861421901.
2023-07-20 16:57:54,388 - INFO - Beginning optimization with guess, [2.895278   0.00592884].
2023-07-20 16:57:57,025 - INFO - Finished optimization with guess, [2.895278   0.00592884].
2023-07-20 16:57:57,025 - INFO - Best fit parameters: [0.19681408 0.17869021].
2023-07-20 16:57:57,065 - INFO - Maximum log composite likelihood: -26.487963326390457.
2023-07-20 16:57:57,066 - INFO - Optimal value of theta: 865.5101821637513.
2023-07-20 16:57:57,066 - INFO - Beginning optimization with guess, [4.31840092 0.01251743].
2023-07-20 16:57:59,706 - INFO - Finished optimization with guess, [4.31840092 0.01251743].
2023-07-20 16:57:59,707 - INFO - Best fit parameters: [0.22442702 0.17708942].
2023-07-20 16:57:59,746 - INFO - Maximum log composite likelihood: -26.47227975368355.
2023-07-20 16:57:59,746 - INFO - Optimal value of theta: 779.1366326057988.
2023-07-20 16:57:59,746 - INFO - Beginning optimization with guess, [5.69380951 0.01266898].
2023-07-20 16:58:02,647 - INFO - Finished optimization with guess, [5.69380951 0.01266898].
2023-07-20 16:58:02,647 - INFO - Best fit parameters: [0.15498957 0.20593304].
2023-07-20 16:58:02,695 - INFO - Maximum log composite likelihood: -26.430000040128505.
2023-07-20 16:58:02,695 - INFO - Optimal value of theta: 1183.244748376497.
2023-07-20 16:58:02,696 - INFO - Beginning optimization with guess, [2.48517067 0.00606302].
2023-07-20 16:58:05,173 - INFO - Finished optimization with guess, [2.48517067 0.00606302].
2023-07-20 16:58:05,174 - INFO - Best fit parameters: [0.24859003 0.18003823].
2023-07-20 16:58:05,212 - INFO - Maximum log composite likelihood: -26.5541996129881.
2023-07-20 16:58:05,212 - INFO - Optimal value of theta: 730.359496368889.
2023-07-20 16:58:05,213 - INFO - Beginning optimization with guess, [2.71642266 0.00901862].
2023-07-20 16:58:07,474 - INFO - Finished optimization with guess, [2.71642266 0.00901862].
2023-07-20 16:58:07,475 - INFO - Best fit parameters: [0.21697006 0.20572108].
2023-07-20 16:58:07,516 - INFO - Maximum log composite likelihood: -26.510787169022763.
2023-07-20 16:58:07,516 - INFO - Optimal value of theta: 859.6005406521328.
2023-07-20 16:58:07,516 - INFO - Beginning optimization with guess, [7.92524704 0.01746937].
2023-07-20 16:58:08,954 - INFO - Finished optimization with guess, [7.92524704 0.01746937].
2023-07-20 16:58:08,954 - INFO - Best fit parameters: [0.20296456 0.04672632].
2023-07-20 16:58:08,982 - INFO - Maximum log composite likelihood: -28.45876554621111.
2023-07-20 16:58:08,982 - INFO - Optimal value of theta: 531.9114647525386.
2023-07-20 16:58:08,983 - INFO - Beginning optimization with guess, [9.43352248e+00 8.77739543e-03].
2023-07-20 16:58:10,237 - INFO - Finished optimization with guess, [9.43352248e+00 8.77739543e-03].
2023-07-20 16:58:10,237 - INFO - Best fit parameters: [1.56402593e-04 2.48822123e-05].
2023-07-20 16:58:10,264 - INFO - Maximum log composite likelihood: -30.170950151616864.
2023-07-20 16:58:10,265 - INFO - Optimal value of theta: 526.8373191192256.
2023-07-20 16:58:10,265 - INFO - Beginning optimization with guess, [3.69465572 0.01899776].
2023-07-20 16:58:11,971 - INFO - Finished optimization with guess, [3.69465572 0.01899776].
2023-07-20 16:58:11,972 - INFO - Best fit parameters: [0.20998169 0.18246449].
2023-07-20 16:58:12,012 - INFO - Maximum log composite likelihood: -26.455758331160723.
2023-07-20 16:58:12,012 - INFO - Optimal value of theta: 830.8543601172208.
2023-07-20 16:58:12,014 - INFO - Beginning demographic inference for three-epoch demographic model.
2023-07-20 16:58:12,018 - INFO - Beginning optimization with guess, [0.01578401 0.01127017 0.00525297 0.01708467].
2023-07-20 16:58:16,787 - INFO - Finished optimization with guess, [0.01578401 0.01127017 0.00525297 0.01708467].
2023-07-20 16:58:16,787 - INFO - Best fit parameters: [0.01219886 0.0068054  0.00526575 0.02819914].
2023-07-20 16:58:16,891 - INFO - Maximum log composite likelihood: -26.411301049604845.
2023-07-20 16:58:16,891 - INFO - Optimal value of theta: 26222.934655583005.
2023-07-20 16:58:16,892 - INFO - Beginning optimization with guess, [0.01506368 0.03061756 0.01658433 0.0112494 ].
2023-07-20 16:58:20,528 - INFO - Finished optimization with guess, [0.01506368 0.03061756 0.01658433 0.0112494 ].
2023-07-20 16:58:20,529 - INFO - Best fit parameters: [0.0103138  0.03273982 0.02630036 0.01016958].
2023-07-20 16:58:20,604 - INFO - Maximum log composite likelihood: -26.25531919830678.
2023-07-20 16:58:20,604 - INFO - Optimal value of theta: 6132.247209301984.
2023-07-20 16:58:20,604 - INFO - Beginning optimization with guess, [0.05201548 0.03249116 0.0140643  0.00538545].
2023-07-20 16:58:22,005 - INFO - Finished optimization with guess, [0.05201548 0.03249116 0.0140643  0.00538545].
2023-07-20 16:58:22,006 - INFO - Best fit parameters: [0.03072224 0.135135   0.00473439 0.00659543].
2023-07-20 16:58:22,034 - INFO - Maximum log composite likelihood: -29.05944402499233.
2023-07-20 16:58:22,035 - INFO - Optimal value of theta: 545.8192482372349.
2023-07-20 16:58:22,035 - INFO - Beginning optimization with guess, [0.04329968 0.02464894 0.01368863 0.01189765].
2023-07-20 16:58:23,497 - INFO - Finished optimization with guess, [0.04329968 0.02464894 0.01368863 0.01189765].
2023-07-20 16:58:23,498 - INFO - Best fit parameters: [0.03897081 0.11038574 0.00547336 0.00566642].
2023-07-20 16:58:23,526 - INFO - Maximum log composite likelihood: -29.16781793937048.
2023-07-20 16:58:23,527 - INFO - Optimal value of theta: 538.460861729538.
2023-07-20 16:58:23,527 - INFO - Beginning optimization with guess, [0.04775508 0.03342931 0.01992716 0.00575618].
2023-07-20 16:58:24,816 - INFO - Finished optimization with guess, [0.04775508 0.03342931 0.01992716 0.00575618].
2023-07-20 16:58:24,817 - INFO - Best fit parameters: [0.05220117 0.13727134 0.00876269 0.00366645].
2023-07-20 16:58:24,846 - INFO - Maximum log composite likelihood: -29.149792044948754.
2023-07-20 16:58:24,846 - INFO - Optimal value of theta: 539.4249993274844.
2023-07-20 16:58:24,846 - INFO - Beginning optimization with guess, [0.32358198 0.60123375 0.00624726 0.0102217 ].
2023-07-20 16:58:26,395 - INFO - Finished optimization with guess, [0.32358198 0.60123375 0.00624726 0.0102217 ].
2023-07-20 16:58:26,395 - INFO - Best fit parameters: [0.23354629 0.5718993  0.14782794 0.00670795].
2023-07-20 16:58:26,432 - INFO - Maximum log composite likelihood: -26.667955314707285.
2023-07-20 16:58:26,432 - INFO - Optimal value of theta: 698.0457355489004.
2023-07-20 16:58:26,432 - INFO - Beginning optimization with guess, [0.75183936 0.59964604 0.00861097 0.01788385].
2023-07-20 16:58:27,896 - INFO - Finished optimization with guess, [0.75183936 0.59964604 0.00861097 0.01788385].
2023-07-20 16:58:27,896 - INFO - Best fit parameters: [0.76571851 0.4231561  0.01580855 0.13156123].
2023-07-20 16:58:27,927 - INFO - Maximum log composite likelihood: -32.172413537258876.
2023-07-20 16:58:27,927 - INFO - Optimal value of theta: 513.6883206476148.
2023-07-20 16:58:27,927 - INFO - Beginning optimization with guess, [0.41661754 0.81496375 0.01150461 0.00617008].
2023-07-20 16:58:29,441 - INFO - Finished optimization with guess, [0.41661754 0.81496375 0.01150461 0.00617008].
2023-07-20 16:58:29,441 - INFO - Best fit parameters: [0.26444107 0.84693332 0.15576564 0.0076589 ].
2023-07-20 16:58:29,477 - INFO - Maximum log composite likelihood: -27.452316351948753.
2023-07-20 16:58:29,477 - INFO - Optimal value of theta: 656.6379106570236.
2023-07-20 16:58:29,478 - INFO - Beginning optimization with guess, [0.5846215  0.78849202 0.00751084 0.01481073].
2023-07-20 16:58:30,936 - INFO - Finished optimization with guess, [0.5846215  0.78849202 0.00751084 0.01481073].
2023-07-20 16:58:30,937 - INFO - Best fit parameters: [0.39419462 0.79994998 0.20457109 0.02181742].
2023-07-20 16:58:30,972 - INFO - Maximum log composite likelihood: -35.1812959287829.
2023-07-20 16:58:30,972 - INFO - Optimal value of theta: 566.3079391498152.
2023-07-20 16:58:30,972 - INFO - Beginning optimization with guess, [0.86518732 0.82640619 0.0082888  0.00762412].
2023-07-20 16:58:32,519 - INFO - Finished optimization with guess, [0.86518732 0.82640619 0.0082888  0.00762412].
2023-07-20 16:58:32,519 - INFO - Best fit parameters: [0.86189105 0.73601327 0.01096855 0.26366177].
2023-07-20 16:58:32,551 - INFO - Maximum log composite likelihood: -50.60663258813452.
2023-07-20 16:58:32,551 - INFO - Optimal value of theta: 449.65898428092123.
2023-07-20 16:58:32,552 - INFO - Beginning optimization with guess, [1.65927069 2.12192425 0.00609451 0.01240217].
2023-07-20 16:58:33,656 - INFO - Finished optimization with guess, [1.65927069 2.12192425 0.00609451 0.01240217].
2023-07-20 16:58:33,657 - INFO - Best fit parameters: [9.55205616e-01 1.68273480e+00 1.69203291e-03 7.37357154e-05].
2023-07-20 16:58:33,682 - INFO - Maximum log composite likelihood: -70.3648138958456.
2023-07-20 16:58:33,682 - INFO - Optimal value of theta: 400.5482096774105.
2023-07-20 16:58:33,682 - INFO - Beginning optimization with guess, [1.04455699 1.0144434  0.01615975 0.0108156 ].
2023-07-20 16:58:34,763 - INFO - Finished optimization with guess, [1.04455699 1.0144434  0.01615975 0.0108156 ].
2023-07-20 16:58:34,763 - INFO - Best fit parameters: [9.45807409e-01 9.73934265e-01 1.16234222e-08 4.80849892e-03].
2023-07-20 16:58:34,788 - INFO - Maximum log composite likelihood: -70.30187499999244.
2023-07-20 16:58:34,789 - INFO - Optimal value of theta: 400.61602536967627.
2023-07-20 16:58:34,789 - INFO - Beginning optimization with guess, [1.81293758 2.90809653 0.0151493  0.00935573].
2023-07-20 16:58:35,918 - INFO - Finished optimization with guess, [1.81293758 2.90809653 0.0151493  0.00935573].
2023-07-20 16:58:35,919 - INFO - Best fit parameters: [7.71373653e-01 1.65196411e+00 9.98934704e-04 2.80865418e-04].
2023-07-20 16:58:35,944 - INFO - Maximum log composite likelihood: -70.25347681430856.
2023-07-20 16:58:35,944 - INFO - Optimal value of theta: 400.66647999639133.
2023-07-20 16:58:35,944 - INFO - Beginning optimization with guess, [1.97279852 2.2337476  0.01353797 0.01817677].
2023-07-20 16:58:37,102 - INFO - Finished optimization with guess, [1.97279852 2.2337476  0.01353797 0.01817677].
2023-07-20 16:58:37,103 - INFO - Best fit parameters: [1.94830396e+00 5.46234331e-01 1.23989882e-05 2.07568027e-02].
2023-07-20 16:58:37,129 - INFO - Maximum log composite likelihood: -59.35808011595026.
2023-07-20 16:58:37,129 - INFO - Optimal value of theta: 414.43443477375655.
2023-07-20 16:58:37,129 - INFO - Beginning optimization with guess, [3.80064395 3.01190018 0.01668174 0.01751364].
2023-07-20 16:58:38,264 - INFO - Finished optimization with guess, [3.80064395 3.01190018 0.01668174 0.01751364].
2023-07-20 16:58:38,264 - INFO - Best fit parameters: [1.11814984e+00 5.14455019e-01 2.84250502e-04 8.38203695e-04].
2023-07-20 16:58:38,289 - INFO - Maximum log composite likelihood: -69.77940478199048.
2023-07-20 16:58:38,289 - INFO - Optimal value of theta: 401.1705928236098.
2023-07-20 16:58:38,289 - INFO - Beginning optimization with guess, [1.60739216 1.30271321 0.01775292 0.00575962].
2023-07-20 16:58:39,347 - INFO - Finished optimization with guess, [1.60739216 1.30271321 0.01775292 0.00575962].
2023-07-20 16:58:39,347 - INFO - Best fit parameters: [8.54367912e-01 8.14666866e-01 8.60915607e-07 7.88883826e-02].
2023-07-20 16:58:39,374 - INFO - Maximum log composite likelihood: -61.383781075027116.
2023-07-20 16:58:39,374 - INFO - Optimal value of theta: 413.0941612136014.
2023-07-20 16:58:39,374 - INFO - Beginning optimization with guess, [1.6128557  3.72200322 0.00545081 0.0060156 ].
2023-07-20 16:58:40,483 - INFO - Finished optimization with guess, [1.6128557  3.72200322 0.00545081 0.0060156 ].
2023-07-20 16:58:40,483 - INFO - Best fit parameters: [7.61240419e-01 2.61149711e+00 8.42069879e-05 1.18498334e-05].
2023-07-20 16:58:40,509 - INFO - Maximum log composite likelihood: -70.38916112484128.
2023-07-20 16:58:40,509 - INFO - Optimal value of theta: 400.5220112186332.
2023-07-20 16:58:40,509 - INFO - Beginning optimization with guess, [1.85631312 1.56685703 0.00853993 0.00969564].
2023-07-20 16:58:41,689 - INFO - Finished optimization with guess, [1.85631312 1.56685703 0.00853993 0.00969564].
2023-07-20 16:58:41,690 - INFO - Best fit parameters: [8.72033243e-01 9.07658728e-01 1.19452025e-04 1.65773656e-04].
2023-07-20 16:58:41,715 - INFO - Maximum log composite likelihood: -70.37610509760049.
2023-07-20 16:58:41,716 - INFO - Optimal value of theta: 400.53574549090484.
2023-07-20 16:58:41,716 - INFO - Beginning optimization with guess, [3.91822942 3.72350118 0.01189977 0.005551  ].
2023-07-20 16:58:42,846 - INFO - Finished optimization with guess, [3.91822942 3.72350118 0.01189977 0.005551  ].
2023-07-20 16:58:42,846 - INFO - Best fit parameters: [2.24519411e+00 6.29897230e-01 7.29090368e-05 2.31492781e-04].
2023-07-20 16:58:42,871 - INFO - Maximum log composite likelihood: -70.32497584570507.
2023-07-20 16:58:42,872 - INFO - Optimal value of theta: 400.5895692457933.
2023-07-20 16:58:42,872 - INFO - Beginning optimization with guess, [2.08385619 6.29480864 0.01144599 0.0088837 ].
2023-07-20 16:58:44,004 - INFO - Finished optimization with guess, [2.08385619 6.29480864 0.01144599 0.0088837 ].
2023-07-20 16:58:44,004 - INFO - Best fit parameters: [8.01146557e-01 1.46760878e-01 5.83679570e-06 1.42421895e-05].
2023-07-20 16:58:44,029 - INFO - Maximum log composite likelihood: -70.33422190015324.
2023-07-20 16:58:44,030 - INFO - Optimal value of theta: 400.5797346181939.
2023-07-20 16:58:44,030 - INFO - Beginning optimization with guess, [4.68325197 5.27367609 0.01763174 0.01090245].
2023-07-20 16:58:45,194 - INFO - Finished optimization with guess, [4.68325197 5.27367609 0.01763174 0.01090245].
2023-07-20 16:58:45,195 - INFO - Best fit parameters: [2.43634386e+00 1.99904978e-01 5.58206512e-05 2.27579960e-04].
2023-07-20 16:58:45,220 - INFO - Maximum log composite likelihood: -69.67968144967818.
2023-07-20 16:58:45,220 - INFO - Optimal value of theta: 401.275289099944.
2023-07-20 16:58:45,221 - INFO - Beginning optimization with guess, [5.63361534e+00 8.71640423e+00 6.45854162e-03 1.27364077e-02].
2023-07-20 16:58:46,337 - INFO - Finished optimization with guess, [5.63361534e+00 8.71640423e+00 6.45854162e-03 1.27364077e-02].
2023-07-20 16:58:46,337 - INFO - Best fit parameters: [5.44558555e-01 3.60503207e+00 2.95481666e-04 8.43759084e-05].
2023-07-20 16:58:46,363 - INFO - Maximum log composite likelihood: -70.25031990625706.
2023-07-20 16:58:46,363 - INFO - Optimal value of theta: 400.6685466383918.
2023-07-20 16:58:46,363 - INFO - Beginning optimization with guess, [5.04278675 3.98823963 0.01692433 0.01737545].
2023-07-20 16:58:47,503 - INFO - Finished optimization with guess, [5.04278675 3.98823963 0.01692433 0.01737545].
2023-07-20 16:58:47,504 - INFO - Best fit parameters: [1.14491245e+00 4.34349838e-01 2.92556004e-04 8.26654005e-04].
2023-07-20 16:58:47,530 - INFO - Maximum log composite likelihood: -69.55411444942081.
2023-07-20 16:58:47,530 - INFO - Optimal value of theta: 401.41292000027397.
2023-07-20 16:58:47,530 - INFO - Beginning optimization with guess, [3.55156860e+00 8.24632223e+00 1.04491006e-02 5.84852133e-03].
2023-07-20 16:58:48,594 - INFO - Finished optimization with guess, [3.55156860e+00 8.24632223e+00 1.04491006e-02 5.84852133e-03].
2023-07-20 16:58:48,594 - INFO - Best fit parameters: [2.91661091e-01 2.05298827e+01 8.84644129e-04 2.71187614e-05].
2023-07-20 16:58:48,620 - INFO - Maximum log composite likelihood: -68.69850988879494.
2023-07-20 16:58:48,620 - INFO - Optimal value of theta: 402.34789959774474.
2023-07-20 16:58:48,622 - INFO - Finished demographic inference.
2023-07-20 16:58:48,622 - INFO - Pipeline executed succesfully.
