2023-07-20 16:54:10,800 - INFO - Beginning execution of fit_one_epoch.py in directory /u/project/ngarud/jonmah/demo_for_ccgb/Scripts

2023-07-20 16:54:10,801 - INFO - Progress is being logged to ../Analysis/Alistipes_onderdonkii_55464_downsampled_14/core_log.log

2023-07-20 16:54:10,801 - INFO - Parsed the following arguments:
	syn_input_sfs = ../Analysis/Alistipes_onderdonkii_55464_downsampled_14/core_empirical_syn_downsampled_sfs.txt
	mask_singletons = False
	mask_doubletons = False
	outprefix = ../Analysis/Alistipes_onderdonkii_55464_downsampled_14/core

2023-07-20 16:54:10,802 - INFO - Beginning demographic inference for one-epoch demographic model.
2023-07-20 16:54:10,805 - INFO - Beginning optimization with guess, [0.0972748].
2023-07-20 16:54:11,638 - INFO - Finished optimization with guess, [0.0972748].
2023-07-20 16:54:11,639 - INFO - Best fit parameters: [0.0972748].
2023-07-20 16:54:11,663 - INFO - Maximum log composite likelihood: -674.4515393354213.
2023-07-20 16:54:11,663 - INFO - Optimal value of theta: 6610.260243999378.
2023-07-20 16:54:11,663 - INFO - Beginning optimization with guess, [0.13839908].
2023-07-20 16:54:12,430 - INFO - Finished optimization with guess, [0.13839908].
2023-07-20 16:54:12,430 - INFO - Best fit parameters: [0.13839908].
2023-07-20 16:54:12,454 - INFO - Maximum log composite likelihood: -674.4515393354213.
2023-07-20 16:54:12,455 - INFO - Optimal value of theta: 6610.260243999378.
2023-07-20 16:54:12,455 - INFO - Beginning optimization with guess, [0.52445384].
2023-07-20 16:54:13,153 - INFO - Finished optimization with guess, [0.52445384].
2023-07-20 16:54:13,154 - INFO - Best fit parameters: [0.52445384].
2023-07-20 16:54:13,178 - INFO - Maximum log composite likelihood: -674.4515393354213.
2023-07-20 16:54:13,178 - INFO - Optimal value of theta: 6610.260243999378.
2023-07-20 16:54:13,178 - INFO - Beginning optimization with guess, [0.35136622].
2023-07-20 16:54:13,950 - INFO - Finished optimization with guess, [0.35136622].
2023-07-20 16:54:13,951 - INFO - Best fit parameters: [0.35136622].
2023-07-20 16:54:13,975 - INFO - Maximum log composite likelihood: -674.4515393354213.
2023-07-20 16:54:13,976 - INFO - Optimal value of theta: 6610.260243999378.
2023-07-20 16:54:13,976 - INFO - Beginning optimization with guess, [0.26853737].
2023-07-20 16:54:14,747 - INFO - Finished optimization with guess, [0.26853737].
2023-07-20 16:54:14,747 - INFO - Best fit parameters: [0.26853737].
2023-07-20 16:54:14,771 - INFO - Maximum log composite likelihood: -674.4515393354213.
2023-07-20 16:54:14,771 - INFO - Optimal value of theta: 6610.260243999378.
2023-07-20 16:54:14,771 - INFO - Beginning optimization with guess, [0.44254487].
2023-07-20 16:54:15,469 - INFO - Finished optimization with guess, [0.44254487].
2023-07-20 16:54:15,469 - INFO - Best fit parameters: [0.44254487].
2023-07-20 16:54:15,493 - INFO - Maximum log composite likelihood: -674.4515393354213.
2023-07-20 16:54:15,494 - INFO - Optimal value of theta: 6610.260243999378.
2023-07-20 16:54:15,494 - INFO - Beginning optimization with guess, [0.41783097].
2023-07-20 16:54:16,193 - INFO - Finished optimization with guess, [0.41783097].
2023-07-20 16:54:16,194 - INFO - Best fit parameters: [0.41783097].
2023-07-20 16:54:16,218 - INFO - Maximum log composite likelihood: -674.4515393354213.
2023-07-20 16:54:16,218 - INFO - Optimal value of theta: 6610.260243999378.
2023-07-20 16:54:16,218 - INFO - Beginning optimization with guess, [1.56514846].
2023-07-20 16:54:16,844 - INFO - Finished optimization with guess, [1.56514846].
2023-07-20 16:54:16,844 - INFO - Best fit parameters: [1.56514846].
2023-07-20 16:54:16,868 - INFO - Maximum log composite likelihood: -674.4515393354213.
2023-07-20 16:54:16,868 - INFO - Optimal value of theta: 6610.260243999378.
2023-07-20 16:54:16,869 - INFO - Beginning optimization with guess, [0.45168707].
2023-07-20 16:54:17,566 - INFO - Finished optimization with guess, [0.45168707].
2023-07-20 16:54:17,566 - INFO - Best fit parameters: [0.45168707].
2023-07-20 16:54:17,590 - INFO - Maximum log composite likelihood: -674.4515393354213.
2023-07-20 16:54:17,590 - INFO - Optimal value of theta: 6610.260243999378.
2023-07-20 16:54:17,590 - INFO - Beginning optimization with guess, [0.51635408].
2023-07-20 16:54:18,284 - INFO - Finished optimization with guess, [0.51635408].
2023-07-20 16:54:18,284 - INFO - Best fit parameters: [0.51635408].
2023-07-20 16:54:18,308 - INFO - Maximum log composite likelihood: -674.4515393354213.
2023-07-20 16:54:18,308 - INFO - Optimal value of theta: 6610.260243999378.
2023-07-20 16:54:18,308 - INFO - Beginning optimization with guess, [1.89581371].
2023-07-20 16:54:18,999 - INFO - Finished optimization with guess, [1.89581371].
2023-07-20 16:54:18,999 - INFO - Best fit parameters: [1.89581371].
2023-07-20 16:54:19,023 - INFO - Maximum log composite likelihood: -674.4515393354213.
2023-07-20 16:54:19,024 - INFO - Optimal value of theta: 6610.260243999378.
2023-07-20 16:54:19,024 - INFO - Beginning optimization with guess, [2.93271428].
2023-07-20 16:54:19,786 - INFO - Finished optimization with guess, [2.93271428].
2023-07-20 16:54:19,786 - INFO - Best fit parameters: [2.93271428].
2023-07-20 16:54:19,810 - INFO - Maximum log composite likelihood: -674.4515393354213.
2023-07-20 16:54:19,810 - INFO - Optimal value of theta: 6610.260243999378.
2023-07-20 16:54:19,811 - INFO - Beginning optimization with guess, [2.82524973].
2023-07-20 16:54:20,573 - INFO - Finished optimization with guess, [2.82524973].
2023-07-20 16:54:20,573 - INFO - Best fit parameters: [2.82524973].
2023-07-20 16:54:20,597 - INFO - Maximum log composite likelihood: -674.4515393354213.
2023-07-20 16:54:20,597 - INFO - Optimal value of theta: 6610.260243999378.
2023-07-20 16:54:20,598 - INFO - Beginning optimization with guess, [2.51904644].
2023-07-20 16:54:21,283 - INFO - Finished optimization with guess, [2.51904644].
2023-07-20 16:54:21,283 - INFO - Best fit parameters: [2.51904644].
2023-07-20 16:54:21,307 - INFO - Maximum log composite likelihood: -674.4515393354213.
2023-07-20 16:54:21,307 - INFO - Optimal value of theta: 6610.260243999378.
2023-07-20 16:54:21,307 - INFO - Beginning optimization with guess, [2.71577684].
2023-07-20 16:54:21,997 - INFO - Finished optimization with guess, [2.71577684].
2023-07-20 16:54:21,998 - INFO - Best fit parameters: [2.71577684].
2023-07-20 16:54:22,022 - INFO - Maximum log composite likelihood: -674.4515393354213.
2023-07-20 16:54:22,022 - INFO - Optimal value of theta: 6610.260243999378.
2023-07-20 16:54:22,022 - INFO - Beginning optimization with guess, [2.0674927].
2023-07-20 16:54:22,723 - INFO - Finished optimization with guess, [2.0674927].
2023-07-20 16:54:22,724 - INFO - Best fit parameters: [2.0674927].
2023-07-20 16:54:22,748 - INFO - Maximum log composite likelihood: -674.4515393354213.
2023-07-20 16:54:22,748 - INFO - Optimal value of theta: 6610.260243999378.
2023-07-20 16:54:22,748 - INFO - Beginning optimization with guess, [1.92285074].
2023-07-20 16:54:23,449 - INFO - Finished optimization with guess, [1.92285074].
2023-07-20 16:54:23,449 - INFO - Best fit parameters: [1.92285074].
2023-07-20 16:54:23,473 - INFO - Maximum log composite likelihood: -674.4515393354213.
2023-07-20 16:54:23,474 - INFO - Optimal value of theta: 6610.260243999378.
2023-07-20 16:54:23,474 - INFO - Beginning optimization with guess, [1.90393375].
2023-07-20 16:54:24,158 - INFO - Finished optimization with guess, [1.90393375].
2023-07-20 16:54:24,158 - INFO - Best fit parameters: [1.90393375].
2023-07-20 16:54:24,182 - INFO - Maximum log composite likelihood: -674.4515393354213.
2023-07-20 16:54:24,182 - INFO - Optimal value of theta: 6610.260243999378.
2023-07-20 16:54:24,182 - INFO - Beginning optimization with guess, [5.00944818].
2023-07-20 16:54:24,938 - INFO - Finished optimization with guess, [5.00944818].
2023-07-20 16:54:24,941 - INFO - Best fit parameters: [5.00944818].
2023-07-20 16:54:24,964 - INFO - Maximum log composite likelihood: -674.4515393354213.
2023-07-20 16:54:24,965 - INFO - Optimal value of theta: 6610.260243999378.
2023-07-20 16:54:24,965 - INFO - Beginning optimization with guess, [5.02483248].
2023-07-20 16:54:25,708 - INFO - Finished optimization with guess, [5.02483248].
2023-07-20 16:54:25,708 - INFO - Best fit parameters: [5.02483248].
2023-07-20 16:54:25,731 - INFO - Maximum log composite likelihood: -674.4515393354213.
2023-07-20 16:54:25,731 - INFO - Optimal value of theta: 6610.260243999378.
2023-07-20 16:54:25,731 - INFO - Beginning optimization with guess, [4.10220449].
2023-07-20 16:54:26,463 - INFO - Finished optimization with guess, [4.10220449].
2023-07-20 16:54:26,463 - INFO - Best fit parameters: [4.10220449].
2023-07-20 16:54:26,486 - INFO - Maximum log composite likelihood: -674.4515393354213.
2023-07-20 16:54:26,487 - INFO - Optimal value of theta: 6610.260243999378.
2023-07-20 16:54:26,487 - INFO - Beginning optimization with guess, [2.76135481].
2023-07-20 16:54:27,148 - INFO - Finished optimization with guess, [2.76135481].
2023-07-20 16:54:27,148 - INFO - Best fit parameters: [2.76135481].
2023-07-20 16:54:27,171 - INFO - Maximum log composite likelihood: -674.4515393354213.
2023-07-20 16:54:27,171 - INFO - Optimal value of theta: 6610.260243999378.
2023-07-20 16:54:27,171 - INFO - Beginning optimization with guess, [6.74645378].
2023-07-20 16:54:27,906 - INFO - Finished optimization with guess, [6.74645378].
2023-07-20 16:54:27,907 - INFO - Best fit parameters: [6.74645378].
2023-07-20 16:54:27,931 - INFO - Maximum log composite likelihood: -674.4515393354213.
2023-07-20 16:54:27,931 - INFO - Optimal value of theta: 6610.260243999378.
2023-07-20 16:54:27,931 - INFO - Beginning optimization with guess, [5.48191746].
2023-07-20 16:54:28,705 - INFO - Finished optimization with guess, [5.48191746].
2023-07-20 16:54:28,705 - INFO - Best fit parameters: [5.48191746].
2023-07-20 16:54:28,730 - INFO - Maximum log composite likelihood: -674.4515393354213.
2023-07-20 16:54:28,730 - INFO - Optimal value of theta: 6610.260243999378.
2023-07-20 16:54:28,732 - INFO - Beginning demographic inference for two-epoch demographic model.
2023-07-20 16:54:28,734 - INFO - Beginning optimization with guess, [0.14832314 0.01394443].
2023-07-20 16:54:30,214 - INFO - Finished optimization with guess, [0.14832314 0.01394443].
2023-07-20 16:54:30,215 - INFO - Best fit parameters: [0.25627024 0.19275609].
2023-07-20 16:54:30,252 - INFO - Maximum log composite likelihood: -36.31748255386265.
2023-07-20 16:54:30,253 - INFO - Optimal value of theta: 12137.078606223993.
2023-07-20 16:54:30,253 - INFO - Beginning optimization with guess, [0.11034449 0.01666051].
2023-07-20 16:54:31,683 - INFO - Finished optimization with guess, [0.11034449 0.01666051].
2023-07-20 16:54:31,683 - INFO - Best fit parameters: [0.2327954  0.21103238].
2023-07-20 16:54:31,721 - INFO - Maximum log composite likelihood: -35.987707510535984.
2023-07-20 16:54:31,722 - INFO - Optimal value of theta: 13568.809394422635.
2023-07-20 16:54:31,722 - INFO - Beginning optimization with guess, [0.4262855  0.01956412].
2023-07-20 16:54:33,568 - INFO - Finished optimization with guess, [0.4262855  0.01956412].
2023-07-20 16:54:33,568 - INFO - Best fit parameters: [0.17626578 0.22363399].
2023-07-20 16:54:33,614 - INFO - Maximum log composite likelihood: -35.75390807597978.
2023-07-20 16:54:33,614 - INFO - Optimal value of theta: 18051.722136272205.
2023-07-20 16:54:33,615 - INFO - Beginning optimization with guess, [0.60807737 0.0135299 ].
2023-07-20 16:54:35,109 - INFO - Finished optimization with guess, [0.60807737 0.0135299 ].
2023-07-20 16:54:35,110 - INFO - Best fit parameters: [0.27137329 0.12952837].
2023-07-20 16:54:35,142 - INFO - Maximum log composite likelihood: -39.192893004707.
2023-07-20 16:54:35,142 - INFO - Optimal value of theta: 10201.263782380718.
2023-07-20 16:54:35,142 - INFO - Beginning optimization with guess, [0.27968807 0.01833566].
2023-07-20 16:54:36,528 - INFO - Finished optimization with guess, [0.27968807 0.01833566].
2023-07-20 16:54:36,529 - INFO - Best fit parameters: [0.2818356  0.14988854].
2023-07-20 16:54:36,562 - INFO - Maximum log composite likelihood: -37.94374041922492.
2023-07-20 16:54:36,562 - INFO - Optimal value of theta: 10460.724411768817.
2023-07-20 16:54:36,562 - INFO - Beginning optimization with guess, [0.52639283 0.0178313 ].
2023-07-20 16:54:38,157 - INFO - Finished optimization with guess, [0.52639283 0.0178313 ].
2023-07-20 16:54:38,157 - INFO - Best fit parameters: [0.20162458 0.22220238].
2023-07-20 16:54:38,198 - INFO - Maximum log composite likelihood: -35.8175197158198.
2023-07-20 16:54:38,198 - INFO - Optimal value of theta: 15772.17866415483.
2023-07-20 16:54:38,198 - INFO - Beginning optimization with guess, [0.67668378 0.00624404].
2023-07-20 16:54:39,709 - INFO - Finished optimization with guess, [0.67668378 0.00624404].
2023-07-20 16:54:39,710 - INFO - Best fit parameters: [0.28960681 0.17405514].
2023-07-20 16:54:39,744 - INFO - Maximum log composite likelihood: -37.97371041340011.
2023-07-20 16:54:39,744 - INFO - Optimal value of theta: 10809.428259356522.
2023-07-20 16:54:39,744 - INFO - Beginning optimization with guess, [0.62714815 0.01326511].
2023-07-20 16:54:41,385 - INFO - Finished optimization with guess, [0.62714815 0.01326511].
2023-07-20 16:54:41,385 - INFO - Best fit parameters: [0.18764667 0.22366465].
2023-07-20 16:54:41,427 - INFO - Maximum log composite likelihood: -35.77641041758761.
2023-07-20 16:54:41,428 - INFO - Optimal value of theta: 16954.05768710357.
2023-07-20 16:54:41,428 - INFO - Beginning optimization with guess, [1.15214385 0.01125908].
2023-07-20 16:54:46,595 - INFO - Finished optimization with guess, [1.15214385 0.01125908].
2023-07-20 16:54:46,597 - INFO - Best fit parameters: [0.76220906 0.43150895].
2023-07-20 16:54:46,630 - INFO - Maximum log composite likelihood: -415.140983475796.
2023-07-20 16:54:46,630 - INFO - Optimal value of theta: 7563.355344013621.
2023-07-20 16:54:46,630 - INFO - Beginning optimization with guess, [0.515774   0.01748461].
2023-07-20 16:54:48,273 - INFO - Finished optimization with guess, [0.515774   0.01748461].
2023-07-20 16:54:48,274 - INFO - Best fit parameters: [0.20419508 0.21981528].
2023-07-20 16:54:48,314 - INFO - Maximum log composite likelihood: -35.81696139828455.
2023-07-20 16:54:48,315 - INFO - Optimal value of theta: 15495.005212453265.
2023-07-20 16:54:48,315 - INFO - Beginning optimization with guess, [1.13975866 0.00506179].
2023-07-20 16:54:53,485 - INFO - Finished optimization with guess, [1.13975866 0.00506179].
2023-07-20 16:54:53,485 - INFO - Best fit parameters: [0.34777217 0.06148478].
2023-07-20 16:54:53,512 - INFO - Maximum log composite likelihood: -125.89206509223459.
2023-07-20 16:54:53,512 - INFO - Optimal value of theta: 7951.510561941289.
2023-07-20 16:54:53,512 - INFO - Beginning optimization with guess, [1.54025878 0.01408017].
2023-07-20 16:54:55,371 - INFO - Finished optimization with guess, [1.54025878 0.01408017].
2023-07-20 16:54:55,373 - INFO - Best fit parameters: [0.24771128 0.13537245].
2023-07-20 16:54:55,406 - INFO - Maximum log composite likelihood: -41.106099244347206.
2023-07-20 16:54:55,407 - INFO - Optimal value of theta: 10858.711897630317.
2023-07-20 16:54:55,407 - INFO - Beginning optimization with guess, [1.35266259 0.01220918].
2023-07-20 16:55:00,396 - INFO - Finished optimization with guess, [1.35266259 0.01220918].
2023-07-20 16:55:00,396 - INFO - Best fit parameters: [0.51175757 0.32237311].
2023-07-20 16:55:00,431 - INFO - Maximum log composite likelihood: -171.37314386193611.
2023-07-20 16:55:00,432 - INFO - Optimal value of theta: 9099.579424514788.
2023-07-20 16:55:00,432 - INFO - Beginning optimization with guess, [2.9232     0.00927571].
2023-07-20 16:55:02,716 - INFO - Finished optimization with guess, [2.9232     0.00927571].
2023-07-20 16:55:02,717 - INFO - Best fit parameters: [0.19394684 0.20767217].
2023-07-20 16:55:02,758 - INFO - Maximum log composite likelihood: -36.54777880694928.
2023-07-20 16:55:02,759 - INFO - Optimal value of theta: 15719.284458534472.
2023-07-20 16:55:02,759 - INFO - Beginning optimization with guess, [1.50410622 0.00636267].
2023-07-20 16:55:12,287 - INFO - Finished optimization with guess, [1.50410622 0.00636267].
2023-07-20 16:55:12,288 - INFO - Best fit parameters: [0.46618144 0.10663146].
2023-07-20 16:55:12,316 - INFO - Maximum log composite likelihood: -157.63388258273244.
2023-07-20 16:55:12,316 - INFO - Optimal value of theta: 7914.086515603851.
2023-07-20 16:55:12,317 - INFO - Beginning optimization with guess, [1.70353892 0.00602085].
2023-07-20 16:55:14,666 - INFO - Finished optimization with guess, [1.70353892 0.00602085].
2023-07-20 16:55:14,666 - INFO - Best fit parameters: [0.2541434  0.18569693].
2023-07-20 16:55:14,701 - INFO - Maximum log composite likelihood: -36.44031536913826.
2023-07-20 16:55:14,702 - INFO - Optimal value of theta: 12024.126441005019.
2023-07-20 16:55:14,702 - INFO - Beginning optimization with guess, [2.08386363 0.01129095].
2023-07-20 16:55:16,718 - INFO - Finished optimization with guess, [2.08386363 0.01129095].
2023-07-20 16:55:16,718 - INFO - Best fit parameters: [0.15136606 0.2284189 ].
2023-07-20 16:55:16,767 - INFO - Maximum log composite likelihood: -36.300050202838975.
2023-07-20 16:55:16,767 - INFO - Optimal value of theta: 21654.282341893548.
2023-07-20 16:55:16,768 - INFO - Beginning optimization with guess, [2.57659787 0.01067067].
2023-07-20 16:55:18,934 - INFO - Finished optimization with guess, [2.57659787 0.01067067].
2023-07-20 16:55:18,934 - INFO - Best fit parameters: [0.23522983 0.21767646].
2023-07-20 16:55:18,974 - INFO - Maximum log composite likelihood: -36.20596885403029.
2023-07-20 16:55:18,974 - INFO - Optimal value of theta: 13657.093770304391.
2023-07-20 16:55:18,974 - INFO - Beginning optimization with guess, [2.17987085 0.00809918].
2023-07-20 16:55:21,156 - INFO - Finished optimization with guess, [2.17987085 0.00809918].
2023-07-20 16:55:21,157 - INFO - Best fit parameters: [0.30375618 0.19842475].
2023-07-20 16:55:21,192 - INFO - Maximum log composite likelihood: -41.11254698614539.
2023-07-20 16:55:21,192 - INFO - Optimal value of theta: 10969.898485683356.
2023-07-20 16:55:21,192 - INFO - Beginning optimization with guess, [2.96435538 0.00842537].
2023-07-20 16:55:23,517 - INFO - Finished optimization with guess, [2.96435538 0.00842537].
2023-07-20 16:55:23,517 - INFO - Best fit parameters: [0.18984483 0.20107339].
2023-07-20 16:55:23,559 - INFO - Maximum log composite likelihood: -37.56257220409134.
2023-07-20 16:55:23,559 - INFO - Optimal value of theta: 15729.721193330784.
2023-07-20 16:55:23,559 - INFO - Beginning optimization with guess, [5.87555027 0.00871514].
2023-07-20 16:55:25,912 - INFO - Finished optimization with guess, [5.87555027 0.00871514].
2023-07-20 16:55:25,912 - INFO - Best fit parameters: [0.21013639 0.20239528].
2023-07-20 16:55:25,951 - INFO - Maximum log composite likelihood: -36.6353164602333.
2023-07-20 16:55:25,952 - INFO - Optimal value of theta: 14448.812613874503.
2023-07-20 16:55:25,952 - INFO - Beginning optimization with guess, [5.12846074 0.00607758].
2023-07-20 16:55:28,699 - INFO - Finished optimization with guess, [5.12846074 0.00607758].
2023-07-20 16:55:28,700 - INFO - Best fit parameters: [0.2163983  0.21505473].
2023-07-20 16:55:28,741 - INFO - Maximum log composite likelihood: -35.87632413998108.
2023-07-20 16:55:28,741 - INFO - Optimal value of theta: 14548.720758616211.
2023-07-20 16:55:28,742 - INFO - Beginning optimization with guess, [4.16939445 0.00825032].
2023-07-20 16:55:31,300 - INFO - Finished optimization with guess, [4.16939445 0.00825032].
2023-07-20 16:55:31,300 - INFO - Best fit parameters: [0.19601862 0.2413729 ].
2023-07-20 16:55:31,344 - INFO - Maximum log composite likelihood: -37.2927927495457.
2023-07-20 16:55:31,344 - INFO - Optimal value of theta: 17017.54191650307.
2023-07-20 16:55:31,344 - INFO - Beginning optimization with guess, [1.16100008e+01 8.67565721e-03].
2023-07-20 16:55:32,594 - INFO - Finished optimization with guess, [1.16100008e+01 8.67565721e-03].
2023-07-20 16:55:32,594 - INFO - Best fit parameters: [2.85015908e-04 3.94118178e-05].
2023-07-20 16:55:32,620 - INFO - Maximum log composite likelihood: -90.27329621939134.
2023-07-20 16:55:32,620 - INFO - Optimal value of theta: 8434.948352407686.
2023-07-20 16:55:32,622 - INFO - Beginning demographic inference for three-epoch demographic model.
2023-07-20 16:55:32,626 - INFO - Beginning optimization with guess, [0.00525827 0.0066955  0.01539919 0.01481688].
2023-07-20 16:55:37,661 - INFO - Finished optimization with guess, [0.00525827 0.0066955  0.01539919 0.01481688].
2023-07-20 16:55:37,661 - INFO - Best fit parameters: [0.00523179 0.00679707 0.0143998  0.01321451].
2023-07-20 16:55:37,766 - INFO - Maximum log composite likelihood: -35.709118558150294.
2023-07-20 16:55:37,767 - INFO - Optimal value of theta: 468610.68136978685.
2023-07-20 16:55:37,767 - INFO - Beginning optimization with guess, [0.01085272 0.03653014 0.01910993 0.00889509].
2023-07-20 16:55:41,279 - INFO - Finished optimization with guess, [0.01085272 0.03653014 0.01910993 0.00889509].
2023-07-20 16:55:41,281 - INFO - Best fit parameters: [0.0085012  0.03447249 0.02207319 0.00976073].
2023-07-20 16:55:41,353 - INFO - Maximum log composite likelihood: -34.51084123836881.
2023-07-20 16:55:41,353 - INFO - Optimal value of theta: 104113.35576237539.
2023-07-20 16:55:41,353 - INFO - Beginning optimization with guess, [0.03217785 0.03141803 0.01931123 0.00825938].
2023-07-20 16:55:43,683 - INFO - Finished optimization with guess, [0.03217785 0.03141803 0.01931123 0.00825938].
2023-07-20 16:55:43,683 - INFO - Best fit parameters: [0.01030133 0.07952351 0.01982779 0.01217413].
2023-07-20 16:55:43,743 - INFO - Maximum log composite likelihood: -41.576275877796434.
2023-07-20 16:55:43,744 - INFO - Optimal value of theta: 51573.97976179039.
2023-07-20 16:55:43,744 - INFO - Beginning optimization with guess, [0.06631057 0.02474231 0.01376213 0.00556433].
2023-07-20 16:55:45,026 - INFO - Finished optimization with guess, [0.06631057 0.02474231 0.01376213 0.00556433].
2023-07-20 16:55:45,026 - INFO - Best fit parameters: [0.07246881 0.09581333 0.01091203 0.00154389].
2023-07-20 16:55:45,054 - INFO - Maximum log composite likelihood: -77.28456199874017.
2023-07-20 16:55:45,054 - INFO - Optimal value of theta: 8576.577632666254.
2023-07-20 16:55:45,054 - INFO - Beginning optimization with guess, [0.03216692 0.02873449 0.00563153 0.00865361].
2023-07-20 16:55:46,439 - INFO - Finished optimization with guess, [0.03216692 0.02873449 0.00563153 0.00865361].
2023-07-20 16:55:46,440 - INFO - Best fit parameters: [0.03547272 0.06844985 0.00292159 0.00504788].
2023-07-20 16:55:46,467 - INFO - Maximum log composite likelihood: -80.24867898042066.
2023-07-20 16:55:46,467 - INFO - Optimal value of theta: 8516.576979758282.
2023-07-20 16:55:46,467 - INFO - Beginning optimization with guess, [0.7012149  0.36119319 0.01833754 0.01973474].
2023-07-20 16:55:47,936 - INFO - Finished optimization with guess, [0.7012149  0.36119319 0.01833754 0.01973474].
2023-07-20 16:55:47,937 - INFO - Best fit parameters: [0.68152643 0.2650141  0.0165185  0.17714824].
2023-07-20 16:55:47,972 - INFO - Maximum log composite likelihood: -36.61738171804791.
2023-07-20 16:55:47,972 - INFO - Optimal value of theta: 11551.784416547353.
2023-07-20 16:55:47,972 - INFO - Beginning optimization with guess, [1.21133515 1.36638315 0.0117069  0.00532546].
2023-07-20 16:55:49,035 - INFO - Finished optimization with guess, [1.21133515 1.36638315 0.0117069  0.00532546].
2023-07-20 16:55:49,035 - INFO - Best fit parameters: [8.03876808e-01 1.15734439e+00 3.18278661e-04 1.64687607e-06].
2023-07-20 16:55:49,060 - INFO - Maximum log composite likelihood: -673.4627788212811.
2023-07-20 16:55:49,060 - INFO - Optimal value of theta: 6611.383688771041.
2023-07-20 16:55:49,061 - INFO - Beginning optimization with guess, [0.4879704  0.668922   0.01396499 0.00973618].
2023-07-20 16:55:50,504 - INFO - Finished optimization with guess, [0.4879704  0.668922   0.01396499 0.00973618].
2023-07-20 16:55:50,504 - INFO - Best fit parameters: [0.31504889 0.73996596 0.12060188 0.01185064].
2023-07-20 16:55:50,534 - INFO - Maximum log composite likelihood: -61.4194976901872.
2023-07-20 16:55:50,535 - INFO - Optimal value of theta: 9241.901703300793.
2023-07-20 16:55:50,535 - INFO - Beginning optimization with guess, [1.16618248 0.4905931  0.0075627  0.01377655].
2023-07-20 16:55:52,039 - INFO - Finished optimization with guess, [1.16618248 0.4905931  0.0075627  0.01377655].
2023-07-20 16:55:52,040 - INFO - Best fit parameters: [1.14861015 0.3132158  0.01346551 0.16733602].
2023-07-20 16:55:52,072 - INFO - Maximum log composite likelihood: -41.420035348557576.
2023-07-20 16:55:52,073 - INFO - Optimal value of theta: 10200.588141853306.
2023-07-20 16:55:52,073 - INFO - Beginning optimization with guess, [0.54968003 0.57867232 0.00613685 0.00577552].
2023-07-20 16:55:53,455 - INFO - Finished optimization with guess, [0.54968003 0.57867232 0.00613685 0.00577552].
2023-07-20 16:55:53,455 - INFO - Best fit parameters: [0.36781783 0.5383145  0.19345721 0.01363508].
2023-07-20 16:55:53,487 - INFO - Maximum log composite likelihood: -79.27936541315103.
2023-07-20 16:55:53,488 - INFO - Optimal value of theta: 9744.009631137384.
2023-07-20 16:55:53,488 - INFO - Beginning optimization with guess, [1.53224645 1.85149611 0.01422897 0.00995577].
2023-07-20 16:55:54,512 - INFO - Finished optimization with guess, [1.53224645 1.85149611 0.01422897 0.00995577].
2023-07-20 16:55:54,512 - INFO - Best fit parameters: [7.62824268e-01 1.06978806e+00 1.40841246e-04 1.00408564e-04].
2023-07-20 16:55:54,536 - INFO - Maximum log composite likelihood: -673.9754314563643.
2023-07-20 16:55:54,536 - INFO - Optimal value of theta: 6610.800865485591.
2023-07-20 16:55:54,536 - INFO - Beginning optimization with guess, [2.81203636 1.19021037 0.00742614 0.00528177].
2023-07-20 16:55:55,588 - INFO - Finished optimization with guess, [2.81203636 1.19021037 0.00742614 0.00528177].
2023-07-20 16:55:55,588 - INFO - Best fit parameters: [3.49939723e-04 1.10167423e+00 4.77502735e-34 5.85708670e-20].
2023-07-20 16:55:55,613 - INFO - Maximum log composite likelihood: -674.4515393354004.
2023-07-20 16:55:55,613 - INFO - Optimal value of theta: 6610.260243999363.
2023-07-20 16:55:55,613 - INFO - Beginning optimization with guess, [1.15924091 0.98173831 0.01501174 0.01641294].
2023-07-20 16:55:56,948 - INFO - Finished optimization with guess, [1.15924091 0.98173831 0.01501174 0.01641294].
2023-07-20 16:55:56,948 - INFO - Best fit parameters: [1.042648   0.96342598 0.00632689 0.2838664 ].
2023-07-20 16:55:56,978 - INFO - Maximum log composite likelihood: -631.2374768894506.
2023-07-20 16:55:56,978 - INFO - Optimal value of theta: 6697.96895189113.
2023-07-20 16:55:56,978 - INFO - Beginning optimization with guess, [2.70481467 1.30888239 0.00801611 0.0079441 ].
2023-07-20 16:55:58,074 - INFO - Finished optimization with guess, [2.70481467 1.30888239 0.00801611 0.0079441 ].
2023-07-20 16:55:58,075 - INFO - Best fit parameters: [1.53918685e+00 8.59103538e-01 1.48648283e-05 9.01995948e-05].
2023-07-20 16:55:58,100 - INFO - Maximum log composite likelihood: -674.328499811877.
2023-07-20 16:55:58,100 - INFO - Optimal value of theta: 6610.399807352484.
2023-07-20 16:55:58,100 - INFO - Beginning optimization with guess, [1.90816711 1.97265613 0.00827068 0.01275854].
2023-07-20 16:55:59,221 - INFO - Finished optimization with guess, [1.90816711 1.97265613 0.00827068 0.01275854].
2023-07-20 16:55:59,221 - INFO - Best fit parameters: [1.58549657e+00 6.91147265e-01 1.10729550e-05 3.64680049e-03].
2023-07-20 16:55:59,246 - INFO - Maximum log composite likelihood: -654.6312321132364.
2023-07-20 16:55:59,246 - INFO - Optimal value of theta: 6633.363605954149.
2023-07-20 16:55:59,246 - INFO - Beginning optimization with guess, [1.96945441 2.507576   0.00506117 0.01473718].
2023-07-20 16:56:00,280 - INFO - Finished optimization with guess, [1.96945441 2.507576   0.00506117 0.01473718].
2023-07-20 16:56:00,281 - INFO - Best fit parameters: [6.89446386e-01 1.74406146e+00 1.02950600e-04 5.01002306e-05].
2023-07-20 16:56:00,304 - INFO - Maximum log composite likelihood: -674.133155239163.
2023-07-20 16:56:00,305 - INFO - Optimal value of theta: 6610.621734432105.
2023-07-20 16:56:00,305 - INFO - Beginning optimization with guess, [2.1260946  4.01953499 0.01274199 0.01728019].
2023-07-20 16:56:01,404 - INFO - Finished optimization with guess, [2.1260946  4.01953499 0.01274199 0.01728019].
2023-07-20 16:56:01,405 - INFO - Best fit parameters: [7.14796547e-01 2.52906366e+00 6.62823363e-04 1.55134693e-04].
2023-07-20 16:56:01,429 - INFO - Maximum log composite likelihood: -672.298567027914.
2023-07-20 16:56:01,430 - INFO - Optimal value of theta: 6612.719166594552.
2023-07-20 16:56:01,430 - INFO - Beginning optimization with guess, [4.08363211 3.1418489  0.01118878 0.01668616].
2023-07-20 16:56:02,535 - INFO - Finished optimization with guess, [4.08363211 3.1418489  0.01118878 0.01668616].
2023-07-20 16:56:02,536 - INFO - Best fit parameters: [4.34753304e+00 3.74181007e-01 7.24823990e-05 4.77121544e-03].
2023-07-20 16:56:02,561 - INFO - Maximum log composite likelihood: -583.8459473820621.
2023-07-20 16:56:02,561 - INFO - Optimal value of theta: 6721.714617534001.
2023-07-20 16:56:02,561 - INFO - Beginning optimization with guess, [5.73082849 3.81064472 0.01651491 0.01010156].
2023-07-20 16:56:03,646 - INFO - Finished optimization with guess, [5.73082849 3.81064472 0.01651491 0.01010156].
2023-07-20 16:56:03,646 - INFO - Best fit parameters: [3.20404792e+00 5.51288434e-01 1.40666316e-04 4.48969318e-04].
2023-07-20 16:56:03,670 - INFO - Maximum log composite likelihood: -671.036549746429.
2023-07-20 16:56:03,671 - INFO - Optimal value of theta: 6614.151720291137.
2023-07-20 16:56:03,671 - INFO - Beginning optimization with guess, [4.75786453 3.37481294 0.01632179 0.01952837].
2023-07-20 16:56:04,655 - INFO - Finished optimization with guess, [4.75786453 3.37481294 0.01632179 0.01952837].
2023-07-20 16:56:04,656 - INFO - Best fit parameters: [2.50907241e+00 1.66533442e-01 5.75250888e-05 2.67673284e-04].
2023-07-20 16:56:04,679 - INFO - Maximum log composite likelihood: -658.0773520281464.
2023-07-20 16:56:04,680 - INFO - Optimal value of theta: 6629.108308007938.
2023-07-20 16:56:04,680 - INFO - Beginning optimization with guess, [6.72845537e+00 4.79232460e+00 9.15875515e-03 5.26515536e-03].
2023-07-20 16:56:05,771 - INFO - Finished optimization with guess, [6.72845537e+00 4.79232460e+00 9.15875515e-03 5.26515536e-03].
2023-07-20 16:56:05,772 - INFO - Best fit parameters: [2.72742651e+00 3.27443200e-01 2.35607238e-05 7.11843369e-05].
2023-07-20 16:56:05,795 - INFO - Maximum log composite likelihood: -672.7712694325755.
2023-07-20 16:56:05,796 - INFO - Optimal value of theta: 6612.168642357203.
2023-07-20 16:56:05,796 - INFO - Beginning optimization with guess, [5.85832993 2.76934996 0.01457621 0.00627552].
2023-07-20 16:56:06,857 - INFO - Finished optimization with guess, [5.85832993 2.76934996 0.01457621 0.00627552].
2023-07-20 16:56:06,858 - INFO - Best fit parameters: [2.14210440e+00 5.25852974e-01 3.72421623e-05 6.91612207e-05].
2023-07-20 16:56:06,882 - INFO - Maximum log composite likelihood: -673.9064838245195.
2023-07-20 16:56:06,882 - INFO - Optimal value of theta: 6610.878695723509.
2023-07-20 16:56:06,882 - INFO - Beginning optimization with guess, [3.12205174 5.00714673 0.01873482 0.00909115].
2023-07-20 16:56:07,944 - INFO - Finished optimization with guess, [3.12205174 5.00714673 0.01873482 0.00909115].
2023-07-20 16:56:07,944 - INFO - Best fit parameters: [2.13683343e+00 4.88191066e-01 1.84745959e-04 3.76214042e-04].
2023-07-20 16:56:07,968 - INFO - Maximum log composite likelihood: -670.6857925763543.
2023-07-20 16:56:07,969 - INFO - Optimal value of theta: 6614.551203231881.
2023-07-20 16:56:07,969 - INFO - Beginning optimization with guess, [1.18372371e+01 1.09532468e+01 1.31680174e-02 8.64863515e-03].
2023-07-20 16:56:09,078 - INFO - Finished optimization with guess, [1.18372371e+01 1.09532468e+01 1.31680174e-02 8.64863515e-03].
2023-07-20 16:56:09,079 - INFO - Best fit parameters: [4.09912332e+00 1.67701118e-01 4.59734480e-05 1.01218317e-03].
2023-07-20 16:56:09,103 - INFO - Maximum log composite likelihood: -614.7101273308745.
2023-07-20 16:56:09,103 - INFO - Optimal value of theta: 6681.514479817081.
2023-07-20 16:56:09,105 - INFO - Finished demographic inference.
2023-07-20 16:56:09,105 - INFO - Pipeline executed succesfully.
