2023-03-29 14:04:03,883 - INFO - Beginning execution of fit_one_epoch.py in directory /u/project/ngarud/jonmah/demo_for_ccgb/Scripts

2023-03-29 14:04:03,883 - INFO - Progress is being logged to ../Data/UHGG/UHGG_Alistipes_finegoldii/log.log

2023-03-29 14:04:03,883 - INFO - Parsed the following arguments:
	syn_input_sfs = ../Data/UHGG/UHGG_Alistipes_finegoldii/downsampled_sfs.txt
	mask_singletons = False
	mask_doubletons = False
	outprefix = ../Data/UHGG/UHGG_Alistipes_finegoldii/

2023-03-29 14:04:03,889 - INFO - Beginning demographic inference for one-epoch demographic model.
2023-03-29 14:04:03,890 - INFO - Beginning optimization with guess, [0.11924314].
2023-03-29 14:04:03,937 - INFO - Finished optimization with guess, [0.11924314].
2023-03-29 14:04:03,937 - INFO - Best fit parameters: [0.11924314].
2023-03-29 14:04:03,960 - INFO - Maximum log composite likelihood: -938.698706340736.
2023-03-29 14:04:03,960 - INFO - Optimal value of theta: 16522.796155503194.
2023-03-29 14:04:03,961 - INFO - Beginning optimization with guess, [0.27035565].
2023-03-29 14:04:04,007 - INFO - Finished optimization with guess, [0.27035565].
2023-03-29 14:04:04,007 - INFO - Best fit parameters: [0.27035565].
2023-03-29 14:04:04,030 - INFO - Maximum log composite likelihood: -938.698706340736.
2023-03-29 14:04:04,030 - INFO - Optimal value of theta: 16522.796155503194.
2023-03-29 14:04:04,030 - INFO - Beginning optimization with guess, [0.17032302].
2023-03-29 14:04:04,076 - INFO - Finished optimization with guess, [0.17032302].
2023-03-29 14:04:04,076 - INFO - Best fit parameters: [0.17032302].
2023-03-29 14:04:04,099 - INFO - Maximum log composite likelihood: -938.698706340736.
2023-03-29 14:04:04,100 - INFO - Optimal value of theta: 16522.796155503194.
2023-03-29 14:04:04,100 - INFO - Beginning optimization with guess, [0.40533979].
2023-03-29 14:04:04,146 - INFO - Finished optimization with guess, [0.40533979].
2023-03-29 14:04:04,146 - INFO - Best fit parameters: [0.40533979].
2023-03-29 14:04:04,169 - INFO - Maximum log composite likelihood: -938.698706340736.
2023-03-29 14:04:04,169 - INFO - Optimal value of theta: 16522.796155503194.
2023-03-29 14:04:04,169 - INFO - Beginning optimization with guess, [0.61683813].
2023-03-29 14:04:04,215 - INFO - Finished optimization with guess, [0.61683813].
2023-03-29 14:04:04,215 - INFO - Best fit parameters: [0.61683813].
2023-03-29 14:04:04,238 - INFO - Maximum log composite likelihood: -938.698706340736.
2023-03-29 14:04:04,239 - INFO - Optimal value of theta: 16522.796155503194.
2023-03-29 14:04:04,239 - INFO - Beginning optimization with guess, [0.71407519].
2023-03-29 14:04:04,285 - INFO - Finished optimization with guess, [0.71407519].
2023-03-29 14:04:04,285 - INFO - Best fit parameters: [0.71407519].
2023-03-29 14:04:04,307 - INFO - Maximum log composite likelihood: -938.698706340736.
2023-03-29 14:04:04,308 - INFO - Optimal value of theta: 16522.796155503194.
2023-03-29 14:04:04,308 - INFO - Beginning optimization with guess, [0.51289664].
2023-03-29 14:04:04,354 - INFO - Finished optimization with guess, [0.51289664].
2023-03-29 14:04:04,354 - INFO - Best fit parameters: [0.51289664].
2023-03-29 14:04:04,376 - INFO - Maximum log composite likelihood: -938.698706340736.
2023-03-29 14:04:04,377 - INFO - Optimal value of theta: 16522.796155503194.
2023-03-29 14:04:04,377 - INFO - Beginning optimization with guess, [0.74867343].
2023-03-29 14:04:04,423 - INFO - Finished optimization with guess, [0.74867343].
2023-03-29 14:04:04,423 - INFO - Best fit parameters: [0.74867343].
2023-03-29 14:04:04,446 - INFO - Maximum log composite likelihood: -938.698706340736.
2023-03-29 14:04:04,446 - INFO - Optimal value of theta: 16522.796155503194.
2023-03-29 14:04:04,446 - INFO - Beginning optimization with guess, [0.81679097].
2023-03-29 14:04:04,492 - INFO - Finished optimization with guess, [0.81679097].
2023-03-29 14:04:04,492 - INFO - Best fit parameters: [0.81679097].
2023-03-29 14:04:04,515 - INFO - Maximum log composite likelihood: -938.698706340736.
2023-03-29 14:04:04,516 - INFO - Optimal value of theta: 16522.796155503194.
2023-03-29 14:04:04,516 - INFO - Beginning optimization with guess, [0.94657611].
2023-03-29 14:04:04,562 - INFO - Finished optimization with guess, [0.94657611].
2023-03-29 14:04:04,562 - INFO - Best fit parameters: [0.94657611].
2023-03-29 14:04:04,585 - INFO - Maximum log composite likelihood: -938.698706340736.
2023-03-29 14:04:04,585 - INFO - Optimal value of theta: 16522.796155503194.
2023-03-29 14:04:04,585 - INFO - Beginning optimization with guess, [1.4283222].
2023-03-29 14:04:04,631 - INFO - Finished optimization with guess, [1.4283222].
2023-03-29 14:04:04,631 - INFO - Best fit parameters: [1.4283222].
2023-03-29 14:04:04,654 - INFO - Maximum log composite likelihood: -938.698706340736.
2023-03-29 14:04:04,655 - INFO - Optimal value of theta: 16522.796155503194.
2023-03-29 14:04:04,655 - INFO - Beginning optimization with guess, [0.82851364].
2023-03-29 14:04:04,701 - INFO - Finished optimization with guess, [0.82851364].
2023-03-29 14:04:04,701 - INFO - Best fit parameters: [0.82851364].
2023-03-29 14:04:04,724 - INFO - Maximum log composite likelihood: -938.698706340736.
2023-03-29 14:04:04,724 - INFO - Optimal value of theta: 16522.796155503194.
2023-03-29 14:04:04,724 - INFO - Beginning optimization with guess, [3.3901645].
2023-03-29 14:04:04,772 - INFO - Finished optimization with guess, [3.3901645].
2023-03-29 14:04:04,772 - INFO - Best fit parameters: [3.3901645].
2023-03-29 14:04:04,795 - INFO - Maximum log composite likelihood: -938.698706340736.
2023-03-29 14:04:04,795 - INFO - Optimal value of theta: 16522.796155503194.
2023-03-29 14:04:04,796 - INFO - Beginning optimization with guess, [1.16372307].
2023-03-29 14:04:04,841 - INFO - Finished optimization with guess, [1.16372307].
2023-03-29 14:04:04,842 - INFO - Best fit parameters: [1.16372307].
2023-03-29 14:04:04,864 - INFO - Maximum log composite likelihood: -938.698706340736.
2023-03-29 14:04:04,865 - INFO - Optimal value of theta: 16522.796155503194.
2023-03-29 14:04:04,865 - INFO - Beginning optimization with guess, [4.14844989].
2023-03-29 14:04:04,910 - INFO - Finished optimization with guess, [4.14844989].
2023-03-29 14:04:04,911 - INFO - Best fit parameters: [4.14844989].
2023-03-29 14:04:04,933 - INFO - Maximum log composite likelihood: -938.698706340736.
2023-03-29 14:04:04,934 - INFO - Optimal value of theta: 16522.796155503194.
2023-03-29 14:04:04,934 - INFO - Beginning optimization with guess, [2.47365391].
2023-03-29 14:04:04,981 - INFO - Finished optimization with guess, [2.47365391].
2023-03-29 14:04:04,981 - INFO - Best fit parameters: [2.47365391].
2023-03-29 14:04:05,004 - INFO - Maximum log composite likelihood: -938.698706340736.
2023-03-29 14:04:05,004 - INFO - Optimal value of theta: 16522.796155503194.
2023-03-29 14:04:05,004 - INFO - Beginning optimization with guess, [1.3808234].
2023-03-29 14:04:05,050 - INFO - Finished optimization with guess, [1.3808234].
2023-03-29 14:04:05,051 - INFO - Best fit parameters: [1.3808234].
2023-03-29 14:04:05,074 - INFO - Maximum log composite likelihood: -938.698706340736.
2023-03-29 14:04:05,075 - INFO - Optimal value of theta: 16522.796155503194.
2023-03-29 14:04:05,075 - INFO - Beginning optimization with guess, [5.21760713].
2023-03-29 14:04:05,121 - INFO - Finished optimization with guess, [5.21760713].
2023-03-29 14:04:05,121 - INFO - Best fit parameters: [5.21760713].
2023-03-29 14:04:05,144 - INFO - Maximum log composite likelihood: -938.698706340736.
2023-03-29 14:04:05,144 - INFO - Optimal value of theta: 16522.796155503194.
2023-03-29 14:04:05,144 - INFO - Beginning optimization with guess, [2.78993481].
2023-03-29 14:04:05,190 - INFO - Finished optimization with guess, [2.78993481].
2023-03-29 14:04:05,190 - INFO - Best fit parameters: [2.78993481].
2023-03-29 14:04:05,213 - INFO - Maximum log composite likelihood: -938.698706340736.
2023-03-29 14:04:05,214 - INFO - Optimal value of theta: 16522.796155503194.
2023-03-29 14:04:05,214 - INFO - Beginning optimization with guess, [3.97429871].
2023-03-29 14:04:05,260 - INFO - Finished optimization with guess, [3.97429871].
2023-03-29 14:04:05,260 - INFO - Best fit parameters: [3.97429871].
2023-03-29 14:04:05,283 - INFO - Maximum log composite likelihood: -938.698706340736.
2023-03-29 14:04:05,283 - INFO - Optimal value of theta: 16522.796155503194.
2023-03-29 14:04:05,283 - INFO - Beginning optimization with guess, [2.81985523].
2023-03-29 14:04:05,329 - INFO - Finished optimization with guess, [2.81985523].
2023-03-29 14:04:05,330 - INFO - Best fit parameters: [2.81985523].
2023-03-29 14:04:05,353 - INFO - Maximum log composite likelihood: -938.698706340736.
2023-03-29 14:04:05,353 - INFO - Optimal value of theta: 16522.796155503194.
2023-03-29 14:04:05,353 - INFO - Beginning optimization with guess, [6.94539798].
2023-03-29 14:04:05,399 - INFO - Finished optimization with guess, [6.94539798].
2023-03-29 14:04:05,399 - INFO - Best fit parameters: [6.94539798].
2023-03-29 14:04:05,422 - INFO - Maximum log composite likelihood: -938.698706340736.
2023-03-29 14:04:05,422 - INFO - Optimal value of theta: 16522.796155503194.
2023-03-29 14:04:05,422 - INFO - Beginning optimization with guess, [8.62519744].
2023-03-29 14:04:05,468 - INFO - Finished optimization with guess, [8.62519744].
2023-03-29 14:04:05,468 - INFO - Best fit parameters: [8.62519744].
2023-03-29 14:04:05,491 - INFO - Maximum log composite likelihood: -938.698706340736.
2023-03-29 14:04:05,491 - INFO - Optimal value of theta: 16522.796155503194.
2023-03-29 14:04:05,492 - INFO - Beginning optimization with guess, [7.42515404].
2023-03-29 14:04:05,538 - INFO - Finished optimization with guess, [7.42515404].
2023-03-29 14:04:05,538 - INFO - Best fit parameters: [7.42515404].
2023-03-29 14:04:05,561 - INFO - Maximum log composite likelihood: -938.698706340736.
2023-03-29 14:04:05,561 - INFO - Optimal value of theta: 16522.796155503194.
2023-03-29 14:04:05,561 - INFO - Beginning optimization with guess, [5.62441692].
2023-03-29 14:04:05,607 - INFO - Finished optimization with guess, [5.62441692].
2023-03-29 14:04:05,607 - INFO - Best fit parameters: [5.62441692].
2023-03-29 14:04:05,630 - INFO - Maximum log composite likelihood: -938.698706340736.
2023-03-29 14:04:05,631 - INFO - Optimal value of theta: 16522.796155503194.
2023-03-29 14:04:05,632 - INFO - Finished demographic inference.
2023-03-29 14:04:05,632 - INFO - Pipeline executed succesfully.
