2023-04-13 10:43:40,980 - INFO - Beginning execution of evaluate_demography.py in directory /u/project/ngarud/jonmah/demo_for_ccgb/Scripts

2023-04-13 10:43:40,980 - INFO - Progress is being logged to ../Analysis/Dialister_invisus_61905_downsampled_14/complete_evaluate_demography.log

2023-04-13 10:43:40,980 - INFO - Parsed the following arguments:
	syn_input_sfs = ../Analysis/Dialister_invisus_61905_downsampled_14/empirical_syn_downsampled_sfs.txt
	model_type = two_epoch
	nu = 0.00272822
	tau = 0.0251103
	mask_singletons = False
	mask_doubletons = False
	outprefix = ../Analysis/Dialister_invisus_61905_downsampled_14/complete

2023-04-13 10:43:40,995 - INFO - Beginning demographic evaluation for two-epoch demographic model.
2023-04-13 10:43:40,996 - INFO - Beginning optimization with guess, [0.00272822, 0.0251103].
2023-04-13 10:43:44,055 - INFO - Finished optimization with guess, [0.00272822, 0.0251103].
2023-04-13 10:43:44,056 - INFO - Best fit parameters: [0.00272708 0.02510545].
2023-04-13 10:43:44,242 - INFO - Maximum log composite likelihood: -98.43355418561077.
2023-04-13 10:43:44,242 - INFO - Optimal value of theta: 3064366.8595950706.
2023-04-13 10:43:44,242 - INFO - Synonymous input SFS: [-- 9621.757916070559 4664.709904241507 3512.6407193557416 3047.057879784061 2758.8767320894094 2549.61308219708 1233.869006824881 -- -- -- -- -- -- --].
2023-04-13 10:43:44,243 - INFO - Scaled spectrum: [-- 9124.664054998762 4999.842244320086 3670.353905954665 3049.926012723974 2724.9399731633453 2562.4469533284987 1256.3520960739086 -- -- -- -- -- -- --].
2023-04-13 10:43:44,243 - INFO - Converting and interpreting Tau estimates.
2023-04-13 10:43:44,244 - INFO - Finished demographic evaluation.
2023-04-13 10:43:44,244 - INFO - Pipeline executed succesfully.
