2023-04-12 14:43:45,529 - INFO - Beginning execution of fit_one_epoch.py in directory /u/project/ngarud/jonmah/demo_for_ccgb/Scripts

2023-04-12 14:43:45,529 - INFO - Progress is being logged to ../Analysis/Dialister_invisus_61905_downsampled_14/complete_log.log

2023-04-12 14:43:45,530 - INFO - Parsed the following arguments:
	syn_input_sfs = ../Analysis/Dialister_invisus_61905_downsampled_14/empirical_syn_downsampled_sfs.txt
	mask_singletons = False
	mask_doubletons = False
	outprefix = ../Analysis/Dialister_invisus_61905_downsampled_14/complete

2023-04-12 14:43:45,535 - INFO - Beginning demographic inference for one-epoch demographic model.
2023-04-12 14:43:45,554 - INFO - Beginning optimization with guess, [0.17715457].
2023-04-12 14:43:45,609 - INFO - Finished optimization with guess, [0.17715457].
2023-04-12 14:43:45,609 - INFO - Best fit parameters: [0.17715457].
2023-04-12 14:43:45,636 - INFO - Maximum log composite likelihood: -58.73247848931078.
2023-04-12 14:43:45,636 - INFO - Optimal value of theta: 8612.383147459812.
2023-04-12 14:43:45,636 - INFO - Beginning optimization with guess, [0.27626141].
2023-04-12 14:43:45,691 - INFO - Finished optimization with guess, [0.27626141].
2023-04-12 14:43:45,691 - INFO - Best fit parameters: [0.27626141].
2023-04-12 14:43:45,718 - INFO - Maximum log composite likelihood: -58.73247848931078.
2023-04-12 14:43:45,718 - INFO - Optimal value of theta: 8612.383147459812.
2023-04-12 14:43:45,719 - INFO - Beginning optimization with guess, [0.15300293].
2023-04-12 14:43:45,774 - INFO - Finished optimization with guess, [0.15300293].
2023-04-12 14:43:45,774 - INFO - Best fit parameters: [0.15300293].
2023-04-12 14:43:45,801 - INFO - Maximum log composite likelihood: -58.73247848931078.
2023-04-12 14:43:45,801 - INFO - Optimal value of theta: 8612.383147459812.
2023-04-12 14:43:45,801 - INFO - Beginning optimization with guess, [0.34527175].
2023-04-12 14:43:45,856 - INFO - Finished optimization with guess, [0.34527175].
2023-04-12 14:43:45,857 - INFO - Best fit parameters: [0.34527175].
2023-04-12 14:43:45,884 - INFO - Maximum log composite likelihood: -58.73247848931078.
2023-04-12 14:43:45,884 - INFO - Optimal value of theta: 8612.383147459812.
2023-04-12 14:43:45,884 - INFO - Beginning optimization with guess, [0.32779005].
2023-04-12 14:43:45,939 - INFO - Finished optimization with guess, [0.32779005].
2023-04-12 14:43:45,940 - INFO - Best fit parameters: [0.32779005].
2023-04-12 14:43:45,967 - INFO - Maximum log composite likelihood: -58.73247848931078.
2023-04-12 14:43:45,967 - INFO - Optimal value of theta: 8612.383147459812.
2023-04-12 14:43:45,968 - INFO - Beginning optimization with guess, [0.95164202].
2023-04-12 14:43:46,022 - INFO - Finished optimization with guess, [0.95164202].
2023-04-12 14:43:46,022 - INFO - Best fit parameters: [0.95164202].
2023-04-12 14:43:46,050 - INFO - Maximum log composite likelihood: -58.73247848931078.
2023-04-12 14:43:46,050 - INFO - Optimal value of theta: 8612.383147459812.
2023-04-12 14:43:46,050 - INFO - Beginning optimization with guess, [0.51454761].
2023-04-12 14:43:46,107 - INFO - Finished optimization with guess, [0.51454761].
2023-04-12 14:43:46,107 - INFO - Best fit parameters: [0.51454761].
2023-04-12 14:43:46,135 - INFO - Maximum log composite likelihood: -58.73247848931078.
2023-04-12 14:43:46,135 - INFO - Optimal value of theta: 8612.383147459812.
2023-04-12 14:43:46,135 - INFO - Beginning optimization with guess, [1.06266928].
2023-04-12 14:43:46,191 - INFO - Finished optimization with guess, [1.06266928].
2023-04-12 14:43:46,191 - INFO - Best fit parameters: [1.06266928].
2023-04-12 14:43:46,218 - INFO - Maximum log composite likelihood: -58.73247848931078.
2023-04-12 14:43:46,218 - INFO - Optimal value of theta: 8612.383147459812.
2023-04-12 14:43:46,219 - INFO - Beginning optimization with guess, [1.13019721].
2023-04-12 14:43:46,274 - INFO - Finished optimization with guess, [1.13019721].
2023-04-12 14:43:46,274 - INFO - Best fit parameters: [1.13019721].
2023-04-12 14:43:46,301 - INFO - Maximum log composite likelihood: -58.73247848931078.
2023-04-12 14:43:46,301 - INFO - Optimal value of theta: 8612.383147459812.
2023-04-12 14:43:46,301 - INFO - Beginning optimization with guess, [0.75011367].
2023-04-12 14:43:46,355 - INFO - Finished optimization with guess, [0.75011367].
2023-04-12 14:43:46,355 - INFO - Best fit parameters: [0.75011367].
2023-04-12 14:43:46,384 - INFO - Maximum log composite likelihood: -58.73247848931078.
2023-04-12 14:43:46,385 - INFO - Optimal value of theta: 8612.383147459812.
2023-04-12 14:43:46,385 - INFO - Beginning optimization with guess, [1.86263474].
2023-04-12 14:43:46,437 - INFO - Finished optimization with guess, [1.86263474].
2023-04-12 14:43:46,437 - INFO - Best fit parameters: [1.86263474].
2023-04-12 14:43:46,462 - INFO - Maximum log composite likelihood: -58.73247848931078.
2023-04-12 14:43:46,462 - INFO - Optimal value of theta: 8612.383147459812.
2023-04-12 14:43:46,462 - INFO - Beginning optimization with guess, [1.6366407].
2023-04-12 14:43:46,514 - INFO - Finished optimization with guess, [1.6366407].
2023-04-12 14:43:46,514 - INFO - Best fit parameters: [1.6366407].
2023-04-12 14:43:46,540 - INFO - Maximum log composite likelihood: -58.73247848931078.
2023-04-12 14:43:46,540 - INFO - Optimal value of theta: 8612.383147459812.
2023-04-12 14:43:46,540 - INFO - Beginning optimization with guess, [3.07128192].
2023-04-12 14:43:46,593 - INFO - Finished optimization with guess, [3.07128192].
2023-04-12 14:43:46,593 - INFO - Best fit parameters: [3.07128192].
2023-04-12 14:43:46,618 - INFO - Maximum log composite likelihood: -58.73247848931078.
2023-04-12 14:43:46,619 - INFO - Optimal value of theta: 8612.383147459812.
2023-04-12 14:43:46,619 - INFO - Beginning optimization with guess, [3.98487157].
2023-04-12 14:43:46,670 - INFO - Finished optimization with guess, [3.98487157].
2023-04-12 14:43:46,671 - INFO - Best fit parameters: [3.98487157].
2023-04-12 14:43:46,696 - INFO - Maximum log composite likelihood: -58.73247848931078.
2023-04-12 14:43:46,696 - INFO - Optimal value of theta: 8612.383147459812.
2023-04-12 14:43:46,697 - INFO - Beginning optimization with guess, [1.38820385].
2023-04-12 14:43:46,748 - INFO - Finished optimization with guess, [1.38820385].
2023-04-12 14:43:46,748 - INFO - Best fit parameters: [1.38820385].
2023-04-12 14:43:46,774 - INFO - Maximum log composite likelihood: -58.73247848931078.
2023-04-12 14:43:46,775 - INFO - Optimal value of theta: 8612.383147459812.
2023-04-12 14:43:46,775 - INFO - Beginning optimization with guess, [2.75724621].
2023-04-12 14:43:46,826 - INFO - Finished optimization with guess, [2.75724621].
2023-04-12 14:43:46,826 - INFO - Best fit parameters: [2.75724621].
2023-04-12 14:43:46,852 - INFO - Maximum log composite likelihood: -58.73247848931078.
2023-04-12 14:43:46,852 - INFO - Optimal value of theta: 8612.383147459812.
2023-04-12 14:43:46,852 - INFO - Beginning optimization with guess, [3.30231759].
2023-04-12 14:43:46,902 - INFO - Finished optimization with guess, [3.30231759].
2023-04-12 14:43:46,903 - INFO - Best fit parameters: [3.30231759].
2023-04-12 14:43:46,927 - INFO - Maximum log composite likelihood: -58.73247848931078.
2023-04-12 14:43:46,928 - INFO - Optimal value of theta: 8612.383147459812.
2023-04-12 14:43:46,928 - INFO - Beginning optimization with guess, [3.28643702].
2023-04-12 14:43:46,977 - INFO - Finished optimization with guess, [3.28643702].
2023-04-12 14:43:46,977 - INFO - Best fit parameters: [3.28643702].
2023-04-12 14:43:47,002 - INFO - Maximum log composite likelihood: -58.73247848931078.
2023-04-12 14:43:47,002 - INFO - Optimal value of theta: 8612.383147459812.
2023-04-12 14:43:47,002 - INFO - Beginning optimization with guess, [1.92393014].
2023-04-12 14:43:47,052 - INFO - Finished optimization with guess, [1.92393014].
2023-04-12 14:43:47,052 - INFO - Best fit parameters: [1.92393014].
2023-04-12 14:43:47,077 - INFO - Maximum log composite likelihood: -58.73247848931078.
2023-04-12 14:43:47,077 - INFO - Optimal value of theta: 8612.383147459812.
2023-04-12 14:43:47,078 - INFO - Beginning optimization with guess, [4.23228819].
2023-04-12 14:43:47,128 - INFO - Finished optimization with guess, [4.23228819].
2023-04-12 14:43:47,128 - INFO - Best fit parameters: [4.23228819].
2023-04-12 14:43:47,154 - INFO - Maximum log composite likelihood: -58.73247848931078.
2023-04-12 14:43:47,155 - INFO - Optimal value of theta: 8612.383147459812.
2023-04-12 14:43:47,155 - INFO - Beginning optimization with guess, [6.94708745].
2023-04-12 14:43:47,208 - INFO - Finished optimization with guess, [6.94708745].
2023-04-12 14:43:47,208 - INFO - Best fit parameters: [6.94708745].
2023-04-12 14:43:47,233 - INFO - Maximum log composite likelihood: -58.73247848931078.
2023-04-12 14:43:47,233 - INFO - Optimal value of theta: 8612.383147459812.
2023-04-12 14:43:47,233 - INFO - Beginning optimization with guess, [2.88760354].
2023-04-12 14:43:47,286 - INFO - Finished optimization with guess, [2.88760354].
2023-04-12 14:43:47,286 - INFO - Best fit parameters: [2.88760354].
2023-04-12 14:43:47,312 - INFO - Maximum log composite likelihood: -58.73247848931078.
2023-04-12 14:43:47,312 - INFO - Optimal value of theta: 8612.383147459812.
2023-04-12 14:43:47,312 - INFO - Beginning optimization with guess, [9.06142417].
2023-04-12 14:43:47,365 - INFO - Finished optimization with guess, [9.06142417].
2023-04-12 14:43:47,365 - INFO - Best fit parameters: [9.06142417].
2023-04-12 14:43:47,390 - INFO - Maximum log composite likelihood: -58.73247848931078.
2023-04-12 14:43:47,391 - INFO - Optimal value of theta: 8612.383147459812.
2023-04-12 14:43:47,391 - INFO - Beginning optimization with guess, [13.13842331].
2023-04-12 14:43:47,442 - INFO - Finished optimization with guess, [13.13842331].
2023-04-12 14:43:47,442 - INFO - Best fit parameters: [13.13842331].
2023-04-12 14:43:47,467 - INFO - Maximum log composite likelihood: -58.73247848931078.
2023-04-12 14:43:47,468 - INFO - Optimal value of theta: 8612.383147459812.
2023-04-12 14:43:47,468 - INFO - Beginning optimization with guess, [10.67828552].
2023-04-12 14:43:47,518 - INFO - Finished optimization with guess, [10.67828552].
2023-04-12 14:43:47,518 - INFO - Best fit parameters: [10.67828552].
2023-04-12 14:43:47,545 - INFO - Maximum log composite likelihood: -58.73247848931078.
2023-04-12 14:43:47,545 - INFO - Optimal value of theta: 8612.383147459812.
2023-04-12 14:43:47,547 - INFO - Finished demographic inference.
2023-04-12 14:43:47,547 - INFO - Pipeline executed succesfully.
