2023-07-20 16:54:13,191 - INFO - Beginning execution of fit_one_epoch.py in directory /u/project/ngarud/jonmah/demo_for_ccgb/Scripts

2023-07-20 16:54:13,191 - INFO - Progress is being logged to ../Analysis/Dialister_invisus_61905_downsampled_14/core_log.log

2023-07-20 16:54:13,191 - INFO - Parsed the following arguments:
	syn_input_sfs = ../Analysis/Dialister_invisus_61905_downsampled_14/core_empirical_syn_downsampled_sfs.txt
	mask_singletons = False
	mask_doubletons = False
	outprefix = ../Analysis/Dialister_invisus_61905_downsampled_14/core

2023-07-20 16:54:13,195 - INFO - Beginning demographic inference for one-epoch demographic model.
2023-07-20 16:54:13,199 - INFO - Beginning optimization with guess, [0.08180721].
2023-07-20 16:54:14,278 - INFO - Finished optimization with guess, [0.08180721].
2023-07-20 16:54:14,278 - INFO - Best fit parameters: [0.08180721].
2023-07-20 16:54:14,307 - INFO - Maximum log composite likelihood: -81.42079635273967.
2023-07-20 16:54:14,307 - INFO - Optimal value of theta: 7303.888152435266.
2023-07-20 16:54:14,307 - INFO - Beginning optimization with guess, [0.24632703].
2023-07-20 16:54:15,188 - INFO - Finished optimization with guess, [0.24632703].
2023-07-20 16:54:15,188 - INFO - Best fit parameters: [0.24632703].
2023-07-20 16:54:15,215 - INFO - Maximum log composite likelihood: -81.42079635273967.
2023-07-20 16:54:15,215 - INFO - Optimal value of theta: 7303.888152435266.
2023-07-20 16:54:15,216 - INFO - Beginning optimization with guess, [0.44776447].
2023-07-20 16:54:15,980 - INFO - Finished optimization with guess, [0.44776447].
2023-07-20 16:54:15,980 - INFO - Best fit parameters: [0.44776447].
2023-07-20 16:54:16,006 - INFO - Maximum log composite likelihood: -81.42079635273967.
2023-07-20 16:54:16,007 - INFO - Optimal value of theta: 7303.888152435266.
2023-07-20 16:54:16,007 - INFO - Beginning optimization with guess, [0.65574773].
2023-07-20 16:54:16,689 - INFO - Finished optimization with guess, [0.65574773].
2023-07-20 16:54:16,690 - INFO - Best fit parameters: [0.65574773].
2023-07-20 16:54:16,737 - INFO - Maximum log composite likelihood: -81.42079635273967.
2023-07-20 16:54:16,737 - INFO - Optimal value of theta: 7303.888152435266.
2023-07-20 16:54:16,737 - INFO - Beginning optimization with guess, [0.38032457].
2023-07-20 16:54:17,565 - INFO - Finished optimization with guess, [0.38032457].
2023-07-20 16:54:17,565 - INFO - Best fit parameters: [0.38032457].
2023-07-20 16:54:17,593 - INFO - Maximum log composite likelihood: -81.42079635273967.
2023-07-20 16:54:17,593 - INFO - Optimal value of theta: 7303.888152435266.
2023-07-20 16:54:17,593 - INFO - Beginning optimization with guess, [1.13522448].
2023-07-20 16:54:18,142 - INFO - Finished optimization with guess, [1.13522448].
2023-07-20 16:54:18,142 - INFO - Best fit parameters: [1.13522448].
2023-07-20 16:54:18,170 - INFO - Maximum log composite likelihood: -81.42079635273967.
2023-07-20 16:54:18,170 - INFO - Optimal value of theta: 7303.888152435266.
2023-07-20 16:54:18,170 - INFO - Beginning optimization with guess, [0.38842566].
2023-07-20 16:54:18,994 - INFO - Finished optimization with guess, [0.38842566].
2023-07-20 16:54:18,994 - INFO - Best fit parameters: [0.38842566].
2023-07-20 16:54:19,023 - INFO - Maximum log composite likelihood: -81.42079635273967.
2023-07-20 16:54:19,023 - INFO - Optimal value of theta: 7303.888152435266.
2023-07-20 16:54:19,023 - INFO - Beginning optimization with guess, [0.68360495].
2023-07-20 16:54:19,780 - INFO - Finished optimization with guess, [0.68360495].
2023-07-20 16:54:19,780 - INFO - Best fit parameters: [0.68360495].
2023-07-20 16:54:19,809 - INFO - Maximum log composite likelihood: -81.42079635273967.
2023-07-20 16:54:19,809 - INFO - Optimal value of theta: 7303.888152435266.
2023-07-20 16:54:19,810 - INFO - Beginning optimization with guess, [1.79802613].
2023-07-20 16:54:20,628 - INFO - Finished optimization with guess, [1.79802613].
2023-07-20 16:54:20,628 - INFO - Best fit parameters: [1.79802613].
2023-07-20 16:54:20,655 - INFO - Maximum log composite likelihood: -81.42079635273967.
2023-07-20 16:54:20,655 - INFO - Optimal value of theta: 7303.888152435266.
2023-07-20 16:54:20,656 - INFO - Beginning optimization with guess, [0.54365159].
2023-07-20 16:54:21,479 - INFO - Finished optimization with guess, [0.54365159].
2023-07-20 16:54:21,480 - INFO - Best fit parameters: [0.54365159].
2023-07-20 16:54:21,508 - INFO - Maximum log composite likelihood: -81.42079635273967.
2023-07-20 16:54:21,508 - INFO - Optimal value of theta: 7303.888152435266.
2023-07-20 16:54:21,508 - INFO - Beginning optimization with guess, [1.09539502].
2023-07-20 16:54:22,066 - INFO - Finished optimization with guess, [1.09539502].
2023-07-20 16:54:22,066 - INFO - Best fit parameters: [1.09539502].
2023-07-20 16:54:22,095 - INFO - Maximum log composite likelihood: -81.42079635273967.
2023-07-20 16:54:22,095 - INFO - Optimal value of theta: 7303.888152435266.
2023-07-20 16:54:22,095 - INFO - Beginning optimization with guess, [1.82007157].
2023-07-20 16:54:22,918 - INFO - Finished optimization with guess, [1.82007157].
2023-07-20 16:54:22,919 - INFO - Best fit parameters: [1.82007157].
2023-07-20 16:54:22,946 - INFO - Maximum log composite likelihood: -81.42079635273967.
2023-07-20 16:54:22,947 - INFO - Optimal value of theta: 7303.888152435266.
2023-07-20 16:54:22,947 - INFO - Beginning optimization with guess, [1.0652234].
2023-07-20 16:54:23,429 - INFO - Finished optimization with guess, [1.0652234].
2023-07-20 16:54:23,429 - INFO - Best fit parameters: [1.0652234].
2023-07-20 16:54:23,457 - INFO - Maximum log composite likelihood: -81.42079635273967.
2023-07-20 16:54:23,457 - INFO - Optimal value of theta: 7303.888152435266.
2023-07-20 16:54:23,458 - INFO - Beginning optimization with guess, [1.04170598].
2023-07-20 16:54:23,919 - INFO - Finished optimization with guess, [1.04170598].
2023-07-20 16:54:23,919 - INFO - Best fit parameters: [1.04170598].
2023-07-20 16:54:23,946 - INFO - Maximum log composite likelihood: -81.42079635273967.
2023-07-20 16:54:23,946 - INFO - Optimal value of theta: 7303.888152435266.
2023-07-20 16:54:23,946 - INFO - Beginning optimization with guess, [3.18440202].
2023-07-20 16:54:24,808 - INFO - Finished optimization with guess, [3.18440202].
2023-07-20 16:54:24,808 - INFO - Best fit parameters: [3.18440202].
2023-07-20 16:54:24,835 - INFO - Maximum log composite likelihood: -81.42079635273967.
2023-07-20 16:54:24,835 - INFO - Optimal value of theta: 7303.888152435266.
2023-07-20 16:54:24,835 - INFO - Beginning optimization with guess, [1.4525417].
2023-07-20 16:54:25,543 - INFO - Finished optimization with guess, [1.4525417].
2023-07-20 16:54:25,543 - INFO - Best fit parameters: [1.4525417].
2023-07-20 16:54:25,571 - INFO - Maximum log composite likelihood: -81.42079635273967.
2023-07-20 16:54:25,571 - INFO - Optimal value of theta: 7303.888152435266.
2023-07-20 16:54:25,571 - INFO - Beginning optimization with guess, [4.44680986].
2023-07-20 16:54:26,438 - INFO - Finished optimization with guess, [4.44680986].
2023-07-20 16:54:26,438 - INFO - Best fit parameters: [4.44680986].
2023-07-20 16:54:26,465 - INFO - Maximum log composite likelihood: -81.42079635273967.
2023-07-20 16:54:26,465 - INFO - Optimal value of theta: 7303.888152435266.
2023-07-20 16:54:26,465 - INFO - Beginning optimization with guess, [1.66532821].
2023-07-20 16:54:27,183 - INFO - Finished optimization with guess, [1.66532821].
2023-07-20 16:54:27,184 - INFO - Best fit parameters: [1.66532821].
2023-07-20 16:54:27,211 - INFO - Maximum log composite likelihood: -81.42079635273967.
2023-07-20 16:54:27,212 - INFO - Optimal value of theta: 7303.888152435266.
2023-07-20 16:54:27,212 - INFO - Beginning optimization with guess, [4.12843946].
2023-07-20 16:54:28,073 - INFO - Finished optimization with guess, [4.12843946].
2023-07-20 16:54:28,073 - INFO - Best fit parameters: [4.12843946].
2023-07-20 16:54:28,100 - INFO - Maximum log composite likelihood: -81.42079635273967.
2023-07-20 16:54:28,100 - INFO - Optimal value of theta: 7303.888152435266.
2023-07-20 16:54:28,101 - INFO - Beginning optimization with guess, [2.52328952].
2023-07-20 16:54:28,879 - INFO - Finished optimization with guess, [2.52328952].
2023-07-20 16:54:28,880 - INFO - Best fit parameters: [2.52328952].
2023-07-20 16:54:28,906 - INFO - Maximum log composite likelihood: -81.42079635273967.
2023-07-20 16:54:28,907 - INFO - Optimal value of theta: 7303.888152435266.
2023-07-20 16:54:28,907 - INFO - Beginning optimization with guess, [3.23201516].
2023-07-20 16:54:29,746 - INFO - Finished optimization with guess, [3.23201516].
2023-07-20 16:54:29,746 - INFO - Best fit parameters: [3.23201516].
2023-07-20 16:54:29,772 - INFO - Maximum log composite likelihood: -81.42079635273967.
2023-07-20 16:54:29,772 - INFO - Optimal value of theta: 7303.888152435266.
2023-07-20 16:54:29,773 - INFO - Beginning optimization with guess, [2.60543772].
2023-07-20 16:54:30,560 - INFO - Finished optimization with guess, [2.60543772].
2023-07-20 16:54:30,560 - INFO - Best fit parameters: [2.60543772].
2023-07-20 16:54:30,589 - INFO - Maximum log composite likelihood: -81.42079635273967.
2023-07-20 16:54:30,589 - INFO - Optimal value of theta: 7303.888152435266.
2023-07-20 16:54:30,590 - INFO - Beginning optimization with guess, [11.16720242].
2023-07-20 16:54:31,588 - INFO - Finished optimization with guess, [11.16720242].
2023-07-20 16:54:31,588 - INFO - Best fit parameters: [11.16720242].
2023-07-20 16:54:31,615 - INFO - Maximum log composite likelihood: -81.42079635273967.
2023-07-20 16:54:31,616 - INFO - Optimal value of theta: 7303.888152435266.
2023-07-20 16:54:31,616 - INFO - Beginning optimization with guess, [8.84561807].
2023-07-20 16:54:32,556 - INFO - Finished optimization with guess, [8.84561807].
2023-07-20 16:54:32,557 - INFO - Best fit parameters: [8.84561807].
2023-07-20 16:54:32,582 - INFO - Maximum log composite likelihood: -81.42079635273967.
2023-07-20 16:54:32,582 - INFO - Optimal value of theta: 7303.888152435266.
2023-07-20 16:54:32,584 - INFO - Beginning demographic inference for two-epoch demographic model.
2023-07-20 16:54:32,587 - INFO - Beginning optimization with guess, [0.13023432 0.00634962].
2023-07-20 16:54:34,031 - INFO - Finished optimization with guess, [0.13023432 0.00634962].
2023-07-20 16:54:34,031 - INFO - Best fit parameters: [4.51594495 0.02656046].
2023-07-20 16:54:34,059 - INFO - Maximum log composite likelihood: -39.8566050151112.
2023-07-20 16:54:34,060 - INFO - Optimal value of theta: 6994.547520625456.
2023-07-20 16:54:34,060 - INFO - Beginning optimization with guess, [0.28382667 0.01982788].
2023-07-20 16:54:35,452 - INFO - Finished optimization with guess, [0.28382667 0.01982788].
2023-07-20 16:54:35,453 - INFO - Best fit parameters: [3.34571314 0.03157521].
2023-07-20 16:54:35,482 - INFO - Maximum log composite likelihood: -40.12739145123851.
2023-07-20 16:54:35,482 - INFO - Optimal value of theta: 6977.351480210539.
2023-07-20 16:54:35,482 - INFO - Beginning optimization with guess, [0.41062798 0.01945349].
2023-07-20 16:54:36,894 - INFO - Finished optimization with guess, [0.41062798 0.01945349].
2023-07-20 16:54:36,894 - INFO - Best fit parameters: [2.00103513 0.04939505].
2023-07-20 16:54:36,923 - INFO - Maximum log composite likelihood: -41.77710714868954.
2023-07-20 16:54:36,923 - INFO - Optimal value of theta: 6956.440911920777.
2023-07-20 16:54:36,924 - INFO - Beginning optimization with guess, [0.22833969 0.01209164].
2023-07-20 16:54:38,351 - INFO - Finished optimization with guess, [0.22833969 0.01209164].
2023-07-20 16:54:38,351 - INFO - Best fit parameters: [3.56575966 0.0297212 ].
2023-07-20 16:54:38,379 - INFO - Maximum log composite likelihood: -40.1028137978019.
2023-07-20 16:54:38,379 - INFO - Optimal value of theta: 6987.169364996074.
2023-07-20 16:54:38,379 - INFO - Beginning optimization with guess, [0.81897457 0.01608577].
2023-07-20 16:54:39,804 - INFO - Finished optimization with guess, [0.81897457 0.01608577].
2023-07-20 16:54:39,804 - INFO - Best fit parameters: [1.55395032 0.05415845].
2023-07-20 16:54:39,832 - INFO - Maximum log composite likelihood: -45.15310003659397.
2023-07-20 16:54:39,833 - INFO - Optimal value of theta: 7036.791247232499.
2023-07-20 16:54:39,833 - INFO - Beginning optimization with guess, [0.31157354 0.01259617].
2023-07-20 16:54:41,222 - INFO - Finished optimization with guess, [0.31157354 0.01259617].
2023-07-20 16:54:41,223 - INFO - Best fit parameters: [3.9730138  0.02661914].
2023-07-20 16:54:41,250 - INFO - Maximum log composite likelihood: -40.20018832942333.
2023-07-20 16:54:41,250 - INFO - Optimal value of theta: 7006.295808871985.
2023-07-20 16:54:41,250 - INFO - Beginning optimization with guess, [0.48834449 0.01215282].
2023-07-20 16:54:44,291 - INFO - Finished optimization with guess, [0.48834449 0.01215282].
2023-07-20 16:54:44,291 - INFO - Best fit parameters: [2.31788997 0.03607434].
2023-07-20 16:54:44,320 - INFO - Maximum log composite likelihood: -41.35638942980495.
2023-07-20 16:54:44,320 - INFO - Optimal value of theta: 7005.801361780091.
2023-07-20 16:54:44,320 - INFO - Beginning optimization with guess, [1.20110716 0.01523377].
2023-07-20 16:54:45,804 - INFO - Finished optimization with guess, [1.20110716 0.01523377].
2023-07-20 16:54:45,804 - INFO - Best fit parameters: [4.28278168 0.02659407].
2023-07-20 16:54:45,833 - INFO - Maximum log composite likelihood: -39.974932731443914.
2023-07-20 16:54:45,833 - INFO - Optimal value of theta: 6999.097427363826.
2023-07-20 16:54:45,833 - INFO - Beginning optimization with guess, [1.65343391 0.00562493].
2023-07-20 16:54:47,250 - INFO - Finished optimization with guess, [1.65343391 0.00562493].
2023-07-20 16:54:47,252 - INFO - Best fit parameters: [4.49745186 0.02640442].
2023-07-20 16:54:47,281 - INFO - Maximum log composite likelihood: -39.88707076120045.
2023-07-20 16:54:47,281 - INFO - Optimal value of theta: 6996.62271282684.
2023-07-20 16:54:47,281 - INFO - Beginning optimization with guess, [1.5634501  0.01306883].
2023-07-20 16:54:48,586 - INFO - Finished optimization with guess, [1.5634501  0.01306883].
2023-07-20 16:54:48,586 - INFO - Best fit parameters: [8.5740018 0.0260699].
2023-07-20 16:54:48,614 - INFO - Maximum log composite likelihood: -39.56548237127754.
2023-07-20 16:54:48,615 - INFO - Optimal value of theta: 6957.894836020926.
2023-07-20 16:54:48,615 - INFO - Beginning optimization with guess, [2.07760607 0.00576337].
2023-07-20 16:54:50,007 - INFO - Finished optimization with guess, [2.07760607 0.00576337].
2023-07-20 16:54:50,007 - INFO - Best fit parameters: [3.79248692 0.03107782].
2023-07-20 16:54:50,035 - INFO - Maximum log composite likelihood: -40.02875930653772.
2023-07-20 16:54:50,036 - INFO - Optimal value of theta: 6965.939650076863.
2023-07-20 16:54:50,036 - INFO - Beginning optimization with guess, [1.55692568 0.00927668].
2023-07-20 16:54:51,417 - INFO - Finished optimization with guess, [1.55692568 0.00927668].
2023-07-20 16:54:51,417 - INFO - Best fit parameters: [2.11941131 0.04632639].
2023-07-20 16:54:51,445 - INFO - Maximum log composite likelihood: -41.46752935659424.
2023-07-20 16:54:51,446 - INFO - Optimal value of theta: 6956.998514011866.
2023-07-20 16:54:51,446 - INFO - Beginning optimization with guess, [2.50229733 0.0085301 ].
2023-07-20 16:54:52,729 - INFO - Finished optimization with guess, [2.50229733 0.0085301 ].
2023-07-20 16:54:52,729 - INFO - Best fit parameters: [5.31965056 0.02738162].
2023-07-20 16:54:52,757 - INFO - Maximum log composite likelihood: -39.65133032137874.
2023-07-20 16:54:52,757 - INFO - Optimal value of theta: 6971.659692344143.
2023-07-20 16:54:52,758 - INFO - Beginning optimization with guess, [3.81073521 0.01462503].
2023-07-20 16:54:54,072 - INFO - Finished optimization with guess, [3.81073521 0.01462503].
2023-07-20 16:54:54,074 - INFO - Best fit parameters: [9.31435371e+01 2.13941199e-02].
2023-07-20 16:54:54,102 - INFO - Maximum log composite likelihood: -38.85888281815278.
2023-07-20 16:54:54,103 - INFO - Optimal value of theta: 6979.2257451924115.
2023-07-20 16:54:54,103 - INFO - Beginning optimization with guess, [2.41746426 0.0166137 ].
2023-07-20 16:54:55,410 - INFO - Finished optimization with guess, [2.41746426 0.0166137 ].
2023-07-20 16:54:55,410 - INFO - Best fit parameters: [12.97230218  0.02136002].
2023-07-20 16:54:55,439 - INFO - Maximum log composite likelihood: -39.31372722841661.
2023-07-20 16:54:55,439 - INFO - Optimal value of theta: 7003.189318468731.
2023-07-20 16:54:55,439 - INFO - Beginning optimization with guess, [4.3882452  0.01871168].
2023-07-20 16:54:56,784 - INFO - Finished optimization with guess, [4.3882452  0.01871168].
2023-07-20 16:54:56,784 - INFO - Best fit parameters: [1.03608627e+02 2.11916406e-02].
2023-07-20 16:54:56,814 - INFO - Maximum log composite likelihood: -38.84542351412074.
2023-07-20 16:54:56,814 - INFO - Optimal value of theta: 6981.771078642927.
2023-07-20 16:54:56,814 - INFO - Beginning optimization with guess, [1.66389829 0.01100399].
2023-07-20 16:54:58,115 - INFO - Finished optimization with guess, [1.66389829 0.01100399].
2023-07-20 16:54:58,115 - INFO - Best fit parameters: [5.00694198 0.02759881].
2023-07-20 16:54:58,144 - INFO - Maximum log composite likelihood: -39.67868293944139.
2023-07-20 16:54:58,144 - INFO - Optimal value of theta: 6974.07668677212.
2023-07-20 16:54:58,144 - INFO - Beginning optimization with guess, [3.25098896 0.01242761].
2023-07-20 16:54:59,500 - INFO - Finished optimization with guess, [3.25098896 0.01242761].
2023-07-20 16:54:59,500 - INFO - Best fit parameters: [1.80584633e+02 2.13467911e-02].
2023-07-20 16:54:59,527 - INFO - Maximum log composite likelihood: -38.84444996267757.
2023-07-20 16:54:59,527 - INFO - Optimal value of theta: 6978.0061810093275.
2023-07-20 16:54:59,527 - INFO - Beginning optimization with guess, [3.0762803  0.01206265].
2023-07-20 16:55:00,836 - INFO - Finished optimization with guess, [3.0762803  0.01206265].
2023-07-20 16:55:00,836 - INFO - Best fit parameters: [18.66933292  0.0219578 ].
2023-07-20 16:55:00,866 - INFO - Maximum log composite likelihood: -39.04035721287164.
2023-07-20 16:55:00,866 - INFO - Optimal value of theta: 6986.699341558258.
2023-07-20 16:55:00,867 - INFO - Beginning optimization with guess, [6.23338815 0.01540092].
2023-07-20 16:55:02,303 - INFO - Finished optimization with guess, [6.23338815 0.01540092].
2023-07-20 16:55:02,303 - INFO - Best fit parameters: [1.69454544e+02 2.06954174e-02].
2023-07-20 16:55:02,331 - INFO - Maximum log composite likelihood: -38.82868877713645.
2023-07-20 16:55:02,332 - INFO - Optimal value of theta: 6987.642457396775.
2023-07-20 16:55:02,332 - INFO - Beginning optimization with guess, [2.11612688 0.01625045].
2023-07-20 16:55:03,675 - INFO - Finished optimization with guess, [2.11612688 0.01625045].
2023-07-20 16:55:03,675 - INFO - Best fit parameters: [10.07917711  0.02479257].
2023-07-20 16:55:03,703 - INFO - Maximum log composite likelihood: -39.352720628346106.
2023-07-20 16:55:03,703 - INFO - Optimal value of theta: 6966.727004779329.
2023-07-20 16:55:03,703 - INFO - Beginning optimization with guess, [3.50237119 0.0160947 ].
2023-07-20 16:55:05,083 - INFO - Finished optimization with guess, [3.50237119 0.0160947 ].
2023-07-20 16:55:05,083 - INFO - Best fit parameters: [7.59068886e+01 2.11813531e-02].
2023-07-20 16:55:05,111 - INFO - Maximum log composite likelihood: -38.85729611321494.
2023-07-20 16:55:05,111 - INFO - Optimal value of theta: 6983.173486416531.
2023-07-20 16:55:05,112 - INFO - Beginning optimization with guess, [6.34388291e+00 5.01620972e-03].
2023-07-20 16:55:06,498 - INFO - Finished optimization with guess, [6.34388291e+00 5.01620972e-03].
2023-07-20 16:55:06,499 - INFO - Best fit parameters: [9.35355387e+01 2.02261660e-02].
2023-07-20 16:55:06,527 - INFO - Maximum log composite likelihood: -38.89781538301122.
2023-07-20 16:55:06,528 - INFO - Optimal value of theta: 6996.161885403019.
2023-07-20 16:55:06,528 - INFO - Beginning optimization with guess, [7.73496477 0.00940399].
2023-07-20 16:55:07,912 - INFO - Finished optimization with guess, [7.73496477 0.00940399].
2023-07-20 16:55:07,912 - INFO - Best fit parameters: [1.06410293e+03 2.05514126e-02].
2023-07-20 16:55:07,940 - INFO - Maximum log composite likelihood: -38.805752828889126.
2023-07-20 16:55:07,941 - INFO - Optimal value of theta: 6986.06368377932.
2023-07-20 16:55:07,942 - INFO - Beginning demographic inference for three-epoch demographic model.
2023-07-20 16:55:07,946 - INFO - Beginning optimization with guess, [0.01466201 0.01040946 0.01006944 0.008021  ].
2023-07-20 16:56:56,139 - INFO - Finished optimization with guess, [0.01466201 0.01040946 0.01006944 0.008021  ].
2023-07-20 16:56:56,140 - INFO - Best fit parameters: [0.00106737 0.00813455 0.01128482 0.85834836].
2023-07-20 16:56:58,609 - INFO - Maximum log composite likelihood: -81.42079633189587.
2023-07-20 16:56:58,609 - INFO - Optimal value of theta: 897885.2437632049.
2023-07-20 16:56:58,610 - INFO - Beginning optimization with guess, [0.01278299 0.02762446 0.01325703 0.01769491].
2023-07-20 16:57:04,669 - INFO - Finished optimization with guess, [0.01278299 0.02762446 0.01325703 0.01769491].
2023-07-20 16:57:04,670 - INFO - Best fit parameters: [0.00736506 0.02216398 0.03377486 0.01742332].
2023-07-20 16:57:04,803 - INFO - Maximum log composite likelihood: -61.118367297795885.
2023-07-20 16:57:04,803 - INFO - Optimal value of theta: 357480.80969775165.
2023-07-20 16:57:04,804 - INFO - Beginning optimization with guess, [0.05655842 0.01868658 0.01799371 0.00716937].
2023-07-20 16:57:06,207 - INFO - Finished optimization with guess, [0.05655842 0.01868658 0.01799371 0.00716937].
2023-07-20 16:57:06,207 - INFO - Best fit parameters: [5.51053066e+00 9.96383747e+39 5.20902757e-27 1.05563368e-27].
2023-07-20 16:57:06,237 - INFO - Maximum log composite likelihood: -81.42079635272057.
2023-07-20 16:57:06,237 - INFO - Optimal value of theta: 7303.888152435232.
2023-07-20 16:57:06,238 - INFO - Beginning optimization with guess, [0.02452107 0.02713815 0.00966011 0.00999397].
2023-07-20 16:57:07,706 - INFO - Finished optimization with guess, [0.02452107 0.02713815 0.00966011 0.00999397].
2023-07-20 16:57:07,707 - INFO - Best fit parameters: [3.10403142e-02 2.62112775e+00 3.96749134e-05 2.03371116e-02].
2023-07-20 16:57:07,736 - INFO - Maximum log composite likelihood: -49.30116139655729.
2023-07-20 16:57:07,736 - INFO - Optimal value of theta: 7131.827002617429.
2023-07-20 16:57:07,736 - INFO - Beginning optimization with guess, [0.05016275 0.06007229 0.01666438 0.01572303].
2023-07-20 16:57:09,147 - INFO - Finished optimization with guess, [0.05016275 0.06007229 0.01666438 0.01572303].
2023-07-20 16:57:09,147 - INFO - Best fit parameters: [1.61174188e-01 2.96956779e+00 2.10585620e-04 7.04638187e-03].
2023-07-20 16:57:09,175 - INFO - Maximum log composite likelihood: -67.84375968390304.
2023-07-20 16:57:09,176 - INFO - Optimal value of theta: 7247.528692535298.
2023-07-20 16:57:09,176 - INFO - Beginning optimization with guess, [0.89086393 0.73757549 0.01228189 0.01857552].
2023-07-20 16:57:10,418 - INFO - Finished optimization with guess, [0.89086393 0.73757549 0.01228189 0.01857552].
2023-07-20 16:57:10,418 - INFO - Best fit parameters: [1.11273079e+00 1.14957278e+00 6.15007997e-03 1.81347268e-06].
2023-07-20 16:57:10,447 - INFO - Maximum log composite likelihood: -78.95148288080145.
2023-07-20 16:57:10,447 - INFO - Optimal value of theta: 7294.153857446869.
2023-07-20 16:57:10,447 - INFO - Beginning optimization with guess, [0.67123191 0.75172529 0.00728638 0.01001793].
2023-07-20 16:57:11,752 - INFO - Finished optimization with guess, [0.67123191 0.75172529 0.00728638 0.01001793].
2023-07-20 16:57:11,752 - INFO - Best fit parameters: [1.09005093e+00 1.03609905e+00 7.30238996e-05 3.39335652e-04].
2023-07-20 16:57:11,781 - INFO - Maximum log composite likelihood: -81.34354942028585.
2023-07-20 16:57:11,781 - INFO - Optimal value of theta: 7303.601767047711.
2023-07-20 16:57:11,781 - INFO - Beginning optimization with guess, [0.41444603 0.95824588 0.01478555 0.00868788].
2023-07-20 16:57:13,045 - INFO - Finished optimization with guess, [0.41444603 0.95824588 0.01478555 0.00868788].
2023-07-20 16:57:13,045 - INFO - Best fit parameters: [1.73653805e+00 1.00835391e+00 1.11824576e-05 9.61611795e-06].
2023-07-20 16:57:13,071 - INFO - Maximum log composite likelihood: -81.39984594409725.
2023-07-20 16:57:13,071 - INFO - Optimal value of theta: 7303.810816909721.
2023-07-20 16:57:13,071 - INFO - Beginning optimization with guess, [0.50882858 0.46757585 0.01339796 0.01584992].
2023-07-20 16:57:14,285 - INFO - Finished optimization with guess, [0.50882858 0.46757585 0.01339796 0.01584992].
2023-07-20 16:57:14,285 - INFO - Best fit parameters: [7.12371136e-01 1.57541416e+00 7.17401767e-05 1.29653947e-03].
2023-07-20 16:57:14,313 - INFO - Maximum log composite likelihood: -79.53645867838259.
2023-07-20 16:57:14,314 - INFO - Optimal value of theta: 7296.784953077761.
2023-07-20 16:57:14,314 - INFO - Beginning optimization with guess, [0.70814389 1.78673374 0.00519646 0.00812625].
2023-07-20 16:57:15,569 - INFO - Finished optimization with guess, [0.70814389 1.78673374 0.00519646 0.00812625].
2023-07-20 16:57:15,569 - INFO - Best fit parameters: [0.69878213 1.92117457 0.00212662 0.05026823].
2023-07-20 16:57:15,598 - INFO - Maximum log composite likelihood: -41.93911813987688.
2023-07-20 16:57:15,598 - INFO - Optimal value of theta: 6977.187716850406.
2023-07-20 16:57:15,599 - INFO - Beginning optimization with guess, [1.04713202 1.04465035 0.00788848 0.01589738].
2023-07-20 16:57:17,049 - INFO - Finished optimization with guess, [1.04713202 1.04465035 0.00788848 0.01589738].
2023-07-20 16:57:17,050 - INFO - Best fit parameters: [1.0330351  1.11066286 0.0575021  0.09780612].
2023-07-20 16:57:17,083 - INFO - Maximum log composite likelihood: -63.08922883000196.
2023-07-20 16:57:17,084 - INFO - Optimal value of theta: 7166.416841786462.
2023-07-20 16:57:17,084 - INFO - Beginning optimization with guess, [1.75277181 1.87599903 0.01551811 0.01002738].
2023-07-20 16:57:18,552 - INFO - Finished optimization with guess, [1.75277181 1.87599903 0.01551811 0.01002738].
2023-07-20 16:57:18,552 - INFO - Best fit parameters: [2.54586261 1.75700603 0.03379115 0.0088555 ].
2023-07-20 16:57:18,583 - INFO - Maximum log composite likelihood: -41.35280370515193.
2023-07-20 16:57:18,583 - INFO - Optimal value of theta: 6957.5488797558555.
2023-07-20 16:57:18,583 - INFO - Beginning optimization with guess, [0.92960429 1.08094284 0.00651547 0.01060081].
2023-07-20 16:57:20,089 - INFO - Finished optimization with guess, [0.92960429 1.08094284 0.00651547 0.01060081].
2023-07-20 16:57:20,089 - INFO - Best fit parameters: [0.90817038 1.13440335 0.07091726 0.26397616].
2023-07-20 16:57:20,125 - INFO - Maximum log composite likelihood: -58.83210528980726.
2023-07-20 16:57:20,125 - INFO - Optimal value of theta: 7049.280062997254.
2023-07-20 16:57:20,125 - INFO - Beginning optimization with guess, [3.17742431 1.43924402 0.01033576 0.00695414].
2023-07-20 16:57:21,372 - INFO - Finished optimization with guess, [3.17742431 1.43924402 0.01033576 0.00695414].
2023-07-20 16:57:21,372 - INFO - Best fit parameters: [3.59550132e+00 1.47497061e+00 3.14135687e-02 2.81204284e-03].
2023-07-20 16:57:21,401 - INFO - Maximum log composite likelihood: -40.46124067132678.
2023-07-20 16:57:21,401 - INFO - Optimal value of theta: 6959.839528797547.
2023-07-20 16:57:21,401 - INFO - Beginning optimization with guess, [2.55046751 1.98509595 0.01130788 0.00642331].
2023-07-20 16:57:22,790 - INFO - Finished optimization with guess, [2.55046751 1.98509595 0.01130788 0.00642331].
2023-07-20 16:57:22,791 - INFO - Best fit parameters: [2.96755568e+00 2.02683849e+00 3.12109563e-02 2.54350730e-03].
2023-07-20 16:57:22,820 - INFO - Maximum log composite likelihood: -40.48863267646357.
2023-07-20 16:57:22,820 - INFO - Optimal value of theta: 6982.158187692296.
2023-07-20 16:57:22,821 - INFO - Beginning optimization with guess, [2.37305227 1.26794503 0.00783496 0.01341916].
2023-07-20 16:57:24,208 - INFO - Finished optimization with guess, [2.37305227 1.26794503 0.00783496 0.01341916].
2023-07-20 16:57:24,208 - INFO - Best fit parameters: [2.4330194  1.30786454 0.03683842 0.00614791].
2023-07-20 16:57:24,238 - INFO - Maximum log composite likelihood: -41.80782195961001.
2023-07-20 16:57:24,239 - INFO - Optimal value of theta: 6976.419493074555.
2023-07-20 16:57:24,239 - INFO - Beginning optimization with guess, [1.56106378 1.80937846 0.00841923 0.01651632].
2023-07-20 16:57:25,580 - INFO - Finished optimization with guess, [1.56106378 1.80937846 0.00841923 0.01651632].
2023-07-20 16:57:25,580 - INFO - Best fit parameters: [1.57905308 1.98955534 0.00598688 0.04464368].
2023-07-20 16:57:25,609 - INFO - Maximum log composite likelihood: -41.78161059404738.
2023-07-20 16:57:25,610 - INFO - Optimal value of theta: 6960.624746155271.
2023-07-20 16:57:25,610 - INFO - Beginning optimization with guess, [1.87726094 2.03636079 0.00813187 0.00543372].
2023-07-20 16:57:27,039 - INFO - Finished optimization with guess, [1.87726094 2.03636079 0.00813187 0.00543372].
2023-07-20 16:57:27,040 - INFO - Best fit parameters: [2.08441101 2.17093648 0.04078315 0.00457313].
2023-07-20 16:57:27,068 - INFO - Maximum log composite likelihood: -41.43096871886519.
2023-07-20 16:57:27,068 - INFO - Optimal value of theta: 6967.216324954165.
2023-07-20 16:57:27,069 - INFO - Beginning optimization with guess, [2.13464124 1.92278752 0.00793637 0.00845981].
2023-07-20 16:57:28,462 - INFO - Finished optimization with guess, [2.13464124 1.92278752 0.00793637 0.00845981].
2023-07-20 16:57:28,462 - INFO - Best fit parameters: [2.34493895 2.2217408  0.03339666 0.00764049].
2023-07-20 16:57:28,492 - INFO - Maximum log composite likelihood: -41.04158831094355.
2023-07-20 16:57:28,492 - INFO - Optimal value of theta: 6968.384327326928.
2023-07-20 16:57:28,492 - INFO - Beginning optimization with guess, [2.59564482 3.57289887 0.01652031 0.01292793].
2023-07-20 16:57:29,709 - INFO - Finished optimization with guess, [2.59564482 3.57289887 0.01652031 0.01292793].
2023-07-20 16:57:29,710 - INFO - Best fit parameters: [3.81525299 6.66425667 0.02071527 0.00854686].
2023-07-20 16:57:29,738 - INFO - Maximum log composite likelihood: -39.670147840365644.
2023-07-20 16:57:29,738 - INFO - Optimal value of theta: 6967.137165425975.
2023-07-20 16:57:29,738 - INFO - Beginning optimization with guess, [2.49493228 4.18207736 0.01512349 0.00762395].
2023-07-20 16:57:31,017 - INFO - Finished optimization with guess, [2.49493228 4.18207736 0.01512349 0.00762395].
2023-07-20 16:57:31,017 - INFO - Best fit parameters: [2.75154757 9.98614875 0.01440347 0.01468036].
2023-07-20 16:57:31,047 - INFO - Maximum log composite likelihood: -39.47239020109646.
2023-07-20 16:57:31,048 - INFO - Optimal value of theta: 6967.547634488091.
2023-07-20 16:57:31,048 - INFO - Beginning optimization with guess, [6.90006105e+00 3.54194725e+00 1.17550724e-02 5.89946347e-03].
2023-07-20 16:57:32,447 - INFO - Finished optimization with guess, [6.90006105e+00 3.54194725e+00 1.17550724e-02 5.89946347e-03].
2023-07-20 16:57:32,447 - INFO - Best fit parameters: [8.81553655e+00 3.62929287e+00 1.96189952e-02 5.48406846e-03].
2023-07-20 16:57:32,475 - INFO - Maximum log composite likelihood: -39.47682860228906.
2023-07-20 16:57:32,475 - INFO - Optimal value of theta: 6982.353262881526.
2023-07-20 16:57:32,476 - INFO - Beginning optimization with guess, [5.89256455 5.64178911 0.00787036 0.01917557].
2023-07-20 16:57:33,761 - INFO - Finished optimization with guess, [5.89256455 5.64178911 0.00787036 0.01917557].
2023-07-20 16:57:33,761 - INFO - Best fit parameters: [1.52479056e+00 3.61811621e+01 6.52143522e-03 1.91943765e-02].
2023-07-20 16:57:33,790 - INFO - Maximum log composite likelihood: -38.98430374200325.
2023-07-20 16:57:33,791 - INFO - Optimal value of theta: 6984.402385116938.
2023-07-20 16:57:33,791 - INFO - Beginning optimization with guess, [4.44063659e+00 7.13113434e+00 7.60142364e-03 5.86392528e-03].
2023-07-20 16:57:35,191 - INFO - Finished optimization with guess, [4.44063659e+00 7.13113434e+00 7.60142364e-03 5.86392528e-03].
2023-07-20 16:57:35,191 - INFO - Best fit parameters: [5.14452313 7.87770436 0.01630025 0.00994388].
2023-07-20 16:57:35,221 - INFO - Maximum log composite likelihood: -39.42906874578148.
2023-07-20 16:57:35,222 - INFO - Optimal value of theta: 6975.590034180342.
2023-07-20 16:57:35,223 - INFO - Finished demographic inference.
2023-07-20 16:57:35,224 - INFO - Pipeline executed succesfully.
