2023-02-17 16:19:55,054 - INFO - Beginning execution of fit_one_epoch.py in directory /u/project/ngarud/jonmah/demo_for_ccgb/Scripts

2023-02-17 16:19:55,054 - INFO - Progress is being logged to ../Analysis/Bacteroides_thetaiotaomicron_56941_downsampled_10/log.log

2023-02-17 16:19:55,054 - INFO - Parsed the following arguments:
	syn_input_sfs = ../Analysis/Bacteroides_thetaiotaomicron_56941_downsampled_10/empirical_sfs.txt
	mask_singletons = False
	mask_doubletons = False
	outprefix = ../Analysis/Bacteroides_thetaiotaomicron_56941_downsampled_10/

2023-02-17 16:19:55,064 - INFO - Beginning demographic inference for one-epoch demographic model.
2023-02-17 16:19:55,067 - INFO - Beginning optimization with guess, [0.09806645].
2023-02-17 16:19:55,133 - INFO - Finished optimization with guess, [0.09806645].
2023-02-17 16:19:55,133 - INFO - Best fit parameters: [0.09806645].
2023-02-17 16:19:55,165 - INFO - Maximum log composite likelihood: -56.57709360220542.
2023-02-17 16:19:55,165 - INFO - Optimal value of theta: 11351.028125802108.
2023-02-17 16:19:55,165 - INFO - Beginning optimization with guess, [0.26431601].
2023-02-17 16:19:55,233 - INFO - Finished optimization with guess, [0.26431601].
2023-02-17 16:19:55,233 - INFO - Best fit parameters: [0.26431601].
2023-02-17 16:19:55,268 - INFO - Maximum log composite likelihood: -56.57709360220542.
2023-02-17 16:19:55,270 - INFO - Optimal value of theta: 11351.028125802108.
2023-02-17 16:19:55,271 - INFO - Beginning optimization with guess, [0.15026924].
2023-02-17 16:19:55,341 - INFO - Finished optimization with guess, [0.15026924].
2023-02-17 16:19:55,341 - INFO - Best fit parameters: [0.15026924].
2023-02-17 16:19:55,375 - INFO - Maximum log composite likelihood: -56.57709360220542.
2023-02-17 16:19:55,375 - INFO - Optimal value of theta: 11351.028125802108.
2023-02-17 16:19:55,376 - INFO - Beginning optimization with guess, [0.61929309].
2023-02-17 16:19:55,445 - INFO - Finished optimization with guess, [0.61929309].
2023-02-17 16:19:55,445 - INFO - Best fit parameters: [0.61929309].
2023-02-17 16:19:55,481 - INFO - Maximum log composite likelihood: -56.57709360220542.
2023-02-17 16:19:55,482 - INFO - Optimal value of theta: 11351.028125802108.
2023-02-17 16:19:55,482 - INFO - Beginning optimization with guess, [0.45734486].
2023-02-17 16:19:55,546 - INFO - Finished optimization with guess, [0.45734486].
2023-02-17 16:19:55,547 - INFO - Best fit parameters: [0.45734486].
2023-02-17 16:19:55,578 - INFO - Maximum log composite likelihood: -56.57709360220542.
2023-02-17 16:19:55,579 - INFO - Optimal value of theta: 11351.028125802108.
2023-02-17 16:19:55,579 - INFO - Beginning optimization with guess, [0.64346514].
2023-02-17 16:19:55,644 - INFO - Finished optimization with guess, [0.64346514].
2023-02-17 16:19:55,644 - INFO - Best fit parameters: [0.64346514].
2023-02-17 16:19:55,676 - INFO - Maximum log composite likelihood: -56.57709360220542.
2023-02-17 16:19:55,677 - INFO - Optimal value of theta: 11351.028125802108.
2023-02-17 16:19:55,677 - INFO - Beginning optimization with guess, [1.10515099].
2023-02-17 16:19:55,738 - INFO - Finished optimization with guess, [1.10515099].
2023-02-17 16:19:55,738 - INFO - Best fit parameters: [1.10515099].
2023-02-17 16:19:55,770 - INFO - Maximum log composite likelihood: -56.57709360220542.
2023-02-17 16:19:55,771 - INFO - Optimal value of theta: 11351.028125802108.
2023-02-17 16:19:55,771 - INFO - Beginning optimization with guess, [0.6907025].
2023-02-17 16:19:55,836 - INFO - Finished optimization with guess, [0.6907025].
2023-02-17 16:19:55,836 - INFO - Best fit parameters: [0.6907025].
2023-02-17 16:19:55,869 - INFO - Maximum log composite likelihood: -56.57709360220542.
2023-02-17 16:19:55,869 - INFO - Optimal value of theta: 11351.028125802108.
2023-02-17 16:19:55,870 - INFO - Beginning optimization with guess, [0.72416137].
2023-02-17 16:19:55,937 - INFO - Finished optimization with guess, [0.72416137].
2023-02-17 16:19:55,937 - INFO - Best fit parameters: [0.72416137].
2023-02-17 16:19:55,969 - INFO - Maximum log composite likelihood: -56.57709360220542.
2023-02-17 16:19:55,969 - INFO - Optimal value of theta: 11351.028125802108.
2023-02-17 16:19:55,970 - INFO - Beginning optimization with guess, [1.57151856].
2023-02-17 16:19:56,034 - INFO - Finished optimization with guess, [1.57151856].
2023-02-17 16:19:56,034 - INFO - Best fit parameters: [1.57151856].
2023-02-17 16:19:56,066 - INFO - Maximum log composite likelihood: -56.57709360220542.
2023-02-17 16:19:56,067 - INFO - Optimal value of theta: 11351.028125802108.
2023-02-17 16:19:56,068 - INFO - Beginning optimization with guess, [0.97625675].
2023-02-17 16:19:56,136 - INFO - Finished optimization with guess, [0.97625675].
2023-02-17 16:19:56,136 - INFO - Best fit parameters: [0.97625675].
2023-02-17 16:19:56,177 - INFO - Maximum log composite likelihood: -56.57709360220542.
2023-02-17 16:19:56,178 - INFO - Optimal value of theta: 11351.028125802108.
2023-02-17 16:19:56,178 - INFO - Beginning optimization with guess, [0.86938619].
2023-02-17 16:19:56,248 - INFO - Finished optimization with guess, [0.86938619].
2023-02-17 16:19:56,248 - INFO - Best fit parameters: [0.86938619].
2023-02-17 16:19:56,278 - INFO - Maximum log composite likelihood: -56.57709360220542.
2023-02-17 16:19:56,279 - INFO - Optimal value of theta: 11351.028125802108.
2023-02-17 16:19:56,279 - INFO - Beginning optimization with guess, [1.46308499].
2023-02-17 16:19:56,342 - INFO - Finished optimization with guess, [1.46308499].
2023-02-17 16:19:56,342 - INFO - Best fit parameters: [1.46308499].
2023-02-17 16:19:56,373 - INFO - Maximum log composite likelihood: -56.57709360220542.
2023-02-17 16:19:56,374 - INFO - Optimal value of theta: 11351.028125802108.
2023-02-17 16:19:56,374 - INFO - Beginning optimization with guess, [3.58860419].
2023-02-17 16:19:56,439 - INFO - Finished optimization with guess, [3.58860419].
2023-02-17 16:19:56,439 - INFO - Best fit parameters: [3.58860419].
2023-02-17 16:19:56,470 - INFO - Maximum log composite likelihood: -56.57709360220542.
2023-02-17 16:19:56,470 - INFO - Optimal value of theta: 11351.028125802108.
2023-02-17 16:19:56,471 - INFO - Beginning optimization with guess, [1.41577797].
2023-02-17 16:19:56,535 - INFO - Finished optimization with guess, [1.41577797].
2023-02-17 16:19:56,535 - INFO - Best fit parameters: [1.41577797].
2023-02-17 16:19:56,566 - INFO - Maximum log composite likelihood: -56.57709360220542.
2023-02-17 16:19:56,567 - INFO - Optimal value of theta: 11351.028125802108.
2023-02-17 16:19:56,567 - INFO - Beginning optimization with guess, [2.94185577].
2023-02-17 16:19:56,633 - INFO - Finished optimization with guess, [2.94185577].
2023-02-17 16:19:56,633 - INFO - Best fit parameters: [2.94185577].
2023-02-17 16:19:56,665 - INFO - Maximum log composite likelihood: -56.57709360220542.
2023-02-17 16:19:56,666 - INFO - Optimal value of theta: 11351.028125802108.
2023-02-17 16:19:56,666 - INFO - Beginning optimization with guess, [2.08975793].
2023-02-17 16:19:56,734 - INFO - Finished optimization with guess, [2.08975793].
2023-02-17 16:19:56,734 - INFO - Best fit parameters: [2.08975793].
2023-02-17 16:19:56,795 - INFO - Maximum log composite likelihood: -56.57709360220542.
2023-02-17 16:19:56,795 - INFO - Optimal value of theta: 11351.028125802108.
2023-02-17 16:19:56,796 - INFO - Beginning optimization with guess, [2.1890917].
2023-02-17 16:19:56,859 - INFO - Finished optimization with guess, [2.1890917].
2023-02-17 16:19:56,859 - INFO - Best fit parameters: [2.1890917].
2023-02-17 16:19:56,892 - INFO - Maximum log composite likelihood: -56.57709360220542.
2023-02-17 16:19:56,893 - INFO - Optimal value of theta: 11351.028125802108.
2023-02-17 16:19:56,893 - INFO - Beginning optimization with guess, [3.84001659].
2023-02-17 16:19:56,958 - INFO - Finished optimization with guess, [3.84001659].
2023-02-17 16:19:56,958 - INFO - Best fit parameters: [3.84001659].
2023-02-17 16:19:56,989 - INFO - Maximum log composite likelihood: -56.57709360220542.
2023-02-17 16:19:56,989 - INFO - Optimal value of theta: 11351.028125802108.
2023-02-17 16:19:56,990 - INFO - Beginning optimization with guess, [4.26808117].
2023-02-17 16:19:57,125 - INFO - Finished optimization with guess, [4.26808117].
2023-02-17 16:19:57,126 - INFO - Best fit parameters: [4.26808117].
2023-02-17 16:19:57,187 - INFO - Maximum log composite likelihood: -56.57709360220542.
2023-02-17 16:19:57,187 - INFO - Optimal value of theta: 11351.028125802108.
2023-02-17 16:19:57,187 - INFO - Beginning optimization with guess, [3.42884574].
2023-02-17 16:19:57,321 - INFO - Finished optimization with guess, [3.42884574].
2023-02-17 16:19:57,322 - INFO - Best fit parameters: [3.42884574].
2023-02-17 16:19:57,377 - INFO - Maximum log composite likelihood: -56.57709360220542.
2023-02-17 16:19:57,377 - INFO - Optimal value of theta: 11351.028125802108.
2023-02-17 16:19:57,378 - INFO - Beginning optimization with guess, [4.32492783].
2023-02-17 16:19:57,468 - INFO - Finished optimization with guess, [4.32492783].
2023-02-17 16:19:57,468 - INFO - Best fit parameters: [4.32492783].
2023-02-17 16:19:57,501 - INFO - Maximum log composite likelihood: -56.57709360220542.
2023-02-17 16:19:57,502 - INFO - Optimal value of theta: 11351.028125802108.
2023-02-17 16:19:57,502 - INFO - Beginning optimization with guess, [4.69183049].
2023-02-17 16:19:57,568 - INFO - Finished optimization with guess, [4.69183049].
2023-02-17 16:19:57,568 - INFO - Best fit parameters: [4.69183049].
2023-02-17 16:19:57,602 - INFO - Maximum log composite likelihood: -56.57709360220542.
2023-02-17 16:19:57,602 - INFO - Optimal value of theta: 11351.028125802108.
2023-02-17 16:19:57,603 - INFO - Beginning optimization with guess, [8.62660667].
2023-02-17 16:19:57,667 - INFO - Finished optimization with guess, [8.62660667].
2023-02-17 16:19:57,668 - INFO - Best fit parameters: [8.62660667].
2023-02-17 16:19:57,701 - INFO - Maximum log composite likelihood: -56.57709360220542.
2023-02-17 16:19:57,702 - INFO - Optimal value of theta: 11351.028125802108.
2023-02-17 16:19:57,702 - INFO - Beginning optimization with guess, [12.70130028].
2023-02-17 16:19:57,768 - INFO - Finished optimization with guess, [12.70130028].
2023-02-17 16:19:57,769 - INFO - Best fit parameters: [12.70130028].
2023-02-17 16:19:57,801 - INFO - Maximum log composite likelihood: -56.57709360220542.
2023-02-17 16:19:57,802 - INFO - Optimal value of theta: 11351.028125802108.
2023-02-17 16:19:57,804 - INFO - Finished demographic inference.
2023-02-17 16:19:57,804 - INFO - Pipeline executed succesfully.
