2022-11-02 15:30:31,339 - INFO - Beginning execution of fit_one_epoch.py in directory /u/project/ngarud/jonmah/demo_for_ccgb/Scripts

2022-11-02 15:30:31,339 - INFO - Progress is being logged to ../Analysis/Aggregatibacter_sp_60097_oral/unmasked/log.log

2022-11-02 15:30:31,339 - INFO - Parsed the following arguments:
	syn_input_sfs = ../Data/oral_microbiome_sfs/Aggregatibacter_sp_60097_sfs/folded_sfs_10.txt
	mask_singletons = False
	mask_doubletons = False
	outprefix = ../Analysis/Aggregatibacter_sp_60097_oral/unmasked/

2022-11-02 15:30:31,346 - INFO - Beginning demographic inference for one-epoch demographic model.
2022-11-02 15:30:31,348 - INFO - Beginning optimization with guess, [0.08429844].
2022-11-02 15:30:31,403 - INFO - Finished optimization with guess, [0.08429844].
2022-11-02 15:30:31,403 - INFO - Best fit parameters: [0.08429844].
2022-11-02 15:30:31,430 - INFO - Maximum log composite likelihood: -55200.10538224692.
2022-11-02 15:30:31,430 - INFO - Optimal value of theta: 59492.017594044264.
2022-11-02 15:30:31,431 - INFO - Beginning optimization with guess, [0.3091229].
2022-11-02 15:30:31,484 - INFO - Finished optimization with guess, [0.3091229].
2022-11-02 15:30:31,484 - INFO - Best fit parameters: [0.3091229].
2022-11-02 15:30:31,510 - INFO - Maximum log composite likelihood: -55200.10538224692.
2022-11-02 15:30:31,510 - INFO - Optimal value of theta: 59492.017594044264.
2022-11-02 15:30:31,511 - INFO - Beginning optimization with guess, [0.59852112].
2022-11-02 15:30:31,563 - INFO - Finished optimization with guess, [0.59852112].
2022-11-02 15:30:31,564 - INFO - Best fit parameters: [0.59852112].
2022-11-02 15:30:31,590 - INFO - Maximum log composite likelihood: -55200.10538224692.
2022-11-02 15:30:31,590 - INFO - Optimal value of theta: 59492.017594044264.
2022-11-02 15:30:31,590 - INFO - Beginning optimization with guess, [0.4440681].
2022-11-02 15:30:31,635 - INFO - Finished optimization with guess, [0.4440681].
2022-11-02 15:30:31,635 - INFO - Best fit parameters: [0.4440681].
2022-11-02 15:30:31,653 - INFO - Maximum log composite likelihood: -55200.10538224692.
2022-11-02 15:30:31,654 - INFO - Optimal value of theta: 59492.017594044264.
2022-11-02 15:30:31,654 - INFO - Beginning optimization with guess, [0.4564571].
2022-11-02 15:30:31,691 - INFO - Finished optimization with guess, [0.4564571].
2022-11-02 15:30:31,691 - INFO - Best fit parameters: [0.4564571].
2022-11-02 15:30:31,709 - INFO - Maximum log composite likelihood: -55200.10538224692.
2022-11-02 15:30:31,709 - INFO - Optimal value of theta: 59492.017594044264.
2022-11-02 15:30:31,709 - INFO - Beginning optimization with guess, [0.46347697].
2022-11-02 15:30:31,746 - INFO - Finished optimization with guess, [0.46347697].
2022-11-02 15:30:31,746 - INFO - Best fit parameters: [0.46347697].
2022-11-02 15:30:31,764 - INFO - Maximum log composite likelihood: -55200.10538224692.
2022-11-02 15:30:31,764 - INFO - Optimal value of theta: 59492.017594044264.
2022-11-02 15:30:31,764 - INFO - Beginning optimization with guess, [0.43894786].
2022-11-02 15:30:31,801 - INFO - Finished optimization with guess, [0.43894786].
2022-11-02 15:30:31,801 - INFO - Best fit parameters: [0.43894786].
2022-11-02 15:30:31,819 - INFO - Maximum log composite likelihood: -55200.10538224692.
2022-11-02 15:30:31,819 - INFO - Optimal value of theta: 59492.017594044264.
2022-11-02 15:30:31,820 - INFO - Beginning optimization with guess, [1.22798465].
2022-11-02 15:30:31,863 - INFO - Finished optimization with guess, [1.22798465].
2022-11-02 15:30:31,864 - INFO - Best fit parameters: [1.22798465].
2022-11-02 15:30:31,882 - INFO - Maximum log composite likelihood: -55200.10538224692.
2022-11-02 15:30:31,882 - INFO - Optimal value of theta: 59492.017594044264.
2022-11-02 15:30:31,883 - INFO - Beginning optimization with guess, [0.50927204].
2022-11-02 15:30:31,919 - INFO - Finished optimization with guess, [0.50927204].
2022-11-02 15:30:31,919 - INFO - Best fit parameters: [0.50927204].
2022-11-02 15:30:31,937 - INFO - Maximum log composite likelihood: -55200.10538224692.
2022-11-02 15:30:31,937 - INFO - Optimal value of theta: 59492.017594044264.
2022-11-02 15:30:31,938 - INFO - Beginning optimization with guess, [0.69917051].
2022-11-02 15:30:31,974 - INFO - Finished optimization with guess, [0.69917051].
2022-11-02 15:30:31,974 - INFO - Best fit parameters: [0.69917051].
2022-11-02 15:30:31,992 - INFO - Maximum log composite likelihood: -55200.10538224692.
2022-11-02 15:30:31,992 - INFO - Optimal value of theta: 59492.017594044264.
2022-11-02 15:30:31,992 - INFO - Beginning optimization with guess, [0.97801493].
2022-11-02 15:30:32,028 - INFO - Finished optimization with guess, [0.97801493].
2022-11-02 15:30:32,029 - INFO - Best fit parameters: [0.97801493].
2022-11-02 15:30:32,046 - INFO - Maximum log composite likelihood: -55200.10538224692.
2022-11-02 15:30:32,047 - INFO - Optimal value of theta: 59492.017594044264.
2022-11-02 15:30:32,047 - INFO - Beginning optimization with guess, [1.14088079].
2022-11-02 15:30:32,083 - INFO - Finished optimization with guess, [1.14088079].
2022-11-02 15:30:32,083 - INFO - Best fit parameters: [1.14088079].
2022-11-02 15:30:32,101 - INFO - Maximum log composite likelihood: -55200.10538224692.
2022-11-02 15:30:32,101 - INFO - Optimal value of theta: 59492.017594044264.
2022-11-02 15:30:32,102 - INFO - Beginning optimization with guess, [1.80204381].
2022-11-02 15:30:32,138 - INFO - Finished optimization with guess, [1.80204381].
2022-11-02 15:30:32,138 - INFO - Best fit parameters: [1.80204381].
2022-11-02 15:30:32,155 - INFO - Maximum log composite likelihood: -55200.10538224692.
2022-11-02 15:30:32,156 - INFO - Optimal value of theta: 59492.017594044264.
2022-11-02 15:30:32,156 - INFO - Beginning optimization with guess, [1.08185894].
2022-11-02 15:30:32,202 - INFO - Finished optimization with guess, [1.08185894].
2022-11-02 15:30:32,203 - INFO - Best fit parameters: [1.08185894].
2022-11-02 15:30:32,229 - INFO - Maximum log composite likelihood: -55200.10538224692.
2022-11-02 15:30:32,230 - INFO - Optimal value of theta: 59492.017594044264.
2022-11-02 15:30:32,230 - INFO - Beginning optimization with guess, [1.33872721].
2022-11-02 15:30:32,282 - INFO - Finished optimization with guess, [1.33872721].
2022-11-02 15:30:32,282 - INFO - Best fit parameters: [1.33872721].
2022-11-02 15:30:32,308 - INFO - Maximum log composite likelihood: -55200.10538224692.
2022-11-02 15:30:32,308 - INFO - Optimal value of theta: 59492.017594044264.
2022-11-02 15:30:32,309 - INFO - Beginning optimization with guess, [4.39407897].
2022-11-02 15:30:32,361 - INFO - Finished optimization with guess, [4.39407897].
2022-11-02 15:30:32,361 - INFO - Best fit parameters: [4.39407897].
2022-11-02 15:30:32,385 - INFO - Maximum log composite likelihood: -55200.10538224692.
2022-11-02 15:30:32,386 - INFO - Optimal value of theta: 59492.017594044264.
2022-11-02 15:30:32,386 - INFO - Beginning optimization with guess, [2.76066008].
2022-11-02 15:30:32,432 - INFO - Finished optimization with guess, [2.76066008].
2022-11-02 15:30:32,432 - INFO - Best fit parameters: [2.76066008].
2022-11-02 15:30:32,454 - INFO - Maximum log composite likelihood: -55200.10538224692.
2022-11-02 15:30:32,454 - INFO - Optimal value of theta: 59492.017594044264.
2022-11-02 15:30:32,455 - INFO - Beginning optimization with guess, [2.79416869].
2022-11-02 15:30:32,499 - INFO - Finished optimization with guess, [2.79416869].
2022-11-02 15:30:32,499 - INFO - Best fit parameters: [2.79416869].
2022-11-02 15:30:32,521 - INFO - Maximum log composite likelihood: -55200.10538224692.
2022-11-02 15:30:32,522 - INFO - Optimal value of theta: 59492.017594044264.
2022-11-02 15:30:32,522 - INFO - Beginning optimization with guess, [4.45109951].
2022-11-02 15:30:32,566 - INFO - Finished optimization with guess, [4.45109951].
2022-11-02 15:30:32,566 - INFO - Best fit parameters: [4.45109951].
2022-11-02 15:30:32,588 - INFO - Maximum log composite likelihood: -55200.10538224692.
2022-11-02 15:30:32,589 - INFO - Optimal value of theta: 59492.017594044264.
2022-11-02 15:30:32,589 - INFO - Beginning optimization with guess, [6.82438961].
2022-11-02 15:30:32,633 - INFO - Finished optimization with guess, [6.82438961].
2022-11-02 15:30:32,634 - INFO - Best fit parameters: [6.82438961].
2022-11-02 15:30:32,655 - INFO - Maximum log composite likelihood: -55200.10538224692.
2022-11-02 15:30:32,656 - INFO - Optimal value of theta: 59492.017594044264.
2022-11-02 15:30:32,656 - INFO - Beginning optimization with guess, [7.29213889].
2022-11-02 15:30:32,701 - INFO - Finished optimization with guess, [7.29213889].
2022-11-02 15:30:32,701 - INFO - Best fit parameters: [7.29213889].
2022-11-02 15:30:32,723 - INFO - Maximum log composite likelihood: -55200.10538224692.
2022-11-02 15:30:32,723 - INFO - Optimal value of theta: 59492.017594044264.
2022-11-02 15:30:32,724 - INFO - Beginning optimization with guess, [6.73088615].
2022-11-02 15:30:32,768 - INFO - Finished optimization with guess, [6.73088615].
2022-11-02 15:30:32,769 - INFO - Best fit parameters: [6.73088615].
2022-11-02 15:30:32,791 - INFO - Maximum log composite likelihood: -55200.10538224692.
2022-11-02 15:30:32,791 - INFO - Optimal value of theta: 59492.017594044264.
2022-11-02 15:30:32,792 - INFO - Beginning optimization with guess, [9.82489526].
2022-11-02 15:30:32,836 - INFO - Finished optimization with guess, [9.82489526].
2022-11-02 15:30:32,836 - INFO - Best fit parameters: [9.82489526].
2022-11-02 15:30:32,858 - INFO - Maximum log composite likelihood: -55200.10538224692.
2022-11-02 15:30:32,859 - INFO - Optimal value of theta: 59492.017594044264.
2022-11-02 15:30:32,859 - INFO - Beginning optimization with guess, [6.67183364].
2022-11-02 15:30:32,904 - INFO - Finished optimization with guess, [6.67183364].
2022-11-02 15:30:32,904 - INFO - Best fit parameters: [6.67183364].
2022-11-02 15:30:32,927 - INFO - Maximum log composite likelihood: -55200.10538224692.
2022-11-02 15:30:32,927 - INFO - Optimal value of theta: 59492.017594044264.
2022-11-02 15:30:32,927 - INFO - Beginning optimization with guess, [12.3382015].
2022-11-02 15:30:32,975 - INFO - Finished optimization with guess, [12.3382015].
2022-11-02 15:30:32,975 - INFO - Best fit parameters: [12.3382015].
2022-11-02 15:30:32,999 - INFO - Maximum log composite likelihood: -55200.10538224692.
2022-11-02 15:30:33,000 - INFO - Optimal value of theta: 59492.017594044264.
2022-11-02 15:30:33,002 - INFO - Finished demographic inference.
2022-11-02 15:30:33,002 - INFO - Pipeline executed succesfully.
