2023-02-17 16:58:51,346 - INFO - Beginning execution of fit_one_epoch.py in directory /u/project/ngarud/jonmah/demo_for_ccgb/Scripts

2023-02-17 16:58:51,346 - INFO - Progress is being logged to ../Analysis/Alistipes_onderdonkii_55464_downsampled_18/log.log

2023-02-17 16:58:51,346 - INFO - Parsed the following arguments:
	syn_input_sfs = ../Analysis/Alistipes_onderdonkii_55464_downsampled_18/empirical_sfs.txt
	mask_singletons = False
	mask_doubletons = False
	outprefix = ../Analysis/Alistipes_onderdonkii_55464_downsampled_18/

2023-02-17 16:58:51,372 - INFO - Beginning demographic inference for one-epoch demographic model.
2023-02-17 16:58:51,373 - INFO - Beginning optimization with guess, [0.08494384].
2023-02-17 16:58:51,462 - INFO - Finished optimization with guess, [0.08494384].
2023-02-17 16:58:51,462 - INFO - Best fit parameters: [0.08494384].
2023-02-17 16:58:51,507 - INFO - Maximum log composite likelihood: -452.4473745351561.
2023-02-17 16:58:51,508 - INFO - Optimal value of theta: 6055.004037634943.
2023-02-17 16:58:51,508 - INFO - Beginning optimization with guess, [0.1500608].
2023-02-17 16:58:51,599 - INFO - Finished optimization with guess, [0.1500608].
2023-02-17 16:58:51,599 - INFO - Best fit parameters: [0.1500608].
2023-02-17 16:58:51,645 - INFO - Maximum log composite likelihood: -452.4473745351561.
2023-02-17 16:58:51,645 - INFO - Optimal value of theta: 6055.004037634943.
2023-02-17 16:58:51,645 - INFO - Beginning optimization with guess, [0.3056067].
2023-02-17 16:58:51,737 - INFO - Finished optimization with guess, [0.3056067].
2023-02-17 16:58:51,737 - INFO - Best fit parameters: [0.3056067].
2023-02-17 16:58:51,783 - INFO - Maximum log composite likelihood: -452.4473745351561.
2023-02-17 16:58:51,783 - INFO - Optimal value of theta: 6055.004037634943.
2023-02-17 16:58:51,784 - INFO - Beginning optimization with guess, [0.67333949].
2023-02-17 16:58:51,875 - INFO - Finished optimization with guess, [0.67333949].
2023-02-17 16:58:51,876 - INFO - Best fit parameters: [0.67333949].
2023-02-17 16:58:51,921 - INFO - Maximum log composite likelihood: -452.4473745351561.
2023-02-17 16:58:51,922 - INFO - Optimal value of theta: 6055.004037634943.
2023-02-17 16:58:51,922 - INFO - Beginning optimization with guess, [0.39794552].
2023-02-17 16:58:52,014 - INFO - Finished optimization with guess, [0.39794552].
2023-02-17 16:58:52,014 - INFO - Best fit parameters: [0.39794552].
2023-02-17 16:58:52,060 - INFO - Maximum log composite likelihood: -452.4473745351561.
2023-02-17 16:58:52,060 - INFO - Optimal value of theta: 6055.004037634943.
2023-02-17 16:58:52,060 - INFO - Beginning optimization with guess, [0.32358901].
2023-02-17 16:58:52,152 - INFO - Finished optimization with guess, [0.32358901].
2023-02-17 16:58:52,152 - INFO - Best fit parameters: [0.32358901].
2023-02-17 16:58:52,198 - INFO - Maximum log composite likelihood: -452.4473745351561.
2023-02-17 16:58:52,198 - INFO - Optimal value of theta: 6055.004037634943.
2023-02-17 16:58:52,198 - INFO - Beginning optimization with guess, [1.03648433].
2023-02-17 16:58:52,290 - INFO - Finished optimization with guess, [1.03648433].
2023-02-17 16:58:52,290 - INFO - Best fit parameters: [1.03648433].
2023-02-17 16:58:52,336 - INFO - Maximum log composite likelihood: -452.4473745351561.
2023-02-17 16:58:52,337 - INFO - Optimal value of theta: 6055.004037634943.
2023-02-17 16:58:52,337 - INFO - Beginning optimization with guess, [0.78159811].
2023-02-17 16:58:52,431 - INFO - Finished optimization with guess, [0.78159811].
2023-02-17 16:58:52,431 - INFO - Best fit parameters: [0.78159811].
2023-02-17 16:58:52,477 - INFO - Maximum log composite likelihood: -452.4473745351561.
2023-02-17 16:58:52,478 - INFO - Optimal value of theta: 6055.004037634943.
2023-02-17 16:58:52,478 - INFO - Beginning optimization with guess, [0.74162915].
2023-02-17 16:58:52,570 - INFO - Finished optimization with guess, [0.74162915].
2023-02-17 16:58:52,570 - INFO - Best fit parameters: [0.74162915].
2023-02-17 16:58:52,616 - INFO - Maximum log composite likelihood: -452.4473745351561.
2023-02-17 16:58:52,616 - INFO - Optimal value of theta: 6055.004037634943.
2023-02-17 16:58:52,617 - INFO - Beginning optimization with guess, [0.77763396].
2023-02-17 16:58:52,708 - INFO - Finished optimization with guess, [0.77763396].
2023-02-17 16:58:52,708 - INFO - Best fit parameters: [0.77763396].
2023-02-17 16:58:52,754 - INFO - Maximum log composite likelihood: -452.4473745351561.
2023-02-17 16:58:52,755 - INFO - Optimal value of theta: 6055.004037634943.
2023-02-17 16:58:52,755 - INFO - Beginning optimization with guess, [1.60617938].
2023-02-17 16:58:52,847 - INFO - Finished optimization with guess, [1.60617938].
2023-02-17 16:58:52,847 - INFO - Best fit parameters: [1.60617938].
2023-02-17 16:58:52,893 - INFO - Maximum log composite likelihood: -452.4473745351561.
2023-02-17 16:58:52,893 - INFO - Optimal value of theta: 6055.004037634943.
2023-02-17 16:58:52,893 - INFO - Beginning optimization with guess, [1.42783963].
2023-02-17 16:58:52,985 - INFO - Finished optimization with guess, [1.42783963].
2023-02-17 16:58:52,985 - INFO - Best fit parameters: [1.42783963].
2023-02-17 16:58:53,031 - INFO - Maximum log composite likelihood: -452.4473745351561.
2023-02-17 16:58:53,031 - INFO - Optimal value of theta: 6055.004037634943.
2023-02-17 16:58:53,031 - INFO - Beginning optimization with guess, [0.91862092].
2023-02-17 16:58:53,123 - INFO - Finished optimization with guess, [0.91862092].
2023-02-17 16:58:53,123 - INFO - Best fit parameters: [0.91862092].
2023-02-17 16:58:53,169 - INFO - Maximum log composite likelihood: -452.4473745351561.
2023-02-17 16:58:53,169 - INFO - Optimal value of theta: 6055.004037634943.
2023-02-17 16:58:53,169 - INFO - Beginning optimization with guess, [1.29525778].
2023-02-17 16:58:53,261 - INFO - Finished optimization with guess, [1.29525778].
2023-02-17 16:58:53,261 - INFO - Best fit parameters: [1.29525778].
2023-02-17 16:58:53,307 - INFO - Maximum log composite likelihood: -452.4473745351561.
2023-02-17 16:58:53,307 - INFO - Optimal value of theta: 6055.004037634943.
2023-02-17 16:58:53,308 - INFO - Beginning optimization with guess, [2.88286827].
2023-02-17 16:58:53,399 - INFO - Finished optimization with guess, [2.88286827].
2023-02-17 16:58:53,399 - INFO - Best fit parameters: [2.88286827].
2023-02-17 16:58:53,445 - INFO - Maximum log composite likelihood: -452.4473745351561.
2023-02-17 16:58:53,445 - INFO - Optimal value of theta: 6055.004037634943.
2023-02-17 16:58:53,446 - INFO - Beginning optimization with guess, [2.27579257].
2023-02-17 16:58:53,537 - INFO - Finished optimization with guess, [2.27579257].
2023-02-17 16:58:53,537 - INFO - Best fit parameters: [2.27579257].
2023-02-17 16:58:53,583 - INFO - Maximum log composite likelihood: -452.4473745351561.
2023-02-17 16:58:53,584 - INFO - Optimal value of theta: 6055.004037634943.
2023-02-17 16:58:53,584 - INFO - Beginning optimization with guess, [2.12706055].
2023-02-17 16:58:53,675 - INFO - Finished optimization with guess, [2.12706055].
2023-02-17 16:58:53,676 - INFO - Best fit parameters: [2.12706055].
2023-02-17 16:58:53,721 - INFO - Maximum log composite likelihood: -452.4473745351561.
2023-02-17 16:58:53,722 - INFO - Optimal value of theta: 6055.004037634943.
2023-02-17 16:58:53,722 - INFO - Beginning optimization with guess, [5.34235317].
2023-02-17 16:58:53,814 - INFO - Finished optimization with guess, [5.34235317].
2023-02-17 16:58:53,814 - INFO - Best fit parameters: [5.34235317].
2023-02-17 16:58:53,860 - INFO - Maximum log composite likelihood: -452.4473745351561.
2023-02-17 16:58:53,860 - INFO - Optimal value of theta: 6055.004037634943.
2023-02-17 16:58:53,860 - INFO - Beginning optimization with guess, [3.7504461].
2023-02-17 16:58:53,952 - INFO - Finished optimization with guess, [3.7504461].
2023-02-17 16:58:53,952 - INFO - Best fit parameters: [3.7504461].
2023-02-17 16:58:53,998 - INFO - Maximum log composite likelihood: -452.4473745351561.
2023-02-17 16:58:53,998 - INFO - Optimal value of theta: 6055.004037634943.
2023-02-17 16:58:53,999 - INFO - Beginning optimization with guess, [2.22402166].
2023-02-17 16:58:54,090 - INFO - Finished optimization with guess, [2.22402166].
2023-02-17 16:58:54,090 - INFO - Best fit parameters: [2.22402166].
2023-02-17 16:58:54,136 - INFO - Maximum log composite likelihood: -452.4473745351561.
2023-02-17 16:58:54,136 - INFO - Optimal value of theta: 6055.004037634943.
2023-02-17 16:58:54,137 - INFO - Beginning optimization with guess, [2.60955232].
2023-02-17 16:58:54,228 - INFO - Finished optimization with guess, [2.60955232].
2023-02-17 16:58:54,228 - INFO - Best fit parameters: [2.60955232].
2023-02-17 16:58:54,274 - INFO - Maximum log composite likelihood: -452.4473745351561.
2023-02-17 16:58:54,275 - INFO - Optimal value of theta: 6055.004037634943.
2023-02-17 16:58:54,275 - INFO - Beginning optimization with guess, [4.00108364].
2023-02-17 16:58:54,367 - INFO - Finished optimization with guess, [4.00108364].
2023-02-17 16:58:54,367 - INFO - Best fit parameters: [4.00108364].
2023-02-17 16:58:54,413 - INFO - Maximum log composite likelihood: -452.4473745351561.
2023-02-17 16:58:54,413 - INFO - Optimal value of theta: 6055.004037634943.
2023-02-17 16:58:54,414 - INFO - Beginning optimization with guess, [6.35978435].
2023-02-17 16:58:54,508 - INFO - Finished optimization with guess, [6.35978435].
2023-02-17 16:58:54,508 - INFO - Best fit parameters: [6.35978435].
2023-02-17 16:58:54,554 - INFO - Maximum log composite likelihood: -452.4473745351561.
2023-02-17 16:58:54,554 - INFO - Optimal value of theta: 6055.004037634943.
2023-02-17 16:58:54,555 - INFO - Beginning optimization with guess, [10.50878719].
2023-02-17 16:58:54,646 - INFO - Finished optimization with guess, [10.50878719].
2023-02-17 16:58:54,647 - INFO - Best fit parameters: [10.50878719].
2023-02-17 16:58:54,692 - INFO - Maximum log composite likelihood: -452.4473745351561.
2023-02-17 16:58:54,693 - INFO - Optimal value of theta: 6055.004037634943.
2023-02-17 16:58:54,693 - INFO - Beginning optimization with guess, [5.81320827].
2023-02-17 16:58:54,785 - INFO - Finished optimization with guess, [5.81320827].
2023-02-17 16:58:54,785 - INFO - Best fit parameters: [5.81320827].
2023-02-17 16:58:54,832 - INFO - Maximum log composite likelihood: -452.4473745351561.
2023-02-17 16:58:54,833 - INFO - Optimal value of theta: 6055.004037634943.
2023-02-17 16:58:54,835 - INFO - Finished demographic inference.
2023-02-17 16:58:54,835 - INFO - Pipeline executed succesfully.
