2022-08-25 14:14:46,593 - INFO - Beginning execution of fit_one_epoch.py in directory /u/project/ngarud/jonmah/demo_for_ccgb/Scripts

2022-08-25 14:14:46,594 - INFO - Progress is being logged to ../Analysis/Bacteroides_stercoris_56735_downsampled/log.log

2022-08-25 14:14:46,594 - INFO - Parsed the following arguments:
	mask_doubletons = False
	syn_input_sfs = ../Analysis/Bacteroides_stercoris_56735_downsampled/empirical_sfs.txt
	mask_singletons = True
	outprefix = ../Analysis/Bacteroides_stercoris_56735_downsampled/

2022-08-25 14:14:46,607 - INFO - Beginning demographic inference for exponential growth demographic model.
2022-08-25 14:14:46,608 - INFO - Beginning optimization with guess, [1.34684866e-06 1.33447339e-06].
2022-08-25 14:14:48,746 - INFO - Finished optimization with guess, [1.34684866e-06 1.33447339e-06].
2022-08-25 14:14:48,747 - INFO - Best fit parameters: [1.89594416e-06 1.33671559e-09].
2022-08-25 14:14:48,815 - INFO - Maximum log composite likelihood: -209.562258301.
2022-08-25 14:14:48,816 - INFO - Optimal value of theta: 9760.04893334.
2022-08-25 14:14:48,816 - INFO - Beginning optimization with guess, [6.27184445e-06 5.67436360e-07].
2022-08-25 14:14:50,646 - INFO - Finished optimization with guess, [6.27184445e-06 5.67436360e-07].
2022-08-25 14:14:50,647 - INFO - Best fit parameters: [7.87508880e-06 1.38258035e-08].
2022-08-25 14:14:50,714 - INFO - Maximum log composite likelihood: -209.797307773.
2022-08-25 14:14:50,715 - INFO - Optimal value of theta: 9760.94494094.
2022-08-25 14:14:50,716 - INFO - Beginning optimization with guess, [5.21285843e-05 5.72948218e-07].
2022-08-25 14:14:52,519 - INFO - Finished optimization with guess, [5.21285843e-05 5.72948218e-07].
2022-08-25 14:14:52,520 - INFO - Best fit parameters: [3.17905641e-04 8.19377820e-08].
2022-08-25 14:14:52,586 - INFO - Maximum log composite likelihood: -209.521483784.
2022-08-25 14:14:52,587 - INFO - Optimal value of theta: 9759.89334304.
2022-08-25 14:14:52,588 - INFO - Beginning optimization with guess, [5.83897775e-04 1.26112559e-06].
2022-08-25 14:14:54,396 - INFO - Finished optimization with guess, [5.83897775e-04 1.26112559e-06].
2022-08-25 14:14:54,396 - INFO - Best fit parameters: [3.67879414e-03 1.99822291e-07].
2022-08-25 14:14:54,462 - INFO - Maximum log composite likelihood: -209.515363731.
2022-08-25 14:14:54,463 - INFO - Optimal value of theta: 9759.86998809.
2022-08-25 14:14:54,464 - INFO - Beginning optimization with guess, [7.73499113e-03 1.88594264e-06].
2022-08-25 14:14:56,272 - INFO - Finished optimization with guess, [7.73499113e-03 1.88594264e-06].
2022-08-25 14:14:56,274 - INFO - Best fit parameters: [2.79124449e-02 5.28834958e-07].
2022-08-25 14:14:56,340 - INFO - Maximum log composite likelihood: -209.515112066.
2022-08-25 14:14:56,341 - INFO - Optimal value of theta: 9759.86902775.
2022-08-25 14:14:56,342 - INFO - Beginning optimization with guess, [6.80311033e-01 1.81905262e-06].
2022-08-25 14:14:56,541 - INFO - Finished optimization with guess, [6.80311033e-01 1.81905262e-06].
2022-08-25 14:14:56,541 - INFO - Best fit parameters: [6.80311033e-01 1.81905262e-06].
2022-08-25 14:14:56,611 - INFO - Maximum log composite likelihood: -209.515078451.
2022-08-25 14:14:56,611 - INFO - Optimal value of theta: 9759.86889948.
2022-08-25 14:14:56,612 - INFO - Beginning optimization with guess, [3.75775577e-01 1.90986650e-06].
2022-08-25 14:14:56,814 - INFO - Finished optimization with guess, [3.75775577e-01 1.90986650e-06].
2022-08-25 14:14:56,814 - INFO - Best fit parameters: [3.75775577e-01 1.90986650e-06].
2022-08-25 14:14:56,881 - INFO - Maximum log composite likelihood: -209.515079776.
2022-08-25 14:14:56,882 - INFO - Optimal value of theta: 9759.86890453.
2022-08-25 14:14:56,882 - INFO - Beginning optimization with guess, [9.05433127e-01 6.51565354e-07].
2022-08-25 14:14:57,083 - INFO - Finished optimization with guess, [9.05433127e-01 6.51565354e-07].
2022-08-25 14:14:57,083 - INFO - Best fit parameters: [9.05433127e-01 6.51565354e-07].
2022-08-25 14:14:57,150 - INFO - Maximum log composite likelihood: -209.515078239.
2022-08-25 14:14:57,151 - INFO - Optimal value of theta: 9759.86889867.
2022-08-25 14:14:57,151 - INFO - Beginning optimization with guess, [8.67988235e-01 6.22759894e-07].
2022-08-25 14:14:57,352 - INFO - Finished optimization with guess, [8.67988235e-01 6.22759894e-07].
2022-08-25 14:14:57,352 - INFO - Best fit parameters: [8.67988235e-01 6.22759894e-07].
2022-08-25 14:14:57,420 - INFO - Maximum log composite likelihood: -209.515078241.
2022-08-25 14:14:57,421 - INFO - Optimal value of theta: 9759.86889867.
2022-08-25 14:14:57,421 - INFO - Beginning optimization with guess, [1.72830490e+00 5.01693563e-07].
2022-08-25 14:14:57,623 - INFO - Finished optimization with guess, [1.72830490e+00 5.01693563e-07].
2022-08-25 14:14:57,623 - INFO - Best fit parameters: [1.72830490e+00 5.01693563e-07].
2022-08-25 14:14:57,690 - INFO - Maximum log composite likelihood: -209.515078229.
2022-08-25 14:14:57,691 - INFO - Optimal value of theta: 9759.86889863.
2022-08-25 14:14:57,692 - INFO - Beginning optimization with guess, [2.02474914e+00 1.07127378e-06].
2022-08-25 14:14:57,897 - INFO - Finished optimization with guess, [2.02474914e+00 1.07127378e-06].
2022-08-25 14:14:57,897 - INFO - Best fit parameters: [2.02474914e+00 1.07127378e-06].
2022-08-25 14:14:57,964 - INFO - Maximum log composite likelihood: -209.515078207.
2022-08-25 14:14:57,965 - INFO - Optimal value of theta: 9759.86889855.
2022-08-25 14:14:57,965 - INFO - Beginning optimization with guess, [1.04857082e+00 8.69256006e-07].
2022-08-25 14:14:58,166 - INFO - Finished optimization with guess, [1.04857082e+00 8.69256006e-07].
2022-08-25 14:14:58,167 - INFO - Best fit parameters: [1.04857082e+00 8.69256006e-07].
2022-08-25 14:14:58,233 - INFO - Maximum log composite likelihood: -209.515078231.
2022-08-25 14:14:58,234 - INFO - Optimal value of theta: 9759.86889864.
2022-08-25 14:14:58,234 - INFO - Beginning optimization with guess, [3.37702121e+00 6.31165997e-07].
2022-08-25 14:14:58,436 - INFO - Finished optimization with guess, [3.37702121e+00 6.31165997e-07].
2022-08-25 14:14:58,437 - INFO - Best fit parameters: [3.37702121e+00 6.31165997e-07].
2022-08-25 14:14:58,503 - INFO - Maximum log composite likelihood: -209.515078226.
2022-08-25 14:14:58,504 - INFO - Optimal value of theta: 9759.86889862.
2022-08-25 14:14:58,504 - INFO - Beginning optimization with guess, [2.78803092e+00 8.16555443e-07].
2022-08-25 14:14:58,706 - INFO - Finished optimization with guess, [2.78803092e+00 8.16555443e-07].
2022-08-25 14:14:58,707 - INFO - Best fit parameters: [2.78803092e+00 8.16555443e-07].
2022-08-25 14:14:58,774 - INFO - Maximum log composite likelihood: -209.51507822.
2022-08-25 14:14:58,775 - INFO - Optimal value of theta: 9759.86889859.
2022-08-25 14:14:58,775 - INFO - Beginning optimization with guess, [1.25888244e+00 8.48035156e-07].
2022-08-25 14:14:58,975 - INFO - Finished optimization with guess, [1.25888244e+00 8.48035156e-07].
2022-08-25 14:14:58,975 - INFO - Best fit parameters: [1.25888244e+00 8.48035156e-07].
2022-08-25 14:14:59,042 - INFO - Maximum log composite likelihood: -209.515078223.
2022-08-25 14:14:59,043 - INFO - Optimal value of theta: 9759.86889861.
2022-08-25 14:14:59,043 - INFO - Beginning optimization with guess, [3.04459769e+00 1.44982936e-06].
2022-08-25 14:14:59,245 - INFO - Finished optimization with guess, [3.04459769e+00 1.44982936e-06].
2022-08-25 14:14:59,245 - INFO - Best fit parameters: [3.04459769e+00 1.44982936e-06].
2022-08-25 14:14:59,312 - INFO - Maximum log composite likelihood: -209.51507819.
2022-08-25 14:14:59,313 - INFO - Optimal value of theta: 9759.86889848.
2022-08-25 14:14:59,313 - INFO - Beginning optimization with guess, [4.50933095e+00 1.37642022e-06].
2022-08-25 14:14:59,515 - INFO - Finished optimization with guess, [4.50933095e+00 1.37642022e-06].
2022-08-25 14:14:59,515 - INFO - Best fit parameters: [4.50933095e+00 1.37642022e-06].
2022-08-25 14:14:59,582 - INFO - Maximum log composite likelihood: -209.515078203.
2022-08-25 14:14:59,583 - INFO - Optimal value of theta: 9759.86889853.
2022-08-25 14:14:59,583 - INFO - Beginning optimization with guess, [2.46910737e+00 8.35448121e-07].
2022-08-25 14:14:59,785 - INFO - Finished optimization with guess, [2.46910737e+00 8.35448121e-07].
2022-08-25 14:14:59,786 - INFO - Best fit parameters: [2.46910737e+00 8.35448121e-07].
2022-08-25 14:14:59,853 - INFO - Maximum log composite likelihood: -209.515078218.
2022-08-25 14:14:59,853 - INFO - Optimal value of theta: 9759.86889859.
2022-08-25 14:14:59,854 - INFO - Beginning optimization with guess, [1.93439469e+00 7.52200760e-07].
2022-08-25 14:15:00,055 - INFO - Finished optimization with guess, [1.93439469e+00 7.52200760e-07].
2022-08-25 14:15:00,055 - INFO - Best fit parameters: [1.93439469e+00 7.52200760e-07].
2022-08-25 14:15:00,123 - INFO - Maximum log composite likelihood: -209.515078221.
2022-08-25 14:15:00,123 - INFO - Optimal value of theta: 9759.8688986.
2022-08-25 14:15:00,124 - INFO - Beginning optimization with guess, [2.92017802e+00 5.87853413e-07].
2022-08-25 14:15:00,330 - INFO - Finished optimization with guess, [2.92017802e+00 5.87853413e-07].
2022-08-25 14:15:00,331 - INFO - Best fit parameters: [2.92017802e+00 5.87853413e-07].
2022-08-25 14:15:00,397 - INFO - Maximum log composite likelihood: -209.515078227.
2022-08-25 14:15:00,398 - INFO - Optimal value of theta: 9759.86889862.
2022-08-25 14:15:00,398 - INFO - Beginning optimization with guess, [3.82212334e+00 7.29470537e-07].
2022-08-25 14:15:00,598 - INFO - Finished optimization with guess, [3.82212334e+00 7.29470537e-07].
2022-08-25 14:15:00,600 - INFO - Best fit parameters: [3.82212334e+00 7.29470537e-07].
2022-08-25 14:15:00,668 - INFO - Maximum log composite likelihood: -209.515078225.
2022-08-25 14:15:00,669 - INFO - Optimal value of theta: 9759.86889861.
2022-08-25 14:15:00,669 - INFO - Beginning optimization with guess, [8.92690859e+00 5.54745282e-07].
2022-08-25 14:15:00,873 - INFO - Finished optimization with guess, [8.92690859e+00 5.54745282e-07].
2022-08-25 14:15:00,874 - INFO - Best fit parameters: [8.92690859e+00 5.54745282e-07].
2022-08-25 14:15:00,942 - INFO - Maximum log composite likelihood: -209.515078231.
2022-08-25 14:15:00,943 - INFO - Optimal value of theta: 9759.86889864.
2022-08-25 14:15:00,943 - INFO - Beginning optimization with guess, [3.48207838e+00 7.74923890e-07].
2022-08-25 14:15:01,148 - INFO - Finished optimization with guess, [3.48207838e+00 7.74923890e-07].
2022-08-25 14:15:01,148 - INFO - Best fit parameters: [3.48207838e+00 7.74923890e-07].
2022-08-25 14:15:01,216 - INFO - Maximum log composite likelihood: -209.515078223.
2022-08-25 14:15:01,217 - INFO - Optimal value of theta: 9759.8688986.
2022-08-25 14:15:01,217 - INFO - Beginning optimization with guess, [6.26883157e+00 1.53237311e-06].
2022-08-25 14:15:01,430 - INFO - Finished optimization with guess, [6.26883157e+00 1.53237311e-06].
2022-08-25 14:15:01,430 - INFO - Best fit parameters: [6.26883157e+00 1.53237311e-06].
2022-08-25 14:15:01,513 - INFO - Maximum log composite likelihood: -209.515078204.
2022-08-25 14:15:01,514 - INFO - Optimal value of theta: 9759.86889853.
2022-08-25 14:15:01,514 - INFO - Beginning optimization with guess, [9.58224961e+00 6.33689892e-07].
2022-08-25 14:15:01,717 - INFO - Finished optimization with guess, [9.58224961e+00 6.33689892e-07].
2022-08-25 14:15:01,718 - INFO - Best fit parameters: [9.58224961e+00 6.33689892e-07].
2022-08-25 14:15:01,786 - INFO - Maximum log composite likelihood: -209.515078231.
2022-08-25 14:15:01,786 - INFO - Optimal value of theta: 9759.86889864.
2022-08-25 14:15:01,790 - INFO - Beginning demographic inference for two-epoch demographic model.
2022-08-25 14:15:01,792 - INFO - Beginning optimization with guess, [7.92153344e-07 8.04957884e-07].
2022-08-25 14:15:03,778 - INFO - Finished optimization with guess, [7.92153344e-07 8.04957884e-07].
2022-08-25 14:15:03,779 - INFO - Best fit parameters: [1.60937234e-06 5.31815191e-10].
2022-08-25 14:15:03,846 - INFO - Maximum log composite likelihood: -209.52558289.
2022-08-25 14:15:03,847 - INFO - Optimal value of theta: 9759.90898593.
2022-08-25 14:15:03,847 - INFO - Beginning optimization with guess, [1.38163480e-05 1.06117993e-06].
2022-08-25 14:15:05,707 - INFO - Finished optimization with guess, [1.38163480e-05 1.06117993e-06].
2022-08-25 14:15:05,709 - INFO - Best fit parameters: [1.62885393e-05 2.41607886e-08].
2022-08-25 14:15:05,776 - INFO - Maximum log composite likelihood: -209.718371584.
2022-08-25 14:15:05,777 - INFO - Optimal value of theta: 9760.64422344.
2022-08-25 14:15:05,777 - INFO - Beginning optimization with guess, [3.45595247e-04 8.71862176e-07].
2022-08-25 14:15:07,592 - INFO - Finished optimization with guess, [3.45595247e-04 8.71862176e-07].
2022-08-25 14:15:07,592 - INFO - Best fit parameters: [2.18050437e-03 1.37843435e-07].
2022-08-25 14:15:07,660 - INFO - Maximum log composite likelihood: -209.515465453.
2022-08-25 14:15:07,661 - INFO - Optimal value of theta: 9759.87037626.
2022-08-25 14:15:07,661 - INFO - Beginning optimization with guess, [2.01685159e-03 8.16521285e-07].
2022-08-25 14:15:09,480 - INFO - Finished optimization with guess, [2.01685159e-03 8.16521285e-07].
2022-08-25 14:15:09,480 - INFO - Best fit parameters: [7.36672433e-03 2.23795776e-07].
2022-08-25 14:15:09,546 - INFO - Maximum log composite likelihood: -209.515167191.
2022-08-25 14:15:09,547 - INFO - Optimal value of theta: 9759.8692381.
2022-08-25 14:15:09,548 - INFO - Beginning optimization with guess, [1.97639886e-02 5.13172261e-07].
2022-08-25 14:15:09,948 - INFO - Finished optimization with guess, [1.97639886e-02 5.13172261e-07].
2022-08-25 14:15:09,948 - INFO - Best fit parameters: [1.97665510e-02 5.13106277e-07].
2022-08-25 14:15:10,015 - INFO - Maximum log composite likelihood: -209.515142351.
2022-08-25 14:15:10,016 - INFO - Optimal value of theta: 9759.86914331.
2022-08-25 14:15:10,016 - INFO - Beginning optimization with guess, [6.05141417e-01 8.06796545e-07].
2022-08-25 14:15:10,217 - INFO - Finished optimization with guess, [6.05141417e-01 8.06796545e-07].
2022-08-25 14:15:10,217 - INFO - Best fit parameters: [6.05141417e-01 8.06796545e-07].
2022-08-25 14:15:10,288 - INFO - Maximum log composite likelihood: -209.515078301.
2022-08-25 14:15:10,289 - INFO - Optimal value of theta: 9759.8688989.
2022-08-25 14:15:10,289 - INFO - Beginning optimization with guess, [5.82320345e-01 1.25562256e-06].
2022-08-25 14:15:10,487 - INFO - Finished optimization with guess, [5.82320345e-01 1.25562256e-06].
2022-08-25 14:15:10,488 - INFO - Best fit parameters: [5.82320345e-01 1.25562256e-06].
2022-08-25 14:15:10,553 - INFO - Maximum log composite likelihood: -209.515078418.
2022-08-25 14:15:10,554 - INFO - Optimal value of theta: 9759.86889935.
2022-08-25 14:15:10,554 - INFO - Beginning optimization with guess, [1.32120517e+00 1.05756101e-06].
2022-08-25 14:15:10,750 - INFO - Finished optimization with guess, [1.32120517e+00 1.05756101e-06].
2022-08-25 14:15:10,750 - INFO - Best fit parameters: [1.32120517e+00 1.05756101e-06].
2022-08-25 14:15:10,815 - INFO - Maximum log composite likelihood: -209.515078215.
2022-08-25 14:15:10,815 - INFO - Optimal value of theta: 9759.86889858.
2022-08-25 14:15:10,816 - INFO - Beginning optimization with guess, [5.05078047e-01 1.60927298e-06].
2022-08-25 14:15:11,010 - INFO - Finished optimization with guess, [5.05078047e-01 1.60927298e-06].
2022-08-25 14:15:11,010 - INFO - Best fit parameters: [5.05078047e-01 1.60927298e-06].
2022-08-25 14:15:11,074 - INFO - Maximum log composite likelihood: -209.515078712.
2022-08-25 14:15:11,075 - INFO - Optimal value of theta: 9759.86890047.
2022-08-25 14:15:11,075 - INFO - Beginning optimization with guess, [5.22803227e-01 7.53727195e-07].
2022-08-25 14:15:11,269 - INFO - Finished optimization with guess, [5.22803227e-01 7.53727195e-07].
2022-08-25 14:15:11,269 - INFO - Best fit parameters: [5.22803227e-01 7.53727195e-07].
2022-08-25 14:15:11,334 - INFO - Maximum log composite likelihood: -209.515078328.
2022-08-25 14:15:11,335 - INFO - Optimal value of theta: 9759.86889901.
2022-08-25 14:15:11,335 - INFO - Beginning optimization with guess, [1.45583993e+00 1.08353608e-06].
2022-08-25 14:15:11,529 - INFO - Finished optimization with guess, [1.45583993e+00 1.08353608e-06].
2022-08-25 14:15:11,530 - INFO - Best fit parameters: [1.45583993e+00 1.08353608e-06].
2022-08-25 14:15:11,596 - INFO - Maximum log composite likelihood: -209.51507821.
2022-08-25 14:15:11,597 - INFO - Optimal value of theta: 9759.86889856.
2022-08-25 14:15:11,597 - INFO - Beginning optimization with guess, [1.19467527e+00 8.48338280e-07].
2022-08-25 14:15:11,792 - INFO - Finished optimization with guess, [1.19467527e+00 8.48338280e-07].
2022-08-25 14:15:11,793 - INFO - Best fit parameters: [1.19467527e+00 8.48338280e-07].
2022-08-25 14:15:11,859 - INFO - Maximum log composite likelihood: -209.515078225.
2022-08-25 14:15:11,860 - INFO - Optimal value of theta: 9759.86889861.
2022-08-25 14:15:11,861 - INFO - Beginning optimization with guess, [2.79066592e+00 5.85041532e-07].
2022-08-25 14:15:12,060 - INFO - Finished optimization with guess, [2.79066592e+00 5.85041532e-07].
2022-08-25 14:15:12,061 - INFO - Best fit parameters: [2.79066592e+00 5.85041532e-07].
2022-08-25 14:15:12,126 - INFO - Maximum log composite likelihood: -209.515078227.
2022-08-25 14:15:12,128 - INFO - Optimal value of theta: 9759.86889862.
2022-08-25 14:15:12,128 - INFO - Beginning optimization with guess, [2.47763088e+00 5.41306935e-07].
2022-08-25 14:15:12,326 - INFO - Finished optimization with guess, [2.47763088e+00 5.41306935e-07].
2022-08-25 14:15:12,326 - INFO - Best fit parameters: [2.47763088e+00 5.41306935e-07].
2022-08-25 14:15:12,393 - INFO - Maximum log composite likelihood: -209.515078228.
2022-08-25 14:15:12,394 - INFO - Optimal value of theta: 9759.86889862.
2022-08-25 14:15:12,394 - INFO - Beginning optimization with guess, [1.53794845e+00 1.63482346e-06].
2022-08-25 14:15:12,591 - INFO - Finished optimization with guess, [1.53794845e+00 1.63482346e-06].
2022-08-25 14:15:12,592 - INFO - Best fit parameters: [1.53794845e+00 1.63482346e-06].
2022-08-25 14:15:12,658 - INFO - Maximum log composite likelihood: -209.515078177.
2022-08-25 14:15:12,659 - INFO - Optimal value of theta: 9759.86889843.
2022-08-25 14:15:12,659 - INFO - Beginning optimization with guess, [4.42803988e+00 6.00467961e-07].
2022-08-25 14:15:12,857 - INFO - Finished optimization with guess, [4.42803988e+00 6.00467961e-07].
2022-08-25 14:15:12,857 - INFO - Best fit parameters: [4.42803988e+00 6.00467961e-07].
2022-08-25 14:15:12,923 - INFO - Maximum log composite likelihood: -209.515078228.
2022-08-25 14:15:12,924 - INFO - Optimal value of theta: 9759.86889863.
2022-08-25 14:15:12,924 - INFO - Beginning optimization with guess, [5.27395849e+00 5.01044125e-07].
2022-08-25 14:15:13,123 - INFO - Finished optimization with guess, [5.27395849e+00 5.01044125e-07].
2022-08-25 14:15:13,123 - INFO - Best fit parameters: [5.27395849e+00 5.01044125e-07].
2022-08-25 14:15:13,192 - INFO - Maximum log composite likelihood: -209.515078231.
2022-08-25 14:15:13,193 - INFO - Optimal value of theta: 9759.86889864.
2022-08-25 14:15:13,193 - INFO - Beginning optimization with guess, [2.30895370e+00 9.42296872e-07].
2022-08-25 14:15:13,394 - INFO - Finished optimization with guess, [2.30895370e+00 9.42296872e-07].
2022-08-25 14:15:13,394 - INFO - Best fit parameters: [2.30895370e+00 9.42296872e-07].
2022-08-25 14:15:13,459 - INFO - Maximum log composite likelihood: -209.515078214.
2022-08-25 14:15:13,460 - INFO - Optimal value of theta: 9759.86889857.
2022-08-25 14:15:13,460 - INFO - Beginning optimization with guess, [2.12263879e+00 8.65722808e-07].
2022-08-25 14:15:13,665 - INFO - Finished optimization with guess, [2.12263879e+00 8.65722808e-07].
2022-08-25 14:15:13,666 - INFO - Best fit parameters: [2.12263879e+00 8.65722808e-07].
2022-08-25 14:15:13,734 - INFO - Maximum log composite likelihood: -209.515078217.
2022-08-25 14:15:13,735 - INFO - Optimal value of theta: 9759.86889858.
2022-08-25 14:15:13,735 - INFO - Beginning optimization with guess, [2.15090971e+00 8.05466825e-07].
2022-08-25 14:15:13,938 - INFO - Finished optimization with guess, [2.15090971e+00 8.05466825e-07].
2022-08-25 14:15:13,939 - INFO - Best fit parameters: [2.15090971e+00 8.05466825e-07].
2022-08-25 14:15:14,006 - INFO - Maximum log composite likelihood: -209.515078219.
2022-08-25 14:15:14,007 - INFO - Optimal value of theta: 9759.86889859.
2022-08-25 14:15:14,007 - INFO - Beginning optimization with guess, [7.05817239e+00 1.10910900e-06].
2022-08-25 14:15:14,210 - INFO - Finished optimization with guess, [7.05817239e+00 1.10910900e-06].
2022-08-25 14:15:14,210 - INFO - Best fit parameters: [7.05817239e+00 1.10910900e-06].
2022-08-25 14:15:14,277 - INFO - Maximum log composite likelihood: -209.51507822.
2022-08-25 14:15:14,278 - INFO - Optimal value of theta: 9759.86889859.
2022-08-25 14:15:14,278 - INFO - Beginning optimization with guess, [7.85040021e+00 1.23095203e-06].
2022-08-25 14:15:14,479 - INFO - Finished optimization with guess, [7.85040021e+00 1.23095203e-06].
2022-08-25 14:15:14,479 - INFO - Best fit parameters: [7.85040021e+00 1.23095203e-06].
2022-08-25 14:15:14,546 - INFO - Maximum log composite likelihood: -209.515078218.
2022-08-25 14:15:14,547 - INFO - Optimal value of theta: 9759.86889859.
2022-08-25 14:15:14,548 - INFO - Beginning optimization with guess, [7.02039827e+00 5.11787981e-07].
2022-08-25 14:15:14,749 - INFO - Finished optimization with guess, [7.02039827e+00 5.11787981e-07].
2022-08-25 14:15:14,750 - INFO - Best fit parameters: [7.02039827e+00 5.11787981e-07].
2022-08-25 14:15:14,817 - INFO - Maximum log composite likelihood: -209.515078231.
2022-08-25 14:15:14,817 - INFO - Optimal value of theta: 9759.86889864.
2022-08-25 14:15:14,818 - INFO - Beginning optimization with guess, [3.68420663e+00 1.35545428e-06].
2022-08-25 14:15:15,019 - INFO - Finished optimization with guess, [3.68420663e+00 1.35545428e-06].
2022-08-25 14:15:15,020 - INFO - Best fit parameters: [3.68420663e+00 1.35545428e-06].
2022-08-25 14:15:15,087 - INFO - Maximum log composite likelihood: -209.5150782.
2022-08-25 14:15:15,088 - INFO - Optimal value of theta: 9759.86889852.
2022-08-25 14:15:15,088 - INFO - Beginning optimization with guess, [8.04692034e+00 5.94281914e-07].
2022-08-25 14:15:15,292 - INFO - Finished optimization with guess, [8.04692034e+00 5.94281914e-07].
2022-08-25 14:15:15,292 - INFO - Best fit parameters: [8.04692034e+00 5.94281914e-07].
2022-08-25 14:15:15,359 - INFO - Maximum log composite likelihood: -209.515078231.
2022-08-25 14:15:15,360 - INFO - Optimal value of theta: 9759.86889864.
2022-08-25 14:15:15,363 - INFO - Beginning demographic inference for bottleneck + growth demographic model.
2022-08-25 14:15:15,364 - INFO - Beginning optimization with guess, [5.39823022e-07 1.80777236e-06 1.44029153e-06].
2022-08-25 14:15:18,115 - INFO - Finished optimization with guess, [5.39823022e-07 1.80777236e-06 1.44029153e-06].
2022-08-25 14:15:18,117 - INFO - Best fit parameters: [6.11749664e-06 2.03973500e-05 1.16747467e-08].
2022-08-25 14:15:18,183 - INFO - Maximum log composite likelihood: -209.546319102.
2022-08-25 14:15:18,184 - INFO - Optimal value of theta: 9759.98811542.
2022-08-25 14:15:18,184 - INFO - Beginning optimization with guess, [7.72077327e-06 6.73759775e-06 1.03720928e-06].
2022-08-25 14:15:20,165 - INFO - Finished optimization with guess, [7.72077327e-06 6.73759775e-06 1.03720928e-06].
2022-08-25 14:15:20,165 - INFO - Best fit parameters: [6.80118410e-06 8.54728478e-06 5.76423955e-08].
2022-08-25 14:15:20,233 - INFO - Maximum log composite likelihood: -212.740968311.
2022-08-25 14:15:20,233 - INFO - Optimal value of theta: 9772.00158281.
2022-08-25 14:15:20,234 - INFO - Beginning optimization with guess, [6.34884166e-05 1.39203291e-04 1.36630957e-06].
2022-08-25 14:15:22,084 - INFO - Finished optimization with guess, [6.34884166e-05 1.39203291e-04 1.36630957e-06].
2022-08-25 14:15:22,085 - INFO - Best fit parameters: [1.03593928e-04 4.75627532e-04 2.44375868e-07].
2022-08-25 14:15:22,148 - INFO - Maximum log composite likelihood: -209.54029402.
2022-08-25 14:15:22,149 - INFO - Optimal value of theta: 9759.9651245.
2022-08-25 14:15:22,149 - INFO - Beginning optimization with guess, [1.21925451e-03 7.19147992e-04 7.30374689e-07].
2022-08-25 14:15:23,965 - INFO - Finished optimization with guess, [1.21925451e-03 7.19147992e-04 7.30374689e-07].
2022-08-25 14:15:23,966 - INFO - Best fit parameters: [1.21925351e-03 2.08043166e-03 2.52151688e-07].
2022-08-25 14:15:24,032 - INFO - Maximum log composite likelihood: -209.516499159.
2022-08-25 14:15:24,033 - INFO - Optimal value of theta: 9759.87432095.
2022-08-25 14:15:24,033 - INFO - Beginning optimization with guess, [1.51716894e-02 1.83645028e-02 7.12852710e-07].
2022-08-25 14:15:24,558 - INFO - Finished optimization with guess, [1.51716894e-02 1.83645028e-02 7.12852710e-07].
2022-08-25 14:15:24,558 - INFO - Best fit parameters: [1.51716894e-02 1.83698256e-02 7.12647665e-07].
2022-08-25 14:15:24,623 - INFO - Maximum log composite likelihood: -209.515221731.
2022-08-25 14:15:24,624 - INFO - Optimal value of theta: 9759.86944622.
2022-08-25 14:15:24,624 - INFO - Beginning optimization with guess, [4.68572995e-01 6.35782098e-01 9.82889135e-07].
2022-08-25 14:15:24,889 - INFO - Finished optimization with guess, [4.68572995e-01 6.35782098e-01 9.82889135e-07].
2022-08-25 14:15:24,890 - INFO - Best fit parameters: [4.68572995e-01 6.35782098e-01 9.82889135e-07].
2022-08-25 14:15:24,954 - INFO - Maximum log composite likelihood: -209.515078317.
2022-08-25 14:15:24,955 - INFO - Optimal value of theta: 9759.86889896.
2022-08-25 14:15:24,955 - INFO - Beginning optimization with guess, [5.53088574e-01 5.95638296e-01 1.37791751e-06].
2022-08-25 14:15:25,217 - INFO - Finished optimization with guess, [5.53088574e-01 5.95638296e-01 1.37791751e-06].
2022-08-25 14:15:25,217 - INFO - Best fit parameters: [5.53088574e-01 5.95638296e-01 1.37791751e-06].
2022-08-25 14:15:25,283 - INFO - Maximum log composite likelihood: -209.515078439.
2022-08-25 14:15:25,284 - INFO - Optimal value of theta: 9759.86889943.
2022-08-25 14:15:25,284 - INFO - Beginning optimization with guess, [4.73671348e-01 1.34759561e+00 1.32277267e-06].
2022-08-25 14:15:25,549 - INFO - Finished optimization with guess, [4.73671348e-01 1.34759561e+00 1.32277267e-06].
2022-08-25 14:15:25,550 - INFO - Best fit parameters: [4.73671348e-01 1.34759561e+00 1.32277267e-06].
2022-08-25 14:15:25,616 - INFO - Maximum log composite likelihood: -209.515078203.
2022-08-25 14:15:25,617 - INFO - Optimal value of theta: 9759.86889853.
2022-08-25 14:15:25,617 - INFO - Beginning optimization with guess, [1.32811452e+00 5.56908291e-01 1.67629578e-06].
2022-08-25 14:15:25,878 - INFO - Finished optimization with guess, [1.32811452e+00 5.56908291e-01 1.67629578e-06].
2022-08-25 14:15:25,878 - INFO - Best fit parameters: [1.32811452e+00 5.56908291e-01 1.67629578e-06].
2022-08-25 14:15:25,944 - INFO - Maximum log composite likelihood: -209.515078615.
2022-08-25 14:15:25,945 - INFO - Optimal value of theta: 9759.8689001.
2022-08-25 14:15:25,945 - INFO - Beginning optimization with guess, [1.68392573e+00 5.66236155e-01 1.94682740e-06].
2022-08-25 14:15:26,209 - INFO - Finished optimization with guess, [1.68392573e+00 5.66236155e-01 1.94682740e-06].
2022-08-25 14:15:26,210 - INFO - Best fit parameters: [1.68392573e+00 5.66236155e-01 1.94682740e-06].
2022-08-25 14:15:26,276 - INFO - Maximum log composite likelihood: -209.515078722.
2022-08-25 14:15:26,276 - INFO - Optimal value of theta: 9759.86890051.
2022-08-25 14:15:26,277 - INFO - Beginning optimization with guess, [1.58094052e+00 1.74434908e+00 5.60873674e-07].
2022-08-25 14:15:26,538 - INFO - Finished optimization with guess, [1.58094052e+00 1.74434908e+00 5.60873674e-07].
2022-08-25 14:15:26,538 - INFO - Best fit parameters: [1.58094052e+00 1.74434908e+00 5.60873674e-07].
2022-08-25 14:15:26,604 - INFO - Maximum log composite likelihood: -209.515078227.
2022-08-25 14:15:26,605 - INFO - Optimal value of theta: 9759.86889862.
2022-08-25 14:15:26,605 - INFO - Beginning optimization with guess, [1.20980351e+00 1.31555959e+00 8.04941020e-07].
2022-08-25 14:15:26,869 - INFO - Finished optimization with guess, [1.20980351e+00 1.31555959e+00 8.04941020e-07].
2022-08-25 14:15:26,870 - INFO - Best fit parameters: [1.20980351e+00 1.31555959e+00 8.04941020e-07].
2022-08-25 14:15:26,936 - INFO - Maximum log composite likelihood: -209.515078223.
2022-08-25 14:15:26,937 - INFO - Optimal value of theta: 9759.86889861.
2022-08-25 14:15:26,938 - INFO - Beginning optimization with guess, [2.02910129e+00 9.48676532e-01 1.17137696e-06].
2022-08-25 14:15:27,203 - INFO - Finished optimization with guess, [2.02910129e+00 9.48676532e-01 1.17137696e-06].
2022-08-25 14:15:27,203 - INFO - Best fit parameters: [2.02910129e+00 9.48676532e-01 1.17137696e-06].
2022-08-25 14:15:27,270 - INFO - Maximum log composite likelihood: -209.515078242.
2022-08-25 14:15:27,270 - INFO - Optimal value of theta: 9759.86889868.
2022-08-25 14:15:27,271 - INFO - Beginning optimization with guess, [1.68075879e+00 2.30355630e+00 9.13685006e-07].
2022-08-25 14:15:27,536 - INFO - Finished optimization with guess, [1.68075879e+00 2.30355630e+00 9.13685006e-07].
2022-08-25 14:15:27,536 - INFO - Best fit parameters: [1.68075879e+00 2.30355630e+00 9.13685006e-07].
2022-08-25 14:15:27,604 - INFO - Maximum log composite likelihood: -209.515078215.
2022-08-25 14:15:27,604 - INFO - Optimal value of theta: 9759.86889857.
2022-08-25 14:15:27,605 - INFO - Beginning optimization with guess, [1.5902460e+00 2.6143031e+00 1.2543238e-06].
2022-08-25 14:15:27,874 - INFO - Finished optimization with guess, [1.5902460e+00 2.6143031e+00 1.2543238e-06].
2022-08-25 14:15:27,874 - INFO - Best fit parameters: [1.5902460e+00 2.6143031e+00 1.2543238e-06].
2022-08-25 14:15:27,941 - INFO - Maximum log composite likelihood: -209.515078199.
2022-08-25 14:15:27,942 - INFO - Optimal value of theta: 9759.86889851.
2022-08-25 14:15:27,943 - INFO - Beginning optimization with guess, [2.72503452e+00 1.66705336e+00 7.74195544e-07].
2022-08-25 14:15:28,210 - INFO - Finished optimization with guess, [2.72503452e+00 1.66705336e+00 7.74195544e-07].
2022-08-25 14:15:28,211 - INFO - Best fit parameters: [2.72503452e+00 1.66705336e+00 7.74195544e-07].
2022-08-25 14:15:28,279 - INFO - Maximum log composite likelihood: -209.515078221.
2022-08-25 14:15:28,280 - INFO - Optimal value of theta: 9759.8688986.
2022-08-25 14:15:28,280 - INFO - Beginning optimization with guess, [4.87503286e+00 1.90226680e+00 9.81912670e-07].
2022-08-25 14:15:28,548 - INFO - Finished optimization with guess, [4.87503286e+00 1.90226680e+00 9.81912670e-07].
2022-08-25 14:15:28,548 - INFO - Best fit parameters: [4.87503286e+00 1.90226680e+00 9.81912670e-07].
2022-08-25 14:15:28,615 - INFO - Maximum log composite likelihood: -209.515078211.
2022-08-25 14:15:28,615 - INFO - Optimal value of theta: 9759.86889856.
2022-08-25 14:15:28,616 - INFO - Beginning optimization with guess, [3.20516037e+00 2.32630890e+00 1.00089312e-06].
2022-08-25 14:15:28,881 - INFO - Finished optimization with guess, [3.20516037e+00 2.32630890e+00 1.00089312e-06].
2022-08-25 14:15:28,881 - INFO - Best fit parameters: [3.20516037e+00 2.32630890e+00 1.00089312e-06].
2022-08-25 14:15:28,948 - INFO - Maximum log composite likelihood: -209.515078211.
2022-08-25 14:15:28,949 - INFO - Optimal value of theta: 9759.86889856.
2022-08-25 14:15:28,950 - INFO - Beginning optimization with guess, [2.57521321e+00 1.75731851e+00 1.05142739e-06].
2022-08-25 14:15:29,215 - INFO - Finished optimization with guess, [2.57521321e+00 1.75731851e+00 1.05142739e-06].
2022-08-25 14:15:29,215 - INFO - Best fit parameters: [2.57521321e+00 1.75731851e+00 1.05142739e-06].
2022-08-25 14:15:29,280 - INFO - Maximum log composite likelihood: -209.515078209.
2022-08-25 14:15:29,281 - INFO - Optimal value of theta: 9759.86889855.
2022-08-25 14:15:29,282 - INFO - Beginning optimization with guess, [2.72174872e+00 7.31288657e+00 1.02361414e-06].
2022-08-25 14:15:29,544 - INFO - Finished optimization with guess, [2.72174872e+00 7.31288657e+00 1.02361414e-06].
2022-08-25 14:15:29,544 - INFO - Best fit parameters: [2.72174872e+00 7.31288657e+00 1.02361414e-06].
2022-08-25 14:15:29,609 - INFO - Maximum log composite likelihood: -209.515078222.
2022-08-25 14:15:29,610 - INFO - Optimal value of theta: 9759.8688986.
2022-08-25 14:15:29,611 - INFO - Beginning optimization with guess, [2.91026465e+00 5.50913142e+00 8.54948949e-07].
2022-08-25 14:15:29,870 - INFO - Finished optimization with guess, [2.91026465e+00 5.50913142e+00 8.54948949e-07].
2022-08-25 14:15:29,870 - INFO - Best fit parameters: [2.91026465e+00 5.50913142e+00 8.54948949e-07].
2022-08-25 14:15:29,935 - INFO - Maximum log composite likelihood: -209.515078224.
2022-08-25 14:15:29,935 - INFO - Optimal value of theta: 9759.86889861.
2022-08-25 14:15:29,936 - INFO - Beginning optimization with guess, [7.61366595e+00 9.78565653e+00 1.50681871e-06].
2022-08-25 14:15:30,195 - INFO - Finished optimization with guess, [7.61366595e+00 9.78565653e+00 1.50681871e-06].
2022-08-25 14:15:30,196 - INFO - Best fit parameters: [7.61366595e+00 9.78565653e+00 1.50681871e-06].
2022-08-25 14:15:30,260 - INFO - Maximum log composite likelihood: -209.515078214.
2022-08-25 14:15:30,261 - INFO - Optimal value of theta: 9759.86889857.
2022-08-25 14:15:30,261 - INFO - Beginning optimization with guess, [9.54560202e+00 3.03399471e+00 8.62813650e-07].
2022-08-25 14:15:30,524 - INFO - Finished optimization with guess, [9.54560202e+00 3.03399471e+00 8.62813650e-07].
2022-08-25 14:15:30,525 - INFO - Best fit parameters: [9.54560202e+00 3.03399471e+00 8.62813650e-07].
2022-08-25 14:15:30,590 - INFO - Maximum log composite likelihood: -209.515078219.
2022-08-25 14:15:30,591 - INFO - Optimal value of theta: 9759.86889859.
2022-08-25 14:15:30,591 - INFO - Beginning optimization with guess, [1.33210218e+01 1.22722027e+01 1.22627627e-06].
2022-08-25 14:15:30,858 - INFO - Finished optimization with guess, [1.33210218e+01 1.22722027e+01 1.22627627e-06].
2022-08-25 14:15:30,858 - INFO - Best fit parameters: [1.33210218e+01 1.22722027e+01 1.22627627e-06].
2022-08-25 14:15:30,925 - INFO - Maximum log composite likelihood: -209.515078224.
2022-08-25 14:15:30,926 - INFO - Optimal value of theta: 9759.86889861.
2022-08-25 14:15:30,926 - INFO - Beginning optimization with guess, [6.44921280e+00 1.10202702e+01 5.47620623e-07].
2022-08-25 14:15:31,196 - INFO - Finished optimization with guess, [6.44921280e+00 1.10202702e+01 5.47620623e-07].
2022-08-25 14:15:31,196 - INFO - Best fit parameters: [6.44921280e+00 1.10202702e+01 5.47620623e-07].
2022-08-25 14:15:31,263 - INFO - Maximum log composite likelihood: -209.515078232.
2022-08-25 14:15:31,264 - INFO - Optimal value of theta: 9759.86889864.
2022-08-25 14:15:31,267 - INFO - Beginning demographic inference for three-epoch demographic model.
2022-08-25 14:15:31,270 - INFO - Beginning optimization with guess, [1.05218457e-06 8.84292242e-07 5.47085937e-07 5.09119808e-07].
2022-08-25 14:15:33,642 - INFO - Finished optimization with guess, [1.05218457e-06 8.84292242e-07 5.47085937e-07 5.09119808e-07].
2022-08-25 14:15:33,644 - INFO - Best fit parameters: [4.30450111e-06 2.68141538e-06 4.80820279e-09 3.87402452e-09].
2022-08-25 14:15:33,713 - INFO - Maximum log composite likelihood: -209.969129597.
2022-08-25 14:15:33,714 - INFO - Optimal value of theta: 9761.59806863.
2022-08-25 14:15:33,715 - INFO - Beginning optimization with guess, [9.14030756e-06 1.67137477e-05 1.10525701e-06 8.27730976e-07].
2022-08-25 14:15:35,866 - INFO - Finished optimization with guess, [9.14030756e-06 1.67137477e-05 1.10525701e-06 8.27730976e-07].
2022-08-25 14:15:35,867 - INFO - Best fit parameters: [8.32437752e-06 2.57216399e-05 7.67938641e-08 1.80612159e-07].
2022-08-25 14:15:35,937 - INFO - Maximum log composite likelihood: -222.3872283.
2022-08-25 14:15:35,938 - INFO - Optimal value of theta: 9806.40695736.
2022-08-25 14:15:35,938 - INFO - Beginning optimization with guess, [5.68293458e-05 1.66786688e-04 8.15995136e-07 6.48530899e-07].
2022-08-25 14:15:38,021 - INFO - Finished optimization with guess, [5.68293458e-05 1.66786688e-04 8.15995136e-07 6.48530899e-07].
2022-08-25 14:15:38,022 - INFO - Best fit parameters: [1.59688490e-04 3.89708117e-04 1.50909120e-07 2.77228715e-07].
2022-08-25 14:15:38,090 - INFO - Maximum log composite likelihood: -209.708905544.
2022-08-25 14:15:38,091 - INFO - Optimal value of theta: 9760.60797961.
2022-08-25 14:15:38,092 - INFO - Beginning optimization with guess, [1.13327908e-03 6.37276351e-04 5.48173461e-07 1.19328334e-06].
2022-08-25 14:15:40,178 - INFO - Finished optimization with guess, [1.13327908e-03 6.37276351e-04 5.48173461e-07 1.19328334e-06].
2022-08-25 14:15:40,179 - INFO - Best fit parameters: [2.33323635e-03 2.42117451e-03 2.66194080e-07 3.13571607e-07].
2022-08-25 14:15:40,248 - INFO - Maximum log composite likelihood: -209.51938154.
2022-08-25 14:15:40,249 - INFO - Optimal value of theta: 9759.88532016.
2022-08-25 14:15:40,250 - INFO - Beginning optimization with guess, [1.97164743e-02 1.25093497e-02 1.65270820e-06 1.05456463e-06].
2022-08-25 14:15:42,280 - INFO - Finished optimization with guess, [1.97164743e-02 1.25093497e-02 1.65270820e-06 1.05456463e-06].
2022-08-25 14:15:42,281 - INFO - Best fit parameters: [4.20227297e-02 2.65071752e-02 7.89225349e-07 5.00028474e-07].
2022-08-25 14:15:42,347 - INFO - Maximum log composite likelihood: -209.515177649.
2022-08-25 14:15:42,348 - INFO - Optimal value of theta: 9759.86927801.
2022-08-25 14:15:42,348 - INFO - Beginning optimization with guess, [5.11477580e-01 5.33025861e-01 1.46974888e-06 1.35327316e-06].
2022-08-25 14:15:42,680 - INFO - Finished optimization with guess, [5.11477580e-01 5.33025861e-01 1.46974888e-06 1.35327316e-06].
2022-08-25 14:15:42,681 - INFO - Best fit parameters: [5.11477580e-01 5.33025861e-01 1.46974888e-06 1.35327316e-06].
2022-08-25 14:15:42,747 - INFO - Maximum log composite likelihood: -209.515079244.
2022-08-25 14:15:42,747 - INFO - Optimal value of theta: 9759.8689025.
2022-08-25 14:15:42,748 - INFO - Beginning optimization with guess, [3.74283217e-01 4.57754249e-01 1.80730021e-06 1.01893538e-06].
2022-08-25 14:15:43,079 - INFO - Finished optimization with guess, [3.74283217e-01 4.57754249e-01 1.80730021e-06 1.01893538e-06].
2022-08-25 14:15:43,079 - INFO - Best fit parameters: [3.74283217e-01 4.57754249e-01 1.80730021e-06 1.01893538e-06].
2022-08-25 14:15:43,145 - INFO - Maximum log composite likelihood: -209.51508053.
2022-08-25 14:15:43,146 - INFO - Optimal value of theta: 9759.86890741.
2022-08-25 14:15:43,146 - INFO - Beginning optimization with guess, [1.02258045e+00 1.26516504e+00 5.19202465e-07 9.28790887e-07].
2022-08-25 14:15:43,474 - INFO - Finished optimization with guess, [1.02258045e+00 1.26516504e+00 5.19202465e-07 9.28790887e-07].
2022-08-25 14:15:43,474 - INFO - Best fit parameters: [1.02258045e+00 1.26516504e+00 5.19202465e-07 9.28790887e-07].
2022-08-25 14:15:43,540 - INFO - Maximum log composite likelihood: -209.515078219.
2022-08-25 14:15:43,541 - INFO - Optimal value of theta: 9759.86889859.
2022-08-25 14:15:43,541 - INFO - Beginning optimization with guess, [9.24679900e-01 6.73402800e-01 8.00094729e-07 7.31458940e-07].
2022-08-25 14:15:43,873 - INFO - Finished optimization with guess, [9.24679900e-01 6.73402800e-01 8.00094729e-07 7.31458940e-07].
2022-08-25 14:15:43,874 - INFO - Best fit parameters: [9.24679900e-01 6.73402800e-01 8.00094729e-07 7.31458940e-07].
2022-08-25 14:15:43,942 - INFO - Maximum log composite likelihood: -209.515078283.
2022-08-25 14:15:43,943 - INFO - Optimal value of theta: 9759.86889883.
2022-08-25 14:15:43,943 - INFO - Beginning optimization with guess, [7.72602148e-01 1.46003797e+00 8.24105467e-07 1.33452963e-06].
2022-08-25 14:15:44,279 - INFO - Finished optimization with guess, [7.72602148e-01 1.46003797e+00 8.24105467e-07 1.33452963e-06].
2022-08-25 14:15:44,279 - INFO - Best fit parameters: [7.72602148e-01 1.46003797e+00 8.24105467e-07 1.33452963e-06].
2022-08-25 14:15:44,347 - INFO - Maximum log composite likelihood: -209.515078243.
2022-08-25 14:15:44,348 - INFO - Optimal value of theta: 9759.86889868.
2022-08-25 14:15:44,348 - INFO - Beginning optimization with guess, [1.25092196e+00 1.79298201e+00 1.71875548e-06 5.57684018e-07].
2022-08-25 14:15:44,687 - INFO - Finished optimization with guess, [1.25092196e+00 1.79298201e+00 1.71875548e-06 5.57684018e-07].
2022-08-25 14:15:44,687 - INFO - Best fit parameters: [1.25092196e+00 1.79298201e+00 1.71875548e-06 5.57684018e-07].
2022-08-25 14:15:44,754 - INFO - Maximum log composite likelihood: -209.515078172.
2022-08-25 14:15:44,755 - INFO - Optimal value of theta: 9759.86889841.
2022-08-25 14:15:44,755 - INFO - Beginning optimization with guess, [2.55565597e+00 1.90203855e+00 1.45946444e-06 5.04591862e-07].
2022-08-25 14:15:45,092 - INFO - Finished optimization with guess, [2.55565597e+00 1.90203855e+00 1.45946444e-06 5.04591862e-07].
2022-08-25 14:15:45,093 - INFO - Best fit parameters: [2.55565597e+00 1.90203855e+00 1.45946444e-06 5.04591862e-07].
2022-08-25 14:15:45,160 - INFO - Maximum log composite likelihood: -209.515078158.
2022-08-25 14:15:45,160 - INFO - Optimal value of theta: 9759.86889836.
2022-08-25 14:15:45,161 - INFO - Beginning optimization with guess, [1.60306335e+00 1.06584634e+00 1.62193227e-06 9.26469830e-07].
2022-08-25 14:15:45,495 - INFO - Finished optimization with guess, [1.60306335e+00 1.06584634e+00 1.62193227e-06 9.26469830e-07].
2022-08-25 14:15:45,495 - INFO - Best fit parameters: [1.60306335e+00 1.06584634e+00 1.62193227e-06 9.26469830e-07].
2022-08-25 14:15:45,563 - INFO - Maximum log composite likelihood: -209.515078121.
2022-08-25 14:15:45,563 - INFO - Optimal value of theta: 9759.86889822.
2022-08-25 14:15:45,564 - INFO - Beginning optimization with guess, [3.13004942e+00 1.92815871e+00 8.18515847e-07 5.73223022e-07].
2022-08-25 14:15:45,901 - INFO - Finished optimization with guess, [3.13004942e+00 1.92815871e+00 8.18515847e-07 5.73223022e-07].
2022-08-25 14:15:45,902 - INFO - Best fit parameters: [3.13004942e+00 1.92815871e+00 8.18515847e-07 5.73223022e-07].
2022-08-25 14:15:45,969 - INFO - Maximum log composite likelihood: -209.515078197.
2022-08-25 14:15:45,970 - INFO - Optimal value of theta: 9759.86889851.
2022-08-25 14:15:45,970 - INFO - Beginning optimization with guess, [2.02656283e+00 4.45528526e+00 9.21430759e-07 1.40899922e-06].
2022-08-25 14:15:46,310 - INFO - Finished optimization with guess, [2.02656283e+00 4.45528526e+00 9.21430759e-07 1.40899922e-06].
2022-08-25 14:15:46,310 - INFO - Best fit parameters: [2.02656283e+00 4.45528526e+00 9.21430759e-07 1.40899922e-06].
2022-08-25 14:15:46,378 - INFO - Maximum log composite likelihood: -209.515078167.
2022-08-25 14:15:46,379 - INFO - Optimal value of theta: 9759.86889839.
2022-08-25 14:15:46,380 - INFO - Beginning optimization with guess, [2.02699803e+00 4.44881832e+00 1.44358035e-06 1.78378584e-06].
2022-08-25 14:15:46,720 - INFO - Finished optimization with guess, [2.02699803e+00 4.44881832e+00 1.44358035e-06 1.78378584e-06].
2022-08-25 14:15:46,721 - INFO - Best fit parameters: [2.02699803e+00 4.44881832e+00 1.44358035e-06 1.78378584e-06].
2022-08-25 14:15:46,788 - INFO - Maximum log composite likelihood: -209.515078104.
2022-08-25 14:15:46,789 - INFO - Optimal value of theta: 9759.86889815.
2022-08-25 14:15:46,790 - INFO - Beginning optimization with guess, [3.43384976e+00 2.87513879e+00 1.23724694e-06 5.36051748e-07].
2022-08-25 14:15:47,132 - INFO - Finished optimization with guess, [3.43384976e+00 2.87513879e+00 1.23724694e-06 5.36051748e-07].
2022-08-25 14:15:47,132 - INFO - Best fit parameters: [3.43384976e+00 2.87513879e+00 1.23724694e-06 5.36051748e-07].
2022-08-25 14:15:47,200 - INFO - Maximum log composite likelihood: -209.515078182.
2022-08-25 14:15:47,201 - INFO - Optimal value of theta: 9759.86889845.
2022-08-25 14:15:47,201 - INFO - Beginning optimization with guess, [2.16799495e+00 3.97026854e+00 1.88784653e-06 6.88421911e-07].
2022-08-25 14:15:47,544 - INFO - Finished optimization with guess, [2.16799495e+00 3.97026854e+00 1.88784653e-06 6.88421911e-07].
2022-08-25 14:15:47,545 - INFO - Best fit parameters: [2.16799495e+00 3.97026854e+00 1.88784653e-06 6.88421911e-07].
2022-08-25 14:15:47,613 - INFO - Maximum log composite likelihood: -209.515078125.
2022-08-25 14:15:47,614 - INFO - Optimal value of theta: 9759.86889823.
2022-08-25 14:15:47,614 - INFO - Beginning optimization with guess, [2.54885199e+00 3.77970092e+00 8.20030625e-07 6.46805065e-07].
2022-08-25 14:15:47,957 - INFO - Finished optimization with guess, [2.54885199e+00 3.77970092e+00 8.20030625e-07 6.46805065e-07].
2022-08-25 14:15:47,958 - INFO - Best fit parameters: [2.54885199e+00 3.77970092e+00 8.20030625e-07 6.46805065e-07].
2022-08-25 14:15:48,025 - INFO - Maximum log composite likelihood: -209.515078203.
2022-08-25 14:15:48,027 - INFO - Optimal value of theta: 9759.86889853.
2022-08-25 14:15:48,027 - INFO - Beginning optimization with guess, [5.05105670e+00 2.64099608e+00 1.87001871e-06 6.46589644e-07].
2022-08-25 14:15:48,368 - INFO - Finished optimization with guess, [5.05105670e+00 2.64099608e+00 1.87001871e-06 6.46589644e-07].
2022-08-25 14:15:48,369 - INFO - Best fit parameters: [5.05105670e+00 2.64099608e+00 1.87001871e-06 6.46589644e-07].
2022-08-25 14:15:48,437 - INFO - Maximum log composite likelihood: -209.515078137.
2022-08-25 14:15:48,438 - INFO - Optimal value of theta: 9759.86889828.
2022-08-25 14:15:48,438 - INFO - Beginning optimization with guess, [2.03762018e+00 6.06959677e+00 5.05991615e-07 9.00983648e-07].
2022-08-25 14:15:48,773 - INFO - Finished optimization with guess, [2.03762018e+00 6.06959677e+00 5.05991615e-07 9.00983648e-07].
2022-08-25 14:15:48,773 - INFO - Best fit parameters: [2.03762018e+00 6.06959677e+00 5.05991615e-07 9.00983648e-07].
2022-08-25 14:15:48,840 - INFO - Maximum log composite likelihood: -209.515078214.
2022-08-25 14:15:48,841 - INFO - Optimal value of theta: 9759.86889857.
2022-08-25 14:15:48,841 - INFO - Beginning optimization with guess, [6.93751178e+00 8.92599655e+00 7.49471944e-07 9.17127448e-07].
2022-08-25 14:15:49,174 - INFO - Finished optimization with guess, [6.93751178e+00 8.92599655e+00 7.49471944e-07 9.17127448e-07].
2022-08-25 14:15:49,174 - INFO - Best fit parameters: [6.93751178e+00 8.92599655e+00 7.49471944e-07 9.17127448e-07].
2022-08-25 14:15:49,241 - INFO - Maximum log composite likelihood: -209.515078213.
2022-08-25 14:15:49,243 - INFO - Optimal value of theta: 9759.86889857.
2022-08-25 14:15:49,243 - INFO - Beginning optimization with guess, [4.85119340e+00 8.26946631e+00 1.56654319e-06 1.86606266e-06].
2022-08-25 14:15:49,581 - INFO - Finished optimization with guess, [4.85119340e+00 8.26946631e+00 1.56654319e-06 1.86606266e-06].
2022-08-25 14:15:49,581 - INFO - Best fit parameters: [4.85119340e+00 8.26946631e+00 1.56654319e-06 1.86606266e-06].
2022-08-25 14:15:49,650 - INFO - Maximum log composite likelihood: -209.515078134.
2022-08-25 14:15:49,650 - INFO - Optimal value of theta: 9759.86889827.
2022-08-25 14:15:49,651 - INFO - Beginning optimization with guess, [7.30790131e+00 5.28154738e+00 1.47486866e-06 1.19792467e-06].
2022-08-25 14:15:49,989 - INFO - Finished optimization with guess, [7.30790131e+00 5.28154738e+00 1.47486866e-06 1.19792467e-06].
2022-08-25 14:15:49,989 - INFO - Best fit parameters: [7.30790131e+00 5.28154738e+00 1.47486866e-06 1.19792467e-06].
2022-08-25 14:15:50,057 - INFO - Maximum log composite likelihood: -209.515078161.
2022-08-25 14:15:50,058 - INFO - Optimal value of theta: 9759.86889837.
2022-08-25 14:15:50,058 - INFO - Beginning optimization with guess, [6.01047452e+00 6.84030368e+00 1.30104950e-06 1.05520124e-06].
2022-08-25 14:15:50,395 - INFO - Finished optimization with guess, [6.01047452e+00 6.84030368e+00 1.30104950e-06 1.05520124e-06].
2022-08-25 14:15:50,396 - INFO - Best fit parameters: [6.01047452e+00 6.84030368e+00 1.30104950e-06 1.05520124e-06].
2022-08-25 14:15:50,465 - INFO - Maximum log composite likelihood: -209.515078182.
2022-08-25 14:15:50,466 - INFO - Optimal value of theta: 9759.86889845.
2022-08-25 14:15:50,469 - INFO - Beginning demographic inference for one-epoch demographic model.
2022-08-25 14:15:50,471 - INFO - Beginning optimization with guess, [0.0568069].
2022-08-25 14:15:50,603 - INFO - Finished optimization with guess, [0.0568069].
2022-08-25 14:15:50,603 - INFO - Best fit parameters: [0.0568069].
2022-08-25 14:15:50,670 - INFO - Maximum log composite likelihood: -209.515078234.
2022-08-25 14:15:50,671 - INFO - Optimal value of theta: 9759.86889865.
2022-08-25 14:15:50,671 - INFO - Beginning optimization with guess, [0.36426086].
2022-08-25 14:15:50,802 - INFO - Finished optimization with guess, [0.36426086].
2022-08-25 14:15:50,802 - INFO - Best fit parameters: [0.36426086].
2022-08-25 14:15:50,866 - INFO - Maximum log composite likelihood: -209.515078234.
2022-08-25 14:15:50,867 - INFO - Optimal value of theta: 9759.86889865.
2022-08-25 14:15:50,867 - INFO - Beginning optimization with guess, [0.21274156].
2022-08-25 14:15:50,996 - INFO - Finished optimization with guess, [0.21274156].
2022-08-25 14:15:50,996 - INFO - Best fit parameters: [0.21274156].
2022-08-25 14:15:51,060 - INFO - Maximum log composite likelihood: -209.515078234.
2022-08-25 14:15:51,061 - INFO - Optimal value of theta: 9759.86889865.
2022-08-25 14:15:51,061 - INFO - Beginning optimization with guess, [0.28113399].
2022-08-25 14:15:51,191 - INFO - Finished optimization with guess, [0.28113399].
2022-08-25 14:15:51,192 - INFO - Best fit parameters: [0.28113399].
2022-08-25 14:15:51,256 - INFO - Maximum log composite likelihood: -209.515078234.
2022-08-25 14:15:51,257 - INFO - Optimal value of theta: 9759.86889865.
2022-08-25 14:15:51,257 - INFO - Beginning optimization with guess, [0.76833507].
2022-08-25 14:15:51,388 - INFO - Finished optimization with guess, [0.76833507].
2022-08-25 14:15:51,388 - INFO - Best fit parameters: [0.76833507].
2022-08-25 14:15:51,455 - INFO - Maximum log composite likelihood: -209.515078234.
2022-08-25 14:15:51,456 - INFO - Optimal value of theta: 9759.86889865.
2022-08-25 14:15:51,456 - INFO - Beginning optimization with guess, [0.39624483].
2022-08-25 14:15:51,587 - INFO - Finished optimization with guess, [0.39624483].
2022-08-25 14:15:51,587 - INFO - Best fit parameters: [0.39624483].
2022-08-25 14:15:51,652 - INFO - Maximum log composite likelihood: -209.515078234.
2022-08-25 14:15:51,653 - INFO - Optimal value of theta: 9759.86889865.
2022-08-25 14:15:51,653 - INFO - Beginning optimization with guess, [0.89498163].
2022-08-25 14:15:51,783 - INFO - Finished optimization with guess, [0.89498163].
2022-08-25 14:15:51,783 - INFO - Best fit parameters: [0.89498163].
2022-08-25 14:15:51,848 - INFO - Maximum log composite likelihood: -209.515078234.
2022-08-25 14:15:51,849 - INFO - Optimal value of theta: 9759.86889865.
2022-08-25 14:15:51,849 - INFO - Beginning optimization with guess, [1.48372673].
2022-08-25 14:15:51,980 - INFO - Finished optimization with guess, [1.48372673].
2022-08-25 14:15:51,980 - INFO - Best fit parameters: [1.48372673].
2022-08-25 14:15:52,045 - INFO - Maximum log composite likelihood: -209.515078234.
2022-08-25 14:15:52,046 - INFO - Optimal value of theta: 9759.86889865.
2022-08-25 14:15:52,046 - INFO - Beginning optimization with guess, [0.47313333].
2022-08-25 14:15:52,177 - INFO - Finished optimization with guess, [0.47313333].
2022-08-25 14:15:52,177 - INFO - Best fit parameters: [0.47313333].
2022-08-25 14:15:52,242 - INFO - Maximum log composite likelihood: -209.515078234.
2022-08-25 14:15:52,242 - INFO - Optimal value of theta: 9759.86889865.
2022-08-25 14:15:52,243 - INFO - Beginning optimization with guess, [1.29529398].
2022-08-25 14:15:52,373 - INFO - Finished optimization with guess, [1.29529398].
2022-08-25 14:15:52,374 - INFO - Best fit parameters: [1.29529398].
2022-08-25 14:15:52,438 - INFO - Maximum log composite likelihood: -209.515078234.
2022-08-25 14:15:52,439 - INFO - Optimal value of theta: 9759.86889865.
2022-08-25 14:15:52,439 - INFO - Beginning optimization with guess, [2.25051815].
2022-08-25 14:15:52,569 - INFO - Finished optimization with guess, [2.25051815].
2022-08-25 14:15:52,569 - INFO - Best fit parameters: [2.25051815].
2022-08-25 14:15:52,635 - INFO - Maximum log composite likelihood: -209.515078234.
2022-08-25 14:15:52,635 - INFO - Optimal value of theta: 9759.86889865.
2022-08-25 14:15:52,636 - INFO - Beginning optimization with guess, [1.10244437].
2022-08-25 14:15:52,767 - INFO - Finished optimization with guess, [1.10244437].
2022-08-25 14:15:52,768 - INFO - Best fit parameters: [1.10244437].
2022-08-25 14:15:52,832 - INFO - Maximum log composite likelihood: -209.515078234.
2022-08-25 14:15:52,833 - INFO - Optimal value of theta: 9759.86889865.
2022-08-25 14:15:52,833 - INFO - Beginning optimization with guess, [1.2865727].
2022-08-25 14:15:52,962 - INFO - Finished optimization with guess, [1.2865727].
2022-08-25 14:15:52,962 - INFO - Best fit parameters: [1.2865727].
2022-08-25 14:15:53,026 - INFO - Maximum log composite likelihood: -209.515078234.
2022-08-25 14:15:53,027 - INFO - Optimal value of theta: 9759.86889865.
2022-08-25 14:15:53,027 - INFO - Beginning optimization with guess, [2.62915872].
2022-08-25 14:15:53,156 - INFO - Finished optimization with guess, [2.62915872].
2022-08-25 14:15:53,156 - INFO - Best fit parameters: [2.62915872].
2022-08-25 14:15:53,220 - INFO - Maximum log composite likelihood: -209.515078234.
2022-08-25 14:15:53,221 - INFO - Optimal value of theta: 9759.86889865.
2022-08-25 14:15:53,221 - INFO - Beginning optimization with guess, [2.24232679].
2022-08-25 14:15:53,350 - INFO - Finished optimization with guess, [2.24232679].
2022-08-25 14:15:53,350 - INFO - Best fit parameters: [2.24232679].
2022-08-25 14:15:53,415 - INFO - Maximum log composite likelihood: -209.515078234.
2022-08-25 14:15:53,416 - INFO - Optimal value of theta: 9759.86889865.
2022-08-25 14:15:53,417 - INFO - Beginning optimization with guess, [1.85128899].
2022-08-25 14:15:53,547 - INFO - Finished optimization with guess, [1.85128899].
2022-08-25 14:15:53,547 - INFO - Best fit parameters: [1.85128899].
2022-08-25 14:15:53,612 - INFO - Maximum log composite likelihood: -209.515078234.
2022-08-25 14:15:53,612 - INFO - Optimal value of theta: 9759.86889865.
2022-08-25 14:15:53,613 - INFO - Beginning optimization with guess, [3.28895978].
2022-08-25 14:15:53,744 - INFO - Finished optimization with guess, [3.28895978].
2022-08-25 14:15:53,744 - INFO - Best fit parameters: [3.28895978].
2022-08-25 14:15:53,809 - INFO - Maximum log composite likelihood: -209.515078234.
2022-08-25 14:15:53,810 - INFO - Optimal value of theta: 9759.86889865.
2022-08-25 14:15:53,811 - INFO - Beginning optimization with guess, [4.36392617].
2022-08-25 14:15:53,943 - INFO - Finished optimization with guess, [4.36392617].
2022-08-25 14:15:53,943 - INFO - Best fit parameters: [4.36392617].
2022-08-25 14:15:54,009 - INFO - Maximum log composite likelihood: -209.515078234.
2022-08-25 14:15:54,010 - INFO - Optimal value of theta: 9759.86889865.
2022-08-25 14:15:54,011 - INFO - Beginning optimization with guess, [5.36896221].
2022-08-25 14:15:54,144 - INFO - Finished optimization with guess, [5.36896221].
2022-08-25 14:15:54,144 - INFO - Best fit parameters: [5.36896221].
2022-08-25 14:15:54,211 - INFO - Maximum log composite likelihood: -209.515078234.
2022-08-25 14:15:54,212 - INFO - Optimal value of theta: 9759.86889865.
2022-08-25 14:15:54,212 - INFO - Beginning optimization with guess, [2.55189233].
2022-08-25 14:15:54,345 - INFO - Finished optimization with guess, [2.55189233].
2022-08-25 14:15:54,345 - INFO - Best fit parameters: [2.55189233].
2022-08-25 14:15:54,410 - INFO - Maximum log composite likelihood: -209.515078234.
2022-08-25 14:15:54,411 - INFO - Optimal value of theta: 9759.86889865.
2022-08-25 14:15:54,411 - INFO - Beginning optimization with guess, [4.3081821].
2022-08-25 14:15:54,543 - INFO - Finished optimization with guess, [4.3081821].
2022-08-25 14:15:54,544 - INFO - Best fit parameters: [4.3081821].
2022-08-25 14:15:54,611 - INFO - Maximum log composite likelihood: -209.515078234.
2022-08-25 14:15:54,611 - INFO - Optimal value of theta: 9759.86889865.
2022-08-25 14:15:54,612 - INFO - Beginning optimization with guess, [9.13363266].
2022-08-25 14:15:54,744 - INFO - Finished optimization with guess, [9.13363266].
2022-08-25 14:15:54,744 - INFO - Best fit parameters: [9.13363266].
2022-08-25 14:15:54,810 - INFO - Maximum log composite likelihood: -209.515078234.
2022-08-25 14:15:54,811 - INFO - Optimal value of theta: 9759.86889865.
2022-08-25 14:15:54,811 - INFO - Beginning optimization with guess, [5.43205394].
2022-08-25 14:15:54,944 - INFO - Finished optimization with guess, [5.43205394].
2022-08-25 14:15:54,945 - INFO - Best fit parameters: [5.43205394].
2022-08-25 14:15:55,010 - INFO - Maximum log composite likelihood: -209.515078234.
2022-08-25 14:15:55,011 - INFO - Optimal value of theta: 9759.86889865.
2022-08-25 14:15:55,012 - INFO - Beginning optimization with guess, [13.01834928].
2022-08-25 14:15:55,143 - INFO - Finished optimization with guess, [13.01834928].
2022-08-25 14:15:55,143 - INFO - Best fit parameters: [13.01834928].
2022-08-25 14:15:55,206 - INFO - Maximum log composite likelihood: -209.515078234.
2022-08-25 14:15:55,207 - INFO - Optimal value of theta: 9759.86889865.
2022-08-25 14:15:55,207 - INFO - Beginning optimization with guess, [9.41557146].
2022-08-25 14:15:55,334 - INFO - Finished optimization with guess, [9.41557146].
2022-08-25 14:15:55,335 - INFO - Best fit parameters: [9.41557146].
2022-08-25 14:15:55,403 - INFO - Maximum log composite likelihood: -209.515078234.
2022-08-25 14:15:55,404 - INFO - Optimal value of theta: 9759.86889865.
2022-08-25 14:15:55,407 - INFO - Finished demographic inference.
2022-08-25 14:15:55,407 - INFO - Pipeline executed succesfully.
