2022-11-02 12:48:54,507 - INFO - Beginning execution of fit_one_epoch.py in directory /u/project/ngarud/jonmah/demo_for_ccgb/Scripts

2022-11-02 12:48:54,508 - INFO - Progress is being logged to ../Analysis/Streptococcus_sanguinis_62456_oral/masked_log.log

2022-11-02 12:48:54,508 - INFO - Parsed the following arguments:
	syn_input_sfs = ../Data/oral_microbiome_sfs/Streptococcus_sanguinis_62456_sfs/folded_sfs_10.txt
	mask_singletons = True
	mask_doubletons = False
	outprefix = ../Analysis/Streptococcus_sanguinis_62456_oral/masked

2022-11-02 12:48:54,529 - INFO - Beginning demographic inference for one-epoch demographic model.
2022-11-02 12:48:54,531 - INFO - Beginning optimization with guess, [0.09422753].
2022-11-02 12:48:54,579 - INFO - Finished optimization with guess, [0.09422753].
2022-11-02 12:48:54,580 - INFO - Best fit parameters: [0.09422753].
2022-11-02 12:48:54,600 - INFO - Maximum log composite likelihood: -4618.334924529783.
2022-11-02 12:48:54,601 - INFO - Optimal value of theta: 31355.865426323.
2022-11-02 12:48:54,601 - INFO - Beginning optimization with guess, [0.38956882].
2022-11-02 12:48:54,643 - INFO - Finished optimization with guess, [0.38956882].
2022-11-02 12:48:54,643 - INFO - Best fit parameters: [0.38956882].
2022-11-02 12:48:54,664 - INFO - Maximum log composite likelihood: -4618.334924529783.
2022-11-02 12:48:54,664 - INFO - Optimal value of theta: 31355.865426323.
2022-11-02 12:48:54,665 - INFO - Beginning optimization with guess, [0.4151665].
2022-11-02 12:48:54,706 - INFO - Finished optimization with guess, [0.4151665].
2022-11-02 12:48:54,707 - INFO - Best fit parameters: [0.4151665].
2022-11-02 12:48:54,727 - INFO - Maximum log composite likelihood: -4618.334924529783.
2022-11-02 12:48:54,728 - INFO - Optimal value of theta: 31355.865426323.
2022-11-02 12:48:54,728 - INFO - Beginning optimization with guess, [0.34473331].
2022-11-02 12:48:54,770 - INFO - Finished optimization with guess, [0.34473331].
2022-11-02 12:48:54,770 - INFO - Best fit parameters: [0.34473331].
2022-11-02 12:48:54,791 - INFO - Maximum log composite likelihood: -4618.334924529783.
2022-11-02 12:48:54,791 - INFO - Optimal value of theta: 31355.865426323.
2022-11-02 12:48:54,792 - INFO - Beginning optimization with guess, [0.79341665].
2022-11-02 12:48:54,833 - INFO - Finished optimization with guess, [0.79341665].
2022-11-02 12:48:54,834 - INFO - Best fit parameters: [0.79341665].
2022-11-02 12:48:54,854 - INFO - Maximum log composite likelihood: -4618.334924529783.
2022-11-02 12:48:54,855 - INFO - Optimal value of theta: 31355.865426323.
2022-11-02 12:48:54,855 - INFO - Beginning optimization with guess, [0.43302348].
2022-11-02 12:48:54,897 - INFO - Finished optimization with guess, [0.43302348].
2022-11-02 12:48:54,897 - INFO - Best fit parameters: [0.43302348].
2022-11-02 12:48:54,918 - INFO - Maximum log composite likelihood: -4618.334924529783.
2022-11-02 12:48:54,918 - INFO - Optimal value of theta: 31355.865426323.
2022-11-02 12:48:54,918 - INFO - Beginning optimization with guess, [0.51568173].
2022-11-02 12:48:54,960 - INFO - Finished optimization with guess, [0.51568173].
2022-11-02 12:48:54,961 - INFO - Best fit parameters: [0.51568173].
2022-11-02 12:48:54,981 - INFO - Maximum log composite likelihood: -4618.334924529783.
2022-11-02 12:48:54,982 - INFO - Optimal value of theta: 31355.865426323.
2022-11-02 12:48:54,982 - INFO - Beginning optimization with guess, [1.43355926].
2022-11-02 12:48:55,024 - INFO - Finished optimization with guess, [1.43355926].
2022-11-02 12:48:55,024 - INFO - Best fit parameters: [1.43355926].
2022-11-02 12:48:55,050 - INFO - Maximum log composite likelihood: -4618.334924529783.
2022-11-02 12:48:55,051 - INFO - Optimal value of theta: 31355.865426323.
2022-11-02 12:48:55,052 - INFO - Beginning optimization with guess, [0.49635632].
2022-11-02 12:48:55,095 - INFO - Finished optimization with guess, [0.49635632].
2022-11-02 12:48:55,095 - INFO - Best fit parameters: [0.49635632].
2022-11-02 12:48:55,115 - INFO - Maximum log composite likelihood: -4618.334924529783.
2022-11-02 12:48:55,116 - INFO - Optimal value of theta: 31355.865426323.
2022-11-02 12:48:55,116 - INFO - Beginning optimization with guess, [0.69598506].
2022-11-02 12:48:55,158 - INFO - Finished optimization with guess, [0.69598506].
2022-11-02 12:48:55,158 - INFO - Best fit parameters: [0.69598506].
2022-11-02 12:48:55,178 - INFO - Maximum log composite likelihood: -4618.334924529783.
2022-11-02 12:48:55,179 - INFO - Optimal value of theta: 31355.865426323.
2022-11-02 12:48:55,179 - INFO - Beginning optimization with guess, [1.51193663].
2022-11-02 12:48:55,221 - INFO - Finished optimization with guess, [1.51193663].
2022-11-02 12:48:55,221 - INFO - Best fit parameters: [1.51193663].
2022-11-02 12:48:55,242 - INFO - Maximum log composite likelihood: -4618.334924529783.
2022-11-02 12:48:55,242 - INFO - Optimal value of theta: 31355.865426323.
2022-11-02 12:48:55,242 - INFO - Beginning optimization with guess, [1.27435525].
2022-11-02 12:48:55,284 - INFO - Finished optimization with guess, [1.27435525].
2022-11-02 12:48:55,284 - INFO - Best fit parameters: [1.27435525].
2022-11-02 12:48:55,305 - INFO - Maximum log composite likelihood: -4618.334924529783.
2022-11-02 12:48:55,305 - INFO - Optimal value of theta: 31355.865426323.
2022-11-02 12:48:55,305 - INFO - Beginning optimization with guess, [1.56188361].
2022-11-02 12:48:55,348 - INFO - Finished optimization with guess, [1.56188361].
2022-11-02 12:48:55,348 - INFO - Best fit parameters: [1.56188361].
2022-11-02 12:48:55,369 - INFO - Maximum log composite likelihood: -4618.334924529783.
2022-11-02 12:48:55,370 - INFO - Optimal value of theta: 31355.865426323.
2022-11-02 12:48:55,370 - INFO - Beginning optimization with guess, [1.70013853].
2022-11-02 12:48:55,413 - INFO - Finished optimization with guess, [1.70013853].
2022-11-02 12:48:55,413 - INFO - Best fit parameters: [1.70013853].
2022-11-02 12:48:55,434 - INFO - Maximum log composite likelihood: -4618.334924529783.
2022-11-02 12:48:55,435 - INFO - Optimal value of theta: 31355.865426323.
2022-11-02 12:48:55,435 - INFO - Beginning optimization with guess, [3.83884691].
2022-11-02 12:48:55,477 - INFO - Finished optimization with guess, [3.83884691].
2022-11-02 12:48:55,477 - INFO - Best fit parameters: [3.83884691].
2022-11-02 12:48:55,497 - INFO - Maximum log composite likelihood: -4618.334924529783.
2022-11-02 12:48:55,498 - INFO - Optimal value of theta: 31355.865426323.
2022-11-02 12:48:55,498 - INFO - Beginning optimization with guess, [1.25280843].
2022-11-02 12:48:55,540 - INFO - Finished optimization with guess, [1.25280843].
2022-11-02 12:48:55,540 - INFO - Best fit parameters: [1.25280843].
2022-11-02 12:48:55,560 - INFO - Maximum log composite likelihood: -4618.334924529783.
2022-11-02 12:48:55,561 - INFO - Optimal value of theta: 31355.865426323.
2022-11-02 12:48:55,561 - INFO - Beginning optimization with guess, [2.58672067].
2022-11-02 12:48:55,603 - INFO - Finished optimization with guess, [2.58672067].
2022-11-02 12:48:55,603 - INFO - Best fit parameters: [2.58672067].
2022-11-02 12:48:55,623 - INFO - Maximum log composite likelihood: -4618.334924529783.
2022-11-02 12:48:55,624 - INFO - Optimal value of theta: 31355.865426323.
2022-11-02 12:48:55,624 - INFO - Beginning optimization with guess, [2.31006736].
2022-11-02 12:48:55,665 - INFO - Finished optimization with guess, [2.31006736].
2022-11-02 12:48:55,665 - INFO - Best fit parameters: [2.31006736].
2022-11-02 12:48:55,686 - INFO - Maximum log composite likelihood: -4618.334924529783.
2022-11-02 12:48:55,687 - INFO - Optimal value of theta: 31355.865426323.
2022-11-02 12:48:55,687 - INFO - Beginning optimization with guess, [5.7222852].
2022-11-02 12:48:55,728 - INFO - Finished optimization with guess, [5.7222852].
2022-11-02 12:48:55,728 - INFO - Best fit parameters: [5.7222852].
2022-11-02 12:48:55,749 - INFO - Maximum log composite likelihood: -4618.334924529783.
2022-11-02 12:48:55,749 - INFO - Optimal value of theta: 31355.865426323.
2022-11-02 12:48:55,750 - INFO - Beginning optimization with guess, [3.24883734].
2022-11-02 12:48:55,791 - INFO - Finished optimization with guess, [3.24883734].
2022-11-02 12:48:55,791 - INFO - Best fit parameters: [3.24883734].
2022-11-02 12:48:55,812 - INFO - Maximum log composite likelihood: -4618.334924529783.
2022-11-02 12:48:55,812 - INFO - Optimal value of theta: 31355.865426323.
2022-11-02 12:48:55,813 - INFO - Beginning optimization with guess, [4.80869059].
2022-11-02 12:48:55,854 - INFO - Finished optimization with guess, [4.80869059].
2022-11-02 12:48:55,854 - INFO - Best fit parameters: [4.80869059].
2022-11-02 12:48:55,875 - INFO - Maximum log composite likelihood: -4618.334924529783.
2022-11-02 12:48:55,875 - INFO - Optimal value of theta: 31355.865426323.
2022-11-02 12:48:55,876 - INFO - Beginning optimization with guess, [9.66264748].
2022-11-02 12:48:55,917 - INFO - Finished optimization with guess, [9.66264748].
2022-11-02 12:48:55,917 - INFO - Best fit parameters: [9.66264748].
2022-11-02 12:48:55,938 - INFO - Maximum log composite likelihood: -4618.334924529783.
2022-11-02 12:48:55,938 - INFO - Optimal value of theta: 31355.865426323.
2022-11-02 12:48:55,939 - INFO - Beginning optimization with guess, [3.13799452].
2022-11-02 12:48:55,980 - INFO - Finished optimization with guess, [3.13799452].
2022-11-02 12:48:55,980 - INFO - Best fit parameters: [3.13799452].
2022-11-02 12:48:56,000 - INFO - Maximum log composite likelihood: -4618.334924529783.
2022-11-02 12:48:56,001 - INFO - Optimal value of theta: 31355.865426323.
2022-11-02 12:48:56,001 - INFO - Beginning optimization with guess, [6.74436953].
2022-11-02 12:48:56,043 - INFO - Finished optimization with guess, [6.74436953].
2022-11-02 12:48:56,043 - INFO - Best fit parameters: [6.74436953].
2022-11-02 12:48:56,063 - INFO - Maximum log composite likelihood: -4618.334924529783.
2022-11-02 12:48:56,064 - INFO - Optimal value of theta: 31355.865426323.
2022-11-02 12:48:56,064 - INFO - Beginning optimization with guess, [9.55376716].
2022-11-02 12:48:56,106 - INFO - Finished optimization with guess, [9.55376716].
2022-11-02 12:48:56,106 - INFO - Best fit parameters: [9.55376716].
2022-11-02 12:48:56,126 - INFO - Maximum log composite likelihood: -4618.334924529783.
2022-11-02 12:48:56,127 - INFO - Optimal value of theta: 31355.865426323.
2022-11-02 12:48:56,129 - INFO - Finished demographic inference.
2022-11-02 12:48:56,130 - INFO - Pipeline executed succesfully.
