2022-08-25 14:14:47,942 - INFO - Beginning execution of fit_one_epoch.py in directory /u/project/ngarud/jonmah/demo_for_ccgb/Scripts

2022-08-25 14:14:47,942 - INFO - Progress is being logged to ../Analysis/Oscillibacter_sp_60799_downsampled/log.log

2022-08-25 14:14:47,942 - INFO - Parsed the following arguments:
	mask_doubletons = False
	syn_input_sfs = ../Analysis/Oscillibacter_sp_60799_downsampled/empirical_sfs.txt
	mask_singletons = True
	outprefix = ../Analysis/Oscillibacter_sp_60799_downsampled/

2022-08-25 14:14:47,949 - INFO - Beginning demographic inference for exponential growth demographic model.
2022-08-25 14:14:47,950 - INFO - Beginning optimization with guess, [1.96301020e-06 7.35882263e-07].
2022-08-25 14:14:49,793 - INFO - Finished optimization with guess, [1.96301020e-06 7.35882263e-07].
2022-08-25 14:14:49,794 - INFO - Best fit parameters: [3.22550739e-06 4.11553027e-09].
2022-08-25 14:14:49,832 - INFO - Maximum log composite likelihood: -97.3559003533.
2022-08-25 14:14:49,833 - INFO - Optimal value of theta: 4681.24130394.
2022-08-25 14:14:49,833 - INFO - Beginning optimization with guess, [1.21763469e-05 9.90601288e-07].
2022-08-25 14:14:50,946 - INFO - Finished optimization with guess, [1.21763469e-05 9.90601288e-07].
2022-08-25 14:14:50,947 - INFO - Best fit parameters: [2.40763705e-05 2.69203306e-08].
2022-08-25 14:14:50,991 - INFO - Maximum log composite likelihood: -97.3319298273.
2022-08-25 14:14:50,991 - INFO - Optimal value of theta: 4681.17816304.
2022-08-25 14:14:50,991 - INFO - Beginning optimization with guess, [1.63682954e-04 9.72758462e-07].
2022-08-25 14:14:52,011 - INFO - Finished optimization with guess, [1.63682954e-04 9.72758462e-07].
2022-08-25 14:14:52,011 - INFO - Best fit parameters: [1.07117484e-03 1.48204678e-07].
2022-08-25 14:14:52,049 - INFO - Maximum log composite likelihood: -97.2505443611.
2022-08-25 14:14:52,050 - INFO - Optimal value of theta: 4680.96754795.
2022-08-25 14:14:52,050 - INFO - Beginning optimization with guess, [5.36396490e-04 7.02298425e-07].
2022-08-25 14:14:53,064 - INFO - Finished optimization with guess, [5.36396490e-04 7.02298425e-07].
2022-08-25 14:14:53,064 - INFO - Best fit parameters: [2.27026065e-03 1.65646703e-07].
2022-08-25 14:14:53,102 - INFO - Maximum log composite likelihood: -97.2495736961.
2022-08-25 14:14:53,103 - INFO - Optimal value of theta: 4680.9651014.
2022-08-25 14:14:53,103 - INFO - Beginning optimization with guess, [1.37871043e-02 9.33131168e-07].
2022-08-25 14:14:54,008 - INFO - Finished optimization with guess, [1.37871043e-02 9.33131168e-07].
2022-08-25 14:14:54,008 - INFO - Best fit parameters: [4.15284329e-02 3.16084870e-07].
2022-08-25 14:14:54,046 - INFO - Maximum log composite likelihood: -97.2492021916.
2022-08-25 14:14:54,046 - INFO - Optimal value of theta: 4680.96416741.
2022-08-25 14:14:54,047 - INFO - Beginning optimization with guess, [5.38063502e-01 1.00525465e-06].
2022-08-25 14:14:54,158 - INFO - Finished optimization with guess, [5.38063502e-01 1.00525465e-06].
2022-08-25 14:14:54,158 - INFO - Best fit parameters: [5.38063502e-01 1.00525465e-06].
2022-08-25 14:14:54,200 - INFO - Maximum log composite likelihood: -97.2491984085.
2022-08-25 14:14:54,201 - INFO - Optimal value of theta: 4680.96415792.
2022-08-25 14:14:54,201 - INFO - Beginning optimization with guess, [5.91744378e-01 7.56383022e-07].
2022-08-25 14:14:54,312 - INFO - Finished optimization with guess, [5.91744378e-01 7.56383022e-07].
2022-08-25 14:14:54,313 - INFO - Best fit parameters: [5.91744378e-01 7.56383022e-07].
2022-08-25 14:14:54,350 - INFO - Maximum log composite likelihood: -97.2491983433.
2022-08-25 14:14:54,350 - INFO - Optimal value of theta: 4680.96415775.
2022-08-25 14:14:54,350 - INFO - Beginning optimization with guess, [4.19187957e-01 1.34678431e-06].
2022-08-25 14:14:54,461 - INFO - Finished optimization with guess, [4.19187957e-01 1.34678431e-06].
2022-08-25 14:14:54,461 - INFO - Best fit parameters: [4.19187957e-01 1.34678431e-06].
2022-08-25 14:14:54,498 - INFO - Maximum log composite likelihood: -97.2491987127.
2022-08-25 14:14:54,499 - INFO - Optimal value of theta: 4680.96415868.
2022-08-25 14:14:54,499 - INFO - Beginning optimization with guess, [5.04028015e-01 1.88668381e-06].
2022-08-25 14:14:54,609 - INFO - Finished optimization with guess, [5.04028015e-01 1.88668381e-06].
2022-08-25 14:14:54,610 - INFO - Best fit parameters: [5.04028015e-01 1.88668381e-06].
2022-08-25 14:14:54,647 - INFO - Maximum log composite likelihood: -97.2491987798.
2022-08-25 14:14:54,647 - INFO - Optimal value of theta: 4680.96415885.
2022-08-25 14:14:54,647 - INFO - Beginning optimization with guess, [1.17389004e+00 8.00762844e-07].
2022-08-25 14:14:54,791 - INFO - Finished optimization with guess, [1.17389004e+00 8.00762844e-07].
2022-08-25 14:14:54,792 - INFO - Best fit parameters: [1.17389004e+00 8.00762844e-07].
2022-08-25 14:14:54,866 - INFO - Maximum log composite likelihood: -97.2491982917.
2022-08-25 14:14:54,867 - INFO - Optimal value of theta: 4680.96415762.
2022-08-25 14:14:54,867 - INFO - Beginning optimization with guess, [1.25218917e+00 1.16128473e-06].
2022-08-25 14:14:55,009 - INFO - Finished optimization with guess, [1.25218917e+00 1.16128473e-06].
2022-08-25 14:14:55,009 - INFO - Best fit parameters: [1.25218917e+00 1.16128473e-06].
2022-08-25 14:14:55,047 - INFO - Maximum log composite likelihood: -97.2491982823.
2022-08-25 14:14:55,047 - INFO - Optimal value of theta: 4680.9641576.
2022-08-25 14:14:55,048 - INFO - Beginning optimization with guess, [2.01363306e+00 1.19803335e-06].
2022-08-25 14:14:55,159 - INFO - Finished optimization with guess, [2.01363306e+00 1.19803335e-06].
2022-08-25 14:14:55,159 - INFO - Best fit parameters: [2.01363306e+00 1.19803335e-06].
2022-08-25 14:14:55,196 - INFO - Maximum log composite likelihood: -97.2491982724.
2022-08-25 14:14:55,196 - INFO - Optimal value of theta: 4680.96415757.
2022-08-25 14:14:55,197 - INFO - Beginning optimization with guess, [1.60806483e+00 8.73841834e-07].
2022-08-25 14:14:55,307 - INFO - Finished optimization with guess, [1.60806483e+00 8.73841834e-07].
2022-08-25 14:14:55,307 - INFO - Best fit parameters: [1.60806483e+00 8.73841834e-07].
2022-08-25 14:14:55,344 - INFO - Maximum log composite likelihood: -97.2491982848.
2022-08-25 14:14:55,345 - INFO - Optimal value of theta: 4680.96415761.
2022-08-25 14:14:55,345 - INFO - Beginning optimization with guess, [1.73291339e+00 9.83181427e-07].
2022-08-25 14:14:55,455 - INFO - Finished optimization with guess, [1.73291339e+00 9.83181427e-07].
2022-08-25 14:14:55,456 - INFO - Best fit parameters: [1.73291339e+00 9.83181427e-07].
2022-08-25 14:14:55,492 - INFO - Maximum log composite likelihood: -97.2491982809.
2022-08-25 14:14:55,493 - INFO - Optimal value of theta: 4680.9641576.
2022-08-25 14:14:55,493 - INFO - Beginning optimization with guess, [1.51299726e+00 1.30233271e-06].
2022-08-25 14:14:55,603 - INFO - Finished optimization with guess, [1.51299726e+00 1.30233271e-06].
2022-08-25 14:14:55,604 - INFO - Best fit parameters: [1.51299726e+00 1.30233271e-06].
2022-08-25 14:14:55,640 - INFO - Maximum log composite likelihood: -97.249198271.
2022-08-25 14:14:55,641 - INFO - Optimal value of theta: 4680.96415757.
2022-08-25 14:14:55,641 - INFO - Beginning optimization with guess, [3.21271548e+00 1.59571179e-06].
2022-08-25 14:14:55,752 - INFO - Finished optimization with guess, [3.21271548e+00 1.59571179e-06].
2022-08-25 14:14:55,752 - INFO - Best fit parameters: [3.21271548e+00 1.59571179e-06].
2022-08-25 14:14:55,789 - INFO - Maximum log composite likelihood: -97.2491982593.
2022-08-25 14:14:55,789 - INFO - Optimal value of theta: 4680.96415754.
2022-08-25 14:14:55,790 - INFO - Beginning optimization with guess, [1.48207983e+00 8.10622824e-07].
2022-08-25 14:14:55,900 - INFO - Finished optimization with guess, [1.48207983e+00 8.10622824e-07].
2022-08-25 14:14:55,900 - INFO - Best fit parameters: [1.48207983e+00 8.10622824e-07].
2022-08-25 14:14:55,937 - INFO - Maximum log composite likelihood: -97.2491982873.
2022-08-25 14:14:55,938 - INFO - Optimal value of theta: 4680.96415761.
2022-08-25 14:14:55,938 - INFO - Beginning optimization with guess, [3.60774096e+00 8.64940285e-07].
2022-08-25 14:14:56,048 - INFO - Finished optimization with guess, [3.60774096e+00 8.64940285e-07].
2022-08-25 14:14:56,050 - INFO - Best fit parameters: [3.60774096e+00 8.64940285e-07].
2022-08-25 14:14:56,086 - INFO - Maximum log composite likelihood: -97.2491982868.
2022-08-25 14:14:56,087 - INFO - Optimal value of theta: 4680.96415761.
2022-08-25 14:14:56,087 - INFO - Beginning optimization with guess, [4.79711451e+00 8.32511818e-07].
2022-08-25 14:14:56,198 - INFO - Finished optimization with guess, [4.79711451e+00 8.32511818e-07].
2022-08-25 14:14:56,198 - INFO - Best fit parameters: [4.79711451e+00 8.32511818e-07].
2022-08-25 14:14:56,235 - INFO - Maximum log composite likelihood: -97.2491982893.
2022-08-25 14:14:56,235 - INFO - Optimal value of theta: 4680.96415762.
2022-08-25 14:14:56,236 - INFO - Beginning optimization with guess, [5.45655487e+00 8.67206939e-07].
2022-08-25 14:14:56,346 - INFO - Finished optimization with guess, [5.45655487e+00 8.67206939e-07].
2022-08-25 14:14:56,346 - INFO - Best fit parameters: [5.45655487e+00 8.67206939e-07].
2022-08-25 14:14:56,383 - INFO - Maximum log composite likelihood: -97.2491982894.
2022-08-25 14:14:56,384 - INFO - Optimal value of theta: 4680.96415762.
2022-08-25 14:14:56,384 - INFO - Beginning optimization with guess, [2.94796482e+00 6.94762327e-07].
2022-08-25 14:14:56,495 - INFO - Finished optimization with guess, [2.94796482e+00 6.94762327e-07].
2022-08-25 14:14:56,495 - INFO - Best fit parameters: [2.94796482e+00 6.94762327e-07].
2022-08-25 14:14:56,532 - INFO - Maximum log composite likelihood: -97.2491982897.
2022-08-25 14:14:56,533 - INFO - Optimal value of theta: 4680.96415762.
2022-08-25 14:14:56,533 - INFO - Beginning optimization with guess, [8.12390239e+00 9.53020184e-07].
2022-08-25 14:14:56,646 - INFO - Finished optimization with guess, [8.12390239e+00 9.53020184e-07].
2022-08-25 14:14:56,646 - INFO - Best fit parameters: [8.12390239e+00 9.53020184e-07].
2022-08-25 14:14:56,683 - INFO - Maximum log composite likelihood: -97.2491982904.
2022-08-25 14:14:56,684 - INFO - Optimal value of theta: 4680.96415762.
2022-08-25 14:14:56,684 - INFO - Beginning optimization with guess, [6.42512467e+00 1.95434380e-06].
2022-08-25 14:14:56,795 - INFO - Finished optimization with guess, [6.42512467e+00 1.95434380e-06].
2022-08-25 14:14:56,795 - INFO - Best fit parameters: [6.42512467e+00 1.95434380e-06].
2022-08-25 14:14:56,832 - INFO - Maximum log composite likelihood: -97.2491982622.
2022-08-25 14:14:56,833 - INFO - Optimal value of theta: 4680.96415755.
2022-08-25 14:14:56,833 - INFO - Beginning optimization with guess, [7.64100791e+00 5.61101727e-07].
2022-08-25 14:14:56,943 - INFO - Finished optimization with guess, [7.64100791e+00 5.61101727e-07].
2022-08-25 14:14:56,944 - INFO - Best fit parameters: [7.64100791e+00 5.61101727e-07].
2022-08-25 14:14:56,981 - INFO - Maximum log composite likelihood: -97.2491982948.
2022-08-25 14:14:56,981 - INFO - Optimal value of theta: 4680.96415763.
2022-08-25 14:14:56,981 - INFO - Beginning optimization with guess, [1.39917392e+01 5.74124738e-07].
2022-08-25 14:14:57,092 - INFO - Finished optimization with guess, [1.39917392e+01 5.74124738e-07].
2022-08-25 14:14:57,093 - INFO - Best fit parameters: [1.39917392e+01 5.74124738e-07].
2022-08-25 14:14:57,129 - INFO - Maximum log composite likelihood: -97.2491982958.
2022-08-25 14:14:57,130 - INFO - Optimal value of theta: 4680.96415763.
2022-08-25 14:14:57,132 - INFO - Beginning demographic inference for two-epoch demographic model.
2022-08-25 14:14:57,134 - INFO - Beginning optimization with guess, [1.15100861e-06 1.38399782e-06].
2022-08-25 14:14:58,234 - INFO - Finished optimization with guess, [1.15100861e-06 1.38399782e-06].
2022-08-25 14:14:58,235 - INFO - Best fit parameters: [1.84585432e-05 4.89606617e-09].
2022-08-25 14:14:58,320 - INFO - Maximum log composite likelihood: -97.2541105905.
2022-08-25 14:14:58,321 - INFO - Optimal value of theta: 4680.97657445.
2022-08-25 14:14:58,322 - INFO - Beginning optimization with guess, [7.99395363e-06 5.08815288e-07].
2022-08-25 14:14:59,387 - INFO - Finished optimization with guess, [7.99395363e-06 5.08815288e-07].
2022-08-25 14:14:59,387 - INFO - Best fit parameters: [1.41247548e-05 1.31950922e-08].
2022-08-25 14:14:59,425 - INFO - Maximum log composite likelihood: -97.3076080542.
2022-08-25 14:14:59,426 - INFO - Optimal value of theta: 4681.114518.
2022-08-25 14:14:59,426 - INFO - Beginning optimization with guess, [1.38951481e-04 5.00940073e-07].
2022-08-25 14:15:00,541 - INFO - Finished optimization with guess, [1.38951481e-04 5.00940073e-07].
2022-08-25 14:15:00,542 - INFO - Best fit parameters: [8.92726734e-04 7.77299404e-08].
2022-08-25 14:15:00,580 - INFO - Maximum log composite likelihood: -97.249733185.
2022-08-25 14:15:00,580 - INFO - Optimal value of theta: 4680.96550289.
2022-08-25 14:15:00,580 - INFO - Beginning optimization with guess, [4.64884314e-03 1.02212540e-06].
2022-08-25 14:15:01,598 - INFO - Finished optimization with guess, [4.64884314e-03 1.02212540e-06].
2022-08-25 14:15:01,599 - INFO - Best fit parameters: [1.67399235e-02 2.85567718e-07].
2022-08-25 14:15:01,637 - INFO - Maximum log composite likelihood: -97.2492185148.
2022-08-25 14:15:01,638 - INFO - Optimal value of theta: 4680.96420838.
2022-08-25 14:15:01,638 - INFO - Beginning optimization with guess, [8.81222115e-03 5.82483951e-07].
2022-08-25 14:15:02,538 - INFO - Finished optimization with guess, [8.81222115e-03 5.82483951e-07].
2022-08-25 14:15:02,538 - INFO - Best fit parameters: [2.62239977e-02 1.94080956e-07].
2022-08-25 14:15:02,576 - INFO - Maximum log composite likelihood: -97.2492020367.
2022-08-25 14:15:02,577 - INFO - Optimal value of theta: 4680.96416702.
2022-08-25 14:15:02,577 - INFO - Beginning optimization with guess, [1.16277080e+00 9.99969711e-07].
2022-08-25 14:15:02,689 - INFO - Finished optimization with guess, [1.16277080e+00 9.99969711e-07].
2022-08-25 14:15:02,689 - INFO - Best fit parameters: [1.16277080e+00 9.99969711e-07].
2022-08-25 14:15:02,727 - INFO - Maximum log composite likelihood: -97.249198289.
2022-08-25 14:15:02,727 - INFO - Optimal value of theta: 4680.96415762.
2022-08-25 14:15:02,727 - INFO - Beginning optimization with guess, [4.61145880e-01 8.73641456e-07].
2022-08-25 14:15:02,838 - INFO - Finished optimization with guess, [4.61145880e-01 8.73641456e-07].
2022-08-25 14:15:02,838 - INFO - Best fit parameters: [4.61145880e-01 8.73641456e-07].
2022-08-25 14:15:02,875 - INFO - Maximum log composite likelihood: -97.2491984307.
2022-08-25 14:15:02,876 - INFO - Optimal value of theta: 4680.96415797.
2022-08-25 14:15:02,876 - INFO - Beginning optimization with guess, [5.17217997e-01 1.35993043e-06].
2022-08-25 14:15:02,986 - INFO - Finished optimization with guess, [5.17217997e-01 1.35993043e-06].
2022-08-25 14:15:02,987 - INFO - Best fit parameters: [5.17217997e-01 1.35993043e-06].
2022-08-25 14:15:03,024 - INFO - Maximum log composite likelihood: -97.249198528.
2022-08-25 14:15:03,024 - INFO - Optimal value of theta: 4680.96415822.
2022-08-25 14:15:03,024 - INFO - Beginning optimization with guess, [1.03979836e+00 5.54698653e-07].
2022-08-25 14:15:03,135 - INFO - Finished optimization with guess, [1.03979836e+00 5.54698653e-07].
2022-08-25 14:15:03,135 - INFO - Best fit parameters: [1.03979836e+00 5.54698653e-07].
2022-08-25 14:15:03,172 - INFO - Maximum log composite likelihood: -97.2491982965.
2022-08-25 14:15:03,173 - INFO - Optimal value of theta: 4680.96415764.
2022-08-25 14:15:03,173 - INFO - Beginning optimization with guess, [8.04622148e-01 7.38488986e-07].
2022-08-25 14:15:03,283 - INFO - Finished optimization with guess, [8.04622148e-01 7.38488986e-07].
2022-08-25 14:15:03,284 - INFO - Best fit parameters: [8.04622148e-01 7.38488986e-07].
2022-08-25 14:15:03,321 - INFO - Maximum log composite likelihood: -97.2491983087.
2022-08-25 14:15:03,322 - INFO - Optimal value of theta: 4680.96415767.
2022-08-25 14:15:03,322 - INFO - Beginning optimization with guess, [1.21147087e+00 1.01922023e-06].
2022-08-25 14:15:03,434 - INFO - Finished optimization with guess, [1.21147087e+00 1.01922023e-06].
2022-08-25 14:15:03,434 - INFO - Best fit parameters: [1.21147087e+00 1.01922023e-06].
2022-08-25 14:15:03,471 - INFO - Maximum log composite likelihood: -97.2491982869.
2022-08-25 14:15:03,472 - INFO - Optimal value of theta: 4680.96415761.
2022-08-25 14:15:03,472 - INFO - Beginning optimization with guess, [2.85996109e+00 1.79238547e-06].
2022-08-25 14:15:03,583 - INFO - Finished optimization with guess, [2.85996109e+00 1.79238547e-06].
2022-08-25 14:15:03,583 - INFO - Best fit parameters: [2.85996109e+00 1.79238547e-06].
2022-08-25 14:15:03,620 - INFO - Maximum log composite likelihood: -97.2491982466.
2022-08-25 14:15:03,621 - INFO - Optimal value of theta: 4680.96415751.
2022-08-25 14:15:03,621 - INFO - Beginning optimization with guess, [1.60334598e+00 1.96961645e-06].
2022-08-25 14:15:03,732 - INFO - Finished optimization with guess, [1.60334598e+00 1.96961645e-06].
2022-08-25 14:15:03,733 - INFO - Best fit parameters: [1.60334598e+00 1.96961645e-06].
2022-08-25 14:15:03,770 - INFO - Maximum log composite likelihood: -97.2491982345.
2022-08-25 14:15:03,770 - INFO - Optimal value of theta: 4680.96415748.
2022-08-25 14:15:03,771 - INFO - Beginning optimization with guess, [1.31623412e+00 7.78236348e-07].
2022-08-25 14:15:03,882 - INFO - Finished optimization with guess, [1.31623412e+00 7.78236348e-07].
2022-08-25 14:15:03,882 - INFO - Best fit parameters: [1.31623412e+00 7.78236348e-07].
2022-08-25 14:15:03,919 - INFO - Maximum log composite likelihood: -97.2491982896.
2022-08-25 14:15:03,920 - INFO - Optimal value of theta: 4680.96415762.
2022-08-25 14:15:03,920 - INFO - Beginning optimization with guess, [3.76229290e+00 1.78134756e-06].
2022-08-25 14:15:04,033 - INFO - Finished optimization with guess, [3.76229290e+00 1.78134756e-06].
2022-08-25 14:15:04,034 - INFO - Best fit parameters: [3.76229290e+00 1.78134756e-06].
2022-08-25 14:15:04,071 - INFO - Maximum log composite likelihood: -97.2491982542.
2022-08-25 14:15:04,072 - INFO - Optimal value of theta: 4680.96415753.
2022-08-25 14:15:04,072 - INFO - Beginning optimization with guess, [1.47231857e+00 1.56860181e-06].
2022-08-25 14:15:04,184 - INFO - Finished optimization with guess, [1.47231857e+00 1.56860181e-06].
2022-08-25 14:15:04,184 - INFO - Best fit parameters: [1.47231857e+00 1.56860181e-06].
2022-08-25 14:15:04,221 - INFO - Maximum log composite likelihood: -97.2491982603.
2022-08-25 14:15:04,221 - INFO - Optimal value of theta: 4680.96415754.
2022-08-25 14:15:04,222 - INFO - Beginning optimization with guess, [1.74555636e+00 1.00986667e-06].
2022-08-25 14:15:04,333 - INFO - Finished optimization with guess, [1.74555636e+00 1.00986667e-06].
2022-08-25 14:15:04,333 - INFO - Best fit parameters: [1.74555636e+00 1.00986667e-06].
2022-08-25 14:15:04,370 - INFO - Maximum log composite likelihood: -97.24919828.
2022-08-25 14:15:04,371 - INFO - Optimal value of theta: 4680.96415759.
2022-08-25 14:15:04,371 - INFO - Beginning optimization with guess, [3.40969422e+00 1.27462874e-06].
2022-08-25 14:15:04,482 - INFO - Finished optimization with guess, [3.40969422e+00 1.27462874e-06].
2022-08-25 14:15:04,483 - INFO - Best fit parameters: [3.40969422e+00 1.27462874e-06].
2022-08-25 14:15:04,520 - INFO - Maximum log composite likelihood: -97.2491982738.
2022-08-25 14:15:04,520 - INFO - Optimal value of theta: 4680.96415758.
2022-08-25 14:15:04,521 - INFO - Beginning optimization with guess, [2.46600488e+00 1.84134607e-06].
2022-08-25 14:15:04,632 - INFO - Finished optimization with guess, [2.46600488e+00 1.84134607e-06].
2022-08-25 14:15:04,632 - INFO - Best fit parameters: [2.46600488e+00 1.84134607e-06].
2022-08-25 14:15:04,669 - INFO - Maximum log composite likelihood: -97.2491982407.
2022-08-25 14:15:04,670 - INFO - Optimal value of theta: 4680.9641575.
2022-08-25 14:15:04,670 - INFO - Beginning optimization with guess, [3.48879548e+00 6.13867633e-07].
2022-08-25 14:15:04,781 - INFO - Finished optimization with guess, [3.48879548e+00 6.13867633e-07].
2022-08-25 14:15:04,782 - INFO - Best fit parameters: [3.48879548e+00 6.13867633e-07].
2022-08-25 14:15:04,819 - INFO - Maximum log composite likelihood: -97.2491982919.
2022-08-25 14:15:04,819 - INFO - Optimal value of theta: 4680.96415762.
2022-08-25 14:15:04,819 - INFO - Beginning optimization with guess, [6.61867211e+00 1.14878083e-06].
2022-08-25 14:15:04,931 - INFO - Finished optimization with guess, [6.61867211e+00 1.14878083e-06].
2022-08-25 14:15:04,931 - INFO - Best fit parameters: [6.61867211e+00 1.14878083e-06].
2022-08-25 14:15:04,968 - INFO - Maximum log composite likelihood: -97.2491982854.
2022-08-25 14:15:04,968 - INFO - Optimal value of theta: 4680.96415761.
2022-08-25 14:15:04,969 - INFO - Beginning optimization with guess, [5.30629744e+00 7.18636023e-07].
2022-08-25 14:15:05,081 - INFO - Finished optimization with guess, [5.30629744e+00 7.18636023e-07].
2022-08-25 14:15:05,081 - INFO - Best fit parameters: [5.30629744e+00 7.18636023e-07].
2022-08-25 14:15:05,118 - INFO - Maximum log composite likelihood: -97.2491982917.
2022-08-25 14:15:05,119 - INFO - Optimal value of theta: 4680.96415762.
2022-08-25 14:15:05,119 - INFO - Beginning optimization with guess, [4.09684796e+00 1.11264399e-06].
2022-08-25 14:15:05,230 - INFO - Finished optimization with guess, [4.09684796e+00 1.11264399e-06].
2022-08-25 14:15:05,231 - INFO - Best fit parameters: [4.09684796e+00 1.11264399e-06].
2022-08-25 14:15:05,268 - INFO - Maximum log composite likelihood: -97.2491982813.
2022-08-25 14:15:05,268 - INFO - Optimal value of theta: 4680.9641576.
2022-08-25 14:15:05,268 - INFO - Beginning optimization with guess, [4.34687788e+00 1.11411681e-06].
2022-08-25 14:15:05,380 - INFO - Finished optimization with guess, [4.34687788e+00 1.11411681e-06].
2022-08-25 14:15:05,380 - INFO - Best fit parameters: [4.34687788e+00 1.11411681e-06].
2022-08-25 14:15:05,417 - INFO - Maximum log composite likelihood: -97.2491982819.
2022-08-25 14:15:05,418 - INFO - Optimal value of theta: 4680.9641576.
2022-08-25 14:15:05,418 - INFO - Beginning optimization with guess, [5.31778610e+00 9.06955234e-07].
2022-08-25 14:15:05,529 - INFO - Finished optimization with guess, [5.31778610e+00 9.06955234e-07].
2022-08-25 14:15:05,529 - INFO - Best fit parameters: [5.31778610e+00 9.06955234e-07].
2022-08-25 14:15:05,567 - INFO - Maximum log composite likelihood: -97.2491982885.
2022-08-25 14:15:05,567 - INFO - Optimal value of theta: 4680.96415762.
2022-08-25 14:15:05,570 - INFO - Beginning demographic inference for bottleneck + growth demographic model.
2022-08-25 14:15:05,586 - INFO - Beginning optimization with guess, [6.79300235e-07 1.41369011e-06 1.27237953e-06].
2022-08-25 14:15:07,018 - INFO - Finished optimization with guess, [6.79300235e-07 1.41369011e-06 1.27237953e-06].
2022-08-25 14:15:07,019 - INFO - Best fit parameters: [6.70654917e-06 1.76768720e-05 1.08195454e-08].
2022-08-25 14:15:07,059 - INFO - Maximum log composite likelihood: -97.2747831627.
2022-08-25 14:15:07,059 - INFO - Optimal value of theta: 4681.02945103.
2022-08-25 14:15:07,060 - INFO - Beginning optimization with guess, [9.42892412e-06 1.91045730e-05 9.84655088e-07].
2022-08-25 14:15:08,133 - INFO - Finished optimization with guess, [9.42892412e-06 1.91045730e-05 9.84655088e-07].
2022-08-25 14:15:08,133 - INFO - Best fit parameters: [1.05111913e-05 3.17023634e-05 6.87158755e-08].
2022-08-25 14:15:08,171 - INFO - Maximum log composite likelihood: -97.6584836651.
2022-08-25 14:15:08,172 - INFO - Optimal value of theta: 4682.04942197.
2022-08-25 14:15:08,172 - INFO - Beginning optimization with guess, [1.99383903e-04 1.32525790e-04 1.11034518e-06].
2022-08-25 14:15:09,219 - INFO - Finished optimization with guess, [1.99383903e-04 1.32525790e-04 1.11034518e-06].
2022-08-25 14:15:09,220 - INFO - Best fit parameters: [1.93995420e-04 6.49320719e-04 2.32102741e-07].
2022-08-25 14:15:09,258 - INFO - Maximum log composite likelihood: -97.2580613074.
2022-08-25 14:15:09,258 - INFO - Optimal value of theta: 4680.9866184.
2022-08-25 14:15:09,258 - INFO - Beginning optimization with guess, [5.01596322e-04 1.46502824e-03 1.83567297e-06].
2022-08-25 14:15:10,307 - INFO - Finished optimization with guess, [5.01596322e-04 1.46502824e-03 1.83567297e-06].
2022-08-25 14:15:10,307 - INFO - Best fit parameters: [5.01596199e-04 4.31956932e-03 6.22373529e-07].
2022-08-25 14:15:10,345 - INFO - Maximum log composite likelihood: -97.250652789.
2022-08-25 14:15:10,346 - INFO - Optimal value of theta: 4680.96782164.
2022-08-25 14:15:10,346 - INFO - Beginning optimization with guess, [9.81515787e-03 5.96677602e-03 9.32322058e-07].
2022-08-25 14:15:11,495 - INFO - Finished optimization with guess, [9.81515787e-03 5.96677602e-03 9.32322058e-07].
2022-08-25 14:15:11,496 - INFO - Best fit parameters: [9.81606011e-03 1.51324673e-02 3.69317533e-07].
2022-08-25 14:15:11,534 - INFO - Maximum log composite likelihood: -97.2492398015.
2022-08-25 14:15:11,534 - INFO - Optimal value of theta: 4680.96426184.
2022-08-25 14:15:11,534 - INFO - Beginning optimization with guess, [1.12536782e+00 5.20119294e-01 1.65349311e-06].
2022-08-25 14:15:11,684 - INFO - Finished optimization with guess, [1.12536782e+00 5.20119294e-01 1.65349311e-06].
2022-08-25 14:15:11,685 - INFO - Best fit parameters: [1.12536782e+00 5.20119294e-01 1.65349311e-06].
2022-08-25 14:15:11,721 - INFO - Maximum log composite likelihood: -97.2491986333.
2022-08-25 14:15:11,722 - INFO - Optimal value of theta: 4680.96415848.
2022-08-25 14:15:11,722 - INFO - Beginning optimization with guess, [4.90416711e-01 7.08313137e-01 1.28126951e-06].
2022-08-25 14:15:11,869 - INFO - Finished optimization with guess, [4.90416711e-01 7.08313137e-01 1.28126951e-06].
2022-08-25 14:15:11,869 - INFO - Best fit parameters: [4.90416711e-01 7.08313137e-01 1.28126951e-06].
2022-08-25 14:15:11,906 - INFO - Maximum log composite likelihood: -97.2491983631.
2022-08-25 14:15:11,906 - INFO - Optimal value of theta: 4680.9641578.
2022-08-25 14:15:11,907 - INFO - Beginning optimization with guess, [7.40591967e-01 4.31907417e-01 6.58056483e-07].
2022-08-25 14:15:12,053 - INFO - Finished optimization with guess, [7.40591967e-01 4.31907417e-01 6.58056483e-07].
2022-08-25 14:15:12,054 - INFO - Best fit parameters: [7.40591967e-01 4.31907417e-01 6.58056483e-07].
2022-08-25 14:15:12,091 - INFO - Maximum log composite likelihood: -97.2491983882.
2022-08-25 14:15:12,091 - INFO - Optimal value of theta: 4680.96415787.
2022-08-25 14:15:12,091 - INFO - Beginning optimization with guess, [5.13318033e-01 1.50567132e+00 5.43619906e-07].
2022-08-25 14:15:12,238 - INFO - Finished optimization with guess, [5.13318033e-01 1.50567132e+00 5.43619906e-07].
2022-08-25 14:15:12,238 - INFO - Best fit parameters: [5.13318033e-01 1.50567132e+00 5.43619906e-07].
2022-08-25 14:15:12,275 - INFO - Maximum log composite likelihood: -97.2491982927.
2022-08-25 14:15:12,276 - INFO - Optimal value of theta: 4680.96415763.
2022-08-25 14:15:12,276 - INFO - Beginning optimization with guess, [1.11832449e+00 9.51649362e-01 9.60629619e-07].
2022-08-25 14:15:12,423 - INFO - Finished optimization with guess, [1.11832449e+00 9.51649362e-01 9.60629619e-07].
2022-08-25 14:15:12,423 - INFO - Best fit parameters: [1.11832449e+00 9.51649362e-01 9.60629619e-07].
2022-08-25 14:15:12,460 - INFO - Maximum log composite likelihood: -97.2491983007.
2022-08-25 14:15:12,461 - INFO - Optimal value of theta: 4680.96415765.
2022-08-25 14:15:12,461 - INFO - Beginning optimization with guess, [6.61775853e-01 9.05279894e-01 5.70463842e-07].
2022-08-25 14:15:12,608 - INFO - Finished optimization with guess, [6.61775853e-01 9.05279894e-01 5.70463842e-07].
2022-08-25 14:15:12,608 - INFO - Best fit parameters: [6.61775853e-01 9.05279894e-01 5.70463842e-07].
2022-08-25 14:15:12,645 - INFO - Maximum log composite likelihood: -97.2491982999.
2022-08-25 14:15:12,645 - INFO - Optimal value of theta: 4680.96415764.
2022-08-25 14:15:12,646 - INFO - Beginning optimization with guess, [1.91314587e+00 2.41248832e+00 1.67296468e-06].
2022-08-25 14:15:12,792 - INFO - Finished optimization with guess, [1.91314587e+00 2.41248832e+00 1.67296468e-06].
2022-08-25 14:15:12,793 - INFO - Best fit parameters: [1.91314587e+00 2.41248832e+00 1.67296468e-06].
2022-08-25 14:15:12,829 - INFO - Maximum log composite likelihood: -97.2491982502.
2022-08-25 14:15:12,830 - INFO - Optimal value of theta: 4680.96415752.
2022-08-25 14:15:12,830 - INFO - Beginning optimization with guess, [1.81164758e+00 3.39582162e+00 5.81340772e-07].
2022-08-25 14:15:12,977 - INFO - Finished optimization with guess, [1.81164758e+00 3.39582162e+00 5.81340772e-07].
2022-08-25 14:15:12,977 - INFO - Best fit parameters: [1.81164758e+00 3.39582162e+00 5.81340772e-07].
2022-08-25 14:15:13,016 - INFO - Maximum log composite likelihood: -97.2491982924.
2022-08-25 14:15:13,017 - INFO - Optimal value of theta: 4680.96415762.
2022-08-25 14:15:13,017 - INFO - Beginning optimization with guess, [3.47146040e+00 2.03985249e+00 1.85502292e-06].
2022-08-25 14:15:13,165 - INFO - Finished optimization with guess, [3.47146040e+00 2.03985249e+00 1.85502292e-06].
2022-08-25 14:15:13,165 - INFO - Best fit parameters: [3.47146040e+00 2.03985249e+00 1.85502292e-06].
2022-08-25 14:15:13,201 - INFO - Maximum log composite likelihood: -97.2491982378.
2022-08-25 14:15:13,202 - INFO - Optimal value of theta: 4680.96415749.
2022-08-25 14:15:13,202 - INFO - Beginning optimization with guess, [1.56494053e+00 3.02078955e+00 1.95522623e-06].
2022-08-25 14:15:13,349 - INFO - Finished optimization with guess, [1.56494053e+00 3.02078955e+00 1.95522623e-06].
2022-08-25 14:15:13,349 - INFO - Best fit parameters: [1.56494053e+00 3.02078955e+00 1.95522623e-06].
2022-08-25 14:15:13,386 - INFO - Maximum log composite likelihood: -97.2491982386.
2022-08-25 14:15:13,387 - INFO - Optimal value of theta: 4680.96415749.
2022-08-25 14:15:13,387 - INFO - Beginning optimization with guess, [1.49489309e+00 4.44614242e+00 1.20209353e-06].
2022-08-25 14:15:13,534 - INFO - Finished optimization with guess, [1.49489309e+00 4.44614242e+00 1.20209353e-06].
2022-08-25 14:15:13,534 - INFO - Best fit parameters: [1.49489309e+00 4.44614242e+00 1.20209353e-06].
2022-08-25 14:15:13,571 - INFO - Maximum log composite likelihood: -97.2491982796.
2022-08-25 14:15:13,572 - INFO - Optimal value of theta: 4680.96415759.
2022-08-25 14:15:13,572 - INFO - Beginning optimization with guess, [2.09220609e+00 2.61075589e+00 9.30886313e-07].
2022-08-25 14:15:13,719 - INFO - Finished optimization with guess, [2.09220609e+00 2.61075589e+00 9.30886313e-07].
2022-08-25 14:15:13,719 - INFO - Best fit parameters: [2.09220609e+00 2.61075589e+00 9.30886313e-07].
2022-08-25 14:15:13,756 - INFO - Maximum log composite likelihood: -97.249198283.
2022-08-25 14:15:13,756 - INFO - Optimal value of theta: 4680.9641576.
2022-08-25 14:15:13,756 - INFO - Beginning optimization with guess, [2.06235151e+00 4.69254488e+00 7.73940693e-07].
2022-08-25 14:15:13,903 - INFO - Finished optimization with guess, [2.06235151e+00 4.69254488e+00 7.73940693e-07].
2022-08-25 14:15:13,904 - INFO - Best fit parameters: [2.06235151e+00 4.69254488e+00 7.73940693e-07].
2022-08-25 14:15:13,940 - INFO - Maximum log composite likelihood: -97.2491982902.
2022-08-25 14:15:13,941 - INFO - Optimal value of theta: 4680.96415762.
2022-08-25 14:15:13,941 - INFO - Beginning optimization with guess, [3.24015849e+00 2.16693461e+00 5.75518953e-07].
2022-08-25 14:15:14,088 - INFO - Finished optimization with guess, [3.24015849e+00 2.16693461e+00 5.75518953e-07].
2022-08-25 14:15:14,088 - INFO - Best fit parameters: [3.24015849e+00 2.16693461e+00 5.75518953e-07].
2022-08-25 14:15:14,125 - INFO - Maximum log composite likelihood: -97.2491982915.
2022-08-25 14:15:14,126 - INFO - Optimal value of theta: 4680.96415762.
2022-08-25 14:15:14,126 - INFO - Beginning optimization with guess, [1.97662869e+00 5.82512417e+00 1.16192929e-06].
2022-08-25 14:15:14,273 - INFO - Finished optimization with guess, [1.97662869e+00 5.82512417e+00 1.16192929e-06].
2022-08-25 14:15:14,273 - INFO - Best fit parameters: [1.97662869e+00 5.82512417e+00 1.16192929e-06].
2022-08-25 14:15:14,310 - INFO - Maximum log composite likelihood: -97.2491982838.
2022-08-25 14:15:14,311 - INFO - Optimal value of theta: 4680.9641576.
2022-08-25 14:15:14,311 - INFO - Beginning optimization with guess, [6.29600508e+00 7.51971598e+00 5.22423131e-07].
2022-08-25 14:15:14,458 - INFO - Finished optimization with guess, [6.29600508e+00 7.51971598e+00 5.22423131e-07].
2022-08-25 14:15:14,458 - INFO - Best fit parameters: [6.29600508e+00 7.51971598e+00 5.22423131e-07].
2022-08-25 14:15:14,495 - INFO - Maximum log composite likelihood: -97.2491982951.
2022-08-25 14:15:14,496 - INFO - Optimal value of theta: 4680.96415763.
2022-08-25 14:15:14,496 - INFO - Beginning optimization with guess, [5.21360641e+00 6.21741816e+00 1.84932115e-06].
2022-08-25 14:15:14,643 - INFO - Finished optimization with guess, [5.21360641e+00 6.21741816e+00 1.84932115e-06].
2022-08-25 14:15:14,643 - INFO - Best fit parameters: [5.21360641e+00 6.21741816e+00 1.84932115e-06].
2022-08-25 14:15:14,680 - INFO - Maximum log composite likelihood: -97.249198265.
2022-08-25 14:15:14,681 - INFO - Optimal value of theta: 4680.96415756.
2022-08-25 14:15:14,681 - INFO - Beginning optimization with guess, [3.89247525e+00 5.05485482e+00 7.03962109e-07].
2022-08-25 14:15:14,828 - INFO - Finished optimization with guess, [3.89247525e+00 5.05485482e+00 7.03962109e-07].
2022-08-25 14:15:14,828 - INFO - Best fit parameters: [3.89247525e+00 5.05485482e+00 7.03962109e-07].
2022-08-25 14:15:14,865 - INFO - Maximum log composite likelihood: -97.2491982918.
2022-08-25 14:15:14,866 - INFO - Optimal value of theta: 4680.96415762.
2022-08-25 14:15:14,866 - INFO - Beginning optimization with guess, [4.05071306e+00 9.81072693e+00 5.20735584e-07].
2022-08-25 14:15:15,012 - INFO - Finished optimization with guess, [4.05071306e+00 9.81072693e+00 5.20735584e-07].
2022-08-25 14:15:15,013 - INFO - Best fit parameters: [4.05071306e+00 9.81072693e+00 5.20735584e-07].
2022-08-25 14:15:15,049 - INFO - Maximum log composite likelihood: -97.2491982955.
2022-08-25 14:15:15,050 - INFO - Optimal value of theta: 4680.96415763.
2022-08-25 14:15:15,050 - INFO - Beginning optimization with guess, [9.43468416e+00 1.26072695e+01 6.65307176e-07].
2022-08-25 14:15:15,197 - INFO - Finished optimization with guess, [9.43468416e+00 1.26072695e+01 6.65307176e-07].
2022-08-25 14:15:15,198 - INFO - Best fit parameters: [9.43468416e+00 1.26072695e+01 6.65307176e-07].
2022-08-25 14:15:15,234 - INFO - Maximum log composite likelihood: -97.249198295.
2022-08-25 14:15:15,235 - INFO - Optimal value of theta: 4680.96415763.
2022-08-25 14:15:15,237 - INFO - Beginning demographic inference for three-epoch demographic model.
2022-08-25 14:15:15,239 - INFO - Beginning optimization with guess, [1.17423221e-06 8.65617834e-07 8.83946839e-07 1.02247974e-06].
2022-08-25 14:15:16,274 - INFO - Finished optimization with guess, [1.17423221e-06 8.65617834e-07 8.83946839e-07 1.02247974e-06].
2022-08-25 14:15:16,274 - INFO - Best fit parameters: [8.00000000e+001 8.00000000e+001 4.69992444e-131 9.16512037e-104].
2022-08-25 14:15:16,314 - INFO - Maximum log composite likelihood: -97.2491982973.
2022-08-25 14:15:16,314 - INFO - Optimal value of theta: 4680.96415764.
2022-08-25 14:15:16,315 - INFO - Beginning optimization with guess, [6.55672854e-06 8.85670206e-06 5.01926163e-07 1.06785587e-06].
2022-08-25 14:15:17,483 - INFO - Finished optimization with guess, [6.55672854e-06 8.85670206e-06 5.01926163e-07 1.06785587e-06].
2022-08-25 14:15:17,484 - INFO - Best fit parameters: [9.90862201e-06 9.10048076e-06 6.30792680e-08 6.81455075e-08].
2022-08-25 14:15:17,523 - INFO - Maximum log composite likelihood: -103.174268453.
2022-08-25 14:15:17,523 - INFO - Optimal value of theta: 4698.08960355.
2022-08-25 14:15:17,524 - INFO - Beginning optimization with guess, [5.69972622e-05 7.96913770e-05 8.84493410e-07 5.26664848e-07].
2022-08-25 14:15:18,671 - INFO - Finished optimization with guess, [5.69972622e-05 7.96913770e-05 8.84493410e-07 5.26664848e-07].
2022-08-25 14:15:18,672 - INFO - Best fit parameters: [3.03724275e-04 2.39048017e-04 1.58315273e-07 1.75287386e-07].
2022-08-25 14:15:18,710 - INFO - Maximum log composite likelihood: -97.329346469.
2022-08-25 14:15:18,711 - INFO - Optimal value of theta: 4681.17000154.
2022-08-25 14:15:18,711 - INFO - Beginning optimization with guess, [9.05590169e-04 7.04876963e-04 7.08495424e-07 1.83904634e-06].
2022-08-25 14:15:19,853 - INFO - Finished optimization with guess, [9.05590169e-04 7.04876963e-04 7.08495424e-07 1.83904634e-06].
2022-08-25 14:15:19,853 - INFO - Best fit parameters: [1.97810057e-03 2.68784514e-03 3.24224927e-07 4.81583753e-07].
2022-08-25 14:15:19,892 - INFO - Maximum log composite likelihood: -97.2553667385.
2022-08-25 14:15:19,892 - INFO - Optimal value of theta: 4680.97973364.
2022-08-25 14:15:19,892 - INFO - Beginning optimization with guess, [1.05747407e-02 9.27453699e-03 1.33486749e-06 1.51110318e-06].
2022-08-25 14:15:21,030 - INFO - Finished optimization with guess, [1.05747407e-02 9.27453699e-03 1.33486749e-06 1.51110318e-06].
2022-08-25 14:15:21,031 - INFO - Best fit parameters: [2.20877151e-02 2.00201101e-02 6.44075688e-07 7.02562489e-07].
2022-08-25 14:15:21,069 - INFO - Maximum log composite likelihood: -97.2494134347.
2022-08-25 14:15:21,070 - INFO - Optimal value of theta: 4680.96469804.
2022-08-25 14:15:21,070 - INFO - Beginning optimization with guess, [5.11171579e-01 9.55080673e-01 1.91728936e-06 1.24270171e-06].
2022-08-25 14:15:21,263 - INFO - Finished optimization with guess, [5.11171579e-01 9.55080673e-01 1.91728936e-06 1.24270171e-06].
2022-08-25 14:15:21,263 - INFO - Best fit parameters: [5.11171579e-01 9.55080673e-01 1.91728936e-06 1.24270171e-06].
2022-08-25 14:15:21,301 - INFO - Maximum log composite likelihood: -97.2491989462.
2022-08-25 14:15:21,302 - INFO - Optimal value of theta: 4680.96415927.
2022-08-25 14:15:21,302 - INFO - Beginning optimization with guess, [5.51133175e-01 5.88090537e-01 1.00524297e-06 5.46189641e-07].
2022-08-25 14:15:21,494 - INFO - Finished optimization with guess, [5.51133175e-01 5.88090537e-01 1.00524297e-06 5.46189641e-07].
2022-08-25 14:15:21,495 - INFO - Best fit parameters: [5.51133175e-01 5.88090537e-01 1.00524297e-06 5.46189641e-07].
2022-08-25 14:15:21,533 - INFO - Maximum log composite likelihood: -97.2491984772.
2022-08-25 14:15:21,534 - INFO - Optimal value of theta: 4680.96415809.
2022-08-25 14:15:21,534 - INFO - Beginning optimization with guess, [6.41630511e-01 5.09579621e-01 1.12881166e-06 1.62493055e-06].
2022-08-25 14:15:21,726 - INFO - Finished optimization with guess, [6.41630511e-01 5.09579621e-01 1.12881166e-06 1.62493055e-06].
2022-08-25 14:15:21,726 - INFO - Best fit parameters: [6.41630511e-01 5.09579621e-01 1.12881166e-06 1.62493055e-06].
2022-08-25 14:15:21,765 - INFO - Maximum log composite likelihood: -97.2491988593.
2022-08-25 14:15:21,765 - INFO - Optimal value of theta: 4680.96415905.
2022-08-25 14:15:21,765 - INFO - Beginning optimization with guess, [5.03961117e-01 8.84116887e-01 1.32058178e-06 7.57119801e-07].
2022-08-25 14:15:21,952 - INFO - Finished optimization with guess, [5.03961117e-01 8.84116887e-01 1.32058178e-06 7.57119801e-07].
2022-08-25 14:15:21,952 - INFO - Best fit parameters: [5.03961117e-01 8.84116887e-01 1.32058178e-06 7.57119801e-07].
2022-08-25 14:15:21,990 - INFO - Maximum log composite likelihood: -97.2491986156.
2022-08-25 14:15:21,990 - INFO - Optimal value of theta: 4680.96415844.
2022-08-25 14:15:21,990 - INFO - Beginning optimization with guess, [1.60860337e+00 1.18655954e+00 7.27908536e-07 1.82467201e-06].
2022-08-25 14:15:22,177 - INFO - Finished optimization with guess, [1.60860337e+00 1.18655954e+00 7.27908536e-07 1.82467201e-06].
2022-08-25 14:15:22,177 - INFO - Best fit parameters: [1.60860337e+00 1.18655954e+00 7.27908536e-07 1.82467201e-06].
2022-08-25 14:15:22,214 - INFO - Maximum log composite likelihood: -97.2491982291.
2022-08-25 14:15:22,215 - INFO - Optimal value of theta: 4680.96415747.
2022-08-25 14:15:22,215 - INFO - Beginning optimization with guess, [6.37506840e-01 1.24329764e+00 1.39377893e-06 6.83561934e-07].
2022-08-25 14:15:22,401 - INFO - Finished optimization with guess, [6.37506840e-01 1.24329764e+00 1.39377893e-06 6.83561934e-07].
2022-08-25 14:15:22,402 - INFO - Best fit parameters: [6.37506840e-01 1.24329764e+00 1.39377893e-06 6.83561934e-07].
2022-08-25 14:15:22,439 - INFO - Maximum log composite likelihood: -97.2491984418.
2022-08-25 14:15:22,440 - INFO - Optimal value of theta: 4680.964158.
2022-08-25 14:15:22,440 - INFO - Beginning optimization with guess, [7.56864871e-01 1.15838502e+00 1.23593486e-06 1.47482968e-06].
2022-08-25 14:15:22,626 - INFO - Finished optimization with guess, [7.56864871e-01 1.15838502e+00 1.23593486e-06 1.47482968e-06].
2022-08-25 14:15:22,627 - INFO - Best fit parameters: [7.56864871e-01 1.15838502e+00 1.23593486e-06 1.47482968e-06].
2022-08-25 14:15:22,664 - INFO - Maximum log composite likelihood: -97.2491983591.
2022-08-25 14:15:22,665 - INFO - Optimal value of theta: 4680.96415779.
2022-08-25 14:15:22,665 - INFO - Beginning optimization with guess, [3.12008254e+00 2.90129774e+00 1.81404625e-06 5.42757475e-07].
2022-08-25 14:15:22,851 - INFO - Finished optimization with guess, [3.12008254e+00 2.90129774e+00 1.81404625e-06 5.42757475e-07].
2022-08-25 14:15:22,852 - INFO - Best fit parameters: [3.12008254e+00 2.90129774e+00 1.81404625e-06 5.42757475e-07].
2022-08-25 14:15:22,889 - INFO - Maximum log composite likelihood: -97.2491982269.
2022-08-25 14:15:22,889 - INFO - Optimal value of theta: 4680.96415746.
2022-08-25 14:15:22,890 - INFO - Beginning optimization with guess, [1.48932549e+00 1.08212423e+00 1.43547382e-06 1.19873936e-06].
2022-08-25 14:15:23,076 - INFO - Finished optimization with guess, [1.48932549e+00 1.08212423e+00 1.43547382e-06 1.19873936e-06].
2022-08-25 14:15:23,076 - INFO - Best fit parameters: [1.48932549e+00 1.08212423e+00 1.43547382e-06 1.19873936e-06].
2022-08-25 14:15:23,114 - INFO - Maximum log composite likelihood: -97.2491982231.
2022-08-25 14:15:23,114 - INFO - Optimal value of theta: 4680.96415745.
2022-08-25 14:15:23,115 - INFO - Beginning optimization with guess, [2.62355855e+00 1.51559187e+00 5.79154072e-07 1.84927349e-06].
2022-08-25 14:15:23,301 - INFO - Finished optimization with guess, [2.62355855e+00 1.51559187e+00 5.79154072e-07 1.84927349e-06].
2022-08-25 14:15:23,301 - INFO - Best fit parameters: [2.62355855e+00 1.51559187e+00 5.79154072e-07 1.84927349e-06].
2022-08-25 14:15:23,338 - INFO - Maximum log composite likelihood: -97.2491982087.
2022-08-25 14:15:23,339 - INFO - Optimal value of theta: 4680.96415742.
2022-08-25 14:15:23,339 - INFO - Beginning optimization with guess, [4.47798062e+00 1.34377040e+00 1.52692591e-06 5.60408414e-07].
2022-08-25 14:15:23,526 - INFO - Finished optimization with guess, [4.47798062e+00 1.34377040e+00 1.52692591e-06 5.60408414e-07].
2022-08-25 14:15:23,526 - INFO - Best fit parameters: [4.47798062e+00 1.34377040e+00 1.52692591e-06 5.60408414e-07].
2022-08-25 14:15:23,563 - INFO - Maximum log composite likelihood: -97.2491982307.
2022-08-25 14:15:23,564 - INFO - Optimal value of theta: 4680.96415747.
2022-08-25 14:15:23,564 - INFO - Beginning optimization with guess, [1.54991238e+00 3.74617923e+00 8.87495478e-07 6.35443988e-07].
2022-08-25 14:15:23,751 - INFO - Finished optimization with guess, [1.54991238e+00 3.74617923e+00 8.87495478e-07 6.35443988e-07].
2022-08-25 14:15:23,751 - INFO - Best fit parameters: [1.54991238e+00 3.74617923e+00 8.87495478e-07 6.35443988e-07].
2022-08-25 14:15:23,788 - INFO - Maximum log composite likelihood: -97.2491982755.
2022-08-25 14:15:23,789 - INFO - Optimal value of theta: 4680.96415758.
2022-08-25 14:15:23,789 - INFO - Beginning optimization with guess, [1.82094967e+00 5.54471813e+00 5.93155010e-07 1.58509742e-06].
2022-08-25 14:15:23,976 - INFO - Finished optimization with guess, [1.82094967e+00 5.54471813e+00 5.93155010e-07 1.58509742e-06].
2022-08-25 14:15:23,976 - INFO - Best fit parameters: [1.82094967e+00 5.54471813e+00 5.93155010e-07 1.58509742e-06].
2022-08-25 14:15:24,013 - INFO - Maximum log composite likelihood: -97.2491982599.
2022-08-25 14:15:24,014 - INFO - Optimal value of theta: 4680.96415754.
2022-08-25 14:15:24,014 - INFO - Beginning optimization with guess, [2.62409793e+00 3.49956712e+00 1.86611554e-06 7.46089956e-07].
2022-08-25 14:15:24,203 - INFO - Finished optimization with guess, [2.62409793e+00 3.49956712e+00 1.86611554e-06 7.46089956e-07].
2022-08-25 14:15:24,203 - INFO - Best fit parameters: [2.62409793e+00 3.49956712e+00 1.86611554e-06 7.46089956e-07].
2022-08-25 14:15:24,241 - INFO - Maximum log composite likelihood: -97.2491982154.
2022-08-25 14:15:24,242 - INFO - Optimal value of theta: 4680.96415743.
2022-08-25 14:15:24,242 - INFO - Beginning optimization with guess, [5.80536945e+00 3.84343600e+00 8.28897846e-07 1.43848286e-06].
2022-08-25 14:15:24,432 - INFO - Finished optimization with guess, [5.80536945e+00 3.84343600e+00 8.28897846e-07 1.43848286e-06].
2022-08-25 14:15:24,433 - INFO - Best fit parameters: [5.80536945e+00 3.84343600e+00 8.28897846e-07 1.43848286e-06].
2022-08-25 14:15:24,470 - INFO - Maximum log composite likelihood: -97.2491982448.
2022-08-25 14:15:24,470 - INFO - Optimal value of theta: 4680.96415751.
2022-08-25 14:15:24,471 - INFO - Beginning optimization with guess, [7.49762476e+00 2.72761988e+00 5.13132927e-07 1.35799012e-06].
2022-08-25 14:15:24,660 - INFO - Finished optimization with guess, [7.49762476e+00 2.72761988e+00 5.13132927e-07 1.35799012e-06].
2022-08-25 14:15:24,660 - INFO - Best fit parameters: [7.49762476e+00 2.72761988e+00 5.13132927e-07 1.35799012e-06].
2022-08-25 14:15:24,697 - INFO - Maximum log composite likelihood: -97.24919825.
2022-08-25 14:15:24,698 - INFO - Optimal value of theta: 4680.96415752.
2022-08-25 14:15:24,698 - INFO - Beginning optimization with guess, [5.63164397e+00 2.98090007e+00 8.62347175e-07 1.50144782e-06].
2022-08-25 14:15:24,885 - INFO - Finished optimization with guess, [5.63164397e+00 2.98090007e+00 8.62347175e-07 1.50144782e-06].
2022-08-25 14:15:24,886 - INFO - Best fit parameters: [5.63164397e+00 2.98090007e+00 8.62347175e-07 1.50144782e-06].
2022-08-25 14:15:24,923 - INFO - Maximum log composite likelihood: -97.24919823.
2022-08-25 14:15:24,923 - INFO - Optimal value of theta: 4680.96415747.
2022-08-25 14:15:24,924 - INFO - Beginning optimization with guess, [1.02718962e+01 5.00284101e+00 1.54907145e-06 1.48141824e-06].
2022-08-25 14:15:25,110 - INFO - Finished optimization with guess, [1.02718962e+01 5.00284101e+00 1.54907145e-06 1.48141824e-06].
2022-08-25 14:15:25,111 - INFO - Best fit parameters: [1.02718962e+01 5.00284101e+00 1.54907145e-06 1.48141824e-06].
2022-08-25 14:15:25,148 - INFO - Maximum log composite likelihood: -97.2491982291.
2022-08-25 14:15:25,148 - INFO - Optimal value of theta: 4680.96415747.
2022-08-25 14:15:25,149 - INFO - Beginning optimization with guess, [1.31049613e+01 1.13865873e+01 5.17050058e-07 5.80872857e-07].
2022-08-25 14:15:25,335 - INFO - Finished optimization with guess, [1.31049613e+01 1.13865873e+01 5.17050058e-07 5.80872857e-07].
2022-08-25 14:15:25,336 - INFO - Best fit parameters: [1.31049613e+01 1.13865873e+01 5.17050058e-07 5.80872857e-07].
2022-08-25 14:15:25,373 - INFO - Maximum log composite likelihood: -97.2491982923.
2022-08-25 14:15:25,374 - INFO - Optimal value of theta: 4680.96415762.
2022-08-25 14:15:25,374 - INFO - Beginning optimization with guess, [4.93107546e+00 4.01832475e+00 1.24599930e-06 6.13287578e-07].
2022-08-25 14:15:25,562 - INFO - Finished optimization with guess, [4.93107546e+00 4.01832475e+00 1.24599930e-06 6.13287578e-07].
2022-08-25 14:15:25,562 - INFO - Best fit parameters: [4.93107546e+00 4.01832475e+00 1.24599930e-06 6.13287578e-07].
2022-08-25 14:15:25,599 - INFO - Maximum log composite likelihood: -97.2491982642.
2022-08-25 14:15:25,600 - INFO - Optimal value of theta: 4680.96415755.
2022-08-25 14:15:25,602 - INFO - Beginning demographic inference for one-epoch demographic model.
2022-08-25 14:15:25,604 - INFO - Beginning optimization with guess, [0.11987604].
2022-08-25 14:15:25,677 - INFO - Finished optimization with guess, [0.11987604].
2022-08-25 14:15:25,678 - INFO - Best fit parameters: [0.11987604].
2022-08-25 14:15:25,714 - INFO - Maximum log composite likelihood: -97.2491982973.
2022-08-25 14:15:25,714 - INFO - Optimal value of theta: 4680.96415764.
2022-08-25 14:15:25,715 - INFO - Beginning optimization with guess, [0.14373044].
2022-08-25 14:15:25,788 - INFO - Finished optimization with guess, [0.14373044].
2022-08-25 14:15:25,788 - INFO - Best fit parameters: [0.14373044].
2022-08-25 14:15:25,824 - INFO - Maximum log composite likelihood: -97.2491982973.
2022-08-25 14:15:25,825 - INFO - Optimal value of theta: 4680.96415764.
2022-08-25 14:15:25,825 - INFO - Beginning optimization with guess, [0.5888307].
2022-08-25 14:15:25,898 - INFO - Finished optimization with guess, [0.5888307].
2022-08-25 14:15:25,898 - INFO - Best fit parameters: [0.5888307].
2022-08-25 14:15:25,934 - INFO - Maximum log composite likelihood: -97.2491982973.
2022-08-25 14:15:25,935 - INFO - Optimal value of theta: 4680.96415764.
2022-08-25 14:15:25,935 - INFO - Beginning optimization with guess, [0.48212161].
2022-08-25 14:15:26,008 - INFO - Finished optimization with guess, [0.48212161].
2022-08-25 14:15:26,008 - INFO - Best fit parameters: [0.48212161].
2022-08-25 14:15:26,045 - INFO - Maximum log composite likelihood: -97.2491982973.
2022-08-25 14:15:26,045 - INFO - Optimal value of theta: 4680.96415764.
2022-08-25 14:15:26,045 - INFO - Beginning optimization with guess, [0.99098678].
2022-08-25 14:15:26,118 - INFO - Finished optimization with guess, [0.99098678].
2022-08-25 14:15:26,118 - INFO - Best fit parameters: [0.99098678].
2022-08-25 14:15:26,155 - INFO - Maximum log composite likelihood: -97.2491982973.
2022-08-25 14:15:26,155 - INFO - Optimal value of theta: 4680.96415764.
2022-08-25 14:15:26,155 - INFO - Beginning optimization with guess, [0.99754098].
2022-08-25 14:15:26,228 - INFO - Finished optimization with guess, [0.99754098].
2022-08-25 14:15:26,229 - INFO - Best fit parameters: [0.99754098].
2022-08-25 14:15:26,265 - INFO - Maximum log composite likelihood: -97.2491982973.
2022-08-25 14:15:26,265 - INFO - Optimal value of theta: 4680.96415764.
2022-08-25 14:15:26,266 - INFO - Beginning optimization with guess, [0.70759703].
2022-08-25 14:15:26,339 - INFO - Finished optimization with guess, [0.70759703].
2022-08-25 14:15:26,339 - INFO - Best fit parameters: [0.70759703].
2022-08-25 14:15:26,375 - INFO - Maximum log composite likelihood: -97.2491982973.
2022-08-25 14:15:26,376 - INFO - Optimal value of theta: 4680.96415764.
2022-08-25 14:15:26,376 - INFO - Beginning optimization with guess, [1.19380851].
2022-08-25 14:15:26,449 - INFO - Finished optimization with guess, [1.19380851].
2022-08-25 14:15:26,449 - INFO - Best fit parameters: [1.19380851].
2022-08-25 14:15:26,486 - INFO - Maximum log composite likelihood: -97.2491982973.
2022-08-25 14:15:26,486 - INFO - Optimal value of theta: 4680.96415764.
2022-08-25 14:15:26,486 - INFO - Beginning optimization with guess, [0.92280935].
2022-08-25 14:15:26,559 - INFO - Finished optimization with guess, [0.92280935].
2022-08-25 14:15:26,559 - INFO - Best fit parameters: [0.92280935].
2022-08-25 14:15:26,596 - INFO - Maximum log composite likelihood: -97.2491982973.
2022-08-25 14:15:26,596 - INFO - Optimal value of theta: 4680.96415764.
2022-08-25 14:15:26,597 - INFO - Beginning optimization with guess, [0.69930042].
2022-08-25 14:15:26,670 - INFO - Finished optimization with guess, [0.69930042].
2022-08-25 14:15:26,670 - INFO - Best fit parameters: [0.69930042].
2022-08-25 14:15:26,707 - INFO - Maximum log composite likelihood: -97.2491982973.
2022-08-25 14:15:26,707 - INFO - Optimal value of theta: 4680.96415764.
2022-08-25 14:15:26,707 - INFO - Beginning optimization with guess, [0.7609435].
2022-08-25 14:15:26,781 - INFO - Finished optimization with guess, [0.7609435].
2022-08-25 14:15:26,781 - INFO - Best fit parameters: [0.7609435].
2022-08-25 14:15:26,818 - INFO - Maximum log composite likelihood: -97.2491982973.
2022-08-25 14:15:26,818 - INFO - Optimal value of theta: 4680.96415764.
2022-08-25 14:15:26,819 - INFO - Beginning optimization with guess, [2.51730769].
2022-08-25 14:15:26,891 - INFO - Finished optimization with guess, [2.51730769].
2022-08-25 14:15:26,892 - INFO - Best fit parameters: [2.51730769].
2022-08-25 14:15:26,928 - INFO - Maximum log composite likelihood: -97.2491982973.
2022-08-25 14:15:26,928 - INFO - Optimal value of theta: 4680.96415764.
2022-08-25 14:15:26,929 - INFO - Beginning optimization with guess, [2.25164689].
2022-08-25 14:15:27,001 - INFO - Finished optimization with guess, [2.25164689].
2022-08-25 14:15:27,002 - INFO - Best fit parameters: [2.25164689].
2022-08-25 14:15:27,038 - INFO - Maximum log composite likelihood: -97.2491982973.
2022-08-25 14:15:27,038 - INFO - Optimal value of theta: 4680.96415764.
2022-08-25 14:15:27,039 - INFO - Beginning optimization with guess, [2.12213303].
2022-08-25 14:15:27,111 - INFO - Finished optimization with guess, [2.12213303].
2022-08-25 14:15:27,112 - INFO - Best fit parameters: [2.12213303].
2022-08-25 14:15:27,148 - INFO - Maximum log composite likelihood: -97.2491982973.
2022-08-25 14:15:27,149 - INFO - Optimal value of theta: 4680.96415764.
2022-08-25 14:15:27,149 - INFO - Beginning optimization with guess, [3.75723049].
2022-08-25 14:15:27,222 - INFO - Finished optimization with guess, [3.75723049].
2022-08-25 14:15:27,222 - INFO - Best fit parameters: [3.75723049].
2022-08-25 14:15:27,259 - INFO - Maximum log composite likelihood: -97.2491982973.
2022-08-25 14:15:27,259 - INFO - Optimal value of theta: 4680.96415764.
2022-08-25 14:15:27,260 - INFO - Beginning optimization with guess, [3.27629508].
2022-08-25 14:15:27,332 - INFO - Finished optimization with guess, [3.27629508].
2022-08-25 14:15:27,333 - INFO - Best fit parameters: [3.27629508].
2022-08-25 14:15:27,369 - INFO - Maximum log composite likelihood: -97.2491982973.
2022-08-25 14:15:27,370 - INFO - Optimal value of theta: 4680.96415764.
2022-08-25 14:15:27,370 - INFO - Beginning optimization with guess, [4.46834387].
2022-08-25 14:15:27,443 - INFO - Finished optimization with guess, [4.46834387].
2022-08-25 14:15:27,443 - INFO - Best fit parameters: [4.46834387].
2022-08-25 14:15:27,479 - INFO - Maximum log composite likelihood: -97.2491982973.
2022-08-25 14:15:27,480 - INFO - Optimal value of theta: 4680.96415764.
2022-08-25 14:15:27,480 - INFO - Beginning optimization with guess, [1.77030294].
2022-08-25 14:15:27,553 - INFO - Finished optimization with guess, [1.77030294].
2022-08-25 14:15:27,553 - INFO - Best fit parameters: [1.77030294].
2022-08-25 14:15:27,590 - INFO - Maximum log composite likelihood: -97.2491982973.
2022-08-25 14:15:27,590 - INFO - Optimal value of theta: 4680.96415764.
2022-08-25 14:15:27,590 - INFO - Beginning optimization with guess, [1.6850366].
2022-08-25 14:15:27,664 - INFO - Finished optimization with guess, [1.6850366].
2022-08-25 14:15:27,664 - INFO - Best fit parameters: [1.6850366].
2022-08-25 14:15:27,700 - INFO - Maximum log composite likelihood: -97.2491982973.
2022-08-25 14:15:27,701 - INFO - Optimal value of theta: 4680.96415764.
2022-08-25 14:15:27,701 - INFO - Beginning optimization with guess, [7.23387922].
2022-08-25 14:15:27,774 - INFO - Finished optimization with guess, [7.23387922].
2022-08-25 14:15:27,774 - INFO - Best fit parameters: [7.23387922].
2022-08-25 14:15:27,810 - INFO - Maximum log composite likelihood: -97.2491982973.
2022-08-25 14:15:27,811 - INFO - Optimal value of theta: 4680.96415764.
2022-08-25 14:15:27,811 - INFO - Beginning optimization with guess, [5.70090427].
2022-08-25 14:15:27,884 - INFO - Finished optimization with guess, [5.70090427].
2022-08-25 14:15:27,885 - INFO - Best fit parameters: [5.70090427].
2022-08-25 14:15:27,922 - INFO - Maximum log composite likelihood: -97.2491982973.
2022-08-25 14:15:27,922 - INFO - Optimal value of theta: 4680.96415764.
2022-08-25 14:15:27,922 - INFO - Beginning optimization with guess, [3.28164996].
2022-08-25 14:15:27,995 - INFO - Finished optimization with guess, [3.28164996].
2022-08-25 14:15:27,996 - INFO - Best fit parameters: [3.28164996].
2022-08-25 14:15:28,032 - INFO - Maximum log composite likelihood: -97.2491982973.
2022-08-25 14:15:28,032 - INFO - Optimal value of theta: 4680.96415764.
2022-08-25 14:15:28,033 - INFO - Beginning optimization with guess, [6.16063581].
2022-08-25 14:15:28,106 - INFO - Finished optimization with guess, [6.16063581].
2022-08-25 14:15:28,106 - INFO - Best fit parameters: [6.16063581].
2022-08-25 14:15:28,143 - INFO - Maximum log composite likelihood: -97.2491982973.
2022-08-25 14:15:28,143 - INFO - Optimal value of theta: 4680.96415764.
2022-08-25 14:15:28,143 - INFO - Beginning optimization with guess, [12.03450599].
2022-08-25 14:15:28,216 - INFO - Finished optimization with guess, [12.03450599].
2022-08-25 14:15:28,216 - INFO - Best fit parameters: [12.03450599].
2022-08-25 14:15:28,253 - INFO - Maximum log composite likelihood: -97.2491982973.
2022-08-25 14:15:28,253 - INFO - Optimal value of theta: 4680.96415764.
2022-08-25 14:15:28,254 - INFO - Beginning optimization with guess, [6.64617048].
2022-08-25 14:15:28,326 - INFO - Finished optimization with guess, [6.64617048].
2022-08-25 14:15:28,327 - INFO - Best fit parameters: [6.64617048].
2022-08-25 14:15:28,363 - INFO - Maximum log composite likelihood: -97.2491982973.
2022-08-25 14:15:28,364 - INFO - Optimal value of theta: 4680.96415764.
2022-08-25 14:15:28,365 - INFO - Finished demographic inference.
2022-08-25 14:15:28,365 - INFO - Pipeline executed succesfully.
