2021-10-20 12:41:25,224 - INFO - Beginning execution of fit_demographic_model.py in directory /u/project/ngarud/jonmah/demo_for_ccgb/Scripts

2021-10-20 12:41:25,225 - INFO - Progress is being logged to ../Analysis/Bacteroides_cellulosilyticus_58046/log.log

2021-10-20 12:41:25,225 - INFO - Parsed the following arguments:
	mask_doubletons = False
	syn_input_sfs = ../Data/Bacteroides_cellulosilyticus_58046_syn.sfs
	mask_singletons = True
	outprefix = ../Analysis/Bacteroides_cellulosilyticus_58046/

2021-10-20 12:41:25,236 - INFO - Beginning demographic inference for exponential growth demographic model.
2021-10-20 12:41:25,237 - INFO - Beginning optimization with guess, [1.09566185e-01 5.70515057e-06].
2021-10-20 12:41:27,616 - INFO - Finished optimization with guess, [1.09566185e-01 5.70515057e-06].
2021-10-20 12:41:27,616 - INFO - Best fit parameters: [4.15937521e-01 1.91096935e-06].
2021-10-20 12:41:27,694 - INFO - Maximum log composite likelihood: -1167.48955691.
2021-10-20 12:41:27,695 - INFO - Optimal value of theta: 8772.65998454.
2021-10-20 12:41:27,695 - INFO - Beginning optimization with guess, [1.58076461e-01 1.49756655e-05].
2021-10-20 12:41:29,796 - INFO - Finished optimization with guess, [1.58076461e-01 1.49756655e-05].
2021-10-20 12:41:29,797 - INFO - Best fit parameters: [6.29572637e-01 5.56673589e-06].
2021-10-20 12:41:29,875 - INFO - Maximum log composite likelihood: -1167.48957254.
2021-10-20 12:41:29,875 - INFO - Optimal value of theta: 8772.65999657.
2021-10-20 12:41:29,876 - INFO - Beginning optimization with guess, [6.34256490e-02 1.56383507e-05].
2021-10-20 12:41:31,956 - INFO - Finished optimization with guess, [6.34256490e-02 1.56383507e-05].
2021-10-20 12:41:31,956 - INFO - Best fit parameters: [2.52630421e-01 4.50888539e-06].
2021-10-20 12:41:32,034 - INFO - Maximum log composite likelihood: -1167.48976894.
2021-10-20 12:41:32,035 - INFO - Optimal value of theta: 8772.66014782.
2021-10-20 12:41:32,035 - INFO - Beginning optimization with guess, [1.46535351e-01 1.29036473e-05].
2021-10-20 12:41:34,133 - INFO - Finished optimization with guess, [1.46535351e-01 1.29036473e-05].
2021-10-20 12:41:34,134 - INFO - Best fit parameters: [5.76931390e-01 4.66495698e-06].
2021-10-20 12:41:34,212 - INFO - Maximum log composite likelihood: -1167.4895713.
2021-10-20 12:41:34,212 - INFO - Optimal value of theta: 8772.65999562.
2021-10-20 12:41:34,212 - INFO - Beginning optimization with guess, [1.01010347e-01 5.73842499e-06].
2021-10-20 12:41:36,312 - INFO - Finished optimization with guess, [1.01010347e-01 5.73842499e-06].
2021-10-20 12:41:36,313 - INFO - Best fit parameters: [3.81606152e-01 1.88777392e-06].
2021-10-20 12:41:36,391 - INFO - Maximum log composite likelihood: -1167.48955952.
2021-10-20 12:41:36,392 - INFO - Optimal value of theta: 8772.65998655.
2021-10-20 12:41:36,392 - INFO - Beginning optimization with guess, [1.62528622e-01 5.40402691e-06].
2021-10-20 12:41:38,511 - INFO - Finished optimization with guess, [1.62528622e-01 5.40402691e-06].
2021-10-20 12:41:38,511 - INFO - Best fit parameters: [6.39099237e-01 2.04232393e-06].
2021-10-20 12:41:38,589 - INFO - Maximum log composite likelihood: -1167.4895489.
2021-10-20 12:41:38,590 - INFO - Optimal value of theta: 8772.65997838.
2021-10-20 12:41:38,590 - INFO - Beginning optimization with guess, [1.11384513e-01 1.14668711e-05].
2021-10-20 12:41:40,711 - INFO - Finished optimization with guess, [1.11384513e-01 1.14668711e-05].
2021-10-20 12:41:40,711 - INFO - Best fit parameters: [4.28899818e-01 3.82220911e-06].
2021-10-20 12:41:40,789 - INFO - Maximum log composite likelihood: -1167.48958784.
2021-10-20 12:41:40,790 - INFO - Optimal value of theta: 8772.66000836.
2021-10-20 12:41:40,790 - INFO - Beginning optimization with guess, [7.24152699e-02 1.00114052e-05].
2021-10-20 12:41:42,911 - INFO - Finished optimization with guess, [7.24152699e-02 1.00114052e-05].
2021-10-20 12:41:42,911 - INFO - Best fit parameters: [2.74965275e-01 3.06759202e-06].
2021-10-20 12:41:42,989 - INFO - Maximum log composite likelihood: -1167.48962993.
2021-10-20 12:41:42,989 - INFO - Optimal value of theta: 8772.66004076.
2021-10-20 12:41:42,990 - INFO - Beginning optimization with guess, [7.45608797e-02 1.66273003e-05].
2021-10-20 12:41:45,116 - INFO - Finished optimization with guess, [7.45608797e-02 1.66273003e-05].
2021-10-20 12:41:45,116 - INFO - Best fit parameters: [2.94814166e-01 4.95511902e-06].
2021-10-20 12:41:45,194 - INFO - Maximum log composite likelihood: -1167.48973242.
2021-10-20 12:41:45,195 - INFO - Optimal value of theta: 8772.66011969.
2021-10-20 12:41:45,195 - INFO - Beginning optimization with guess, [5.57054247e-02 7.49841180e-06].
2021-10-20 12:41:47,316 - INFO - Finished optimization with guess, [5.57054247e-02 7.49841180e-06].
2021-10-20 12:41:47,316 - INFO - Best fit parameters: [2.09147676e-01 2.23361128e-06].
2021-10-20 12:41:47,394 - INFO - Maximum log composite likelihood: -1167.48962985.
2021-10-20 12:41:47,394 - INFO - Optimal value of theta: 8772.66004071.
2021-10-20 12:41:47,394 - INFO - Beginning optimization with guess, [5.34203421e-02 1.70702321e-05].
2021-10-20 12:41:49,524 - INFO - Finished optimization with guess, [5.34203421e-02 1.70702321e-05].
2021-10-20 12:41:49,525 - INFO - Best fit parameters: [2.23158754e-01 4.61203445e-06].
2021-10-20 12:41:49,603 - INFO - Maximum log composite likelihood: -1167.48985711.
2021-10-20 12:41:49,603 - INFO - Optimal value of theta: 8772.66021572.
2021-10-20 12:41:49,604 - INFO - Beginning optimization with guess, [1.87053404e-01 1.92991043e-05].
2021-10-20 12:41:51,726 - INFO - Finished optimization with guess, [1.87053404e-01 1.92991043e-05].
2021-10-20 12:41:51,726 - INFO - Best fit parameters: [7.67086986e-01 7.75719170e-06].
2021-10-20 12:41:51,804 - INFO - Maximum log composite likelihood: -1167.48956777.
2021-10-20 12:41:51,805 - INFO - Optimal value of theta: 8772.6599929.
2021-10-20 12:41:51,805 - INFO - Beginning optimization with guess, [1.86658068e-01 5.98033570e-06].
2021-10-20 12:41:53,919 - INFO - Finished optimization with guess, [1.86658068e-01 5.98033570e-06].
2021-10-20 12:41:53,919 - INFO - Best fit parameters: [7.51276237e-01 2.41599198e-06].
2021-10-20 12:41:53,997 - INFO - Maximum log composite likelihood: -1167.48954788.
2021-10-20 12:41:53,998 - INFO - Optimal value of theta: 8772.65997759.
2021-10-20 12:41:53,998 - INFO - Beginning optimization with guess, [1.83386035e-01 5.31139449e-06].
2021-10-20 12:41:56,105 - INFO - Finished optimization with guess, [1.83386035e-01 5.31139449e-06].
2021-10-20 12:41:56,105 - INFO - Best fit parameters: [7.37160050e-01 2.13134768e-06].
2021-10-20 12:41:56,183 - INFO - Maximum log composite likelihood: -1167.48954753.
2021-10-20 12:41:56,183 - INFO - Optimal value of theta: 8772.65997732.
2021-10-20 12:41:56,183 - INFO - Beginning optimization with guess, [1.75063105e-01 1.41033456e-05].
2021-10-20 12:41:58,296 - INFO - Finished optimization with guess, [1.75063105e-01 1.41033456e-05].
2021-10-20 12:41:58,297 - INFO - Best fit parameters: [7.05155811e-01 5.49203290e-06].
2021-10-20 12:41:58,375 - INFO - Maximum log composite likelihood: -1167.48956217.
2021-10-20 12:41:58,375 - INFO - Optimal value of theta: 8772.6599886.
2021-10-20 12:41:58,376 - INFO - Beginning optimization with guess, [5.16258272e-02 1.10225956e-05].
2021-10-20 12:42:00,476 - INFO - Finished optimization with guess, [5.16258272e-02 1.10225956e-05].
2021-10-20 12:42:00,476 - INFO - Best fit parameters: [2.00302851e-01 3.16209637e-06].
2021-10-20 12:42:00,554 - INFO - Maximum log composite likelihood: -1167.48973244.
2021-10-20 12:42:00,554 - INFO - Optimal value of theta: 8772.6601197.
2021-10-20 12:42:00,555 - INFO - Beginning optimization with guess, [1.28695833e-01 1.03141340e-05].
2021-10-20 12:42:02,654 - INFO - Finished optimization with guess, [1.28695833e-01 1.03141340e-05].
2021-10-20 12:42:02,654 - INFO - Best fit parameters: [4.98669334e-01 3.58238958e-06].
2021-10-20 12:42:02,732 - INFO - Maximum log composite likelihood: -1167.48956959.
2021-10-20 12:42:02,733 - INFO - Optimal value of theta: 8772.65999431.
2021-10-20 12:42:02,733 - INFO - Beginning optimization with guess, [1.90018128e-01 5.94657055e-06].
2021-10-20 12:42:04,834 - INFO - Finished optimization with guess, [1.90018128e-01 5.94657055e-06].
2021-10-20 12:42:04,835 - INFO - Best fit parameters: [7.67751775e-01 2.42823694e-06].
2021-10-20 12:42:04,913 - INFO - Maximum log composite likelihood: -1167.48954765.
2021-10-20 12:42:04,913 - INFO - Optimal value of theta: 8772.65997741.
2021-10-20 12:42:04,914 - INFO - Beginning optimization with guess, [1.70809637e-01 1.25661576e-05].
2021-10-20 12:42:07,013 - INFO - Finished optimization with guess, [1.70809637e-01 1.25661576e-05].
2021-10-20 12:42:07,013 - INFO - Best fit parameters: [6.83898682e-01 4.83877160e-06].
2021-10-20 12:42:07,092 - INFO - Maximum log composite likelihood: -1167.48956024.
2021-10-20 12:42:07,092 - INFO - Optimal value of theta: 8772.6599871.
2021-10-20 12:42:07,092 - INFO - Beginning optimization with guess, [1.44638650e-01 1.25234571e-05].
2021-10-20 12:42:09,198 - INFO - Finished optimization with guess, [1.44638650e-01 1.25234571e-05].
2021-10-20 12:42:09,198 - INFO - Best fit parameters: [5.68398505e-01 4.50843128e-06].
2021-10-20 12:42:09,276 - INFO - Maximum log composite likelihood: -1167.48957082.
2021-10-20 12:42:09,276 - INFO - Optimal value of theta: 8772.65999525.
2021-10-20 12:42:09,276 - INFO - Beginning optimization with guess, [1.55915848e-01 6.64153254e-06].
2021-10-20 12:42:11,380 - INFO - Finished optimization with guess, [1.55915848e-01 6.64153254e-06].
2021-10-20 12:42:11,380 - INFO - Best fit parameters: [6.11224058e-01 2.46772125e-06].
2021-10-20 12:42:11,458 - INFO - Maximum log composite likelihood: -1167.48955136.
2021-10-20 12:42:11,458 - INFO - Optimal value of theta: 8772.65998027.
2021-10-20 12:42:11,459 - INFO - Beginning optimization with guess, [6.50282390e-02 6.58545554e-06].
2021-10-20 12:42:13,560 - INFO - Finished optimization with guess, [6.50282390e-02 6.58545554e-06].
2021-10-20 12:42:13,560 - INFO - Best fit parameters: [2.42923587e-01 2.01125317e-06].
2021-10-20 12:42:13,638 - INFO - Maximum log composite likelihood: -1167.4895939.
2021-10-20 12:42:13,638 - INFO - Optimal value of theta: 8772.66001302.
2021-10-20 12:42:13,639 - INFO - Beginning optimization with guess, [1.42442977e-01 1.03995340e-05].
2021-10-20 12:42:15,739 - INFO - Finished optimization with guess, [1.42442977e-01 1.03995340e-05].
2021-10-20 12:42:15,739 - INFO - Best fit parameters: [5.56785854e-01 3.72998901e-06].
2021-10-20 12:42:15,817 - INFO - Maximum log composite likelihood: -1167.48956401.
2021-10-20 12:42:15,817 - INFO - Optimal value of theta: 8772.65999001.
2021-10-20 12:42:15,818 - INFO - Beginning optimization with guess, [1.70396286e-01 9.14335601e-06].
2021-10-20 12:42:17,917 - INFO - Finished optimization with guess, [1.70396286e-01 9.14335601e-06].
2021-10-20 12:42:17,918 - INFO - Best fit parameters: [6.78674961e-01 3.52339879e-06].
2021-10-20 12:42:17,996 - INFO - Maximum log composite likelihood: -1167.48955353.
2021-10-20 12:42:17,996 - INFO - Optimal value of theta: 8772.65998194.
2021-10-20 12:42:17,997 - INFO - Beginning optimization with guess, [1.38300167e-01 1.04452234e-05].
2021-10-20 12:42:20,098 - INFO - Finished optimization with guess, [1.38300167e-01 1.04452234e-05].
2021-10-20 12:42:20,099 - INFO - Best fit parameters: [5.39204849e-01 3.70961180e-06].
2021-10-20 12:42:20,177 - INFO - Maximum log composite likelihood: -1167.4895658.
2021-10-20 12:42:20,177 - INFO - Optimal value of theta: 8772.65999139.
2021-10-20 12:42:20,179 - INFO - Beginning demographic inference for two-epoch demographic model.
2021-10-20 12:42:20,182 - INFO - Beginning optimization with guess, [8.49461549e-02 1.53484114e-05].
2021-10-20 12:42:22,293 - INFO - Finished optimization with guess, [8.49461549e-02 1.53484114e-05].
2021-10-20 12:42:22,293 - INFO - Best fit parameters: [3.30813278e-01 4.74877796e-06].
2021-10-20 12:42:22,371 - INFO - Maximum log composite likelihood: -1167.48967477.
2021-10-20 12:42:22,372 - INFO - Optimal value of theta: 8772.66007529.
2021-10-20 12:42:22,372 - INFO - Beginning optimization with guess, [5.03408869e-02 5.08786593e-06].
2021-10-20 12:42:24,476 - INFO - Finished optimization with guess, [5.03408869e-02 5.08786593e-06].
2021-10-20 12:42:24,476 - INFO - Best fit parameters: [1.86448875e-01 1.51628900e-06].
2021-10-20 12:42:24,554 - INFO - Maximum log composite likelihood: -1167.48959567.
2021-10-20 12:42:24,555 - INFO - Optimal value of theta: 8772.66001439.
2021-10-20 12:42:24,555 - INFO - Beginning optimization with guess, [1.59647824e-01 1.70482692e-05].
2021-10-20 12:42:26,661 - INFO - Finished optimization with guess, [1.59647824e-01 1.70482692e-05].
2021-10-20 12:42:26,661 - INFO - Best fit parameters: [6.38951056e-01 6.35186291e-06].
2021-10-20 12:42:26,740 - INFO - Maximum log composite likelihood: -1167.48957885.
2021-10-20 12:42:26,740 - INFO - Optimal value of theta: 8772.66000144.
2021-10-20 12:42:26,740 - INFO - Beginning optimization with guess, [9.28707544e-02 6.70023972e-06].
2021-10-20 12:42:28,843 - INFO - Finished optimization with guess, [9.28707544e-02 6.70023972e-06].
2021-10-20 12:42:28,843 - INFO - Best fit parameters: [3.50280038e-01 2.16454913e-06].
2021-10-20 12:42:28,922 - INFO - Maximum log composite likelihood: -1167.48956856.
2021-10-20 12:42:28,922 - INFO - Optimal value of theta: 8772.65999351.
2021-10-20 12:42:28,922 - INFO - Beginning optimization with guess, [1.22307348e-01 8.26672197e-06].
2021-10-20 12:42:31,026 - INFO - Finished optimization with guess, [1.22307348e-01 8.26672197e-06].
2021-10-20 12:42:31,026 - INFO - Best fit parameters: [4.70241464e-01 2.83650131e-06].
2021-10-20 12:42:31,104 - INFO - Maximum log composite likelihood: -1167.48956341.
2021-10-20 12:42:31,105 - INFO - Optimal value of theta: 8772.65998955.
2021-10-20 12:42:31,105 - INFO - Beginning optimization with guess, [1.49728792e-01 1.71163842e-05].
2021-10-20 12:42:33,206 - INFO - Finished optimization with guess, [1.49728792e-01 1.71163842e-05].
2021-10-20 12:42:33,207 - INFO - Best fit parameters: [5.95710410e-01 6.21240506e-06].
2021-10-20 12:42:33,285 - INFO - Maximum log composite likelihood: -1167.48958661.
2021-10-20 12:42:33,285 - INFO - Optimal value of theta: 8772.66000741.
2021-10-20 12:42:33,285 - INFO - Beginning optimization with guess, [5.31638581e-02 5.37650312e-06].
2021-10-20 12:42:35,395 - INFO - Finished optimization with guess, [5.31638581e-02 5.37650312e-06].
2021-10-20 12:42:35,396 - INFO - Best fit parameters: [1.97197974e-01 1.60944191e-06].
2021-10-20 12:42:35,474 - INFO - Maximum log composite likelihood: -1167.48959537.
2021-10-20 12:42:35,475 - INFO - Optimal value of theta: 8772.66001415.
2021-10-20 12:42:35,475 - INFO - Beginning optimization with guess, [9.12007873e-02 7.78165346e-06].
2021-10-20 12:42:37,581 - INFO - Finished optimization with guess, [9.12007873e-02 7.78165346e-06].
2021-10-20 12:42:37,581 - INFO - Best fit parameters: [3.44778611e-01 2.50021360e-06].
2021-10-20 12:42:37,660 - INFO - Maximum log composite likelihood: -1167.48957759.
2021-10-20 12:42:37,660 - INFO - Optimal value of theta: 8772.66000046.
2021-10-20 12:42:37,660 - INFO - Beginning optimization with guess, [9.79298556e-02 1.48226595e-05].
2021-10-20 12:42:39,765 - INFO - Finished optimization with guess, [9.79298556e-02 1.48226595e-05].
2021-10-20 12:42:39,766 - INFO - Best fit parameters: [3.79864565e-01 4.75107007e-06].
2021-10-20 12:42:39,844 - INFO - Maximum log composite likelihood: -1167.48963635.
2021-10-20 12:42:39,845 - INFO - Optimal value of theta: 8772.66004571.
2021-10-20 12:42:39,845 - INFO - Beginning optimization with guess, [1.80416176e-01 5.09873482e-06].
2021-10-20 12:42:41,948 - INFO - Finished optimization with guess, [1.80416176e-01 5.09873482e-06].
2021-10-20 12:42:41,949 - INFO - Best fit parameters: [7.18170892e-01 2.01334439e-06].
2021-10-20 12:42:42,028 - INFO - Maximum log composite likelihood: -1167.48954754.
2021-10-20 12:42:42,028 - INFO - Optimal value of theta: 8772.65997733.
2021-10-20 12:42:42,028 - INFO - Beginning optimization with guess, [7.09105571e-02 1.18549436e-05].
2021-10-20 12:42:44,134 - INFO - Finished optimization with guess, [7.09105571e-02 1.18549436e-05].
2021-10-20 12:42:44,134 - INFO - Best fit parameters: [2.72087996e-01 3.58871396e-06].
2021-10-20 12:42:44,212 - INFO - Maximum log composite likelihood: -1167.48966414.
2021-10-20 12:42:44,212 - INFO - Optimal value of theta: 8772.66006711.
2021-10-20 12:42:44,213 - INFO - Beginning optimization with guess, [8.86138925e-02 5.94861612e-06].
2021-10-20 12:42:46,320 - INFO - Finished optimization with guess, [8.86138925e-02 5.94861612e-06].
2021-10-20 12:42:46,320 - INFO - Best fit parameters: [3.32846159e-01 1.90780746e-06].
2021-10-20 12:42:46,404 - INFO - Maximum log composite likelihood: -1167.48956585.
2021-10-20 12:42:46,405 - INFO - Optimal value of theta: 8772.65999142.
2021-10-20 12:42:46,405 - INFO - Beginning optimization with guess, [1.09051011e-01 1.98932525e-05].
2021-10-20 12:42:48,536 - INFO - Finished optimization with guess, [1.09051011e-01 1.98932525e-05].
2021-10-20 12:42:48,536 - INFO - Best fit parameters: [4.31982032e-01 6.46491945e-06].
2021-10-20 12:42:48,614 - INFO - Maximum log composite likelihood: -1167.48966479.
2021-10-20 12:42:48,615 - INFO - Optimal value of theta: 8772.66006762.
2021-10-20 12:42:48,615 - INFO - Beginning optimization with guess, [6.99822208e-02 1.60948810e-05].
2021-10-20 12:42:50,748 - INFO - Finished optimization with guess, [6.99822208e-02 1.60948810e-05].
2021-10-20 12:42:50,748 - INFO - Best fit parameters: [2.77047657e-01 4.73861148e-06].
2021-10-20 12:42:50,829 - INFO - Maximum log composite likelihood: -1167.48974396.
2021-10-20 12:42:50,829 - INFO - Optimal value of theta: 8772.66012858.
2021-10-20 12:42:50,829 - INFO - Beginning optimization with guess, [1.68494229e-01 5.66792019e-06].
2021-10-20 12:42:52,957 - INFO - Finished optimization with guess, [1.68494229e-01 5.66792019e-06].
2021-10-20 12:42:52,958 - INFO - Best fit parameters: [6.67094637e-01 2.18148248e-06].
2021-10-20 12:42:53,036 - INFO - Maximum log composite likelihood: -1167.48954879.
2021-10-20 12:42:53,036 - INFO - Optimal value of theta: 8772.65997829.
2021-10-20 12:42:53,036 - INFO - Beginning optimization with guess, [1.59706241e-01 1.67583953e-05].
2021-10-20 12:42:55,167 - INFO - Finished optimization with guess, [1.59706241e-01 1.67583953e-05].
2021-10-20 12:42:55,178 - INFO - Best fit parameters: [6.38843052e-01 6.24647933e-06].
2021-10-20 12:42:55,258 - INFO - Maximum log composite likelihood: -1167.48957777.
2021-10-20 12:42:55,259 - INFO - Optimal value of theta: 8772.6600006.
2021-10-20 12:42:55,259 - INFO - Beginning optimization with guess, [5.99560019e-02 9.03072613e-06].
2021-10-20 12:42:57,388 - INFO - Finished optimization with guess, [5.99560019e-02 9.03072613e-06].
2021-10-20 12:42:57,388 - INFO - Best fit parameters: [2.27025668e-01 2.69610130e-06].
2021-10-20 12:42:57,466 - INFO - Maximum log composite likelihood: -1167.48964755.
2021-10-20 12:42:57,467 - INFO - Optimal value of theta: 8772.66005433.
2021-10-20 12:42:57,467 - INFO - Beginning optimization with guess, [8.97361727e-02 7.63572023e-06].
2021-10-20 12:42:59,599 - INFO - Finished optimization with guess, [8.97361727e-02 7.63572023e-06].
2021-10-20 12:42:59,599 - INFO - Best fit parameters: [3.38898976e-01 2.44673756e-06].
2021-10-20 12:42:59,677 - INFO - Maximum log composite likelihood: -1167.48957759.
2021-10-20 12:42:59,678 - INFO - Optimal value of theta: 8772.66000046.
2021-10-20 12:42:59,678 - INFO - Beginning optimization with guess, [1.28146228e-01 8.12474028e-06].
2021-10-20 12:43:01,808 - INFO - Finished optimization with guess, [1.28146228e-01 8.12474028e-06].
2021-10-20 12:43:01,809 - INFO - Best fit parameters: [4.94384462e-01 2.82503519e-06].
2021-10-20 12:43:01,891 - INFO - Maximum log composite likelihood: -1167.48956083.
2021-10-20 12:43:01,891 - INFO - Optimal value of theta: 8772.65998756.
2021-10-20 12:43:01,892 - INFO - Beginning optimization with guess, [9.79668366e-02 1.29884013e-05].
2021-10-20 12:43:04,016 - INFO - Finished optimization with guess, [9.79668366e-02 1.29884013e-05].
2021-10-20 12:43:04,017 - INFO - Best fit parameters: [3.77348318e-01 4.18446496e-06].
2021-10-20 12:43:04,095 - INFO - Maximum log composite likelihood: -1167.48961713.
2021-10-20 12:43:04,095 - INFO - Optimal value of theta: 8772.66003091.
2021-10-20 12:43:04,095 - INFO - Beginning optimization with guess, [1.04983116e-01 1.03804259e-05].
2021-10-20 12:43:06,219 - INFO - Finished optimization with guess, [1.04983116e-01 1.03804259e-05].
2021-10-20 12:43:06,219 - INFO - Best fit parameters: [4.01972646e-01 3.41789531e-06].
2021-10-20 12:43:06,297 - INFO - Maximum log composite likelihood: -1167.48958584.
2021-10-20 12:43:06,298 - INFO - Optimal value of theta: 8772.66000682.
2021-10-20 12:43:06,298 - INFO - Beginning optimization with guess, [9.76396936e-02 6.96463754e-06].
2021-10-20 12:43:08,400 - INFO - Finished optimization with guess, [9.76396936e-02 6.96463754e-06].
2021-10-20 12:43:08,401 - INFO - Best fit parameters: [3.69300490e-01 2.27069214e-06].
2021-10-20 12:43:08,480 - INFO - Maximum log composite likelihood: -1167.48956766.
2021-10-20 12:43:08,480 - INFO - Optimal value of theta: 8772.65999282.
2021-10-20 12:43:08,480 - INFO - Beginning optimization with guess, [8.67198054e-02 1.69293156e-05].
2021-10-20 12:43:10,584 - INFO - Finished optimization with guess, [8.67198054e-02 1.69293156e-05].
2021-10-20 12:43:10,584 - INFO - Best fit parameters: [3.40458120e-01 5.22808501e-06].
2021-10-20 12:43:10,662 - INFO - Maximum log composite likelihood: -1167.48969136.
2021-10-20 12:43:10,663 - INFO - Optimal value of theta: 8772.66008807.
2021-10-20 12:43:10,663 - INFO - Beginning optimization with guess, [6.68358361e-02 5.01062669e-06].
2021-10-20 12:43:12,767 - INFO - Finished optimization with guess, [6.68358361e-02 5.01062669e-06].
2021-10-20 12:43:12,767 - INFO - Best fit parameters: [2.48169479e-01 1.54355497e-06].
2021-10-20 12:43:12,845 - INFO - Maximum log composite likelihood: -1167.48957253.
2021-10-20 12:43:12,845 - INFO - Optimal value of theta: 8772.65999657.
2021-10-20 12:43:12,846 - INFO - Beginning optimization with guess, [1.13558188e-01 6.37403163e-06].
2021-10-20 12:43:14,948 - INFO - Finished optimization with guess, [1.13558188e-01 6.37403163e-06].
2021-10-20 12:43:14,949 - INFO - Best fit parameters: [4.32816191e-01 2.15097750e-06].
2021-10-20 12:43:15,027 - INFO - Maximum log composite likelihood: -1167.48955848.
2021-10-20 12:43:15,028 - INFO - Optimal value of theta: 8772.65998575.
2021-10-20 12:43:15,030 - INFO - Beginning demographic inference for bottleneck + growth demographic model.
2021-10-20 12:43:15,035 - INFO - Beginning optimization with guess, [6.67823824e-02 1.66386098e-01 6.52460648e-06].
2021-10-20 12:43:17,211 - INFO - Finished optimization with guess, [6.67823824e-02 1.66386098e-01 6.52460648e-06].
2021-10-20 12:43:17,212 - INFO - Best fit parameters: [6.67846546e-02 4.41027629e-01 3.02677406e-06].
2021-10-20 12:43:17,294 - INFO - Maximum log composite likelihood: -1167.48957.
2021-10-20 12:43:17,294 - INFO - Optimal value of theta: 8772.65999462.
2021-10-20 12:43:17,294 - INFO - Beginning optimization with guess, [1.19035996e-01 5.64408225e-02 6.97758757e-06].
2021-10-20 12:43:19,469 - INFO - Finished optimization with guess, [1.19035996e-01 5.64408225e-02 6.97758757e-06].
2021-10-20 12:43:19,469 - INFO - Best fit parameters: [1.19035892e-01 1.47261997e-01 2.84224455e-06].
2021-10-20 12:43:19,547 - INFO - Maximum log composite likelihood: -1167.48984374.
2021-10-20 12:43:19,548 - INFO - Optimal value of theta: 8772.66020542.
2021-10-20 12:43:19,548 - INFO - Beginning optimization with guess, [9.42259954e-02 7.03464639e-02 9.21602447e-06].
2021-10-20 12:43:21,722 - INFO - Finished optimization with guess, [9.42259954e-02 7.03464639e-02 9.21602447e-06].
2021-10-20 12:43:21,722 - INFO - Best fit parameters: [9.42259312e-02 1.84709997e-01 3.79485356e-06].
2021-10-20 12:43:21,800 - INFO - Maximum log composite likelihood: -1167.48986867.
2021-10-20 12:43:21,801 - INFO - Optimal value of theta: 8772.66022462.
2021-10-20 12:43:21,801 - INFO - Beginning optimization with guess, [5.16708326e-02 1.31751520e-01 1.71361607e-05].
2021-10-20 12:43:23,974 - INFO - Finished optimization with guess, [5.16708326e-02 1.31751520e-01 1.71361607e-05].
2021-10-20 12:43:23,974 - INFO - Best fit parameters: [5.16704083e-02 3.52664405e-01 7.52391126e-06].
2021-10-20 12:43:24,052 - INFO - Maximum log composite likelihood: -1167.48982223.
2021-10-20 12:43:24,053 - INFO - Optimal value of theta: 8772.66018887.
2021-10-20 12:43:24,053 - INFO - Beginning optimization with guess, [6.69220159e-02 5.65944465e-02 1.55523173e-05].
2021-10-20 12:43:26,226 - INFO - Finished optimization with guess, [6.69220159e-02 5.65944465e-02 1.55523173e-05].
2021-10-20 12:43:26,226 - INFO - Best fit parameters: [6.69220159e-02 1.59184975e-01 5.91377051e-06].
2021-10-20 12:43:26,304 - INFO - Maximum log composite likelihood: -1167.49063607.
2021-10-20 12:43:26,305 - INFO - Optimal value of theta: 8772.66081579.
2021-10-20 12:43:26,305 - INFO - Beginning optimization with guess, [5.74110081e-02 8.56586423e-02 1.51962726e-05].
2021-10-20 12:43:28,478 - INFO - Finished optimization with guess, [5.74110081e-02 8.56586423e-02 1.51962726e-05].
2021-10-20 12:43:28,479 - INFO - Best fit parameters: [5.74107596e-02 2.29989494e-01 6.25448734e-06].
2021-10-20 12:43:28,557 - INFO - Maximum log composite likelihood: -1167.49008063.
2021-10-20 12:43:28,557 - INFO - Optimal value of theta: 8772.66038789.
2021-10-20 12:43:28,558 - INFO - Beginning optimization with guess, [5.12637466e-02 8.92666297e-02 1.13439995e-05].
2021-10-20 12:43:30,739 - INFO - Finished optimization with guess, [5.12637466e-02 8.92666297e-02 1.13439995e-05].
2021-10-20 12:43:30,739 - INFO - Best fit parameters: [5.12636397e-02 2.35426543e-01 4.76360524e-06].
2021-10-20 12:43:30,817 - INFO - Maximum log composite likelihood: -1167.48983945.
2021-10-20 12:43:30,817 - INFO - Optimal value of theta: 8772.66020212.
2021-10-20 12:43:30,818 - INFO - Beginning optimization with guess, [1.86113841e-01 1.29795070e-01 8.12458747e-06].
2021-10-20 12:43:32,990 - INFO - Finished optimization with guess, [1.86113841e-01 1.29795070e-01 8.12458747e-06].
2021-10-20 12:43:32,991 - INFO - Best fit parameters: [1.86113841e-01 3.41346406e-01 3.60692486e-06].
2021-10-20 12:43:33,069 - INFO - Maximum log composite likelihood: -1167.48961427.
2021-10-20 12:43:33,069 - INFO - Optimal value of theta: 8772.66002871.
2021-10-20 12:43:33,069 - INFO - Beginning optimization with guess, [7.17682469e-02 5.72850317e-02 1.46803572e-05].
2021-10-20 12:43:35,242 - INFO - Finished optimization with guess, [7.17682469e-02 5.72850317e-02 1.46803572e-05].
2021-10-20 12:43:35,242 - INFO - Best fit parameters: [7.17682469e-02 1.59174513e-01 5.64988770e-06].
2021-10-20 12:43:35,320 - INFO - Maximum log composite likelihood: -1167.49054108.
2021-10-20 12:43:35,321 - INFO - Optimal value of theta: 8772.66074261.
2021-10-20 12:43:35,321 - INFO - Beginning optimization with guess, [1.24788223e-01 8.63503474e-02 6.23091633e-06].
2021-10-20 12:43:37,494 - INFO - Finished optimization with guess, [1.24788223e-01 8.63503474e-02 6.23091633e-06].
2021-10-20 12:43:37,494 - INFO - Best fit parameters: [1.24788223e-01 2.24210147e-01 2.64019314e-06].
2021-10-20 12:43:37,572 - INFO - Maximum log composite likelihood: -1167.48964619.
2021-10-20 12:43:37,573 - INFO - Optimal value of theta: 8772.66005329.
2021-10-20 12:43:37,573 - INFO - Beginning optimization with guess, [5.40559250e-02 1.36859615e-01 1.50998614e-05].
2021-10-20 12:43:39,746 - INFO - Finished optimization with guess, [5.40559250e-02 1.36859615e-01 1.50998614e-05].
2021-10-20 12:43:39,747 - INFO - Best fit parameters: [5.40557277e-02 3.64813110e-01 6.69905921e-06].
2021-10-20 12:43:39,825 - INFO - Maximum log composite likelihood: -1167.48974655.
2021-10-20 12:43:39,825 - INFO - Optimal value of theta: 8772.66013058.
2021-10-20 12:43:39,826 - INFO - Beginning optimization with guess, [6.09591265e-02 6.32902787e-02 7.94214329e-06].
2021-10-20 12:43:42,014 - INFO - Finished optimization with guess, [6.09591265e-02 6.32902787e-02 7.94214329e-06].
2021-10-20 12:43:42,014 - INFO - Best fit parameters: [6.09591265e-02 1.65544472e-01 3.25379052e-06].
2021-10-20 12:43:42,092 - INFO - Maximum log composite likelihood: -1167.48984819.
2021-10-20 12:43:42,093 - INFO - Optimal value of theta: 8772.66020885.
2021-10-20 12:43:42,093 - INFO - Beginning optimization with guess, [1.20608794e-01 1.15433749e-01 1.11579426e-05].
2021-10-20 12:43:44,267 - INFO - Finished optimization with guess, [1.20608794e-01 1.15433749e-01 1.11579426e-05].
2021-10-20 12:43:44,267 - INFO - Best fit parameters: [1.20608794e-01 3.04343799e-01 4.84869984e-06].
2021-10-20 12:43:44,345 - INFO - Maximum log composite likelihood: -1167.48971113.
2021-10-20 12:43:44,345 - INFO - Optimal value of theta: 8772.6601033.
2021-10-20 12:43:44,345 - INFO - Beginning optimization with guess, [1.31391809e-01 1.25982340e-01 9.93821532e-06].
2021-10-20 12:43:46,519 - INFO - Finished optimization with guess, [1.31391809e-01 1.25982340e-01 9.93821532e-06].
2021-10-20 12:43:46,520 - INFO - Best fit parameters: [1.31391809e-01 3.31927454e-01 4.38196846e-06].
2021-10-20 12:43:46,598 - INFO - Maximum log composite likelihood: -1167.48965459.
2021-10-20 12:43:46,599 - INFO - Optimal value of theta: 8772.66005975.
2021-10-20 12:43:46,599 - INFO - Beginning optimization with guess, [8.29017984e-02 7.77438235e-02 1.53515494e-05].
2021-10-20 12:43:48,773 - INFO - Finished optimization with guess, [8.29017984e-02 7.77438235e-02 1.53515494e-05].
2021-10-20 12:43:48,773 - INFO - Best fit parameters: [8.29015625e-02 2.10185962e-01 6.21660040e-06].
2021-10-20 12:43:48,851 - INFO - Maximum log composite likelihood: -1167.49019481.
2021-10-20 12:43:48,851 - INFO - Optimal value of theta: 8772.66047585.
2021-10-20 12:43:48,851 - INFO - Beginning optimization with guess, [1.12778874e-01 5.38395366e-02 8.60494567e-06].
2021-10-20 12:43:51,025 - INFO - Finished optimization with guess, [1.12778874e-01 5.38395366e-02 8.60494567e-06].
2021-10-20 12:43:51,025 - INFO - Best fit parameters: [1.12778874e-01 1.42186991e-01 3.45549425e-06].
2021-10-20 12:43:51,103 - INFO - Maximum log composite likelihood: -1167.4900215.
2021-10-20 12:43:51,104 - INFO - Optimal value of theta: 8772.66034233.
2021-10-20 12:43:51,104 - INFO - Beginning optimization with guess, [6.06134110e-02 1.48392687e-01 6.25909233e-06].
2021-10-20 12:43:53,278 - INFO - Finished optimization with guess, [6.06134110e-02 1.48392687e-01 6.25909233e-06].
2021-10-20 12:43:53,278 - INFO - Best fit parameters: [6.06171971e-02 3.91476606e-01 2.84547413e-06].
2021-10-20 12:43:53,356 - INFO - Maximum log composite likelihood: -1167.48957544.
2021-10-20 12:43:53,356 - INFO - Optimal value of theta: 8772.65999881.
2021-10-20 12:43:53,356 - INFO - Beginning optimization with guess, [1.26163461e-01 7.82500740e-02 8.07150038e-06].
2021-10-20 12:43:55,552 - INFO - Finished optimization with guess, [1.26163461e-01 7.82500740e-02 8.07150038e-06].
2021-10-20 12:43:55,552 - INFO - Best fit parameters: [1.26158923e-01 2.04249180e-01 3.37349791e-06].
2021-10-20 12:43:55,630 - INFO - Maximum log composite likelihood: -1167.48974917.
2021-10-20 12:43:55,631 - INFO - Optimal value of theta: 8772.66013259.
2021-10-20 12:43:55,631 - INFO - Beginning optimization with guess, [5.91620773e-02 1.11889359e-01 1.48779934e-05].
2021-10-20 12:43:57,851 - INFO - Finished optimization with guess, [5.91620773e-02 1.11889359e-01 1.48779934e-05].
2021-10-20 12:43:57,851 - INFO - Best fit parameters: [5.91620488e-02 2.97784163e-01 6.38585151e-06].
2021-10-20 12:43:57,932 - INFO - Maximum log composite likelihood: -1167.4898488.
2021-10-20 12:43:57,933 - INFO - Optimal value of theta: 8772.66020933.
2021-10-20 12:43:57,934 - INFO - Beginning optimization with guess, [1.04475846e-01 8.90763123e-02 1.51685547e-05].
2021-10-20 12:44:00,136 - INFO - Finished optimization with guess, [1.04475846e-01 8.90763123e-02 1.51685547e-05].
2021-10-20 12:44:00,138 - INFO - Best fit parameters: [1.04475846e-01 2.38683657e-01 6.28167845e-06].
2021-10-20 12:44:00,216 - INFO - Maximum log composite likelihood: -1167.490041.
2021-10-20 12:44:00,216 - INFO - Optimal value of theta: 8772.66035737.
2021-10-20 12:44:00,216 - INFO - Beginning optimization with guess, [1.21627851e-01 1.20499510e-01 9.86888161e-06].
2021-10-20 12:44:02,415 - INFO - Finished optimization with guess, [1.21627851e-01 1.20499510e-01 9.86888161e-06].
2021-10-20 12:44:02,415 - INFO - Best fit parameters: [1.21631234e-01 3.17129715e-01 4.32381579e-06].
2021-10-20 12:44:02,493 - INFO - Maximum log composite likelihood: -1167.48966446.
2021-10-20 12:44:02,494 - INFO - Optimal value of theta: 8772.66006735.
2021-10-20 12:44:02,494 - INFO - Beginning optimization with guess, [5.14235064e-02 8.74068556e-02 1.29563868e-05].
2021-10-20 12:44:04,736 - INFO - Finished optimization with guess, [5.14235064e-02 8.74068556e-02 1.29563868e-05].
2021-10-20 12:44:04,736 - INFO - Best fit parameters: [5.14232852e-02 2.32072811e-01 5.39670190e-06].
2021-10-20 12:44:04,814 - INFO - Maximum log composite likelihood: -1167.48993562.
2021-10-20 12:44:04,815 - INFO - Optimal value of theta: 8772.66027619.
2021-10-20 12:44:04,815 - INFO - Beginning optimization with guess, [1.39413313e-01 1.30618762e-01 6.31854306e-06].
2021-10-20 12:44:07,043 - INFO - Finished optimization with guess, [1.39413313e-01 1.30618762e-01 6.31854306e-06].
2021-10-20 12:44:07,044 - INFO - Best fit parameters: [1.39413313e-01 3.42787745e-01 2.81355177e-06].
2021-10-20 12:44:07,124 - INFO - Maximum log composite likelihood: -1167.48958679.
2021-10-20 12:44:07,125 - INFO - Optimal value of theta: 8772.66000755.
2021-10-20 12:44:07,125 - INFO - Beginning optimization with guess, [1.29776843e-01 8.30470276e-02 1.24829129e-05].
2021-10-20 12:44:09,325 - INFO - Finished optimization with guess, [1.29776843e-01 8.30470276e-02 1.24829129e-05].
2021-10-20 12:44:09,325 - INFO - Best fit parameters: [1.29776844e-01 2.20374432e-01 5.17319256e-06].
2021-10-20 12:44:09,403 - INFO - Maximum log composite likelihood: -1167.48994911.
2021-10-20 12:44:09,404 - INFO - Optimal value of theta: 8772.66028658.
2021-10-20 12:44:09,404 - INFO - Beginning optimization with guess, [1.25021128e-01 1.35392437e-01 1.94526873e-05].
2021-10-20 12:44:11,605 - INFO - Finished optimization with guess, [1.25021128e-01 1.35392437e-01 1.94526873e-05].
2021-10-20 12:44:11,605 - INFO - Best fit parameters: [1.25020787e-01 3.64542921e-01 8.54650526e-06].
2021-10-20 12:44:11,683 - INFO - Maximum log composite likelihood: -1167.48987363.
2021-10-20 12:44:11,684 - INFO - Optimal value of theta: 8772.66022845.
2021-10-20 12:44:11,686 - INFO - Beginning demographic inference for three-epoch demographic model.
2021-10-20 12:44:11,690 - INFO - Beginning optimization with guess, [8.31183641e-02 1.10744422e-01 1.48798433e-05 7.73500570e-06].
2021-10-20 12:44:14,067 - INFO - Finished optimization with guess, [8.31183641e-02 1.10744422e-01 1.48798433e-05 7.73500570e-06].
2021-10-20 12:44:14,067 - INFO - Best fit parameters: [1.99252010e-01 1.94351742e-01 6.84318076e-06 4.52311798e-06].
2021-10-20 12:44:14,146 - INFO - Maximum log composite likelihood: -1167.49144513.
2021-10-20 12:44:14,146 - INFO - Optimal value of theta: 8772.66143903.
2021-10-20 12:44:14,146 - INFO - Beginning optimization with guess, [1.93977392e-01 5.90612795e-02 1.47552524e-05 7.02684492e-06].
2021-10-20 12:44:16,504 - INFO - Finished optimization with guess, [1.93977392e-01 5.90612795e-02 1.47552524e-05 7.02684492e-06].
2021-10-20 12:44:16,505 - INFO - Best fit parameters: [4.12105071e-01 1.30459054e-01 8.27998651e-06 3.30052433e-06].
2021-10-20 12:44:16,584 - INFO - Maximum log composite likelihood: -1167.49057275.
2021-10-20 12:44:16,584 - INFO - Optimal value of theta: 8772.66076693.
2021-10-20 12:44:16,584 - INFO - Beginning optimization with guess, [1.35163291e-01 1.64705384e-01 5.67132004e-06 6.50262760e-06].
2021-10-20 12:44:18,933 - INFO - Finished optimization with guess, [1.35163291e-01 1.64705384e-01 5.67132004e-06 6.50262760e-06].
2021-10-20 12:44:18,933 - INFO - Best fit parameters: [3.03590613e-01 3.49109987e-01 2.94441347e-06 3.35154491e-06].
2021-10-20 12:44:19,011 - INFO - Maximum log composite likelihood: -1167.48972396.
2021-10-20 12:44:19,012 - INFO - Optimal value of theta: 8772.66011317.
2021-10-20 12:44:19,012 - INFO - Beginning optimization with guess, [7.27068398e-02 1.66091904e-01 1.39472570e-05 1.40475019e-05].
2021-10-20 12:44:21,360 - INFO - Finished optimization with guess, [7.27068398e-02 1.66091904e-01 1.39472570e-05 1.40475019e-05].
2021-10-20 12:44:21,360 - INFO - Best fit parameters: [1.74654391e-01 3.05210208e-01 6.32874932e-06 8.00867024e-06].
2021-10-20 12:44:21,439 - INFO - Maximum log composite likelihood: -1167.49175128.
2021-10-20 12:44:21,439 - INFO - Optimal value of theta: 8772.66167496.
2021-10-20 12:44:21,440 - INFO - Beginning optimization with guess, [1.45381799e-01 1.23533096e-01 1.63892194e-05 1.90069061e-05].
2021-10-20 12:44:23,791 - INFO - Finished optimization with guess, [1.45381799e-01 1.23533096e-01 1.63892194e-05 1.90069061e-05].
2021-10-20 12:44:23,793 - INFO - Best fit parameters: [3.22228898e-01 2.77704079e-01 8.55430518e-06 9.17564517e-06].
2021-10-20 12:44:23,871 - INFO - Maximum log composite likelihood: -1167.49129453.
2021-10-20 12:44:23,872 - INFO - Optimal value of theta: 8772.66132304.
2021-10-20 12:44:23,872 - INFO - Beginning optimization with guess, [1.38150918e-01 5.85853943e-02 1.75478473e-05 1.54640914e-05].
2021-10-20 12:44:26,231 - INFO - Finished optimization with guess, [1.38150918e-01 5.85853943e-02 1.75478473e-05 1.54640914e-05].
2021-10-20 12:44:26,231 - INFO - Best fit parameters: [2.81349394e-01 1.42781240e-01 9.61046649e-06 6.61282038e-06].
2021-10-20 12:44:26,309 - INFO - Maximum log composite likelihood: -1167.49312815.
2021-10-20 12:44:26,310 - INFO - Optimal value of theta: 8772.66273606.
2021-10-20 12:44:26,310 - INFO - Beginning optimization with guess, [1.11875311e-01 1.06695681e-01 1.00231977e-05 7.54817591e-06].
2021-10-20 12:44:28,667 - INFO - Finished optimization with guess, [1.11875311e-01 1.06695681e-01 1.00231977e-05 7.54817591e-06].
2021-10-20 12:44:28,667 - INFO - Best fit parameters: [2.53924346e-01 2.23073546e-01 5.03083173e-06 3.78828033e-06].
2021-10-20 12:44:28,746 - INFO - Maximum log composite likelihood: -1167.49026739.
2021-10-20 12:44:28,746 - INFO - Optimal value of theta: 8772.6605317.
2021-10-20 12:44:28,746 - INFO - Beginning optimization with guess, [8.62660555e-02 6.16819493e-02 1.21719121e-05 9.25504821e-06].
2021-10-20 12:44:31,098 - INFO - Finished optimization with guess, [8.62660555e-02 6.16819493e-02 1.21719121e-05 9.25504821e-06].
2021-10-20 12:44:31,099 - INFO - Best fit parameters: [1.94753890e-01 1.36413635e-01 5.91071509e-06 4.32740617e-06].
2021-10-20 12:44:31,177 - INFO - Maximum log composite likelihood: -1167.49178821.
2021-10-20 12:44:31,177 - INFO - Optimal value of theta: 8772.66170336.
2021-10-20 12:44:31,178 - INFO - Beginning optimization with guess, [5.27619678e-02 6.02841367e-02 1.15966163e-05 1.68434101e-05].
2021-10-20 12:44:33,517 - INFO - Finished optimization with guess, [5.27619678e-02 6.02841367e-02 1.15966163e-05 1.68434101e-05].
2021-10-20 12:44:33,518 - INFO - Best fit parameters: [1.23928114e-01 1.47991961e-01 5.21996367e-06 7.13330247e-06].
2021-10-20 12:44:33,596 - INFO - Maximum log composite likelihood: -1167.49453349.
2021-10-20 12:44:33,596 - INFO - Optimal value of theta: 8772.6638192.
2021-10-20 12:44:33,597 - INFO - Beginning optimization with guess, [8.04639277e-02 1.74259267e-01 7.31782390e-06 5.76685435e-06].
2021-10-20 12:44:35,946 - INFO - Finished optimization with guess, [8.04639277e-02 1.74259267e-01 7.31782390e-06 5.76685435e-06].
2021-10-20 12:44:35,947 - INFO - Best fit parameters: [1.86372692e-01 2.89879588e-01 3.45290482e-06 3.59278708e-06].
2021-10-20 12:44:36,026 - INFO - Maximum log composite likelihood: -1167.49008606.
2021-10-20 12:44:36,026 - INFO - Optimal value of theta: 8772.66039204.
2021-10-20 12:44:36,027 - INFO - Beginning optimization with guess, [1.18064206e-01 5.63544589e-02 1.54567182e-05 1.18069967e-05].
2021-10-20 12:44:38,379 - INFO - Finished optimization with guess, [1.18064206e-01 5.63544589e-02 1.54567182e-05 1.18069967e-05].
2021-10-20 12:44:38,379 - INFO - Best fit parameters: [2.53928572e-01 1.31024296e-01 7.98901197e-06 5.26647488e-06].
2021-10-20 12:44:38,457 - INFO - Maximum log composite likelihood: -1167.49244506.
2021-10-20 12:44:38,458 - INFO - Optimal value of theta: 8772.66220956.
2021-10-20 12:44:38,458 - INFO - Beginning optimization with guess, [1.76243972e-01 1.13134836e-01 5.15950394e-06 1.24549775e-05].
2021-10-20 12:44:40,808 - INFO - Finished optimization with guess, [1.76243972e-01 1.13134836e-01 5.15950394e-06 1.24549775e-05].
2021-10-20 12:44:40,808 - INFO - Best fit parameters: [2.73315072e-01 2.59257009e-01 3.58420931e-06 5.90166362e-06].
2021-10-20 12:44:40,890 - INFO - Maximum log composite likelihood: -1167.49022769.
2021-10-20 12:44:40,891 - INFO - Optimal value of theta: 8772.66050113.
2021-10-20 12:44:40,891 - INFO - Beginning optimization with guess, [7.36456686e-02 1.24646348e-01 6.54331748e-06 6.49044873e-06].
2021-10-20 12:44:43,247 - INFO - Finished optimization with guess, [7.36456686e-02 1.24646348e-01 6.54331748e-06 6.49044873e-06].
2021-10-20 12:44:43,247 - INFO - Best fit parameters: [1.67425675e-01 2.44353566e-01 3.12823793e-06 3.45406526e-06].
2021-10-20 12:44:43,326 - INFO - Maximum log composite likelihood: -1167.49016728.
2021-10-20 12:44:43,326 - INFO - Optimal value of theta: 8772.66045459.
2021-10-20 12:44:43,326 - INFO - Beginning optimization with guess, [1.06995117e-01 1.42592656e-01 1.25209677e-05 1.76448585e-05].
2021-10-20 12:44:45,675 - INFO - Finished optimization with guess, [1.06995117e-01 1.42592656e-01 1.25209677e-05 1.76448585e-05].
2021-10-20 12:44:45,675 - INFO - Best fit parameters: [2.41563314e-01 3.12990326e-01 6.23525540e-06 8.74083120e-06].
2021-10-20 12:44:45,754 - INFO - Maximum log composite likelihood: -1167.49103829.
2021-10-20 12:44:45,754 - INFO - Optimal value of theta: 8772.66112559.
2021-10-20 12:44:45,755 - INFO - Beginning optimization with guess, [9.19547923e-02 8.50939177e-02 7.02666516e-06 6.71548245e-06].
2021-10-20 12:44:48,109 - INFO - Finished optimization with guess, [9.19547923e-02 8.50939177e-02 7.02666516e-06 6.71548245e-06].
2021-10-20 12:44:48,110 - INFO - Best fit parameters: [2.02946026e-01 1.82773255e-01 3.50539792e-06 3.27054476e-06].
2021-10-20 12:44:48,188 - INFO - Maximum log composite likelihood: -1167.49024654.
2021-10-20 12:44:48,189 - INFO - Optimal value of theta: 8772.66051564.
2021-10-20 12:44:48,189 - INFO - Beginning optimization with guess, [1.13017307e-01 1.12648277e-01 5.47755968e-06 7.64763126e-06].
2021-10-20 12:44:50,538 - INFO - Finished optimization with guess, [1.13017307e-01 1.12648277e-01 5.47755968e-06 7.64763126e-06].
2021-10-20 12:44:50,539 - INFO - Best fit parameters: [2.40809047e-01 2.46260564e-01 2.84920224e-06 3.75311372e-06].
2021-10-20 12:44:50,617 - INFO - Maximum log composite likelihood: -1167.48993836.
2021-10-20 12:44:50,618 - INFO - Optimal value of theta: 8772.66027828.
2021-10-20 12:44:50,618 - INFO - Beginning optimization with guess, [5.18946578e-02 6.62450445e-02 1.93295575e-05 1.41611114e-05].
2021-10-20 12:44:52,966 - INFO - Finished optimization with guess, [5.18946578e-02 6.62450445e-02 1.93295575e-05 1.41611114e-05].
2021-10-20 12:44:52,966 - INFO - Best fit parameters: [1.44320425e-01 1.48258106e-01 7.47970152e-06 6.51521025e-06].
2021-10-20 12:44:53,045 - INFO - Maximum log composite likelihood: -1167.49507644.
2021-10-20 12:44:53,045 - INFO - Optimal value of theta: 8772.6642378.
2021-10-20 12:44:53,046 - INFO - Beginning optimization with guess, [1.84799317e-01 8.89331757e-02 1.39001895e-05 7.33619574e-06].
2021-10-20 12:44:55,400 - INFO - Finished optimization with guess, [1.84799317e-01 8.89331757e-02 1.39001895e-05 7.33619574e-06].
2021-10-20 12:44:55,401 - INFO - Best fit parameters: [4.18947112e-01 1.90659594e-01 7.55360697e-06 3.60082131e-06].
2021-10-20 12:44:55,479 - INFO - Maximum log composite likelihood: -1167.49018034.
2021-10-20 12:44:55,479 - INFO - Optimal value of theta: 8772.66046466.
2021-10-20 12:44:55,480 - INFO - Beginning optimization with guess, [1.10158727e-01 1.32626870e-01 5.62668467e-06 9.57671680e-06].
2021-10-20 12:44:57,832 - INFO - Finished optimization with guess, [1.10158727e-01 1.32626870e-01 5.62668467e-06 9.57671680e-06].
2021-10-20 12:44:57,833 - INFO - Best fit parameters: [2.34826956e-01 2.91223769e-01 2.91798993e-06 4.74867095e-06].
2021-10-20 12:44:57,912 - INFO - Maximum log composite likelihood: -1167.48997923.
2021-10-20 12:44:57,912 - INFO - Optimal value of theta: 8772.66030976.
2021-10-20 12:44:57,912 - INFO - Beginning optimization with guess, [6.20466457e-02 1.15558714e-01 1.97244778e-05 9.46025483e-06].
2021-10-20 12:45:00,260 - INFO - Finished optimization with guess, [6.20466457e-02 1.15558714e-01 1.97244778e-05 9.46025483e-06].
2021-10-20 12:45:00,260 - INFO - Best fit parameters: [1.63260427e-01 1.86263147e-01 8.10043327e-06 5.98764464e-06].
2021-10-20 12:45:00,339 - INFO - Maximum log composite likelihood: -1167.49352323.
2021-10-20 12:45:00,339 - INFO - Optimal value of theta: 8772.66304057.
2021-10-20 12:45:00,340 - INFO - Beginning optimization with guess, [1.94189296e-01 6.32661772e-02 1.34778859e-05 1.53412762e-05].
2021-10-20 12:45:02,689 - INFO - Finished optimization with guess, [1.94189296e-01 6.32661772e-02 1.34778859e-05 1.53412762e-05].
2021-10-20 12:45:02,690 - INFO - Best fit parameters: [3.21776278e-01 1.53018693e-01 8.96805939e-06 6.64458711e-06].
2021-10-20 12:45:02,768 - INFO - Maximum log composite likelihood: -1167.49231222.
2021-10-20 12:45:02,769 - INFO - Optimal value of theta: 8772.66210724.
2021-10-20 12:45:02,769 - INFO - Beginning optimization with guess, [6.37896020e-02 5.86019001e-02 1.74260616e-05 5.90718292e-06].
2021-10-20 12:45:05,117 - INFO - Finished optimization with guess, [6.37896020e-02 5.86019001e-02 1.74260616e-05 5.90718292e-06].
2021-10-20 12:45:05,117 - INFO - Best fit parameters: [1.61598095e-01 1.05624830e-01 7.44306025e-06 3.32271535e-06].
2021-10-20 12:45:05,196 - INFO - Maximum log composite likelihood: -1167.49318879.
2021-10-20 12:45:05,196 - INFO - Optimal value of theta: 8772.66278272.
2021-10-20 12:45:05,197 - INFO - Beginning optimization with guess, [9.97382878e-02 1.99505712e-01 9.79964003e-06 1.62740793e-05].
2021-10-20 12:45:07,564 - INFO - Finished optimization with guess, [9.97382878e-02 1.99505712e-01 9.79964003e-06 1.62740793e-05].
2021-10-20 12:45:07,565 - INFO - Best fit parameters: [2.26494443e-01 4.23127791e-01 4.84483326e-06 8.48880897e-06].
2021-10-20 12:45:07,643 - INFO - Maximum log composite likelihood: -1167.49040871.
2021-10-20 12:45:07,644 - INFO - Optimal value of theta: 8772.66064057.
2021-10-20 12:45:07,644 - INFO - Beginning optimization with guess, [5.29339315e-02 1.50200202e-01 1.78453622e-05 6.44924524e-06].
2021-10-20 12:45:10,023 - INFO - Finished optimization with guess, [5.29339315e-02 1.50200202e-01 1.78453622e-05 6.44924524e-06].
2021-10-20 12:45:10,024 - INFO - Best fit parameters: [1.38485846e-01 1.94072095e-01 7.24404808e-06 5.03985034e-06].
2021-10-20 12:45:10,102 - INFO - Maximum log composite likelihood: -1167.49336889.
2021-10-20 12:45:10,103 - INFO - Optimal value of theta: 8772.66292164.
2021-10-20 12:45:10,103 - INFO - Beginning optimization with guess, [1.05256151e-01 7.43757039e-02 1.56943245e-05 5.17108116e-06].
2021-10-20 12:45:12,472 - INFO - Finished optimization with guess, [1.05256151e-01 7.43757039e-02 1.56943245e-05 5.17108116e-06].
2021-10-20 12:45:12,472 - INFO - Best fit parameters: [2.49594042e-01 1.37710642e-01 7.51001067e-06 2.84999323e-06].
2021-10-20 12:45:12,550 - INFO - Maximum log composite likelihood: -1167.49097066.
2021-10-20 12:45:12,551 - INFO - Optimal value of theta: 8772.66107347.
2021-10-20 12:45:12,553 - INFO - Finished demographic inference.
2021-10-20 12:45:12,553 - INFO - Pipeline executed succesfully.
