2023-02-17 16:19:55,011 - INFO - Beginning execution of fit_one_epoch.py in directory /u/project/ngarud/jonmah/demo_for_ccgb/Scripts

2023-02-17 16:19:55,012 - INFO - Progress is being logged to ../Analysis/Bacteroides_ovatus_58035_downsampled_10/log.log

2023-02-17 16:19:55,012 - INFO - Parsed the following arguments:
	syn_input_sfs = ../Analysis/Bacteroides_ovatus_58035_downsampled_10/empirical_sfs.txt
	mask_singletons = False
	mask_doubletons = False
	outprefix = ../Analysis/Bacteroides_ovatus_58035_downsampled_10/

2023-02-17 16:19:55,021 - INFO - Beginning demographic inference for one-epoch demographic model.
2023-02-17 16:19:55,023 - INFO - Beginning optimization with guess, [0.1247061].
2023-02-17 16:19:55,091 - INFO - Finished optimization with guess, [0.1247061].
2023-02-17 16:19:55,091 - INFO - Best fit parameters: [0.1247061].
2023-02-17 16:19:55,125 - INFO - Maximum log composite likelihood: -34.6241364497273.
2023-02-17 16:19:55,126 - INFO - Optimal value of theta: 2517.8190196864693.
2023-02-17 16:19:55,126 - INFO - Beginning optimization with guess, [0.37671463].
2023-02-17 16:19:55,201 - INFO - Finished optimization with guess, [0.37671463].
2023-02-17 16:19:55,202 - INFO - Best fit parameters: [0.37671463].
2023-02-17 16:19:55,233 - INFO - Maximum log composite likelihood: -34.6241364497273.
2023-02-17 16:19:55,234 - INFO - Optimal value of theta: 2517.8190196864693.
2023-02-17 16:19:55,234 - INFO - Beginning optimization with guess, [0.205996].
2023-02-17 16:19:55,300 - INFO - Finished optimization with guess, [0.205996].
2023-02-17 16:19:55,300 - INFO - Best fit parameters: [0.205996].
2023-02-17 16:19:55,332 - INFO - Maximum log composite likelihood: -34.6241364497273.
2023-02-17 16:19:55,332 - INFO - Optimal value of theta: 2517.8190196864693.
2023-02-17 16:19:55,333 - INFO - Beginning optimization with guess, [0.34405962].
2023-02-17 16:19:55,408 - INFO - Finished optimization with guess, [0.34405962].
2023-02-17 16:19:55,409 - INFO - Best fit parameters: [0.34405962].
2023-02-17 16:19:55,442 - INFO - Maximum log composite likelihood: -34.6241364497273.
2023-02-17 16:19:55,443 - INFO - Optimal value of theta: 2517.8190196864693.
2023-02-17 16:19:55,443 - INFO - Beginning optimization with guess, [0.4463539].
2023-02-17 16:19:55,507 - INFO - Finished optimization with guess, [0.4463539].
2023-02-17 16:19:55,507 - INFO - Best fit parameters: [0.4463539].
2023-02-17 16:19:55,540 - INFO - Maximum log composite likelihood: -34.6241364497273.
2023-02-17 16:19:55,541 - INFO - Optimal value of theta: 2517.8190196864693.
2023-02-17 16:19:55,541 - INFO - Beginning optimization with guess, [0.31012499].
2023-02-17 16:19:55,605 - INFO - Finished optimization with guess, [0.31012499].
2023-02-17 16:19:55,606 - INFO - Best fit parameters: [0.31012499].
2023-02-17 16:19:55,636 - INFO - Maximum log composite likelihood: -34.6241364497273.
2023-02-17 16:19:55,636 - INFO - Optimal value of theta: 2517.8190196864693.
2023-02-17 16:19:55,637 - INFO - Beginning optimization with guess, [1.29559429].
2023-02-17 16:19:55,701 - INFO - Finished optimization with guess, [1.29559429].
2023-02-17 16:19:55,702 - INFO - Best fit parameters: [1.29559429].
2023-02-17 16:19:55,732 - INFO - Maximum log composite likelihood: -34.6241364497273.
2023-02-17 16:19:55,733 - INFO - Optimal value of theta: 2517.8190196864693.
2023-02-17 16:19:55,733 - INFO - Beginning optimization with guess, [0.78658482].
2023-02-17 16:19:55,811 - INFO - Finished optimization with guess, [0.78658482].
2023-02-17 16:19:55,811 - INFO - Best fit parameters: [0.78658482].
2023-02-17 16:19:55,846 - INFO - Maximum log composite likelihood: -34.6241364497273.
2023-02-17 16:19:55,846 - INFO - Optimal value of theta: 2517.8190196864693.
2023-02-17 16:19:55,847 - INFO - Beginning optimization with guess, [0.82998713].
2023-02-17 16:19:55,910 - INFO - Finished optimization with guess, [0.82998713].
2023-02-17 16:19:55,910 - INFO - Best fit parameters: [0.82998713].
2023-02-17 16:19:55,941 - INFO - Maximum log composite likelihood: -34.6241364497273.
2023-02-17 16:19:55,941 - INFO - Optimal value of theta: 2517.8190196864693.
2023-02-17 16:19:55,942 - INFO - Beginning optimization with guess, [1.21362637].
2023-02-17 16:19:56,004 - INFO - Finished optimization with guess, [1.21362637].
2023-02-17 16:19:56,005 - INFO - Best fit parameters: [1.21362637].
2023-02-17 16:19:56,035 - INFO - Maximum log composite likelihood: -34.6241364497273.
2023-02-17 16:19:56,035 - INFO - Optimal value of theta: 2517.8190196864693.
2023-02-17 16:19:56,036 - INFO - Beginning optimization with guess, [1.27925231].
2023-02-17 16:19:56,096 - INFO - Finished optimization with guess, [1.27925231].
2023-02-17 16:19:56,097 - INFO - Best fit parameters: [1.27925231].
2023-02-17 16:19:56,126 - INFO - Maximum log composite likelihood: -34.6241364497273.
2023-02-17 16:19:56,127 - INFO - Optimal value of theta: 2517.8190196864693.
2023-02-17 16:19:56,128 - INFO - Beginning optimization with guess, [2.68481012].
2023-02-17 16:19:56,189 - INFO - Finished optimization with guess, [2.68481012].
2023-02-17 16:19:56,189 - INFO - Best fit parameters: [2.68481012].
2023-02-17 16:19:56,219 - INFO - Maximum log composite likelihood: -34.6241364497273.
2023-02-17 16:19:56,219 - INFO - Optimal value of theta: 2517.8190196864693.
2023-02-17 16:19:56,220 - INFO - Beginning optimization with guess, [1.42900837].
2023-02-17 16:19:56,281 - INFO - Finished optimization with guess, [1.42900837].
2023-02-17 16:19:56,281 - INFO - Best fit parameters: [1.42900837].
2023-02-17 16:19:56,311 - INFO - Maximum log composite likelihood: -34.6241364497273.
2023-02-17 16:19:56,311 - INFO - Optimal value of theta: 2517.8190196864693.
2023-02-17 16:19:56,312 - INFO - Beginning optimization with guess, [3.8233335].
2023-02-17 16:19:56,373 - INFO - Finished optimization with guess, [3.8233335].
2023-02-17 16:19:56,374 - INFO - Best fit parameters: [3.8233335].
2023-02-17 16:19:56,405 - INFO - Maximum log composite likelihood: -34.6241364497273.
2023-02-17 16:19:56,405 - INFO - Optimal value of theta: 2517.8190196864693.
2023-02-17 16:19:56,406 - INFO - Beginning optimization with guess, [1.79431914].
2023-02-17 16:19:56,478 - INFO - Finished optimization with guess, [1.79431914].
2023-02-17 16:19:56,478 - INFO - Best fit parameters: [1.79431914].
2023-02-17 16:19:56,509 - INFO - Maximum log composite likelihood: -34.6241364497273.
2023-02-17 16:19:56,509 - INFO - Optimal value of theta: 2517.8190196864693.
2023-02-17 16:19:56,510 - INFO - Beginning optimization with guess, [2.01130779].
2023-02-17 16:19:56,572 - INFO - Finished optimization with guess, [2.01130779].
2023-02-17 16:19:56,572 - INFO - Best fit parameters: [2.01130779].
2023-02-17 16:19:56,603 - INFO - Maximum log composite likelihood: -34.6241364497273.
2023-02-17 16:19:56,603 - INFO - Optimal value of theta: 2517.8190196864693.
2023-02-17 16:19:56,604 - INFO - Beginning optimization with guess, [3.12758523].
2023-02-17 16:19:56,666 - INFO - Finished optimization with guess, [3.12758523].
2023-02-17 16:19:56,666 - INFO - Best fit parameters: [3.12758523].
2023-02-17 16:19:56,697 - INFO - Maximum log composite likelihood: -34.6241364497273.
2023-02-17 16:19:56,697 - INFO - Optimal value of theta: 2517.8190196864693.
2023-02-17 16:19:56,697 - INFO - Beginning optimization with guess, [2.30455476].
2023-02-17 16:19:56,760 - INFO - Finished optimization with guess, [2.30455476].
2023-02-17 16:19:56,760 - INFO - Best fit parameters: [2.30455476].
2023-02-17 16:19:56,790 - INFO - Maximum log composite likelihood: -34.6241364497273.
2023-02-17 16:19:56,791 - INFO - Optimal value of theta: 2517.8190196864693.
2023-02-17 16:19:56,791 - INFO - Beginning optimization with guess, [2.81440525].
2023-02-17 16:19:56,853 - INFO - Finished optimization with guess, [2.81440525].
2023-02-17 16:19:56,854 - INFO - Best fit parameters: [2.81440525].
2023-02-17 16:19:56,884 - INFO - Maximum log composite likelihood: -34.6241364497273.
2023-02-17 16:19:56,885 - INFO - Optimal value of theta: 2517.8190196864693.
2023-02-17 16:19:56,885 - INFO - Beginning optimization with guess, [2.79477917].
2023-02-17 16:19:56,947 - INFO - Finished optimization with guess, [2.79477917].
2023-02-17 16:19:56,948 - INFO - Best fit parameters: [2.79477917].
2023-02-17 16:19:56,978 - INFO - Maximum log composite likelihood: -34.6241364497273.
2023-02-17 16:19:56,979 - INFO - Optimal value of theta: 2517.8190196864693.
2023-02-17 16:19:56,979 - INFO - Beginning optimization with guess, [6.00830127].
2023-02-17 16:19:57,050 - INFO - Finished optimization with guess, [6.00830127].
2023-02-17 16:19:57,050 - INFO - Best fit parameters: [6.00830127].
2023-02-17 16:19:57,081 - INFO - Maximum log composite likelihood: -34.6241364497273.
2023-02-17 16:19:57,081 - INFO - Optimal value of theta: 2517.8190196864693.
2023-02-17 16:19:57,082 - INFO - Beginning optimization with guess, [2.54085466].
2023-02-17 16:19:57,143 - INFO - Finished optimization with guess, [2.54085466].
2023-02-17 16:19:57,144 - INFO - Best fit parameters: [2.54085466].
2023-02-17 16:19:57,175 - INFO - Maximum log composite likelihood: -34.6241364497273.
2023-02-17 16:19:57,176 - INFO - Optimal value of theta: 2517.8190196864693.
2023-02-17 16:19:57,176 - INFO - Beginning optimization with guess, [3.02763814].
2023-02-17 16:19:57,240 - INFO - Finished optimization with guess, [3.02763814].
2023-02-17 16:19:57,240 - INFO - Best fit parameters: [3.02763814].
2023-02-17 16:19:57,274 - INFO - Maximum log composite likelihood: -34.6241364497273.
2023-02-17 16:19:57,275 - INFO - Optimal value of theta: 2517.8190196864693.
2023-02-17 16:19:57,276 - INFO - Beginning optimization with guess, [9.3897902].
2023-02-17 16:19:57,340 - INFO - Finished optimization with guess, [9.3897902].
2023-02-17 16:19:57,340 - INFO - Best fit parameters: [9.3897902].
2023-02-17 16:19:57,371 - INFO - Maximum log composite likelihood: -34.6241364497273.
2023-02-17 16:19:57,372 - INFO - Optimal value of theta: 2517.8190196864693.
2023-02-17 16:19:57,372 - INFO - Beginning optimization with guess, [15.32978894].
2023-02-17 16:19:57,437 - INFO - Finished optimization with guess, [15.32978894].
2023-02-17 16:19:57,437 - INFO - Best fit parameters: [15.32978894].
2023-02-17 16:19:57,469 - INFO - Maximum log composite likelihood: -34.6241364497273.
2023-02-17 16:19:57,469 - INFO - Optimal value of theta: 2517.8190196864693.
2023-02-17 16:19:57,472 - INFO - Finished demographic inference.
2023-02-17 16:19:57,472 - INFO - Pipeline executed succesfully.
