2022-11-02 15:30:31,290 - INFO - Beginning execution of fit_one_epoch.py in directory /u/project/ngarud/jonmah/demo_for_ccgb/Scripts

2022-11-02 15:30:31,290 - INFO - Progress is being logged to ../Analysis/Granulicatella_adiacens_61980_oral/unmasked/log.log

2022-11-02 15:30:31,290 - INFO - Parsed the following arguments:
	syn_input_sfs = ../Data/oral_microbiome_sfs/Granulicatella_adiacens_61980_sfs/folded_sfs_10.txt
	mask_singletons = False
	mask_doubletons = False
	outprefix = ../Analysis/Granulicatella_adiacens_61980_oral/unmasked/

2022-11-02 15:30:31,307 - INFO - Beginning demographic inference for one-epoch demographic model.
2022-11-02 15:30:31,320 - INFO - Beginning optimization with guess, [0.12589969].
2022-11-02 15:30:31,349 - INFO - Finished optimization with guess, [0.12589969].
2022-11-02 15:30:31,350 - INFO - Best fit parameters: [0.12589969].
2022-11-02 15:30:31,364 - INFO - Maximum log composite likelihood: -8722.763247908966.
2022-11-02 15:30:31,364 - INFO - Optimal value of theta: 57843.95065063501.
2022-11-02 15:30:31,364 - INFO - Beginning optimization with guess, [0.11886384].
2022-11-02 15:30:31,392 - INFO - Finished optimization with guess, [0.11886384].
2022-11-02 15:30:31,393 - INFO - Best fit parameters: [0.11886384].
2022-11-02 15:30:31,407 - INFO - Maximum log composite likelihood: -8722.763247908966.
2022-11-02 15:30:31,408 - INFO - Optimal value of theta: 57843.95065063501.
2022-11-02 15:30:31,408 - INFO - Beginning optimization with guess, [0.43400515].
2022-11-02 15:30:31,438 - INFO - Finished optimization with guess, [0.43400515].
2022-11-02 15:30:31,438 - INFO - Best fit parameters: [0.43400515].
2022-11-02 15:30:31,453 - INFO - Maximum log composite likelihood: -8722.763247908966.
2022-11-02 15:30:31,454 - INFO - Optimal value of theta: 57843.95065063501.
2022-11-02 15:30:31,454 - INFO - Beginning optimization with guess, [0.50159992].
2022-11-02 15:30:31,483 - INFO - Finished optimization with guess, [0.50159992].
2022-11-02 15:30:31,484 - INFO - Best fit parameters: [0.50159992].
2022-11-02 15:30:31,498 - INFO - Maximum log composite likelihood: -8722.763247908966.
2022-11-02 15:30:31,499 - INFO - Optimal value of theta: 57843.95065063501.
2022-11-02 15:30:31,499 - INFO - Beginning optimization with guess, [0.89443667].
2022-11-02 15:30:31,529 - INFO - Finished optimization with guess, [0.89443667].
2022-11-02 15:30:31,530 - INFO - Best fit parameters: [0.89443667].
2022-11-02 15:30:31,544 - INFO - Maximum log composite likelihood: -8722.763247908966.
2022-11-02 15:30:31,544 - INFO - Optimal value of theta: 57843.95065063501.
2022-11-02 15:30:31,545 - INFO - Beginning optimization with guess, [0.6908067].
2022-11-02 15:30:31,573 - INFO - Finished optimization with guess, [0.6908067].
2022-11-02 15:30:31,573 - INFO - Best fit parameters: [0.6908067].
2022-11-02 15:30:31,587 - INFO - Maximum log composite likelihood: -8722.763247908966.
2022-11-02 15:30:31,588 - INFO - Optimal value of theta: 57843.95065063501.
2022-11-02 15:30:31,588 - INFO - Beginning optimization with guess, [0.83957428].
2022-11-02 15:30:31,617 - INFO - Finished optimization with guess, [0.83957428].
2022-11-02 15:30:31,617 - INFO - Best fit parameters: [0.83957428].
2022-11-02 15:30:31,631 - INFO - Maximum log composite likelihood: -8722.763247908966.
2022-11-02 15:30:31,631 - INFO - Optimal value of theta: 57843.95065063501.
2022-11-02 15:30:31,631 - INFO - Beginning optimization with guess, [0.46108248].
2022-11-02 15:30:31,661 - INFO - Finished optimization with guess, [0.46108248].
2022-11-02 15:30:31,661 - INFO - Best fit parameters: [0.46108248].
2022-11-02 15:30:31,675 - INFO - Maximum log composite likelihood: -8722.763247908966.
2022-11-02 15:30:31,676 - INFO - Optimal value of theta: 57843.95065063501.
2022-11-02 15:30:31,676 - INFO - Beginning optimization with guess, [1.69309554].
2022-11-02 15:30:31,706 - INFO - Finished optimization with guess, [1.69309554].
2022-11-02 15:30:31,707 - INFO - Best fit parameters: [1.69309554].
2022-11-02 15:30:31,721 - INFO - Maximum log composite likelihood: -8722.763247908966.
2022-11-02 15:30:31,722 - INFO - Optimal value of theta: 57843.95065063501.
2022-11-02 15:30:31,722 - INFO - Beginning optimization with guess, [1.50575181].
2022-11-02 15:30:31,752 - INFO - Finished optimization with guess, [1.50575181].
2022-11-02 15:30:31,752 - INFO - Best fit parameters: [1.50575181].
2022-11-02 15:30:31,767 - INFO - Maximum log composite likelihood: -8722.763247908966.
2022-11-02 15:30:31,767 - INFO - Optimal value of theta: 57843.95065063501.
2022-11-02 15:30:31,767 - INFO - Beginning optimization with guess, [2.31203282].
2022-11-02 15:30:31,794 - INFO - Finished optimization with guess, [2.31203282].
2022-11-02 15:30:31,794 - INFO - Best fit parameters: [2.31203282].
2022-11-02 15:30:31,806 - INFO - Maximum log composite likelihood: -8722.763247908966.
2022-11-02 15:30:31,807 - INFO - Optimal value of theta: 57843.95065063501.
2022-11-02 15:30:31,807 - INFO - Beginning optimization with guess, [1.49711384].
2022-11-02 15:30:31,832 - INFO - Finished optimization with guess, [1.49711384].
2022-11-02 15:30:31,833 - INFO - Best fit parameters: [1.49711384].
2022-11-02 15:30:31,845 - INFO - Maximum log composite likelihood: -8722.763247908966.
2022-11-02 15:30:31,846 - INFO - Optimal value of theta: 57843.95065063501.
2022-11-02 15:30:31,846 - INFO - Beginning optimization with guess, [1.10708728].
2022-11-02 15:30:31,871 - INFO - Finished optimization with guess, [1.10708728].
2022-11-02 15:30:31,871 - INFO - Best fit parameters: [1.10708728].
2022-11-02 15:30:31,884 - INFO - Maximum log composite likelihood: -8722.763247908966.
2022-11-02 15:30:31,884 - INFO - Optimal value of theta: 57843.95065063501.
2022-11-02 15:30:31,884 - INFO - Beginning optimization with guess, [1.67231127].
2022-11-02 15:30:31,910 - INFO - Finished optimization with guess, [1.67231127].
2022-11-02 15:30:31,910 - INFO - Best fit parameters: [1.67231127].
2022-11-02 15:30:31,923 - INFO - Maximum log composite likelihood: -8722.763247908966.
2022-11-02 15:30:31,923 - INFO - Optimal value of theta: 57843.95065063501.
2022-11-02 15:30:31,923 - INFO - Beginning optimization with guess, [4.16641008].
2022-11-02 15:30:31,952 - INFO - Finished optimization with guess, [4.16641008].
2022-11-02 15:30:31,952 - INFO - Best fit parameters: [4.16641008].
2022-11-02 15:30:31,965 - INFO - Maximum log composite likelihood: -8722.763247908966.
2022-11-02 15:30:31,965 - INFO - Optimal value of theta: 57843.95065063501.
2022-11-02 15:30:31,966 - INFO - Beginning optimization with guess, [3.02938748].
2022-11-02 15:30:31,991 - INFO - Finished optimization with guess, [3.02938748].
2022-11-02 15:30:31,991 - INFO - Best fit parameters: [3.02938748].
2022-11-02 15:30:32,004 - INFO - Maximum log composite likelihood: -8722.763247908966.
2022-11-02 15:30:32,004 - INFO - Optimal value of theta: 57843.95065063501.
2022-11-02 15:30:32,004 - INFO - Beginning optimization with guess, [2.97925993].
2022-11-02 15:30:32,030 - INFO - Finished optimization with guess, [2.97925993].
2022-11-02 15:30:32,030 - INFO - Best fit parameters: [2.97925993].
2022-11-02 15:30:32,042 - INFO - Maximum log composite likelihood: -8722.763247908966.
2022-11-02 15:30:32,043 - INFO - Optimal value of theta: 57843.95065063501.
2022-11-02 15:30:32,043 - INFO - Beginning optimization with guess, [1.86036318].
2022-11-02 15:30:32,068 - INFO - Finished optimization with guess, [1.86036318].
2022-11-02 15:30:32,068 - INFO - Best fit parameters: [1.86036318].
2022-11-02 15:30:32,081 - INFO - Maximum log composite likelihood: -8722.763247908966.
2022-11-02 15:30:32,081 - INFO - Optimal value of theta: 57843.95065063501.
2022-11-02 15:30:32,082 - INFO - Beginning optimization with guess, [5.0335672].
2022-11-02 15:30:32,107 - INFO - Finished optimization with guess, [5.0335672].
2022-11-02 15:30:32,107 - INFO - Best fit parameters: [5.0335672].
2022-11-02 15:30:32,120 - INFO - Maximum log composite likelihood: -8722.763247908966.
2022-11-02 15:30:32,120 - INFO - Optimal value of theta: 57843.95065063501.
2022-11-02 15:30:32,120 - INFO - Beginning optimization with guess, [3.33526823].
2022-11-02 15:30:32,146 - INFO - Finished optimization with guess, [3.33526823].
2022-11-02 15:30:32,146 - INFO - Best fit parameters: [3.33526823].
2022-11-02 15:30:32,158 - INFO - Maximum log composite likelihood: -8722.763247908966.
2022-11-02 15:30:32,159 - INFO - Optimal value of theta: 57843.95065063501.
2022-11-02 15:30:32,159 - INFO - Beginning optimization with guess, [4.60016857].
2022-11-02 15:30:32,184 - INFO - Finished optimization with guess, [4.60016857].
2022-11-02 15:30:32,185 - INFO - Best fit parameters: [4.60016857].
2022-11-02 15:30:32,197 - INFO - Maximum log composite likelihood: -8722.763247908966.
2022-11-02 15:30:32,198 - INFO - Optimal value of theta: 57843.95065063501.
2022-11-02 15:30:32,198 - INFO - Beginning optimization with guess, [6.99747469].
2022-11-02 15:30:32,223 - INFO - Finished optimization with guess, [6.99747469].
2022-11-02 15:30:32,223 - INFO - Best fit parameters: [6.99747469].
2022-11-02 15:30:32,236 - INFO - Maximum log composite likelihood: -8722.763247908966.
2022-11-02 15:30:32,236 - INFO - Optimal value of theta: 57843.95065063501.
2022-11-02 15:30:32,236 - INFO - Beginning optimization with guess, [8.10764611].
2022-11-02 15:30:32,262 - INFO - Finished optimization with guess, [8.10764611].
2022-11-02 15:30:32,262 - INFO - Best fit parameters: [8.10764611].
2022-11-02 15:30:32,274 - INFO - Maximum log composite likelihood: -8722.763247908966.
2022-11-02 15:30:32,275 - INFO - Optimal value of theta: 57843.95065063501.
2022-11-02 15:30:32,275 - INFO - Beginning optimization with guess, [10.6681978].
2022-11-02 15:30:32,300 - INFO - Finished optimization with guess, [10.6681978].
2022-11-02 15:30:32,300 - INFO - Best fit parameters: [10.6681978].
2022-11-02 15:30:32,313 - INFO - Maximum log composite likelihood: -8722.763247908966.
2022-11-02 15:30:32,313 - INFO - Optimal value of theta: 57843.95065063501.
2022-11-02 15:30:32,313 - INFO - Beginning optimization with guess, [4.78404614].
2022-11-02 15:30:32,339 - INFO - Finished optimization with guess, [4.78404614].
2022-11-02 15:30:32,339 - INFO - Best fit parameters: [4.78404614].
2022-11-02 15:30:32,352 - INFO - Maximum log composite likelihood: -8722.763247908966.
2022-11-02 15:30:32,352 - INFO - Optimal value of theta: 57843.95065063501.
2022-11-02 15:30:32,354 - INFO - Finished demographic inference.
2022-11-02 15:30:32,354 - INFO - Pipeline executed succesfully.
