2023-02-17 16:16:50,712 - INFO - Beginning execution of fit_one_epoch.py in directory /u/project/ngarud/jonmah/demo_for_ccgb/Scripts

2023-02-17 16:16:50,713 - INFO - Progress is being logged to ../Analysis/Oscillibacter_sp_60799_downsampled_16/log.log

2023-02-17 16:16:50,713 - INFO - Parsed the following arguments:
	syn_input_sfs = ../Analysis/Oscillibacter_sp_60799_downsampled_16/empirical_sfs.txt
	mask_singletons = False
	mask_doubletons = False
	outprefix = ../Analysis/Oscillibacter_sp_60799_downsampled_16/

2023-02-17 16:16:50,722 - INFO - Beginning demographic inference for one-epoch demographic model.
2023-02-17 16:16:50,724 - INFO - Beginning optimization with guess, [0.11506003].
2023-02-17 16:16:50,831 - INFO - Finished optimization with guess, [0.11506003].
2023-02-17 16:16:50,832 - INFO - Best fit parameters: [0.11506003].
2023-02-17 16:16:50,884 - INFO - Maximum log composite likelihood: -313.25361229792315.
2023-02-17 16:16:50,885 - INFO - Optimal value of theta: 5356.116443926402.
2023-02-17 16:16:50,885 - INFO - Beginning optimization with guess, [0.16821921].
2023-02-17 16:16:50,990 - INFO - Finished optimization with guess, [0.16821921].
2023-02-17 16:16:50,990 - INFO - Best fit parameters: [0.16821921].
2023-02-17 16:16:51,041 - INFO - Maximum log composite likelihood: -313.25361229792315.
2023-02-17 16:16:51,042 - INFO - Optimal value of theta: 5356.116443926402.
2023-02-17 16:16:51,042 - INFO - Beginning optimization with guess, [0.59595116].
2023-02-17 16:16:51,146 - INFO - Finished optimization with guess, [0.59595116].
2023-02-17 16:16:51,147 - INFO - Best fit parameters: [0.59595116].
2023-02-17 16:16:51,200 - INFO - Maximum log composite likelihood: -313.25361229792315.
2023-02-17 16:16:51,201 - INFO - Optimal value of theta: 5356.116443926402.
2023-02-17 16:16:51,201 - INFO - Beginning optimization with guess, [0.53171731].
2023-02-17 16:16:51,309 - INFO - Finished optimization with guess, [0.53171731].
2023-02-17 16:16:51,310 - INFO - Best fit parameters: [0.53171731].
2023-02-17 16:16:51,361 - INFO - Maximum log composite likelihood: -313.25361229792315.
2023-02-17 16:16:51,362 - INFO - Optimal value of theta: 5356.116443926402.
2023-02-17 16:16:51,362 - INFO - Beginning optimization with guess, [0.90758158].
2023-02-17 16:16:51,467 - INFO - Finished optimization with guess, [0.90758158].
2023-02-17 16:16:51,468 - INFO - Best fit parameters: [0.90758158].
2023-02-17 16:16:51,519 - INFO - Maximum log composite likelihood: -313.25361229792315.
2023-02-17 16:16:51,520 - INFO - Optimal value of theta: 5356.116443926402.
2023-02-17 16:16:51,520 - INFO - Beginning optimization with guess, [0.97964117].
2023-02-17 16:16:51,625 - INFO - Finished optimization with guess, [0.97964117].
2023-02-17 16:16:51,625 - INFO - Best fit parameters: [0.97964117].
2023-02-17 16:16:51,678 - INFO - Maximum log composite likelihood: -313.25361229792315.
2023-02-17 16:16:51,678 - INFO - Optimal value of theta: 5356.116443926402.
2023-02-17 16:16:51,678 - INFO - Beginning optimization with guess, [1.38676133].
2023-02-17 16:16:51,783 - INFO - Finished optimization with guess, [1.38676133].
2023-02-17 16:16:51,783 - INFO - Best fit parameters: [1.38676133].
2023-02-17 16:16:51,834 - INFO - Maximum log composite likelihood: -313.25361229792315.
2023-02-17 16:16:51,835 - INFO - Optimal value of theta: 5356.116443926402.
2023-02-17 16:16:51,835 - INFO - Beginning optimization with guess, [1.37852907].
2023-02-17 16:16:51,943 - INFO - Finished optimization with guess, [1.37852907].
2023-02-17 16:16:51,943 - INFO - Best fit parameters: [1.37852907].
2023-02-17 16:16:51,997 - INFO - Maximum log composite likelihood: -313.25361229792315.
2023-02-17 16:16:51,998 - INFO - Optimal value of theta: 5356.116443926402.
2023-02-17 16:16:51,998 - INFO - Beginning optimization with guess, [1.75278104].
2023-02-17 16:16:52,100 - INFO - Finished optimization with guess, [1.75278104].
2023-02-17 16:16:52,100 - INFO - Best fit parameters: [1.75278104].
2023-02-17 16:16:52,152 - INFO - Maximum log composite likelihood: -313.25361229792315.
2023-02-17 16:16:52,152 - INFO - Optimal value of theta: 5356.116443926402.
2023-02-17 16:16:52,153 - INFO - Beginning optimization with guess, [1.7719353].
2023-02-17 16:16:52,259 - INFO - Finished optimization with guess, [1.7719353].
2023-02-17 16:16:52,259 - INFO - Best fit parameters: [1.7719353].
2023-02-17 16:16:52,310 - INFO - Maximum log composite likelihood: -313.25361229792315.
2023-02-17 16:16:52,310 - INFO - Optimal value of theta: 5356.116443926402.
2023-02-17 16:16:52,311 - INFO - Beginning optimization with guess, [0.81203153].
2023-02-17 16:16:52,416 - INFO - Finished optimization with guess, [0.81203153].
2023-02-17 16:16:52,416 - INFO - Best fit parameters: [0.81203153].
2023-02-17 16:16:52,468 - INFO - Maximum log composite likelihood: -313.25361229792315.
2023-02-17 16:16:52,469 - INFO - Optimal value of theta: 5356.116443926402.
2023-02-17 16:16:52,469 - INFO - Beginning optimization with guess, [1.95777664].
2023-02-17 16:16:52,574 - INFO - Finished optimization with guess, [1.95777664].
2023-02-17 16:16:52,574 - INFO - Best fit parameters: [1.95777664].
2023-02-17 16:16:52,626 - INFO - Maximum log composite likelihood: -313.25361229792315.
2023-02-17 16:16:52,626 - INFO - Optimal value of theta: 5356.116443926402.
2023-02-17 16:16:52,627 - INFO - Beginning optimization with guess, [1.85843331].
2023-02-17 16:16:52,731 - INFO - Finished optimization with guess, [1.85843331].
2023-02-17 16:16:52,732 - INFO - Best fit parameters: [1.85843331].
2023-02-17 16:16:52,783 - INFO - Maximum log composite likelihood: -313.25361229792315.
2023-02-17 16:16:52,783 - INFO - Optimal value of theta: 5356.116443926402.
2023-02-17 16:16:52,784 - INFO - Beginning optimization with guess, [2.74773711].
2023-02-17 16:16:52,887 - INFO - Finished optimization with guess, [2.74773711].
2023-02-17 16:16:52,887 - INFO - Best fit parameters: [2.74773711].
2023-02-17 16:16:52,939 - INFO - Maximum log composite likelihood: -313.25361229792315.
2023-02-17 16:16:52,939 - INFO - Optimal value of theta: 5356.116443926402.
2023-02-17 16:16:52,940 - INFO - Beginning optimization with guess, [1.18428286].
2023-02-17 16:16:53,044 - INFO - Finished optimization with guess, [1.18428286].
2023-02-17 16:16:53,044 - INFO - Best fit parameters: [1.18428286].
2023-02-17 16:16:53,096 - INFO - Maximum log composite likelihood: -313.25361229792315.
2023-02-17 16:16:53,096 - INFO - Optimal value of theta: 5356.116443926402.
2023-02-17 16:16:53,097 - INFO - Beginning optimization with guess, [3.49764827].
2023-02-17 16:16:53,201 - INFO - Finished optimization with guess, [3.49764827].
2023-02-17 16:16:53,202 - INFO - Best fit parameters: [3.49764827].
2023-02-17 16:16:53,256 - INFO - Maximum log composite likelihood: -313.25361229792315.
2023-02-17 16:16:53,257 - INFO - Optimal value of theta: 5356.116443926402.
2023-02-17 16:16:53,257 - INFO - Beginning optimization with guess, [1.60836326].
2023-02-17 16:16:53,361 - INFO - Finished optimization with guess, [1.60836326].
2023-02-17 16:16:53,362 - INFO - Best fit parameters: [1.60836326].
2023-02-17 16:16:53,413 - INFO - Maximum log composite likelihood: -313.25361229792315.
2023-02-17 16:16:53,414 - INFO - Optimal value of theta: 5356.116443926402.
2023-02-17 16:16:53,414 - INFO - Beginning optimization with guess, [5.50484278].
2023-02-17 16:16:53,518 - INFO - Finished optimization with guess, [5.50484278].
2023-02-17 16:16:53,518 - INFO - Best fit parameters: [5.50484278].
2023-02-17 16:16:53,570 - INFO - Maximum log composite likelihood: -313.25361229792315.
2023-02-17 16:16:53,571 - INFO - Optimal value of theta: 5356.116443926402.
2023-02-17 16:16:53,571 - INFO - Beginning optimization with guess, [6.35901878].
2023-02-17 16:16:53,674 - INFO - Finished optimization with guess, [6.35901878].
2023-02-17 16:16:53,675 - INFO - Best fit parameters: [6.35901878].
2023-02-17 16:16:53,727 - INFO - Maximum log composite likelihood: -313.25361229792315.
2023-02-17 16:16:53,728 - INFO - Optimal value of theta: 5356.116443926402.
2023-02-17 16:16:53,728 - INFO - Beginning optimization with guess, [3.63245183].
2023-02-17 16:16:53,830 - INFO - Finished optimization with guess, [3.63245183].
2023-02-17 16:16:53,830 - INFO - Best fit parameters: [3.63245183].
2023-02-17 16:16:53,882 - INFO - Maximum log composite likelihood: -313.25361229792315.
2023-02-17 16:16:53,883 - INFO - Optimal value of theta: 5356.116443926402.
2023-02-17 16:16:53,883 - INFO - Beginning optimization with guess, [3.71081414].
2023-02-17 16:16:53,987 - INFO - Finished optimization with guess, [3.71081414].
2023-02-17 16:16:53,987 - INFO - Best fit parameters: [3.71081414].
2023-02-17 16:16:54,039 - INFO - Maximum log composite likelihood: -313.25361229792315.
2023-02-17 16:16:54,039 - INFO - Optimal value of theta: 5356.116443926402.
2023-02-17 16:16:54,040 - INFO - Beginning optimization with guess, [9.98072598].
2023-02-17 16:16:54,143 - INFO - Finished optimization with guess, [9.98072598].
2023-02-17 16:16:54,144 - INFO - Best fit parameters: [9.98072598].
2023-02-17 16:16:54,195 - INFO - Maximum log composite likelihood: -313.25361229792315.
2023-02-17 16:16:54,195 - INFO - Optimal value of theta: 5356.116443926402.
2023-02-17 16:16:54,196 - INFO - Beginning optimization with guess, [4.93877763].
2023-02-17 16:16:54,300 - INFO - Finished optimization with guess, [4.93877763].
2023-02-17 16:16:54,300 - INFO - Best fit parameters: [4.93877763].
2023-02-17 16:16:54,352 - INFO - Maximum log composite likelihood: -313.25361229792315.
2023-02-17 16:16:54,353 - INFO - Optimal value of theta: 5356.116443926402.
2023-02-17 16:16:54,353 - INFO - Beginning optimization with guess, [5.59296486].
2023-02-17 16:16:54,455 - INFO - Finished optimization with guess, [5.59296486].
2023-02-17 16:16:54,455 - INFO - Best fit parameters: [5.59296486].
2023-02-17 16:16:54,505 - INFO - Maximum log composite likelihood: -313.25361229792315.
2023-02-17 16:16:54,506 - INFO - Optimal value of theta: 5356.116443926402.
2023-02-17 16:16:54,506 - INFO - Beginning optimization with guess, [10.63733482].
2023-02-17 16:16:54,610 - INFO - Finished optimization with guess, [10.63733482].
2023-02-17 16:16:54,610 - INFO - Best fit parameters: [10.63733482].
2023-02-17 16:16:54,661 - INFO - Maximum log composite likelihood: -313.25361229792315.
2023-02-17 16:16:54,662 - INFO - Optimal value of theta: 5356.116443926402.
2023-02-17 16:16:54,664 - INFO - Finished demographic inference.
2023-02-17 16:16:54,664 - INFO - Pipeline executed succesfully.
