2022-02-10 08:10:12,211 - INFO - Beginning execution of fit_one_epoch.py in directory /u/project/ngarud/jonmah/demo_for_ccgb/Scripts

2022-02-10 08:10:12,212 - INFO - Progress is being logged to ../Analysis/Akkermansia_muciniphila_55290_no_mask/log.log

2022-02-10 08:10:12,213 - INFO - Parsed the following arguments:
	mask_doubletons = False
	syn_input_sfs = ../Data/Akkermansia_muciniphila_55290_syn.sfs
	mask_singletons = False
	outprefix = ../Analysis/Akkermansia_muciniphila_55290_no_mask/

2022-02-10 08:10:12,239 - INFO - Beginning demographic inference for one-epoch demographic model.
2022-02-10 08:10:12,242 - INFO - Beginning optimization with guess, [7.92].
2022-02-10 08:10:12,948 - INFO - Finished optimization with guess, [7.92].
2022-02-10 08:10:12,948 - INFO - Best fit parameters: [8.].
2022-02-10 08:10:13,045 - INFO - Maximum log composite likelihood: -325.661416998.
2022-02-10 08:10:13,045 - INFO - Optimal value of theta: 6953.81291457.
2022-02-10 08:10:13,046 - INFO - Beginning optimization with guess, [7.92].
2022-02-10 08:10:13,239 - INFO - Finished optimization with guess, [7.92].
2022-02-10 08:10:13,239 - INFO - Best fit parameters: [8.].
2022-02-10 08:10:13,335 - INFO - Maximum log composite likelihood: -325.661416998.
2022-02-10 08:10:13,336 - INFO - Optimal value of theta: 6953.81291457.
2022-02-10 08:10:13,337 - INFO - Beginning optimization with guess, [7.92].
2022-02-10 08:10:13,530 - INFO - Finished optimization with guess, [7.92].
2022-02-10 08:10:13,530 - INFO - Best fit parameters: [8.].
2022-02-10 08:10:13,626 - INFO - Maximum log composite likelihood: -325.661416998.
2022-02-10 08:10:13,627 - INFO - Optimal value of theta: 6953.81291457.
2022-02-10 08:10:13,628 - INFO - Beginning optimization with guess, [7.92].
2022-02-10 08:10:13,821 - INFO - Finished optimization with guess, [7.92].
2022-02-10 08:10:13,821 - INFO - Best fit parameters: [8.].
2022-02-10 08:10:13,918 - INFO - Maximum log composite likelihood: -325.661416998.
2022-02-10 08:10:13,918 - INFO - Optimal value of theta: 6953.81291457.
2022-02-10 08:10:13,919 - INFO - Beginning optimization with guess, [7.92].
2022-02-10 08:10:14,112 - INFO - Finished optimization with guess, [7.92].
2022-02-10 08:10:14,112 - INFO - Best fit parameters: [8.].
2022-02-10 08:10:14,209 - INFO - Maximum log composite likelihood: -325.661416998.
2022-02-10 08:10:14,209 - INFO - Optimal value of theta: 6953.81291457.
2022-02-10 08:10:14,210 - INFO - Beginning optimization with guess, [7.92].
2022-02-10 08:10:14,403 - INFO - Finished optimization with guess, [7.92].
2022-02-10 08:10:14,403 - INFO - Best fit parameters: [8.].
2022-02-10 08:10:14,500 - INFO - Maximum log composite likelihood: -325.661416998.
2022-02-10 08:10:14,500 - INFO - Optimal value of theta: 6953.81291457.
2022-02-10 08:10:14,501 - INFO - Beginning optimization with guess, [7.92].
2022-02-10 08:10:14,694 - INFO - Finished optimization with guess, [7.92].
2022-02-10 08:10:14,694 - INFO - Best fit parameters: [8.].
2022-02-10 08:10:14,790 - INFO - Maximum log composite likelihood: -325.661416998.
2022-02-10 08:10:14,791 - INFO - Optimal value of theta: 6953.81291457.
2022-02-10 08:10:14,791 - INFO - Beginning optimization with guess, [7.92].
2022-02-10 08:10:14,986 - INFO - Finished optimization with guess, [7.92].
2022-02-10 08:10:14,986 - INFO - Best fit parameters: [8.].
2022-02-10 08:10:15,083 - INFO - Maximum log composite likelihood: -325.661416998.
2022-02-10 08:10:15,083 - INFO - Optimal value of theta: 6953.81291457.
2022-02-10 08:10:15,084 - INFO - Beginning optimization with guess, [7.92].
2022-02-10 08:10:15,277 - INFO - Finished optimization with guess, [7.92].
2022-02-10 08:10:15,278 - INFO - Best fit parameters: [8.].
2022-02-10 08:10:15,374 - INFO - Maximum log composite likelihood: -325.661416998.
2022-02-10 08:10:15,375 - INFO - Optimal value of theta: 6953.81291457.
2022-02-10 08:10:15,375 - INFO - Beginning optimization with guess, [7.92].
2022-02-10 08:10:15,568 - INFO - Finished optimization with guess, [7.92].
2022-02-10 08:10:15,569 - INFO - Best fit parameters: [8.].
2022-02-10 08:10:15,665 - INFO - Maximum log composite likelihood: -325.661416998.
2022-02-10 08:10:15,666 - INFO - Optimal value of theta: 6953.81291457.
2022-02-10 08:10:15,666 - INFO - Beginning optimization with guess, [7.92].
2022-02-10 08:10:15,859 - INFO - Finished optimization with guess, [7.92].
2022-02-10 08:10:15,860 - INFO - Best fit parameters: [8.].
2022-02-10 08:10:15,956 - INFO - Maximum log composite likelihood: -325.661416998.
2022-02-10 08:10:15,957 - INFO - Optimal value of theta: 6953.81291457.
2022-02-10 08:10:15,957 - INFO - Beginning optimization with guess, [7.92].
2022-02-10 08:10:16,150 - INFO - Finished optimization with guess, [7.92].
2022-02-10 08:10:16,150 - INFO - Best fit parameters: [8.].
2022-02-10 08:10:16,247 - INFO - Maximum log composite likelihood: -325.661416998.
2022-02-10 08:10:16,248 - INFO - Optimal value of theta: 6953.81291457.
2022-02-10 08:10:16,248 - INFO - Beginning optimization with guess, [7.92].
2022-02-10 08:10:16,441 - INFO - Finished optimization with guess, [7.92].
2022-02-10 08:10:16,442 - INFO - Best fit parameters: [8.].
2022-02-10 08:10:16,538 - INFO - Maximum log composite likelihood: -325.661416998.
2022-02-10 08:10:16,539 - INFO - Optimal value of theta: 6953.81291457.
2022-02-10 08:10:16,539 - INFO - Beginning optimization with guess, [7.92].
2022-02-10 08:10:16,732 - INFO - Finished optimization with guess, [7.92].
2022-02-10 08:10:16,733 - INFO - Best fit parameters: [8.].
2022-02-10 08:10:16,829 - INFO - Maximum log composite likelihood: -325.661416998.
2022-02-10 08:10:16,830 - INFO - Optimal value of theta: 6953.81291457.
2022-02-10 08:10:16,830 - INFO - Beginning optimization with guess, [7.92].
2022-02-10 08:10:17,023 - INFO - Finished optimization with guess, [7.92].
2022-02-10 08:10:17,024 - INFO - Best fit parameters: [8.].
2022-02-10 08:10:17,120 - INFO - Maximum log composite likelihood: -325.661416998.
2022-02-10 08:10:17,121 - INFO - Optimal value of theta: 6953.81291457.
2022-02-10 08:10:17,121 - INFO - Beginning optimization with guess, [7.92].
2022-02-10 08:10:17,314 - INFO - Finished optimization with guess, [7.92].
2022-02-10 08:10:17,315 - INFO - Best fit parameters: [8.].
2022-02-10 08:10:17,411 - INFO - Maximum log composite likelihood: -325.661416998.
2022-02-10 08:10:17,412 - INFO - Optimal value of theta: 6953.81291457.
2022-02-10 08:10:17,412 - INFO - Beginning optimization with guess, [7.92].
2022-02-10 08:10:17,618 - INFO - Finished optimization with guess, [7.92].
2022-02-10 08:10:17,619 - INFO - Best fit parameters: [8.].
2022-02-10 08:10:17,715 - INFO - Maximum log composite likelihood: -325.661416998.
2022-02-10 08:10:17,716 - INFO - Optimal value of theta: 6953.81291457.
2022-02-10 08:10:17,716 - INFO - Beginning optimization with guess, [7.92].
2022-02-10 08:10:17,909 - INFO - Finished optimization with guess, [7.92].
2022-02-10 08:10:17,910 - INFO - Best fit parameters: [8.].
2022-02-10 08:10:18,006 - INFO - Maximum log composite likelihood: -325.661416998.
2022-02-10 08:10:18,007 - INFO - Optimal value of theta: 6953.81291457.
2022-02-10 08:10:18,007 - INFO - Beginning optimization with guess, [7.92].
2022-02-10 08:10:18,200 - INFO - Finished optimization with guess, [7.92].
2022-02-10 08:10:18,200 - INFO - Best fit parameters: [8.].
2022-02-10 08:10:18,298 - INFO - Maximum log composite likelihood: -325.661416998.
2022-02-10 08:10:18,299 - INFO - Optimal value of theta: 6953.81291457.
2022-02-10 08:10:18,299 - INFO - Beginning optimization with guess, [7.92].
2022-02-10 08:10:18,492 - INFO - Finished optimization with guess, [7.92].
2022-02-10 08:10:18,492 - INFO - Best fit parameters: [8.].
2022-02-10 08:10:18,589 - INFO - Maximum log composite likelihood: -325.661416998.
2022-02-10 08:10:18,590 - INFO - Optimal value of theta: 6953.81291457.
2022-02-10 08:10:18,590 - INFO - Beginning optimization with guess, [7.92].
2022-02-10 08:10:18,783 - INFO - Finished optimization with guess, [7.92].
2022-02-10 08:10:18,784 - INFO - Best fit parameters: [8.].
2022-02-10 08:10:18,880 - INFO - Maximum log composite likelihood: -325.661416998.
2022-02-10 08:10:18,881 - INFO - Optimal value of theta: 6953.81291457.
2022-02-10 08:10:18,881 - INFO - Beginning optimization with guess, [7.92].
2022-02-10 08:10:19,074 - INFO - Finished optimization with guess, [7.92].
2022-02-10 08:10:19,074 - INFO - Best fit parameters: [8.].
2022-02-10 08:10:19,171 - INFO - Maximum log composite likelihood: -325.661416998.
2022-02-10 08:10:19,171 - INFO - Optimal value of theta: 6953.81291457.
2022-02-10 08:10:19,172 - INFO - Beginning optimization with guess, [7.92].
2022-02-10 08:10:19,365 - INFO - Finished optimization with guess, [7.92].
2022-02-10 08:10:19,365 - INFO - Best fit parameters: [8.].
2022-02-10 08:10:19,462 - INFO - Maximum log composite likelihood: -325.661416998.
2022-02-10 08:10:19,462 - INFO - Optimal value of theta: 6953.81291457.
2022-02-10 08:10:19,463 - INFO - Beginning optimization with guess, [7.92].
2022-02-10 08:10:19,656 - INFO - Finished optimization with guess, [7.92].
2022-02-10 08:10:19,656 - INFO - Best fit parameters: [8.].
2022-02-10 08:10:19,752 - INFO - Maximum log composite likelihood: -325.661416998.
2022-02-10 08:10:19,753 - INFO - Optimal value of theta: 6953.81291457.
2022-02-10 08:10:19,753 - INFO - Beginning optimization with guess, [7.92].
2022-02-10 08:10:19,946 - INFO - Finished optimization with guess, [7.92].
2022-02-10 08:10:19,947 - INFO - Best fit parameters: [8.].
2022-02-10 08:10:20,043 - INFO - Maximum log composite likelihood: -325.661416998.
2022-02-10 08:10:20,044 - INFO - Optimal value of theta: 6953.81291457.
2022-02-10 08:10:20,048 - INFO - Beginning demographic inference for two-epoch demographic model.
2022-02-10 08:10:20,050 - INFO - Beginning optimization with guess, [1.47195972e-01 7.73383873e-06].
2022-02-10 08:10:23,815 - INFO - Finished optimization with guess, [1.47195972e-01 7.73383873e-06].
2022-02-10 08:10:23,816 - INFO - Best fit parameters: [0.00421861 0.000194  ].
2022-02-10 08:10:23,916 - INFO - Maximum log composite likelihood: -127.879622445.
2022-02-10 08:10:23,917 - INFO - Optimal value of theta: 7727.7654248.
2022-02-10 08:10:23,917 - INFO - Beginning optimization with guess, [2.84889644e-01 1.12260849e-05].
2022-02-10 08:10:26,614 - INFO - Finished optimization with guess, [2.84889644e-01 1.12260849e-05].
2022-02-10 08:10:26,615 - INFO - Best fit parameters: [0.0056822  0.00026099].
2022-02-10 08:10:26,715 - INFO - Maximum log composite likelihood: -127.838825031.
2022-02-10 08:10:26,716 - INFO - Optimal value of theta: 7725.61018671.
2022-02-10 08:10:26,716 - INFO - Beginning optimization with guess, [1.61174091e-01 9.43507914e-06].
2022-02-10 08:10:29,751 - INFO - Finished optimization with guess, [1.61174091e-01 9.43507914e-06].
2022-02-10 08:10:29,752 - INFO - Best fit parameters: [0.00484937 0.000222  ].
2022-02-10 08:10:29,852 - INFO - Maximum log composite likelihood: -127.855877782.
2022-02-10 08:10:29,852 - INFO - Optimal value of theta: 7723.91001756.
2022-02-10 08:10:29,853 - INFO - Beginning optimization with guess, [2.94522974e-01 1.32585812e-05].
2022-02-10 08:10:32,765 - INFO - Finished optimization with guess, [2.94522974e-01 1.32585812e-05].
2022-02-10 08:10:32,765 - INFO - Best fit parameters: [0.00627902 0.00029381].
2022-02-10 08:10:32,865 - INFO - Maximum log composite likelihood: -127.889831923.
2022-02-10 08:10:32,866 - INFO - Optimal value of theta: 7738.81077217.
2022-02-10 08:10:32,866 - INFO - Beginning optimization with guess, [8.34918268e-01 5.02231356e-06].
