2023-02-17 16:17:39,800 - INFO - Beginning execution of fit_one_epoch.py in directory /u/project/ngarud/jonmah/demo_for_ccgb/Scripts

2023-02-17 16:17:39,801 - INFO - Progress is being logged to ../Analysis/Bacteroides_cellulosilyticus_58046_downsampled_12/log.log

2023-02-17 16:17:39,801 - INFO - Parsed the following arguments:
	syn_input_sfs = ../Analysis/Bacteroides_cellulosilyticus_58046_downsampled_12/empirical_sfs.txt
	mask_singletons = False
	mask_doubletons = False
	outprefix = ../Analysis/Bacteroides_cellulosilyticus_58046_downsampled_12/

2023-02-17 16:17:39,809 - INFO - Beginning demographic inference for one-epoch demographic model.
2023-02-17 16:17:39,812 - INFO - Beginning optimization with guess, [0.12299707].
2023-02-17 16:17:39,891 - INFO - Finished optimization with guess, [0.12299707].
2023-02-17 16:17:39,891 - INFO - Best fit parameters: [0.12299707].
2023-02-17 16:17:39,933 - INFO - Maximum log composite likelihood: -515.8026292276945.
2023-02-17 16:17:39,934 - INFO - Optimal value of theta: 9396.698852154343.
2023-02-17 16:17:39,934 - INFO - Beginning optimization with guess, [0.25789827].
2023-02-17 16:17:40,012 - INFO - Finished optimization with guess, [0.25789827].
2023-02-17 16:17:40,012 - INFO - Best fit parameters: [0.25789827].
2023-02-17 16:17:40,051 - INFO - Maximum log composite likelihood: -515.8026292276945.
2023-02-17 16:17:40,051 - INFO - Optimal value of theta: 9396.698852154343.
2023-02-17 16:17:40,052 - INFO - Beginning optimization with guess, [0.27474346].
2023-02-17 16:17:40,133 - INFO - Finished optimization with guess, [0.27474346].
2023-02-17 16:17:40,134 - INFO - Best fit parameters: [0.27474346].
2023-02-17 16:17:40,173 - INFO - Maximum log composite likelihood: -515.8026292276945.
2023-02-17 16:17:40,173 - INFO - Optimal value of theta: 9396.698852154343.
2023-02-17 16:17:40,174 - INFO - Beginning optimization with guess, [0.47869683].
2023-02-17 16:17:40,259 - INFO - Finished optimization with guess, [0.47869683].
2023-02-17 16:17:40,259 - INFO - Best fit parameters: [0.47869683].
2023-02-17 16:17:40,299 - INFO - Maximum log composite likelihood: -515.8026292276945.
2023-02-17 16:17:40,299 - INFO - Optimal value of theta: 9396.698852154343.
2023-02-17 16:17:40,300 - INFO - Beginning optimization with guess, [0.60068762].
2023-02-17 16:17:40,379 - INFO - Finished optimization with guess, [0.60068762].
2023-02-17 16:17:40,380 - INFO - Best fit parameters: [0.60068762].
2023-02-17 16:17:40,419 - INFO - Maximum log composite likelihood: -515.8026292276945.
2023-02-17 16:17:40,419 - INFO - Optimal value of theta: 9396.698852154343.
2023-02-17 16:17:40,420 - INFO - Beginning optimization with guess, [0.89487751].
2023-02-17 16:17:40,497 - INFO - Finished optimization with guess, [0.89487751].
2023-02-17 16:17:40,498 - INFO - Best fit parameters: [0.89487751].
2023-02-17 16:17:40,535 - INFO - Maximum log composite likelihood: -515.8026292276945.
2023-02-17 16:17:40,536 - INFO - Optimal value of theta: 9396.698852154343.
2023-02-17 16:17:40,536 - INFO - Beginning optimization with guess, [0.69085442].
2023-02-17 16:17:40,613 - INFO - Finished optimization with guess, [0.69085442].
2023-02-17 16:17:40,614 - INFO - Best fit parameters: [0.69085442].
2023-02-17 16:17:40,652 - INFO - Maximum log composite likelihood: -515.8026292276945.
2023-02-17 16:17:40,652 - INFO - Optimal value of theta: 9396.698852154343.
2023-02-17 16:17:40,653 - INFO - Beginning optimization with guess, [0.55922322].
2023-02-17 16:17:40,732 - INFO - Finished optimization with guess, [0.55922322].
2023-02-17 16:17:40,732 - INFO - Best fit parameters: [0.55922322].
2023-02-17 16:17:40,770 - INFO - Maximum log composite likelihood: -515.8026292276945.
2023-02-17 16:17:40,770 - INFO - Optimal value of theta: 9396.698852154343.
2023-02-17 16:17:40,771 - INFO - Beginning optimization with guess, [1.05158336].
2023-02-17 16:17:40,847 - INFO - Finished optimization with guess, [1.05158336].
2023-02-17 16:17:40,847 - INFO - Best fit parameters: [1.05158336].
2023-02-17 16:17:40,886 - INFO - Maximum log composite likelihood: -515.8026292276945.
2023-02-17 16:17:40,887 - INFO - Optimal value of theta: 9396.698852154343.
2023-02-17 16:17:40,887 - INFO - Beginning optimization with guess, [0.53923683].
2023-02-17 16:17:40,966 - INFO - Finished optimization with guess, [0.53923683].
2023-02-17 16:17:40,967 - INFO - Best fit parameters: [0.53923683].
2023-02-17 16:17:41,005 - INFO - Maximum log composite likelihood: -515.8026292276945.
2023-02-17 16:17:41,006 - INFO - Optimal value of theta: 9396.698852154343.
2023-02-17 16:17:41,006 - INFO - Beginning optimization with guess, [1.98979139].
2023-02-17 16:17:41,085 - INFO - Finished optimization with guess, [1.98979139].
2023-02-17 16:17:41,085 - INFO - Best fit parameters: [1.98979139].
2023-02-17 16:17:41,124 - INFO - Maximum log composite likelihood: -515.8026292276945.
2023-02-17 16:17:41,125 - INFO - Optimal value of theta: 9396.698852154343.
2023-02-17 16:17:41,125 - INFO - Beginning optimization with guess, [1.21639439].
2023-02-17 16:17:41,202 - INFO - Finished optimization with guess, [1.21639439].
2023-02-17 16:17:41,202 - INFO - Best fit parameters: [1.21639439].
2023-02-17 16:17:41,242 - INFO - Maximum log composite likelihood: -515.8026292276945.
2023-02-17 16:17:41,243 - INFO - Optimal value of theta: 9396.698852154343.
2023-02-17 16:17:41,243 - INFO - Beginning optimization with guess, [1.17546683].
2023-02-17 16:17:41,321 - INFO - Finished optimization with guess, [1.17546683].
2023-02-17 16:17:41,321 - INFO - Best fit parameters: [1.17546683].
2023-02-17 16:17:41,360 - INFO - Maximum log composite likelihood: -515.8026292276945.
2023-02-17 16:17:41,360 - INFO - Optimal value of theta: 9396.698852154343.
2023-02-17 16:17:41,361 - INFO - Beginning optimization with guess, [1.60346272].
2023-02-17 16:17:41,439 - INFO - Finished optimization with guess, [1.60346272].
2023-02-17 16:17:41,439 - INFO - Best fit parameters: [1.60346272].
2023-02-17 16:17:41,477 - INFO - Maximum log composite likelihood: -515.8026292276945.
2023-02-17 16:17:41,478 - INFO - Optimal value of theta: 9396.698852154343.
2023-02-17 16:17:41,478 - INFO - Beginning optimization with guess, [1.14745862].
2023-02-17 16:17:41,555 - INFO - Finished optimization with guess, [1.14745862].
2023-02-17 16:17:41,555 - INFO - Best fit parameters: [1.14745862].
2023-02-17 16:17:41,594 - INFO - Maximum log composite likelihood: -515.8026292276945.
2023-02-17 16:17:41,595 - INFO - Optimal value of theta: 9396.698852154343.
2023-02-17 16:17:41,595 - INFO - Beginning optimization with guess, [2.85847688].
2023-02-17 16:17:41,674 - INFO - Finished optimization with guess, [2.85847688].
2023-02-17 16:17:41,674 - INFO - Best fit parameters: [2.85847688].
2023-02-17 16:17:41,712 - INFO - Maximum log composite likelihood: -515.8026292276945.
2023-02-17 16:17:41,713 - INFO - Optimal value of theta: 9396.698852154343.
2023-02-17 16:17:41,714 - INFO - Beginning optimization with guess, [2.23937824].
2023-02-17 16:17:41,791 - INFO - Finished optimization with guess, [2.23937824].
2023-02-17 16:17:41,791 - INFO - Best fit parameters: [2.23937824].
2023-02-17 16:17:41,831 - INFO - Maximum log composite likelihood: -515.8026292276945.
2023-02-17 16:17:41,832 - INFO - Optimal value of theta: 9396.698852154343.
2023-02-17 16:17:41,832 - INFO - Beginning optimization with guess, [2.91261421].
2023-02-17 16:17:41,909 - INFO - Finished optimization with guess, [2.91261421].
2023-02-17 16:17:41,910 - INFO - Best fit parameters: [2.91261421].
2023-02-17 16:17:41,948 - INFO - Maximum log composite likelihood: -515.8026292276945.
2023-02-17 16:17:41,949 - INFO - Optimal value of theta: 9396.698852154343.
2023-02-17 16:17:41,949 - INFO - Beginning optimization with guess, [4.88826454].
2023-02-17 16:17:42,029 - INFO - Finished optimization with guess, [4.88826454].
2023-02-17 16:17:42,030 - INFO - Best fit parameters: [4.88826454].
2023-02-17 16:17:42,068 - INFO - Maximum log composite likelihood: -515.8026292276945.
2023-02-17 16:17:42,069 - INFO - Optimal value of theta: 9396.698852154343.
2023-02-17 16:17:42,069 - INFO - Beginning optimization with guess, [2.98808921].
2023-02-17 16:17:42,147 - INFO - Finished optimization with guess, [2.98808921].
2023-02-17 16:17:42,147 - INFO - Best fit parameters: [2.98808921].
2023-02-17 16:17:42,186 - INFO - Maximum log composite likelihood: -515.8026292276945.
2023-02-17 16:17:42,187 - INFO - Optimal value of theta: 9396.698852154343.
2023-02-17 16:17:42,187 - INFO - Beginning optimization with guess, [2.63861485].
2023-02-17 16:17:42,266 - INFO - Finished optimization with guess, [2.63861485].
2023-02-17 16:17:42,267 - INFO - Best fit parameters: [2.63861485].
2023-02-17 16:17:42,307 - INFO - Maximum log composite likelihood: -515.8026292276945.
2023-02-17 16:17:42,307 - INFO - Optimal value of theta: 9396.698852154343.
2023-02-17 16:17:42,308 - INFO - Beginning optimization with guess, [4.62126864].
2023-02-17 16:17:42,386 - INFO - Finished optimization with guess, [4.62126864].
2023-02-17 16:17:42,386 - INFO - Best fit parameters: [4.62126864].
2023-02-17 16:17:42,425 - INFO - Maximum log composite likelihood: -515.8026292276945.
2023-02-17 16:17:42,426 - INFO - Optimal value of theta: 9396.698852154343.
2023-02-17 16:17:42,426 - INFO - Beginning optimization with guess, [3.40599778].
2023-02-17 16:17:42,504 - INFO - Finished optimization with guess, [3.40599778].
2023-02-17 16:17:42,504 - INFO - Best fit parameters: [3.40599778].
2023-02-17 16:17:42,542 - INFO - Maximum log composite likelihood: -515.8026292276945.
2023-02-17 16:17:42,542 - INFO - Optimal value of theta: 9396.698852154343.
2023-02-17 16:17:42,543 - INFO - Beginning optimization with guess, [11.32899048].
2023-02-17 16:17:42,621 - INFO - Finished optimization with guess, [11.32899048].
2023-02-17 16:17:42,621 - INFO - Best fit parameters: [11.32899048].
2023-02-17 16:17:42,660 - INFO - Maximum log composite likelihood: -515.8026292276945.
2023-02-17 16:17:42,660 - INFO - Optimal value of theta: 9396.698852154343.
2023-02-17 16:17:42,661 - INFO - Beginning optimization with guess, [14.00885055].
2023-02-17 16:17:42,738 - INFO - Finished optimization with guess, [14.00885055].
2023-02-17 16:17:42,738 - INFO - Best fit parameters: [14.00885055].
2023-02-17 16:17:42,777 - INFO - Maximum log composite likelihood: -515.8026292276945.
2023-02-17 16:17:42,777 - INFO - Optimal value of theta: 9396.698852154343.
2023-02-17 16:17:42,780 - INFO - Finished demographic inference.
2023-02-17 16:17:42,780 - INFO - Pipeline executed succesfully.
