2024-06-25 13:55:12,695 - INFO - Beginning execution of fit_dfe.py in directory /u/project/ngarud/jonmah/demo_for_ccgb/Scripts

2024-06-25 13:55:12,695 - INFO - Progress is being logged to ../SupplementaryAnalysis/Parabacteroides_merdae_56972/accessory_log.log

2024-06-25 13:55:12,695 - INFO - Parsed the following arguments:
	syn_input_sfs = ../SupplementaryAnalysis/Parabacteroides_merdae_56972/accessory_empirical_syn_downsampled_sfs.txt
	nonsyn_input_sfs = ../SupplementaryAnalysis/Parabacteroides_merdae_56972/accessory_empirical_nonsyn_downsampled_sfs.txt
	input_demography = ../SupplementaryAnalysis/Parabacteroides_merdae_56972/accessory_two_epoch_demography.txt
	input_model = two_epoch
	initial_alpha = 0.2
	initial_beta = 0.1
	outprefix = ../SupplementaryAnalysis/Parabacteroides_merdae_56972/accessory

2024-06-25 13:55:12,699 - INFO - Loading input demography.
2024-06-25 13:55:12,701 - INFO - Input demographic parameters are: [1.917623, 3.246064].
2024-06-25 13:55:12,701 - INFO - Input theta_syn is: 270.661216476.
2024-06-25 13:55:12,701 - INFO - Generating spectrum from input demography.
2024-06-25 14:03:05,503 - INFO - Fitting DFE.
2024-06-25 14:03:31,977 - WARNING - The integral is probably divergent, or slowly convergent.
2024-06-25 14:03:32,098 - WARNING - The algorithm does not converge.  Roundoff error is detected
  in the extrapolation table.  It is assumed that the requested tolerance
  cannot be achieved, and that the returned result (if full_output = 1) is 
  the best which can be obtained.
2024-06-25 14:03:41,516 - WARNING - Warning: converting a masked element to nan.
2024-06-25 14:03:46,498 - WARNING - The integral is probably divergent, or slowly convergent.
2024-06-25 14:04:11,852 - INFO - Fitting Neutral + Gamma DFE
2024-06-25 14:05:24,261 - INFO - Computing intermediate summary statistics.
2024-06-25 14:05:24,265 - INFO - Outputting results.
2024-06-25 14:05:24,272 - INFO - Pipeline executed succesfully.
