2024-06-11 15:28:28,254 - INFO - Beginning execution of fit_one_epoch.py in directory /u/project/ngarud/jonmah/demo_for_ccgb/Scripts

2024-06-11 15:28:28,254 - INFO - Progress is being logged to ../SupplementaryAnalysis/Parabacteroides_merdae_56972/log.log

2024-06-11 15:28:28,254 - INFO - Parsed the following arguments:
	mask_doubletons = False
	syn_input_sfs = ../SupplementaryAnalysis/Parabacteroides_merdae_56972/core_empirical_syn_downsampled_sfs.txt
	mask_singletons = False
	outprefix = ../SupplementaryAnalysis/Parabacteroides_merdae_56972/

2024-06-11 15:28:28,256 - INFO - Beginning demographic inference for one-epoch demographic model.
2024-06-11 15:28:28,258 - INFO - Beginning optimization with guess, [0.05242903].
2024-06-11 15:28:29,067 - INFO - Finished optimization with guess, [0.05242903].
2024-06-11 15:28:29,067 - INFO - Best fit parameters: [0.05242903].
2024-06-11 15:28:29,090 - INFO - Maximum log composite likelihood: -75.5730812638.
2024-06-11 15:28:29,090 - INFO - Optimal value of theta: 5819.11904484.
2024-06-11 15:28:29,090 - INFO - Beginning optimization with guess, [0.19750698].
2024-06-11 15:28:29,824 - INFO - Finished optimization with guess, [0.19750698].
2024-06-11 15:28:29,825 - INFO - Best fit parameters: [0.19750698].
2024-06-11 15:28:29,848 - INFO - Maximum log composite likelihood: -75.5730812638.
2024-06-11 15:28:29,848 - INFO - Optimal value of theta: 5819.11904484.
2024-06-11 15:28:29,848 - INFO - Beginning optimization with guess, [0.16523491].
2024-06-11 15:28:30,574 - INFO - Finished optimization with guess, [0.16523491].
2024-06-11 15:28:30,575 - INFO - Best fit parameters: [0.16523491].
2024-06-11 15:28:30,598 - INFO - Maximum log composite likelihood: -75.5730812638.
2024-06-11 15:28:30,598 - INFO - Optimal value of theta: 5819.11904484.
2024-06-11 15:28:30,598 - INFO - Beginning optimization with guess, [0.39789618].
2024-06-11 15:28:31,256 - INFO - Finished optimization with guess, [0.39789618].
2024-06-11 15:28:31,256 - INFO - Best fit parameters: [0.39789618].
2024-06-11 15:28:31,279 - INFO - Maximum log composite likelihood: -75.5730812638.
2024-06-11 15:28:31,279 - INFO - Optimal value of theta: 5819.11904484.
2024-06-11 15:28:31,279 - INFO - Beginning optimization with guess, [0.55648249].
2024-06-11 15:28:31,952 - INFO - Finished optimization with guess, [0.55648249].
2024-06-11 15:28:31,953 - INFO - Best fit parameters: [0.55648249].
2024-06-11 15:28:31,977 - INFO - Maximum log composite likelihood: -75.5730812638.
2024-06-11 15:28:31,977 - INFO - Optimal value of theta: 5819.11904484.
2024-06-11 15:28:31,977 - INFO - Beginning optimization with guess, [1.09610054].
2024-06-11 15:28:32,461 - INFO - Finished optimization with guess, [1.09610054].
2024-06-11 15:28:32,462 - INFO - Best fit parameters: [1.09610054].
2024-06-11 15:28:32,486 - INFO - Maximum log composite likelihood: -75.5730812638.
2024-06-11 15:28:32,486 - INFO - Optimal value of theta: 5819.11904484.
2024-06-11 15:28:32,486 - INFO - Beginning optimization with guess, [1.00119495].
2024-06-11 15:28:32,535 - INFO - Finished optimization with guess, [1.00119495].
2024-06-11 15:28:32,535 - INFO - Best fit parameters: [1.00119495].
2024-06-11 15:28:32,559 - INFO - Maximum log composite likelihood: -75.5730812638.
2024-06-11 15:28:32,559 - INFO - Optimal value of theta: 5819.11904484.
2024-06-11 15:28:32,559 - INFO - Beginning optimization with guess, [0.82402025].
2024-06-11 15:28:33,089 - INFO - Finished optimization with guess, [0.82402025].
2024-06-11 15:28:33,089 - INFO - Best fit parameters: [0.82402025].
2024-06-11 15:28:33,113 - INFO - Maximum log composite likelihood: -75.5730812638.
2024-06-11 15:28:33,113 - INFO - Optimal value of theta: 5819.11904484.
2024-06-11 15:28:33,114 - INFO - Beginning optimization with guess, [0.51274393].
2024-06-11 15:28:33,806 - INFO - Finished optimization with guess, [0.51274393].
2024-06-11 15:28:33,807 - INFO - Best fit parameters: [0.51274393].
2024-06-11 15:28:33,830 - INFO - Maximum log composite likelihood: -75.5730812638.
2024-06-11 15:28:33,830 - INFO - Optimal value of theta: 5819.11904484.
2024-06-11 15:28:33,830 - INFO - Beginning optimization with guess, [0.54682587].
2024-06-11 15:28:34,490 - INFO - Finished optimization with guess, [0.54682587].
2024-06-11 15:28:34,490 - INFO - Best fit parameters: [0.54682587].
2024-06-11 15:28:34,512 - INFO - Maximum log composite likelihood: -75.5730812638.
2024-06-11 15:28:34,513 - INFO - Optimal value of theta: 5819.11904484.
2024-06-11 15:28:34,513 - INFO - Beginning optimization with guess, [1.99603517].
2024-06-11 15:28:35,174 - INFO - Finished optimization with guess, [1.99603517].
2024-06-11 15:28:35,174 - INFO - Best fit parameters: [1.99603517].
2024-06-11 15:28:35,197 - INFO - Maximum log composite likelihood: -75.5730812638.
2024-06-11 15:28:35,198 - INFO - Optimal value of theta: 5819.11904484.
2024-06-11 15:28:35,198 - INFO - Beginning optimization with guess, [1.0726499].
2024-06-11 15:28:35,651 - INFO - Finished optimization with guess, [1.0726499].
2024-06-11 15:28:35,651 - INFO - Best fit parameters: [1.0726499].
2024-06-11 15:28:35,674 - INFO - Maximum log composite likelihood: -75.5730812638.
2024-06-11 15:28:35,674 - INFO - Optimal value of theta: 5819.11904484.
2024-06-11 15:28:35,674 - INFO - Beginning optimization with guess, [1.14984468].
2024-06-11 15:28:36,198 - INFO - Finished optimization with guess, [1.14984468].
2024-06-11 15:28:36,199 - INFO - Best fit parameters: [1.14984468].
2024-06-11 15:28:36,221 - INFO - Maximum log composite likelihood: -75.5730812638.
2024-06-11 15:28:36,222 - INFO - Optimal value of theta: 5819.11904484.
2024-06-11 15:28:36,222 - INFO - Beginning optimization with guess, [2.33064408].
2024-06-11 15:28:36,878 - INFO - Finished optimization with guess, [2.33064408].
2024-06-11 15:28:36,878 - INFO - Best fit parameters: [2.33064408].
2024-06-11 15:28:36,901 - INFO - Maximum log composite likelihood: -75.5730812638.
2024-06-11 15:28:36,901 - INFO - Optimal value of theta: 5819.11904484.
2024-06-11 15:28:36,902 - INFO - Beginning optimization with guess, [4.0739815].
2024-06-11 15:28:37,632 - INFO - Finished optimization with guess, [4.0739815].
2024-06-11 15:28:37,633 - INFO - Best fit parameters: [4.0739815].
2024-06-11 15:28:37,656 - INFO - Maximum log composite likelihood: -75.5730812638.
2024-06-11 15:28:37,656 - INFO - Optimal value of theta: 5819.11904484.
2024-06-11 15:28:37,656 - INFO - Beginning optimization with guess, [1.61854149].
2024-06-11 15:28:38,245 - INFO - Finished optimization with guess, [1.61854149].
2024-06-11 15:28:38,245 - INFO - Best fit parameters: [1.61854149].
2024-06-11 15:28:38,268 - INFO - Maximum log composite likelihood: -75.5730812638.
2024-06-11 15:28:38,268 - INFO - Optimal value of theta: 5819.11904484.
2024-06-11 15:28:38,268 - INFO - Beginning optimization with guess, [2.5104081].
2024-06-11 15:28:38,988 - INFO - Finished optimization with guess, [2.5104081].
2024-06-11 15:28:38,989 - INFO - Best fit parameters: [2.5104081].
2024-06-11 15:28:39,026 - INFO - Maximum log composite likelihood: -75.5730812638.
2024-06-11 15:28:39,026 - INFO - Optimal value of theta: 5819.11904484.
2024-06-11 15:28:39,026 - INFO - Beginning optimization with guess, [5.77874688].
2024-06-11 15:28:39,810 - INFO - Finished optimization with guess, [5.77874688].
2024-06-11 15:28:39,811 - INFO - Best fit parameters: [5.77874688].
2024-06-11 15:28:39,835 - INFO - Maximum log composite likelihood: -75.5730812638.
2024-06-11 15:28:39,835 - INFO - Optimal value of theta: 5819.11904484.
2024-06-11 15:28:39,835 - INFO - Beginning optimization with guess, [6.43731737].
2024-06-11 15:28:40,602 - INFO - Finished optimization with guess, [6.43731737].
2024-06-11 15:28:40,602 - INFO - Best fit parameters: [6.43731737].
2024-06-11 15:28:40,626 - INFO - Maximum log composite likelihood: -75.5730812638.
2024-06-11 15:28:40,627 - INFO - Optimal value of theta: 5819.11904484.
2024-06-11 15:28:40,627 - INFO - Beginning optimization with guess, [2.07747843].
2024-06-11 15:28:41,314 - INFO - Finished optimization with guess, [2.07747843].
2024-06-11 15:28:41,314 - INFO - Best fit parameters: [2.07747843].
2024-06-11 15:28:41,338 - INFO - Maximum log composite likelihood: -75.5730812638.
2024-06-11 15:28:41,338 - INFO - Optimal value of theta: 5819.11904484.
2024-06-11 15:28:41,338 - INFO - Beginning optimization with guess, [6.17026364].
2024-06-11 15:28:42,092 - INFO - Finished optimization with guess, [6.17026364].
2024-06-11 15:28:42,093 - INFO - Best fit parameters: [6.17026364].
2024-06-11 15:28:42,116 - INFO - Maximum log composite likelihood: -75.5730812638.
2024-06-11 15:28:42,116 - INFO - Optimal value of theta: 5819.11904484.
2024-06-11 15:28:42,117 - INFO - Beginning optimization with guess, [2.64596061].
2024-06-11 15:28:42,772 - INFO - Finished optimization with guess, [2.64596061].
2024-06-11 15:28:42,772 - INFO - Best fit parameters: [2.64596061].
2024-06-11 15:28:42,794 - INFO - Maximum log composite likelihood: -75.5730812638.
2024-06-11 15:28:42,795 - INFO - Optimal value of theta: 5819.11904484.
2024-06-11 15:28:42,795 - INFO - Beginning optimization with guess, [3.31377882].
2024-06-11 15:28:43,524 - INFO - Finished optimization with guess, [3.31377882].
2024-06-11 15:28:43,525 - INFO - Best fit parameters: [3.31377882].
2024-06-11 15:28:43,547 - INFO - Maximum log composite likelihood: -75.5730812638.
2024-06-11 15:28:43,548 - INFO - Optimal value of theta: 5819.11904484.
2024-06-11 15:28:43,548 - INFO - Beginning optimization with guess, [3.95632279].
2024-06-11 15:28:44,273 - INFO - Finished optimization with guess, [3.95632279].
2024-06-11 15:28:44,273 - INFO - Best fit parameters: [3.95632279].
2024-06-11 15:28:44,296 - INFO - Maximum log composite likelihood: -75.5730812638.
2024-06-11 15:28:44,296 - INFO - Optimal value of theta: 5819.11904484.
2024-06-11 15:28:44,299 - INFO - Beginning demographic inference for two-epoch demographic model.
2024-06-11 15:28:44,301 - INFO - Beginning optimization with guess, [0.13798955 0.00662991].
2024-06-11 15:28:45,596 - INFO - Finished optimization with guess, [0.13798955 0.00662991].
2024-06-11 15:28:45,597 - INFO - Best fit parameters: [0.76056565 0.10951945].
2024-06-11 15:28:45,637 - INFO - Maximum log composite likelihood: -39.9230022844.
2024-06-11 15:28:45,637 - INFO - Optimal value of theta: 6147.31588159.
2024-06-11 15:28:45,637 - INFO - Beginning optimization with guess, [0.19902379 0.01200683].
2024-06-11 15:28:46,896 - INFO - Finished optimization with guess, [0.19902379 0.01200683].
2024-06-11 15:28:46,896 - INFO - Best fit parameters: [0.7581908  0.25638951].
2024-06-11 15:28:46,925 - INFO - Maximum log composite likelihood: -35.2754925226.
2024-06-11 15:28:46,925 - INFO - Optimal value of theta: 6434.73875732.
2024-06-11 15:28:46,926 - INFO - Beginning optimization with guess, [0.40754464 0.00717414].
2024-06-11 15:28:48,075 - INFO - Finished optimization with guess, [0.40754464 0.00717414].
2024-06-11 15:28:48,076 - INFO - Best fit parameters: [0.64209957 0.04609901].
2024-06-11 15:28:48,101 - INFO - Maximum log composite likelihood: -42.6793185761.
2024-06-11 15:28:48,102 - INFO - Optimal value of theta: 6100.34394542.
2024-06-11 15:28:48,102 - INFO - Beginning optimization with guess, [0.30075753 0.00898975].
2024-06-11 15:28:49,246 - INFO - Finished optimization with guess, [0.30075753 0.00898975].
2024-06-11 15:28:49,247 - INFO - Best fit parameters: [0.74198439 0.19880672].
2024-06-11 15:28:49,274 - INFO - Maximum log composite likelihood: -35.642787452.
2024-06-11 15:28:49,275 - INFO - Optimal value of theta: 6382.72271117.
2024-06-11 15:28:49,275 - INFO - Beginning optimization with guess, [0.91596103 0.01402889].
2024-06-11 15:28:50,903 - INFO - Finished optimization with guess, [0.91596103 0.01402889].
2024-06-11 15:28:50,904 - INFO - Best fit parameters: [0.67149452 0.58016874].
2024-06-11 15:28:50,942 - INFO - Maximum log composite likelihood: -34.560517531.
2024-06-11 15:28:50,942 - INFO - Optimal value of theta: 7411.09026616.
2024-06-11 15:28:50,942 - INFO - Beginning optimization with guess, [0.37083501 0.01776474].
2024-06-11 15:28:52,203 - INFO - Finished optimization with guess, [0.37083501 0.01776474].
2024-06-11 15:28:52,203 - INFO - Best fit parameters: [0.73647403 0.35574935].
2024-06-11 15:28:52,235 - INFO - Maximum log composite likelihood: -34.7374294904.
2024-06-11 15:28:52,235 - INFO - Optimal value of theta: 6674.52474218.
2024-06-11 15:28:52,235 - INFO - Beginning optimization with guess, [0.85602092 0.00729591].
2024-06-11 15:28:53,813 - INFO - Finished optimization with guess, [0.85602092 0.00729591].
2024-06-11 15:28:53,814 - INFO - Best fit parameters: [0.69169419 0.54478342].
2024-06-11 15:28:53,851 - INFO - Maximum log composite likelihood: -34.5670623912.
2024-06-11 15:28:53,851 - INFO - Optimal value of theta: 7210.87496772.
2024-06-11 15:28:53,851 - INFO - Beginning optimization with guess, [0.62805346 0.01397411].
2024-06-11 15:28:55,170 - INFO - Finished optimization with guess, [0.62805346 0.01397411].
2024-06-11 15:28:55,171 - INFO - Best fit parameters: [0.71955914 0.41997883].
2024-06-11 15:28:55,204 - INFO - Maximum log composite likelihood: -34.6576160758.
2024-06-11 15:28:55,204 - INFO - Optimal value of theta: 6854.29649627.
2024-06-11 15:28:55,204 - INFO - Beginning optimization with guess, [0.704456   0.00816782].
2024-06-11 15:28:56,556 - INFO - Finished optimization with guess, [0.704456   0.00816782].
2024-06-11 15:28:56,556 - INFO - Best fit parameters: [0.71663704 0.43791193].
2024-06-11 15:28:56,590 - INFO - Maximum log composite likelihood: -34.6333473534.
2024-06-11 15:28:56,590 - INFO - Optimal value of theta: 6897.11789403.
2024-06-11 15:28:56,590 - INFO - Beginning optimization with guess, [1.41954102 0.01176726].
2024-06-11 15:29:01,835 - INFO - Finished optimization with guess, [1.41954102 0.01176726].
2024-06-11 15:29:01,835 - INFO - Best fit parameters: [0.71228082 0.35406773].
2024-06-11 15:29:01,867 - INFO - Maximum log composite likelihood: -35.1530635669.
2024-06-11 15:29:01,868 - INFO - Optimal value of theta: 6783.38498358.
2024-06-11 15:29:01,868 - INFO - Beginning optimization with guess, [1.65878986 0.01435113].
2024-06-11 15:29:03,736 - INFO - Finished optimization with guess, [1.65878986 0.01435113].
2024-06-11 15:29:03,736 - INFO - Best fit parameters: [0.73125835 0.44552135].
2024-06-11 15:29:03,769 - INFO - Maximum log composite likelihood: -34.7012832233.
2024-06-11 15:29:03,770 - INFO - Optimal value of theta: 6829.98498879.
2024-06-11 15:29:03,770 - INFO - Beginning optimization with guess, [2.66879255 0.00958759].
2024-06-11 15:29:05,884 - INFO - Finished optimization with guess, [2.66879255 0.00958759].
2024-06-11 15:29:05,885 - INFO - Best fit parameters: [0.73213783 0.3899421 ].
2024-06-11 15:29:05,919 - INFO - Maximum log composite likelihood: -34.6794771882.
2024-06-11 15:29:05,919 - INFO - Optimal value of theta: 6746.00859656.
2024-06-11 15:29:05,919 - INFO - Beginning optimization with guess, [1.49862546 0.01862776].
2024-06-11 15:29:07,401 - INFO - Finished optimization with guess, [1.49862546 0.01862776].
2024-06-11 15:29:07,401 - INFO - Best fit parameters: [0.72027733 0.4092846 ].
2024-06-11 15:29:07,434 - INFO - Maximum log composite likelihood: -34.6813452677.
2024-06-11 15:29:07,435 - INFO - Optimal value of theta: 6834.17930096.
2024-06-11 15:29:07,435 - INFO - Beginning optimization with guess, [2.31088859 0.00512645].
2024-06-11 15:29:09,950 - INFO - Finished optimization with guess, [2.31088859 0.00512645].
2024-06-11 15:29:09,951 - INFO - Best fit parameters: [0.75366234 0.27540791].
2024-06-11 15:29:09,980 - INFO - Maximum log composite likelihood: -35.0820626332.
2024-06-11 15:29:09,980 - INFO - Optimal value of theta: 6480.8086061.
2024-06-11 15:29:09,981 - INFO - Beginning optimization with guess, [1.40309698 0.00685118].
2024-06-11 15:29:19,050 - INFO - Finished optimization with guess, [1.40309698 0.00685118].
2024-06-11 15:29:19,052 - INFO - Best fit parameters: [0.71457377 0.58941326].
2024-06-11 15:29:19,150 - INFO - Maximum log composite likelihood: -35.1815720409.
2024-06-11 15:29:19,150 - INFO - Optimal value of theta: 7119.4569874.
2024-06-11 15:29:19,151 - INFO - Beginning optimization with guess, [4.88259373 0.01044069].
2024-06-11 15:29:21,375 - INFO - Finished optimization with guess, [4.88259373 0.01044069].
2024-06-11 15:29:21,375 - INFO - Best fit parameters: [0.70653957 0.50471515].
2024-06-11 15:29:21,412 - INFO - Maximum log composite likelihood: -34.5877420151.
2024-06-11 15:29:21,412 - INFO - Optimal value of theta: 7055.11218229.
2024-06-11 15:29:21,412 - INFO - Beginning optimization with guess, [1.60224252 0.01208318].
2024-06-11 15:29:23,362 - INFO - Finished optimization with guess, [1.60224252 0.01208318].
2024-06-11 15:29:23,362 - INFO - Best fit parameters: [0.74536668 0.30183293].
2024-06-11 15:29:23,393 - INFO - Maximum log composite likelihood: -34.8953742434.
2024-06-11 15:29:23,393 - INFO - Optimal value of theta: 6553.67269834.
2024-06-11 15:29:23,394 - INFO - Beginning optimization with guess, [4.66175688 0.00578795].
2024-06-11 15:29:25,514 - INFO - Finished optimization with guess, [4.66175688 0.00578795].
2024-06-11 15:29:25,515 - INFO - Best fit parameters: [0.67356126 0.57170259].
2024-06-11 15:29:25,554 - INFO - Maximum log composite likelihood: -34.5672771364.
2024-06-11 15:29:25,554 - INFO - Optimal value of theta: 7381.90527198.
2024-06-11 15:29:25,554 - INFO - Beginning optimization with guess, [3.13767976 0.00660004].
2024-06-11 15:29:27,471 - INFO - Finished optimization with guess, [3.13767976 0.00660004].
2024-06-11 15:29:27,471 - INFO - Best fit parameters: [0.7131876  0.43808829].
2024-06-11 15:29:27,506 - INFO - Maximum log composite likelihood: -34.6553956854.
2024-06-11 15:29:27,506 - INFO - Optimal value of theta: 6916.23164776.
2024-06-11 15:29:27,506 - INFO - Beginning optimization with guess, [3.70876016 0.0140272 ].
2024-06-11 15:29:29,787 - INFO - Finished optimization with guess, [3.70876016 0.0140272 ].
2024-06-11 15:29:29,788 - INFO - Best fit parameters: [0.59955428 0.71432458].
2024-06-11 15:29:29,831 - INFO - Maximum log composite likelihood: -34.5396128205.
2024-06-11 15:29:29,831 - INFO - Optimal value of theta: 8321.32270603.
2024-06-11 15:29:29,831 - INFO - Beginning optimization with guess, [3.71118209 0.01784906].
2024-06-11 15:29:30,925 - INFO - Finished optimization with guess, [3.71118209 0.01784906].
2024-06-11 15:29:30,925 - INFO - Best fit parameters: [0.75628704 0.26108495].
2024-06-11 15:29:30,954 - INFO - Maximum log composite likelihood: -35.2054015744.
2024-06-11 15:29:30,954 - INFO - Optimal value of theta: 6448.73939131.
2024-06-11 15:29:30,954 - INFO - Beginning optimization with guess, [8.65616314 0.01519185].
2024-06-11 15:29:32,083 - INFO - Finished optimization with guess, [8.65616314 0.01519185].
2024-06-11 15:29:32,083 - INFO - Best fit parameters: [0.00812454 0.00017663].
2024-06-11 15:29:32,108 - INFO - Maximum log composite likelihood: -47.0158159442.
2024-06-11 15:29:32,108 - INFO - Optimal value of theta: 6086.67073948.
2024-06-11 15:29:32,109 - INFO - Beginning optimization with guess, [9.24035390e+00 6.75105657e-03].
2024-06-11 15:29:34,957 - INFO - Finished optimization with guess, [9.24035390e+00 6.75105657e-03].
2024-06-11 15:29:34,957 - INFO - Best fit parameters: [0.53770589 0.79551074].
2024-06-11 15:29:35,008 - INFO - Maximum log composite likelihood: -34.5484633548.
2024-06-11 15:29:35,009 - INFO - Optimal value of theta: 9324.66873353.
2024-06-11 15:29:35,009 - INFO - Beginning optimization with guess, [7.34742811 0.01406556].
2024-06-11 15:29:36,236 - INFO - Finished optimization with guess, [7.34742811 0.01406556].
2024-06-11 15:29:36,236 - INFO - Best fit parameters: [0.72502325 0.20509408].
2024-06-11 15:29:36,264 - INFO - Maximum log composite likelihood: -35.7282351284.
2024-06-11 15:29:36,264 - INFO - Optimal value of theta: 6447.17474352.
2024-06-11 15:29:36,267 - INFO - Finished demographic inference.
2024-06-11 15:29:36,267 - INFO - Pipeline executed succesfully.
