2022-07-14 15:30:38,723 - INFO - Beginning execution of compute_downsampled_sfs.py in directory /u/project/ngarud/jonmah/demo_for_ccgb/Scripts

2022-07-14 15:30:38,723 - INFO - Progress is being logged to ../Analysis/Coprococcus_sp_62244_downsampled/log.log

2022-07-14 15:30:38,723 - INFO - Parsed the following arguments:
	outprefix = ../Analysis/Coprococcus_sp_62244_downsampled/
	species = Coprococcus_sp_62244
	sample_size = 20

2022-07-14 15:32:27,764 - INFO - Beginning demographic inference for one-epoch demographic model.
2022-07-14 15:32:27,768 - INFO - Beginning optimization with guess, [0.11500677].
2022-07-14 15:32:28,083 - WARNING - /u/home/j/jonmah/project-ngarud/miniconda3/envs/dadi_env/lib/python2.7/site-packages/dadi/Inference.py:69: UserWarning: Warning: converting a masked element to nan.
  os.linesep))

2022-07-14 15:32:28,155 - WARNING - /u/home/j/jonmah/project-ngarud/miniconda3/envs/dadi_env/lib/python2.7/site-packages/scipy/optimize/optimize.py:670: UserWarning: Warning: converting a masked element to nan.
  grad[k] = (f(*((xk + d,) + args)) - f0) / d[k]

2022-07-14 15:32:28,157 - WARNING - /u/home/j/jonmah/project-ngarud/miniconda3/envs/dadi_env/lib/python2.7/site-packages/scipy/optimize/lbfgsb.py:328: UserWarning: Warning: converting a masked element to nan.
  isave, dsave, maxls)

2022-07-14 15:32:28,158 - INFO - Finished optimization with guess, [0.11500677].
2022-07-14 15:32:28,158 - INFO - Best fit parameters: [0.11500677].
2022-07-14 15:32:28,222 - INFO - Maximum log composite likelihood: nan.
2022-07-14 15:32:28,223 - INFO - Optimal value of theta: 0.0.
2022-07-14 15:32:28,223 - INFO - Beginning optimization with guess, [0.39081328].
2022-07-14 15:32:28,355 - INFO - Finished optimization with guess, [0.39081328].
2022-07-14 15:32:28,355 - INFO - Best fit parameters: [0.39081328].
2022-07-14 15:32:28,419 - INFO - Maximum log composite likelihood: nan.
2022-07-14 15:32:28,420 - INFO - Optimal value of theta: 0.0.
2022-07-14 15:32:28,420 - INFO - Beginning optimization with guess, [0.15156372].
2022-07-14 15:32:28,549 - INFO - Finished optimization with guess, [0.15156372].
2022-07-14 15:32:28,550 - INFO - Best fit parameters: [0.15156372].
2022-07-14 15:32:28,613 - INFO - Maximum log composite likelihood: nan.
2022-07-14 15:32:28,614 - INFO - Optimal value of theta: 0.0.
2022-07-14 15:32:28,614 - INFO - Beginning optimization with guess, [0.24195436].
2022-07-14 15:32:28,743 - INFO - Finished optimization with guess, [0.24195436].
2022-07-14 15:32:28,743 - INFO - Best fit parameters: [0.24195436].
2022-07-14 15:32:28,806 - INFO - Maximum log composite likelihood: nan.
2022-07-14 15:32:28,807 - INFO - Optimal value of theta: 0.0.
2022-07-14 15:32:28,807 - INFO - Beginning optimization with guess, [0.51900611].
2022-07-14 15:32:28,934 - INFO - Finished optimization with guess, [0.51900611].
2022-07-14 15:32:28,935 - INFO - Best fit parameters: [0.51900611].
2022-07-14 15:32:28,998 - INFO - Maximum log composite likelihood: nan.
2022-07-14 15:32:28,998 - INFO - Optimal value of theta: 0.0.
2022-07-14 15:32:28,999 - INFO - Beginning optimization with guess, [0.34263985].
2022-07-14 15:32:29,131 - INFO - Finished optimization with guess, [0.34263985].
2022-07-14 15:32:29,131 - INFO - Best fit parameters: [0.34263985].
2022-07-14 15:32:29,195 - INFO - Maximum log composite likelihood: nan.
2022-07-14 15:32:29,196 - INFO - Optimal value of theta: 0.0.
2022-07-14 15:32:29,196 - INFO - Beginning optimization with guess, [1.05979027].
2022-07-14 15:32:29,325 - INFO - Finished optimization with guess, [1.05979027].
2022-07-14 15:32:29,325 - INFO - Best fit parameters: [1.05979027].
2022-07-14 15:32:29,389 - INFO - Maximum log composite likelihood: nan.
2022-07-14 15:32:29,390 - INFO - Optimal value of theta: 0.0.
2022-07-14 15:32:29,390 - INFO - Beginning optimization with guess, [1.48722698].
2022-07-14 15:32:29,517 - INFO - Finished optimization with guess, [1.48722698].
2022-07-14 15:32:29,518 - INFO - Best fit parameters: [1.48722698].
2022-07-14 15:32:29,581 - INFO - Maximum log composite likelihood: nan.
2022-07-14 15:32:29,582 - INFO - Optimal value of theta: 0.0.
2022-07-14 15:32:29,583 - INFO - Beginning optimization with guess, [1.29223207].
2022-07-14 15:32:29,711 - INFO - Finished optimization with guess, [1.29223207].
2022-07-14 15:32:29,711 - INFO - Best fit parameters: [1.29223207].
2022-07-14 15:32:29,774 - INFO - Maximum log composite likelihood: nan.
2022-07-14 15:32:29,775 - INFO - Optimal value of theta: 0.0.
2022-07-14 15:32:29,775 - INFO - Beginning optimization with guess, [1.41663674].
2022-07-14 15:32:29,903 - INFO - Finished optimization with guess, [1.41663674].
2022-07-14 15:32:29,903 - INFO - Best fit parameters: [1.41663674].
2022-07-14 15:32:29,967 - INFO - Maximum log composite likelihood: nan.
2022-07-14 15:32:29,968 - INFO - Optimal value of theta: 0.0.
2022-07-14 15:32:29,968 - INFO - Beginning optimization with guess, [1.75675652].
2022-07-14 15:32:30,095 - INFO - Finished optimization with guess, [1.75675652].
2022-07-14 15:32:30,095 - INFO - Best fit parameters: [1.75675652].
2022-07-14 15:32:30,159 - INFO - Maximum log composite likelihood: nan.
2022-07-14 15:32:30,159 - INFO - Optimal value of theta: 0.0.
2022-07-14 15:32:30,160 - INFO - Beginning optimization with guess, [2.96216293].
2022-07-14 15:32:30,288 - INFO - Finished optimization with guess, [2.96216293].
2022-07-14 15:32:30,288 - INFO - Best fit parameters: [2.96216293].
2022-07-14 15:32:30,352 - INFO - Maximum log composite likelihood: nan.
2022-07-14 15:32:30,353 - INFO - Optimal value of theta: 0.0.
2022-07-14 15:32:30,354 - INFO - Beginning optimization with guess, [3.08035663].
2022-07-14 15:32:30,481 - INFO - Finished optimization with guess, [3.08035663].
2022-07-14 15:32:30,481 - INFO - Best fit parameters: [3.08035663].
2022-07-14 15:32:30,545 - INFO - Maximum log composite likelihood: nan.
2022-07-14 15:32:30,546 - INFO - Optimal value of theta: 0.0.
2022-07-14 15:32:30,546 - INFO - Beginning optimization with guess, [1.2479569].
2022-07-14 15:32:30,674 - INFO - Finished optimization with guess, [1.2479569].
2022-07-14 15:32:30,674 - INFO - Best fit parameters: [1.2479569].
2022-07-14 15:32:30,739 - INFO - Maximum log composite likelihood: nan.
2022-07-14 15:32:30,740 - INFO - Optimal value of theta: 0.0.
2022-07-14 15:32:30,741 - INFO - Beginning optimization with guess, [3.83738871].
2022-07-14 15:32:30,869 - INFO - Finished optimization with guess, [3.83738871].
2022-07-14 15:32:30,870 - INFO - Best fit parameters: [3.83738871].
2022-07-14 15:32:30,934 - INFO - Maximum log composite likelihood: nan.
2022-07-14 15:32:30,934 - INFO - Optimal value of theta: 0.0.
2022-07-14 15:32:30,935 - INFO - Beginning optimization with guess, [2.65431591].
2022-07-14 15:32:31,062 - INFO - Finished optimization with guess, [2.65431591].
2022-07-14 15:32:31,062 - INFO - Best fit parameters: [2.65431591].
2022-07-14 15:32:31,126 - INFO - Maximum log composite likelihood: nan.
2022-07-14 15:32:31,127 - INFO - Optimal value of theta: 0.0.
2022-07-14 15:32:31,127 - INFO - Beginning optimization with guess, [4.17656246].
2022-07-14 15:32:31,256 - INFO - Finished optimization with guess, [4.17656246].
2022-07-14 15:32:31,256 - INFO - Best fit parameters: [4.17656246].
2022-07-14 15:32:31,319 - INFO - Maximum log composite likelihood: nan.
2022-07-14 15:32:31,320 - INFO - Optimal value of theta: 0.0.
2022-07-14 15:32:31,321 - INFO - Beginning optimization with guess, [3.18551386].
2022-07-14 15:32:31,449 - INFO - Finished optimization with guess, [3.18551386].
2022-07-14 15:32:31,449 - INFO - Best fit parameters: [3.18551386].
2022-07-14 15:32:31,512 - INFO - Maximum log composite likelihood: nan.
2022-07-14 15:32:31,513 - INFO - Optimal value of theta: 0.0.
2022-07-14 15:32:31,513 - INFO - Beginning optimization with guess, [3.34319995].
2022-07-14 15:32:31,640 - INFO - Finished optimization with guess, [3.34319995].
2022-07-14 15:32:31,641 - INFO - Best fit parameters: [3.34319995].
2022-07-14 15:32:31,704 - INFO - Maximum log composite likelihood: nan.
2022-07-14 15:32:31,705 - INFO - Optimal value of theta: 0.0.
2022-07-14 15:32:31,705 - INFO - Beginning optimization with guess, [4.10493251].
2022-07-14 15:32:31,832 - INFO - Finished optimization with guess, [4.10493251].
2022-07-14 15:32:31,832 - INFO - Best fit parameters: [4.10493251].
2022-07-14 15:32:31,895 - INFO - Maximum log composite likelihood: nan.
2022-07-14 15:32:31,896 - INFO - Optimal value of theta: 0.0.
2022-07-14 15:32:31,896 - INFO - Beginning optimization with guess, [3.4321221].
2022-07-14 15:32:32,025 - INFO - Finished optimization with guess, [3.4321221].
2022-07-14 15:32:32,026 - INFO - Best fit parameters: [3.4321221].
2022-07-14 15:32:32,089 - INFO - Maximum log composite likelihood: nan.
2022-07-14 15:32:32,090 - INFO - Optimal value of theta: 0.0.
2022-07-14 15:32:32,090 - INFO - Beginning optimization with guess, [3.95188373].
2022-07-14 15:32:32,218 - INFO - Finished optimization with guess, [3.95188373].
2022-07-14 15:32:32,218 - INFO - Best fit parameters: [3.95188373].
2022-07-14 15:32:32,281 - INFO - Maximum log composite likelihood: nan.
2022-07-14 15:32:32,282 - INFO - Optimal value of theta: 0.0.
2022-07-14 15:32:32,282 - INFO - Beginning optimization with guess, [10.17470575].
2022-07-14 15:32:32,411 - INFO - Finished optimization with guess, [10.17470575].
2022-07-14 15:32:32,411 - INFO - Best fit parameters: [10.17470575].
2022-07-14 15:32:32,475 - INFO - Maximum log composite likelihood: nan.
2022-07-14 15:32:32,476 - INFO - Optimal value of theta: 0.0.
2022-07-14 15:32:32,476 - INFO - Beginning optimization with guess, [4.48203916].
2022-07-14 15:32:32,604 - INFO - Finished optimization with guess, [4.48203916].
2022-07-14 15:32:32,605 - INFO - Best fit parameters: [4.48203916].
2022-07-14 15:32:32,669 - INFO - Maximum log composite likelihood: nan.
2022-07-14 15:32:32,669 - INFO - Optimal value of theta: 0.0.
2022-07-14 15:32:32,670 - INFO - Beginning optimization with guess, [5.92127157].
2022-07-14 15:32:32,799 - INFO - Finished optimization with guess, [5.92127157].
2022-07-14 15:32:32,799 - INFO - Best fit parameters: [5.92127157].
2022-07-14 15:32:32,862 - INFO - Maximum log composite likelihood: nan.
2022-07-14 15:32:32,863 - INFO - Optimal value of theta: 0.0.
2022-07-14 15:32:32,868 - INFO - Beginning demographic inference for two-epoch demographic model.
2022-07-14 15:32:32,870 - INFO - Beginning optimization with guess, [1.23967688e-03 6.85675372e-06].
2022-07-14 15:32:33,066 - INFO - Finished optimization with guess, [1.23967688e-03 6.85675372e-06].
2022-07-14 15:32:33,066 - INFO - Best fit parameters: [1.23967688e-03 6.85675372e-06].
2022-07-14 15:32:33,130 - INFO - Maximum log composite likelihood: nan.
2022-07-14 15:32:33,131 - INFO - Optimal value of theta: 0.0.
2022-07-14 15:32:33,131 - INFO - Beginning optimization with guess, [1.95641685e-02 5.56225415e-06].
2022-07-14 15:32:33,325 - INFO - Finished optimization with guess, [1.95641685e-02 5.56225415e-06].
2022-07-14 15:32:33,325 - INFO - Best fit parameters: [1.95641685e-02 5.56225415e-06].
2022-07-14 15:32:33,389 - INFO - Maximum log composite likelihood: nan.
2022-07-14 15:32:33,390 - INFO - Optimal value of theta: 0.0.
2022-07-14 15:32:33,391 - INFO - Beginning optimization with guess, [2.47295700e-02 9.05526253e-06].
2022-07-14 15:32:33,586 - INFO - Finished optimization with guess, [2.47295700e-02 9.05526253e-06].
2022-07-14 15:32:33,586 - INFO - Best fit parameters: [2.47295700e-02 9.05526253e-06].
2022-07-14 15:32:33,651 - INFO - Maximum log composite likelihood: nan.
2022-07-14 15:32:33,651 - INFO - Optimal value of theta: 0.0.
2022-07-14 15:32:33,652 - INFO - Beginning optimization with guess, [1.66437982e-02 1.19483766e-05].
2022-07-14 15:32:33,848 - INFO - Finished optimization with guess, [1.66437982e-02 1.19483766e-05].
2022-07-14 15:32:33,849 - INFO - Best fit parameters: [1.66437982e-02 1.19483766e-05].
2022-07-14 15:32:33,914 - INFO - Maximum log composite likelihood: nan.
2022-07-14 15:32:33,914 - INFO - Optimal value of theta: 0.0.
2022-07-14 15:32:33,915 - INFO - Beginning optimization with guess, [4.03562763e-02 8.73125427e-06].
2022-07-14 15:32:34,114 - INFO - Finished optimization with guess, [4.03562763e-02 8.73125427e-06].
2022-07-14 15:32:34,115 - INFO - Best fit parameters: [4.03562763e-02 8.73125427e-06].
2022-07-14 15:32:34,179 - INFO - Maximum log composite likelihood: nan.
2022-07-14 15:32:34,179 - INFO - Optimal value of theta: 0.0.
2022-07-14 15:32:34,180 - INFO - Beginning optimization with guess, [2.62997484e-02 1.40798934e-05].
2022-07-14 15:32:34,377 - INFO - Finished optimization with guess, [2.62997484e-02 1.40798934e-05].
2022-07-14 15:32:34,377 - INFO - Best fit parameters: [2.62997484e-02 1.40798934e-05].
2022-07-14 15:32:34,442 - INFO - Maximum log composite likelihood: nan.
2022-07-14 15:32:34,442 - INFO - Optimal value of theta: 0.0.
2022-07-14 15:32:34,443 - INFO - Beginning optimization with guess, [3.69645198e-02 1.28449805e-05].
2022-07-14 15:32:34,636 - INFO - Finished optimization with guess, [3.69645198e-02 1.28449805e-05].
2022-07-14 15:32:34,636 - INFO - Best fit parameters: [3.69645198e-02 1.28449805e-05].
2022-07-14 15:32:34,701 - INFO - Maximum log composite likelihood: nan.
2022-07-14 15:32:34,702 - INFO - Optimal value of theta: 0.0.
2022-07-14 15:32:34,702 - INFO - Beginning optimization with guess, [6.74725216e-02 1.98681889e-05].
2022-07-14 15:32:34,897 - INFO - Finished optimization with guess, [6.74725216e-02 1.98681889e-05].
2022-07-14 15:32:34,897 - INFO - Best fit parameters: [6.74725216e-02 1.98681889e-05].
2022-07-14 15:32:34,962 - INFO - Maximum log composite likelihood: nan.
2022-07-14 15:32:34,963 - INFO - Optimal value of theta: 0.0.
2022-07-14 15:32:34,964 - INFO - Beginning optimization with guess, [1.29694465e-01 1.76476777e-05].
2022-07-14 15:32:35,158 - INFO - Finished optimization with guess, [1.29694465e-01 1.76476777e-05].
2022-07-14 15:32:35,159 - INFO - Best fit parameters: [1.29694465e-01 1.76476777e-05].
2022-07-14 15:32:35,224 - INFO - Maximum log composite likelihood: nan.
2022-07-14 15:32:35,224 - INFO - Optimal value of theta: 0.0.
2022-07-14 15:32:35,225 - INFO - Beginning optimization with guess, [8.06490169e-02 9.46716186e-06].
2022-07-14 15:32:35,419 - INFO - Finished optimization with guess, [8.06490169e-02 9.46716186e-06].
2022-07-14 15:32:35,419 - INFO - Best fit parameters: [8.06490169e-02 9.46716186e-06].
2022-07-14 15:32:35,485 - INFO - Maximum log composite likelihood: nan.
2022-07-14 15:32:35,485 - INFO - Optimal value of theta: 0.0.
2022-07-14 15:32:35,486 - INFO - Beginning optimization with guess, [1.65567133e-01 6.44892692e-06].
2022-07-14 15:32:35,680 - INFO - Finished optimization with guess, [1.65567133e-01 6.44892692e-06].
2022-07-14 15:32:35,680 - INFO - Best fit parameters: [1.65567133e-01 6.44892692e-06].
2022-07-14 15:32:35,745 - INFO - Maximum log composite likelihood: nan.
2022-07-14 15:32:35,746 - INFO - Optimal value of theta: 0.0.
2022-07-14 15:32:35,746 - INFO - Beginning optimization with guess, [1.63415554e-01 1.31815039e-05].
2022-07-14 15:32:35,942 - INFO - Finished optimization with guess, [1.63415554e-01 1.31815039e-05].
2022-07-14 15:32:35,943 - INFO - Best fit parameters: [1.63415554e-01 1.31815039e-05].
2022-07-14 15:32:36,007 - INFO - Maximum log composite likelihood: nan.
2022-07-14 15:32:36,007 - INFO - Optimal value of theta: 0.0.
2022-07-14 15:32:36,008 - INFO - Beginning optimization with guess, [2.36131878e-01 1.30089636e-05].
2022-07-14 15:32:36,202 - INFO - Finished optimization with guess, [2.36131878e-01 1.30089636e-05].
2022-07-14 15:32:36,202 - INFO - Best fit parameters: [2.36131878e-01 1.30089636e-05].
2022-07-14 15:32:36,266 - INFO - Maximum log composite likelihood: nan.
2022-07-14 15:32:36,267 - INFO - Optimal value of theta: 0.0.
2022-07-14 15:32:36,268 - INFO - Beginning optimization with guess, [7.28637255e-01 6.81963979e-06].
2022-07-14 15:32:36,464 - INFO - Finished optimization with guess, [7.28637255e-01 6.81963979e-06].
2022-07-14 15:32:36,464 - INFO - Best fit parameters: [7.28637255e-01 6.81963979e-06].
2022-07-14 15:32:36,529 - INFO - Maximum log composite likelihood: nan.
2022-07-14 15:32:36,530 - INFO - Optimal value of theta: 0.0.
2022-07-14 15:32:36,531 - INFO - Beginning optimization with guess, [9.71386680e-01 1.32412633e-05].
2022-07-14 15:32:36,727 - INFO - Finished optimization with guess, [9.71386680e-01 1.32412633e-05].
2022-07-14 15:32:36,727 - INFO - Best fit parameters: [9.71386680e-01 1.32412633e-05].
2022-07-14 15:32:36,792 - INFO - Maximum log composite likelihood: nan.
2022-07-14 15:32:36,793 - INFO - Optimal value of theta: 0.0.
2022-07-14 15:32:36,793 - INFO - Beginning optimization with guess, [9.17851860e-01 7.01980816e-06].
2022-07-14 15:32:36,988 - INFO - Finished optimization with guess, [9.17851860e-01 7.01980816e-06].
2022-07-14 15:32:36,988 - INFO - Best fit parameters: [9.17851860e-01 7.01980816e-06].
2022-07-14 15:32:37,054 - INFO - Maximum log composite likelihood: nan.
2022-07-14 15:32:37,054 - INFO - Optimal value of theta: 0.0.
2022-07-14 15:32:37,055 - INFO - Beginning optimization with guess, [6.47768482e-01 1.42639094e-05].
2022-07-14 15:32:37,250 - INFO - Finished optimization with guess, [6.47768482e-01 1.42639094e-05].
2022-07-14 15:32:37,250 - INFO - Best fit parameters: [6.47768482e-01 1.42639094e-05].
2022-07-14 15:32:37,317 - INFO - Maximum log composite likelihood: nan.
2022-07-14 15:32:37,318 - INFO - Optimal value of theta: 0.0.
2022-07-14 15:32:37,319 - INFO - Beginning optimization with guess, [1.36848643e+00 7.13292919e-06].
2022-07-14 15:32:37,514 - INFO - Finished optimization with guess, [1.36848643e+00 7.13292919e-06].
2022-07-14 15:32:37,514 - INFO - Best fit parameters: [1.36848643e+00 7.13292919e-06].
2022-07-14 15:32:37,579 - INFO - Maximum log composite likelihood: nan.
2022-07-14 15:32:37,580 - INFO - Optimal value of theta: 0.0.
2022-07-14 15:32:37,580 - INFO - Beginning optimization with guess, [1.13460949e+00 1.59365719e-05].
2022-07-14 15:32:37,775 - INFO - Finished optimization with guess, [1.13460949e+00 1.59365719e-05].
2022-07-14 15:32:37,776 - INFO - Best fit parameters: [1.13460949e+00 1.59365719e-05].
2022-07-14 15:32:37,840 - INFO - Maximum log composite likelihood: nan.
2022-07-14 15:32:37,841 - INFO - Optimal value of theta: 0.0.
2022-07-14 15:32:37,841 - INFO - Beginning optimization with guess, [6.27216969e-01 1.58810040e-05].
2022-07-14 15:32:38,035 - INFO - Finished optimization with guess, [6.27216969e-01 1.58810040e-05].
2022-07-14 15:32:38,035 - INFO - Best fit parameters: [6.27216969e-01 1.58810040e-05].
2022-07-14 15:32:38,100 - INFO - Maximum log composite likelihood: nan.
2022-07-14 15:32:38,101 - INFO - Optimal value of theta: 0.0.
2022-07-14 15:32:38,101 - INFO - Beginning optimization with guess, [1.86513650e+00 7.33038068e-06].
2022-07-14 15:32:38,295 - INFO - Finished optimization with guess, [1.86513650e+00 7.33038068e-06].
2022-07-14 15:32:38,295 - INFO - Best fit parameters: [1.86513650e+00 7.33038068e-06].
2022-07-14 15:32:38,360 - INFO - Maximum log composite likelihood: nan.
2022-07-14 15:32:38,361 - INFO - Optimal value of theta: 0.0.
2022-07-14 15:32:38,361 - INFO - Beginning optimization with guess, [3.08072947e+00 6.13178996e-06].
2022-07-14 15:32:38,554 - INFO - Finished optimization with guess, [3.08072947e+00 6.13178996e-06].
2022-07-14 15:32:38,555 - INFO - Best fit parameters: [3.08072947e+00 6.13178996e-06].
2022-07-14 15:32:38,619 - INFO - Maximum log composite likelihood: nan.
2022-07-14 15:32:38,620 - INFO - Optimal value of theta: 0.0.
2022-07-14 15:32:38,620 - INFO - Beginning optimization with guess, [7.52335907e+00 1.41880751e-05].
2022-07-14 15:32:38,815 - INFO - Finished optimization with guess, [7.52335907e+00 1.41880751e-05].
2022-07-14 15:32:38,815 - INFO - Best fit parameters: [7.52335907e+00 1.41880751e-05].
2022-07-14 15:32:38,879 - INFO - Maximum log composite likelihood: nan.
2022-07-14 15:32:38,880 - INFO - Optimal value of theta: 0.0.
2022-07-14 15:32:38,880 - INFO - Beginning optimization with guess, [5.32598590e+00 1.86503316e-05].
2022-07-14 15:32:39,079 - INFO - Finished optimization with guess, [5.32598590e+00 1.86503316e-05].
2022-07-14 15:32:39,079 - INFO - Best fit parameters: [5.32598590e+00 1.86503316e-05].
2022-07-14 15:32:39,144 - INFO - Maximum log composite likelihood: nan.
2022-07-14 15:32:39,144 - INFO - Optimal value of theta: 0.0.
2022-07-14 15:32:39,145 - INFO - Beginning optimization with guess, [5.34579098e+00 5.22025878e-06].
2022-07-14 15:32:39,341 - INFO - Finished optimization with guess, [5.34579098e+00 5.22025878e-06].
2022-07-14 15:32:39,341 - INFO - Best fit parameters: [5.34579098e+00 5.22025878e-06].
2022-07-14 15:32:39,406 - INFO - Maximum log composite likelihood: nan.
2022-07-14 15:32:39,407 - INFO - Optimal value of theta: 0.0.
2022-07-14 15:32:39,411 - INFO - Beginning demographic inference for exponential growth demographic model.
2022-07-14 15:32:39,413 - INFO - Beginning optimization with guess, [1.63115771e-03 1.32524981e-05].
2022-07-14 15:32:39,608 - INFO - Finished optimization with guess, [1.63115771e-03 1.32524981e-05].
2022-07-14 15:32:39,608 - INFO - Best fit parameters: [1.63115771e-03 1.32524981e-05].
2022-07-14 15:32:39,673 - INFO - Maximum log composite likelihood: nan.
2022-07-14 15:32:39,674 - INFO - Optimal value of theta: 0.0.
2022-07-14 15:32:39,675 - INFO - Beginning optimization with guess, [1.66309121e-02 7.27595858e-06].
2022-07-14 15:32:39,870 - INFO - Finished optimization with guess, [1.66309121e-02 7.27595858e-06].
2022-07-14 15:32:39,871 - INFO - Best fit parameters: [1.66309121e-02 7.27595858e-06].
2022-07-14 15:32:39,935 - INFO - Maximum log composite likelihood: nan.
2022-07-14 15:32:39,935 - INFO - Optimal value of theta: 0.0.
2022-07-14 15:32:39,936 - INFO - Beginning optimization with guess, [2.25694724e-02 7.53065137e-06].
2022-07-14 15:32:40,130 - INFO - Finished optimization with guess, [2.25694724e-02 7.53065137e-06].
2022-07-14 15:32:40,130 - INFO - Best fit parameters: [2.25694724e-02 7.53065137e-06].
2022-07-14 15:32:40,194 - INFO - Maximum log composite likelihood: nan.
2022-07-14 15:32:40,195 - INFO - Optimal value of theta: 0.0.
2022-07-14 15:32:40,195 - INFO - Beginning optimization with guess, [5.97250384e-02 1.42314817e-05].
2022-07-14 15:32:40,391 - INFO - Finished optimization with guess, [5.97250384e-02 1.42314817e-05].
2022-07-14 15:32:40,391 - INFO - Best fit parameters: [5.97250384e-02 1.42314817e-05].
2022-07-14 15:32:40,455 - INFO - Maximum log composite likelihood: nan.
2022-07-14 15:32:40,455 - INFO - Optimal value of theta: 0.0.
2022-07-14 15:32:40,456 - INFO - Beginning optimization with guess, [4.36284811e-02 9.62104160e-06].
2022-07-14 15:32:40,650 - INFO - Finished optimization with guess, [4.36284811e-02 9.62104160e-06].
2022-07-14 15:32:40,651 - INFO - Best fit parameters: [4.36284811e-02 9.62104160e-06].
2022-07-14 15:32:40,715 - INFO - Maximum log composite likelihood: nan.
2022-07-14 15:32:40,716 - INFO - Optimal value of theta: 0.0.
2022-07-14 15:32:40,716 - INFO - Beginning optimization with guess, [4.92858908e-02 1.91177190e-05].
2022-07-14 15:32:40,909 - INFO - Finished optimization with guess, [4.92858908e-02 1.91177190e-05].
2022-07-14 15:32:40,909 - INFO - Best fit parameters: [4.92858908e-02 1.91177190e-05].
2022-07-14 15:32:40,973 - INFO - Maximum log composite likelihood: nan.
2022-07-14 15:32:40,973 - INFO - Optimal value of theta: 0.0.
2022-07-14 15:32:40,974 - INFO - Beginning optimization with guess, [8.25003877e-02 8.45858374e-06].
2022-07-14 15:32:41,166 - INFO - Finished optimization with guess, [8.25003877e-02 8.45858374e-06].
2022-07-14 15:32:41,166 - INFO - Best fit parameters: [8.25003877e-02 8.45858374e-06].
2022-07-14 15:32:41,230 - INFO - Maximum log composite likelihood: nan.
2022-07-14 15:32:41,231 - INFO - Optimal value of theta: 0.0.
2022-07-14 15:32:41,231 - INFO - Beginning optimization with guess, [5.9824499e-02 1.7115539e-05].
2022-07-14 15:32:41,424 - INFO - Finished optimization with guess, [5.9824499e-02 1.7115539e-05].
2022-07-14 15:32:41,424 - INFO - Best fit parameters: [5.9824499e-02 1.7115539e-05].
2022-07-14 15:32:41,489 - INFO - Maximum log composite likelihood: nan.
2022-07-14 15:32:41,489 - INFO - Optimal value of theta: 0.0.
2022-07-14 15:32:41,490 - INFO - Beginning optimization with guess, [8.20948071e-02 1.16185116e-05].
2022-07-14 15:32:41,685 - INFO - Finished optimization with guess, [8.20948071e-02 1.16185116e-05].
2022-07-14 15:32:41,686 - INFO - Best fit parameters: [8.20948071e-02 1.16185116e-05].
2022-07-14 15:32:41,751 - INFO - Maximum log composite likelihood: nan.
2022-07-14 15:32:41,752 - INFO - Optimal value of theta: 0.0.
2022-07-14 15:32:41,753 - INFO - Beginning optimization with guess, [6.15524538e-02 1.94921184e-05].
2022-07-14 15:32:41,945 - INFO - Finished optimization with guess, [6.15524538e-02 1.94921184e-05].
2022-07-14 15:32:41,945 - INFO - Best fit parameters: [6.15524538e-02 1.94921184e-05].
2022-07-14 15:32:42,009 - INFO - Maximum log composite likelihood: nan.
2022-07-14 15:32:42,010 - INFO - Optimal value of theta: 0.0.
2022-07-14 15:32:42,011 - INFO - Beginning optimization with guess, [1.06347650e-01 1.71247037e-05].
2022-07-14 15:32:42,205 - INFO - Finished optimization with guess, [1.06347650e-01 1.71247037e-05].
2022-07-14 15:32:42,205 - INFO - Best fit parameters: [1.06347650e-01 1.71247037e-05].
2022-07-14 15:32:42,270 - INFO - Maximum log composite likelihood: nan.
2022-07-14 15:32:42,270 - INFO - Optimal value of theta: 0.0.
2022-07-14 15:32:42,271 - INFO - Beginning optimization with guess, [1.67487914e-01 1.16366595e-05].
2022-07-14 15:32:42,464 - INFO - Finished optimization with guess, [1.67487914e-01 1.16366595e-05].
2022-07-14 15:32:42,465 - INFO - Best fit parameters: [1.67487914e-01 1.16366595e-05].
2022-07-14 15:32:42,529 - INFO - Maximum log composite likelihood: nan.
2022-07-14 15:32:42,530 - INFO - Optimal value of theta: 0.0.
2022-07-14 15:32:42,530 - INFO - Beginning optimization with guess, [1.58867946e-01 9.16039750e-06].
2022-07-14 15:32:42,725 - INFO - Finished optimization with guess, [1.58867946e-01 9.16039750e-06].
2022-07-14 15:32:42,726 - INFO - Best fit parameters: [1.58867946e-01 9.16039750e-06].
2022-07-14 15:32:42,790 - INFO - Maximum log composite likelihood: nan.
2022-07-14 15:32:42,790 - INFO - Optimal value of theta: 0.0.
2022-07-14 15:32:42,791 - INFO - Beginning optimization with guess, [7.24397461e-01 5.46115506e-06].
2022-07-14 15:32:42,985 - INFO - Finished optimization with guess, [7.24397461e-01 5.46115506e-06].
2022-07-14 15:32:42,985 - INFO - Best fit parameters: [7.24397461e-01 5.46115506e-06].
2022-07-14 15:32:43,049 - INFO - Maximum log composite likelihood: nan.
2022-07-14 15:32:43,049 - INFO - Optimal value of theta: 0.0.
2022-07-14 15:32:43,050 - INFO - Beginning optimization with guess, [3.62381814e-01 1.13441120e-05].
2022-07-14 15:32:43,243 - INFO - Finished optimization with guess, [3.62381814e-01 1.13441120e-05].
2022-07-14 15:32:43,243 - INFO - Best fit parameters: [3.62381814e-01 1.13441120e-05].
2022-07-14 15:32:43,307 - INFO - Maximum log composite likelihood: nan.
2022-07-14 15:32:43,308 - INFO - Optimal value of theta: 0.0.
2022-07-14 15:32:43,309 - INFO - Beginning optimization with guess, [9.38818287e-01 6.63761050e-06].
2022-07-14 15:32:43,502 - INFO - Finished optimization with guess, [9.38818287e-01 6.63761050e-06].
2022-07-14 15:32:43,502 - INFO - Best fit parameters: [9.38818287e-01 6.63761050e-06].
2022-07-14 15:32:43,566 - INFO - Maximum log composite likelihood: nan.
2022-07-14 15:32:43,567 - INFO - Optimal value of theta: 0.0.
2022-07-14 15:32:43,567 - INFO - Beginning optimization with guess, [1.30926360e+00 5.20269664e-06].
2022-07-14 15:32:43,759 - INFO - Finished optimization with guess, [1.30926360e+00 5.20269664e-06].
2022-07-14 15:32:43,760 - INFO - Best fit parameters: [1.30926360e+00 5.20269664e-06].
2022-07-14 15:32:43,824 - INFO - Maximum log composite likelihood: nan.
2022-07-14 15:32:43,824 - INFO - Optimal value of theta: 0.0.
2022-07-14 15:32:43,825 - INFO - Beginning optimization with guess, [4.46166932e-01 5.02775356e-06].
2022-07-14 15:32:44,017 - INFO - Finished optimization with guess, [4.46166932e-01 5.02775356e-06].
2022-07-14 15:32:44,017 - INFO - Best fit parameters: [4.46166932e-01 5.02775356e-06].
2022-07-14 15:32:44,083 - INFO - Maximum log composite likelihood: nan.
2022-07-14 15:32:44,084 - INFO - Optimal value of theta: 0.0.
2022-07-14 15:32:44,084 - INFO - Beginning optimization with guess, [8.80916144e-01 1.38038788e-05].
2022-07-14 15:32:44,279 - INFO - Finished optimization with guess, [8.80916144e-01 1.38038788e-05].
2022-07-14 15:32:44,279 - INFO - Best fit parameters: [8.80916144e-01 1.38038788e-05].
2022-07-14 15:32:44,344 - INFO - Maximum log composite likelihood: nan.
2022-07-14 15:32:44,345 - INFO - Optimal value of theta: 0.0.
2022-07-14 15:32:44,345 - INFO - Beginning optimization with guess, [1.05612556e+00 5.52634574e-06].
2022-07-14 15:32:44,539 - INFO - Finished optimization with guess, [1.05612556e+00 5.52634574e-06].
2022-07-14 15:32:44,539 - INFO - Best fit parameters: [1.05612556e+00 5.52634574e-06].
2022-07-14 15:32:44,604 - INFO - Maximum log composite likelihood: nan.
2022-07-14 15:32:44,604 - INFO - Optimal value of theta: 0.0.
2022-07-14 15:32:44,605 - INFO - Beginning optimization with guess, [3.69191427e+00 7.01387886e-06].
2022-07-14 15:32:44,799 - INFO - Finished optimization with guess, [3.69191427e+00 7.01387886e-06].
2022-07-14 15:32:44,799 - INFO - Best fit parameters: [3.69191427e+00 7.01387886e-06].
2022-07-14 15:32:44,863 - INFO - Maximum log composite likelihood: nan.
2022-07-14 15:32:44,864 - INFO - Optimal value of theta: 0.0.
2022-07-14 15:32:44,864 - INFO - Beginning optimization with guess, [4.57505963e+00 5.95278181e-06].
2022-07-14 15:32:45,056 - INFO - Finished optimization with guess, [4.57505963e+00 5.95278181e-06].
2022-07-14 15:32:45,057 - INFO - Best fit parameters: [4.57505963e+00 5.95278181e-06].
2022-07-14 15:32:45,120 - INFO - Maximum log composite likelihood: nan.
2022-07-14 15:32:45,121 - INFO - Optimal value of theta: 0.0.
2022-07-14 15:32:45,122 - INFO - Beginning optimization with guess, [3.47024714e+00 1.54224437e-05].
2022-07-14 15:32:45,322 - INFO - Finished optimization with guess, [3.47024714e+00 1.54224437e-05].
2022-07-14 15:32:45,323 - INFO - Best fit parameters: [3.47024714e+00 1.54224437e-05].
2022-07-14 15:32:45,389 - INFO - Maximum log composite likelihood: nan.
2022-07-14 15:32:45,390 - INFO - Optimal value of theta: 0.0.
2022-07-14 15:32:45,391 - INFO - Beginning optimization with guess, [1.00253193e+01 1.98502251e-05].
2022-07-14 15:32:45,587 - INFO - Finished optimization with guess, [1.00253193e+01 1.98502251e-05].
2022-07-14 15:32:45,587 - INFO - Best fit parameters: [1.00253193e+01 1.98502251e-05].
2022-07-14 15:32:45,652 - INFO - Maximum log composite likelihood: nan.
2022-07-14 15:32:45,652 - INFO - Optimal value of theta: 0.0.
2022-07-14 15:32:45,653 - INFO - Beginning optimization with guess, [9.64235375e+00 8.30794053e-06].
2022-07-14 15:32:45,846 - INFO - Finished optimization with guess, [9.64235375e+00 8.30794053e-06].
2022-07-14 15:32:45,846 - INFO - Best fit parameters: [9.64235375e+00 8.30794053e-06].
2022-07-14 15:32:45,911 - INFO - Maximum log composite likelihood: nan.
2022-07-14 15:32:45,912 - INFO - Optimal value of theta: 0.0.
2022-07-14 15:32:45,916 - INFO - Beginning demographic inference for bottleneck + growth demographic model.
2022-07-14 15:32:45,919 - INFO - Beginning optimization with guess, [8.05974163e-04 9.54077512e-04 9.52408020e-07].
2022-07-14 15:32:46,183 - INFO - Finished optimization with guess, [8.05974163e-04 9.54077512e-04 9.52408020e-07].
2022-07-14 15:32:46,183 - INFO - Best fit parameters: [8.05974163e-04 9.54077512e-04 9.52408020e-07].
2022-07-14 15:32:46,250 - INFO - Maximum log composite likelihood: nan.
2022-07-14 15:32:46,251 - INFO - Optimal value of theta: 0.0.
2022-07-14 15:32:46,251 - INFO - Beginning optimization with guess, [8.25919284e-03 5.79661579e-03 1.12890957e-06].
2022-07-14 15:32:46,516 - INFO - Finished optimization with guess, [8.25919284e-03 5.79661579e-03 1.12890957e-06].
2022-07-14 15:32:46,516 - INFO - Best fit parameters: [8.25919284e-03 5.79661579e-03 1.12890957e-06].
2022-07-14 15:32:46,581 - INFO - Maximum log composite likelihood: nan.
2022-07-14 15:32:46,582 - INFO - Optimal value of theta: 0.0.
2022-07-14 15:32:46,582 - INFO - Beginning optimization with guess, [1.83180481e-02 2.39124523e-02 1.45408344e-06].
2022-07-14 15:32:46,841 - INFO - Finished optimization with guess, [1.83180481e-02 2.39124523e-02 1.45408344e-06].
2022-07-14 15:32:46,841 - INFO - Best fit parameters: [1.83180481e-02 2.39124523e-02 1.45408344e-06].
2022-07-14 15:32:46,906 - INFO - Maximum log composite likelihood: nan.
2022-07-14 15:32:46,907 - INFO - Optimal value of theta: 0.0.
2022-07-14 15:32:46,907 - INFO - Beginning optimization with guess, [3.02071340e-02 1.54354848e-02 6.22909644e-07].
2022-07-14 15:32:47,168 - INFO - Finished optimization with guess, [3.02071340e-02 1.54354848e-02 6.22909644e-07].
2022-07-14 15:32:47,168 - INFO - Best fit parameters: [3.02071340e-02 1.54354848e-02 6.22909644e-07].
2022-07-14 15:32:47,232 - INFO - Maximum log composite likelihood: nan.
2022-07-14 15:32:47,233 - INFO - Optimal value of theta: 0.0.
2022-07-14 15:32:47,233 - INFO - Beginning optimization with guess, [3.25023705e-02 7.29246547e-02 1.83628967e-06].
2022-07-14 15:32:47,493 - INFO - Finished optimization with guess, [3.25023705e-02 7.29246547e-02 1.83628967e-06].
2022-07-14 15:32:47,494 - INFO - Best fit parameters: [3.25023705e-02 7.29246547e-02 1.83628967e-06].
2022-07-14 15:32:47,558 - INFO - Maximum log composite likelihood: nan.
2022-07-14 15:32:47,559 - INFO - Optimal value of theta: 0.0.
2022-07-14 15:32:47,559 - INFO - Beginning optimization with guess, [3.51091124e-02 3.06370821e-02 1.41066971e-06].
2022-07-14 15:32:47,818 - INFO - Finished optimization with guess, [3.51091124e-02 3.06370821e-02 1.41066971e-06].
2022-07-14 15:32:47,818 - INFO - Best fit parameters: [3.51091124e-02 3.06370821e-02 1.41066971e-06].
2022-07-14 15:32:47,882 - INFO - Maximum log composite likelihood: nan.
2022-07-14 15:32:47,883 - INFO - Optimal value of theta: 0.0.
2022-07-14 15:32:47,883 - INFO - Beginning optimization with guess, [3.14254987e-02 3.01684221e-02 1.25833291e-06].
2022-07-14 15:32:48,144 - INFO - Finished optimization with guess, [3.14254987e-02 3.01684221e-02 1.25833291e-06].
2022-07-14 15:32:48,145 - INFO - Best fit parameters: [3.14254987e-02 3.01684221e-02 1.25833291e-06].
2022-07-14 15:32:48,209 - INFO - Maximum log composite likelihood: nan.
2022-07-14 15:32:48,210 - INFO - Optimal value of theta: 0.0.
2022-07-14 15:32:48,210 - INFO - Beginning optimization with guess, [1.04216129e-01 3.61994728e-02 9.43217122e-07].
2022-07-14 15:32:48,468 - INFO - Finished optimization with guess, [1.04216129e-01 3.61994728e-02 9.43217122e-07].
2022-07-14 15:32:48,469 - INFO - Best fit parameters: [1.04216129e-01 3.61994728e-02 9.43217122e-07].
2022-07-14 15:32:48,547 - INFO - Maximum log composite likelihood: nan.
2022-07-14 15:32:48,548 - INFO - Optimal value of theta: 0.0.
2022-07-14 15:32:48,548 - INFO - Beginning optimization with guess, [6.18674983e-02 9.57980125e-02 7.24077144e-07].
2022-07-14 15:32:48,836 - INFO - Finished optimization with guess, [6.18674983e-02 9.57980125e-02 7.24077144e-07].
2022-07-14 15:32:48,837 - INFO - Best fit parameters: [6.18674983e-02 9.57980125e-02 7.24077144e-07].
2022-07-14 15:32:48,908 - INFO - Maximum log composite likelihood: nan.
2022-07-14 15:32:48,909 - INFO - Optimal value of theta: 0.0.
2022-07-14 15:32:48,910 - INFO - Beginning optimization with guess, [6.30104864e-02 1.34644876e-01 6.03932469e-07].
2022-07-14 15:32:49,183 - INFO - Finished optimization with guess, [6.30104864e-02 1.34644876e-01 6.03932469e-07].
2022-07-14 15:32:49,183 - INFO - Best fit parameters: [6.30104864e-02 1.34644876e-01 6.03932469e-07].
2022-07-14 15:32:49,248 - INFO - Maximum log composite likelihood: nan.
2022-07-14 15:32:49,248 - INFO - Optimal value of theta: 0.0.
2022-07-14 15:32:49,249 - INFO - Beginning optimization with guess, [1.42894022e-01 1.10842504e-01 5.56074766e-07].
2022-07-14 15:32:49,508 - INFO - Finished optimization with guess, [1.42894022e-01 1.10842504e-01 5.56074766e-07].
2022-07-14 15:32:49,508 - INFO - Best fit parameters: [1.42894022e-01 1.10842504e-01 5.56074766e-07].
2022-07-14 15:32:49,572 - INFO - Maximum log composite likelihood: nan.
2022-07-14 15:32:49,573 - INFO - Optimal value of theta: 0.0.
2022-07-14 15:32:49,573 - INFO - Beginning optimization with guess, [1.26597575e-01 1.17941913e-01 1.44783513e-06].
2022-07-14 15:32:49,832 - INFO - Finished optimization with guess, [1.26597575e-01 1.17941913e-01 1.44783513e-06].
2022-07-14 15:32:49,833 - INFO - Best fit parameters: [1.26597575e-01 1.17941913e-01 1.44783513e-06].
2022-07-14 15:32:49,897 - INFO - Maximum log composite likelihood: nan.
2022-07-14 15:32:49,898 - INFO - Optimal value of theta: 0.0.
2022-07-14 15:32:49,898 - INFO - Beginning optimization with guess, [4.04693567e-01 3.70723749e-01 1.32607688e-06].
2022-07-14 15:32:50,155 - INFO - Finished optimization with guess, [4.04693567e-01 3.70723749e-01 1.32607688e-06].
2022-07-14 15:32:50,155 - INFO - Best fit parameters: [4.04693567e-01 3.70723749e-01 1.32607688e-06].
2022-07-14 15:32:50,219 - INFO - Maximum log composite likelihood: nan.
2022-07-14 15:32:50,220 - INFO - Optimal value of theta: 0.0.
2022-07-14 15:32:50,220 - INFO - Beginning optimization with guess, [3.04352505e-01 4.06301043e-01 1.55082023e-06].
2022-07-14 15:32:50,480 - INFO - Finished optimization with guess, [3.04352505e-01 4.06301043e-01 1.55082023e-06].
2022-07-14 15:32:50,481 - INFO - Best fit parameters: [3.04352505e-01 4.06301043e-01 1.55082023e-06].
2022-07-14 15:32:50,545 - INFO - Maximum log composite likelihood: nan.
2022-07-14 15:32:50,545 - INFO - Optimal value of theta: 0.0.
2022-07-14 15:32:50,546 - INFO - Beginning optimization with guess, [3.49554949e-01 2.54485123e-01 5.06586467e-07].
2022-07-14 15:32:50,804 - INFO - Finished optimization with guess, [3.49554949e-01 2.54485123e-01 5.06586467e-07].
2022-07-14 15:32:50,804 - INFO - Best fit parameters: [3.49554949e-01 2.54485123e-01 5.06586467e-07].
2022-07-14 15:32:50,869 - INFO - Maximum log composite likelihood: nan.
2022-07-14 15:32:50,870 - INFO - Optimal value of theta: 0.0.
2022-07-14 15:32:50,870 - INFO - Beginning optimization with guess, [6.17340504e-01 6.31140308e-01 1.18975098e-06].
2022-07-14 15:32:51,128 - INFO - Finished optimization with guess, [6.17340504e-01 6.31140308e-01 1.18975098e-06].
2022-07-14 15:32:51,128 - INFO - Best fit parameters: [6.17340504e-01 6.31140308e-01 1.18975098e-06].
2022-07-14 15:32:51,192 - INFO - Maximum log composite likelihood: nan.
2022-07-14 15:32:51,193 - INFO - Optimal value of theta: 0.0.
2022-07-14 15:32:51,193 - INFO - Beginning optimization with guess, [4.89290139e-01 4.63382542e-01 1.35760694e-06].
2022-07-14 15:32:51,454 - INFO - Finished optimization with guess, [4.89290139e-01 4.63382542e-01 1.35760694e-06].
2022-07-14 15:32:51,455 - INFO - Best fit parameters: [4.89290139e-01 4.63382542e-01 1.35760694e-06].
2022-07-14 15:32:51,519 - INFO - Maximum log composite likelihood: nan.
2022-07-14 15:32:51,520 - INFO - Optimal value of theta: 0.0.
2022-07-14 15:32:51,520 - INFO - Beginning optimization with guess, [1.01581953e+00 5.39956695e-01 1.86020546e-06].
2022-07-14 15:32:51,779 - INFO - Finished optimization with guess, [1.01581953e+00 5.39956695e-01 1.86020546e-06].
2022-07-14 15:32:51,779 - INFO - Best fit parameters: [1.01581953e+00 5.39956695e-01 1.86020546e-06].
2022-07-14 15:32:51,844 - INFO - Maximum log composite likelihood: nan.
2022-07-14 15:32:51,845 - INFO - Optimal value of theta: 0.0.
2022-07-14 15:32:51,845 - INFO - Beginning optimization with guess, [8.69424265e-01 7.62491687e-01 6.29921871e-07].
2022-07-14 15:32:52,103 - INFO - Finished optimization with guess, [8.69424265e-01 7.62491687e-01 6.29921871e-07].
2022-07-14 15:32:52,104 - INFO - Best fit parameters: [8.69424265e-01 7.62491687e-01 6.29921871e-07].
2022-07-14 15:32:52,169 - INFO - Maximum log composite likelihood: nan.
2022-07-14 15:32:52,170 - INFO - Optimal value of theta: 0.0.
2022-07-14 15:32:52,170 - INFO - Beginning optimization with guess, [7.20762056e-01 1.18588950e+00 1.07329342e-06].
2022-07-14 15:32:52,427 - INFO - Finished optimization with guess, [7.20762056e-01 1.18588950e+00 1.07329342e-06].
2022-07-14 15:32:52,427 - INFO - Best fit parameters: [7.20762056e-01 1.18588950e+00 1.07329342e-06].
2022-07-14 15:32:52,491 - INFO - Maximum log composite likelihood: nan.
2022-07-14 15:32:52,492 - INFO - Optimal value of theta: 0.0.
2022-07-14 15:32:52,493 - INFO - Beginning optimization with guess, [3.52406569e+00 2.72232895e+00 5.68153829e-07].
2022-07-14 15:32:52,752 - INFO - Finished optimization with guess, [3.52406569e+00 2.72232895e+00 5.68153829e-07].
2022-07-14 15:32:52,753 - INFO - Best fit parameters: [3.52406569e+00 2.72232895e+00 5.68153829e-07].
2022-07-14 15:32:52,817 - INFO - Maximum log composite likelihood: nan.
2022-07-14 15:32:52,818 - INFO - Optimal value of theta: 0.0.
2022-07-14 15:32:52,819 - INFO - Beginning optimization with guess, [5.25890183e+00 1.73029762e+00 1.42302815e-06].
2022-07-14 15:32:53,076 - INFO - Finished optimization with guess, [5.25890183e+00 1.73029762e+00 1.42302815e-06].
2022-07-14 15:32:53,077 - INFO - Best fit parameters: [5.25890183e+00 1.73029762e+00 1.42302815e-06].
2022-07-14 15:32:53,141 - INFO - Maximum log composite likelihood: nan.
2022-07-14 15:32:53,142 - INFO - Optimal value of theta: 0.0.
2022-07-14 15:32:53,142 - INFO - Beginning optimization with guess, [2.43145907e+00 3.17035799e+00 5.90102042e-07].
2022-07-14 15:32:53,397 - INFO - Finished optimization with guess, [2.43145907e+00 3.17035799e+00 5.90102042e-07].
2022-07-14 15:32:53,398 - INFO - Best fit parameters: [2.43145907e+00 3.17035799e+00 5.90102042e-07].
2022-07-14 15:32:53,462 - INFO - Maximum log composite likelihood: nan.
2022-07-14 15:32:53,462 - INFO - Optimal value of theta: 0.0.
2022-07-14 15:32:53,463 - INFO - Beginning optimization with guess, [6.07480121e+00 5.70785521e+00 1.85341062e-06].
2022-07-14 15:32:53,721 - INFO - Finished optimization with guess, [6.07480121e+00 5.70785521e+00 1.85341062e-06].
2022-07-14 15:32:53,721 - INFO - Best fit parameters: [6.07480121e+00 5.70785521e+00 1.85341062e-06].
2022-07-14 15:32:53,786 - INFO - Maximum log composite likelihood: nan.
2022-07-14 15:32:53,786 - INFO - Optimal value of theta: 0.0.
2022-07-14 15:32:53,787 - INFO - Beginning optimization with guess, [5.30110543e+00 1.01454220e+01 1.26258482e-06].
2022-07-14 15:32:54,046 - INFO - Finished optimization with guess, [5.30110543e+00 1.01454220e+01 1.26258482e-06].
2022-07-14 15:32:54,046 - INFO - Best fit parameters: [5.30110543e+00 1.01454220e+01 1.26258482e-06].
2022-07-14 15:32:54,112 - INFO - Maximum log composite likelihood: nan.
2022-07-14 15:32:54,113 - INFO - Optimal value of theta: 0.0.
2022-07-14 15:32:54,117 - INFO - Beginning demographic inference for three-epoch demographic model.
2022-07-14 15:32:54,134 - INFO - Beginning optimization with guess, [8.93231827e-04 7.04165479e-04 1.97005638e-06 1.68429324e-06].
2022-07-14 15:32:54,465 - INFO - Finished optimization with guess, [8.93231827e-04 7.04165479e-04 1.97005638e-06 1.68429324e-06].
2022-07-14 15:32:54,465 - INFO - Best fit parameters: [8.93231827e-04 7.04165479e-04 1.97005638e-06 1.68429324e-06].
2022-07-14 15:32:54,531 - INFO - Maximum log composite likelihood: nan.
2022-07-14 15:32:54,532 - INFO - Optimal value of theta: 0.0.
2022-07-14 15:32:54,533 - INFO - Beginning optimization with guess, [1.06942139e-02 1.63708586e-02 5.01598015e-07 1.01069253e-06].
2022-07-14 15:32:54,863 - INFO - Finished optimization with guess, [1.06942139e-02 1.63708586e-02 5.01598015e-07 1.01069253e-06].
2022-07-14 15:32:54,863 - INFO - Best fit parameters: [1.06942139e-02 1.63708586e-02 5.01598015e-07 1.01069253e-06].
2022-07-14 15:32:54,929 - INFO - Maximum log composite likelihood: nan.
2022-07-14 15:32:54,930 - INFO - Optimal value of theta: 0.0.
2022-07-14 15:32:54,931 - INFO - Beginning optimization with guess, [1.11590259e-02 2.87940421e-02 5.53465718e-07 5.41889227e-07].
2022-07-14 15:32:55,260 - INFO - Finished optimization with guess, [1.11590259e-02 2.87940421e-02 5.53465718e-07 5.41889227e-07].
2022-07-14 15:32:55,260 - INFO - Best fit parameters: [1.11590259e-02 2.87940421e-02 5.53465718e-07 5.41889227e-07].
2022-07-14 15:32:55,326 - INFO - Maximum log composite likelihood: nan.
2022-07-14 15:32:55,326 - INFO - Optimal value of theta: 0.0.
2022-07-14 15:32:55,327 - INFO - Beginning optimization with guess, [4.98305521e-02 1.82202039e-02 9.44067533e-07 1.33797025e-06].
2022-07-14 15:32:55,654 - INFO - Finished optimization with guess, [4.98305521e-02 1.82202039e-02 9.44067533e-07 1.33797025e-06].
2022-07-14 15:32:55,655 - INFO - Best fit parameters: [4.98305521e-02 1.82202039e-02 9.44067533e-07 1.33797025e-06].
2022-07-14 15:32:55,720 - INFO - Maximum log composite likelihood: nan.
2022-07-14 15:32:55,721 - INFO - Optimal value of theta: 0.0.
2022-07-14 15:32:55,722 - INFO - Beginning optimization with guess, [2.73046969e-02 7.00161011e-02 1.83249657e-06 6.32034129e-07].
2022-07-14 15:32:56,051 - INFO - Finished optimization with guess, [2.73046969e-02 7.00161011e-02 1.83249657e-06 6.32034129e-07].
2022-07-14 15:32:56,051 - INFO - Best fit parameters: [2.73046969e-02 7.00161011e-02 1.83249657e-06 6.32034129e-07].
2022-07-14 15:32:56,117 - INFO - Maximum log composite likelihood: nan.
2022-07-14 15:32:56,118 - INFO - Optimal value of theta: 0.0.
2022-07-14 15:32:56,118 - INFO - Beginning optimization with guess, [5.84586534e-02 6.40615385e-02 1.04496242e-06 1.68911763e-06].
2022-07-14 15:32:56,449 - INFO - Finished optimization with guess, [5.84586534e-02 6.40615385e-02 1.04496242e-06 1.68911763e-06].
2022-07-14 15:32:56,449 - INFO - Best fit parameters: [5.84586534e-02 6.40615385e-02 1.04496242e-06 1.68911763e-06].
2022-07-14 15:32:56,516 - INFO - Maximum log composite likelihood: nan.
2022-07-14 15:32:56,518 - INFO - Optimal value of theta: 0.0.
2022-07-14 15:32:56,518 - INFO - Beginning optimization with guess, [1.09680918e-01 9.20264330e-02 1.73980877e-06 1.12792651e-06].
2022-07-14 15:32:56,854 - INFO - Finished optimization with guess, [1.09680918e-01 9.20264330e-02 1.73980877e-06 1.12792651e-06].
2022-07-14 15:32:56,854 - INFO - Best fit parameters: [1.09680918e-01 9.20264330e-02 1.73980877e-06 1.12792651e-06].
2022-07-14 15:32:56,933 - INFO - Maximum log composite likelihood: nan.
2022-07-14 15:32:56,934 - INFO - Optimal value of theta: 0.0.
2022-07-14 15:32:56,934 - INFO - Beginning optimization with guess, [1.08715207e-01 8.86284644e-02 1.66819045e-06 8.23452706e-07].
2022-07-14 15:32:57,299 - INFO - Finished optimization with guess, [1.08715207e-01 8.86284644e-02 1.66819045e-06 8.23452706e-07].
2022-07-14 15:32:57,299 - INFO - Best fit parameters: [1.08715207e-01 8.86284644e-02 1.66819045e-06 8.23452706e-07].
2022-07-14 15:32:57,369 - INFO - Maximum log composite likelihood: nan.
2022-07-14 15:32:57,369 - INFO - Optimal value of theta: 0.0.
2022-07-14 15:32:57,370 - INFO - Beginning optimization with guess, [7.97332903e-02 4.23097581e-02 1.90879555e-06 1.79252598e-06].
2022-07-14 15:32:57,701 - INFO - Finished optimization with guess, [7.97332903e-02 4.23097581e-02 1.90879555e-06 1.79252598e-06].
2022-07-14 15:32:57,701 - INFO - Best fit parameters: [7.97332903e-02 4.23097581e-02 1.90879555e-06 1.79252598e-06].
2022-07-14 15:32:57,767 - INFO - Maximum log composite likelihood: nan.
2022-07-14 15:32:57,768 - INFO - Optimal value of theta: 0.0.
2022-07-14 15:32:57,769 - INFO - Beginning optimization with guess, [6.75537901e-02 6.65537565e-02 1.11572454e-06 6.33194063e-07].
2022-07-14 15:32:58,100 - INFO - Finished optimization with guess, [6.75537901e-02 6.65537565e-02 1.11572454e-06 6.33194063e-07].
2022-07-14 15:32:58,100 - INFO - Best fit parameters: [6.75537901e-02 6.65537565e-02 1.11572454e-06 6.33194063e-07].
2022-07-14 15:32:58,165 - INFO - Maximum log composite likelihood: nan.
2022-07-14 15:32:58,166 - INFO - Optimal value of theta: 0.0.
2022-07-14 15:32:58,166 - INFO - Beginning optimization with guess, [1.00583221e-01 1.19713078e-01 1.68687745e-06 7.84782413e-07].
2022-07-14 15:32:58,495 - INFO - Finished optimization with guess, [1.00583221e-01 1.19713078e-01 1.68687745e-06 7.84782413e-07].
2022-07-14 15:32:58,495 - INFO - Best fit parameters: [1.00583221e-01 1.19713078e-01 1.68687745e-06 7.84782413e-07].
2022-07-14 15:32:58,561 - INFO - Maximum log composite likelihood: nan.
2022-07-14 15:32:58,562 - INFO - Optimal value of theta: 0.0.
2022-07-14 15:32:58,562 - INFO - Beginning optimization with guess, [1.32110576e-01 1.42984904e-01 1.60731683e-06 1.27135505e-06].
2022-07-14 15:32:58,892 - INFO - Finished optimization with guess, [1.32110576e-01 1.42984904e-01 1.60731683e-06 1.27135505e-06].
2022-07-14 15:32:58,892 - INFO - Best fit parameters: [1.32110576e-01 1.42984904e-01 1.60731683e-06 1.27135505e-06].
2022-07-14 15:32:58,959 - INFO - Maximum log composite likelihood: nan.
2022-07-14 15:32:58,959 - INFO - Optimal value of theta: 0.0.
2022-07-14 15:32:58,960 - INFO - Beginning optimization with guess, [2.92501366e-01 2.78482545e-01 1.00941065e-06 7.44281617e-07].
2022-07-14 15:32:59,291 - INFO - Finished optimization with guess, [2.92501366e-01 2.78482545e-01 1.00941065e-06 7.44281617e-07].
2022-07-14 15:32:59,291 - INFO - Best fit parameters: [2.92501366e-01 2.78482545e-01 1.00941065e-06 7.44281617e-07].
2022-07-14 15:32:59,356 - INFO - Maximum log composite likelihood: nan.
2022-07-14 15:32:59,357 - INFO - Optimal value of theta: 0.0.
2022-07-14 15:32:59,358 - INFO - Beginning optimization with guess, [2.23555832e-01 3.05381836e-01 1.39455456e-06 1.95215927e-06].
2022-07-14 15:32:59,689 - INFO - Finished optimization with guess, [2.23555832e-01 3.05381836e-01 1.39455456e-06 1.95215927e-06].
2022-07-14 15:32:59,690 - INFO - Best fit parameters: [2.23555832e-01 3.05381836e-01 1.39455456e-06 1.95215927e-06].
2022-07-14 15:32:59,756 - INFO - Maximum log composite likelihood: nan.
2022-07-14 15:32:59,757 - INFO - Optimal value of theta: 0.0.
2022-07-14 15:32:59,758 - INFO - Beginning optimization with guess, [2.51758673e-01 3.23308103e-01 9.18237384e-07 1.34558735e-06].
2022-07-14 15:33:00,089 - INFO - Finished optimization with guess, [2.51758673e-01 3.23308103e-01 9.18237384e-07 1.34558735e-06].
2022-07-14 15:33:00,089 - INFO - Best fit parameters: [2.51758673e-01 3.23308103e-01 9.18237384e-07 1.34558735e-06].
2022-07-14 15:33:00,155 - INFO - Maximum log composite likelihood: nan.
2022-07-14 15:33:00,156 - INFO - Optimal value of theta: 0.0.
2022-07-14 15:33:00,156 - INFO - Beginning optimization with guess, [7.24271194e-01 6.63734784e-01 1.39593224e-06 5.95593226e-07].
2022-07-14 15:33:00,486 - INFO - Finished optimization with guess, [7.24271194e-01 6.63734784e-01 1.39593224e-06 5.95593226e-07].
2022-07-14 15:33:00,486 - INFO - Best fit parameters: [7.24271194e-01 6.63734784e-01 1.39593224e-06 5.95593226e-07].
2022-07-14 15:33:00,552 - INFO - Maximum log composite likelihood: nan.
2022-07-14 15:33:00,553 - INFO - Optimal value of theta: 0.0.
2022-07-14 15:33:00,553 - INFO - Beginning optimization with guess, [5.19281904e-01 1.18456951e+00 8.10244910e-07 1.78509773e-06].
2022-07-14 15:33:00,885 - INFO - Finished optimization with guess, [5.19281904e-01 1.18456951e+00 8.10244910e-07 1.78509773e-06].
2022-07-14 15:33:00,885 - INFO - Best fit parameters: [5.19281904e-01 1.18456951e+00 8.10244910e-07 1.78509773e-06].
2022-07-14 15:33:00,951 - INFO - Maximum log composite likelihood: nan.
2022-07-14 15:33:00,952 - INFO - Optimal value of theta: 0.0.
2022-07-14 15:33:00,952 - INFO - Beginning optimization with guess, [5.49590612e-01 1.01714020e+00 8.23638723e-07 8.12160621e-07].
2022-07-14 15:33:01,279 - INFO - Finished optimization with guess, [5.49590612e-01 1.01714020e+00 8.23638723e-07 8.12160621e-07].
2022-07-14 15:33:01,279 - INFO - Best fit parameters: [5.49590612e-01 1.01714020e+00 8.23638723e-07 8.12160621e-07].
2022-07-14 15:33:01,345 - INFO - Maximum log composite likelihood: nan.
2022-07-14 15:33:01,346 - INFO - Optimal value of theta: 0.0.
2022-07-14 15:33:01,346 - INFO - Beginning optimization with guess, [6.68005251e-01 6.81453718e-01 1.20019268e-06 1.07452673e-06].
2022-07-14 15:33:01,677 - INFO - Finished optimization with guess, [6.68005251e-01 6.81453718e-01 1.20019268e-06 1.07452673e-06].
2022-07-14 15:33:01,678 - INFO - Best fit parameters: [6.68005251e-01 6.81453718e-01 1.20019268e-06 1.07452673e-06].
2022-07-14 15:33:01,743 - INFO - Maximum log composite likelihood: nan.
2022-07-14 15:33:01,744 - INFO - Optimal value of theta: 0.0.
2022-07-14 15:33:01,744 - INFO - Beginning optimization with guess, [5.47091463e-01 1.05656525e+00 7.05569452e-07 5.71809204e-07].
2022-07-14 15:33:02,074 - INFO - Finished optimization with guess, [5.47091463e-01 1.05656525e+00 7.05569452e-07 5.71809204e-07].
2022-07-14 15:33:02,074 - INFO - Best fit parameters: [5.47091463e-01 1.05656525e+00 7.05569452e-07 5.71809204e-07].
2022-07-14 15:33:02,141 - INFO - Maximum log composite likelihood: nan.
2022-07-14 15:33:02,142 - INFO - Optimal value of theta: 0.0.
2022-07-14 15:33:02,142 - INFO - Beginning optimization with guess, [1.17663507e+00 2.00585465e+00 1.73118113e-06 5.20036764e-07].
2022-07-14 15:33:02,471 - INFO - Finished optimization with guess, [1.17663507e+00 2.00585465e+00 1.73118113e-06 5.20036764e-07].
2022-07-14 15:33:02,471 - INFO - Best fit parameters: [1.17663507e+00 2.00585465e+00 1.73118113e-06 5.20036764e-07].
2022-07-14 15:33:02,536 - INFO - Maximum log composite likelihood: nan.
2022-07-14 15:33:02,537 - INFO - Optimal value of theta: 0.0.
2022-07-14 15:33:02,538 - INFO - Beginning optimization with guess, [1.50189384e+00 3.44583604e+00 1.67184639e-06 1.08168727e-06].
2022-07-14 15:33:02,870 - INFO - Finished optimization with guess, [1.50189384e+00 3.44583604e+00 1.67184639e-06 1.08168727e-06].
2022-07-14 15:33:02,870 - INFO - Best fit parameters: [1.50189384e+00 3.44583604e+00 1.67184639e-06 1.08168727e-06].
2022-07-14 15:33:02,936 - INFO - Maximum log composite likelihood: nan.
2022-07-14 15:33:02,936 - INFO - Optimal value of theta: 0.0.
2022-07-14 15:33:02,937 - INFO - Beginning optimization with guess, [3.82284830e+00 4.08652075e+00 1.26526492e-06 6.38864145e-07].
2022-07-14 15:33:03,265 - INFO - Finished optimization with guess, [3.82284830e+00 4.08652075e+00 1.26526492e-06 6.38864145e-07].
2022-07-14 15:33:03,266 - INFO - Best fit parameters: [3.82284830e+00 4.08652075e+00 1.26526492e-06 6.38864145e-07].
2022-07-14 15:33:03,331 - INFO - Maximum log composite likelihood: nan.
2022-07-14 15:33:03,332 - INFO - Optimal value of theta: 0.0.
2022-07-14 15:33:03,332 - INFO - Beginning optimization with guess, [3.14949316e+00 9.26441659e+00 1.20597195e-06 6.60574248e-07].
2022-07-14 15:33:03,661 - INFO - Finished optimization with guess, [3.14949316e+00 9.26441659e+00 1.20597195e-06 6.60574248e-07].
2022-07-14 15:33:03,661 - INFO - Best fit parameters: [3.14949316e+00 9.26441659e+00 1.20597195e-06 6.60574248e-07].
2022-07-14 15:33:03,727 - INFO - Maximum log composite likelihood: nan.
2022-07-14 15:33:03,728 - INFO - Optimal value of theta: 0.0.
2022-07-14 15:33:03,728 - INFO - Beginning optimization with guess, [7.66283319e+00 1.03417057e+01 1.12049928e-06 7.51242268e-07].
2022-07-14 15:33:04,060 - INFO - Finished optimization with guess, [7.66283319e+00 1.03417057e+01 1.12049928e-06 7.51242268e-07].
2022-07-14 15:33:04,060 - INFO - Best fit parameters: [7.66283319e+00 1.03417057e+01 1.12049928e-06 7.51242268e-07].
2022-07-14 15:33:04,127 - INFO - Maximum log composite likelihood: nan.
2022-07-14 15:33:04,128 - INFO - Optimal value of theta: 0.0.
2022-07-14 15:33:04,132 - INFO - Finished demographic inference.
2022-07-14 15:33:04,132 - INFO - Pipeline executed succesfully.
