2022-07-01 13:26:55,679 - INFO - Beginning execution of compute_downsampled_sfs.py in directory /u/project/ngarud/jonmah/demo_for_ccgb/Scripts

2022-07-01 13:26:55,679 - INFO - Progress is being logged to ../Analysis/Bacteroides_thetaiotaomicron_56941_downsampled/log.log

2022-07-01 13:26:55,680 - INFO - Parsed the following arguments:
	outprefix = ../Analysis/Bacteroides_thetaiotaomicron_56941_downsampled/
	species = Bacteroides_thetaiotaomicron_56941
	sample_size = 20

2022-07-01 13:27:01,436 - INFO - Beginning demographic inference for one-epoch demographic model.
2022-07-01 13:27:01,438 - INFO - Beginning optimization with guess, [0.15023875].
2022-07-01 13:27:01,518 - INFO - Finished optimization with guess, [0.15023875].
2022-07-01 13:27:01,518 - INFO - Best fit parameters: [0.15023875].
2022-07-01 13:27:01,551 - INFO - Maximum log composite likelihood: -31.6219019721.
2022-07-01 13:27:01,551 - INFO - Optimal value of theta: 81.7393742749.
2022-07-01 13:27:01,551 - INFO - Beginning optimization with guess, [0.10442855].
2022-07-01 13:27:01,617 - INFO - Finished optimization with guess, [0.10442855].
2022-07-01 13:27:01,617 - INFO - Best fit parameters: [0.10442855].
2022-07-01 13:27:01,650 - INFO - Maximum log composite likelihood: -31.6219019721.
2022-07-01 13:27:01,651 - INFO - Optimal value of theta: 81.7393742749.
2022-07-01 13:27:01,651 - INFO - Beginning optimization with guess, [0.45106252].
2022-07-01 13:27:01,717 - INFO - Finished optimization with guess, [0.45106252].
2022-07-01 13:27:01,717 - INFO - Best fit parameters: [0.45106252].
2022-07-01 13:27:01,750 - INFO - Maximum log composite likelihood: -31.6219019721.
2022-07-01 13:27:01,750 - INFO - Optimal value of theta: 81.7393742749.
2022-07-01 13:27:01,751 - INFO - Beginning optimization with guess, [0.64795615].
2022-07-01 13:27:01,816 - INFO - Finished optimization with guess, [0.64795615].
2022-07-01 13:27:01,817 - INFO - Best fit parameters: [0.64795615].
2022-07-01 13:27:01,850 - INFO - Maximum log composite likelihood: -31.6219019721.
2022-07-01 13:27:01,850 - INFO - Optimal value of theta: 81.7393742749.
2022-07-01 13:27:01,850 - INFO - Beginning optimization with guess, [0.74334111].
2022-07-01 13:27:01,916 - INFO - Finished optimization with guess, [0.74334111].
2022-07-01 13:27:01,916 - INFO - Best fit parameters: [0.74334111].
2022-07-01 13:27:01,949 - INFO - Maximum log composite likelihood: -31.6219019721.
2022-07-01 13:27:01,950 - INFO - Optimal value of theta: 81.7393742749.
2022-07-01 13:27:01,950 - INFO - Beginning optimization with guess, [0.94839843].
2022-07-01 13:27:02,016 - INFO - Finished optimization with guess, [0.94839843].
2022-07-01 13:27:02,016 - INFO - Best fit parameters: [0.94839843].
2022-07-01 13:27:02,049 - INFO - Maximum log composite likelihood: -31.6219019721.
2022-07-01 13:27:02,049 - INFO - Optimal value of theta: 81.7393742749.
2022-07-01 13:27:02,050 - INFO - Beginning optimization with guess, [0.4956887].
2022-07-01 13:27:02,116 - INFO - Finished optimization with guess, [0.4956887].
2022-07-01 13:27:02,116 - INFO - Best fit parameters: [0.4956887].
2022-07-01 13:27:02,149 - INFO - Maximum log composite likelihood: -31.6219019721.
2022-07-01 13:27:02,149 - INFO - Optimal value of theta: 81.7393742749.
2022-07-01 13:27:02,149 - INFO - Beginning optimization with guess, [1.16914614].
2022-07-01 13:27:02,215 - INFO - Finished optimization with guess, [1.16914614].
2022-07-01 13:27:02,216 - INFO - Best fit parameters: [1.16914614].
2022-07-01 13:27:02,248 - INFO - Maximum log composite likelihood: -31.6219019721.
2022-07-01 13:27:02,249 - INFO - Optimal value of theta: 81.7393742749.
2022-07-01 13:27:02,249 - INFO - Beginning optimization with guess, [0.69875644].
2022-07-01 13:27:02,317 - INFO - Finished optimization with guess, [0.69875644].
2022-07-01 13:27:02,317 - INFO - Best fit parameters: [0.69875644].
2022-07-01 13:27:02,350 - INFO - Maximum log composite likelihood: -31.6219019721.
2022-07-01 13:27:02,351 - INFO - Optimal value of theta: 81.7393742749.
2022-07-01 13:27:02,351 - INFO - Beginning optimization with guess, [1.77633703].
2022-07-01 13:27:02,417 - INFO - Finished optimization with guess, [1.77633703].
2022-07-01 13:27:02,417 - INFO - Best fit parameters: [1.77633703].
2022-07-01 13:27:02,450 - INFO - Maximum log composite likelihood: -31.6219019721.
2022-07-01 13:27:02,450 - INFO - Optimal value of theta: 81.7393742749.
2022-07-01 13:27:02,450 - INFO - Beginning optimization with guess, [1.79786002].
2022-07-01 13:27:02,516 - INFO - Finished optimization with guess, [1.79786002].
2022-07-01 13:27:02,516 - INFO - Best fit parameters: [1.79786002].
2022-07-01 13:27:02,549 - INFO - Maximum log composite likelihood: -31.6219019721.
2022-07-01 13:27:02,550 - INFO - Optimal value of theta: 81.7393742749.
2022-07-01 13:27:02,550 - INFO - Beginning optimization with guess, [1.40142738].
2022-07-01 13:27:02,616 - INFO - Finished optimization with guess, [1.40142738].
2022-07-01 13:27:02,616 - INFO - Best fit parameters: [1.40142738].
2022-07-01 13:27:02,649 - INFO - Maximum log composite likelihood: -31.6219019721.
2022-07-01 13:27:02,649 - INFO - Optimal value of theta: 81.7393742749.
2022-07-01 13:27:02,649 - INFO - Beginning optimization with guess, [0.88788123].
2022-07-01 13:27:02,715 - INFO - Finished optimization with guess, [0.88788123].
2022-07-01 13:27:02,716 - INFO - Best fit parameters: [0.88788123].
2022-07-01 13:27:02,749 - INFO - Maximum log composite likelihood: -31.6219019721.
2022-07-01 13:27:02,749 - INFO - Optimal value of theta: 81.7393742749.
2022-07-01 13:27:02,749 - INFO - Beginning optimization with guess, [1.61865369].
2022-07-01 13:27:02,815 - INFO - Finished optimization with guess, [1.61865369].
2022-07-01 13:27:02,815 - INFO - Best fit parameters: [1.61865369].
2022-07-01 13:27:02,848 - INFO - Maximum log composite likelihood: -31.6219019721.
2022-07-01 13:27:02,849 - INFO - Optimal value of theta: 81.7393742749.
2022-07-01 13:27:02,849 - INFO - Beginning optimization with guess, [1.47014272].
2022-07-01 13:27:02,915 - INFO - Finished optimization with guess, [1.47014272].
2022-07-01 13:27:02,915 - INFO - Best fit parameters: [1.47014272].
2022-07-01 13:27:02,948 - INFO - Maximum log composite likelihood: -31.6219019721.
2022-07-01 13:27:02,948 - INFO - Optimal value of theta: 81.7393742749.
2022-07-01 13:27:02,948 - INFO - Beginning optimization with guess, [1.58201256].
2022-07-01 13:27:03,014 - INFO - Finished optimization with guess, [1.58201256].
2022-07-01 13:27:03,015 - INFO - Best fit parameters: [1.58201256].
2022-07-01 13:27:03,048 - INFO - Maximum log composite likelihood: -31.6219019721.
2022-07-01 13:27:03,048 - INFO - Optimal value of theta: 81.7393742749.
2022-07-01 13:27:03,048 - INFO - Beginning optimization with guess, [2.6562916].
2022-07-01 13:27:03,114 - INFO - Finished optimization with guess, [2.6562916].
2022-07-01 13:27:03,114 - INFO - Best fit parameters: [2.6562916].
2022-07-01 13:27:03,147 - INFO - Maximum log composite likelihood: -31.6219019721.
2022-07-01 13:27:03,148 - INFO - Optimal value of theta: 81.7393742749.
2022-07-01 13:27:03,148 - INFO - Beginning optimization with guess, [3.64027656].
2022-07-01 13:27:03,214 - INFO - Finished optimization with guess, [3.64027656].
2022-07-01 13:27:03,214 - INFO - Best fit parameters: [3.64027656].
2022-07-01 13:27:03,247 - INFO - Maximum log composite likelihood: -31.6219019721.
2022-07-01 13:27:03,247 - INFO - Optimal value of theta: 81.7393742749.
2022-07-01 13:27:03,247 - INFO - Beginning optimization with guess, [1.70639139].
2022-07-01 13:27:03,313 - INFO - Finished optimization with guess, [1.70639139].
2022-07-01 13:27:03,313 - INFO - Best fit parameters: [1.70639139].
2022-07-01 13:27:03,346 - INFO - Maximum log composite likelihood: -31.6219019721.
2022-07-01 13:27:03,347 - INFO - Optimal value of theta: 81.7393742749.
2022-07-01 13:27:03,347 - INFO - Beginning optimization with guess, [2.06398439].
2022-07-01 13:27:03,413 - INFO - Finished optimization with guess, [2.06398439].
2022-07-01 13:27:03,413 - INFO - Best fit parameters: [2.06398439].
2022-07-01 13:27:03,446 - INFO - Maximum log composite likelihood: -31.6219019721.
2022-07-01 13:27:03,446 - INFO - Optimal value of theta: 81.7393742749.
2022-07-01 13:27:03,446 - INFO - Beginning optimization with guess, [3.69691849].
2022-07-01 13:27:03,512 - INFO - Finished optimization with guess, [3.69691849].
2022-07-01 13:27:03,513 - INFO - Best fit parameters: [3.69691849].
2022-07-01 13:27:03,545 - INFO - Maximum log composite likelihood: -31.6219019721.
2022-07-01 13:27:03,546 - INFO - Optimal value of theta: 81.7393742749.
2022-07-01 13:27:03,546 - INFO - Beginning optimization with guess, [3.79826585].
2022-07-01 13:27:03,612 - INFO - Finished optimization with guess, [3.79826585].
2022-07-01 13:27:03,612 - INFO - Best fit parameters: [3.79826585].
2022-07-01 13:27:03,645 - INFO - Maximum log composite likelihood: -31.6219019721.
2022-07-01 13:27:03,646 - INFO - Optimal value of theta: 81.7393742749.
2022-07-01 13:27:03,646 - INFO - Beginning optimization with guess, [10.91096244].
2022-07-01 13:27:03,712 - INFO - Finished optimization with guess, [10.91096244].
2022-07-01 13:27:03,712 - INFO - Best fit parameters: [10.91096244].
2022-07-01 13:27:03,745 - INFO - Maximum log composite likelihood: -31.6219019721.
2022-07-01 13:27:03,745 - INFO - Optimal value of theta: 81.7393742749.
2022-07-01 13:27:03,745 - INFO - Beginning optimization with guess, [5.37213699].
2022-07-01 13:27:03,811 - INFO - Finished optimization with guess, [5.37213699].
2022-07-01 13:27:03,811 - INFO - Best fit parameters: [5.37213699].
2022-07-01 13:27:03,844 - INFO - Maximum log composite likelihood: -31.6219019721.
2022-07-01 13:27:03,845 - INFO - Optimal value of theta: 81.7393742749.
2022-07-01 13:27:03,845 - INFO - Beginning optimization with guess, [6.03338828].
2022-07-01 13:27:03,911 - INFO - Finished optimization with guess, [6.03338828].
2022-07-01 13:27:03,911 - INFO - Best fit parameters: [6.03338828].
2022-07-01 13:27:03,944 - INFO - Maximum log composite likelihood: -31.6219019721.
2022-07-01 13:27:03,944 - INFO - Optimal value of theta: 81.7393742749.
2022-07-01 13:27:03,946 - INFO - Beginning demographic inference for two-epoch demographic model.
2022-07-01 13:27:03,949 - INFO - Beginning optimization with guess, [5.45904595e-02 1.65974597e-06].
2022-07-01 13:27:04,049 - INFO - Finished optimization with guess, [5.45904595e-02 1.65974597e-06].
2022-07-01 13:27:04,049 - INFO - Best fit parameters: [5.45904595e-02 1.65974597e-06].
2022-07-01 13:27:04,083 - INFO - Maximum log composite likelihood: -31.6219006199.
2022-07-01 13:27:04,083 - INFO - Optimal value of theta: 81.739376987.
2022-07-01 13:27:04,083 - INFO - Beginning optimization with guess, [1.21411326e-01 9.35981167e-07].
2022-07-01 13:27:04,184 - INFO - Finished optimization with guess, [1.21411326e-01 9.35981167e-07].
2022-07-01 13:27:04,184 - INFO - Best fit parameters: [1.21411326e-01 9.35981167e-07].
2022-07-01 13:27:04,217 - INFO - Maximum log composite likelihood: -31.6219018921.
2022-07-01 13:27:04,218 - INFO - Optimal value of theta: 81.7393744354.
2022-07-01 13:27:04,218 - INFO - Beginning optimization with guess, [3.81098476e-01 1.45432121e-06].
2022-07-01 13:27:04,318 - INFO - Finished optimization with guess, [3.81098476e-01 1.45432121e-06].
2022-07-01 13:27:04,318 - INFO - Best fit parameters: [3.81098476e-01 1.45432121e-06].
2022-07-01 13:27:04,352 - INFO - Maximum log composite likelihood: -31.6219019584.
2022-07-01 13:27:04,352 - INFO - Optimal value of theta: 81.7393743024.
2022-07-01 13:27:04,352 - INFO - Beginning optimization with guess, [2.61344726e-01 1.65316305e-06].
2022-07-01 13:27:04,453 - INFO - Finished optimization with guess, [2.61344726e-01 1.65316305e-06].
2022-07-01 13:27:04,453 - INFO - Best fit parameters: [2.61344726e-01 1.65316305e-06].
2022-07-01 13:27:04,486 - INFO - Maximum log composite likelihood: -31.6219019269.
2022-07-01 13:27:04,487 - INFO - Optimal value of theta: 81.7393743655.
2022-07-01 13:27:04,487 - INFO - Beginning optimization with guess, [7.63477457e-01 7.67053470e-07].
2022-07-01 13:27:04,587 - INFO - Finished optimization with guess, [7.63477457e-01 7.67053470e-07].
2022-07-01 13:27:04,588 - INFO - Best fit parameters: [7.63477457e-01 7.67053470e-07].
2022-07-01 13:27:04,621 - INFO - Maximum log composite likelihood: -31.6219019717.
2022-07-01 13:27:04,621 - INFO - Optimal value of theta: 81.7393742757.
2022-07-01 13:27:04,622 - INFO - Beginning optimization with guess, [4.05970404e-01 1.89981547e-06].
2022-07-01 13:27:04,722 - INFO - Finished optimization with guess, [4.05970404e-01 1.89981547e-06].
2022-07-01 13:27:04,722 - INFO - Best fit parameters: [4.05970404e-01 1.89981547e-06].
2022-07-01 13:27:04,756 - INFO - Maximum log composite likelihood: -31.6219019523.
2022-07-01 13:27:04,756 - INFO - Optimal value of theta: 81.7393743146.
2022-07-01 13:27:04,756 - INFO - Beginning optimization with guess, [7.47658482e-01 9.92466339e-07].
2022-07-01 13:27:04,856 - INFO - Finished optimization with guess, [7.47658482e-01 9.92466339e-07].
2022-07-01 13:27:04,857 - INFO - Best fit parameters: [7.47658482e-01 9.92466339e-07].
2022-07-01 13:27:04,890 - INFO - Maximum log composite likelihood: -31.6219019714.
2022-07-01 13:27:04,890 - INFO - Optimal value of theta: 81.7393742763.
2022-07-01 13:27:04,891 - INFO - Beginning optimization with guess, [1.56922690e+00 1.08114139e-06].
2022-07-01 13:27:04,991 - INFO - Finished optimization with guess, [1.56922690e+00 1.08114139e-06].
2022-07-01 13:27:04,991 - INFO - Best fit parameters: [1.56922690e+00 1.08114139e-06].
2022-07-01 13:27:05,025 - INFO - Maximum log composite likelihood: -31.6219019725.
2022-07-01 13:27:05,025 - INFO - Optimal value of theta: 81.7393742741.
2022-07-01 13:27:05,025 - INFO - Beginning optimization with guess, [6.30119396e-01 6.65408161e-07].
2022-07-01 13:27:05,126 - INFO - Finished optimization with guess, [6.30119396e-01 6.65408161e-07].
2022-07-01 13:27:05,126 - INFO - Best fit parameters: [6.30119396e-01 6.65408161e-07].
2022-07-01 13:27:05,159 - INFO - Maximum log composite likelihood: -31.6219019715.
2022-07-01 13:27:05,160 - INFO - Optimal value of theta: 81.7393742762.
2022-07-01 13:27:05,160 - INFO - Beginning optimization with guess, [1.32060140e+00 1.43806155e-06].
2022-07-01 13:27:05,260 - INFO - Finished optimization with guess, [1.32060140e+00 1.43806155e-06].
2022-07-01 13:27:05,260 - INFO - Best fit parameters: [1.32060140e+00 1.43806155e-06].
2022-07-01 13:27:05,294 - INFO - Maximum log composite likelihood: -31.6219019727.
2022-07-01 13:27:05,294 - INFO - Optimal value of theta: 81.7393742738.
2022-07-01 13:27:05,295 - INFO - Beginning optimization with guess, [9.37699995e-01 5.35280843e-07].
2022-07-01 13:27:05,395 - INFO - Finished optimization with guess, [9.37699995e-01 5.35280843e-07].
2022-07-01 13:27:05,395 - INFO - Best fit parameters: [9.37699995e-01 5.35280843e-07].
2022-07-01 13:27:05,429 - INFO - Maximum log composite likelihood: -31.6219019721.
2022-07-01 13:27:05,429 - INFO - Optimal value of theta: 81.739374275.
2022-07-01 13:27:05,429 - INFO - Beginning optimization with guess, [1.21611041e+00 1.39785702e-06].
2022-07-01 13:27:05,530 - INFO - Finished optimization with guess, [1.21611041e+00 1.39785702e-06].
2022-07-01 13:27:05,530 - INFO - Best fit parameters: [1.21611041e+00 1.39785702e-06].
2022-07-01 13:27:05,563 - INFO - Maximum log composite likelihood: -31.6219019725.
2022-07-01 13:27:05,564 - INFO - Optimal value of theta: 81.7393742741.
2022-07-01 13:27:05,564 - INFO - Beginning optimization with guess, [1.10293286e+00 1.03479172e-06].
2022-07-01 13:27:05,664 - INFO - Finished optimization with guess, [1.10293286e+00 1.03479172e-06].
2022-07-01 13:27:05,665 - INFO - Best fit parameters: [1.10293286e+00 1.03479172e-06].
2022-07-01 13:27:05,698 - INFO - Maximum log composite likelihood: -31.6219019722.
2022-07-01 13:27:05,698 - INFO - Optimal value of theta: 81.7393742747.
2022-07-01 13:27:05,699 - INFO - Beginning optimization with guess, [3.80626590e+00 1.91130234e-06].
2022-07-01 13:27:05,799 - INFO - Finished optimization with guess, [3.80626590e+00 1.91130234e-06].
2022-07-01 13:27:05,799 - INFO - Best fit parameters: [3.80626590e+00 1.91130234e-06].
2022-07-01 13:27:05,833 - INFO - Maximum log composite likelihood: -31.6219019732.
2022-07-01 13:27:05,833 - INFO - Optimal value of theta: 81.7393742728.
2022-07-01 13:27:05,833 - INFO - Beginning optimization with guess, [2.15251728e+00 1.04766453e-06].
2022-07-01 13:27:05,934 - INFO - Finished optimization with guess, [2.15251728e+00 1.04766453e-06].
2022-07-01 13:27:05,934 - INFO - Best fit parameters: [2.15251728e+00 1.04766453e-06].
2022-07-01 13:27:05,968 - INFO - Maximum log composite likelihood: -31.6219019725.
2022-07-01 13:27:05,968 - INFO - Optimal value of theta: 81.7393742741.
2022-07-01 13:27:05,968 - INFO - Beginning optimization with guess, [2.05969835e+00 1.35485717e-06].
2022-07-01 13:27:06,069 - INFO - Finished optimization with guess, [2.05969835e+00 1.35485717e-06].
2022-07-01 13:27:06,069 - INFO - Best fit parameters: [2.05969835e+00 1.35485717e-06].
2022-07-01 13:27:06,102 - INFO - Maximum log composite likelihood: -31.6219019728.
2022-07-01 13:27:06,103 - INFO - Optimal value of theta: 81.7393742735.
2022-07-01 13:27:06,103 - INFO - Beginning optimization with guess, [1.99845714e+00 1.10019089e-06].
2022-07-01 13:27:06,203 - INFO - Finished optimization with guess, [1.99845714e+00 1.10019089e-06].
2022-07-01 13:27:06,203 - INFO - Best fit parameters: [1.99845714e+00 1.10019089e-06].
2022-07-01 13:27:06,237 - INFO - Maximum log composite likelihood: -31.6219019726.
2022-07-01 13:27:06,237 - INFO - Optimal value of theta: 81.739374274.
2022-07-01 13:27:06,237 - INFO - Beginning optimization with guess, [5.04737029e+00 9.17966225e-07].
2022-07-01 13:27:06,338 - INFO - Finished optimization with guess, [5.04737029e+00 9.17966225e-07].
2022-07-01 13:27:06,338 - INFO - Best fit parameters: [5.04737029e+00 9.17966225e-07].
2022-07-01 13:27:06,371 - INFO - Maximum log composite likelihood: -31.6219019723.
2022-07-01 13:27:06,372 - INFO - Optimal value of theta: 81.7393742745.
2022-07-01 13:27:06,372 - INFO - Beginning optimization with guess, [2.80626086e+00 1.25496905e-06].
2022-07-01 13:27:06,472 - INFO - Finished optimization with guess, [2.80626086e+00 1.25496905e-06].
2022-07-01 13:27:06,473 - INFO - Best fit parameters: [2.80626086e+00 1.25496905e-06].
2022-07-01 13:27:06,506 - INFO - Maximum log composite likelihood: -31.6219019726.
2022-07-01 13:27:06,506 - INFO - Optimal value of theta: 81.7393742738.
2022-07-01 13:27:06,507 - INFO - Beginning optimization with guess, [6.01011334e+00 9.17506436e-07].
2022-07-01 13:27:06,607 - INFO - Finished optimization with guess, [6.01011334e+00 9.17506436e-07].
2022-07-01 13:27:06,607 - INFO - Best fit parameters: [6.01011334e+00 9.17506436e-07].
2022-07-01 13:27:06,641 - INFO - Maximum log composite likelihood: -31.6219019723.
2022-07-01 13:27:06,641 - INFO - Optimal value of theta: 81.7393742746.
2022-07-01 13:27:06,641 - INFO - Beginning optimization with guess, [2.06173028e+00 1.19644016e-06].
2022-07-01 13:27:06,742 - INFO - Finished optimization with guess, [2.06173028e+00 1.19644016e-06].
2022-07-01 13:27:06,742 - INFO - Best fit parameters: [2.06173028e+00 1.19644016e-06].
2022-07-01 13:27:06,775 - INFO - Maximum log composite likelihood: -31.6219019726.
2022-07-01 13:27:06,776 - INFO - Optimal value of theta: 81.7393742738.
2022-07-01 13:27:06,776 - INFO - Beginning optimization with guess, [2.57642152e+00 1.16217334e-06].
2022-07-01 13:27:06,876 - INFO - Finished optimization with guess, [2.57642152e+00 1.16217334e-06].
2022-07-01 13:27:06,877 - INFO - Best fit parameters: [2.57642152e+00 1.16217334e-06].
2022-07-01 13:27:06,910 - INFO - Maximum log composite likelihood: -31.6219019726.
2022-07-01 13:27:06,910 - INFO - Optimal value of theta: 81.739374274.
2022-07-01 13:27:06,911 - INFO - Beginning optimization with guess, [5.01548482e+00 1.69953007e-06].
2022-07-01 13:27:07,011 - INFO - Finished optimization with guess, [5.01548482e+00 1.69953007e-06].
2022-07-01 13:27:07,011 - INFO - Best fit parameters: [5.01548482e+00 1.69953007e-06].
2022-07-01 13:27:07,045 - INFO - Maximum log composite likelihood: -31.6219019728.
2022-07-01 13:27:07,045 - INFO - Optimal value of theta: 81.7393742735.
2022-07-01 13:27:07,045 - INFO - Beginning optimization with guess, [1.04750559e+01 1.64488760e-06].
2022-07-01 13:27:07,146 - INFO - Finished optimization with guess, [1.04750559e+01 1.64488760e-06].
2022-07-01 13:27:07,146 - INFO - Best fit parameters: [1.04750559e+01 1.64488760e-06].
2022-07-01 13:27:07,179 - INFO - Maximum log composite likelihood: -31.6219019725.
2022-07-01 13:27:07,180 - INFO - Optimal value of theta: 81.7393742742.
2022-07-01 13:27:07,180 - INFO - Beginning optimization with guess, [5.63286129e+00 7.50360459e-07].
2022-07-01 13:27:07,280 - INFO - Finished optimization with guess, [5.63286129e+00 7.50360459e-07].
2022-07-01 13:27:07,281 - INFO - Best fit parameters: [5.63286129e+00 7.50360459e-07].
2022-07-01 13:27:07,314 - INFO - Maximum log composite likelihood: -31.6219019722.
2022-07-01 13:27:07,314 - INFO - Optimal value of theta: 81.7393742747.
2022-07-01 13:27:07,317 - INFO - Beginning demographic inference for exponential growth demographic model.
2022-07-01 13:27:07,319 - INFO - Beginning optimization with guess, [1.31117077e-01 9.94996049e-06].
2022-07-01 13:27:07,964 - INFO - Finished optimization with guess, [1.31117077e-01 9.94996049e-06].
2022-07-01 13:27:07,964 - INFO - Best fit parameters: [1.31114898e-01 9.95011461e-06].
2022-07-01 13:27:07,998 - INFO - Maximum log composite likelihood: -31.6218942288.
2022-07-01 13:27:07,998 - INFO - Optimal value of theta: 81.7393897991.
2022-07-01 13:27:07,998 - INFO - Beginning optimization with guess, [3.48481678e-01 1.01628133e-05].
2022-07-01 13:27:08,098 - INFO - Finished optimization with guess, [3.48481678e-01 1.01628133e-05].
2022-07-01 13:27:08,098 - INFO - Best fit parameters: [3.48481678e-01 1.01628133e-05].
2022-07-01 13:27:08,131 - INFO - Maximum log composite likelihood: -31.6219011148.
2022-07-01 13:27:08,132 - INFO - Optimal value of theta: 81.7393759944.
2022-07-01 13:27:08,132 - INFO - Beginning optimization with guess, [3.81213574e-01 8.38644462e-06].
2022-07-01 13:27:08,232 - INFO - Finished optimization with guess, [3.81213574e-01 8.38644462e-06].
2022-07-01 13:27:08,232 - INFO - Best fit parameters: [3.81213574e-01 8.38644462e-06].
2022-07-01 13:27:08,265 - INFO - Maximum log composite likelihood: -31.6219015092.
2022-07-01 13:27:08,265 - INFO - Optimal value of theta: 81.7393752035.
2022-07-01 13:27:08,266 - INFO - Beginning optimization with guess, [5.42915258e-01 5.96058566e-06].
2022-07-01 13:27:08,365 - INFO - Finished optimization with guess, [5.42915258e-01 5.96058566e-06].
2022-07-01 13:27:08,366 - INFO - Best fit parameters: [5.42915258e-01 5.96058566e-06].
2022-07-01 13:27:08,399 - INFO - Maximum log composite likelihood: -31.6219018873.
2022-07-01 13:27:08,399 - INFO - Optimal value of theta: 81.739374445.
2022-07-01 13:27:08,399 - INFO - Beginning optimization with guess, [4.40172739e-01 7.64613456e-06].
2022-07-01 13:27:08,499 - INFO - Finished optimization with guess, [4.40172739e-01 7.64613456e-06].
2022-07-01 13:27:08,499 - INFO - Best fit parameters: [4.40172739e-01 7.64613456e-06].
2022-07-01 13:27:08,532 - INFO - Maximum log composite likelihood: -31.6219017113.
2022-07-01 13:27:08,533 - INFO - Optimal value of theta: 81.7393747981.
2022-07-01 13:27:08,533 - INFO - Beginning optimization with guess, [8.26434698e-01 7.56389725e-06].
2022-07-01 13:27:08,635 - INFO - Finished optimization with guess, [8.26434698e-01 7.56389725e-06].
2022-07-01 13:27:08,635 - INFO - Best fit parameters: [8.26434698e-01 7.56389725e-06].
2022-07-01 13:27:08,668 - INFO - Maximum log composite likelihood: -31.6219019498.
2022-07-01 13:27:08,669 - INFO - Optimal value of theta: 81.7393743197.
2022-07-01 13:27:08,669 - INFO - Beginning optimization with guess, [1.28708865e+00 7.29894887e-06].
2022-07-01 13:27:08,769 - INFO - Finished optimization with guess, [1.28708865e+00 7.29894887e-06].
2022-07-01 13:27:08,769 - INFO - Best fit parameters: [1.28708865e+00 7.29894887e-06].
2022-07-01 13:27:08,802 - INFO - Maximum log composite likelihood: -31.6219019862.
2022-07-01 13:27:08,803 - INFO - Optimal value of theta: 81.7393742467.
2022-07-01 13:27:08,803 - INFO - Beginning optimization with guess, [8.20954775e-01 6.50501848e-06].
2022-07-01 13:27:08,902 - INFO - Finished optimization with guess, [8.20954775e-01 6.50501848e-06].
2022-07-01 13:27:08,903 - INFO - Best fit parameters: [8.20954775e-01 6.50501848e-06].
2022-07-01 13:27:08,936 - INFO - Maximum log composite likelihood: -31.6219019549.
2022-07-01 13:27:08,936 - INFO - Optimal value of theta: 81.7393743095.
2022-07-01 13:27:08,936 - INFO - Beginning optimization with guess, [4.69506638e-01 1.99427047e-05].
2022-07-01 13:27:09,036 - INFO - Finished optimization with guess, [4.69506638e-01 1.99427047e-05].
2022-07-01 13:27:09,036 - INFO - Best fit parameters: [4.69506638e-01 1.99427047e-05].
2022-07-01 13:27:09,070 - INFO - Maximum log composite likelihood: -31.6219004906.
2022-07-01 13:27:09,070 - INFO - Optimal value of theta: 81.7393772461.
2022-07-01 13:27:09,070 - INFO - Beginning optimization with guess, [8.34050398e-01 7.41365614e-06].
2022-07-01 13:27:09,170 - INFO - Finished optimization with guess, [8.34050398e-01 7.41365614e-06].
2022-07-01 13:27:09,170 - INFO - Best fit parameters: [8.34050398e-01 7.41365614e-06].
2022-07-01 13:27:09,203 - INFO - Maximum log composite likelihood: -31.621901952.
2022-07-01 13:27:09,204 - INFO - Optimal value of theta: 81.7393743153.
2022-07-01 13:27:09,204 - INFO - Beginning optimization with guess, [1.10328537e+00 1.72478768e-05].
2022-07-01 13:27:09,304 - INFO - Finished optimization with guess, [1.10328537e+00 1.72478768e-05].
2022-07-01 13:27:09,304 - INFO - Best fit parameters: [1.10328537e+00 1.72478768e-05].
2022-07-01 13:27:09,337 - INFO - Maximum log composite likelihood: -31.621902011.
2022-07-01 13:27:09,337 - INFO - Optimal value of theta: 81.7393741968.
2022-07-01 13:27:09,337 - INFO - Beginning optimization with guess, [1.46209757e+00 1.56055251e-05].
2022-07-01 13:27:09,437 - INFO - Finished optimization with guess, [1.46209757e+00 1.56055251e-05].
2022-07-01 13:27:09,437 - INFO - Best fit parameters: [1.46209757e+00 1.56055251e-05].
2022-07-01 13:27:09,471 - INFO - Maximum log composite likelihood: -31.6219020531.
2022-07-01 13:27:09,471 - INFO - Optimal value of theta: 81.7393741125.
2022-07-01 13:27:09,471 - INFO - Beginning optimization with guess, [1.50847819e+00 5.63219775e-06].
2022-07-01 13:27:09,571 - INFO - Finished optimization with guess, [1.50847819e+00 5.63219775e-06].
2022-07-01 13:27:09,571 - INFO - Best fit parameters: [1.50847819e+00 5.63219775e-06].
2022-07-01 13:27:09,604 - INFO - Maximum log composite likelihood: -31.6219019828.
2022-07-01 13:27:09,605 - INFO - Optimal value of theta: 81.7393742534.
2022-07-01 13:27:09,605 - INFO - Beginning optimization with guess, [1.41169707e+00 9.24850163e-06].
2022-07-01 13:27:09,705 - INFO - Finished optimization with guess, [1.41169707e+00 9.24850163e-06].
2022-07-01 13:27:09,705 - INFO - Best fit parameters: [1.41169707e+00 9.24850163e-06].
2022-07-01 13:27:09,738 - INFO - Maximum log composite likelihood: -31.6219019991.
2022-07-01 13:27:09,738 - INFO - Optimal value of theta: 81.7393742207.
2022-07-01 13:27:09,739 - INFO - Beginning optimization with guess, [3.83300133e+00 7.03244684e-06].
2022-07-01 13:27:09,838 - INFO - Finished optimization with guess, [3.83300133e+00 7.03244684e-06].
2022-07-01 13:27:09,838 - INFO - Best fit parameters: [3.83300133e+00 7.03244684e-06].
2022-07-01 13:27:09,872 - INFO - Maximum log composite likelihood: -31.6219019865.
2022-07-01 13:27:09,872 - INFO - Optimal value of theta: 81.7393742461.
2022-07-01 13:27:09,872 - INFO - Beginning optimization with guess, [2.46201428e+00 1.24002163e-05].
2022-07-01 13:27:09,972 - INFO - Finished optimization with guess, [2.46201428e+00 1.24002163e-05].
2022-07-01 13:27:09,972 - INFO - Best fit parameters: [2.46201428e+00 1.24002163e-05].
2022-07-01 13:27:10,006 - INFO - Maximum log composite likelihood: -31.6219020286.
2022-07-01 13:27:10,006 - INFO - Optimal value of theta: 81.7393741616.
2022-07-01 13:27:10,006 - INFO - Beginning optimization with guess, [2.06724012e+00 1.51686329e-05].
2022-07-01 13:27:10,106 - INFO - Finished optimization with guess, [2.06724012e+00 1.51686329e-05].
2022-07-01 13:27:10,106 - INFO - Best fit parameters: [2.06724012e+00 1.51686329e-05].
2022-07-01 13:27:10,139 - INFO - Maximum log composite likelihood: -31.6219020601.
2022-07-01 13:27:10,140 - INFO - Optimal value of theta: 81.7393740984.
2022-07-01 13:27:10,140 - INFO - Beginning optimization with guess, [2.60835876e+00 8.61904284e-06].
2022-07-01 13:27:10,240 - INFO - Finished optimization with guess, [2.60835876e+00 8.61904284e-06].
2022-07-01 13:27:10,240 - INFO - Best fit parameters: [2.60835876e+00 8.61904284e-06].
2022-07-01 13:27:10,273 - INFO - Maximum log composite likelihood: -31.6219019987.
2022-07-01 13:27:10,273 - INFO - Optimal value of theta: 81.7393742216.
2022-07-01 13:27:10,274 - INFO - Beginning optimization with guess, [2.47658932e+00 5.57718700e-06].
2022-07-01 13:27:10,373 - INFO - Finished optimization with guess, [2.47658932e+00 5.57718700e-06].
2022-07-01 13:27:10,373 - INFO - Best fit parameters: [2.47658932e+00 5.57718700e-06].
2022-07-01 13:27:10,407 - INFO - Maximum log composite likelihood: -31.6219019834.
2022-07-01 13:27:10,407 - INFO - Optimal value of theta: 81.7393742523.
2022-07-01 13:27:10,407 - INFO - Beginning optimization with guess, [4.07112661e+00 1.38653225e-05].
2022-07-01 13:27:10,507 - INFO - Finished optimization with guess, [4.07112661e+00 1.38653225e-05].
2022-07-01 13:27:10,507 - INFO - Best fit parameters: [4.07112661e+00 1.38653225e-05].
2022-07-01 13:27:10,540 - INFO - Maximum log composite likelihood: -31.621902026.
2022-07-01 13:27:10,541 - INFO - Optimal value of theta: 81.7393741667.
2022-07-01 13:27:10,541 - INFO - Beginning optimization with guess, [2.31284043e+00 1.87292649e-05].
2022-07-01 13:27:10,641 - INFO - Finished optimization with guess, [2.31284043e+00 1.87292649e-05].
2022-07-01 13:27:10,641 - INFO - Best fit parameters: [2.31284043e+00 1.87292649e-05].
2022-07-01 13:27:10,674 - INFO - Maximum log composite likelihood: -31.6219021041.
2022-07-01 13:27:10,674 - INFO - Optimal value of theta: 81.7393740101.
2022-07-01 13:27:10,674 - INFO - Beginning optimization with guess, [2.80058423e+00 1.01327359e-05].
2022-07-01 13:27:10,774 - INFO - Finished optimization with guess, [2.80058423e+00 1.01327359e-05].
2022-07-01 13:27:10,774 - INFO - Best fit parameters: [2.80058423e+00 1.01327359e-05].
2022-07-01 13:27:10,807 - INFO - Maximum log composite likelihood: -31.6219020078.
2022-07-01 13:27:10,808 - INFO - Optimal value of theta: 81.7393742033.
2022-07-01 13:27:10,808 - INFO - Beginning optimization with guess, [9.90497240e+00 6.55494842e-06].
2022-07-01 13:27:10,908 - INFO - Finished optimization with guess, [9.90497240e+00 6.55494842e-06].
2022-07-01 13:27:10,908 - INFO - Best fit parameters: [9.90497240e+00 6.55494842e-06].
2022-07-01 13:27:10,941 - INFO - Maximum log composite likelihood: -31.621901978.
2022-07-01 13:27:10,942 - INFO - Optimal value of theta: 81.7393742631.
2022-07-01 13:27:10,942 - INFO - Beginning optimization with guess, [9.84401755e+00 6.95789903e-06].
2022-07-01 13:27:11,042 - INFO - Finished optimization with guess, [9.84401755e+00 6.95789903e-06].
2022-07-01 13:27:11,042 - INFO - Best fit parameters: [9.84401755e+00 6.95789903e-06].
2022-07-01 13:27:11,075 - INFO - Maximum log composite likelihood: -31.6219019788.
2022-07-01 13:27:11,075 - INFO - Optimal value of theta: 81.7393742615.
2022-07-01 13:27:11,075 - INFO - Beginning optimization with guess, [5.84284383e+00 9.81949606e-06].
2022-07-01 13:27:11,175 - INFO - Finished optimization with guess, [5.84284383e+00 9.81949606e-06].
2022-07-01 13:27:11,175 - INFO - Best fit parameters: [5.84284383e+00 9.81949606e-06].
2022-07-01 13:27:11,208 - INFO - Maximum log composite likelihood: -31.6219019927.
2022-07-01 13:27:11,209 - INFO - Optimal value of theta: 81.7393742336.
2022-07-01 13:27:11,211 - INFO - Beginning demographic inference for bottleneck + growth demographic model.
2022-07-01 13:27:11,212 - INFO - Beginning optimization with guess, [6.81870899e-02 9.39434687e-02 9.44165513e-07].
2022-07-01 13:27:11,345 - INFO - Finished optimization with guess, [6.81870899e-02 9.39434687e-02 9.44165513e-07].
2022-07-01 13:27:11,345 - INFO - Best fit parameters: [6.81870899e-02 9.39434687e-02 9.44165513e-07].
2022-07-01 13:27:11,378 - INFO - Maximum log composite likelihood: -31.6219018314.
2022-07-01 13:27:11,379 - INFO - Optimal value of theta: 81.7393745571.
2022-07-01 13:27:11,379 - INFO - Beginning optimization with guess, [1.33730481e-01 3.33055238e-01 9.59982967e-07].
2022-07-01 13:27:11,512 - INFO - Finished optimization with guess, [1.33730481e-01 3.33055238e-01 9.59982967e-07].
2022-07-01 13:27:11,512 - INFO - Best fit parameters: [1.33730481e-01 3.33055238e-01 9.59982967e-07].
2022-07-01 13:27:11,545 - INFO - Maximum log composite likelihood: -31.6219019637.
2022-07-01 13:27:11,545 - INFO - Optimal value of theta: 81.7393742917.
2022-07-01 13:27:11,546 - INFO - Beginning optimization with guess, [4.36275648e-01 1.65145324e-01 5.00724895e-07].
2022-07-01 13:27:11,679 - INFO - Finished optimization with guess, [4.36275648e-01 1.65145324e-01 5.00724895e-07].
2022-07-01 13:27:11,679 - INFO - Best fit parameters: [4.36275648e-01 1.65145324e-01 5.00724895e-07].
2022-07-01 13:27:11,712 - INFO - Maximum log composite likelihood: -31.6219019605.
2022-07-01 13:27:11,712 - INFO - Optimal value of theta: 81.7393742982.
2022-07-01 13:27:11,712 - INFO - Beginning optimization with guess, [3.07264965e-01 2.28739095e-01 1.80346110e-06].
2022-07-01 13:27:11,845 - INFO - Finished optimization with guess, [3.07264965e-01 2.28739095e-01 1.80346110e-06].
2022-07-01 13:27:11,845 - INFO - Best fit parameters: [3.07264965e-01 2.28739095e-01 1.80346110e-06].
2022-07-01 13:27:11,879 - INFO - Maximum log composite likelihood: -31.6219018986.
2022-07-01 13:27:11,879 - INFO - Optimal value of theta: 81.7393744223.
2022-07-01 13:27:11,879 - INFO - Beginning optimization with guess, [5.71889165e-01 9.38947144e-01 1.03976066e-06].
2022-07-01 13:27:12,012 - INFO - Finished optimization with guess, [5.71889165e-01 9.38947144e-01 1.03976066e-06].
2022-07-01 13:27:12,012 - INFO - Best fit parameters: [5.71889165e-01 9.38947144e-01 1.03976066e-06].
2022-07-01 13:27:12,045 - INFO - Maximum log composite likelihood: -31.621901972.
2022-07-01 13:27:12,046 - INFO - Optimal value of theta: 81.7393742752.
2022-07-01 13:27:12,046 - INFO - Beginning optimization with guess, [8.65610637e-01 9.80192866e-01 7.61073099e-07].
2022-07-01 13:27:12,179 - INFO - Finished optimization with guess, [8.65610637e-01 9.80192866e-01 7.61073099e-07].
2022-07-01 13:27:12,179 - INFO - Best fit parameters: [8.65610637e-01 9.80192866e-01 7.61073099e-07].
2022-07-01 13:27:12,212 - INFO - Maximum log composite likelihood: -31.6219019721.
2022-07-01 13:27:12,213 - INFO - Optimal value of theta: 81.739374275.
2022-07-01 13:27:12,213 - INFO - Beginning optimization with guess, [4.26039001e-01 1.17317301e+00 7.24111302e-07].
2022-07-01 13:27:12,345 - INFO - Finished optimization with guess, [4.26039001e-01 1.17317301e+00 7.24111302e-07].
2022-07-01 13:27:12,346 - INFO - Best fit parameters: [4.26039001e-01 1.17317301e+00 7.24111302e-07].
2022-07-01 13:27:12,379 - INFO - Maximum log composite likelihood: -31.6219019722.
2022-07-01 13:27:12,379 - INFO - Optimal value of theta: 81.7393742747.
2022-07-01 13:27:12,379 - INFO - Beginning optimization with guess, [1.05651772e+00 9.31936612e-01 6.74790976e-07].
2022-07-01 13:27:12,512 - INFO - Finished optimization with guess, [1.05651772e+00 9.31936612e-01 6.74790976e-07].
2022-07-01 13:27:12,512 - INFO - Best fit parameters: [1.05651772e+00 9.31936612e-01 6.74790976e-07].
2022-07-01 13:27:12,546 - INFO - Maximum log composite likelihood: -31.621901972.
2022-07-01 13:27:12,546 - INFO - Optimal value of theta: 81.739374275.
2022-07-01 13:27:12,546 - INFO - Beginning optimization with guess, [1.18799553e+00 5.61029519e-01 6.66671467e-07].
2022-07-01 13:27:12,679 - INFO - Finished optimization with guess, [1.18799553e+00 5.61029519e-01 6.66671467e-07].
2022-07-01 13:27:12,679 - INFO - Best fit parameters: [1.18799553e+00 5.61029519e-01 6.66671467e-07].
2022-07-01 13:27:12,713 - INFO - Maximum log composite likelihood: -31.6219019712.
2022-07-01 13:27:12,713 - INFO - Optimal value of theta: 81.7393742768.
2022-07-01 13:27:12,713 - INFO - Beginning optimization with guess, [5.53258461e-01 9.55930259e-01 8.39486779e-07].
2022-07-01 13:27:12,846 - INFO - Finished optimization with guess, [5.53258461e-01 9.55930259e-01 8.39486779e-07].
2022-07-01 13:27:12,847 - INFO - Best fit parameters: [5.53258461e-01 9.55930259e-01 8.39486779e-07].
2022-07-01 13:27:12,880 - INFO - Maximum log composite likelihood: -31.621901972.
2022-07-01 13:27:12,880 - INFO - Optimal value of theta: 81.739374275.
2022-07-01 13:27:12,880 - INFO - Beginning optimization with guess, [1.39906599e+00 1.92384387e+00 1.40089110e-06].
2022-07-01 13:27:13,014 - INFO - Finished optimization with guess, [1.39906599e+00 1.92384387e+00 1.40089110e-06].
2022-07-01 13:27:13,014 - INFO - Best fit parameters: [1.39906599e+00 1.92384387e+00 1.40089110e-06].
2022-07-01 13:27:13,047 - INFO - Maximum log composite likelihood: -31.6219019728.
2022-07-01 13:27:13,047 - INFO - Optimal value of theta: 81.7393742734.
2022-07-01 13:27:13,047 - INFO - Beginning optimization with guess, [1.48275383e+00 2.61781342e+00 7.14997145e-07].
2022-07-01 13:27:13,180 - INFO - Finished optimization with guess, [1.48275383e+00 2.61781342e+00 7.14997145e-07].
2022-07-01 13:27:13,181 - INFO - Best fit parameters: [1.48275383e+00 2.61781342e+00 7.14997145e-07].
2022-07-01 13:27:13,214 - INFO - Maximum log composite likelihood: -31.6219019723.
2022-07-01 13:27:13,214 - INFO - Optimal value of theta: 81.7393742746.
2022-07-01 13:27:13,214 - INFO - Beginning optimization with guess, [1.27848784e+00 1.46635107e+00 1.90661709e-06].
2022-07-01 13:27:13,347 - INFO - Finished optimization with guess, [1.27848784e+00 1.46635107e+00 1.90661709e-06].
2022-07-01 13:27:13,347 - INFO - Best fit parameters: [1.27848784e+00 1.46635107e+00 1.90661709e-06].
2022-07-01 13:27:13,381 - INFO - Maximum log composite likelihood: -31.6219019733.
2022-07-01 13:27:13,381 - INFO - Optimal value of theta: 81.7393742725.
2022-07-01 13:27:13,381 - INFO - Beginning optimization with guess, [2.21352595e+00 1.27869080e+00 5.32067727e-07].
2022-07-01 13:27:13,514 - INFO - Finished optimization with guess, [2.21352595e+00 1.27869080e+00 5.32067727e-07].
2022-07-01 13:27:13,514 - INFO - Best fit parameters: [2.21352595e+00 1.27869080e+00 5.32067727e-07].
2022-07-01 13:27:13,547 - INFO - Maximum log composite likelihood: -31.6219019722.
2022-07-01 13:27:13,548 - INFO - Optimal value of theta: 81.7393742748.
2022-07-01 13:27:13,548 - INFO - Beginning optimization with guess, [1.94935507e+00 2.00628165e+00 1.96468482e-06].
2022-07-01 13:27:13,681 - INFO - Finished optimization with guess, [1.94935507e+00 2.00628165e+00 1.96468482e-06].
2022-07-01 13:27:13,681 - INFO - Best fit parameters: [1.94935507e+00 2.00628165e+00 1.96468482e-06].
2022-07-01 13:27:13,714 - INFO - Maximum log composite likelihood: -31.6219019736.
2022-07-01 13:27:13,715 - INFO - Optimal value of theta: 81.739374272.
2022-07-01 13:27:13,715 - INFO - Beginning optimization with guess, [1.78540447e+00 1.26030697e+00 9.40700353e-07].
2022-07-01 13:27:13,848 - INFO - Finished optimization with guess, [1.78540447e+00 1.26030697e+00 9.40700353e-07].
2022-07-01 13:27:13,848 - INFO - Best fit parameters: [1.78540447e+00 1.26030697e+00 9.40700353e-07].
2022-07-01 13:27:13,881 - INFO - Maximum log composite likelihood: -31.6219019723.
2022-07-01 13:27:13,882 - INFO - Optimal value of theta: 81.7393742745.
2022-07-01 13:27:13,882 - INFO - Beginning optimization with guess, [1.60780184e+00 4.78270392e+00 1.50286560e-06].
2022-07-01 13:27:14,015 - INFO - Finished optimization with guess, [1.60780184e+00 4.78270392e+00 1.50286560e-06].
2022-07-01 13:27:14,015 - INFO - Best fit parameters: [1.60780184e+00 4.78270392e+00 1.50286560e-06].
2022-07-01 13:27:14,048 - INFO - Maximum log composite likelihood: -31.6219019727.
2022-07-01 13:27:14,048 - INFO - Optimal value of theta: 81.7393742738.
2022-07-01 13:27:14,049 - INFO - Beginning optimization with guess, [3.17120810e+00 4.94051604e+00 1.20729326e-06].
2022-07-01 13:27:14,181 - INFO - Finished optimization with guess, [3.17120810e+00 4.94051604e+00 1.20729326e-06].
2022-07-01 13:27:14,182 - INFO - Best fit parameters: [3.17120810e+00 4.94051604e+00 1.20729326e-06].
2022-07-01 13:27:14,215 - INFO - Maximum log composite likelihood: -31.6219019725.
2022-07-01 13:27:14,215 - INFO - Optimal value of theta: 81.7393742742.
2022-07-01 13:27:14,215 - INFO - Beginning optimization with guess, [3.20789344e+00 4.67038072e+00 5.27131613e-07].
2022-07-01 13:27:14,348 - INFO - Finished optimization with guess, [3.20789344e+00 4.67038072e+00 5.27131613e-07].
2022-07-01 13:27:14,349 - INFO - Best fit parameters: [3.20789344e+00 4.67038072e+00 5.27131613e-07].
2022-07-01 13:27:14,382 - INFO - Maximum log composite likelihood: -31.6219019722.
2022-07-01 13:27:14,382 - INFO - Optimal value of theta: 81.7393742748.
2022-07-01 13:27:14,382 - INFO - Beginning optimization with guess, [5.92393539e+00 1.97143833e+00 6.24294006e-07].
2022-07-01 13:27:14,516 - INFO - Finished optimization with guess, [5.92393539e+00 1.97143833e+00 6.24294006e-07].
2022-07-01 13:27:14,516 - INFO - Best fit parameters: [5.92393539e+00 1.97143833e+00 6.24294006e-07].
2022-07-01 13:27:14,549 - INFO - Maximum log composite likelihood: -31.6219019722.
2022-07-01 13:27:14,549 - INFO - Optimal value of theta: 81.7393742746.
2022-07-01 13:27:14,550 - INFO - Beginning optimization with guess, [4.05927365e+00 2.76290150e+00 1.04474756e-06].
2022-07-01 13:27:14,682 - INFO - Finished optimization with guess, [4.05927365e+00 2.76290150e+00 1.04474756e-06].
2022-07-01 13:27:14,682 - INFO - Best fit parameters: [4.05927365e+00 2.76290150e+00 1.04474756e-06].
2022-07-01 13:27:14,716 - INFO - Maximum log composite likelihood: -31.6219019725.
2022-07-01 13:27:14,716 - INFO - Optimal value of theta: 81.7393742742.
2022-07-01 13:27:14,716 - INFO - Beginning optimization with guess, [2.73057272e+00 6.04806660e+00 8.34490859e-07].
2022-07-01 13:27:14,849 - INFO - Finished optimization with guess, [2.73057272e+00 6.04806660e+00 8.34490859e-07].
2022-07-01 13:27:14,849 - INFO - Best fit parameters: [2.73057272e+00 6.04806660e+00 8.34490859e-07].
2022-07-01 13:27:14,882 - INFO - Maximum log composite likelihood: -31.6219019722.
2022-07-01 13:27:14,883 - INFO - Optimal value of theta: 81.7393742746.
2022-07-01 13:27:14,883 - INFO - Beginning optimization with guess, [8.97899050e+00 7.00527779e+00 7.66521175e-07].
2022-07-01 13:27:15,016 - INFO - Finished optimization with guess, [8.97899050e+00 7.00527779e+00 7.66521175e-07].
2022-07-01 13:27:15,016 - INFO - Best fit parameters: [8.97899050e+00 7.00527779e+00 7.66521175e-07].
2022-07-01 13:27:15,049 - INFO - Maximum log composite likelihood: -31.6219019722.
2022-07-01 13:27:15,050 - INFO - Optimal value of theta: 81.7393742747.
2022-07-01 13:27:15,050 - INFO - Beginning optimization with guess, [6.21220225e+00 7.88151872e+00 8.90709633e-07].
2022-07-01 13:27:15,183 - INFO - Finished optimization with guess, [6.21220225e+00 7.88151872e+00 8.90709633e-07].
2022-07-01 13:27:15,183 - INFO - Best fit parameters: [6.21220225e+00 7.88151872e+00 8.90709633e-07].
2022-07-01 13:27:15,216 - INFO - Maximum log composite likelihood: -31.6219019722.
2022-07-01 13:27:15,217 - INFO - Optimal value of theta: 81.7393742747.
2022-07-01 13:27:15,217 - INFO - Beginning optimization with guess, [5.61087998e+00 5.11380217e+00 5.53388399e-07].
2022-07-01 13:27:15,350 - INFO - Finished optimization with guess, [5.61087998e+00 5.11380217e+00 5.53388399e-07].
2022-07-01 13:27:15,350 - INFO - Best fit parameters: [5.61087998e+00 5.11380217e+00 5.53388399e-07].
2022-07-01 13:27:15,383 - INFO - Maximum log composite likelihood: -31.6219019722.
2022-07-01 13:27:15,383 - INFO - Optimal value of theta: 81.7393742748.
2022-07-01 13:27:15,386 - INFO - Beginning demographic inference for three-epoch demographic model.
2022-07-01 13:27:15,388 - INFO - Beginning optimization with guess, [1.38628511e-01 7.54706406e-02 7.34873841e-07 1.31410630e-06].
2022-07-01 13:27:15,558 - INFO - Finished optimization with guess, [1.38628511e-01 7.54706406e-02 7.34873841e-07 1.31410630e-06].
2022-07-01 13:27:15,559 - INFO - Best fit parameters: [1.38628511e-01 7.54706406e-02 7.34873841e-07 1.31410630e-06].
2022-07-01 13:27:15,592 - INFO - Maximum log composite likelihood: -31.6219013789.
2022-07-01 13:27:15,593 - INFO - Optimal value of theta: 81.7393754647.
2022-07-01 13:27:15,593 - INFO - Beginning optimization with guess, [1.65985165e-01 1.03734603e-01 1.23735346e-06 1.50007719e-06].
2022-07-01 13:27:15,762 - INFO - Finished optimization with guess, [1.65985165e-01 1.03734603e-01 1.23735346e-06 1.50007719e-06].
2022-07-01 13:27:15,763 - INFO - Best fit parameters: [1.65985165e-01 1.03734603e-01 1.23735346e-06 1.50007719e-06].
2022-07-01 13:27:15,796 - INFO - Maximum log composite likelihood: -31.6219014724.
2022-07-01 13:27:15,797 - INFO - Optimal value of theta: 81.7393752773.
2022-07-01 13:27:15,797 - INFO - Beginning optimization with guess, [4.10781947e-01 4.17020803e-01 6.67469426e-07 5.38618023e-07].
2022-07-01 13:27:15,967 - INFO - Finished optimization with guess, [4.10781947e-01 4.17020803e-01 6.67469426e-07 5.38618023e-07].
2022-07-01 13:27:15,967 - INFO - Best fit parameters: [4.10781947e-01 4.17020803e-01 6.67469426e-07 5.38618023e-07].
2022-07-01 13:27:16,001 - INFO - Maximum log composite likelihood: -31.6219019664.
2022-07-01 13:27:16,001 - INFO - Optimal value of theta: 81.7393742863.
2022-07-01 13:27:16,001 - INFO - Beginning optimization with guess, [2.19967811e-01 2.26572813e-01 1.77786293e-06 7.37804239e-07].
2022-07-01 13:27:16,171 - INFO - Finished optimization with guess, [2.19967811e-01 2.26572813e-01 1.77786293e-06 7.37804239e-07].
2022-07-01 13:27:16,171 - INFO - Best fit parameters: [2.19967811e-01 2.26572813e-01 1.77786293e-06 7.37804239e-07].
2022-07-01 13:27:16,205 - INFO - Maximum log composite likelihood: -31.6219018498.
2022-07-01 13:27:16,205 - INFO - Optimal value of theta: 81.7393745202.
2022-07-01 13:27:16,205 - INFO - Beginning optimization with guess, [6.54108965e-01 7.25060205e-01 1.98669368e-06 1.11114979e-06].
2022-07-01 13:27:16,375 - INFO - Finished optimization with guess, [6.54108965e-01 7.25060205e-01 1.98669368e-06 1.11114979e-06].
2022-07-01 13:27:16,375 - INFO - Best fit parameters: [6.54108965e-01 7.25060205e-01 1.98669368e-06 1.11114979e-06].
2022-07-01 13:27:16,409 - INFO - Maximum log composite likelihood: -31.6219019639.
2022-07-01 13:27:16,409 - INFO - Optimal value of theta: 81.7393742915.
2022-07-01 13:27:16,409 - INFO - Beginning optimization with guess, [4.87266484e-01 5.38689945e-01 1.77384645e-06 1.16420010e-06].
2022-07-01 13:27:16,579 - INFO - Finished optimization with guess, [4.87266484e-01 5.38689945e-01 1.77384645e-06 1.16420010e-06].
2022-07-01 13:27:16,579 - INFO - Best fit parameters: [4.87266484e-01 5.38689945e-01 1.77384645e-06 1.16420010e-06].
2022-07-01 13:27:16,613 - INFO - Maximum log composite likelihood: -31.6219019524.
2022-07-01 13:27:16,613 - INFO - Optimal value of theta: 81.7393743145.
2022-07-01 13:27:16,613 - INFO - Beginning optimization with guess, [5.32016847e-01 3.82605726e-01 1.54554675e-06 9.45210788e-07].
2022-07-01 13:27:16,783 - INFO - Finished optimization with guess, [5.32016847e-01 3.82605726e-01 1.54554675e-06 9.45210788e-07].
2022-07-01 13:27:16,783 - INFO - Best fit parameters: [5.32016847e-01 3.82605726e-01 1.54554675e-06 9.45210788e-07].
2022-07-01 13:27:16,817 - INFO - Maximum log composite likelihood: -31.6219019553.
2022-07-01 13:27:16,817 - INFO - Optimal value of theta: 81.7393743086.
2022-07-01 13:27:16,817 - INFO - Beginning optimization with guess, [5.75606144e-01 5.80591186e-01 9.19866284e-07 9.98750377e-07].
2022-07-01 13:27:16,987 - INFO - Finished optimization with guess, [5.75606144e-01 5.80591186e-01 9.19866284e-07 9.98750377e-07].
2022-07-01 13:27:16,987 - INFO - Best fit parameters: [5.75606144e-01 5.80591186e-01 9.19866284e-07 9.98750377e-07].
2022-07-01 13:27:17,021 - INFO - Maximum log composite likelihood: -31.6219019668.
2022-07-01 13:27:17,021 - INFO - Optimal value of theta: 81.7393742855.
2022-07-01 13:27:17,021 - INFO - Beginning optimization with guess, [8.09242246e-01 6.16678480e-01 1.13511648e-06 6.36675472e-07].
2022-07-01 13:27:17,191 - INFO - Finished optimization with guess, [8.09242246e-01 6.16678480e-01 1.13511648e-06 6.36675472e-07].
2022-07-01 13:27:17,191 - INFO - Best fit parameters: [8.09242246e-01 6.16678480e-01 1.13511648e-06 6.36675472e-07].
2022-07-01 13:27:17,225 - INFO - Maximum log composite likelihood: -31.6219019705.
2022-07-01 13:27:17,225 - INFO - Optimal value of theta: 81.7393742781.
2022-07-01 13:27:17,225 - INFO - Beginning optimization with guess, [1.06922946e+00 1.58303628e+00 8.33978633e-07 1.09716108e-06].
2022-07-01 13:27:17,395 - INFO - Finished optimization with guess, [1.06922946e+00 1.58303628e+00 8.33978633e-07 1.09716108e-06].
2022-07-01 13:27:17,395 - INFO - Best fit parameters: [1.06922946e+00 1.58303628e+00 8.33978633e-07 1.09716108e-06].
2022-07-01 13:27:17,429 - INFO - Maximum log composite likelihood: -31.6219019726.
2022-07-01 13:27:17,429 - INFO - Optimal value of theta: 81.7393742738.
2022-07-01 13:27:17,430 - INFO - Beginning optimization with guess, [7.72715285e-01 1.89865508e+00 1.04334854e-06 1.38058496e-06].
2022-07-01 13:27:17,599 - INFO - Finished optimization with guess, [7.72715285e-01 1.89865508e+00 1.04334854e-06 1.38058496e-06].
2022-07-01 13:27:17,599 - INFO - Best fit parameters: [7.72715285e-01 1.89865508e+00 1.04334854e-06 1.38058496e-06].
2022-07-01 13:27:17,633 - INFO - Maximum log composite likelihood: -31.6219019719.
2022-07-01 13:27:17,634 - INFO - Optimal value of theta: 81.7393742754.
2022-07-01 13:27:17,634 - INFO - Beginning optimization with guess, [1.50117927e+00 1.37508656e+00 6.05533800e-07 5.12352435e-07].
2022-07-01 13:27:17,803 - INFO - Finished optimization with guess, [1.50117927e+00 1.37508656e+00 6.05533800e-07 5.12352435e-07].
2022-07-01 13:27:17,803 - INFO - Best fit parameters: [1.50117927e+00 1.37508656e+00 6.05533800e-07 5.12352435e-07].
2022-07-01 13:27:17,837 - INFO - Maximum log composite likelihood: -31.6219019724.
2022-07-01 13:27:17,838 - INFO - Optimal value of theta: 81.7393742743.
2022-07-01 13:27:17,838 - INFO - Beginning optimization with guess, [1.41883615e+00 1.41200923e+00 7.02930688e-07 1.60752725e-06].
2022-07-01 13:27:18,009 - INFO - Finished optimization with guess, [1.41883615e+00 1.41200923e+00 7.02930688e-07 1.60752725e-06].
2022-07-01 13:27:18,009 - INFO - Best fit parameters: [1.41883615e+00 1.41200923e+00 7.02930688e-07 1.60752725e-06].
2022-07-01 13:27:18,043 - INFO - Maximum log composite likelihood: -31.6219019734.
2022-07-01 13:27:18,044 - INFO - Optimal value of theta: 81.7393742723.
2022-07-01 13:27:18,044 - INFO - Beginning optimization with guess, [1.83414405e+00 3.68483385e+00 1.50673206e-06 1.10604465e-06].
2022-07-01 13:27:18,214 - INFO - Finished optimization with guess, [1.83414405e+00 3.68483385e+00 1.50673206e-06 1.10604465e-06].
2022-07-01 13:27:18,214 - INFO - Best fit parameters: [1.83414405e+00 3.68483385e+00 1.50673206e-06 1.10604465e-06].
2022-07-01 13:27:18,248 - INFO - Maximum log composite likelihood: -31.6219019736.
2022-07-01 13:27:18,248 - INFO - Optimal value of theta: 81.7393742719.
2022-07-01 13:27:18,248 - INFO - Beginning optimization with guess, [1.57558438e+00 2.45682563e+00 1.07406907e-06 1.62962038e-06].
2022-07-01 13:27:18,418 - INFO - Finished optimization with guess, [1.57558438e+00 2.45682563e+00 1.07406907e-06 1.62962038e-06].
2022-07-01 13:27:18,418 - INFO - Best fit parameters: [1.57558438e+00 2.45682563e+00 1.07406907e-06 1.62962038e-06].
2022-07-01 13:27:18,452 - INFO - Maximum log composite likelihood: -31.6219019739.
2022-07-01 13:27:18,452 - INFO - Optimal value of theta: 81.7393742714.
2022-07-01 13:27:18,452 - INFO - Beginning optimization with guess, [1.31428299e+00 1.82343156e+00 5.48120991e-07 8.48430421e-07].
2022-07-01 13:27:18,622 - INFO - Finished optimization with guess, [1.31428299e+00 1.82343156e+00 5.48120991e-07 8.48430421e-07].
2022-07-01 13:27:18,622 - INFO - Best fit parameters: [1.31428299e+00 1.82343156e+00 5.48120991e-07 8.48430421e-07].
2022-07-01 13:27:18,656 - INFO - Maximum log composite likelihood: -31.6219019725.
2022-07-01 13:27:18,656 - INFO - Optimal value of theta: 81.739374274.
2022-07-01 13:27:18,656 - INFO - Beginning optimization with guess, [1.86200012e+00 2.47731787e+00 1.34147633e-06 1.00446570e-06].
2022-07-01 13:27:18,826 - INFO - Finished optimization with guess, [1.86200012e+00 2.47731787e+00 1.34147633e-06 1.00446570e-06].
2022-07-01 13:27:18,826 - INFO - Best fit parameters: [1.86200012e+00 2.47731787e+00 1.34147633e-06 1.00446570e-06].
2022-07-01 13:27:18,860 - INFO - Maximum log composite likelihood: -31.6219019735.
2022-07-01 13:27:18,860 - INFO - Optimal value of theta: 81.7393742721.
2022-07-01 13:27:18,860 - INFO - Beginning optimization with guess, [5.53070904e+00 4.98184616e+00 1.88327971e-06 1.04118457e-06].
2022-07-01 13:27:19,030 - INFO - Finished optimization with guess, [5.53070904e+00 4.98184616e+00 1.88327971e-06 1.04118457e-06].
2022-07-01 13:27:19,030 - INFO - Best fit parameters: [5.53070904e+00 4.98184616e+00 1.88327971e-06 1.04118457e-06].
2022-07-01 13:27:19,064 - INFO - Maximum log composite likelihood: -31.6219019737.
2022-07-01 13:27:19,064 - INFO - Optimal value of theta: 81.7393742718.
2022-07-01 13:27:19,064 - INFO - Beginning optimization with guess, [1.89109643e+00 1.92009474e+00 1.11659918e-06 9.43495541e-07].
2022-07-01 13:27:19,234 - INFO - Finished optimization with guess, [1.89109643e+00 1.92009474e+00 1.11659918e-06 9.43495541e-07].
2022-07-01 13:27:19,234 - INFO - Best fit parameters: [1.89109643e+00 1.92009474e+00 1.11659918e-06 9.43495541e-07].
2022-07-01 13:27:19,268 - INFO - Maximum log composite likelihood: -31.6219019733.
2022-07-01 13:27:19,269 - INFO - Optimal value of theta: 81.7393742725.
2022-07-01 13:27:19,269 - INFO - Beginning optimization with guess, [4.78878937e+00 1.90935866e+00 1.15815537e-06 1.68405056e-06].
2022-07-01 13:27:19,438 - INFO - Finished optimization with guess, [4.78878937e+00 1.90935866e+00 1.15815537e-06 1.68405056e-06].
2022-07-01 13:27:19,438 - INFO - Best fit parameters: [4.78878937e+00 1.90935866e+00 1.15815537e-06 1.68405056e-06].
2022-07-01 13:27:19,472 - INFO - Maximum log composite likelihood: -31.6219019747.
2022-07-01 13:27:19,472 - INFO - Optimal value of theta: 81.7393742697.
2022-07-01 13:27:19,473 - INFO - Beginning optimization with guess, [2.92902341e+00 5.60600331e+00 6.42407183e-07 8.28618671e-07].
2022-07-01 13:27:19,642 - INFO - Finished optimization with guess, [2.92902341e+00 5.60600331e+00 6.42407183e-07 8.28618671e-07].
2022-07-01 13:27:19,642 - INFO - Best fit parameters: [2.92902341e+00 5.60600331e+00 6.42407183e-07 8.28618671e-07].
2022-07-01 13:27:19,676 - INFO - Maximum log composite likelihood: -31.6219019725.
2022-07-01 13:27:19,677 - INFO - Optimal value of theta: 81.7393742741.
2022-07-01 13:27:19,677 - INFO - Beginning optimization with guess, [6.77082905e+00 4.76953670e+00 6.73996647e-07 6.60287205e-07].
2022-07-01 13:27:19,846 - INFO - Finished optimization with guess, [6.77082905e+00 4.76953670e+00 6.73996647e-07 6.60287205e-07].
2022-07-01 13:27:19,846 - INFO - Best fit parameters: [6.77082905e+00 4.76953670e+00 6.73996647e-07 6.60287205e-07].
2022-07-01 13:27:19,880 - INFO - Maximum log composite likelihood: -31.6219019724.
2022-07-01 13:27:19,881 - INFO - Optimal value of theta: 81.7393742743.
2022-07-01 13:27:19,881 - INFO - Beginning optimization with guess, [1.09757841e+01 7.02424033e+00 1.03769244e-06 1.25743611e-06].
2022-07-01 13:27:20,051 - INFO - Finished optimization with guess, [1.09757841e+01 7.02424033e+00 1.03769244e-06 1.25743611e-06].
2022-07-01 13:27:20,051 - INFO - Best fit parameters: [1.09757841e+01 7.02424033e+00 1.03769244e-06 1.25743611e-06].
2022-07-01 13:27:20,085 - INFO - Maximum log composite likelihood: -31.6219019728.
2022-07-01 13:27:20,086 - INFO - Optimal value of theta: 81.7393742735.
2022-07-01 13:27:20,086 - INFO - Beginning optimization with guess, [4.22871405e+00 7.73672586e+00 5.84176421e-07 1.23287627e-06].
2022-07-01 13:27:20,255 - INFO - Finished optimization with guess, [4.22871405e+00 7.73672586e+00 5.84176421e-07 1.23287627e-06].
2022-07-01 13:27:20,255 - INFO - Best fit parameters: [4.22871405e+00 7.73672586e+00 5.84176421e-07 1.23287627e-06].
2022-07-01 13:27:20,289 - INFO - Maximum log composite likelihood: -31.6219019726.
2022-07-01 13:27:20,290 - INFO - Optimal value of theta: 81.739374274.
2022-07-01 13:27:20,290 - INFO - Beginning optimization with guess, [7.14658157e+00 1.03766187e+01 1.06782339e-06 1.01341492e-06].
2022-07-01 13:27:20,460 - INFO - Finished optimization with guess, [7.14658157e+00 1.03766187e+01 1.06782339e-06 1.01341492e-06].
2022-07-01 13:27:20,460 - INFO - Best fit parameters: [7.14658157e+00 1.03766187e+01 1.06782339e-06 1.01341492e-06].
2022-07-01 13:27:20,494 - INFO - Maximum log composite likelihood: -31.6219019726.
2022-07-01 13:27:20,494 - INFO - Optimal value of theta: 81.739374274.
2022-07-01 13:27:20,497 - INFO - Finished demographic inference.
2022-07-01 13:27:20,497 - INFO - Pipeline executed succesfully.
