2023-05-03 15:35:43,249 - INFO - Beginning execution of evaluate_demography.py in directory /u/project/ngarud/jonmah/demo_for_ccgb/Scripts

2023-05-03 15:35:43,249 - INFO - Progress is being logged to ../Analysis/Bacteroides_xylanisolvens_57185_downsampled_14/complete_evaluate_demography.log

2023-05-03 15:35:43,249 - INFO - Parsed the following arguments:
	syn_input_sfs = ../Analysis/Bacteroides_xylanisolvens_57185_downsampled_14/empirical_syn_downsampled_sfs.txt
	model_type = two_epoch
	nu = 0.339
	tau = 0.0154
	mask_singletons = False
	mask_doubletons = False
	outprefix = ../Analysis/Bacteroides_xylanisolvens_57185_downsampled_14/complete

2023-05-03 15:35:43,250 - INFO - Beginning demographic evaluation for two-epoch demographic model.
2023-05-03 15:35:43,252 - INFO - Beginning optimization with guess, [0.339, 0.0154].
2023-05-03 15:35:43,460 - INFO - Finished optimization with guess, [0.339, 0.0154].
2023-05-03 15:35:43,461 - INFO - Best fit parameters: [0.36744762 0.01459838].
2023-05-03 15:35:43,484 - INFO - Maximum log composite likelihood: -82.11111384062315.
2023-05-03 15:35:43,484 - INFO - Optimal value of theta: 10969.855989017833.
2023-05-03 15:35:43,484 - INFO - Synonymous input SFS: [-- 10156.114723833578 6208.019857733966 4715.133544812983 3904.332222981886 3432.609711263097 3200.493429935099 1567.548108568702 -- -- -- -- -- -- --].
2023-05-03 15:35:43,484 - INFO - Scaled spectrum: [-- 10306.2354281651 6233.997603665808 4629.787292472532 3835.5305348898764 3412.1756288805923 3199.422608779039 1567.1025022763524 -- -- -- -- -- -- --].
2023-05-03 15:35:43,485 - INFO - Converting and interpreting Tau estimates.
2023-05-03 15:35:43,486 - INFO - Finished demographic evaluation.
2023-05-03 15:35:43,486 - INFO - Pipeline executed succesfully.
