2023-08-28 17:39:49,519 - INFO - Beginning execution of evaluate_demography.py in directory /u/project/ngarud/jonmah/demo_for_ccgb/Scripts

2023-08-28 17:39:49,519 - INFO - Progress is being logged to ../Analysis/Bacteroides_xylanisolvens_57185_downsampled_14/core_evaluate_demography.log

2023-08-28 17:39:49,520 - INFO - Parsed the following arguments:
	syn_input_sfs = ../Analysis/Bacteroides_xylanisolvens_57185_downsampled_14/core_empirical_syn_downsampled_sfs.txt
	model_type = three_epoch
	params_list = [0.38426622, 0.76413752, 0.0110685, 0.11719635]
	mask_singletons = False
	mask_doubletons = False
	outprefix = ../Analysis/Bacteroides_xylanisolvens_57185_downsampled_14/core

2023-08-28 17:39:49,724 - INFO - Beginning demographic evaluation for three-epoch demographic model.
2023-08-28 17:39:49,726 - INFO - Beginning optimization with guess, [0.38426622, 0.76413752, 0.0110685, 0.11719635].
2023-08-28 17:39:49,726 - INFO - Finished optimization with guess, [0.38426622, 0.76413752, 0.0110685, 0.11719635].
2023-08-28 17:39:49,727 - INFO - Best fit parameters: [0.38426622, 0.76413752, 0.0110685, 0.11719635].
2023-08-28 17:39:49,802 - INFO - Maximum log composite likelihood: -33.35308754008656.
2023-08-28 17:39:49,802 - INFO - Outputting residual between model and data.
2023-08-28 17:39:50,822 - INFO - Optimal value of theta: 5880.439450712969.
2023-08-28 17:39:50,822 - INFO - Synonymous input SFS: [-- 5433.6095863251785 3131.9957044725734 2387.3621622114947 2013.1008715736311 1806.447078041723 1706.5679286352301 839.0637284071213 -- -- -- -- -- -- --].
2023-08-28 17:39:50,823 - INFO - Scaled spectrum: [-- 5431.8336461003455 3149.033666200527 2381.9415302646576 2008.9389376938943 1806.9425726566292 1703.63282360536 835.8238831455348 -- -- -- -- -- -- --].
2023-08-28 17:39:50,824 - INFO - Converting and interpreting Tau estimates.
2023-08-28 17:39:50,825 - INFO - Finished demographic evaluation.
2023-08-28 17:39:50,826 - INFO - Pipeline executed succesfully.
