2023-07-20 16:54:10,664 - INFO - Beginning execution of fit_one_epoch.py in directory /u/project/ngarud/jonmah/demo_for_ccgb/Scripts

2023-07-20 16:54:10,664 - INFO - Progress is being logged to ../Analysis/Bacteroides_xylanisolvens_57185_downsampled_14/core_log.log

2023-07-20 16:54:10,664 - INFO - Parsed the following arguments:
	syn_input_sfs = ../Analysis/Bacteroides_xylanisolvens_57185_downsampled_14/core_empirical_syn_downsampled_sfs.txt
	mask_singletons = False
	mask_doubletons = False
	outprefix = ../Analysis/Bacteroides_xylanisolvens_57185_downsampled_14/core

2023-07-20 16:54:10,668 - INFO - Beginning demographic inference for one-epoch demographic model.
2023-07-20 16:54:10,671 - INFO - Beginning optimization with guess, [0.08881653].
2023-07-20 16:54:11,459 - INFO - Finished optimization with guess, [0.08881653].
2023-07-20 16:54:11,459 - INFO - Best fit parameters: [0.08881653].
2023-07-20 16:54:11,483 - INFO - Maximum log composite likelihood: -64.3408771344939.
2023-07-20 16:54:11,484 - INFO - Optimal value of theta: 5445.730157862238.
2023-07-20 16:54:11,485 - INFO - Beginning optimization with guess, [0.16509847].
2023-07-20 16:54:12,205 - INFO - Finished optimization with guess, [0.16509847].
2023-07-20 16:54:12,205 - INFO - Best fit parameters: [0.16509847].
2023-07-20 16:54:12,228 - INFO - Maximum log composite likelihood: -64.3408771344939.
2023-07-20 16:54:12,228 - INFO - Optimal value of theta: 5445.730157862238.
2023-07-20 16:54:12,228 - INFO - Beginning optimization with guess, [0.24670621].
2023-07-20 16:54:12,947 - INFO - Finished optimization with guess, [0.24670621].
2023-07-20 16:54:12,948 - INFO - Best fit parameters: [0.24670621].
2023-07-20 16:54:12,970 - INFO - Maximum log composite likelihood: -64.3408771344939.
2023-07-20 16:54:12,970 - INFO - Optimal value of theta: 5445.730157862238.
2023-07-20 16:54:12,970 - INFO - Beginning optimization with guess, [0.2539563].
2023-07-20 16:54:13,691 - INFO - Finished optimization with guess, [0.2539563].
2023-07-20 16:54:13,693 - INFO - Best fit parameters: [0.2539563].
2023-07-20 16:54:13,715 - INFO - Maximum log composite likelihood: -64.3408771344939.
2023-07-20 16:54:13,716 - INFO - Optimal value of theta: 5445.730157862238.
2023-07-20 16:54:13,716 - INFO - Beginning optimization with guess, [0.84645295].
2023-07-20 16:54:14,235 - INFO - Finished optimization with guess, [0.84645295].
2023-07-20 16:54:14,235 - INFO - Best fit parameters: [0.84645295].
2023-07-20 16:54:14,258 - INFO - Maximum log composite likelihood: -64.3408771344939.
2023-07-20 16:54:14,258 - INFO - Optimal value of theta: 5445.730157862238.
2023-07-20 16:54:14,258 - INFO - Beginning optimization with guess, [1.06350615].
2023-07-20 16:54:14,640 - INFO - Finished optimization with guess, [1.06350615].
2023-07-20 16:54:14,640 - INFO - Best fit parameters: [1.06350615].
2023-07-20 16:54:14,662 - INFO - Maximum log composite likelihood: -64.3408771344939.
2023-07-20 16:54:14,663 - INFO - Optimal value of theta: 5445.730157862238.
2023-07-20 16:54:14,663 - INFO - Beginning optimization with guess, [0.80123002].
2023-07-20 16:54:15,179 - INFO - Finished optimization with guess, [0.80123002].
2023-07-20 16:54:15,180 - INFO - Best fit parameters: [0.80123002].
2023-07-20 16:54:15,202 - INFO - Maximum log composite likelihood: -64.3408771344939.
2023-07-20 16:54:15,202 - INFO - Optimal value of theta: 5445.730157862238.
2023-07-20 16:54:15,202 - INFO - Beginning optimization with guess, [0.6678733].
2023-07-20 16:54:15,793 - INFO - Finished optimization with guess, [0.6678733].
2023-07-20 16:54:15,794 - INFO - Best fit parameters: [0.6678733].
2023-07-20 16:54:15,816 - INFO - Maximum log composite likelihood: -64.3408771344939.
2023-07-20 16:54:15,817 - INFO - Optimal value of theta: 5445.730157862238.
2023-07-20 16:54:15,817 - INFO - Beginning optimization with guess, [1.08168584].
2023-07-20 16:54:16,273 - INFO - Finished optimization with guess, [1.08168584].
2023-07-20 16:54:16,273 - INFO - Best fit parameters: [1.08168584].
2023-07-20 16:54:16,296 - INFO - Maximum log composite likelihood: -64.3408771344939.
2023-07-20 16:54:16,296 - INFO - Optimal value of theta: 5445.730157862238.
2023-07-20 16:54:16,296 - INFO - Beginning optimization with guess, [0.5193114].
2023-07-20 16:54:16,960 - INFO - Finished optimization with guess, [0.5193114].
2023-07-20 16:54:16,960 - INFO - Best fit parameters: [0.5193114].
2023-07-20 16:54:16,983 - INFO - Maximum log composite likelihood: -64.3408771344939.
2023-07-20 16:54:16,983 - INFO - Optimal value of theta: 5445.730157862238.
2023-07-20 16:54:16,983 - INFO - Beginning optimization with guess, [1.43201811].
2023-07-20 16:54:17,587 - INFO - Finished optimization with guess, [1.43201811].
2023-07-20 16:54:17,588 - INFO - Best fit parameters: [1.43201811].
2023-07-20 16:54:17,611 - INFO - Maximum log composite likelihood: -64.3408771344939.
2023-07-20 16:54:17,611 - INFO - Optimal value of theta: 5445.730157862238.
2023-07-20 16:54:17,612 - INFO - Beginning optimization with guess, [1.79017208].
2023-07-20 16:54:18,296 - INFO - Finished optimization with guess, [1.79017208].
2023-07-20 16:54:18,296 - INFO - Best fit parameters: [1.79017208].
2023-07-20 16:54:18,320 - INFO - Maximum log composite likelihood: -64.3408771344939.
2023-07-20 16:54:18,320 - INFO - Optimal value of theta: 5445.730157862238.
2023-07-20 16:54:18,320 - INFO - Beginning optimization with guess, [1.14284917].
2023-07-20 16:54:18,870 - INFO - Finished optimization with guess, [1.14284917].
2023-07-20 16:54:18,871 - INFO - Best fit parameters: [1.14284917].
2023-07-20 16:54:18,895 - INFO - Maximum log composite likelihood: -64.3408771344939.
2023-07-20 16:54:18,895 - INFO - Optimal value of theta: 5445.730157862238.
2023-07-20 16:54:18,895 - INFO - Beginning optimization with guess, [1.14329127].
2023-07-20 16:54:19,445 - INFO - Finished optimization with guess, [1.14329127].
2023-07-20 16:54:19,445 - INFO - Best fit parameters: [1.14329127].
2023-07-20 16:54:19,469 - INFO - Maximum log composite likelihood: -64.3408771344939.
2023-07-20 16:54:19,470 - INFO - Optimal value of theta: 5445.730157862238.
2023-07-20 16:54:19,470 - INFO - Beginning optimization with guess, [3.50731762].
2023-07-20 16:54:20,234 - INFO - Finished optimization with guess, [3.50731762].
2023-07-20 16:54:20,234 - INFO - Best fit parameters: [3.50731762].
2023-07-20 16:54:20,258 - INFO - Maximum log composite likelihood: -64.3408771344939.
2023-07-20 16:54:20,258 - INFO - Optimal value of theta: 5445.730157862238.
2023-07-20 16:54:20,258 - INFO - Beginning optimization with guess, [3.50703859].
2023-07-20 16:54:21,016 - INFO - Finished optimization with guess, [3.50703859].
2023-07-20 16:54:21,016 - INFO - Best fit parameters: [3.50703859].
2023-07-20 16:54:21,040 - INFO - Maximum log composite likelihood: -64.3408771344939.
2023-07-20 16:54:21,040 - INFO - Optimal value of theta: 5445.730157862238.
2023-07-20 16:54:21,040 - INFO - Beginning optimization with guess, [2.98123477].
2023-07-20 16:54:21,795 - INFO - Finished optimization with guess, [2.98123477].
2023-07-20 16:54:21,795 - INFO - Best fit parameters: [2.98123477].
2023-07-20 16:54:21,818 - INFO - Maximum log composite likelihood: -64.3408771344939.
2023-07-20 16:54:21,819 - INFO - Optimal value of theta: 5445.730157862238.
2023-07-20 16:54:21,819 - INFO - Beginning optimization with guess, [1.76171052].
2023-07-20 16:54:22,487 - INFO - Finished optimization with guess, [1.76171052].
2023-07-20 16:54:22,487 - INFO - Best fit parameters: [1.76171052].
2023-07-20 16:54:22,509 - INFO - Maximum log composite likelihood: -64.3408771344939.
2023-07-20 16:54:22,510 - INFO - Optimal value of theta: 5445.730157862238.
2023-07-20 16:54:22,510 - INFO - Beginning optimization with guess, [3.23228745].
2023-07-20 16:54:23,228 - INFO - Finished optimization with guess, [3.23228745].
2023-07-20 16:54:23,228 - INFO - Best fit parameters: [3.23228745].
2023-07-20 16:54:23,251 - INFO - Maximum log composite likelihood: -64.3408771344939.
2023-07-20 16:54:23,251 - INFO - Optimal value of theta: 5445.730157862238.
2023-07-20 16:54:23,251 - INFO - Beginning optimization with guess, [3.12989202].
2023-07-20 16:54:23,969 - INFO - Finished optimization with guess, [3.12989202].
2023-07-20 16:54:23,970 - INFO - Best fit parameters: [3.12989202].
2023-07-20 16:54:23,992 - INFO - Maximum log composite likelihood: -64.3408771344939.
2023-07-20 16:54:23,993 - INFO - Optimal value of theta: 5445.730157862238.
2023-07-20 16:54:23,993 - INFO - Beginning optimization with guess, [2.78726673].
2023-07-20 16:54:24,713 - INFO - Finished optimization with guess, [2.78726673].
2023-07-20 16:54:24,713 - INFO - Best fit parameters: [2.78726673].
2023-07-20 16:54:24,735 - INFO - Maximum log composite likelihood: -64.3408771344939.
2023-07-20 16:54:24,736 - INFO - Optimal value of theta: 5445.730157862238.
2023-07-20 16:54:24,736 - INFO - Beginning optimization with guess, [7.43295978].
2023-07-20 16:54:25,461 - INFO - Finished optimization with guess, [7.43295978].
2023-07-20 16:54:25,461 - INFO - Best fit parameters: [7.43295978].
2023-07-20 16:54:25,484 - INFO - Maximum log composite likelihood: -64.3408771344939.
2023-07-20 16:54:25,484 - INFO - Optimal value of theta: 5445.730157862238.
2023-07-20 16:54:25,484 - INFO - Beginning optimization with guess, [6.23510259].
2023-07-20 16:54:26,209 - INFO - Finished optimization with guess, [6.23510259].
2023-07-20 16:54:26,210 - INFO - Best fit parameters: [6.23510259].
2023-07-20 16:54:26,232 - INFO - Maximum log composite likelihood: -64.3408771344939.
2023-07-20 16:54:26,232 - INFO - Optimal value of theta: 5445.730157862238.
2023-07-20 16:54:26,233 - INFO - Beginning optimization with guess, [7.46082174].
2023-07-20 16:54:26,951 - INFO - Finished optimization with guess, [7.46082174].
2023-07-20 16:54:26,951 - INFO - Best fit parameters: [7.46082174].
2023-07-20 16:54:26,973 - INFO - Maximum log composite likelihood: -64.3408771344939.
2023-07-20 16:54:26,973 - INFO - Optimal value of theta: 5445.730157862238.
2023-07-20 16:54:26,975 - INFO - Beginning demographic inference for two-epoch demographic model.
2023-07-20 16:54:26,978 - INFO - Beginning optimization with guess, [0.13431379 0.01684041].
2023-07-20 16:54:28,131 - INFO - Finished optimization with guess, [0.13431379 0.01684041].
2023-07-20 16:54:28,131 - INFO - Best fit parameters: [0.50760928 0.0259838 ].
2023-07-20 16:54:28,155 - INFO - Maximum log composite likelihood: -36.192836724909284.
2023-07-20 16:54:28,155 - INFO - Optimal value of theta: 5717.350415909245.
2023-07-20 16:54:28,156 - INFO - Beginning optimization with guess, [0.34680597 0.00692596].
2023-07-20 16:54:29,271 - INFO - Finished optimization with guess, [0.34680597 0.00692596].
2023-07-20 16:54:29,272 - INFO - Best fit parameters: [0.66249025 0.07652736].
2023-07-20 16:54:29,297 - INFO - Maximum log composite likelihood: -34.47259165696687.
2023-07-20 16:54:29,297 - INFO - Optimal value of theta: 5816.366628109199.
2023-07-20 16:54:29,298 - INFO - Beginning optimization with guess, [0.18746794 0.00822365].
2023-07-20 16:54:30,452 - INFO - Finished optimization with guess, [0.18746794 0.00822365].
2023-07-20 16:54:30,452 - INFO - Best fit parameters: [0.58635031 0.0431841 ].
2023-07-20 16:54:30,477 - INFO - Maximum log composite likelihood: -35.372112458243464.
2023-07-20 16:54:30,477 - INFO - Optimal value of theta: 5759.200344975169.
2023-07-20 16:54:30,477 - INFO - Beginning optimization with guess, [0.43756897 0.01440039].
2023-07-20 16:54:31,574 - INFO - Finished optimization with guess, [0.43756897 0.01440039].
2023-07-20 16:54:31,574 - INFO - Best fit parameters: [0.7452875  0.17974434].
2023-07-20 16:54:31,602 - INFO - Maximum log composite likelihood: -33.42441930820769.
2023-07-20 16:54:31,602 - INFO - Optimal value of theta: 5928.382577407816.
2023-07-20 16:54:31,602 - INFO - Beginning optimization with guess, [0.40353606 0.00780012].
2023-07-20 16:54:32,823 - INFO - Finished optimization with guess, [0.40353606 0.00780012].
2023-07-20 16:54:32,824 - INFO - Best fit parameters: [0.69410956 0.09935538].
2023-07-20 16:54:32,850 - INFO - Maximum log composite likelihood: -34.032168112988984.
2023-07-20 16:54:32,850 - INFO - Optimal value of theta: 5842.48404319865.
2023-07-20 16:54:32,851 - INFO - Beginning optimization with guess, [0.4137075  0.01205259].
2023-07-20 16:54:34,132 - INFO - Finished optimization with guess, [0.4137075  0.01205259].
2023-07-20 16:54:34,132 - INFO - Best fit parameters: [0.76871545 0.22476772].
2023-07-20 16:54:34,162 - INFO - Maximum log composite likelihood: -33.35996182767667.
2023-07-20 16:54:34,162 - INFO - Optimal value of theta: 5942.929356574405.
2023-07-20 16:54:34,162 - INFO - Beginning optimization with guess, [0.72232038 0.00575807].
2023-07-20 16:54:35,460 - INFO - Finished optimization with guess, [0.72232038 0.00575807].
2023-07-20 16:54:35,461 - INFO - Best fit parameters: [0.71023863 0.12440341].
2023-07-20 16:54:35,487 - INFO - Maximum log composite likelihood: -33.880546948552364.
2023-07-20 16:54:35,488 - INFO - Optimal value of theta: 5883.751293567055.
2023-07-20 16:54:35,488 - INFO - Beginning optimization with guess, [0.76933975 0.01348245].
2023-07-20 16:54:36,797 - INFO - Finished optimization with guess, [0.76933975 0.01348245].
2023-07-20 16:54:36,798 - INFO - Best fit parameters: [0.76075892 0.19866229].
2023-07-20 16:54:36,825 - INFO - Maximum log composite likelihood: -33.33419741520993.
2023-07-20 16:54:36,826 - INFO - Optimal value of theta: 5922.709477455894.
2023-07-20 16:54:36,826 - INFO - Beginning optimization with guess, [1.18031256 0.0193565 ].
2023-07-20 16:54:38,128 - INFO - Finished optimization with guess, [1.18031256 0.0193565 ].
2023-07-20 16:54:38,128 - INFO - Best fit parameters: [0.75911731 0.16895776].
2023-07-20 16:54:38,156 - INFO - Maximum log composite likelihood: -33.39727996585316.
2023-07-20 16:54:38,156 - INFO - Optimal value of theta: 5874.558758277511.
2023-07-20 16:54:38,156 - INFO - Beginning optimization with guess, [0.75578848 0.00776687].
2023-07-20 16:54:39,436 - INFO - Finished optimization with guess, [0.75578848 0.00776687].
2023-07-20 16:54:39,437 - INFO - Best fit parameters: [0.76604947 0.21338236].
2023-07-20 16:54:39,465 - INFO - Maximum log composite likelihood: -33.34515666911648.
2023-07-20 16:54:39,465 - INFO - Optimal value of theta: 5932.652687354017.
2023-07-20 16:54:39,465 - INFO - Beginning optimization with guess, [2.46624423 0.00942686].
2023-07-20 16:54:41,441 - INFO - Finished optimization with guess, [2.46624423 0.00942686].
2023-07-20 16:54:41,443 - INFO - Best fit parameters: [0.7641796 0.1934565].
2023-07-20 16:54:41,471 - INFO - Maximum log composite likelihood: -33.35431084762513.
2023-07-20 16:54:41,471 - INFO - Optimal value of theta: 5905.169295462262.
2023-07-20 16:54:41,471 - INFO - Beginning optimization with guess, [1.77602947 0.00519658].
2023-07-20 16:54:43,816 - INFO - Finished optimization with guess, [1.77602947 0.00519658].
2023-07-20 16:54:43,816 - INFO - Best fit parameters: [0.72451877 0.13005334].
2023-07-20 16:54:43,843 - INFO - Maximum log composite likelihood: -33.61384152710343.
2023-07-20 16:54:43,843 - INFO - Optimal value of theta: 5868.320314761583.
2023-07-20 16:54:43,843 - INFO - Beginning optimization with guess, [2.65378099 0.01218576].
2023-07-20 16:54:45,826 - INFO - Finished optimization with guess, [2.65378099 0.01218576].
2023-07-20 16:54:45,827 - INFO - Best fit parameters: [0.67521472 0.6027181 ].
2023-07-20 16:54:45,867 - INFO - Maximum log composite likelihood: -34.044264972362726.
2023-07-20 16:54:45,867 - INFO - Optimal value of theta: 6942.383197319599.
2023-07-20 16:54:45,867 - INFO - Beginning optimization with guess, [1.87451459 0.01355237].
2023-07-20 16:54:47,725 - INFO - Finished optimization with guess, [1.87451459 0.01355237].
2023-07-20 16:54:47,725 - INFO - Best fit parameters: [0.76274473 0.19404161].
2023-07-20 16:54:47,753 - INFO - Maximum log composite likelihood: -33.34439760500118.
2023-07-20 16:54:47,753 - INFO - Optimal value of theta: 5909.802833710168.
2023-07-20 16:54:47,753 - INFO - Beginning optimization with guess, [4.06734203 0.00803482].
2023-07-20 16:54:49,580 - INFO - Finished optimization with guess, [4.06734203 0.00803482].
2023-07-20 16:54:49,580 - INFO - Best fit parameters: [0.72728251 0.55161743].
2023-07-20 16:54:49,616 - INFO - Maximum log composite likelihood: -33.78200209559418.
2023-07-20 16:54:49,616 - INFO - Optimal value of theta: 6542.643969779724.
2023-07-20 16:54:49,617 - INFO - Beginning optimization with guess, [4.48984798 0.01314991].
2023-07-20 16:54:51,435 - INFO - Finished optimization with guess, [4.48984798 0.01314991].
2023-07-20 16:54:51,435 - INFO - Best fit parameters: [0.76458826 0.19647384].
2023-07-20 16:54:51,463 - INFO - Maximum log composite likelihood: -33.351666223732536.
2023-07-20 16:54:51,463 - INFO - Optimal value of theta: 5909.152918000494.
2023-07-20 16:54:51,463 - INFO - Beginning optimization with guess, [5.41224401 0.00609267].
2023-07-20 16:54:53,432 - INFO - Finished optimization with guess, [5.41224401 0.00609267].
2023-07-20 16:54:53,433 - INFO - Best fit parameters: [0.68823072 0.59877656].
2023-07-20 16:54:53,472 - INFO - Maximum log composite likelihood: -33.88236554573996.
2023-07-20 16:54:53,472 - INFO - Optimal value of theta: 6845.851866552759.
2023-07-20 16:54:53,472 - INFO - Beginning optimization with guess, [2.32474994 0.00561119].
2023-07-20 16:54:55,890 - INFO - Finished optimization with guess, [2.32474994 0.00561119].
2023-07-20 16:54:55,890 - INFO - Best fit parameters: [0.76251979 0.16882121].
2023-07-20 16:54:55,918 - INFO - Maximum log composite likelihood: -33.43710825452672.
2023-07-20 16:54:55,918 - INFO - Optimal value of theta: 5866.4234847405905.
2023-07-20 16:54:55,919 - INFO - Beginning optimization with guess, [3.60941264 0.00573474].
2023-07-20 16:54:58,084 - INFO - Finished optimization with guess, [3.60941264 0.00573474].
2023-07-20 16:54:58,085 - INFO - Best fit parameters: [0.71928477 0.57112984].
2023-07-20 16:54:58,123 - INFO - Maximum log composite likelihood: -33.78445858200848.
2023-07-20 16:54:58,123 - INFO - Optimal value of theta: 6612.253103732847.
2023-07-20 16:54:58,123 - INFO - Beginning optimization with guess, [2.84136771 0.00921635].
2023-07-20 16:54:59,919 - INFO - Finished optimization with guess, [2.84136771 0.00921635].
2023-07-20 16:54:59,920 - INFO - Best fit parameters: [0.77063625 0.34554035].
2023-07-20 16:54:59,950 - INFO - Maximum log composite likelihood: -33.57355819912118.
2023-07-20 16:54:59,951 - INFO - Optimal value of theta: 6098.283867275303.
2023-07-20 16:54:59,951 - INFO - Beginning optimization with guess, [6.14996098 0.01168414].
2023-07-20 16:55:01,851 - INFO - Finished optimization with guess, [6.14996098 0.01168414].
2023-07-20 16:55:01,851 - INFO - Best fit parameters: [0.75974886 0.17603252].
2023-07-20 16:55:01,879 - INFO - Maximum log composite likelihood: -33.37126153221652.
2023-07-20 16:55:01,880 - INFO - Optimal value of theta: 5885.899932477819.
2023-07-20 16:55:01,880 - INFO - Beginning optimization with guess, [3.15314165 0.00676695].
2023-07-20 16:55:03,360 - INFO - Finished optimization with guess, [3.15314165 0.00676695].
2023-07-20 16:55:03,360 - INFO - Best fit parameters: [0.7604184  0.21319232].
2023-07-20 16:55:03,388 - INFO - Maximum log composite likelihood: -33.339872324620956.
2023-07-20 16:55:03,388 - INFO - Optimal value of theta: 5947.696039733597.
2023-07-20 16:55:03,388 - INFO - Beginning optimization with guess, [3.39332632 0.01738538].
2023-07-20 16:55:05,095 - INFO - Finished optimization with guess, [3.39332632 0.01738538].
2023-07-20 16:55:05,098 - INFO - Best fit parameters: [0.76472096 0.21470663].
2023-07-20 16:55:05,126 - INFO - Maximum log composite likelihood: -33.34002463734487.
2023-07-20 16:55:05,126 - INFO - Optimal value of theta: 5938.356921083587.
2023-07-20 16:55:05,126 - INFO - Beginning optimization with guess, [5.7950777  0.00731042].
2023-07-20 16:55:07,013 - INFO - Finished optimization with guess, [5.7950777  0.00731042].
2023-07-20 16:55:07,013 - INFO - Best fit parameters: [0.7066441  0.62601523].
2023-07-20 16:55:07,051 - INFO - Maximum log composite likelihood: -33.837518394485414.
2023-07-20 16:55:07,051 - INFO - Optimal value of theta: 6756.887802750161.
2023-07-20 16:55:07,053 - INFO - Beginning demographic inference for three-epoch demographic model.
2023-07-20 16:55:07,056 - INFO - Beginning optimization with guess, [0.01197754 0.01195887 0.00513892 0.01184311].
2023-07-20 16:55:13,172 - INFO - Finished optimization with guess, [0.01197754 0.01195887 0.00513892 0.01184311].
2023-07-20 16:55:13,172 - INFO - Best fit parameters: [0.00705644 0.00648028 0.00406115 0.03953482].
2023-07-20 16:55:13,304 - INFO - Maximum log composite likelihood: -34.11170974570723.
2023-07-20 16:55:13,304 - INFO - Optimal value of theta: 724331.6030785223.
2023-07-20 16:55:13,305 - INFO - Beginning optimization with guess, [0.02332545 0.01462266 0.01805087 0.00562163].
2023-07-20 16:55:17,279 - INFO - Finished optimization with guess, [0.02332545 0.01462266 0.01805087 0.00562163].
2023-07-20 16:55:17,280 - INFO - Best fit parameters: [0.00939071 0.03788575 0.03962086 0.0032299 ].
2023-07-20 16:55:17,379 - INFO - Maximum log composite likelihood: -75.08523308519216.
2023-07-20 16:55:17,379 - INFO - Optimal value of theta: 220879.21032501804.
2023-07-20 16:55:17,379 - INFO - Beginning optimization with guess, [0.02662778 0.05761392 0.01364115 0.00930178].
2023-07-20 16:55:18,675 - INFO - Finished optimization with guess, [0.02662778 0.05761392 0.01364115 0.00930178].
2023-07-20 16:55:18,675 - INFO - Best fit parameters: [0.12857332 0.19485584 0.00145465 0.00323783].
2023-07-20 16:55:18,699 - INFO - Maximum log composite likelihood: -37.61116441158447.
2023-07-20 16:55:18,700 - INFO - Optimal value of theta: 5711.22214141509.
2023-07-20 16:55:18,700 - INFO - Beginning optimization with guess, [0.02452293 0.02754785 0.01507943 0.01875648].
2023-07-20 16:55:24,870 - INFO - Finished optimization with guess, [0.02452293 0.02754785 0.01507943 0.01875648].
2023-07-20 16:55:24,871 - INFO - Best fit parameters: [0.00979512 0.01740889 0.03227505 0.04034418].
2023-07-20 16:55:24,988 - INFO - Maximum log composite likelihood: -33.908906583830685.
2023-07-20 16:55:24,988 - INFO - Optimal value of theta: 275278.4743769349.
2023-07-20 16:55:24,988 - INFO - Beginning optimization with guess, [0.04007088 0.02901918 0.00534351 0.00866307].
2023-07-20 16:55:26,144 - INFO - Finished optimization with guess, [0.04007088 0.02901918 0.00534351 0.00866307].
2023-07-20 16:55:26,144 - INFO - Best fit parameters: [0.03706326 0.30457079 0.00070112 0.00186135].
2023-07-20 16:55:26,169 - INFO - Maximum log composite likelihood: -37.655353896107954.
2023-07-20 16:55:26,169 - INFO - Optimal value of theta: 5703.512079555764.
2023-07-20 16:55:26,169 - INFO - Beginning optimization with guess, [0.65043617 0.47010314 0.01919071 0.00693721].
2023-07-20 16:55:27,222 - INFO - Finished optimization with guess, [0.65043617 0.47010314 0.01919071 0.00693721].
2023-07-20 16:55:27,223 - INFO - Best fit parameters: [0.6675003  0.68731535 0.0676451  0.00201928].
2023-07-20 16:55:27,249 - INFO - Maximum log composite likelihood: -34.449090995633014.
2023-07-20 16:55:27,249 - INFO - Optimal value of theta: 5780.097657549481.
2023-07-20 16:55:27,249 - INFO - Beginning optimization with guess, [1.02454961 0.37552017 0.01762169 0.00653149].
2023-07-20 16:55:28,408 - INFO - Finished optimization with guess, [1.02454961 0.37552017 0.01762169 0.00653149].
2023-07-20 16:55:28,408 - INFO - Best fit parameters: [1.0257663  0.35415382 0.01377701 0.01358211].
2023-07-20 16:55:28,434 - INFO - Maximum log composite likelihood: -36.985247134100064.
2023-07-20 16:55:28,434 - INFO - Optimal value of theta: 5718.275488020709.
2023-07-20 16:55:28,434 - INFO - Beginning optimization with guess, [0.48668839 0.99012678 0.01671951 0.01765592].
2023-07-20 16:55:29,539 - INFO - Finished optimization with guess, [0.48668839 0.99012678 0.01671951 0.01765592].
2023-07-20 16:55:29,539 - INFO - Best fit parameters: [0.42169284 0.98918556 0.0294858  0.02857046].
2023-07-20 16:55:29,566 - INFO - Maximum log composite likelihood: -33.52275980830382.
2023-07-20 16:55:29,566 - INFO - Optimal value of theta: 5817.351520176369.
2023-07-20 16:55:29,566 - INFO - Beginning optimization with guess, [0.50028833 0.73264699 0.01949391 0.01288615].
2023-07-20 16:55:30,688 - INFO - Finished optimization with guess, [0.50028833 0.73264699 0.01949391 0.01288615].
2023-07-20 16:55:30,688 - INFO - Best fit parameters: [0.38426622 0.76413752 0.0110685  0.11719635].
2023-07-20 16:55:30,715 - INFO - Maximum log composite likelihood: -33.35308763822832.
2023-07-20 16:55:30,715 - INFO - Optimal value of theta: 5880.439400852321.
2023-07-20 16:55:30,716 - INFO - Beginning optimization with guess, [1.06030719 0.90646137 0.00931241 0.0071256 ].
2023-07-20 16:55:31,992 - INFO - Finished optimization with guess, [1.06030719 0.90646137 0.00931241 0.0071256 ].
2023-07-20 16:55:31,992 - INFO - Best fit parameters: [1.06204991 0.87724783 0.00654028 0.24979299].
2023-07-20 16:55:32,020 - INFO - Maximum log composite likelihood: -41.25654407519596.
2023-07-20 16:55:32,020 - INFO - Optimal value of theta: 5692.610821463082.
2023-07-20 16:55:32,020 - INFO - Beginning optimization with guess, [1.10911531 2.22810018 0.00625028 0.01950432].
2023-07-20 16:55:33,086 - INFO - Finished optimization with guess, [1.10911531 2.22810018 0.00625028 0.01950432].
2023-07-20 16:55:33,087 - INFO - Best fit parameters: [1.06924980e+00 7.80641677e-06 3.06519091e-17 1.98056435e-43].
2023-07-20 16:55:33,112 - INFO - Maximum log composite likelihood: -64.34087713448935.
2023-07-20 16:55:33,112 - INFO - Optimal value of theta: 5445.730157862223.
2023-07-20 16:55:33,112 - INFO - Beginning optimization with guess, [0.96628707 2.87137251 0.01204422 0.00580938].
2023-07-20 16:55:34,323 - INFO - Finished optimization with guess, [0.96628707 2.87137251 0.01204422 0.00580938].
2023-07-20 16:55:34,324 - INFO - Best fit parameters: [9.15704795e-01 4.77723596e-02 3.62038467e-01 4.29305622e-17].
2023-07-20 16:55:34,355 - INFO - Maximum log composite likelihood: -47.10517215621985.
2023-07-20 16:55:34,355 - INFO - Optimal value of theta: 5652.573221887231.
2023-07-20 16:55:34,355 - INFO - Beginning optimization with guess, [1.99090227 2.65996741 0.00587778 0.0144578 ].
2023-07-20 16:55:35,465 - INFO - Finished optimization with guess, [1.99090227 2.65996741 0.00587778 0.0144578 ].
2023-07-20 16:55:35,465 - INFO - Best fit parameters: [8.70192314e-01 1.68172561e+00 1.86167021e-03 6.86470565e-05].
2023-07-20 16:55:35,490 - INFO - Maximum log composite likelihood: -63.66451408736884.
2023-07-20 16:55:35,490 - INFO - Optimal value of theta: 5448.680470284521.
2023-07-20 16:55:35,490 - INFO - Beginning optimization with guess, [1.53665914 3.09794001 0.01824383 0.00820602].
2023-07-20 16:55:36,573 - INFO - Finished optimization with guess, [1.53665914 3.09794001 0.01824383 0.00820602].
2023-07-20 16:55:36,573 - INFO - Best fit parameters: [8.09017353e-01 1.70899267e+00 8.06481921e-04 4.02728398e-05].
2023-07-20 16:55:36,597 - INFO - Maximum log composite likelihood: -63.86300957889034.
2023-07-20 16:55:36,597 - INFO - Optimal value of theta: 5447.796610398224.
2023-07-20 16:55:36,597 - INFO - Beginning optimization with guess, [3.09937817 2.88348611 0.01438683 0.00812316].
2023-07-20 16:55:37,646 - INFO - Finished optimization with guess, [3.09937817 2.88348611 0.01438683 0.00812316].
2023-07-20 16:55:37,646 - INFO - Best fit parameters: [1.95413427e+00 6.89137629e-01 1.09643273e-04 4.27605603e-04].
2023-07-20 16:55:37,670 - INFO - Maximum log composite likelihood: -63.954562063413505.
2023-07-20 16:55:37,670 - INFO - Optimal value of theta: 5447.394682224014.
2023-07-20 16:55:37,670 - INFO - Beginning optimization with guess, [2.6547817  2.019881   0.00622838 0.00620562].
2023-07-20 16:55:38,794 - INFO - Finished optimization with guess, [2.6547817  2.019881   0.00622838 0.00620562].
2023-07-20 16:55:38,795 - INFO - Best fit parameters: [7.18387478e-01 8.26541272e-01 3.26929823e-05 6.72197822e-05].
2023-07-20 16:55:38,819 - INFO - Maximum log composite likelihood: -64.2656052987395.
2023-07-20 16:55:38,819 - INFO - Optimal value of theta: 5446.052630955649.
2023-07-20 16:55:38,819 - INFO - Beginning optimization with guess, [2.29217297 1.97712275 0.01177968 0.00510509].
2023-07-20 16:55:39,877 - INFO - Finished optimization with guess, [2.29217297 1.97712275 0.01177968 0.00510509].
2023-07-20 16:55:39,877 - INFO - Best fit parameters: [1.77501262e+00 9.40173744e-01 6.59483841e-05 1.35563759e-03].
2023-07-20 16:55:39,901 - INFO - Maximum log composite likelihood: -64.18273706328.
2023-07-20 16:55:39,901 - INFO - Optimal value of theta: 5446.412878150023.
2023-07-20 16:55:39,901 - INFO - Beginning optimization with guess, [2.77440032 1.78196898 0.01501579 0.01218623].
2023-07-20 16:55:40,960 - INFO - Finished optimization with guess, [2.77440032 1.78196898 0.01501579 0.01218623].
2023-07-20 16:55:40,960 - INFO - Best fit parameters: [2.23534467e+00 8.04404326e-01 1.43154531e-04 7.07173776e-04].
2023-07-20 16:55:40,983 - INFO - Maximum log composite likelihood: -64.08386337022603.
2023-07-20 16:55:40,984 - INFO - Optimal value of theta: 5446.837404126354.
2023-07-20 16:55:40,984 - INFO - Beginning optimization with guess, [3.78184373 3.81394048 0.00954797 0.01154984].
2023-07-20 16:55:42,019 - INFO - Finished optimization with guess, [3.78184373 3.81394048 0.00954797 0.01154984].
2023-07-20 16:55:42,019 - INFO - Best fit parameters: [3.31003295e+00 4.32145389e-01 1.07855728e-05 7.85574705e-03].
2023-07-20 16:55:42,043 - INFO - Maximum log composite likelihood: -44.65667766795923.
2023-07-20 16:55:42,043 - INFO - Optimal value of theta: 5563.934156030917.
2023-07-20 16:55:42,043 - INFO - Beginning optimization with guess, [2.8430369  4.11717845 0.00624556 0.01394821].
2023-07-20 16:55:43,067 - INFO - Finished optimization with guess, [2.8430369  4.11717845 0.00624556 0.01394821].
2023-07-20 16:55:43,068 - INFO - Best fit parameters: [7.69311403e-01 1.88677248e+00 3.54582759e-04 6.71282601e-05].
2023-07-20 16:55:43,091 - INFO - Maximum log composite likelihood: -64.13374103671958.
2023-07-20 16:55:43,092 - INFO - Optimal value of theta: 5446.6214772492585.
2023-07-20 16:55:43,092 - INFO - Beginning optimization with guess, [3.35923549 2.28257551 0.00696781 0.00873733].
2023-07-20 16:55:44,188 - INFO - Finished optimization with guess, [3.35923549 2.28257551 0.00696781 0.00873733].
2023-07-20 16:55:44,189 - INFO - Best fit parameters: [1.32029061e+00 8.30782465e-01 1.33369898e-04 1.74008813e-03].
2023-07-20 16:55:44,212 - INFO - Maximum log composite likelihood: -63.46710052650633.
2023-07-20 16:55:44,213 - INFO - Optimal value of theta: 5449.542563014451.
2023-07-20 16:55:44,213 - INFO - Beginning optimization with guess, [5.62950109e+00 5.90965645e+00 6.43437160e-03 5.69784738e-03].
2023-07-20 16:55:45,263 - INFO - Finished optimization with guess, [5.62950109e+00 5.90965645e+00 6.43437160e-03 5.69784738e-03].
2023-07-20 16:55:45,264 - INFO - Best fit parameters: [3.38571741e-01 4.94619514e+00 4.16070403e-03 3.03083121e-06].
2023-07-20 16:55:45,288 - INFO - Maximum log composite likelihood: -47.48115838200465.
2023-07-20 16:55:45,289 - INFO - Optimal value of theta: 5540.009371726432.
2023-07-20 16:55:45,289 - INFO - Beginning optimization with guess, [9.60204259e+00 1.02443565e+01 8.19700120e-03 1.96405207e-02].
2023-07-20 16:55:46,363 - INFO - Finished optimization with guess, [9.60204259e+00 1.02443565e+01 8.19700120e-03 1.96405207e-02].
2023-07-20 16:55:46,363 - INFO - Best fit parameters: [5.94771108e-02 2.24463885e+00 7.08163119e-04 2.04971427e-05].
2023-07-20 16:55:46,387 - INFO - Maximum log composite likelihood: -43.28526543310636.
2023-07-20 16:55:46,387 - INFO - Optimal value of theta: 5576.4920123860575.
2023-07-20 16:55:46,387 - INFO - Beginning optimization with guess, [3.99013858 7.84885353 0.0169594  0.00857509].
2023-07-20 16:55:47,414 - INFO - Finished optimization with guess, [3.99013858 7.84885353 0.0169594  0.00857509].
2023-07-20 16:55:47,414 - INFO - Best fit parameters: [5.18403298e-01 8.45311534e+01 2.52764265e-02 3.63810822e-04].
2023-07-20 16:55:47,439 - INFO - Maximum log composite likelihood: -36.44305298559357.
2023-07-20 16:55:47,439 - INFO - Optimal value of theta: 5694.618824406223.
2023-07-20 16:55:47,441 - INFO - Finished demographic inference.
2023-07-20 16:55:47,441 - INFO - Pipeline executed succesfully.
