2023-02-17 16:19:55,069 - INFO - Beginning execution of fit_one_epoch.py in directory /u/project/ngarud/jonmah/demo_for_ccgb/Scripts

2023-02-17 16:19:55,069 - INFO - Progress is being logged to ../Analysis/Alistipes_finegoldii_56071_downsampled_10/log.log

2023-02-17 16:19:55,069 - INFO - Parsed the following arguments:
	syn_input_sfs = ../Analysis/Alistipes_finegoldii_56071_downsampled_10/empirical_sfs.txt
	mask_singletons = False
	mask_doubletons = False
	outprefix = ../Analysis/Alistipes_finegoldii_56071_downsampled_10/

2023-02-17 16:19:55,078 - INFO - Beginning demographic inference for one-epoch demographic model.
2023-02-17 16:19:55,080 - INFO - Beginning optimization with guess, [0.11549884].
2023-02-17 16:19:55,196 - INFO - Finished optimization with guess, [0.11549884].
2023-02-17 16:19:55,196 - INFO - Best fit parameters: [0.11549884].
2023-02-17 16:19:55,263 - INFO - Maximum log composite likelihood: -158.66738007844833.
2023-02-17 16:19:55,265 - INFO - Optimal value of theta: 5978.044468619369.
2023-02-17 16:19:55,265 - INFO - Beginning optimization with guess, [0.25515045].
2023-02-17 16:19:55,344 - INFO - Finished optimization with guess, [0.25515045].
2023-02-17 16:19:55,345 - INFO - Best fit parameters: [0.25515045].
2023-02-17 16:19:55,378 - INFO - Maximum log composite likelihood: -158.66738007844833.
2023-02-17 16:19:55,379 - INFO - Optimal value of theta: 5978.044468619369.
2023-02-17 16:19:55,379 - INFO - Beginning optimization with guess, [0.16207368].
2023-02-17 16:19:55,444 - INFO - Finished optimization with guess, [0.16207368].
2023-02-17 16:19:55,444 - INFO - Best fit parameters: [0.16207368].
2023-02-17 16:19:55,478 - INFO - Maximum log composite likelihood: -158.66738007844833.
2023-02-17 16:19:55,479 - INFO - Optimal value of theta: 5978.044468619369.
2023-02-17 16:19:55,480 - INFO - Beginning optimization with guess, [0.30134074].
2023-02-17 16:19:55,549 - INFO - Finished optimization with guess, [0.30134074].
2023-02-17 16:19:55,549 - INFO - Best fit parameters: [0.30134074].
2023-02-17 16:19:55,582 - INFO - Maximum log composite likelihood: -158.66738007844833.
2023-02-17 16:19:55,583 - INFO - Optimal value of theta: 5978.044468619369.
2023-02-17 16:19:55,583 - INFO - Beginning optimization with guess, [0.72482522].
2023-02-17 16:19:55,656 - INFO - Finished optimization with guess, [0.72482522].
2023-02-17 16:19:55,657 - INFO - Best fit parameters: [0.72482522].
2023-02-17 16:19:55,689 - INFO - Maximum log composite likelihood: -158.66738007844833.
2023-02-17 16:19:55,690 - INFO - Optimal value of theta: 5978.044468619369.
2023-02-17 16:19:55,690 - INFO - Beginning optimization with guess, [0.47310657].
2023-02-17 16:19:55,756 - INFO - Finished optimization with guess, [0.47310657].
2023-02-17 16:19:55,756 - INFO - Best fit parameters: [0.47310657].
2023-02-17 16:19:55,790 - INFO - Maximum log composite likelihood: -158.66738007844833.
2023-02-17 16:19:55,791 - INFO - Optimal value of theta: 5978.044468619369.
2023-02-17 16:19:55,791 - INFO - Beginning optimization with guess, [0.41491048].
2023-02-17 16:19:55,856 - INFO - Finished optimization with guess, [0.41491048].
2023-02-17 16:19:55,856 - INFO - Best fit parameters: [0.41491048].
2023-02-17 16:19:55,891 - INFO - Maximum log composite likelihood: -158.66738007844833.
2023-02-17 16:19:55,892 - INFO - Optimal value of theta: 5978.044468619369.
2023-02-17 16:19:55,892 - INFO - Beginning optimization with guess, [0.43204872].
2023-02-17 16:19:55,957 - INFO - Finished optimization with guess, [0.43204872].
2023-02-17 16:19:55,958 - INFO - Best fit parameters: [0.43204872].
2023-02-17 16:19:55,990 - INFO - Maximum log composite likelihood: -158.66738007844833.
2023-02-17 16:19:55,991 - INFO - Optimal value of theta: 5978.044468619369.
2023-02-17 16:19:55,992 - INFO - Beginning optimization with guess, [0.45013711].
2023-02-17 16:19:56,062 - INFO - Finished optimization with guess, [0.45013711].
2023-02-17 16:19:56,062 - INFO - Best fit parameters: [0.45013711].
2023-02-17 16:19:56,101 - INFO - Maximum log composite likelihood: -158.66738007844833.
2023-02-17 16:19:56,102 - INFO - Optimal value of theta: 5978.044468619369.
2023-02-17 16:19:56,102 - INFO - Beginning optimization with guess, [1.94833359].
2023-02-17 16:19:56,170 - INFO - Finished optimization with guess, [1.94833359].
2023-02-17 16:19:56,171 - INFO - Best fit parameters: [1.94833359].
2023-02-17 16:19:56,204 - INFO - Maximum log composite likelihood: -158.66738007844833.
2023-02-17 16:19:56,204 - INFO - Optimal value of theta: 5978.044468619369.
2023-02-17 16:19:56,205 - INFO - Beginning optimization with guess, [0.96892037].
2023-02-17 16:19:56,275 - INFO - Finished optimization with guess, [0.96892037].
2023-02-17 16:19:56,275 - INFO - Best fit parameters: [0.96892037].
2023-02-17 16:19:56,310 - INFO - Maximum log composite likelihood: -158.66738007844833.
2023-02-17 16:19:56,311 - INFO - Optimal value of theta: 5978.044468619369.
2023-02-17 16:19:56,311 - INFO - Beginning optimization with guess, [0.89219328].
2023-02-17 16:19:56,380 - INFO - Finished optimization with guess, [0.89219328].
2023-02-17 16:19:56,381 - INFO - Best fit parameters: [0.89219328].
2023-02-17 16:19:56,421 - INFO - Maximum log composite likelihood: -158.66738007844833.
2023-02-17 16:19:56,422 - INFO - Optimal value of theta: 5978.044468619369.
2023-02-17 16:19:56,422 - INFO - Beginning optimization with guess, [3.2038884].
2023-02-17 16:19:56,491 - INFO - Finished optimization with guess, [3.2038884].
2023-02-17 16:19:56,492 - INFO - Best fit parameters: [3.2038884].
2023-02-17 16:19:56,529 - INFO - Maximum log composite likelihood: -158.66738007844833.
2023-02-17 16:19:56,529 - INFO - Optimal value of theta: 5978.044468619369.
2023-02-17 16:19:56,529 - INFO - Beginning optimization with guess, [2.27333011].
2023-02-17 16:19:56,598 - INFO - Finished optimization with guess, [2.27333011].
2023-02-17 16:19:56,598 - INFO - Best fit parameters: [2.27333011].
2023-02-17 16:19:56,631 - INFO - Maximum log composite likelihood: -158.66738007844833.
2023-02-17 16:19:56,632 - INFO - Optimal value of theta: 5978.044468619369.
2023-02-17 16:19:56,632 - INFO - Beginning optimization with guess, [3.27036485].
2023-02-17 16:19:56,696 - INFO - Finished optimization with guess, [3.27036485].
2023-02-17 16:19:56,696 - INFO - Best fit parameters: [3.27036485].
2023-02-17 16:19:56,729 - INFO - Maximum log composite likelihood: -158.66738007844833.
2023-02-17 16:19:56,729 - INFO - Optimal value of theta: 5978.044468619369.
2023-02-17 16:19:56,729 - INFO - Beginning optimization with guess, [2.68579185].
2023-02-17 16:19:56,793 - INFO - Finished optimization with guess, [2.68579185].
2023-02-17 16:19:56,793 - INFO - Best fit parameters: [2.68579185].
2023-02-17 16:19:56,827 - INFO - Maximum log composite likelihood: -158.66738007844833.
2023-02-17 16:19:56,828 - INFO - Optimal value of theta: 5978.044468619369.
2023-02-17 16:19:56,828 - INFO - Beginning optimization with guess, [1.47957945].
2023-02-17 16:19:56,893 - INFO - Finished optimization with guess, [1.47957945].
2023-02-17 16:19:56,894 - INFO - Best fit parameters: [1.47957945].
2023-02-17 16:19:56,926 - INFO - Maximum log composite likelihood: -158.66738007844833.
2023-02-17 16:19:56,926 - INFO - Optimal value of theta: 5978.044468619369.
2023-02-17 16:19:56,927 - INFO - Beginning optimization with guess, [1.68694749].
2023-02-17 16:19:56,992 - INFO - Finished optimization with guess, [1.68694749].
2023-02-17 16:19:56,992 - INFO - Best fit parameters: [1.68694749].
2023-02-17 16:19:57,025 - INFO - Maximum log composite likelihood: -158.66738007844833.
2023-02-17 16:19:57,025 - INFO - Optimal value of theta: 5978.044468619369.
2023-02-17 16:19:57,025 - INFO - Beginning optimization with guess, [2.9098856].
2023-02-17 16:19:57,091 - INFO - Finished optimization with guess, [2.9098856].
2023-02-17 16:19:57,091 - INFO - Best fit parameters: [2.9098856].
2023-02-17 16:19:57,125 - INFO - Maximum log composite likelihood: -158.66738007844833.
2023-02-17 16:19:57,125 - INFO - Optimal value of theta: 5978.044468619369.
2023-02-17 16:19:57,125 - INFO - Beginning optimization with guess, [2.23134304].
2023-02-17 16:19:57,218 - INFO - Finished optimization with guess, [2.23134304].
2023-02-17 16:19:57,218 - INFO - Best fit parameters: [2.23134304].
2023-02-17 16:19:57,287 - INFO - Maximum log composite likelihood: -158.66738007844833.
2023-02-17 16:19:57,288 - INFO - Optimal value of theta: 5978.044468619369.
2023-02-17 16:19:57,288 - INFO - Beginning optimization with guess, [2.07323398].
2023-02-17 16:19:57,370 - INFO - Finished optimization with guess, [2.07323398].
2023-02-17 16:19:57,370 - INFO - Best fit parameters: [2.07323398].
2023-02-17 16:19:57,402 - INFO - Maximum log composite likelihood: -158.66738007844833.
2023-02-17 16:19:57,403 - INFO - Optimal value of theta: 5978.044468619369.
2023-02-17 16:19:57,403 - INFO - Beginning optimization with guess, [5.97863491].
2023-02-17 16:19:57,484 - INFO - Finished optimization with guess, [5.97863491].
2023-02-17 16:19:57,484 - INFO - Best fit parameters: [5.97863491].
2023-02-17 16:19:57,516 - INFO - Maximum log composite likelihood: -158.66738007844833.
2023-02-17 16:19:57,516 - INFO - Optimal value of theta: 5978.044468619369.
2023-02-17 16:19:57,517 - INFO - Beginning optimization with guess, [5.59480823].
2023-02-17 16:19:57,580 - INFO - Finished optimization with guess, [5.59480823].
2023-02-17 16:19:57,581 - INFO - Best fit parameters: [5.59480823].
2023-02-17 16:19:57,613 - INFO - Maximum log composite likelihood: -158.66738007844833.
2023-02-17 16:19:57,614 - INFO - Optimal value of theta: 5978.044468619369.
2023-02-17 16:19:57,614 - INFO - Beginning optimization with guess, [10.90058109].
2023-02-17 16:19:57,680 - INFO - Finished optimization with guess, [10.90058109].
2023-02-17 16:19:57,680 - INFO - Best fit parameters: [10.90058109].
2023-02-17 16:19:57,712 - INFO - Maximum log composite likelihood: -158.66738007844833.
2023-02-17 16:19:57,713 - INFO - Optimal value of theta: 5978.044468619369.
2023-02-17 16:19:57,714 - INFO - Beginning optimization with guess, [9.13084768].
2023-02-17 16:19:57,781 - INFO - Finished optimization with guess, [9.13084768].
2023-02-17 16:19:57,781 - INFO - Best fit parameters: [9.13084768].
2023-02-17 16:19:57,816 - INFO - Maximum log composite likelihood: -158.66738007844833.
2023-02-17 16:19:57,816 - INFO - Optimal value of theta: 5978.044468619369.
2023-02-17 16:19:57,819 - INFO - Finished demographic inference.
2023-02-17 16:19:57,819 - INFO - Pipeline executed succesfully.
