2024-06-24 15:16:55,454 - INFO - Beginning execution of fit_one_epoch.py in directory /u/project/ngarud/jonmah/demo_for_ccgb/Scripts

2024-06-24 15:16:55,454 - INFO - Progress is being logged to ../SupplementaryAnalysis/Odoribacter_splanchnicus_62174/accessory_log.log

2024-06-24 15:16:55,454 - INFO - Parsed the following arguments:
	mask_doubletons = False
	syn_input_sfs = ../SupplementaryAnalysis/Odoribacter_splanchnicus_62174/accessory_empirical_syn_downsampled_sfs.txt
	mask_singletons = False
	outprefix = ../SupplementaryAnalysis/Odoribacter_splanchnicus_62174/accessory

2024-06-24 15:16:55,456 - INFO - Beginning demographic inference for three-epoch demographic model.
2024-06-24 15:16:55,458 - INFO - Beginning optimization with guess, [0.00957471 0.01001354 0.01999837 0.00826403].
2024-06-24 15:17:01,048 - INFO - Finished optimization with guess, [0.00957471 0.01001354 0.01999837 0.00826403].
2024-06-24 15:17:01,049 - INFO - Best fit parameters: [0.00697143 0.00808521 0.03072576 0.00802293].
2024-06-24 15:17:01,169 - INFO - Maximum log composite likelihood: -29.9980993446.
2024-06-24 15:17:01,169 - INFO - Optimal value of theta: 40738.5112016.
2024-06-24 15:17:01,170 - INFO - Beginning optimization with guess, [0.01333858 0.02075686 0.01322956 0.01219071].
2024-06-24 15:17:05,186 - INFO - Finished optimization with guess, [0.01333858 0.02075686 0.01322956 0.01219071].
2024-06-24 15:17:05,187 - INFO - Best fit parameters: [0.00845211 0.0188365  0.02991562 0.01232478].
2024-06-24 15:17:05,285 - INFO - Maximum log composite likelihood: -30.1383100938.
2024-06-24 15:17:05,286 - INFO - Optimal value of theta: 17463.6896197.
2024-06-24 15:17:05,286 - INFO - Beginning optimization with guess, [0.01816135 0.0451358  0.01717396 0.0066603 ].
2024-06-24 15:17:08,853 - INFO - Finished optimization with guess, [0.01816135 0.0451358  0.01717396 0.0066603 ].
2024-06-24 15:17:08,854 - INFO - Best fit parameters: [0.01659899 0.02890549 0.05845268 0.00646545].
2024-06-24 15:17:08,945 - INFO - Maximum log composite likelihood: -31.6546994845.
2024-06-24 15:17:08,946 - INFO - Optimal value of theta: 11818.2922966.
2024-06-24 15:17:08,946 - INFO - Beginning optimization with guess, [0.05224214 0.0356028  0.00766796 0.01043185].
2024-06-24 15:17:10,226 - INFO - Finished optimization with guess, [0.05224214 0.0356028  0.00766796 0.01043185].
2024-06-24 15:17:10,226 - INFO - Best fit parameters: [0.05192343 0.12443086 0.00239452 0.00400752].
2024-06-24 15:17:10,252 - INFO - Maximum log composite likelihood: -25.5036924286.
2024-06-24 15:17:10,253 - INFO - Optimal value of theta: 534.29958562.
2024-06-24 15:17:10,253 - INFO - Beginning optimization with guess, [0.08077814 0.07995257 0.00796512 0.00959629].
2024-06-24 15:17:11,449 - INFO - Finished optimization with guess, [0.08077814 0.07995257 0.00796512 0.00959629].
2024-06-24 15:17:11,449 - INFO - Best fit parameters: [0.0973483  0.11756835 0.00455094 0.00409034].
2024-06-24 15:17:11,475 - INFO - Maximum log composite likelihood: -25.5179757764.
2024-06-24 15:17:11,475 - INFO - Optimal value of theta: 535.008554195.
2024-06-24 15:17:11,476 - INFO - Beginning optimization with guess, [0.61182356 0.31619876 0.00921104 0.01754486].
2024-06-24 15:17:12,674 - INFO - Finished optimization with guess, [0.61182356 0.31619876 0.00921104 0.01754486].
2024-06-24 15:17:12,675 - INFO - Best fit parameters: [0.63609695 0.23847974 0.01302036 0.02110501].
2024-06-24 15:17:12,701 - INFO - Maximum log composite likelihood: -25.8963197539.
2024-06-24 15:17:12,701 - INFO - Optimal value of theta: 534.202286723.
2024-06-24 15:17:12,702 - INFO - Beginning optimization with guess, [0.4350974  0.36894966 0.01172818 0.00517283].
2024-06-24 15:17:13,974 - INFO - Finished optimization with guess, [0.4350974  0.36894966 0.01172818 0.00517283].
2024-06-24 15:17:13,974 - INFO - Best fit parameters: [0.33106812 0.33576135 0.0363267  0.00424684].
2024-06-24 15:17:14,001 - INFO - Maximum log composite likelihood: -26.2914372465.
2024-06-24 15:17:14,001 - INFO - Optimal value of theta: 537.525874837.
2024-06-24 15:17:14,001 - INFO - Beginning optimization with guess, [0.47747165 0.61449432 0.00779077 0.00846127].
2024-06-24 15:17:15,275 - INFO - Finished optimization with guess, [0.47747165 0.61449432 0.00779077 0.00846127].
2024-06-24 15:17:15,275 - INFO - Best fit parameters: [0.40991611 0.59658719 0.06301146 0.00632412].
2024-06-24 15:17:15,303 - INFO - Maximum log composite likelihood: -27.1832335961.
2024-06-24 15:17:15,303 - INFO - Optimal value of theta: 543.030291066.
2024-06-24 15:17:15,303 - INFO - Beginning optimization with guess, [0.66995626 1.15273123 0.00912015 0.00865888].
2024-06-24 15:17:16,712 - INFO - Finished optimization with guess, [0.66995626 1.15273123 0.00912015 0.00865888].
2024-06-24 15:17:16,712 - INFO - Best fit parameters: [0.62317926 1.16502699 0.15235881 0.00255212].
2024-06-24 15:17:16,742 - INFO - Maximum log composite likelihood: -30.328121141.
2024-06-24 15:17:16,742 - INFO - Optimal value of theta: 530.058705352.
2024-06-24 15:17:16,742 - INFO - Beginning optimization with guess, [1.02950698 0.52847651 0.00769619 0.01155372].
2024-06-24 15:17:18,008 - INFO - Finished optimization with guess, [1.02950698 0.52847651 0.00769619 0.01155372].
2024-06-24 15:17:18,009 - INFO - Best fit parameters: [1.02991362 0.38374442 0.05786266 0.05184782].
2024-06-24 15:17:18,037 - INFO - Maximum log composite likelihood: -26.6164204558.
2024-06-24 15:17:18,037 - INFO - Optimal value of theta: 535.893075358.
2024-06-24 15:17:18,037 - INFO - Beginning optimization with guess, [0.79489723 1.27012995 0.01325188 0.00527073].
2024-06-24 15:17:19,420 - INFO - Finished optimization with guess, [0.79489723 1.27012995 0.01325188 0.00527073].
2024-06-24 15:17:19,420 - INFO - Best fit parameters: [0.75310312 1.30181151 0.24481561 0.00171645].
2024-06-24 15:17:19,451 - INFO - Maximum log composite likelihood: -34.0223636788.
2024-06-24 15:17:19,451 - INFO - Optimal value of theta: 515.058890981.
2024-06-24 15:17:19,451 - INFO - Beginning optimization with guess, [1.71256206 2.66487064 0.0172374  0.00763942].
2024-06-24 15:17:20,493 - INFO - Finished optimization with guess, [1.71256206 2.66487064 0.0172374  0.00763942].
2024-06-24 15:17:20,493 - INFO - Best fit parameters: [6.59423167e-01 2.20685982e+00 9.37868634e-04 3.40543217e-05].
2024-06-24 15:17:20,518 - INFO - Maximum log composite likelihood: -43.7298194434.
2024-06-24 15:17:20,518 - INFO - Optimal value of theta: 467.104446191.
2024-06-24 15:17:20,518 - INFO - Beginning optimization with guess, [1.81399293 1.08499321 0.00734959 0.01562882].
2024-06-24 15:17:21,593 - INFO - Finished optimization with guess, [1.81399293 1.08499321 0.00734959 0.01562882].
2024-06-24 15:17:21,594 - INFO - Best fit parameters: [1.17374908e+00 9.46617197e-01 8.68611082e-08 3.22416705e-01].
2024-06-24 15:17:21,625 - INFO - Maximum log composite likelihood: -41.5325890069.
2024-06-24 15:17:21,625 - INFO - Optimal value of theta: 476.743381672.
2024-06-24 15:17:21,626 - INFO - Beginning optimization with guess, [1.55482067 1.07716732 0.00778433 0.01098956].
2024-06-24 15:17:22,897 - INFO - Finished optimization with guess, [1.55482067 1.07716732 0.00778433 0.01098956].
2024-06-24 15:17:22,897 - INFO - Best fit parameters: [8.17000379e-01 9.33598569e-01 1.01323147e-07 5.40760522e-03].
2024-06-24 15:17:22,922 - INFO - Maximum log composite likelihood: -43.797808084.
2024-06-24 15:17:22,922 - INFO - Optimal value of theta: 467.014650205.
2024-06-24 15:17:22,923 - INFO - Beginning optimization with guess, [1.98686088 4.25193276 0.00530469 0.01780841].
2024-06-24 15:17:24,013 - INFO - Finished optimization with guess, [1.98686088 4.25193276 0.00530469 0.01780841].
2024-06-24 15:17:24,013 - INFO - Best fit parameters: [9.22056584e-01 6.35507456e-01 5.17586924e-05 4.51707612e-05].
2024-06-24 15:17:24,038 - INFO - Maximum log composite likelihood: -44.0329303913.
2024-06-24 15:17:24,038 - INFO - Optimal value of theta: 466.661469266.
2024-06-24 15:17:24,039 - INFO - Beginning optimization with guess, [2.74650378 4.00235736 0.00928279 0.01584952].
2024-06-24 15:17:25,153 - INFO - Finished optimization with guess, [2.74650378 4.00235736 0.00928279 0.01584952].
2024-06-24 15:17:25,153 - INFO - Best fit parameters: [6.37800429e-01 2.52185001e+00 3.89613010e-04 1.28702825e-04].
2024-06-24 15:17:25,178 - INFO - Maximum log composite likelihood: -43.9535414941.
2024-06-24 15:17:25,179 - INFO - Optimal value of theta: 466.776827909.
2024-06-24 15:17:25,179 - INFO - Beginning optimization with guess, [3.53717612 2.56239456 0.00695708 0.01936683].
2024-06-24 15:17:26,451 - INFO - Finished optimization with guess, [3.53717612 2.56239456 0.00695708 0.01936683].
2024-06-24 15:17:26,451 - INFO - Best fit parameters: [7.28264396e-01 1.52519482e+00 4.19811207e-04 1.40438729e-04].
2024-06-24 15:17:26,476 - INFO - Maximum log composite likelihood: -43.9782465554.
2024-06-24 15:17:26,476 - INFO - Optimal value of theta: 466.740918243.
2024-06-24 15:17:26,476 - INFO - Beginning optimization with guess, [4.81003332 4.40882977 0.01214433 0.00678934].
2024-06-24 15:17:27,623 - INFO - Finished optimization with guess, [4.81003332 4.40882977 0.01214433 0.00678934].
2024-06-24 15:17:27,623 - INFO - Best fit parameters: [2.46505740e+00 2.95497831e-01 2.03948706e-05 8.77936593e-05].
2024-06-24 15:17:27,648 - INFO - Maximum log composite likelihood: -43.9142583773.
2024-06-24 15:17:27,648 - INFO - Optimal value of theta: 466.832612668.
2024-06-24 15:17:27,649 - INFO - Beginning optimization with guess, [3.2562095  1.7420777  0.0088836  0.01186527].
2024-06-24 15:17:28,808 - INFO - Finished optimization with guess, [3.2562095  1.7420777  0.0088836  0.01186527].
2024-06-24 15:17:28,810 - INFO - Best fit parameters: [6.70373595e-01 8.60353412e-01 6.73096815e-05 2.28890673e-04].
2024-06-24 15:17:28,878 - INFO - Maximum log composite likelihood: -44.0045703399.
2024-06-24 15:17:28,879 - INFO - Optimal value of theta: 466.702380052.
2024-06-24 15:17:28,879 - INFO - Beginning optimization with guess, [1.84381637 3.06829231 0.00635146 0.01053844].
2024-06-24 15:17:30,004 - INFO - Finished optimization with guess, [1.84381637 3.06829231 0.00635146 0.01053844].
2024-06-24 15:17:30,004 - INFO - Best fit parameters: [8.57641502e-01 1.65359780e+00 3.64038012e-04 3.57355047e-05].
2024-06-24 15:17:30,029 - INFO - Maximum log composite likelihood: -44.021814785.
2024-06-24 15:17:30,030 - INFO - Optimal value of theta: 466.677650457.
2024-06-24 15:17:30,030 - INFO - Beginning optimization with guess, [4.46509427 2.94927552 0.01295869 0.01711633].
2024-06-24 15:17:31,115 - INFO - Finished optimization with guess, [4.46509427 2.94927552 0.01295869 0.01711633].
2024-06-24 15:17:31,116 - INFO - Best fit parameters: [2.48410387e+00 3.74968884e-01 8.69111789e-05 1.57055639e-03].
2024-06-24 15:17:31,141 - INFO - Maximum log composite likelihood: -42.3509404657.
2024-06-24 15:17:31,141 - INFO - Optimal value of theta: 469.214949123.
2024-06-24 15:17:31,141 - INFO - Beginning optimization with guess, [8.9587519  3.13727362 0.0158328  0.01772732].
2024-06-24 15:17:32,248 - INFO - Finished optimization with guess, [8.9587519  3.13727362 0.0158328  0.01772732].
2024-06-24 15:17:32,248 - INFO - Best fit parameters: [4.74814235e-01 6.78430650e-01 1.62286992e-04 2.36940739e-04].
2024-06-24 15:17:32,273 - INFO - Maximum log composite likelihood: -43.847897931.
2024-06-24 15:17:32,274 - INFO - Optimal value of theta: 466.929193989.
2024-06-24 15:17:32,274 - INFO - Beginning optimization with guess, [4.97052459 6.3174521  0.01702646 0.01493398].
2024-06-24 15:17:33,379 - INFO - Finished optimization with guess, [4.97052459 6.3174521  0.01702646 0.01493398].
2024-06-24 15:17:33,379 - INFO - Best fit parameters: [1.32535265e-01 7.25898835e+00 1.92353995e-03 1.93504662e-05].
2024-06-24 15:17:33,404 - INFO - Maximum log composite likelihood: -36.7678233327.
2024-06-24 15:17:33,405 - INFO - Optimal value of theta: 479.169726055.
2024-06-24 15:17:33,405 - INFO - Beginning optimization with guess, [1.33227187e+01 1.05800711e+01 7.60083382e-03 1.12782720e-02].
2024-06-24 15:17:34,462 - INFO - Finished optimization with guess, [1.33227187e+01 1.05800711e+01 7.60083382e-03 1.12782720e-02].
2024-06-24 15:17:34,462 - INFO - Best fit parameters: [3.25795369e-03 2.34407485e+00 3.81420011e-06 1.78623918e-07].
2024-06-24 15:17:34,487 - INFO - Maximum log composite likelihood: -43.2403498284.
2024-06-24 15:17:34,487 - INFO - Optimal value of theta: 467.822881382.
2024-06-24 15:17:34,490 - INFO - Finished demographic inference.
2024-06-24 15:17:34,490 - INFO - Pipeline executed succesfully.
