2024-06-13 13:42:49,220 - INFO - Beginning execution of fit_dfe.py in directory /u/project/ngarud/jonmah/demo_for_ccgb/Scripts

2024-06-13 13:42:49,220 - INFO - Progress is being logged to ../SupplementaryAnalysis/Odoribacter_splanchnicus_62174/core_log.log

2024-06-13 13:42:49,220 - INFO - Parsed the following arguments:
	syn_input_sfs = ../SupplementaryAnalysis/Odoribacter_splanchnicus_62174/core_empirical_syn_downsampled_sfs.txt
	nonsyn_input_sfs = ../SupplementaryAnalysis/Odoribacter_splanchnicus_62174/core_empirical_nonsyn_downsampled_sfs.txt
	input_demography = ../SupplementaryAnalysis/Odoribacter_splanchnicus_62174/two_epoch_demography.txt
	input_model = two_epoch
	initial_alpha = 0.2
	initial_beta = 0.1
	outprefix = ../SupplementaryAnalysis/Odoribacter_splanchnicus_62174/core

2024-06-13 13:42:49,241 - INFO - Loading input demography.
2024-06-13 13:42:49,242 - INFO - Input demographic parameters are: [0.2401775, 0.9648176].
2024-06-13 13:42:49,243 - INFO - Input theta_syn is: 10121.984577761077.
2024-06-13 13:42:49,243 - INFO - Generating spectrum from input demography.
2024-06-13 13:43:48,112 - INFO - Fitting DFE.
2024-06-13 13:44:44,126 - WARNING - The integral is probably divergent, or slowly convergent.
2024-06-13 13:44:44,242 - WARNING - The algorithm does not converge.  Roundoff error is detected
  in the extrapolation table.  It is assumed that the requested tolerance
  cannot be achieved, and that the returned result (if full_output = 1) is 
  the best which can be obtained.
2024-06-13 13:45:22,931 - INFO - Fitting Neutral + Gamma DFE
2024-06-13 13:46:26,831 - INFO - Computing intermediate summary statistics.
2024-06-13 13:46:26,833 - INFO - Outputting results.
2024-06-13 13:46:26,839 - INFO - Pipeline executed succesfully.
