2022-11-02 15:30:31,342 - INFO - Beginning execution of fit_one_epoch.py in directory /u/project/ngarud/jonmah/demo_for_ccgb/Scripts

2022-11-02 15:30:31,342 - INFO - Progress is being logged to ../Analysis/Streptococcus_sanguinis_62456_oral/unmasked/log.log

2022-11-02 15:30:31,342 - INFO - Parsed the following arguments:
	syn_input_sfs = ../Data/oral_microbiome_sfs/Streptococcus_sanguinis_62456_sfs/folded_sfs_10.txt
	mask_singletons = False
	mask_doubletons = False
	outprefix = ../Analysis/Streptococcus_sanguinis_62456_oral/unmasked/

2022-11-02 15:30:31,363 - INFO - Beginning demographic inference for one-epoch demographic model.
2022-11-02 15:30:31,365 - INFO - Beginning optimization with guess, [0.05747723].
2022-11-02 15:30:31,432 - INFO - Finished optimization with guess, [0.05747723].
2022-11-02 15:30:31,432 - INFO - Best fit parameters: [0.05747723].
2022-11-02 15:30:31,456 - INFO - Maximum log composite likelihood: -32854.477913536364.
2022-11-02 15:30:31,456 - INFO - Optimal value of theta: 64420.45141276351.
2022-11-02 15:30:31,456 - INFO - Beginning optimization with guess, [0.2733595].
2022-11-02 15:30:31,501 - INFO - Finished optimization with guess, [0.2733595].
2022-11-02 15:30:31,501 - INFO - Best fit parameters: [0.2733595].
2022-11-02 15:30:31,522 - INFO - Maximum log composite likelihood: -32854.477913536364.
2022-11-02 15:30:31,522 - INFO - Optimal value of theta: 64420.45141276351.
2022-11-02 15:30:31,523 - INFO - Beginning optimization with guess, [0.33352147].
2022-11-02 15:30:31,563 - INFO - Finished optimization with guess, [0.33352147].
2022-11-02 15:30:31,563 - INFO - Best fit parameters: [0.33352147].
2022-11-02 15:30:31,583 - INFO - Maximum log composite likelihood: -32854.477913536364.
2022-11-02 15:30:31,584 - INFO - Optimal value of theta: 64420.45141276351.
2022-11-02 15:30:31,584 - INFO - Beginning optimization with guess, [0.23670085].
2022-11-02 15:30:31,624 - INFO - Finished optimization with guess, [0.23670085].
2022-11-02 15:30:31,624 - INFO - Best fit parameters: [0.23670085].
2022-11-02 15:30:31,643 - INFO - Maximum log composite likelihood: -32854.477913536364.
2022-11-02 15:30:31,644 - INFO - Optimal value of theta: 64420.45141276351.
2022-11-02 15:30:31,644 - INFO - Beginning optimization with guess, [0.39185095].
2022-11-02 15:30:31,684 - INFO - Finished optimization with guess, [0.39185095].
2022-11-02 15:30:31,684 - INFO - Best fit parameters: [0.39185095].
2022-11-02 15:30:31,704 - INFO - Maximum log composite likelihood: -32854.477913536364.
2022-11-02 15:30:31,704 - INFO - Optimal value of theta: 64420.45141276351.
2022-11-02 15:30:31,704 - INFO - Beginning optimization with guess, [1.0767741].
2022-11-02 15:30:31,744 - INFO - Finished optimization with guess, [1.0767741].
2022-11-02 15:30:31,744 - INFO - Best fit parameters: [1.0767741].
2022-11-02 15:30:31,764 - INFO - Maximum log composite likelihood: -32854.477913536364.
2022-11-02 15:30:31,764 - INFO - Optimal value of theta: 64420.45141276351.
2022-11-02 15:30:31,764 - INFO - Beginning optimization with guess, [0.82586341].
2022-11-02 15:30:31,805 - INFO - Finished optimization with guess, [0.82586341].
2022-11-02 15:30:31,805 - INFO - Best fit parameters: [0.82586341].
2022-11-02 15:30:31,826 - INFO - Maximum log composite likelihood: -32854.477913536364.
2022-11-02 15:30:31,827 - INFO - Optimal value of theta: 64420.45141276351.
2022-11-02 15:30:31,827 - INFO - Beginning optimization with guess, [0.43597032].
2022-11-02 15:30:31,871 - INFO - Finished optimization with guess, [0.43597032].
2022-11-02 15:30:31,872 - INFO - Best fit parameters: [0.43597032].
2022-11-02 15:30:31,894 - INFO - Maximum log composite likelihood: -32854.477913536364.
2022-11-02 15:30:31,894 - INFO - Optimal value of theta: 64420.45141276351.
2022-11-02 15:30:31,894 - INFO - Beginning optimization with guess, [0.79025872].
2022-11-02 15:30:31,939 - INFO - Finished optimization with guess, [0.79025872].
2022-11-02 15:30:31,939 - INFO - Best fit parameters: [0.79025872].
2022-11-02 15:30:31,961 - INFO - Maximum log composite likelihood: -32854.477913536364.
2022-11-02 15:30:31,961 - INFO - Optimal value of theta: 64420.45141276351.
2022-11-02 15:30:31,961 - INFO - Beginning optimization with guess, [1.39833456].
2022-11-02 15:30:32,006 - INFO - Finished optimization with guess, [1.39833456].
2022-11-02 15:30:32,006 - INFO - Best fit parameters: [1.39833456].
2022-11-02 15:30:32,027 - INFO - Maximum log composite likelihood: -32854.477913536364.
2022-11-02 15:30:32,027 - INFO - Optimal value of theta: 64420.45141276351.
2022-11-02 15:30:32,027 - INFO - Beginning optimization with guess, [0.62576195].
2022-11-02 15:30:32,068 - INFO - Finished optimization with guess, [0.62576195].
2022-11-02 15:30:32,068 - INFO - Best fit parameters: [0.62576195].
2022-11-02 15:30:32,088 - INFO - Maximum log composite likelihood: -32854.477913536364.
2022-11-02 15:30:32,088 - INFO - Optimal value of theta: 64420.45141276351.
2022-11-02 15:30:32,088 - INFO - Beginning optimization with guess, [2.25020458].
2022-11-02 15:30:32,129 - INFO - Finished optimization with guess, [2.25020458].
2022-11-02 15:30:32,129 - INFO - Best fit parameters: [2.25020458].
2022-11-02 15:30:32,151 - INFO - Maximum log composite likelihood: -32854.477913536364.
2022-11-02 15:30:32,151 - INFO - Optimal value of theta: 64420.45141276351.
2022-11-02 15:30:32,151 - INFO - Beginning optimization with guess, [3.28346286].
2022-11-02 15:30:32,191 - INFO - Finished optimization with guess, [3.28346286].
2022-11-02 15:30:32,191 - INFO - Best fit parameters: [3.28346286].
2022-11-02 15:30:32,211 - INFO - Maximum log composite likelihood: -32854.477913536364.
2022-11-02 15:30:32,211 - INFO - Optimal value of theta: 64420.45141276351.
2022-11-02 15:30:32,212 - INFO - Beginning optimization with guess, [3.33360013].
2022-11-02 15:30:32,251 - INFO - Finished optimization with guess, [3.33360013].
2022-11-02 15:30:32,252 - INFO - Best fit parameters: [3.33360013].
2022-11-02 15:30:32,271 - INFO - Maximum log composite likelihood: -32854.477913536364.
2022-11-02 15:30:32,272 - INFO - Optimal value of theta: 64420.45141276351.
2022-11-02 15:30:32,272 - INFO - Beginning optimization with guess, [4.31862324].
2022-11-02 15:30:32,312 - INFO - Finished optimization with guess, [4.31862324].
2022-11-02 15:30:32,312 - INFO - Best fit parameters: [4.31862324].
2022-11-02 15:30:32,331 - INFO - Maximum log composite likelihood: -32854.477913536364.
2022-11-02 15:30:32,332 - INFO - Optimal value of theta: 64420.45141276351.
2022-11-02 15:30:32,332 - INFO - Beginning optimization with guess, [3.72818584].
2022-11-02 15:30:32,372 - INFO - Finished optimization with guess, [3.72818584].
2022-11-02 15:30:32,372 - INFO - Best fit parameters: [3.72818584].
2022-11-02 15:30:32,393 - INFO - Maximum log composite likelihood: -32854.477913536364.
2022-11-02 15:30:32,393 - INFO - Optimal value of theta: 64420.45141276351.
2022-11-02 15:30:32,394 - INFO - Beginning optimization with guess, [2.13638739].
2022-11-02 15:30:32,436 - INFO - Finished optimization with guess, [2.13638739].
2022-11-02 15:30:32,437 - INFO - Best fit parameters: [2.13638739].
2022-11-02 15:30:32,458 - INFO - Maximum log composite likelihood: -32854.477913536364.
2022-11-02 15:30:32,458 - INFO - Optimal value of theta: 64420.45141276351.
2022-11-02 15:30:32,459 - INFO - Beginning optimization with guess, [4.75156156].
2022-11-02 15:30:32,501 - INFO - Finished optimization with guess, [4.75156156].
2022-11-02 15:30:32,502 - INFO - Best fit parameters: [4.75156156].
2022-11-02 15:30:32,523 - INFO - Maximum log composite likelihood: -32854.477913536364.
2022-11-02 15:30:32,524 - INFO - Optimal value of theta: 64420.45141276351.
2022-11-02 15:30:32,524 - INFO - Beginning optimization with guess, [1.90334743].
2022-11-02 15:30:32,567 - INFO - Finished optimization with guess, [1.90334743].
2022-11-02 15:30:32,567 - INFO - Best fit parameters: [1.90334743].
2022-11-02 15:30:32,588 - INFO - Maximum log composite likelihood: -32854.477913536364.
2022-11-02 15:30:32,588 - INFO - Optimal value of theta: 64420.45141276351.
2022-11-02 15:30:32,589 - INFO - Beginning optimization with guess, [4.68069974].
2022-11-02 15:30:32,632 - INFO - Finished optimization with guess, [4.68069974].
2022-11-02 15:30:32,632 - INFO - Best fit parameters: [4.68069974].
2022-11-02 15:30:32,653 - INFO - Maximum log composite likelihood: -32854.477913536364.
2022-11-02 15:30:32,654 - INFO - Optimal value of theta: 64420.45141276351.
2022-11-02 15:30:32,654 - INFO - Beginning optimization with guess, [4.93509303].
2022-11-02 15:30:32,696 - INFO - Finished optimization with guess, [4.93509303].
2022-11-02 15:30:32,697 - INFO - Best fit parameters: [4.93509303].
2022-11-02 15:30:32,718 - INFO - Maximum log composite likelihood: -32854.477913536364.
2022-11-02 15:30:32,718 - INFO - Optimal value of theta: 64420.45141276351.
2022-11-02 15:30:32,718 - INFO - Beginning optimization with guess, [4.7486611].
2022-11-02 15:30:32,761 - INFO - Finished optimization with guess, [4.7486611].
2022-11-02 15:30:32,761 - INFO - Best fit parameters: [4.7486611].
2022-11-02 15:30:32,783 - INFO - Maximum log composite likelihood: -32854.477913536364.
2022-11-02 15:30:32,783 - INFO - Optimal value of theta: 64420.45141276351.
2022-11-02 15:30:32,783 - INFO - Beginning optimization with guess, [3.55760205].
2022-11-02 15:30:32,826 - INFO - Finished optimization with guess, [3.55760205].
2022-11-02 15:30:32,826 - INFO - Best fit parameters: [3.55760205].
2022-11-02 15:30:32,847 - INFO - Maximum log composite likelihood: -32854.477913536364.
2022-11-02 15:30:32,848 - INFO - Optimal value of theta: 64420.45141276351.
2022-11-02 15:30:32,848 - INFO - Beginning optimization with guess, [7.27550283].
2022-11-02 15:30:32,904 - INFO - Finished optimization with guess, [7.27550283].
2022-11-02 15:30:32,904 - INFO - Best fit parameters: [7.27550283].
2022-11-02 15:30:32,941 - INFO - Maximum log composite likelihood: -32854.477913536364.
2022-11-02 15:30:32,941 - INFO - Optimal value of theta: 64420.45141276351.
2022-11-02 15:30:32,942 - INFO - Beginning optimization with guess, [8.55691466].
2022-11-02 15:30:32,998 - INFO - Finished optimization with guess, [8.55691466].
2022-11-02 15:30:32,998 - INFO - Best fit parameters: [8.55691466].
2022-11-02 15:30:33,021 - INFO - Maximum log composite likelihood: -32854.477913536364.
2022-11-02 15:30:33,022 - INFO - Optimal value of theta: 64420.45141276351.
2022-11-02 15:30:33,024 - INFO - Finished demographic inference.
2022-11-02 15:30:33,024 - INFO - Pipeline executed succesfully.
