2023-07-20 16:54:16,721 - INFO - Beginning execution of fit_one_epoch.py in directory /u/project/ngarud/jonmah/demo_for_ccgb/Scripts

2023-07-20 16:54:16,721 - INFO - Progress is being logged to ../Analysis/Oscillibacter_sp_60799_downsampled_14/core_log.log

2023-07-20 16:54:16,721 - INFO - Parsed the following arguments:
	syn_input_sfs = ../Analysis/Oscillibacter_sp_60799_downsampled_14/core_empirical_syn_downsampled_sfs.txt
	mask_singletons = False
	mask_doubletons = False
	outprefix = ../Analysis/Oscillibacter_sp_60799_downsampled_14/core

2023-07-20 16:54:16,724 - INFO - Beginning demographic inference for one-epoch demographic model.
2023-07-20 16:54:16,727 - INFO - Beginning optimization with guess, [0.17410816].
2023-07-20 16:54:17,669 - INFO - Finished optimization with guess, [0.17410816].
2023-07-20 16:54:17,670 - INFO - Best fit parameters: [0.17410816].
2023-07-20 16:54:17,699 - INFO - Maximum log composite likelihood: -145.95098908778436.
2023-07-20 16:54:17,699 - INFO - Optimal value of theta: 5803.921305052241.
2023-07-20 16:54:17,699 - INFO - Beginning optimization with guess, [0.27285157].
2023-07-20 16:54:18,626 - INFO - Finished optimization with guess, [0.27285157].
2023-07-20 16:54:18,627 - INFO - Best fit parameters: [0.27285157].
2023-07-20 16:54:18,656 - INFO - Maximum log composite likelihood: -145.95098908778436.
2023-07-20 16:54:18,656 - INFO - Optimal value of theta: 5803.921305052241.
2023-07-20 16:54:18,656 - INFO - Beginning optimization with guess, [0.53834222].
2023-07-20 16:54:19,499 - INFO - Finished optimization with guess, [0.53834222].
2023-07-20 16:54:19,499 - INFO - Best fit parameters: [0.53834222].
2023-07-20 16:54:19,528 - INFO - Maximum log composite likelihood: -145.95098908778436.
2023-07-20 16:54:19,528 - INFO - Optimal value of theta: 5803.921305052241.
2023-07-20 16:54:19,528 - INFO - Beginning optimization with guess, [0.21999181].
2023-07-20 16:54:20,436 - INFO - Finished optimization with guess, [0.21999181].
2023-07-20 16:54:20,437 - INFO - Best fit parameters: [0.21999181].
2023-07-20 16:54:20,461 - INFO - Maximum log composite likelihood: -145.95098908778436.
2023-07-20 16:54:20,462 - INFO - Optimal value of theta: 5803.921305052241.
2023-07-20 16:54:20,462 - INFO - Beginning optimization with guess, [0.46788035].
2023-07-20 16:54:21,175 - INFO - Finished optimization with guess, [0.46788035].
2023-07-20 16:54:21,175 - INFO - Best fit parameters: [0.46788035].
2023-07-20 16:54:21,200 - INFO - Maximum log composite likelihood: -145.95098908778436.
2023-07-20 16:54:21,200 - INFO - Optimal value of theta: 5803.921305052241.
2023-07-20 16:54:21,201 - INFO - Beginning optimization with guess, [1.03889431].
2023-07-20 16:54:21,619 - INFO - Finished optimization with guess, [1.03889431].
2023-07-20 16:54:21,619 - INFO - Best fit parameters: [1.03889431].
2023-07-20 16:54:21,644 - INFO - Maximum log composite likelihood: -145.95098908778436.
2023-07-20 16:54:21,644 - INFO - Optimal value of theta: 5803.921305052241.
2023-07-20 16:54:21,644 - INFO - Beginning optimization with guess, [0.4354609].
2023-07-20 16:54:22,360 - INFO - Finished optimization with guess, [0.4354609].
2023-07-20 16:54:22,360 - INFO - Best fit parameters: [0.4354609].
2023-07-20 16:54:22,385 - INFO - Maximum log composite likelihood: -145.95098908778436.
2023-07-20 16:54:22,385 - INFO - Optimal value of theta: 5803.921305052241.
2023-07-20 16:54:22,385 - INFO - Beginning optimization with guess, [0.57296623].
2023-07-20 16:54:23,109 - INFO - Finished optimization with guess, [0.57296623].
2023-07-20 16:54:23,110 - INFO - Best fit parameters: [0.57296623].
2023-07-20 16:54:23,135 - INFO - Maximum log composite likelihood: -145.95098908778436.
2023-07-20 16:54:23,135 - INFO - Optimal value of theta: 5803.921305052241.
2023-07-20 16:54:23,135 - INFO - Beginning optimization with guess, [0.5998223].
2023-07-20 16:54:23,782 - INFO - Finished optimization with guess, [0.5998223].
2023-07-20 16:54:23,782 - INFO - Best fit parameters: [0.5998223].
2023-07-20 16:54:23,806 - INFO - Maximum log composite likelihood: -145.95098908778436.
2023-07-20 16:54:23,807 - INFO - Optimal value of theta: 5803.921305052241.
2023-07-20 16:54:23,807 - INFO - Beginning optimization with guess, [0.69842437].
2023-07-20 16:54:24,455 - INFO - Finished optimization with guess, [0.69842437].
2023-07-20 16:54:24,455 - INFO - Best fit parameters: [0.69842437].
2023-07-20 16:54:24,480 - INFO - Maximum log composite likelihood: -145.95098908778436.
2023-07-20 16:54:24,481 - INFO - Optimal value of theta: 5803.921305052241.
2023-07-20 16:54:24,481 - INFO - Beginning optimization with guess, [1.87907174].
2023-07-20 16:54:25,209 - INFO - Finished optimization with guess, [1.87907174].
2023-07-20 16:54:25,209 - INFO - Best fit parameters: [1.87907174].
2023-07-20 16:54:25,234 - INFO - Maximum log composite likelihood: -145.95098908778436.
2023-07-20 16:54:25,234 - INFO - Optimal value of theta: 5803.921305052241.
2023-07-20 16:54:25,235 - INFO - Beginning optimization with guess, [0.80190701].
2023-07-20 16:54:25,809 - INFO - Finished optimization with guess, [0.80190701].
2023-07-20 16:54:25,810 - INFO - Best fit parameters: [0.80190701].
2023-07-20 16:54:25,835 - INFO - Maximum log composite likelihood: -145.95098908778436.
2023-07-20 16:54:25,835 - INFO - Optimal value of theta: 5803.921305052241.
2023-07-20 16:54:25,835 - INFO - Beginning optimization with guess, [2.35565296].
2023-07-20 16:54:26,554 - INFO - Finished optimization with guess, [2.35565296].
2023-07-20 16:54:26,554 - INFO - Best fit parameters: [2.35565296].
2023-07-20 16:54:26,579 - INFO - Maximum log composite likelihood: -145.95098908778436.
2023-07-20 16:54:26,579 - INFO - Optimal value of theta: 5803.921305052241.
2023-07-20 16:54:26,580 - INFO - Beginning optimization with guess, [1.19110094].
2023-07-20 16:54:27,152 - INFO - Finished optimization with guess, [1.19110094].
2023-07-20 16:54:27,152 - INFO - Best fit parameters: [1.19110094].
2023-07-20 16:54:27,178 - INFO - Maximum log composite likelihood: -145.95098908778436.
2023-07-20 16:54:27,178 - INFO - Optimal value of theta: 5803.921305052241.
2023-07-20 16:54:27,178 - INFO - Beginning optimization with guess, [2.06549233].
2023-07-20 16:54:27,971 - INFO - Finished optimization with guess, [2.06549233].
2023-07-20 16:54:27,972 - INFO - Best fit parameters: [2.06549233].
2023-07-20 16:54:27,999 - INFO - Maximum log composite likelihood: -145.95098908778436.
2023-07-20 16:54:27,999 - INFO - Optimal value of theta: 5803.921305052241.
2023-07-20 16:54:27,999 - INFO - Beginning optimization with guess, [1.38304978].
2023-07-20 16:54:28,742 - INFO - Finished optimization with guess, [1.38304978].
2023-07-20 16:54:28,742 - INFO - Best fit parameters: [1.38304978].
2023-07-20 16:54:28,771 - INFO - Maximum log composite likelihood: -145.95098908778436.
2023-07-20 16:54:28,772 - INFO - Optimal value of theta: 5803.921305052241.
2023-07-20 16:54:28,772 - INFO - Beginning optimization with guess, [2.18052684].
2023-07-20 16:54:29,611 - INFO - Finished optimization with guess, [2.18052684].
2023-07-20 16:54:29,612 - INFO - Best fit parameters: [2.18052684].
2023-07-20 16:54:29,640 - INFO - Maximum log composite likelihood: -145.95098908778436.
2023-07-20 16:54:29,641 - INFO - Optimal value of theta: 5803.921305052241.
2023-07-20 16:54:29,641 - INFO - Beginning optimization with guess, [1.96440959].
2023-07-20 16:54:30,476 - INFO - Finished optimization with guess, [1.96440959].
2023-07-20 16:54:30,477 - INFO - Best fit parameters: [1.96440959].
2023-07-20 16:54:30,505 - INFO - Maximum log composite likelihood: -145.95098908778436.
2023-07-20 16:54:30,506 - INFO - Optimal value of theta: 5803.921305052241.
2023-07-20 16:54:30,506 - INFO - Beginning optimization with guess, [5.44885138].
2023-07-20 16:54:31,402 - INFO - Finished optimization with guess, [5.44885138].
2023-07-20 16:54:31,402 - INFO - Best fit parameters: [5.44885138].
2023-07-20 16:54:31,430 - INFO - Maximum log composite likelihood: -145.95098908778436.
2023-07-20 16:54:31,430 - INFO - Optimal value of theta: 5803.921305052241.
2023-07-20 16:54:31,430 - INFO - Beginning optimization with guess, [4.40001155].
2023-07-20 16:54:32,300 - INFO - Finished optimization with guess, [4.40001155].
2023-07-20 16:54:32,300 - INFO - Best fit parameters: [4.40001155].
2023-07-20 16:54:32,326 - INFO - Maximum log composite likelihood: -145.95098908778436.
2023-07-20 16:54:32,326 - INFO - Optimal value of theta: 5803.921305052241.
2023-07-20 16:54:32,327 - INFO - Beginning optimization with guess, [3.81940106].
2023-07-20 16:54:33,130 - INFO - Finished optimization with guess, [3.81940106].
2023-07-20 16:54:33,130 - INFO - Best fit parameters: [3.81940106].
2023-07-20 16:54:33,155 - INFO - Maximum log composite likelihood: -145.95098908778436.
2023-07-20 16:54:33,156 - INFO - Optimal value of theta: 5803.921305052241.
2023-07-20 16:54:33,156 - INFO - Beginning optimization with guess, [7.35383231].
2023-07-20 16:54:33,957 - INFO - Finished optimization with guess, [7.35383231].
2023-07-20 16:54:33,957 - INFO - Best fit parameters: [7.35383231].
2023-07-20 16:54:33,982 - INFO - Maximum log composite likelihood: -145.95098908778436.
2023-07-20 16:54:33,982 - INFO - Optimal value of theta: 5803.921305052241.
2023-07-20 16:54:33,982 - INFO - Beginning optimization with guess, [3.19983643].
2023-07-20 16:54:34,824 - INFO - Finished optimization with guess, [3.19983643].
2023-07-20 16:54:34,824 - INFO - Best fit parameters: [3.19983643].
2023-07-20 16:54:34,851 - INFO - Maximum log composite likelihood: -145.95098908778436.
2023-07-20 16:54:34,852 - INFO - Optimal value of theta: 5803.921305052241.
2023-07-20 16:54:34,852 - INFO - Beginning optimization with guess, [12.36341113].
2023-07-20 16:54:35,829 - INFO - Finished optimization with guess, [12.36341113].
2023-07-20 16:54:35,830 - INFO - Best fit parameters: [12.36341113].
2023-07-20 16:54:35,858 - INFO - Maximum log composite likelihood: -145.95098908778436.
2023-07-20 16:54:35,858 - INFO - Optimal value of theta: 5803.921305052241.
2023-07-20 16:54:35,860 - INFO - Beginning demographic inference for two-epoch demographic model.
2023-07-20 16:54:35,911 - INFO - Beginning optimization with guess, [0.05157814 0.00956771].
2023-07-20 16:54:37,348 - INFO - Finished optimization with guess, [0.05157814 0.00956771].
2023-07-20 16:54:37,348 - INFO - Best fit parameters: [1.81127974 0.09017379].
2023-07-20 16:54:37,375 - INFO - Maximum log composite likelihood: -55.11951483712801.
2023-07-20 16:54:37,375 - INFO - Optimal value of theta: 5391.969723065934.
2023-07-20 16:54:37,375 - INFO - Beginning optimization with guess, [0.2110569  0.00913792].
2023-07-20 16:54:40,342 - INFO - Finished optimization with guess, [0.2110569  0.00913792].
2023-07-20 16:54:40,342 - INFO - Best fit parameters: [2.79234365 0.06382777].
2023-07-20 16:54:40,369 - INFO - Maximum log composite likelihood: -46.03842191440344.
2023-07-20 16:54:40,370 - INFO - Optimal value of theta: 5357.901012431881.
2023-07-20 16:54:40,370 - INFO - Beginning optimization with guess, [0.23871944 0.0143694 ].
2023-07-20 16:54:42,715 - INFO - Finished optimization with guess, [0.23871944 0.0143694 ].
2023-07-20 16:54:42,715 - INFO - Best fit parameters: [2.94719709 0.07435646].
2023-07-20 16:54:42,741 - INFO - Maximum log composite likelihood: -46.11752081062423.
2023-07-20 16:54:42,741 - INFO - Optimal value of theta: 5280.329548593093.
2023-07-20 16:54:42,742 - INFO - Beginning optimization with guess, [0.54748717 0.01012739].
2023-07-20 16:54:46,026 - INFO - Finished optimization with guess, [0.54748717 0.01012739].
2023-07-20 16:54:46,026 - INFO - Best fit parameters: [2.07718003 0.09435872].
2023-07-20 16:54:46,053 - INFO - Maximum log composite likelihood: -50.24403261979023.
2023-07-20 16:54:46,053 - INFO - Optimal value of theta: 5307.236691861613.
2023-07-20 16:54:46,053 - INFO - Beginning optimization with guess, [0.56016629 0.01605787].
2023-07-20 16:54:48,524 - INFO - Finished optimization with guess, [0.56016629 0.01605787].
2023-07-20 16:54:48,525 - INFO - Best fit parameters: [1.90830901 0.10094441].
2023-07-20 16:54:48,551 - INFO - Maximum log composite likelihood: -52.387006161225145.
2023-07-20 16:54:48,551 - INFO - Optimal value of theta: 5323.816303527381.
2023-07-20 16:54:48,551 - INFO - Beginning optimization with guess, [0.96386745 0.01068933].
2023-07-20 16:54:50,122 - INFO - Finished optimization with guess, [0.96386745 0.01068933].
2023-07-20 16:54:50,123 - INFO - Best fit parameters: [1.09137083 0.27009264].
2023-07-20 16:54:50,157 - INFO - Maximum log composite likelihood: -117.78954896777032.
2023-07-20 16:54:50,158 - INFO - Optimal value of theta: 5636.49982233192.
2023-07-20 16:54:50,158 - INFO - Beginning optimization with guess, [0.54644131 0.00643652].
2023-07-20 16:54:54,527 - INFO - Finished optimization with guess, [0.54644131 0.00643652].
2023-07-20 16:54:54,528 - INFO - Best fit parameters: [2.05923395 0.0973063 ].
2023-07-20 16:54:54,554 - INFO - Maximum log composite likelihood: -50.57312471226578.
2023-07-20 16:54:54,554 - INFO - Optimal value of theta: 5299.03129797476.
2023-07-20 16:54:54,554 - INFO - Beginning optimization with guess, [0.7361852  0.00501688].
2023-07-20 16:54:59,771 - INFO - Finished optimization with guess, [0.7361852  0.00501688].
2023-07-20 16:54:59,772 - INFO - Best fit parameters: [1.40830847 0.21408878].
2023-07-20 16:54:59,800 - INFO - Maximum log composite likelihood: -72.05995968721527.
2023-07-20 16:54:59,801 - INFO - Optimal value of theta: 5301.641105893858.
2023-07-20 16:54:59,801 - INFO - Beginning optimization with guess, [1.22571832 0.0082149 ].
2023-07-20 16:55:01,252 - INFO - Finished optimization with guess, [1.22571832 0.0082149 ].
2023-07-20 16:55:01,252 - INFO - Best fit parameters: [2.01307618 0.09824928].
2023-07-20 16:55:01,282 - INFO - Maximum log composite likelihood: -51.02146430419634.
2023-07-20 16:55:01,283 - INFO - Optimal value of theta: 5306.425767592403.
2023-07-20 16:55:01,283 - INFO - Beginning optimization with guess, [1.89560522 0.00866286].
2023-07-20 16:55:02,715 - INFO - Finished optimization with guess, [1.89560522 0.00866286].
2023-07-20 16:55:02,716 - INFO - Best fit parameters: [7.71294234 0.04440131].
2023-07-20 16:55:02,745 - INFO - Maximum log composite likelihood: -42.11381208645798.
2023-07-20 16:55:02,745 - INFO - Optimal value of theta: 5360.687448096734.
2023-07-20 16:55:02,746 - INFO - Beginning optimization with guess, [1.33809574 0.00934946].
2023-07-20 16:55:04,126 - INFO - Finished optimization with guess, [1.33809574 0.00934946].
2023-07-20 16:55:04,126 - INFO - Best fit parameters: [4.3964071  0.05645094].
2023-07-20 16:55:04,155 - INFO - Maximum log composite likelihood: -43.29115600479872.
2023-07-20 16:55:04,155 - INFO - Optimal value of theta: 5318.750938487231.
2023-07-20 16:55:04,155 - INFO - Beginning optimization with guess, [1.05780674 0.00576093].
2023-07-20 16:55:05,721 - INFO - Finished optimization with guess, [1.05780674 0.00576093].
2023-07-20 16:55:05,721 - INFO - Best fit parameters: [2.61839214 0.05324514].
2023-07-20 16:55:05,752 - INFO - Maximum log composite likelihood: -50.792811519424504.
2023-07-20 16:55:05,752 - INFO - Optimal value of theta: 5437.776163198002.
2023-07-20 16:55:05,752 - INFO - Beginning optimization with guess, [1.41096278 0.01908576].
2023-07-20 16:55:07,189 - INFO - Finished optimization with guess, [1.41096278 0.01908576].
2023-07-20 16:55:07,189 - INFO - Best fit parameters: [7.11151556 0.04635443].
2023-07-20 16:55:07,218 - INFO - Maximum log composite likelihood: -42.110754760329655.
2023-07-20 16:55:07,218 - INFO - Optimal value of theta: 5349.212499357982.
2023-07-20 16:55:07,219 - INFO - Beginning optimization with guess, [2.75062255 0.01158445].
2023-07-20 16:55:08,495 - INFO - Finished optimization with guess, [2.75062255 0.01158445].
2023-07-20 16:55:08,495 - INFO - Best fit parameters: [8.67683078 0.04327176].
2023-07-20 16:55:08,524 - INFO - Maximum log composite likelihood: -42.0367195700519.
2023-07-20 16:55:08,524 - INFO - Optimal value of theta: 5363.645889969992.
2023-07-20 16:55:08,525 - INFO - Beginning optimization with guess, [2.34975569 0.01469209].
2023-07-20 16:55:09,794 - INFO - Finished optimization with guess, [2.34975569 0.01469209].
2023-07-20 16:55:09,795 - INFO - Best fit parameters: [5.13162925e+01 3.98339446e-02].
2023-07-20 16:55:09,823 - INFO - Maximum log composite likelihood: -40.76059424021696.
2023-07-20 16:55:09,824 - INFO - Optimal value of theta: 5346.565328014086.
2023-07-20 16:55:09,824 - INFO - Beginning optimization with guess, [4.64855425 0.00531586].
2023-07-20 16:55:11,253 - INFO - Finished optimization with guess, [4.64855425 0.00531586].
2023-07-20 16:55:11,253 - INFO - Best fit parameters: [5.15420060e+01 3.91178976e-02].
2023-07-20 16:55:11,278 - INFO - Maximum log composite likelihood: -40.74135473329261.
2023-07-20 16:55:11,279 - INFO - Optimal value of theta: 5354.067505908181.
2023-07-20 16:55:11,279 - INFO - Beginning optimization with guess, [1.48164114 0.01033304].
2023-07-20 16:55:12,456 - INFO - Finished optimization with guess, [1.48164114 0.01033304].
2023-07-20 16:55:12,457 - INFO - Best fit parameters: [4.3175854  0.05199262].
2023-07-20 16:55:12,482 - INFO - Maximum log composite likelihood: -43.45258119926348.
2023-07-20 16:55:12,483 - INFO - Optimal value of theta: 5355.582397157823.
2023-07-20 16:55:12,483 - INFO - Beginning optimization with guess, [2.88800546 0.00975653].
2023-07-20 16:55:13,678 - INFO - Finished optimization with guess, [2.88800546 0.00975653].
2023-07-20 16:55:13,678 - INFO - Best fit parameters: [35.45468198  0.03848574].
2023-07-20 16:55:13,704 - INFO - Maximum log composite likelihood: -40.93257760418237.
2023-07-20 16:55:13,704 - INFO - Optimal value of theta: 5365.305032560374.
2023-07-20 16:55:13,704 - INFO - Beginning optimization with guess, [2.42546973 0.01525568].
2023-07-20 16:55:14,905 - INFO - Finished optimization with guess, [2.42546973 0.01525568].
2023-07-20 16:55:14,905 - INFO - Best fit parameters: [29.31044879  0.03796336].
2023-07-20 16:55:14,930 - INFO - Maximum log composite likelihood: -41.163878753875.
2023-07-20 16:55:14,931 - INFO - Optimal value of theta: 5373.784443095445.
2023-07-20 16:55:14,931 - INFO - Beginning optimization with guess, [6.04117125 0.01512967].
2023-07-20 16:55:16,135 - INFO - Finished optimization with guess, [6.04117125 0.01512967].
2023-07-20 16:55:16,135 - INFO - Best fit parameters: [1.49910693e+02 3.87321675e-02].
2023-07-20 16:55:16,161 - INFO - Maximum log composite likelihood: -40.60353285223027.
2023-07-20 16:55:16,162 - INFO - Optimal value of theta: 5351.471171238174.
2023-07-20 16:55:16,162 - INFO - Beginning optimization with guess, [3.66717529 0.00753196].
2023-07-20 16:55:17,597 - INFO - Finished optimization with guess, [3.66717529 0.00753196].
2023-07-20 16:55:17,597 - INFO - Best fit parameters: [21.39751126  0.03841557].
2023-07-20 16:55:17,625 - INFO - Maximum log composite likelihood: -41.39537664906402.
2023-07-20 16:55:17,626 - INFO - Optimal value of theta: 5375.558226634749.
2023-07-20 16:55:17,626 - INFO - Beginning optimization with guess, [6.27756375e+00 5.83625824e-03].
2023-07-20 16:55:19,005 - INFO - Finished optimization with guess, [6.27756375e+00 5.83625824e-03].
2023-07-20 16:55:19,005 - INFO - Best fit parameters: [8.10045363e+01 3.80078454e-02].
2023-07-20 16:55:19,034 - INFO - Maximum log composite likelihood: -40.69748674868333.
2023-07-20 16:55:19,034 - INFO - Optimal value of theta: 5362.196808518761.
2023-07-20 16:55:19,034 - INFO - Beginning optimization with guess, [8.20216818e+00 5.06209045e-03].
2023-07-20 16:55:20,316 - INFO - Finished optimization with guess, [8.20216818e+00 5.06209045e-03].
2023-07-20 16:55:20,316 - INFO - Best fit parameters: [30.54857313  0.03910849].
2023-07-20 16:55:20,341 - INFO - Maximum log composite likelihood: -40.946345878787724.
2023-07-20 16:55:20,342 - INFO - Optimal value of theta: 5361.174580992057.
2023-07-20 16:55:20,342 - INFO - Beginning optimization with guess, [6.80136430e+00 5.30911757e-03].
2023-07-20 16:55:21,572 - INFO - Finished optimization with guess, [6.80136430e+00 5.30911757e-03].
2023-07-20 16:55:21,572 - INFO - Best fit parameters: [4.53185694e+01 3.96474585e-02].
2023-07-20 16:55:21,598 - INFO - Maximum log composite likelihood: -40.77462541363002.
2023-07-20 16:55:21,598 - INFO - Optimal value of theta: 5349.906491152081.
2023-07-20 16:55:21,600 - INFO - Beginning demographic inference for three-epoch demographic model.
2023-07-20 16:55:21,604 - INFO - Beginning optimization with guess, [0.0097924  0.01340325 0.00759219 0.00600347].
2023-07-20 16:55:26,469 - INFO - Finished optimization with guess, [0.0097924  0.01340325 0.00759219 0.00600347].
2023-07-20 16:55:26,469 - INFO - Best fit parameters: [0.00389888 0.01909763 0.01967103 0.00423282].
2023-07-20 16:55:26,591 - INFO - Maximum log composite likelihood: -58.92418264104981.
2023-07-20 16:55:26,591 - INFO - Optimal value of theta: 455641.72532702365.
2023-07-20 16:55:26,591 - INFO - Beginning optimization with guess, [0.02319922 0.03117835 0.01818261 0.01276196].
2023-07-20 16:55:49,274 - INFO - Finished optimization with guess, [0.02319922 0.03117835 0.01818261 0.01276196].
2023-07-20 16:55:49,275 - INFO - Best fit parameters: [0.00569921 0.01597681 0.17887066 0.021378  ].
2023-07-20 16:55:49,982 - INFO - Maximum log composite likelihood: -94.75382249581526.
2023-07-20 16:55:49,983 - INFO - Optimal value of theta: 421616.5942646961.
2023-07-20 16:55:49,983 - INFO - Beginning optimization with guess, [0.0397535  0.03161217 0.01134454 0.01875941].
2023-07-20 16:55:51,395 - INFO - Finished optimization with guess, [0.0397535  0.03161217 0.01134454 0.01875941].
2023-07-20 16:55:51,395 - INFO - Best fit parameters: [1.44986816e-01 1.04444733e+04 4.81467294e-06 4.68304154e-05].
2023-07-20 16:55:51,425 - INFO - Maximum log composite likelihood: -145.83812810683048.
2023-07-20 16:55:51,426 - INFO - Optimal value of theta: 5803.686383928267.
2023-07-20 16:55:51,426 - INFO - Beginning optimization with guess, [0.05361222 0.03038904 0.00719189 0.00995039].
2023-07-20 16:55:52,728 - INFO - Finished optimization with guess, [0.05361222 0.03038904 0.00719189 0.00995039].
2023-07-20 16:55:52,728 - INFO - Best fit parameters: [1.04138702e-01 1.73317979e+01 1.60411982e-05 1.98699755e-04].
2023-07-20 16:55:52,757 - INFO - Maximum log composite likelihood: -145.62944981339297.
2023-07-20 16:55:52,757 - INFO - Optimal value of theta: 5803.254188054843.
2023-07-20 16:55:52,757 - INFO - Beginning optimization with guess, [0.0534854  0.06166883 0.01237877 0.01516132].
2023-07-20 16:55:54,245 - INFO - Finished optimization with guess, [0.0534854  0.06166883 0.01237877 0.01516132].
2023-07-20 16:55:54,246 - INFO - Best fit parameters: [3.77194914e-02 9.55367692e+00 1.59139104e-05 5.69751272e-02].
2023-07-20 16:55:54,275 - INFO - Maximum log composite likelihood: -46.73255420002806.
2023-07-20 16:55:54,275 - INFO - Optimal value of theta: 5237.207144629088.
2023-07-20 16:55:54,276 - INFO - Beginning optimization with guess, [0.37432237 0.53391628 0.01857268 0.01261878].
2023-07-20 16:55:55,538 - INFO - Finished optimization with guess, [0.37432237 0.53391628 0.01857268 0.01261878].
2023-07-20 16:55:55,539 - INFO - Best fit parameters: [1.35494418e+00 4.51410954e-01 1.11596443e-02 5.89624966e-04].
2023-07-20 16:55:55,569 - INFO - Maximum log composite likelihood: -134.77862294918305.
2023-07-20 16:55:55,569 - INFO - Optimal value of theta: 5777.440765149735.
2023-07-20 16:55:55,570 - INFO - Beginning optimization with guess, [0.86089225 1.02512573 0.01048636 0.00977879].
2023-07-20 16:55:57,099 - INFO - Finished optimization with guess, [0.86089225 1.02512573 0.01048636 0.00977879].
2023-07-20 16:55:57,099 - INFO - Best fit parameters: [0.95894296 1.04273507 0.00104447 0.1614133 ].
2023-07-20 16:55:57,132 - INFO - Maximum log composite likelihood: -132.20640632914.
2023-07-20 16:55:57,133 - INFO - Optimal value of theta: 5746.465923123387.
2023-07-20 16:55:57,133 - INFO - Beginning optimization with guess, [0.8461042  0.60027074 0.00784776 0.00849394].
2023-07-20 16:55:58,383 - INFO - Finished optimization with guess, [0.8461042  0.60027074 0.00784776 0.00849394].
2023-07-20 16:55:58,383 - INFO - Best fit parameters: [1.13829328e+00 1.18441944e+00 9.18713636e-02 6.69622948e-08].
2023-07-20 16:55:58,414 - INFO - Maximum log composite likelihood: -113.39001476603426.
2023-07-20 16:55:58,415 - INFO - Optimal value of theta: 5692.206608889994.
2023-07-20 16:55:58,415 - INFO - Beginning optimization with guess, [0.71730967 1.39685054 0.00507688 0.00710025].
2023-07-20 16:55:59,916 - INFO - Finished optimization with guess, [0.71730967 1.39685054 0.00507688 0.00710025].
2023-07-20 16:55:59,917 - INFO - Best fit parameters: [0.69395654 1.48621449 0.0021308  0.13052416].
2023-07-20 16:55:59,945 - INFO - Maximum log composite likelihood: -65.90100873882875.
2023-07-20 16:55:59,945 - INFO - Optimal value of theta: 5411.0559045856435.
2023-07-20 16:55:59,946 - INFO - Beginning optimization with guess, [0.86112512 1.51537237 0.00871228 0.01498229].
2023-07-20 16:56:01,193 - INFO - Finished optimization with guess, [0.86112512 1.51537237 0.00871228 0.01498229].
2023-07-20 16:56:01,193 - INFO - Best fit parameters: [0.85507557 1.60545487 0.00309793 0.13154429].
2023-07-20 16:56:01,223 - INFO - Maximum log composite likelihood: -59.937766025606834.
2023-07-20 16:56:01,223 - INFO - Optimal value of theta: 5343.102144547054.
2023-07-20 16:56:01,224 - INFO - Beginning optimization with guess, [0.66923677 2.13935362 0.00893255 0.00843973].
2023-07-20 16:56:02,513 - INFO - Finished optimization with guess, [0.66923677 2.13935362 0.00893255 0.00843973].
2023-07-20 16:56:02,513 - INFO - Best fit parameters: [0.66753492 2.50040053 0.00299345 0.07224898].
2023-07-20 16:56:02,540 - INFO - Maximum log composite likelihood: -47.15291796225483.
2023-07-20 16:56:02,540 - INFO - Optimal value of theta: 5354.638250218884.
2023-07-20 16:56:02,540 - INFO - Beginning optimization with guess, [1.74679548 1.19356064 0.0167518  0.01014498].
2023-07-20 16:56:03,800 - INFO - Finished optimization with guess, [1.74679548 1.19356064 0.0167518  0.01014498].
2023-07-20 16:56:03,800 - INFO - Best fit parameters: [1.98223693 1.20407851 0.10048949 0.00751246].
2023-07-20 16:56:03,827 - INFO - Maximum log composite likelihood: -54.81257635853399.
2023-07-20 16:56:03,827 - INFO - Optimal value of theta: 5307.296544762458.
2023-07-20 16:56:03,827 - INFO - Beginning optimization with guess, [2.03544837 3.43779045 0.01602009 0.01792405].
2023-07-20 16:56:05,163 - INFO - Finished optimization with guess, [2.03544837 3.43779045 0.01602009 0.01792405].
2023-07-20 16:56:05,163 - INFO - Best fit parameters: [2.08384099 4.2002031  0.01246328 0.04712981].
2023-07-20 16:56:05,192 - INFO - Maximum log composite likelihood: -43.434762697447695.
2023-07-20 16:56:05,192 - INFO - Optimal value of theta: 5332.362635172121.
2023-07-20 16:56:05,193 - INFO - Beginning optimization with guess, [1.92587762 2.45441161 0.00622478 0.01569699].
2023-07-20 16:56:06,566 - INFO - Finished optimization with guess, [1.92587762 2.45441161 0.00622478 0.01569699].
2023-07-20 16:56:06,567 - INFO - Best fit parameters: [2.00168713 2.85939159 0.00476372 0.06348665].
2023-07-20 16:56:06,598 - INFO - Maximum log composite likelihood: -45.5117797889925.
2023-07-20 16:56:06,598 - INFO - Optimal value of theta: 5331.62646657892.
2023-07-20 16:56:06,599 - INFO - Beginning optimization with guess, [4.47538485 1.57949997 0.00730372 0.0061964 ].
2023-07-20 16:56:07,952 - INFO - Finished optimization with guess, [4.47538485 1.57949997 0.00730372 0.0061964 ].
2023-07-20 16:56:07,953 - INFO - Best fit parameters: [5.89988193e+00 1.64910370e+00 4.83755401e-02 4.84955191e-03].
2023-07-20 16:56:07,983 - INFO - Maximum log composite likelihood: -43.49945673948059.
2023-07-20 16:56:07,983 - INFO - Optimal value of theta: 5335.5353405703.
2023-07-20 16:56:07,983 - INFO - Beginning optimization with guess, [1.31578761 4.26254171 0.0098911  0.01553865].
2023-07-20 16:56:09,414 - INFO - Finished optimization with guess, [1.31578761 4.26254171 0.0098911  0.01553865].
2023-07-20 16:56:09,414 - INFO - Best fit parameters: [1.33548671 5.33972775 0.00670676 0.04987931].
2023-07-20 16:56:09,444 - INFO - Maximum log composite likelihood: -42.68413470044288.
2023-07-20 16:56:09,444 - INFO - Optimal value of theta: 5328.9252617590655.
2023-07-20 16:56:09,444 - INFO - Beginning optimization with guess, [1.6335466  2.74978365 0.01072609 0.00921325].
2023-07-20 16:56:10,772 - INFO - Finished optimization with guess, [1.6335466  2.74978365 0.01072609 0.00921325].
2023-07-20 16:56:10,772 - INFO - Best fit parameters: [1.6806535  3.36870156 0.00818131 0.05576082].
2023-07-20 16:56:10,803 - INFO - Maximum log composite likelihood: -44.41528699511218.
2023-07-20 16:56:10,803 - INFO - Optimal value of theta: 5336.68971957501.
2023-07-20 16:56:10,803 - INFO - Beginning optimization with guess, [3.43607506 2.4706722  0.01056043 0.01947842].
2023-07-20 16:56:12,222 - INFO - Finished optimization with guess, [3.43607506 2.4706722  0.01056043 0.01947842].
2023-07-20 16:56:12,222 - INFO - Best fit parameters: [3.91602138 3.22401776 0.01118184 0.05287242].
2023-07-20 16:56:12,248 - INFO - Maximum log composite likelihood: -44.64724756933629.
2023-07-20 16:56:12,249 - INFO - Optimal value of theta: 5315.903393147839.
2023-07-20 16:56:12,249 - INFO - Beginning optimization with guess, [3.91555750e+00 5.61174129e+00 5.01959692e-03 6.34748987e-03].
2023-07-20 16:56:13,448 - INFO - Finished optimization with guess, [3.91555750e+00 5.61174129e+00 5.01959692e-03 6.34748987e-03].
2023-07-20 16:56:13,448 - INFO - Best fit parameters: [4.46125905e+00 7.60347796e+00 3.92857656e-03 4.41837652e-02].
2023-07-20 16:56:13,474 - INFO - Maximum log composite likelihood: -41.99172987359361.
2023-07-20 16:56:13,474 - INFO - Optimal value of theta: 5331.934524037116.
2023-07-20 16:56:13,474 - INFO - Beginning optimization with guess, [2.07898812 3.51982393 0.00507441 0.00878343].
2023-07-20 16:56:14,672 - INFO - Finished optimization with guess, [2.07898812 3.51982393 0.00507441 0.00878343].
2023-07-20 16:56:14,672 - INFO - Best fit parameters: [2.20761333e+00 4.38205261e+00 3.92902701e-03 5.07720593e-02].
2023-07-20 16:56:14,698 - INFO - Maximum log composite likelihood: -43.2141002897024.
2023-07-20 16:56:14,698 - INFO - Optimal value of theta: 5341.318409037313.
2023-07-20 16:56:14,699 - INFO - Beginning optimization with guess, [7.97744424e+00 2.23969626e+00 5.24927202e-03 1.06043616e-02].
2023-07-20 16:56:15,977 - INFO - Finished optimization with guess, [7.97744424e+00 2.23969626e+00 5.24927202e-03 1.06043616e-02].
2023-07-20 16:56:15,977 - INFO - Best fit parameters: [1.10540688e+01 3.19390511e+00 7.67248707e-03 5.78379727e-02].
2023-07-20 16:56:16,003 - INFO - Maximum log composite likelihood: -44.92664150114979.
2023-07-20 16:56:16,004 - INFO - Optimal value of theta: 5297.688306352462.
2023-07-20 16:56:16,004 - INFO - Beginning optimization with guess, [8.02547964e+00 9.03742315e+00 6.80217309e-03 1.11032801e-02].
2023-07-20 16:56:17,474 - INFO - Finished optimization with guess, [8.02547964e+00 9.03742315e+00 6.80217309e-03 1.11032801e-02].
2023-07-20 16:56:17,474 - INFO - Best fit parameters: [9.18563848e+00 1.23991244e+01 5.10210545e-03 3.79609627e-02].
2023-07-20 16:56:17,504 - INFO - Maximum log composite likelihood: -41.45699527015404.
2023-07-20 16:56:17,504 - INFO - Optimal value of theta: 5348.597992040975.
2023-07-20 16:56:17,504 - INFO - Beginning optimization with guess, [3.50015487 3.69191062 0.01114791 0.00946106].
2023-07-20 16:56:18,933 - INFO - Finished optimization with guess, [3.50015487 3.69191062 0.01114791 0.00946106].
2023-07-20 16:56:18,934 - INFO - Best fit parameters: [4.25108672 4.16165257 0.04592347 0.00854622].
2023-07-20 16:56:18,962 - INFO - Maximum log composite likelihood: -43.258495630427205.
2023-07-20 16:56:18,962 - INFO - Optimal value of theta: 5338.851933045895.
2023-07-20 16:56:18,962 - INFO - Beginning optimization with guess, [7.15900052 7.64398158 0.01425998 0.01615228].
2023-07-20 16:56:20,183 - INFO - Finished optimization with guess, [7.15900052 7.64398158 0.01425998 0.01615228].
2023-07-20 16:56:20,183 - INFO - Best fit parameters: [9.01469092 9.65613806 0.01295209 0.03226205].
2023-07-20 16:56:20,210 - INFO - Maximum log composite likelihood: -41.65198054197663.
2023-07-20 16:56:20,210 - INFO - Optimal value of theta: 5339.739539512827.
2023-07-20 16:56:20,212 - INFO - Finished demographic inference.
2023-07-20 16:56:20,212 - INFO - Pipeline executed succesfully.
