2024-05-30 17:17:47,547 - INFO - Beginning execution of fit_one_epoch.py in directory /u/project/ngarud/jonmah/demo_for_ccgb/Scripts

2024-05-30 17:17:47,547 - INFO - Progress is being logged to ../HighRecombinationAnalysis/Bacteroides_coprocola_61586/core_0.5_log.log

2024-05-30 17:17:47,547 - INFO - Parsed the following arguments:
	mask_doubletons = False
	syn_input_sfs = ../HighRecombinationAnalysis/Bacteroides_coprocola_61586/core_0.5_empirical_syn_14_downsampled_sfs.txt
	mask_singletons = False
	outprefix = ../HighRecombinationAnalysis/Bacteroides_coprocola_61586/core_0.5

2024-05-30 17:17:47,549 - INFO - Beginning demographic inference for one-epoch demographic model.
2024-05-30 17:17:47,550 - INFO - Beginning optimization with guess, [0.06125968].
2024-05-30 17:17:48,691 - INFO - Finished optimization with guess, [0.06125968].
2024-05-30 17:17:48,691 - INFO - Best fit parameters: [0.06125968].
2024-05-30 17:17:48,715 - INFO - Maximum log composite likelihood: -144.323569149.
2024-05-30 17:17:48,715 - INFO - Optimal value of theta: 5358.55868056.
2024-05-30 17:17:48,715 - INFO - Beginning optimization with guess, [0.18309323].
2024-05-30 17:17:49,485 - INFO - Finished optimization with guess, [0.18309323].
2024-05-30 17:17:49,485 - INFO - Best fit parameters: [0.18309323].
2024-05-30 17:17:49,509 - INFO - Maximum log composite likelihood: -144.323569149.
2024-05-30 17:17:49,510 - INFO - Optimal value of theta: 5358.55868056.
2024-05-30 17:17:49,510 - INFO - Beginning optimization with guess, [0.3013775].
2024-05-30 17:17:50,304 - INFO - Finished optimization with guess, [0.3013775].
2024-05-30 17:17:50,304 - INFO - Best fit parameters: [0.3013775].
2024-05-30 17:17:50,328 - INFO - Maximum log composite likelihood: -144.323569149.
2024-05-30 17:17:50,329 - INFO - Optimal value of theta: 5358.55868056.
2024-05-30 17:17:50,329 - INFO - Beginning optimization with guess, [0.67508046].
2024-05-30 17:17:50,955 - INFO - Finished optimization with guess, [0.67508046].
2024-05-30 17:17:50,956 - INFO - Best fit parameters: [0.67508046].
2024-05-30 17:17:51,026 - INFO - Maximum log composite likelihood: -144.323569149.
2024-05-30 17:17:51,027 - INFO - Optimal value of theta: 5358.55868056.
2024-05-30 17:17:51,028 - INFO - Beginning optimization with guess, [0.27796993].
2024-05-30 17:17:51,847 - INFO - Finished optimization with guess, [0.27796993].
2024-05-30 17:17:51,847 - INFO - Best fit parameters: [0.27796993].
2024-05-30 17:17:51,871 - INFO - Maximum log composite likelihood: -144.323569149.
2024-05-30 17:17:51,871 - INFO - Optimal value of theta: 5358.55868056.
2024-05-30 17:17:51,871 - INFO - Beginning optimization with guess, [0.9456471].
2024-05-30 17:17:52,277 - INFO - Finished optimization with guess, [0.9456471].
2024-05-30 17:17:52,277 - INFO - Best fit parameters: [0.9456471].
2024-05-30 17:17:52,301 - INFO - Maximum log composite likelihood: -144.323569149.
2024-05-30 17:17:52,301 - INFO - Optimal value of theta: 5358.55868056.
2024-05-30 17:17:52,302 - INFO - Beginning optimization with guess, [0.37839061].
2024-05-30 17:17:52,994 - INFO - Finished optimization with guess, [0.37839061].
2024-05-30 17:17:52,994 - INFO - Best fit parameters: [0.37839061].
2024-05-30 17:17:53,018 - INFO - Maximum log composite likelihood: -144.323569149.
2024-05-30 17:17:53,018 - INFO - Optimal value of theta: 5358.55868056.
2024-05-30 17:17:53,019 - INFO - Beginning optimization with guess, [1.0430342].
2024-05-30 17:17:53,424 - INFO - Finished optimization with guess, [1.0430342].
2024-05-30 17:17:53,424 - INFO - Best fit parameters: [1.0430342].
2024-05-30 17:17:53,448 - INFO - Maximum log composite likelihood: -144.323569149.
2024-05-30 17:17:53,449 - INFO - Optimal value of theta: 5358.55868056.
2024-05-30 17:17:53,449 - INFO - Beginning optimization with guess, [0.87941067].
2024-05-30 17:17:54,003 - INFO - Finished optimization with guess, [0.87941067].
2024-05-30 17:17:54,003 - INFO - Best fit parameters: [0.87941067].
2024-05-30 17:17:54,027 - INFO - Maximum log composite likelihood: -144.323569149.
2024-05-30 17:17:54,028 - INFO - Optimal value of theta: 5358.55868056.
2024-05-30 17:17:54,028 - INFO - Beginning optimization with guess, [0.95595741].
2024-05-30 17:17:54,437 - INFO - Finished optimization with guess, [0.95595741].
2024-05-30 17:17:54,437 - INFO - Best fit parameters: [0.95595741].
2024-05-30 17:17:54,461 - INFO - Maximum log composite likelihood: -144.323569149.
2024-05-30 17:17:54,461 - INFO - Optimal value of theta: 5358.55868056.
2024-05-30 17:17:54,461 - INFO - Beginning optimization with guess, [0.93963753].
2024-05-30 17:17:54,865 - INFO - Finished optimization with guess, [0.93963753].
2024-05-30 17:17:54,866 - INFO - Best fit parameters: [0.93963753].
2024-05-30 17:17:54,889 - INFO - Maximum log composite likelihood: -144.323569149.
2024-05-30 17:17:54,890 - INFO - Optimal value of theta: 5358.55868056.
2024-05-30 17:17:54,890 - INFO - Beginning optimization with guess, [0.87450326].
2024-05-30 17:17:55,437 - INFO - Finished optimization with guess, [0.87450326].
2024-05-30 17:17:55,437 - INFO - Best fit parameters: [0.87450326].
2024-05-30 17:17:55,461 - INFO - Maximum log composite likelihood: -144.323569149.
2024-05-30 17:17:55,461 - INFO - Optimal value of theta: 5358.55868056.
2024-05-30 17:17:55,462 - INFO - Beginning optimization with guess, [3.15657982].
2024-05-30 17:17:56,219 - INFO - Finished optimization with guess, [3.15657982].
2024-05-30 17:17:56,220 - INFO - Best fit parameters: [3.15657982].
2024-05-30 17:17:56,244 - INFO - Maximum log composite likelihood: -144.323569149.
2024-05-30 17:17:56,244 - INFO - Optimal value of theta: 5358.55868056.
2024-05-30 17:17:56,244 - INFO - Beginning optimization with guess, [1.63950868].
2024-05-30 17:17:56,863 - INFO - Finished optimization with guess, [1.63950868].
2024-05-30 17:17:56,863 - INFO - Best fit parameters: [1.63950868].
2024-05-30 17:17:56,887 - INFO - Maximum log composite likelihood: -144.323569149.
2024-05-30 17:17:56,887 - INFO - Optimal value of theta: 5358.55868056.
2024-05-30 17:17:56,888 - INFO - Beginning optimization with guess, [1.28588668].
2024-05-30 17:17:57,436 - INFO - Finished optimization with guess, [1.28588668].
2024-05-30 17:17:57,436 - INFO - Best fit parameters: [1.28588668].
2024-05-30 17:17:57,461 - INFO - Maximum log composite likelihood: -144.323569149.
2024-05-30 17:17:57,461 - INFO - Optimal value of theta: 5358.55868056.
2024-05-30 17:17:57,461 - INFO - Beginning optimization with guess, [4.67755771].
2024-05-30 17:17:58,223 - INFO - Finished optimization with guess, [4.67755771].
2024-05-30 17:17:58,223 - INFO - Best fit parameters: [4.67755771].
2024-05-30 17:17:58,247 - INFO - Maximum log composite likelihood: -144.323569149.
2024-05-30 17:17:58,247 - INFO - Optimal value of theta: 5358.55868056.
2024-05-30 17:17:58,247 - INFO - Beginning optimization with guess, [3.16351987].
2024-05-30 17:17:59,008 - INFO - Finished optimization with guess, [3.16351987].
2024-05-30 17:17:59,009 - INFO - Best fit parameters: [3.16351987].
2024-05-30 17:17:59,033 - INFO - Maximum log composite likelihood: -144.323569149.
2024-05-30 17:17:59,033 - INFO - Optimal value of theta: 5358.55868056.
2024-05-30 17:17:59,033 - INFO - Beginning optimization with guess, [2.77884824].
2024-05-30 17:17:59,727 - INFO - Finished optimization with guess, [2.77884824].
2024-05-30 17:17:59,727 - INFO - Best fit parameters: [2.77884824].
2024-05-30 17:17:59,751 - INFO - Maximum log composite likelihood: -144.323569149.
2024-05-30 17:17:59,751 - INFO - Optimal value of theta: 5358.55868056.
2024-05-30 17:17:59,752 - INFO - Beginning optimization with guess, [2.00242745].
2024-05-30 17:18:00,444 - INFO - Finished optimization with guess, [2.00242745].
2024-05-30 17:18:00,444 - INFO - Best fit parameters: [2.00242745].
2024-05-30 17:18:00,468 - INFO - Maximum log composite likelihood: -144.323569149.
2024-05-30 17:18:00,469 - INFO - Optimal value of theta: 5358.55868056.
2024-05-30 17:18:00,469 - INFO - Beginning optimization with guess, [2.31820991].
2024-05-30 17:18:01,174 - INFO - Finished optimization with guess, [2.31820991].
2024-05-30 17:18:01,175 - INFO - Best fit parameters: [2.31820991].
2024-05-30 17:18:01,199 - INFO - Maximum log composite likelihood: -144.323569149.
2024-05-30 17:18:01,199 - INFO - Optimal value of theta: 5358.55868056.
2024-05-30 17:18:01,200 - INFO - Beginning optimization with guess, [4.76053533].
2024-05-30 17:18:01,975 - INFO - Finished optimization with guess, [4.76053533].
2024-05-30 17:18:01,975 - INFO - Best fit parameters: [4.76053533].
2024-05-30 17:18:01,999 - INFO - Maximum log composite likelihood: -144.323569149.
2024-05-30 17:18:02,000 - INFO - Optimal value of theta: 5358.55868056.
2024-05-30 17:18:02,000 - INFO - Beginning optimization with guess, [7.25247633].
2024-05-30 17:18:02,760 - INFO - Finished optimization with guess, [7.25247633].
2024-05-30 17:18:02,761 - INFO - Best fit parameters: [7.25247633].
2024-05-30 17:18:02,784 - INFO - Maximum log composite likelihood: -144.323569149.
2024-05-30 17:18:02,785 - INFO - Optimal value of theta: 5358.55868056.
2024-05-30 17:18:02,785 - INFO - Beginning optimization with guess, [11.78704799].
2024-05-30 17:18:03,618 - INFO - Finished optimization with guess, [11.78704799].
2024-05-30 17:18:03,618 - INFO - Best fit parameters: [11.78704799].
2024-05-30 17:18:03,642 - INFO - Maximum log composite likelihood: -144.323569149.
2024-05-30 17:18:03,643 - INFO - Optimal value of theta: 5358.55868056.
2024-05-30 17:18:03,643 - INFO - Beginning optimization with guess, [13.06005707].
2024-05-30 17:18:04,475 - INFO - Finished optimization with guess, [13.06005707].
2024-05-30 17:18:04,475 - INFO - Best fit parameters: [13.06005707].
2024-05-30 17:18:04,499 - INFO - Maximum log composite likelihood: -144.323569149.
2024-05-30 17:18:04,500 - INFO - Optimal value of theta: 5358.55868056.
2024-05-30 17:18:04,502 - INFO - Beginning demographic inference for two-epoch demographic model.
2024-05-30 17:18:04,505 - INFO - Beginning optimization with guess, [0.05334591 0.00970071].
2024-05-30 17:18:06,090 - INFO - Finished optimization with guess, [0.05334591 0.00970071].
2024-05-30 17:18:06,091 - INFO - Best fit parameters: [1.85181271 0.17928858].
2024-05-30 17:18:06,118 - INFO - Maximum log composite likelihood: -33.5040856283.
2024-05-30 17:18:06,118 - INFO - Optimal value of theta: 4700.31772239.
2024-05-30 17:18:06,118 - INFO - Beginning optimization with guess, [0.31658613 0.00520086].
2024-05-30 17:18:10,602 - INFO - Finished optimization with guess, [0.31658613 0.00520086].
2024-05-30 17:18:10,602 - INFO - Best fit parameters: [1.83765    0.17790259].
2024-05-30 17:18:10,628 - INFO - Maximum log composite likelihood: -33.3555695152.
2024-05-30 17:18:10,629 - INFO - Optimal value of theta: 4709.97516184.
2024-05-30 17:18:10,629 - INFO - Beginning optimization with guess, [0.27526881 0.01557438].
2024-05-30 17:18:12,990 - INFO - Finished optimization with guess, [0.27526881 0.01557438].
2024-05-30 17:18:12,990 - INFO - Best fit parameters: [1.87311093 0.14747437].
2024-05-30 17:18:13,016 - INFO - Maximum log composite likelihood: -33.1352283744.
2024-05-30 17:18:13,017 - INFO - Optimal value of theta: 4778.41186614.
2024-05-30 17:18:13,017 - INFO - Beginning optimization with guess, [0.38113435 0.0051261 ].
2024-05-30 17:18:17,638 - INFO - Finished optimization with guess, [0.38113435 0.0051261 ].
2024-05-30 17:18:17,639 - INFO - Best fit parameters: [1.65271051 0.1977068 ].
2024-05-30 17:18:17,665 - INFO - Maximum log composite likelihood: -34.6003380383.
2024-05-30 17:18:17,665 - INFO - Optimal value of theta: 4756.43630919.
2024-05-30 17:18:17,666 - INFO - Beginning optimization with guess, [0.85483868 0.00614806].
2024-05-30 17:18:22,137 - INFO - Finished optimization with guess, [0.85483868 0.00614806].
2024-05-30 17:18:22,138 - INFO - Best fit parameters: [1.21201155 0.14862298].
2024-05-30 17:18:22,165 - INFO - Maximum log composite likelihood: -83.9957029761.
2024-05-30 17:18:22,165 - INFO - Optimal value of theta: 5143.03657474.
2024-05-30 17:18:22,165 - INFO - Beginning optimization with guess, [0.46792838 0.0086298 ].
2024-05-30 17:18:25,444 - INFO - Finished optimization with guess, [0.46792838 0.0086298 ].
2024-05-30 17:18:25,444 - INFO - Best fit parameters: [1.77754814 0.16587729].
2024-05-30 17:18:25,470 - INFO - Maximum log composite likelihood: -33.3874214896.
2024-05-30 17:18:25,471 - INFO - Optimal value of theta: 4766.84901489.
2024-05-30 17:18:25,471 - INFO - Beginning optimization with guess, [0.94648419 0.01514942].
2024-05-30 17:18:26,859 - INFO - Finished optimization with guess, [0.94648419 0.01514942].
2024-05-30 17:18:26,860 - INFO - Best fit parameters: [1.13959592 0.29867057].
2024-05-30 17:18:26,889 - INFO - Maximum log composite likelihood: -94.1294936978.
2024-05-30 17:18:26,889 - INFO - Optimal value of theta: 5117.51778274.
2024-05-30 17:18:26,889 - INFO - Beginning optimization with guess, [0.76595974 0.01161921].
2024-05-30 17:18:29,925 - INFO - Finished optimization with guess, [0.76595974 0.01161921].
2024-05-30 17:18:29,926 - INFO - Best fit parameters: [1.38662164 0.18861956].
2024-05-30 17:18:29,953 - INFO - Maximum log composite likelihood: -51.9866197127.
2024-05-30 17:18:29,953 - INFO - Optimal value of theta: 4949.53409608.
2024-05-30 17:18:29,953 - INFO - Beginning optimization with guess, [0.91043778 0.01225747].
2024-05-30 17:18:34,926 - INFO - Finished optimization with guess, [0.91043778 0.01225747].
2024-05-30 17:18:34,927 - INFO - Best fit parameters: [1.409596   0.66803805].
2024-05-30 17:18:34,960 - INFO - Maximum log composite likelihood: -52.7431434295.
2024-05-30 17:18:34,960 - INFO - Optimal value of theta: 4476.26477819.
2024-05-30 17:18:34,960 - INFO - Beginning optimization with guess, [1.82668445 0.0174152 ].
2024-05-30 17:18:36,150 - INFO - Finished optimization with guess, [1.82668445 0.0174152 ].
2024-05-30 17:18:36,150 - INFO - Best fit parameters: [1.89949247 0.14911513].
2024-05-30 17:18:36,176 - INFO - Maximum log composite likelihood: -33.0548254493.
2024-05-30 17:18:36,176 - INFO - Optimal value of theta: 4764.1008017.
2024-05-30 17:18:36,176 - INFO - Beginning optimization with guess, [1.93998989 0.0118624 ].
2024-05-30 17:18:37,307 - INFO - Finished optimization with guess, [1.93998989 0.0118624 ].
2024-05-30 17:18:37,307 - INFO - Best fit parameters: [1.87925474 0.15394072].
2024-05-30 17:18:37,333 - INFO - Maximum log composite likelihood: -33.0596042686.
2024-05-30 17:18:37,333 - INFO - Optimal value of theta: 4757.62587381.
2024-05-30 17:18:37,334 - INFO - Beginning optimization with guess, [1.10960101 0.01049958].
2024-05-30 17:18:38,752 - INFO - Finished optimization with guess, [1.10960101 0.01049958].
2024-05-30 17:18:38,752 - INFO - Best fit parameters: [1.92954317 0.14139615].
2024-05-30 17:18:38,778 - INFO - Maximum log composite likelihood: -33.0801827721.
2024-05-30 17:18:38,778 - INFO - Optimal value of theta: 4776.74713847.
2024-05-30 17:18:38,778 - INFO - Beginning optimization with guess, [1.52647853 0.01360797].
2024-05-30 17:18:40,030 - INFO - Finished optimization with guess, [1.52647853 0.01360797].
2024-05-30 17:18:40,030 - INFO - Best fit parameters: [1.90130796 0.14961053].
2024-05-30 17:18:40,056 - INFO - Maximum log composite likelihood: -33.0540014881.
2024-05-30 17:18:40,056 - INFO - Optimal value of theta: 4762.00667095.
2024-05-30 17:18:40,056 - INFO - Beginning optimization with guess, [2.17622614 0.0114455 ].
2024-05-30 17:18:41,341 - INFO - Finished optimization with guess, [2.17622614 0.0114455 ].
2024-05-30 17:18:41,341 - INFO - Best fit parameters: [1.93670629 0.14414323].
2024-05-30 17:18:41,367 - INFO - Maximum log composite likelihood: -33.0677579939.
2024-05-30 17:18:41,368 - INFO - Optimal value of theta: 4765.97646423.
2024-05-30 17:18:41,368 - INFO - Beginning optimization with guess, [2.65070018 0.01909642].
2024-05-30 17:18:42,515 - INFO - Finished optimization with guess, [2.65070018 0.01909642].
2024-05-30 17:18:42,515 - INFO - Best fit parameters: [2.4287985  0.09625607].
2024-05-30 17:18:42,541 - INFO - Maximum log composite likelihood: -34.1715991361.
2024-05-30 17:18:42,541 - INFO - Optimal value of theta: 4827.88685602.
2024-05-30 17:18:42,541 - INFO - Beginning optimization with guess, [2.09350812 0.00523669].
2024-05-30 17:18:43,712 - INFO - Finished optimization with guess, [2.09350812 0.00523669].
2024-05-30 17:18:43,713 - INFO - Best fit parameters: [1.93246192 0.14561902].
2024-05-30 17:18:43,739 - INFO - Maximum log composite likelihood: -33.0672054423.
2024-05-30 17:18:43,739 - INFO - Optimal value of theta: 4762.97049227.
2024-05-30 17:18:43,739 - INFO - Beginning optimization with guess, [1.51795917 0.0098003 ].
2024-05-30 17:18:45,021 - INFO - Finished optimization with guess, [1.51795917 0.0098003 ].
2024-05-30 17:18:45,022 - INFO - Best fit parameters: [1.90042786 0.14968757].
2024-05-30 17:18:45,047 - INFO - Maximum log composite likelihood: -33.0539906683.
2024-05-30 17:18:45,048 - INFO - Optimal value of theta: 4762.09905271.
2024-05-30 17:18:45,048 - INFO - Beginning optimization with guess, [1.55211328 0.00947927].
2024-05-30 17:18:46,315 - INFO - Finished optimization with guess, [1.55211328 0.00947927].
2024-05-30 17:18:46,315 - INFO - Best fit parameters: [1.90190142 0.1492644 ].
2024-05-30 17:18:46,341 - INFO - Maximum log composite likelihood: -33.0540568705.
2024-05-30 17:18:46,341 - INFO - Optimal value of theta: 4762.80199328.
2024-05-30 17:18:46,342 - INFO - Beginning optimization with guess, [4.03052133 0.01140985].
2024-05-30 17:18:47,473 - INFO - Finished optimization with guess, [4.03052133 0.01140985].
2024-05-30 17:18:47,473 - INFO - Best fit parameters: [2.27126916 0.0897971 ].
2024-05-30 17:18:47,498 - INFO - Maximum log composite likelihood: -35.1246151385.
2024-05-30 17:18:47,498 - INFO - Optimal value of theta: 4882.11079656.
2024-05-30 17:18:47,498 - INFO - Beginning optimization with guess, [4.65048662 0.01693127].
2024-05-30 17:18:48,679 - INFO - Finished optimization with guess, [4.65048662 0.01693127].
2024-05-30 17:18:48,680 - INFO - Best fit parameters: [2.14290514 0.10067109].
2024-05-30 17:18:48,705 - INFO - Maximum log composite likelihood: -34.4318184072.
2024-05-30 17:18:48,706 - INFO - Optimal value of theta: 4861.33147574.
2024-05-30 17:18:48,706 - INFO - Beginning optimization with guess, [6.37099796 0.00811962].
2024-05-30 17:18:49,923 - INFO - Finished optimization with guess, [6.37099796 0.00811962].
2024-05-30 17:18:49,924 - INFO - Best fit parameters: [2.71400941 0.07159602].
2024-05-30 17:18:49,949 - INFO - Maximum log composite likelihood: -36.4437237663.
2024-05-30 17:18:49,950 - INFO - Optimal value of theta: 4911.7096186.
2024-05-30 17:18:49,950 - INFO - Beginning optimization with guess, [7.53771593 0.00845264].
2024-05-30 17:18:51,102 - INFO - Finished optimization with guess, [7.53771593 0.00845264].
2024-05-30 17:18:51,103 - INFO - Best fit parameters: [2.65992982 0.07485474].
2024-05-30 17:18:51,127 - INFO - Maximum log composite likelihood: -35.9385401931.
2024-05-30 17:18:51,128 - INFO - Optimal value of theta: 4900.35256384.
2024-05-30 17:18:51,128 - INFO - Beginning optimization with guess, [11.69483498  0.01696755].
2024-05-30 17:18:52,303 - INFO - Finished optimization with guess, [11.69483498  0.01696755].
2024-05-30 17:18:52,303 - INFO - Best fit parameters: [2.44318389 0.08265785].
2024-05-30 17:18:52,328 - INFO - Maximum log composite likelihood: -35.3759100106.
2024-05-30 17:18:52,328 - INFO - Optimal value of theta: 4888.03056817.
2024-05-30 17:18:52,328 - INFO - Beginning optimization with guess, [4.05336847 0.00676215].
2024-05-30 17:18:53,436 - INFO - Finished optimization with guess, [4.05336847 0.00676215].
2024-05-30 17:18:53,436 - INFO - Best fit parameters: [2.27079265 0.09116626].
2024-05-30 17:18:53,462 - INFO - Maximum log composite likelihood: -34.9127664166.
2024-05-30 17:18:53,462 - INFO - Optimal value of theta: 4876.3000856.
2024-05-30 17:18:53,464 - INFO - Beginning demographic inference for three-epoch demographic model.
2024-05-30 17:18:53,468 - INFO - Beginning optimization with guess, [0.01089216 0.00976851 0.00922587 0.0196203 ].
2024-05-30 17:20:15,726 - INFO - Finished optimization with guess, [0.01089216 0.00976851 0.00922587 0.0196203 ].
2024-05-30 17:20:15,727 - INFO - Best fit parameters: [0.00559463 0.00118501 0.00822576 0.14949835].
2024-05-30 17:20:18,006 - INFO - Maximum log composite likelihood: -144.323569103.
2024-05-30 17:20:18,006 - INFO - Optimal value of theta: 4521965.50598.
2024-05-30 17:20:18,006 - INFO - Beginning optimization with guess, [0.02398875 0.02212216 0.00523873 0.0091698 ].
2024-05-30 17:20:19,240 - INFO - Finished optimization with guess, [0.02398875 0.02212216 0.00523873 0.0091698 ].
2024-05-30 17:20:19,240 - INFO - Best fit parameters: [8.95082920e-02 6.68175627e+02 3.38083094e-07 2.10317364e-05].
2024-05-30 17:20:19,265 - INFO - Maximum log composite likelihood: -144.221106638.
2024-05-30 17:20:19,265 - INFO - Optimal value of theta: 5358.35237836.
2024-05-30 17:20:19,265 - INFO - Beginning optimization with guess, [0.0151198  0.03382322 0.01360276 0.01502403].
2024-05-30 17:20:24,234 - INFO - Finished optimization with guess, [0.0151198  0.03382322 0.01360276 0.01502403].
2024-05-30 17:20:24,235 - INFO - Best fit parameters: [0.00765885 0.0306393  0.03531622 0.01407394].
2024-05-30 17:20:24,349 - INFO - Maximum log composite likelihood: -41.7096833643.
2024-05-30 17:20:24,349 - INFO - Optimal value of theta: 226360.931031.
2024-05-30 17:20:24,349 - INFO - Beginning optimization with guess, [0.03446857 0.05423979 0.00635529 0.00845512].
2024-05-30 17:20:25,509 - INFO - Finished optimization with guess, [0.03446857 0.05423979 0.00635529 0.00845512].
2024-05-30 17:20:25,509 - INFO - Best fit parameters: [1.35940529e+02 1.39398172e+00 1.26710152e-06 7.59131863e-05].
2024-05-30 17:20:25,534 - INFO - Maximum log composite likelihood: -144.190489228.
2024-05-30 17:20:25,534 - INFO - Optimal value of theta: 5358.29059831.
2024-05-30 17:20:25,535 - INFO - Beginning optimization with guess, [0.07604007 0.02696539 0.00707341 0.0116199 ].
2024-05-30 17:20:26,718 - INFO - Finished optimization with guess, [0.07604007 0.02696539 0.00707341 0.0116199 ].
2024-05-30 17:20:26,719 - INFO - Best fit parameters: [6.34636915e-02 2.85273111e+18 3.74298822e-17 1.54823557e-16].
2024-05-30 17:20:26,743 - INFO - Maximum log composite likelihood: -144.323569149.
2024-05-30 17:20:26,744 - INFO - Optimal value of theta: 5358.55868056.
2024-05-30 17:20:26,744 - INFO - Beginning optimization with guess, [0.94940675 0.65349107 0.0090963  0.01227294].
2024-05-30 17:20:27,839 - INFO - Finished optimization with guess, [0.94940675 0.65349107 0.0090963  0.01227294].
2024-05-30 17:20:27,839 - INFO - Best fit parameters: [9.66990148e-01 5.15479052e+02 5.09826173e-16 1.87220820e-48].
2024-05-30 17:20:27,864 - INFO - Maximum log composite likelihood: -144.323569149.
2024-05-30 17:20:27,864 - INFO - Optimal value of theta: 5358.55868056.
2024-05-30 17:20:27,865 - INFO - Beginning optimization with guess, [0.67378212 0.64842848 0.01029538 0.01081805].
2024-05-30 17:20:28,969 - INFO - Finished optimization with guess, [0.67378212 0.64842848 0.01029538 0.01081805].
2024-05-30 17:20:28,969 - INFO - Best fit parameters: [7.79384732e-01 1.16717418e+00 7.87964131e-05 1.40242787e-03].
2024-05-30 17:20:28,994 - INFO - Maximum log composite likelihood: -143.297556979.
2024-05-30 17:20:28,994 - INFO - Optimal value of theta: 5356.46934753.
2024-05-30 17:20:28,995 - INFO - Beginning optimization with guess, [0.4292841  1.34272379 0.01566283 0.00550515].
2024-05-30 17:20:30,242 - INFO - Finished optimization with guess, [0.4292841  1.34272379 0.01566283 0.00550515].
2024-05-30 17:20:30,242 - INFO - Best fit parameters: [6.55335747e-01 1.48742835e+00 9.63708319e-04 2.48753817e-01].
2024-05-30 17:20:30,270 - INFO - Maximum log composite likelihood: -40.1286257294.
2024-05-30 17:20:30,270 - INFO - Optimal value of theta: 4781.71774759.
2024-05-30 17:20:30,270 - INFO - Beginning optimization with guess, [0.94244455 0.45710673 0.01050448 0.01721247].
2024-05-30 17:20:31,398 - INFO - Finished optimization with guess, [0.94244455 0.45710673 0.01050448 0.01721247].
2024-05-30 17:20:31,398 - INFO - Best fit parameters: [9.58936260e-01 2.52742111e+05 5.81981949e-17 3.63833059e-48].
2024-05-30 17:20:31,423 - INFO - Maximum log composite likelihood: -144.323569149.
2024-05-30 17:20:31,423 - INFO - Optimal value of theta: 5358.55868056.
2024-05-30 17:20:31,424 - INFO - Beginning optimization with guess, [0.68605865 1.9097155  0.01975375 0.00964984].
2024-05-30 17:20:32,685 - INFO - Finished optimization with guess, [0.68605865 1.9097155  0.01975375 0.00964984].
2024-05-30 17:20:32,686 - INFO - Best fit parameters: [0.6754561  2.15364334 0.00595892 0.11692664].
2024-05-30 17:20:32,712 - INFO - Maximum log composite likelihood: -33.5587617026.
2024-05-30 17:20:32,712 - INFO - Optimal value of theta: 4816.2029934.
2024-05-30 17:20:32,712 - INFO - Beginning optimization with guess, [1.10448966 1.75051951 0.00559908 0.01660198].
2024-05-30 17:20:33,928 - INFO - Finished optimization with guess, [1.10448966 1.75051951 0.00559908 0.01660198].
2024-05-30 17:20:33,928 - INFO - Best fit parameters: [1.1161399  1.97963741 0.00446626 0.13119103].
2024-05-30 17:20:33,954 - INFO - Maximum log composite likelihood: -33.157350888.
2024-05-30 17:20:33,954 - INFO - Optimal value of theta: 4790.00180251.
2024-05-30 17:20:33,954 - INFO - Beginning optimization with guess, [2.73638665 2.1471627  0.01321403 0.01917353].
2024-05-30 17:20:35,234 - INFO - Finished optimization with guess, [2.73638665 2.1471627  0.01321403 0.01917353].
2024-05-30 17:20:35,234 - INFO - Best fit parameters: [3.31618154 2.42964084 0.0125895  0.08086241].
2024-05-30 17:20:35,260 - INFO - Maximum log composite likelihood: -34.2050861638.
2024-05-30 17:20:35,260 - INFO - Optimal value of theta: 4829.25856333.
2024-05-30 17:20:35,261 - INFO - Beginning optimization with guess, [2.41209451 3.14525367 0.0086574  0.01467714].
2024-05-30 17:20:36,519 - INFO - Finished optimization with guess, [2.41209451 3.14525367 0.0086574  0.01467714].
2024-05-30 17:20:36,519 - INFO - Best fit parameters: [2.562065   3.72511855 0.00682565 0.0612774 ].
2024-05-30 17:20:36,544 - INFO - Maximum log composite likelihood: -36.3131731898.
2024-05-30 17:20:36,544 - INFO - Optimal value of theta: 4867.34467795.
2024-05-30 17:20:36,545 - INFO - Beginning optimization with guess, [1.22934607 1.37203036 0.00549825 0.01556404].
2024-05-30 17:20:37,761 - INFO - Finished optimization with guess, [1.22934607 1.37203036 0.00549825 0.01556404].
2024-05-30 17:20:37,761 - INFO - Best fit parameters: [1.21489772 1.65454977 0.00591539 0.19641032].
2024-05-30 17:20:37,788 - INFO - Maximum log composite likelihood: -34.5380423133.
2024-05-30 17:20:37,788 - INFO - Optimal value of theta: 4752.60847352.
2024-05-30 17:20:37,789 - INFO - Beginning optimization with guess, [1.90810579 1.40741135 0.01410981 0.00686715].
2024-05-30 17:20:38,928 - INFO - Finished optimization with guess, [1.90810579 1.40741135 0.01410981 0.00686715].
2024-05-30 17:20:38,928 - INFO - Best fit parameters: [2.20862945 1.44836957 0.11111383 0.00510926].
2024-05-30 17:20:38,954 - INFO - Maximum log composite likelihood: -33.3516432854.
2024-05-30 17:20:38,954 - INFO - Optimal value of theta: 4801.21345815.
2024-05-30 17:20:38,954 - INFO - Beginning optimization with guess, [2.55689883 2.07105621 0.00626488 0.00914531].
2024-05-30 17:20:40,160 - INFO - Finished optimization with guess, [2.55689883 2.07105621 0.00626488 0.00914531].
2024-05-30 17:20:40,161 - INFO - Best fit parameters: [2.81742824 2.39535974 0.00410216 0.09633492].
2024-05-30 17:20:40,186 - INFO - Maximum log composite likelihood: -34.0943207064.
2024-05-30 17:20:40,186 - INFO - Optimal value of theta: 4812.9286561.
2024-05-30 17:20:40,186 - INFO - Beginning optimization with guess, [1.82812898 2.02116464 0.01450233 0.01193549].
2024-05-30 17:20:41,439 - INFO - Finished optimization with guess, [1.82812898 2.02116464 0.01450233 0.01193549].
2024-05-30 17:20:41,439 - INFO - Best fit parameters: [2.02582796 2.41413366 0.09347193 0.02370983].
2024-05-30 17:20:41,465 - INFO - Maximum log composite likelihood: -33.5364670091.
2024-05-30 17:20:41,465 - INFO - Optimal value of theta: 4805.83103325.
2024-05-30 17:20:41,465 - INFO - Beginning optimization with guess, [1.79477793 1.94347437 0.01509207 0.00659175].
2024-05-30 17:20:42,642 - INFO - Finished optimization with guess, [1.79477793 1.94347437 0.01509207 0.00659175].
2024-05-30 17:20:42,642 - INFO - Best fit parameters: [2.04212089 2.07101551 0.12707619 0.00468   ].
2024-05-30 17:20:42,668 - INFO - Maximum log composite likelihood: -33.2440433333.
2024-05-30 17:20:42,669 - INFO - Optimal value of theta: 4772.45855029.
2024-05-30 17:20:42,669 - INFO - Beginning optimization with guess, [6.36784447e+00 2.60027305e+00 5.87139723e-03 6.73921996e-03].
2024-05-30 17:20:43,832 - INFO - Finished optimization with guess, [6.36784447e+00 2.60027305e+00 5.87139723e-03 6.73921996e-03].
2024-05-30 17:20:43,833 - INFO - Best fit parameters: [7.72216507e+00 3.07991430e+00 4.74983216e-02 5.59454659e-03].
2024-05-30 17:20:43,858 - INFO - Maximum log composite likelihood: -37.7152544118.
2024-05-30 17:20:43,858 - INFO - Optimal value of theta: 4891.0796257.
2024-05-30 17:20:43,859 - INFO - Beginning optimization with guess, [7.12458693e+00 6.21041567e+00 5.65342420e-03 1.92266985e-02].
2024-05-30 17:20:45,072 - INFO - Finished optimization with guess, [7.12458693e+00 6.21041567e+00 5.65342420e-03 1.92266985e-02].
2024-05-30 17:20:45,072 - INFO - Best fit parameters: [1.13583598e+01 5.01480930e+00 5.86619744e-03 5.06888455e-02].
2024-05-30 17:20:45,097 - INFO - Maximum log composite likelihood: -37.3603665299.
2024-05-30 17:20:45,098 - INFO - Optimal value of theta: 4886.31090269.
2024-05-30 17:20:45,098 - INFO - Beginning optimization with guess, [2.05084527 5.49255469 0.01364272 0.01534012].
2024-05-30 17:20:46,352 - INFO - Finished optimization with guess, [2.05084527 5.49255469 0.01364272 0.01534012].
2024-05-30 17:20:46,352 - INFO - Best fit parameters: [2.15423736 6.71295933 0.01227494 0.04418623].
2024-05-30 17:20:46,377 - INFO - Maximum log composite likelihood: -37.8180916843.
2024-05-30 17:20:46,378 - INFO - Optimal value of theta: 4899.27600832.
2024-05-30 17:20:46,378 - INFO - Beginning optimization with guess, [2.58399955 4.68967225 0.01627915 0.01143098].
2024-05-30 17:20:47,612 - INFO - Finished optimization with guess, [2.58399955 4.68967225 0.01627915 0.01143098].
2024-05-30 17:20:47,612 - INFO - Best fit parameters: [3.18692195 4.60787897 0.02704646 0.03737824].
2024-05-30 17:20:47,637 - INFO - Maximum log composite likelihood: -36.8331440743.
2024-05-30 17:20:47,638 - INFO - Optimal value of theta: 4873.53060751.
2024-05-30 17:20:47,638 - INFO - Beginning optimization with guess, [3.64067900e+00 9.33508378e+00 5.96312415e-03 6.15088788e-03].
2024-05-30 17:20:48,800 - INFO - Finished optimization with guess, [3.64067900e+00 9.33508378e+00 5.96312415e-03 6.15088788e-03].
2024-05-30 17:20:48,801 - INFO - Best fit parameters: [4.58766459e+00 1.14635583e+01 4.76872561e-03 4.36856846e-02].
2024-05-30 17:20:48,825 - INFO - Maximum log composite likelihood: -38.6167223579.
2024-05-30 17:20:48,826 - INFO - Optimal value of theta: 4899.65778988.
2024-05-30 17:20:48,826 - INFO - Beginning optimization with guess, [8.14278191e+00 8.97500389e+00 6.99272677e-03 1.66506977e-02].
2024-05-30 17:20:49,985 - INFO - Finished optimization with guess, [8.14278191e+00 8.97500389e+00 6.99272677e-03 1.66506977e-02].
2024-05-30 17:20:49,986 - INFO - Best fit parameters: [1.07716952e+01 8.73523747e+00 8.44295711e-03 4.06934081e-02].
2024-05-30 17:20:50,011 - INFO - Maximum log composite likelihood: -38.4240559174.
2024-05-30 17:20:50,011 - INFO - Optimal value of theta: 4899.90686564.
2024-05-30 17:20:50,043 - INFO - Finished demographic inference.
2024-05-30 17:20:50,043 - INFO - Pipeline executed succesfully.
