2023-04-25 16:53:33,132 - INFO - Beginning execution of fit_one_epoch.py in directory /u/project/ngarud/jonmah/demo_for_ccgb/Scripts

2023-04-25 16:53:33,132 - INFO - Progress is being logged to ../Analysis/Alistipes_putredinis_61533_downsampled_14/complete_log.log

2023-04-25 16:53:33,132 - INFO - Parsed the following arguments:
	syn_input_sfs = ../Analysis/Alistipes_putredinis_61533_downsampled_14/empirical_syn_downsampled_sfs.txt
	mask_singletons = False
	mask_doubletons = False
	outprefix = ../Analysis/Alistipes_putredinis_61533_downsampled_14/complete

2023-04-25 16:53:33,135 - INFO - Beginning demographic inference for two-epoch demographic model.
2023-04-25 16:53:33,136 - INFO - Beginning optimization with guess, [1.15437921e-06 1.32018980e-06].
2023-04-25 16:53:33,961 - INFO - Finished optimization with guess, [1.15437921e-06 1.32018980e-06].
2023-04-25 16:53:33,961 - INFO - Best fit parameters: [1.63267102e+01 1.91556697e-06].
2023-04-25 16:53:33,986 - INFO - Maximum log composite likelihood: -474.9129851870266.
2023-04-25 16:53:33,987 - INFO - Optimal value of theta: 3265.085583112869.
2023-04-25 16:53:33,987 - INFO - Beginning optimization with guess, [7.62253084e-06 1.24161236e-06].
2023-04-25 16:53:34,746 - INFO - Finished optimization with guess, [7.62253084e-06 1.24161236e-06].
2023-04-25 16:53:34,746 - INFO - Best fit parameters: [1.11031496e+01 1.80459514e-06].
2023-04-25 16:53:34,771 - INFO - Maximum log composite likelihood: -474.9142023572847.
2023-04-25 16:53:34,771 - INFO - Optimal value of theta: 3265.086669021917.
2023-04-25 16:53:34,772 - INFO - Beginning optimization with guess, [1.01883528e-04 1.34477352e-06].
2023-04-25 16:53:35,520 - INFO - Finished optimization with guess, [1.01883528e-04 1.34477352e-06].
2023-04-25 16:53:35,521 - INFO - Best fit parameters: [6.53784206e+00 1.95024780e-06].
2023-04-25 16:53:35,546 - INFO - Maximum log composite likelihood: -474.91397559812754.
2023-04-25 16:53:35,546 - INFO - Optimal value of theta: 3265.0864667087335.
2023-04-25 16:53:35,546 - INFO - Beginning optimization with guess, [1.63418919e-03 1.25306480e-06].
2023-04-25 16:53:36,297 - INFO - Finished optimization with guess, [1.63418919e-03 1.25306480e-06].
2023-04-25 16:53:36,297 - INFO - Best fit parameters: [3.70890398e+00 1.82078071e-06].
2023-04-25 16:53:36,322 - INFO - Maximum log composite likelihood: -474.9165254026782.
2023-04-25 16:53:36,323 - INFO - Optimal value of theta: 3265.0887415309817.
2023-04-25 16:53:36,323 - INFO - Beginning optimization with guess, [1.7406608e-02 1.3274220e-06].
2023-04-25 16:53:37,070 - INFO - Finished optimization with guess, [1.7406608e-02 1.3274220e-06].
2023-04-25 16:53:37,071 - INFO - Best fit parameters: [2.28756609e+00 1.92577143e-06].
2023-04-25 16:53:37,096 - INFO - Maximum log composite likelihood: -474.91848441466504.
2023-04-25 16:53:37,096 - INFO - Optimal value of theta: 3265.0904892627264.
2023-04-25 16:53:37,096 - INFO - Beginning optimization with guess, [1.15703297e+00 5.03230213e-07].
2023-04-25 16:53:40,626 - INFO - Finished optimization with guess, [1.15703297e+00 5.03230213e-07].
2023-04-25 16:53:40,626 - INFO - Best fit parameters: [1.31144778 0.41499856].
2023-04-25 16:53:40,657 - INFO - Maximum log composite likelihood: -302.13680363528215.
2023-04-25 16:53:40,657 - INFO - Optimal value of theta: 2919.616265285639.
2023-04-25 16:53:40,657 - INFO - Beginning optimization with guess, [1.30348767e+00 9.48496487e-07].
2023-04-25 16:53:43,310 - INFO - Finished optimization with guess, [1.30348767e+00 9.48496487e-07].
2023-04-25 16:53:43,311 - INFO - Best fit parameters: [1.66378268 0.53213075].
2023-04-25 16:53:43,341 - INFO - Maximum log composite likelihood: -182.8629181440133.
2023-04-25 16:53:43,342 - INFO - Optimal value of theta: 2604.0513720552144.
2023-04-25 16:53:43,342 - INFO - Beginning optimization with guess, [1.52217197e+00 1.83582349e-06].
2023-04-25 16:53:45,276 - INFO - Finished optimization with guess, [1.52217197e+00 1.83582349e-06].
2023-04-25 16:53:45,276 - INFO - Best fit parameters: [2.17383903 0.61004815].
2023-04-25 16:53:45,306 - INFO - Maximum log composite likelihood: -86.59584065381046.
2023-04-25 16:53:45,306 - INFO - Optimal value of theta: 2309.517615727778.
2023-04-25 16:53:45,307 - INFO - Beginning optimization with guess, [6.46124807e-01 5.70361953e-07].
2023-04-25 16:53:45,980 - INFO - Finished optimization with guess, [6.46124807e-01 5.70361953e-07].
2023-04-25 16:53:45,980 - INFO - Best fit parameters: [1.05710462e+00 5.62859946e-12].
2023-04-25 16:53:46,005 - INFO - Maximum log composite likelihood: -474.92766595987405.
2023-04-25 16:53:46,005 - INFO - Optimal value of theta: 3265.098680566614.
2023-04-25 16:53:46,005 - INFO - Beginning optimization with guess, [1.60436627e+00 1.87295729e-06].
2023-04-25 16:53:47,787 - INFO - Finished optimization with guess, [1.60436627e+00 1.87295729e-06].
2023-04-25 16:53:47,787 - INFO - Best fit parameters: [2.42591631 0.6754856 ].
2023-04-25 16:53:47,817 - INFO - Maximum log composite likelihood: -61.39230690580871.
2023-04-25 16:53:47,817 - INFO - Optimal value of theta: 2176.5511046018337.
2023-04-25 16:53:47,823 - INFO - Finished demographic inference.
2023-04-25 16:53:47,823 - INFO - Pipeline executed succesfully.
