2023-07-26 15:22:07,620 - INFO - Beginning execution of evaluate_demography.py in directory /u/project/ngarud/jonmah/demo_for_ccgb/Scripts

2023-07-26 15:22:07,620 - INFO - Progress is being logged to ../Analysis/Alistipes_putredinis_61533_downsampled_14/core_evaluate_demography.log

2023-07-26 15:22:07,620 - INFO - Parsed the following arguments:
	syn_input_sfs = ../Analysis/Alistipes_putredinis_61533_downsampled_14/core_empirical_syn_downsampled_sfs.txt
	model_type = two_epoch
	params_list = [5.03047242, 1.47214213]
	mask_singletons = False
	mask_doubletons = False
	outprefix = ../Analysis/Alistipes_putredinis_61533_downsampled_14/core

2023-07-26 15:22:07,634 - INFO - Beginning demographic evaluation for two-epoch demographic model.
2023-07-26 15:22:07,636 - INFO - Beginning optimization with guess, [5.03047242, 1.47214213].
2023-07-26 15:22:07,636 - INFO - Finished optimization with guess, [5.03047242, 1.47214213].
2023-07-26 15:22:07,636 - INFO - Best fit parameters: [5.03047242, 1.47214213].
2023-07-26 15:22:07,664 - INFO - Maximum log composite likelihood: -33.24597646165023.
2023-07-26 15:22:07,664 - INFO - Outputting residual between model and data.
2023-07-26 15:22:08,068 - INFO - Optimal value of theta: 1147.6219565269755.
2023-07-26 15:22:08,068 - INFO - Synonymous input SFS: [-- 4421.23844832931 1839.0492455148901 975.2721722492183 615.2651034872538 476.2008825194537 433.6005494002053 212.7170007699743 -- -- -- -- -- -- --].
2023-07-26 15:22:08,069 - INFO - Scaled spectrum: [-- 4453.8201176501325 1772.627581251277 983.9541151701097 651.4568184608826 493.0684592864005 419.48964833233975 198.9266621191652 -- -- -- -- -- -- --].
2023-07-26 15:22:08,069 - INFO - Converting and interpreting Tau estimates.
2023-07-26 15:22:08,070 - INFO - Finished demographic evaluation.
2023-07-26 15:22:08,070 - INFO - Pipeline executed succesfully.
