2023-07-20 16:54:10,694 - INFO - Beginning execution of fit_one_epoch.py in directory /u/project/ngarud/jonmah/demo_for_ccgb/Scripts

2023-07-20 16:54:10,694 - INFO - Progress is being logged to ../Analysis/Alistipes_putredinis_61533_downsampled_14/core_log.log

2023-07-20 16:54:10,694 - INFO - Parsed the following arguments:
	syn_input_sfs = ../Analysis/Alistipes_putredinis_61533_downsampled_14/core_empirical_syn_downsampled_sfs.txt
	mask_singletons = False
	mask_doubletons = False
	outprefix = ../Analysis/Alistipes_putredinis_61533_downsampled_14/core

2023-07-20 16:54:10,697 - INFO - Beginning demographic inference for one-epoch demographic model.
2023-07-20 16:54:10,701 - INFO - Beginning optimization with guess, [0.17209107].
2023-07-20 16:54:11,481 - INFO - Finished optimization with guess, [0.17209107].
2023-07-20 16:54:11,481 - INFO - Best fit parameters: [0.17209107].
2023-07-20 16:54:11,506 - INFO - Maximum log composite likelihood: -695.5632910562324.
2023-07-20 16:54:11,506 - INFO - Optimal value of theta: 2821.68794468808.
2023-07-20 16:54:11,506 - INFO - Beginning optimization with guess, [0.27715245].
2023-07-20 16:54:12,286 - INFO - Finished optimization with guess, [0.27715245].
2023-07-20 16:54:12,286 - INFO - Best fit parameters: [0.27715245].
2023-07-20 16:54:12,310 - INFO - Maximum log composite likelihood: -695.5632910562324.
2023-07-20 16:54:12,311 - INFO - Optimal value of theta: 2821.68794468808.
2023-07-20 16:54:12,311 - INFO - Beginning optimization with guess, [0.26528576].
2023-07-20 16:54:13,088 - INFO - Finished optimization with guess, [0.26528576].
2023-07-20 16:54:13,088 - INFO - Best fit parameters: [0.26528576].
2023-07-20 16:54:13,112 - INFO - Maximum log composite likelihood: -695.5632910562324.
2023-07-20 16:54:13,113 - INFO - Optimal value of theta: 2821.68794468808.
2023-07-20 16:54:13,113 - INFO - Beginning optimization with guess, [0.45430633].
2023-07-20 16:54:13,821 - INFO - Finished optimization with guess, [0.45430633].
2023-07-20 16:54:13,821 - INFO - Best fit parameters: [0.45430633].
2023-07-20 16:54:13,846 - INFO - Maximum log composite likelihood: -695.5632910562324.
2023-07-20 16:54:13,846 - INFO - Optimal value of theta: 2821.68794468808.
2023-07-20 16:54:13,846 - INFO - Beginning optimization with guess, [0.67826515].
2023-07-20 16:54:14,477 - INFO - Finished optimization with guess, [0.67826515].
2023-07-20 16:54:14,477 - INFO - Best fit parameters: [0.67826515].
2023-07-20 16:54:14,502 - INFO - Maximum log composite likelihood: -695.5632910562324.
2023-07-20 16:54:14,502 - INFO - Optimal value of theta: 2821.68794468808.
2023-07-20 16:54:14,502 - INFO - Beginning optimization with guess, [0.3117011].
2023-07-20 16:54:15,278 - INFO - Finished optimization with guess, [0.3117011].
2023-07-20 16:54:15,278 - INFO - Best fit parameters: [0.3117011].
2023-07-20 16:54:15,302 - INFO - Maximum log composite likelihood: -695.5632910562324.
2023-07-20 16:54:15,303 - INFO - Optimal value of theta: 2821.68794468808.
2023-07-20 16:54:15,303 - INFO - Beginning optimization with guess, [0.69904863].
2023-07-20 16:54:15,932 - INFO - Finished optimization with guess, [0.69904863].
2023-07-20 16:54:15,933 - INFO - Best fit parameters: [0.69904863].
2023-07-20 16:54:15,957 - INFO - Maximum log composite likelihood: -695.5632910562324.
2023-07-20 16:54:15,957 - INFO - Optimal value of theta: 2821.68794468808.
2023-07-20 16:54:15,957 - INFO - Beginning optimization with guess, [0.63241194].
2023-07-20 16:54:16,589 - INFO - Finished optimization with guess, [0.63241194].
2023-07-20 16:54:16,589 - INFO - Best fit parameters: [0.63241194].
2023-07-20 16:54:16,613 - INFO - Maximum log composite likelihood: -695.5632910562324.
2023-07-20 16:54:16,614 - INFO - Optimal value of theta: 2821.68794468808.
2023-07-20 16:54:16,614 - INFO - Beginning optimization with guess, [0.52621912].
2023-07-20 16:54:17,332 - INFO - Finished optimization with guess, [0.52621912].
2023-07-20 16:54:17,332 - INFO - Best fit parameters: [0.52621912].
2023-07-20 16:54:17,357 - INFO - Maximum log composite likelihood: -695.5632910562324.
2023-07-20 16:54:17,358 - INFO - Optimal value of theta: 2821.68794468808.
2023-07-20 16:54:17,358 - INFO - Beginning optimization with guess, [0.82694908].
2023-07-20 16:54:17,922 - INFO - Finished optimization with guess, [0.82694908].
2023-07-20 16:54:17,922 - INFO - Best fit parameters: [0.82694908].
2023-07-20 16:54:17,946 - INFO - Maximum log composite likelihood: -695.5632910562324.
2023-07-20 16:54:17,947 - INFO - Optimal value of theta: 2821.68794468808.
2023-07-20 16:54:17,947 - INFO - Beginning optimization with guess, [2.02789607].
2023-07-20 16:54:18,650 - INFO - Finished optimization with guess, [2.02789607].
2023-07-20 16:54:18,650 - INFO - Best fit parameters: [2.02789607].
2023-07-20 16:54:18,674 - INFO - Maximum log composite likelihood: -695.5632910562324.
2023-07-20 16:54:18,674 - INFO - Optimal value of theta: 2821.68794468808.
2023-07-20 16:54:18,675 - INFO - Beginning optimization with guess, [1.33401653].
2023-07-20 16:54:19,304 - INFO - Finished optimization with guess, [1.33401653].
2023-07-20 16:54:19,305 - INFO - Best fit parameters: [1.33401653].
2023-07-20 16:54:19,330 - INFO - Maximum log composite likelihood: -695.5632910562324.
2023-07-20 16:54:19,330 - INFO - Optimal value of theta: 2821.68794468808.
2023-07-20 16:54:19,330 - INFO - Beginning optimization with guess, [1.51060554].
2023-07-20 16:54:19,962 - INFO - Finished optimization with guess, [1.51060554].
2023-07-20 16:54:19,962 - INFO - Best fit parameters: [1.51060554].
2023-07-20 16:54:19,986 - INFO - Maximum log composite likelihood: -695.5632910562324.
2023-07-20 16:54:19,986 - INFO - Optimal value of theta: 2821.68794468808.
2023-07-20 16:54:19,987 - INFO - Beginning optimization with guess, [1.48976576].
2023-07-20 16:54:20,617 - INFO - Finished optimization with guess, [1.48976576].
2023-07-20 16:54:20,617 - INFO - Best fit parameters: [1.48976576].
2023-07-20 16:54:20,642 - INFO - Maximum log composite likelihood: -695.5632910562324.
2023-07-20 16:54:20,642 - INFO - Optimal value of theta: 2821.68794468808.
2023-07-20 16:54:20,642 - INFO - Beginning optimization with guess, [1.36300669].
2023-07-20 16:54:21,274 - INFO - Finished optimization with guess, [1.36300669].
2023-07-20 16:54:21,275 - INFO - Best fit parameters: [1.36300669].
2023-07-20 16:54:21,299 - INFO - Maximum log composite likelihood: -695.5632910562324.
2023-07-20 16:54:21,299 - INFO - Optimal value of theta: 2821.68794468808.
2023-07-20 16:54:21,299 - INFO - Beginning optimization with guess, [4.89894495].
2023-07-20 16:54:22,079 - INFO - Finished optimization with guess, [4.89894495].
2023-07-20 16:54:22,079 - INFO - Best fit parameters: [4.89894495].
2023-07-20 16:54:22,103 - INFO - Maximum log composite likelihood: -695.5632910562324.
2023-07-20 16:54:22,104 - INFO - Optimal value of theta: 2821.68794468808.
2023-07-20 16:54:22,104 - INFO - Beginning optimization with guess, [4.9031082].
2023-07-20 16:54:22,889 - INFO - Finished optimization with guess, [4.9031082].
2023-07-20 16:54:22,889 - INFO - Best fit parameters: [4.9031082].
2023-07-20 16:54:22,913 - INFO - Maximum log composite likelihood: -695.5632910562324.
2023-07-20 16:54:22,914 - INFO - Optimal value of theta: 2821.68794468808.
2023-07-20 16:54:22,914 - INFO - Beginning optimization with guess, [2.57388713].
2023-07-20 16:54:23,618 - INFO - Finished optimization with guess, [2.57388713].
2023-07-20 16:54:23,618 - INFO - Best fit parameters: [2.57388713].
2023-07-20 16:54:23,642 - INFO - Maximum log composite likelihood: -695.5632910562324.
2023-07-20 16:54:23,642 - INFO - Optimal value of theta: 2821.68794468808.
2023-07-20 16:54:23,642 - INFO - Beginning optimization with guess, [6.26185966].
2023-07-20 16:54:24,419 - INFO - Finished optimization with guess, [6.26185966].
2023-07-20 16:54:24,420 - INFO - Best fit parameters: [6.26185966].
2023-07-20 16:54:24,444 - INFO - Maximum log composite likelihood: -695.5632910562324.
2023-07-20 16:54:24,444 - INFO - Optimal value of theta: 2821.68794468808.
2023-07-20 16:54:24,445 - INFO - Beginning optimization with guess, [4.13659609].
2023-07-20 16:54:25,222 - INFO - Finished optimization with guess, [4.13659609].
2023-07-20 16:54:25,222 - INFO - Best fit parameters: [4.13659609].
2023-07-20 16:54:25,246 - INFO - Maximum log composite likelihood: -695.5632910562324.
2023-07-20 16:54:25,246 - INFO - Optimal value of theta: 2821.68794468808.
2023-07-20 16:54:25,247 - INFO - Beginning optimization with guess, [4.45369185].
2023-07-20 16:54:26,022 - INFO - Finished optimization with guess, [4.45369185].
2023-07-20 16:54:26,023 - INFO - Best fit parameters: [4.45369185].
2023-07-20 16:54:26,047 - INFO - Maximum log composite likelihood: -695.5632910562324.
2023-07-20 16:54:26,047 - INFO - Optimal value of theta: 2821.68794468808.
2023-07-20 16:54:26,047 - INFO - Beginning optimization with guess, [3.46690577].
2023-07-20 16:54:26,824 - INFO - Finished optimization with guess, [3.46690577].
2023-07-20 16:54:26,824 - INFO - Best fit parameters: [3.46690577].
2023-07-20 16:54:26,848 - INFO - Maximum log composite likelihood: -695.5632910562324.
2023-07-20 16:54:26,848 - INFO - Optimal value of theta: 2821.68794468808.
2023-07-20 16:54:26,849 - INFO - Beginning optimization with guess, [3.82687606].
2023-07-20 16:54:27,626 - INFO - Finished optimization with guess, [3.82687606].
2023-07-20 16:54:27,626 - INFO - Best fit parameters: [3.82687606].
2023-07-20 16:54:27,650 - INFO - Maximum log composite likelihood: -695.5632910562324.
2023-07-20 16:54:27,650 - INFO - Optimal value of theta: 2821.68794468808.
2023-07-20 16:54:27,650 - INFO - Beginning optimization with guess, [6.69375602].
2023-07-20 16:54:28,421 - INFO - Finished optimization with guess, [6.69375602].
2023-07-20 16:54:28,421 - INFO - Best fit parameters: [6.69375602].
2023-07-20 16:54:28,445 - INFO - Maximum log composite likelihood: -695.5632910562324.
2023-07-20 16:54:28,445 - INFO - Optimal value of theta: 2821.68794468808.
2023-07-20 16:54:28,447 - INFO - Beginning demographic inference for two-epoch demographic model.
2023-07-20 16:54:28,450 - INFO - Beginning optimization with guess, [0.17958167 0.00629127].
2023-07-20 16:54:32,207 - INFO - Finished optimization with guess, [0.17958167 0.00629127].
2023-07-20 16:54:32,207 - INFO - Best fit parameters: [4.65440612 1.37335801].
2023-07-20 16:54:32,237 - INFO - Maximum log composite likelihood: -34.64708018375052.
2023-07-20 16:54:32,237 - INFO - Optimal value of theta: 1211.3012032987795.
2023-07-20 16:54:32,237 - INFO - Beginning optimization with guess, [0.13511518 0.00940708].
2023-07-20 16:54:35,143 - INFO - Finished optimization with guess, [0.13511518 0.00940708].
2023-07-20 16:54:35,144 - INFO - Best fit parameters: [5.46883372 1.99986203].
2023-07-20 16:54:35,175 - INFO - Maximum log composite likelihood: -35.273086749347044.
2023-07-20 16:54:35,176 - INFO - Optimal value of theta: 989.0327976987073.
2023-07-20 16:54:35,176 - INFO - Beginning optimization with guess, [0.21671523 0.0068035 ].
2023-07-20 16:54:38,800 - INFO - Finished optimization with guess, [0.21671523 0.0068035 ].
2023-07-20 16:54:38,800 - INFO - Best fit parameters: [5.70784446 1.10619055].
2023-07-20 16:54:38,828 - INFO - Maximum log composite likelihood: -54.17810161963837.
2023-07-20 16:54:38,828 - INFO - Optimal value of theta: 1227.7218705016987.
2023-07-20 16:54:38,829 - INFO - Beginning optimization with guess, [0.34931797 0.01253433].
2023-07-20 16:54:41,585 - INFO - Finished optimization with guess, [0.34931797 0.01253433].
2023-07-20 16:54:41,586 - INFO - Best fit parameters: [5.19026282 0.8164253 ].
2023-07-20 16:54:41,614 - INFO - Maximum log composite likelihood: -52.31521905037346.
2023-07-20 16:54:41,614 - INFO - Optimal value of theta: 1413.1378512951974.
2023-07-20 16:54:41,615 - INFO - Beginning optimization with guess, [0.35679207 0.01920919].
2023-07-20 16:54:43,866 - INFO - Finished optimization with guess, [0.35679207 0.01920919].
2023-07-20 16:54:43,866 - INFO - Best fit parameters: [4.35511309 0.63875417].
2023-07-20 16:54:43,894 - INFO - Maximum log composite likelihood: -51.07505112379647.
2023-07-20 16:54:43,894 - INFO - Optimal value of theta: 1604.747224841956.
2023-07-20 16:54:43,894 - INFO - Beginning optimization with guess, [0.3142442  0.01302353].
2023-07-20 16:54:46,569 - INFO - Finished optimization with guess, [0.3142442  0.01302353].
2023-07-20 16:54:46,569 - INFO - Best fit parameters: [4.22003471 1.24652969].
2023-07-20 16:54:46,599 - INFO - Maximum log composite likelihood: -40.178363832679224.
2023-07-20 16:54:46,599 - INFO - Optimal value of theta: 1298.9811279817661.
2023-07-20 16:54:46,599 - INFO - Beginning optimization with guess, [0.50649524 0.00765335].
2023-07-20 16:54:50,265 - INFO - Finished optimization with guess, [0.50649524 0.00765335].
2023-07-20 16:54:50,265 - INFO - Best fit parameters: [3.96673949 0.68952478].
2023-07-20 16:54:50,293 - INFO - Maximum log composite likelihood: -48.60131823404504.
2023-07-20 16:54:50,293 - INFO - Optimal value of theta: 1604.9486584102522.
2023-07-20 16:54:50,293 - INFO - Beginning optimization with guess, [0.94079309 0.01125825].
2023-07-20 16:54:55,654 - INFO - Finished optimization with guess, [0.94079309 0.01125825].
2023-07-20 16:54:55,655 - INFO - Best fit parameters: [1.12413724 0.43150294].
2023-07-20 16:54:55,686 - INFO - Maximum log composite likelihood: -606.7582942141639.
2023-07-20 16:54:55,686 - INFO - Optimal value of theta: 2679.7521799429387.
2023-07-20 16:54:55,687 - INFO - Beginning optimization with guess, [0.97251109 0.01098968].
2023-07-20 16:55:01,209 - INFO - Finished optimization with guess, [0.97251109 0.01098968].
2023-07-20 16:55:01,209 - INFO - Best fit parameters: [1.05489582 0.42955567].
2023-07-20 16:55:01,241 - INFO - Maximum log composite likelihood: -654.7022371383314.
2023-07-20 16:55:01,241 - INFO - Optimal value of theta: 2754.9052486996266.
2023-07-20 16:55:01,241 - INFO - Beginning optimization with guess, [1.92598479 0.00859894].
2023-07-20 16:55:02,602 - INFO - Finished optimization with guess, [1.92598479 0.00859894].
2023-07-20 16:55:02,602 - INFO - Best fit parameters: [5.06006813 1.51434329].
2023-07-20 16:55:02,632 - INFO - Maximum log composite likelihood: -33.26871529270204.
2023-07-20 16:55:02,632 - INFO - Optimal value of theta: 1133.128907840019.
2023-07-20 16:55:02,633 - INFO - Beginning optimization with guess, [0.65106026 0.01582216].
2023-07-20 16:55:06,522 - INFO - Finished optimization with guess, [0.65106026 0.01582216].
2023-07-20 16:55:06,522 - INFO - Best fit parameters: [2.0014967  0.61383722].
2023-07-20 16:55:06,552 - INFO - Maximum log composite likelihood: -245.92427616168186.
2023-07-20 16:55:06,553 - INFO - Optimal value of theta: 2054.7945876925432.
2023-07-20 16:55:06,553 - INFO - Beginning optimization with guess, [2.69975894 0.00534823].
2023-07-20 16:55:08,116 - INFO - Finished optimization with guess, [2.69975894 0.00534823].
2023-07-20 16:55:08,116 - INFO - Best fit parameters: [5.10354084 1.48022854].
2023-07-20 16:55:08,146 - INFO - Maximum log composite likelihood: -33.31660179076994.
2023-07-20 16:55:08,146 - INFO - Optimal value of theta: 1139.220191101699.
2023-07-20 16:55:08,146 - INFO - Beginning optimization with guess, [0.95920146 0.01466808].
2023-07-20 16:55:12,403 - INFO - Finished optimization with guess, [0.95920146 0.01466808].
2023-07-20 16:55:12,403 - INFO - Best fit parameters: [1.08313856 0.45342804].
2023-07-20 16:55:12,435 - INFO - Maximum log composite likelihood: -635.2243325657536.
2023-07-20 16:55:12,436 - INFO - Optimal value of theta: 2720.217769145873.
2023-07-20 16:55:12,436 - INFO - Beginning optimization with guess, [2.00268961 0.008069  ].
2023-07-20 16:55:13,912 - INFO - Finished optimization with guess, [2.00268961 0.008069  ].
2023-07-20 16:55:13,912 - INFO - Best fit parameters: [5.04350473 1.47551122].
2023-07-20 16:55:13,942 - INFO - Maximum log composite likelihood: -33.246947042006354.
2023-07-20 16:55:13,943 - INFO - Optimal value of theta: 1145.5536711744671.
2023-07-20 16:55:13,943 - INFO - Beginning optimization with guess, [2.98589147 0.00635322].
2023-07-20 16:55:15,760 - INFO - Finished optimization with guess, [2.98589147 0.00635322].
2023-07-20 16:55:15,761 - INFO - Best fit parameters: [8.02734232 3.40897541].
2023-07-20 16:55:15,793 - INFO - Maximum log composite likelihood: -36.26273087695415.
2023-07-20 16:55:15,794 - INFO - Optimal value of theta: 675.2103209024365.
2023-07-20 16:55:15,794 - INFO - Beginning optimization with guess, [2.44920449 0.00795101].
2023-07-20 16:55:17,369 - INFO - Finished optimization with guess, [2.44920449 0.00795101].
2023-07-20 16:55:17,369 - INFO - Best fit parameters: [5.03441573 1.47086001].
2023-07-20 16:55:17,399 - INFO - Maximum log composite likelihood: -33.24613566308972.
2023-07-20 16:55:17,399 - INFO - Optimal value of theta: 1147.6655828525247.
2023-07-20 16:55:17,399 - INFO - Beginning optimization with guess, [2.31552273 0.01387967].
2023-07-20 16:55:18,887 - INFO - Finished optimization with guess, [2.31552273 0.01387967].
2023-07-20 16:55:18,887 - INFO - Best fit parameters: [5.03047242 1.47214213].
2023-07-20 16:55:18,917 - INFO - Maximum log composite likelihood: -33.245976461448095.
2023-07-20 16:55:18,917 - INFO - Optimal value of theta: 1147.6219569016798.
2023-07-20 16:55:18,917 - INFO - Beginning optimization with guess, [3.26640406 0.01499221].
2023-07-20 16:55:20,296 - INFO - Finished optimization with guess, [3.26640406 0.01499221].
2023-07-20 16:55:20,296 - INFO - Best fit parameters: [4.9584659  1.42910114].
2023-07-20 16:55:20,327 - INFO - Maximum log composite likelihood: -33.262118858604595.
2023-07-20 16:55:20,327 - INFO - Optimal value of theta: 1166.4742676151777.
2023-07-20 16:55:20,327 - INFO - Beginning optimization with guess, [1.68609509 0.00950911].
2023-07-20 16:55:21,787 - INFO - Finished optimization with guess, [1.68609509 0.00950911].
2023-07-20 16:55:21,788 - INFO - Best fit parameters: [5.00973764 1.431426  ].
2023-07-20 16:55:21,818 - INFO - Maximum log composite likelihood: -33.26893431575343.
2023-07-20 16:55:21,818 - INFO - Optimal value of theta: 1161.402944810457.
2023-07-20 16:55:21,818 - INFO - Beginning optimization with guess, [2.30969978 0.01359621].
2023-07-20 16:55:23,269 - INFO - Finished optimization with guess, [2.30969978 0.01359621].
2023-07-20 16:55:23,269 - INFO - Best fit parameters: [5.02805683 1.47149884].
2023-07-20 16:55:23,299 - INFO - Maximum log composite likelihood: -33.246129133399904.
2023-07-20 16:55:23,299 - INFO - Optimal value of theta: 1148.0116445417943.
2023-07-20 16:55:23,299 - INFO - Beginning optimization with guess, [3.62450918 0.01240865].
2023-07-20 16:55:24,586 - INFO - Finished optimization with guess, [3.62450918 0.01240865].
2023-07-20 16:55:24,586 - INFO - Best fit parameters: [4.8166444  1.43172042].
2023-07-20 16:55:24,616 - INFO - Maximum log composite likelihood: -33.79880829769286.
2023-07-20 16:55:24,616 - INFO - Optimal value of theta: 1178.2094557171615.
2023-07-20 16:55:24,616 - INFO - Beginning optimization with guess, [6.57072885e+00 6.09522345e-03].
2023-07-20 16:55:25,844 - INFO - Finished optimization with guess, [6.57072885e+00 6.09522345e-03].
2023-07-20 16:55:25,844 - INFO - Best fit parameters: [4.15871352 0.72127503].
2023-07-20 16:55:25,872 - INFO - Maximum log composite likelihood: -45.166941752231196.
2023-07-20 16:55:25,873 - INFO - Optimal value of theta: 1562.492276070361.
2023-07-20 16:55:25,873 - INFO - Beginning optimization with guess, [8.71968913 0.01117003].
2023-07-20 16:55:27,125 - INFO - Finished optimization with guess, [8.71968913 0.01117003].
2023-07-20 16:55:27,125 - INFO - Best fit parameters: [4.97022066 0.57274511].
2023-07-20 16:55:27,152 - INFO - Maximum log composite likelihood: -65.2074738690477.
2023-07-20 16:55:27,152 - INFO - Optimal value of theta: 1614.0534163849964.
2023-07-20 16:55:27,152 - INFO - Beginning optimization with guess, [10.64082171  0.01264708].
2023-07-20 16:55:28,337 - INFO - Finished optimization with guess, [10.64082171  0.01264708].
2023-07-20 16:55:28,338 - INFO - Best fit parameters: [36.33373995  0.15930125].
2023-07-20 16:55:28,361 - INFO - Maximum log composite likelihood: -222.08892132743483.
2023-07-20 16:55:28,362 - INFO - Optimal value of theta: 2117.607452692107.
2023-07-20 16:55:28,364 - INFO - Beginning demographic inference for three-epoch demographic model.
2023-07-20 16:55:28,367 - INFO - Beginning optimization with guess, [0.01183794 0.00631622 0.00520045 0.01436837].
2023-07-20 16:56:36,571 - INFO - Finished optimization with guess, [0.01183794 0.00631622 0.00520045 0.01436837].
2023-07-20 16:56:36,572 - INFO - Best fit parameters: [0.00679103 0.00118514 0.00368434 0.0878553 ].
2023-07-20 16:56:37,902 - INFO - Maximum log composite likelihood: -695.5632909567813.
2023-07-20 16:56:37,902 - INFO - Optimal value of theta: 2380880.105139139.
2023-07-20 16:56:37,903 - INFO - Beginning optimization with guess, [0.01856391 0.0136329  0.00709434 0.01346706].
2023-07-20 17:11:14,621 - INFO - Finished optimization with guess, [0.01856391 0.0136329  0.00709434 0.01346706].
2023-07-20 17:11:14,623 - INFO - Best fit parameters: [1.48505571e-03 5.65405078e-04 7.90424408e-03 1.31714992e+00].
2023-07-20 17:11:55,779 - INFO - Maximum log composite likelihood: -695.5632909763559.
2023-07-20 17:11:55,780 - INFO - Optimal value of theta: 4990559.961013879.
2023-07-20 17:11:55,781 - INFO - Beginning optimization with guess, [0.02818572 0.03513574 0.01111638 0.01420211].
2023-07-20 17:11:56,976 - INFO - Finished optimization with guess, [0.02818572 0.03513574 0.01111638 0.01420211].
2023-07-20 17:11:56,976 - INFO - Best fit parameters: [2.37215591e-02 6.45762601e+00 2.66037408e-05 5.04745127e-03].
2023-07-20 17:11:57,001 - INFO - Maximum log composite likelihood: -667.8971728275995.
2023-07-20 17:11:57,002 - INFO - Optimal value of theta: 2802.1800454462286.
2023-07-20 17:11:57,002 - INFO - Beginning optimization with guess, [0.06418691 0.06521066 0.01221244 0.0098589 ].
2023-07-20 17:11:58,140 - INFO - Finished optimization with guess, [0.06418691 0.06521066 0.01221244 0.0098589 ].
2023-07-20 17:11:58,140 - INFO - Best fit parameters: [1.68839837e-01 7.04578816e+00 5.83612361e-05 2.70753322e-03].
2023-07-20 17:11:58,164 - INFO - Maximum log composite likelihood: -677.6278989066294.
2023-07-20 17:11:58,164 - INFO - Optimal value of theta: 2809.1262423411868.
2023-07-20 17:11:58,164 - INFO - Beginning optimization with guess, [0.0313688  0.07129637 0.01844188 0.01159067].
2023-07-20 17:12:02,412 - INFO - Finished optimization with guess, [0.0313688  0.07129637 0.01844188 0.01159067].
2023-07-20 17:12:02,412 - INFO - Best fit parameters: [0.00167338 0.58780369 0.00574617 0.31166816].
2023-07-20 17:12:02,505 - INFO - Maximum log composite likelihood: -37.990000936551155.
2023-07-20 17:12:02,505 - INFO - Optimal value of theta: 8895.076166410632.
2023-07-20 17:12:02,505 - INFO - Beginning optimization with guess, [0.82287381 0.53915072 0.01073458 0.00521151].
2023-07-20 17:12:03,580 - INFO - Finished optimization with guess, [0.82287381 0.53915072 0.01073458 0.00521151].
2023-07-20 17:12:03,580 - INFO - Best fit parameters: [1.02398645e+00 6.90330468e-01 1.06127045e-02 1.02113600e-04].
2023-07-20 17:12:03,604 - INFO - Maximum log composite likelihood: -693.9100957439379.
2023-07-20 17:12:03,605 - INFO - Optimal value of theta: 2820.4953507333407.
2023-07-20 17:12:03,605 - INFO - Beginning optimization with guess, [1.05312137 1.04241024 0.00572529 0.01308207].
2023-07-20 17:12:04,864 - INFO - Finished optimization with guess, [1.05312137 1.04241024 0.00572529 0.01308207].
2023-07-20 17:12:04,865 - INFO - Best fit parameters: [1.05357469 1.07314142 0.01040567 0.48772707].
2023-07-20 17:12:04,897 - INFO - Maximum log composite likelihood: -643.2799115710999.
2023-07-20 17:12:04,897 - INFO - Optimal value of theta: 2727.089188156507.
2023-07-20 17:12:04,897 - INFO - Beginning optimization with guess, [0.93730166 0.55001003 0.01333428 0.01247952].
2023-07-20 17:12:05,977 - INFO - Finished optimization with guess, [0.93730166 0.55001003 0.01333428 0.01247952].
2023-07-20 17:12:05,977 - INFO - Best fit parameters: [9.55231795e-01 1.33593085e+04 4.12029826e-16 6.39394056e-52].
2023-07-20 17:12:06,001 - INFO - Maximum log composite likelihood: -695.5632910562294.
2023-07-20 17:12:06,001 - INFO - Optimal value of theta: 2821.6879446880785.
2023-07-20 17:12:06,001 - INFO - Beginning optimization with guess, [1.20335397 1.10537184 0.00520857 0.00652333].
2023-07-20 17:12:07,248 - INFO - Finished optimization with guess, [1.20335397 1.10537184 0.00520857 0.00652333].
2023-07-20 17:12:07,248 - INFO - Best fit parameters: [1.33996632 1.11267146 0.43525787 0.00514816].
2023-07-20 17:12:07,278 - INFO - Maximum log composite likelihood: -486.4724626952135.
2023-07-20 17:12:07,278 - INFO - Optimal value of theta: 2496.76528591457.
2023-07-20 17:12:07,278 - INFO - Beginning optimization with guess, [1.572783   1.69032169 0.00883618 0.01245238].
2023-07-20 17:12:08,550 - INFO - Finished optimization with guess, [1.572783   1.69032169 0.00883618 0.01245238].
2023-07-20 17:12:08,550 - INFO - Best fit parameters: [1.66239226 2.2151846  0.00747884 0.5153553 ].
2023-07-20 17:12:08,578 - INFO - Maximum log composite likelihood: -196.54404808422544.
2023-07-20 17:12:08,579 - INFO - Optimal value of theta: 2041.8590299858724.
2023-07-20 17:12:08,579 - INFO - Beginning optimization with guess, [1.49549931 0.72749228 0.00998905 0.00868923].
2023-07-20 17:12:09,934 - INFO - Finished optimization with guess, [1.49549931 0.72749228 0.00998905 0.00868923].
2023-07-20 17:12:09,935 - INFO - Best fit parameters: [3.18399669e+00 7.87005460e-01 9.19154722e-01 9.80692289e-04].
2023-07-20 17:12:09,964 - INFO - Maximum log composite likelihood: -83.70071790546308.
2023-07-20 17:12:09,964 - INFO - Optimal value of theta: 1585.8375914504238.
2023-07-20 17:12:09,964 - INFO - Beginning optimization with guess, [1.02058304 2.68382888 0.01751858 0.01638347].
2023-07-20 17:12:11,286 - INFO - Finished optimization with guess, [1.02058304 2.68382888 0.01751858 0.01638347].
2023-07-20 17:12:11,287 - INFO - Best fit parameters: [1.0238729  4.24637514 0.01205903 1.00614646].
2023-07-20 17:12:11,315 - INFO - Maximum log composite likelihood: -37.06499279916545.
2023-07-20 17:12:11,315 - INFO - Optimal value of theta: 1392.84329081128.
2023-07-20 17:12:11,315 - INFO - Beginning optimization with guess, [1.51142539 1.29213978 0.01879069 0.00576753].
2023-07-20 17:12:12,510 - INFO - Finished optimization with guess, [1.51142539 1.29213978 0.01879069 0.00576753].
2023-07-20 17:12:12,510 - INFO - Best fit parameters: [2.01682878 1.26438117 0.60805177 0.00427835].
2023-07-20 17:12:12,539 - INFO - Maximum log composite likelihood: -249.35880414964913.
2023-07-20 17:12:12,539 - INFO - Optimal value of theta: 2056.53922003105.
2023-07-20 17:12:12,540 - INFO - Beginning optimization with guess, [1.76122037 1.93748029 0.01399964 0.00725682].
2023-07-20 17:12:13,879 - INFO - Finished optimization with guess, [1.76122037 1.93748029 0.01399964 0.00725682].
2023-07-20 17:12:13,880 - INFO - Best fit parameters: [2.7431322  1.96592492 0.81316673 0.00673092].
2023-07-20 17:12:13,909 - INFO - Maximum log composite likelihood: -125.45253556354999.
2023-07-20 17:12:13,909 - INFO - Optimal value of theta: 1725.9744666525107.
2023-07-20 17:12:13,909 - INFO - Beginning optimization with guess, [1.70293689 1.13598469 0.00703964 0.00542426].
2023-07-20 17:12:15,228 - INFO - Finished optimization with guess, [1.70293689 1.13598469 0.00703964 0.00542426].
2023-07-20 17:12:15,228 - INFO - Best fit parameters: [2.35846608 1.14107893 0.77721406 0.00392065].
2023-07-20 17:12:15,258 - INFO - Maximum log composite likelihood: -188.7196868032271.
2023-07-20 17:12:15,258 - INFO - Optimal value of theta: 1852.1617888681758.
2023-07-20 17:12:15,258 - INFO - Beginning optimization with guess, [3.29712501 2.87701349 0.00603789 0.01320889].
2023-07-20 17:12:16,564 - INFO - Finished optimization with guess, [3.29712501 2.87701349 0.00603789 0.01320889].
2023-07-20 17:12:16,565 - INFO - Best fit parameters: [4.03751073e+00 4.81016944e+00 3.91742764e-03 1.36524307e+00].
2023-07-20 17:12:16,595 - INFO - Maximum log composite likelihood: -33.481793437361944.
2023-07-20 17:12:16,595 - INFO - Optimal value of theta: 1198.168673249097.
2023-07-20 17:12:16,595 - INFO - Beginning optimization with guess, [4.18199325 4.32076297 0.01318892 0.01069979].
2023-07-20 17:12:18,104 - INFO - Finished optimization with guess, [4.18199325 4.32076297 0.01318892 0.01069979].
2023-07-20 17:12:18,104 - INFO - Best fit parameters: [9.02430408e+00 5.86742808e+00 3.96991564e+00 5.08095496e-03].
2023-07-20 17:12:18,135 - INFO - Maximum log composite likelihood: -37.04450080876245.
2023-07-20 17:12:18,136 - INFO - Optimal value of theta: 600.1472308052239.
2023-07-20 17:12:18,136 - INFO - Beginning optimization with guess, [2.49898179 4.22172957 0.01417886 0.01403388].
2023-07-20 17:12:19,651 - INFO - Finished optimization with guess, [2.49898179 4.22172957 0.01417886 0.01403388].
2023-07-20 17:12:19,651 - INFO - Best fit parameters: [3.08673069e+00 9.42562097e+00 7.03608546e-03 4.51555226e+00].
2023-07-20 17:12:19,683 - INFO - Maximum log composite likelihood: -37.267156414380565.
2023-07-20 17:12:19,683 - INFO - Optimal value of theta: 555.2761025446132.
2023-07-20 17:12:19,684 - INFO - Beginning optimization with guess, [2.80848673 4.31627361 0.00918566 0.00829542].
2023-07-20 17:12:21,013 - INFO - Finished optimization with guess, [2.80848673 4.31627361 0.00918566 0.00829542].
2023-07-20 17:12:21,013 - INFO - Best fit parameters: [4.74184709 5.40906592 0.00573474 1.83341423].
2023-07-20 17:12:21,043 - INFO - Maximum log composite likelihood: -33.881213189513005.
2023-07-20 17:12:21,043 - INFO - Optimal value of theta: 1026.0267392923147.
2023-07-20 17:12:21,043 - INFO - Beginning optimization with guess, [2.53141128e+00 6.69678047e+00 1.05982461e-02 6.08004546e-03].
2023-07-20 17:12:22,267 - INFO - Finished optimization with guess, [2.53141128e+00 6.69678047e+00 1.05982461e-02 6.08004546e-03].
2023-07-20 17:12:22,267 - INFO - Best fit parameters: [4.18395778e+00 7.92934127e+00 9.15784352e-01 5.38082199e-03].
2023-07-20 17:12:22,295 - INFO - Maximum log composite likelihood: -38.548688084812284.
2023-07-20 17:12:22,295 - INFO - Optimal value of theta: 1438.4169044218504.
2023-07-20 17:12:22,295 - INFO - Beginning optimization with guess, [5.62716838 6.32754721 0.01777875 0.00767029].
2023-07-20 17:12:23,391 - INFO - Finished optimization with guess, [5.62716838 6.32754721 0.01777875 0.00767029].
2023-07-20 17:12:23,391 - INFO - Best fit parameters: [5.30102827e+00 1.30300834e+01 6.46711160e-01 1.84116848e-03].
2023-07-20 17:12:23,417 - INFO - Maximum log composite likelihood: -66.65881730899764.
2023-07-20 17:12:23,417 - INFO - Optimal value of theta: 1525.264098589219.
2023-07-20 17:12:23,417 - INFO - Beginning optimization with guess, [5.30198916 5.37099915 0.00898925 0.01648953].
2023-07-20 17:12:24,463 - INFO - Finished optimization with guess, [5.30198916 5.37099915 0.00898925 0.01648953].
2023-07-20 17:12:24,463 - INFO - Best fit parameters: [9.25547522e+00 5.42979629e+00 3.39848771e-03 5.02906425e-01].
2023-07-20 17:12:24,489 - INFO - Maximum log composite likelihood: -82.2447446308214.
2023-07-20 17:12:24,489 - INFO - Optimal value of theta: 1652.8968226545232.
2023-07-20 17:12:24,489 - INFO - Beginning optimization with guess, [3.5242194  3.85463383 0.01049295 0.00572148].
2023-07-20 17:12:25,951 - INFO - Finished optimization with guess, [3.5242194  3.85463383 0.01049295 0.00572148].
2023-07-20 17:12:25,952 - INFO - Best fit parameters: [6.48693082e+00 5.20555703e+00 2.37200518e+00 2.84168593e-03].
2023-07-20 17:12:25,982 - INFO - Maximum log composite likelihood: -35.13751609265569.
2023-07-20 17:12:25,982 - INFO - Optimal value of theta: 861.4467923654994.
2023-07-20 17:12:25,982 - INFO - Beginning optimization with guess, [4.10805313 3.56206954 0.01589719 0.0087944 ].
2023-07-20 17:12:27,451 - INFO - Finished optimization with guess, [4.10805313 3.56206954 0.01589719 0.0087944 ].
2023-07-20 17:12:27,452 - INFO - Best fit parameters: [8.96373996e+00 4.73167693e+00 3.94436115e+00 4.14123321e-03].
2023-07-20 17:12:27,483 - INFO - Maximum log composite likelihood: -36.963448162903774.
2023-07-20 17:12:27,484 - INFO - Optimal value of theta: 603.9353108517078.
2023-07-20 17:12:27,485 - INFO - Finished demographic inference.
2023-07-20 17:12:27,486 - INFO - Pipeline executed succesfully.
