2023-02-17 16:19:54,776 - INFO - Beginning execution of fit_one_epoch.py in directory /u/project/ngarud/jonmah/demo_for_ccgb/Scripts

2023-02-17 16:19:54,776 - INFO - Progress is being logged to ../Analysis/Bacteroides_cellulosilyticus_58046_downsampled_10/log.log

2023-02-17 16:19:54,776 - INFO - Parsed the following arguments:
	syn_input_sfs = ../Analysis/Bacteroides_cellulosilyticus_58046_downsampled_10/empirical_sfs.txt
	mask_singletons = False
	mask_doubletons = False
	outprefix = ../Analysis/Bacteroides_cellulosilyticus_58046_downsampled_10/

2023-02-17 16:19:54,785 - INFO - Beginning demographic inference for one-epoch demographic model.
2023-02-17 16:19:54,788 - INFO - Beginning optimization with guess, [0.06526093].
2023-02-17 16:19:54,845 - INFO - Finished optimization with guess, [0.06526093].
2023-02-17 16:19:54,846 - INFO - Best fit parameters: [0.06526093].
2023-02-17 16:19:54,873 - INFO - Maximum log composite likelihood: -416.57659483365387.
2023-02-17 16:19:54,874 - INFO - Optimal value of theta: 9279.760954212486.
2023-02-17 16:19:54,874 - INFO - Beginning optimization with guess, [0.23734273].
2023-02-17 16:19:54,930 - INFO - Finished optimization with guess, [0.23734273].
2023-02-17 16:19:54,930 - INFO - Best fit parameters: [0.23734273].
2023-02-17 16:19:54,958 - INFO - Maximum log composite likelihood: -416.57659483365387.
2023-02-17 16:19:54,958 - INFO - Optimal value of theta: 9279.760954212486.
2023-02-17 16:19:54,959 - INFO - Beginning optimization with guess, [0.52010387].
2023-02-17 16:19:55,015 - INFO - Finished optimization with guess, [0.52010387].
2023-02-17 16:19:55,015 - INFO - Best fit parameters: [0.52010387].
2023-02-17 16:19:55,042 - INFO - Maximum log composite likelihood: -416.57659483365387.
2023-02-17 16:19:55,043 - INFO - Optimal value of theta: 9279.760954212486.
2023-02-17 16:19:55,044 - INFO - Beginning optimization with guess, [0.2517921].
2023-02-17 16:19:55,099 - INFO - Finished optimization with guess, [0.2517921].
2023-02-17 16:19:55,100 - INFO - Best fit parameters: [0.2517921].
2023-02-17 16:19:55,127 - INFO - Maximum log composite likelihood: -416.57659483365387.
2023-02-17 16:19:55,128 - INFO - Optimal value of theta: 9279.760954212486.
2023-02-17 16:19:55,128 - INFO - Beginning optimization with guess, [0.5229629].
2023-02-17 16:19:55,184 - INFO - Finished optimization with guess, [0.5229629].
2023-02-17 16:19:55,184 - INFO - Best fit parameters: [0.5229629].
2023-02-17 16:19:55,212 - INFO - Maximum log composite likelihood: -416.57659483365387.
2023-02-17 16:19:55,212 - INFO - Optimal value of theta: 9279.760954212486.
2023-02-17 16:19:55,213 - INFO - Beginning optimization with guess, [1.00797672].
2023-02-17 16:19:55,269 - INFO - Finished optimization with guess, [1.00797672].
2023-02-17 16:19:55,269 - INFO - Best fit parameters: [1.00797672].
2023-02-17 16:19:55,297 - INFO - Maximum log composite likelihood: -416.57659483365387.
2023-02-17 16:19:55,297 - INFO - Optimal value of theta: 9279.760954212486.
2023-02-17 16:19:55,297 - INFO - Beginning optimization with guess, [0.77173785].
2023-02-17 16:19:55,356 - INFO - Finished optimization with guess, [0.77173785].
2023-02-17 16:19:55,357 - INFO - Best fit parameters: [0.77173785].
2023-02-17 16:19:55,384 - INFO - Maximum log composite likelihood: -416.57659483365387.
2023-02-17 16:19:55,385 - INFO - Optimal value of theta: 9279.760954212486.
2023-02-17 16:19:55,385 - INFO - Beginning optimization with guess, [1.33207144].
2023-02-17 16:19:55,441 - INFO - Finished optimization with guess, [1.33207144].
2023-02-17 16:19:55,442 - INFO - Best fit parameters: [1.33207144].
2023-02-17 16:19:55,469 - INFO - Maximum log composite likelihood: -416.57659483365387.
2023-02-17 16:19:55,470 - INFO - Optimal value of theta: 9279.760954212486.
2023-02-17 16:19:55,470 - INFO - Beginning optimization with guess, [1.33833162].
2023-02-17 16:19:55,526 - INFO - Finished optimization with guess, [1.33833162].
2023-02-17 16:19:55,526 - INFO - Best fit parameters: [1.33833162].
2023-02-17 16:19:55,554 - INFO - Maximum log composite likelihood: -416.57659483365387.
2023-02-17 16:19:55,554 - INFO - Optimal value of theta: 9279.760954212486.
2023-02-17 16:19:55,555 - INFO - Beginning optimization with guess, [1.74574592].
2023-02-17 16:19:55,611 - INFO - Finished optimization with guess, [1.74574592].
2023-02-17 16:19:55,611 - INFO - Best fit parameters: [1.74574592].
2023-02-17 16:19:55,639 - INFO - Maximum log composite likelihood: -416.57659483365387.
2023-02-17 16:19:55,639 - INFO - Optimal value of theta: 9279.760954212486.
2023-02-17 16:19:55,639 - INFO - Beginning optimization with guess, [0.76233458].
2023-02-17 16:19:55,695 - INFO - Finished optimization with guess, [0.76233458].
2023-02-17 16:19:55,695 - INFO - Best fit parameters: [0.76233458].
2023-02-17 16:19:55,723 - INFO - Maximum log composite likelihood: -416.57659483365387.
2023-02-17 16:19:55,724 - INFO - Optimal value of theta: 9279.760954212486.
2023-02-17 16:19:55,724 - INFO - Beginning optimization with guess, [1.13831217].
2023-02-17 16:19:55,780 - INFO - Finished optimization with guess, [1.13831217].
2023-02-17 16:19:55,780 - INFO - Best fit parameters: [1.13831217].
2023-02-17 16:19:55,807 - INFO - Maximum log composite likelihood: -416.57659483365387.
2023-02-17 16:19:55,808 - INFO - Optimal value of theta: 9279.760954212486.
2023-02-17 16:19:55,808 - INFO - Beginning optimization with guess, [3.35783288].
2023-02-17 16:19:55,864 - INFO - Finished optimization with guess, [3.35783288].
2023-02-17 16:19:55,864 - INFO - Best fit parameters: [3.35783288].
2023-02-17 16:19:55,892 - INFO - Maximum log composite likelihood: -416.57659483365387.
2023-02-17 16:19:55,892 - INFO - Optimal value of theta: 9279.760954212486.
2023-02-17 16:19:55,893 - INFO - Beginning optimization with guess, [1.47993732].
2023-02-17 16:19:55,949 - INFO - Finished optimization with guess, [1.47993732].
2023-02-17 16:19:55,949 - INFO - Best fit parameters: [1.47993732].
2023-02-17 16:19:55,976 - INFO - Maximum log composite likelihood: -416.57659483365387.
2023-02-17 16:19:55,977 - INFO - Optimal value of theta: 9279.760954212486.
2023-02-17 16:19:55,977 - INFO - Beginning optimization with guess, [2.63297014].
2023-02-17 16:19:56,033 - INFO - Finished optimization with guess, [2.63297014].
2023-02-17 16:19:56,033 - INFO - Best fit parameters: [2.63297014].
2023-02-17 16:19:56,061 - INFO - Maximum log composite likelihood: -416.57659483365387.
2023-02-17 16:19:56,061 - INFO - Optimal value of theta: 9279.760954212486.
2023-02-17 16:19:56,062 - INFO - Beginning optimization with guess, [1.3342364].
2023-02-17 16:19:56,117 - INFO - Finished optimization with guess, [1.3342364].
2023-02-17 16:19:56,117 - INFO - Best fit parameters: [1.3342364].
2023-02-17 16:19:56,145 - INFO - Maximum log composite likelihood: -416.57659483365387.
2023-02-17 16:19:56,146 - INFO - Optimal value of theta: 9279.760954212486.
2023-02-17 16:19:56,146 - INFO - Beginning optimization with guess, [2.14869212].
2023-02-17 16:19:56,202 - INFO - Finished optimization with guess, [2.14869212].
2023-02-17 16:19:56,202 - INFO - Best fit parameters: [2.14869212].
2023-02-17 16:19:56,230 - INFO - Maximum log composite likelihood: -416.57659483365387.
2023-02-17 16:19:56,230 - INFO - Optimal value of theta: 9279.760954212486.
2023-02-17 16:19:56,230 - INFO - Beginning optimization with guess, [2.1641434].
2023-02-17 16:19:56,287 - INFO - Finished optimization with guess, [2.1641434].
2023-02-17 16:19:56,287 - INFO - Best fit parameters: [2.1641434].
2023-02-17 16:19:56,315 - INFO - Maximum log composite likelihood: -416.57659483365387.
2023-02-17 16:19:56,315 - INFO - Optimal value of theta: 9279.760954212486.
2023-02-17 16:19:56,315 - INFO - Beginning optimization with guess, [6.38199389].
2023-02-17 16:19:56,371 - INFO - Finished optimization with guess, [6.38199389].
2023-02-17 16:19:56,371 - INFO - Best fit parameters: [6.38199389].
2023-02-17 16:19:56,399 - INFO - Maximum log composite likelihood: -416.57659483365387.
2023-02-17 16:19:56,399 - INFO - Optimal value of theta: 9279.760954212486.
2023-02-17 16:19:56,400 - INFO - Beginning optimization with guess, [4.02762999].
2023-02-17 16:19:56,455 - INFO - Finished optimization with guess, [4.02762999].
2023-02-17 16:19:56,455 - INFO - Best fit parameters: [4.02762999].
2023-02-17 16:19:56,483 - INFO - Maximum log composite likelihood: -416.57659483365387.
2023-02-17 16:19:56,484 - INFO - Optimal value of theta: 9279.760954212486.
2023-02-17 16:19:56,484 - INFO - Beginning optimization with guess, [2.42180489].
2023-02-17 16:19:56,540 - INFO - Finished optimization with guess, [2.42180489].
2023-02-17 16:19:56,540 - INFO - Best fit parameters: [2.42180489].
2023-02-17 16:19:56,567 - INFO - Maximum log composite likelihood: -416.57659483365387.
2023-02-17 16:19:56,568 - INFO - Optimal value of theta: 9279.760954212486.
2023-02-17 16:19:56,568 - INFO - Beginning optimization with guess, [4.18937508].
2023-02-17 16:19:56,624 - INFO - Finished optimization with guess, [4.18937508].
2023-02-17 16:19:56,624 - INFO - Best fit parameters: [4.18937508].
2023-02-17 16:19:56,652 - INFO - Maximum log composite likelihood: -416.57659483365387.
2023-02-17 16:19:56,652 - INFO - Optimal value of theta: 9279.760954212486.
2023-02-17 16:19:56,653 - INFO - Beginning optimization with guess, [5.19382874].
2023-02-17 16:19:56,708 - INFO - Finished optimization with guess, [5.19382874].
2023-02-17 16:19:56,709 - INFO - Best fit parameters: [5.19382874].
2023-02-17 16:19:56,736 - INFO - Maximum log composite likelihood: -416.57659483365387.
2023-02-17 16:19:56,737 - INFO - Optimal value of theta: 9279.760954212486.
2023-02-17 16:19:56,737 - INFO - Beginning optimization with guess, [4.1469273].
2023-02-17 16:19:56,793 - INFO - Finished optimization with guess, [4.1469273].
2023-02-17 16:19:56,793 - INFO - Best fit parameters: [4.1469273].
2023-02-17 16:19:56,821 - INFO - Maximum log composite likelihood: -416.57659483365387.
2023-02-17 16:19:56,821 - INFO - Optimal value of theta: 9279.760954212486.
2023-02-17 16:19:56,821 - INFO - Beginning optimization with guess, [5.10056295].
2023-02-17 16:19:56,877 - INFO - Finished optimization with guess, [5.10056295].
2023-02-17 16:19:56,877 - INFO - Best fit parameters: [5.10056295].
2023-02-17 16:19:56,905 - INFO - Maximum log composite likelihood: -416.57659483365387.
2023-02-17 16:19:56,905 - INFO - Optimal value of theta: 9279.760954212486.
2023-02-17 16:19:56,908 - INFO - Finished demographic inference.
2023-02-17 16:19:56,908 - INFO - Pipeline executed succesfully.
