2023-02-17 16:19:56,010 - INFO - Beginning execution of fit_one_epoch.py in directory /u/project/ngarud/jonmah/demo_for_ccgb/Scripts

2023-02-17 16:19:56,010 - INFO - Progress is being logged to ../Analysis/Parabacteroides_merdae_56972_downsampled_10/log.log

2023-02-17 16:19:56,010 - INFO - Parsed the following arguments:
	syn_input_sfs = ../Analysis/Parabacteroides_merdae_56972_downsampled_10/empirical_sfs.txt
	mask_singletons = False
	mask_doubletons = False
	outprefix = ../Analysis/Parabacteroides_merdae_56972_downsampled_10/

2023-02-17 16:19:56,019 - INFO - Beginning demographic inference for one-epoch demographic model.
2023-02-17 16:19:56,022 - INFO - Beginning optimization with guess, [0.08739735].
2023-02-17 16:19:56,090 - INFO - Finished optimization with guess, [0.08739735].
2023-02-17 16:19:56,092 - INFO - Best fit parameters: [0.08739735].
2023-02-17 16:19:56,125 - INFO - Maximum log composite likelihood: -50.53570047635185.
2023-02-17 16:19:56,126 - INFO - Optimal value of theta: 6121.403044750382.
2023-02-17 16:19:56,126 - INFO - Beginning optimization with guess, [0.15740433].
2023-02-17 16:19:56,194 - INFO - Finished optimization with guess, [0.15740433].
2023-02-17 16:19:56,194 - INFO - Best fit parameters: [0.15740433].
2023-02-17 16:19:56,228 - INFO - Maximum log composite likelihood: -50.53570047635185.
2023-02-17 16:19:56,229 - INFO - Optimal value of theta: 6121.403044750382.
2023-02-17 16:19:56,229 - INFO - Beginning optimization with guess, [0.16823067].
2023-02-17 16:19:56,295 - INFO - Finished optimization with guess, [0.16823067].
2023-02-17 16:19:56,295 - INFO - Best fit parameters: [0.16823067].
2023-02-17 16:19:56,327 - INFO - Maximum log composite likelihood: -50.53570047635185.
2023-02-17 16:19:56,328 - INFO - Optimal value of theta: 6121.403044750382.
2023-02-17 16:19:56,328 - INFO - Beginning optimization with guess, [0.7679451].
2023-02-17 16:19:56,400 - INFO - Finished optimization with guess, [0.7679451].
2023-02-17 16:19:56,402 - INFO - Best fit parameters: [0.7679451].
2023-02-17 16:19:56,434 - INFO - Maximum log composite likelihood: -50.53570047635185.
2023-02-17 16:19:56,435 - INFO - Optimal value of theta: 6121.403044750382.
2023-02-17 16:19:56,435 - INFO - Beginning optimization with guess, [0.97392566].
2023-02-17 16:19:56,503 - INFO - Finished optimization with guess, [0.97392566].
2023-02-17 16:19:56,503 - INFO - Best fit parameters: [0.97392566].
2023-02-17 16:19:56,537 - INFO - Maximum log composite likelihood: -50.53570047635185.
2023-02-17 16:19:56,537 - INFO - Optimal value of theta: 6121.403044750382.
2023-02-17 16:19:56,538 - INFO - Beginning optimization with guess, [0.50034243].
2023-02-17 16:19:56,604 - INFO - Finished optimization with guess, [0.50034243].
2023-02-17 16:19:56,604 - INFO - Best fit parameters: [0.50034243].
2023-02-17 16:19:56,637 - INFO - Maximum log composite likelihood: -50.53570047635185.
2023-02-17 16:19:56,637 - INFO - Optimal value of theta: 6121.403044750382.
2023-02-17 16:19:56,637 - INFO - Beginning optimization with guess, [1.17223414].
2023-02-17 16:19:56,702 - INFO - Finished optimization with guess, [1.17223414].
2023-02-17 16:19:56,703 - INFO - Best fit parameters: [1.17223414].
2023-02-17 16:19:56,737 - INFO - Maximum log composite likelihood: -50.53570047635185.
2023-02-17 16:19:56,737 - INFO - Optimal value of theta: 6121.403044750382.
2023-02-17 16:19:56,738 - INFO - Beginning optimization with guess, [1.09490084].
2023-02-17 16:19:56,805 - INFO - Finished optimization with guess, [1.09490084].
2023-02-17 16:19:56,805 - INFO - Best fit parameters: [1.09490084].
2023-02-17 16:19:56,837 - INFO - Maximum log composite likelihood: -50.53570047635185.
2023-02-17 16:19:56,838 - INFO - Optimal value of theta: 6121.403044750382.
2023-02-17 16:19:56,839 - INFO - Beginning optimization with guess, [0.76583356].
2023-02-17 16:19:56,903 - INFO - Finished optimization with guess, [0.76583356].
2023-02-17 16:19:56,903 - INFO - Best fit parameters: [0.76583356].
2023-02-17 16:19:56,934 - INFO - Maximum log composite likelihood: -50.53570047635185.
2023-02-17 16:19:56,935 - INFO - Optimal value of theta: 6121.403044750382.
2023-02-17 16:19:56,935 - INFO - Beginning optimization with guess, [0.83458163].
2023-02-17 16:19:57,000 - INFO - Finished optimization with guess, [0.83458163].
2023-02-17 16:19:57,001 - INFO - Best fit parameters: [0.83458163].
2023-02-17 16:19:57,031 - INFO - Maximum log composite likelihood: -50.53570047635185.
2023-02-17 16:19:57,032 - INFO - Optimal value of theta: 6121.403044750382.
2023-02-17 16:19:57,032 - INFO - Beginning optimization with guess, [1.0067793].
2023-02-17 16:19:57,098 - INFO - Finished optimization with guess, [1.0067793].
2023-02-17 16:19:57,098 - INFO - Best fit parameters: [1.0067793].
2023-02-17 16:19:57,130 - INFO - Maximum log composite likelihood: -50.53570047635185.
2023-02-17 16:19:57,130 - INFO - Optimal value of theta: 6121.403044750382.
2023-02-17 16:19:57,131 - INFO - Beginning optimization with guess, [1.3143748].
2023-02-17 16:19:57,206 - INFO - Finished optimization with guess, [1.3143748].
2023-02-17 16:19:57,207 - INFO - Best fit parameters: [1.3143748].
2023-02-17 16:19:57,250 - INFO - Maximum log composite likelihood: -50.53570047635185.
2023-02-17 16:19:57,250 - INFO - Optimal value of theta: 6121.403044750382.
2023-02-17 16:19:57,254 - INFO - Beginning optimization with guess, [1.52007229].
2023-02-17 16:19:57,318 - INFO - Finished optimization with guess, [1.52007229].
2023-02-17 16:19:57,318 - INFO - Best fit parameters: [1.52007229].
2023-02-17 16:19:57,349 - INFO - Maximum log composite likelihood: -50.53570047635185.
2023-02-17 16:19:57,350 - INFO - Optimal value of theta: 6121.403044750382.
2023-02-17 16:19:57,350 - INFO - Beginning optimization with guess, [2.34145688].
2023-02-17 16:19:57,413 - INFO - Finished optimization with guess, [2.34145688].
2023-02-17 16:19:57,413 - INFO - Best fit parameters: [2.34145688].
2023-02-17 16:19:57,444 - INFO - Maximum log composite likelihood: -50.53570047635185.
2023-02-17 16:19:57,444 - INFO - Optimal value of theta: 6121.403044750382.
2023-02-17 16:19:57,444 - INFO - Beginning optimization with guess, [1.58145099].
2023-02-17 16:19:57,507 - INFO - Finished optimization with guess, [1.58145099].
2023-02-17 16:19:57,507 - INFO - Best fit parameters: [1.58145099].
2023-02-17 16:19:57,539 - INFO - Maximum log composite likelihood: -50.53570047635185.
2023-02-17 16:19:57,540 - INFO - Optimal value of theta: 6121.403044750382.
2023-02-17 16:19:57,540 - INFO - Beginning optimization with guess, [2.57269836].
2023-02-17 16:19:57,602 - INFO - Finished optimization with guess, [2.57269836].
2023-02-17 16:19:57,603 - INFO - Best fit parameters: [2.57269836].
2023-02-17 16:19:57,633 - INFO - Maximum log composite likelihood: -50.53570047635185.
2023-02-17 16:19:57,634 - INFO - Optimal value of theta: 6121.403044750382.
2023-02-17 16:19:57,634 - INFO - Beginning optimization with guess, [4.88718626].
2023-02-17 16:19:57,698 - INFO - Finished optimization with guess, [4.88718626].
2023-02-17 16:19:57,698 - INFO - Best fit parameters: [4.88718626].
2023-02-17 16:19:57,729 - INFO - Maximum log composite likelihood: -50.53570047635185.
2023-02-17 16:19:57,729 - INFO - Optimal value of theta: 6121.403044750382.
2023-02-17 16:19:57,730 - INFO - Beginning optimization with guess, [2.31846621].
2023-02-17 16:19:57,793 - INFO - Finished optimization with guess, [2.31846621].
2023-02-17 16:19:57,793 - INFO - Best fit parameters: [2.31846621].
2023-02-17 16:19:57,826 - INFO - Maximum log composite likelihood: -50.53570047635185.
2023-02-17 16:19:57,826 - INFO - Optimal value of theta: 6121.403044750382.
2023-02-17 16:19:57,827 - INFO - Beginning optimization with guess, [3.33089137].
2023-02-17 16:19:57,913 - INFO - Finished optimization with guess, [3.33089137].
2023-02-17 16:19:57,913 - INFO - Best fit parameters: [3.33089137].
2023-02-17 16:19:57,975 - INFO - Maximum log composite likelihood: -50.53570047635185.
2023-02-17 16:19:57,976 - INFO - Optimal value of theta: 6121.403044750382.
2023-02-17 16:19:57,976 - INFO - Beginning optimization with guess, [3.48258491].
2023-02-17 16:19:58,069 - INFO - Finished optimization with guess, [3.48258491].
2023-02-17 16:19:58,070 - INFO - Best fit parameters: [3.48258491].
2023-02-17 16:19:58,101 - INFO - Maximum log composite likelihood: -50.53570047635185.
2023-02-17 16:19:58,101 - INFO - Optimal value of theta: 6121.403044750382.
2023-02-17 16:19:58,102 - INFO - Beginning optimization with guess, [2.27740185].
2023-02-17 16:19:58,165 - INFO - Finished optimization with guess, [2.27740185].
2023-02-17 16:19:58,165 - INFO - Best fit parameters: [2.27740185].
2023-02-17 16:19:58,196 - INFO - Maximum log composite likelihood: -50.53570047635185.
2023-02-17 16:19:58,196 - INFO - Optimal value of theta: 6121.403044750382.
2023-02-17 16:19:58,196 - INFO - Beginning optimization with guess, [3.07309457].
2023-02-17 16:19:58,258 - INFO - Finished optimization with guess, [3.07309457].
2023-02-17 16:19:58,258 - INFO - Best fit parameters: [3.07309457].
2023-02-17 16:19:58,289 - INFO - Maximum log composite likelihood: -50.53570047635185.
2023-02-17 16:19:58,290 - INFO - Optimal value of theta: 6121.403044750382.
2023-02-17 16:19:58,290 - INFO - Beginning optimization with guess, [6.78085014].
2023-02-17 16:19:58,354 - INFO - Finished optimization with guess, [6.78085014].
2023-02-17 16:19:58,355 - INFO - Best fit parameters: [6.78085014].
2023-02-17 16:19:58,385 - INFO - Maximum log composite likelihood: -50.53570047635185.
2023-02-17 16:19:58,386 - INFO - Optimal value of theta: 6121.403044750382.
2023-02-17 16:19:58,386 - INFO - Beginning optimization with guess, [7.87217106].
2023-02-17 16:19:58,448 - INFO - Finished optimization with guess, [7.87217106].
2023-02-17 16:19:58,448 - INFO - Best fit parameters: [7.87217106].
2023-02-17 16:19:58,481 - INFO - Maximum log composite likelihood: -50.53570047635185.
2023-02-17 16:19:58,482 - INFO - Optimal value of theta: 6121.403044750382.
2023-02-17 16:19:58,482 - INFO - Beginning optimization with guess, [6.40654775].
2023-02-17 16:19:58,546 - INFO - Finished optimization with guess, [6.40654775].
2023-02-17 16:19:58,546 - INFO - Best fit parameters: [6.40654775].
2023-02-17 16:19:58,579 - INFO - Maximum log composite likelihood: -50.53570047635185.
2023-02-17 16:19:58,580 - INFO - Optimal value of theta: 6121.403044750382.
2023-02-17 16:19:58,583 - INFO - Finished demographic inference.
2023-02-17 16:19:58,583 - INFO - Pipeline executed succesfully.
