2022-02-04 10:24:08,776 - INFO - Beginning execution of fit_one_epoch.py in directory /u/project/ngarud/jonmah/demo_for_ccgb/Scripts

2022-02-04 10:24:08,776 - INFO - Progress is being logged to ../Analysis/Parabacteroides_merdae_56972_no_mask/log.log

2022-02-04 10:24:08,777 - INFO - Parsed the following arguments:
	mask_doubletons = False
	syn_input_sfs = ../Data/Parabacteroides_merdae_56972_syn.sfs
	mask_singletons = False
	outprefix = ../Analysis/Parabacteroides_merdae_56972_no_mask/

2022-02-04 10:24:08,814 - INFO - Beginning demographic inference for one-epoch demographic model.
2022-02-04 10:24:08,816 - INFO - Beginning optimization with guess, [7.92].
2022-02-04 10:24:09,592 - INFO - Finished optimization with guess, [7.92].
2022-02-04 10:24:09,593 - INFO - Best fit parameters: [8.].
2022-02-04 10:24:09,857 - INFO - Maximum log composite likelihood: -194.945099937.
2022-02-04 10:24:09,858 - INFO - Optimal value of theta: 5297.36271403.
2022-02-04 10:24:09,858 - INFO - Beginning optimization with guess, [7.92].
2022-02-04 10:24:10,389 - INFO - Finished optimization with guess, [7.92].
2022-02-04 10:24:10,389 - INFO - Best fit parameters: [8.].
2022-02-04 10:24:10,655 - INFO - Maximum log composite likelihood: -194.945099937.
2022-02-04 10:24:10,656 - INFO - Optimal value of theta: 5297.36271403.
2022-02-04 10:24:10,656 - INFO - Beginning optimization with guess, [7.92].
2022-02-04 10:24:11,191 - INFO - Finished optimization with guess, [7.92].
2022-02-04 10:24:11,191 - INFO - Best fit parameters: [8.].
2022-02-04 10:24:11,459 - INFO - Maximum log composite likelihood: -194.945099937.
2022-02-04 10:24:11,460 - INFO - Optimal value of theta: 5297.36271403.
2022-02-04 10:24:11,460 - INFO - Beginning optimization with guess, [7.92].
2022-02-04 10:24:11,992 - INFO - Finished optimization with guess, [7.92].
2022-02-04 10:24:11,992 - INFO - Best fit parameters: [8.].
2022-02-04 10:24:12,258 - INFO - Maximum log composite likelihood: -194.945099937.
2022-02-04 10:24:12,259 - INFO - Optimal value of theta: 5297.36271403.
2022-02-04 10:24:12,259 - INFO - Beginning optimization with guess, [7.92].
2022-02-04 10:24:12,788 - INFO - Finished optimization with guess, [7.92].
2022-02-04 10:24:12,788 - INFO - Best fit parameters: [8.].
2022-02-04 10:24:13,053 - INFO - Maximum log composite likelihood: -194.945099937.
2022-02-04 10:24:13,054 - INFO - Optimal value of theta: 5297.36271403.
2022-02-04 10:24:13,054 - INFO - Beginning optimization with guess, [7.92].
2022-02-04 10:24:13,584 - INFO - Finished optimization with guess, [7.92].
2022-02-04 10:24:13,584 - INFO - Best fit parameters: [8.].
2022-02-04 10:24:13,850 - INFO - Maximum log composite likelihood: -194.945099937.
2022-02-04 10:24:13,851 - INFO - Optimal value of theta: 5297.36271403.
2022-02-04 10:24:13,851 - INFO - Beginning optimization with guess, [7.92].
2022-02-04 10:24:14,381 - INFO - Finished optimization with guess, [7.92].
2022-02-04 10:24:14,382 - INFO - Best fit parameters: [8.].
2022-02-04 10:24:14,647 - INFO - Maximum log composite likelihood: -194.945099937.
2022-02-04 10:24:14,648 - INFO - Optimal value of theta: 5297.36271403.
2022-02-04 10:24:14,648 - INFO - Beginning optimization with guess, [7.92].
2022-02-04 10:24:15,176 - INFO - Finished optimization with guess, [7.92].
2022-02-04 10:24:15,176 - INFO - Best fit parameters: [8.].
2022-02-04 10:24:15,442 - INFO - Maximum log composite likelihood: -194.945099937.
2022-02-04 10:24:15,443 - INFO - Optimal value of theta: 5297.36271403.
2022-02-04 10:24:15,443 - INFO - Beginning optimization with guess, [7.92].
2022-02-04 10:24:15,970 - INFO - Finished optimization with guess, [7.92].
2022-02-04 10:24:15,971 - INFO - Best fit parameters: [8.].
2022-02-04 10:24:16,237 - INFO - Maximum log composite likelihood: -194.945099937.
2022-02-04 10:24:16,238 - INFO - Optimal value of theta: 5297.36271403.
2022-02-04 10:24:16,238 - INFO - Beginning optimization with guess, [7.92].
2022-02-04 10:24:16,767 - INFO - Finished optimization with guess, [7.92].
2022-02-04 10:24:16,767 - INFO - Best fit parameters: [8.].
2022-02-04 10:24:17,034 - INFO - Maximum log composite likelihood: -194.945099937.
2022-02-04 10:24:17,034 - INFO - Optimal value of theta: 5297.36271403.
2022-02-04 10:24:17,035 - INFO - Beginning optimization with guess, [7.92].
2022-02-04 10:24:17,564 - INFO - Finished optimization with guess, [7.92].
2022-02-04 10:24:17,564 - INFO - Best fit parameters: [8.].
2022-02-04 10:24:17,829 - INFO - Maximum log composite likelihood: -194.945099937.
2022-02-04 10:24:17,830 - INFO - Optimal value of theta: 5297.36271403.
2022-02-04 10:24:17,831 - INFO - Beginning optimization with guess, [7.92].
2022-02-04 10:24:18,360 - INFO - Finished optimization with guess, [7.92].
2022-02-04 10:24:18,360 - INFO - Best fit parameters: [8.].
2022-02-04 10:24:18,627 - INFO - Maximum log composite likelihood: -194.945099937.
2022-02-04 10:24:18,628 - INFO - Optimal value of theta: 5297.36271403.
2022-02-04 10:24:18,628 - INFO - Beginning optimization with guess, [7.92].
2022-02-04 10:24:19,158 - INFO - Finished optimization with guess, [7.92].
2022-02-04 10:24:19,158 - INFO - Best fit parameters: [8.].
2022-02-04 10:24:19,424 - INFO - Maximum log composite likelihood: -194.945099937.
2022-02-04 10:24:19,425 - INFO - Optimal value of theta: 5297.36271403.
2022-02-04 10:24:19,426 - INFO - Beginning optimization with guess, [7.92].
2022-02-04 10:24:19,955 - INFO - Finished optimization with guess, [7.92].
2022-02-04 10:24:19,956 - INFO - Best fit parameters: [8.].
2022-02-04 10:24:20,221 - INFO - Maximum log composite likelihood: -194.945099937.
2022-02-04 10:24:20,222 - INFO - Optimal value of theta: 5297.36271403.
2022-02-04 10:24:20,222 - INFO - Beginning optimization with guess, [7.92].
2022-02-04 10:24:20,752 - INFO - Finished optimization with guess, [7.92].
2022-02-04 10:24:20,752 - INFO - Best fit parameters: [8.].
2022-02-04 10:24:21,018 - INFO - Maximum log composite likelihood: -194.945099937.
2022-02-04 10:24:21,019 - INFO - Optimal value of theta: 5297.36271403.
2022-02-04 10:24:21,019 - INFO - Beginning optimization with guess, [7.92].
2022-02-04 10:24:21,550 - INFO - Finished optimization with guess, [7.92].
2022-02-04 10:24:21,550 - INFO - Best fit parameters: [8.].
2022-02-04 10:24:21,816 - INFO - Maximum log composite likelihood: -194.945099937.
2022-02-04 10:24:21,817 - INFO - Optimal value of theta: 5297.36271403.
2022-02-04 10:24:21,818 - INFO - Beginning optimization with guess, [7.92].
2022-02-04 10:24:22,349 - INFO - Finished optimization with guess, [7.92].
2022-02-04 10:24:22,350 - INFO - Best fit parameters: [8.].
2022-02-04 10:24:22,615 - INFO - Maximum log composite likelihood: -194.945099937.
2022-02-04 10:24:22,616 - INFO - Optimal value of theta: 5297.36271403.
2022-02-04 10:24:22,616 - INFO - Beginning optimization with guess, [7.92].
2022-02-04 10:24:23,145 - INFO - Finished optimization with guess, [7.92].
2022-02-04 10:24:23,146 - INFO - Best fit parameters: [8.].
2022-02-04 10:24:23,411 - INFO - Maximum log composite likelihood: -194.945099937.
2022-02-04 10:24:23,412 - INFO - Optimal value of theta: 5297.36271403.
2022-02-04 10:24:23,413 - INFO - Beginning optimization with guess, [7.92].
2022-02-04 10:24:23,944 - INFO - Finished optimization with guess, [7.92].
2022-02-04 10:24:23,945 - INFO - Best fit parameters: [8.].
2022-02-04 10:24:24,210 - INFO - Maximum log composite likelihood: -194.945099937.
2022-02-04 10:24:24,211 - INFO - Optimal value of theta: 5297.36271403.
2022-02-04 10:24:24,212 - INFO - Beginning optimization with guess, [7.92].
2022-02-04 10:24:24,742 - INFO - Finished optimization with guess, [7.92].
2022-02-04 10:24:24,743 - INFO - Best fit parameters: [8.].
2022-02-04 10:24:25,008 - INFO - Maximum log composite likelihood: -194.945099937.
2022-02-04 10:24:25,008 - INFO - Optimal value of theta: 5297.36271403.
2022-02-04 10:24:25,009 - INFO - Beginning optimization with guess, [7.92].
2022-02-04 10:24:25,538 - INFO - Finished optimization with guess, [7.92].
2022-02-04 10:24:25,538 - INFO - Best fit parameters: [8.].
2022-02-04 10:24:25,805 - INFO - Maximum log composite likelihood: -194.945099937.
2022-02-04 10:24:25,806 - INFO - Optimal value of theta: 5297.36271403.
2022-02-04 10:24:25,806 - INFO - Beginning optimization with guess, [7.92].
2022-02-04 10:24:26,336 - INFO - Finished optimization with guess, [7.92].
2022-02-04 10:24:26,336 - INFO - Best fit parameters: [8.].
2022-02-04 10:24:26,603 - INFO - Maximum log composite likelihood: -194.945099937.
2022-02-04 10:24:26,603 - INFO - Optimal value of theta: 5297.36271403.
2022-02-04 10:24:26,604 - INFO - Beginning optimization with guess, [7.92].
2022-02-04 10:24:27,134 - INFO - Finished optimization with guess, [7.92].
2022-02-04 10:24:27,134 - INFO - Best fit parameters: [8.].
2022-02-04 10:24:27,400 - INFO - Maximum log composite likelihood: -194.945099937.
2022-02-04 10:24:27,401 - INFO - Optimal value of theta: 5297.36271403.
2022-02-04 10:24:27,401 - INFO - Beginning optimization with guess, [7.92].
2022-02-04 10:24:27,933 - INFO - Finished optimization with guess, [7.92].
2022-02-04 10:24:27,933 - INFO - Best fit parameters: [8.].
2022-02-04 10:24:28,198 - INFO - Maximum log composite likelihood: -194.945099937.
2022-02-04 10:24:28,199 - INFO - Optimal value of theta: 5297.36271403.
2022-02-04 10:24:28,199 - INFO - Beginning optimization with guess, [7.92].
2022-02-04 10:24:28,730 - INFO - Finished optimization with guess, [7.92].
2022-02-04 10:24:28,730 - INFO - Best fit parameters: [8.].
2022-02-04 10:24:29,000 - INFO - Maximum log composite likelihood: -194.945099937.
2022-02-04 10:24:29,001 - INFO - Optimal value of theta: 5297.36271403.
2022-02-04 10:24:29,005 - INFO - Beginning demographic inference for two-epoch demographic model.
2022-02-04 10:24:29,006 - INFO - Beginning optimization with guess, [1.15061915e-01 5.84313792e-06].
2022-02-04 10:24:37,979 - INFO - Finished optimization with guess, [1.15061915e-01 5.84313792e-06].
2022-02-04 10:24:37,980 - INFO - Best fit parameters: [1.06038061e-02 5.09641309e-05].
2022-02-04 10:24:38,245 - INFO - Maximum log composite likelihood: -182.868836052.
2022-02-04 10:24:38,246 - INFO - Optimal value of theta: 5401.74121567.
2022-02-04 10:24:38,246 - INFO - Beginning optimization with guess, [2.08806763e-01 9.08037126e-06].
2022-02-04 10:24:47,543 - INFO - Finished optimization with guess, [2.08806763e-01 9.08037126e-06].
2022-02-04 10:24:47,544 - INFO - Best fit parameters: [1.51738741e-02 7.97316730e-05].
2022-02-04 10:24:47,809 - INFO - Maximum log composite likelihood: -182.781394466.
2022-02-04 10:24:47,810 - INFO - Optimal value of theta: 5410.849057.
2022-02-04 10:24:47,810 - INFO - Beginning optimization with guess, [4.73274667e-01 5.41325582e-06].
2022-02-04 10:24:56,590 - INFO - Finished optimization with guess, [4.73274667e-01 5.41325582e-06].
2022-02-04 10:24:56,591 - INFO - Best fit parameters: [9.33043389e-03 4.66797017e-05].
2022-02-04 10:24:56,858 - INFO - Maximum log composite likelihood: -182.815369718.
2022-02-04 10:24:56,859 - INFO - Optimal value of theta: 5406.12899688.
2022-02-04 10:24:56,859 - INFO - Beginning optimization with guess, [7.99836469e-01 9.87340357e-06].
2022-02-04 10:25:04,820 - INFO - Finished optimization with guess, [7.99836469e-01 9.87340357e-06].
2022-02-04 10:25:04,820 - INFO - Best fit parameters: [5.66495924e-03 3.31645103e-05].
2022-02-04 10:25:05,085 - INFO - Maximum log composite likelihood: -182.910400599.
2022-02-04 10:25:05,086 - INFO - Optimal value of theta: 5424.78848915.
2022-02-04 10:25:05,086 - INFO - Beginning optimization with guess, [3.66349316e-01 5.20118778e-06].
2022-02-04 10:25:15,631 - INFO - Finished optimization with guess, [3.66349316e-01 5.20118778e-06].
2022-02-04 10:25:15,632 - INFO - Best fit parameters: [1.01669118e-02 5.45480114e-05].
2022-02-04 10:25:15,898 - INFO - Maximum log composite likelihood: -182.788461746.
2022-02-04 10:25:15,899 - INFO - Optimal value of theta: 5413.80644563.
2022-02-04 10:25:15,899 - INFO - Beginning optimization with guess, [4.23785928e-01 1.20615858e-05].
2022-02-04 10:25:23,074 - INFO - Finished optimization with guess, [4.23785928e-01 1.20615858e-05].
2022-02-04 10:25:23,076 - INFO - Best fit parameters: [1.91035644e-02 8.47137587e-05].
2022-02-04 10:25:23,342 - INFO - Maximum log composite likelihood: -183.069280706.
2022-02-04 10:25:23,342 - INFO - Optimal value of theta: 5392.82379552.
2022-02-04 10:25:23,343 - INFO - Beginning optimization with guess, [5.83502227e-01 5.68376025e-06].
2022-02-04 10:25:31,302 - INFO - Finished optimization with guess, [5.83502227e-01 5.68376025e-06].
2022-02-04 10:25:31,303 - INFO - Best fit parameters: [7.35035630e-03 3.88202721e-05].
2022-02-04 10:25:31,569 - INFO - Maximum log composite likelihood: -182.79070172.
2022-02-04 10:25:31,570 - INFO - Optimal value of theta: 5412.34718812.
2022-02-04 10:25:31,570 - INFO - Beginning optimization with guess, [1.00702477e+00 5.20685232e-06].
2022-02-04 10:25:41,145 - INFO - Finished optimization with guess, [1.00702477e+00 5.20685232e-06].
2022-02-04 10:25:41,145 - INFO - Best fit parameters: [1.30188189e-03 5.90139505e-06].
2022-02-04 10:25:41,413 - INFO - Maximum log composite likelihood: -182.971956896.
2022-02-04 10:25:41,414 - INFO - Optimal value of theta: 5396.75600353.
2022-02-04 10:25:41,414 - INFO - Beginning optimization with guess, [1.65008769e+00 6.61866336e-06].
2022-02-04 10:26:18,360 - INFO - Finished optimization with guess, [1.65008769e+00 6.61866336e-06].
2022-02-04 10:26:18,361 - INFO - Best fit parameters: [9.59075418e-13 4.34924125e-11].
2022-02-04 10:26:20,922 - INFO - Maximum log composite likelihood: -194.945083064.
2022-02-04 10:26:20,923 - INFO - Optimal value of theta: 5.52340570043e+15.
2022-02-04 10:26:20,923 - INFO - Beginning optimization with guess, [6.41978881e-01 6.09626055e-06].
2022-02-04 10:36:44,663 - INFO - Finished optimization with guess, [6.41978881e-01 6.09626055e-06].
2022-02-04 10:36:44,664 - INFO - Best fit parameters: [8.1417963e-03 3.2453985e-05].
2022-02-04 10:36:44,931 - INFO - Maximum log composite likelihood: -183.401755681.
2022-02-04 10:36:44,932 - INFO - Optimal value of theta: 5384.0676853.
2022-02-04 10:36:44,932 - INFO - Beginning optimization with guess, [1.09417314e+00 1.55697894e-05].
2022-02-04 10:36:52,909 - INFO - Finished optimization with guess, [1.09417314e+00 1.55697894e-05].
2022-02-04 10:36:52,910 - INFO - Best fit parameters: [2.68809734e-03 1.38843203e-05].
2022-02-04 10:36:53,176 - INFO - Maximum log composite likelihood: -182.798829265.
2022-02-04 10:36:53,177 - INFO - Optimal value of theta: 5410.38695691.
2022-02-04 10:36:53,177 - INFO - Beginning optimization with guess, [7.71934461e-01 7.37606843e-06].
2022-02-04 12:01:24,124 - INFO - Finished optimization with guess, [7.71934461e-01 7.37606843e-06].
2022-02-04 12:01:24,146 - INFO - Best fit parameters: [5.16728675e-03 2.71233029e-05].
2022-02-04 12:01:24,413 - INFO - Maximum log composite likelihood: -182.793705389.
2022-02-04 12:01:24,414 - INFO - Optimal value of theta: 5411.90882469.
2022-02-04 12:01:24,414 - INFO - Beginning optimization with guess, [1.82301608e+00 7.72903353e-06].
