2023-02-17 16:16:34,038 - INFO - Beginning execution of fit_one_epoch.py in directory /u/project/ngarud/jonmah/demo_for_ccgb/Scripts

2023-02-17 16:16:34,038 - INFO - Progress is being logged to ../Analysis/Bacteroides_caccae_53434_downsampled_16/log.log

2023-02-17 16:16:34,039 - INFO - Parsed the following arguments:
	syn_input_sfs = ../Analysis/Bacteroides_caccae_53434_downsampled_16/empirical_sfs.txt
	mask_singletons = False
	mask_doubletons = False
	outprefix = ../Analysis/Bacteroides_caccae_53434_downsampled_16/

2023-02-17 16:16:34,046 - INFO - Beginning demographic inference for one-epoch demographic model.
2023-02-17 16:16:34,049 - INFO - Beginning optimization with guess, [0.06991785].
2023-02-17 16:16:34,151 - INFO - Finished optimization with guess, [0.06991785].
2023-02-17 16:16:34,151 - INFO - Best fit parameters: [0.06991785].
2023-02-17 16:16:34,200 - INFO - Maximum log composite likelihood: -68.42155328457329.
2023-02-17 16:16:34,201 - INFO - Optimal value of theta: 4369.819196980336.
2023-02-17 16:16:34,201 - INFO - Beginning optimization with guess, [0.37531352].
2023-02-17 16:16:34,301 - INFO - Finished optimization with guess, [0.37531352].
2023-02-17 16:16:34,301 - INFO - Best fit parameters: [0.37531352].
2023-02-17 16:16:34,350 - INFO - Maximum log composite likelihood: -68.42155328457329.
2023-02-17 16:16:34,350 - INFO - Optimal value of theta: 4369.819196980336.
2023-02-17 16:16:34,350 - INFO - Beginning optimization with guess, [0.32801389].
2023-02-17 16:16:34,450 - INFO - Finished optimization with guess, [0.32801389].
2023-02-17 16:16:34,450 - INFO - Best fit parameters: [0.32801389].
2023-02-17 16:16:34,499 - INFO - Maximum log composite likelihood: -68.42155328457329.
2023-02-17 16:16:34,500 - INFO - Optimal value of theta: 4369.819196980336.
2023-02-17 16:16:34,500 - INFO - Beginning optimization with guess, [0.3174954].
2023-02-17 16:16:34,602 - INFO - Finished optimization with guess, [0.3174954].
2023-02-17 16:16:34,603 - INFO - Best fit parameters: [0.3174954].
2023-02-17 16:16:34,652 - INFO - Maximum log composite likelihood: -68.42155328457329.
2023-02-17 16:16:34,653 - INFO - Optimal value of theta: 4369.819196980336.
2023-02-17 16:16:34,653 - INFO - Beginning optimization with guess, [0.52335768].
2023-02-17 16:16:34,752 - INFO - Finished optimization with guess, [0.52335768].
2023-02-17 16:16:34,752 - INFO - Best fit parameters: [0.52335768].
2023-02-17 16:16:34,801 - INFO - Maximum log composite likelihood: -68.42155328457329.
2023-02-17 16:16:34,801 - INFO - Optimal value of theta: 4369.819196980336.
2023-02-17 16:16:34,802 - INFO - Beginning optimization with guess, [0.3043976].
2023-02-17 16:16:34,901 - INFO - Finished optimization with guess, [0.3043976].
2023-02-17 16:16:34,901 - INFO - Best fit parameters: [0.3043976].
2023-02-17 16:16:34,950 - INFO - Maximum log composite likelihood: -68.42155328457329.
2023-02-17 16:16:34,950 - INFO - Optimal value of theta: 4369.819196980336.
2023-02-17 16:16:34,950 - INFO - Beginning optimization with guess, [1.17882138].
2023-02-17 16:16:35,050 - INFO - Finished optimization with guess, [1.17882138].
2023-02-17 16:16:35,050 - INFO - Best fit parameters: [1.17882138].
2023-02-17 16:16:35,100 - INFO - Maximum log composite likelihood: -68.42155328457329.
2023-02-17 16:16:35,100 - INFO - Optimal value of theta: 4369.819196980336.
2023-02-17 16:16:35,100 - INFO - Beginning optimization with guess, [0.45516547].
2023-02-17 16:16:35,201 - INFO - Finished optimization with guess, [0.45516547].
2023-02-17 16:16:35,202 - INFO - Best fit parameters: [0.45516547].
2023-02-17 16:16:35,250 - INFO - Maximum log composite likelihood: -68.42155328457329.
2023-02-17 16:16:35,251 - INFO - Optimal value of theta: 4369.819196980336.
2023-02-17 16:16:35,251 - INFO - Beginning optimization with guess, [1.67305247].
2023-02-17 16:16:35,350 - INFO - Finished optimization with guess, [1.67305247].
2023-02-17 16:16:35,350 - INFO - Best fit parameters: [1.67305247].
2023-02-17 16:16:35,400 - INFO - Maximum log composite likelihood: -68.42155328457329.
2023-02-17 16:16:35,400 - INFO - Optimal value of theta: 4369.819196980336.
2023-02-17 16:16:35,401 - INFO - Beginning optimization with guess, [0.92649626].
2023-02-17 16:16:35,503 - INFO - Finished optimization with guess, [0.92649626].
2023-02-17 16:16:35,504 - INFO - Best fit parameters: [0.92649626].
2023-02-17 16:16:35,555 - INFO - Maximum log composite likelihood: -68.42155328457329.
2023-02-17 16:16:35,556 - INFO - Optimal value of theta: 4369.819196980336.
2023-02-17 16:16:35,556 - INFO - Beginning optimization with guess, [1.51520007].
2023-02-17 16:16:35,656 - INFO - Finished optimization with guess, [1.51520007].
2023-02-17 16:16:35,656 - INFO - Best fit parameters: [1.51520007].
2023-02-17 16:16:35,704 - INFO - Maximum log composite likelihood: -68.42155328457329.
2023-02-17 16:16:35,705 - INFO - Optimal value of theta: 4369.819196980336.
2023-02-17 16:16:35,705 - INFO - Beginning optimization with guess, [2.36947554].
2023-02-17 16:16:35,804 - INFO - Finished optimization with guess, [2.36947554].
2023-02-17 16:16:35,804 - INFO - Best fit parameters: [2.36947554].
2023-02-17 16:16:35,853 - INFO - Maximum log composite likelihood: -68.42155328457329.
2023-02-17 16:16:35,854 - INFO - Optimal value of theta: 4369.819196980336.
2023-02-17 16:16:35,854 - INFO - Beginning optimization with guess, [1.16706999].
2023-02-17 16:16:35,953 - INFO - Finished optimization with guess, [1.16706999].
2023-02-17 16:16:35,953 - INFO - Best fit parameters: [1.16706999].
2023-02-17 16:16:36,002 - INFO - Maximum log composite likelihood: -68.42155328457329.
2023-02-17 16:16:36,002 - INFO - Optimal value of theta: 4369.819196980336.
2023-02-17 16:16:36,003 - INFO - Beginning optimization with guess, [3.18820455].
2023-02-17 16:16:36,102 - INFO - Finished optimization with guess, [3.18820455].
2023-02-17 16:16:36,102 - INFO - Best fit parameters: [3.18820455].
2023-02-17 16:16:36,150 - INFO - Maximum log composite likelihood: -68.42155328457329.
2023-02-17 16:16:36,151 - INFO - Optimal value of theta: 4369.819196980336.
2023-02-17 16:16:36,151 - INFO - Beginning optimization with guess, [3.80987893].
2023-02-17 16:16:36,251 - INFO - Finished optimization with guess, [3.80987893].
2023-02-17 16:16:36,251 - INFO - Best fit parameters: [3.80987893].
2023-02-17 16:16:36,300 - INFO - Maximum log composite likelihood: -68.42155328457329.
2023-02-17 16:16:36,301 - INFO - Optimal value of theta: 4369.819196980336.
2023-02-17 16:16:36,301 - INFO - Beginning optimization with guess, [3.54305743].
2023-02-17 16:16:36,401 - INFO - Finished optimization with guess, [3.54305743].
2023-02-17 16:16:36,401 - INFO - Best fit parameters: [3.54305743].
2023-02-17 16:16:36,450 - INFO - Maximum log composite likelihood: -68.42155328457329.
2023-02-17 16:16:36,451 - INFO - Optimal value of theta: 4369.819196980336.
2023-02-17 16:16:36,451 - INFO - Beginning optimization with guess, [1.68216339].
2023-02-17 16:16:36,553 - INFO - Finished optimization with guess, [1.68216339].
2023-02-17 16:16:36,553 - INFO - Best fit parameters: [1.68216339].
2023-02-17 16:16:36,602 - INFO - Maximum log composite likelihood: -68.42155328457329.
2023-02-17 16:16:36,603 - INFO - Optimal value of theta: 4369.819196980336.
2023-02-17 16:16:36,603 - INFO - Beginning optimization with guess, [2.58755952].
2023-02-17 16:16:36,703 - INFO - Finished optimization with guess, [2.58755952].
2023-02-17 16:16:36,703 - INFO - Best fit parameters: [2.58755952].
2023-02-17 16:16:36,753 - INFO - Maximum log composite likelihood: -68.42155328457329.
2023-02-17 16:16:36,753 - INFO - Optimal value of theta: 4369.819196980336.
2023-02-17 16:16:36,754 - INFO - Beginning optimization with guess, [3.4520188].
2023-02-17 16:16:36,853 - INFO - Finished optimization with guess, [3.4520188].
2023-02-17 16:16:36,853 - INFO - Best fit parameters: [3.4520188].
2023-02-17 16:16:36,901 - INFO - Maximum log composite likelihood: -68.42155328457329.
2023-02-17 16:16:36,902 - INFO - Optimal value of theta: 4369.819196980336.
2023-02-17 16:16:36,902 - INFO - Beginning optimization with guess, [1.96012558].
2023-02-17 16:16:37,001 - INFO - Finished optimization with guess, [1.96012558].
2023-02-17 16:16:37,002 - INFO - Best fit parameters: [1.96012558].
2023-02-17 16:16:37,051 - INFO - Maximum log composite likelihood: -68.42155328457329.
2023-02-17 16:16:37,052 - INFO - Optimal value of theta: 4369.819196980336.
2023-02-17 16:16:37,052 - INFO - Beginning optimization with guess, [2.40841356].
2023-02-17 16:16:37,162 - INFO - Finished optimization with guess, [2.40841356].
2023-02-17 16:16:37,162 - INFO - Best fit parameters: [2.40841356].
2023-02-17 16:16:37,211 - INFO - Maximum log composite likelihood: -68.42155328457329.
2023-02-17 16:16:37,211 - INFO - Optimal value of theta: 4369.819196980336.
2023-02-17 16:16:37,211 - INFO - Beginning optimization with guess, [6.87077502].
2023-02-17 16:16:37,314 - INFO - Finished optimization with guess, [6.87077502].
2023-02-17 16:16:37,314 - INFO - Best fit parameters: [6.87077502].
2023-02-17 16:16:37,364 - INFO - Maximum log composite likelihood: -68.42155328457329.
2023-02-17 16:16:37,364 - INFO - Optimal value of theta: 4369.819196980336.
2023-02-17 16:16:37,365 - INFO - Beginning optimization with guess, [3.43612568].
2023-02-17 16:16:37,465 - INFO - Finished optimization with guess, [3.43612568].
2023-02-17 16:16:37,466 - INFO - Best fit parameters: [3.43612568].
2023-02-17 16:16:37,515 - INFO - Maximum log composite likelihood: -68.42155328457329.
2023-02-17 16:16:37,516 - INFO - Optimal value of theta: 4369.819196980336.
2023-02-17 16:16:37,516 - INFO - Beginning optimization with guess, [6.16331336].
2023-02-17 16:16:37,615 - INFO - Finished optimization with guess, [6.16331336].
2023-02-17 16:16:37,616 - INFO - Best fit parameters: [6.16331336].
2023-02-17 16:16:37,666 - INFO - Maximum log composite likelihood: -68.42155328457329.
2023-02-17 16:16:37,666 - INFO - Optimal value of theta: 4369.819196980336.
2023-02-17 16:16:37,666 - INFO - Beginning optimization with guess, [10.73238139].
2023-02-17 16:16:37,766 - INFO - Finished optimization with guess, [10.73238139].
2023-02-17 16:16:37,766 - INFO - Best fit parameters: [10.73238139].
2023-02-17 16:16:37,815 - INFO - Maximum log composite likelihood: -68.42155328457329.
2023-02-17 16:16:37,816 - INFO - Optimal value of theta: 4369.819196980336.
2023-02-17 16:16:37,818 - INFO - Finished demographic inference.
2023-02-17 16:16:37,819 - INFO - Pipeline executed succesfully.
