2022-11-02 15:30:31,327 - INFO - Beginning execution of fit_one_epoch.py in directory /u/project/ngarud/jonmah/demo_for_ccgb/Scripts

2022-11-02 15:30:31,327 - INFO - Progress is being logged to ../Analysis/Streptococcus_salivarius_58037_oral/unmasked/log.log

2022-11-02 15:30:31,327 - INFO - Parsed the following arguments:
	syn_input_sfs = ../Data/oral_microbiome_sfs/Streptococcus_salivarius_58037_sfs/folded_sfs_10.txt
	mask_singletons = False
	mask_doubletons = False
	outprefix = ../Analysis/Streptococcus_salivarius_58037_oral/unmasked/

2022-11-02 15:30:31,351 - INFO - Beginning demographic inference for one-epoch demographic model.
2022-11-02 15:30:31,353 - INFO - Beginning optimization with guess, [0.07419668].
2022-11-02 15:30:31,407 - INFO - Finished optimization with guess, [0.07419668].
2022-11-02 15:30:31,407 - INFO - Best fit parameters: [0.07419668].
2022-11-02 15:30:31,439 - INFO - Maximum log composite likelihood: -25815.22280647847.
2022-11-02 15:30:31,440 - INFO - Optimal value of theta: 39163.36735081745.
2022-11-02 15:30:31,440 - INFO - Beginning optimization with guess, [0.34811336].
2022-11-02 15:30:31,494 - INFO - Finished optimization with guess, [0.34811336].
2022-11-02 15:30:31,494 - INFO - Best fit parameters: [0.34811336].
2022-11-02 15:30:31,520 - INFO - Maximum log composite likelihood: -25815.22280647847.
2022-11-02 15:30:31,520 - INFO - Optimal value of theta: 39163.36735081745.
2022-11-02 15:30:31,521 - INFO - Beginning optimization with guess, [0.22656081].
2022-11-02 15:30:31,572 - INFO - Finished optimization with guess, [0.22656081].
2022-11-02 15:30:31,572 - INFO - Best fit parameters: [0.22656081].
2022-11-02 15:30:31,598 - INFO - Maximum log composite likelihood: -25815.22280647847.
2022-11-02 15:30:31,598 - INFO - Optimal value of theta: 39163.36735081745.
2022-11-02 15:30:31,599 - INFO - Beginning optimization with guess, [0.28805651].
2022-11-02 15:30:31,651 - INFO - Finished optimization with guess, [0.28805651].
2022-11-02 15:30:31,652 - INFO - Best fit parameters: [0.28805651].
2022-11-02 15:30:31,676 - INFO - Maximum log composite likelihood: -25815.22280647847.
2022-11-02 15:30:31,677 - INFO - Optimal value of theta: 39163.36735081745.
2022-11-02 15:30:31,677 - INFO - Beginning optimization with guess, [0.69212937].
2022-11-02 15:30:31,731 - INFO - Finished optimization with guess, [0.69212937].
2022-11-02 15:30:31,731 - INFO - Best fit parameters: [0.69212937].
2022-11-02 15:30:31,757 - INFO - Maximum log composite likelihood: -25815.22280647847.
2022-11-02 15:30:31,758 - INFO - Optimal value of theta: 39163.36735081745.
2022-11-02 15:30:31,758 - INFO - Beginning optimization with guess, [0.89024699].
2022-11-02 15:30:31,810 - INFO - Finished optimization with guess, [0.89024699].
2022-11-02 15:30:31,810 - INFO - Best fit parameters: [0.89024699].
2022-11-02 15:30:31,836 - INFO - Maximum log composite likelihood: -25815.22280647847.
2022-11-02 15:30:31,837 - INFO - Optimal value of theta: 39163.36735081745.
2022-11-02 15:30:31,837 - INFO - Beginning optimization with guess, [1.38893324].
2022-11-02 15:30:31,889 - INFO - Finished optimization with guess, [1.38893324].
2022-11-02 15:30:31,889 - INFO - Best fit parameters: [1.38893324].
2022-11-02 15:30:31,915 - INFO - Maximum log composite likelihood: -25815.22280647847.
2022-11-02 15:30:31,915 - INFO - Optimal value of theta: 39163.36735081745.
2022-11-02 15:30:31,916 - INFO - Beginning optimization with guess, [0.52439414].
2022-11-02 15:30:31,968 - INFO - Finished optimization with guess, [0.52439414].
2022-11-02 15:30:31,969 - INFO - Best fit parameters: [0.52439414].
2022-11-02 15:30:31,995 - INFO - Maximum log composite likelihood: -25815.22280647847.
2022-11-02 15:30:31,996 - INFO - Optimal value of theta: 39163.36735081745.
2022-11-02 15:30:31,996 - INFO - Beginning optimization with guess, [1.65156778].
2022-11-02 15:30:32,048 - INFO - Finished optimization with guess, [1.65156778].
2022-11-02 15:30:32,048 - INFO - Best fit parameters: [1.65156778].
2022-11-02 15:30:32,074 - INFO - Maximum log composite likelihood: -25815.22280647847.
2022-11-02 15:30:32,075 - INFO - Optimal value of theta: 39163.36735081745.
2022-11-02 15:30:32,075 - INFO - Beginning optimization with guess, [0.74010684].
2022-11-02 15:30:32,128 - INFO - Finished optimization with guess, [0.74010684].
2022-11-02 15:30:32,128 - INFO - Best fit parameters: [0.74010684].
2022-11-02 15:30:32,154 - INFO - Maximum log composite likelihood: -25815.22280647847.
2022-11-02 15:30:32,155 - INFO - Optimal value of theta: 39163.36735081745.
2022-11-02 15:30:32,155 - INFO - Beginning optimization with guess, [1.876273].
2022-11-02 15:30:32,208 - INFO - Finished optimization with guess, [1.876273].
2022-11-02 15:30:32,208 - INFO - Best fit parameters: [1.876273].
2022-11-02 15:30:32,234 - INFO - Maximum log composite likelihood: -25815.22280647847.
2022-11-02 15:30:32,235 - INFO - Optimal value of theta: 39163.36735081745.
2022-11-02 15:30:32,235 - INFO - Beginning optimization with guess, [2.44856401].
2022-11-02 15:30:32,287 - INFO - Finished optimization with guess, [2.44856401].
2022-11-02 15:30:32,288 - INFO - Best fit parameters: [2.44856401].
2022-11-02 15:30:32,313 - INFO - Maximum log composite likelihood: -25815.22280647847.
2022-11-02 15:30:32,314 - INFO - Optimal value of theta: 39163.36735081745.
2022-11-02 15:30:32,314 - INFO - Beginning optimization with guess, [1.50704765].
2022-11-02 15:30:32,365 - INFO - Finished optimization with guess, [1.50704765].
2022-11-02 15:30:32,365 - INFO - Best fit parameters: [1.50704765].
2022-11-02 15:30:32,391 - INFO - Maximum log composite likelihood: -25815.22280647847.
2022-11-02 15:30:32,392 - INFO - Optimal value of theta: 39163.36735081745.
2022-11-02 15:30:32,393 - INFO - Beginning optimization with guess, [1.73940967].
2022-11-02 15:30:32,447 - INFO - Finished optimization with guess, [1.73940967].
2022-11-02 15:30:32,448 - INFO - Best fit parameters: [1.73940967].
2022-11-02 15:30:32,474 - INFO - Maximum log composite likelihood: -25815.22280647847.
2022-11-02 15:30:32,475 - INFO - Optimal value of theta: 39163.36735081745.
2022-11-02 15:30:32,475 - INFO - Beginning optimization with guess, [4.28376701].
2022-11-02 15:30:32,526 - INFO - Finished optimization with guess, [4.28376701].
2022-11-02 15:30:32,526 - INFO - Best fit parameters: [4.28376701].
2022-11-02 15:30:32,553 - INFO - Maximum log composite likelihood: -25815.22280647847.
2022-11-02 15:30:32,553 - INFO - Optimal value of theta: 39163.36735081745.
2022-11-02 15:30:32,554 - INFO - Beginning optimization with guess, [3.19498672].
2022-11-02 15:30:32,605 - INFO - Finished optimization with guess, [3.19498672].
2022-11-02 15:30:32,605 - INFO - Best fit parameters: [3.19498672].
2022-11-02 15:30:32,631 - INFO - Maximum log composite likelihood: -25815.22280647847.
2022-11-02 15:30:32,631 - INFO - Optimal value of theta: 39163.36735081745.
2022-11-02 15:30:32,632 - INFO - Beginning optimization with guess, [2.72686319].
2022-11-02 15:30:32,684 - INFO - Finished optimization with guess, [2.72686319].
2022-11-02 15:30:32,684 - INFO - Best fit parameters: [2.72686319].
2022-11-02 15:30:32,709 - INFO - Maximum log composite likelihood: -25815.22280647847.
2022-11-02 15:30:32,710 - INFO - Optimal value of theta: 39163.36735081745.
2022-11-02 15:30:32,710 - INFO - Beginning optimization with guess, [1.66504842].
2022-11-02 15:30:32,763 - INFO - Finished optimization with guess, [1.66504842].
2022-11-02 15:30:32,763 - INFO - Best fit parameters: [1.66504842].
2022-11-02 15:30:32,789 - INFO - Maximum log composite likelihood: -25815.22280647847.
2022-11-02 15:30:32,789 - INFO - Optimal value of theta: 39163.36735081745.
2022-11-02 15:30:32,790 - INFO - Beginning optimization with guess, [2.12386792].
2022-11-02 15:30:32,844 - INFO - Finished optimization with guess, [2.12386792].
2022-11-02 15:30:32,844 - INFO - Best fit parameters: [2.12386792].
2022-11-02 15:30:32,871 - INFO - Maximum log composite likelihood: -25815.22280647847.
2022-11-02 15:30:32,872 - INFO - Optimal value of theta: 39163.36735081745.
2022-11-02 15:30:32,872 - INFO - Beginning optimization with guess, [6.39224318].
2022-11-02 15:30:32,923 - INFO - Finished optimization with guess, [6.39224318].
2022-11-02 15:30:32,923 - INFO - Best fit parameters: [6.39224318].
2022-11-02 15:30:32,950 - INFO - Maximum log composite likelihood: -25815.22280647847.
2022-11-02 15:30:32,951 - INFO - Optimal value of theta: 39163.36735081745.
2022-11-02 15:30:32,951 - INFO - Beginning optimization with guess, [3.44403995].
2022-11-02 15:30:33,004 - INFO - Finished optimization with guess, [3.44403995].
2022-11-02 15:30:33,005 - INFO - Best fit parameters: [3.44403995].
2022-11-02 15:30:33,031 - INFO - Maximum log composite likelihood: -25815.22280647847.
2022-11-02 15:30:33,032 - INFO - Optimal value of theta: 39163.36735081745.
2022-11-02 15:30:33,032 - INFO - Beginning optimization with guess, [2.77694367].
2022-11-02 15:30:33,085 - INFO - Finished optimization with guess, [2.77694367].
2022-11-02 15:30:33,085 - INFO - Best fit parameters: [2.77694367].
2022-11-02 15:30:33,111 - INFO - Maximum log composite likelihood: -25815.22280647847.
2022-11-02 15:30:33,112 - INFO - Optimal value of theta: 39163.36735081745.
2022-11-02 15:30:33,113 - INFO - Beginning optimization with guess, [5.09093587].
2022-11-02 15:30:33,167 - INFO - Finished optimization with guess, [5.09093587].
2022-11-02 15:30:33,167 - INFO - Best fit parameters: [5.09093587].
2022-11-02 15:30:33,193 - INFO - Maximum log composite likelihood: -25815.22280647847.
2022-11-02 15:30:33,193 - INFO - Optimal value of theta: 39163.36735081745.
2022-11-02 15:30:33,194 - INFO - Beginning optimization with guess, [9.22410576].
2022-11-02 15:30:33,246 - INFO - Finished optimization with guess, [9.22410576].
2022-11-02 15:30:33,246 - INFO - Best fit parameters: [9.22410576].
2022-11-02 15:30:33,272 - INFO - Maximum log composite likelihood: -25815.22280647847.
2022-11-02 15:30:33,272 - INFO - Optimal value of theta: 39163.36735081745.
2022-11-02 15:30:33,273 - INFO - Beginning optimization with guess, [13.44061627].
2022-11-02 15:30:33,324 - INFO - Finished optimization with guess, [13.44061627].
2022-11-02 15:30:33,325 - INFO - Best fit parameters: [13.44061627].
2022-11-02 15:30:33,351 - INFO - Maximum log composite likelihood: -25815.22280647847.
2022-11-02 15:30:33,352 - INFO - Optimal value of theta: 39163.36735081745.
2022-11-02 15:30:33,354 - INFO - Finished demographic inference.
2022-11-02 15:30:33,355 - INFO - Pipeline executed succesfully.
