2022-08-25 14:14:45,988 - INFO - Beginning execution of fit_one_epoch.py in directory /u/project/ngarud/jonmah/demo_for_ccgb/Scripts

2022-08-25 14:14:45,988 - INFO - Progress is being logged to ../Analysis/Alistipes_finegoldii_56071_downsampled/log.log

2022-08-25 14:14:45,988 - INFO - Parsed the following arguments:
	mask_doubletons = False
	syn_input_sfs = ../Analysis/Alistipes_finegoldii_56071_downsampled/empirical_sfs.txt
	mask_singletons = True
	outprefix = ../Analysis/Alistipes_finegoldii_56071_downsampled/

2022-08-25 14:14:46,006 - INFO - Beginning demographic inference for exponential growth demographic model.
2022-08-25 14:14:46,008 - INFO - Beginning optimization with guess, [7.39408850e-07 1.61497142e-06].
2022-08-25 14:14:48,404 - INFO - Finished optimization with guess, [7.39408850e-07 1.61497142e-06].
2022-08-25 14:14:48,406 - INFO - Best fit parameters: [1.47651038e-06 5.06929691e-07].
2022-08-25 14:14:48,499 - INFO - Maximum log composite likelihood: -54.1524416767.
2022-08-25 14:14:48,500 - INFO - Optimal value of theta: 8036.8569496.
2022-08-25 14:14:48,501 - INFO - Beginning optimization with guess, [1.29830586e-05 6.29243273e-07].
2022-08-25 14:14:49,751 - INFO - Finished optimization with guess, [1.29830586e-05 6.29243273e-07].
2022-08-25 14:14:49,752 - INFO - Best fit parameters: [2.38232236e-06 8.18307439e-07].
2022-08-25 14:14:49,860 - INFO - Maximum log composite likelihood: -54.1524306214.
2022-08-25 14:14:49,861 - INFO - Optimal value of theta: 8037.86177818.
2022-08-25 14:14:49,862 - INFO - Beginning optimization with guess, [8.89827197e-05 1.85974324e-06].
2022-08-25 14:14:51,142 - INFO - Finished optimization with guess, [8.89827197e-05 1.85974324e-06].
2022-08-25 14:14:51,142 - INFO - Best fit parameters: [1.03078252e-05 3.53778827e-06].
2022-08-25 14:14:51,181 - INFO - Maximum log composite likelihood: -54.1523030688.
2022-08-25 14:14:51,181 - INFO - Optimal value of theta: 8036.11278149.
2022-08-25 14:14:51,182 - INFO - Beginning optimization with guess, [1.07320325e-03 5.27870400e-07].
2022-08-25 14:14:52,639 - INFO - Finished optimization with guess, [1.07320325e-03 5.27870400e-07].
2022-08-25 14:14:52,639 - INFO - Best fit parameters: [4.07499947e-05 1.39684143e-05].
2022-08-25 14:14:52,678 - INFO - Maximum log composite likelihood: -54.1519167495.
2022-08-25 14:14:52,679 - INFO - Optimal value of theta: 8033.3507289.
2022-08-25 14:14:52,679 - INFO - Beginning optimization with guess, [7.36231356e-03 1.01765079e-06].
2022-08-25 14:14:54,115 - INFO - Finished optimization with guess, [7.36231356e-03 1.01765079e-06].
2022-08-25 14:14:54,116 - INFO - Best fit parameters: [1.47305220e-04 5.05240692e-05].
2022-08-25 14:14:54,209 - INFO - Maximum log composite likelihood: -54.1501090632.
2022-08-25 14:14:54,210 - INFO - Optimal value of theta: 8034.34083545.
2022-08-25 14:14:54,211 - INFO - Beginning optimization with guess, [6.62418348e-01 5.11074691e-07].
2022-08-25 14:14:54,427 - INFO - Finished optimization with guess, [6.62418348e-01 5.11074691e-07].
2022-08-25 14:14:54,428 - INFO - Best fit parameters: [6.62418348e-01 5.11074691e-07].
2022-08-25 14:14:54,480 - INFO - Maximum log composite likelihood: -253.379863544.
2022-08-25 14:14:54,480 - INFO - Optimal value of theta: 6001.06109703.
2022-08-25 14:14:54,481 - INFO - Beginning optimization with guess, [5.80981443e-01 1.14617282e-06].
2022-08-25 14:14:54,601 - INFO - Finished optimization with guess, [5.80981443e-01 1.14617282e-06].
2022-08-25 14:14:54,601 - INFO - Best fit parameters: [5.80981443e-01 1.14617282e-06].
2022-08-25 14:14:54,638 - INFO - Maximum log composite likelihood: -253.379863374.
2022-08-25 14:14:54,638 - INFO - Optimal value of theta: 6001.06109734.
2022-08-25 14:14:54,638 - INFO - Beginning optimization with guess, [6.12209550e-01 1.59879035e-06].
2022-08-25 14:14:54,749 - INFO - Finished optimization with guess, [6.12209550e-01 1.59879035e-06].
2022-08-25 14:14:54,749 - INFO - Best fit parameters: [6.12209550e-01 1.59879035e-06].
2022-08-25 14:14:54,786 - INFO - Maximum log composite likelihood: -253.379863253.
2022-08-25 14:14:54,786 - INFO - Optimal value of theta: 6001.06109757.
2022-08-25 14:14:54,786 - INFO - Beginning optimization with guess, [5.01601452e-01 1.51190050e-06].
2022-08-25 14:14:54,897 - INFO - Finished optimization with guess, [5.01601452e-01 1.51190050e-06].
2022-08-25 14:14:54,897 - INFO - Best fit parameters: [5.01601452e-01 1.51190050e-06].
2022-08-25 14:14:54,934 - INFO - Maximum log composite likelihood: -253.379863027.
2022-08-25 14:14:54,934 - INFO - Optimal value of theta: 6001.06109799.
2022-08-25 14:14:54,934 - INFO - Beginning optimization with guess, [1.24887875e+00 1.00739412e-06].
2022-08-25 14:14:55,044 - INFO - Finished optimization with guess, [1.24887875e+00 1.00739412e-06].
2022-08-25 14:14:55,045 - INFO - Best fit parameters: [1.24887875e+00 1.00739412e-06].
2022-08-25 14:14:55,081 - INFO - Maximum log composite likelihood: -253.379863588.
2022-08-25 14:14:55,082 - INFO - Optimal value of theta: 6001.06109695.
2022-08-25 14:14:55,082 - INFO - Beginning optimization with guess, [1.65434476e+00 1.05016859e-06].
2022-08-25 14:14:55,193 - INFO - Finished optimization with guess, [1.65434476e+00 1.05016859e-06].
2022-08-25 14:14:55,193 - INFO - Best fit parameters: [1.65434476e+00 1.05016859e-06].
2022-08-25 14:14:55,230 - INFO - Maximum log composite likelihood: -253.3798636.
2022-08-25 14:14:55,230 - INFO - Optimal value of theta: 6001.06109692.
2022-08-25 14:14:55,231 - INFO - Beginning optimization with guess, [7.97355102e-01 1.21624389e-06].
2022-08-25 14:14:55,340 - INFO - Finished optimization with guess, [7.97355102e-01 1.21624389e-06].
2022-08-25 14:14:55,340 - INFO - Best fit parameters: [7.97355102e-01 1.21624389e-06].
2022-08-25 14:14:55,377 - INFO - Maximum log composite likelihood: -253.379863512.
2022-08-25 14:14:55,377 - INFO - Optimal value of theta: 6001.06109709.
2022-08-25 14:14:55,378 - INFO - Beginning optimization with guess, [1.80393905e+00 1.64240395e-06].
2022-08-25 14:14:55,487 - INFO - Finished optimization with guess, [1.80393905e+00 1.64240395e-06].
2022-08-25 14:14:55,487 - INFO - Best fit parameters: [1.80393905e+00 1.64240395e-06].
2022-08-25 14:14:55,524 - INFO - Maximum log composite likelihood: -253.379863648.
2022-08-25 14:14:55,524 - INFO - Optimal value of theta: 6001.06109683.
2022-08-25 14:14:55,525 - INFO - Beginning optimization with guess, [2.04607007e+00 1.16410880e-06].
2022-08-25 14:14:55,635 - INFO - Finished optimization with guess, [2.04607007e+00 1.16410880e-06].
2022-08-25 14:14:55,635 - INFO - Best fit parameters: [2.04607007e+00 1.16410880e-06].
2022-08-25 14:14:55,671 - INFO - Maximum log composite likelihood: -253.379863609.
2022-08-25 14:14:55,672 - INFO - Optimal value of theta: 6001.06109691.
2022-08-25 14:14:55,672 - INFO - Beginning optimization with guess, [2.45241994e+00 6.66140689e-07].
2022-08-25 14:14:55,782 - INFO - Finished optimization with guess, [2.45241994e+00 6.66140689e-07].
2022-08-25 14:14:55,782 - INFO - Best fit parameters: [2.45241994e+00 6.66140689e-07].
2022-08-25 14:14:55,818 - INFO - Maximum log composite likelihood: -253.379863581.
2022-08-25 14:14:55,819 - INFO - Optimal value of theta: 6001.06109696.
2022-08-25 14:14:55,819 - INFO - Beginning optimization with guess, [2.97508693e+00 7.90225662e-07].
2022-08-25 14:14:55,929 - INFO - Finished optimization with guess, [2.97508693e+00 7.90225662e-07].
2022-08-25 14:14:55,929 - INFO - Best fit parameters: [2.97508693e+00 7.90225662e-07].
2022-08-25 14:14:55,965 - INFO - Maximum log composite likelihood: -253.379863585.
2022-08-25 14:14:55,966 - INFO - Optimal value of theta: 6001.06109695.
2022-08-25 14:14:55,966 - INFO - Beginning optimization with guess, [3.24967340e+00 1.46935535e-06].
2022-08-25 14:14:56,076 - INFO - Finished optimization with guess, [3.24967340e+00 1.46935535e-06].
2022-08-25 14:14:56,076 - INFO - Best fit parameters: [3.24967340e+00 1.46935535e-06].
2022-08-25 14:14:56,113 - INFO - Maximum log composite likelihood: -253.379863624.
2022-08-25 14:14:56,113 - INFO - Optimal value of theta: 6001.06109688.
2022-08-25 14:14:56,114 - INFO - Beginning optimization with guess, [1.89443434e+00 1.88224023e-06].
2022-08-25 14:14:56,282 - INFO - Finished optimization with guess, [1.89443434e+00 1.88224023e-06].
2022-08-25 14:14:56,282 - INFO - Best fit parameters: [1.89443434e+00 1.88224023e-06].
2022-08-25 14:14:56,345 - INFO - Maximum log composite likelihood: -253.379863674.
2022-08-25 14:14:56,346 - INFO - Optimal value of theta: 6001.06109679.
2022-08-25 14:14:56,347 - INFO - Beginning optimization with guess, [5.55316785e+00 1.15401793e-06].
2022-08-25 14:14:56,476 - INFO - Finished optimization with guess, [5.55316785e+00 1.15401793e-06].
2022-08-25 14:14:56,476 - INFO - Best fit parameters: [5.55316785e+00 1.15401793e-06].
2022-08-25 14:14:56,512 - INFO - Maximum log composite likelihood: -253.379863592.
2022-08-25 14:14:56,513 - INFO - Optimal value of theta: 6001.06109694.
2022-08-25 14:14:56,513 - INFO - Beginning optimization with guess, [1.87410492e+00 1.97261066e-06].
2022-08-25 14:14:56,622 - INFO - Finished optimization with guess, [1.87410492e+00 1.97261066e-06].
2022-08-25 14:14:56,622 - INFO - Best fit parameters: [1.87410492e+00 1.97261066e-06].
2022-08-25 14:14:56,659 - INFO - Maximum log composite likelihood: -253.379863684.
2022-08-25 14:14:56,659 - INFO - Optimal value of theta: 6001.06109677.
2022-08-25 14:14:56,659 - INFO - Beginning optimization with guess, [6.49661105e+00 1.40136802e-06].
2022-08-25 14:14:56,769 - INFO - Finished optimization with guess, [6.49661105e+00 1.40136802e-06].
2022-08-25 14:14:56,769 - INFO - Best fit parameters: [6.49661105e+00 1.40136802e-06].
2022-08-25 14:14:56,805 - INFO - Maximum log composite likelihood: -253.379863599.
2022-08-25 14:14:56,806 - INFO - Optimal value of theta: 6001.06109692.
2022-08-25 14:14:56,806 - INFO - Beginning optimization with guess, [3.53149452e+00 1.84688836e-06].
2022-08-25 14:14:56,915 - INFO - Finished optimization with guess, [3.53149452e+00 1.84688836e-06].
2022-08-25 14:14:56,915 - INFO - Best fit parameters: [3.53149452e+00 1.84688836e-06].
2022-08-25 14:14:56,952 - INFO - Maximum log composite likelihood: -253.379863652.
2022-08-25 14:14:56,952 - INFO - Optimal value of theta: 6001.06109683.
2022-08-25 14:14:56,952 - INFO - Beginning optimization with guess, [3.91481376e+00 1.79510734e-06].
2022-08-25 14:14:57,061 - INFO - Finished optimization with guess, [3.91481376e+00 1.79510734e-06].
2022-08-25 14:14:57,061 - INFO - Best fit parameters: [3.91481376e+00 1.79510734e-06].
2022-08-25 14:14:57,098 - INFO - Maximum log composite likelihood: -253.379863642.
2022-08-25 14:14:57,098 - INFO - Optimal value of theta: 6001.06109684.
2022-08-25 14:14:57,098 - INFO - Beginning optimization with guess, [5.03645463e+00 6.20967694e-07].
2022-08-25 14:14:57,207 - INFO - Finished optimization with guess, [5.03645463e+00 6.20967694e-07].
2022-08-25 14:14:57,207 - INFO - Best fit parameters: [5.03645463e+00 6.20967694e-07].
2022-08-25 14:14:57,253 - INFO - Maximum log composite likelihood: -253.379863576.
2022-08-25 14:14:57,253 - INFO - Optimal value of theta: 6001.06109697.
2022-08-25 14:14:57,254 - INFO - Beginning optimization with guess, [1.52987020e+01 6.47128708e-07].
2022-08-25 14:14:57,398 - INFO - Finished optimization with guess, [1.52987020e+01 6.47128708e-07].
2022-08-25 14:14:57,398 - INFO - Best fit parameters: [1.52987020e+01 6.47128708e-07].
2022-08-25 14:14:57,436 - INFO - Maximum log composite likelihood: -253.379863572.
2022-08-25 14:14:57,436 - INFO - Optimal value of theta: 6001.06109698.
2022-08-25 14:14:57,439 - INFO - Beginning demographic inference for two-epoch demographic model.
2022-08-25 14:14:57,441 - INFO - Beginning optimization with guess, [6.79127461e-07 1.40216195e-06].
2022-08-25 14:14:58,213 - INFO - Finished optimization with guess, [6.79127461e-07 1.40216195e-06].
2022-08-25 14:14:58,213 - INFO - Best fit parameters: [8.00000000e+01 7.57601645e-65].
2022-08-25 14:14:58,251 - INFO - Maximum log composite likelihood: -253.379863568.
2022-08-25 14:14:58,251 - INFO - Optimal value of theta: 6001.06109698.
2022-08-25 14:14:58,252 - INFO - Beginning optimization with guess, [1.42147891e-05 1.07308105e-06].
2022-08-25 14:14:59,710 - INFO - Finished optimization with guess, [1.42147891e-05 1.07308105e-06].
2022-08-25 14:14:59,712 - INFO - Best fit parameters: [6.51594184e-06 1.15645463e-06].
2022-08-25 14:14:59,784 - INFO - Maximum log composite likelihood: -60.6490549036.
2022-08-25 14:14:59,784 - INFO - Optimal value of theta: 7100.01735651.
2022-08-25 14:14:59,785 - INFO - Beginning optimization with guess, [2.05267398e-04 1.27746814e-06].
2022-08-25 14:15:01,816 - INFO - Finished optimization with guess, [2.05267398e-04 1.27746814e-06].
2022-08-25 14:15:01,817 - INFO - Best fit parameters: [3.84937182e-05 6.83149792e-06].
2022-08-25 14:15:01,861 - INFO - Maximum log composite likelihood: -60.6479123472.
2022-08-25 14:15:01,861 - INFO - Optimal value of theta: 7099.89209979.
2022-08-25 14:15:01,861 - INFO - Beginning optimization with guess, [3.06027659e-03 1.03957398e-06].
2022-08-25 21:30:24,743 - INFO - Finished optimization with guess, [3.06027659e-03 1.03957398e-06].
2022-08-25 21:30:24,745 - INFO - Best fit parameters: [1.30645142e-04 2.43879542e-05].
2022-08-25 21:30:24,785 - INFO - Maximum log composite likelihood: -61.0543029445.
2022-08-25 21:30:24,786 - INFO - Optimal value of theta: 7174.47473666.
2022-08-25 21:30:24,786 - INFO - Beginning optimization with guess, [6.95529484e-03 7.13710676e-07].
