2022-11-02 12:48:49,455 - INFO - Beginning execution of fit_one_epoch.py in directory /u/project/ngarud/jonmah/demo_for_ccgb/Scripts

2022-11-02 12:48:49,455 - INFO - Progress is being logged to ../Analysis/Granulicatella_adiacens_61980_oral/masked_log.log

2022-11-02 12:48:49,456 - INFO - Parsed the following arguments:
	syn_input_sfs = ../Data/oral_microbiome_sfs/Granulicatella_adiacens_61980_sfs/folded_sfs_10.txt
	mask_singletons = True
	mask_doubletons = False
	outprefix = ../Analysis/Granulicatella_adiacens_61980_oral/masked

2022-11-02 12:48:49,483 - INFO - Beginning demographic inference for one-epoch demographic model.
2022-11-02 12:48:49,484 - INFO - Beginning optimization with guess, [0.10889096].
2022-11-02 12:48:49,517 - INFO - Finished optimization with guess, [0.10889096].
2022-11-02 12:48:49,517 - INFO - Best fit parameters: [0.10889096].
2022-11-02 12:48:49,530 - INFO - Maximum log composite likelihood: -1211.9585018843063.
2022-11-02 12:48:49,530 - INFO - Optimal value of theta: 37638.465388761484.
2022-11-02 12:48:49,531 - INFO - Beginning optimization with guess, [0.34685549].
2022-11-02 12:48:49,556 - INFO - Finished optimization with guess, [0.34685549].
2022-11-02 12:48:49,557 - INFO - Best fit parameters: [0.34685549].
2022-11-02 12:48:49,569 - INFO - Maximum log composite likelihood: -1211.9585018843063.
2022-11-02 12:48:49,570 - INFO - Optimal value of theta: 37638.465388761484.
2022-11-02 12:48:49,570 - INFO - Beginning optimization with guess, [0.46209057].
2022-11-02 12:48:49,596 - INFO - Finished optimization with guess, [0.46209057].
2022-11-02 12:48:49,596 - INFO - Best fit parameters: [0.46209057].
2022-11-02 12:48:49,609 - INFO - Maximum log composite likelihood: -1211.9585018843063.
2022-11-02 12:48:49,609 - INFO - Optimal value of theta: 37638.465388761484.
2022-11-02 12:48:49,609 - INFO - Beginning optimization with guess, [0.38571369].
2022-11-02 12:48:49,635 - INFO - Finished optimization with guess, [0.38571369].
2022-11-02 12:48:49,635 - INFO - Best fit parameters: [0.38571369].
2022-11-02 12:48:49,648 - INFO - Maximum log composite likelihood: -1211.9585018843063.
2022-11-02 12:48:49,648 - INFO - Optimal value of theta: 37638.465388761484.
2022-11-02 12:48:49,648 - INFO - Beginning optimization with guess, [0.43541066].
2022-11-02 12:48:49,674 - INFO - Finished optimization with guess, [0.43541066].
2022-11-02 12:48:49,674 - INFO - Best fit parameters: [0.43541066].
2022-11-02 12:48:49,687 - INFO - Maximum log composite likelihood: -1211.9585018843063.
2022-11-02 12:48:49,688 - INFO - Optimal value of theta: 37638.465388761484.
2022-11-02 12:48:49,688 - INFO - Beginning optimization with guess, [0.44577429].
2022-11-02 12:48:49,713 - INFO - Finished optimization with guess, [0.44577429].
2022-11-02 12:48:49,714 - INFO - Best fit parameters: [0.44577429].
2022-11-02 12:48:49,726 - INFO - Maximum log composite likelihood: -1211.9585018843063.
2022-11-02 12:48:49,727 - INFO - Optimal value of theta: 37638.465388761484.
2022-11-02 12:48:49,727 - INFO - Beginning optimization with guess, [0.53774226].
2022-11-02 12:48:49,753 - INFO - Finished optimization with guess, [0.53774226].
2022-11-02 12:48:49,753 - INFO - Best fit parameters: [0.53774226].
2022-11-02 12:48:49,766 - INFO - Maximum log composite likelihood: -1211.9585018843063.
2022-11-02 12:48:49,766 - INFO - Optimal value of theta: 37638.465388761484.
2022-11-02 12:48:49,767 - INFO - Beginning optimization with guess, [0.57818746].
2022-11-02 12:48:49,793 - INFO - Finished optimization with guess, [0.57818746].
2022-11-02 12:48:49,793 - INFO - Best fit parameters: [0.57818746].
2022-11-02 12:48:49,806 - INFO - Maximum log composite likelihood: -1211.9585018843063.
2022-11-02 12:48:49,806 - INFO - Optimal value of theta: 37638.465388761484.
2022-11-02 12:48:49,807 - INFO - Beginning optimization with guess, [0.53132862].
2022-11-02 12:48:49,833 - INFO - Finished optimization with guess, [0.53132862].
2022-11-02 12:48:49,833 - INFO - Best fit parameters: [0.53132862].
2022-11-02 12:48:49,845 - INFO - Maximum log composite likelihood: -1211.9585018843063.
2022-11-02 12:48:49,846 - INFO - Optimal value of theta: 37638.465388761484.
2022-11-02 12:48:49,846 - INFO - Beginning optimization with guess, [0.71133667].
2022-11-02 12:48:49,872 - INFO - Finished optimization with guess, [0.71133667].
2022-11-02 12:48:49,872 - INFO - Best fit parameters: [0.71133667].
2022-11-02 12:48:49,885 - INFO - Maximum log composite likelihood: -1211.9585018843063.
2022-11-02 12:48:49,885 - INFO - Optimal value of theta: 37638.465388761484.
2022-11-02 12:48:49,886 - INFO - Beginning optimization with guess, [1.1334927].
2022-11-02 12:48:49,911 - INFO - Finished optimization with guess, [1.1334927].
2022-11-02 12:48:49,911 - INFO - Best fit parameters: [1.1334927].
2022-11-02 12:48:49,924 - INFO - Maximum log composite likelihood: -1211.9585018843063.
2022-11-02 12:48:49,925 - INFO - Optimal value of theta: 37638.465388761484.
2022-11-02 12:48:49,925 - INFO - Beginning optimization with guess, [0.85805687].
2022-11-02 12:48:49,951 - INFO - Finished optimization with guess, [0.85805687].
2022-11-02 12:48:49,951 - INFO - Best fit parameters: [0.85805687].
2022-11-02 12:48:49,963 - INFO - Maximum log composite likelihood: -1211.9585018843063.
2022-11-02 12:48:49,964 - INFO - Optimal value of theta: 37638.465388761484.
2022-11-02 12:48:49,964 - INFO - Beginning optimization with guess, [2.66759669].
2022-11-02 12:48:49,990 - INFO - Finished optimization with guess, [2.66759669].
2022-11-02 12:48:49,990 - INFO - Best fit parameters: [2.66759669].
2022-11-02 12:48:50,003 - INFO - Maximum log composite likelihood: -1211.9585018843063.
2022-11-02 12:48:50,003 - INFO - Optimal value of theta: 37638.465388761484.
2022-11-02 12:48:50,003 - INFO - Beginning optimization with guess, [2.32429768].
2022-11-02 12:48:50,029 - INFO - Finished optimization with guess, [2.32429768].
2022-11-02 12:48:50,029 - INFO - Best fit parameters: [2.32429768].
2022-11-02 12:48:50,042 - INFO - Maximum log composite likelihood: -1211.9585018843063.
2022-11-02 12:48:50,042 - INFO - Optimal value of theta: 37638.465388761484.
2022-11-02 12:48:50,043 - INFO - Beginning optimization with guess, [2.86024665].
2022-11-02 12:48:50,068 - INFO - Finished optimization with guess, [2.86024665].
2022-11-02 12:48:50,069 - INFO - Best fit parameters: [2.86024665].
2022-11-02 12:48:50,081 - INFO - Maximum log composite likelihood: -1211.9585018843063.
2022-11-02 12:48:50,082 - INFO - Optimal value of theta: 37638.465388761484.
2022-11-02 12:48:50,082 - INFO - Beginning optimization with guess, [4.00785824].
2022-11-02 12:48:50,108 - INFO - Finished optimization with guess, [4.00785824].
2022-11-02 12:48:50,108 - INFO - Best fit parameters: [4.00785824].
2022-11-02 12:48:50,120 - INFO - Maximum log composite likelihood: -1211.9585018843063.
2022-11-02 12:48:50,121 - INFO - Optimal value of theta: 37638.465388761484.
2022-11-02 12:48:50,121 - INFO - Beginning optimization with guess, [4.93197082].
2022-11-02 12:48:50,147 - INFO - Finished optimization with guess, [4.93197082].
2022-11-02 12:48:50,147 - INFO - Best fit parameters: [4.93197082].
2022-11-02 12:48:50,160 - INFO - Maximum log composite likelihood: -1211.9585018843063.
2022-11-02 12:48:50,160 - INFO - Optimal value of theta: 37638.465388761484.
2022-11-02 12:48:50,160 - INFO - Beginning optimization with guess, [5.91505281].
2022-11-02 12:48:50,186 - INFO - Finished optimization with guess, [5.91505281].
2022-11-02 12:48:50,186 - INFO - Best fit parameters: [5.91505281].
2022-11-02 12:48:50,199 - INFO - Maximum log composite likelihood: -1211.9585018843063.
2022-11-02 12:48:50,200 - INFO - Optimal value of theta: 37638.465388761484.
2022-11-02 12:48:50,200 - INFO - Beginning optimization with guess, [2.98821587].
2022-11-02 12:48:50,226 - INFO - Finished optimization with guess, [2.98821587].
2022-11-02 12:48:50,226 - INFO - Best fit parameters: [2.98821587].
2022-11-02 12:48:50,239 - INFO - Maximum log composite likelihood: -1211.9585018843063.
2022-11-02 12:48:50,239 - INFO - Optimal value of theta: 37638.465388761484.
2022-11-02 12:48:50,239 - INFO - Beginning optimization with guess, [2.90688168].
2022-11-02 12:48:50,266 - INFO - Finished optimization with guess, [2.90688168].
2022-11-02 12:48:50,266 - INFO - Best fit parameters: [2.90688168].
2022-11-02 12:48:50,278 - INFO - Maximum log composite likelihood: -1211.9585018843063.
2022-11-02 12:48:50,279 - INFO - Optimal value of theta: 37638.465388761484.
2022-11-02 12:48:50,279 - INFO - Beginning optimization with guess, [5.82767428].
2022-11-02 12:48:50,305 - INFO - Finished optimization with guess, [5.82767428].
2022-11-02 12:48:50,305 - INFO - Best fit parameters: [5.82767428].
2022-11-02 12:48:50,318 - INFO - Maximum log composite likelihood: -1211.9585018843063.
2022-11-02 12:48:50,319 - INFO - Optimal value of theta: 37638.465388761484.
2022-11-02 12:48:50,319 - INFO - Beginning optimization with guess, [2.94851396].
2022-11-02 12:48:50,345 - INFO - Finished optimization with guess, [2.94851396].
2022-11-02 12:48:50,345 - INFO - Best fit parameters: [2.94851396].
2022-11-02 12:48:50,357 - INFO - Maximum log composite likelihood: -1211.9585018843063.
2022-11-02 12:48:50,358 - INFO - Optimal value of theta: 37638.465388761484.
2022-11-02 12:48:50,358 - INFO - Beginning optimization with guess, [6.51232782].
2022-11-02 12:48:50,384 - INFO - Finished optimization with guess, [6.51232782].
2022-11-02 12:48:50,384 - INFO - Best fit parameters: [6.51232782].
2022-11-02 12:48:50,397 - INFO - Maximum log composite likelihood: -1211.9585018843063.
2022-11-02 12:48:50,398 - INFO - Optimal value of theta: 37638.465388761484.
2022-11-02 12:48:50,398 - INFO - Beginning optimization with guess, [6.40895671].
2022-11-02 12:48:50,424 - INFO - Finished optimization with guess, [6.40895671].
2022-11-02 12:48:50,424 - INFO - Best fit parameters: [6.40895671].
2022-11-02 12:48:50,437 - INFO - Maximum log composite likelihood: -1211.9585018843063.
2022-11-02 12:48:50,437 - INFO - Optimal value of theta: 37638.465388761484.
2022-11-02 12:48:50,438 - INFO - Beginning optimization with guess, [10.28914487].
2022-11-02 12:48:50,464 - INFO - Finished optimization with guess, [10.28914487].
2022-11-02 12:48:50,464 - INFO - Best fit parameters: [10.28914487].
2022-11-02 12:48:50,476 - INFO - Maximum log composite likelihood: -1211.9585018843063.
2022-11-02 12:48:50,477 - INFO - Optimal value of theta: 37638.465388761484.
2022-11-02 12:48:50,479 - INFO - Finished demographic inference.
2022-11-02 12:48:50,479 - INFO - Pipeline executed succesfully.
