2023-02-17 17:01:32,158 - INFO - Beginning execution of fit_one_epoch.py in directory /u/project/ngarud/jonmah/demo_for_ccgb/Scripts

2023-02-17 17:01:32,158 - INFO - Progress is being logged to ../Analysis/Oscillibacter_sp_60799_downsampled_18/log.log

2023-02-17 17:01:32,158 - INFO - Parsed the following arguments:
	syn_input_sfs = ../Analysis/Oscillibacter_sp_60799_downsampled_18/empirical_sfs.txt
	mask_singletons = False
	mask_doubletons = False
	outprefix = ../Analysis/Oscillibacter_sp_60799_downsampled_18/

2023-02-17 17:01:32,201 - INFO - Beginning demographic inference for one-epoch demographic model.
2023-02-17 17:01:32,202 - INFO - Beginning optimization with guess, [0.18892182].
2023-02-17 17:01:32,297 - INFO - Finished optimization with guess, [0.18892182].
2023-02-17 17:01:32,298 - INFO - Best fit parameters: [0.18892182].
2023-02-17 17:01:32,343 - INFO - Maximum log composite likelihood: -386.60885749472527.
2023-02-17 17:01:32,343 - INFO - Optimal value of theta: 5366.868560927292.
2023-02-17 17:01:32,344 - INFO - Beginning optimization with guess, [0.21448611].
2023-02-17 17:01:32,431 - INFO - Finished optimization with guess, [0.21448611].
2023-02-17 17:01:32,431 - INFO - Best fit parameters: [0.21448611].
2023-02-17 17:01:32,473 - INFO - Maximum log composite likelihood: -386.60885749472527.
2023-02-17 17:01:32,473 - INFO - Optimal value of theta: 5366.868560927292.
2023-02-17 17:01:32,473 - INFO - Beginning optimization with guess, [0.15888069].
2023-02-17 17:01:32,556 - INFO - Finished optimization with guess, [0.15888069].
2023-02-17 17:01:32,556 - INFO - Best fit parameters: [0.15888069].
2023-02-17 17:01:32,597 - INFO - Maximum log composite likelihood: -386.60885749472527.
2023-02-17 17:01:32,598 - INFO - Optimal value of theta: 5366.868560927292.
2023-02-17 17:01:32,598 - INFO - Beginning optimization with guess, [0.31646267].
2023-02-17 17:01:32,682 - INFO - Finished optimization with guess, [0.31646267].
2023-02-17 17:01:32,682 - INFO - Best fit parameters: [0.31646267].
2023-02-17 17:01:32,724 - INFO - Maximum log composite likelihood: -386.60885749472527.
2023-02-17 17:01:32,724 - INFO - Optimal value of theta: 5366.868560927292.
2023-02-17 17:01:32,725 - INFO - Beginning optimization with guess, [0.45472923].
2023-02-17 17:01:32,808 - INFO - Finished optimization with guess, [0.45472923].
2023-02-17 17:01:32,808 - INFO - Best fit parameters: [0.45472923].
2023-02-17 17:01:32,849 - INFO - Maximum log composite likelihood: -386.60885749472527.
2023-02-17 17:01:32,849 - INFO - Optimal value of theta: 5366.868560927292.
2023-02-17 17:01:32,850 - INFO - Beginning optimization with guess, [0.30439992].
2023-02-17 17:01:32,935 - INFO - Finished optimization with guess, [0.30439992].
2023-02-17 17:01:32,935 - INFO - Best fit parameters: [0.30439992].
2023-02-17 17:01:32,976 - INFO - Maximum log composite likelihood: -386.60885749472527.
2023-02-17 17:01:32,976 - INFO - Optimal value of theta: 5366.868560927292.
2023-02-17 17:01:32,977 - INFO - Beginning optimization with guess, [0.43690793].
2023-02-17 17:01:33,059 - INFO - Finished optimization with guess, [0.43690793].
2023-02-17 17:01:33,059 - INFO - Best fit parameters: [0.43690793].
2023-02-17 17:01:33,101 - INFO - Maximum log composite likelihood: -386.60885749472527.
2023-02-17 17:01:33,101 - INFO - Optimal value of theta: 5366.868560927292.
2023-02-17 17:01:33,101 - INFO - Beginning optimization with guess, [0.70637643].
2023-02-17 17:01:33,186 - INFO - Finished optimization with guess, [0.70637643].
2023-02-17 17:01:33,186 - INFO - Best fit parameters: [0.70637643].
2023-02-17 17:01:33,227 - INFO - Maximum log composite likelihood: -386.60885749472527.
2023-02-17 17:01:33,228 - INFO - Optimal value of theta: 5366.868560927292.
2023-02-17 17:01:33,228 - INFO - Beginning optimization with guess, [1.23975291].
2023-02-17 17:01:33,311 - INFO - Finished optimization with guess, [1.23975291].
2023-02-17 17:01:33,311 - INFO - Best fit parameters: [1.23975291].
2023-02-17 17:01:33,353 - INFO - Maximum log composite likelihood: -386.60885749472527.
2023-02-17 17:01:33,353 - INFO - Optimal value of theta: 5366.868560927292.
2023-02-17 17:01:33,353 - INFO - Beginning optimization with guess, [1.97858838].
2023-02-17 17:01:33,436 - INFO - Finished optimization with guess, [1.97858838].
2023-02-17 17:01:33,436 - INFO - Best fit parameters: [1.97858838].
2023-02-17 17:01:33,477 - INFO - Maximum log composite likelihood: -386.60885749472527.
2023-02-17 17:01:33,477 - INFO - Optimal value of theta: 5366.868560927292.
2023-02-17 17:01:33,477 - INFO - Beginning optimization with guess, [1.45082138].
2023-02-17 17:01:33,562 - INFO - Finished optimization with guess, [1.45082138].
2023-02-17 17:01:33,562 - INFO - Best fit parameters: [1.45082138].
2023-02-17 17:01:33,604 - INFO - Maximum log composite likelihood: -386.60885749472527.
2023-02-17 17:01:33,604 - INFO - Optimal value of theta: 5366.868560927292.
2023-02-17 17:01:33,605 - INFO - Beginning optimization with guess, [0.9849226].
2023-02-17 17:01:33,687 - INFO - Finished optimization with guess, [0.9849226].
2023-02-17 17:01:33,687 - INFO - Best fit parameters: [0.9849226].
2023-02-17 17:01:33,728 - INFO - Maximum log composite likelihood: -386.60885749472527.
2023-02-17 17:01:33,728 - INFO - Optimal value of theta: 5366.868560927292.
2023-02-17 17:01:33,729 - INFO - Beginning optimization with guess, [2.47606372].
2023-02-17 17:01:33,812 - INFO - Finished optimization with guess, [2.47606372].
2023-02-17 17:01:33,812 - INFO - Best fit parameters: [2.47606372].
2023-02-17 17:01:33,855 - INFO - Maximum log composite likelihood: -386.60885749472527.
2023-02-17 17:01:33,855 - INFO - Optimal value of theta: 5366.868560927292.
2023-02-17 17:01:33,855 - INFO - Beginning optimization with guess, [3.3420983].
2023-02-17 17:01:33,940 - INFO - Finished optimization with guess, [3.3420983].
2023-02-17 17:01:33,940 - INFO - Best fit parameters: [3.3420983].
2023-02-17 17:01:33,982 - INFO - Maximum log composite likelihood: -386.60885749472527.
2023-02-17 17:01:33,983 - INFO - Optimal value of theta: 5366.868560927292.
2023-02-17 17:01:33,983 - INFO - Beginning optimization with guess, [1.85895375].
2023-02-17 17:01:34,064 - INFO - Finished optimization with guess, [1.85895375].
2023-02-17 17:01:34,065 - INFO - Best fit parameters: [1.85895375].
2023-02-17 17:01:34,105 - INFO - Maximum log composite likelihood: -386.60885749472527.
2023-02-17 17:01:34,105 - INFO - Optimal value of theta: 5366.868560927292.
2023-02-17 17:01:34,106 - INFO - Beginning optimization with guess, [3.13955586].
2023-02-17 17:01:34,187 - INFO - Finished optimization with guess, [3.13955586].
2023-02-17 17:01:34,187 - INFO - Best fit parameters: [3.13955586].
2023-02-17 17:01:34,227 - INFO - Maximum log composite likelihood: -386.60885749472527.
2023-02-17 17:01:34,228 - INFO - Optimal value of theta: 5366.868560927292.
2023-02-17 17:01:34,228 - INFO - Beginning optimization with guess, [3.82797921].
2023-02-17 17:01:34,309 - INFO - Finished optimization with guess, [3.82797921].
2023-02-17 17:01:34,309 - INFO - Best fit parameters: [3.82797921].
2023-02-17 17:01:34,350 - INFO - Maximum log composite likelihood: -386.60885749472527.
2023-02-17 17:01:34,350 - INFO - Optimal value of theta: 5366.868560927292.
2023-02-17 17:01:34,351 - INFO - Beginning optimization with guess, [4.92855573].
2023-02-17 17:01:34,433 - INFO - Finished optimization with guess, [4.92855573].
2023-02-17 17:01:34,433 - INFO - Best fit parameters: [4.92855573].
2023-02-17 17:01:34,474 - INFO - Maximum log composite likelihood: -386.60885749472527.
2023-02-17 17:01:34,474 - INFO - Optimal value of theta: 5366.868560927292.
2023-02-17 17:01:34,475 - INFO - Beginning optimization with guess, [1.88736981].
2023-02-17 17:01:34,559 - INFO - Finished optimization with guess, [1.88736981].
2023-02-17 17:01:34,559 - INFO - Best fit parameters: [1.88736981].
2023-02-17 17:01:34,601 - INFO - Maximum log composite likelihood: -386.60885749472527.
2023-02-17 17:01:34,602 - INFO - Optimal value of theta: 5366.868560927292.
2023-02-17 17:01:34,602 - INFO - Beginning optimization with guess, [3.75241753].
2023-02-17 17:01:34,682 - INFO - Finished optimization with guess, [3.75241753].
2023-02-17 17:01:34,682 - INFO - Best fit parameters: [3.75241753].
2023-02-17 17:01:34,722 - INFO - Maximum log composite likelihood: -386.60885749472527.
2023-02-17 17:01:34,722 - INFO - Optimal value of theta: 5366.868560927292.
2023-02-17 17:01:34,723 - INFO - Beginning optimization with guess, [2.85315515].
2023-02-17 17:01:34,804 - INFO - Finished optimization with guess, [2.85315515].
2023-02-17 17:01:34,804 - INFO - Best fit parameters: [2.85315515].
2023-02-17 17:01:34,844 - INFO - Maximum log composite likelihood: -386.60885749472527.
2023-02-17 17:01:34,845 - INFO - Optimal value of theta: 5366.868560927292.
2023-02-17 17:01:34,845 - INFO - Beginning optimization with guess, [8.14279304].
2023-02-17 17:01:34,927 - INFO - Finished optimization with guess, [8.14279304].
2023-02-17 17:01:34,927 - INFO - Best fit parameters: [8.14279304].
2023-02-17 17:01:34,968 - INFO - Maximum log composite likelihood: -386.60885749472527.
2023-02-17 17:01:34,968 - INFO - Optimal value of theta: 5366.868560927292.
2023-02-17 17:01:34,968 - INFO - Beginning optimization with guess, [9.82465702].
2023-02-17 17:01:35,051 - INFO - Finished optimization with guess, [9.82465702].
2023-02-17 17:01:35,051 - INFO - Best fit parameters: [9.82465702].
2023-02-17 17:01:35,092 - INFO - Maximum log composite likelihood: -386.60885749472527.
2023-02-17 17:01:35,093 - INFO - Optimal value of theta: 5366.868560927292.
2023-02-17 17:01:35,093 - INFO - Beginning optimization with guess, [13.47600796].
2023-02-17 17:01:35,175 - INFO - Finished optimization with guess, [13.47600796].
2023-02-17 17:01:35,175 - INFO - Best fit parameters: [13.47600796].
2023-02-17 17:01:35,218 - INFO - Maximum log composite likelihood: -386.60885749472527.
2023-02-17 17:01:35,219 - INFO - Optimal value of theta: 5366.868560927292.
2023-02-17 17:01:35,219 - INFO - Beginning optimization with guess, [6.76014206].
2023-02-17 17:01:35,302 - INFO - Finished optimization with guess, [6.76014206].
2023-02-17 17:01:35,303 - INFO - Best fit parameters: [6.76014206].
2023-02-17 17:01:35,343 - INFO - Maximum log composite likelihood: -386.60885749472527.
2023-02-17 17:01:35,344 - INFO - Optimal value of theta: 5366.868560927292.
2023-02-17 17:01:35,345 - INFO - Finished demographic inference.
2023-02-17 17:01:35,346 - INFO - Pipeline executed succesfully.
