2023-02-17 16:59:42,470 - INFO - Beginning execution of fit_one_epoch.py in directory /u/project/ngarud/jonmah/demo_for_ccgb/Scripts

2023-02-17 16:59:42,470 - INFO - Progress is being logged to ../Analysis/Bacteroides_caccae_53434_downsampled_18/log.log

2023-02-17 16:59:42,470 - INFO - Parsed the following arguments:
	syn_input_sfs = ../Analysis/Bacteroides_caccae_53434_downsampled_18/empirical_sfs.txt
	mask_singletons = False
	mask_doubletons = False
	outprefix = ../Analysis/Bacteroides_caccae_53434_downsampled_18/

2023-02-17 16:59:42,476 - INFO - Beginning demographic inference for one-epoch demographic model.
2023-02-17 16:59:42,477 - INFO - Beginning optimization with guess, [0.1144666].
2023-02-17 16:59:42,568 - INFO - Finished optimization with guess, [0.1144666].
2023-02-17 16:59:42,568 - INFO - Best fit parameters: [0.1144666].
2023-02-17 16:59:42,614 - INFO - Maximum log composite likelihood: -80.89728650631787.
2023-02-17 16:59:42,615 - INFO - Optimal value of theta: 4381.24982600996.
2023-02-17 16:59:42,615 - INFO - Beginning optimization with guess, [0.29299467].
2023-02-17 16:59:42,707 - INFO - Finished optimization with guess, [0.29299467].
2023-02-17 16:59:42,707 - INFO - Best fit parameters: [0.29299467].
2023-02-17 16:59:42,753 - INFO - Maximum log composite likelihood: -80.89728650631787.
2023-02-17 16:59:42,753 - INFO - Optimal value of theta: 4381.24982600996.
2023-02-17 16:59:42,754 - INFO - Beginning optimization with guess, [0.38012727].
2023-02-17 16:59:42,845 - INFO - Finished optimization with guess, [0.38012727].
2023-02-17 16:59:42,846 - INFO - Best fit parameters: [0.38012727].
2023-02-17 16:59:42,891 - INFO - Maximum log composite likelihood: -80.89728650631787.
2023-02-17 16:59:42,892 - INFO - Optimal value of theta: 4381.24982600996.
2023-02-17 16:59:42,892 - INFO - Beginning optimization with guess, [0.2177911].
2023-02-17 16:59:42,983 - INFO - Finished optimization with guess, [0.2177911].
2023-02-17 16:59:42,984 - INFO - Best fit parameters: [0.2177911].
2023-02-17 16:59:43,029 - INFO - Maximum log composite likelihood: -80.89728650631787.
2023-02-17 16:59:43,030 - INFO - Optimal value of theta: 4381.24982600996.
2023-02-17 16:59:43,030 - INFO - Beginning optimization with guess, [0.56541333].
2023-02-17 16:59:43,122 - INFO - Finished optimization with guess, [0.56541333].
2023-02-17 16:59:43,122 - INFO - Best fit parameters: [0.56541333].
2023-02-17 16:59:43,168 - INFO - Maximum log composite likelihood: -80.89728650631787.
2023-02-17 16:59:43,168 - INFO - Optimal value of theta: 4381.24982600996.
2023-02-17 16:59:43,169 - INFO - Beginning optimization with guess, [0.48751233].
2023-02-17 16:59:43,261 - INFO - Finished optimization with guess, [0.48751233].
2023-02-17 16:59:43,261 - INFO - Best fit parameters: [0.48751233].
2023-02-17 16:59:43,306 - INFO - Maximum log composite likelihood: -80.89728650631787.
2023-02-17 16:59:43,307 - INFO - Optimal value of theta: 4381.24982600996.
2023-02-17 16:59:43,307 - INFO - Beginning optimization with guess, [0.95054232].
2023-02-17 16:59:43,399 - INFO - Finished optimization with guess, [0.95054232].
2023-02-17 16:59:43,400 - INFO - Best fit parameters: [0.95054232].
2023-02-17 16:59:43,448 - INFO - Maximum log composite likelihood: -80.89728650631787.
2023-02-17 16:59:43,448 - INFO - Optimal value of theta: 4381.24982600996.
2023-02-17 16:59:43,448 - INFO - Beginning optimization with guess, [0.47083976].
2023-02-17 16:59:43,541 - INFO - Finished optimization with guess, [0.47083976].
2023-02-17 16:59:43,541 - INFO - Best fit parameters: [0.47083976].
2023-02-17 16:59:43,586 - INFO - Maximum log composite likelihood: -80.89728650631787.
2023-02-17 16:59:43,587 - INFO - Optimal value of theta: 4381.24982600996.
2023-02-17 16:59:43,587 - INFO - Beginning optimization with guess, [1.54724275].
2023-02-17 16:59:43,679 - INFO - Finished optimization with guess, [1.54724275].
2023-02-17 16:59:43,679 - INFO - Best fit parameters: [1.54724275].
2023-02-17 16:59:43,725 - INFO - Maximum log composite likelihood: -80.89728650631787.
2023-02-17 16:59:43,725 - INFO - Optimal value of theta: 4381.24982600996.
2023-02-17 16:59:43,726 - INFO - Beginning optimization with guess, [1.1387631].
2023-02-17 16:59:43,817 - INFO - Finished optimization with guess, [1.1387631].
2023-02-17 16:59:43,818 - INFO - Best fit parameters: [1.1387631].
2023-02-17 16:59:43,863 - INFO - Maximum log composite likelihood: -80.89728650631787.
2023-02-17 16:59:43,864 - INFO - Optimal value of theta: 4381.24982600996.
2023-02-17 16:59:43,864 - INFO - Beginning optimization with guess, [1.17429088].
2023-02-17 16:59:43,956 - INFO - Finished optimization with guess, [1.17429088].
2023-02-17 16:59:43,956 - INFO - Best fit parameters: [1.17429088].
2023-02-17 16:59:44,002 - INFO - Maximum log composite likelihood: -80.89728650631787.
2023-02-17 16:59:44,002 - INFO - Optimal value of theta: 4381.24982600996.
2023-02-17 16:59:44,002 - INFO - Beginning optimization with guess, [0.75034789].
2023-02-17 16:59:44,094 - INFO - Finished optimization with guess, [0.75034789].
2023-02-17 16:59:44,094 - INFO - Best fit parameters: [0.75034789].
2023-02-17 16:59:44,141 - INFO - Maximum log composite likelihood: -80.89728650631787.
2023-02-17 16:59:44,141 - INFO - Optimal value of theta: 4381.24982600996.
2023-02-17 16:59:44,142 - INFO - Beginning optimization with guess, [2.84064501].
2023-02-17 16:59:44,233 - INFO - Finished optimization with guess, [2.84064501].
2023-02-17 16:59:44,233 - INFO - Best fit parameters: [2.84064501].
2023-02-17 16:59:44,279 - INFO - Maximum log composite likelihood: -80.89728650631787.
2023-02-17 16:59:44,279 - INFO - Optimal value of theta: 4381.24982600996.
2023-02-17 16:59:44,279 - INFO - Beginning optimization with guess, [1.16015001].
2023-02-17 16:59:44,371 - INFO - Finished optimization with guess, [1.16015001].
2023-02-17 16:59:44,372 - INFO - Best fit parameters: [1.16015001].
2023-02-17 16:59:44,417 - INFO - Maximum log composite likelihood: -80.89728650631787.
2023-02-17 16:59:44,417 - INFO - Optimal value of theta: 4381.24982600996.
2023-02-17 16:59:44,418 - INFO - Beginning optimization with guess, [1.40525616].
2023-02-17 16:59:44,509 - INFO - Finished optimization with guess, [1.40525616].
2023-02-17 16:59:44,509 - INFO - Best fit parameters: [1.40525616].
2023-02-17 16:59:44,555 - INFO - Maximum log composite likelihood: -80.89728650631787.
2023-02-17 16:59:44,555 - INFO - Optimal value of theta: 4381.24982600996.
2023-02-17 16:59:44,555 - INFO - Beginning optimization with guess, [4.18518797].
2023-02-17 16:59:44,647 - INFO - Finished optimization with guess, [4.18518797].
2023-02-17 16:59:44,647 - INFO - Best fit parameters: [4.18518797].
2023-02-17 16:59:44,693 - INFO - Maximum log composite likelihood: -80.89728650631787.
2023-02-17 16:59:44,693 - INFO - Optimal value of theta: 4381.24982600996.
2023-02-17 16:59:44,693 - INFO - Beginning optimization with guess, [1.84687218].
2023-02-17 16:59:44,785 - INFO - Finished optimization with guess, [1.84687218].
2023-02-17 16:59:44,785 - INFO - Best fit parameters: [1.84687218].
2023-02-17 16:59:44,831 - INFO - Maximum log composite likelihood: -80.89728650631787.
2023-02-17 16:59:44,831 - INFO - Optimal value of theta: 4381.24982600996.
2023-02-17 16:59:44,831 - INFO - Beginning optimization with guess, [2.20767247].
2023-02-17 16:59:44,922 - INFO - Finished optimization with guess, [2.20767247].
2023-02-17 16:59:44,922 - INFO - Best fit parameters: [2.20767247].
2023-02-17 16:59:44,968 - INFO - Maximum log composite likelihood: -80.89728650631787.
2023-02-17 16:59:44,969 - INFO - Optimal value of theta: 4381.24982600996.
2023-02-17 16:59:44,969 - INFO - Beginning optimization with guess, [1.92790955].
2023-02-17 16:59:45,061 - INFO - Finished optimization with guess, [1.92790955].
2023-02-17 16:59:45,061 - INFO - Best fit parameters: [1.92790955].
2023-02-17 16:59:45,107 - INFO - Maximum log composite likelihood: -80.89728650631787.
2023-02-17 16:59:45,107 - INFO - Optimal value of theta: 4381.24982600996.
2023-02-17 16:59:45,107 - INFO - Beginning optimization with guess, [2.4660977].
2023-02-17 16:59:45,199 - INFO - Finished optimization with guess, [2.4660977].
2023-02-17 16:59:45,199 - INFO - Best fit parameters: [2.4660977].
2023-02-17 16:59:45,245 - INFO - Maximum log composite likelihood: -80.89728650631787.
2023-02-17 16:59:45,245 - INFO - Optimal value of theta: 4381.24982600996.
2023-02-17 16:59:45,245 - INFO - Beginning optimization with guess, [2.86514151].
2023-02-17 16:59:45,337 - INFO - Finished optimization with guess, [2.86514151].
2023-02-17 16:59:45,338 - INFO - Best fit parameters: [2.86514151].
2023-02-17 16:59:45,383 - INFO - Maximum log composite likelihood: -80.89728650631787.
2023-02-17 16:59:45,383 - INFO - Optimal value of theta: 4381.24982600996.
2023-02-17 16:59:45,384 - INFO - Beginning optimization with guess, [7.54651435].
2023-02-17 16:59:45,477 - INFO - Finished optimization with guess, [7.54651435].
2023-02-17 16:59:45,478 - INFO - Best fit parameters: [7.54651435].
2023-02-17 16:59:45,524 - INFO - Maximum log composite likelihood: -80.89728650631787.
2023-02-17 16:59:45,524 - INFO - Optimal value of theta: 4381.24982600996.
2023-02-17 16:59:45,524 - INFO - Beginning optimization with guess, [3.39098371].
2023-02-17 16:59:45,616 - INFO - Finished optimization with guess, [3.39098371].
2023-02-17 16:59:45,616 - INFO - Best fit parameters: [3.39098371].
2023-02-17 16:59:45,662 - INFO - Maximum log composite likelihood: -80.89728650631787.
2023-02-17 16:59:45,662 - INFO - Optimal value of theta: 4381.24982600996.
2023-02-17 16:59:45,662 - INFO - Beginning optimization with guess, [6.55261891].
2023-02-17 16:59:45,754 - INFO - Finished optimization with guess, [6.55261891].
2023-02-17 16:59:45,754 - INFO - Best fit parameters: [6.55261891].
2023-02-17 16:59:45,799 - INFO - Maximum log composite likelihood: -80.89728650631787.
2023-02-17 16:59:45,800 - INFO - Optimal value of theta: 4381.24982600996.
2023-02-17 16:59:45,800 - INFO - Beginning optimization with guess, [14.63115654].
2023-02-17 16:59:45,892 - INFO - Finished optimization with guess, [14.63115654].
2023-02-17 16:59:45,892 - INFO - Best fit parameters: [14.63115654].
2023-02-17 16:59:45,937 - INFO - Maximum log composite likelihood: -80.89728650631787.
2023-02-17 16:59:45,938 - INFO - Optimal value of theta: 4381.24982600996.
2023-02-17 16:59:45,940 - INFO - Finished demographic inference.
2023-02-17 16:59:45,940 - INFO - Pipeline executed succesfully.
