2023-02-17 16:17:40,125 - INFO - Beginning execution of fit_one_epoch.py in directory /u/project/ngarud/jonmah/demo_for_ccgb/Scripts

2023-02-17 16:17:40,125 - INFO - Progress is being logged to ../Analysis/Bacteroides_thetaiotaomicron_56941_downsampled_12/log.log

2023-02-17 16:17:40,125 - INFO - Parsed the following arguments:
	syn_input_sfs = ../Analysis/Bacteroides_thetaiotaomicron_56941_downsampled_12/empirical_sfs.txt
	mask_singletons = False
	mask_doubletons = False
	outprefix = ../Analysis/Bacteroides_thetaiotaomicron_56941_downsampled_12/

2023-02-17 16:17:40,131 - INFO - Beginning demographic inference for one-epoch demographic model.
2023-02-17 16:17:40,133 - INFO - Beginning optimization with guess, [0.07844662].
2023-02-17 16:17:40,195 - INFO - Finished optimization with guess, [0.07844662].
2023-02-17 16:17:40,195 - INFO - Best fit parameters: [0.07844662].
2023-02-17 16:17:40,226 - INFO - Maximum log composite likelihood: -67.86495644336355.
2023-02-17 16:17:40,227 - INFO - Optimal value of theta: 11320.817647652351.
2023-02-17 16:17:40,227 - INFO - Beginning optimization with guess, [0.21298218].
2023-02-17 16:17:40,291 - INFO - Finished optimization with guess, [0.21298218].
2023-02-17 16:17:40,291 - INFO - Best fit parameters: [0.21298218].
2023-02-17 16:17:40,323 - INFO - Maximum log composite likelihood: -67.86495644336355.
2023-02-17 16:17:40,323 - INFO - Optimal value of theta: 11320.817647652351.
2023-02-17 16:17:40,324 - INFO - Beginning optimization with guess, [0.32459575].
2023-02-17 16:17:40,383 - INFO - Finished optimization with guess, [0.32459575].
2023-02-17 16:17:40,383 - INFO - Best fit parameters: [0.32459575].
2023-02-17 16:17:40,412 - INFO - Maximum log composite likelihood: -67.86495644336355.
2023-02-17 16:17:40,413 - INFO - Optimal value of theta: 11320.817647652351.
2023-02-17 16:17:40,413 - INFO - Beginning optimization with guess, [0.32958755].
2023-02-17 16:17:40,472 - INFO - Finished optimization with guess, [0.32958755].
2023-02-17 16:17:40,472 - INFO - Best fit parameters: [0.32958755].
2023-02-17 16:17:40,501 - INFO - Maximum log composite likelihood: -67.86495644336355.
2023-02-17 16:17:40,501 - INFO - Optimal value of theta: 11320.817647652351.
2023-02-17 16:17:40,502 - INFO - Beginning optimization with guess, [0.48672396].
2023-02-17 16:17:40,560 - INFO - Finished optimization with guess, [0.48672396].
2023-02-17 16:17:40,561 - INFO - Best fit parameters: [0.48672396].
2023-02-17 16:17:40,590 - INFO - Maximum log composite likelihood: -67.86495644336355.
2023-02-17 16:17:40,590 - INFO - Optimal value of theta: 11320.817647652351.
2023-02-17 16:17:40,591 - INFO - Beginning optimization with guess, [0.62620714].
2023-02-17 16:17:40,650 - INFO - Finished optimization with guess, [0.62620714].
2023-02-17 16:17:40,651 - INFO - Best fit parameters: [0.62620714].
2023-02-17 16:17:40,680 - INFO - Maximum log composite likelihood: -67.86495644336355.
2023-02-17 16:17:40,680 - INFO - Optimal value of theta: 11320.817647652351.
2023-02-17 16:17:40,680 - INFO - Beginning optimization with guess, [0.50493004].
2023-02-17 16:17:40,739 - INFO - Finished optimization with guess, [0.50493004].
2023-02-17 16:17:40,740 - INFO - Best fit parameters: [0.50493004].
2023-02-17 16:17:40,769 - INFO - Maximum log composite likelihood: -67.86495644336355.
2023-02-17 16:17:40,769 - INFO - Optimal value of theta: 11320.817647652351.
2023-02-17 16:17:40,770 - INFO - Beginning optimization with guess, [1.16118625].
2023-02-17 16:17:40,834 - INFO - Finished optimization with guess, [1.16118625].
2023-02-17 16:17:40,834 - INFO - Best fit parameters: [1.16118625].
2023-02-17 16:17:40,867 - INFO - Maximum log composite likelihood: -67.86495644336355.
2023-02-17 16:17:40,868 - INFO - Optimal value of theta: 11320.817647652351.
2023-02-17 16:17:40,868 - INFO - Beginning optimization with guess, [1.24782433].
2023-02-17 16:17:40,930 - INFO - Finished optimization with guess, [1.24782433].
2023-02-17 16:17:40,930 - INFO - Best fit parameters: [1.24782433].
2023-02-17 16:17:40,960 - INFO - Maximum log composite likelihood: -67.86495644336355.
2023-02-17 16:17:40,960 - INFO - Optimal value of theta: 11320.817647652351.
2023-02-17 16:17:40,961 - INFO - Beginning optimization with guess, [1.18633393].
2023-02-17 16:17:41,019 - INFO - Finished optimization with guess, [1.18633393].
2023-02-17 16:17:41,020 - INFO - Best fit parameters: [1.18633393].
2023-02-17 16:17:41,049 - INFO - Maximum log composite likelihood: -67.86495644336355.
2023-02-17 16:17:41,049 - INFO - Optimal value of theta: 11320.817647652351.
2023-02-17 16:17:41,049 - INFO - Beginning optimization with guess, [2.11462545].
2023-02-17 16:17:41,111 - INFO - Finished optimization with guess, [2.11462545].
2023-02-17 16:17:41,111 - INFO - Best fit parameters: [2.11462545].
2023-02-17 16:17:41,140 - INFO - Maximum log composite likelihood: -67.86495644336355.
2023-02-17 16:17:41,141 - INFO - Optimal value of theta: 11320.817647652351.
2023-02-17 16:17:41,141 - INFO - Beginning optimization with guess, [1.45884771].
2023-02-17 16:17:41,200 - INFO - Finished optimization with guess, [1.45884771].
2023-02-17 16:17:41,200 - INFO - Best fit parameters: [1.45884771].
2023-02-17 16:17:41,229 - INFO - Maximum log composite likelihood: -67.86495644336355.
2023-02-17 16:17:41,229 - INFO - Optimal value of theta: 11320.817647652351.
2023-02-17 16:17:41,230 - INFO - Beginning optimization with guess, [2.16936173].
2023-02-17 16:17:41,288 - INFO - Finished optimization with guess, [2.16936173].
2023-02-17 16:17:41,289 - INFO - Best fit parameters: [2.16936173].
2023-02-17 16:17:41,318 - INFO - Maximum log composite likelihood: -67.86495644336355.
2023-02-17 16:17:41,318 - INFO - Optimal value of theta: 11320.817647652351.
2023-02-17 16:17:41,318 - INFO - Beginning optimization with guess, [2.21947932].
2023-02-17 16:17:41,377 - INFO - Finished optimization with guess, [2.21947932].
2023-02-17 16:17:41,378 - INFO - Best fit parameters: [2.21947932].
2023-02-17 16:17:41,407 - INFO - Maximum log composite likelihood: -67.86495644336355.
2023-02-17 16:17:41,407 - INFO - Optimal value of theta: 11320.817647652351.
2023-02-17 16:17:41,408 - INFO - Beginning optimization with guess, [2.2699526].
2023-02-17 16:17:41,466 - INFO - Finished optimization with guess, [2.2699526].
2023-02-17 16:17:41,467 - INFO - Best fit parameters: [2.2699526].
2023-02-17 16:17:41,496 - INFO - Maximum log composite likelihood: -67.86495644336355.
2023-02-17 16:17:41,496 - INFO - Optimal value of theta: 11320.817647652351.
2023-02-17 16:17:41,496 - INFO - Beginning optimization with guess, [1.27370697].
2023-02-17 16:17:41,555 - INFO - Finished optimization with guess, [1.27370697].
2023-02-17 16:17:41,555 - INFO - Best fit parameters: [1.27370697].
2023-02-17 16:17:41,584 - INFO - Maximum log composite likelihood: -67.86495644336355.
2023-02-17 16:17:41,584 - INFO - Optimal value of theta: 11320.817647652351.
2023-02-17 16:17:41,585 - INFO - Beginning optimization with guess, [1.78804572].
2023-02-17 16:17:41,643 - INFO - Finished optimization with guess, [1.78804572].
2023-02-17 16:17:41,643 - INFO - Best fit parameters: [1.78804572].
2023-02-17 16:17:41,673 - INFO - Maximum log composite likelihood: -67.86495644336355.
2023-02-17 16:17:41,673 - INFO - Optimal value of theta: 11320.817647652351.
2023-02-17 16:17:41,673 - INFO - Beginning optimization with guess, [5.54889454].
2023-02-17 16:17:41,732 - INFO - Finished optimization with guess, [5.54889454].
2023-02-17 16:17:41,732 - INFO - Best fit parameters: [5.54889454].
2023-02-17 16:17:41,761 - INFO - Maximum log composite likelihood: -67.86495644336355.
2023-02-17 16:17:41,762 - INFO - Optimal value of theta: 11320.817647652351.
2023-02-17 16:17:41,762 - INFO - Beginning optimization with guess, [4.88587922].
2023-02-17 16:17:41,821 - INFO - Finished optimization with guess, [4.88587922].
2023-02-17 16:17:41,821 - INFO - Best fit parameters: [4.88587922].
2023-02-17 16:17:41,850 - INFO - Maximum log composite likelihood: -67.86495644336355.
2023-02-17 16:17:41,851 - INFO - Optimal value of theta: 11320.817647652351.
2023-02-17 16:17:41,851 - INFO - Beginning optimization with guess, [3.83070105].
2023-02-17 16:17:41,910 - INFO - Finished optimization with guess, [3.83070105].
2023-02-17 16:17:41,910 - INFO - Best fit parameters: [3.83070105].
2023-02-17 16:17:41,939 - INFO - Maximum log composite likelihood: -67.86495644336355.
2023-02-17 16:17:41,939 - INFO - Optimal value of theta: 11320.817647652351.
2023-02-17 16:17:41,940 - INFO - Beginning optimization with guess, [7.62155188].
2023-02-17 16:17:41,999 - INFO - Finished optimization with guess, [7.62155188].
2023-02-17 16:17:41,999 - INFO - Best fit parameters: [7.62155188].
2023-02-17 16:17:42,028 - INFO - Maximum log composite likelihood: -67.86495644336355.
2023-02-17 16:17:42,028 - INFO - Optimal value of theta: 11320.817647652351.
2023-02-17 16:17:42,029 - INFO - Beginning optimization with guess, [9.36165888].
2023-02-17 16:17:42,087 - INFO - Finished optimization with guess, [9.36165888].
2023-02-17 16:17:42,088 - INFO - Best fit parameters: [9.36165888].
2023-02-17 16:17:42,117 - INFO - Maximum log composite likelihood: -67.86495644336355.
2023-02-17 16:17:42,117 - INFO - Optimal value of theta: 11320.817647652351.
2023-02-17 16:17:42,118 - INFO - Beginning optimization with guess, [7.60020644].
2023-02-17 16:17:42,177 - INFO - Finished optimization with guess, [7.60020644].
2023-02-17 16:17:42,177 - INFO - Best fit parameters: [7.60020644].
2023-02-17 16:17:42,206 - INFO - Maximum log composite likelihood: -67.86495644336355.
2023-02-17 16:17:42,206 - INFO - Optimal value of theta: 11320.817647652351.
2023-02-17 16:17:42,207 - INFO - Beginning optimization with guess, [10.89158425].
2023-02-17 16:17:42,265 - INFO - Finished optimization with guess, [10.89158425].
2023-02-17 16:17:42,266 - INFO - Best fit parameters: [10.89158425].
2023-02-17 16:17:42,295 - INFO - Maximum log composite likelihood: -67.86495644336355.
2023-02-17 16:17:42,295 - INFO - Optimal value of theta: 11320.817647652351.
2023-02-17 16:17:42,295 - INFO - Beginning optimization with guess, [8.67145225].
2023-02-17 16:17:42,354 - INFO - Finished optimization with guess, [8.67145225].
2023-02-17 16:17:42,354 - INFO - Best fit parameters: [8.67145225].
2023-02-17 16:17:42,384 - INFO - Maximum log composite likelihood: -67.86495644336355.
2023-02-17 16:17:42,384 - INFO - Optimal value of theta: 11320.817647652351.
2023-02-17 16:17:42,386 - INFO - Finished demographic inference.
2023-02-17 16:17:42,386 - INFO - Pipeline executed succesfully.
