2022-07-14 15:26:02,415 - INFO - Beginning execution of compute_downsampled_sfs.py in directory /u/project/ngarud/jonmah/demo_for_ccgb/Scripts

2022-07-14 15:26:02,415 - INFO - Progress is being logged to ../Analysis/Bacteroides_cellulosilyticus_58046_downsampled/log.log

2022-07-14 15:26:02,415 - INFO - Parsed the following arguments:
	outprefix = ../Analysis/Bacteroides_cellulosilyticus_58046_downsampled/
	species = Bacteroides_cellulosilyticus_58046
	sample_size = 20

2022-07-14 15:34:09,406 - INFO - Beginning demographic inference for one-epoch demographic model.
2022-07-14 15:34:09,409 - INFO - Beginning optimization with guess, [0.11293646].
2022-07-14 15:34:09,557 - INFO - Finished optimization with guess, [0.11293646].
2022-07-14 15:34:09,557 - INFO - Best fit parameters: [0.11293646].
2022-07-14 15:34:09,621 - INFO - Maximum log composite likelihood: -369.160050396.
2022-07-14 15:34:09,621 - INFO - Optimal value of theta: 8495.23718077.
2022-07-14 15:34:09,622 - INFO - Beginning optimization with guess, [0.19578803].
2022-07-14 15:34:09,749 - INFO - Finished optimization with guess, [0.19578803].
2022-07-14 15:34:09,749 - INFO - Best fit parameters: [0.19578803].
2022-07-14 15:34:09,813 - INFO - Maximum log composite likelihood: -369.160050396.
2022-07-14 15:34:09,814 - INFO - Optimal value of theta: 8495.23718077.
2022-07-14 15:34:09,814 - INFO - Beginning optimization with guess, [0.57260076].
2022-07-14 15:34:09,942 - INFO - Finished optimization with guess, [0.57260076].
2022-07-14 15:34:09,942 - INFO - Best fit parameters: [0.57260076].
2022-07-14 15:34:10,006 - INFO - Maximum log composite likelihood: -369.160050396.
2022-07-14 15:34:10,006 - INFO - Optimal value of theta: 8495.23718077.
2022-07-14 15:34:10,007 - INFO - Beginning optimization with guess, [0.27110456].
2022-07-14 15:34:10,134 - INFO - Finished optimization with guess, [0.27110456].
2022-07-14 15:34:10,134 - INFO - Best fit parameters: [0.27110456].
2022-07-14 15:34:10,197 - INFO - Maximum log composite likelihood: -369.160050396.
2022-07-14 15:34:10,198 - INFO - Optimal value of theta: 8495.23718077.
2022-07-14 15:34:10,198 - INFO - Beginning optimization with guess, [0.62759177].
2022-07-14 15:34:10,330 - INFO - Finished optimization with guess, [0.62759177].
2022-07-14 15:34:10,330 - INFO - Best fit parameters: [0.62759177].
2022-07-14 15:34:10,395 - INFO - Maximum log composite likelihood: -369.160050396.
2022-07-14 15:34:10,395 - INFO - Optimal value of theta: 8495.23718077.
2022-07-14 15:34:10,396 - INFO - Beginning optimization with guess, [0.5080636].
2022-07-14 15:34:10,522 - INFO - Finished optimization with guess, [0.5080636].
2022-07-14 15:34:10,522 - INFO - Best fit parameters: [0.5080636].
2022-07-14 15:34:10,586 - INFO - Maximum log composite likelihood: -369.160050396.
2022-07-14 15:34:10,587 - INFO - Optimal value of theta: 8495.23718077.
2022-07-14 15:34:10,587 - INFO - Beginning optimization with guess, [0.98634102].
2022-07-14 15:34:10,714 - INFO - Finished optimization with guess, [0.98634102].
2022-07-14 15:34:10,715 - INFO - Best fit parameters: [0.98634102].
2022-07-14 15:34:10,778 - INFO - Maximum log composite likelihood: -369.160050396.
2022-07-14 15:34:10,779 - INFO - Optimal value of theta: 8495.23718077.
2022-07-14 15:34:10,779 - INFO - Beginning optimization with guess, [0.83851085].
2022-07-14 15:34:10,906 - INFO - Finished optimization with guess, [0.83851085].
2022-07-14 15:34:10,907 - INFO - Best fit parameters: [0.83851085].
2022-07-14 15:34:10,971 - INFO - Maximum log composite likelihood: -369.160050396.
2022-07-14 15:34:10,971 - INFO - Optimal value of theta: 8495.23718077.
2022-07-14 15:34:10,972 - INFO - Beginning optimization with guess, [0.53047244].
2022-07-14 15:34:11,099 - INFO - Finished optimization with guess, [0.53047244].
2022-07-14 15:34:11,099 - INFO - Best fit parameters: [0.53047244].
2022-07-14 15:34:11,163 - INFO - Maximum log composite likelihood: -369.160050396.
2022-07-14 15:34:11,164 - INFO - Optimal value of theta: 8495.23718077.
2022-07-14 15:34:11,164 - INFO - Beginning optimization with guess, [1.00541793].
2022-07-14 15:34:11,292 - INFO - Finished optimization with guess, [1.00541793].
2022-07-14 15:34:11,292 - INFO - Best fit parameters: [1.00541793].
2022-07-14 15:34:11,356 - INFO - Maximum log composite likelihood: -369.160050396.
2022-07-14 15:34:11,357 - INFO - Optimal value of theta: 8495.23718077.
2022-07-14 15:34:11,358 - INFO - Beginning optimization with guess, [1.74846744].
2022-07-14 15:34:11,485 - INFO - Finished optimization with guess, [1.74846744].
2022-07-14 15:34:11,486 - INFO - Best fit parameters: [1.74846744].
2022-07-14 15:34:11,549 - INFO - Maximum log composite likelihood: -369.160050396.
2022-07-14 15:34:11,550 - INFO - Optimal value of theta: 8495.23718077.
2022-07-14 15:34:11,550 - INFO - Beginning optimization with guess, [1.14218931].
2022-07-14 15:34:11,678 - INFO - Finished optimization with guess, [1.14218931].
2022-07-14 15:34:11,678 - INFO - Best fit parameters: [1.14218931].
2022-07-14 15:34:11,742 - INFO - Maximum log composite likelihood: -369.160050396.
2022-07-14 15:34:11,743 - INFO - Optimal value of theta: 8495.23718077.
2022-07-14 15:34:11,743 - INFO - Beginning optimization with guess, [1.0418423].
2022-07-14 15:34:11,871 - INFO - Finished optimization with guess, [1.0418423].
2022-07-14 15:34:11,871 - INFO - Best fit parameters: [1.0418423].
2022-07-14 15:34:11,935 - INFO - Maximum log composite likelihood: -369.160050396.
2022-07-14 15:34:11,936 - INFO - Optimal value of theta: 8495.23718077.
2022-07-14 15:34:11,936 - INFO - Beginning optimization with guess, [2.31588702].
2022-07-14 15:34:12,064 - INFO - Finished optimization with guess, [2.31588702].
2022-07-14 15:34:12,064 - INFO - Best fit parameters: [2.31588702].
2022-07-14 15:34:12,127 - INFO - Maximum log composite likelihood: -369.160050396.
2022-07-14 15:34:12,128 - INFO - Optimal value of theta: 8495.23718077.
2022-07-14 15:34:12,129 - INFO - Beginning optimization with guess, [1.65878126].
2022-07-14 15:34:12,256 - INFO - Finished optimization with guess, [1.65878126].
2022-07-14 15:34:12,256 - INFO - Best fit parameters: [1.65878126].
2022-07-14 15:34:12,320 - INFO - Maximum log composite likelihood: -369.160050396.
2022-07-14 15:34:12,321 - INFO - Optimal value of theta: 8495.23718077.
2022-07-14 15:34:12,321 - INFO - Beginning optimization with guess, [1.28487101].
2022-07-14 15:34:12,448 - INFO - Finished optimization with guess, [1.28487101].
2022-07-14 15:34:12,449 - INFO - Best fit parameters: [1.28487101].
2022-07-14 15:34:12,513 - INFO - Maximum log composite likelihood: -369.160050396.
2022-07-14 15:34:12,514 - INFO - Optimal value of theta: 8495.23718077.
2022-07-14 15:34:12,514 - INFO - Beginning optimization with guess, [4.49215626].
2022-07-14 15:34:12,641 - INFO - Finished optimization with guess, [4.49215626].
2022-07-14 15:34:12,642 - INFO - Best fit parameters: [4.49215626].
2022-07-14 15:34:12,705 - INFO - Maximum log composite likelihood: -369.160050396.
2022-07-14 15:34:12,706 - INFO - Optimal value of theta: 8495.23718077.
2022-07-14 15:34:12,707 - INFO - Beginning optimization with guess, [2.01861948].
2022-07-14 15:34:12,834 - INFO - Finished optimization with guess, [2.01861948].
2022-07-14 15:34:12,834 - INFO - Best fit parameters: [2.01861948].
2022-07-14 15:34:12,898 - INFO - Maximum log composite likelihood: -369.160050396.
2022-07-14 15:34:12,898 - INFO - Optimal value of theta: 8495.23718077.
2022-07-14 15:34:12,899 - INFO - Beginning optimization with guess, [2.77225619].
2022-07-14 15:34:13,026 - INFO - Finished optimization with guess, [2.77225619].
2022-07-14 15:34:13,026 - INFO - Best fit parameters: [2.77225619].
2022-07-14 15:34:13,090 - INFO - Maximum log composite likelihood: -369.160050396.
2022-07-14 15:34:13,091 - INFO - Optimal value of theta: 8495.23718077.
2022-07-14 15:34:13,091 - INFO - Beginning optimization with guess, [7.25639357].
2022-07-14 15:34:13,219 - INFO - Finished optimization with guess, [7.25639357].
2022-07-14 15:34:13,219 - INFO - Best fit parameters: [7.25639357].
2022-07-14 15:34:13,282 - INFO - Maximum log composite likelihood: -369.160050396.
2022-07-14 15:34:13,283 - INFO - Optimal value of theta: 8495.23718077.
2022-07-14 15:34:13,284 - INFO - Beginning optimization with guess, [3.0886688].
2022-07-14 15:34:13,411 - INFO - Finished optimization with guess, [3.0886688].
2022-07-14 15:34:13,411 - INFO - Best fit parameters: [3.0886688].
2022-07-14 15:34:13,475 - INFO - Maximum log composite likelihood: -369.160050396.
2022-07-14 15:34:13,476 - INFO - Optimal value of theta: 8495.23718077.
2022-07-14 15:34:13,476 - INFO - Beginning optimization with guess, [2.57141756].
2022-07-14 15:34:13,604 - INFO - Finished optimization with guess, [2.57141756].
2022-07-14 15:34:13,604 - INFO - Best fit parameters: [2.57141756].
2022-07-14 15:34:13,668 - INFO - Maximum log composite likelihood: -369.160050396.
2022-07-14 15:34:13,669 - INFO - Optimal value of theta: 8495.23718077.
2022-07-14 15:34:13,669 - INFO - Beginning optimization with guess, [9.92066756].
2022-07-14 15:34:13,796 - INFO - Finished optimization with guess, [9.92066756].
2022-07-14 15:34:13,797 - INFO - Best fit parameters: [9.92066756].
2022-07-14 15:34:13,861 - INFO - Maximum log composite likelihood: -369.160050396.
2022-07-14 15:34:13,862 - INFO - Optimal value of theta: 8495.23718077.
2022-07-14 15:34:13,862 - INFO - Beginning optimization with guess, [5.32879978].
2022-07-14 15:34:13,990 - INFO - Finished optimization with guess, [5.32879978].
2022-07-14 15:34:13,990 - INFO - Best fit parameters: [5.32879978].
2022-07-14 15:34:14,054 - INFO - Maximum log composite likelihood: -369.160050396.
2022-07-14 15:34:14,055 - INFO - Optimal value of theta: 8495.23718077.
2022-07-14 15:34:14,055 - INFO - Beginning optimization with guess, [6.42190131].
2022-07-14 15:34:14,185 - INFO - Finished optimization with guess, [6.42190131].
2022-07-14 15:34:14,186 - INFO - Best fit parameters: [6.42190131].
2022-07-14 15:34:14,249 - INFO - Maximum log composite likelihood: -369.160050396.
2022-07-14 15:34:14,250 - INFO - Optimal value of theta: 8495.23718077.
2022-07-14 15:34:14,253 - INFO - Beginning demographic inference for two-epoch demographic model.
2022-07-14 15:34:14,256 - INFO - Beginning optimization with guess, [1.81770183e-03 1.63937564e-05].
2022-07-14 15:34:17,575 - INFO - Finished optimization with guess, [1.81770183e-03 1.63937564e-05].
2022-07-14 15:34:17,576 - INFO - Best fit parameters: [2.98512348e-02 3.80886762e-07].
2022-07-14 15:34:17,641 - INFO - Maximum log composite likelihood: -369.160082837.
2022-07-14 15:34:17,642 - INFO - Optimal value of theta: 8495.2372315.
2022-07-14 15:34:17,642 - INFO - Beginning optimization with guess, [1.32590896e-02 1.01963601e-05].
2022-07-14 15:34:20,752 - INFO - Finished optimization with guess, [1.32590896e-02 1.01963601e-05].
2022-07-14 15:34:20,752 - INFO - Best fit parameters: [1.95676512e-01 7.99675490e-07].
2022-07-14 15:34:20,817 - INFO - Maximum log composite likelihood: -369.160053115.
2022-07-14 15:34:20,818 - INFO - Optimal value of theta: 8495.23718502.
2022-07-14 15:34:20,819 - INFO - Beginning optimization with guess, [3.87042785e-02 1.12635659e-05].
2022-07-14 15:34:23,538 - INFO - Finished optimization with guess, [3.87042785e-02 1.12635659e-05].
2022-07-14 15:34:23,539 - INFO - Best fit parameters: [3.62431045e-01 1.57605753e-06].
2022-07-14 15:34:23,603 - INFO - Maximum log composite likelihood: -369.160052839.
2022-07-14 15:34:23,604 - INFO - Optimal value of theta: 8495.23718459.
2022-07-14 15:34:23,604 - INFO - Beginning optimization with guess, [4.9894887e-02 7.9474061e-06].
2022-07-14 15:34:25,942 - INFO - Finished optimization with guess, [4.9894887e-02 7.9474061e-06].
2022-07-14 15:34:25,943 - INFO - Best fit parameters: [3.19434927e-01 1.54202851e-06].
2022-07-14 15:34:26,012 - INFO - Maximum log composite likelihood: -369.160053614.
2022-07-14 15:34:26,013 - INFO - Optimal value of theta: 8495.23718581.
2022-07-14 15:34:26,013 - INFO - Beginning optimization with guess, [5.30588166e-02 1.00232138e-05].
2022-07-14 15:34:28,530 - INFO - Finished optimization with guess, [5.30588166e-02 1.00232138e-05].
2022-07-14 15:34:28,531 - INFO - Best fit parameters: [4.14967742e-01 1.73224481e-06].
2022-07-14 15:34:28,593 - INFO - Maximum log composite likelihood: -369.16005246.
2022-07-14 15:34:28,594 - INFO - Optimal value of theta: 8495.237184.
2022-07-14 15:34:28,594 - INFO - Beginning optimization with guess, [2.98388396e-02 9.19733623e-06].
2022-07-14 15:34:31,251 - INFO - Finished optimization with guess, [2.98388396e-02 9.19733623e-06].
2022-07-14 15:34:31,252 - INFO - Best fit parameters: [2.75049675e-01 1.22007984e-06].
2022-07-14 15:34:31,317 - INFO - Maximum log composite likelihood: -369.160053287.
2022-07-14 15:34:31,317 - INFO - Optimal value of theta: 8495.23718529.
2022-07-14 15:34:31,318 - INFO - Beginning optimization with guess, [6.99588206e-02 1.35755856e-05].
2022-07-14 15:34:33,774 - INFO - Finished optimization with guess, [6.99588206e-02 1.35755856e-05].
2022-07-14 15:34:33,775 - INFO - Best fit parameters: [5.66364554e-01 2.57306665e-06].
2022-07-14 15:34:33,838 - INFO - Maximum log composite likelihood: -369.160052211.
2022-07-14 15:34:33,838 - INFO - Optimal value of theta: 8495.23718361.
2022-07-14 15:34:33,839 - INFO - Beginning optimization with guess, [7.50090443e-02 1.12285156e-05].
2022-07-14 15:34:36,129 - INFO - Finished optimization with guess, [7.50090443e-02 1.12285156e-05].
2022-07-14 15:34:36,130 - INFO - Best fit parameters: [4.98173631e-01 2.41452529e-06].
2022-07-14 15:34:36,194 - INFO - Maximum log composite likelihood: -369.160052788.
2022-07-14 15:34:36,195 - INFO - Optimal value of theta: 8495.23718451.
2022-07-14 15:34:36,196 - INFO - Beginning optimization with guess, [8.49118670e-02 1.46584809e-05].
2022-07-14 15:34:38,503 - INFO - Finished optimization with guess, [8.49118670e-02 1.46584809e-05].
2022-07-14 15:34:38,504 - INFO - Best fit parameters: [5.74738796e-01 3.29090090e-06].
2022-07-14 15:34:38,567 - INFO - Maximum log composite likelihood: -369.160053233.
2022-07-14 15:34:38,568 - INFO - Optimal value of theta: 8495.23718521.
2022-07-14 15:34:38,568 - INFO - Beginning optimization with guess, [7.58610735e-02 1.08373258e-05].
2022-07-14 15:34:40,859 - INFO - Finished optimization with guess, [7.58610735e-02 1.08373258e-05].
2022-07-14 15:34:40,859 - INFO - Best fit parameters: [5.03927115e-01 2.33946192e-06].
2022-07-14 15:34:40,922 - INFO - Maximum log composite likelihood: -369.160052564.
2022-07-14 15:34:40,923 - INFO - Optimal value of theta: 8495.23718416.
2022-07-14 15:34:40,923 - INFO - Beginning optimization with guess, [1.50822027e-01 6.77611846e-06].
2022-07-14 15:34:42,630 - INFO - Finished optimization with guess, [1.50822027e-01 6.77611846e-06].
2022-07-14 15:34:42,630 - INFO - Best fit parameters: [5.91844690e-01 2.50401717e-06].
2022-07-14 15:34:42,693 - INFO - Maximum log composite likelihood: -369.160051876.
2022-07-14 15:34:42,694 - INFO - Optimal value of theta: 8495.23718309.
2022-07-14 15:34:42,694 - INFO - Beginning optimization with guess, [2.39852353e-01 1.07859064e-05].
2022-07-14 15:34:44,208 - INFO - Finished optimization with guess, [2.39852353e-01 1.07859064e-05].
2022-07-14 15:34:44,209 - INFO - Best fit parameters: [8.12914130e-01 5.21623959e-06].
2022-07-14 15:34:44,273 - INFO - Maximum log composite likelihood: -369.160051966.
2022-07-14 15:34:44,274 - INFO - Optimal value of theta: 8495.23718323.
2022-07-14 15:34:44,274 - INFO - Beginning optimization with guess, [2.97519956e-01 5.79742271e-06].
2022-07-14 15:34:44,652 - INFO - Finished optimization with guess, [2.97519956e-01 5.79742271e-06].
2022-07-14 15:34:44,652 - INFO - Best fit parameters: [2.97559597e-01 5.79678378e-06].
2022-07-14 15:34:44,715 - INFO - Maximum log composite likelihood: -369.160105297.
2022-07-14 15:34:44,716 - INFO - Optimal value of theta: 8495.23726663.
2022-07-14 15:34:44,716 - INFO - Beginning optimization with guess, [2.86734391e-01 6.59448709e-06].
2022-07-14 15:34:45,095 - INFO - Finished optimization with guess, [2.86734391e-01 6.59448709e-06].
2022-07-14 15:34:45,095 - INFO - Best fit parameters: [2.86787954e-01 6.59345900e-06].
2022-07-14 15:34:45,160 - INFO - Maximum log composite likelihood: -369.160128083.
2022-07-14 15:34:45,161 - INFO - Optimal value of theta: 8495.23730227.
2022-07-14 15:34:45,161 - INFO - Beginning optimization with guess, [9.83008658e-01 1.02090117e-05].
2022-07-14 15:34:45,543 - INFO - Finished optimization with guess, [9.83008658e-01 1.02090117e-05].
2022-07-14 15:34:45,543 - INFO - Best fit parameters: [9.83030729e-01 1.02090040e-05].
2022-07-14 15:34:45,606 - INFO - Maximum log composite likelihood: -369.160050771.
2022-07-14 15:34:45,607 - INFO - Optimal value of theta: 8495.23718136.
2022-07-14 15:34:45,608 - INFO - Beginning optimization with guess, [3.93581115e-01 5.46982896e-06].
2022-07-14 15:34:45,987 - INFO - Finished optimization with guess, [3.93581115e-01 5.46982896e-06].
2022-07-14 15:34:45,987 - INFO - Best fit parameters: [3.93606262e-01 5.46956438e-06].
2022-07-14 15:34:46,050 - INFO - Maximum log composite likelihood: -369.160074462.
2022-07-14 15:34:46,051 - INFO - Optimal value of theta: 8495.23721841.
2022-07-14 15:34:46,051 - INFO - Beginning optimization with guess, [4.37873537e-01 1.22708638e-05].
2022-07-14 15:34:46,432 - INFO - Finished optimization with guess, [4.37873537e-01 1.22708638e-05].
2022-07-14 15:34:46,432 - INFO - Best fit parameters: [4.37984272e-01 1.22686261e-05].
2022-07-14 15:34:46,495 - INFO - Maximum log composite likelihood: -369.160141318.
2022-07-14 15:34:46,495 - INFO - Optimal value of theta: 8495.23732298.
2022-07-14 15:34:46,496 - INFO - Beginning optimization with guess, [8.28123978e-01 1.32053215e-05].
2022-07-14 15:34:46,873 - INFO - Finished optimization with guess, [8.28123978e-01 1.32053215e-05].
2022-07-14 15:34:46,873 - INFO - Best fit parameters: [8.28174712e-01 1.32050830e-05].
2022-07-14 15:34:46,936 - INFO - Maximum log composite likelihood: -369.160059383.
2022-07-14 15:34:46,937 - INFO - Optimal value of theta: 8495.23719483.
2022-07-14 15:34:46,937 - INFO - Beginning optimization with guess, [4.66340293e-01 8.56923816e-06].
2022-07-14 15:34:47,317 - INFO - Finished optimization with guess, [4.66340293e-01 8.56923816e-06].
2022-07-14 15:34:47,317 - INFO - Best fit parameters: [4.66390040e-01 8.56860011e-06].
2022-07-14 15:34:47,382 - INFO - Maximum log composite likelihood: -369.160087479.
2022-07-14 15:34:47,383 - INFO - Optimal value of theta: 8495.23723877.
2022-07-14 15:34:47,383 - INFO - Beginning optimization with guess, [1.15102971e+00 7.50899917e-06].
2022-07-14 15:34:47,576 - INFO - Finished optimization with guess, [1.15102971e+00 7.50899917e-06].
2022-07-14 15:34:47,577 - INFO - Best fit parameters: [1.15102971e+00 7.50899917e-06].
2022-07-14 15:34:47,641 - INFO - Maximum log composite likelihood: -369.160049086.
2022-07-14 15:34:47,642 - INFO - Optimal value of theta: 8495.23717872.
2022-07-14 15:34:47,642 - INFO - Beginning optimization with guess, [1.77818512e+00 1.27051878e-05].
2022-07-14 15:34:48,028 - INFO - Finished optimization with guess, [1.77818512e+00 1.27051878e-05].
2022-07-14 15:34:48,028 - INFO - Best fit parameters: [1.77818902e+00 1.27053954e-05].
2022-07-14 15:34:48,093 - INFO - Maximum log composite likelihood: -369.160042288.
2022-07-14 15:34:48,093 - INFO - Optimal value of theta: 8495.23716809.
2022-07-14 15:34:48,094 - INFO - Beginning optimization with guess, [4.81713652e+00 6.30639268e-06].
2022-07-14 15:34:48,288 - INFO - Finished optimization with guess, [4.81713652e+00 6.30639268e-06].
2022-07-14 15:34:48,288 - INFO - Best fit parameters: [4.81713652e+00 6.30639268e-06].
2022-07-14 15:34:48,353 - INFO - Maximum log composite likelihood: -369.160049082.
2022-07-14 15:34:48,354 - INFO - Optimal value of theta: 8495.23717872.
2022-07-14 15:34:48,354 - INFO - Beginning optimization with guess, [3.55452133e+00 5.20656974e-06].
2022-07-14 15:34:48,547 - INFO - Finished optimization with guess, [3.55452133e+00 5.20656974e-06].
2022-07-14 15:34:48,548 - INFO - Best fit parameters: [3.55452133e+00 5.20656974e-06].
2022-07-14 15:34:48,612 - INFO - Maximum log composite likelihood: -369.160049295.
2022-07-14 15:34:48,613 - INFO - Optimal value of theta: 8495.23717905.
2022-07-14 15:34:48,613 - INFO - Beginning optimization with guess, [7.45378882e+00 6.57257380e-06].
2022-07-14 15:34:48,806 - INFO - Finished optimization with guess, [7.45378882e+00 6.57257380e-06].
2022-07-14 15:34:48,807 - INFO - Best fit parameters: [7.45378882e+00 6.57257380e-06].
2022-07-14 15:34:48,871 - INFO - Maximum log composite likelihood: -369.160049386.
2022-07-14 15:34:48,872 - INFO - Optimal value of theta: 8495.23717919.
2022-07-14 15:34:48,872 - INFO - Beginning optimization with guess, [5.64241837e+00 5.03144092e-06].
2022-07-14 15:34:49,066 - INFO - Finished optimization with guess, [5.64241837e+00 5.03144092e-06].
2022-07-14 15:34:49,066 - INFO - Best fit parameters: [5.64241837e+00 5.03144092e-06].
2022-07-14 15:34:49,130 - INFO - Maximum log composite likelihood: -369.160049653.
2022-07-14 15:34:49,131 - INFO - Optimal value of theta: 8495.23717961.
2022-07-14 15:34:49,134 - INFO - Beginning demographic inference for exponential growth demographic model.
2022-07-14 15:34:49,138 - INFO - Beginning optimization with guess, [1.81368258e-03 5.45541965e-06].
2022-07-14 15:34:52,455 - INFO - Finished optimization with guess, [1.81368258e-03 5.45541965e-06].
2022-07-14 15:34:52,456 - INFO - Best fit parameters: [4.64152455e-02 2.19332054e-07].
2022-07-14 15:34:52,522 - INFO - Maximum log composite likelihood: -369.160054716.
2022-07-14 15:34:52,523 - INFO - Optimal value of theta: 8495.23718753.
2022-07-14 15:34:52,523 - INFO - Beginning optimization with guess, [9.79901484e-03 9.31843819e-06].
2022-07-14 15:34:55,616 - INFO - Finished optimization with guess, [9.79901484e-03 9.31843819e-06].
2022-07-14 15:34:55,616 - INFO - Best fit parameters: [1.57229646e-01 6.51599394e-07].
2022-07-14 15:34:55,681 - INFO - Maximum log composite likelihood: -369.160053327.
2022-07-14 15:34:55,682 - INFO - Optimal value of theta: 8495.23718536.
2022-07-14 15:34:55,682 - INFO - Beginning optimization with guess, [1.66164726e-02 9.11976922e-06].
2022-07-14 15:34:58,585 - INFO - Finished optimization with guess, [1.66164726e-02 9.11976922e-06].
2022-07-14 15:34:58,586 - INFO - Best fit parameters: [1.89610107e-01 9.17805035e-07].
2022-07-14 15:34:58,650 - INFO - Maximum log composite likelihood: -369.160054249.
2022-07-14 15:34:58,651 - INFO - Optimal value of theta: 8495.2371868.
2022-07-14 15:34:58,651 - INFO - Beginning optimization with guess, [1.59416346e-02 1.92404697e-05].
2022-07-14 15:35:01,734 - INFO - Finished optimization with guess, [1.59416346e-02 1.92404697e-05].
2022-07-14 15:35:01,735 - INFO - Best fit parameters: [3.14115181e-01 1.24588005e-06].
2022-07-14 15:35:01,804 - INFO - Maximum log composite likelihood: -369.160052579.
2022-07-14 15:35:01,805 - INFO - Optimal value of theta: 8495.23718419.
2022-07-14 15:35:01,805 - INFO - Beginning optimization with guess, [4.18579849e-02 6.00463143e-06].
2022-07-14 15:35:04,149 - INFO - Finished optimization with guess, [4.18579849e-02 6.00463143e-06].
2022-07-14 15:35:04,149 - INFO - Best fit parameters: [2.64773505e-01 1.13394697e-06].
2022-07-14 15:35:04,213 - INFO - Maximum log composite likelihood: -369.160053128.
2022-07-14 15:35:04,214 - INFO - Optimal value of theta: 8495.23718504.
2022-07-14 15:35:04,215 - INFO - Beginning optimization with guess, [9.95207743e-02 1.86830998e-05].
2022-07-14 15:35:06,732 - INFO - Finished optimization with guess, [9.95207743e-02 1.86830998e-05].
2022-07-14 15:35:06,733 - INFO - Best fit parameters: [8.65772861e-01 4.31862920e-06].
2022-07-14 15:35:06,799 - INFO - Maximum log composite likelihood: -369.160051074.
2022-07-14 15:35:06,800 - INFO - Optimal value of theta: 8495.23718183.
2022-07-14 15:35:06,800 - INFO - Beginning optimization with guess, [5.28467761e-02 5.30093269e-06].
2022-07-14 15:35:08,902 - INFO - Finished optimization with guess, [5.28467761e-02 5.30093269e-06].
2022-07-14 15:35:08,903 - INFO - Best fit parameters: [2.79488833e-01 1.19488535e-06].
2022-07-14 15:35:08,967 - INFO - Maximum log composite likelihood: -369.160053064.
2022-07-14 15:35:08,968 - INFO - Optimal value of theta: 8495.23718494.
2022-07-14 15:35:08,969 - INFO - Beginning optimization with guess, [4.07757423e-02 1.72313102e-05].
2022-07-14 15:35:11,865 - INFO - Finished optimization with guess, [4.07757423e-02 1.72313102e-05].
2022-07-14 15:35:11,866 - INFO - Best fit parameters: [4.80933551e-01 2.13705012e-06].
2022-07-14 15:35:11,930 - INFO - Maximum log composite likelihood: -369.160052473.
2022-07-14 15:35:11,931 - INFO - Optimal value of theta: 8495.23718402.
2022-07-14 15:35:11,931 - INFO - Beginning optimization with guess, [9.57775243e-02 1.77931969e-05].
2022-07-14 15:35:14,436 - INFO - Finished optimization with guess, [9.57775243e-02 1.77931969e-05].
2022-07-14 15:35:14,436 - INFO - Best fit parameters: [8.24008254e-01 3.99791946e-06].
2022-07-14 15:35:14,501 - INFO - Maximum log composite likelihood: -369.160051237.
2022-07-14 15:35:14,502 - INFO - Optimal value of theta: 8495.23718209.
2022-07-14 15:35:14,502 - INFO - Beginning optimization with guess, [1.46985566e-01 1.23101414e-05].
2022-07-14 15:35:16,436 - INFO - Finished optimization with guess, [1.46985566e-01 1.23101414e-05].
2022-07-14 15:35:16,437 - INFO - Best fit parameters: [7.08098926e-01 4.15253665e-06].
2022-07-14 15:35:16,501 - INFO - Maximum log composite likelihood: -369.160052439.
2022-07-14 15:35:16,502 - INFO - Optimal value of theta: 8495.23718397.
2022-07-14 15:35:16,502 - INFO - Beginning optimization with guess, [5.13801181e-02 5.73080403e-06].
2022-07-14 15:35:18,634 - INFO - Finished optimization with guess, [5.13801181e-02 5.73080403e-06].
2022-07-14 15:35:18,635 - INFO - Best fit parameters: [2.71716299e-01 1.28592883e-06].
2022-07-14 15:35:18,700 - INFO - Maximum log composite likelihood: -369.160053705.
2022-07-14 15:35:18,701 - INFO - Optimal value of theta: 8495.23718595.
2022-07-14 15:35:18,701 - INFO - Beginning optimization with guess, [1.34168442e-01 6.35591119e-06].
2022-07-14 15:35:20,442 - INFO - Finished optimization with guess, [1.34168442e-01 6.35591119e-06].
2022-07-14 15:35:20,442 - INFO - Best fit parameters: [5.13776691e-01 2.23397801e-06].
2022-07-14 15:35:20,510 - INFO - Maximum log composite likelihood: -369.160052259.
2022-07-14 15:35:20,511 - INFO - Optimal value of theta: 8495.23718369.
2022-07-14 15:35:20,511 - INFO - Beginning optimization with guess, [4.40479564e-01 1.09947651e-05].
2022-07-14 15:35:20,908 - INFO - Finished optimization with guess, [4.40479564e-01 1.09947651e-05].
2022-07-14 15:35:20,908 - INFO - Best fit parameters: [4.40567779e-01 1.09931814e-05].
2022-07-14 15:35:20,977 - INFO - Maximum log composite likelihood: -369.160122191.
2022-07-14 15:35:20,978 - INFO - Optimal value of theta: 8495.23729306.
2022-07-14 15:35:20,978 - INFO - Beginning optimization with guess, [2.36777063e-01 1.54833598e-05].
2022-07-14 15:35:22,933 - INFO - Finished optimization with guess, [2.36777063e-01 1.54833598e-05].
2022-07-14 15:35:22,933 - INFO - Best fit parameters: [1.33632850e+00 7.83394589e-06].
2022-07-14 15:35:22,997 - INFO - Maximum log composite likelihood: -369.160048044.
2022-07-14 15:35:22,998 - INFO - Optimal value of theta: 8495.23717709.
2022-07-14 15:35:22,998 - INFO - Beginning optimization with guess, [3.72049694e-01 1.70749193e-05].
2022-07-14 15:35:23,386 - INFO - Finished optimization with guess, [3.72049694e-01 1.70749193e-05].
2022-07-14 15:35:23,386 - INFO - Best fit parameters: [3.72312546e-01 1.70656002e-05].
2022-07-14 15:35:23,451 - INFO - Maximum log composite likelihood: -369.160322381.
2022-07-14 15:35:23,452 - INFO - Optimal value of theta: 8495.23760624.
2022-07-14 15:35:23,452 - INFO - Beginning optimization with guess, [3.87499558e-01 1.05506936e-05].
2022-07-14 15:35:23,837 - INFO - Finished optimization with guess, [3.87499558e-01 1.05506936e-05].
2022-07-14 15:35:23,838 - INFO - Best fit parameters: [3.87595037e-01 1.05487142e-05].
2022-07-14 15:35:23,902 - INFO - Maximum log composite likelihood: -369.160143915.
2022-07-14 15:35:23,903 - INFO - Optimal value of theta: 8495.23732704.
2022-07-14 15:35:23,904 - INFO - Beginning optimization with guess, [4.92514612e-01 7.86678559e-06].
2022-07-14 15:35:24,289 - INFO - Finished optimization with guess, [4.92514612e-01 7.86678559e-06].
2022-07-14 15:35:24,289 - INFO - Best fit parameters: [4.92553616e-01 7.86636477e-06].
2022-07-14 15:35:24,353 - INFO - Maximum log composite likelihood: -369.160077023.
2022-07-14 15:35:24,354 - INFO - Optimal value of theta: 8495.23722241.
2022-07-14 15:35:24,355 - INFO - Beginning optimization with guess, [9.24780303e-01 1.17175002e-05].
2022-07-14 15:35:24,739 - INFO - Finished optimization with guess, [9.24780303e-01 1.17175002e-05].
2022-07-14 15:35:24,740 - INFO - Best fit parameters: [9.24813071e-01 1.17174419e-05].
2022-07-14 15:35:24,805 - INFO - Maximum log composite likelihood: -369.160052875.
2022-07-14 15:35:24,806 - INFO - Optimal value of theta: 8495.23718465.
2022-07-14 15:35:24,806 - INFO - Beginning optimization with guess, [1.22580532e+00 6.02773446e-06].
2022-07-14 15:35:24,998 - INFO - Finished optimization with guess, [1.22580532e+00 6.02773446e-06].
2022-07-14 15:35:24,999 - INFO - Best fit parameters: [1.22580532e+00 6.02773446e-06].
2022-07-14 15:35:25,063 - INFO - Maximum log composite likelihood: -369.160049288.
2022-07-14 15:35:25,064 - INFO - Optimal value of theta: 8495.23717904.
2022-07-14 15:35:25,064 - INFO - Beginning optimization with guess, [6.97515398e-01 5.27592076e-06].
2022-07-14 15:35:25,449 - INFO - Finished optimization with guess, [6.97515398e-01 5.27592076e-06].
2022-07-14 15:35:25,449 - INFO - Best fit parameters: [6.97526025e-01 5.27588306e-06].
2022-07-14 15:35:25,516 - INFO - Maximum log composite likelihood: -369.16005393.
2022-07-14 15:35:25,517 - INFO - Optimal value of theta: 8495.2371863.
2022-07-14 15:35:25,517 - INFO - Beginning optimization with guess, [2.29120919e+00 1.60189250e-05].
2022-07-14 15:35:25,902 - INFO - Finished optimization with guess, [2.29120919e+00 1.60189250e-05].
2022-07-14 15:35:25,902 - INFO - Best fit parameters: [2.29120208e+00 1.60193408e-05].
2022-07-14 15:35:25,966 - INFO - Maximum log composite likelihood: -369.160037519.
2022-07-14 15:35:25,967 - INFO - Optimal value of theta: 8495.23716064.
2022-07-14 15:35:25,968 - INFO - Beginning optimization with guess, [5.73373117e+00 9.21353835e-06].
2022-07-14 15:35:26,160 - INFO - Finished optimization with guess, [5.73373117e+00 9.21353835e-06].
2022-07-14 15:35:26,161 - INFO - Best fit parameters: [5.73373117e+00 9.21353835e-06].
2022-07-14 15:35:26,225 - INFO - Maximum log composite likelihood: -369.160047942.
2022-07-14 15:35:26,226 - INFO - Optimal value of theta: 8495.23717693.
2022-07-14 15:35:26,226 - INFO - Beginning optimization with guess, [4.42414965e+00 5.79060031e-06].
2022-07-14 15:35:26,419 - INFO - Finished optimization with guess, [4.42414965e+00 5.79060031e-06].
2022-07-14 15:35:26,420 - INFO - Best fit parameters: [4.42414965e+00 5.79060031e-06].
2022-07-14 15:35:26,484 - INFO - Maximum log composite likelihood: -369.160049218.
2022-07-14 15:35:26,485 - INFO - Optimal value of theta: 8495.23717893.
2022-07-14 15:35:26,485 - INFO - Beginning optimization with guess, [4.31419726e+00 5.84304488e-06].
2022-07-14 15:35:26,677 - INFO - Finished optimization with guess, [4.31419726e+00 5.84304488e-06].
2022-07-14 15:35:26,677 - INFO - Best fit parameters: [4.31419726e+00 5.84304488e-06].
2022-07-14 15:35:26,741 - INFO - Maximum log composite likelihood: -369.160049175.
2022-07-14 15:35:26,742 - INFO - Optimal value of theta: 8495.23717886.
2022-07-14 15:35:26,742 - INFO - Beginning optimization with guess, [3.76287881e+00 8.78226584e-06].
2022-07-14 15:35:26,934 - INFO - Finished optimization with guess, [3.76287881e+00 8.78226584e-06].
2022-07-14 15:35:26,935 - INFO - Best fit parameters: [3.76287881e+00 8.78226584e-06].
2022-07-14 15:35:26,999 - INFO - Maximum log composite likelihood: -369.160047369.
2022-07-14 15:35:27,000 - INFO - Optimal value of theta: 8495.23717604.
2022-07-14 15:35:27,003 - INFO - Beginning demographic inference for bottleneck + growth demographic model.
2022-07-14 15:35:27,006 - INFO - Beginning optimization with guess, [6.38946999e-04 5.38944229e-04 8.24536213e-07].
2022-07-14 15:35:30,349 - INFO - Finished optimization with guess, [6.38946999e-04 5.38944229e-04 8.24536213e-07].
2022-07-14 15:35:30,350 - INFO - Best fit parameters: [6.38934637e-04 6.78620728e-03 6.54579795e-08].
2022-07-14 15:35:30,414 - INFO - Maximum log composite likelihood: -369.160069325.
2022-07-14 15:35:30,415 - INFO - Optimal value of theta: 8495.23721037.
2022-07-14 15:35:30,416 - INFO - Beginning optimization with guess, [1.46148130e-02 1.17901771e-02 7.09888252e-07].
2022-07-14 15:35:32,737 - INFO - Finished optimization with guess, [1.46148130e-02 1.17901771e-02 7.09888252e-07].
2022-07-14 15:35:32,737 - INFO - Best fit parameters: [1.46149048e-02 4.22486694e-02 2.02763556e-07].
2022-07-14 15:35:32,802 - INFO - Maximum log composite likelihood: -369.160054872.
2022-07-14 15:35:32,803 - INFO - Optimal value of theta: 8495.23718777.
2022-07-14 15:35:32,803 - INFO - Beginning optimization with guess, [2.22088854e-02 1.34642647e-02 8.00774164e-07].
2022-07-14 15:35:35,118 - INFO - Finished optimization with guess, [2.22088854e-02 1.34642647e-02 8.00774164e-07].
2022-07-14 15:35:35,119 - INFO - Best fit parameters: [2.21643889e-02 4.82372887e-02 2.28860259e-07].
2022-07-14 15:35:35,183 - INFO - Maximum log composite likelihood: -369.160054742.
2022-07-14 15:35:35,184 - INFO - Optimal value of theta: 8495.23718757.
2022-07-14 15:35:35,184 - INFO - Beginning optimization with guess, [1.88770779e-02 1.95772339e-02 1.51031482e-06].
2022-07-14 15:35:37,722 - INFO - Finished optimization with guess, [1.88770779e-02 1.95772339e-02 1.51031482e-06].
2022-07-14 15:35:37,723 - INFO - Best fit parameters: [1.88820459e-02 8.38100763e-02 3.68388636e-07].
2022-07-14 15:35:37,787 - INFO - Maximum log composite likelihood: -369.160053983.
2022-07-14 15:35:37,788 - INFO - Optimal value of theta: 8495.23718638.
2022-07-14 15:35:37,788 - INFO - Beginning optimization with guess, [5.23639429e-02 2.32595832e-02 1.09778948e-06].
2022-07-14 15:35:40,046 - INFO - Finished optimization with guess, [5.23639429e-02 2.32595832e-02 1.09778948e-06].
2022-07-14 15:35:40,047 - INFO - Best fit parameters: [5.23639429e-02 8.41319100e-02 3.20930288e-07].
2022-07-14 15:35:40,110 - INFO - Maximum log composite likelihood: -369.160053091.
2022-07-14 15:35:40,111 - INFO - Optimal value of theta: 8495.23718499.
2022-07-14 15:35:40,111 - INFO - Beginning optimization with guess, [7.90750421e-02 9.02103567e-02 1.30931364e-06].
2022-07-14 15:35:40,615 - INFO - Finished optimization with guess, [7.90750421e-02 9.02103567e-02 1.30931364e-06].
2022-07-14 15:35:40,616 - INFO - Best fit parameters: [7.90750421e-02 9.02178365e-02 1.30921001e-06].
2022-07-14 15:35:40,679 - INFO - Maximum log composite likelihood: -369.160089786.
2022-07-14 15:35:40,679 - INFO - Optimal value of theta: 8495.23724237.
2022-07-14 15:35:40,680 - INFO - Beginning optimization with guess, [5.04933903e-02 7.41029803e-02 9.61280359e-07].
2022-07-14 15:35:41,179 - INFO - Finished optimization with guess, [5.04933903e-02 7.41029803e-02 9.61280359e-07].
2022-07-14 15:35:41,179 - INFO - Best fit parameters: [5.04933903e-02 7.41079292e-02 9.61218537e-07].
2022-07-14 15:35:41,242 - INFO - Maximum log composite likelihood: -369.160082394.
2022-07-14 15:35:41,242 - INFO - Optimal value of theta: 8495.23723081.
2022-07-14 15:35:41,243 - INFO - Beginning optimization with guess, [4.53160585e-02 1.12296018e-01 9.04312263e-07].
2022-07-14 15:35:41,744 - INFO - Finished optimization with guess, [4.53160585e-02 1.12296018e-01 9.04312263e-07].
2022-07-14 15:35:41,744 - INFO - Best fit parameters: [4.53160585e-02 1.12298844e-01 9.04290833e-07].
2022-07-14 15:35:41,807 - INFO - Maximum log composite likelihood: -369.160062162.
2022-07-14 15:35:41,807 - INFO - Optimal value of theta: 8495.23719917.
2022-07-14 15:35:41,808 - INFO - Beginning optimization with guess, [7.33215251e-02 8.88606815e-02 8.45793118e-07].
2022-07-14 15:35:42,308 - INFO - Finished optimization with guess, [7.33215251e-02 8.88606815e-02 8.45793118e-07].
2022-07-14 15:35:42,308 - INFO - Best fit parameters: [7.33215251e-02 8.88638476e-02 8.45764354e-07].
2022-07-14 15:35:42,371 - INFO - Maximum log composite likelihood: -369.1600673.
2022-07-14 15:35:42,372 - INFO - Optimal value of theta: 8495.23720721.
2022-07-14 15:35:42,372 - INFO - Beginning optimization with guess, [8.28346884e-02 6.44773424e-02 1.13177532e-06].
2022-07-14 15:35:42,875 - INFO - Finished optimization with guess, [8.28346884e-02 6.44773424e-02 1.13177532e-06].
2022-07-14 15:35:42,875 - INFO - Best fit parameters: [8.28346884e-02 6.44852690e-02 1.13164053e-06].
2022-07-14 15:35:42,937 - INFO - Maximum log composite likelihood: -369.160109698.
2022-07-14 15:35:42,938 - INFO - Optimal value of theta: 8495.23727352.
2022-07-14 15:35:42,938 - INFO - Beginning optimization with guess, [1.73832316e-01 7.21142076e-02 9.24636484e-07].
2022-07-14 15:35:43,438 - INFO - Finished optimization with guess, [1.73832316e-01 7.21142076e-02 9.24636484e-07].
2022-07-14 15:35:43,438 - INFO - Best fit parameters: [1.73832316e-01 7.21189163e-02 9.24578268e-07].
2022-07-14 15:35:43,502 - INFO - Maximum log composite likelihood: -369.16008172.
2022-07-14 15:35:43,503 - INFO - Optimal value of theta: 8495.23722976.
2022-07-14 15:35:43,503 - INFO - Beginning optimization with guess, [1.27214065e-01 3.58659356e-01 1.65510826e-06].
2022-07-14 15:35:43,754 - INFO - Finished optimization with guess, [1.27214065e-01 3.58659356e-01 1.65510826e-06].
2022-07-14 15:35:43,754 - INFO - Best fit parameters: [1.27214065e-01 3.58659356e-01 1.65510826e-06].
2022-07-14 15:35:43,817 - INFO - Maximum log composite likelihood: -369.160053166.
2022-07-14 15:35:43,818 - INFO - Optimal value of theta: 8495.2371851.
2022-07-14 15:35:43,818 - INFO - Beginning optimization with guess, [1.75819457e-01 3.50542521e-01 9.95694608e-07].
2022-07-14 15:35:44,070 - INFO - Finished optimization with guess, [1.75819457e-01 3.50542521e-01 9.95694608e-07].
2022-07-14 15:35:44,070 - INFO - Best fit parameters: [1.75819457e-01 3.50542521e-01 9.95694608e-07].
2022-07-14 15:35:44,134 - INFO - Maximum log composite likelihood: -369.160051452.
2022-07-14 15:35:44,135 - INFO - Optimal value of theta: 8495.23718242.
2022-07-14 15:35:44,136 - INFO - Beginning optimization with guess, [6.57942130e-01 5.17405697e-01 1.67371147e-06].
2022-07-14 15:35:44,390 - INFO - Finished optimization with guess, [6.57942130e-01 5.17405697e-01 1.67371147e-06].
2022-07-14 15:35:44,391 - INFO - Best fit parameters: [6.57942130e-01 5.17405697e-01 1.67371147e-06].
2022-07-14 15:35:44,454 - INFO - Maximum log composite likelihood: -369.160051415.
2022-07-14 15:35:44,455 - INFO - Optimal value of theta: 8495.23718237.
2022-07-14 15:35:44,455 - INFO - Beginning optimization with guess, [7.30044336e-01 5.05918699e-01 9.06121105e-07].
2022-07-14 15:35:44,710 - INFO - Finished optimization with guess, [7.30044336e-01 5.05918699e-01 9.06121105e-07].
2022-07-14 15:35:44,710 - INFO - Best fit parameters: [7.30044336e-01 5.05918699e-01 9.06121105e-07].
2022-07-14 15:35:44,774 - INFO - Maximum log composite likelihood: -369.160050714.
2022-07-14 15:35:44,775 - INFO - Optimal value of theta: 8495.23718127.
2022-07-14 15:35:44,775 - INFO - Beginning optimization with guess, [9.61496991e-01 7.99457407e-01 1.22796490e-06].
2022-07-14 15:35:45,029 - INFO - Finished optimization with guess, [9.61496991e-01 7.99457407e-01 1.22796490e-06].
2022-07-14 15:35:45,029 - INFO - Best fit parameters: [9.61496991e-01 7.99457407e-01 1.22796490e-06].
2022-07-14 15:35:45,092 - INFO - Maximum log composite likelihood: -369.160050491.
2022-07-14 15:35:45,093 - INFO - Optimal value of theta: 8495.23718092.
2022-07-14 15:35:45,093 - INFO - Beginning optimization with guess, [4.28871562e-01 1.09603483e+00 1.34888297e-06].
2022-07-14 15:35:45,353 - INFO - Finished optimization with guess, [4.28871562e-01 1.09603483e+00 1.34888297e-06].
2022-07-14 15:35:45,354 - INFO - Best fit parameters: [4.28871562e-01 1.09603483e+00 1.34888297e-06].
2022-07-14 15:35:45,420 - INFO - Maximum log composite likelihood: -369.160050367.
2022-07-14 15:35:45,421 - INFO - Optimal value of theta: 8495.23718073.
2022-07-14 15:35:45,421 - INFO - Beginning optimization with guess, [1.03677856e+00 1.00400687e+00 1.42353288e-06].
2022-07-14 15:35:45,686 - INFO - Finished optimization with guess, [1.03677856e+00 1.00400687e+00 1.42353288e-06].
2022-07-14 15:35:45,686 - INFO - Best fit parameters: [1.03677856e+00 1.00400687e+00 1.42353288e-06].
2022-07-14 15:35:45,751 - INFO - Maximum log composite likelihood: -369.160050395.
2022-07-14 15:35:45,752 - INFO - Optimal value of theta: 8495.23718077.
2022-07-14 15:35:45,753 - INFO - Beginning optimization with guess, [1.51051712e+00 7.64249618e-01 1.76821449e-06].
2022-07-14 15:35:46,013 - INFO - Finished optimization with guess, [1.51051712e+00 7.64249618e-01 1.76821449e-06].
2022-07-14 15:35:46,013 - INFO - Best fit parameters: [1.51051712e+00 7.64249618e-01 1.76821449e-06].
2022-07-14 15:35:46,076 - INFO - Maximum log composite likelihood: -369.16005065.
2022-07-14 15:35:46,077 - INFO - Optimal value of theta: 8495.23718117.
2022-07-14 15:35:46,077 - INFO - Beginning optimization with guess, [1.39186708e+00 7.20664586e-01 5.05202954e-07].
2022-07-14 15:35:46,328 - INFO - Finished optimization with guess, [1.39186708e+00 7.20664586e-01 5.05202954e-07].
2022-07-14 15:35:46,329 - INFO - Best fit parameters: [1.39186708e+00 7.20664586e-01 5.05202954e-07].
2022-07-14 15:35:46,392 - INFO - Maximum log composite likelihood: -369.160050424.
2022-07-14 15:35:46,393 - INFO - Optimal value of theta: 8495.23718082.
2022-07-14 15:35:46,393 - INFO - Beginning optimization with guess, [2.45732569e+00 3.13049148e+00 1.12303261e-06].
2022-07-14 15:35:46,647 - INFO - Finished optimization with guess, [2.45732569e+00 3.13049148e+00 1.12303261e-06].
2022-07-14 15:35:46,647 - INFO - Best fit parameters: [2.45732569e+00 3.13049148e+00 1.12303261e-06].
2022-07-14 15:35:46,709 - INFO - Maximum log composite likelihood: -369.16005034.
2022-07-14 15:35:46,710 - INFO - Optimal value of theta: 8495.23718069.
2022-07-14 15:35:46,710 - INFO - Beginning optimization with guess, [3.65369987e+00 2.58421094e+00 1.07722008e-06].
2022-07-14 15:35:46,961 - INFO - Finished optimization with guess, [3.65369987e+00 2.58421094e+00 1.07722008e-06].
2022-07-14 15:35:46,961 - INFO - Best fit parameters: [3.65369987e+00 2.58421094e+00 1.07722008e-06].
2022-07-14 15:35:47,025 - INFO - Maximum log composite likelihood: -369.16005034.
2022-07-14 15:35:47,026 - INFO - Optimal value of theta: 8495.23718069.
2022-07-14 15:35:47,026 - INFO - Beginning optimization with guess, [3.49330873e+00 6.04654846e+00 1.44881199e-06].
2022-07-14 15:35:47,276 - INFO - Finished optimization with guess, [3.49330873e+00 6.04654846e+00 1.44881199e-06].
2022-07-14 15:35:47,276 - INFO - Best fit parameters: [3.49330873e+00 6.04654846e+00 1.44881199e-06].
2022-07-14 15:35:47,339 - INFO - Maximum log composite likelihood: -369.160050337.
2022-07-14 15:35:47,340 - INFO - Optimal value of theta: 8495.23718068.
2022-07-14 15:35:47,341 - INFO - Beginning optimization with guess, [5.30624485e+00 7.60102975e+00 6.94735429e-07].
2022-07-14 15:35:47,592 - INFO - Finished optimization with guess, [5.30624485e+00 7.60102975e+00 6.94735429e-07].
2022-07-14 15:35:47,592 - INFO - Best fit parameters: [5.30624485e+00 7.60102975e+00 6.94735429e-07].
2022-07-14 15:35:47,655 - INFO - Maximum log composite likelihood: -369.160050385.
2022-07-14 15:35:47,656 - INFO - Optimal value of theta: 8495.23718076.
2022-07-14 15:35:47,656 - INFO - Beginning optimization with guess, [3.92848175e+00 5.71337633e+00 1.65435926e-06].
2022-07-14 15:35:47,907 - INFO - Finished optimization with guess, [3.92848175e+00 5.71337633e+00 1.65435926e-06].
2022-07-14 15:35:47,907 - INFO - Best fit parameters: [3.92848175e+00 5.71337633e+00 1.65435926e-06].
2022-07-14 15:35:47,970 - INFO - Maximum log composite likelihood: -369.160050316.
2022-07-14 15:35:47,970 - INFO - Optimal value of theta: 8495.23718065.
2022-07-14 15:35:47,974 - INFO - Beginning demographic inference for three-epoch demographic model.
2022-07-14 15:35:48,003 - INFO - Beginning optimization with guess, [6.87490676e-04 7.59960137e-04 1.53166653e-06 6.79190576e-07].
2022-07-14 15:35:51,538 - INFO - Finished optimization with guess, [6.87490676e-04 7.59960137e-04 1.53166653e-06 6.79190576e-07].
2022-07-14 15:35:51,539 - INFO - Best fit parameters: [6.03886574e-03 4.25962943e-03 1.74583330e-07 1.21026784e-07].
2022-07-14 15:35:51,603 - INFO - Maximum log composite likelihood: -369.16055607.
2022-07-14 15:35:51,604 - INFO - Optimal value of theta: 8495.23797175.
2022-07-14 15:35:51,604 - INFO - Beginning optimization with guess, [8.12538745e-03 6.79219194e-03 1.40385659e-06 1.53718839e-06].
2022-07-14 15:35:55,132 - INFO - Finished optimization with guess, [8.12538745e-03 6.79219194e-03 1.40385659e-06 1.53718839e-06].
2022-07-14 15:35:55,133 - INFO - Best fit parameters: [4.10630110e-02 3.55211028e-02 2.85461900e-07 2.97969523e-07].
2022-07-14 15:35:55,199 - INFO - Maximum log composite likelihood: -369.160085301.
2022-07-14 15:35:55,200 - INFO - Optimal value of theta: 8495.23723536.
2022-07-14 15:35:55,201 - INFO - Beginning optimization with guess, [3.24102317e-02 2.14939859e-02 5.44317727e-07 1.00199452e-06].
2022-07-14 15:35:58,184 - INFO - Finished optimization with guess, [3.24102317e-02 2.14939859e-02 5.44317727e-07 1.00199452e-06].
2022-07-14 15:35:58,184 - INFO - Best fit parameters: [9.16804036e-02 8.10478840e-02 2.02016659e-07 2.74357912e-07].
2022-07-14 15:35:58,251 - INFO - Maximum log composite likelihood: -369.160054788.
2022-07-14 15:35:58,252 - INFO - Optimal value of theta: 8495.23718764.
2022-07-14 15:35:58,252 - INFO - Beginning optimization with guess, [3.70506026e-02 5.23421292e-02 1.82924483e-06 6.41551951e-07].
2022-07-14 15:36:01,222 - INFO - Finished optimization with guess, [3.70506026e-02 5.23421292e-02 1.82924483e-06 6.41551951e-07].
2022-07-14 15:36:01,223 - INFO - Best fit parameters: [1.46994317e-01 1.24011319e-01 5.20679250e-07 2.78196817e-07].
2022-07-14 15:36:01,290 - INFO - Maximum log composite likelihood: -369.160054825.
2022-07-14 15:36:01,291 - INFO - Optimal value of theta: 8495.2371877.
2022-07-14 15:36:01,291 - INFO - Beginning optimization with guess, [5.12556408e-02 2.35494476e-02 8.49651912e-07 1.07778944e-06].
2022-07-14 15:36:04,242 - INFO - Finished optimization with guess, [5.12556408e-02 2.35494476e-02 8.49651912e-07 1.07778944e-06].
2022-07-14 15:36:04,242 - INFO - Best fit parameters: [1.48659128e-01 8.93773798e-02 3.27765622e-07 2.99594745e-07].
2022-07-14 15:36:04,308 - INFO - Maximum log composite likelihood: -369.160054574.
2022-07-14 15:36:04,309 - INFO - Optimal value of theta: 8495.23718731.
2022-07-14 15:36:04,309 - INFO - Beginning optimization with guess, [7.11588552e-02 7.95822851e-02 6.41398397e-07 7.96363537e-07].
2022-07-14 15:36:04,968 - INFO - Finished optimization with guess, [7.11588552e-02 7.95822851e-02 6.41398397e-07 7.96363537e-07].
2022-07-14 15:36:04,968 - INFO - Best fit parameters: [7.11624778e-02 7.95868158e-02 6.41367300e-07 7.96319433e-07].
2022-07-14 15:36:05,033 - INFO - Maximum log composite likelihood: -369.160102067.
2022-07-14 15:36:05,034 - INFO - Optimal value of theta: 8495.23726158.
2022-07-14 15:36:05,034 - INFO - Beginning optimization with guess, [3.23643222e-02 1.10841986e-01 5.37574240e-07 7.82826379e-07].
2022-07-14 15:36:05,690 - INFO - Finished optimization with guess, [3.23643222e-02 1.10841986e-01 5.37574240e-07 7.82826379e-07].
2022-07-14 15:36:05,690 - INFO - Best fit parameters: [3.23687297e-02 1.10846735e-01 5.37502314e-07 7.82793666e-07].
2022-07-14 15:36:05,756 - INFO - Maximum log composite likelihood: -369.160137843.
2022-07-14 15:36:05,757 - INFO - Optimal value of theta: 8495.23731753.
2022-07-14 15:36:05,758 - INFO - Beginning optimization with guess, [6.09262161e-02 9.14470792e-02 1.45129540e-06 8.50947889e-07].
2022-07-14 15:36:06,427 - INFO - Finished optimization with guess, [6.09262161e-02 9.14470792e-02 1.45129540e-06 8.50947889e-07].
2022-07-14 15:36:06,428 - INFO - Best fit parameters: [6.09428281e-02 9.14541243e-02 1.45091345e-06 8.50883620e-07].
2022-07-14 15:36:06,493 - INFO - Maximum log composite likelihood: -369.160219246.
2022-07-14 15:36:06,494 - INFO - Optimal value of theta: 8495.23744486.
2022-07-14 15:36:06,495 - INFO - Beginning optimization with guess, [1.25123645e-01 8.53504140e-02 1.94592212e-06 1.57356333e-06].
2022-07-14 15:36:07,154 - INFO - Finished optimization with guess, [1.25123645e-01 8.53504140e-02 1.94592212e-06 1.57356333e-06].
2022-07-14 15:36:07,154 - INFO - Best fit parameters: [1.25142755e-01 8.53662894e-02 1.94565115e-06 1.57327963e-06].
2022-07-14 15:36:07,220 - INFO - Maximum log composite likelihood: -369.160209735.
2022-07-14 15:36:07,221 - INFO - Optimal value of theta: 8495.23742998.
2022-07-14 15:36:07,221 - INFO - Beginning optimization with guess, [9.36715437e-02 6.20435675e-02 1.30069087e-06 1.99722226e-06].
2022-07-14 15:36:07,878 - INFO - Finished optimization with guess, [9.36715437e-02 6.20435675e-02 1.30069087e-06 1.99722226e-06].
2022-07-14 15:36:07,879 - INFO - Best fit parameters: [9.36872804e-02 6.20744369e-02 1.30048811e-06 1.99625361e-06].
2022-07-14 15:36:07,944 - INFO - Maximum log composite likelihood: -369.160369973.
2022-07-14 15:36:07,945 - INFO - Optimal value of theta: 8495.23768064.
2022-07-14 15:36:07,946 - INFO - Beginning optimization with guess, [7.43738379e-02 6.52411530e-02 1.47100526e-06 1.85511152e-06].
2022-07-14 15:36:08,603 - INFO - Finished optimization with guess, [7.43738379e-02 6.52411530e-02 1.47100526e-06 1.85511152e-06].
2022-07-14 15:36:08,603 - INFO - Best fit parameters: [7.43940188e-02 6.52692010e-02 1.47062709e-06 1.85433314e-06].
2022-07-14 15:36:08,669 - INFO - Maximum log composite likelihood: -369.160387907.
2022-07-14 15:36:08,670 - INFO - Optimal value of theta: 8495.23770869.
2022-07-14 15:36:08,670 - INFO - Beginning optimization with guess, [1.02377240e-01 1.85742575e-01 7.07338341e-07 1.59141146e-06].
2022-07-14 15:36:09,328 - INFO - Finished optimization with guess, [1.02377240e-01 1.85742575e-01 7.07338341e-07 1.59141146e-06].
2022-07-14 15:36:09,328 - INFO - Best fit parameters: [1.02380398e-01 1.85749701e-01 7.07318090e-07 1.59135471e-06].
2022-07-14 15:36:09,394 - INFO - Maximum log composite likelihood: -369.160082355.
2022-07-14 15:36:09,395 - INFO - Optimal value of theta: 8495.23723075.
2022-07-14 15:36:09,395 - INFO - Beginning optimization with guess, [2.38529878e-01 4.10748313e-01 5.95956345e-07 1.39541541e-06].
2022-07-14 15:36:09,723 - INFO - Finished optimization with guess, [2.38529878e-01 4.10748313e-01 5.95956345e-07 1.39541541e-06].
2022-07-14 15:36:09,724 - INFO - Best fit parameters: [2.38529878e-01 4.10748313e-01 5.95956345e-07 1.39541541e-06].
2022-07-14 15:36:09,789 - INFO - Maximum log composite likelihood: -369.160054043.
2022-07-14 15:36:09,790 - INFO - Optimal value of theta: 8495.23718648.
2022-07-14 15:36:09,790 - INFO - Beginning optimization with guess, [6.72091098e-01 4.21046681e-01 5.74738600e-07 7.10702557e-07].
2022-07-14 15:36:10,119 - INFO - Finished optimization with guess, [6.72091098e-01 4.21046681e-01 5.74738600e-07 7.10702557e-07].
2022-07-14 15:36:10,119 - INFO - Best fit parameters: [6.72091098e-01 4.21046681e-01 5.74738600e-07 7.10702557e-07].
2022-07-14 15:36:10,185 - INFO - Maximum log composite likelihood: -369.160050871.
2022-07-14 15:36:10,185 - INFO - Optimal value of theta: 8495.23718151.
2022-07-14 15:36:10,186 - INFO - Beginning optimization with guess, [7.39056642e-01 3.39138744e-01 1.38381892e-06 8.23468361e-07].
2022-07-14 15:36:10,515 - INFO - Finished optimization with guess, [7.39056642e-01 3.39138744e-01 1.38381892e-06 8.23468361e-07].
2022-07-14 15:36:10,516 - INFO - Best fit parameters: [7.39056642e-01 3.39138744e-01 1.38381892e-06 8.23468361e-07].
2022-07-14 15:36:10,585 - INFO - Maximum log composite likelihood: -369.160051604.
2022-07-14 15:36:10,586 - INFO - Optimal value of theta: 8495.23718266.
2022-07-14 15:36:10,587 - INFO - Beginning optimization with guess, [8.08868779e-01 8.72128097e-01 1.87931194e-06 5.80950274e-07].
2022-07-14 15:36:10,917 - INFO - Finished optimization with guess, [8.08868779e-01 8.72128097e-01 1.87931194e-06 5.80950274e-07].
2022-07-14 15:36:10,917 - INFO - Best fit parameters: [8.08868779e-01 8.72128097e-01 1.87931194e-06 5.80950274e-07].
2022-07-14 15:36:10,982 - INFO - Maximum log composite likelihood: -369.160050674.
2022-07-14 15:36:10,983 - INFO - Optimal value of theta: 8495.23718121.
2022-07-14 15:36:10,984 - INFO - Beginning optimization with guess, [1.02439892e+00 9.45633890e-01 1.46087090e-06 5.23754897e-07].
2022-07-14 15:36:11,315 - INFO - Finished optimization with guess, [1.02439892e+00 9.45633890e-01 1.46087090e-06 5.23754897e-07].
2022-07-14 15:36:11,315 - INFO - Best fit parameters: [1.02439892e+00 9.45633890e-01 1.46087090e-06 5.23754897e-07].
2022-07-14 15:36:11,382 - INFO - Maximum log composite likelihood: -369.160050386.
2022-07-14 15:36:11,382 - INFO - Optimal value of theta: 8495.23718076.
2022-07-14 15:36:11,383 - INFO - Beginning optimization with guess, [4.34618762e-01 1.08950687e+00 7.48465667e-07 6.01961263e-07].
2022-07-14 15:36:11,713 - INFO - Finished optimization with guess, [4.34618762e-01 1.08950687e+00 7.48465667e-07 6.01961263e-07].
2022-07-14 15:36:11,713 - INFO - Best fit parameters: [4.34618762e-01 1.08950687e+00 7.48465667e-07 6.01961263e-07].
2022-07-14 15:36:11,779 - INFO - Maximum log composite likelihood: -369.160050835.
2022-07-14 15:36:11,780 - INFO - Optimal value of theta: 8495.23718146.
2022-07-14 15:36:11,780 - INFO - Beginning optimization with guess, [7.78632419e-01 7.07485225e-01 7.13815921e-07 1.55033982e-06].
2022-07-14 15:36:12,110 - INFO - Finished optimization with guess, [7.78632419e-01 7.07485225e-01 7.13815921e-07 1.55033982e-06].
2022-07-14 15:36:12,110 - INFO - Best fit parameters: [7.78632419e-01 7.07485225e-01 7.13815921e-07 1.55033982e-06].
2022-07-14 15:36:12,176 - INFO - Maximum log composite likelihood: -369.160050805.
2022-07-14 15:36:12,177 - INFO - Optimal value of theta: 8495.23718141.
2022-07-14 15:36:12,177 - INFO - Beginning optimization with guess, [1.18358357e+00 1.49018122e+00 6.57695360e-07 1.93310393e-06].
2022-07-14 15:36:12,507 - INFO - Finished optimization with guess, [1.18358357e+00 1.49018122e+00 6.57695360e-07 1.93310393e-06].
2022-07-14 15:36:12,507 - INFO - Best fit parameters: [1.18358357e+00 1.49018122e+00 6.57695360e-07 1.93310393e-06].
2022-07-14 15:36:12,574 - INFO - Maximum log composite likelihood: -369.160050193.
2022-07-14 15:36:12,575 - INFO - Optimal value of theta: 8495.23718045.
2022-07-14 15:36:12,575 - INFO - Beginning optimization with guess, [1.27920651e+00 2.02538892e+00 1.05852868e-06 1.17615663e-06].
2022-07-14 15:36:12,904 - INFO - Finished optimization with guess, [1.27920651e+00 2.02538892e+00 1.05852868e-06 1.17615663e-06].
2022-07-14 15:36:12,904 - INFO - Best fit parameters: [1.27920651e+00 2.02538892e+00 1.05852868e-06 1.17615663e-06].
2022-07-14 15:36:12,970 - INFO - Maximum log composite likelihood: -369.160050261.
2022-07-14 15:36:12,971 - INFO - Optimal value of theta: 8495.23718056.
2022-07-14 15:36:12,972 - INFO - Beginning optimization with guess, [1.65367760e+00 2.03821642e+00 5.85458401e-07 1.37851831e-06].
2022-07-14 15:36:13,299 - INFO - Finished optimization with guess, [1.65367760e+00 2.03821642e+00 5.85458401e-07 1.37851831e-06].
2022-07-14 15:36:13,300 - INFO - Best fit parameters: [1.65367760e+00 2.03821642e+00 5.85458401e-07 1.37851831e-06].
2022-07-14 15:36:13,367 - INFO - Maximum log composite likelihood: -369.160050252.
2022-07-14 15:36:13,367 - INFO - Optimal value of theta: 8495.23718055.
2022-07-14 15:36:13,368 - INFO - Beginning optimization with guess, [5.89641415e+00 5.44840473e+00 1.39575990e-06 5.07224134e-07].
2022-07-14 15:36:13,695 - INFO - Finished optimization with guess, [5.89641415e+00 5.44840473e+00 1.39575990e-06 5.07224134e-07].
2022-07-14 15:36:13,695 - INFO - Best fit parameters: [5.89641415e+00 5.44840473e+00 1.39575990e-06 5.07224134e-07].
2022-07-14 15:36:13,760 - INFO - Maximum log composite likelihood: -369.16005031.
2022-07-14 15:36:13,761 - INFO - Optimal value of theta: 8495.23718064.
2022-07-14 15:36:13,762 - INFO - Beginning optimization with guess, [2.55675652e+00 7.56344686e+00 1.21096512e-06 9.75070383e-07].
2022-07-14 15:36:14,090 - INFO - Finished optimization with guess, [2.55675652e+00 7.56344686e+00 1.21096512e-06 9.75070383e-07].
2022-07-14 15:36:14,090 - INFO - Best fit parameters: [2.55675652e+00 7.56344686e+00 1.21096512e-06 9.75070383e-07].
2022-07-14 15:36:14,155 - INFO - Maximum log composite likelihood: -369.160050284.
2022-07-14 15:36:14,156 - INFO - Optimal value of theta: 8495.2371806.
2022-07-14 15:36:14,157 - INFO - Beginning optimization with guess, [8.30413477e+00 8.44076003e+00 9.30251524e-07 1.16964076e-06].
2022-07-14 15:36:14,486 - INFO - Finished optimization with guess, [8.30413477e+00 8.44076003e+00 9.30251524e-07 1.16964076e-06].
2022-07-14 15:36:14,486 - INFO - Best fit parameters: [8.30413477e+00 8.44076003e+00 9.30251524e-07 1.16964076e-06].
2022-07-14 15:36:14,551 - INFO - Maximum log composite likelihood: -369.160050325.
2022-07-14 15:36:14,552 - INFO - Optimal value of theta: 8495.23718066.
2022-07-14 15:36:14,555 - INFO - Finished demographic inference.
2022-07-14 15:36:14,555 - INFO - Pipeline executed succesfully.
