2023-02-17 17:01:12,155 - INFO - Beginning execution of fit_one_epoch.py in directory /u/project/ngarud/jonmah/demo_for_ccgb/Scripts

2023-02-17 17:01:12,155 - INFO - Progress is being logged to ../Analysis/Odoribacter_splanchnicus_62174_downsampled_18/log.log

2023-02-17 17:01:12,155 - INFO - Parsed the following arguments:
	syn_input_sfs = ../Analysis/Odoribacter_splanchnicus_62174_downsampled_18/empirical_sfs.txt
	mask_singletons = False
	mask_doubletons = False
	outprefix = ../Analysis/Odoribacter_splanchnicus_62174_downsampled_18/

2023-02-17 17:01:12,177 - INFO - Beginning demographic inference for one-epoch demographic model.
2023-02-17 17:01:12,179 - INFO - Beginning optimization with guess, [0.11071503].
2023-02-17 17:01:12,269 - INFO - Finished optimization with guess, [0.11071503].
2023-02-17 17:01:12,269 - INFO - Best fit parameters: [0.11071503].
2023-02-17 17:01:12,314 - INFO - Maximum log composite likelihood: -41.17584009768916.
2023-02-17 17:01:12,314 - INFO - Optimal value of theta: 2921.3514150881892.
2023-02-17 17:01:12,315 - INFO - Beginning optimization with guess, [0.18946762].
2023-02-17 17:01:12,405 - INFO - Finished optimization with guess, [0.18946762].
2023-02-17 17:01:12,405 - INFO - Best fit parameters: [0.18946762].
2023-02-17 17:01:12,450 - INFO - Maximum log composite likelihood: -41.17584009768916.
2023-02-17 17:01:12,450 - INFO - Optimal value of theta: 2921.3514150881892.
2023-02-17 17:01:12,450 - INFO - Beginning optimization with guess, [0.54917234].
2023-02-17 17:01:12,541 - INFO - Finished optimization with guess, [0.54917234].
2023-02-17 17:01:12,541 - INFO - Best fit parameters: [0.54917234].
2023-02-17 17:01:12,586 - INFO - Maximum log composite likelihood: -41.17584009768916.
2023-02-17 17:01:12,586 - INFO - Optimal value of theta: 2921.3514150881892.
2023-02-17 17:01:12,586 - INFO - Beginning optimization with guess, [0.32101364].
2023-02-17 17:01:12,676 - INFO - Finished optimization with guess, [0.32101364].
2023-02-17 17:01:12,677 - INFO - Best fit parameters: [0.32101364].
2023-02-17 17:01:12,721 - INFO - Maximum log composite likelihood: -41.17584009768916.
2023-02-17 17:01:12,722 - INFO - Optimal value of theta: 2921.3514150881892.
2023-02-17 17:01:12,722 - INFO - Beginning optimization with guess, [0.64674377].
2023-02-17 17:01:12,812 - INFO - Finished optimization with guess, [0.64674377].
2023-02-17 17:01:12,812 - INFO - Best fit parameters: [0.64674377].
2023-02-17 17:01:12,857 - INFO - Maximum log composite likelihood: -41.17584009768916.
2023-02-17 17:01:12,857 - INFO - Optimal value of theta: 2921.3514150881892.
2023-02-17 17:01:12,858 - INFO - Beginning optimization with guess, [0.62652645].
2023-02-17 17:01:12,948 - INFO - Finished optimization with guess, [0.62652645].
2023-02-17 17:01:12,948 - INFO - Best fit parameters: [0.62652645].
2023-02-17 17:01:12,993 - INFO - Maximum log composite likelihood: -41.17584009768916.
2023-02-17 17:01:12,993 - INFO - Optimal value of theta: 2921.3514150881892.
2023-02-17 17:01:12,994 - INFO - Beginning optimization with guess, [0.44875263].
2023-02-17 17:01:13,084 - INFO - Finished optimization with guess, [0.44875263].
2023-02-17 17:01:13,084 - INFO - Best fit parameters: [0.44875263].
2023-02-17 17:01:13,131 - INFO - Maximum log composite likelihood: -41.17584009768916.
2023-02-17 17:01:13,131 - INFO - Optimal value of theta: 2921.3514150881892.
2023-02-17 17:01:13,132 - INFO - Beginning optimization with guess, [0.50415085].
2023-02-17 17:01:13,222 - INFO - Finished optimization with guess, [0.50415085].
2023-02-17 17:01:13,223 - INFO - Best fit parameters: [0.50415085].
2023-02-17 17:01:13,268 - INFO - Maximum log composite likelihood: -41.17584009768916.
2023-02-17 17:01:13,268 - INFO - Optimal value of theta: 2921.3514150881892.
2023-02-17 17:01:13,268 - INFO - Beginning optimization with guess, [0.84660581].
2023-02-17 17:01:13,359 - INFO - Finished optimization with guess, [0.84660581].
2023-02-17 17:01:13,359 - INFO - Best fit parameters: [0.84660581].
2023-02-17 17:01:13,404 - INFO - Maximum log composite likelihood: -41.17584009768916.
2023-02-17 17:01:13,405 - INFO - Optimal value of theta: 2921.3514150881892.
2023-02-17 17:01:13,406 - INFO - Beginning optimization with guess, [0.93615229].
2023-02-17 17:01:13,549 - INFO - Finished optimization with guess, [0.93615229].
2023-02-17 17:01:13,550 - INFO - Best fit parameters: [0.93615229].
2023-02-17 17:01:13,595 - INFO - Maximum log composite likelihood: -41.17584009768916.
2023-02-17 17:01:13,596 - INFO - Optimal value of theta: 2921.3514150881892.
2023-02-17 17:01:13,596 - INFO - Beginning optimization with guess, [1.59012451].
2023-02-17 17:01:13,677 - INFO - Finished optimization with guess, [1.59012451].
2023-02-17 17:01:13,678 - INFO - Best fit parameters: [1.59012451].
2023-02-17 17:01:13,718 - INFO - Maximum log composite likelihood: -41.17584009768916.
2023-02-17 17:01:13,718 - INFO - Optimal value of theta: 2921.3514150881892.
2023-02-17 17:01:13,718 - INFO - Beginning optimization with guess, [0.81387462].
2023-02-17 17:01:13,799 - INFO - Finished optimization with guess, [0.81387462].
2023-02-17 17:01:13,800 - INFO - Best fit parameters: [0.81387462].
2023-02-17 17:01:13,839 - INFO - Maximum log composite likelihood: -41.17584009768916.
2023-02-17 17:01:13,840 - INFO - Optimal value of theta: 2921.3514150881892.
2023-02-17 17:01:13,840 - INFO - Beginning optimization with guess, [2.36935448].
2023-02-17 17:01:13,971 - INFO - Finished optimization with guess, [2.36935448].
2023-02-17 17:01:13,972 - INFO - Best fit parameters: [2.36935448].
2023-02-17 17:01:14,026 - INFO - Maximum log composite likelihood: -41.17584009768916.
2023-02-17 17:01:14,026 - INFO - Optimal value of theta: 2921.3514150881892.
2023-02-17 17:01:14,026 - INFO - Beginning optimization with guess, [3.78190521].
2023-02-17 17:01:14,121 - INFO - Finished optimization with guess, [3.78190521].
2023-02-17 17:01:14,121 - INFO - Best fit parameters: [3.78190521].
2023-02-17 17:01:14,198 - INFO - Maximum log composite likelihood: -41.17584009768916.
2023-02-17 17:01:14,198 - INFO - Optimal value of theta: 2921.3514150881892.
2023-02-17 17:01:14,199 - INFO - Beginning optimization with guess, [4.0082532].
2023-02-17 17:01:14,313 - INFO - Finished optimization with guess, [4.0082532].
2023-02-17 17:01:14,313 - INFO - Best fit parameters: [4.0082532].
2023-02-17 17:01:14,355 - INFO - Maximum log composite likelihood: -41.17584009768916.
2023-02-17 17:01:14,356 - INFO - Optimal value of theta: 2921.3514150881892.
2023-02-17 17:01:14,356 - INFO - Beginning optimization with guess, [1.38586367].
2023-02-17 17:01:14,439 - INFO - Finished optimization with guess, [1.38586367].
2023-02-17 17:01:14,439 - INFO - Best fit parameters: [1.38586367].
2023-02-17 17:01:14,480 - INFO - Maximum log composite likelihood: -41.17584009768916.
2023-02-17 17:01:14,481 - INFO - Optimal value of theta: 2921.3514150881892.
2023-02-17 17:01:14,481 - INFO - Beginning optimization with guess, [1.8359368].
2023-02-17 17:01:14,562 - INFO - Finished optimization with guess, [1.8359368].
2023-02-17 17:01:14,562 - INFO - Best fit parameters: [1.8359368].
2023-02-17 17:01:14,602 - INFO - Maximum log composite likelihood: -41.17584009768916.
2023-02-17 17:01:14,602 - INFO - Optimal value of theta: 2921.3514150881892.
2023-02-17 17:01:14,603 - INFO - Beginning optimization with guess, [5.65794254].
2023-02-17 17:01:14,684 - INFO - Finished optimization with guess, [5.65794254].
2023-02-17 17:01:14,684 - INFO - Best fit parameters: [5.65794254].
2023-02-17 17:01:14,724 - INFO - Maximum log composite likelihood: -41.17584009768916.
2023-02-17 17:01:14,724 - INFO - Optimal value of theta: 2921.3514150881892.
2023-02-17 17:01:14,725 - INFO - Beginning optimization with guess, [2.5862129].
2023-02-17 17:01:14,805 - INFO - Finished optimization with guess, [2.5862129].
2023-02-17 17:01:14,806 - INFO - Best fit parameters: [2.5862129].
2023-02-17 17:01:14,846 - INFO - Maximum log composite likelihood: -41.17584009768916.
2023-02-17 17:01:14,846 - INFO - Optimal value of theta: 2921.3514150881892.
2023-02-17 17:01:14,846 - INFO - Beginning optimization with guess, [2.72423913].
2023-02-17 17:01:14,927 - INFO - Finished optimization with guess, [2.72423913].
2023-02-17 17:01:14,927 - INFO - Best fit parameters: [2.72423913].
2023-02-17 17:01:14,967 - INFO - Maximum log composite likelihood: -41.17584009768916.
2023-02-17 17:01:14,968 - INFO - Optimal value of theta: 2921.3514150881892.
2023-02-17 17:01:14,968 - INFO - Beginning optimization with guess, [2.29327879].
2023-02-17 17:01:15,049 - INFO - Finished optimization with guess, [2.29327879].
2023-02-17 17:01:15,049 - INFO - Best fit parameters: [2.29327879].
2023-02-17 17:01:15,089 - INFO - Maximum log composite likelihood: -41.17584009768916.
2023-02-17 17:01:15,090 - INFO - Optimal value of theta: 2921.3514150881892.
2023-02-17 17:01:15,090 - INFO - Beginning optimization with guess, [5.12739996].
2023-02-17 17:01:15,188 - INFO - Finished optimization with guess, [5.12739996].
2023-02-17 17:01:15,189 - INFO - Best fit parameters: [5.12739996].
2023-02-17 17:01:15,239 - INFO - Maximum log composite likelihood: -41.17584009768916.
2023-02-17 17:01:15,240 - INFO - Optimal value of theta: 2921.3514150881892.
2023-02-17 17:01:15,240 - INFO - Beginning optimization with guess, [6.46187957].
2023-02-17 17:01:15,342 - INFO - Finished optimization with guess, [6.46187957].
2023-02-17 17:01:15,342 - INFO - Best fit parameters: [6.46187957].
2023-02-17 17:01:15,393 - INFO - Maximum log composite likelihood: -41.17584009768916.
2023-02-17 17:01:15,394 - INFO - Optimal value of theta: 2921.3514150881892.
2023-02-17 17:01:15,394 - INFO - Beginning optimization with guess, [3.55773226].
2023-02-17 17:01:15,496 - INFO - Finished optimization with guess, [3.55773226].
2023-02-17 17:01:15,497 - INFO - Best fit parameters: [3.55773226].
2023-02-17 17:01:15,547 - INFO - Maximum log composite likelihood: -41.17584009768916.
2023-02-17 17:01:15,547 - INFO - Optimal value of theta: 2921.3514150881892.
2023-02-17 17:01:15,548 - INFO - Beginning optimization with guess, [7.52738358].
2023-02-17 17:01:15,651 - INFO - Finished optimization with guess, [7.52738358].
2023-02-17 17:01:15,651 - INFO - Best fit parameters: [7.52738358].
2023-02-17 17:01:15,702 - INFO - Maximum log composite likelihood: -41.17584009768916.
2023-02-17 17:01:15,702 - INFO - Optimal value of theta: 2921.3514150881892.
2023-02-17 17:01:15,704 - INFO - Finished demographic inference.
2023-02-17 17:01:15,704 - INFO - Pipeline executed succesfully.
