2024-06-25 13:51:47,221 - INFO - Beginning execution of fit_dfe.py in directory /u/project/ngarud/jonmah/demo_for_ccgb/Scripts

2024-06-25 13:51:47,221 - INFO - Progress is being logged to ../SupplementaryAnalysis/Alistipes_finegoldii_56071/accessory_log.log

2024-06-25 13:51:47,221 - INFO - Parsed the following arguments:
	syn_input_sfs = ../SupplementaryAnalysis/Alistipes_finegoldii_56071/accessory_empirical_syn_downsampled_sfs.txt
	nonsyn_input_sfs = ../SupplementaryAnalysis/Alistipes_finegoldii_56071/accessory_empirical_nonsyn_downsampled_sfs.txt
	input_demography = ../SupplementaryAnalysis/Alistipes_finegoldii_56071/accessory_two_epoch_demography.txt
	input_model = two_epoch
	initial_alpha = 0.2
	initial_beta = 0.1
	outprefix = ../SupplementaryAnalysis/Alistipes_finegoldii_56071/accessory

2024-06-25 13:51:47,238 - INFO - Loading input demography.
2024-06-25 13:51:47,247 - INFO - Input demographic parameters are: [0.21072289, 0.02936081].
2024-06-25 13:51:47,247 - INFO - Input theta_syn is: 553.648942487.
2024-06-25 13:51:47,247 - INFO - Generating spectrum from input demography.
2024-06-25 13:51:51,992 - INFO - Fitting DFE.
2024-06-25 13:51:54,336 - WARNING - The integral is probably divergent, or slowly convergent.
2024-06-25 13:53:07,428 - WARNING - The algorithm does not converge.  Roundoff error is detected
  in the extrapolation table.  It is assumed that the requested tolerance
  cannot be achieved, and that the returned result (if full_output = 1) is 
  the best which can be obtained.
2024-06-25 13:53:51,540 - INFO - Fitting Neutral + Gamma DFE
2024-06-25 13:55:02,791 - INFO - Computing intermediate summary statistics.
2024-06-25 13:55:02,795 - INFO - Outputting results.
2024-06-25 13:55:02,800 - INFO - Pipeline executed succesfully.
