2022-08-25 14:14:46,043 - INFO - Beginning execution of fit_one_epoch.py in directory /u/project/ngarud/jonmah/demo_for_ccgb/Scripts

2022-08-25 14:14:46,043 - INFO - Progress is being logged to ../Analysis/Bacteroides_fragilis_54507_downsampled/log.log

2022-08-25 14:14:46,044 - INFO - Parsed the following arguments:
	mask_doubletons = False
	syn_input_sfs = ../Analysis/Bacteroides_fragilis_54507_downsampled/empirical_sfs.txt
	mask_singletons = True
	outprefix = ../Analysis/Bacteroides_fragilis_54507_downsampled/

2022-08-25 14:14:46,058 - INFO - Beginning demographic inference for exponential growth demographic model.
2022-08-25 14:14:46,059 - INFO - Beginning optimization with guess, [1.50083304e-06 1.37224932e-06].
2022-08-25 14:14:48,064 - INFO - Finished optimization with guess, [1.50083304e-06 1.37224932e-06].
2022-08-25 14:14:48,065 - INFO - Best fit parameters: [2.54312039e-06 1.41059191e-09].
2022-08-25 14:14:48,127 - INFO - Maximum log composite likelihood: -144.331784137.
2022-08-25 14:14:48,127 - INFO - Optimal value of theta: 5777.42671605.
2022-08-25 14:14:48,128 - INFO - Beginning optimization with guess, [6.14370691e-06 8.36459129e-07].
2022-08-25 14:14:49,810 - INFO - Finished optimization with guess, [6.14370691e-06 8.36459129e-07].
2022-08-25 14:14:49,812 - INFO - Best fit parameters: [8.19874885e-06 1.31494031e-08].
2022-08-25 14:14:49,880 - INFO - Maximum log composite likelihood: -144.566589063.
2022-08-25 14:14:49,881 - INFO - Optimal value of theta: 5777.89474694.
2022-08-25 14:14:49,881 - INFO - Beginning optimization with guess, [1.01476147e-04 1.71325381e-06].
2022-08-25 14:14:51,555 - INFO - Finished optimization with guess, [1.01476147e-04 1.71325381e-06].
2022-08-25 14:14:51,555 - INFO - Best fit parameters: [3.57159743e-04 1.34966278e-07].
2022-08-25 14:14:51,617 - INFO - Maximum log composite likelihood: -144.313810722.
2022-08-25 14:14:51,618 - INFO - Optimal value of theta: 5777.39136601.
2022-08-25 14:14:51,618 - INFO - Beginning optimization with guess, [6.63720175e-04 1.13933673e-06].
2022-08-25 14:14:53,292 - INFO - Finished optimization with guess, [6.63720175e-04 1.13933673e-06].
2022-08-25 14:14:53,293 - INFO - Best fit parameters: [3.76901601e-03 2.00344347e-07].
2022-08-25 14:14:53,355 - INFO - Maximum log composite likelihood: -144.298310551.
2022-08-25 14:14:53,355 - INFO - Optimal value of theta: 5777.361016.
2022-08-25 14:14:53,356 - INFO - Beginning optimization with guess, [5.69766453e-03 6.87597152e-07].
2022-08-25 14:14:55,031 - INFO - Finished optimization with guess, [5.69766453e-03 6.87597152e-07].
2022-08-25 14:14:55,032 - INFO - Best fit parameters: [2.04063733e-02 1.93562551e-07].
2022-08-25 14:14:55,094 - INFO - Maximum log composite likelihood: -144.298003538.
2022-08-25 14:14:55,095 - INFO - Optimal value of theta: 5777.36041763.
2022-08-25 14:14:55,095 - INFO - Beginning optimization with guess, [9.65453931e-01 6.27890797e-07].
2022-08-25 14:14:55,282 - INFO - Finished optimization with guess, [9.65453931e-01 6.27890797e-07].
2022-08-25 14:14:55,282 - INFO - Best fit parameters: [9.65453931e-01 6.27890797e-07].
2022-08-25 14:14:55,344 - INFO - Maximum log composite likelihood: -144.297993683.
2022-08-25 14:14:55,344 - INFO - Optimal value of theta: 5777.36039844.
2022-08-25 14:14:55,345 - INFO - Beginning optimization with guess, [4.51835716e-01 1.39026861e-06].
2022-08-25 14:14:55,532 - INFO - Finished optimization with guess, [4.51835716e-01 1.39026861e-06].
2022-08-25 14:14:55,533 - INFO - Best fit parameters: [4.51835716e-01 1.39026861e-06].
2022-08-25 14:14:55,595 - INFO - Maximum log composite likelihood: -144.297994253.
2022-08-25 14:14:55,596 - INFO - Optimal value of theta: 5777.36039955.
2022-08-25 14:14:55,596 - INFO - Beginning optimization with guess, [7.60159422e-01 1.05747005e-06].
2022-08-25 14:14:55,782 - INFO - Finished optimization with guess, [7.60159422e-01 1.05747005e-06].
2022-08-25 14:14:55,783 - INFO - Best fit parameters: [7.60159422e-01 1.05747005e-06].
2022-08-25 14:14:55,844 - INFO - Maximum log composite likelihood: -144.297993733.
2022-08-25 14:14:55,846 - INFO - Optimal value of theta: 5777.36039854.
2022-08-25 14:14:55,846 - INFO - Beginning optimization with guess, [1.73328832e+00 1.52769078e-06].
2022-08-25 14:14:56,033 - INFO - Finished optimization with guess, [1.73328832e+00 1.52769078e-06].
2022-08-25 14:14:56,033 - INFO - Best fit parameters: [1.73328832e+00 1.52769078e-06].
2022-08-25 14:14:56,095 - INFO - Maximum log composite likelihood: -144.297993619.
2022-08-25 14:14:56,096 - INFO - Optimal value of theta: 5777.36039832.
2022-08-25 14:14:56,096 - INFO - Beginning optimization with guess, [5.05745660e-01 7.19822997e-07].
2022-08-25 14:14:56,282 - INFO - Finished optimization with guess, [5.05745660e-01 7.19822997e-07].
2022-08-25 14:14:56,282 - INFO - Best fit parameters: [5.05745660e-01 7.19822997e-07].
2022-08-25 14:14:56,344 - INFO - Maximum log composite likelihood: -144.297993792.
2022-08-25 14:14:56,345 - INFO - Optimal value of theta: 5777.36039865.
2022-08-25 14:14:56,345 - INFO - Beginning optimization with guess, [1.57586645e+00 1.13428327e-06].
2022-08-25 14:14:56,530 - INFO - Finished optimization with guess, [1.57586645e+00 1.13428327e-06].
2022-08-25 14:14:56,530 - INFO - Best fit parameters: [1.57586645e+00 1.13428327e-06].
2022-08-25 14:14:56,592 - INFO - Maximum log composite likelihood: -144.297993649.
2022-08-25 14:14:56,593 - INFO - Optimal value of theta: 5777.36039837.
2022-08-25 14:14:56,593 - INFO - Beginning optimization with guess, [7.99145221e-01 1.00025162e-06].
2022-08-25 14:14:56,780 - INFO - Finished optimization with guess, [7.99145221e-01 1.00025162e-06].
2022-08-25 14:14:56,780 - INFO - Best fit parameters: [7.99145221e-01 1.00025162e-06].
2022-08-25 14:14:56,842 - INFO - Maximum log composite likelihood: -144.297993716.
2022-08-25 14:14:56,843 - INFO - Optimal value of theta: 5777.36039851.
2022-08-25 14:14:56,843 - INFO - Beginning optimization with guess, [2.42967021e+00 1.23943110e-06].
2022-08-25 14:14:57,030 - INFO - Finished optimization with guess, [2.42967021e+00 1.23943110e-06].
2022-08-25 14:14:57,030 - INFO - Best fit parameters: [2.42967021e+00 1.23943110e-06].
2022-08-25 14:14:57,092 - INFO - Maximum log composite likelihood: -144.297993641.
2022-08-25 14:14:57,093 - INFO - Optimal value of theta: 5777.36039836.
2022-08-25 14:14:57,093 - INFO - Beginning optimization with guess, [2.54686242e+00 5.65140240e-07].
2022-08-25 14:14:57,278 - INFO - Finished optimization with guess, [2.54686242e+00 5.65140240e-07].
2022-08-25 14:14:57,279 - INFO - Best fit parameters: [2.54686242e+00 5.65140240e-07].
2022-08-25 14:14:57,340 - INFO - Maximum log composite likelihood: -144.297993673.
2022-08-25 14:14:57,341 - INFO - Optimal value of theta: 5777.36039842.
2022-08-25 14:14:57,341 - INFO - Beginning optimization with guess, [2.05655418e+00 1.08197856e-06].
2022-08-25 14:14:57,528 - INFO - Finished optimization with guess, [2.05655418e+00 1.08197856e-06].
2022-08-25 14:14:57,528 - INFO - Best fit parameters: [2.05655418e+00 1.08197856e-06].
2022-08-25 14:14:57,590 - INFO - Maximum log composite likelihood: -144.297993649.
2022-08-25 14:14:57,590 - INFO - Optimal value of theta: 5777.36039837.
2022-08-25 14:14:57,591 - INFO - Beginning optimization with guess, [1.87789926e+00 1.65178257e-06].
2022-08-25 14:14:57,776 - INFO - Finished optimization with guess, [1.87789926e+00 1.65178257e-06].
2022-08-25 14:14:57,776 - INFO - Best fit parameters: [1.87789926e+00 1.65178257e-06].
2022-08-25 14:14:57,838 - INFO - Maximum log composite likelihood: -144.297993607.
2022-08-25 14:14:57,839 - INFO - Optimal value of theta: 5777.36039829.
2022-08-25 14:14:57,839 - INFO - Beginning optimization with guess, [2.17675301e+00 5.09882904e-07].
2022-08-25 14:14:58,024 - INFO - Finished optimization with guess, [2.17675301e+00 5.09882904e-07].
2022-08-25 14:14:58,024 - INFO - Best fit parameters: [2.17675301e+00 5.09882904e-07].
2022-08-25 14:14:58,086 - INFO - Maximum log composite likelihood: -144.297993675.
2022-08-25 14:14:58,087 - INFO - Optimal value of theta: 5777.36039842.
2022-08-25 14:14:58,087 - INFO - Beginning optimization with guess, [5.20803665e+00 8.48597121e-07].
2022-08-25 14:14:58,272 - INFO - Finished optimization with guess, [5.20803665e+00 8.48597121e-07].
2022-08-25 14:14:58,272 - INFO - Best fit parameters: [5.20803665e+00 8.48597121e-07].
2022-08-25 14:14:58,334 - INFO - Maximum log composite likelihood: -144.297993669.
2022-08-25 14:14:58,335 - INFO - Optimal value of theta: 5777.36039841.
2022-08-25 14:14:58,335 - INFO - Beginning optimization with guess, [2.47593033e+00 1.04779416e-06].
2022-08-25 14:14:58,521 - INFO - Finished optimization with guess, [2.47593033e+00 1.04779416e-06].
2022-08-25 14:14:58,521 - INFO - Best fit parameters: [2.47593033e+00 1.04779416e-06].
2022-08-25 14:14:58,585 - INFO - Maximum log composite likelihood: -144.297993652.
2022-08-25 14:14:58,586 - INFO - Optimal value of theta: 5777.36039838.
2022-08-25 14:14:58,586 - INFO - Beginning optimization with guess, [6.19978746e+00 6.21178065e-07].
2022-08-25 14:14:58,772 - INFO - Finished optimization with guess, [6.19978746e+00 6.21178065e-07].
2022-08-25 14:14:58,772 - INFO - Best fit parameters: [6.19978746e+00 6.21178065e-07].
2022-08-25 14:14:58,834 - INFO - Maximum log composite likelihood: -144.297993676.
2022-08-25 14:14:58,835 - INFO - Optimal value of theta: 5777.36039843.
2022-08-25 14:14:58,835 - INFO - Beginning optimization with guess, [5.47617270e+00 8.83562341e-07].
2022-08-25 14:14:59,020 - INFO - Finished optimization with guess, [5.47617270e+00 8.83562341e-07].
2022-08-25 14:14:59,020 - INFO - Best fit parameters: [5.47617270e+00 8.83562341e-07].
2022-08-25 14:14:59,082 - INFO - Maximum log composite likelihood: -144.297993669.
2022-08-25 14:14:59,083 - INFO - Optimal value of theta: 5777.36039841.
2022-08-25 14:14:59,083 - INFO - Beginning optimization with guess, [6.76126624e+00 7.94781674e-07].
2022-08-25 14:14:59,268 - INFO - Finished optimization with guess, [6.76126624e+00 7.94781674e-07].
2022-08-25 14:14:59,269 - INFO - Best fit parameters: [6.76126624e+00 7.94781674e-07].
2022-08-25 14:14:59,330 - INFO - Maximum log composite likelihood: -144.297993673.
2022-08-25 14:14:59,331 - INFO - Optimal value of theta: 5777.36039842.
2022-08-25 14:14:59,331 - INFO - Beginning optimization with guess, [5.99033174e+00 6.07991222e-07].
2022-08-25 14:14:59,516 - INFO - Finished optimization with guess, [5.99033174e+00 6.07991222e-07].
2022-08-25 14:14:59,517 - INFO - Best fit parameters: [5.99033174e+00 6.07991222e-07].
2022-08-25 14:14:59,578 - INFO - Maximum log composite likelihood: -144.297993676.
2022-08-25 14:14:59,579 - INFO - Optimal value of theta: 5777.36039843.
2022-08-25 14:14:59,580 - INFO - Beginning optimization with guess, [6.26578843e+00 6.58697489e-07].
2022-08-25 14:14:59,765 - INFO - Finished optimization with guess, [6.26578843e+00 6.58697489e-07].
2022-08-25 14:14:59,765 - INFO - Best fit parameters: [6.26578843e+00 6.58697489e-07].
2022-08-25 14:14:59,828 - INFO - Maximum log composite likelihood: -144.297993675.
2022-08-25 14:14:59,828 - INFO - Optimal value of theta: 5777.36039843.
2022-08-25 14:14:59,829 - INFO - Beginning optimization with guess, [7.26489258e+00 6.17257973e-07].
2022-08-25 14:15:00,014 - INFO - Finished optimization with guess, [7.26489258e+00 6.17257973e-07].
2022-08-25 14:15:00,015 - INFO - Best fit parameters: [7.26489258e+00 6.17257973e-07].
2022-08-25 14:15:00,076 - INFO - Maximum log composite likelihood: -144.297993677.
2022-08-25 14:15:00,077 - INFO - Optimal value of theta: 5777.36039843.
2022-08-25 14:15:00,080 - INFO - Beginning demographic inference for two-epoch demographic model.
2022-08-25 14:15:00,082 - INFO - Beginning optimization with guess, [1.65364717e-06 7.31270968e-07].
2022-08-25 14:15:01,826 - INFO - Finished optimization with guess, [1.65364717e-06 7.31270968e-07].
2022-08-25 14:15:01,826 - INFO - Best fit parameters: [1.84359994e-06 1.03924774e-09].
2022-08-25 14:15:01,888 - INFO - Maximum log composite likelihood: -144.332878425.
2022-08-25 14:15:01,889 - INFO - Optimal value of theta: 5777.42887212.
2022-08-25 14:15:01,889 - INFO - Beginning optimization with guess, [1.96998830e-05 5.63327923e-07].
2022-08-25 14:15:03,598 - INFO - Finished optimization with guess, [1.96998830e-05 5.63327923e-07].
2022-08-25 14:15:03,598 - INFO - Best fit parameters: [4.67546623e-05 2.50590265e-08].
2022-08-25 14:15:03,660 - INFO - Maximum log composite likelihood: -144.329571906.
2022-08-25 14:15:03,661 - INFO - Optimal value of theta: 5777.42235853.
2022-08-25 14:15:03,661 - INFO - Beginning optimization with guess, [3.36591024e-04 5.38256583e-07].
2022-08-25 14:15:05,344 - INFO - Finished optimization with guess, [3.36591024e-04 5.38256583e-07].
2022-08-25 14:15:05,344 - INFO - Best fit parameters: [1.79345946e-03 1.00779009e-07].
2022-08-25 14:15:05,407 - INFO - Maximum log composite likelihood: -144.298348462.
2022-08-25 14:15:05,408 - INFO - Optimal value of theta: 5777.36108991.
2022-08-25 14:15:05,408 - INFO - Beginning optimization with guess, [3.66238372e-03 1.70079109e-06].
2022-08-25 14:15:07,090 - INFO - Finished optimization with guess, [3.66238372e-03 1.70079109e-06].
2022-08-25 14:15:07,090 - INFO - Best fit parameters: [1.35717732e-02 4.60973866e-07].
2022-08-25 14:15:07,154 - INFO - Maximum log composite likelihood: -144.298121814.
2022-08-25 14:15:07,155 - INFO - Optimal value of theta: 5777.36064809.
2022-08-25 14:15:07,155 - INFO - Beginning optimization with guess, [1.02813957e-02 1.66826869e-06].
2022-08-25 14:15:08,836 - INFO - Finished optimization with guess, [1.02813957e-02 1.66826869e-06].
2022-08-25 14:15:08,837 - INFO - Best fit parameters: [3.70085522e-02 4.71317816e-07].
2022-08-25 14:15:08,900 - INFO - Maximum log composite likelihood: -144.298011197.
2022-08-25 14:15:08,901 - INFO - Optimal value of theta: 5777.36043255.
2022-08-25 14:15:08,901 - INFO - Beginning optimization with guess, [4.40204578e-01 7.48160371e-07].
2022-08-25 14:15:09,089 - INFO - Finished optimization with guess, [4.40204578e-01 7.48160371e-07].
2022-08-25 14:15:09,089 - INFO - Best fit parameters: [4.40204578e-01 7.48160371e-07].
2022-08-25 14:15:09,151 - INFO - Maximum log composite likelihood: -144.297993859.
2022-08-25 14:15:09,152 - INFO - Optimal value of theta: 5777.36039878.
2022-08-25 14:15:09,152 - INFO - Beginning optimization with guess, [8.19562519e-01 7.75068636e-07].
2022-08-25 14:15:09,338 - INFO - Finished optimization with guess, [8.19562519e-01 7.75068636e-07].
2022-08-25 14:15:09,339 - INFO - Best fit parameters: [8.19562519e-01 7.75068636e-07].
2022-08-25 14:15:09,401 - INFO - Maximum log composite likelihood: -144.297993699.
2022-08-25 14:15:09,402 - INFO - Optimal value of theta: 5777.36039847.
2022-08-25 14:15:09,402 - INFO - Beginning optimization with guess, [5.33844620e-01 6.73897848e-07].
2022-08-25 14:15:09,589 - INFO - Finished optimization with guess, [5.33844620e-01 6.73897848e-07].
2022-08-25 14:15:09,589 - INFO - Best fit parameters: [5.33844620e-01 6.73897848e-07].
2022-08-25 14:15:09,651 - INFO - Maximum log composite likelihood: -144.297993763.
2022-08-25 14:15:09,652 - INFO - Optimal value of theta: 5777.3603986.
2022-08-25 14:15:09,652 - INFO - Beginning optimization with guess, [6.75574507e-01 6.19228207e-07].
2022-08-25 14:15:09,841 - INFO - Finished optimization with guess, [6.75574507e-01 6.19228207e-07].
2022-08-25 14:15:09,842 - INFO - Best fit parameters: [6.75574507e-01 6.19228207e-07].
2022-08-25 14:15:09,904 - INFO - Maximum log composite likelihood: -144.297993712.
2022-08-25 14:15:09,905 - INFO - Optimal value of theta: 5777.3603985.
2022-08-25 14:15:09,906 - INFO - Beginning optimization with guess, [7.17477435e-01 1.30519087e-06].
2022-08-25 14:15:10,093 - INFO - Finished optimization with guess, [7.17477435e-01 1.30519087e-06].
2022-08-25 14:15:10,093 - INFO - Best fit parameters: [7.17477435e-01 1.30519087e-06].
2022-08-25 14:15:10,155 - INFO - Maximum log composite likelihood: -144.297993784.
2022-08-25 14:15:10,156 - INFO - Optimal value of theta: 5777.36039864.
2022-08-25 14:15:10,156 - INFO - Beginning optimization with guess, [1.22418829e+00 1.97669168e-06].
2022-08-25 14:15:10,343 - INFO - Finished optimization with guess, [1.22418829e+00 1.97669168e-06].
2022-08-25 14:15:10,343 - INFO - Best fit parameters: [1.22418829e+00 1.97669168e-06].
2022-08-25 14:15:10,405 - INFO - Maximum log composite likelihood: -144.297993618.
2022-08-25 14:15:10,406 - INFO - Optimal value of theta: 5777.36039831.
2022-08-25 14:15:10,406 - INFO - Beginning optimization with guess, [2.50522633e+00 1.41623324e-06].
2022-08-25 14:15:10,594 - INFO - Finished optimization with guess, [2.50522633e+00 1.41623324e-06].
2022-08-25 14:15:10,594 - INFO - Best fit parameters: [2.50522633e+00 1.41623324e-06].
2022-08-25 14:15:10,656 - INFO - Maximum log composite likelihood: -144.297993629.
2022-08-25 14:15:10,657 - INFO - Optimal value of theta: 5777.36039833.
2022-08-25 14:15:10,657 - INFO - Beginning optimization with guess, [2.58084876e+00 1.13627174e-06].
2022-08-25 14:15:10,846 - INFO - Finished optimization with guess, [2.58084876e+00 1.13627174e-06].
2022-08-25 14:15:10,846 - INFO - Best fit parameters: [2.58084876e+00 1.13627174e-06].
2022-08-25 14:15:10,909 - INFO - Maximum log composite likelihood: -144.297993648.
2022-08-25 14:15:10,909 - INFO - Optimal value of theta: 5777.36039837.
2022-08-25 14:15:10,910 - INFO - Beginning optimization with guess, [3.94901385e+00 1.57520443e-06].
2022-08-25 14:15:11,098 - INFO - Finished optimization with guess, [3.94901385e+00 1.57520443e-06].
2022-08-25 14:15:11,098 - INFO - Best fit parameters: [3.94901385e+00 1.57520443e-06].
2022-08-25 14:15:11,160 - INFO - Maximum log composite likelihood: -144.29799363.
2022-08-25 14:15:11,161 - INFO - Optimal value of theta: 5777.36039834.
2022-08-25 14:15:11,161 - INFO - Beginning optimization with guess, [1.92243737e+00 1.64667850e-06].
2022-08-25 14:15:11,348 - INFO - Finished optimization with guess, [1.92243737e+00 1.64667850e-06].
2022-08-25 14:15:11,348 - INFO - Best fit parameters: [1.92243737e+00 1.64667850e-06].
2022-08-25 14:15:11,410 - INFO - Maximum log composite likelihood: -144.297993607.
2022-08-25 14:15:11,411 - INFO - Optimal value of theta: 5777.36039829.
2022-08-25 14:15:11,411 - INFO - Beginning optimization with guess, [1.31038142e+00 1.31658867e-06].
2022-08-25 14:15:11,597 - INFO - Finished optimization with guess, [1.31038142e+00 1.31658867e-06].
2022-08-25 14:15:11,598 - INFO - Best fit parameters: [1.31038142e+00 1.31658867e-06].
2022-08-25 14:15:11,660 - INFO - Maximum log composite likelihood: -144.297993647.
2022-08-25 14:15:11,661 - INFO - Optimal value of theta: 5777.36039837.
2022-08-25 14:15:11,661 - INFO - Beginning optimization with guess, [3.47817753e+00 6.51331065e-07].
2022-08-25 14:15:11,849 - INFO - Finished optimization with guess, [3.47817753e+00 6.51331065e-07].
2022-08-25 14:15:11,849 - INFO - Best fit parameters: [3.47817753e+00 6.51331065e-07].
2022-08-25 14:15:11,911 - INFO - Maximum log composite likelihood: -144.297993672.
2022-08-25 14:15:11,912 - INFO - Optimal value of theta: 5777.36039842.
2022-08-25 14:15:11,912 - INFO - Beginning optimization with guess, [2.61833266e+00 6.01653729e-07].
2022-08-25 14:15:12,101 - INFO - Finished optimization with guess, [2.61833266e+00 6.01653729e-07].
2022-08-25 14:15:12,101 - INFO - Best fit parameters: [2.61833266e+00 6.01653729e-07].
2022-08-25 14:15:12,164 - INFO - Maximum log composite likelihood: -144.297993672.
2022-08-25 14:15:12,165 - INFO - Optimal value of theta: 5777.36039842.
2022-08-25 14:15:12,166 - INFO - Beginning optimization with guess, [3.60768305e+00 9.84557193e-07].
2022-08-25 14:15:12,352 - INFO - Finished optimization with guess, [3.60768305e+00 9.84557193e-07].
2022-08-25 14:15:12,352 - INFO - Best fit parameters: [3.60768305e+00 9.84557193e-07].
2022-08-25 14:15:12,414 - INFO - Maximum log composite likelihood: -144.29799366.
2022-08-25 14:15:12,415 - INFO - Optimal value of theta: 5777.3603984.
2022-08-25 14:15:12,415 - INFO - Beginning optimization with guess, [2.10357649e+00 1.79603498e-06].
2022-08-25 14:15:12,602 - INFO - Finished optimization with guess, [2.10357649e+00 1.79603498e-06].
2022-08-25 14:15:12,602 - INFO - Best fit parameters: [2.10357649e+00 1.79603498e-06].
2022-08-25 14:15:12,664 - INFO - Maximum log composite likelihood: -144.297993593.
2022-08-25 14:15:12,665 - INFO - Optimal value of theta: 5777.36039827.
2022-08-25 14:15:12,665 - INFO - Beginning optimization with guess, [2.12751291e+00 1.93058031e-06].
2022-08-25 14:15:12,851 - INFO - Finished optimization with guess, [2.12751291e+00 1.93058031e-06].
2022-08-25 14:15:12,852 - INFO - Best fit parameters: [2.12751291e+00 1.93058031e-06].
2022-08-25 14:15:12,914 - INFO - Maximum log composite likelihood: -144.29799358.
2022-08-25 14:15:12,914 - INFO - Optimal value of theta: 5777.36039824.
2022-08-25 14:15:12,915 - INFO - Beginning optimization with guess, [3.25631741e+00 1.13961714e-06].
2022-08-25 14:15:13,102 - INFO - Finished optimization with guess, [3.25631741e+00 1.13961714e-06].
2022-08-25 14:15:13,102 - INFO - Best fit parameters: [3.25631741e+00 1.13961714e-06].
2022-08-25 14:15:13,164 - INFO - Maximum log composite likelihood: -144.297993651.
2022-08-25 14:15:13,165 - INFO - Optimal value of theta: 5777.36039838.
2022-08-25 14:15:13,165 - INFO - Beginning optimization with guess, [6.39711923e+00 7.85919918e-07].
2022-08-25 14:15:13,352 - INFO - Finished optimization with guess, [6.39711923e+00 7.85919918e-07].
2022-08-25 14:15:13,352 - INFO - Best fit parameters: [6.39711923e+00 7.85919918e-07].
2022-08-25 14:15:13,415 - INFO - Maximum log composite likelihood: -144.297993673.
2022-08-25 14:15:13,415 - INFO - Optimal value of theta: 5777.36039842.
2022-08-25 14:15:13,416 - INFO - Beginning optimization with guess, [1.19596249e+01 1.10525827e-06].
2022-08-25 14:15:13,602 - INFO - Finished optimization with guess, [1.19596249e+01 1.10525827e-06].
2022-08-25 14:15:13,602 - INFO - Best fit parameters: [1.19596249e+01 1.10525827e-06].
2022-08-25 14:15:13,665 - INFO - Maximum log composite likelihood: -144.297993671.
2022-08-25 14:15:13,665 - INFO - Optimal value of theta: 5777.36039842.
2022-08-25 14:15:13,666 - INFO - Beginning optimization with guess, [8.99775197e+00 1.29864638e-06].
2022-08-25 14:15:13,852 - INFO - Finished optimization with guess, [8.99775197e+00 1.29864638e-06].
2022-08-25 14:15:13,853 - INFO - Best fit parameters: [8.99775197e+00 1.29864638e-06].
2022-08-25 14:15:13,915 - INFO - Maximum log composite likelihood: -144.297993663.
2022-08-25 14:15:13,915 - INFO - Optimal value of theta: 5777.3603984.
2022-08-25 14:15:13,918 - INFO - Beginning demographic inference for bottleneck + growth demographic model.
2022-08-25 14:15:13,920 - INFO - Beginning optimization with guess, [5.20752392e-07 1.65622777e-06 1.54078219e-06].
2022-08-25 14:15:16,846 - INFO - Finished optimization with guess, [5.20752392e-07 1.65622777e-06 1.54078219e-06].
2022-08-25 14:15:16,847 - INFO - Best fit parameters: [6.27020168e-06 7.04689756e-05 2.96544878e-09].
2022-08-25 14:15:16,908 - INFO - Maximum log composite likelihood: -144.29819306.
2022-08-25 14:15:16,909 - INFO - Optimal value of theta: 5777.36078695.
2022-08-25 14:15:16,910 - INFO - Beginning optimization with guess, [6.18654567e-06 1.88255587e-05 1.27613012e-06].
2022-08-25 14:15:18,743 - INFO - Finished optimization with guess, [6.18654567e-06 1.88255587e-05 1.27613012e-06].
2022-08-25 14:15:18,743 - INFO - Best fit parameters: [6.25577994e-06 2.33350776e-05 4.91068917e-08].
2022-08-25 14:15:18,805 - INFO - Maximum log composite likelihood: -145.046180429.
2022-08-25 14:15:18,806 - INFO - Optimal value of theta: 5778.85842799.
2022-08-25 14:15:18,806 - INFO - Beginning optimization with guess, [1.26984471e-04 1.55830215e-04 1.92842204e-06].
2022-08-25 14:15:20,547 - INFO - Finished optimization with guess, [1.26984471e-04 1.55830215e-04 1.92842204e-06].
2022-08-25 14:15:20,548 - INFO - Best fit parameters: [1.57886768e-04 6.84007746e-04 3.52136791e-07].
2022-08-25 14:15:20,611 - INFO - Maximum log composite likelihood: -144.327140404.
2022-08-25 14:15:20,611 - INFO - Optimal value of theta: 5777.41757115.
2022-08-25 14:15:20,612 - INFO - Beginning optimization with guess, [1.54074591e-03 6.30556407e-04 6.30476358e-07].
2022-08-25 14:15:22,344 - INFO - Finished optimization with guess, [1.54074591e-03 6.30556407e-04 6.30476358e-07].
2022-08-25 14:15:22,345 - INFO - Best fit parameters: [1.54074435e-03 1.85713802e-03 2.13770216e-07].
2022-08-25 14:15:22,407 - INFO - Maximum log composite likelihood: -144.299478467.
2022-08-25 14:15:22,408 - INFO - Optimal value of theta: 5777.36329475.
2022-08-25 14:15:22,408 - INFO - Beginning optimization with guess, [1.79099666e-02 8.27064375e-03 9.01599014e-07].
2022-08-25 14:15:24,143 - INFO - Finished optimization with guess, [1.79099666e-02 8.27064375e-03 9.01599014e-07].
2022-08-25 14:15:24,143 - INFO - Best fit parameters: [1.79095637e-02 2.09276663e-02 3.58440030e-07].
2022-08-25 14:15:24,205 - INFO - Maximum log composite likelihood: -144.298025956.
2022-08-25 14:15:24,206 - INFO - Optimal value of theta: 5777.36046131.
2022-08-25 14:15:24,206 - INFO - Beginning optimization with guess, [7.87247297e-01 4.17322708e-01 1.46587233e-06].
2022-08-25 14:15:24,454 - INFO - Finished optimization with guess, [7.87247297e-01 4.17322708e-01 1.46587233e-06].
2022-08-25 14:15:24,454 - INFO - Best fit parameters: [7.87247297e-01 4.17322708e-01 1.46587233e-06].
2022-08-25 14:15:24,516 - INFO - Maximum log composite likelihood: -144.297994475.
2022-08-25 14:15:24,517 - INFO - Optimal value of theta: 5777.36039998.
2022-08-25 14:15:24,517 - INFO - Beginning optimization with guess, [4.10957574e-01 8.76814111e-01 1.64625075e-06].
2022-08-25 14:15:24,764 - INFO - Finished optimization with guess, [4.10957574e-01 8.76814111e-01 1.64625075e-06].
2022-08-25 14:15:24,765 - INFO - Best fit parameters: [4.10957574e-01 8.76814111e-01 1.64625075e-06].
2022-08-25 14:15:24,826 - INFO - Maximum log composite likelihood: -144.297993729.
2022-08-25 14:15:24,827 - INFO - Optimal value of theta: 5777.36039853.
2022-08-25 14:15:24,827 - INFO - Beginning optimization with guess, [5.22063973e-01 7.70626279e-01 5.80809028e-07].
2022-08-25 14:15:25,078 - INFO - Finished optimization with guess, [5.22063973e-01 7.70626279e-01 5.80809028e-07].
2022-08-25 14:15:25,078 - INFO - Best fit parameters: [5.22063973e-01 7.70626279e-01 5.80809028e-07].
2022-08-25 14:15:25,140 - INFO - Maximum log composite likelihood: -144.297993696.
2022-08-25 14:15:25,141 - INFO - Optimal value of theta: 5777.36039847.
2022-08-25 14:15:25,142 - INFO - Beginning optimization with guess, [7.60587922e-01 4.98208929e-01 1.97442083e-06].
2022-08-25 14:15:25,389 - INFO - Finished optimization with guess, [7.60587922e-01 4.98208929e-01 1.97442083e-06].
2022-08-25 14:15:25,389 - INFO - Best fit parameters: [7.60587922e-01 4.98208929e-01 1.97442083e-06].
2022-08-25 14:15:25,450 - INFO - Maximum log composite likelihood: -144.297994552.
2022-08-25 14:15:25,451 - INFO - Optimal value of theta: 5777.36040013.
2022-08-25 14:15:25,451 - INFO - Beginning optimization with guess, [1.97566836e+00 6.54532990e-01 7.03769199e-07].
2022-08-25 14:15:25,698 - INFO - Finished optimization with guess, [1.97566836e+00 6.54532990e-01 7.03769199e-07].
2022-08-25 14:15:25,699 - INFO - Best fit parameters: [1.97566836e+00 6.54532990e-01 7.03769199e-07].
2022-08-25 14:15:25,761 - INFO - Maximum log composite likelihood: -144.297993726.
2022-08-25 14:15:25,762 - INFO - Optimal value of theta: 5777.36039852.
2022-08-25 14:15:25,762 - INFO - Beginning optimization with guess, [7.51639951e-01 1.00503801e+00 5.73573580e-07].
2022-08-25 14:15:26,010 - INFO - Finished optimization with guess, [7.51639951e-01 1.00503801e+00 5.73573580e-07].
2022-08-25 14:15:26,010 - INFO - Best fit parameters: [7.51639951e-01 1.00503801e+00 5.73573580e-07].
2022-08-25 14:15:26,072 - INFO - Maximum log composite likelihood: -144.297993682.
2022-08-25 14:15:26,073 - INFO - Optimal value of theta: 5777.36039844.
2022-08-25 14:15:26,073 - INFO - Beginning optimization with guess, [8.76358273e-01 1.03110030e+00 7.04749381e-07].
2022-08-25 14:15:26,320 - INFO - Finished optimization with guess, [8.76358273e-01 1.03110030e+00 7.04749381e-07].
2022-08-25 14:15:26,320 - INFO - Best fit parameters: [8.76358273e-01 1.03110030e+00 7.04749381e-07].
2022-08-25 14:15:26,382 - INFO - Maximum log composite likelihood: -144.29799368.
2022-08-25 14:15:26,383 - INFO - Optimal value of theta: 5777.36039843.
2022-08-25 14:15:26,383 - INFO - Beginning optimization with guess, [1.11286830e+00 2.26296940e+00 8.61996475e-07].
2022-08-25 14:15:26,631 - INFO - Finished optimization with guess, [1.11286830e+00 2.26296940e+00 8.61996475e-07].
2022-08-25 14:15:26,632 - INFO - Best fit parameters: [1.11286830e+00 2.26296940e+00 8.61996475e-07].
2022-08-25 14:15:26,694 - INFO - Maximum log composite likelihood: -144.297993661.
2022-08-25 14:15:26,695 - INFO - Optimal value of theta: 5777.3603984.
2022-08-25 14:15:26,695 - INFO - Beginning optimization with guess, [3.14955991e+00 3.43395424e+00 1.55181943e-06].
2022-08-25 14:15:26,943 - INFO - Finished optimization with guess, [3.14955991e+00 3.43395424e+00 1.55181943e-06].
2022-08-25 14:15:26,943 - INFO - Best fit parameters: [3.14955991e+00 3.43395424e+00 1.55181943e-06].
2022-08-25 14:15:27,005 - INFO - Maximum log composite likelihood: -144.297993627.
2022-08-25 14:15:27,005 - INFO - Optimal value of theta: 5777.36039833.
2022-08-25 14:15:27,006 - INFO - Beginning optimization with guess, [1.19359967e+00 2.68877368e+00 7.10688138e-07].
2022-08-25 14:15:27,252 - INFO - Finished optimization with guess, [1.19359967e+00 2.68877368e+00 7.10688138e-07].
2022-08-25 14:15:27,253 - INFO - Best fit parameters: [1.19359967e+00 2.68877368e+00 7.10688138e-07].
2022-08-25 14:15:27,314 - INFO - Maximum log composite likelihood: -144.297993669.
2022-08-25 14:15:27,315 - INFO - Optimal value of theta: 5777.36039841.
2022-08-25 14:15:27,315 - INFO - Beginning optimization with guess, [3.58631932e+00 1.81570526e+00 1.35391917e-06].
2022-08-25 14:15:27,565 - INFO - Finished optimization with guess, [3.58631932e+00 1.81570526e+00 1.35391917e-06].
2022-08-25 14:15:27,566 - INFO - Best fit parameters: [3.58631932e+00 1.81570526e+00 1.35391917e-06].
2022-08-25 14:15:27,627 - INFO - Maximum log composite likelihood: -144.297993632.
2022-08-25 14:15:27,628 - INFO - Optimal value of theta: 5777.36039834.
2022-08-25 14:15:27,628 - INFO - Beginning optimization with guess, [4.67316966e+00 4.40154736e+00 1.54621456e-06].
2022-08-25 14:15:27,877 - INFO - Finished optimization with guess, [4.67316966e+00 4.40154736e+00 1.54621456e-06].
2022-08-25 14:15:27,877 - INFO - Best fit parameters: [4.67316966e+00 4.40154736e+00 1.54621456e-06].
2022-08-25 14:15:27,939 - INFO - Maximum log composite likelihood: -144.297993635.
2022-08-25 14:15:27,939 - INFO - Optimal value of theta: 5777.36039835.
2022-08-25 14:15:27,940 - INFO - Beginning optimization with guess, [4.12878899e+00 2.85150427e+00 1.00901597e-06].
2022-08-25 14:15:28,187 - INFO - Finished optimization with guess, [4.12878899e+00 2.85150427e+00 1.00901597e-06].
2022-08-25 14:15:28,188 - INFO - Best fit parameters: [4.12878899e+00 2.85150427e+00 1.00901597e-06].
2022-08-25 14:15:28,250 - INFO - Maximum log composite likelihood: -144.297993656.
2022-08-25 14:15:28,250 - INFO - Optimal value of theta: 5777.36039839.
2022-08-25 14:15:28,251 - INFO - Beginning optimization with guess, [2.65674870e+00 5.17870970e+00 6.71480513e-07].
2022-08-25 14:15:28,498 - INFO - Finished optimization with guess, [2.65674870e+00 5.17870970e+00 6.71480513e-07].
2022-08-25 14:15:28,498 - INFO - Best fit parameters: [2.65674870e+00 5.17870970e+00 6.71480513e-07].
2022-08-25 14:15:28,560 - INFO - Maximum log composite likelihood: -144.297993674.
2022-08-25 14:15:28,560 - INFO - Optimal value of theta: 5777.36039842.
2022-08-25 14:15:28,561 - INFO - Beginning optimization with guess, [2.48712949e+00 3.49866447e+00 5.99810097e-07].
2022-08-25 14:15:28,808 - INFO - Finished optimization with guess, [2.48712949e+00 3.49866447e+00 5.99810097e-07].
2022-08-25 14:15:28,809 - INFO - Best fit parameters: [2.48712949e+00 3.49866447e+00 5.99810097e-07].
2022-08-25 14:15:28,871 - INFO - Maximum log composite likelihood: -144.297993674.
2022-08-25 14:15:28,872 - INFO - Optimal value of theta: 5777.36039842.
2022-08-25 14:15:28,872 - INFO - Beginning optimization with guess, [5.44072072e+00 3.02772811e+00 1.63756927e-06].
2022-08-25 14:15:29,119 - INFO - Finished optimization with guess, [5.44072072e+00 3.02772811e+00 1.63756927e-06].
2022-08-25 14:15:29,119 - INFO - Best fit parameters: [5.44072072e+00 3.02772811e+00 1.63756927e-06].
2022-08-25 14:15:29,181 - INFO - Maximum log composite likelihood: -144.297993616.
2022-08-25 14:15:29,182 - INFO - Optimal value of theta: 5777.36039831.
2022-08-25 14:15:29,182 - INFO - Beginning optimization with guess, [5.74743002e+00 5.43102252e+00 9.45615859e-07].
2022-08-25 14:15:29,429 - INFO - Finished optimization with guess, [5.74743002e+00 5.43102252e+00 9.45615859e-07].
2022-08-25 14:15:29,429 - INFO - Best fit parameters: [5.74743002e+00 5.43102252e+00 9.45615859e-07].
2022-08-25 14:15:29,491 - INFO - Maximum log composite likelihood: -144.297993667.
2022-08-25 14:15:29,492 - INFO - Optimal value of theta: 5777.36039841.
2022-08-25 14:15:29,492 - INFO - Beginning optimization with guess, [3.81758907e+00 9.04273953e+00 1.47905273e-06].
2022-08-25 14:15:29,740 - INFO - Finished optimization with guess, [3.81758907e+00 9.04273953e+00 1.47905273e-06].
2022-08-25 14:15:29,740 - INFO - Best fit parameters: [3.81758907e+00 9.04273953e+00 1.47905273e-06].
2022-08-25 14:15:29,802 - INFO - Maximum log composite likelihood: -144.297993658.
2022-08-25 14:15:29,803 - INFO - Optimal value of theta: 5777.36039839.
2022-08-25 14:15:29,803 - INFO - Beginning optimization with guess, [4.11540707e+00 3.82077274e+00 1.33005004e-06].
2022-08-25 14:15:30,053 - INFO - Finished optimization with guess, [4.11540707e+00 3.82077274e+00 1.33005004e-06].
2022-08-25 14:15:30,054 - INFO - Best fit parameters: [4.11540707e+00 3.82077274e+00 1.33005004e-06].
2022-08-25 14:15:30,115 - INFO - Maximum log composite likelihood: -144.297993644.
2022-08-25 14:15:30,116 - INFO - Optimal value of theta: 5777.36039836.
2022-08-25 14:15:30,116 - INFO - Beginning optimization with guess, [9.95440445e+00 7.66805234e+00 1.09870227e-06].
2022-08-25 14:15:30,364 - INFO - Finished optimization with guess, [9.95440445e+00 7.66805234e+00 1.09870227e-06].
2022-08-25 14:15:30,364 - INFO - Best fit parameters: [9.95440445e+00 7.66805234e+00 1.09870227e-06].
2022-08-25 14:15:30,427 - INFO - Maximum log composite likelihood: -144.297993666.
2022-08-25 14:15:30,427 - INFO - Optimal value of theta: 5777.36039841.
2022-08-25 14:15:30,430 - INFO - Beginning demographic inference for three-epoch demographic model.
2022-08-25 14:15:30,433 - INFO - Beginning optimization with guess, [7.25946537e-07 9.97070972e-07 5.27546190e-07 1.49914785e-06].
2022-08-25 14:15:31,976 - INFO - Finished optimization with guess, [7.25946537e-07 9.97070972e-07 5.27546190e-07 1.49914785e-06].
2022-08-25 14:15:31,976 - INFO - Best fit parameters: [8.00000000e+01 8.00000000e+01 6.32511795e-19 1.90576261e-22].
2022-08-25 14:15:32,040 - INFO - Maximum log composite likelihood: -144.297993682.
2022-08-25 14:15:32,040 - INFO - Optimal value of theta: 5777.36039844.
2022-08-25 14:15:32,041 - INFO - Beginning optimization with guess, [6.66696468e-06 1.94856143e-05 6.06611334e-07 1.17422618e-06].
2022-08-25 14:15:33,990 - INFO - Finished optimization with guess, [6.66696468e-06 1.94856143e-05 6.06611334e-07 1.17422618e-06].
2022-08-25 14:15:33,991 - INFO - Best fit parameters: [6.72361608e-06 2.65657515e-05 4.26046485e-08 1.49457958e-07].
2022-08-25 14:15:34,054 - INFO - Maximum log composite likelihood: -152.236032577.
2022-08-25 14:15:34,055 - INFO - Optimal value of theta: 5793.7504301.
2022-08-25 14:15:34,055 - INFO - Beginning optimization with guess, [6.48697987e-05 5.34668128e-05 9.12975428e-07 1.13730613e-06].
2022-08-25 14:15:35,961 - INFO - Finished optimization with guess, [6.48697987e-05 5.34668128e-05 9.12975428e-07 1.13730613e-06].
2022-08-25 14:15:35,961 - INFO - Best fit parameters: [1.40880824e-04 9.29575960e-05 1.90573114e-07 1.45557862e-07].
2022-08-25 14:15:36,025 - INFO - Maximum log composite likelihood: -144.955775003.
2022-08-25 14:15:36,025 - INFO - Optimal value of theta: 5778.67369766.
2022-08-25 14:15:36,026 - INFO - Beginning optimization with guess, [7.98620327e-04 8.05752742e-04 7.44817782e-07 1.54581308e-06].
2022-08-25 14:15:37,923 - INFO - Finished optimization with guess, [7.98620327e-04 8.05752742e-04 7.44817782e-07 1.54581308e-06].
2022-08-25 14:15:37,923 - INFO - Best fit parameters: [1.99805626e-03 2.90176277e-03 2.97543198e-07 4.28652779e-07].
2022-08-25 14:15:37,986 - INFO - Maximum log composite likelihood: -144.305355977.
2022-08-25 14:15:37,987 - INFO - Optimal value of theta: 5777.37477649.
2022-08-25 14:15:37,987 - INFO - Beginning optimization with guess, [5.80181312e-03 6.60234144e-03 1.01769214e-06 9.18809316e-07].
2022-08-25 14:15:39,890 - INFO - Finished optimization with guess, [5.80181312e-03 6.60234144e-03 1.01769214e-06 9.18809316e-07].
2022-08-25 14:15:39,892 - INFO - Best fit parameters: [1.25548402e-02 1.38097621e-02 4.72502227e-07 4.39917314e-07].
2022-08-25 14:15:39,959 - INFO - Maximum log composite likelihood: -144.298397204.
2022-08-25 14:15:39,959 - INFO - Optimal value of theta: 5777.3611848.
2022-08-25 14:15:39,960 - INFO - Beginning optimization with guess, [5.97755555e-01 3.25186101e-01 1.01686822e-06 1.43878807e-06].
2022-08-25 14:15:40,277 - INFO - Finished optimization with guess, [5.97755555e-01 3.25186101e-01 1.01686822e-06 1.43878807e-06].
2022-08-25 14:15:40,277 - INFO - Best fit parameters: [5.97755555e-01 3.25186101e-01 1.01686822e-06 1.43878807e-06].
2022-08-25 14:15:40,340 - INFO - Maximum log composite likelihood: -144.297995608.
2022-08-25 14:15:40,341 - INFO - Optimal value of theta: 5777.36040219.
2022-08-25 14:15:40,341 - INFO - Beginning optimization with guess, [8.02744385e-01 8.63380575e-01 1.08823942e-06 9.96005028e-07].
2022-08-25 14:15:40,658 - INFO - Finished optimization with guess, [8.02744385e-01 8.63380575e-01 1.08823942e-06 9.96005028e-07].
2022-08-25 14:15:40,658 - INFO - Best fit parameters: [8.02744385e-01 8.63380575e-01 1.08823942e-06 9.96005028e-07].
2022-08-25 14:15:40,722 - INFO - Maximum log composite likelihood: -144.297993775.
2022-08-25 14:15:40,722 - INFO - Optimal value of theta: 5777.36039862.
2022-08-25 14:15:40,723 - INFO - Beginning optimization with guess, [8.02407040e-01 5.30787913e-01 1.54606291e-06 8.03909392e-07].
2022-08-25 14:15:41,041 - INFO - Finished optimization with guess, [8.02407040e-01 5.30787913e-01 1.54606291e-06 8.03909392e-07].
2022-08-25 14:15:41,042 - INFO - Best fit parameters: [8.02407040e-01 5.30787913e-01 1.54606291e-06 8.03909392e-07].
2022-08-25 14:15:41,106 - INFO - Maximum log composite likelihood: -144.297993944.
2022-08-25 14:15:41,106 - INFO - Optimal value of theta: 5777.36039895.
2022-08-25 14:15:41,107 - INFO - Beginning optimization with guess, [1.15538626e+00 1.23307277e+00 1.87230513e-06 8.68031909e-07].
2022-08-25 14:15:41,424 - INFO - Finished optimization with guess, [1.15538626e+00 1.23307277e+00 1.87230513e-06 8.68031909e-07].
2022-08-25 14:15:41,424 - INFO - Best fit parameters: [1.15538626e+00 1.23307277e+00 1.87230513e-06 8.68031909e-07].
2022-08-25 14:15:41,488 - INFO - Maximum log composite likelihood: -144.297993605.
2022-08-25 14:15:41,489 - INFO - Optimal value of theta: 5777.36039829.
2022-08-25 14:15:41,489 - INFO - Beginning optimization with guess, [1.01153233e+00 5.14378864e-01 5.77765012e-07 1.72415732e-06].
2022-08-25 14:15:41,805 - INFO - Finished optimization with guess, [1.01153233e+00 5.14378864e-01 5.77765012e-07 1.72415732e-06].
2022-08-25 14:15:41,805 - INFO - Best fit parameters: [1.01153233e+00 5.14378864e-01 5.77765012e-07 1.72415732e-06].
2022-08-25 14:15:41,869 - INFO - Maximum log composite likelihood: -144.29799428.
2022-08-25 14:15:41,869 - INFO - Optimal value of theta: 5777.3603996.
2022-08-25 14:15:41,870 - INFO - Beginning optimization with guess, [6.35499520e-01 1.56006480e+00 1.65276666e-06 1.02856824e-06].
2022-08-25 14:15:42,186 - INFO - Finished optimization with guess, [6.35499520e-01 1.56006480e+00 1.65276666e-06 1.02856824e-06].
2022-08-25 14:15:42,187 - INFO - Best fit parameters: [6.35499520e-01 1.56006480e+00 1.65276666e-06 1.02856824e-06].
2022-08-25 14:15:42,250 - INFO - Maximum log composite likelihood: -144.297993994.
2022-08-25 14:15:42,251 - INFO - Optimal value of theta: 5777.36039905.
2022-08-25 14:15:42,251 - INFO - Beginning optimization with guess, [2.34635698e+00 2.71006111e+00 5.21798496e-07 1.16834519e-06].
2022-08-25 14:15:42,567 - INFO - Finished optimization with guess, [2.34635698e+00 2.71006111e+00 5.21798496e-07 1.16834519e-06].
2022-08-25 14:15:42,567 - INFO - Best fit parameters: [2.34635698e+00 2.71006111e+00 5.21798496e-07 1.16834519e-06].
2022-08-25 14:15:42,631 - INFO - Maximum log composite likelihood: -144.297993625.
2022-08-25 14:15:42,631 - INFO - Optimal value of theta: 5777.36039833.
2022-08-25 14:15:42,632 - INFO - Beginning optimization with guess, [3.17722923e+00 9.01951333e-01 5.03998899e-07 1.39523786e-06].
2022-08-25 14:15:42,947 - INFO - Finished optimization with guess, [3.17722923e+00 9.01951333e-01 5.03998899e-07 1.39523786e-06].
2022-08-25 14:15:42,948 - INFO - Best fit parameters: [3.17722923e+00 9.01951333e-01 5.03998899e-07 1.39523786e-06].
2022-08-25 14:15:43,011 - INFO - Maximum log composite likelihood: -144.297993643.
2022-08-25 14:15:43,012 - INFO - Optimal value of theta: 5777.36039836.
2022-08-25 14:15:43,012 - INFO - Beginning optimization with guess, [3.35516986e+00 1.21521061e+00 1.11234207e-06 7.09880958e-07].
2022-08-25 14:15:43,329 - INFO - Finished optimization with guess, [3.35516986e+00 1.21521061e+00 1.11234207e-06 7.09880958e-07].
2022-08-25 14:15:43,329 - INFO - Best fit parameters: [3.35516986e+00 1.21521061e+00 1.11234207e-06 7.09880958e-07].
2022-08-25 14:15:43,392 - INFO - Maximum log composite likelihood: -144.297993595.
2022-08-25 14:15:43,393 - INFO - Optimal value of theta: 5777.36039827.
2022-08-25 14:15:43,393 - INFO - Beginning optimization with guess, [4.10782063e+00 3.07999657e+00 8.85050707e-07 1.19165067e-06].
2022-08-25 14:15:43,709 - INFO - Finished optimization with guess, [4.10782063e+00 3.07999657e+00 8.85050707e-07 1.19165067e-06].
2022-08-25 14:15:43,709 - INFO - Best fit parameters: [4.10782063e+00 3.07999657e+00 8.85050707e-07 1.19165067e-06].
2022-08-25 14:15:43,772 - INFO - Maximum log composite likelihood: -144.297993603.
2022-08-25 14:15:43,773 - INFO - Optimal value of theta: 5777.36039828.
2022-08-25 14:15:43,773 - INFO - Beginning optimization with guess, [1.94861634e+00 1.87240334e+00 1.70039891e-06 1.19991528e-06].
2022-08-25 14:15:44,088 - INFO - Finished optimization with guess, [1.94861634e+00 1.87240334e+00 1.70039891e-06 1.19991528e-06].
2022-08-25 14:15:44,089 - INFO - Best fit parameters: [1.94861634e+00 1.87240334e+00 1.70039891e-06 1.19991528e-06].
2022-08-25 14:15:44,152 - INFO - Maximum log composite likelihood: -144.297993505.
2022-08-25 14:15:44,153 - INFO - Optimal value of theta: 5777.36039809.
2022-08-25 14:15:44,153 - INFO - Beginning optimization with guess, [5.46140321e+00 5.00633688e+00 5.22074832e-07 1.29688722e-06].
2022-08-25 14:15:44,469 - INFO - Finished optimization with guess, [5.46140321e+00 5.00633688e+00 5.22074832e-07 1.29688722e-06].
2022-08-25 14:15:44,469 - INFO - Best fit parameters: [5.46140321e+00 5.00633688e+00 5.22074832e-07 1.29688722e-06].
2022-08-25 14:15:44,533 - INFO - Maximum log composite likelihood: -144.297993635.
2022-08-25 14:15:44,533 - INFO - Optimal value of theta: 5777.36039835.
2022-08-25 14:15:44,534 - INFO - Beginning optimization with guess, [5.59883715e+00 1.57925243e+00 6.15306651e-07 1.50331801e-06].
2022-08-25 14:15:44,849 - INFO - Finished optimization with guess, [5.59883715e+00 1.57925243e+00 6.15306651e-07 1.50331801e-06].
2022-08-25 14:15:44,849 - INFO - Best fit parameters: [5.59883715e+00 1.57925243e+00 6.15306651e-07 1.50331801e-06].
2022-08-25 14:15:44,912 - INFO - Maximum log composite likelihood: -144.297993565.
2022-08-25 14:15:44,913 - INFO - Optimal value of theta: 5777.36039821.
2022-08-25 14:15:44,914 - INFO - Beginning optimization with guess, [4.73720861e+00 2.10163812e+00 5.01144534e-07 1.88460450e-06].
2022-08-25 14:15:45,230 - INFO - Finished optimization with guess, [4.73720861e+00 2.10163812e+00 5.01144534e-07 1.88460450e-06].
2022-08-25 14:15:45,231 - INFO - Best fit parameters: [4.73720861e+00 2.10163812e+00 5.01144534e-07 1.88460450e-06].
2022-08-25 14:15:45,294 - INFO - Maximum log composite likelihood: -144.297993541.
2022-08-25 14:15:45,294 - INFO - Optimal value of theta: 5777.36039816.
2022-08-25 14:15:45,295 - INFO - Beginning optimization with guess, [2.44329597e+00 5.81345268e+00 1.45700016e-06 1.56408194e-06].
2022-08-25 14:15:45,610 - INFO - Finished optimization with guess, [2.44329597e+00 5.81345268e+00 1.45700016e-06 1.56408194e-06].
2022-08-25 14:15:45,611 - INFO - Best fit parameters: [2.44329597e+00 5.81345268e+00 1.45700016e-06 1.56408194e-06].
2022-08-25 14:15:45,674 - INFO - Maximum log composite likelihood: -144.297993561.
2022-08-25 14:15:45,675 - INFO - Optimal value of theta: 5777.3603982.
2022-08-25 14:15:45,675 - INFO - Beginning optimization with guess, [2.55617237e+00 6.40110194e+00 8.39883431e-07 1.84926731e-06].
2022-08-25 14:15:45,992 - INFO - Finished optimization with guess, [2.55617237e+00 6.40110194e+00 8.39883431e-07 1.84926731e-06].
2022-08-25 14:15:45,992 - INFO - Best fit parameters: [2.55617237e+00 6.40110194e+00 8.39883431e-07 1.84926731e-06].
2022-08-25 14:15:46,055 - INFO - Maximum log composite likelihood: -144.297993597.
2022-08-25 14:15:46,056 - INFO - Optimal value of theta: 5777.36039827.
2022-08-25 14:15:46,056 - INFO - Beginning optimization with guess, [6.07953029e+00 2.71499582e+00 1.69189745e-06 1.22112359e-06].
2022-08-25 14:15:46,372 - INFO - Finished optimization with guess, [6.07953029e+00 2.71499582e+00 1.69189745e-06 1.22112359e-06].
2022-08-25 14:15:46,373 - INFO - Best fit parameters: [6.07953029e+00 2.71499582e+00 1.69189745e-06 1.22112359e-06].
2022-08-25 14:15:46,436 - INFO - Maximum log composite likelihood: -144.29799353.
2022-08-25 14:15:46,437 - INFO - Optimal value of theta: 5777.36039814.
2022-08-25 14:15:46,437 - INFO - Beginning optimization with guess, [1.01733933e+01 6.27392250e+00 1.01050528e-06 5.56150067e-07].
2022-08-25 14:15:46,752 - INFO - Finished optimization with guess, [1.01733933e+01 6.27392250e+00 1.01050528e-06 5.56150067e-07].
2022-08-25 14:15:46,753 - INFO - Best fit parameters: [1.01733933e+01 6.27392250e+00 1.01050528e-06 5.56150067e-07].
2022-08-25 14:15:46,816 - INFO - Maximum log composite likelihood: -144.297993658.
2022-08-25 14:15:46,817 - INFO - Optimal value of theta: 5777.36039839.
2022-08-25 14:15:46,817 - INFO - Beginning optimization with guess, [3.90958680e+00 4.10413566e+00 6.04416113e-07 1.04303457e-06].
2022-08-25 14:15:47,132 - INFO - Finished optimization with guess, [3.90958680e+00 4.10413566e+00 6.04416113e-07 1.04303457e-06].
2022-08-25 14:15:47,133 - INFO - Best fit parameters: [3.90958680e+00 4.10413566e+00 6.04416113e-07 1.04303457e-06].
2022-08-25 14:15:47,196 - INFO - Maximum log composite likelihood: -144.297993639.
2022-08-25 14:15:47,197 - INFO - Optimal value of theta: 5777.36039835.
2022-08-25 14:15:47,197 - INFO - Beginning optimization with guess, [7.08939915e+00 7.49580964e+00 9.71460206e-07 1.84071836e-06].
2022-08-25 14:15:47,512 - INFO - Finished optimization with guess, [7.08939915e+00 7.49580964e+00 9.71460206e-07 1.84071836e-06].
2022-08-25 14:15:47,513 - INFO - Best fit parameters: [7.08939915e+00 7.49580964e+00 9.71460206e-07 1.84071836e-06].
2022-08-25 14:15:47,576 - INFO - Maximum log composite likelihood: -144.297993603.
2022-08-25 14:15:47,577 - INFO - Optimal value of theta: 5777.36039828.
2022-08-25 14:15:47,579 - INFO - Beginning demographic inference for one-epoch demographic model.
2022-08-25 14:15:47,611 - INFO - Beginning optimization with guess, [0.13310563].
2022-08-25 14:15:47,734 - INFO - Finished optimization with guess, [0.13310563].
2022-08-25 14:15:47,734 - INFO - Best fit parameters: [0.13310563].
2022-08-25 14:15:47,796 - INFO - Maximum log composite likelihood: -144.297993682.
2022-08-25 14:15:47,797 - INFO - Optimal value of theta: 5777.36039844.
2022-08-25 14:15:47,797 - INFO - Beginning optimization with guess, [0.25496315].
2022-08-25 14:15:47,919 - INFO - Finished optimization with guess, [0.25496315].
2022-08-25 14:15:47,919 - INFO - Best fit parameters: [0.25496315].
2022-08-25 14:15:47,980 - INFO - Maximum log composite likelihood: -144.297993682.
2022-08-25 14:15:47,981 - INFO - Optimal value of theta: 5777.36039844.
2022-08-25 14:15:47,981 - INFO - Beginning optimization with guess, [0.2411097].
2022-08-25 14:15:48,104 - INFO - Finished optimization with guess, [0.2411097].
2022-08-25 14:15:48,104 - INFO - Best fit parameters: [0.2411097].
2022-08-25 14:15:48,165 - INFO - Maximum log composite likelihood: -144.297993682.
2022-08-25 14:15:48,166 - INFO - Optimal value of theta: 5777.36039844.
2022-08-25 14:15:48,166 - INFO - Beginning optimization with guess, [0.35634379].
2022-08-25 14:15:48,288 - INFO - Finished optimization with guess, [0.35634379].
2022-08-25 14:15:48,289 - INFO - Best fit parameters: [0.35634379].
2022-08-25 14:15:48,350 - INFO - Maximum log composite likelihood: -144.297993682.
2022-08-25 14:15:48,351 - INFO - Optimal value of theta: 5777.36039844.
2022-08-25 14:15:48,351 - INFO - Beginning optimization with guess, [0.83095635].
2022-08-25 14:15:48,473 - INFO - Finished optimization with guess, [0.83095635].
2022-08-25 14:15:48,474 - INFO - Best fit parameters: [0.83095635].
2022-08-25 14:15:48,535 - INFO - Maximum log composite likelihood: -144.297993682.
2022-08-25 14:15:48,535 - INFO - Optimal value of theta: 5777.36039844.
2022-08-25 14:15:48,536 - INFO - Beginning optimization with guess, [1.15681994].
2022-08-25 14:15:48,658 - INFO - Finished optimization with guess, [1.15681994].
2022-08-25 14:15:48,658 - INFO - Best fit parameters: [1.15681994].
2022-08-25 14:15:48,719 - INFO - Maximum log composite likelihood: -144.297993682.
2022-08-25 14:15:48,720 - INFO - Optimal value of theta: 5777.36039844.
2022-08-25 14:15:48,720 - INFO - Beginning optimization with guess, [1.1773844].
2022-08-25 14:15:48,843 - INFO - Finished optimization with guess, [1.1773844].
2022-08-25 14:15:48,843 - INFO - Best fit parameters: [1.1773844].
2022-08-25 14:15:48,904 - INFO - Maximum log composite likelihood: -144.297993682.
2022-08-25 14:15:48,905 - INFO - Optimal value of theta: 5777.36039844.
2022-08-25 14:15:48,905 - INFO - Beginning optimization with guess, [0.41052941].
2022-08-25 14:15:49,028 - INFO - Finished optimization with guess, [0.41052941].
2022-08-25 14:15:49,028 - INFO - Best fit parameters: [0.41052941].
2022-08-25 14:15:49,089 - INFO - Maximum log composite likelihood: -144.297993682.
2022-08-25 14:15:49,090 - INFO - Optimal value of theta: 5777.36039844.
2022-08-25 14:15:49,090 - INFO - Beginning optimization with guess, [1.72126877].
2022-08-25 14:15:49,213 - INFO - Finished optimization with guess, [1.72126877].
2022-08-25 14:15:49,213 - INFO - Best fit parameters: [1.72126877].
2022-08-25 14:15:49,274 - INFO - Maximum log composite likelihood: -144.297993682.
2022-08-25 14:15:49,275 - INFO - Optimal value of theta: 5777.36039844.
2022-08-25 14:15:49,275 - INFO - Beginning optimization with guess, [0.72864314].
2022-08-25 14:15:49,397 - INFO - Finished optimization with guess, [0.72864314].
2022-08-25 14:15:49,397 - INFO - Best fit parameters: [0.72864314].
2022-08-25 14:15:49,458 - INFO - Maximum log composite likelihood: -144.297993682.
2022-08-25 14:15:49,459 - INFO - Optimal value of theta: 5777.36039844.
2022-08-25 14:15:49,460 - INFO - Beginning optimization with guess, [1.53332476].
2022-08-25 14:15:49,582 - INFO - Finished optimization with guess, [1.53332476].
2022-08-25 14:15:49,582 - INFO - Best fit parameters: [1.53332476].
2022-08-25 14:15:49,643 - INFO - Maximum log composite likelihood: -144.297993682.
2022-08-25 14:15:49,644 - INFO - Optimal value of theta: 5777.36039844.
2022-08-25 14:15:49,644 - INFO - Beginning optimization with guess, [1.27831476].
2022-08-25 14:15:49,767 - INFO - Finished optimization with guess, [1.27831476].
2022-08-25 14:15:49,767 - INFO - Best fit parameters: [1.27831476].
2022-08-25 14:15:49,831 - INFO - Maximum log composite likelihood: -144.297993682.
2022-08-25 14:15:49,832 - INFO - Optimal value of theta: 5777.36039844.
2022-08-25 14:15:49,832 - INFO - Beginning optimization with guess, [3.0802343].
2022-08-25 14:15:49,963 - INFO - Finished optimization with guess, [3.0802343].
2022-08-25 14:15:49,964 - INFO - Best fit parameters: [3.0802343].
2022-08-25 14:15:50,029 - INFO - Maximum log composite likelihood: -144.297993682.
2022-08-25 14:15:50,030 - INFO - Optimal value of theta: 5777.36039844.
2022-08-25 14:15:50,030 - INFO - Beginning optimization with guess, [3.64717213].
2022-08-25 14:15:50,154 - INFO - Finished optimization with guess, [3.64717213].
2022-08-25 14:15:50,154 - INFO - Best fit parameters: [3.64717213].
2022-08-25 14:15:50,216 - INFO - Maximum log composite likelihood: -144.297993682.
2022-08-25 14:15:50,217 - INFO - Optimal value of theta: 5777.36039844.
2022-08-25 14:15:50,217 - INFO - Beginning optimization with guess, [1.97075355].
2022-08-25 14:15:50,340 - INFO - Finished optimization with guess, [1.97075355].
2022-08-25 14:15:50,340 - INFO - Best fit parameters: [1.97075355].
2022-08-25 14:15:50,401 - INFO - Maximum log composite likelihood: -144.297993682.
2022-08-25 14:15:50,402 - INFO - Optimal value of theta: 5777.36039844.
2022-08-25 14:15:50,402 - INFO - Beginning optimization with guess, [1.59129738].
2022-08-25 14:15:50,525 - INFO - Finished optimization with guess, [1.59129738].
2022-08-25 14:15:50,525 - INFO - Best fit parameters: [1.59129738].
2022-08-25 14:15:50,587 - INFO - Maximum log composite likelihood: -144.297993682.
2022-08-25 14:15:50,587 - INFO - Optimal value of theta: 5777.36039844.
2022-08-25 14:15:50,588 - INFO - Beginning optimization with guess, [1.41850178].
2022-08-25 14:15:50,711 - INFO - Finished optimization with guess, [1.41850178].
2022-08-25 14:15:50,711 - INFO - Best fit parameters: [1.41850178].
2022-08-25 14:15:50,772 - INFO - Maximum log composite likelihood: -144.297993682.
2022-08-25 14:15:50,773 - INFO - Optimal value of theta: 5777.36039844.
2022-08-25 14:15:50,773 - INFO - Beginning optimization with guess, [3.45310866].
2022-08-25 14:15:50,896 - INFO - Finished optimization with guess, [3.45310866].
2022-08-25 14:15:50,896 - INFO - Best fit parameters: [3.45310866].
2022-08-25 14:15:50,957 - INFO - Maximum log composite likelihood: -144.297993682.
2022-08-25 14:15:50,958 - INFO - Optimal value of theta: 5777.36039844.
2022-08-25 14:15:50,958 - INFO - Beginning optimization with guess, [1.82558696].
2022-08-25 14:15:51,081 - INFO - Finished optimization with guess, [1.82558696].
2022-08-25 14:15:51,081 - INFO - Best fit parameters: [1.82558696].
2022-08-25 14:15:51,142 - INFO - Maximum log composite likelihood: -144.297993682.
2022-08-25 14:15:51,143 - INFO - Optimal value of theta: 5777.36039844.
2022-08-25 14:15:51,143 - INFO - Beginning optimization with guess, [3.36344823].
2022-08-25 14:15:51,266 - INFO - Finished optimization with guess, [3.36344823].
2022-08-25 14:15:51,266 - INFO - Best fit parameters: [3.36344823].
2022-08-25 14:15:51,334 - INFO - Maximum log composite likelihood: -144.297993682.
2022-08-25 14:15:51,335 - INFO - Optimal value of theta: 5777.36039844.
2022-08-25 14:15:51,335 - INFO - Beginning optimization with guess, [2.45307679].
2022-08-25 14:15:51,464 - INFO - Finished optimization with guess, [2.45307679].
2022-08-25 14:15:51,464 - INFO - Best fit parameters: [2.45307679].
2022-08-25 14:15:51,525 - INFO - Maximum log composite likelihood: -144.297993682.
2022-08-25 14:15:51,526 - INFO - Optimal value of theta: 5777.36039844.
2022-08-25 14:15:51,526 - INFO - Beginning optimization with guess, [8.19084475].
2022-08-25 14:15:51,649 - INFO - Finished optimization with guess, [8.19084475].
2022-08-25 14:15:51,649 - INFO - Best fit parameters: [8.19084475].
2022-08-25 14:15:51,710 - INFO - Maximum log composite likelihood: -144.297993682.
2022-08-25 14:15:51,711 - INFO - Optimal value of theta: 5777.36039844.
2022-08-25 14:15:51,711 - INFO - Beginning optimization with guess, [10.15731245].
2022-08-25 14:15:51,834 - INFO - Finished optimization with guess, [10.15731245].
2022-08-25 14:15:51,834 - INFO - Best fit parameters: [10.15731245].
2022-08-25 14:15:51,895 - INFO - Maximum log composite likelihood: -144.297993682.
2022-08-25 14:15:51,896 - INFO - Optimal value of theta: 5777.36039844.
2022-08-25 14:15:51,896 - INFO - Beginning optimization with guess, [6.45480268].
2022-08-25 14:15:52,020 - INFO - Finished optimization with guess, [6.45480268].
2022-08-25 14:15:52,021 - INFO - Best fit parameters: [6.45480268].
2022-08-25 14:15:52,082 - INFO - Maximum log composite likelihood: -144.297993682.
2022-08-25 14:15:52,082 - INFO - Optimal value of theta: 5777.36039844.
2022-08-25 14:15:52,083 - INFO - Beginning optimization with guess, [4.35468419].
2022-08-25 14:15:52,205 - INFO - Finished optimization with guess, [4.35468419].
2022-08-25 14:15:52,205 - INFO - Best fit parameters: [4.35468419].
2022-08-25 14:15:52,267 - INFO - Maximum log composite likelihood: -144.297993682.
2022-08-25 14:15:52,267 - INFO - Optimal value of theta: 5777.36039844.
2022-08-25 14:15:52,270 - INFO - Finished demographic inference.
2022-08-25 14:15:52,270 - INFO - Pipeline executed succesfully.
