2023-02-17 16:16:50,415 - INFO - Beginning execution of fit_one_epoch.py in directory /u/project/ngarud/jonmah/demo_for_ccgb/Scripts

2023-02-17 16:16:50,415 - INFO - Progress is being logged to ../Analysis/Dialister_invisus_61905_downsampled_16/log.log

2023-02-17 16:16:50,415 - INFO - Parsed the following arguments:
	syn_input_sfs = ../Analysis/Dialister_invisus_61905_downsampled_16/empirical_sfs.txt
	mask_singletons = False
	mask_doubletons = False
	outprefix = ../Analysis/Dialister_invisus_61905_downsampled_16/

2023-02-17 16:16:50,469 - INFO - Beginning demographic inference for one-epoch demographic model.
2023-02-17 16:16:50,477 - INFO - Beginning optimization with guess, [0.07045914].
2023-02-17 16:16:50,564 - INFO - Finished optimization with guess, [0.07045914].
2023-02-17 16:16:50,565 - INFO - Best fit parameters: [0.07045914].
2023-02-17 16:16:50,605 - INFO - Maximum log composite likelihood: -122.28821161779706.
2023-02-17 16:16:50,606 - INFO - Optimal value of theta: 7735.49029080475.
2023-02-17 16:16:50,606 - INFO - Beginning optimization with guess, [0.3707604].
2023-02-17 16:16:50,694 - INFO - Finished optimization with guess, [0.3707604].
2023-02-17 16:16:50,694 - INFO - Best fit parameters: [0.3707604].
2023-02-17 16:16:50,733 - INFO - Maximum log composite likelihood: -122.28821161779706.
2023-02-17 16:16:50,734 - INFO - Optimal value of theta: 7735.49029080475.
2023-02-17 16:16:50,734 - INFO - Beginning optimization with guess, [0.40275842].
2023-02-17 16:16:50,814 - INFO - Finished optimization with guess, [0.40275842].
2023-02-17 16:16:50,814 - INFO - Best fit parameters: [0.40275842].
2023-02-17 16:16:50,855 - INFO - Maximum log composite likelihood: -122.28821161779706.
2023-02-17 16:16:50,856 - INFO - Optimal value of theta: 7735.49029080475.
2023-02-17 16:16:50,856 - INFO - Beginning optimization with guess, [0.66829446].
2023-02-17 16:16:50,936 - INFO - Finished optimization with guess, [0.66829446].
2023-02-17 16:16:50,936 - INFO - Best fit parameters: [0.66829446].
2023-02-17 16:16:50,975 - INFO - Maximum log composite likelihood: -122.28821161779706.
2023-02-17 16:16:50,976 - INFO - Optimal value of theta: 7735.49029080475.
2023-02-17 16:16:50,976 - INFO - Beginning optimization with guess, [0.26955058].
2023-02-17 16:16:51,055 - INFO - Finished optimization with guess, [0.26955058].
2023-02-17 16:16:51,056 - INFO - Best fit parameters: [0.26955058].
2023-02-17 16:16:51,095 - INFO - Maximum log composite likelihood: -122.28821161779706.
2023-02-17 16:16:51,095 - INFO - Optimal value of theta: 7735.49029080475.
2023-02-17 16:16:51,096 - INFO - Beginning optimization with guess, [0.42119255].
2023-02-17 16:16:51,175 - INFO - Finished optimization with guess, [0.42119255].
2023-02-17 16:16:51,175 - INFO - Best fit parameters: [0.42119255].
2023-02-17 16:16:51,215 - INFO - Maximum log composite likelihood: -122.28821161779706.
2023-02-17 16:16:51,215 - INFO - Optimal value of theta: 7735.49029080475.
2023-02-17 16:16:51,215 - INFO - Beginning optimization with guess, [0.91691125].
2023-02-17 16:16:51,294 - INFO - Finished optimization with guess, [0.91691125].
2023-02-17 16:16:51,294 - INFO - Best fit parameters: [0.91691125].
2023-02-17 16:16:51,332 - INFO - Maximum log composite likelihood: -122.28821161779706.
2023-02-17 16:16:51,332 - INFO - Optimal value of theta: 7735.49029080475.
2023-02-17 16:16:51,332 - INFO - Beginning optimization with guess, [0.96772477].
2023-02-17 16:16:51,409 - INFO - Finished optimization with guess, [0.96772477].
2023-02-17 16:16:51,409 - INFO - Best fit parameters: [0.96772477].
2023-02-17 16:16:51,451 - INFO - Maximum log composite likelihood: -122.28821161779706.
2023-02-17 16:16:51,452 - INFO - Optimal value of theta: 7735.49029080475.
2023-02-17 16:16:51,452 - INFO - Beginning optimization with guess, [0.46351027].
2023-02-17 16:16:51,531 - INFO - Finished optimization with guess, [0.46351027].
2023-02-17 16:16:51,531 - INFO - Best fit parameters: [0.46351027].
2023-02-17 16:16:51,569 - INFO - Maximum log composite likelihood: -122.28821161779706.
2023-02-17 16:16:51,570 - INFO - Optimal value of theta: 7735.49029080475.
2023-02-17 16:16:51,570 - INFO - Beginning optimization with guess, [0.77800169].
2023-02-17 16:16:51,648 - INFO - Finished optimization with guess, [0.77800169].
2023-02-17 16:16:51,648 - INFO - Best fit parameters: [0.77800169].
2023-02-17 16:16:51,687 - INFO - Maximum log composite likelihood: -122.28821161779706.
2023-02-17 16:16:51,687 - INFO - Optimal value of theta: 7735.49029080475.
2023-02-17 16:16:51,687 - INFO - Beginning optimization with guess, [0.94222926].
2023-02-17 16:16:51,765 - INFO - Finished optimization with guess, [0.94222926].
2023-02-17 16:16:51,765 - INFO - Best fit parameters: [0.94222926].
2023-02-17 16:16:51,804 - INFO - Maximum log composite likelihood: -122.28821161779706.
2023-02-17 16:16:51,804 - INFO - Optimal value of theta: 7735.49029080475.
2023-02-17 16:16:51,804 - INFO - Beginning optimization with guess, [1.20193783].
2023-02-17 16:16:51,881 - INFO - Finished optimization with guess, [1.20193783].
2023-02-17 16:16:51,882 - INFO - Best fit parameters: [1.20193783].
2023-02-17 16:16:51,920 - INFO - Maximum log composite likelihood: -122.28821161779706.
2023-02-17 16:16:51,921 - INFO - Optimal value of theta: 7735.49029080475.
2023-02-17 16:16:51,921 - INFO - Beginning optimization with guess, [3.21183872].
2023-02-17 16:16:51,998 - INFO - Finished optimization with guess, [3.21183872].
2023-02-17 16:16:51,999 - INFO - Best fit parameters: [3.21183872].
2023-02-17 16:16:52,037 - INFO - Maximum log composite likelihood: -122.28821161779706.
2023-02-17 16:16:52,038 - INFO - Optimal value of theta: 7735.49029080475.
2023-02-17 16:16:52,038 - INFO - Beginning optimization with guess, [1.31025436].
2023-02-17 16:16:52,117 - INFO - Finished optimization with guess, [1.31025436].
2023-02-17 16:16:52,117 - INFO - Best fit parameters: [1.31025436].
2023-02-17 16:16:52,157 - INFO - Maximum log composite likelihood: -122.28821161779706.
2023-02-17 16:16:52,157 - INFO - Optimal value of theta: 7735.49029080475.
2023-02-17 16:16:52,158 - INFO - Beginning optimization with guess, [1.84316699].
2023-02-17 16:16:52,237 - INFO - Finished optimization with guess, [1.84316699].
2023-02-17 16:16:52,237 - INFO - Best fit parameters: [1.84316699].
2023-02-17 16:16:52,277 - INFO - Maximum log composite likelihood: -122.28821161779706.
2023-02-17 16:16:52,277 - INFO - Optimal value of theta: 7735.49029080475.
2023-02-17 16:16:52,278 - INFO - Beginning optimization with guess, [1.81593002].
2023-02-17 16:16:52,358 - INFO - Finished optimization with guess, [1.81593002].
2023-02-17 16:16:52,358 - INFO - Best fit parameters: [1.81593002].
2023-02-17 16:16:52,397 - INFO - Maximum log composite likelihood: -122.28821161779706.
2023-02-17 16:16:52,398 - INFO - Optimal value of theta: 7735.49029080475.
2023-02-17 16:16:52,398 - INFO - Beginning optimization with guess, [4.48646209].
2023-02-17 16:16:52,477 - INFO - Finished optimization with guess, [4.48646209].
2023-02-17 16:16:52,478 - INFO - Best fit parameters: [4.48646209].
2023-02-17 16:16:52,517 - INFO - Maximum log composite likelihood: -122.28821161779706.
2023-02-17 16:16:52,518 - INFO - Optimal value of theta: 7735.49029080475.
2023-02-17 16:16:52,518 - INFO - Beginning optimization with guess, [3.81648955].
2023-02-17 16:16:52,595 - INFO - Finished optimization with guess, [3.81648955].
2023-02-17 16:16:52,596 - INFO - Best fit parameters: [3.81648955].
2023-02-17 16:16:52,634 - INFO - Maximum log composite likelihood: -122.28821161779706.
2023-02-17 16:16:52,634 - INFO - Optimal value of theta: 7735.49029080475.
2023-02-17 16:16:52,634 - INFO - Beginning optimization with guess, [4.70773948].
2023-02-17 16:16:52,707 - INFO - Finished optimization with guess, [4.70773948].
2023-02-17 16:16:52,707 - INFO - Best fit parameters: [4.70773948].
2023-02-17 16:16:52,743 - INFO - Maximum log composite likelihood: -122.28821161779706.
2023-02-17 16:16:52,744 - INFO - Optimal value of theta: 7735.49029080475.
2023-02-17 16:16:52,744 - INFO - Beginning optimization with guess, [1.93889546].
2023-02-17 16:16:52,822 - INFO - Finished optimization with guess, [1.93889546].
2023-02-17 16:16:52,822 - INFO - Best fit parameters: [1.93889546].
2023-02-17 16:16:52,861 - INFO - Maximum log composite likelihood: -122.28821161779706.
2023-02-17 16:16:52,861 - INFO - Optimal value of theta: 7735.49029080475.
2023-02-17 16:16:52,861 - INFO - Beginning optimization with guess, [4.05071176].
2023-02-17 16:16:52,940 - INFO - Finished optimization with guess, [4.05071176].
2023-02-17 16:16:52,940 - INFO - Best fit parameters: [4.05071176].
2023-02-17 16:16:52,984 - INFO - Maximum log composite likelihood: -122.28821161779706.
2023-02-17 16:16:52,984 - INFO - Optimal value of theta: 7735.49029080475.
2023-02-17 16:16:52,985 - INFO - Beginning optimization with guess, [5.96801645].
2023-02-17 16:16:53,073 - INFO - Finished optimization with guess, [5.96801645].
2023-02-17 16:16:53,073 - INFO - Best fit parameters: [5.96801645].
2023-02-17 16:16:53,113 - INFO - Maximum log composite likelihood: -122.28821161779706.
2023-02-17 16:16:53,113 - INFO - Optimal value of theta: 7735.49029080475.
2023-02-17 16:16:53,113 - INFO - Beginning optimization with guess, [5.07209085].
2023-02-17 16:16:53,193 - INFO - Finished optimization with guess, [5.07209085].
2023-02-17 16:16:53,193 - INFO - Best fit parameters: [5.07209085].
2023-02-17 16:16:53,233 - INFO - Maximum log composite likelihood: -122.28821161779706.
2023-02-17 16:16:53,233 - INFO - Optimal value of theta: 7735.49029080475.
2023-02-17 16:16:53,233 - INFO - Beginning optimization with guess, [4.50680577].
2023-02-17 16:16:53,313 - INFO - Finished optimization with guess, [4.50680577].
2023-02-17 16:16:53,313 - INFO - Best fit parameters: [4.50680577].
2023-02-17 16:16:53,352 - INFO - Maximum log composite likelihood: -122.28821161779706.
2023-02-17 16:16:53,353 - INFO - Optimal value of theta: 7735.49029080475.
2023-02-17 16:16:53,353 - INFO - Beginning optimization with guess, [4.99361048].
2023-02-17 16:16:53,433 - INFO - Finished optimization with guess, [4.99361048].
2023-02-17 16:16:53,433 - INFO - Best fit parameters: [4.99361048].
2023-02-17 16:16:53,475 - INFO - Maximum log composite likelihood: -122.28821161779706.
2023-02-17 16:16:53,476 - INFO - Optimal value of theta: 7735.49029080475.
2023-02-17 16:16:53,478 - INFO - Finished demographic inference.
2023-02-17 16:16:53,478 - INFO - Pipeline executed succesfully.
