2023-02-17 16:19:55,284 - INFO - Beginning execution of fit_one_epoch.py in directory /u/project/ngarud/jonmah/demo_for_ccgb/Scripts

2023-02-17 16:19:55,285 - INFO - Progress is being logged to ../Analysis/Parabacteroides_distasonis_56985_downsampled_10/log.log

2023-02-17 16:19:55,285 - INFO - Parsed the following arguments:
	syn_input_sfs = ../Analysis/Parabacteroides_distasonis_56985_downsampled_10/empirical_sfs.txt
	mask_singletons = False
	mask_doubletons = False
	outprefix = ../Analysis/Parabacteroides_distasonis_56985_downsampled_10/

2023-02-17 16:19:55,295 - INFO - Beginning demographic inference for one-epoch demographic model.
2023-02-17 16:19:55,297 - INFO - Beginning optimization with guess, [0.17921881].
2023-02-17 16:19:55,367 - INFO - Finished optimization with guess, [0.17921881].
2023-02-17 16:19:55,367 - INFO - Best fit parameters: [0.17921881].
2023-02-17 16:19:55,401 - INFO - Maximum log composite likelihood: -44.38095023353162.
2023-02-17 16:19:55,402 - INFO - Optimal value of theta: 10349.44454093762.
2023-02-17 16:19:55,402 - INFO - Beginning optimization with guess, [0.10423473].
2023-02-17 16:19:55,468 - INFO - Finished optimization with guess, [0.10423473].
2023-02-17 16:19:55,469 - INFO - Best fit parameters: [0.10423473].
2023-02-17 16:19:55,503 - INFO - Maximum log composite likelihood: -44.38095023353162.
2023-02-17 16:19:55,504 - INFO - Optimal value of theta: 10349.44454093762.
2023-02-17 16:19:55,504 - INFO - Beginning optimization with guess, [0.1579224].
2023-02-17 16:19:55,573 - INFO - Finished optimization with guess, [0.1579224].
2023-02-17 16:19:55,573 - INFO - Best fit parameters: [0.1579224].
2023-02-17 16:19:55,608 - INFO - Maximum log composite likelihood: -44.38095023353162.
2023-02-17 16:19:55,609 - INFO - Optimal value of theta: 10349.44454093762.
2023-02-17 16:19:55,609 - INFO - Beginning optimization with guess, [0.26187069].
2023-02-17 16:19:55,679 - INFO - Finished optimization with guess, [0.26187069].
2023-02-17 16:19:55,679 - INFO - Best fit parameters: [0.26187069].
2023-02-17 16:19:55,714 - INFO - Maximum log composite likelihood: -44.38095023353162.
2023-02-17 16:19:55,714 - INFO - Optimal value of theta: 10349.44454093762.
2023-02-17 16:19:55,715 - INFO - Beginning optimization with guess, [0.35684132].
2023-02-17 16:19:55,781 - INFO - Finished optimization with guess, [0.35684132].
2023-02-17 16:19:55,781 - INFO - Best fit parameters: [0.35684132].
2023-02-17 16:19:55,815 - INFO - Maximum log composite likelihood: -44.38095023353162.
2023-02-17 16:19:55,815 - INFO - Optimal value of theta: 10349.44454093762.
2023-02-17 16:19:55,816 - INFO - Beginning optimization with guess, [0.34122563].
2023-02-17 16:19:55,882 - INFO - Finished optimization with guess, [0.34122563].
2023-02-17 16:19:55,882 - INFO - Best fit parameters: [0.34122563].
2023-02-17 16:19:55,914 - INFO - Maximum log composite likelihood: -44.38095023353162.
2023-02-17 16:19:55,915 - INFO - Optimal value of theta: 10349.44454093762.
2023-02-17 16:19:55,915 - INFO - Beginning optimization with guess, [0.46672752].
2023-02-17 16:19:55,981 - INFO - Finished optimization with guess, [0.46672752].
2023-02-17 16:19:55,981 - INFO - Best fit parameters: [0.46672752].
2023-02-17 16:19:56,013 - INFO - Maximum log composite likelihood: -44.38095023353162.
2023-02-17 16:19:56,014 - INFO - Optimal value of theta: 10349.44454093762.
2023-02-17 16:19:56,014 - INFO - Beginning optimization with guess, [0.50651392].
2023-02-17 16:19:56,089 - INFO - Finished optimization with guess, [0.50651392].
2023-02-17 16:19:56,089 - INFO - Best fit parameters: [0.50651392].
2023-02-17 16:19:56,128 - INFO - Maximum log composite likelihood: -44.38095023353162.
2023-02-17 16:19:56,129 - INFO - Optimal value of theta: 10349.44454093762.
2023-02-17 16:19:56,129 - INFO - Beginning optimization with guess, [0.60563676].
2023-02-17 16:19:56,191 - INFO - Finished optimization with guess, [0.60563676].
2023-02-17 16:19:56,192 - INFO - Best fit parameters: [0.60563676].
2023-02-17 16:19:56,222 - INFO - Maximum log composite likelihood: -44.38095023353162.
2023-02-17 16:19:56,222 - INFO - Optimal value of theta: 10349.44454093762.
2023-02-17 16:19:56,223 - INFO - Beginning optimization with guess, [0.75800543].
2023-02-17 16:19:56,284 - INFO - Finished optimization with guess, [0.75800543].
2023-02-17 16:19:56,285 - INFO - Best fit parameters: [0.75800543].
2023-02-17 16:19:56,315 - INFO - Maximum log composite likelihood: -44.38095023353162.
2023-02-17 16:19:56,315 - INFO - Optimal value of theta: 10349.44454093762.
2023-02-17 16:19:56,315 - INFO - Beginning optimization with guess, [1.57901471].
2023-02-17 16:19:56,375 - INFO - Finished optimization with guess, [1.57901471].
2023-02-17 16:19:56,376 - INFO - Best fit parameters: [1.57901471].
2023-02-17 16:19:56,405 - INFO - Maximum log composite likelihood: -44.38095023353162.
2023-02-17 16:19:56,406 - INFO - Optimal value of theta: 10349.44454093762.
2023-02-17 16:19:56,406 - INFO - Beginning optimization with guess, [1.40617063].
2023-02-17 16:19:56,466 - INFO - Finished optimization with guess, [1.40617063].
2023-02-17 16:19:56,466 - INFO - Best fit parameters: [1.40617063].
2023-02-17 16:19:56,496 - INFO - Maximum log composite likelihood: -44.38095023353162.
2023-02-17 16:19:56,497 - INFO - Optimal value of theta: 10349.44454093762.
2023-02-17 16:19:56,497 - INFO - Beginning optimization with guess, [1.69461779].
2023-02-17 16:19:56,557 - INFO - Finished optimization with guess, [1.69461779].
2023-02-17 16:19:56,557 - INFO - Best fit parameters: [1.69461779].
2023-02-17 16:19:56,587 - INFO - Maximum log composite likelihood: -44.38095023353162.
2023-02-17 16:19:56,587 - INFO - Optimal value of theta: 10349.44454093762.
2023-02-17 16:19:56,588 - INFO - Beginning optimization with guess, [2.88766308].
2023-02-17 16:19:56,648 - INFO - Finished optimization with guess, [2.88766308].
2023-02-17 16:19:56,648 - INFO - Best fit parameters: [2.88766308].
2023-02-17 16:19:56,678 - INFO - Maximum log composite likelihood: -44.38095023353162.
2023-02-17 16:19:56,679 - INFO - Optimal value of theta: 10349.44454093762.
2023-02-17 16:19:56,679 - INFO - Beginning optimization with guess, [2.28345209].
2023-02-17 16:19:56,745 - INFO - Finished optimization with guess, [2.28345209].
2023-02-17 16:19:56,745 - INFO - Best fit parameters: [2.28345209].
2023-02-17 16:19:56,781 - INFO - Maximum log composite likelihood: -44.38095023353162.
2023-02-17 16:19:56,782 - INFO - Optimal value of theta: 10349.44454093762.
2023-02-17 16:19:56,782 - INFO - Beginning optimization with guess, [1.92384667].
2023-02-17 16:19:56,849 - INFO - Finished optimization with guess, [1.92384667].
2023-02-17 16:19:56,849 - INFO - Best fit parameters: [1.92384667].
2023-02-17 16:19:56,880 - INFO - Maximum log composite likelihood: -44.38095023353162.
2023-02-17 16:19:56,880 - INFO - Optimal value of theta: 10349.44454093762.
2023-02-17 16:19:56,881 - INFO - Beginning optimization with guess, [1.83117093].
2023-02-17 16:19:56,943 - INFO - Finished optimization with guess, [1.83117093].
2023-02-17 16:19:56,943 - INFO - Best fit parameters: [1.83117093].
2023-02-17 16:19:56,974 - INFO - Maximum log composite likelihood: -44.38095023353162.
2023-02-17 16:19:56,974 - INFO - Optimal value of theta: 10349.44454093762.
2023-02-17 16:19:56,975 - INFO - Beginning optimization with guess, [2.09859126].
2023-02-17 16:19:57,037 - INFO - Finished optimization with guess, [2.09859126].
2023-02-17 16:19:57,037 - INFO - Best fit parameters: [2.09859126].
2023-02-17 16:19:57,068 - INFO - Maximum log composite likelihood: -44.38095023353162.
2023-02-17 16:19:57,068 - INFO - Optimal value of theta: 10349.44454093762.
2023-02-17 16:19:57,069 - INFO - Beginning optimization with guess, [3.91649045].
2023-02-17 16:19:57,131 - INFO - Finished optimization with guess, [3.91649045].
2023-02-17 16:19:57,131 - INFO - Best fit parameters: [3.91649045].
2023-02-17 16:19:57,162 - INFO - Maximum log composite likelihood: -44.38095023353162.
2023-02-17 16:19:57,162 - INFO - Optimal value of theta: 10349.44454093762.
2023-02-17 16:19:57,163 - INFO - Beginning optimization with guess, [2.95599085].
2023-02-17 16:19:57,227 - INFO - Finished optimization with guess, [2.95599085].
2023-02-17 16:19:57,227 - INFO - Best fit parameters: [2.95599085].
2023-02-17 16:19:57,259 - INFO - Maximum log composite likelihood: -44.38095023353162.
2023-02-17 16:19:57,259 - INFO - Optimal value of theta: 10349.44454093762.
2023-02-17 16:19:57,259 - INFO - Beginning optimization with guess, [4.9495796].
2023-02-17 16:19:57,322 - INFO - Finished optimization with guess, [4.9495796].
2023-02-17 16:19:57,322 - INFO - Best fit parameters: [4.9495796].
2023-02-17 16:19:57,354 - INFO - Maximum log composite likelihood: -44.38095023353162.
2023-02-17 16:19:57,354 - INFO - Optimal value of theta: 10349.44454093762.
2023-02-17 16:19:57,355 - INFO - Beginning optimization with guess, [6.28394548].
2023-02-17 16:19:57,415 - INFO - Finished optimization with guess, [6.28394548].
2023-02-17 16:19:57,415 - INFO - Best fit parameters: [6.28394548].
2023-02-17 16:19:57,445 - INFO - Maximum log composite likelihood: -44.38095023353162.
2023-02-17 16:19:57,445 - INFO - Optimal value of theta: 10349.44454093762.
2023-02-17 16:19:57,445 - INFO - Beginning optimization with guess, [8.57791261].
2023-02-17 16:19:57,508 - INFO - Finished optimization with guess, [8.57791261].
2023-02-17 16:19:57,509 - INFO - Best fit parameters: [8.57791261].
2023-02-17 16:19:57,539 - INFO - Maximum log composite likelihood: -44.38095023353162.
2023-02-17 16:19:57,539 - INFO - Optimal value of theta: 10349.44454093762.
2023-02-17 16:19:57,539 - INFO - Beginning optimization with guess, [4.39510853].
2023-02-17 16:19:57,599 - INFO - Finished optimization with guess, [4.39510853].
2023-02-17 16:19:57,599 - INFO - Best fit parameters: [4.39510853].
2023-02-17 16:19:57,629 - INFO - Maximum log composite likelihood: -44.38095023353162.
2023-02-17 16:19:57,629 - INFO - Optimal value of theta: 10349.44454093762.
2023-02-17 16:19:57,629 - INFO - Beginning optimization with guess, [5.84741544].
2023-02-17 16:19:57,690 - INFO - Finished optimization with guess, [5.84741544].
2023-02-17 16:19:57,690 - INFO - Best fit parameters: [5.84741544].
2023-02-17 16:19:57,721 - INFO - Maximum log composite likelihood: -44.38095023353162.
2023-02-17 16:19:57,722 - INFO - Optimal value of theta: 10349.44454093762.
2023-02-17 16:19:57,724 - INFO - Finished demographic inference.
2023-02-17 16:19:57,724 - INFO - Pipeline executed succesfully.
