2022-08-24 13:01:27,839 - INFO - Beginning execution of construct_species_union.py in directory /mnt/c/Users/jonat/OneDrive/Desktop/GitHub/demo_for_ccgb/Scripts

2022-08-24 13:01:27,841 - INFO - Progress is being logged to ./temp/log.log

2022-08-24 13:01:27,845 - INFO - Parsed the following arguments:
	host_srs_list = ../HMP1-2_oral_host_srs_list.csv
	input_host = SRS064617

2022-08-24 13:04:16,447 - INFO - Beginning execution of construct_species_union.py in directory /mnt/c/Users/jonat/OneDrive/Desktop/GitHub/demo_for_ccgb/Scripts

2022-08-24 13:04:16,451 - INFO - Progress is being logged to ./temp/log.log

2022-08-24 13:04:16,452 - INFO - Parsed the following arguments:
	host_srs_list = ../HMP1-2_oral_host_srs_list.csv
	input_host = SRS064617

2022-08-24 13:04:50,940 - INFO - Beginning execution of construct_species_union.py in directory /mnt/c/Users/jonat/OneDrive/Desktop/GitHub/demo_for_ccgb/Scripts

2022-08-24 13:04:50,941 - INFO - Progress is being logged to ./temp/log.log

2022-08-24 13:04:50,942 - INFO - Parsed the following arguments:
	host_srs_list = ../HMP1-2_oral_host_srs_list.csv
	input_host = SRS064617

2022-08-24 13:06:08,426 - INFO - Beginning execution of construct_species_union.py in directory /mnt/c/Users/jonat/OneDrive/Desktop/GitHub/demo_for_ccgb/Scripts

2022-08-24 13:06:08,428 - INFO - Progress is being logged to ./temp/log.log

2022-08-24 13:06:08,429 - INFO - Parsed the following arguments:
	host_srs_list = ../HMP1-2_oral_host_srs_list.csv
	input_host = SRS064617

2022-08-24 13:06:17,007 - INFO - Beginning execution of construct_species_union.py in directory /mnt/c/Users/jonat/OneDrive/Desktop/GitHub/demo_for_ccgb/Scripts

2022-08-24 13:06:17,008 - INFO - Progress is being logged to ./temp/log.log

2022-08-24 13:06:17,009 - INFO - Parsed the following arguments:
	host_srs_list = ../HMP1-2_oral_host_srs_list.csv
	input_host = SRS064617

2022-08-24 13:06:51,274 - INFO - Beginning execution of construct_species_union.py in directory /mnt/c/Users/jonat/OneDrive/Desktop/GitHub/demo_for_ccgb/Scripts

2022-08-24 13:06:51,275 - INFO - Progress is being logged to ./temp/log.log

2022-08-24 13:06:51,276 - INFO - Parsed the following arguments:
	host_srs_list = ../HMP1-2_oral_host_srs_list.csv
	input_host = SRS064617

2022-08-24 13:07:37,508 - INFO - Beginning execution of construct_species_union.py in directory /mnt/c/Users/jonat/OneDrive/Desktop/GitHub/demo_for_ccgb/Scripts

2022-08-24 13:07:37,512 - INFO - Progress is being logged to ./temp/log.log

2022-08-24 13:07:37,514 - INFO - Parsed the following arguments:
	host_srs_list = ../HMP1-2_oral_host_srs_list.csv
	input_host = SRS064617

2022-08-24 13:07:43,283 - INFO - Beginning execution of construct_species_union.py in directory /mnt/c/Users/jonat/OneDrive/Desktop/GitHub/demo_for_ccgb/Scripts

2022-08-24 13:07:43,285 - INFO - Progress is being logged to ./temp/log.log

2022-08-24 13:07:43,286 - INFO - Parsed the following arguments:
	host_srs_list = ../HMP1-2_oral_host_srs_list.csv
	input_host = SRS064617

2022-08-24 13:09:55,160 - INFO - Beginning execution of construct_species_union.py in directory /mnt/c/Users/jonat/OneDrive/Desktop/GitHub/demo_for_ccgb/Scripts

2022-08-24 13:09:55,162 - INFO - Progress is being logged to ./temp/log.log

2022-08-24 13:09:55,162 - INFO - Parsed the following arguments:
	host_srs_list = ../HMP1-2_oral_host_srs_list.csv
	input_host = SRS064617

2022-08-24 13:14:40,421 - INFO - Beginning execution of construct_species_union.py in directory /mnt/c/Users/jonat/OneDrive/Desktop/GitHub/demo_for_ccgb/Scripts

2022-08-24 13:14:40,423 - INFO - Progress is being logged to ./temp/log.log

2022-08-24 13:14:40,424 - INFO - Parsed the following arguments:
	host_srs_list = ../HMP1-2_oral_host_srs_list.csv
	input_host = 103092734

2022-08-24 13:14:53,526 - INFO - Beginning execution of construct_species_union.py in directory /mnt/c/Users/jonat/OneDrive/Desktop/GitHub/demo_for_ccgb/Scripts

2022-08-24 13:14:53,528 - INFO - Progress is being logged to ./temp/log.log

2022-08-24 13:14:53,529 - INFO - Parsed the following arguments:
	host_srs_list = ../HMP1-2_oral_host_srs_list.csv
	input_host = 103092734

