2024-06-11 15:27:26,676 - INFO - Beginning execution of fit_one_epoch.py in directory /u/project/ngarud/jonmah/demo_for_ccgb/Scripts

2024-06-11 15:27:26,676 - INFO - Progress is being logged to ../SupplementaryAnalysis/Bacteroides_caccae_53434/log.log

2024-06-11 15:27:26,676 - INFO - Parsed the following arguments:
	mask_doubletons = False
	syn_input_sfs = ../SupplementaryAnalysis/Bacteroides_caccae_53434/core_empirical_syn_downsampled_sfs.txt
	mask_singletons = False
	outprefix = ../SupplementaryAnalysis/Bacteroides_caccae_53434/

2024-06-11 15:27:26,678 - INFO - Beginning demographic inference for one-epoch demographic model.
2024-06-11 15:27:26,680 - INFO - Beginning optimization with guess, [0.13909018].
2024-06-11 15:27:27,505 - INFO - Finished optimization with guess, [0.13909018].
2024-06-11 15:27:27,506 - INFO - Best fit parameters: [0.13909018].
2024-06-11 15:27:27,528 - INFO - Maximum log composite likelihood: -70.4392604458.
2024-06-11 15:27:27,529 - INFO - Optimal value of theta: 4331.15171195.
2024-06-11 15:27:27,529 - INFO - Beginning optimization with guess, [0.2977561].
2024-06-11 15:27:28,399 - INFO - Finished optimization with guess, [0.2977561].
2024-06-11 15:27:28,401 - INFO - Best fit parameters: [0.2977561].
2024-06-11 15:27:28,468 - INFO - Maximum log composite likelihood: -70.4392604458.
2024-06-11 15:27:28,469 - INFO - Optimal value of theta: 4331.15171195.
2024-06-11 15:27:28,469 - INFO - Beginning optimization with guess, [0.16515706].
2024-06-11 15:27:29,471 - INFO - Finished optimization with guess, [0.16515706].
2024-06-11 15:27:29,471 - INFO - Best fit parameters: [0.16515706].
2024-06-11 15:27:29,494 - INFO - Maximum log composite likelihood: -70.4392604458.
2024-06-11 15:27:29,494 - INFO - Optimal value of theta: 4331.15171195.
2024-06-11 15:27:29,494 - INFO - Beginning optimization with guess, [0.53752716].
2024-06-11 15:27:30,153 - INFO - Finished optimization with guess, [0.53752716].
2024-06-11 15:27:30,154 - INFO - Best fit parameters: [0.53752716].
2024-06-11 15:27:30,221 - INFO - Maximum log composite likelihood: -70.4392604458.
2024-06-11 15:27:30,222 - INFO - Optimal value of theta: 4331.15171195.
2024-06-11 15:27:30,222 - INFO - Beginning optimization with guess, [0.71600629].
2024-06-11 15:27:30,996 - INFO - Finished optimization with guess, [0.71600629].
2024-06-11 15:27:30,996 - INFO - Best fit parameters: [0.71600629].
2024-06-11 15:27:31,019 - INFO - Maximum log composite likelihood: -70.4392604458.
2024-06-11 15:27:31,020 - INFO - Optimal value of theta: 4331.15171195.
2024-06-11 15:27:31,020 - INFO - Beginning optimization with guess, [0.67595994].
2024-06-11 15:27:31,616 - INFO - Finished optimization with guess, [0.67595994].
2024-06-11 15:27:31,616 - INFO - Best fit parameters: [0.67595994].
2024-06-11 15:27:31,639 - INFO - Maximum log composite likelihood: -70.4392604458.
2024-06-11 15:27:31,639 - INFO - Optimal value of theta: 4331.15171195.
2024-06-11 15:27:31,639 - INFO - Beginning optimization with guess, [1.16280476].
2024-06-11 15:27:32,378 - INFO - Finished optimization with guess, [1.16280476].
2024-06-11 15:27:32,378 - INFO - Best fit parameters: [1.16280476].
2024-06-11 15:27:32,407 - INFO - Maximum log composite likelihood: -70.4392604458.
2024-06-11 15:27:32,408 - INFO - Optimal value of theta: 4331.15171195.
2024-06-11 15:27:32,408 - INFO - Beginning optimization with guess, [0.71314289].
2024-06-11 15:27:33,028 - INFO - Finished optimization with guess, [0.71314289].
2024-06-11 15:27:33,028 - INFO - Best fit parameters: [0.71314289].
2024-06-11 15:27:33,097 - INFO - Maximum log composite likelihood: -70.4392604458.
2024-06-11 15:27:33,098 - INFO - Optimal value of theta: 4331.15171195.
2024-06-11 15:27:33,098 - INFO - Beginning optimization with guess, [0.67031325].
2024-06-11 15:27:33,822 - INFO - Finished optimization with guess, [0.67031325].
2024-06-11 15:27:33,822 - INFO - Best fit parameters: [0.67031325].
2024-06-11 15:27:33,846 - INFO - Maximum log composite likelihood: -70.4392604458.
2024-06-11 15:27:33,847 - INFO - Optimal value of theta: 4331.15171195.
2024-06-11 15:27:33,847 - INFO - Beginning optimization with guess, [0.57596713].
2024-06-11 15:27:34,533 - INFO - Finished optimization with guess, [0.57596713].
2024-06-11 15:27:34,533 - INFO - Best fit parameters: [0.57596713].
2024-06-11 15:27:34,556 - INFO - Maximum log composite likelihood: -70.4392604458.
2024-06-11 15:27:34,556 - INFO - Optimal value of theta: 4331.15171195.
2024-06-11 15:27:34,557 - INFO - Beginning optimization with guess, [1.07652971].
2024-06-11 15:27:35,028 - INFO - Finished optimization with guess, [1.07652971].
2024-06-11 15:27:35,029 - INFO - Best fit parameters: [1.07652971].
2024-06-11 15:27:35,052 - INFO - Maximum log composite likelihood: -70.4392604458.
2024-06-11 15:27:35,052 - INFO - Optimal value of theta: 4331.15171195.
2024-06-11 15:27:35,052 - INFO - Beginning optimization with guess, [1.7781145].
2024-06-11 15:27:35,715 - INFO - Finished optimization with guess, [1.7781145].
2024-06-11 15:27:35,715 - INFO - Best fit parameters: [1.7781145].
2024-06-11 15:27:35,738 - INFO - Maximum log composite likelihood: -70.4392604458.
2024-06-11 15:27:35,739 - INFO - Optimal value of theta: 4331.15171195.
2024-06-11 15:27:35,739 - INFO - Beginning optimization with guess, [3.00415031].
2024-06-11 15:27:36,477 - INFO - Finished optimization with guess, [3.00415031].
2024-06-11 15:27:36,478 - INFO - Best fit parameters: [3.00415031].
2024-06-11 15:27:36,501 - INFO - Maximum log composite likelihood: -70.4392604458.
2024-06-11 15:27:36,501 - INFO - Optimal value of theta: 4331.15171195.
2024-06-11 15:27:36,501 - INFO - Beginning optimization with guess, [1.94627867].
2024-06-11 15:27:37,294 - INFO - Finished optimization with guess, [1.94627867].
2024-06-11 15:27:37,294 - INFO - Best fit parameters: [1.94627867].
2024-06-11 15:27:37,317 - INFO - Maximum log composite likelihood: -70.4392604458.
2024-06-11 15:27:37,317 - INFO - Optimal value of theta: 4331.15171195.
2024-06-11 15:27:37,318 - INFO - Beginning optimization with guess, [3.24056428].
2024-06-11 15:27:38,040 - INFO - Finished optimization with guess, [3.24056428].
2024-06-11 15:27:38,040 - INFO - Best fit parameters: [3.24056428].
2024-06-11 15:27:38,063 - INFO - Maximum log composite likelihood: -70.4392604458.
2024-06-11 15:27:38,063 - INFO - Optimal value of theta: 4331.15171195.
2024-06-11 15:27:38,064 - INFO - Beginning optimization with guess, [1.40834144].
2024-06-11 15:27:38,684 - INFO - Finished optimization with guess, [1.40834144].
2024-06-11 15:27:38,684 - INFO - Best fit parameters: [1.40834144].
2024-06-11 15:27:38,708 - INFO - Maximum log composite likelihood: -70.4392604458.
2024-06-11 15:27:38,709 - INFO - Optimal value of theta: 4331.15171195.
2024-06-11 15:27:38,709 - INFO - Beginning optimization with guess, [4.81823132].
2024-06-11 15:27:39,473 - INFO - Finished optimization with guess, [4.81823132].
2024-06-11 15:27:39,474 - INFO - Best fit parameters: [4.81823132].
2024-06-11 15:27:39,498 - INFO - Maximum log composite likelihood: -70.4392604458.
2024-06-11 15:27:39,498 - INFO - Optimal value of theta: 4331.15171195.
2024-06-11 15:27:39,498 - INFO - Beginning optimization with guess, [1.60817141].
2024-06-11 15:27:40,113 - INFO - Finished optimization with guess, [1.60817141].
2024-06-11 15:27:40,114 - INFO - Best fit parameters: [1.60817141].
2024-06-11 15:27:40,136 - INFO - Maximum log composite likelihood: -70.4392604458.
2024-06-11 15:27:40,136 - INFO - Optimal value of theta: 4331.15171195.
2024-06-11 15:27:40,137 - INFO - Beginning optimization with guess, [2.40664234].
2024-06-11 15:27:40,915 - INFO - Finished optimization with guess, [2.40664234].
2024-06-11 15:27:40,916 - INFO - Best fit parameters: [2.40664234].
2024-06-11 15:27:40,940 - INFO - Maximum log composite likelihood: -70.4392604458.
2024-06-11 15:27:40,940 - INFO - Optimal value of theta: 4331.15171195.
2024-06-11 15:27:40,941 - INFO - Beginning optimization with guess, [1.93000585].
2024-06-11 15:27:41,631 - INFO - Finished optimization with guess, [1.93000585].
2024-06-11 15:27:41,631 - INFO - Best fit parameters: [1.93000585].
2024-06-11 15:27:41,654 - INFO - Maximum log composite likelihood: -70.4392604458.
2024-06-11 15:27:41,654 - INFO - Optimal value of theta: 4331.15171195.
2024-06-11 15:27:41,654 - INFO - Beginning optimization with guess, [7.89013493].
2024-06-11 15:27:42,458 - INFO - Finished optimization with guess, [7.89013493].
2024-06-11 15:27:42,458 - INFO - Best fit parameters: [7.89013493].
2024-06-11 15:27:42,483 - INFO - Maximum log composite likelihood: -70.4392604458.
2024-06-11 15:27:42,483 - INFO - Optimal value of theta: 4331.15171195.
2024-06-11 15:27:42,483 - INFO - Beginning optimization with guess, [3.11902574].
2024-06-11 15:27:43,216 - INFO - Finished optimization with guess, [3.11902574].
2024-06-11 15:27:43,216 - INFO - Best fit parameters: [3.11902574].
2024-06-11 15:27:43,239 - INFO - Maximum log composite likelihood: -70.4392604458.
2024-06-11 15:27:43,240 - INFO - Optimal value of theta: 4331.15171195.
2024-06-11 15:27:43,240 - INFO - Beginning optimization with guess, [4.34230976].
2024-06-11 15:27:43,969 - INFO - Finished optimization with guess, [4.34230976].
2024-06-11 15:27:43,969 - INFO - Best fit parameters: [4.34230976].
2024-06-11 15:27:43,992 - INFO - Maximum log composite likelihood: -70.4392604458.
2024-06-11 15:27:43,993 - INFO - Optimal value of theta: 4331.15171195.
2024-06-11 15:27:43,993 - INFO - Beginning optimization with guess, [12.74717787].
2024-06-11 15:27:44,792 - INFO - Finished optimization with guess, [12.74717787].
2024-06-11 15:27:44,792 - INFO - Best fit parameters: [12.74717787].
2024-06-11 15:27:44,815 - INFO - Maximum log composite likelihood: -70.4392604458.
2024-06-11 15:27:44,816 - INFO - Optimal value of theta: 4331.15171195.
2024-06-11 15:27:44,818 - INFO - Beginning demographic inference for two-epoch demographic model.
2024-06-11 15:27:44,820 - INFO - Beginning optimization with guess, [0.06576972 0.0110439 ].
2024-06-11 15:27:46,112 - INFO - Finished optimization with guess, [0.06576972 0.0110439 ].
2024-06-11 15:27:46,112 - INFO - Best fit parameters: [1.68989884 0.0934005 ].
2024-06-11 15:27:46,137 - INFO - Maximum log composite likelihood: -32.6406478304.
2024-06-11 15:27:46,137 - INFO - Optimal value of theta: 4043.45927675.
2024-06-11 15:27:46,137 - INFO - Beginning optimization with guess, [0.28828668 0.00772882].
2024-06-11 15:27:49,110 - INFO - Finished optimization with guess, [0.28828668 0.00772882].
2024-06-11 15:27:49,111 - INFO - Best fit parameters: [1.59791012 0.10782502].
2024-06-11 15:27:49,135 - INFO - Maximum log composite likelihood: -32.8933460183.
2024-06-11 15:27:49,135 - INFO - Optimal value of theta: 4036.05471423.
2024-06-11 15:27:49,136 - INFO - Beginning optimization with guess, [0.56144692 0.00822874].
2024-06-11 15:27:52,499 - INFO - Finished optimization with guess, [0.56144692 0.00822874].
2024-06-11 15:27:52,499 - INFO - Best fit parameters: [1.90345595 0.06965037].
2024-06-11 15:27:52,524 - INFO - Maximum log composite likelihood: -32.4313515263.
2024-06-11 15:27:52,525 - INFO - Optimal value of theta: 4067.99235762.
2024-06-11 15:27:52,525 - INFO - Beginning optimization with guess, [0.29783523 0.01056609].
2024-06-11 15:27:55,052 - INFO - Finished optimization with guess, [0.29783523 0.01056609].
2024-06-11 15:27:55,052 - INFO - Best fit parameters: [1.67586958 0.09301275].
2024-06-11 15:27:55,077 - INFO - Maximum log composite likelihood: -32.6649216819.
2024-06-11 15:27:55,077 - INFO - Optimal value of theta: 4047.980628.
2024-06-11 15:27:55,077 - INFO - Beginning optimization with guess, [0.32089303 0.01279005].
2024-06-11 15:27:57,597 - INFO - Finished optimization with guess, [0.32089303 0.01279005].
2024-06-11 15:27:57,598 - INFO - Best fit parameters: [2.59505383 0.04956707].
2024-06-11 15:27:57,623 - INFO - Maximum log composite likelihood: -32.3273372798.
2024-06-11 15:27:57,623 - INFO - Optimal value of theta: 4076.11909953.
2024-06-11 15:27:57,624 - INFO - Beginning optimization with guess, [0.30503311 0.01788052].
2024-06-11 15:27:59,817 - INFO - Finished optimization with guess, [0.30503311 0.01788052].
2024-06-11 15:27:59,817 - INFO - Best fit parameters: [2.01446443 0.0696636 ].
2024-06-11 15:27:59,841 - INFO - Maximum log composite likelihood: -32.3887518906.
2024-06-11 15:27:59,841 - INFO - Optimal value of theta: 4051.49930947.
2024-06-11 15:27:59,842 - INFO - Beginning optimization with guess, [0.71874353 0.01589948].
2024-06-11 15:28:01,030 - INFO - Finished optimization with guess, [0.71874353 0.01589948].
2024-06-11 15:28:01,030 - INFO - Best fit parameters: [1.74289655 0.08088032].
2024-06-11 15:28:01,054 - INFO - Maximum log composite likelihood: -32.6008790467.
2024-06-11 15:28:01,054 - INFO - Optimal value of theta: 4063.86674006.
2024-06-11 15:28:01,055 - INFO - Beginning optimization with guess, [1.09028428 0.0107852 ].
2024-06-11 15:28:02,420 - INFO - Finished optimization with guess, [1.09028428 0.0107852 ].
2024-06-11 15:28:02,420 - INFO - Best fit parameters: [1.61684436 0.09514305].
2024-06-11 15:28:02,446 - INFO - Maximum log composite likelihood: -32.8874636733.
2024-06-11 15:28:02,446 - INFO - Optimal value of theta: 4058.63061466.
2024-06-11 15:28:02,446 - INFO - Beginning optimization with guess, [1.62955034 0.00538811].
2024-06-11 15:28:03,617 - INFO - Finished optimization with guess, [1.62955034 0.00538811].
2024-06-11 15:28:03,618 - INFO - Best fit parameters: [2.29228692 0.05670747].
2024-06-11 15:28:03,642 - INFO - Maximum log composite likelihood: -32.314904877.
2024-06-11 15:28:03,642 - INFO - Optimal value of theta: 4068.3015935.
2024-06-11 15:28:03,642 - INFO - Beginning optimization with guess, [1.92193988 0.0057516 ].
2024-06-11 15:28:04,868 - INFO - Finished optimization with guess, [1.92193988 0.0057516 ].
2024-06-11 15:28:04,869 - INFO - Best fit parameters: [2.32160686 0.05583359].
2024-06-11 15:28:04,892 - INFO - Maximum log composite likelihood: -32.3145429548.
2024-06-11 15:28:04,893 - INFO - Optimal value of theta: 4069.31508985.
2024-06-11 15:28:04,893 - INFO - Beginning optimization with guess, [0.80286069 0.01584258].
2024-06-11 15:28:06,132 - INFO - Finished optimization with guess, [0.80286069 0.01584258].
2024-06-11 15:28:06,132 - INFO - Best fit parameters: [1.43296469 0.17370182].
2024-06-11 15:28:06,157 - INFO - Maximum log composite likelihood: -34.2531946668.
2024-06-11 15:28:06,157 - INFO - Optimal value of theta: 3992.47730672.
2024-06-11 15:28:06,158 - INFO - Beginning optimization with guess, [0.75201496 0.01299671].
2024-06-11 15:28:08,767 - INFO - Finished optimization with guess, [0.75201496 0.01299671].
2024-06-11 15:28:08,767 - INFO - Best fit parameters: [1.34963933 0.23631501].
2024-06-11 15:28:08,793 - INFO - Maximum log composite likelihood: -35.7589387355.
2024-06-11 15:28:08,794 - INFO - Optimal value of theta: 3974.23631808.
2024-06-11 15:28:08,794 - INFO - Beginning optimization with guess, [1.88886391 0.00546194].
2024-06-11 15:28:09,941 - INFO - Finished optimization with guess, [1.88886391 0.00546194].
2024-06-11 15:28:09,941 - INFO - Best fit parameters: [2.34201862 0.05538233].
2024-06-11 15:28:09,967 - INFO - Maximum log composite likelihood: -32.3147071937.
2024-06-11 15:28:09,967 - INFO - Optimal value of theta: 4069.38927972.
2024-06-11 15:28:09,967 - INFO - Beginning optimization with guess, [2.65781892 0.01127849].
2024-06-11 15:28:11,164 - INFO - Finished optimization with guess, [2.65781892 0.01127849].
2024-06-11 15:28:11,164 - INFO - Best fit parameters: [2.31560544 0.05616186].
2024-06-11 15:28:11,190 - INFO - Maximum log composite likelihood: -32.314839374.
2024-06-11 15:28:11,190 - INFO - Optimal value of theta: 4068.47506763.
2024-06-11 15:28:11,190 - INFO - Beginning optimization with guess, [3.34479373 0.01743295].
2024-06-11 15:28:12,373 - INFO - Finished optimization with guess, [3.34479373 0.01743295].
2024-06-11 15:28:12,373 - INFO - Best fit parameters: [2.5588104  0.05011572].
2024-06-11 15:28:12,397 - INFO - Maximum log composite likelihood: -32.325884826.
2024-06-11 15:28:12,397 - INFO - Optimal value of theta: 4075.99447617.
2024-06-11 15:28:12,397 - INFO - Beginning optimization with guess, [1.6699003  0.00714379].
2024-06-11 15:28:13,520 - INFO - Finished optimization with guess, [1.6699003  0.00714379].
2024-06-11 15:28:13,520 - INFO - Best fit parameters: [2.26042913 0.05693545].
2024-06-11 15:28:13,544 - INFO - Maximum log composite likelihood: -32.3172838133.
2024-06-11 15:28:13,544 - INFO - Optimal value of theta: 4070.2982472.
2024-06-11 15:28:13,544 - INFO - Beginning optimization with guess, [1.45882337 0.01085652].
2024-06-11 15:28:14,720 - INFO - Finished optimization with guess, [1.45882337 0.01085652].
2024-06-11 15:28:14,721 - INFO - Best fit parameters: [2.30611849 0.05664938].
2024-06-11 15:28:14,745 - INFO - Maximum log composite likelihood: -32.3160585598.
2024-06-11 15:28:14,745 - INFO - Optimal value of theta: 4067.30171636.
2024-06-11 15:28:14,746 - INFO - Beginning optimization with guess, [1.65929257 0.00526567].
2024-06-11 15:28:15,913 - INFO - Finished optimization with guess, [1.65929257 0.00526567].
2024-06-11 15:28:15,913 - INFO - Best fit parameters: [2.2842017  0.05650129].
2024-06-11 15:28:15,937 - INFO - Maximum log composite likelihood: -32.3155106064.
2024-06-11 15:28:15,938 - INFO - Optimal value of theta: 4069.8720222.
2024-06-11 15:28:15,938 - INFO - Beginning optimization with guess, [3.28388157 0.01294539].
2024-06-11 15:28:17,152 - INFO - Finished optimization with guess, [3.28388157 0.01294539].
2024-06-11 15:28:17,152 - INFO - Best fit parameters: [2.5622056  0.04960337].
2024-06-11 15:28:17,176 - INFO - Maximum log composite likelihood: -32.3331324132.
2024-06-11 15:28:17,177 - INFO - Optimal value of theta: 4078.07299226.
2024-06-11 15:28:17,177 - INFO - Beginning optimization with guess, [3.80360515 0.0091719 ].
2024-06-11 15:28:18,246 - INFO - Finished optimization with guess, [3.80360515 0.0091719 ].
2024-06-11 15:28:18,247 - INFO - Best fit parameters: [3.72600294 0.03873004].
2024-06-11 15:28:18,270 - INFO - Maximum log composite likelihood: -32.4148754163.
2024-06-11 15:28:18,270 - INFO - Optimal value of theta: 4087.04634312.
2024-06-11 15:28:18,271 - INFO - Beginning optimization with guess, [5.43352971 0.01758593].
2024-06-11 15:28:19,406 - INFO - Finished optimization with guess, [5.43352971 0.01758593].
2024-06-11 15:28:19,407 - INFO - Best fit parameters: [4.21327066 0.03691335].
2024-06-11 15:28:19,430 - INFO - Maximum log composite likelihood: -32.4351024767.
2024-06-11 15:28:19,431 - INFO - Optimal value of theta: 4087.47070345.
2024-06-11 15:28:19,431 - INFO - Beginning optimization with guess, [4.01042519 0.01113081].
2024-06-11 15:28:20,472 - INFO - Finished optimization with guess, [4.01042519 0.01113081].
2024-06-11 15:28:20,473 - INFO - Best fit parameters: [3.18800106 0.0425295 ].
2024-06-11 15:28:20,496 - INFO - Maximum log composite likelihood: -32.3721073583.
2024-06-11 15:28:20,496 - INFO - Optimal value of theta: 4082.24140106.
2024-06-11 15:28:20,496 - INFO - Beginning optimization with guess, [3.39301673 0.00861054].
2024-06-11 15:28:21,583 - INFO - Finished optimization with guess, [3.39301673 0.00861054].
2024-06-11 15:28:21,583 - INFO - Best fit parameters: [4.59106943 0.0360943 ].
2024-06-11 15:28:21,606 - INFO - Maximum log composite likelihood: -32.4446674629.
2024-06-11 15:28:21,607 - INFO - Optimal value of theta: 4086.33587974.
2024-06-11 15:28:21,607 - INFO - Beginning optimization with guess, [3.58687287 0.00754948].
2024-06-11 15:28:22,768 - INFO - Finished optimization with guess, [3.58687287 0.00754948].
2024-06-11 15:28:22,768 - INFO - Best fit parameters: [2.96456211 0.04457107].
2024-06-11 15:28:22,792 - INFO - Maximum log composite likelihood: -32.3553906005.
2024-06-11 15:28:22,793 - INFO - Optimal value of theta: 4080.67294743.
2024-06-11 15:28:22,796 - INFO - Finished demographic inference.
2024-06-11 15:28:22,796 - INFO - Pipeline executed succesfully.
