2024-06-24 15:16:54,724 - INFO - Beginning execution of fit_one_epoch.py in directory /u/project/ngarud/jonmah/demo_for_ccgb/Scripts

2024-06-24 15:16:54,725 - INFO - Progress is being logged to ../SupplementaryAnalysis/Bacteroides_xylanisolvens_57185/accessory_log.log

2024-06-24 15:16:54,725 - INFO - Parsed the following arguments:
	mask_doubletons = False
	syn_input_sfs = ../SupplementaryAnalysis/Bacteroides_xylanisolvens_57185/accessory_empirical_syn_downsampled_sfs.txt
	mask_singletons = False
	outprefix = ../SupplementaryAnalysis/Bacteroides_xylanisolvens_57185/accessory

2024-06-24 15:16:54,727 - INFO - Beginning demographic inference for three-epoch demographic model.
2024-06-24 15:16:54,729 - INFO - Beginning optimization with guess, [0.01011269 0.00978228 0.01819703 0.01431866].
2024-06-24 15:17:01,616 - INFO - Finished optimization with guess, [0.01011269 0.00978228 0.01819703 0.01431866].
2024-06-24 15:17:01,617 - INFO - Best fit parameters: [0.0067551  0.00679181 0.03063299 0.01671402].
2024-06-24 15:17:01,770 - INFO - Maximum log composite likelihood: -32.5731979287.
2024-06-24 15:17:01,771 - INFO - Optimal value of theta: 278919.452899.
2024-06-24 15:17:01,771 - INFO - Beginning optimization with guess, [0.01030145 0.02010272 0.00831683 0.01323693].
2024-06-24 15:17:07,032 - INFO - Finished optimization with guess, [0.01030145 0.02010272 0.00831683 0.01323693].
2024-06-24 15:17:07,032 - INFO - Best fit parameters: [0.00523569 0.0182415  0.02099973 0.01284626].
2024-06-24 15:17:07,143 - INFO - Maximum log composite likelihood: -32.842635776.
2024-06-24 15:17:07,143 - INFO - Optimal value of theta: 103643.633266.
2024-06-24 15:17:07,144 - INFO - Beginning optimization with guess, [0.02966155 0.01525484 0.00953778 0.01978633].
2024-06-24 15:17:14,034 - INFO - Finished optimization with guess, [0.02966155 0.01525484 0.00953778 0.01978633].
2024-06-24 15:17:14,035 - INFO - Best fit parameters: [0.02256401 0.00796927 0.00789604 0.05107152].
2024-06-24 15:17:14,180 - INFO - Maximum log composite likelihood: -32.5703004623.
2024-06-24 15:17:14,180 - INFO - Optimal value of theta: 235621.787671.
2024-06-24 15:17:14,181 - INFO - Beginning optimization with guess, [0.06293266 0.05583396 0.00542623 0.00761737].
2024-06-24 15:17:15,339 - INFO - Finished optimization with guess, [0.06293266 0.05583396 0.00542623 0.00761737].
2024-06-24 15:17:15,339 - INFO - Best fit parameters: [0.07646372 0.2204357  0.00116694 0.00209332].
2024-06-24 15:17:15,365 - INFO - Maximum log composite likelihood: -30.0327265972.
2024-06-24 15:17:15,366 - INFO - Optimal value of theta: 2199.29834817.
2024-06-24 15:17:15,366 - INFO - Beginning optimization with guess, [0.05681569 0.04716243 0.01805351 0.01284061].
2024-06-24 15:17:16,732 - INFO - Finished optimization with guess, [0.05681569 0.04716243 0.01805351 0.01284061].
2024-06-24 15:17:16,733 - INFO - Best fit parameters: [0.17881432 0.60883528 0.00441892 0.00094022].
2024-06-24 15:17:16,758 - INFO - Maximum log composite likelihood: -30.0497981408.
2024-06-24 15:17:16,758 - INFO - Optimal value of theta: 2196.1433862.
2024-06-24 15:17:16,758 - INFO - Beginning optimization with guess, [1.18183063 0.61008608 0.00780475 0.00806008].
2024-06-24 15:17:17,984 - INFO - Finished optimization with guess, [1.18183063 0.61008608 0.00780475 0.00806008].
2024-06-24 15:17:17,985 - INFO - Best fit parameters: [1.18937603 0.57192291 0.0049995  0.03496067].
2024-06-24 15:17:18,012 - INFO - Maximum log composite likelihood: -30.228650258.
2024-06-24 15:17:18,012 - INFO - Optimal value of theta: 2207.53112727.
2024-06-24 15:17:18,012 - INFO - Beginning optimization with guess, [0.37725346 0.86476762 0.01020861 0.01996205].
2024-06-24 15:17:19,180 - INFO - Finished optimization with guess, [0.37725346 0.86476762 0.01020861 0.01996205].
2024-06-24 15:17:19,180 - INFO - Best fit parameters: [0.218909   0.99327344 0.0063555  0.00223362].
2024-06-24 15:17:19,206 - INFO - Maximum log composite likelihood: -30.0743792293.
2024-06-24 15:17:19,206 - INFO - Optimal value of theta: 2202.52807827.
2024-06-24 15:17:19,206 - INFO - Beginning optimization with guess, [0.58743303 0.96987916 0.01271792 0.0085188 ].
2024-06-24 15:17:20,383 - INFO - Finished optimization with guess, [0.58743303 0.96987916 0.01271792 0.0085188 ].
2024-06-24 15:17:20,383 - INFO - Best fit parameters: [0.55960048 0.97357802 0.0338082  0.00412398].
2024-06-24 15:17:20,409 - INFO - Maximum log composite likelihood: -30.3341635536.
2024-06-24 15:17:20,410 - INFO - Optimal value of theta: 2210.49020091.
2024-06-24 15:17:20,410 - INFO - Beginning optimization with guess, [0.7688438  1.78800766 0.01393964 0.00708517].
2024-06-24 15:17:21,706 - INFO - Finished optimization with guess, [0.7688438  1.78800766 0.01393964 0.00708517].
2024-06-24 15:17:21,706 - INFO - Best fit parameters: [7.20478266e-01 1.74499188e+00 9.03191166e-02 1.48586053e-03].
2024-06-24 15:17:21,733 - INFO - Maximum log composite likelihood: -30.857262635.
2024-06-24 15:17:21,733 - INFO - Optimal value of theta: 2225.42504372.
2024-06-24 15:17:21,734 - INFO - Beginning optimization with guess, [0.9350996  0.98194157 0.00566629 0.01024975].
2024-06-24 15:17:23,040 - INFO - Finished optimization with guess, [0.9350996  0.98194157 0.00566629 0.01024975].
2024-06-24 15:17:23,040 - INFO - Best fit parameters: [0.88923044 0.98384317 0.18030236 0.01612153].
2024-06-24 15:17:23,069 - INFO - Maximum log composite likelihood: -34.7804394814.
2024-06-24 15:17:23,069 - INFO - Optimal value of theta: 2169.09233256.
2024-06-24 15:17:23,069 - INFO - Beginning optimization with guess, [1.13214125 0.95325933 0.00560241 0.0053443 ].
2024-06-24 15:17:24,497 - INFO - Finished optimization with guess, [1.13214125 0.95325933 0.00560241 0.0053443 ].
2024-06-24 15:17:24,497 - INFO - Best fit parameters: [1.13774053e+00 9.32767759e-01 6.37598632e-04 4.05007176e-01].
2024-06-24 15:17:24,531 - INFO - Maximum log composite likelihood: -36.0883277216.
2024-06-24 15:17:24,531 - INFO - Optimal value of theta: 2170.75395319.
2024-06-24 15:17:24,531 - INFO - Beginning optimization with guess, [2.45191238 2.24990108 0.00892227 0.01748982].
2024-06-24 15:17:25,589 - INFO - Finished optimization with guess, [2.45191238 2.24990108 0.00892227 0.01748982].
2024-06-24 15:17:25,589 - INFO - Best fit parameters: [2.83129049e+00 3.60912450e-01 2.87179748e-05 7.83997897e-04].
2024-06-24 15:17:25,614 - INFO - Maximum log composite likelihood: -38.9946805937.
2024-06-24 15:17:25,614 - INFO - Optimal value of theta: 2110.26809286.
2024-06-24 15:17:25,615 - INFO - Beginning optimization with guess, [1.95851738 2.10210688 0.01946762 0.0064535 ].
2024-06-24 15:17:26,727 - INFO - Finished optimization with guess, [1.95851738 2.10210688 0.01946762 0.0064535 ].
2024-06-24 15:17:26,727 - INFO - Best fit parameters: [1.28960981e+00 6.39023153e-01 1.28370957e-04 7.57830250e-05].
2024-06-24 15:17:26,752 - INFO - Maximum log composite likelihood: -40.4423126072.
2024-06-24 15:17:26,752 - INFO - Optimal value of theta: 2104.0580943.
2024-06-24 15:17:26,753 - INFO - Beginning optimization with guess, [1.4602673  1.58747267 0.00853744 0.00850287].
2024-06-24 15:17:27,888 - INFO - Finished optimization with guess, [1.4602673  1.58747267 0.00853744 0.00850287].
2024-06-24 15:17:27,889 - INFO - Best fit parameters: [2.24669653e+00 9.31156675e-01 5.19511006e-04 3.65620901e-02].
2024-06-24 15:17:27,915 - INFO - Maximum log composite likelihood: -38.4602460551.
2024-06-24 15:17:27,916 - INFO - Optimal value of theta: 2114.0252759.
2024-06-24 15:17:27,916 - INFO - Beginning optimization with guess, [1.3907434  2.78506864 0.0115602  0.00866617].
2024-06-24 15:17:29,052 - INFO - Finished optimization with guess, [1.3907434  2.78506864 0.0115602  0.00866617].
2024-06-24 15:17:29,052 - INFO - Best fit parameters: [8.73904488e-01 1.87658867e+00 1.42381324e-03 6.11203273e-05].
2024-06-24 15:17:29,077 - INFO - Maximum log composite likelihood: -40.2631612336.
2024-06-24 15:17:29,078 - INFO - Optimal value of theta: 2104.80229221.
2024-06-24 15:17:29,078 - INFO - Beginning optimization with guess, [4.29475909 1.53894613 0.01361737 0.0166682 ].
2024-06-24 15:17:30,239 - INFO - Finished optimization with guess, [4.29475909 1.53894613 0.01361737 0.0166682 ].
2024-06-24 15:17:30,240 - INFO - Best fit parameters: [7.66808929e-01 1.03795367e+00 9.15060748e-04 7.72331047e-05].
2024-06-24 15:17:30,265 - INFO - Maximum log composite likelihood: -40.1519475733.
2024-06-24 15:17:30,265 - INFO - Optimal value of theta: 2105.25914514.
2024-06-24 15:17:30,265 - INFO - Beginning optimization with guess, [4.16005436 4.20151427 0.00715972 0.00676862].
2024-06-24 15:17:31,431 - INFO - Finished optimization with guess, [4.16005436 4.20151427 0.00715972 0.00676862].
2024-06-24 15:17:31,432 - INFO - Best fit parameters: [1.38663597e+00 7.24377544e-01 1.40041358e-04 1.23579524e-03].
2024-06-24 15:17:31,457 - INFO - Maximum log composite likelihood: -39.9835400309.
2024-06-24 15:17:31,457 - INFO - Optimal value of theta: 2105.97035429.
2024-06-24 15:17:31,457 - INFO - Beginning optimization with guess, [3.82085028 4.17597895 0.00649696 0.01800707].
2024-06-24 15:17:32,568 - INFO - Finished optimization with guess, [3.82085028 4.17597895 0.00649696 0.01800707].
2024-06-24 15:17:32,568 - INFO - Best fit parameters: [5.52512287e-01 2.24708264e+00 2.62985334e-04 8.41446668e-05].
2024-06-24 15:17:32,593 - INFO - Maximum log composite likelihood: -40.271189183.
2024-06-24 15:17:32,594 - INFO - Optimal value of theta: 2104.75978355.
2024-06-24 15:17:32,594 - INFO - Beginning optimization with guess, [4.5209336  4.21830101 0.01414776 0.01254335].
2024-06-24 15:17:33,727 - INFO - Finished optimization with guess, [4.5209336  4.21830101 0.01414776 0.01254335].
2024-06-24 15:17:33,728 - INFO - Best fit parameters: [1.46736774e+00 5.91503171e-01 2.82617961e-04 7.25402157e-04].
2024-06-24 15:17:33,753 - INFO - Maximum log composite likelihood: -40.0020198852.
2024-06-24 15:17:33,753 - INFO - Optimal value of theta: 2105.88370568.
2024-06-24 15:17:33,753 - INFO - Beginning optimization with guess, [7.16522722e+00 3.25764148e+00 6.69710311e-03 6.14087284e-03].
2024-06-24 15:17:34,886 - INFO - Finished optimization with guess, [7.16522722e+00 3.25764148e+00 6.69710311e-03 6.14087284e-03].
2024-06-24 15:17:34,886 - INFO - Best fit parameters: [3.00382508e-01 1.73460271e+00 2.33594704e-04 1.86465640e-05].
2024-06-24 15:17:34,912 - INFO - Maximum log composite likelihood: -39.861574334.
2024-06-24 15:17:34,912 - INFO - Optimal value of theta: 2106.46529653.
2024-06-24 15:17:34,912 - INFO - Beginning optimization with guess, [3.05244613 4.03903628 0.00732764 0.01566418].
2024-06-24 15:17:35,992 - INFO - Finished optimization with guess, [3.05244613 4.03903628 0.00732764 0.01566418].
2024-06-24 15:17:35,992 - INFO - Best fit parameters: [7.55709764e-01 1.87062260e+00 4.55332722e-04 8.71432557e-05].
2024-06-24 15:17:36,017 - INFO - Maximum log composite likelihood: -40.3385786082.
2024-06-24 15:17:36,017 - INFO - Optimal value of theta: 2104.48402011.
2024-06-24 15:17:36,017 - INFO - Beginning optimization with guess, [2.73696739e+00 9.87230387e+00 5.18879495e-03 1.08910558e-02].
2024-06-24 15:17:37,127 - INFO - Finished optimization with guess, [2.73696739e+00 9.87230387e+00 5.18879495e-03 1.08910558e-02].
2024-06-24 15:17:37,127 - INFO - Best fit parameters: [9.12905580e-01 4.87404886e+00 1.38350740e-03 5.56380431e-05].
2024-06-24 15:17:37,152 - INFO - Maximum log composite likelihood: -40.3625523241.
2024-06-24 15:17:37,153 - INFO - Optimal value of theta: 2104.39079234.
2024-06-24 15:17:37,153 - INFO - Beginning optimization with guess, [7.65887777e+00 5.23018165e+00 7.44302302e-03 1.74617320e-02].
2024-06-24 15:17:38,289 - INFO - Finished optimization with guess, [7.65887777e+00 5.23018165e+00 7.44302302e-03 1.74617320e-02].
2024-06-24 15:17:38,289 - INFO - Best fit parameters: [4.04044903e-01 3.01453516e+00 2.68970801e-04 1.58678858e-04].
2024-06-24 15:17:38,314 - INFO - Maximum log composite likelihood: -40.1337166652.
2024-06-24 15:17:38,315 - INFO - Optimal value of theta: 2105.33119743.
2024-06-24 15:17:38,315 - INFO - Beginning optimization with guess, [5.02496732 7.92310327 0.01937632 0.01203675].
2024-06-24 15:17:39,422 - INFO - Finished optimization with guess, [5.02496732 7.92310327 0.01937632 0.01203675].
2024-06-24 15:17:39,422 - INFO - Best fit parameters: [3.33800467e-01 3.07758285e+01 9.38509149e-03 2.70004546e-04].
2024-06-24 15:17:39,448 - INFO - Maximum log composite likelihood: -30.311672873.
2024-06-24 15:17:39,448 - INFO - Optimal value of theta: 2184.61991025.
2024-06-24 15:17:39,470 - INFO - Finished demographic inference.
2024-06-24 15:17:39,470 - INFO - Pipeline executed succesfully.
