2024-06-11 15:26:08,562 - INFO - Beginning execution of fit_one_epoch.py in directory /u/project/ngarud/jonmah/demo_for_ccgb/Scripts

2024-06-11 15:26:08,562 - INFO - Progress is being logged to ../SupplementaryAnalysis/Bacteroides_xylanisolvens_57185/log.log

2024-06-11 15:26:08,562 - INFO - Parsed the following arguments:
	mask_doubletons = False
	syn_input_sfs = ../SupplementaryAnalysis/Bacteroides_xylanisolvens_57185/core_empirical_syn_downsampled_sfs.txt
	mask_singletons = False
	outprefix = ../SupplementaryAnalysis/Bacteroides_xylanisolvens_57185/

2024-06-11 15:26:08,564 - INFO - Beginning demographic inference for one-epoch demographic model.
2024-06-11 15:26:08,565 - INFO - Beginning optimization with guess, [0.08541053].
2024-06-11 15:26:09,602 - INFO - Finished optimization with guess, [0.08541053].
2024-06-11 15:26:09,602 - INFO - Best fit parameters: [0.08541053].
2024-06-11 15:26:09,625 - INFO - Maximum log composite likelihood: -111.795458981.
2024-06-11 15:26:09,625 - INFO - Optimal value of theta: 7188.04722566.
2024-06-11 15:26:09,626 - INFO - Beginning optimization with guess, [0.36979494].
2024-06-11 15:26:10,506 - INFO - Finished optimization with guess, [0.36979494].
2024-06-11 15:26:10,507 - INFO - Best fit parameters: [0.36979494].
2024-06-11 15:26:10,530 - INFO - Maximum log composite likelihood: -111.795458981.
2024-06-11 15:26:10,530 - INFO - Optimal value of theta: 7188.04722566.
2024-06-11 15:26:10,530 - INFO - Beginning optimization with guess, [0.52745246].
2024-06-11 15:26:11,299 - INFO - Finished optimization with guess, [0.52745246].
2024-06-11 15:26:11,300 - INFO - Best fit parameters: [0.52745246].
2024-06-11 15:26:11,323 - INFO - Maximum log composite likelihood: -111.795458981.
2024-06-11 15:26:11,323 - INFO - Optimal value of theta: 7188.04722566.
2024-06-11 15:26:11,323 - INFO - Beginning optimization with guess, [0.23979465].
2024-06-11 15:26:12,193 - INFO - Finished optimization with guess, [0.23979465].
2024-06-11 15:26:12,194 - INFO - Best fit parameters: [0.23979465].
2024-06-11 15:26:12,261 - INFO - Maximum log composite likelihood: -111.795458981.
2024-06-11 15:26:12,262 - INFO - Optimal value of theta: 7188.04722566.
2024-06-11 15:26:12,263 - INFO - Beginning optimization with guess, [0.48303533].
2024-06-11 15:26:12,986 - INFO - Finished optimization with guess, [0.48303533].
2024-06-11 15:26:12,986 - INFO - Best fit parameters: [0.48303533].
2024-06-11 15:26:13,010 - INFO - Maximum log composite likelihood: -111.795458981.
2024-06-11 15:26:13,010 - INFO - Optimal value of theta: 7188.04722566.
2024-06-11 15:26:13,010 - INFO - Beginning optimization with guess, [0.63569813].
2024-06-11 15:26:13,607 - INFO - Finished optimization with guess, [0.63569813].
2024-06-11 15:26:13,608 - INFO - Best fit parameters: [0.63569813].
2024-06-11 15:26:13,631 - INFO - Maximum log composite likelihood: -111.795458981.
2024-06-11 15:26:13,631 - INFO - Optimal value of theta: 7188.04722566.
2024-06-11 15:26:13,631 - INFO - Beginning optimization with guess, [1.06657088].
2024-06-11 15:26:14,091 - INFO - Finished optimization with guess, [1.06657088].
2024-06-11 15:26:14,091 - INFO - Best fit parameters: [1.06657088].
2024-06-11 15:26:14,114 - INFO - Maximum log composite likelihood: -111.795458981.
2024-06-11 15:26:14,114 - INFO - Optimal value of theta: 7188.04722566.
2024-06-11 15:26:14,115 - INFO - Beginning optimization with guess, [1.09638822].
2024-06-11 15:26:14,571 - INFO - Finished optimization with guess, [1.09638822].
2024-06-11 15:26:14,571 - INFO - Best fit parameters: [1.09638822].
2024-06-11 15:26:14,596 - INFO - Maximum log composite likelihood: -111.795458981.
2024-06-11 15:26:14,596 - INFO - Optimal value of theta: 7188.04722566.
2024-06-11 15:26:14,596 - INFO - Beginning optimization with guess, [0.73033472].
2024-06-11 15:26:15,303 - INFO - Finished optimization with guess, [0.73033472].
2024-06-11 15:26:15,304 - INFO - Best fit parameters: [0.73033472].
2024-06-11 15:26:15,326 - INFO - Maximum log composite likelihood: -111.795458981.
2024-06-11 15:26:15,327 - INFO - Optimal value of theta: 7188.04722566.
2024-06-11 15:26:15,327 - INFO - Beginning optimization with guess, [0.78698961].
2024-06-11 15:26:15,846 - INFO - Finished optimization with guess, [0.78698961].
2024-06-11 15:26:15,846 - INFO - Best fit parameters: [0.78698961].
2024-06-11 15:26:15,868 - INFO - Maximum log composite likelihood: -111.795458981.
2024-06-11 15:26:15,869 - INFO - Optimal value of theta: 7188.04722566.
2024-06-11 15:26:15,869 - INFO - Beginning optimization with guess, [0.98123806].
2024-06-11 15:26:16,184 - INFO - Finished optimization with guess, [0.98123806].
2024-06-11 15:26:16,184 - INFO - Best fit parameters: [0.98123806].
2024-06-11 15:26:16,207 - INFO - Maximum log composite likelihood: -111.795458981.
2024-06-11 15:26:16,207 - INFO - Optimal value of theta: 7188.04722566.
2024-06-11 15:26:16,208 - INFO - Beginning optimization with guess, [1.40212995].
2024-06-11 15:26:16,794 - INFO - Finished optimization with guess, [1.40212995].
2024-06-11 15:26:16,795 - INFO - Best fit parameters: [1.40212995].
2024-06-11 15:26:16,862 - INFO - Maximum log composite likelihood: -111.795458981.
2024-06-11 15:26:16,863 - INFO - Optimal value of theta: 7188.04722566.
2024-06-11 15:26:16,863 - INFO - Beginning optimization with guess, [2.61155596].
2024-06-11 15:26:17,610 - INFO - Finished optimization with guess, [2.61155596].
2024-06-11 15:26:17,610 - INFO - Best fit parameters: [2.61155596].
2024-06-11 15:26:17,633 - INFO - Maximum log composite likelihood: -111.795458981.
2024-06-11 15:26:17,633 - INFO - Optimal value of theta: 7188.04722566.
2024-06-11 15:26:17,633 - INFO - Beginning optimization with guess, [1.79257047].
2024-06-11 15:26:18,405 - INFO - Finished optimization with guess, [1.79257047].
2024-06-11 15:26:18,406 - INFO - Best fit parameters: [1.79257047].
2024-06-11 15:26:18,428 - INFO - Maximum log composite likelihood: -111.795458981.
2024-06-11 15:26:18,428 - INFO - Optimal value of theta: 7188.04722566.
2024-06-11 15:26:18,429 - INFO - Beginning optimization with guess, [2.27240582].
2024-06-11 15:26:19,111 - INFO - Finished optimization with guess, [2.27240582].
2024-06-11 15:26:19,111 - INFO - Best fit parameters: [2.27240582].
2024-06-11 15:26:19,134 - INFO - Maximum log composite likelihood: -111.795458981.
2024-06-11 15:26:19,134 - INFO - Optimal value of theta: 7188.04722566.
2024-06-11 15:26:19,134 - INFO - Beginning optimization with guess, [4.04894304].
2024-06-11 15:26:19,974 - INFO - Finished optimization with guess, [4.04894304].
2024-06-11 15:26:19,974 - INFO - Best fit parameters: [4.04894304].
2024-06-11 15:26:19,997 - INFO - Maximum log composite likelihood: -111.795458981.
2024-06-11 15:26:19,997 - INFO - Optimal value of theta: 7188.04722566.
2024-06-11 15:26:19,997 - INFO - Beginning optimization with guess, [4.99313424].
2024-06-11 15:26:20,729 - INFO - Finished optimization with guess, [4.99313424].
2024-06-11 15:26:20,729 - INFO - Best fit parameters: [4.99313424].
2024-06-11 15:26:20,752 - INFO - Maximum log composite likelihood: -111.795458981.
2024-06-11 15:26:20,752 - INFO - Optimal value of theta: 7188.04722566.
2024-06-11 15:26:20,752 - INFO - Beginning optimization with guess, [5.24754986].
2024-06-11 15:26:21,483 - INFO - Finished optimization with guess, [5.24754986].
2024-06-11 15:26:21,484 - INFO - Best fit parameters: [5.24754986].
2024-06-11 15:26:21,507 - INFO - Maximum log composite likelihood: -111.795458981.
2024-06-11 15:26:21,507 - INFO - Optimal value of theta: 7188.04722566.
2024-06-11 15:26:21,507 - INFO - Beginning optimization with guess, [6.15583219].
2024-06-11 15:26:22,450 - INFO - Finished optimization with guess, [6.15583219].
2024-06-11 15:26:22,451 - INFO - Best fit parameters: [6.15583219].
2024-06-11 15:26:22,474 - INFO - Maximum log composite likelihood: -111.795458981.
2024-06-11 15:26:22,475 - INFO - Optimal value of theta: 7188.04722566.
2024-06-11 15:26:22,475 - INFO - Beginning optimization with guess, [4.42346103].
2024-06-11 15:26:23,562 - INFO - Finished optimization with guess, [4.42346103].
2024-06-11 15:26:23,562 - INFO - Best fit parameters: [4.42346103].
2024-06-11 15:26:23,589 - INFO - Maximum log composite likelihood: -111.795458981.
2024-06-11 15:26:23,589 - INFO - Optimal value of theta: 7188.04722566.
2024-06-11 15:26:23,589 - INFO - Beginning optimization with guess, [7.71178887].
2024-06-11 15:26:24,430 - INFO - Finished optimization with guess, [7.71178887].
2024-06-11 15:26:24,430 - INFO - Best fit parameters: [7.71178887].
2024-06-11 15:26:24,453 - INFO - Maximum log composite likelihood: -111.795458981.
2024-06-11 15:26:24,453 - INFO - Optimal value of theta: 7188.04722566.
2024-06-11 15:26:24,453 - INFO - Beginning optimization with guess, [4.43654638].
2024-06-11 15:26:25,253 - INFO - Finished optimization with guess, [4.43654638].
2024-06-11 15:26:25,254 - INFO - Best fit parameters: [4.43654638].
2024-06-11 15:26:25,293 - INFO - Maximum log composite likelihood: -111.795458981.
2024-06-11 15:26:25,293 - INFO - Optimal value of theta: 7188.04722566.
2024-06-11 15:26:25,294 - INFO - Beginning optimization with guess, [7.54111767].
2024-06-11 15:26:26,074 - INFO - Finished optimization with guess, [7.54111767].
2024-06-11 15:26:26,074 - INFO - Best fit parameters: [7.54111767].
2024-06-11 15:26:26,098 - INFO - Maximum log composite likelihood: -111.795458981.
2024-06-11 15:26:26,098 - INFO - Optimal value of theta: 7188.04722566.
2024-06-11 15:26:26,098 - INFO - Beginning optimization with guess, [12.76357245].
2024-06-11 15:26:26,939 - INFO - Finished optimization with guess, [12.76357245].
2024-06-11 15:26:26,939 - INFO - Best fit parameters: [12.76357245].
2024-06-11 15:26:26,963 - INFO - Maximum log composite likelihood: -111.795458981.
2024-06-11 15:26:26,963 - INFO - Optimal value of theta: 7188.04722566.
2024-06-11 15:26:26,967 - INFO - Beginning demographic inference for two-epoch demographic model.
2024-06-11 15:26:26,969 - INFO - Beginning optimization with guess, [0.05141958 0.01745647].
2024-06-11 15:26:28,281 - INFO - Finished optimization with guess, [0.05141958 0.01745647].
2024-06-11 15:26:28,282 - INFO - Best fit parameters: [0.14487636 0.00566125].
2024-06-11 15:26:28,307 - INFO - Maximum log composite likelihood: -35.1197713995.
2024-06-11 15:26:28,307 - INFO - Optimal value of theta: 7687.45471257.
2024-06-11 15:26:28,307 - INFO - Beginning optimization with guess, [0.14164157 0.01521728].
2024-06-11 15:26:29,362 - INFO - Finished optimization with guess, [0.14164157 0.01521728].
2024-06-11 15:26:29,362 - INFO - Best fit parameters: [0.32531381 0.01756092].
2024-06-11 15:26:29,386 - INFO - Maximum log composite likelihood: -34.7981396444.
2024-06-11 15:26:29,386 - INFO - Optimal value of theta: 7713.97726709.
2024-06-11 15:26:29,387 - INFO - Beginning optimization with guess, [0.40177415 0.01617919].
2024-06-11 15:26:30,491 - INFO - Finished optimization with guess, [0.40177415 0.01617919].
2024-06-11 15:26:30,492 - INFO - Best fit parameters: [0.39857649 0.02533551].
2024-06-11 15:26:30,516 - INFO - Maximum log composite likelihood: -34.7433380666.
2024-06-11 15:26:30,516 - INFO - Optimal value of theta: 7728.41929769.
2024-06-11 15:26:30,516 - INFO - Beginning optimization with guess, [0.6879598  0.00504948].
2024-06-11 15:26:31,702 - INFO - Finished optimization with guess, [0.6879598  0.00504948].
2024-06-11 15:26:31,703 - INFO - Best fit parameters: [0.41401498 0.02665658].
2024-06-11 15:26:31,727 - INFO - Maximum log composite likelihood: -34.7717628531.
2024-06-11 15:26:31,727 - INFO - Optimal value of theta: 7719.70707714.
2024-06-11 15:26:31,727 - INFO - Beginning optimization with guess, [0.35399217 0.01864344].
2024-06-11 15:26:32,891 - INFO - Finished optimization with guess, [0.35399217 0.01864344].
2024-06-11 15:26:32,892 - INFO - Best fit parameters: [0.39831083 0.02530943].
2024-06-11 15:26:32,916 - INFO - Maximum log composite likelihood: -34.7433393171.
2024-06-11 15:26:32,916 - INFO - Optimal value of theta: 7728.49784959.
2024-06-11 15:26:32,916 - INFO - Beginning optimization with guess, [0.45265738 0.00987101].
2024-06-11 15:26:34,079 - INFO - Finished optimization with guess, [0.45265738 0.00987101].
2024-06-11 15:26:34,080 - INFO - Best fit parameters: [0.40065731 0.02562448].
2024-06-11 15:26:34,104 - INFO - Maximum log composite likelihood: -34.7433908154.
2024-06-11 15:26:34,104 - INFO - Optimal value of theta: 7729.4082958.
2024-06-11 15:26:34,104 - INFO - Beginning optimization with guess, [1.09140613 0.01213034].
2024-06-11 15:26:38,981 - INFO - Finished optimization with guess, [1.09140613 0.01213034].
2024-06-11 15:26:38,981 - INFO - Best fit parameters: [0.82367996 0.32183687].
2024-06-11 15:26:39,012 - INFO - Maximum log composite likelihood: -56.924567612.
2024-06-11 15:26:39,012 - INFO - Optimal value of theta: 7779.41348665.
2024-06-11 15:26:39,012 - INFO - Beginning optimization with guess, [0.8596352  0.00676093].
2024-06-11 15:26:40,337 - INFO - Finished optimization with guess, [0.8596352  0.00676093].
2024-06-11 15:26:40,337 - INFO - Best fit parameters: [0.48996624 0.03796979].
2024-06-11 15:26:40,361 - INFO - Maximum log composite likelihood: -34.9578519367.
2024-06-11 15:26:40,362 - INFO - Optimal value of theta: 7729.10462182.
2024-06-11 15:26:40,362 - INFO - Beginning optimization with guess, [0.75387666 0.00854967].
2024-06-11 15:26:41,568 - INFO - Finished optimization with guess, [0.75387666 0.00854967].
2024-06-11 15:26:41,568 - INFO - Best fit parameters: [0.46241991 0.03287248].
2024-06-11 15:26:41,592 - INFO - Maximum log composite likelihood: -34.9073297782.
2024-06-11 15:26:41,592 - INFO - Optimal value of theta: 7718.10917946.
2024-06-11 15:26:41,593 - INFO - Beginning optimization with guess, [0.70707498 0.01148295].
2024-06-11 15:26:42,792 - INFO - Finished optimization with guess, [0.70707498 0.01148295].
2024-06-11 15:26:42,792 - INFO - Best fit parameters: [0.51546227 0.04477261].
2024-06-11 15:26:42,817 - INFO - Maximum log composite likelihood: -35.0110508576.
2024-06-11 15:26:42,817 - INFO - Optimal value of theta: 7754.16263074.
2024-06-11 15:26:42,817 - INFO - Beginning optimization with guess, [1.96258075 0.00513538].
2024-06-11 15:26:45,219 - INFO - Finished optimization with guess, [1.96258075 0.00513538].
2024-06-11 15:26:45,220 - INFO - Best fit parameters: [0.59087632 0.06828933].
2024-06-11 15:26:45,246 - INFO - Maximum log composite likelihood: -35.7975191275.
2024-06-11 15:26:45,246 - INFO - Optimal value of theta: 7790.01155735.
2024-06-11 15:26:45,246 - INFO - Beginning optimization with guess, [0.77252294 0.00578344].
2024-06-11 15:26:46,515 - INFO - Finished optimization with guess, [0.77252294 0.00578344].
2024-06-11 15:26:46,515 - INFO - Best fit parameters: [0.4588723  0.03361909].
2024-06-11 15:26:46,540 - INFO - Maximum log composite likelihood: -34.802741836.
2024-06-11 15:26:46,541 - INFO - Optimal value of theta: 7736.51534493.
2024-06-11 15:26:46,541 - INFO - Beginning optimization with guess, [2.19738734 0.0100714 ].
2024-06-11 15:26:47,795 - INFO - Finished optimization with guess, [2.19738734 0.0100714 ].
2024-06-11 15:26:47,796 - INFO - Best fit parameters: [0.66217201 0.10276575].
2024-06-11 15:26:47,823 - INFO - Maximum log composite likelihood: -37.6948410814.
2024-06-11 15:26:47,823 - INFO - Optimal value of theta: 7809.51345131.
2024-06-11 15:26:47,823 - INFO - Beginning optimization with guess, [1.25243146 0.00690316].
2024-06-11 15:26:52,000 - INFO - Finished optimization with guess, [1.25243146 0.00690316].
2024-06-11 15:26:52,000 - INFO - Best fit parameters: [0.77865766 0.10754603].
2024-06-11 15:26:52,025 - INFO - Maximum log composite likelihood: -51.9450150008.
2024-06-11 15:26:52,025 - INFO - Optimal value of theta: 7549.30950836.
2024-06-11 15:26:52,026 - INFO - Beginning optimization with guess, [2.20204995 0.01434017].
2024-06-11 15:26:53,242 - INFO - Finished optimization with guess, [2.20204995 0.01434017].
2024-06-11 15:26:53,243 - INFO - Best fit parameters: [0.53797883 0.05262443].
2024-06-11 15:26:53,267 - INFO - Maximum log composite likelihood: -35.2070759358.
2024-06-11 15:26:53,268 - INFO - Optimal value of theta: 7784.19103548.
2024-06-11 15:26:53,268 - INFO - Beginning optimization with guess, [2.97175012 0.00793228].
2024-06-11 15:26:55,562 - INFO - Finished optimization with guess, [2.97175012 0.00793228].
2024-06-11 15:26:55,562 - INFO - Best fit parameters: [0.46097623 0.03577306].
2024-06-11 15:26:55,588 - INFO - Maximum log composite likelihood: -34.86037442.
2024-06-11 15:26:55,588 - INFO - Optimal value of theta: 7763.03031214.
2024-06-11 15:26:55,588 - INFO - Beginning optimization with guess, [3.20624469 0.011994  ].
2024-06-11 15:26:56,921 - INFO - Finished optimization with guess, [3.20624469 0.011994  ].
2024-06-11 15:26:56,921 - INFO - Best fit parameters: [0.50021779 0.03818422].
2024-06-11 15:26:56,947 - INFO - Maximum log composite likelihood: -35.2100979748.
2024-06-11 15:26:56,947 - INFO - Optimal value of theta: 7710.36629339.
2024-06-11 15:26:56,947 - INFO - Beginning optimization with guess, [3.89012891 0.00856992].
2024-06-11 15:26:58,272 - INFO - Finished optimization with guess, [3.89012891 0.00856992].
2024-06-11 15:26:58,273 - INFO - Best fit parameters: [0.46999636 0.03866293].
2024-06-11 15:26:58,344 - INFO - Maximum log composite likelihood: -35.0235504326.
2024-06-11 15:26:58,345 - INFO - Optimal value of theta: 7782.64810543.
2024-06-11 15:26:58,345 - INFO - Beginning optimization with guess, [2.42936032 0.01086189].
2024-06-11 15:26:59,655 - INFO - Finished optimization with guess, [2.42936032 0.01086189].
2024-06-11 15:26:59,655 - INFO - Best fit parameters: [0.49512468 0.03849328].
2024-06-11 15:26:59,680 - INFO - Maximum log composite likelihood: -35.0202704868.
2024-06-11 15:26:59,681 - INFO - Optimal value of theta: 7724.75741935.
2024-06-11 15:26:59,681 - INFO - Beginning optimization with guess, [3.37142564 0.00753943].
2024-06-11 15:27:00,952 - INFO - Finished optimization with guess, [3.37142564 0.00753943].
2024-06-11 15:27:00,953 - INFO - Best fit parameters: [0.47452769 0.03487246].
2024-06-11 15:27:00,978 - INFO - Maximum log composite likelihood: -34.9380802175.
2024-06-11 15:27:00,979 - INFO - Optimal value of theta: 7720.93143172.
2024-06-11 15:27:00,979 - INFO - Beginning optimization with guess, [6.64157000e+00 6.46683246e-03].
2024-06-11 15:27:02,178 - INFO - Finished optimization with guess, [6.64157000e+00 6.46683246e-03].
2024-06-11 15:27:02,178 - INFO - Best fit parameters: [0.42540535 0.02973401].
2024-06-11 15:27:02,202 - INFO - Maximum log composite likelihood: -34.7853200943.
2024-06-11 15:27:02,203 - INFO - Optimal value of theta: 7748.88664056.
2024-06-11 15:27:02,203 - INFO - Beginning optimization with guess, [2.82032121 0.0113094 ].
2024-06-11 15:27:03,381 - INFO - Finished optimization with guess, [2.82032121 0.0113094 ].
2024-06-11 15:27:03,381 - INFO - Best fit parameters: [0.43248915 0.02993422].
2024-06-11 15:27:03,405 - INFO - Maximum log composite likelihood: -34.7576077175.
2024-06-11 15:27:03,405 - INFO - Optimal value of theta: 7736.5539398.
2024-06-11 15:27:03,406 - INFO - Beginning optimization with guess, [4.55139241 0.01795103].
2024-06-11 15:27:04,518 - INFO - Finished optimization with guess, [4.55139241 0.01795103].
2024-06-11 15:27:04,518 - INFO - Best fit parameters: [0.46127021 0.03309993].
2024-06-11 15:27:04,543 - INFO - Maximum log composite likelihood: -34.862642151.
2024-06-11 15:27:04,543 - INFO - Optimal value of theta: 7723.792776.
2024-06-11 15:27:04,543 - INFO - Beginning optimization with guess, [4.18909817 0.00803585].
2024-06-11 15:27:05,707 - INFO - Finished optimization with guess, [4.18909817 0.00803585].
2024-06-11 15:27:05,708 - INFO - Best fit parameters: [0.54202392 0.04705134].
2024-06-11 15:27:05,732 - INFO - Maximum log composite likelihood: -35.4796087692.
2024-06-11 15:27:05,733 - INFO - Optimal value of theta: 7720.54994462.
2024-06-11 15:27:05,735 - INFO - Finished demographic inference.
2024-06-11 15:27:05,735 - INFO - Pipeline executed succesfully.
