2024-06-11 15:27:30,517 - INFO - Beginning execution of fit_one_epoch.py in directory /u/project/ngarud/jonmah/demo_for_ccgb/Scripts

2024-06-11 15:27:30,518 - INFO - Progress is being logged to ../SupplementaryAnalysis/Bacteroides_coprocola_61586/log.log

2024-06-11 15:27:30,518 - INFO - Parsed the following arguments:
	mask_doubletons = False
	syn_input_sfs = ../SupplementaryAnalysis/Bacteroides_coprocola_61586/core_empirical_syn_downsampled_sfs.txt
	mask_singletons = False
	outprefix = ../SupplementaryAnalysis/Bacteroides_coprocola_61586/

2024-06-11 15:27:30,520 - INFO - Beginning demographic inference for one-epoch demographic model.
2024-06-11 15:27:30,522 - INFO - Beginning optimization with guess, [0.07754554].
2024-06-11 15:27:31,933 - INFO - Finished optimization with guess, [0.07754554].
2024-06-11 15:27:31,933 - INFO - Best fit parameters: [0.07754554].
2024-06-11 15:27:31,973 - INFO - Maximum log composite likelihood: -182.83209747.
2024-06-11 15:27:31,973 - INFO - Optimal value of theta: 7428.31703862.
2024-06-11 15:27:31,974 - INFO - Beginning optimization with guess, [0.10749162].
2024-06-11 15:27:33,374 - INFO - Finished optimization with guess, [0.10749162].
2024-06-11 15:27:33,374 - INFO - Best fit parameters: [0.10749162].
2024-06-11 15:27:33,414 - INFO - Maximum log composite likelihood: -182.83209747.
2024-06-11 15:27:33,415 - INFO - Optimal value of theta: 7428.31703862.
2024-06-11 15:27:33,415 - INFO - Beginning optimization with guess, [0.53659445].
2024-06-11 15:27:34,577 - INFO - Finished optimization with guess, [0.53659445].
2024-06-11 15:27:34,578 - INFO - Best fit parameters: [0.53659445].
2024-06-11 15:27:34,620 - INFO - Maximum log composite likelihood: -182.83209747.
2024-06-11 15:27:34,620 - INFO - Optimal value of theta: 7428.31703862.
2024-06-11 15:27:34,620 - INFO - Beginning optimization with guess, [0.26329615].
2024-06-11 15:27:35,907 - INFO - Finished optimization with guess, [0.26329615].
2024-06-11 15:27:35,907 - INFO - Best fit parameters: [0.26329615].
2024-06-11 15:27:35,947 - INFO - Maximum log composite likelihood: -182.83209747.
2024-06-11 15:27:35,948 - INFO - Optimal value of theta: 7428.31703862.
2024-06-11 15:27:35,948 - INFO - Beginning optimization with guess, [0.81299638].
2024-06-11 15:27:36,871 - INFO - Finished optimization with guess, [0.81299638].
2024-06-11 15:27:36,871 - INFO - Best fit parameters: [0.81299638].
2024-06-11 15:27:36,911 - INFO - Maximum log composite likelihood: -182.83209747.
2024-06-11 15:27:36,912 - INFO - Optimal value of theta: 7428.31703862.
2024-06-11 15:27:36,912 - INFO - Beginning optimization with guess, [0.86481683].
2024-06-11 15:27:37,832 - INFO - Finished optimization with guess, [0.86481683].
2024-06-11 15:27:37,832 - INFO - Best fit parameters: [0.86481683].
2024-06-11 15:27:37,872 - INFO - Maximum log composite likelihood: -182.83209747.
2024-06-11 15:27:37,873 - INFO - Optimal value of theta: 7428.31703862.
2024-06-11 15:27:37,873 - INFO - Beginning optimization with guess, [0.47986393].
2024-06-11 15:27:39,035 - INFO - Finished optimization with guess, [0.47986393].
2024-06-11 15:27:39,036 - INFO - Best fit parameters: [0.47986393].
2024-06-11 15:27:39,077 - INFO - Maximum log composite likelihood: -182.83209747.
2024-06-11 15:27:39,078 - INFO - Optimal value of theta: 7428.31703862.
2024-06-11 15:27:39,078 - INFO - Beginning optimization with guess, [1.33599746].
2024-06-11 15:27:40,120 - INFO - Finished optimization with guess, [1.33599746].
2024-06-11 15:27:40,120 - INFO - Best fit parameters: [1.33599746].
2024-06-11 15:27:40,160 - INFO - Maximum log composite likelihood: -182.83209747.
2024-06-11 15:27:40,161 - INFO - Optimal value of theta: 7428.31703862.
2024-06-11 15:27:40,161 - INFO - Beginning optimization with guess, [0.58081064].
2024-06-11 15:27:41,321 - INFO - Finished optimization with guess, [0.58081064].
2024-06-11 15:27:41,322 - INFO - Best fit parameters: [0.58081064].
2024-06-11 15:27:41,362 - INFO - Maximum log composite likelihood: -182.83209747.
2024-06-11 15:27:41,362 - INFO - Optimal value of theta: 7428.31703862.
2024-06-11 15:27:41,362 - INFO - Beginning optimization with guess, [1.40964532].
2024-06-11 15:27:42,405 - INFO - Finished optimization with guess, [1.40964532].
2024-06-11 15:27:42,405 - INFO - Best fit parameters: [1.40964532].
2024-06-11 15:27:42,445 - INFO - Maximum log composite likelihood: -182.83209747.
2024-06-11 15:27:42,446 - INFO - Optimal value of theta: 7428.31703862.
2024-06-11 15:27:42,446 - INFO - Beginning optimization with guess, [1.75600563].
2024-06-11 15:27:43,606 - INFO - Finished optimization with guess, [1.75600563].
2024-06-11 15:27:43,606 - INFO - Best fit parameters: [1.75600563].
2024-06-11 15:27:43,646 - INFO - Maximum log composite likelihood: -182.83209747.
2024-06-11 15:27:43,646 - INFO - Optimal value of theta: 7428.31703862.
2024-06-11 15:27:43,647 - INFO - Beginning optimization with guess, [1.41827353].
2024-06-11 15:27:44,688 - INFO - Finished optimization with guess, [1.41827353].
2024-06-11 15:27:44,689 - INFO - Best fit parameters: [1.41827353].
2024-06-11 15:27:44,729 - INFO - Maximum log composite likelihood: -182.83209747.
2024-06-11 15:27:44,729 - INFO - Optimal value of theta: 7428.31703862.
2024-06-11 15:27:44,729 - INFO - Beginning optimization with guess, [3.0304773].
2024-06-11 15:27:46,012 - INFO - Finished optimization with guess, [3.0304773].
2024-06-11 15:27:46,012 - INFO - Best fit parameters: [3.0304773].
2024-06-11 15:27:46,053 - INFO - Maximum log composite likelihood: -182.83209747.
2024-06-11 15:27:46,053 - INFO - Optimal value of theta: 7428.31703862.
2024-06-11 15:27:46,053 - INFO - Beginning optimization with guess, [3.9077629].
2024-06-11 15:27:47,333 - INFO - Finished optimization with guess, [3.9077629].
2024-06-11 15:27:47,333 - INFO - Best fit parameters: [3.9077629].
2024-06-11 15:27:47,373 - INFO - Maximum log composite likelihood: -182.83209747.
2024-06-11 15:27:47,373 - INFO - Optimal value of theta: 7428.31703862.
2024-06-11 15:27:47,374 - INFO - Beginning optimization with guess, [1.20556102].
2024-06-11 15:27:48,294 - INFO - Finished optimization with guess, [1.20556102].
2024-06-11 15:27:48,294 - INFO - Best fit parameters: [1.20556102].
2024-06-11 15:27:48,334 - INFO - Maximum log composite likelihood: -182.83209747.
2024-06-11 15:27:48,334 - INFO - Optimal value of theta: 7428.31703862.
2024-06-11 15:27:48,335 - INFO - Beginning optimization with guess, [1.51252152].
2024-06-11 15:27:49,374 - INFO - Finished optimization with guess, [1.51252152].
2024-06-11 15:27:49,375 - INFO - Best fit parameters: [1.51252152].
2024-06-11 15:27:49,415 - INFO - Maximum log composite likelihood: -182.83209747.
2024-06-11 15:27:49,415 - INFO - Optimal value of theta: 7428.31703862.
2024-06-11 15:27:49,416 - INFO - Beginning optimization with guess, [3.257716].
2024-06-11 15:27:50,704 - INFO - Finished optimization with guess, [3.257716].
2024-06-11 15:27:50,705 - INFO - Best fit parameters: [3.257716].
2024-06-11 15:27:50,745 - INFO - Maximum log composite likelihood: -182.83209747.
2024-06-11 15:27:50,746 - INFO - Optimal value of theta: 7428.31703862.
2024-06-11 15:27:50,746 - INFO - Beginning optimization with guess, [5.77203696].
2024-06-11 15:27:52,028 - INFO - Finished optimization with guess, [5.77203696].
2024-06-11 15:27:52,028 - INFO - Best fit parameters: [5.77203696].
2024-06-11 15:27:52,068 - INFO - Maximum log composite likelihood: -182.83209747.
2024-06-11 15:27:52,068 - INFO - Optimal value of theta: 7428.31703862.
2024-06-11 15:27:52,068 - INFO - Beginning optimization with guess, [6.26149066].
2024-06-11 15:27:53,349 - INFO - Finished optimization with guess, [6.26149066].
2024-06-11 15:27:53,349 - INFO - Best fit parameters: [6.26149066].
2024-06-11 15:27:53,389 - INFO - Maximum log composite likelihood: -182.83209747.
2024-06-11 15:27:53,390 - INFO - Optimal value of theta: 7428.31703862.
2024-06-11 15:27:53,390 - INFO - Beginning optimization with guess, [3.34146183].
2024-06-11 15:27:54,670 - INFO - Finished optimization with guess, [3.34146183].
2024-06-11 15:27:54,671 - INFO - Best fit parameters: [3.34146183].
2024-06-11 15:27:54,711 - INFO - Maximum log composite likelihood: -182.83209747.
2024-06-11 15:27:54,711 - INFO - Optimal value of theta: 7428.31703862.
2024-06-11 15:27:54,711 - INFO - Beginning optimization with guess, [4.77518443].
2024-06-11 15:27:55,993 - INFO - Finished optimization with guess, [4.77518443].
2024-06-11 15:27:55,993 - INFO - Best fit parameters: [4.77518443].
2024-06-11 15:27:56,033 - INFO - Maximum log composite likelihood: -182.83209747.
2024-06-11 15:27:56,034 - INFO - Optimal value of theta: 7428.31703862.
2024-06-11 15:27:56,034 - INFO - Beginning optimization with guess, [2.66228843].
2024-06-11 15:27:57,193 - INFO - Finished optimization with guess, [2.66228843].
2024-06-11 15:27:57,193 - INFO - Best fit parameters: [2.66228843].
2024-06-11 15:27:57,233 - INFO - Maximum log composite likelihood: -182.83209747.
2024-06-11 15:27:57,234 - INFO - Optimal value of theta: 7428.31703862.
2024-06-11 15:27:57,234 - INFO - Beginning optimization with guess, [10.43933788].
2024-06-11 15:27:58,632 - INFO - Finished optimization with guess, [10.43933788].
2024-06-11 15:27:58,632 - INFO - Best fit parameters: [10.43933788].
2024-06-11 15:27:58,672 - INFO - Maximum log composite likelihood: -182.83209747.
2024-06-11 15:27:58,673 - INFO - Optimal value of theta: 7428.31703862.
2024-06-11 15:27:58,673 - INFO - Beginning optimization with guess, [4.09161386].
2024-06-11 15:27:59,958 - INFO - Finished optimization with guess, [4.09161386].
2024-06-11 15:27:59,958 - INFO - Best fit parameters: [4.09161386].
2024-06-11 15:27:59,998 - INFO - Maximum log composite likelihood: -182.83209747.
2024-06-11 15:27:59,999 - INFO - Optimal value of theta: 7428.31703862.
2024-06-11 15:28:00,002 - INFO - Beginning demographic inference for two-epoch demographic model.
2024-06-11 15:28:00,005 - INFO - Beginning optimization with guess, [0.07709305 0.00622419].
2024-06-11 15:28:03,388 - INFO - Finished optimization with guess, [0.07709305 0.00622419].
2024-06-11 15:28:03,389 - INFO - Best fit parameters: [1.94099026 0.13830729].
2024-06-11 15:28:03,433 - INFO - Maximum log composite likelihood: -34.0948214115.
2024-06-11 15:28:03,433 - INFO - Optimal value of theta: 6629.75566804.
2024-06-11 15:28:03,433 - INFO - Beginning optimization with guess, [0.30167753 0.01386599].
2024-06-11 15:28:08,074 - INFO - Finished optimization with guess, [0.30167753 0.01386599].
2024-06-11 15:28:08,075 - INFO - Best fit parameters: [1.91412845 0.13819082].
2024-06-11 15:28:08,120 - INFO - Maximum log composite likelihood: -34.1178144698.
2024-06-11 15:28:08,120 - INFO - Optimal value of theta: 6642.54361408.
2024-06-11 15:28:08,120 - INFO - Beginning optimization with guess, [0.37019914 0.00982038].
2024-06-11 15:28:13,770 - INFO - Finished optimization with guess, [0.37019914 0.00982038].
2024-06-11 15:28:13,771 - INFO - Best fit parameters: [1.78707541 0.1784519 ].
2024-06-11 15:28:13,815 - INFO - Maximum log composite likelihood: -34.6211817593.
2024-06-11 15:28:13,816 - INFO - Optimal value of theta: 6558.58744755.
2024-06-11 15:28:13,816 - INFO - Beginning optimization with guess, [0.66850881 0.00914632].
2024-06-11 15:28:20,016 - INFO - Finished optimization with guess, [0.66850881 0.00914632].
2024-06-11 15:28:20,016 - INFO - Best fit parameters: [1.73965773 0.26374895].
2024-06-11 15:28:20,063 - INFO - Maximum log composite likelihood: -39.5552403323.
2024-06-11 15:28:20,063 - INFO - Optimal value of theta: 6342.00348251.
2024-06-11 15:28:20,064 - INFO - Beginning optimization with guess, [0.73458683 0.00614274].
2024-06-11 15:28:28,462 - INFO - Finished optimization with guess, [0.73458683 0.00614274].
2024-06-11 15:28:28,463 - INFO - Best fit parameters: [1.45956925 0.14857481].
2024-06-11 15:28:28,507 - INFO - Maximum log composite likelihood: -54.8123262935.
2024-06-11 15:28:28,508 - INFO - Optimal value of theta: 6886.87977767.
2024-06-11 15:28:28,508 - INFO - Beginning optimization with guess, [0.7023591  0.00755842].
2024-06-11 15:28:35,771 - INFO - Finished optimization with guess, [0.7023591  0.00755842].
2024-06-11 15:28:35,772 - INFO - Best fit parameters: [1.54209476 0.16057119].
2024-06-11 15:28:35,817 - INFO - Maximum log composite likelihood: -44.6236759532.
2024-06-11 15:28:35,817 - INFO - Optimal value of theta: 6787.56614308.
2024-06-11 15:28:35,817 - INFO - Beginning optimization with guess, [0.41100399 0.01127831].
2024-06-11 15:28:41,051 - INFO - Finished optimization with guess, [0.41100399 0.01127831].
2024-06-11 15:28:41,055 - INFO - Best fit parameters: [1.92633573 0.13355909].
2024-06-11 15:28:41,099 - INFO - Maximum log composite likelihood: -34.18088859.
2024-06-11 15:28:41,100 - INFO - Optimal value of theta: 6656.83362036.
2024-06-11 15:28:41,100 - INFO - Beginning optimization with guess, [1.52037013 0.00859333].
2024-06-11 15:28:43,225 - INFO - Finished optimization with guess, [1.52037013 0.00859333].
2024-06-11 15:28:43,226 - INFO - Best fit parameters: [1.92416653 0.14003923].
2024-06-11 15:28:43,270 - INFO - Maximum log composite likelihood: -34.0895588136.
2024-06-11 15:28:43,270 - INFO - Optimal value of theta: 6630.03234898.
2024-06-11 15:28:43,271 - INFO - Beginning optimization with guess, [0.56202739 0.00866216].
2024-06-11 15:28:49,568 - INFO - Finished optimization with guess, [0.56202739 0.00866216].
2024-06-11 15:28:49,569 - INFO - Best fit parameters: [1.66986301 0.22792184].
2024-06-11 15:28:49,616 - INFO - Maximum log composite likelihood: -36.2655747894.
2024-06-11 15:28:49,616 - INFO - Optimal value of theta: 6495.85687848.
2024-06-11 15:28:49,616 - INFO - Beginning optimization with guess, [0.76904469 0.00764528].
2024-06-11 15:28:56,889 - INFO - Finished optimization with guess, [0.76904469 0.00764528].
2024-06-11 15:28:56,889 - INFO - Best fit parameters: [1.37980561 0.1612596 ].
2024-06-11 15:28:56,934 - INFO - Maximum log composite likelihood: -63.3166865469.
2024-06-11 15:28:56,935 - INFO - Optimal value of theta: 6927.090833.
2024-06-11 15:28:56,935 - INFO - Beginning optimization with guess, [1.74088451 0.01997129].
2024-06-11 15:28:58,908 - INFO - Finished optimization with guess, [1.74088451 0.01997129].
2024-06-11 15:28:58,909 - INFO - Best fit parameters: [1.93187938 0.13909328].
2024-06-11 15:28:58,953 - INFO - Maximum log composite likelihood: -34.0903345625.
2024-06-11 15:28:58,953 - INFO - Optimal value of theta: 6630.55898118.
2024-06-11 15:28:58,953 - INFO - Beginning optimization with guess, [1.63549623 0.01127664].
2024-06-11 15:29:00,986 - INFO - Finished optimization with guess, [1.63549623 0.01127664].
2024-06-11 15:29:00,986 - INFO - Best fit parameters: [1.9196025  0.14066007].
2024-06-11 15:29:01,030 - INFO - Maximum log composite likelihood: -34.0898603674.
2024-06-11 15:29:01,030 - INFO - Optimal value of theta: 6629.50912069.
2024-06-11 15:29:01,030 - INFO - Beginning optimization with guess, [1.58364522 0.01670986].
2024-06-11 15:29:03,084 - INFO - Finished optimization with guess, [1.58364522 0.01670986].
2024-06-11 15:29:03,085 - INFO - Best fit parameters: [1.92515994 0.13989225].
2024-06-11 15:29:03,128 - INFO - Maximum log composite likelihood: -34.0895609582.
2024-06-11 15:29:03,129 - INFO - Optimal value of theta: 6630.20191345.
2024-06-11 15:29:03,129 - INFO - Beginning optimization with guess, [2.06710893 0.01454053].
2024-06-11 15:29:05,131 - INFO - Finished optimization with guess, [2.06710893 0.01454053].
2024-06-11 15:29:05,132 - INFO - Best fit parameters: [1.90039727 0.14378168].
2024-06-11 15:29:05,175 - INFO - Maximum log composite likelihood: -34.0974093207.
2024-06-11 15:29:05,176 - INFO - Optimal value of theta: 6625.63861623.
2024-06-11 15:29:05,176 - INFO - Beginning optimization with guess, [1.94143378 0.0086205 ].
2024-06-11 15:29:07,213 - INFO - Finished optimization with guess, [1.94143378 0.0086205 ].
2024-06-11 15:29:07,213 - INFO - Best fit parameters: [1.93181822 0.14458318].
2024-06-11 15:29:07,257 - INFO - Maximum log composite likelihood: -34.1675441872.
2024-06-11 15:29:07,258 - INFO - Optimal value of theta: 6607.29930439.
2024-06-11 15:29:07,258 - INFO - Beginning optimization with guess, [2.16292193 0.0074113 ].
2024-06-11 15:29:09,286 - INFO - Finished optimization with guess, [2.16292193 0.0074113 ].
2024-06-11 15:29:09,287 - INFO - Best fit parameters: [1.94842571 0.13711417].
2024-06-11 15:29:09,330 - INFO - Maximum log composite likelihood: -34.098228151.
2024-06-11 15:29:09,331 - INFO - Optimal value of theta: 6631.56251319.
2024-06-11 15:29:09,331 - INFO - Beginning optimization with guess, [4.30709333 0.01486163].
2024-06-11 15:29:11,378 - INFO - Finished optimization with guess, [4.30709333 0.01486163].
2024-06-11 15:29:11,379 - INFO - Best fit parameters: [1.89298658 0.13197524].
2024-06-11 15:29:11,423 - INFO - Maximum log composite likelihood: -34.4958196684.
2024-06-11 15:29:11,423 - INFO - Optimal value of theta: 6678.68810021.
2024-06-11 15:29:11,424 - INFO - Beginning optimization with guess, [3.34328708 0.00652752].
2024-06-11 15:29:13,287 - INFO - Finished optimization with guess, [3.34328708 0.00652752].
2024-06-11 15:29:13,287 - INFO - Best fit parameters: [2.92520781 0.07457204].
2024-06-11 15:29:13,329 - INFO - Maximum log composite likelihood: -36.7810160319.
2024-06-11 15:29:13,329 - INFO - Optimal value of theta: 6759.20374002.
2024-06-11 15:29:13,330 - INFO - Beginning optimization with guess, [1.94277387 0.00733593].
2024-06-11 15:29:15,369 - INFO - Finished optimization with guess, [1.94277387 0.00733593].
2024-06-11 15:29:15,370 - INFO - Best fit parameters: [1.93603578 0.14008069].
2024-06-11 15:29:15,414 - INFO - Maximum log composite likelihood: -34.0998225541.
2024-06-11 15:29:15,414 - INFO - Optimal value of theta: 6624.42064731.
2024-06-11 15:29:15,414 - INFO - Beginning optimization with guess, [5.55353554 0.01203536].
2024-06-11 15:29:17,400 - INFO - Finished optimization with guess, [5.55353554 0.01203536].
2024-06-11 15:29:17,401 - INFO - Best fit parameters: [3.07475905 0.07292291].
2024-06-11 15:29:17,442 - INFO - Maximum log composite likelihood: -36.9928893182.
2024-06-11 15:29:17,443 - INFO - Optimal value of theta: 6754.76062581.
2024-06-11 15:29:17,443 - INFO - Beginning optimization with guess, [3.22674342 0.00738111].
2024-06-11 15:29:19,433 - INFO - Finished optimization with guess, [3.22674342 0.00738111].
2024-06-11 15:29:19,434 - INFO - Best fit parameters: [2.67580123 0.0797835 ].
2024-06-11 15:29:19,476 - INFO - Maximum log composite likelihood: -36.3035588006.
2024-06-11 15:29:19,476 - INFO - Optimal value of theta: 6755.5430881.
2024-06-11 15:29:19,477 - INFO - Beginning optimization with guess, [5.56843226 0.00588562].
2024-06-11 15:29:21,503 - INFO - Finished optimization with guess, [5.56843226 0.00588562].
2024-06-11 15:29:21,504 - INFO - Best fit parameters: [4.19254018 0.05767149].
2024-06-11 15:29:21,545 - INFO - Maximum log composite likelihood: -38.8242041325.
2024-06-11 15:29:21,546 - INFO - Optimal value of theta: 6804.79383047.
2024-06-11 15:29:21,546 - INFO - Beginning optimization with guess, [7.17735814 0.01119879].
2024-06-11 15:29:23,568 - INFO - Finished optimization with guess, [7.17735814 0.01119879].
2024-06-11 15:29:23,569 - INFO - Best fit parameters: [3.76416366 0.0630255 ].
2024-06-11 15:29:23,611 - INFO - Maximum log composite likelihood: -38.125958104.
2024-06-11 15:29:23,611 - INFO - Optimal value of theta: 6779.55779902.
2024-06-11 15:29:23,612 - INFO - Beginning optimization with guess, [12.27449394  0.01974144].
2024-06-11 15:29:25,561 - INFO - Finished optimization with guess, [12.27449394  0.01974144].
2024-06-11 15:29:25,561 - INFO - Best fit parameters: [2.6180804  0.07727958].
2024-06-11 15:29:25,603 - INFO - Maximum log composite likelihood: -36.8056305091.
2024-06-11 15:29:25,604 - INFO - Optimal value of theta: 6782.17690151.
2024-06-11 15:29:25,607 - INFO - Finished demographic inference.
2024-06-11 15:29:25,607 - INFO - Pipeline executed succesfully.
