2023-02-17 16:19:55,601 - INFO - Beginning execution of fit_one_epoch.py in directory /u/project/ngarud/jonmah/demo_for_ccgb/Scripts

2023-02-17 16:19:55,602 - INFO - Progress is being logged to ../Analysis/Bacteroides_vulgatus_57955_downsampled_10/log.log

2023-02-17 16:19:55,602 - INFO - Parsed the following arguments:
	syn_input_sfs = ../Analysis/Bacteroides_vulgatus_57955_downsampled_10/empirical_sfs.txt
	mask_singletons = False
	mask_doubletons = False
	outprefix = ../Analysis/Bacteroides_vulgatus_57955_downsampled_10/

2023-02-17 16:19:55,610 - INFO - Beginning demographic inference for one-epoch demographic model.
2023-02-17 16:19:55,613 - INFO - Beginning optimization with guess, [0.09542578].
2023-02-17 16:19:55,680 - INFO - Finished optimization with guess, [0.09542578].
2023-02-17 16:19:55,680 - INFO - Best fit parameters: [0.09542578].
2023-02-17 16:19:55,712 - INFO - Maximum log composite likelihood: -23.829172435319833.
2023-02-17 16:19:55,713 - INFO - Optimal value of theta: 2533.7826063713246.
2023-02-17 16:19:55,713 - INFO - Beginning optimization with guess, [0.17092154].
2023-02-17 16:19:55,778 - INFO - Finished optimization with guess, [0.17092154].
2023-02-17 16:19:55,779 - INFO - Best fit parameters: [0.17092154].
2023-02-17 16:19:55,811 - INFO - Maximum log composite likelihood: -23.829172435319833.
2023-02-17 16:19:55,811 - INFO - Optimal value of theta: 2533.7826063713246.
2023-02-17 16:19:55,812 - INFO - Beginning optimization with guess, [0.32270875].
2023-02-17 16:19:55,877 - INFO - Finished optimization with guess, [0.32270875].
2023-02-17 16:19:55,877 - INFO - Best fit parameters: [0.32270875].
2023-02-17 16:19:55,910 - INFO - Maximum log composite likelihood: -23.829172435319833.
2023-02-17 16:19:55,911 - INFO - Optimal value of theta: 2533.7826063713246.
2023-02-17 16:19:55,911 - INFO - Beginning optimization with guess, [0.25669631].
2023-02-17 16:19:55,983 - INFO - Finished optimization with guess, [0.25669631].
2023-02-17 16:19:55,984 - INFO - Best fit parameters: [0.25669631].
2023-02-17 16:19:56,016 - INFO - Maximum log composite likelihood: -23.829172435319833.
2023-02-17 16:19:56,016 - INFO - Optimal value of theta: 2533.7826063713246.
2023-02-17 16:19:56,017 - INFO - Beginning optimization with guess, [0.42897848].
2023-02-17 16:19:56,080 - INFO - Finished optimization with guess, [0.42897848].
2023-02-17 16:19:56,080 - INFO - Best fit parameters: [0.42897848].
2023-02-17 16:19:56,115 - INFO - Maximum log composite likelihood: -23.829172435319833.
2023-02-17 16:19:56,115 - INFO - Optimal value of theta: 2533.7826063713246.
2023-02-17 16:19:56,115 - INFO - Beginning optimization with guess, [0.41976568].
2023-02-17 16:19:56,179 - INFO - Finished optimization with guess, [0.41976568].
2023-02-17 16:19:56,180 - INFO - Best fit parameters: [0.41976568].
2023-02-17 16:19:56,209 - INFO - Maximum log composite likelihood: -23.829172435319833.
2023-02-17 16:19:56,210 - INFO - Optimal value of theta: 2533.7826063713246.
2023-02-17 16:19:56,210 - INFO - Beginning optimization with guess, [0.91321152].
2023-02-17 16:19:56,273 - INFO - Finished optimization with guess, [0.91321152].
2023-02-17 16:19:56,274 - INFO - Best fit parameters: [0.91321152].
2023-02-17 16:19:56,304 - INFO - Maximum log composite likelihood: -23.829172435319833.
2023-02-17 16:19:56,305 - INFO - Optimal value of theta: 2533.7826063713246.
2023-02-17 16:19:56,305 - INFO - Beginning optimization with guess, [0.88283461].
2023-02-17 16:19:56,365 - INFO - Finished optimization with guess, [0.88283461].
2023-02-17 16:19:56,365 - INFO - Best fit parameters: [0.88283461].
2023-02-17 16:19:56,395 - INFO - Maximum log composite likelihood: -23.829172435319833.
2023-02-17 16:19:56,395 - INFO - Optimal value of theta: 2533.7826063713246.
2023-02-17 16:19:56,396 - INFO - Beginning optimization with guess, [1.73397701].
2023-02-17 16:19:56,457 - INFO - Finished optimization with guess, [1.73397701].
2023-02-17 16:19:56,457 - INFO - Best fit parameters: [1.73397701].
2023-02-17 16:19:56,490 - INFO - Maximum log composite likelihood: -23.829172435319833.
2023-02-17 16:19:56,491 - INFO - Optimal value of theta: 2533.7826063713246.
2023-02-17 16:19:56,491 - INFO - Beginning optimization with guess, [0.53863321].
2023-02-17 16:19:56,552 - INFO - Finished optimization with guess, [0.53863321].
2023-02-17 16:19:56,552 - INFO - Best fit parameters: [0.53863321].
2023-02-17 16:19:56,581 - INFO - Maximum log composite likelihood: -23.829172435319833.
2023-02-17 16:19:56,581 - INFO - Optimal value of theta: 2533.7826063713246.
2023-02-17 16:19:56,581 - INFO - Beginning optimization with guess, [0.74359704].
2023-02-17 16:19:56,641 - INFO - Finished optimization with guess, [0.74359704].
2023-02-17 16:19:56,642 - INFO - Best fit parameters: [0.74359704].
2023-02-17 16:19:56,673 - INFO - Maximum log composite likelihood: -23.829172435319833.
2023-02-17 16:19:56,673 - INFO - Optimal value of theta: 2533.7826063713246.
2023-02-17 16:19:56,673 - INFO - Beginning optimization with guess, [1.97133191].
2023-02-17 16:19:56,736 - INFO - Finished optimization with guess, [1.97133191].
2023-02-17 16:19:56,736 - INFO - Best fit parameters: [1.97133191].
2023-02-17 16:19:56,765 - INFO - Maximum log composite likelihood: -23.829172435319833.
2023-02-17 16:19:56,765 - INFO - Optimal value of theta: 2533.7826063713246.
2023-02-17 16:19:56,766 - INFO - Beginning optimization with guess, [1.39776672].
2023-02-17 16:19:56,824 - INFO - Finished optimization with guess, [1.39776672].
2023-02-17 16:19:56,824 - INFO - Best fit parameters: [1.39776672].
2023-02-17 16:19:56,853 - INFO - Maximum log composite likelihood: -23.829172435319833.
2023-02-17 16:19:56,854 - INFO - Optimal value of theta: 2533.7826063713246.
2023-02-17 16:19:56,854 - INFO - Beginning optimization with guess, [3.04715911].
2023-02-17 16:19:56,913 - INFO - Finished optimization with guess, [3.04715911].
2023-02-17 16:19:56,913 - INFO - Best fit parameters: [3.04715911].
2023-02-17 16:19:56,942 - INFO - Maximum log composite likelihood: -23.829172435319833.
2023-02-17 16:19:56,943 - INFO - Optimal value of theta: 2533.7826063713246.
2023-02-17 16:19:56,943 - INFO - Beginning optimization with guess, [1.35857528].
2023-02-17 16:19:57,001 - INFO - Finished optimization with guess, [1.35857528].
2023-02-17 16:19:57,002 - INFO - Best fit parameters: [1.35857528].
2023-02-17 16:19:57,030 - INFO - Maximum log composite likelihood: -23.829172435319833.
2023-02-17 16:19:57,031 - INFO - Optimal value of theta: 2533.7826063713246.
2023-02-17 16:19:57,031 - INFO - Beginning optimization with guess, [1.38035586].
2023-02-17 16:19:57,091 - INFO - Finished optimization with guess, [1.38035586].
2023-02-17 16:19:57,092 - INFO - Best fit parameters: [1.38035586].
2023-02-17 16:19:57,121 - INFO - Maximum log composite likelihood: -23.829172435319833.
2023-02-17 16:19:57,122 - INFO - Optimal value of theta: 2533.7826063713246.
2023-02-17 16:19:57,122 - INFO - Beginning optimization with guess, [3.32001339].
2023-02-17 16:19:57,181 - INFO - Finished optimization with guess, [3.32001339].
2023-02-17 16:19:57,182 - INFO - Best fit parameters: [3.32001339].
2023-02-17 16:19:57,210 - INFO - Maximum log composite likelihood: -23.829172435319833.
2023-02-17 16:19:57,211 - INFO - Optimal value of theta: 2533.7826063713246.
2023-02-17 16:19:57,211 - INFO - Beginning optimization with guess, [3.2224042].
2023-02-17 16:19:57,270 - INFO - Finished optimization with guess, [3.2224042].
2023-02-17 16:19:57,270 - INFO - Best fit parameters: [3.2224042].
2023-02-17 16:19:57,299 - INFO - Maximum log composite likelihood: -23.829172435319833.
2023-02-17 16:19:57,299 - INFO - Optimal value of theta: 2533.7826063713246.
2023-02-17 16:19:57,300 - INFO - Beginning optimization with guess, [2.17633855].
2023-02-17 16:19:57,358 - INFO - Finished optimization with guess, [2.17633855].
2023-02-17 16:19:57,358 - INFO - Best fit parameters: [2.17633855].
2023-02-17 16:19:57,388 - INFO - Maximum log composite likelihood: -23.829172435319833.
2023-02-17 16:19:57,389 - INFO - Optimal value of theta: 2533.7826063713246.
2023-02-17 16:19:57,389 - INFO - Beginning optimization with guess, [4.94711762].
2023-02-17 16:19:57,456 - INFO - Finished optimization with guess, [4.94711762].
2023-02-17 16:19:57,456 - INFO - Best fit parameters: [4.94711762].
2023-02-17 16:19:57,488 - INFO - Maximum log composite likelihood: -23.829172435319833.
2023-02-17 16:19:57,488 - INFO - Optimal value of theta: 2533.7826063713246.
2023-02-17 16:19:57,489 - INFO - Beginning optimization with guess, [6.54707041].
2023-02-17 16:19:57,552 - INFO - Finished optimization with guess, [6.54707041].
2023-02-17 16:19:57,552 - INFO - Best fit parameters: [6.54707041].
2023-02-17 16:19:57,581 - INFO - Maximum log composite likelihood: -23.829172435319833.
2023-02-17 16:19:57,581 - INFO - Optimal value of theta: 2533.7826063713246.
2023-02-17 16:19:57,582 - INFO - Beginning optimization with guess, [7.74776077].
2023-02-17 16:19:57,640 - INFO - Finished optimization with guess, [7.74776077].
2023-02-17 16:19:57,640 - INFO - Best fit parameters: [7.74776077].
2023-02-17 16:19:57,669 - INFO - Maximum log composite likelihood: -23.829172435319833.
2023-02-17 16:19:57,670 - INFO - Optimal value of theta: 2533.7826063713246.
2023-02-17 16:19:57,670 - INFO - Beginning optimization with guess, [3.69588986].
2023-02-17 16:19:57,728 - INFO - Finished optimization with guess, [3.69588986].
2023-02-17 16:19:57,728 - INFO - Best fit parameters: [3.69588986].
2023-02-17 16:19:57,757 - INFO - Maximum log composite likelihood: -23.829172435319833.
2023-02-17 16:19:57,758 - INFO - Optimal value of theta: 2533.7826063713246.
2023-02-17 16:19:57,758 - INFO - Beginning optimization with guess, [10.14187729].
2023-02-17 16:19:57,818 - INFO - Finished optimization with guess, [10.14187729].
2023-02-17 16:19:57,818 - INFO - Best fit parameters: [10.14187729].
2023-02-17 16:19:57,847 - INFO - Maximum log composite likelihood: -23.829172435319833.
2023-02-17 16:19:57,848 - INFO - Optimal value of theta: 2533.7826063713246.
2023-02-17 16:19:57,848 - INFO - Beginning optimization with guess, [10.32167567].
2023-02-17 16:19:57,907 - INFO - Finished optimization with guess, [10.32167567].
2023-02-17 16:19:57,907 - INFO - Best fit parameters: [10.32167567].
2023-02-17 16:19:57,936 - INFO - Maximum log composite likelihood: -23.829172435319833.
2023-02-17 16:19:57,937 - INFO - Optimal value of theta: 2533.7826063713246.
2023-02-17 16:19:57,939 - INFO - Finished demographic inference.
2023-02-17 16:19:57,939 - INFO - Pipeline executed succesfully.
