2024-06-24 16:01:39,470 - INFO - Beginning execution of fit_one_epoch.py in directory /u/project/ngarud/jonmah/demo_for_ccgb/Scripts

2024-06-24 16:01:39,470 - INFO - Progress is being logged to ../SupplementaryAnalysis/Bacteroides_uniformis_57318/accessory_log.log

2024-06-24 16:01:39,470 - INFO - Parsed the following arguments:
	mask_doubletons = False
	syn_input_sfs = ../SupplementaryAnalysis/Bacteroides_uniformis_57318/accessory_empirical_syn_downsampled_sfs.txt
	mask_singletons = False
	outprefix = ../SupplementaryAnalysis/Bacteroides_uniformis_57318/accessory

2024-06-24 16:01:39,473 - INFO - Beginning demographic inference for three-epoch demographic model.
2024-06-24 16:01:39,475 - INFO - Beginning optimization with guess, [0.00649809 0.01224105 0.00501324 0.01743864].
2024-06-24 16:05:00,088 - INFO - Finished optimization with guess, [0.00649809 0.01224105 0.00501324 0.01743864].
2024-06-24 16:05:00,089 - INFO - Best fit parameters: [0.00258195 0.00235941 0.00420741 0.16414225].
2024-06-24 16:05:02,698 - INFO - Maximum log composite likelihood: -27.2749623887.
2024-06-24 16:05:02,698 - INFO - Optimal value of theta: 364122.357389.
2024-06-24 16:05:02,699 - INFO - Beginning optimization with guess, [0.03995199 0.02903733 0.01909696 0.00510406].
2024-06-24 16:05:04,950 - INFO - Finished optimization with guess, [0.03995199 0.02903733 0.01909696 0.00510406].
2024-06-24 16:05:04,951 - INFO - Best fit parameters: [3.27767042e-01 2.35917973e+00 2.65534003e-04 5.97043887e-04].
2024-06-24 16:05:04,994 - INFO - Maximum log composite likelihood: -27.2745262885.
2024-06-24 16:05:04,994 - INFO - Optimal value of theta: 859.489126387.
2024-06-24 16:05:04,994 - INFO - Beginning optimization with guess, [0.03169947 0.04723829 0.01471812 0.00647878].
2024-06-24 16:05:06,990 - INFO - Finished optimization with guess, [0.03169947 0.04723829 0.01471812 0.00647878].
2024-06-24 16:05:06,991 - INFO - Best fit parameters: [1.36737188e+01 4.96804528e-02 4.08314231e-04 3.68104032e-05].
2024-06-24 16:05:07,033 - INFO - Maximum log composite likelihood: -27.2739614192.
2024-06-24 16:05:07,033 - INFO - Optimal value of theta: 859.729187574.
2024-06-24 16:05:07,034 - INFO - Beginning optimization with guess, [0.05676972 0.07065323 0.00686611 0.01706648].
2024-06-24 16:05:09,073 - INFO - Finished optimization with guess, [0.05676972 0.07065323 0.00686611 0.01706648].
2024-06-24 16:05:09,074 - INFO - Best fit parameters: [5.57983942e-02 9.40659192e+00 4.01202270e-05 4.29832052e-04].
2024-06-24 16:05:09,116 - INFO - Maximum log composite likelihood: -27.274351941.
2024-06-24 16:05:09,116 - INFO - Optimal value of theta: 859.66600221.
2024-06-24 16:05:09,117 - INFO - Beginning optimization with guess, [0.02881778 0.06645211 0.01972867 0.01170834].
2024-06-24 16:05:16,439 - INFO - Finished optimization with guess, [0.02881778 0.06645211 0.01972867 0.01170834].
2024-06-24 16:05:16,440 - INFO - Best fit parameters: [0.00926271 0.08300612 0.0255398  0.05532628].
2024-06-24 16:05:16,602 - INFO - Maximum log composite likelihood: -27.3752026909.
2024-06-24 16:05:16,603 - INFO - Optimal value of theta: 10962.9800792.
2024-06-24 16:05:16,603 - INFO - Beginning optimization with guess, [0.46400521 0.32795019 0.00881124 0.01591424].
2024-06-24 16:05:18,362 - INFO - Finished optimization with guess, [0.46400521 0.32795019 0.00881124 0.01591424].
2024-06-24 16:05:18,362 - INFO - Best fit parameters: [4.73211998e-01 1.08620086e+00 3.20577434e-04 7.16632165e-04].
2024-06-24 16:05:18,404 - INFO - Maximum log composite likelihood: -27.2742547711.
2024-06-24 16:05:18,405 - INFO - Optimal value of theta: 859.677925084.
2024-06-24 16:05:18,405 - INFO - Beginning optimization with guess, [0.35379875 0.62644307 0.01775874 0.0103041 ].
2024-06-24 16:05:20,331 - INFO - Finished optimization with guess, [0.35379875 0.62644307 0.01775874 0.0103041 ].
2024-06-24 16:05:20,332 - INFO - Best fit parameters: [7.72293461e-01 8.97856713e-01 3.37110232e-04 1.16639050e-03].
2024-06-24 16:05:20,374 - INFO - Maximum log composite likelihood: -27.2742219666.
2024-06-24 16:05:20,374 - INFO - Optimal value of theta: 859.550520144.
2024-06-24 16:05:20,375 - INFO - Beginning optimization with guess, [0.52503274 0.70344872 0.01892997 0.00895279].
2024-06-24 16:05:22,337 - INFO - Finished optimization with guess, [0.52503274 0.70344872 0.01892997 0.00895279].
2024-06-24 16:05:22,338 - INFO - Best fit parameters: [7.98005896e-01 9.02973385e-01 5.96813102e-04 1.00638248e-03].
2024-06-24 16:05:22,380 - INFO - Maximum log composite likelihood: -27.2742457525.
2024-06-24 16:05:22,380 - INFO - Optimal value of theta: 859.601165796.
2024-06-24 16:05:22,381 - INFO - Beginning optimization with guess, [1.65541704 0.79025662 0.01029678 0.0104539 ].
2024-06-24 16:05:24,467 - INFO - Finished optimization with guess, [1.65541704 0.79025662 0.01029678 0.0104539 ].
2024-06-24 16:05:24,468 - INFO - Best fit parameters: [1.7938638  0.70785544 0.12025635 0.04946375].
2024-06-24 16:05:24,515 - INFO - Maximum log composite likelihood: -26.7107721503.
2024-06-24 16:05:24,516 - INFO - Optimal value of theta: 831.062649846.
2024-06-24 16:05:24,517 - INFO - Beginning optimization with guess, [1.36746521 0.90396545 0.01752985 0.01198177].
2024-06-24 16:05:26,536 - INFO - Finished optimization with guess, [1.36746521 0.90396545 0.01752985 0.01198177].
2024-06-24 16:05:26,536 - INFO - Best fit parameters: [1.51211657 0.86089227 0.19395516 0.08763735].
2024-06-24 16:05:26,586 - INFO - Maximum log composite likelihood: -26.7383361282.
2024-06-24 16:05:26,586 - INFO - Optimal value of theta: 820.350780766.
2024-06-24 16:05:26,587 - INFO - Beginning optimization with guess, [0.85374763 1.71352232 0.01594945 0.01765155].
2024-06-24 16:05:28,345 - INFO - Finished optimization with guess, [0.85374763 1.71352232 0.01594945 0.01765155].
2024-06-24 16:05:28,345 - INFO - Best fit parameters: [8.75844383e-01 1.19471452e+00 1.17688396e-03 2.18508275e-04].
2024-06-24 16:05:28,387 - INFO - Maximum log composite likelihood: -27.2744565221.
2024-06-24 16:05:28,388 - INFO - Optimal value of theta: 859.360781586.
2024-06-24 16:05:28,388 - INFO - Beginning optimization with guess, [1.01932972 1.13906097 0.00988482 0.01872751].
2024-06-24 16:05:30,256 - INFO - Finished optimization with guess, [1.01932972 1.13906097 0.00988482 0.01872751].
2024-06-24 16:05:30,256 - INFO - Best fit parameters: [9.97739649e-01 9.60039143e-01 1.67170365e-04 5.11847742e-05].
2024-06-24 16:05:30,300 - INFO - Maximum log composite likelihood: -27.2749420325.
2024-06-24 16:05:30,300 - INFO - Optimal value of theta: 859.12032685.
2024-06-24 16:05:30,301 - INFO - Beginning optimization with guess, [3.12445249 3.49514421 0.01835952 0.0109503 ].
2024-06-24 16:05:32,244 - INFO - Finished optimization with guess, [3.12445249 3.49514421 0.01835952 0.0109503 ].
2024-06-24 16:05:32,244 - INFO - Best fit parameters: [1.88349170e+00 3.82789299e-01 6.83344650e-05 1.61031467e-04].
2024-06-24 16:05:32,286 - INFO - Maximum log composite likelihood: -27.2738877285.
2024-06-24 16:05:32,287 - INFO - Optimal value of theta: 859.545041132.
2024-06-24 16:05:32,287 - INFO - Beginning optimization with guess, [2.65791057 1.02792088 0.00706784 0.01040328].
2024-06-24 16:05:34,596 - INFO - Finished optimization with guess, [2.65791057 1.02792088 0.00706784 0.01040328].
2024-06-24 16:05:34,596 - INFO - Best fit parameters: [2.26399036e+00 1.02857334e+00 5.47435344e-05 5.56621400e-01].
2024-06-24 16:05:34,657 - INFO - Maximum log composite likelihood: -27.1565053783.
2024-06-24 16:05:34,657 - INFO - Optimal value of theta: 846.587603918.
2024-06-24 16:05:34,658 - INFO - Beginning optimization with guess, [1.69806063 2.66169169 0.01091551 0.01710484].
2024-06-24 16:05:36,523 - INFO - Finished optimization with guess, [1.69806063 2.66169169 0.01091551 0.01710484].
2024-06-24 16:05:36,523 - INFO - Best fit parameters: [8.75553215e-01 1.55143206e+00 8.49623156e-04 1.06211959e-04].
2024-06-24 16:05:36,566 - INFO - Maximum log composite likelihood: -27.2745467125.
2024-06-24 16:05:36,566 - INFO - Optimal value of theta: 859.271030471.
2024-06-24 16:05:36,566 - INFO - Beginning optimization with guess, [4.80594404 1.41444548 0.01151421 0.00614714].
2024-06-24 16:05:38,384 - INFO - Finished optimization with guess, [4.80594404 1.41444548 0.01151421 0.00614714].
2024-06-24 16:05:38,384 - INFO - Best fit parameters: [2.81386088e-04 1.20701530e+00 6.87552611e-23 4.15109007e-14].
2024-06-24 16:05:38,427 - INFO - Maximum log composite likelihood: -27.2749623894.
2024-06-24 16:05:38,428 - INFO - Optimal value of theta: 859.115579912.
2024-06-24 16:05:38,428 - INFO - Beginning optimization with guess, [5.39211097e+00 2.93422404e+00 5.76481445e-03 5.07487345e-03].
2024-06-24 16:05:40,286 - INFO - Finished optimization with guess, [5.39211097e+00 2.93422404e+00 5.76481445e-03 5.07487345e-03].
2024-06-24 16:05:40,286 - INFO - Best fit parameters: [1.73886365e-01 9.74951846e-01 1.46274089e-05 6.39227610e-08].
2024-06-24 16:05:40,328 - INFO - Maximum log composite likelihood: -27.2744594215.
2024-06-24 16:05:40,329 - INFO - Optimal value of theta: 859.247003546.
2024-06-24 16:05:40,329 - INFO - Beginning optimization with guess, [2.21165461 1.77796435 0.00759107 0.00577759].
2024-06-24 16:05:42,228 - INFO - Finished optimization with guess, [2.21165461 1.77796435 0.00759107 0.00577759].
2024-06-24 16:05:42,228 - INFO - Best fit parameters: [1.85613435e+00 8.27434352e-01 7.12361980e-06 2.15709163e-04].
2024-06-24 16:05:42,270 - INFO - Maximum log composite likelihood: -27.274656927.
2024-06-24 16:05:42,271 - INFO - Optimal value of theta: 859.19431926.
2024-06-24 16:05:42,271 - INFO - Beginning optimization with guess, [5.81744415 5.68352882 0.00850448 0.00984092].
2024-06-24 16:05:44,166 - INFO - Finished optimization with guess, [5.81744415 5.68352882 0.00850448 0.00984092].
2024-06-24 16:05:44,167 - INFO - Best fit parameters: [1.00413966e+00 1.03527488e-01 1.77087382e-06 3.22960351e-05].
2024-06-24 16:05:44,212 - INFO - Maximum log composite likelihood: -27.2737871246.
2024-06-24 16:05:44,212 - INFO - Optimal value of theta: 859.643677223.
2024-06-24 16:05:44,213 - INFO - Beginning optimization with guess, [6.30109807 3.3134149  0.01229682 0.00690513].
2024-06-24 16:05:46,112 - INFO - Finished optimization with guess, [6.30109807 3.3134149  0.01229682 0.00690513].
2024-06-24 16:05:46,112 - INFO - Best fit parameters: [3.41331903e+00 5.86689726e-01 7.43627794e-05 2.37167149e-04].
2024-06-24 16:05:46,154 - INFO - Maximum log composite likelihood: -27.2742529317.
2024-06-24 16:05:46,155 - INFO - Optimal value of theta: 859.331642812.
2024-06-24 16:05:46,155 - INFO - Beginning optimization with guess, [2.04221442 2.15792232 0.00758652 0.01613213].
2024-06-24 16:05:48,132 - INFO - Finished optimization with guess, [2.04221442 2.15792232 0.00758652 0.01613213].
2024-06-24 16:05:48,133 - INFO - Best fit parameters: [8.35921781e-01 1.41206263e+00 4.80759939e-04 9.31077387e-05].
2024-06-24 16:05:48,175 - INFO - Maximum log composite likelihood: -27.2745537498.
2024-06-24 16:05:48,176 - INFO - Optimal value of theta: 859.241895694.
2024-06-24 16:05:48,176 - INFO - Beginning optimization with guess, [6.90190580e+00 4.59421129e+00 1.06535544e-02 6.27289332e-03].
2024-06-24 16:05:50,129 - INFO - Finished optimization with guess, [6.90190580e+00 4.59421129e+00 1.06535544e-02 6.27289332e-03].
2024-06-24 16:05:50,130 - INFO - Best fit parameters: [2.76420900e+00 3.37442028e-01 3.32101233e-05 9.79100222e-05].
2024-06-24 16:05:50,172 - INFO - Maximum log composite likelihood: -27.2739998697.
2024-06-24 16:05:50,173 - INFO - Optimal value of theta: 859.438583575.
2024-06-24 16:05:50,173 - INFO - Beginning optimization with guess, [4.62807263 3.41653596 0.01981935 0.01492695].
2024-06-24 16:05:52,123 - INFO - Finished optimization with guess, [4.62807263 3.41653596 0.01981935 0.01492695].
2024-06-24 16:05:52,123 - INFO - Best fit parameters: [1.98573159e-01 1.23393276e+00 7.12230925e-05 1.17233847e-05].
2024-06-24 16:05:52,166 - INFO - Maximum log composite likelihood: -27.2738079154.
2024-06-24 16:05:52,166 - INFO - Optimal value of theta: 859.653654143.
2024-06-24 16:05:52,166 - INFO - Beginning optimization with guess, [9.78743880e+00 5.13062772e+00 1.15977838e-02 5.05383632e-03].
2024-06-24 16:05:54,066 - INFO - Finished optimization with guess, [9.78743880e+00 5.13062772e+00 1.15977838e-02 5.05383632e-03].
2024-06-24 16:05:54,066 - INFO - Best fit parameters: [4.57861829e+00 4.82925621e-01 6.55267929e-05 1.40494039e-04].
2024-06-24 16:05:54,109 - INFO - Maximum log composite likelihood: -27.2743119821.
2024-06-24 16:05:54,110 - INFO - Optimal value of theta: 859.302948835.
2024-06-24 16:05:54,114 - INFO - Finished demographic inference.
2024-06-24 16:05:54,114 - INFO - Pipeline executed succesfully.
