2024-06-13 13:36:53,321 - INFO - Beginning execution of fit_dfe.py in directory /u/project/ngarud/jonmah/demo_for_ccgb/Scripts

2024-06-13 13:36:53,322 - INFO - Progress is being logged to ../SupplementaryAnalysis/Bacteroides_uniformis_57318/core_log.log

2024-06-13 13:36:53,322 - INFO - Parsed the following arguments:
	syn_input_sfs = ../SupplementaryAnalysis/Bacteroides_uniformis_57318/core_empirical_syn_downsampled_sfs.txt
	nonsyn_input_sfs = ../SupplementaryAnalysis/Bacteroides_uniformis_57318/core_empirical_nonsyn_downsampled_sfs.txt
	input_demography = ../SupplementaryAnalysis/Bacteroides_uniformis_57318/two_epoch_demography.txt
	input_model = two_epoch
	initial_alpha = 0.2
	initial_beta = 0.1
	outprefix = ../SupplementaryAnalysis/Bacteroides_uniformis_57318/core

2024-06-13 13:36:53,333 - INFO - Loading input demography.
2024-06-13 13:36:53,335 - INFO - Input demographic parameters are: [1.8462031, 0.7476538].
2024-06-13 13:36:53,335 - INFO - Input theta_syn is: 2330.2335057185396.
2024-06-13 13:36:53,336 - INFO - Generating spectrum from input demography.
2024-06-13 13:38:14,602 - INFO - Fitting DFE.
2024-06-13 13:38:16,875 - WARNING - The integral is probably divergent, or slowly convergent.
2024-06-13 13:39:22,845 - WARNING - The algorithm does not converge.  Roundoff error is detected
  in the extrapolation table.  It is assumed that the requested tolerance
  cannot be achieved, and that the returned result (if full_output = 1) is 
  the best which can be obtained.
2024-06-13 13:40:24,408 - INFO - Fitting Neutral + Gamma DFE
2024-06-13 13:41:34,224 - INFO - Computing intermediate summary statistics.
2024-06-13 13:41:34,228 - INFO - Outputting results.
2024-06-13 13:41:34,242 - INFO - Pipeline executed succesfully.
