2024-06-11 15:26:08,605 - INFO - Beginning execution of fit_one_epoch.py in directory /u/project/ngarud/jonmah/demo_for_ccgb/Scripts

2024-06-11 15:26:08,605 - INFO - Progress is being logged to ../SupplementaryAnalysis/Bacteroides_uniformis_57318/log.log

2024-06-11 15:26:08,605 - INFO - Parsed the following arguments:
	mask_doubletons = False
	syn_input_sfs = ../SupplementaryAnalysis/Bacteroides_uniformis_57318/core_empirical_syn_downsampled_sfs.txt
	mask_singletons = False
	outprefix = ../SupplementaryAnalysis/Bacteroides_uniformis_57318/

2024-06-11 15:26:08,607 - INFO - Beginning demographic inference for one-epoch demographic model.
2024-06-11 15:26:08,608 - INFO - Beginning optimization with guess, [0.08196224].
2024-06-11 15:26:09,689 - INFO - Finished optimization with guess, [0.08196224].
2024-06-11 15:26:09,689 - INFO - Best fit parameters: [0.08196224].
2024-06-11 15:26:09,712 - INFO - Maximum log composite likelihood: -132.155990291.
2024-06-11 15:26:09,712 - INFO - Optimal value of theta: 3198.21756934.
2024-06-11 15:26:09,713 - INFO - Beginning optimization with guess, [0.12876376].
2024-06-11 15:26:10,511 - INFO - Finished optimization with guess, [0.12876376].
2024-06-11 15:26:10,513 - INFO - Best fit parameters: [0.12876376].
2024-06-11 15:26:10,580 - INFO - Maximum log composite likelihood: -132.155990291.
2024-06-11 15:26:10,581 - INFO - Optimal value of theta: 3198.21756934.
2024-06-11 15:26:10,581 - INFO - Beginning optimization with guess, [0.24051946].
2024-06-11 15:26:11,514 - INFO - Finished optimization with guess, [0.24051946].
2024-06-11 15:26:11,515 - INFO - Best fit parameters: [0.24051946].
2024-06-11 15:26:11,539 - INFO - Maximum log composite likelihood: -132.155990291.
2024-06-11 15:26:11,539 - INFO - Optimal value of theta: 3198.21756934.
2024-06-11 15:26:11,539 - INFO - Beginning optimization with guess, [0.23920329].
2024-06-11 15:26:12,408 - INFO - Finished optimization with guess, [0.23920329].
2024-06-11 15:26:12,409 - INFO - Best fit parameters: [0.23920329].
2024-06-11 15:26:12,476 - INFO - Maximum log composite likelihood: -132.155990291.
2024-06-11 15:26:12,477 - INFO - Optimal value of theta: 3198.21756934.
2024-06-11 15:26:12,477 - INFO - Beginning optimization with guess, [0.4236804].
2024-06-11 15:26:13,247 - INFO - Finished optimization with guess, [0.4236804].
2024-06-11 15:26:13,248 - INFO - Best fit parameters: [0.4236804].
2024-06-11 15:26:13,271 - INFO - Maximum log composite likelihood: -132.155990291.
2024-06-11 15:26:13,271 - INFO - Optimal value of theta: 3198.21756934.
2024-06-11 15:26:13,271 - INFO - Beginning optimization with guess, [0.35190553].
2024-06-11 15:26:14,114 - INFO - Finished optimization with guess, [0.35190553].
2024-06-11 15:26:14,114 - INFO - Best fit parameters: [0.35190553].
2024-06-11 15:26:14,137 - INFO - Maximum log composite likelihood: -132.155990291.
2024-06-11 15:26:14,137 - INFO - Optimal value of theta: 3198.21756934.
2024-06-11 15:26:14,138 - INFO - Beginning optimization with guess, [0.74292087].
2024-06-11 15:26:14,728 - INFO - Finished optimization with guess, [0.74292087].
2024-06-11 15:26:14,728 - INFO - Best fit parameters: [0.74292087].
2024-06-11 15:26:14,751 - INFO - Maximum log composite likelihood: -132.155990291.
2024-06-11 15:26:14,751 - INFO - Optimal value of theta: 3198.21756934.
2024-06-11 15:26:14,751 - INFO - Beginning optimization with guess, [1.36283165].
2024-06-11 15:26:15,463 - INFO - Finished optimization with guess, [1.36283165].
2024-06-11 15:26:15,463 - INFO - Best fit parameters: [1.36283165].
2024-06-11 15:26:15,487 - INFO - Maximum log composite likelihood: -132.155990291.
2024-06-11 15:26:15,487 - INFO - Optimal value of theta: 3198.21756934.
2024-06-11 15:26:15,488 - INFO - Beginning optimization with guess, [1.41169229].
2024-06-11 15:26:16,086 - INFO - Finished optimization with guess, [1.41169229].
2024-06-11 15:26:16,086 - INFO - Best fit parameters: [1.41169229].
2024-06-11 15:26:16,109 - INFO - Maximum log composite likelihood: -132.155990291.
2024-06-11 15:26:16,109 - INFO - Optimal value of theta: 3198.21756934.
2024-06-11 15:26:16,109 - INFO - Beginning optimization with guess, [0.50143519].
2024-06-11 15:26:16,783 - INFO - Finished optimization with guess, [0.50143519].
2024-06-11 15:26:16,783 - INFO - Best fit parameters: [0.50143519].
2024-06-11 15:26:16,807 - INFO - Maximum log composite likelihood: -132.155990291.
2024-06-11 15:26:16,807 - INFO - Optimal value of theta: 3198.21756934.
2024-06-11 15:26:16,807 - INFO - Beginning optimization with guess, [1.2031252].
2024-06-11 15:26:17,333 - INFO - Finished optimization with guess, [1.2031252].
2024-06-11 15:26:17,333 - INFO - Best fit parameters: [1.2031252].
2024-06-11 15:26:17,356 - INFO - Maximum log composite likelihood: -132.155990291.
2024-06-11 15:26:17,356 - INFO - Optimal value of theta: 3198.21756934.
2024-06-11 15:26:17,357 - INFO - Beginning optimization with guess, [2.00746044].
2024-06-11 15:26:18,022 - INFO - Finished optimization with guess, [2.00746044].
2024-06-11 15:26:18,022 - INFO - Best fit parameters: [2.00746044].
2024-06-11 15:26:18,045 - INFO - Maximum log composite likelihood: -132.155990291.
2024-06-11 15:26:18,045 - INFO - Optimal value of theta: 3198.21756934.
2024-06-11 15:26:18,046 - INFO - Beginning optimization with guess, [1.74929851].
2024-06-11 15:26:18,710 - INFO - Finished optimization with guess, [1.74929851].
2024-06-11 15:26:18,711 - INFO - Best fit parameters: [1.74929851].
2024-06-11 15:26:18,733 - INFO - Maximum log composite likelihood: -132.155990291.
2024-06-11 15:26:18,734 - INFO - Optimal value of theta: 3198.21756934.
2024-06-11 15:26:18,734 - INFO - Beginning optimization with guess, [3.38162055].
2024-06-11 15:26:19,541 - INFO - Finished optimization with guess, [3.38162055].
2024-06-11 15:26:19,542 - INFO - Best fit parameters: [3.38162055].
2024-06-11 15:26:19,564 - INFO - Maximum log composite likelihood: -132.155990291.
2024-06-11 15:26:19,565 - INFO - Optimal value of theta: 3198.21756934.
2024-06-11 15:26:19,565 - INFO - Beginning optimization with guess, [2.18066316].
2024-06-11 15:26:20,221 - INFO - Finished optimization with guess, [2.18066316].
2024-06-11 15:26:20,221 - INFO - Best fit parameters: [2.18066316].
2024-06-11 15:26:20,243 - INFO - Maximum log composite likelihood: -132.155990291.
2024-06-11 15:26:20,244 - INFO - Optimal value of theta: 3198.21756934.
2024-06-11 15:26:20,244 - INFO - Beginning optimization with guess, [4.20205752].
2024-06-11 15:26:20,966 - INFO - Finished optimization with guess, [4.20205752].
2024-06-11 15:26:20,967 - INFO - Best fit parameters: [4.20205752].
2024-06-11 15:26:20,989 - INFO - Maximum log composite likelihood: -132.155990291.
2024-06-11 15:26:20,990 - INFO - Optimal value of theta: 3198.21756934.
2024-06-11 15:26:20,990 - INFO - Beginning optimization with guess, [3.07996333].
2024-06-11 15:26:21,713 - INFO - Finished optimization with guess, [3.07996333].
2024-06-11 15:26:21,714 - INFO - Best fit parameters: [3.07996333].
2024-06-11 15:26:21,781 - INFO - Maximum log composite likelihood: -132.155990291.
2024-06-11 15:26:21,782 - INFO - Optimal value of theta: 3198.21756934.
2024-06-11 15:26:21,782 - INFO - Beginning optimization with guess, [4.13541856].
2024-06-11 15:26:22,680 - INFO - Finished optimization with guess, [4.13541856].
2024-06-11 15:26:22,681 - INFO - Best fit parameters: [4.13541856].
2024-06-11 15:26:22,704 - INFO - Maximum log composite likelihood: -132.155990291.
2024-06-11 15:26:22,704 - INFO - Optimal value of theta: 3198.21756934.
2024-06-11 15:26:22,704 - INFO - Beginning optimization with guess, [3.60251144].
2024-06-11 15:26:23,464 - INFO - Finished optimization with guess, [3.60251144].
2024-06-11 15:26:23,464 - INFO - Best fit parameters: [3.60251144].
2024-06-11 15:26:23,487 - INFO - Maximum log composite likelihood: -132.155990291.
2024-06-11 15:26:23,488 - INFO - Optimal value of theta: 3198.21756934.
2024-06-11 15:26:23,488 - INFO - Beginning optimization with guess, [4.15504345].
2024-06-11 15:26:24,221 - INFO - Finished optimization with guess, [4.15504345].
2024-06-11 15:26:24,221 - INFO - Best fit parameters: [4.15504345].
2024-06-11 15:26:24,244 - INFO - Maximum log composite likelihood: -132.155990291.
2024-06-11 15:26:24,244 - INFO - Optimal value of theta: 3198.21756934.
2024-06-11 15:26:24,244 - INFO - Beginning optimization with guess, [5.90577956].
2024-06-11 15:26:24,984 - INFO - Finished optimization with guess, [5.90577956].
2024-06-11 15:26:24,984 - INFO - Best fit parameters: [5.90577956].
2024-06-11 15:26:25,007 - INFO - Maximum log composite likelihood: -132.155990291.
2024-06-11 15:26:25,007 - INFO - Optimal value of theta: 3198.21756934.
2024-06-11 15:26:25,007 - INFO - Beginning optimization with guess, [4.0011342].
2024-06-11 15:26:25,740 - INFO - Finished optimization with guess, [4.0011342].
2024-06-11 15:26:25,740 - INFO - Best fit parameters: [4.0011342].
2024-06-11 15:26:25,763 - INFO - Maximum log composite likelihood: -132.155990291.
2024-06-11 15:26:25,763 - INFO - Optimal value of theta: 3198.21756934.
2024-06-11 15:26:25,763 - INFO - Beginning optimization with guess, [10.26508882].
2024-06-11 15:26:26,573 - INFO - Finished optimization with guess, [10.26508882].
2024-06-11 15:26:26,573 - INFO - Best fit parameters: [10.26508882].
2024-06-11 15:26:26,596 - INFO - Maximum log composite likelihood: -132.155990291.
2024-06-11 15:26:26,597 - INFO - Optimal value of theta: 3198.21756934.
2024-06-11 15:26:26,597 - INFO - Beginning optimization with guess, [4.94471644].
2024-06-11 15:26:27,338 - INFO - Finished optimization with guess, [4.94471644].
2024-06-11 15:26:27,339 - INFO - Best fit parameters: [4.94471644].
2024-06-11 15:26:27,362 - INFO - Maximum log composite likelihood: -132.155990291.
2024-06-11 15:26:27,363 - INFO - Optimal value of theta: 3198.21756934.
2024-06-11 15:26:27,365 - INFO - Beginning demographic inference for two-epoch demographic model.
2024-06-11 15:26:27,367 - INFO - Beginning optimization with guess, [0.10592379 0.01977574].
2024-06-11 15:26:29,326 - INFO - Finished optimization with guess, [0.10592379 0.01977574].
2024-06-11 15:26:29,327 - INFO - Best fit parameters: [1.8493507  0.58197937].
2024-06-11 15:26:29,356 - INFO - Maximum log composite likelihood: -31.5323811334.
2024-06-11 15:26:29,356 - INFO - Optimal value of theta: 2419.95167361.
2024-06-11 15:26:29,356 - INFO - Beginning optimization with guess, [0.105565   0.01135192].
2024-06-11 15:26:31,959 - INFO - Finished optimization with guess, [0.105565   0.01135192].
2024-06-11 15:26:31,960 - INFO - Best fit parameters: [1.78393384 0.65080209].
2024-06-11 15:26:32,043 - INFO - Maximum log composite likelihood: -31.1500973249.
2024-06-11 15:26:32,043 - INFO - Optimal value of theta: 2414.48965058.
2024-06-11 15:26:32,044 - INFO - Beginning optimization with guess, [0.1868804 0.0087997].
2024-06-11 15:26:35,187 - INFO - Finished optimization with guess, [0.1868804 0.0087997].
2024-06-11 15:26:35,188 - INFO - Best fit parameters: [1.77836712 0.6245502 ].
2024-06-11 15:26:35,217 - INFO - Maximum log composite likelihood: -31.1572849349.
2024-06-11 15:26:35,217 - INFO - Optimal value of theta: 2432.00381913.
2024-06-11 15:26:35,217 - INFO - Beginning optimization with guess, [0.27238384 0.01030375].
2024-06-11 15:26:38,076 - INFO - Finished optimization with guess, [0.27238384 0.01030375].
2024-06-11 15:26:38,077 - INFO - Best fit parameters: [1.92018148 0.99047001].
2024-06-11 15:26:38,109 - INFO - Maximum log composite likelihood: -31.2447887143.
2024-06-11 15:26:38,109 - INFO - Optimal value of theta: 2184.72868064.
2024-06-11 15:26:38,110 - INFO - Beginning optimization with guess, [0.48319741 0.01270758].
2024-06-11 15:26:40,740 - INFO - Finished optimization with guess, [0.48319741 0.01270758].
2024-06-11 15:26:40,740 - INFO - Best fit parameters: [1.6963323  0.57145087].
2024-06-11 15:26:40,769 - INFO - Maximum log composite likelihood: -32.151163982.
2024-06-11 15:26:40,769 - INFO - Optimal value of theta: 2508.66711396.
2024-06-11 15:26:40,770 - INFO - Beginning optimization with guess, [0.74810755 0.01753994].
2024-06-11 15:26:44,163 - INFO - Finished optimization with guess, [0.74810755 0.01753994].
2024-06-11 15:26:44,164 - INFO - Best fit parameters: [1.59877319 0.62132921].
2024-06-11 15:26:44,193 - INFO - Maximum log composite likelihood: -36.1298794934.
2024-06-11 15:26:44,194 - INFO - Optimal value of theta: 2543.64451002.
2024-06-11 15:26:44,194 - INFO - Beginning optimization with guess, [0.72257125 0.01010609].
2024-06-11 15:26:47,270 - INFO - Finished optimization with guess, [0.72257125 0.01010609].
2024-06-11 15:26:47,270 - INFO - Best fit parameters: [1.41906737 0.57406922].
2024-06-11 15:26:47,300 - INFO - Maximum log composite likelihood: -49.5137426679.
2024-06-11 15:26:47,300 - INFO - Optimal value of theta: 2700.38749313.
2024-06-11 15:26:47,301 - INFO - Beginning optimization with guess, [1.34373099 0.00702087].
2024-06-11 15:26:48,722 - INFO - Finished optimization with guess, [1.34373099 0.00702087].
2024-06-11 15:26:48,722 - INFO - Best fit parameters: [1.8435845  0.74823179].
2024-06-11 15:26:48,752 - INFO - Maximum log composite likelihood: -31.0507673997.
2024-06-11 15:26:48,753 - INFO - Optimal value of theta: 2331.39080624.
2024-06-11 15:26:48,753 - INFO - Beginning optimization with guess, [0.79799074 0.00853379].
2024-06-11 15:26:52,258 - INFO - Finished optimization with guess, [0.79799074 0.00853379].
2024-06-11 15:26:52,260 - INFO - Best fit parameters: [1.27514763 0.56246172].
2024-06-11 15:26:52,290 - INFO - Maximum log composite likelihood: -68.8344368895.
2024-06-11 15:26:52,290 - INFO - Optimal value of theta: 2837.35193944.
2024-06-11 15:26:52,291 - INFO - Beginning optimization with guess, [1.74849134 0.00953767].
2024-06-11 15:26:53,621 - INFO - Finished optimization with guess, [1.74849134 0.00953767].
2024-06-11 15:26:53,621 - INFO - Best fit parameters: [1.7770136  0.58101051].
2024-06-11 15:26:53,652 - INFO - Maximum log composite likelihood: -31.170468402.
2024-06-11 15:26:53,652 - INFO - Optimal value of theta: 2457.91064667.
2024-06-11 15:26:53,652 - INFO - Beginning optimization with guess, [0.77511296 0.01694989].
2024-06-11 15:26:57,250 - INFO - Finished optimization with guess, [0.77511296 0.01694989].
2024-06-11 15:26:57,250 - INFO - Best fit parameters: [1.7754437  0.76560585].
2024-06-11 15:26:57,281 - INFO - Maximum log composite likelihood: -31.6973556953.
2024-06-11 15:26:57,281 - INFO - Optimal value of theta: 2362.28878138.
2024-06-11 15:26:57,281 - INFO - Beginning optimization with guess, [1.96186413 0.0054238 ].
2024-06-11 15:26:58,494 - INFO - Finished optimization with guess, [1.96186413 0.0054238 ].
2024-06-11 15:26:58,495 - INFO - Best fit parameters: [1.73770648 0.55911967].
2024-06-11 15:26:58,523 - INFO - Maximum log composite likelihood: -31.4498978986.
2024-06-11 15:26:58,523 - INFO - Optimal value of theta: 2492.44157219.
2024-06-11 15:26:58,523 - INFO - Beginning optimization with guess, [0.89920498 0.01560678].
2024-06-11 15:27:02,361 - INFO - Finished optimization with guess, [0.89920498 0.01560678].
2024-06-11 15:27:02,362 - INFO - Best fit parameters: [1.27050279 0.76147689].
2024-06-11 15:27:02,395 - INFO - Maximum log composite likelihood: -75.2849237104.
2024-06-11 15:27:02,395 - INFO - Optimal value of theta: 2786.60795834.
2024-06-11 15:27:02,395 - INFO - Beginning optimization with guess, [1.28939593 0.01759317].
2024-06-11 15:27:03,749 - INFO - Finished optimization with guess, [1.28939593 0.01759317].
2024-06-11 15:27:03,749 - INFO - Best fit parameters: [1.85040258 0.76687928].
2024-06-11 15:27:03,779 - INFO - Maximum log composite likelihood: -31.0524364691.
2024-06-11 15:27:03,779 - INFO - Optimal value of theta: 2318.62424959.
2024-06-11 15:27:03,779 - INFO - Beginning optimization with guess, [2.66529464 0.01050264].
2024-06-11 15:27:05,004 - INFO - Finished optimization with guess, [2.66529464 0.01050264].
2024-06-11 15:27:05,005 - INFO - Best fit parameters: [1.85113177 0.32938602].
2024-06-11 15:27:05,031 - INFO - Maximum log composite likelihood: -33.4485584117.
2024-06-11 15:27:05,031 - INFO - Optimal value of theta: 2619.07812664.
2024-06-11 15:27:05,032 - INFO - Beginning optimization with guess, [3.96972122 0.00966052].
2024-06-11 15:27:06,158 - INFO - Finished optimization with guess, [3.96972122 0.00966052].
2024-06-11 15:27:06,159 - INFO - Best fit parameters: [2.18424933 0.14664071].
2024-06-11 15:27:06,183 - INFO - Maximum log composite likelihood: -42.2841450434.
2024-06-11 15:27:06,183 - INFO - Optimal value of theta: 2795.16067885.
2024-06-11 15:27:06,183 - INFO - Beginning optimization with guess, [3.63749824 0.00602254].
2024-06-11 15:27:07,281 - INFO - Finished optimization with guess, [3.63749824 0.00602254].
2024-06-11 15:27:07,282 - INFO - Best fit parameters: [2.09741101 0.12490562].
2024-06-11 15:27:07,306 - INFO - Maximum log composite likelihood: -44.7796848936.
2024-06-11 15:27:07,306 - INFO - Optimal value of theta: 2853.81668376.
2024-06-11 15:27:07,306 - INFO - Beginning optimization with guess, [4.55539428 0.00736754].
2024-06-11 15:27:08,449 - INFO - Finished optimization with guess, [4.55539428 0.00736754].
2024-06-11 15:27:08,450 - INFO - Best fit parameters: [2.75106259 0.09520086].
2024-06-11 15:27:08,473 - INFO - Maximum log composite likelihood: -48.4209828535.
2024-06-11 15:27:08,474 - INFO - Optimal value of theta: 2857.55227594.
2024-06-11 15:27:08,474 - INFO - Beginning optimization with guess, [5.11984721 0.0102647 ].
2024-06-11 15:27:09,545 - INFO - Finished optimization with guess, [5.11984721 0.0102647 ].
2024-06-11 15:27:09,546 - INFO - Best fit parameters: [2.29733797 0.11610051].
2024-06-11 15:27:09,569 - INFO - Maximum log composite likelihood: -45.462102817.
2024-06-11 15:27:09,570 - INFO - Optimal value of theta: 2845.93005521.
2024-06-11 15:27:09,570 - INFO - Beginning optimization with guess, [1.93566292 0.00682544].
2024-06-11 15:27:10,780 - INFO - Finished optimization with guess, [1.93566292 0.00682544].
2024-06-11 15:27:10,780 - INFO - Best fit parameters: [1.75251385 0.4708724 ].
2024-06-11 15:27:10,807 - INFO - Maximum log composite likelihood: -31.549305119.
2024-06-11 15:27:10,808 - INFO - Optimal value of theta: 2542.31341945.
2024-06-11 15:27:10,808 - INFO - Beginning optimization with guess, [4.39392931 0.00595154].
2024-06-11 15:27:11,926 - INFO - Finished optimization with guess, [4.39392931 0.00595154].
2024-06-11 15:27:11,927 - INFO - Best fit parameters: [2.56639297 0.09565096].
2024-06-11 15:27:11,950 - INFO - Maximum log composite likelihood: -48.26665018.
2024-06-11 15:27:11,951 - INFO - Optimal value of theta: 2870.81482691.
2024-06-11 15:27:11,951 - INFO - Beginning optimization with guess, [8.68462398e+00 8.58427300e-03].
2024-06-11 15:27:13,063 - INFO - Finished optimization with guess, [8.68462398e+00 8.58427300e-03].
2024-06-11 15:27:13,063 - INFO - Best fit parameters: [2.54458899 0.08102027].
2024-06-11 15:27:13,087 - INFO - Maximum log composite likelihood: -51.5634513906.
2024-06-11 15:27:13,087 - INFO - Optimal value of theta: 2914.20706567.
2024-06-11 15:27:13,088 - INFO - Beginning optimization with guess, [3.32448904 0.00554883].
2024-06-11 15:27:14,169 - INFO - Finished optimization with guess, [3.32448904 0.00554883].
2024-06-11 15:27:14,169 - INFO - Best fit parameters: [1.8962082  0.17388615].
2024-06-11 15:27:14,194 - INFO - Maximum log composite likelihood: -40.062302838.
2024-06-11 15:27:14,194 - INFO - Optimal value of theta: 2802.80818981.
2024-06-11 15:27:14,195 - INFO - Beginning optimization with guess, [1.22981773e+01 9.09753812e-03].
2024-06-11 15:27:15,337 - INFO - Finished optimization with guess, [1.22981773e+01 9.09753812e-03].
2024-06-11 15:27:15,338 - INFO - Best fit parameters: [3.01107147 0.0828076 ].
2024-06-11 15:27:15,361 - INFO - Maximum log composite likelihood: -50.2745657098.
2024-06-11 15:27:15,362 - INFO - Optimal value of theta: 2878.90959142.
2024-06-11 15:27:15,364 - INFO - Finished demographic inference.
2024-06-11 15:27:15,365 - INFO - Pipeline executed succesfully.
