2023-02-17 17:00:18,273 - INFO - Beginning execution of fit_one_epoch.py in directory /u/project/ngarud/jonmah/demo_for_ccgb/Scripts

2023-02-17 17:00:18,273 - INFO - Progress is being logged to ../Analysis/Bacteroides_thetaiotaomicron_56941_downsampled_18/log.log

2023-02-17 17:00:18,273 - INFO - Parsed the following arguments:
	syn_input_sfs = ../Analysis/Bacteroides_thetaiotaomicron_56941_downsampled_18/empirical_sfs.txt
	mask_singletons = False
	mask_doubletons = False
	outprefix = ../Analysis/Bacteroides_thetaiotaomicron_56941_downsampled_18/

2023-02-17 17:00:18,299 - INFO - Beginning demographic inference for one-epoch demographic model.
2023-02-17 17:00:18,301 - INFO - Beginning optimization with guess, [0.19252123].
2023-02-17 17:00:18,437 - INFO - Finished optimization with guess, [0.19252123].
2023-02-17 17:00:18,437 - INFO - Best fit parameters: [0.19252123].
2023-02-17 17:00:18,483 - INFO - Maximum log composite likelihood: -101.09623839611413.
2023-02-17 17:00:18,484 - INFO - Optimal value of theta: 11233.741376769021.
2023-02-17 17:00:18,484 - INFO - Beginning optimization with guess, [0.16719549].
2023-02-17 17:00:18,576 - INFO - Finished optimization with guess, [0.16719549].
2023-02-17 17:00:18,576 - INFO - Best fit parameters: [0.16719549].
2023-02-17 17:00:18,622 - INFO - Maximum log composite likelihood: -101.09623839611413.
2023-02-17 17:00:18,623 - INFO - Optimal value of theta: 11233.741376769021.
2023-02-17 17:00:18,623 - INFO - Beginning optimization with guess, [0.40559361].
2023-02-17 17:00:18,715 - INFO - Finished optimization with guess, [0.40559361].
2023-02-17 17:00:18,715 - INFO - Best fit parameters: [0.40559361].
2023-02-17 17:00:18,761 - INFO - Maximum log composite likelihood: -101.09623839611413.
2023-02-17 17:00:18,761 - INFO - Optimal value of theta: 11233.741376769021.
2023-02-17 17:00:18,762 - INFO - Beginning optimization with guess, [0.70268308].
2023-02-17 17:00:18,853 - INFO - Finished optimization with guess, [0.70268308].
2023-02-17 17:00:18,854 - INFO - Best fit parameters: [0.70268308].
2023-02-17 17:00:18,900 - INFO - Maximum log composite likelihood: -101.09623839611413.
2023-02-17 17:00:18,900 - INFO - Optimal value of theta: 11233.741376769021.
2023-02-17 17:00:18,900 - INFO - Beginning optimization with guess, [0.69051539].
2023-02-17 17:00:18,994 - INFO - Finished optimization with guess, [0.69051539].
2023-02-17 17:00:18,994 - INFO - Best fit parameters: [0.69051539].
2023-02-17 17:00:19,040 - INFO - Maximum log composite likelihood: -101.09623839611413.
2023-02-17 17:00:19,041 - INFO - Optimal value of theta: 11233.741376769021.
2023-02-17 17:00:19,041 - INFO - Beginning optimization with guess, [0.31586934].
2023-02-17 17:00:19,134 - INFO - Finished optimization with guess, [0.31586934].
2023-02-17 17:00:19,134 - INFO - Best fit parameters: [0.31586934].
2023-02-17 17:00:19,180 - INFO - Maximum log composite likelihood: -101.09623839611413.
2023-02-17 17:00:19,181 - INFO - Optimal value of theta: 11233.741376769021.
2023-02-17 17:00:19,181 - INFO - Beginning optimization with guess, [0.66793089].
2023-02-17 17:00:19,273 - INFO - Finished optimization with guess, [0.66793089].
2023-02-17 17:00:19,273 - INFO - Best fit parameters: [0.66793089].
2023-02-17 17:00:19,321 - INFO - Maximum log composite likelihood: -101.09623839611413.
2023-02-17 17:00:19,321 - INFO - Optimal value of theta: 11233.741376769021.
2023-02-17 17:00:19,322 - INFO - Beginning optimization with guess, [0.6158787].
2023-02-17 17:00:19,414 - INFO - Finished optimization with guess, [0.6158787].
2023-02-17 17:00:19,414 - INFO - Best fit parameters: [0.6158787].
2023-02-17 17:00:19,460 - INFO - Maximum log composite likelihood: -101.09623839611413.
2023-02-17 17:00:19,461 - INFO - Optimal value of theta: 11233.741376769021.
2023-02-17 17:00:19,461 - INFO - Beginning optimization with guess, [0.55375699].
2023-02-17 17:00:19,553 - INFO - Finished optimization with guess, [0.55375699].
2023-02-17 17:00:19,553 - INFO - Best fit parameters: [0.55375699].
2023-02-17 17:00:19,598 - INFO - Maximum log composite likelihood: -101.09623839611413.
2023-02-17 17:00:19,599 - INFO - Optimal value of theta: 11233.741376769021.
2023-02-17 17:00:19,600 - INFO - Beginning optimization with guess, [1.10523922].
2023-02-17 17:00:19,691 - INFO - Finished optimization with guess, [1.10523922].
2023-02-17 17:00:19,691 - INFO - Best fit parameters: [1.10523922].
2023-02-17 17:00:19,737 - INFO - Maximum log composite likelihood: -101.09623839611413.
2023-02-17 17:00:19,737 - INFO - Optimal value of theta: 11233.741376769021.
2023-02-17 17:00:19,738 - INFO - Beginning optimization with guess, [0.76321945].
2023-02-17 17:00:19,829 - INFO - Finished optimization with guess, [0.76321945].
2023-02-17 17:00:19,829 - INFO - Best fit parameters: [0.76321945].
2023-02-17 17:00:19,875 - INFO - Maximum log composite likelihood: -101.09623839611413.
2023-02-17 17:00:19,875 - INFO - Optimal value of theta: 11233.741376769021.
2023-02-17 17:00:19,876 - INFO - Beginning optimization with guess, [1.40648051].
2023-02-17 17:00:20,000 - INFO - Finished optimization with guess, [1.40648051].
2023-02-17 17:00:20,001 - INFO - Best fit parameters: [1.40648051].
2023-02-17 17:00:20,056 - INFO - Maximum log composite likelihood: -101.09623839611413.
2023-02-17 17:00:20,057 - INFO - Optimal value of theta: 11233.741376769021.
2023-02-17 17:00:20,057 - INFO - Beginning optimization with guess, [1.66110153].
2023-02-17 17:00:20,142 - INFO - Finished optimization with guess, [1.66110153].
2023-02-17 17:00:20,143 - INFO - Best fit parameters: [1.66110153].
2023-02-17 17:00:20,183 - INFO - Maximum log composite likelihood: -101.09623839611413.
2023-02-17 17:00:20,183 - INFO - Optimal value of theta: 11233.741376769021.
2023-02-17 17:00:20,183 - INFO - Beginning optimization with guess, [1.14619879].
2023-02-17 17:00:20,264 - INFO - Finished optimization with guess, [1.14619879].
2023-02-17 17:00:20,264 - INFO - Best fit parameters: [1.14619879].
2023-02-17 17:00:20,305 - INFO - Maximum log composite likelihood: -101.09623839611413.
2023-02-17 17:00:20,305 - INFO - Optimal value of theta: 11233.741376769021.
2023-02-17 17:00:20,305 - INFO - Beginning optimization with guess, [1.41849942].
2023-02-17 17:00:20,386 - INFO - Finished optimization with guess, [1.41849942].
2023-02-17 17:00:20,386 - INFO - Best fit parameters: [1.41849942].
2023-02-17 17:00:20,426 - INFO - Maximum log composite likelihood: -101.09623839611413.
2023-02-17 17:00:20,426 - INFO - Optimal value of theta: 11233.741376769021.
2023-02-17 17:00:20,427 - INFO - Beginning optimization with guess, [2.24909022].
2023-02-17 17:00:20,507 - INFO - Finished optimization with guess, [2.24909022].
2023-02-17 17:00:20,508 - INFO - Best fit parameters: [2.24909022].
2023-02-17 17:00:20,548 - INFO - Maximum log composite likelihood: -101.09623839611413.
2023-02-17 17:00:20,548 - INFO - Optimal value of theta: 11233.741376769021.
2023-02-17 17:00:20,548 - INFO - Beginning optimization with guess, [5.34153757].
2023-02-17 17:00:20,629 - INFO - Finished optimization with guess, [5.34153757].
2023-02-17 17:00:20,629 - INFO - Best fit parameters: [5.34153757].
2023-02-17 17:00:20,669 - INFO - Maximum log composite likelihood: -101.09623839611413.
2023-02-17 17:00:20,670 - INFO - Optimal value of theta: 11233.741376769021.
2023-02-17 17:00:20,670 - INFO - Beginning optimization with guess, [5.24489368].
2023-02-17 17:00:20,750 - INFO - Finished optimization with guess, [5.24489368].
2023-02-17 17:00:20,751 - INFO - Best fit parameters: [5.24489368].
2023-02-17 17:00:20,791 - INFO - Maximum log composite likelihood: -101.09623839611413.
2023-02-17 17:00:20,791 - INFO - Optimal value of theta: 11233.741376769021.
2023-02-17 17:00:20,791 - INFO - Beginning optimization with guess, [1.86296643].
2023-02-17 17:00:20,872 - INFO - Finished optimization with guess, [1.86296643].
2023-02-17 17:00:20,872 - INFO - Best fit parameters: [1.86296643].
2023-02-17 17:00:20,912 - INFO - Maximum log composite likelihood: -101.09623839611413.
2023-02-17 17:00:20,913 - INFO - Optimal value of theta: 11233.741376769021.
2023-02-17 17:00:20,913 - INFO - Beginning optimization with guess, [3.6574062].
2023-02-17 17:00:20,993 - INFO - Finished optimization with guess, [3.6574062].
2023-02-17 17:00:20,993 - INFO - Best fit parameters: [3.6574062].
2023-02-17 17:00:21,034 - INFO - Maximum log composite likelihood: -101.09623839611413.
2023-02-17 17:00:21,034 - INFO - Optimal value of theta: 11233.741376769021.
2023-02-17 17:00:21,034 - INFO - Beginning optimization with guess, [4.61459451].
2023-02-17 17:00:21,115 - INFO - Finished optimization with guess, [4.61459451].
2023-02-17 17:00:21,115 - INFO - Best fit parameters: [4.61459451].
2023-02-17 17:00:21,155 - INFO - Maximum log composite likelihood: -101.09623839611413.
2023-02-17 17:00:21,156 - INFO - Optimal value of theta: 11233.741376769021.
2023-02-17 17:00:21,156 - INFO - Beginning optimization with guess, [9.80039556].
2023-02-17 17:00:21,237 - INFO - Finished optimization with guess, [9.80039556].
2023-02-17 17:00:21,237 - INFO - Best fit parameters: [9.80039556].
2023-02-17 17:00:21,277 - INFO - Maximum log composite likelihood: -101.09623839611413.
2023-02-17 17:00:21,278 - INFO - Optimal value of theta: 11233.741376769021.
2023-02-17 17:00:21,278 - INFO - Beginning optimization with guess, [9.29579502].
2023-02-17 17:00:21,372 - INFO - Finished optimization with guess, [9.29579502].
2023-02-17 17:00:21,373 - INFO - Best fit parameters: [9.29579502].
2023-02-17 17:00:21,419 - INFO - Maximum log composite likelihood: -101.09623839611413.
2023-02-17 17:00:21,419 - INFO - Optimal value of theta: 11233.741376769021.
2023-02-17 17:00:21,419 - INFO - Beginning optimization with guess, [4.82914224].
2023-02-17 17:00:21,513 - INFO - Finished optimization with guess, [4.82914224].
2023-02-17 17:00:21,513 - INFO - Best fit parameters: [4.82914224].
2023-02-17 17:00:21,559 - INFO - Maximum log composite likelihood: -101.09623839611413.
2023-02-17 17:00:21,559 - INFO - Optimal value of theta: 11233.741376769021.
2023-02-17 17:00:21,559 - INFO - Beginning optimization with guess, [4.10368621].
2023-02-17 17:00:21,651 - INFO - Finished optimization with guess, [4.10368621].
2023-02-17 17:00:21,651 - INFO - Best fit parameters: [4.10368621].
2023-02-17 17:00:21,697 - INFO - Maximum log composite likelihood: -101.09623839611413.
2023-02-17 17:00:21,698 - INFO - Optimal value of theta: 11233.741376769021.
2023-02-17 17:00:21,700 - INFO - Finished demographic inference.
2023-02-17 17:00:21,700 - INFO - Pipeline executed succesfully.
