2024-06-25 13:44:26,920 - INFO - Beginning execution of evaluate_demography.py in directory /u/project/ngarud/jonmah/demo_for_ccgb/Scripts

2024-06-25 13:44:26,921 - INFO - Progress is being logged to ../SupplementaryAnalysis/Parabacteroides_distasonis_56985/accessory_evaluate_demography.log

2024-06-25 13:44:26,921 - INFO - Parsed the following arguments:
	syn_input_sfs = ../SupplementaryAnalysis/Parabacteroides_distasonis_56985/accessory_empirical_syn_downsampled_sfs.txt
	mask_singletons = False
	mask_doubletons = False
	model_type = two_epoch
	outprefix = ../SupplementaryAnalysis/Parabacteroides_distasonis_56985/accessory
	params_list = [0.2219232, 0.5841091]

2024-06-25 13:44:26,924 - INFO - Beginning demographic evaluation for two-epoch demographic model.
2024-06-25 13:44:26,925 - INFO - Beginning optimization with guess, [0.2219232, 0.5841091].
2024-06-25 13:44:26,926 - INFO - Finished optimization with guess, [0.2219232, 0.5841091].
2024-06-25 13:44:26,926 - INFO - Best fit parameters: [0.2219232, 0.5841091].
2024-06-25 13:44:27,094 - INFO - Maximum log composite likelihood: -27.8080286653.
2024-06-25 13:44:27,095 - INFO - Optimal value of theta: 3506.0524995.
2024-06-25 13:44:27,095 - INFO - Synonymous input SFS: [-- 923.2076199647464 534.169341295959 394.28063883688293 342.99926552466644 321.6865887446982 314.3837079913922 156.534708460916 -- -- -- -- -- -- --].
2024-06-25 13:44:27,096 - INFO - Scaled spectrum: [-- 916.8310497145693 532.7816149668904 408.99701430126873 351.2308452615641 320.9723653236942 305.84312144299145 150.6058598082833 -- -- -- -- -- -- --].
2024-06-25 13:44:27,098 - INFO - Converting and interpreting Tau estimates.
2024-06-25 13:44:27,099 - INFO - Finished demographic evaluation.
2024-06-25 13:44:27,100 - INFO - Pipeline executed succesfully.
