2024-06-25 13:55:16,521 - INFO - Beginning execution of fit_dfe.py in directory /u/project/ngarud/jonmah/demo_for_ccgb/Scripts

2024-06-25 13:55:16,522 - INFO - Progress is being logged to ../SupplementaryAnalysis/Parabacteroides_distasonis_56985/accessory_log.log

2024-06-25 13:55:16,522 - INFO - Parsed the following arguments:
	syn_input_sfs = ../SupplementaryAnalysis/Parabacteroides_distasonis_56985/accessory_empirical_syn_downsampled_sfs.txt
	nonsyn_input_sfs = ../SupplementaryAnalysis/Parabacteroides_distasonis_56985/accessory_empirical_nonsyn_downsampled_sfs.txt
	input_demography = ../SupplementaryAnalysis/Parabacteroides_distasonis_56985/accessory_two_epoch_demography.txt
	input_model = two_epoch
	initial_alpha = 0.2
	initial_beta = 0.1
	outprefix = ../SupplementaryAnalysis/Parabacteroides_distasonis_56985/accessory

2024-06-25 13:55:16,536 - INFO - Loading input demography.
2024-06-25 13:55:16,551 - INFO - Input demographic parameters are: [0.2219232, 0.5841091].
2024-06-25 13:55:16,551 - INFO - Input theta_syn is: 3506.0524995.
2024-06-25 13:55:16,551 - INFO - Generating spectrum from input demography.
2024-06-25 13:56:33,432 - INFO - Fitting DFE.
2024-06-25 13:57:30,137 - WARNING - The integral is probably divergent, or slowly convergent.
2024-06-25 13:57:30,395 - WARNING - The algorithm does not converge.  Roundoff error is detected
  in the extrapolation table.  It is assumed that the requested tolerance
  cannot be achieved, and that the returned result (if full_output = 1) is 
  the best which can be obtained.
2024-06-25 13:58:39,381 - INFO - Fitting Neutral + Gamma DFE
2024-06-25 14:01:09,238 - INFO - Computing intermediate summary statistics.
2024-06-25 14:01:09,266 - INFO - Outputting results.
2024-06-25 14:01:09,290 - INFO - Pipeline executed succesfully.
