2024-06-11 15:28:19,516 - INFO - Beginning execution of fit_one_epoch.py in directory /u/project/ngarud/jonmah/demo_for_ccgb/Scripts

2024-06-11 15:28:19,516 - INFO - Progress is being logged to ../SupplementaryAnalysis/Parabacteroides_distasonis_56985/log.log

2024-06-11 15:28:19,516 - INFO - Parsed the following arguments:
	mask_doubletons = False
	syn_input_sfs = ../SupplementaryAnalysis/Parabacteroides_distasonis_56985/core_empirical_syn_downsampled_sfs.txt
	mask_singletons = False
	outprefix = ../SupplementaryAnalysis/Parabacteroides_distasonis_56985/

2024-06-11 15:28:19,519 - INFO - Beginning demographic inference for one-epoch demographic model.
2024-06-11 15:28:19,521 - INFO - Beginning optimization with guess, [0.11445342].
2024-06-11 15:28:20,977 - INFO - Finished optimization with guess, [0.11445342].
2024-06-11 15:28:20,977 - INFO - Best fit parameters: [0.11445342].
2024-06-11 15:28:21,018 - INFO - Maximum log composite likelihood: -256.018069817.
2024-06-11 15:28:21,018 - INFO - Optimal value of theta: 10367.0897482.
2024-06-11 15:28:21,019 - INFO - Beginning optimization with guess, [0.25165117].
2024-06-11 15:28:22,325 - INFO - Finished optimization with guess, [0.25165117].
2024-06-11 15:28:22,325 - INFO - Best fit parameters: [0.25165117].
2024-06-11 15:28:22,365 - INFO - Maximum log composite likelihood: -256.018069817.
2024-06-11 15:28:22,366 - INFO - Optimal value of theta: 10367.0897482.
2024-06-11 15:28:22,366 - INFO - Beginning optimization with guess, [0.56241038].
2024-06-11 15:28:23,551 - INFO - Finished optimization with guess, [0.56241038].
2024-06-11 15:28:23,552 - INFO - Best fit parameters: [0.56241038].
2024-06-11 15:28:23,592 - INFO - Maximum log composite likelihood: -256.018069817.
2024-06-11 15:28:23,593 - INFO - Optimal value of theta: 10367.0897482.
2024-06-11 15:28:23,593 - INFO - Beginning optimization with guess, [0.63045781].
2024-06-11 15:28:24,653 - INFO - Finished optimization with guess, [0.63045781].
2024-06-11 15:28:24,654 - INFO - Best fit parameters: [0.63045781].
2024-06-11 15:28:24,695 - INFO - Maximum log composite likelihood: -256.018069817.
2024-06-11 15:28:24,696 - INFO - Optimal value of theta: 10367.0897482.
2024-06-11 15:28:24,696 - INFO - Beginning optimization with guess, [0.83458755].
2024-06-11 15:28:25,639 - INFO - Finished optimization with guess, [0.83458755].
2024-06-11 15:28:25,639 - INFO - Best fit parameters: [0.83458755].
2024-06-11 15:28:25,681 - INFO - Maximum log composite likelihood: -256.018069817.
2024-06-11 15:28:25,681 - INFO - Optimal value of theta: 10367.0897482.
2024-06-11 15:28:25,682 - INFO - Beginning optimization with guess, [0.95946847].
2024-06-11 15:28:26,371 - INFO - Finished optimization with guess, [0.95946847].
2024-06-11 15:28:26,371 - INFO - Best fit parameters: [0.95946847].
2024-06-11 15:28:26,411 - INFO - Maximum log composite likelihood: -256.018069817.
2024-06-11 15:28:26,412 - INFO - Optimal value of theta: 10367.0897482.
2024-06-11 15:28:26,412 - INFO - Beginning optimization with guess, [0.48971857].
2024-06-11 15:28:27,594 - INFO - Finished optimization with guess, [0.48971857].
2024-06-11 15:28:27,595 - INFO - Best fit parameters: [0.48971857].
2024-06-11 15:28:27,638 - INFO - Maximum log composite likelihood: -256.018069817.
2024-06-11 15:28:27,638 - INFO - Optimal value of theta: 10367.0897482.
2024-06-11 15:28:27,639 - INFO - Beginning optimization with guess, [0.94867762].
2024-06-11 15:28:28,333 - INFO - Finished optimization with guess, [0.94867762].
2024-06-11 15:28:28,333 - INFO - Best fit parameters: [0.94867762].
2024-06-11 15:28:28,373 - INFO - Maximum log composite likelihood: -256.018069817.
2024-06-11 15:28:28,374 - INFO - Optimal value of theta: 10367.0897482.
2024-06-11 15:28:28,374 - INFO - Beginning optimization with guess, [1.58311688].
2024-06-11 15:28:29,436 - INFO - Finished optimization with guess, [1.58311688].
2024-06-11 15:28:29,436 - INFO - Best fit parameters: [1.58311688].
2024-06-11 15:28:29,476 - INFO - Maximum log composite likelihood: -256.018069817.
2024-06-11 15:28:29,477 - INFO - Optimal value of theta: 10367.0897482.
2024-06-11 15:28:29,477 - INFO - Beginning optimization with guess, [1.03639069].
2024-06-11 15:28:30,170 - INFO - Finished optimization with guess, [1.03639069].
2024-06-11 15:28:30,170 - INFO - Best fit parameters: [1.03639069].
2024-06-11 15:28:30,211 - INFO - Maximum log composite likelihood: -256.018069817.
2024-06-11 15:28:30,211 - INFO - Optimal value of theta: 10367.0897482.
2024-06-11 15:28:30,212 - INFO - Beginning optimization with guess, [2.23182449].
2024-06-11 15:28:31,394 - INFO - Finished optimization with guess, [2.23182449].
2024-06-11 15:28:31,394 - INFO - Best fit parameters: [2.23182449].
2024-06-11 15:28:31,435 - INFO - Maximum log composite likelihood: -256.018069817.
2024-06-11 15:28:31,436 - INFO - Optimal value of theta: 10367.0897482.
2024-06-11 15:28:31,436 - INFO - Beginning optimization with guess, [2.75048434].
2024-06-11 15:28:32,611 - INFO - Finished optimization with guess, [2.75048434].
2024-06-11 15:28:32,611 - INFO - Best fit parameters: [2.75048434].
2024-06-11 15:28:32,651 - INFO - Maximum log composite likelihood: -256.018069817.
2024-06-11 15:28:32,652 - INFO - Optimal value of theta: 10367.0897482.
2024-06-11 15:28:32,652 - INFO - Beginning optimization with guess, [1.5490865].
2024-06-11 15:28:33,710 - INFO - Finished optimization with guess, [1.5490865].
2024-06-11 15:28:33,712 - INFO - Best fit parameters: [1.5490865].
2024-06-11 15:28:33,753 - INFO - Maximum log composite likelihood: -256.018069817.
2024-06-11 15:28:33,754 - INFO - Optimal value of theta: 10367.0897482.
2024-06-11 15:28:33,754 - INFO - Beginning optimization with guess, [2.34630429].
2024-06-11 15:28:34,928 - INFO - Finished optimization with guess, [2.34630429].
2024-06-11 15:28:34,928 - INFO - Best fit parameters: [2.34630429].
2024-06-11 15:28:34,968 - INFO - Maximum log composite likelihood: -256.018069817.
2024-06-11 15:28:34,969 - INFO - Optimal value of theta: 10367.0897482.
2024-06-11 15:28:34,969 - INFO - Beginning optimization with guess, [2.51962775].
2024-06-11 15:28:36,142 - INFO - Finished optimization with guess, [2.51962775].
2024-06-11 15:28:36,143 - INFO - Best fit parameters: [2.51962775].
2024-06-11 15:28:36,183 - INFO - Maximum log composite likelihood: -256.018069817.
2024-06-11 15:28:36,183 - INFO - Optimal value of theta: 10367.0897482.
2024-06-11 15:28:36,184 - INFO - Beginning optimization with guess, [1.91997036].
2024-06-11 15:28:37,358 - INFO - Finished optimization with guess, [1.91997036].
2024-06-11 15:28:37,358 - INFO - Best fit parameters: [1.91997036].
2024-06-11 15:28:37,398 - INFO - Maximum log composite likelihood: -256.018069817.
2024-06-11 15:28:37,399 - INFO - Optimal value of theta: 10367.0897482.
2024-06-11 15:28:37,399 - INFO - Beginning optimization with guess, [2.67973145].
2024-06-11 15:28:38,578 - INFO - Finished optimization with guess, [2.67973145].
2024-06-11 15:28:38,579 - INFO - Best fit parameters: [2.67973145].
2024-06-11 15:28:38,621 - INFO - Maximum log composite likelihood: -256.018069817.
2024-06-11 15:28:38,621 - INFO - Optimal value of theta: 10367.0897482.
2024-06-11 15:28:38,621 - INFO - Beginning optimization with guess, [2.01273359].
2024-06-11 15:28:39,799 - INFO - Finished optimization with guess, [2.01273359].
2024-06-11 15:28:39,800 - INFO - Best fit parameters: [2.01273359].
2024-06-11 15:28:39,840 - INFO - Maximum log composite likelihood: -256.018069817.
2024-06-11 15:28:39,841 - INFO - Optimal value of theta: 10367.0897482.
2024-06-11 15:28:39,841 - INFO - Beginning optimization with guess, [4.19185645].
2024-06-11 15:28:41,141 - INFO - Finished optimization with guess, [4.19185645].
2024-06-11 15:28:41,141 - INFO - Best fit parameters: [4.19185645].
2024-06-11 15:28:41,182 - INFO - Maximum log composite likelihood: -256.018069817.
2024-06-11 15:28:41,183 - INFO - Optimal value of theta: 10367.0897482.
2024-06-11 15:28:41,183 - INFO - Beginning optimization with guess, [2.02022498].
2024-06-11 15:28:42,361 - INFO - Finished optimization with guess, [2.02022498].
2024-06-11 15:28:42,361 - INFO - Best fit parameters: [2.02022498].
2024-06-11 15:28:42,401 - INFO - Maximum log composite likelihood: -256.018069817.
2024-06-11 15:28:42,402 - INFO - Optimal value of theta: 10367.0897482.
2024-06-11 15:28:42,402 - INFO - Beginning optimization with guess, [7.6144481].
2024-06-11 15:28:43,700 - INFO - Finished optimization with guess, [7.6144481].
2024-06-11 15:28:43,700 - INFO - Best fit parameters: [7.6144481].
2024-06-11 15:28:43,741 - INFO - Maximum log composite likelihood: -256.018069817.
2024-06-11 15:28:43,742 - INFO - Optimal value of theta: 10367.0897482.
2024-06-11 15:28:43,742 - INFO - Beginning optimization with guess, [3.57084363].
2024-06-11 15:28:45,043 - INFO - Finished optimization with guess, [3.57084363].
2024-06-11 15:28:45,045 - INFO - Best fit parameters: [3.57084363].
2024-06-11 15:28:45,086 - INFO - Maximum log composite likelihood: -256.018069817.
2024-06-11 15:28:45,087 - INFO - Optimal value of theta: 10367.0897482.
2024-06-11 15:28:45,087 - INFO - Beginning optimization with guess, [11.86227265].
2024-06-11 15:28:46,515 - INFO - Finished optimization with guess, [11.86227265].
2024-06-11 15:28:46,515 - INFO - Best fit parameters: [11.86227265].
2024-06-11 15:28:46,556 - INFO - Maximum log composite likelihood: -256.018069817.
2024-06-11 15:28:46,556 - INFO - Optimal value of theta: 10367.0897482.
2024-06-11 15:28:46,557 - INFO - Beginning optimization with guess, [3.52676898].
2024-06-11 15:28:47,852 - INFO - Finished optimization with guess, [3.52676898].
2024-06-11 15:28:47,853 - INFO - Best fit parameters: [3.52676898].
2024-06-11 15:28:47,894 - INFO - Maximum log composite likelihood: -256.018069817.
2024-06-11 15:28:47,894 - INFO - Optimal value of theta: 10367.0897482.
2024-06-11 15:28:47,901 - INFO - Beginning demographic inference for two-epoch demographic model.
2024-06-11 15:28:47,904 - INFO - Beginning optimization with guess, [0.11761063 0.01278393].
2024-06-11 15:28:49,920 - INFO - Finished optimization with guess, [0.11761063 0.01278393].
2024-06-11 15:28:49,922 - INFO - Best fit parameters: [0.45189537 0.04342375].
2024-06-11 15:28:49,967 - INFO - Maximum log composite likelihood: -121.765380234.
2024-06-11 15:28:49,967 - INFO - Optimal value of theta: 11387.016937.
2024-06-11 15:28:49,968 - INFO - Beginning optimization with guess, [0.3281715  0.01019209].
2024-06-11 15:28:52,212 - INFO - Finished optimization with guess, [0.3281715  0.01019209].
2024-06-11 15:28:52,212 - INFO - Best fit parameters: [0.56249715 0.35376656].
2024-06-11 15:28:52,276 - INFO - Maximum log composite likelihood: -65.5557920322.
2024-06-11 15:28:52,277 - INFO - Optimal value of theta: 13730.0090237.
2024-06-11 15:28:52,277 - INFO - Beginning optimization with guess, [0.33598784 0.0144063 ].
2024-06-11 15:28:54,529 - INFO - Finished optimization with guess, [0.33598784 0.0144063 ].
2024-06-11 15:28:54,530 - INFO - Best fit parameters: [0.61324213 0.4082632 ].
2024-06-11 15:28:54,597 - INFO - Maximum log composite likelihood: -65.8338676797.
2024-06-11 15:28:54,597 - INFO - Optimal value of theta: 13340.6635201.
2024-06-11 15:28:54,597 - INFO - Beginning optimization with guess, [0.70166006 0.01039265].
2024-06-11 15:28:58,055 - INFO - Finished optimization with guess, [0.70166006 0.01039265].
2024-06-11 15:28:58,056 - INFO - Best fit parameters: [0.48323341 0.52831589].
2024-06-11 15:28:58,135 - INFO - Maximum log composite likelihood: -61.9392522383.
2024-06-11 15:28:58,135 - INFO - Optimal value of theta: 16580.7831895.
2024-06-11 15:28:58,135 - INFO - Beginning optimization with guess, [0.83766257 0.00852554].
2024-06-11 15:29:01,232 - INFO - Finished optimization with guess, [0.83766257 0.00852554].
2024-06-11 15:29:01,233 - INFO - Best fit parameters: [0.52202041 0.51458598].
2024-06-11 15:29:01,310 - INFO - Maximum log composite likelihood: -62.463920887.
2024-06-11 15:29:01,311 - INFO - Optimal value of theta: 15511.6003901.
2024-06-11 15:29:01,311 - INFO - Beginning optimization with guess, [1.1158059  0.01040989].
2024-06-11 15:29:12,857 - INFO - Finished optimization with guess, [1.1158059  0.01040989].
2024-06-11 15:29:12,859 - INFO - Best fit parameters: [0.8224545  0.28771354].
2024-06-11 15:29:12,914 - INFO - Maximum log composite likelihood: -133.464525899.
2024-06-11 15:29:12,914 - INFO - Optimal value of theta: 11167.7719877.
2024-06-11 15:29:12,915 - INFO - Beginning optimization with guess, [0.92040605 0.00549506].
2024-06-11 15:29:16,047 - INFO - Finished optimization with guess, [0.92040605 0.00549506].
2024-06-11 15:29:16,048 - INFO - Best fit parameters: [0.42554798 0.58101345].
2024-06-11 15:29:16,137 - INFO - Maximum log composite likelihood: -61.9325828976.
2024-06-11 15:29:16,138 - INFO - Optimal value of theta: 18994.1694084.
2024-06-11 15:29:16,138 - INFO - Beginning optimization with guess, [0.91755354 0.01505908].
2024-06-11 15:29:18,973 - INFO - Finished optimization with guess, [0.91755354 0.01505908].
2024-06-11 15:29:18,973 - INFO - Best fit parameters: [0.81670846 0.2993071 ].
2024-06-11 15:29:19,028 - INFO - Maximum log composite likelihood: -129.969653374.
2024-06-11 15:29:19,028 - INFO - Optimal value of theta: 11220.9956967.
2024-06-11 15:29:19,028 - INFO - Beginning optimization with guess, [1.08688987 0.01243246].
2024-06-11 15:29:28,727 - INFO - Finished optimization with guess, [1.08688987 0.01243246].
2024-06-11 15:29:28,728 - INFO - Best fit parameters: [0.85235791 0.43959736].
2024-06-11 15:29:28,788 - INFO - Maximum log composite likelihood: -152.835245411.
2024-06-11 15:29:28,789 - INFO - Optimal value of theta: 11200.7094083.
2024-06-11 15:29:28,789 - INFO - Beginning optimization with guess, [0.91570939 0.00614702].
2024-06-11 15:29:31,879 - INFO - Finished optimization with guess, [0.91570939 0.00614702].
2024-06-11 15:29:31,880 - INFO - Best fit parameters: [0.45074324 0.55325349].
2024-06-11 15:29:31,965 - INFO - Maximum log composite likelihood: -61.8175312847.
2024-06-11 15:29:31,965 - INFO - Optimal value of theta: 17790.8812534.
2024-06-11 15:29:31,965 - INFO - Beginning optimization with guess, [2.422404   0.00540537].
2024-06-11 15:29:37,018 - INFO - Finished optimization with guess, [2.422404   0.00540537].
2024-06-11 15:29:37,019 - INFO - Best fit parameters: [0.50282332 0.51221356].
2024-06-11 15:29:37,097 - INFO - Maximum log composite likelihood: -62.0634123576.
2024-06-11 15:29:37,097 - INFO - Optimal value of theta: 15947.5744703.
2024-06-11 15:29:37,097 - INFO - Beginning optimization with guess, [1.17913478 0.00641423].
2024-06-11 15:29:46,037 - INFO - Finished optimization with guess, [1.17913478 0.00641423].
2024-06-11 15:29:46,038 - INFO - Best fit parameters: [0.58051066 0.52723336].
2024-06-11 15:29:46,112 - INFO - Maximum log composite likelihood: -67.1881611326.
2024-06-11 15:29:46,113 - INFO - Optimal value of theta: 14411.6445246.
2024-06-11 15:29:46,113 - INFO - Beginning optimization with guess, [0.96132276 0.0133743 ].
2024-06-11 15:29:48,685 - INFO - Finished optimization with guess, [0.96132276 0.0133743 ].
2024-06-11 15:29:48,685 - INFO - Best fit parameters: [0.60754583 0.34330874].
2024-06-11 15:29:48,746 - INFO - Maximum log composite likelihood: -65.5001165612.
2024-06-11 15:29:48,746 - INFO - Optimal value of theta: 13085.985738.
2024-06-11 15:29:48,747 - INFO - Beginning optimization with guess, [1.14715131 0.01123876].
2024-06-11 15:29:59,452 - INFO - Finished optimization with guess, [1.14715131 0.01123876].
2024-06-11 15:29:59,454 - INFO - Best fit parameters: [0.76858182 0.43136294].
2024-06-11 15:29:59,516 - INFO - Maximum log composite likelihood: -109.549914618.
2024-06-11 15:29:59,516 - INFO - Optimal value of theta: 11808.6350078.
2024-06-11 15:29:59,517 - INFO - Beginning optimization with guess, [3.0680947  0.00986478].
2024-06-11 15:30:03,708 - INFO - Finished optimization with guess, [3.0680947  0.00986478].
2024-06-11 15:30:03,709 - INFO - Best fit parameters: [0.53880437 0.47210737].
2024-06-11 15:30:03,781 - INFO - Maximum log composite likelihood: -62.4723689274.
2024-06-11 15:30:03,782 - INFO - Optimal value of theta: 14885.2804438.
2024-06-11 15:30:03,782 - INFO - Beginning optimization with guess, [1.41946937 0.00933371].
2024-06-11 15:30:16,956 - INFO - Finished optimization with guess, [1.41946937 0.00933371].
2024-06-11 15:30:16,957 - INFO - Best fit parameters: [0.58882151 0.29685287].
2024-06-11 15:30:17,016 - INFO - Maximum log composite likelihood: -67.5339690115.
2024-06-11 15:30:17,017 - INFO - Optimal value of theta: 13035.7918484.
2024-06-11 15:30:17,017 - INFO - Beginning optimization with guess, [1.455429   0.00553707].
2024-06-11 15:30:27,363 - INFO - Finished optimization with guess, [1.455429   0.00553707].
2024-06-11 15:30:27,364 - INFO - Best fit parameters: [0.58936661 0.51655425].
2024-06-11 15:30:27,438 - INFO - Maximum log composite likelihood: -67.56914588.
2024-06-11 15:30:27,439 - INFO - Optimal value of theta: 14207.1639666.
2024-06-11 15:30:27,439 - INFO - Beginning optimization with guess, [1.70447885 0.00755124].
2024-06-11 15:30:32,235 - INFO - Finished optimization with guess, [1.70447885 0.00755124].
2024-06-11 15:30:32,235 - INFO - Best fit parameters: [0.57568668 0.38655301].
2024-06-11 15:30:32,301 - INFO - Maximum log composite likelihood: -63.8187700035.
2024-06-11 15:30:32,302 - INFO - Optimal value of theta: 13742.1152513.
2024-06-11 15:30:32,302 - INFO - Beginning optimization with guess, [5.9763896  0.01559976].
2024-06-11 15:30:34,730 - INFO - Finished optimization with guess, [5.9763896  0.01559976].
2024-06-11 15:30:34,731 - INFO - Best fit parameters: [0.61282792 0.37427601].
2024-06-11 15:30:34,795 - INFO - Maximum log composite likelihood: -65.4736034488.
2024-06-11 15:30:34,796 - INFO - Optimal value of theta: 13181.2348804.
2024-06-11 15:30:34,796 - INFO - Beginning optimization with guess, [2.4772328  0.00910158].
2024-06-11 15:30:38,862 - INFO - Finished optimization with guess, [2.4772328  0.00910158].
2024-06-11 15:30:38,863 - INFO - Best fit parameters: [0.59576548 0.36872148].
2024-06-11 15:30:38,928 - INFO - Maximum log composite likelihood: -64.534860728.
2024-06-11 15:30:38,928 - INFO - Optimal value of theta: 13367.2745607.
2024-06-11 15:30:38,928 - INFO - Beginning optimization with guess, [4.93368453 0.01362843].
2024-06-11 15:30:42,874 - INFO - Finished optimization with guess, [4.93368453 0.01362843].
2024-06-11 15:30:42,876 - INFO - Best fit parameters: [0.53148625 0.49740738].
2024-06-11 15:30:42,951 - INFO - Maximum log composite likelihood: -62.4755657246.
2024-06-11 15:30:42,951 - INFO - Optimal value of theta: 15194.4556519.
2024-06-11 15:30:42,952 - INFO - Beginning optimization with guess, [6.28580986 0.01308104].
2024-06-11 15:30:44,890 - INFO - Finished optimization with guess, [6.28580986 0.01308104].
2024-06-11 15:30:44,890 - INFO - Best fit parameters: [0.04859741 0.00166924].
2024-06-11 15:30:44,934 - INFO - Maximum log composite likelihood: -149.987447765.
2024-06-11 15:30:44,934 - INFO - Optimal value of theta: 11079.9520978.
2024-06-11 15:30:44,935 - INFO - Beginning optimization with guess, [9.94655931 0.01721586].
2024-06-11 15:30:47,069 - INFO - Finished optimization with guess, [9.94655931 0.01721586].
2024-06-11 15:30:47,069 - INFO - Best fit parameters: [9.25152841e-05 3.16670910e-06].
2024-06-11 15:30:47,113 - INFO - Maximum log composite likelihood: -150.867093352.
2024-06-11 15:30:47,113 - INFO - Optimal value of theta: 11116.3916021.
2024-06-11 15:30:47,114 - INFO - Beginning optimization with guess, [8.52840387e+00 6.06437000e-03].
2024-06-11 15:30:52,417 - INFO - Finished optimization with guess, [8.52840387e+00 6.06437000e-03].
2024-06-11 15:30:52,417 - INFO - Best fit parameters: [0.5488489  0.45272746].
2024-06-11 15:30:52,489 - INFO - Maximum log composite likelihood: -62.6676185557.
2024-06-11 15:30:52,489 - INFO - Optimal value of theta: 14574.7940093.
2024-06-11 15:30:52,492 - INFO - Finished demographic inference.
2024-06-11 15:30:52,492 - INFO - Pipeline executed succesfully.
