2023-02-17 16:17:40,795 - INFO - Beginning execution of fit_one_epoch.py in directory /u/project/ngarud/jonmah/demo_for_ccgb/Scripts

2023-02-17 16:17:40,795 - INFO - Progress is being logged to ../Analysis/Alistipes_putredinis_61533_downsampled_12/log.log

2023-02-17 16:17:40,795 - INFO - Parsed the following arguments:
	syn_input_sfs = ../Analysis/Alistipes_putredinis_61533_downsampled_12/empirical_sfs.txt
	mask_singletons = False
	mask_doubletons = False
	outprefix = ../Analysis/Alistipes_putredinis_61533_downsampled_12/

2023-02-17 16:17:40,808 - INFO - Beginning demographic inference for one-epoch demographic model.
2023-02-17 16:17:40,813 - INFO - Beginning optimization with guess, [0.17748792].
2023-02-17 16:17:40,891 - INFO - Finished optimization with guess, [0.17748792].
2023-02-17 16:17:40,891 - INFO - Best fit parameters: [0.17748792].
2023-02-17 16:17:40,928 - INFO - Maximum log composite likelihood: -735.249998197641.
2023-02-17 16:17:40,929 - INFO - Optimal value of theta: 2659.2160998033237.
2023-02-17 16:17:40,929 - INFO - Beginning optimization with guess, [0.38662222].
2023-02-17 16:17:41,005 - INFO - Finished optimization with guess, [0.38662222].
2023-02-17 16:17:41,005 - INFO - Best fit parameters: [0.38662222].
2023-02-17 16:17:41,042 - INFO - Maximum log composite likelihood: -735.249998197641.
2023-02-17 16:17:41,043 - INFO - Optimal value of theta: 2659.2160998033237.
2023-02-17 16:17:41,043 - INFO - Beginning optimization with guess, [0.30784272].
2023-02-17 16:17:41,118 - INFO - Finished optimization with guess, [0.30784272].
2023-02-17 16:17:41,118 - INFO - Best fit parameters: [0.30784272].
2023-02-17 16:17:41,155 - INFO - Maximum log composite likelihood: -735.249998197641.
2023-02-17 16:17:41,156 - INFO - Optimal value of theta: 2659.2160998033237.
2023-02-17 16:17:41,156 - INFO - Beginning optimization with guess, [0.75302447].
2023-02-17 16:17:41,235 - INFO - Finished optimization with guess, [0.75302447].
2023-02-17 16:17:41,235 - INFO - Best fit parameters: [0.75302447].
2023-02-17 16:17:41,273 - INFO - Maximum log composite likelihood: -735.249998197641.
2023-02-17 16:17:41,273 - INFO - Optimal value of theta: 2659.2160998033237.
2023-02-17 16:17:41,274 - INFO - Beginning optimization with guess, [0.75195278].
2023-02-17 16:17:41,350 - INFO - Finished optimization with guess, [0.75195278].
2023-02-17 16:17:41,351 - INFO - Best fit parameters: [0.75195278].
2023-02-17 16:17:41,387 - INFO - Maximum log composite likelihood: -735.249998197641.
2023-02-17 16:17:41,388 - INFO - Optimal value of theta: 2659.2160998033237.
2023-02-17 16:17:41,388 - INFO - Beginning optimization with guess, [0.77173325].
2023-02-17 16:17:41,464 - INFO - Finished optimization with guess, [0.77173325].
2023-02-17 16:17:41,464 - INFO - Best fit parameters: [0.77173325].
2023-02-17 16:17:41,502 - INFO - Maximum log composite likelihood: -735.249998197641.
2023-02-17 16:17:41,502 - INFO - Optimal value of theta: 2659.2160998033237.
2023-02-17 16:17:41,503 - INFO - Beginning optimization with guess, [0.42065585].
2023-02-17 16:17:41,577 - INFO - Finished optimization with guess, [0.42065585].
2023-02-17 16:17:41,578 - INFO - Best fit parameters: [0.42065585].
2023-02-17 16:17:41,614 - INFO - Maximum log composite likelihood: -735.249998197641.
2023-02-17 16:17:41,615 - INFO - Optimal value of theta: 2659.2160998033237.
2023-02-17 16:17:41,615 - INFO - Beginning optimization with guess, [1.11122904].
2023-02-17 16:17:41,689 - INFO - Finished optimization with guess, [1.11122904].
2023-02-17 16:17:41,689 - INFO - Best fit parameters: [1.11122904].
2023-02-17 16:17:41,726 - INFO - Maximum log composite likelihood: -735.249998197641.
2023-02-17 16:17:41,727 - INFO - Optimal value of theta: 2659.2160998033237.
2023-02-17 16:17:41,727 - INFO - Beginning optimization with guess, [1.11642357].
2023-02-17 16:17:41,803 - INFO - Finished optimization with guess, [1.11642357].
2023-02-17 16:17:41,803 - INFO - Best fit parameters: [1.11642357].
2023-02-17 16:17:41,840 - INFO - Maximum log composite likelihood: -735.249998197641.
2023-02-17 16:17:41,841 - INFO - Optimal value of theta: 2659.2160998033237.
2023-02-17 16:17:41,841 - INFO - Beginning optimization with guess, [0.6243026].
2023-02-17 16:17:41,916 - INFO - Finished optimization with guess, [0.6243026].
2023-02-17 16:17:41,916 - INFO - Best fit parameters: [0.6243026].
2023-02-17 16:17:41,953 - INFO - Maximum log composite likelihood: -735.249998197641.
2023-02-17 16:17:41,953 - INFO - Optimal value of theta: 2659.2160998033237.
2023-02-17 16:17:41,954 - INFO - Beginning optimization with guess, [1.07864798].
2023-02-17 16:17:42,028 - INFO - Finished optimization with guess, [1.07864798].
2023-02-17 16:17:42,029 - INFO - Best fit parameters: [1.07864798].
2023-02-17 16:17:42,065 - INFO - Maximum log composite likelihood: -735.249998197641.
2023-02-17 16:17:42,066 - INFO - Optimal value of theta: 2659.2160998033237.
2023-02-17 16:17:42,066 - INFO - Beginning optimization with guess, [0.91083013].
2023-02-17 16:17:42,140 - INFO - Finished optimization with guess, [0.91083013].
2023-02-17 16:17:42,141 - INFO - Best fit parameters: [0.91083013].
2023-02-17 16:17:42,177 - INFO - Maximum log composite likelihood: -735.249998197641.
2023-02-17 16:17:42,178 - INFO - Optimal value of theta: 2659.2160998033237.
2023-02-17 16:17:42,178 - INFO - Beginning optimization with guess, [0.99318214].
2023-02-17 16:17:42,254 - INFO - Finished optimization with guess, [0.99318214].
2023-02-17 16:17:42,254 - INFO - Best fit parameters: [0.99318214].
2023-02-17 16:17:42,291 - INFO - Maximum log composite likelihood: -735.249998197641.
2023-02-17 16:17:42,291 - INFO - Optimal value of theta: 2659.2160998033237.
2023-02-17 16:17:42,292 - INFO - Beginning optimization with guess, [1.01062116].
2023-02-17 16:17:42,366 - INFO - Finished optimization with guess, [1.01062116].
2023-02-17 16:17:42,366 - INFO - Best fit parameters: [1.01062116].
2023-02-17 16:17:42,404 - INFO - Maximum log composite likelihood: -735.249998197641.
2023-02-17 16:17:42,405 - INFO - Optimal value of theta: 2659.2160998033237.
2023-02-17 16:17:42,405 - INFO - Beginning optimization with guess, [2.78293707].
2023-02-17 16:17:42,479 - INFO - Finished optimization with guess, [2.78293707].
2023-02-17 16:17:42,479 - INFO - Best fit parameters: [2.78293707].
2023-02-17 16:17:42,516 - INFO - Maximum log composite likelihood: -735.249998197641.
2023-02-17 16:17:42,517 - INFO - Optimal value of theta: 2659.2160998033237.
2023-02-17 16:17:42,517 - INFO - Beginning optimization with guess, [3.12139107].
2023-02-17 16:17:42,591 - INFO - Finished optimization with guess, [3.12139107].
2023-02-17 16:17:42,592 - INFO - Best fit parameters: [3.12139107].
2023-02-17 16:17:42,629 - INFO - Maximum log composite likelihood: -735.249998197641.
2023-02-17 16:17:42,629 - INFO - Optimal value of theta: 2659.2160998033237.
2023-02-17 16:17:42,630 - INFO - Beginning optimization with guess, [1.46342067].
2023-02-17 16:17:42,704 - INFO - Finished optimization with guess, [1.46342067].
2023-02-17 16:17:42,704 - INFO - Best fit parameters: [1.46342067].
2023-02-17 16:17:42,743 - INFO - Maximum log composite likelihood: -735.249998197641.
2023-02-17 16:17:42,744 - INFO - Optimal value of theta: 2659.2160998033237.
2023-02-17 16:17:42,744 - INFO - Beginning optimization with guess, [3.63185906].
2023-02-17 16:17:42,820 - INFO - Finished optimization with guess, [3.63185906].
2023-02-17 16:17:42,820 - INFO - Best fit parameters: [3.63185906].
2023-02-17 16:17:42,856 - INFO - Maximum log composite likelihood: -735.249998197641.
2023-02-17 16:17:42,857 - INFO - Optimal value of theta: 2659.2160998033237.
2023-02-17 16:17:42,857 - INFO - Beginning optimization with guess, [5.26726218].
2023-02-17 16:17:42,932 - INFO - Finished optimization with guess, [5.26726218].
2023-02-17 16:17:42,932 - INFO - Best fit parameters: [5.26726218].
2023-02-17 16:17:42,969 - INFO - Maximum log composite likelihood: -735.249998197641.
2023-02-17 16:17:42,969 - INFO - Optimal value of theta: 2659.2160998033237.
2023-02-17 16:17:42,970 - INFO - Beginning optimization with guess, [4.58219392].
2023-02-17 16:17:43,044 - INFO - Finished optimization with guess, [4.58219392].
2023-02-17 16:17:43,044 - INFO - Best fit parameters: [4.58219392].
2023-02-17 16:17:43,082 - INFO - Maximum log composite likelihood: -735.249998197641.
2023-02-17 16:17:43,082 - INFO - Optimal value of theta: 2659.2160998033237.
2023-02-17 16:17:43,083 - INFO - Beginning optimization with guess, [3.13159177].
2023-02-17 16:17:43,155 - INFO - Finished optimization with guess, [3.13159177].
2023-02-17 16:17:43,156 - INFO - Best fit parameters: [3.13159177].
2023-02-17 16:17:43,191 - INFO - Maximum log composite likelihood: -735.249998197641.
2023-02-17 16:17:43,192 - INFO - Optimal value of theta: 2659.2160998033237.
2023-02-17 16:17:43,192 - INFO - Beginning optimization with guess, [7.35502347].
2023-02-17 16:17:43,267 - INFO - Finished optimization with guess, [7.35502347].
2023-02-17 16:17:43,268 - INFO - Best fit parameters: [7.35502347].
2023-02-17 16:17:43,305 - INFO - Maximum log composite likelihood: -735.249998197641.
2023-02-17 16:17:43,306 - INFO - Optimal value of theta: 2659.2160998033237.
2023-02-17 16:17:43,306 - INFO - Beginning optimization with guess, [3.39108543].
2023-02-17 16:17:43,381 - INFO - Finished optimization with guess, [3.39108543].
2023-02-17 16:17:43,382 - INFO - Best fit parameters: [3.39108543].
2023-02-17 16:17:43,418 - INFO - Maximum log composite likelihood: -735.249998197641.
2023-02-17 16:17:43,418 - INFO - Optimal value of theta: 2659.2160998033237.
2023-02-17 16:17:43,419 - INFO - Beginning optimization with guess, [4.45255067].
2023-02-17 16:17:43,495 - INFO - Finished optimization with guess, [4.45255067].
2023-02-17 16:17:43,495 - INFO - Best fit parameters: [4.45255067].
2023-02-17 16:17:43,532 - INFO - Maximum log composite likelihood: -735.249998197641.
2023-02-17 16:17:43,532 - INFO - Optimal value of theta: 2659.2160998033237.
2023-02-17 16:17:43,533 - INFO - Beginning optimization with guess, [15.51418846].
2023-02-17 16:17:43,610 - INFO - Finished optimization with guess, [15.51418846].
2023-02-17 16:17:43,610 - INFO - Best fit parameters: [15.51418846].
2023-02-17 16:17:43,648 - INFO - Maximum log composite likelihood: -735.249998197641.
2023-02-17 16:17:43,648 - INFO - Optimal value of theta: 2659.2160998033237.
2023-02-17 16:17:43,671 - INFO - Finished demographic inference.
2023-02-17 16:17:43,671 - INFO - Pipeline executed succesfully.
