2023-04-12 14:43:43,565 - INFO - Beginning execution of fit_one_epoch.py in directory /u/project/ngarud/jonmah/demo_for_ccgb/Scripts

2023-04-12 14:43:43,565 - INFO - Progress is being logged to ../Analysis/Bacteroides_caccae_53434_downsampled_14/complete_log.log

2023-04-12 14:43:43,565 - INFO - Parsed the following arguments:
	syn_input_sfs = ../Analysis/Bacteroides_caccae_53434_downsampled_14/empirical_syn_downsampled_sfs.txt
	mask_singletons = False
	mask_doubletons = False
	outprefix = ../Analysis/Bacteroides_caccae_53434_downsampled_14/complete

2023-04-12 14:43:43,591 - INFO - Beginning demographic inference for one-epoch demographic model.
2023-04-12 14:43:43,595 - INFO - Beginning optimization with guess, [0.06714401].
2023-04-12 14:43:43,643 - INFO - Finished optimization with guess, [0.06714401].
2023-04-12 14:43:43,643 - INFO - Best fit parameters: [0.06714401].
2023-04-12 14:43:43,667 - INFO - Maximum log composite likelihood: -36.34093501992811.
2023-04-12 14:43:43,667 - INFO - Optimal value of theta: 5097.150364189614.
2023-04-12 14:43:43,668 - INFO - Beginning optimization with guess, [0.22853312].
2023-04-12 14:43:43,715 - INFO - Finished optimization with guess, [0.22853312].
2023-04-12 14:43:43,715 - INFO - Best fit parameters: [0.22853312].
2023-04-12 14:43:43,739 - INFO - Maximum log composite likelihood: -36.34093501992811.
2023-04-12 14:43:43,739 - INFO - Optimal value of theta: 5097.150364189614.
2023-04-12 14:43:43,739 - INFO - Beginning optimization with guess, [0.20737167].
2023-04-12 14:43:43,787 - INFO - Finished optimization with guess, [0.20737167].
2023-04-12 14:43:43,787 - INFO - Best fit parameters: [0.20737167].
2023-04-12 14:43:43,811 - INFO - Maximum log composite likelihood: -36.34093501992811.
2023-04-12 14:43:43,811 - INFO - Optimal value of theta: 5097.150364189614.
2023-04-12 14:43:43,811 - INFO - Beginning optimization with guess, [0.77522725].
2023-04-12 14:43:43,859 - INFO - Finished optimization with guess, [0.77522725].
2023-04-12 14:43:43,859 - INFO - Best fit parameters: [0.77522725].
2023-04-12 14:43:43,882 - INFO - Maximum log composite likelihood: -36.34093501992811.
2023-04-12 14:43:43,883 - INFO - Optimal value of theta: 5097.150364189614.
2023-04-12 14:43:43,883 - INFO - Beginning optimization with guess, [0.60985846].
2023-04-12 14:43:43,930 - INFO - Finished optimization with guess, [0.60985846].
2023-04-12 14:43:43,931 - INFO - Best fit parameters: [0.60985846].
2023-04-12 14:43:43,954 - INFO - Maximum log composite likelihood: -36.34093501992811.
2023-04-12 14:43:43,955 - INFO - Optimal value of theta: 5097.150364189614.
2023-04-12 14:43:43,955 - INFO - Beginning optimization with guess, [0.44764911].
2023-04-12 14:43:44,003 - INFO - Finished optimization with guess, [0.44764911].
2023-04-12 14:43:44,003 - INFO - Best fit parameters: [0.44764911].
2023-04-12 14:43:44,026 - INFO - Maximum log composite likelihood: -36.34093501992811.
2023-04-12 14:43:44,027 - INFO - Optimal value of theta: 5097.150364189614.
2023-04-12 14:43:44,027 - INFO - Beginning optimization with guess, [0.84990578].
2023-04-12 14:43:44,075 - INFO - Finished optimization with guess, [0.84990578].
2023-04-12 14:43:44,075 - INFO - Best fit parameters: [0.84990578].
2023-04-12 14:43:44,098 - INFO - Maximum log composite likelihood: -36.34093501992811.
2023-04-12 14:43:44,099 - INFO - Optimal value of theta: 5097.150364189614.
2023-04-12 14:43:44,099 - INFO - Beginning optimization with guess, [1.48356294].
2023-04-12 14:43:44,147 - INFO - Finished optimization with guess, [1.48356294].
2023-04-12 14:43:44,147 - INFO - Best fit parameters: [1.48356294].
2023-04-12 14:43:44,170 - INFO - Maximum log composite likelihood: -36.34093501992811.
2023-04-12 14:43:44,171 - INFO - Optimal value of theta: 5097.150364189614.
2023-04-12 14:43:44,171 - INFO - Beginning optimization with guess, [1.38739238].
2023-04-12 14:43:44,219 - INFO - Finished optimization with guess, [1.38739238].
2023-04-12 14:43:44,219 - INFO - Best fit parameters: [1.38739238].
2023-04-12 14:43:44,244 - INFO - Maximum log composite likelihood: -36.34093501992811.
2023-04-12 14:43:44,244 - INFO - Optimal value of theta: 5097.150364189614.
2023-04-12 14:43:44,244 - INFO - Beginning optimization with guess, [0.63315096].
2023-04-12 14:43:44,293 - INFO - Finished optimization with guess, [0.63315096].
2023-04-12 14:43:44,293 - INFO - Best fit parameters: [0.63315096].
2023-04-12 14:43:44,317 - INFO - Maximum log composite likelihood: -36.34093501992811.
2023-04-12 14:43:44,318 - INFO - Optimal value of theta: 5097.150364189614.
2023-04-12 14:43:44,318 - INFO - Beginning optimization with guess, [0.70648715].
2023-04-12 14:43:44,369 - INFO - Finished optimization with guess, [0.70648715].
2023-04-12 14:43:44,369 - INFO - Best fit parameters: [0.70648715].
2023-04-12 14:43:44,393 - INFO - Maximum log composite likelihood: -36.34093501992811.
2023-04-12 14:43:44,393 - INFO - Optimal value of theta: 5097.150364189614.
2023-04-12 14:43:44,394 - INFO - Beginning optimization with guess, [1.0475623].
2023-04-12 14:43:44,443 - INFO - Finished optimization with guess, [1.0475623].
2023-04-12 14:43:44,443 - INFO - Best fit parameters: [1.0475623].
2023-04-12 14:43:44,467 - INFO - Maximum log composite likelihood: -36.34093501992811.
2023-04-12 14:43:44,467 - INFO - Optimal value of theta: 5097.150364189614.
2023-04-12 14:43:44,468 - INFO - Beginning optimization with guess, [2.46950009].
2023-04-12 14:43:44,517 - INFO - Finished optimization with guess, [2.46950009].
2023-04-12 14:43:44,517 - INFO - Best fit parameters: [2.46950009].
2023-04-12 14:43:44,541 - INFO - Maximum log composite likelihood: -36.34093501992811.
2023-04-12 14:43:44,541 - INFO - Optimal value of theta: 5097.150364189614.
2023-04-12 14:43:44,542 - INFO - Beginning optimization with guess, [1.79759722].
2023-04-12 14:43:44,590 - INFO - Finished optimization with guess, [1.79759722].
2023-04-12 14:43:44,591 - INFO - Best fit parameters: [1.79759722].
2023-04-12 14:43:44,615 - INFO - Maximum log composite likelihood: -36.34093501992811.
2023-04-12 14:43:44,615 - INFO - Optimal value of theta: 5097.150364189614.
2023-04-12 14:43:44,615 - INFO - Beginning optimization with guess, [1.31991775].
2023-04-12 14:43:44,664 - INFO - Finished optimization with guess, [1.31991775].
2023-04-12 14:43:44,664 - INFO - Best fit parameters: [1.31991775].
2023-04-12 14:43:44,689 - INFO - Maximum log composite likelihood: -36.34093501992811.
2023-04-12 14:43:44,689 - INFO - Optimal value of theta: 5097.150364189614.
2023-04-12 14:43:44,689 - INFO - Beginning optimization with guess, [1.95702746].
2023-04-12 14:43:44,738 - INFO - Finished optimization with guess, [1.95702746].
2023-04-12 14:43:44,738 - INFO - Best fit parameters: [1.95702746].
2023-04-12 14:43:44,763 - INFO - Maximum log composite likelihood: -36.34093501992811.
2023-04-12 14:43:44,763 - INFO - Optimal value of theta: 5097.150364189614.
2023-04-12 14:43:44,763 - INFO - Beginning optimization with guess, [1.46992759].
2023-04-12 14:43:44,812 - INFO - Finished optimization with guess, [1.46992759].
2023-04-12 14:43:44,812 - INFO - Best fit parameters: [1.46992759].
2023-04-12 14:43:44,836 - INFO - Maximum log composite likelihood: -36.34093501992811.
2023-04-12 14:43:44,837 - INFO - Optimal value of theta: 5097.150364189614.
2023-04-12 14:43:44,837 - INFO - Beginning optimization with guess, [2.25844].
2023-04-12 14:43:44,886 - INFO - Finished optimization with guess, [2.25844].
2023-04-12 14:43:44,886 - INFO - Best fit parameters: [2.25844].
2023-04-12 14:43:44,910 - INFO - Maximum log composite likelihood: -36.34093501992811.
2023-04-12 14:43:44,910 - INFO - Optimal value of theta: 5097.150364189614.
2023-04-12 14:43:44,911 - INFO - Beginning optimization with guess, [2.55494833].
2023-04-12 14:43:44,959 - INFO - Finished optimization with guess, [2.55494833].
2023-04-12 14:43:44,960 - INFO - Best fit parameters: [2.55494833].
2023-04-12 14:43:44,984 - INFO - Maximum log composite likelihood: -36.34093501992811.
2023-04-12 14:43:44,984 - INFO - Optimal value of theta: 5097.150364189614.
2023-04-12 14:43:44,984 - INFO - Beginning optimization with guess, [1.83031092].
2023-04-12 14:43:45,033 - INFO - Finished optimization with guess, [1.83031092].
2023-04-12 14:43:45,033 - INFO - Best fit parameters: [1.83031092].
2023-04-12 14:43:45,058 - INFO - Maximum log composite likelihood: -36.34093501992811.
2023-04-12 14:43:45,058 - INFO - Optimal value of theta: 5097.150364189614.
2023-04-12 14:43:45,058 - INFO - Beginning optimization with guess, [5.7780135].
2023-04-12 14:43:45,107 - INFO - Finished optimization with guess, [5.7780135].
2023-04-12 14:43:45,107 - INFO - Best fit parameters: [5.7780135].
2023-04-12 14:43:45,132 - INFO - Maximum log composite likelihood: -36.34093501992811.
2023-04-12 14:43:45,132 - INFO - Optimal value of theta: 5097.150364189614.
2023-04-12 14:43:45,132 - INFO - Beginning optimization with guess, [9.85815292].
2023-04-12 14:43:45,181 - INFO - Finished optimization with guess, [9.85815292].
2023-04-12 14:43:45,181 - INFO - Best fit parameters: [9.85815292].
2023-04-12 14:43:45,205 - INFO - Maximum log composite likelihood: -36.34093501992811.
2023-04-12 14:43:45,206 - INFO - Optimal value of theta: 5097.150364189614.
2023-04-12 14:43:45,206 - INFO - Beginning optimization with guess, [6.28131623].
2023-04-12 14:43:45,255 - INFO - Finished optimization with guess, [6.28131623].
2023-04-12 14:43:45,255 - INFO - Best fit parameters: [6.28131623].
2023-04-12 14:43:45,279 - INFO - Maximum log composite likelihood: -36.34093501992811.
2023-04-12 14:43:45,280 - INFO - Optimal value of theta: 5097.150364189614.
2023-04-12 14:43:45,280 - INFO - Beginning optimization with guess, [8.04620484].
2023-04-12 14:43:45,329 - INFO - Finished optimization with guess, [8.04620484].
2023-04-12 14:43:45,329 - INFO - Best fit parameters: [8.04620484].
2023-04-12 14:43:45,353 - INFO - Maximum log composite likelihood: -36.34093501992811.
2023-04-12 14:43:45,353 - INFO - Optimal value of theta: 5097.150364189614.
2023-04-12 14:43:45,354 - INFO - Beginning optimization with guess, [10.45068909].
2023-04-12 14:43:45,402 - INFO - Finished optimization with guess, [10.45068909].
2023-04-12 14:43:45,403 - INFO - Best fit parameters: [10.45068909].
2023-04-12 14:43:45,427 - INFO - Maximum log composite likelihood: -36.34093501992811.
2023-04-12 14:43:45,427 - INFO - Optimal value of theta: 5097.150364189614.
2023-04-12 14:43:45,429 - INFO - Finished demographic inference.
2023-04-12 14:43:45,429 - INFO - Pipeline executed succesfully.
