2023-07-20 16:54:10,665 - INFO - Beginning execution of fit_one_epoch.py in directory /u/project/ngarud/jonmah/demo_for_ccgb/Scripts

2023-07-20 16:54:10,665 - INFO - Progress is being logged to ../Analysis/Bacteroides_caccae_53434_downsampled_14/core_log.log

2023-07-20 16:54:10,665 - INFO - Parsed the following arguments:
	syn_input_sfs = ../Analysis/Bacteroides_caccae_53434_downsampled_14/core_empirical_syn_downsampled_sfs.txt
	mask_singletons = False
	mask_doubletons = False
	outprefix = ../Analysis/Bacteroides_caccae_53434_downsampled_14/core

2023-07-20 16:54:10,667 - INFO - Beginning demographic inference for one-epoch demographic model.
2023-07-20 16:54:10,669 - INFO - Beginning optimization with guess, [0.16318252].
2023-07-20 16:54:11,432 - INFO - Finished optimization with guess, [0.16318252].
2023-07-20 16:54:11,433 - INFO - Best fit parameters: [0.16318252].
2023-07-20 16:54:11,456 - INFO - Maximum log composite likelihood: -59.90377628656688.
2023-07-20 16:54:11,456 - INFO - Optimal value of theta: 4315.784078566954.
2023-07-20 16:54:11,457 - INFO - Beginning optimization with guess, [0.10786884].
2023-07-20 16:54:12,289 - INFO - Finished optimization with guess, [0.10786884].
2023-07-20 16:54:12,290 - INFO - Best fit parameters: [0.10786884].
2023-07-20 16:54:12,314 - INFO - Maximum log composite likelihood: -59.90377628656688.
2023-07-20 16:54:12,314 - INFO - Optimal value of theta: 4315.784078566954.
2023-07-20 16:54:12,315 - INFO - Beginning optimization with guess, [0.37240631].
2023-07-20 16:54:13,004 - INFO - Finished optimization with guess, [0.37240631].
2023-07-20 16:54:13,004 - INFO - Best fit parameters: [0.37240631].
2023-07-20 16:54:13,028 - INFO - Maximum log composite likelihood: -59.90377628656688.
2023-07-20 16:54:13,028 - INFO - Optimal value of theta: 4315.784078566954.
2023-07-20 16:54:13,028 - INFO - Beginning optimization with guess, [0.72202567].
2023-07-20 16:54:13,647 - INFO - Finished optimization with guess, [0.72202567].
2023-07-20 16:54:13,648 - INFO - Best fit parameters: [0.72202567].
2023-07-20 16:54:13,672 - INFO - Maximum log composite likelihood: -59.90377628656688.
2023-07-20 16:54:13,672 - INFO - Optimal value of theta: 4315.784078566954.
2023-07-20 16:54:13,673 - INFO - Beginning optimization with guess, [0.29671571].
2023-07-20 16:54:14,431 - INFO - Finished optimization with guess, [0.29671571].
2023-07-20 16:54:14,431 - INFO - Best fit parameters: [0.29671571].
2023-07-20 16:54:14,455 - INFO - Maximum log composite likelihood: -59.90377628656688.
2023-07-20 16:54:14,455 - INFO - Optimal value of theta: 4315.784078566954.
2023-07-20 16:54:14,455 - INFO - Beginning optimization with guess, [0.43316442].
2023-07-20 16:54:15,141 - INFO - Finished optimization with guess, [0.43316442].
2023-07-20 16:54:15,142 - INFO - Best fit parameters: [0.43316442].
2023-07-20 16:54:15,165 - INFO - Maximum log composite likelihood: -59.90377628656688.
2023-07-20 16:54:15,166 - INFO - Optimal value of theta: 4315.784078566954.
2023-07-20 16:54:15,166 - INFO - Beginning optimization with guess, [0.70972565].
2023-07-20 16:54:15,780 - INFO - Finished optimization with guess, [0.70972565].
2023-07-20 16:54:15,780 - INFO - Best fit parameters: [0.70972565].
2023-07-20 16:54:15,804 - INFO - Maximum log composite likelihood: -59.90377628656688.
2023-07-20 16:54:15,804 - INFO - Optimal value of theta: 4315.784078566954.
2023-07-20 16:54:15,804 - INFO - Beginning optimization with guess, [1.54032509].
2023-07-20 16:54:16,426 - INFO - Finished optimization with guess, [1.54032509].
2023-07-20 16:54:16,426 - INFO - Best fit parameters: [1.54032509].
2023-07-20 16:54:16,450 - INFO - Maximum log composite likelihood: -59.90377628656688.
2023-07-20 16:54:16,450 - INFO - Optimal value of theta: 4315.784078566954.
2023-07-20 16:54:16,450 - INFO - Beginning optimization with guess, [1.19290603].
2023-07-20 16:54:17,002 - INFO - Finished optimization with guess, [1.19290603].
2023-07-20 16:54:17,003 - INFO - Best fit parameters: [1.19290603].
2023-07-20 16:54:17,027 - INFO - Maximum log composite likelihood: -59.90377628656688.
2023-07-20 16:54:17,027 - INFO - Optimal value of theta: 4315.784078566954.
2023-07-20 16:54:17,027 - INFO - Beginning optimization with guess, [1.52928757].
2023-07-20 16:54:17,651 - INFO - Finished optimization with guess, [1.52928757].
2023-07-20 16:54:17,651 - INFO - Best fit parameters: [1.52928757].
2023-07-20 16:54:17,675 - INFO - Maximum log composite likelihood: -59.90377628656688.
2023-07-20 16:54:17,675 - INFO - Optimal value of theta: 4315.784078566954.
2023-07-20 16:54:17,675 - INFO - Beginning optimization with guess, [1.87573983].
2023-07-20 16:54:18,369 - INFO - Finished optimization with guess, [1.87573983].
2023-07-20 16:54:18,369 - INFO - Best fit parameters: [1.87573983].
2023-07-20 16:54:18,393 - INFO - Maximum log composite likelihood: -59.90377628656688.
2023-07-20 16:54:18,394 - INFO - Optimal value of theta: 4315.784078566954.
2023-07-20 16:54:18,394 - INFO - Beginning optimization with guess, [1.28342223].
2023-07-20 16:54:18,945 - INFO - Finished optimization with guess, [1.28342223].
2023-07-20 16:54:18,945 - INFO - Best fit parameters: [1.28342223].
2023-07-20 16:54:18,970 - INFO - Maximum log composite likelihood: -59.90377628656688.
2023-07-20 16:54:18,970 - INFO - Optimal value of theta: 4315.784078566954.
2023-07-20 16:54:18,970 - INFO - Beginning optimization with guess, [2.05536807].
2023-07-20 16:54:19,656 - INFO - Finished optimization with guess, [2.05536807].
2023-07-20 16:54:19,656 - INFO - Best fit parameters: [2.05536807].
2023-07-20 16:54:19,680 - INFO - Maximum log composite likelihood: -59.90377628656688.
2023-07-20 16:54:19,680 - INFO - Optimal value of theta: 4315.784078566954.
2023-07-20 16:54:19,680 - INFO - Beginning optimization with guess, [2.916034].
2023-07-20 16:54:20,438 - INFO - Finished optimization with guess, [2.916034].
2023-07-20 16:54:20,438 - INFO - Best fit parameters: [2.916034].
2023-07-20 16:54:20,462 - INFO - Maximum log composite likelihood: -59.90377628656688.
2023-07-20 16:54:20,462 - INFO - Optimal value of theta: 4315.784078566954.
2023-07-20 16:54:20,462 - INFO - Beginning optimization with guess, [3.26139931].
2023-07-20 16:54:21,222 - INFO - Finished optimization with guess, [3.26139931].
2023-07-20 16:54:21,222 - INFO - Best fit parameters: [3.26139931].
2023-07-20 16:54:21,246 - INFO - Maximum log composite likelihood: -59.90377628656688.
2023-07-20 16:54:21,246 - INFO - Optimal value of theta: 4315.784078566954.
2023-07-20 16:54:21,247 - INFO - Beginning optimization with guess, [3.43844655].
2023-07-20 16:54:22,009 - INFO - Finished optimization with guess, [3.43844655].
2023-07-20 16:54:22,009 - INFO - Best fit parameters: [3.43844655].
2023-07-20 16:54:22,033 - INFO - Maximum log composite likelihood: -59.90377628656688.
2023-07-20 16:54:22,033 - INFO - Optimal value of theta: 4315.784078566954.
2023-07-20 16:54:22,034 - INFO - Beginning optimization with guess, [2.49893061].
2023-07-20 16:54:22,721 - INFO - Finished optimization with guess, [2.49893061].
2023-07-20 16:54:22,721 - INFO - Best fit parameters: [2.49893061].
2023-07-20 16:54:22,745 - INFO - Maximum log composite likelihood: -59.90377628656688.
2023-07-20 16:54:22,745 - INFO - Optimal value of theta: 4315.784078566954.
2023-07-20 16:54:22,746 - INFO - Beginning optimization with guess, [4.64259941].
2023-07-20 16:54:23,514 - INFO - Finished optimization with guess, [4.64259941].
2023-07-20 16:54:23,514 - INFO - Best fit parameters: [4.64259941].
2023-07-20 16:54:23,539 - INFO - Maximum log composite likelihood: -59.90377628656688.
2023-07-20 16:54:23,539 - INFO - Optimal value of theta: 4315.784078566954.
2023-07-20 16:54:23,539 - INFO - Beginning optimization with guess, [4.90230554].
2023-07-20 16:54:24,313 - INFO - Finished optimization with guess, [4.90230554].
2023-07-20 16:54:24,313 - INFO - Best fit parameters: [4.90230554].
2023-07-20 16:54:24,338 - INFO - Maximum log composite likelihood: -59.90377628656688.
2023-07-20 16:54:24,338 - INFO - Optimal value of theta: 4315.784078566954.
2023-07-20 16:54:24,338 - INFO - Beginning optimization with guess, [5.18182098].
2023-07-20 16:54:25,112 - INFO - Finished optimization with guess, [5.18182098].
2023-07-20 16:54:25,112 - INFO - Best fit parameters: [5.18182098].
2023-07-20 16:54:25,136 - INFO - Maximum log composite likelihood: -59.90377628656688.
2023-07-20 16:54:25,137 - INFO - Optimal value of theta: 4315.784078566954.
2023-07-20 16:54:25,137 - INFO - Beginning optimization with guess, [2.6075719].
2023-07-20 16:54:25,837 - INFO - Finished optimization with guess, [2.6075719].
2023-07-20 16:54:25,838 - INFO - Best fit parameters: [2.6075719].
2023-07-20 16:54:25,861 - INFO - Maximum log composite likelihood: -59.90377628656688.
2023-07-20 16:54:25,862 - INFO - Optimal value of theta: 4315.784078566954.
2023-07-20 16:54:25,862 - INFO - Beginning optimization with guess, [5.77529455].
2023-07-20 16:54:26,621 - INFO - Finished optimization with guess, [5.77529455].
2023-07-20 16:54:26,621 - INFO - Best fit parameters: [5.77529455].
2023-07-20 16:54:26,645 - INFO - Maximum log composite likelihood: -59.90377628656688.
2023-07-20 16:54:26,645 - INFO - Optimal value of theta: 4315.784078566954.
2023-07-20 16:54:26,645 - INFO - Beginning optimization with guess, [5.90354743].
2023-07-20 16:54:27,404 - INFO - Finished optimization with guess, [5.90354743].
2023-07-20 16:54:27,404 - INFO - Best fit parameters: [5.90354743].
2023-07-20 16:54:27,428 - INFO - Maximum log composite likelihood: -59.90377628656688.
2023-07-20 16:54:27,428 - INFO - Optimal value of theta: 4315.784078566954.
2023-07-20 16:54:27,428 - INFO - Beginning optimization with guess, [12.63731489].
2023-07-20 16:54:28,257 - INFO - Finished optimization with guess, [12.63731489].
2023-07-20 16:54:28,257 - INFO - Best fit parameters: [12.63731489].
2023-07-20 16:54:28,280 - INFO - Maximum log composite likelihood: -59.90377628656688.
2023-07-20 16:54:28,281 - INFO - Optimal value of theta: 4315.784078566954.
2023-07-20 16:54:28,283 - INFO - Beginning demographic inference for two-epoch demographic model.
2023-07-20 16:54:28,285 - INFO - Beginning optimization with guess, [0.05790295 0.01597106].
2023-07-20 16:54:29,519 - INFO - Finished optimization with guess, [0.05790295 0.01597106].
2023-07-20 16:54:29,520 - INFO - Best fit parameters: [1.93792759 0.05898548].
2023-07-20 16:54:29,545 - INFO - Maximum log composite likelihood: -32.48987339229325.
2023-07-20 16:54:29,545 - INFO - Optimal value of theta: 4083.8161381473033.
2023-07-20 16:54:29,545 - INFO - Beginning optimization with guess, [0.10521848 0.01042262].
2023-07-20 16:54:30,881 - INFO - Finished optimization with guess, [0.10521848 0.01042262].
2023-07-20 16:54:30,881 - INFO - Best fit parameters: [1.4475529  0.12287795].
2023-07-20 16:54:30,907 - INFO - Maximum log composite likelihood: -32.750377907234.
2023-07-20 16:54:30,907 - INFO - Optimal value of theta: 4047.8635791151664.
2023-07-20 16:54:30,907 - INFO - Beginning optimization with guess, [0.25420168 0.00612771].
2023-07-20 16:54:32,786 - INFO - Finished optimization with guess, [0.25420168 0.00612771].
2023-07-20 16:54:32,786 - INFO - Best fit parameters: [1.92015475 0.05420555].
2023-07-20 16:54:32,812 - INFO - Maximum log composite likelihood: -32.55890962207968.
2023-07-20 16:54:32,812 - INFO - Optimal value of theta: 4102.518440116258.
2023-07-20 16:54:32,812 - INFO - Beginning optimization with guess, [0.57769398 0.00939661].
2023-07-20 16:54:36,022 - INFO - Finished optimization with guess, [0.57769398 0.00939661].
2023-07-20 16:54:36,023 - INFO - Best fit parameters: [1.38019392 0.13499667].
2023-07-20 16:54:36,049 - INFO - Maximum log composite likelihood: -33.05287689279294.
2023-07-20 16:54:36,049 - INFO - Optimal value of theta: 4059.9433899584537.
2023-07-20 16:54:36,049 - INFO - Beginning optimization with guess, [0.47688911 0.00523015].
2023-07-20 16:54:40,654 - INFO - Finished optimization with guess, [0.47688911 0.00523015].
2023-07-20 16:54:40,655 - INFO - Best fit parameters: [1.3116855  0.17420794].
2023-07-20 16:54:40,681 - INFO - Maximum log composite likelihood: -33.7190383016482.
2023-07-20 16:54:40,682 - INFO - Optimal value of theta: 4050.7047473112043.
2023-07-20 16:54:40,682 - INFO - Beginning optimization with guess, [0.76996018 0.00903825].
2023-07-20 16:54:44,093 - INFO - Finished optimization with guess, [0.76996018 0.00903825].
2023-07-20 16:54:44,094 - INFO - Best fit parameters: [1.29533306 0.2346096 ].
2023-07-20 16:54:44,122 - INFO - Maximum log composite likelihood: -34.13852943730217.
2023-07-20 16:54:44,122 - INFO - Optimal value of theta: 4004.660316323549.
2023-07-20 16:54:44,122 - INFO - Beginning optimization with guess, [0.58881051 0.0084201 ].
2023-07-20 16:54:47,505 - INFO - Finished optimization with guess, [0.58881051 0.0084201 ].
2023-07-20 16:54:47,505 - INFO - Best fit parameters: [1.47777847 0.1171379 ].
2023-07-20 16:54:47,531 - INFO - Maximum log composite likelihood: -32.70526830150857.
2023-07-20 16:54:47,531 - INFO - Optimal value of theta: 4045.5183372180772.
2023-07-20 16:54:47,531 - INFO - Beginning optimization with guess, [1.13280754 0.00880645].
2023-07-20 16:54:48,858 - INFO - Finished optimization with guess, [1.13280754 0.00880645].
2023-07-20 16:54:48,859 - INFO - Best fit parameters: [1.73192971 0.06690922].
2023-07-20 16:54:48,884 - INFO - Maximum log composite likelihood: -32.489615163355666.
2023-07-20 16:54:48,884 - INFO - Optimal value of theta: 4090.6352249189963.
2023-07-20 16:54:48,884 - INFO - Beginning optimization with guess, [0.67832028 0.01537991].
2023-07-20 16:54:52,722 - INFO - Finished optimization with guess, [0.67832028 0.01537991].
2023-07-20 16:54:52,722 - INFO - Best fit parameters: [1.54265762 0.08421844].
2023-07-20 16:54:52,748 - INFO - Maximum log composite likelihood: -32.66382238927554.
2023-07-20 16:54:52,748 - INFO - Optimal value of theta: 4089.3405144241237.
2023-07-20 16:54:52,748 - INFO - Beginning optimization with guess, [0.96618467 0.01372379].
2023-07-20 16:54:57,192 - INFO - Finished optimization with guess, [0.96618467 0.01372379].
2023-07-20 16:54:57,193 - INFO - Best fit parameters: [1.13412726 0.67499224].
2023-07-20 16:54:57,228 - INFO - Maximum log composite likelihood: -44.00235962355464.
2023-07-20 16:54:57,228 - INFO - Optimal value of theta: 4022.2642549598036.
2023-07-20 16:54:57,228 - INFO - Beginning optimization with guess, [1.04789966 0.00751054].
2023-07-20 16:54:58,633 - INFO - Finished optimization with guess, [1.04789966 0.00751054].
2023-07-20 16:54:58,633 - INFO - Best fit parameters: [1.52510091 0.10111462].
2023-07-20 16:54:58,659 - INFO - Maximum log composite likelihood: -32.57167013334583.
2023-07-20 16:54:58,659 - INFO - Optimal value of theta: 4058.978590794654.
2023-07-20 16:54:58,659 - INFO - Beginning optimization with guess, [2.61214133 0.01288393].
2023-07-20 16:54:59,855 - INFO - Finished optimization with guess, [2.61214133 0.01288393].
2023-07-20 16:54:59,855 - INFO - Best fit parameters: [2.0723029  0.05188649].
2023-07-20 16:54:59,880 - INFO - Maximum log composite likelihood: -32.50846722789447.
2023-07-20 16:54:59,880 - INFO - Optimal value of theta: 4093.8224560690655.
2023-07-20 16:54:59,881 - INFO - Beginning optimization with guess, [3.23788858 0.01122366].
2023-07-20 16:55:01,108 - INFO - Finished optimization with guess, [3.23788858 0.01122366].
2023-07-20 16:55:01,109 - INFO - Best fit parameters: [2.63979535 0.03850161].
2023-07-20 16:55:01,137 - INFO - Maximum log composite likelihood: -32.663047417968755.
2023-07-20 16:55:01,137 - INFO - Optimal value of theta: 4111.149349431496.
2023-07-20 16:55:01,138 - INFO - Beginning optimization with guess, [3.86923767 0.01364446].
2023-07-20 16:55:02,171 - INFO - Finished optimization with guess, [3.86923767 0.01364446].
2023-07-20 16:55:02,171 - INFO - Best fit parameters: [2.19105586 0.0461374 ].
2023-07-20 16:55:02,196 - INFO - Maximum log composite likelihood: -32.58251612350023.
2023-07-20 16:55:02,196 - INFO - Optimal value of theta: 4105.498081812455.
2023-07-20 16:55:02,197 - INFO - Beginning optimization with guess, [1.921799   0.00644713].
2023-07-20 16:55:03,412 - INFO - Finished optimization with guess, [1.921799   0.00644713].
2023-07-20 16:55:03,412 - INFO - Best fit parameters: [1.93775998 0.05589999].
2023-07-20 16:55:03,437 - INFO - Maximum log composite likelihood: -32.4923788568226.
2023-07-20 16:55:03,438 - INFO - Optimal value of theta: 4094.457579196323.
2023-07-20 16:55:03,438 - INFO - Beginning optimization with guess, [2.48568962 0.01116572].
2023-07-20 16:55:04,690 - INFO - Finished optimization with guess, [2.48568962 0.01116572].
2023-07-20 16:55:04,690 - INFO - Best fit parameters: [2.00607182 0.05476631].
2023-07-20 16:55:04,715 - INFO - Maximum log composite likelihood: -32.493437932207144.
2023-07-20 16:55:04,715 - INFO - Optimal value of theta: 4090.3477676282514.
2023-07-20 16:55:04,716 - INFO - Beginning optimization with guess, [1.90203864 0.00885921].
2023-07-20 16:55:05,914 - INFO - Finished optimization with guess, [1.90203864 0.00885921].
2023-07-20 16:55:05,914 - INFO - Best fit parameters: [1.9280263  0.05562029].
2023-07-20 16:55:05,939 - INFO - Maximum log composite likelihood: -32.504301381431105.
2023-07-20 16:55:05,939 - INFO - Optimal value of theta: 4096.634451984701.
2023-07-20 16:55:05,939 - INFO - Beginning optimization with guess, [2.42325391 0.00973877].
2023-07-20 16:55:07,070 - INFO - Finished optimization with guess, [2.42325391 0.00973877].
2023-07-20 16:55:07,071 - INFO - Best fit parameters: [1.9296856  0.05587526].
2023-07-20 16:55:07,097 - INFO - Maximum log composite likelihood: -32.49763432746295.
2023-07-20 16:55:07,097 - INFO - Optimal value of theta: 4095.5449066092424.
2023-07-20 16:55:07,097 - INFO - Beginning optimization with guess, [1.92014536 0.00773574].
2023-07-20 16:55:08,260 - INFO - Finished optimization with guess, [1.92014536 0.00773574].
2023-07-20 16:55:08,260 - INFO - Best fit parameters: [1.80106264 0.0653297 ].
2023-07-20 16:55:08,285 - INFO - Maximum log composite likelihood: -32.457541928962655.
2023-07-20 16:55:08,285 - INFO - Optimal value of theta: 4083.4234190321777.
2023-07-20 16:55:08,286 - INFO - Beginning optimization with guess, [3.28995208 0.01005911].
2023-07-20 16:55:09,413 - INFO - Finished optimization with guess, [3.28995208 0.01005911].
2023-07-20 16:55:09,413 - INFO - Best fit parameters: [2.30315943 0.04652385].
2023-07-20 16:55:09,438 - INFO - Maximum log composite likelihood: -32.55595353594981.
2023-07-20 16:55:09,438 - INFO - Optimal value of theta: 4095.1549496488547.
2023-07-20 16:55:09,438 - INFO - Beginning optimization with guess, [6.66475023 0.01116816].
2023-07-20 16:55:10,611 - INFO - Finished optimization with guess, [6.66475023 0.01116816].
2023-07-20 16:55:10,611 - INFO - Best fit parameters: [2.89628627 0.0370149 ].
2023-07-20 16:55:10,635 - INFO - Maximum log composite likelihood: -32.6572893977559.
2023-07-20 16:55:10,636 - INFO - Optimal value of theta: 4107.538073041163.
2023-07-20 16:55:10,636 - INFO - Beginning optimization with guess, [2.53238596 0.01579975].
2023-07-20 16:55:11,794 - INFO - Finished optimization with guess, [2.53238596 0.01579975].
2023-07-20 16:55:11,794 - INFO - Best fit parameters: [2.04446638 0.05255006].
2023-07-20 16:55:11,820 - INFO - Maximum log composite likelihood: -32.50436652833059.
2023-07-20 16:55:11,820 - INFO - Optimal value of theta: 4094.2110799308884.
2023-07-20 16:55:11,820 - INFO - Beginning optimization with guess, [3.31173424 0.00772827].
2023-07-20 16:55:12,997 - INFO - Finished optimization with guess, [3.31173424 0.00772827].
2023-07-20 16:55:12,998 - INFO - Best fit parameters: [2.17868241 0.04636055].
2023-07-20 16:55:13,023 - INFO - Maximum log composite likelihood: -32.58314123228456.
2023-07-20 16:55:13,023 - INFO - Optimal value of theta: 4105.606639931819.
2023-07-20 16:55:13,024 - INFO - Beginning optimization with guess, [8.90254365 0.01969218].
2023-07-20 16:55:14,220 - INFO - Finished optimization with guess, [8.90254365 0.01969218].
2023-07-20 16:55:14,220 - INFO - Best fit parameters: [6.15053227 0.02734514].
2023-07-20 16:55:14,244 - INFO - Maximum log composite likelihood: -32.82238839099273.
2023-07-20 16:55:14,245 - INFO - Optimal value of theta: 4113.625436204815.
2023-07-20 16:55:14,246 - INFO - Beginning demographic inference for three-epoch demographic model.
2023-07-20 16:55:14,249 - INFO - Beginning optimization with guess, [0.0123218  0.01159094 0.00551617 0.00822936].
2023-07-20 16:55:15,624 - INFO - Finished optimization with guess, [0.0123218  0.01159094 0.00551617 0.00822936].
2023-07-20 16:55:15,624 - INFO - Best fit parameters: [1.02729349e-04 2.02897160e+08 3.76450959e-09 5.77220350e-04].
2023-07-20 16:55:15,649 - INFO - Maximum log composite likelihood: -58.48803662006458.
2023-07-20 16:55:15,649 - INFO - Optimal value of theta: 4310.655512850918.
2023-07-20 16:55:15,649 - INFO - Beginning optimization with guess, [0.01233411 0.01550819 0.00694975 0.00571053].
2023-07-20 16:55:16,862 - INFO - Finished optimization with guess, [0.01233411 0.01550819 0.00694975 0.00571053].
2023-07-20 16:55:16,862 - INFO - Best fit parameters: [5.40547021e-02 3.71005665e+01 2.76421315e-06 1.68739437e-04].
2023-07-20 16:55:16,887 - INFO - Maximum log composite likelihood: -59.57963960371626.
2023-07-20 16:55:16,887 - INFO - Optimal value of theta: 4314.622533270427.
2023-07-20 16:55:16,887 - INFO - Beginning optimization with guess, [0.01634262 0.02204385 0.00782661 0.01691271].
2023-07-20 16:56:50,028 - INFO - Finished optimization with guess, [0.01634262 0.02204385 0.00782661 0.01691271].
2023-07-20 16:56:50,029 - INFO - Best fit parameters: [6.39102088e-04 1.90906818e-02 6.79313593e-03 2.41755886e+00].
2023-07-20 16:56:52,403 - INFO - Maximum log composite likelihood: -59.903776271168226.
2023-07-20 16:56:52,403 - INFO - Optimal value of theta: 226067.5712441314.
2023-07-20 16:56:52,403 - INFO - Beginning optimization with guess, [0.03397809 0.07542447 0.01305831 0.01153476].
2023-07-20 16:56:53,600 - INFO - Finished optimization with guess, [0.03397809 0.07542447 0.01305831 0.01153476].
2023-07-20 16:56:53,600 - INFO - Best fit parameters: [1.42491837e+00 1.13195241e+00 9.47726837e-07 5.49205646e-02].
2023-07-20 16:56:53,626 - INFO - Maximum log composite likelihood: -49.31164521417895.
2023-07-20 16:56:53,626 - INFO - Optimal value of theta: 4263.983833984014.
2023-07-20 16:56:53,626 - INFO - Beginning optimization with guess, [0.09821029 0.03635703 0.01190422 0.0056047 ].
2023-07-20 16:56:54,769 - INFO - Finished optimization with guess, [0.09821029 0.03635703 0.01190422 0.0056047 ].
2023-07-20 16:56:54,769 - INFO - Best fit parameters: [5.49257290e-01 1.23246780e+03 6.91957700e-07 1.56231406e-06].
2023-07-20 16:56:54,794 - INFO - Maximum log composite likelihood: -59.901220824790016.
2023-07-20 16:56:54,794 - INFO - Optimal value of theta: 4315.774948149402.
2023-07-20 16:56:54,795 - INFO - Beginning optimization with guess, [0.63894903 1.12879727 0.00564087 0.00601344].
2023-07-20 16:56:56,017 - INFO - Finished optimization with guess, [0.63894903 1.12879727 0.00564087 0.00601344].
2023-07-20 16:56:56,018 - INFO - Best fit parameters: [8.97873109e-01 1.17371866e+00 5.33653767e-05 3.73020620e-01].
2023-07-20 16:56:56,048 - INFO - Maximum log composite likelihood: -38.73913692919632.
2023-07-20 16:56:56,048 - INFO - Optimal value of theta: 4047.9180048946614.
2023-07-20 16:56:56,048 - INFO - Beginning optimization with guess, [0.68232828 1.38509269 0.00643646 0.01646245].
2023-07-20 16:56:57,239 - INFO - Finished optimization with guess, [0.68232828 1.38509269 0.00643646 0.01646245].
2023-07-20 16:56:57,239 - INFO - Best fit parameters: [0.66798446 1.42763772 0.00210383 0.12232427].
2023-07-20 16:56:57,265 - INFO - Maximum log composite likelihood: -32.80226348382348.
2023-07-20 16:56:57,265 - INFO - Optimal value of theta: 4062.8491643602733.
2023-07-20 16:56:57,266 - INFO - Beginning optimization with guess, [0.49064969 0.5251051  0.01368407 0.01406074].
2023-07-20 16:56:58,374 - INFO - Finished optimization with guess, [0.49064969 0.5251051  0.01368407 0.01406074].
2023-07-20 16:56:58,376 - INFO - Best fit parameters: [9.90541380e-01 1.47669367e+00 1.73740772e-04 9.72176227e-05].
2023-07-20 16:56:58,401 - INFO - Maximum log composite likelihood: -59.82481318350938.
2023-07-20 16:56:58,402 - INFO - Optimal value of theta: 4315.501606067499.
2023-07-20 16:56:58,402 - INFO - Beginning optimization with guess, [1.56970728 0.79138724 0.00935501 0.01298878].
2023-07-20 16:56:59,633 - INFO - Finished optimization with guess, [1.56970728 0.79138724 0.00935501 0.01298878].
2023-07-20 16:56:59,633 - INFO - Best fit parameters: [1.72685719 0.78733756 0.08370471 0.00401674].
2023-07-20 16:56:59,659 - INFO - Maximum log composite likelihood: -32.6002120223161.
2023-07-20 16:56:59,660 - INFO - Optimal value of theta: 4061.15730458327.
2023-07-20 16:56:59,660 - INFO - Beginning optimization with guess, [1.13612731 0.95821879 0.00764554 0.01390793].
2023-07-20 16:57:00,971 - INFO - Finished optimization with guess, [1.13612731 0.95821879 0.00764554 0.01390793].
2023-07-20 16:57:00,971 - INFO - Best fit parameters: [1.16839555 0.95312406 0.282821   0.00475219].
2023-07-20 16:57:01,000 - INFO - Maximum log composite likelihood: -40.0463483593644.
2023-07-20 16:57:01,000 - INFO - Optimal value of theta: 4100.978120085701.
2023-07-20 16:57:01,001 - INFO - Beginning optimization with guess, [0.95315716 1.40611429 0.01113392 0.00653098].
2023-07-20 16:57:02,278 - INFO - Finished optimization with guess, [0.95315716 1.40611429 0.01113392 0.00653098].
2023-07-20 16:57:02,278 - INFO - Best fit parameters: [0.94995239 1.4631587  0.00389051 0.10985076].
2023-07-20 16:57:02,304 - INFO - Maximum log composite likelihood: -32.684203709091435.
2023-07-20 16:57:02,305 - INFO - Optimal value of theta: 4065.271221766439.
2023-07-20 16:57:02,305 - INFO - Beginning optimization with guess, [1.86334898 1.40344635 0.00507835 0.00811451].
2023-07-20 16:57:03,490 - INFO - Finished optimization with guess, [1.86334898 1.40344635 0.00507835 0.00811451].
2023-07-20 16:57:03,490 - INFO - Best fit parameters: [1.93058805 1.50625211 0.05664013 0.0058277 ].
2023-07-20 16:57:03,516 - INFO - Maximum log composite likelihood: -32.47054928315265.
2023-07-20 16:57:03,516 - INFO - Optimal value of theta: 4081.118391771526.
2023-07-20 16:57:03,516 - INFO - Beginning optimization with guess, [1.40106859 1.82185359 0.00890168 0.01529253].
2023-07-20 16:57:04,700 - INFO - Finished optimization with guess, [1.40106859 1.82185359 0.00890168 0.01529253].
2023-07-20 16:57:04,701 - INFO - Best fit parameters: [1.45138191 1.96893686 0.0080973  0.05164462].
2023-07-20 16:57:04,727 - INFO - Maximum log composite likelihood: -32.486178546481824.
2023-07-20 16:57:04,727 - INFO - Optimal value of theta: 4087.7073966093226.
2023-07-20 16:57:04,727 - INFO - Beginning optimization with guess, [1.9418629  2.26466132 0.01339447 0.00567823].
2023-07-20 16:57:05,957 - INFO - Finished optimization with guess, [1.9418629  2.26466132 0.01339447 0.00567823].
2023-07-20 16:57:05,957 - INFO - Best fit parameters: [2.11625754 2.43231063 0.04537397 0.00487241].
2023-07-20 16:57:05,982 - INFO - Maximum log composite likelihood: -32.533194704398284.
2023-07-20 16:57:05,983 - INFO - Optimal value of theta: 4092.7809878055036.
2023-07-20 16:57:05,983 - INFO - Beginning optimization with guess, [3.32971151 1.58437241 0.00683691 0.01680652].
2023-07-20 16:57:07,231 - INFO - Finished optimization with guess, [3.32971151 1.58437241 0.00683691 0.01680652].
2023-07-20 16:57:07,231 - INFO - Best fit parameters: [3.81960113 1.72625678 0.01162716 0.04838888].
2023-07-20 16:57:07,257 - INFO - Maximum log composite likelihood: -32.46007127834355.
2023-07-20 16:57:07,257 - INFO - Optimal value of theta: 4084.845882712619.
2023-07-20 16:57:07,257 - INFO - Beginning optimization with guess, [1.68809129 3.08760333 0.00739572 0.01266229].
2023-07-20 16:57:08,376 - INFO - Finished optimization with guess, [1.68809129 3.08760333 0.00739572 0.01266229].
2023-07-20 16:57:08,376 - INFO - Best fit parameters: [1.77813998 3.39279453 0.00740098 0.02995213].
2023-07-20 16:57:08,401 - INFO - Maximum log composite likelihood: -32.69521312830966.
2023-07-20 16:57:08,401 - INFO - Optimal value of theta: 4105.118558965458.
2023-07-20 16:57:08,401 - INFO - Beginning optimization with guess, [2.24644323 2.70648995 0.0101526  0.01062837].
2023-07-20 16:57:09,595 - INFO - Finished optimization with guess, [2.24644323 2.70648995 0.0101526  0.01062837].
2023-07-20 16:57:09,595 - INFO - Best fit parameters: [2.58410469 2.76214686 0.00894138 0.03036859].
2023-07-20 16:57:09,620 - INFO - Maximum log composite likelihood: -32.632738412622984.
2023-07-20 16:57:09,620 - INFO - Optimal value of theta: 4103.228011362568.
2023-07-20 16:57:09,620 - INFO - Beginning optimization with guess, [4.68190767 4.65241253 0.00527636 0.00502119].
2023-07-20 16:57:10,785 - INFO - Finished optimization with guess, [4.68190767 4.65241253 0.00527636 0.00502119].
2023-07-20 16:57:10,786 - INFO - Best fit parameters: [5.26273615e+00 5.76161068e+00 2.40629680e-02 4.01278272e-03].
2023-07-20 16:57:10,811 - INFO - Maximum log composite likelihood: -32.817738914322035.
2023-07-20 16:57:10,811 - INFO - Optimal value of theta: 4114.559261238111.
2023-07-20 16:57:10,811 - INFO - Beginning optimization with guess, [2.11141419 3.49690448 0.0119917  0.01448506].
2023-07-20 16:57:11,889 - INFO - Finished optimization with guess, [2.11141419 3.49690448 0.0119917  0.01448506].
2023-07-20 16:57:11,889 - INFO - Best fit parameters: [2.39218817 3.32308482 0.00881377 0.02726032].
2023-07-20 16:57:11,915 - INFO - Maximum log composite likelihood: -32.687400137821896.
2023-07-20 16:57:11,915 - INFO - Optimal value of theta: 4106.752430832967.
2023-07-20 16:57:11,915 - INFO - Beginning optimization with guess, [3.47440492 5.32806542 0.01617591 0.00945298].
2023-07-20 16:57:13,079 - INFO - Finished optimization with guess, [3.47440492 5.32806542 0.01617591 0.00945298].
2023-07-20 16:57:13,079 - INFO - Best fit parameters: [3.4020818  5.38396288 0.02631755 0.00595728].
2023-07-20 16:57:13,105 - INFO - Maximum log composite likelihood: -32.75011904519397.
2023-07-20 16:57:13,105 - INFO - Optimal value of theta: 4111.112613948385.
2023-07-20 16:57:13,105 - INFO - Beginning optimization with guess, [2.22040931 3.30579344 0.00978597 0.0062904 ].
2023-07-20 16:57:14,344 - INFO - Finished optimization with guess, [2.22040931 3.30579344 0.00978597 0.0062904 ].
2023-07-20 16:57:14,344 - INFO - Best fit parameters: [2.56766328 3.73680561 0.03466743 0.00511922].
2023-07-20 16:57:14,370 - INFO - Maximum log composite likelihood: -32.64321303848601.
2023-07-20 16:57:14,370 - INFO - Optimal value of theta: 4102.427375140647.
2023-07-20 16:57:14,370 - INFO - Beginning optimization with guess, [9.76702238e+00 2.95138190e+00 8.55172980e-03 1.41574222e-02].
2023-07-20 16:57:15,513 - INFO - Finished optimization with guess, [9.76702238e+00 2.95138190e+00 8.55172980e-03 1.41574222e-02].
2023-07-20 16:57:15,513 - INFO - Best fit parameters: [1.42080420e+01 2.02858674e+00 3.91015366e-03 4.59640833e-02].
2023-07-20 16:57:15,539 - INFO - Maximum log composite likelihood: -32.50653540211988.
2023-07-20 16:57:15,539 - INFO - Optimal value of theta: 4093.251584609347.
2023-07-20 16:57:15,539 - INFO - Beginning optimization with guess, [7.21549129 5.2219888  0.01066336 0.01625855].
2023-07-20 16:57:16,650 - INFO - Finished optimization with guess, [7.21549129 5.2219888  0.01066336 0.01625855].
2023-07-20 16:57:16,651 - INFO - Best fit parameters: [1.10221021e+01 1.99367606e+00 4.53825148e-03 4.36130841e-02].
2023-07-20 16:57:16,677 - INFO - Maximum log composite likelihood: -32.54216112784661.
2023-07-20 16:57:16,677 - INFO - Optimal value of theta: 4101.482441285377.
2023-07-20 16:57:16,677 - INFO - Beginning optimization with guess, [8.08226300e+00 8.24717942e+00 5.86154989e-03 1.13434175e-02].
2023-07-20 16:57:17,905 - INFO - Finished optimization with guess, [8.08226300e+00 8.24717942e+00 5.86154989e-03 1.13434175e-02].
2023-07-20 16:57:17,905 - INFO - Best fit parameters: [1.78760841e+01 4.79004278e+00 2.19616676e-03 2.71370265e-02].
2023-07-20 16:57:17,930 - INFO - Maximum log composite likelihood: -32.80091180813906.
2023-07-20 16:57:17,930 - INFO - Optimal value of theta: 4108.883328877415.
2023-07-20 16:57:17,932 - INFO - Finished demographic inference.
2023-07-20 16:57:17,932 - INFO - Pipeline executed succesfully.
