2023-08-28 15:36:51,906 - INFO - Beginning execution of evaluate_demography.py in directory /u/project/ngarud/jonmah/demo_for_ccgb/Scripts

2023-08-28 15:36:51,906 - INFO - Progress is being logged to ../Analysis/Bacteroides_caccae_53434_downsampled_14/core_evaluate_demography.log

2023-08-28 15:36:51,906 - INFO - Parsed the following arguments:
	syn_input_sfs = ../Analysis/Bacteroides_caccae_53434_downsampled_14/core_empirical_syn_downsampled_sfs.txt
	model_type = three_epoch
	params_list = [3.81960113, 1.72625678, 0.01162716, 0.04838888]
	mask_singletons = False
	mask_doubletons = False
	outprefix = ../Analysis/Bacteroides_caccae_53434_downsampled_14/core

2023-08-28 15:36:51,907 - INFO - Beginning demographic evaluation for three-epoch demographic model.
2023-08-28 15:36:51,909 - INFO - Beginning optimization with guess, [3.81960113, 1.72625678, 0.01162716, 0.04838888].
2023-08-28 15:36:51,909 - INFO - Finished optimization with guess, [3.81960113, 1.72625678, 0.01162716, 0.04838888].
2023-08-28 15:36:51,909 - INFO - Best fit parameters: [3.81960113, 1.72625678, 0.01162716, 0.04838888].
2023-08-28 15:36:51,934 - INFO - Maximum log composite likelihood: -32.46007122717174.
2023-08-28 15:36:51,934 - INFO - Outputting residual between model and data.
2023-08-28 15:36:52,332 - INFO - Optimal value of theta: 4084.8458494145016.
2023-08-28 15:36:52,333 - INFO - Synonymous input SFS: [-- 5056.824690860341 2444.7866472203827 1764.2915051107007 1430.605877224278 1263.7335958128024 1184.5299236766969 579.9958231036373 -- -- -- -- -- -- --].
2023-08-28 15:36:52,333 - INFO - Scaled spectrum: [-- 5053.46309034831 2451.733002722847 1742.3902751516966 1431.1145934024767 1271.063065227626 1191.449200736515 583.5548354193679 -- -- -- -- -- -- --].
2023-08-28 15:36:52,334 - INFO - Converting and interpreting Tau estimates.
2023-08-28 15:36:52,335 - INFO - Finished demographic evaluation.
2023-08-28 15:36:52,335 - INFO - Pipeline executed succesfully.
