2023-07-20 16:54:25,643 - INFO - Beginning execution of fit_one_epoch.py in directory /u/project/ngarud/jonmah/demo_for_ccgb/Scripts

2023-07-20 16:54:25,644 - INFO - Progress is being logged to ../Analysis/Bacteroides_cellulosilyticus_58046_downsampled_14/core_log.log

2023-07-20 16:54:25,644 - INFO - Parsed the following arguments:
	syn_input_sfs = ../Analysis/Bacteroides_cellulosilyticus_58046_downsampled_14/core_empirical_syn_downsampled_sfs.txt
	mask_singletons = False
	mask_doubletons = False
	outprefix = ../Analysis/Bacteroides_cellulosilyticus_58046_downsampled_14/core

2023-07-20 16:54:25,648 - INFO - Beginning demographic inference for one-epoch demographic model.
2023-07-20 16:54:25,651 - INFO - Beginning optimization with guess, [0.19852874].
2023-07-20 16:54:26,559 - INFO - Finished optimization with guess, [0.19852874].
2023-07-20 16:54:26,560 - INFO - Best fit parameters: [0.19852874].
2023-07-20 16:54:26,588 - INFO - Maximum log composite likelihood: -431.1018256221223.
2023-07-20 16:54:26,589 - INFO - Optimal value of theta: 9927.052036326826.
2023-07-20 16:54:26,589 - INFO - Beginning optimization with guess, [0.37702596].
2023-07-20 16:54:27,418 - INFO - Finished optimization with guess, [0.37702596].
2023-07-20 16:54:27,418 - INFO - Best fit parameters: [0.37702596].
2023-07-20 16:54:27,447 - INFO - Maximum log composite likelihood: -431.1018256221223.
2023-07-20 16:54:27,447 - INFO - Optimal value of theta: 9927.052036326826.
2023-07-20 16:54:27,447 - INFO - Beginning optimization with guess, [0.3546679].
2023-07-20 16:54:28,360 - INFO - Finished optimization with guess, [0.3546679].
2023-07-20 16:54:28,360 - INFO - Best fit parameters: [0.3546679].
2023-07-20 16:54:28,389 - INFO - Maximum log composite likelihood: -431.1018256221223.
2023-07-20 16:54:28,389 - INFO - Optimal value of theta: 9927.052036326826.
2023-07-20 16:54:28,389 - INFO - Beginning optimization with guess, [0.53918463].
2023-07-20 16:54:29,215 - INFO - Finished optimization with guess, [0.53918463].
2023-07-20 16:54:29,216 - INFO - Best fit parameters: [0.53918463].
2023-07-20 16:54:29,245 - INFO - Maximum log composite likelihood: -431.1018256221223.
2023-07-20 16:54:29,245 - INFO - Optimal value of theta: 9927.052036326826.
2023-07-20 16:54:29,245 - INFO - Beginning optimization with guess, [0.6903033].
2023-07-20 16:54:29,979 - INFO - Finished optimization with guess, [0.6903033].
2023-07-20 16:54:29,979 - INFO - Best fit parameters: [0.6903033].
2023-07-20 16:54:30,008 - INFO - Maximum log composite likelihood: -431.1018256221223.
2023-07-20 16:54:30,008 - INFO - Optimal value of theta: 9927.052036326826.
2023-07-20 16:54:30,008 - INFO - Beginning optimization with guess, [1.02387301].
2023-07-20 16:54:30,403 - INFO - Finished optimization with guess, [1.02387301].
2023-07-20 16:54:30,404 - INFO - Best fit parameters: [1.02387301].
2023-07-20 16:54:30,432 - INFO - Maximum log composite likelihood: -431.1018256221223.
2023-07-20 16:54:30,432 - INFO - Optimal value of theta: 9927.052036326826.
2023-07-20 16:54:30,432 - INFO - Beginning optimization with guess, [0.41928674].
2023-07-20 16:54:31,251 - INFO - Finished optimization with guess, [0.41928674].
2023-07-20 16:54:31,251 - INFO - Best fit parameters: [0.41928674].
2023-07-20 16:54:31,280 - INFO - Maximum log composite likelihood: -431.1018256221223.
2023-07-20 16:54:31,280 - INFO - Optimal value of theta: 9927.052036326826.
2023-07-20 16:54:31,280 - INFO - Beginning optimization with guess, [0.86859344].
2023-07-20 16:54:31,932 - INFO - Finished optimization with guess, [0.86859344].
2023-07-20 16:54:31,933 - INFO - Best fit parameters: [0.86859344].
2023-07-20 16:54:31,961 - INFO - Maximum log composite likelihood: -431.1018256221223.
2023-07-20 16:54:31,962 - INFO - Optimal value of theta: 9927.052036326826.
2023-07-20 16:54:31,962 - INFO - Beginning optimization with guess, [1.30262864].
2023-07-20 16:54:32,696 - INFO - Finished optimization with guess, [1.30262864].
2023-07-20 16:54:32,696 - INFO - Best fit parameters: [1.30262864].
2023-07-20 16:54:32,725 - INFO - Maximum log composite likelihood: -431.1018256221223.
2023-07-20 16:54:32,725 - INFO - Optimal value of theta: 9927.052036326826.
2023-07-20 16:54:32,725 - INFO - Beginning optimization with guess, [1.60154518].
2023-07-20 16:54:33,459 - INFO - Finished optimization with guess, [1.60154518].
2023-07-20 16:54:33,460 - INFO - Best fit parameters: [1.60154518].
2023-07-20 16:54:33,488 - INFO - Maximum log composite likelihood: -431.1018256221223.
2023-07-20 16:54:33,488 - INFO - Optimal value of theta: 9927.052036326826.
2023-07-20 16:54:33,488 - INFO - Beginning optimization with guess, [0.6938837].
2023-07-20 16:54:34,225 - INFO - Finished optimization with guess, [0.6938837].
2023-07-20 16:54:34,225 - INFO - Best fit parameters: [0.6938837].
2023-07-20 16:54:34,253 - INFO - Maximum log composite likelihood: -431.1018256221223.
2023-07-20 16:54:34,253 - INFO - Optimal value of theta: 9927.052036326826.
2023-07-20 16:54:34,254 - INFO - Beginning optimization with guess, [0.75613108].
2023-07-20 16:54:34,988 - INFO - Finished optimization with guess, [0.75613108].
2023-07-20 16:54:34,989 - INFO - Best fit parameters: [0.75613108].
2023-07-20 16:54:35,017 - INFO - Maximum log composite likelihood: -431.1018256221223.
2023-07-20 16:54:35,017 - INFO - Optimal value of theta: 9927.052036326826.
2023-07-20 16:54:35,018 - INFO - Beginning optimization with guess, [1.43539513].
2023-07-20 16:54:35,753 - INFO - Finished optimization with guess, [1.43539513].
2023-07-20 16:54:35,754 - INFO - Best fit parameters: [1.43539513].
2023-07-20 16:54:35,782 - INFO - Maximum log composite likelihood: -431.1018256221223.
2023-07-20 16:54:35,782 - INFO - Optimal value of theta: 9927.052036326826.
2023-07-20 16:54:35,782 - INFO - Beginning optimization with guess, [3.26645004].
2023-07-20 16:54:36,688 - INFO - Finished optimization with guess, [3.26645004].
2023-07-20 16:54:36,688 - INFO - Best fit parameters: [3.26645004].
2023-07-20 16:54:36,716 - INFO - Maximum log composite likelihood: -431.1018256221223.
2023-07-20 16:54:36,717 - INFO - Optimal value of theta: 9927.052036326826.
2023-07-20 16:54:36,717 - INFO - Beginning optimization with guess, [1.20602757].
2023-07-20 16:54:37,368 - INFO - Finished optimization with guess, [1.20602757].
2023-07-20 16:54:37,368 - INFO - Best fit parameters: [1.20602757].
2023-07-20 16:54:37,397 - INFO - Maximum log composite likelihood: -431.1018256221223.
2023-07-20 16:54:37,397 - INFO - Optimal value of theta: 9927.052036326826.
2023-07-20 16:54:37,397 - INFO - Beginning optimization with guess, [2.0739886].
2023-07-20 16:54:38,217 - INFO - Finished optimization with guess, [2.0739886].
2023-07-20 16:54:38,217 - INFO - Best fit parameters: [2.0739886].
2023-07-20 16:54:38,246 - INFO - Maximum log composite likelihood: -431.1018256221223.
2023-07-20 16:54:38,247 - INFO - Optimal value of theta: 9927.052036326826.
2023-07-20 16:54:38,247 - INFO - Beginning optimization with guess, [1.41418619].
2023-07-20 16:54:38,981 - INFO - Finished optimization with guess, [1.41418619].
2023-07-20 16:54:38,981 - INFO - Best fit parameters: [1.41418619].
2023-07-20 16:54:39,009 - INFO - Maximum log composite likelihood: -431.1018256221223.
2023-07-20 16:54:39,010 - INFO - Optimal value of theta: 9927.052036326826.
2023-07-20 16:54:39,010 - INFO - Beginning optimization with guess, [1.99085324].
2023-07-20 16:54:39,830 - INFO - Finished optimization with guess, [1.99085324].
2023-07-20 16:54:39,830 - INFO - Best fit parameters: [1.99085324].
2023-07-20 16:54:39,859 - INFO - Maximum log composite likelihood: -431.1018256221223.
2023-07-20 16:54:39,859 - INFO - Optimal value of theta: 9927.052036326826.
2023-07-20 16:54:39,859 - INFO - Beginning optimization with guess, [5.30036234].
2023-07-20 16:54:40,764 - INFO - Finished optimization with guess, [5.30036234].
2023-07-20 16:54:40,764 - INFO - Best fit parameters: [5.30036234].
2023-07-20 16:54:40,792 - INFO - Maximum log composite likelihood: -431.1018256221223.
2023-07-20 16:54:40,792 - INFO - Optimal value of theta: 9927.052036326826.
2023-07-20 16:54:40,793 - INFO - Beginning optimization with guess, [3.34458204].
2023-07-20 16:54:41,696 - INFO - Finished optimization with guess, [3.34458204].
2023-07-20 16:54:41,696 - INFO - Best fit parameters: [3.34458204].
2023-07-20 16:54:41,724 - INFO - Maximum log composite likelihood: -431.1018256221223.
2023-07-20 16:54:41,724 - INFO - Optimal value of theta: 9927.052036326826.
2023-07-20 16:54:41,725 - INFO - Beginning optimization with guess, [4.16537662].
2023-07-20 16:54:42,628 - INFO - Finished optimization with guess, [4.16537662].
2023-07-20 16:54:42,628 - INFO - Best fit parameters: [4.16537662].
2023-07-20 16:54:42,656 - INFO - Maximum log composite likelihood: -431.1018256221223.
2023-07-20 16:54:42,657 - INFO - Optimal value of theta: 9927.052036326826.
2023-07-20 16:54:42,657 - INFO - Beginning optimization with guess, [3.77006901].
2023-07-20 16:54:43,559 - INFO - Finished optimization with guess, [3.77006901].
2023-07-20 16:54:43,559 - INFO - Best fit parameters: [3.77006901].
2023-07-20 16:54:43,587 - INFO - Maximum log composite likelihood: -431.1018256221223.
2023-07-20 16:54:43,588 - INFO - Optimal value of theta: 9927.052036326826.
2023-07-20 16:54:43,588 - INFO - Beginning optimization with guess, [8.17172251].
2023-07-20 16:54:44,581 - INFO - Finished optimization with guess, [8.17172251].
2023-07-20 16:54:44,582 - INFO - Best fit parameters: [8.17172251].
2023-07-20 16:54:44,611 - INFO - Maximum log composite likelihood: -431.1018256221223.
2023-07-20 16:54:44,611 - INFO - Optimal value of theta: 9927.052036326826.
2023-07-20 16:54:44,611 - INFO - Beginning optimization with guess, [6.96727802].
2023-07-20 16:54:45,521 - INFO - Finished optimization with guess, [6.96727802].
2023-07-20 16:54:45,521 - INFO - Best fit parameters: [6.96727802].
2023-07-20 16:54:45,550 - INFO - Maximum log composite likelihood: -431.1018256221223.
2023-07-20 16:54:45,550 - INFO - Optimal value of theta: 9927.052036326826.
2023-07-20 16:54:45,754 - INFO - Beginning demographic inference for two-epoch demographic model.
2023-07-20 16:54:45,757 - INFO - Beginning optimization with guess, [0.17328521 0.01042969].
2023-07-20 16:54:49,193 - INFO - Finished optimization with guess, [0.17328521 0.01042969].
2023-07-20 16:54:49,193 - INFO - Best fit parameters: [2.32435737 1.40152942].
2023-07-20 16:54:49,236 - INFO - Maximum log composite likelihood: -35.13545494140362.
2023-07-20 16:54:49,237 - INFO - Optimal value of theta: 5753.315868709232.
2023-07-20 16:54:49,237 - INFO - Beginning optimization with guess, [0.34188982 0.00599527].
2023-07-20 16:54:54,177 - INFO - Finished optimization with guess, [0.34188982 0.00599527].
2023-07-20 16:54:54,177 - INFO - Best fit parameters: [1.94690769 0.60878492].
2023-07-20 16:54:54,214 - INFO - Maximum log composite likelihood: -37.791031579991795.
2023-07-20 16:54:54,214 - INFO - Optimal value of theta: 7314.710598218615.
2023-07-20 16:54:54,214 - INFO - Beginning optimization with guess, [0.15673791 0.01550055].
2023-07-20 16:54:56,934 - INFO - Finished optimization with guess, [0.15673791 0.01550055].
2023-07-20 16:54:56,934 - INFO - Best fit parameters: [1.99073979 0.91009437].
2023-07-20 16:54:56,973 - INFO - Maximum log composite likelihood: -36.17232708878964.
2023-07-20 16:54:56,973 - INFO - Optimal value of theta: 6765.613196896965.
2023-07-20 16:54:56,973 - INFO - Beginning optimization with guess, [0.32587793 0.00920742].
2023-07-20 16:55:00,870 - INFO - Finished optimization with guess, [0.32587793 0.00920742].
2023-07-20 16:55:00,872 - INFO - Best fit parameters: [2.10538717 1.09360326].
2023-07-20 16:55:00,912 - INFO - Maximum log composite likelihood: -35.58320223748069.
2023-07-20 16:55:00,912 - INFO - Optimal value of theta: 6366.028817832189.
2023-07-20 16:55:00,912 - INFO - Beginning optimization with guess, [0.45185214 0.01375188].
2023-07-20 16:55:04,208 - INFO - Finished optimization with guess, [0.45185214 0.01375188].
2023-07-20 16:55:04,208 - INFO - Best fit parameters: [2.09803724 0.99653286].
2023-07-20 16:55:04,249 - INFO - Maximum log composite likelihood: -35.2539779405397.
2023-07-20 16:55:04,250 - INFO - Optimal value of theta: 6492.2933693069035.
2023-07-20 16:55:04,250 - INFO - Beginning optimization with guess, [0.44877503 0.00776045].
2023-07-20 16:55:08,678 - INFO - Finished optimization with guess, [0.44877503 0.00776045].
2023-07-20 16:55:08,679 - INFO - Best fit parameters: [1.9461032  0.87434228].
2023-07-20 16:55:08,717 - INFO - Maximum log composite likelihood: -37.305436449819354.
2023-07-20 16:55:08,718 - INFO - Optimal value of theta: 6884.764483595352.
2023-07-20 16:55:08,718 - INFO - Beginning optimization with guess, [0.80862806 0.00625297].
2023-07-20 16:55:14,003 - INFO - Finished optimization with guess, [0.80862806 0.00625297].
2023-07-20 16:55:14,003 - INFO - Best fit parameters: [2.01589603 0.52553426].
2023-07-20 16:55:14,038 - INFO - Maximum log composite likelihood: -43.70017528879907.
2023-07-20 16:55:14,038 - INFO - Optimal value of theta: 7399.416896117269.
2023-07-20 16:55:14,038 - INFO - Beginning optimization with guess, [0.67713014 0.00526162].
2023-07-20 16:55:19,904 - INFO - Finished optimization with guess, [0.67713014 0.00526162].
2023-07-20 16:55:19,904 - INFO - Best fit parameters: [1.78090547 0.49726497].
2023-07-20 16:55:19,939 - INFO - Maximum log composite likelihood: -43.680541169436765.
2023-07-20 16:55:19,939 - INFO - Optimal value of theta: 7789.729503259598.
2023-07-20 16:55:19,939 - INFO - Beginning optimization with guess, [1.36661449 0.0174966 ].
2023-07-20 16:55:21,695 - INFO - Finished optimization with guess, [1.36661449 0.0174966 ].
2023-07-20 16:55:21,696 - INFO - Best fit parameters: [2.24444663 1.26326608].
2023-07-20 16:55:21,737 - INFO - Maximum log composite likelihood: -35.08889030833234.
2023-07-20 16:55:21,738 - INFO - Optimal value of theta: 5989.3589254250655.
2023-07-20 16:55:21,738 - INFO - Beginning optimization with guess, [1.88739479 0.01387794].
2023-07-20 16:55:23,355 - INFO - Finished optimization with guess, [1.88739479 0.01387794].
2023-07-20 16:55:23,355 - INFO - Best fit parameters: [1.96012221 0.69965589].
2023-07-20 16:55:23,392 - INFO - Maximum log composite likelihood: -36.43672339929708.
2023-07-20 16:55:23,392 - INFO - Optimal value of theta: 7129.360917549595.
2023-07-20 16:55:23,392 - INFO - Beginning optimization with guess, [2.32001414 0.00864069].
2023-07-20 16:55:24,842 - INFO - Finished optimization with guess, [2.32001414 0.00864069].
2023-07-20 16:55:24,842 - INFO - Best fit parameters: [1.99573228 0.55103483].
2023-07-20 16:55:24,877 - INFO - Maximum log composite likelihood: -41.450530854070166.
2023-07-20 16:55:24,877 - INFO - Optimal value of theta: 7367.716479176769.
2023-07-20 16:55:24,878 - INFO - Beginning optimization with guess, [0.99072034 0.01913218].
2023-07-20 16:55:26,545 - INFO - Finished optimization with guess, [0.99072034 0.01913218].
2023-07-20 16:55:26,545 - INFO - Best fit parameters: [1.02239708 0.31946914].
2023-07-20 16:55:26,581 - INFO - Maximum log composite likelihood: -405.97828122558167.
2023-07-20 16:55:26,581 - INFO - Optimal value of theta: 9843.934262262741.
2023-07-20 16:55:26,581 - INFO - Beginning optimization with guess, [0.96690066 0.01407811].
2023-07-20 16:55:31,894 - INFO - Finished optimization with guess, [0.96690066 0.01407811].
2023-07-20 16:55:31,894 - INFO - Best fit parameters: [1.06666281 0.44995437].
2023-07-20 16:55:31,932 - INFO - Maximum log composite likelihood: -361.4979153191698.
2023-07-20 16:55:31,932 - INFO - Optimal value of theta: 9637.529794979968.
2023-07-20 16:55:31,932 - INFO - Beginning optimization with guess, [1.58025972 0.01489439].
2023-07-20 16:55:34,005 - INFO - Finished optimization with guess, [1.58025972 0.01489439].
2023-07-20 16:55:34,005 - INFO - Best fit parameters: [2.34439042 1.40589092].
2023-07-20 16:55:34,048 - INFO - Maximum log composite likelihood: -35.061826759015275.
2023-07-20 16:55:34,048 - INFO - Optimal value of theta: 5723.869983292048.
2023-07-20 16:55:34,048 - INFO - Beginning optimization with guess, [1.99824642 0.01480993].
2023-07-20 16:55:35,549 - INFO - Finished optimization with guess, [1.99824642 0.01480993].
2023-07-20 16:55:35,550 - INFO - Best fit parameters: [2.07965184 1.05486646].
2023-07-20 16:55:35,590 - INFO - Maximum log composite likelihood: -35.68822494436881.
2023-07-20 16:55:35,591 - INFO - Optimal value of theta: 6448.899208072459.
2023-07-20 16:55:35,591 - INFO - Beginning optimization with guess, [2.65937807 0.00512092].
2023-07-20 16:55:37,056 - INFO - Finished optimization with guess, [2.65937807 0.00512092].
2023-07-20 16:55:37,057 - INFO - Best fit parameters: [1.78527556 0.23734168].
2023-07-20 16:55:37,089 - INFO - Maximum log composite likelihood: -73.36314212380057.
2023-07-20 16:55:37,089 - INFO - Optimal value of theta: 8521.099319816225.
2023-07-20 16:55:37,089 - INFO - Beginning optimization with guess, [3.63320023 0.00835784].
2023-07-20 16:55:38,579 - INFO - Finished optimization with guess, [3.63320023 0.00835784].
2023-07-20 16:55:38,580 - INFO - Best fit parameters: [1.87070588 0.25902296].
2023-07-20 16:55:38,612 - INFO - Maximum log composite likelihood: -62.881746484204996.
2023-07-20 16:55:38,612 - INFO - Optimal value of theta: 8351.924220080848.
2023-07-20 16:55:38,612 - INFO - Beginning optimization with guess, [3.70176973 0.01180894].
2023-07-20 16:55:40,035 - INFO - Finished optimization with guess, [3.70176973 0.01180894].
2023-07-20 16:55:40,036 - INFO - Best fit parameters: [1.7655828  0.42341038].
2023-07-20 16:55:40,071 - INFO - Maximum log composite likelihood: -47.53365647749615.
2023-07-20 16:55:40,071 - INFO - Optimal value of theta: 7981.281726291748.
2023-07-20 16:55:40,071 - INFO - Beginning optimization with guess, [5.56077251 0.01720097].
2023-07-20 16:55:41,464 - INFO - Finished optimization with guess, [5.56077251 0.01720097].
2023-07-20 16:55:41,464 - INFO - Best fit parameters: [1.80746176 0.21017296].
2023-07-20 16:55:41,496 - INFO - Maximum log composite likelihood: -80.74322661864153.
2023-07-20 16:55:41,496 - INFO - Optimal value of theta: 8608.048940543807.
2023-07-20 16:55:41,496 - INFO - Beginning optimization with guess, [6.86203898 0.01788979].
2023-07-20 16:55:42,942 - INFO - Finished optimization with guess, [6.86203898 0.01788979].
2023-07-20 16:55:42,943 - INFO - Best fit parameters: [1.89508982 0.16371429].
2023-07-20 16:55:42,974 - INFO - Maximum log composite likelihood: -96.02311022627237.
2023-07-20 16:55:42,974 - INFO - Optimal value of theta: 8751.87812416393.
2023-07-20 16:55:42,975 - INFO - Beginning optimization with guess, [4.31463156 0.01533183].
2023-07-20 16:55:44,434 - INFO - Finished optimization with guess, [4.31463156 0.01533183].
2023-07-20 16:55:44,434 - INFO - Best fit parameters: [1.88868796 0.49866137].
2023-07-20 16:55:44,470 - INFO - Maximum log composite likelihood: -39.98882101815161.
2023-07-20 16:55:44,470 - INFO - Optimal value of theta: 7628.698013685025.
2023-07-20 16:55:44,470 - INFO - Beginning optimization with guess, [4.44917846 0.00695111].
2023-07-20 16:55:45,941 - INFO - Finished optimization with guess, [4.44917846 0.00695111].
2023-07-20 16:55:45,941 - INFO - Best fit parameters: [2.42751384 0.10472501].
2023-07-20 16:55:45,971 - INFO - Maximum log composite likelihood: -118.85767862277771.
2023-07-20 16:55:45,972 - INFO - Optimal value of theta: 8875.563573332696.
2023-07-20 16:55:45,972 - INFO - Beginning optimization with guess, [1.16568753e+01 7.69084579e-03].
2023-07-20 16:55:47,322 - INFO - Finished optimization with guess, [1.16568753e+01 7.69084579e-03].
2023-07-20 16:55:47,322 - INFO - Best fit parameters: [2.30920025 0.11233141].
2023-07-20 16:55:47,352 - INFO - Maximum log composite likelihood: -114.9418033699294.
2023-07-20 16:55:47,353 - INFO - Optimal value of theta: 8857.064082590046.
2023-07-20 16:55:47,353 - INFO - Beginning optimization with guess, [7.17508547 0.01405588].
2023-07-20 16:55:48,702 - INFO - Finished optimization with guess, [7.17508547 0.01405588].
2023-07-20 16:55:48,703 - INFO - Best fit parameters: [4.08947653 0.06937298].
2023-07-20 16:55:48,733 - INFO - Maximum log composite likelihood: -141.4526319620063.
2023-07-20 16:55:48,733 - INFO - Optimal value of theta: 8956.995807098643.
2023-07-20 16:55:48,734 - INFO - Beginning demographic inference for three-epoch demographic model.
2023-07-20 16:55:48,737 - INFO - Beginning optimization with guess, [0.01932465 0.0065593  0.00740405 0.01442642].
2023-07-20 16:57:01,344 - INFO - Finished optimization with guess, [0.01932465 0.0065593  0.00740405 0.01442642].
2023-07-20 16:57:01,345 - INFO - Best fit parameters: [0.01123481 0.00151416 0.00638173 0.06891644].
2023-07-20 16:57:02,342 - INFO - Maximum log composite likelihood: -431.10182555981555.
2023-07-20 16:57:02,342 - INFO - Optimal value of theta: 6556161.235945838.
2023-07-20 16:57:02,342 - INFO - Beginning optimization with guess, [0.01429495 0.02212927 0.01086955 0.00527597].
2023-07-20 16:57:08,866 - INFO - Finished optimization with guess, [0.01429495 0.02212927 0.01086955 0.00527597].
2023-07-20 16:57:08,867 - INFO - Best fit parameters: [0.00520681 0.02428441 0.02673783 0.0075028 ].
2023-07-20 16:57:09,011 - INFO - Maximum log composite likelihood: -47.11693766821645.
2023-07-20 16:57:09,012 - INFO - Optimal value of theta: 624261.0177241821.
2023-07-20 16:57:09,012 - INFO - Beginning optimization with guess, [0.01595633 0.02449189 0.01247084 0.01662414].
2023-07-20 16:57:17,624 - INFO - Finished optimization with guess, [0.01595633 0.02449189 0.01247084 0.01662414].
2023-07-20 16:57:17,625 - INFO - Best fit parameters: [0.00749038 0.02041071 0.05956756 0.01383163].
2023-07-20 16:57:17,836 - INFO - Maximum log composite likelihood: -35.075738030528555.
2023-07-20 16:57:17,837 - INFO - Optimal value of theta: 655209.1494070122.
2023-07-20 16:57:17,837 - INFO - Beginning optimization with guess, [0.07765577 0.03670707 0.0067273  0.00592228].
2023-07-20 16:57:19,133 - INFO - Finished optimization with guess, [0.07765577 0.03670707 0.0067273  0.00592228].
2023-07-20 16:57:19,133 - INFO - Best fit parameters: [1.54104074e-01 2.82389111e+02 2.17105401e-06 2.14683824e-05].
2023-07-20 16:57:19,163 - INFO - Maximum log composite likelihood: -430.98033227461565.
2023-07-20 16:57:19,163 - INFO - Optimal value of theta: 9926.843564051382.
2023-07-20 16:57:19,163 - INFO - Beginning optimization with guess, [0.03771714 0.05519767 0.00594851 0.01011924].
2023-07-20 16:57:20,571 - INFO - Finished optimization with guess, [0.03771714 0.05519767 0.00594851 0.01011924].
2023-07-20 16:57:20,571 - INFO - Best fit parameters: [1.66350921e-01 8.85894852e+00 5.80589926e-06 3.26230218e-03].
2023-07-20 16:57:20,601 - INFO - Maximum log composite likelihood: -396.28858833423965.
2023-07-20 16:57:20,601 - INFO - Optimal value of theta: 9864.989111141776.
2023-07-20 16:57:20,601 - INFO - Beginning optimization with guess, [0.44209845 0.73440171 0.00885435 0.0145584 ].
2023-07-20 16:57:21,971 - INFO - Finished optimization with guess, [0.44209845 0.73440171 0.00885435 0.0145584 ].
2023-07-20 16:57:21,972 - INFO - Best fit parameters: [6.54473527e-01 1.23863741e+00 3.67273998e-05 7.54599933e-04].
2023-07-20 16:57:22,002 - INFO - Maximum log composite likelihood: -429.5108585252701.
2023-07-20 16:57:22,002 - INFO - Optimal value of theta: 9924.310380616454.
2023-07-20 16:57:22,003 - INFO - Beginning optimization with guess, [1.18689291 1.06470272 0.01684043 0.01207329].
2023-07-20 16:57:23,590 - INFO - Finished optimization with guess, [1.18689291 1.06470272 0.01684043 0.01207329].
2023-07-20 16:57:23,590 - INFO - Best fit parameters: [1.37521107 1.06485957 0.63072491 0.00726157].
2023-07-20 16:57:23,630 - INFO - Maximum log composite likelihood: -168.59038034698278.
2023-07-20 16:57:23,630 - INFO - Optimal value of theta: 8453.981045859346.
2023-07-20 16:57:23,630 - INFO - Beginning optimization with guess, [1.50832428 0.58171423 0.01922583 0.01940529].
2023-07-20 16:57:25,237 - INFO - Finished optimization with guess, [1.50832428 0.58171423 0.01922583 0.01940529].
2023-07-20 16:57:25,237 - INFO - Best fit parameters: [1.75332317e+00 7.09900729e-01 6.55592220e-01 9.14222105e-04].
2023-07-20 16:57:25,272 - INFO - Maximum log composite likelihood: -48.856126495502394.
2023-07-20 16:57:25,272 - INFO - Optimal value of theta: 7553.606382060373.
2023-07-20 16:57:25,272 - INFO - Beginning optimization with guess, [0.58430311 0.92191059 0.01361021 0.00683078].
2023-07-20 16:57:26,493 - INFO - Finished optimization with guess, [0.58430311 0.92191059 0.01361021 0.00683078].
2023-07-20 16:57:26,493 - INFO - Best fit parameters: [9.29405971e-01 1.01086954e+00 6.87136227e-08 2.48559742e-06].
2023-07-20 16:57:26,522 - INFO - Maximum log composite likelihood: -431.101537075715.
2023-07-20 16:57:26,523 - INFO - Optimal value of theta: 9927.051541221452.
2023-07-20 16:57:26,523 - INFO - Beginning optimization with guess, [0.78864174 0.85886994 0.01324446 0.01231452].
2023-07-20 16:57:27,829 - INFO - Finished optimization with guess, [0.78864174 0.85886994 0.01324446 0.01231452].
2023-07-20 16:57:27,829 - INFO - Best fit parameters: [9.06048928e-01 1.05603033e+00 5.39476305e-05 5.06263506e-04].
2023-07-20 16:57:27,859 - INFO - Maximum log composite likelihood: -430.83244953753547.
2023-07-20 16:57:27,859 - INFO - Optimal value of theta: 9926.588730015483.
2023-07-20 16:57:27,859 - INFO - Beginning optimization with guess, [1.14010962 0.76501896 0.01993256 0.00694449].
2023-07-20 16:57:29,485 - INFO - Finished optimization with guess, [1.14010962 0.76501896 0.01993256 0.00694449].
2023-07-20 16:57:29,485 - INFO - Best fit parameters: [1.233808   0.74651178 0.38412434 0.00166114].
2023-07-20 16:57:29,522 - INFO - Maximum log composite likelihood: -230.91334943967104.
2023-07-20 16:57:29,522 - INFO - Optimal value of theta: 9141.094499401865.
2023-07-20 16:57:29,522 - INFO - Beginning optimization with guess, [1.55703022 2.57896384 0.0152054  0.01581501].
2023-07-20 16:57:30,886 - INFO - Finished optimization with guess, [1.55703022 2.57896384 0.0152054  0.01581501].
2023-07-20 16:57:30,886 - INFO - Best fit parameters: [1.66480141 3.01343792 0.01128651 0.1079924 ].
2023-07-20 16:57:30,917 - INFO - Maximum log composite likelihood: -116.6249160198613.
2023-07-20 16:57:30,917 - INFO - Optimal value of theta: 8637.214788660696.
2023-07-20 16:57:30,917 - INFO - Beginning optimization with guess, [1.45454244 1.89676738 0.01721098 0.0066382 ].
2023-07-20 16:57:32,374 - INFO - Finished optimization with guess, [1.45454244 1.89676738 0.01721098 0.0066382 ].
2023-07-20 16:57:32,375 - INFO - Best fit parameters: [1.80386636 1.92428637 0.62437697 0.00457556].
2023-07-20 16:57:32,412 - INFO - Maximum log composite likelihood: -41.35928819655055.
2023-07-20 16:57:32,412 - INFO - Optimal value of theta: 7494.912333950753.
2023-07-20 16:57:32,412 - INFO - Beginning optimization with guess, [3.89583141 1.8460897  0.00947127 0.00757681].
2023-07-20 16:57:33,811 - INFO - Finished optimization with guess, [3.89583141 1.8460897  0.00947127 0.00757681].
2023-07-20 16:57:33,811 - INFO - Best fit parameters: [5.30342359 1.95725491 0.07635647 0.00702676].
2023-07-20 16:57:33,841 - INFO - Maximum log composite likelihood: -134.62223059740245.
2023-07-20 16:57:33,842 - INFO - Optimal value of theta: 8756.414200021505.
2023-07-20 16:57:33,842 - INFO - Beginning optimization with guess, [2.22124733 2.24492784 0.00956229 0.00955301].
2023-07-20 16:57:35,236 - INFO - Finished optimization with guess, [2.22124733 2.24492784 0.00956229 0.00955301].
2023-07-20 16:57:35,237 - INFO - Best fit parameters: [2.41208868 2.31727169 0.00395849 0.14563755].
2023-07-20 16:57:35,268 - INFO - Maximum log composite likelihood: -94.3353996034948.
2023-07-20 16:57:35,268 - INFO - Optimal value of theta: 8592.621624745807.
2023-07-20 16:57:35,269 - INFO - Beginning optimization with guess, [3.99284894 3.38304596 0.00727697 0.01034635].
2023-07-20 16:57:36,583 - INFO - Finished optimization with guess, [3.99284894 3.38304596 0.00727697 0.01034635].
2023-07-20 16:57:36,583 - INFO - Best fit parameters: [4.30899377 4.23544547 0.00595349 0.08206677].
2023-07-20 16:57:36,613 - INFO - Maximum log composite likelihood: -136.18490531712087.
2023-07-20 16:57:36,613 - INFO - Optimal value of theta: 8726.926067697766.
2023-07-20 16:57:36,613 - INFO - Beginning optimization with guess, [3.12817535 2.60056436 0.00515486 0.01154078].
2023-07-20 16:57:37,999 - INFO - Finished optimization with guess, [3.12817535 2.60056436 0.00515486 0.01154078].
2023-07-20 16:57:38,000 - INFO - Best fit parameters: [3.44005215e+00 2.44536860e+00 1.22990656e-03 1.90726012e-01].
2023-07-20 16:57:38,031 - INFO - Maximum log composite likelihood: -91.88989273145398.
2023-07-20 16:57:38,031 - INFO - Optimal value of theta: 8267.609097694167.
2023-07-20 16:57:38,031 - INFO - Beginning optimization with guess, [1.52377116 3.34292886 0.00861889 0.00641568].
2023-07-20 16:57:39,377 - INFO - Finished optimization with guess, [1.52377116 3.34292886 0.00861889 0.00641568].
2023-07-20 16:57:39,377 - INFO - Best fit parameters: [1.62940318 4.07305886 0.00605306 0.07818734].
2023-07-20 16:57:39,407 - INFO - Maximum log composite likelihood: -134.84497885379278.
2023-07-20 16:57:39,407 - INFO - Optimal value of theta: 8819.32435215629.
2023-07-20 16:57:39,407 - INFO - Beginning optimization with guess, [1.9372551  3.26254798 0.01193874 0.0068521 ].
2023-07-20 16:57:40,887 - INFO - Finished optimization with guess, [1.9372551  3.26254798 0.01193874 0.0068521 ].
2023-07-20 16:57:40,887 - INFO - Best fit parameters: [2.02255902e+00 3.36707447e+00 8.66165446e-01 1.33474189e-03].
2023-07-20 16:57:40,926 - INFO - Maximum log composite likelihood: -35.61095463476977.
2023-07-20 16:57:40,926 - INFO - Optimal value of theta: 6770.526865557482.
2023-07-20 16:57:40,926 - INFO - Beginning optimization with guess, [2.86421523 2.8827213  0.01207867 0.01268538].
2023-07-20 16:57:42,331 - INFO - Finished optimization with guess, [2.86421523 2.8827213  0.01207867 0.01268538].
2023-07-20 16:57:42,332 - INFO - Best fit parameters: [3.45688617 3.47692309 0.00984027 0.08476618].
2023-07-20 16:57:42,362 - INFO - Maximum log composite likelihood: -127.11421555809738.
2023-07-20 16:57:42,363 - INFO - Optimal value of theta: 8744.208901816339.
2023-07-20 16:57:42,363 - INFO - Beginning optimization with guess, [6.40714676 6.29605926 0.00771542 0.0145621 ].
2023-07-20 16:57:43,696 - INFO - Finished optimization with guess, [6.40714676 6.29605926 0.00771542 0.0145621 ].
2023-07-20 16:57:43,696 - INFO - Best fit parameters: [7.73104419e+00 7.89595579e+00 6.57678824e-03 5.61935971e-02].
2023-07-20 16:57:43,726 - INFO - Maximum log composite likelihood: -150.68517844278358.
2023-07-20 16:57:43,727 - INFO - Optimal value of theta: 8891.459198372562.
2023-07-20 16:57:43,727 - INFO - Beginning optimization with guess, [3.60071168 4.84769461 0.00517371 0.00986724].
2023-07-20 16:57:45,153 - INFO - Finished optimization with guess, [3.60071168 4.84769461 0.00517371 0.00986724].
2023-07-20 16:57:45,153 - INFO - Best fit parameters: [4.28276635e+00 6.03157865e+00 3.56134386e-03 6.92668000e-02].
2023-07-20 16:57:45,183 - INFO - Maximum log composite likelihood: -146.0664345289897.
2023-07-20 16:57:45,183 - INFO - Optimal value of theta: 8809.159963936916.
2023-07-20 16:57:45,183 - INFO - Beginning optimization with guess, [9.34451173e+00 5.01863978e+00 1.70923794e-02 8.59756247e-03].
2023-07-20 16:57:46,629 - INFO - Finished optimization with guess, [9.34451173e+00 5.01863978e+00 1.70923794e-02 8.59756247e-03].
2023-07-20 16:57:46,629 - INFO - Best fit parameters: [1.17947587e+01 5.66419073e+00 4.85232014e-02 9.75908582e-03].
2023-07-20 16:57:46,659 - INFO - Maximum log composite likelihood: -151.91510370005835.
2023-07-20 16:57:46,659 - INFO - Optimal value of theta: 8928.756035507984.
2023-07-20 16:57:46,660 - INFO - Beginning optimization with guess, [4.79658956e+00 1.12932470e+01 6.19575522e-03 5.44470002e-03].
2023-07-20 16:57:47,990 - INFO - Finished optimization with guess, [4.79658956e+00 1.12932470e+01 6.19575522e-03 5.44470002e-03].
2023-07-20 16:57:47,991 - INFO - Best fit parameters: [6.73852711e+00 1.34907992e+01 4.79407607e-03 5.35029353e-02].
2023-07-20 16:57:48,020 - INFO - Maximum log composite likelihood: -155.3440369136988.
2023-07-20 16:57:48,021 - INFO - Optimal value of theta: 8902.469471760094.
2023-07-20 16:57:48,022 - INFO - Finished demographic inference.
2023-07-20 16:57:48,022 - INFO - Pipeline executed succesfully.
