2023-02-17 16:58:34,444 - INFO - Beginning execution of fit_one_epoch.py in directory /u/project/ngarud/jonmah/demo_for_ccgb/Scripts

2023-02-17 16:58:34,444 - INFO - Progress is being logged to ../Analysis/Alistipes_finegoldii_56071_downsampled_18/log.log

2023-02-17 16:58:34,444 - INFO - Parsed the following arguments:
	syn_input_sfs = ../Analysis/Alistipes_finegoldii_56071_downsampled_18/empirical_sfs.txt
	mask_singletons = False
	mask_doubletons = False
	outprefix = ../Analysis/Alistipes_finegoldii_56071_downsampled_18/

2023-02-17 16:58:34,466 - INFO - Beginning demographic inference for one-epoch demographic model.
2023-02-17 16:58:34,467 - INFO - Beginning optimization with guess, [0.07670448].
2023-02-17 16:58:34,556 - INFO - Finished optimization with guess, [0.07670448].
2023-02-17 16:58:34,557 - INFO - Best fit parameters: [0.07670448].
2023-02-17 16:58:34,602 - INFO - Maximum log composite likelihood: -279.5723881256772.
2023-02-17 16:58:34,602 - INFO - Optimal value of theta: 5787.974252008769.
2023-02-17 16:58:34,602 - INFO - Beginning optimization with guess, [0.21701365].
2023-02-17 16:58:34,692 - INFO - Finished optimization with guess, [0.21701365].
2023-02-17 16:58:34,692 - INFO - Best fit parameters: [0.21701365].
2023-02-17 16:58:34,737 - INFO - Maximum log composite likelihood: -279.5723881256772.
2023-02-17 16:58:34,737 - INFO - Optimal value of theta: 5787.974252008769.
2023-02-17 16:58:34,737 - INFO - Beginning optimization with guess, [0.21881691].
2023-02-17 16:58:34,827 - INFO - Finished optimization with guess, [0.21881691].
2023-02-17 16:58:34,827 - INFO - Best fit parameters: [0.21881691].
2023-02-17 16:58:34,872 - INFO - Maximum log composite likelihood: -279.5723881256772.
2023-02-17 16:58:34,873 - INFO - Optimal value of theta: 5787.974252008769.
2023-02-17 16:58:34,873 - INFO - Beginning optimization with guess, [0.20974156].
2023-02-17 16:58:34,963 - INFO - Finished optimization with guess, [0.20974156].
2023-02-17 16:58:34,963 - INFO - Best fit parameters: [0.20974156].
2023-02-17 16:58:35,007 - INFO - Maximum log composite likelihood: -279.5723881256772.
2023-02-17 16:58:35,008 - INFO - Optimal value of theta: 5787.974252008769.
2023-02-17 16:58:35,008 - INFO - Beginning optimization with guess, [0.35912772].
2023-02-17 16:58:35,098 - INFO - Finished optimization with guess, [0.35912772].
2023-02-17 16:58:35,098 - INFO - Best fit parameters: [0.35912772].
2023-02-17 16:58:35,144 - INFO - Maximum log composite likelihood: -279.5723881256772.
2023-02-17 16:58:35,144 - INFO - Optimal value of theta: 5787.974252008769.
2023-02-17 16:58:35,144 - INFO - Beginning optimization with guess, [0.81947117].
2023-02-17 16:58:35,236 - INFO - Finished optimization with guess, [0.81947117].
2023-02-17 16:58:35,236 - INFO - Best fit parameters: [0.81947117].
2023-02-17 16:58:35,282 - INFO - Maximum log composite likelihood: -279.5723881256772.
2023-02-17 16:58:35,282 - INFO - Optimal value of theta: 5787.974252008769.
2023-02-17 16:58:35,282 - INFO - Beginning optimization with guess, [0.37424784].
2023-02-17 16:58:35,374 - INFO - Finished optimization with guess, [0.37424784].
2023-02-17 16:58:35,374 - INFO - Best fit parameters: [0.37424784].
2023-02-17 16:58:35,420 - INFO - Maximum log composite likelihood: -279.5723881256772.
2023-02-17 16:58:35,420 - INFO - Optimal value of theta: 5787.974252008769.
2023-02-17 16:58:35,420 - INFO - Beginning optimization with guess, [1.44229432].
2023-02-17 16:58:35,515 - INFO - Finished optimization with guess, [1.44229432].
2023-02-17 16:58:35,515 - INFO - Best fit parameters: [1.44229432].
2023-02-17 16:58:35,561 - INFO - Maximum log composite likelihood: -279.5723881256772.
2023-02-17 16:58:35,561 - INFO - Optimal value of theta: 5787.974252008769.
2023-02-17 16:58:35,561 - INFO - Beginning optimization with guess, [0.89120146].
2023-02-17 16:58:35,653 - INFO - Finished optimization with guess, [0.89120146].
2023-02-17 16:58:35,653 - INFO - Best fit parameters: [0.89120146].
2023-02-17 16:58:35,699 - INFO - Maximum log composite likelihood: -279.5723881256772.
2023-02-17 16:58:35,699 - INFO - Optimal value of theta: 5787.974252008769.
2023-02-17 16:58:35,699 - INFO - Beginning optimization with guess, [1.46927854].
2023-02-17 16:58:35,791 - INFO - Finished optimization with guess, [1.46927854].
2023-02-17 16:58:35,791 - INFO - Best fit parameters: [1.46927854].
2023-02-17 16:58:35,836 - INFO - Maximum log composite likelihood: -279.5723881256772.
2023-02-17 16:58:35,837 - INFO - Optimal value of theta: 5787.974252008769.
2023-02-17 16:58:35,837 - INFO - Beginning optimization with guess, [2.13094566].
2023-02-17 16:58:35,929 - INFO - Finished optimization with guess, [2.13094566].
2023-02-17 16:58:35,929 - INFO - Best fit parameters: [2.13094566].
2023-02-17 16:58:35,975 - INFO - Maximum log composite likelihood: -279.5723881256772.
2023-02-17 16:58:35,975 - INFO - Optimal value of theta: 5787.974252008769.
2023-02-17 16:58:35,975 - INFO - Beginning optimization with guess, [1.11082522].
2023-02-17 16:58:36,067 - INFO - Finished optimization with guess, [1.11082522].
2023-02-17 16:58:36,067 - INFO - Best fit parameters: [1.11082522].
2023-02-17 16:58:36,113 - INFO - Maximum log composite likelihood: -279.5723881256772.
2023-02-17 16:58:36,113 - INFO - Optimal value of theta: 5787.974252008769.
2023-02-17 16:58:36,114 - INFO - Beginning optimization with guess, [1.20919936].
2023-02-17 16:58:36,205 - INFO - Finished optimization with guess, [1.20919936].
2023-02-17 16:58:36,205 - INFO - Best fit parameters: [1.20919936].
2023-02-17 16:58:36,251 - INFO - Maximum log composite likelihood: -279.5723881256772.
2023-02-17 16:58:36,251 - INFO - Optimal value of theta: 5787.974252008769.
2023-02-17 16:58:36,251 - INFO - Beginning optimization with guess, [1.42232169].
2023-02-17 16:58:36,343 - INFO - Finished optimization with guess, [1.42232169].
2023-02-17 16:58:36,343 - INFO - Best fit parameters: [1.42232169].
2023-02-17 16:58:36,389 - INFO - Maximum log composite likelihood: -279.5723881256772.
2023-02-17 16:58:36,389 - INFO - Optimal value of theta: 5787.974252008769.
2023-02-17 16:58:36,389 - INFO - Beginning optimization with guess, [2.13018089].
2023-02-17 16:58:36,481 - INFO - Finished optimization with guess, [2.13018089].
2023-02-17 16:58:36,481 - INFO - Best fit parameters: [2.13018089].
2023-02-17 16:58:36,527 - INFO - Maximum log composite likelihood: -279.5723881256772.
2023-02-17 16:58:36,527 - INFO - Optimal value of theta: 5787.974252008769.
2023-02-17 16:58:36,527 - INFO - Beginning optimization with guess, [1.45293033].
2023-02-17 16:58:36,619 - INFO - Finished optimization with guess, [1.45293033].
2023-02-17 16:58:36,619 - INFO - Best fit parameters: [1.45293033].
2023-02-17 16:58:36,665 - INFO - Maximum log composite likelihood: -279.5723881256772.
2023-02-17 16:58:36,665 - INFO - Optimal value of theta: 5787.974252008769.
2023-02-17 16:58:36,666 - INFO - Beginning optimization with guess, [2.01445962].
2023-02-17 16:58:36,757 - INFO - Finished optimization with guess, [2.01445962].
2023-02-17 16:58:36,757 - INFO - Best fit parameters: [2.01445962].
2023-02-17 16:58:36,803 - INFO - Maximum log composite likelihood: -279.5723881256772.
2023-02-17 16:58:36,803 - INFO - Optimal value of theta: 5787.974252008769.
2023-02-17 16:58:36,803 - INFO - Beginning optimization with guess, [5.69726085].
2023-02-17 16:58:36,895 - INFO - Finished optimization with guess, [5.69726085].
2023-02-17 16:58:36,895 - INFO - Best fit parameters: [5.69726085].
2023-02-17 16:58:36,941 - INFO - Maximum log composite likelihood: -279.5723881256772.
2023-02-17 16:58:36,941 - INFO - Optimal value of theta: 5787.974252008769.
2023-02-17 16:58:36,941 - INFO - Beginning optimization with guess, [4.79177603].
2023-02-17 16:58:37,033 - INFO - Finished optimization with guess, [4.79177603].
2023-02-17 16:58:37,033 - INFO - Best fit parameters: [4.79177603].
2023-02-17 16:58:37,079 - INFO - Maximum log composite likelihood: -279.5723881256772.
2023-02-17 16:58:37,079 - INFO - Optimal value of theta: 5787.974252008769.
2023-02-17 16:58:37,079 - INFO - Beginning optimization with guess, [2.87308392].
2023-02-17 16:58:37,171 - INFO - Finished optimization with guess, [2.87308392].
2023-02-17 16:58:37,171 - INFO - Best fit parameters: [2.87308392].
2023-02-17 16:58:37,217 - INFO - Maximum log composite likelihood: -279.5723881256772.
2023-02-17 16:58:37,217 - INFO - Optimal value of theta: 5787.974252008769.
2023-02-17 16:58:37,217 - INFO - Beginning optimization with guess, [3.76678585].
2023-02-17 16:58:37,309 - INFO - Finished optimization with guess, [3.76678585].
2023-02-17 16:58:37,309 - INFO - Best fit parameters: [3.76678585].
2023-02-17 16:58:37,355 - INFO - Maximum log composite likelihood: -279.5723881256772.
2023-02-17 16:58:37,355 - INFO - Optimal value of theta: 5787.974252008769.
2023-02-17 16:58:37,355 - INFO - Beginning optimization with guess, [2.55451673].
2023-02-17 16:58:37,447 - INFO - Finished optimization with guess, [2.55451673].
2023-02-17 16:58:37,447 - INFO - Best fit parameters: [2.55451673].
2023-02-17 16:58:37,495 - INFO - Maximum log composite likelihood: -279.5723881256772.
2023-02-17 16:58:37,495 - INFO - Optimal value of theta: 5787.974252008769.
2023-02-17 16:58:37,496 - INFO - Beginning optimization with guess, [5.57726363].
2023-02-17 16:58:37,588 - INFO - Finished optimization with guess, [5.57726363].
2023-02-17 16:58:37,588 - INFO - Best fit parameters: [5.57726363].
2023-02-17 16:58:37,633 - INFO - Maximum log composite likelihood: -279.5723881256772.
2023-02-17 16:58:37,634 - INFO - Optimal value of theta: 5787.974252008769.
2023-02-17 16:58:37,634 - INFO - Beginning optimization with guess, [10.92284008].
2023-02-17 16:58:37,726 - INFO - Finished optimization with guess, [10.92284008].
2023-02-17 16:58:37,726 - INFO - Best fit parameters: [10.92284008].
2023-02-17 16:58:37,772 - INFO - Maximum log composite likelihood: -279.5723881256772.
2023-02-17 16:58:37,772 - INFO - Optimal value of theta: 5787.974252008769.
2023-02-17 16:58:37,772 - INFO - Beginning optimization with guess, [5.08127085].
2023-02-17 16:58:37,864 - INFO - Finished optimization with guess, [5.08127085].
2023-02-17 16:58:37,864 - INFO - Best fit parameters: [5.08127085].
2023-02-17 16:58:37,910 - INFO - Maximum log composite likelihood: -279.5723881256772.
2023-02-17 16:58:37,910 - INFO - Optimal value of theta: 5787.974252008769.
2023-02-17 16:58:37,912 - INFO - Finished demographic inference.
2023-02-17 16:58:37,912 - INFO - Pipeline executed succesfully.
