2023-08-28 17:49:07,244 - INFO - Beginning execution of evaluate_demography.py in directory /u/project/ngarud/jonmah/demo_for_ccgb/Scripts

2023-08-28 17:49:07,244 - INFO - Progress is being logged to ../Analysis/Alistipes_shahii_62199_downsampled_14/accessory_evaluate_demography.log

2023-08-28 17:49:07,244 - INFO - Parsed the following arguments:
	syn_input_sfs = ../Analysis/Alistipes_shahii_62199_downsampled_14/accessory_empirical_syn_downsampled_sfs.txt
	model_type = three_epoch
	params_list = [0.06175046, 0.06493507, 0.004063, 0.00315501]
	mask_singletons = False
	mask_doubletons = False
	outprefix = ../Analysis/Alistipes_shahii_62199_downsampled_14/accessory

2023-08-28 17:49:07,246 - INFO - Beginning demographic evaluation for three-epoch demographic model.
2023-08-28 17:49:07,248 - INFO - Beginning optimization with guess, [0.06175046, 0.06493507, 0.004063, 0.00315501].
2023-08-28 17:49:07,249 - INFO - Finished optimization with guess, [0.06175046, 0.06493507, 0.004063, 0.00315501].
2023-08-28 17:49:07,249 - INFO - Best fit parameters: [0.06175046, 0.06493507, 0.004063, 0.00315501].
2023-08-28 17:49:07,314 - INFO - Maximum log composite likelihood: -25.63468792223938.
2023-08-28 17:49:07,314 - INFO - Outputting residual between model and data.
2023-08-28 17:49:07,791 - INFO - Optimal value of theta: 645.6699245660124.
2023-08-28 17:49:07,791 - INFO - Synonymous input SFS: [-- 417.4496256575332 323.90790857179496 256.65414879209476 215.50860443602886 194.4079938148709 189.77839554271117 95.20995480294842 -- -- -- -- -- -- --].
2023-08-28 17:49:07,791 - INFO - Scaled spectrum: [-- 421.3143279641033 315.88523496157694 256.4226149441345 220.4779897462846 199.07574140434548 187.6859662828791 92.05475631465849 -- -- -- -- -- -- --].
2023-08-28 17:49:07,792 - INFO - Converting and interpreting Tau estimates.
2023-08-28 17:49:07,793 - INFO - Finished demographic evaluation.
2023-08-28 17:49:07,793 - INFO - Pipeline executed succesfully.
