2023-05-08 19:28:23,698 - INFO - Beginning execution of evaluate_demography.py in directory /u/project/ngarud/jonmah/demo_for_ccgb/Scripts

2023-05-08 19:28:23,698 - INFO - Progress is being logged to ../Analysis/Alistipes_shahii_62199_downsampled_14/complete_evaluate_demography.log

2023-05-08 19:28:23,698 - INFO - Parsed the following arguments:
	syn_input_sfs = ../Analysis/Alistipes_shahii_62199_downsampled_14/empirical_syn_downsampled_sfs.txt
	model_type = two_epoch
	params_list = [0.68984312, 1.56431657]
	mask_singletons = False
	mask_doubletons = False
	outprefix = ../Analysis/Alistipes_shahii_62199_downsampled_14/complete

2023-05-08 19:28:23,700 - INFO - Beginning demographic evaluation for two-epoch demographic model.
2023-05-08 19:28:23,702 - INFO - Beginning optimization with guess, [0.68984312, 1.56431657].
2023-05-08 19:28:23,896 - INFO - Finished optimization with guess, [0.68984312, 1.56431657].
2023-05-08 19:28:23,896 - INFO - Best fit parameters: [0.68984312 1.59970859].
2023-05-08 19:28:23,960 - INFO - Maximum log composite likelihood: -35.56748835059716.
2023-05-08 19:28:23,961 - INFO - Optimal value of theta: 7165.571901587437.
2023-05-08 19:28:23,961 - INFO - Synonymous input SFS: [-- 5488.610801000294 2865.7193178100806 2184.2126492433476 1824.3531182565325 1627.292014084414 1541.0713184681301 759.6185547397201 -- -- -- -- -- -- --].
2023-05-08 19:28:23,961 - INFO - Scaled spectrum: [-- 5411.22071185087 2971.3479011351155 2184.942205489276 1817.952765615496 1625.7201474085796 1529.6038179036757 750.0902241995058 -- -- -- -- -- -- --].
2023-05-08 19:28:23,962 - INFO - Converting and interpreting Tau estimates.
2023-05-08 19:28:23,963 - INFO - Finished demographic evaluation.
2023-05-08 19:28:23,963 - INFO - Pipeline executed succesfully.
