2023-07-20 16:54:10,801 - INFO - Beginning execution of fit_one_epoch.py in directory /u/project/ngarud/jonmah/demo_for_ccgb/Scripts

2023-07-20 16:54:10,801 - INFO - Progress is being logged to ../Analysis/Alistipes_shahii_62199_downsampled_14/core_log.log

2023-07-20 16:54:10,801 - INFO - Parsed the following arguments:
	syn_input_sfs = ../Analysis/Alistipes_shahii_62199_downsampled_14/core_empirical_syn_downsampled_sfs.txt
	mask_singletons = False
	mask_doubletons = False
	outprefix = ../Analysis/Alistipes_shahii_62199_downsampled_14/core

2023-07-20 16:54:10,804 - INFO - Beginning demographic inference for one-epoch demographic model.
2023-07-20 16:54:10,807 - INFO - Beginning optimization with guess, [0.08951633].
2023-07-20 16:54:11,636 - INFO - Finished optimization with guess, [0.08951633].
2023-07-20 16:54:11,637 - INFO - Best fit parameters: [0.08951633].
2023-07-20 16:54:11,660 - INFO - Maximum log composite likelihood: -53.94209821149616.
2023-07-20 16:54:11,661 - INFO - Optimal value of theta: 3912.511085151314.
2023-07-20 16:54:11,661 - INFO - Beginning optimization with guess, [0.29305302].
2023-07-20 16:54:12,404 - INFO - Finished optimization with guess, [0.29305302].
2023-07-20 16:54:12,404 - INFO - Best fit parameters: [0.29305302].
2023-07-20 16:54:12,428 - INFO - Maximum log composite likelihood: -53.94209821149616.
2023-07-20 16:54:12,428 - INFO - Optimal value of theta: 3912.511085151314.
2023-07-20 16:54:12,428 - INFO - Beginning optimization with guess, [0.2121015].
2023-07-20 16:54:13,168 - INFO - Finished optimization with guess, [0.2121015].
2023-07-20 16:54:13,168 - INFO - Best fit parameters: [0.2121015].
2023-07-20 16:54:13,191 - INFO - Maximum log composite likelihood: -53.94209821149616.
2023-07-20 16:54:13,191 - INFO - Optimal value of theta: 3912.511085151314.
2023-07-20 16:54:13,192 - INFO - Beginning optimization with guess, [0.33988377].
2023-07-20 16:54:13,932 - INFO - Finished optimization with guess, [0.33988377].
2023-07-20 16:54:13,932 - INFO - Best fit parameters: [0.33988377].
2023-07-20 16:54:13,955 - INFO - Maximum log composite likelihood: -53.94209821149616.
2023-07-20 16:54:13,956 - INFO - Optimal value of theta: 3912.511085151314.
2023-07-20 16:54:13,956 - INFO - Beginning optimization with guess, [0.43496199].
2023-07-20 16:54:14,631 - INFO - Finished optimization with guess, [0.43496199].
2023-07-20 16:54:14,632 - INFO - Best fit parameters: [0.43496199].
2023-07-20 16:54:14,655 - INFO - Maximum log composite likelihood: -53.94209821149616.
2023-07-20 16:54:14,655 - INFO - Optimal value of theta: 3912.511085151314.
2023-07-20 16:54:14,655 - INFO - Beginning optimization with guess, [0.98654088].
2023-07-20 16:54:14,909 - INFO - Finished optimization with guess, [0.98654088].
2023-07-20 16:54:14,909 - INFO - Best fit parameters: [0.98654088].
2023-07-20 16:54:14,932 - INFO - Maximum log composite likelihood: -53.94209821149616.
2023-07-20 16:54:14,932 - INFO - Optimal value of theta: 3912.511085151314.
2023-07-20 16:54:14,932 - INFO - Beginning optimization with guess, [1.1770368].
2023-07-20 16:54:15,468 - INFO - Finished optimization with guess, [1.1770368].
2023-07-20 16:54:15,469 - INFO - Best fit parameters: [1.1770368].
2023-07-20 16:54:15,492 - INFO - Maximum log composite likelihood: -53.94209821149616.
2023-07-20 16:54:15,492 - INFO - Optimal value of theta: 3912.511085151314.
2023-07-20 16:54:15,492 - INFO - Beginning optimization with guess, [0.44205812].
2023-07-20 16:54:16,182 - INFO - Finished optimization with guess, [0.44205812].
2023-07-20 16:54:16,182 - INFO - Best fit parameters: [0.44205812].
2023-07-20 16:54:16,206 - INFO - Maximum log composite likelihood: -53.94209821149616.
2023-07-20 16:54:16,206 - INFO - Optimal value of theta: 3912.511085151314.
2023-07-20 16:54:16,207 - INFO - Beginning optimization with guess, [1.3404907].
2023-07-20 16:54:16,838 - INFO - Finished optimization with guess, [1.3404907].
2023-07-20 16:54:16,838 - INFO - Best fit parameters: [1.3404907].
2023-07-20 16:54:16,865 - INFO - Maximum log composite likelihood: -53.94209821149616.
2023-07-20 16:54:16,865 - INFO - Optimal value of theta: 3912.511085151314.
2023-07-20 16:54:16,865 - INFO - Beginning optimization with guess, [0.89818927].
2023-07-20 16:54:17,350 - INFO - Finished optimization with guess, [0.89818927].
2023-07-20 16:54:17,350 - INFO - Best fit parameters: [0.89818927].
2023-07-20 16:54:17,374 - INFO - Maximum log composite likelihood: -53.94209821149616.
2023-07-20 16:54:17,374 - INFO - Optimal value of theta: 3912.511085151314.
2023-07-20 16:54:17,374 - INFO - Beginning optimization with guess, [1.5133577].
2023-07-20 16:54:18,000 - INFO - Finished optimization with guess, [1.5133577].
2023-07-20 16:54:18,000 - INFO - Best fit parameters: [1.5133577].
2023-07-20 16:54:18,024 - INFO - Maximum log composite likelihood: -53.94209821149616.
2023-07-20 16:54:18,025 - INFO - Optimal value of theta: 3912.511085151314.
2023-07-20 16:54:18,025 - INFO - Beginning optimization with guess, [1.32510453].
2023-07-20 16:54:18,648 - INFO - Finished optimization with guess, [1.32510453].
2023-07-20 16:54:18,648 - INFO - Best fit parameters: [1.32510453].
2023-07-20 16:54:18,672 - INFO - Maximum log composite likelihood: -53.94209821149616.
2023-07-20 16:54:18,672 - INFO - Optimal value of theta: 3912.511085151314.
2023-07-20 16:54:18,672 - INFO - Beginning optimization with guess, [0.98333195].
2023-07-20 16:54:19,009 - INFO - Finished optimization with guess, [0.98333195].
2023-07-20 16:54:19,010 - INFO - Best fit parameters: [0.98333195].
2023-07-20 16:54:19,034 - INFO - Maximum log composite likelihood: -53.94209821149616.
2023-07-20 16:54:19,034 - INFO - Optimal value of theta: 3912.511085151314.
2023-07-20 16:54:19,035 - INFO - Beginning optimization with guess, [3.11038637].
2023-07-20 16:54:19,801 - INFO - Finished optimization with guess, [3.11038637].
2023-07-20 16:54:19,801 - INFO - Best fit parameters: [3.11038637].
2023-07-20 16:54:19,825 - INFO - Maximum log composite likelihood: -53.94209821149616.
2023-07-20 16:54:19,826 - INFO - Optimal value of theta: 3912.511085151314.
2023-07-20 16:54:19,826 - INFO - Beginning optimization with guess, [4.38032133].
2023-07-20 16:54:20,594 - INFO - Finished optimization with guess, [4.38032133].
2023-07-20 16:54:20,595 - INFO - Best fit parameters: [4.38032133].
2023-07-20 16:54:20,619 - INFO - Maximum log composite likelihood: -53.94209821149616.
2023-07-20 16:54:20,619 - INFO - Optimal value of theta: 3912.511085151314.
2023-07-20 16:54:20,619 - INFO - Beginning optimization with guess, [1.72313244].
2023-07-20 16:54:21,319 - INFO - Finished optimization with guess, [1.72313244].
2023-07-20 16:54:21,319 - INFO - Best fit parameters: [1.72313244].
2023-07-20 16:54:21,343 - INFO - Maximum log composite likelihood: -53.94209821149616.
2023-07-20 16:54:21,344 - INFO - Optimal value of theta: 3912.511085151314.
2023-07-20 16:54:21,344 - INFO - Beginning optimization with guess, [1.62145054].
2023-07-20 16:54:21,973 - INFO - Finished optimization with guess, [1.62145054].
2023-07-20 16:54:21,974 - INFO - Best fit parameters: [1.62145054].
2023-07-20 16:54:22,003 - INFO - Maximum log composite likelihood: -53.94209821149616.
2023-07-20 16:54:22,003 - INFO - Optimal value of theta: 3912.511085151314.
2023-07-20 16:54:22,004 - INFO - Beginning optimization with guess, [2.32747539].
2023-07-20 16:54:22,708 - INFO - Finished optimization with guess, [2.32747539].
2023-07-20 16:54:22,709 - INFO - Best fit parameters: [2.32747539].
2023-07-20 16:54:22,733 - INFO - Maximum log composite likelihood: -53.94209821149616.
2023-07-20 16:54:22,733 - INFO - Optimal value of theta: 3912.511085151314.
2023-07-20 16:54:22,733 - INFO - Beginning optimization with guess, [6.0619112].
2023-07-20 16:54:23,507 - INFO - Finished optimization with guess, [6.0619112].
2023-07-20 16:54:23,508 - INFO - Best fit parameters: [6.0619112].
2023-07-20 16:54:23,532 - INFO - Maximum log composite likelihood: -53.94209821149616.
2023-07-20 16:54:23,532 - INFO - Optimal value of theta: 3912.511085151314.
2023-07-20 16:54:23,532 - INFO - Beginning optimization with guess, [5.00713248].
2023-07-20 16:54:24,306 - INFO - Finished optimization with guess, [5.00713248].
2023-07-20 16:54:24,307 - INFO - Best fit parameters: [5.00713248].
2023-07-20 16:54:24,331 - INFO - Maximum log composite likelihood: -53.94209821149616.
2023-07-20 16:54:24,331 - INFO - Optimal value of theta: 3912.511085151314.
2023-07-20 16:54:24,331 - INFO - Beginning optimization with guess, [7.71265322].
2023-07-20 16:54:25,105 - INFO - Finished optimization with guess, [7.71265322].
2023-07-20 16:54:25,105 - INFO - Best fit parameters: [7.71265322].
2023-07-20 16:54:25,130 - INFO - Maximum log composite likelihood: -53.94209821149616.
2023-07-20 16:54:25,130 - INFO - Optimal value of theta: 3912.511085151314.
2023-07-20 16:54:25,130 - INFO - Beginning optimization with guess, [8.74683164].
2023-07-20 16:54:25,976 - INFO - Finished optimization with guess, [8.74683164].
2023-07-20 16:54:25,976 - INFO - Best fit parameters: [8.74683164].
2023-07-20 16:54:26,001 - INFO - Maximum log composite likelihood: -53.94209821149616.
2023-07-20 16:54:26,001 - INFO - Optimal value of theta: 3912.511085151314.
2023-07-20 16:54:26,001 - INFO - Beginning optimization with guess, [4.26197876].
2023-07-20 16:54:26,776 - INFO - Finished optimization with guess, [4.26197876].
2023-07-20 16:54:26,776 - INFO - Best fit parameters: [4.26197876].
2023-07-20 16:54:26,800 - INFO - Maximum log composite likelihood: -53.94209821149616.
2023-07-20 16:54:26,800 - INFO - Optimal value of theta: 3912.511085151314.
2023-07-20 16:54:26,801 - INFO - Beginning optimization with guess, [6.91772007].
2023-07-20 16:54:27,574 - INFO - Finished optimization with guess, [6.91772007].
2023-07-20 16:54:27,574 - INFO - Best fit parameters: [6.91772007].
2023-07-20 16:54:27,598 - INFO - Maximum log composite likelihood: -53.94209821149616.
2023-07-20 16:54:27,598 - INFO - Optimal value of theta: 3912.511085151314.
2023-07-20 16:54:27,600 - INFO - Beginning demographic inference for two-epoch demographic model.
2023-07-20 16:54:27,603 - INFO - Beginning optimization with guess, [0.13880526 0.0131208 ].
2023-07-20 16:54:28,842 - INFO - Finished optimization with guess, [0.13880526 0.0131208 ].
2023-07-20 16:54:28,842 - INFO - Best fit parameters: [3.33831105 0.02778305].
2023-07-20 16:54:28,867 - INFO - Maximum log composite likelihood: -34.87008252543592.
2023-07-20 16:54:28,868 - INFO - Optimal value of theta: 3757.5191028609906.
2023-07-20 16:54:28,868 - INFO - Beginning optimization with guess, [0.1037853  0.00726709].
2023-07-20 16:54:30,081 - INFO - Finished optimization with guess, [0.1037853  0.00726709].
2023-07-20 16:54:30,082 - INFO - Best fit parameters: [7.46066542 0.02281203].
2023-07-20 16:54:30,107 - INFO - Maximum log composite likelihood: -34.48381470357117.
2023-07-20 16:54:30,107 - INFO - Optimal value of theta: 3752.4656008493384.
2023-07-20 16:54:30,108 - INFO - Beginning optimization with guess, [0.1805671  0.00572237].
2023-07-20 16:54:31,343 - INFO - Finished optimization with guess, [0.1805671  0.00572237].
2023-07-20 16:54:31,343 - INFO - Best fit parameters: [4.22866916 0.02708982].
2023-07-20 16:54:31,368 - INFO - Maximum log composite likelihood: -34.678963125631526.
2023-07-20 16:54:31,368 - INFO - Optimal value of theta: 3747.061934282252.
2023-07-20 16:54:31,368 - INFO - Beginning optimization with guess, [0.76316637 0.01321047].
2023-07-20 16:54:32,698 - INFO - Finished optimization with guess, [0.76316637 0.01321047].
2023-07-20 16:54:32,698 - INFO - Best fit parameters: [1.47550552 0.08221542].
2023-07-20 16:54:32,723 - INFO - Maximum log composite likelihood: -37.32332417749785.
2023-07-20 16:54:32,724 - INFO - Optimal value of theta: 3728.395079784775.
2023-07-20 16:54:32,724 - INFO - Beginning optimization with guess, [0.82258844 0.0086508 ].
2023-07-20 16:54:36,234 - INFO - Finished optimization with guess, [0.82258844 0.0086508 ].
2023-07-20 16:54:36,235 - INFO - Best fit parameters: [1.25062142 0.14630299].
2023-07-20 16:54:36,262 - INFO - Maximum log composite likelihood: -40.04661241073245.
2023-07-20 16:54:36,262 - INFO - Optimal value of theta: 3734.0890445948426.
2023-07-20 16:54:36,262 - INFO - Beginning optimization with guess, [0.48347054 0.00833829].
2023-07-20 16:54:39,300 - INFO - Finished optimization with guess, [0.48347054 0.00833829].
2023-07-20 16:54:39,300 - INFO - Best fit parameters: [1.87177646 0.03575559].
2023-07-20 16:54:39,325 - INFO - Maximum log composite likelihood: -36.41468602833629.
2023-07-20 16:54:39,325 - INFO - Optimal value of theta: 3783.130091288802.
2023-07-20 16:54:39,325 - INFO - Beginning optimization with guess, [0.56324921 0.00947167].
2023-07-20 16:54:42,438 - INFO - Finished optimization with guess, [0.56324921 0.00947167].
2023-07-20 16:54:42,438 - INFO - Best fit parameters: [1.80234167 0.04493705].
2023-07-20 16:54:42,464 - INFO - Maximum log composite likelihood: -35.94952205893878.
2023-07-20 16:54:42,464 - INFO - Optimal value of theta: 3760.5517615456542.
2023-07-20 16:54:42,464 - INFO - Beginning optimization with guess, [0.88813184 0.005537  ].
2023-07-20 16:54:47,127 - INFO - Finished optimization with guess, [0.88813184 0.005537  ].
2023-07-20 16:54:47,127 - INFO - Best fit parameters: [1.19091305 0.18509331].
2023-07-20 16:54:47,154 - INFO - Maximum log composite likelihood: -41.565403054977196.
2023-07-20 16:54:47,155 - INFO - Optimal value of theta: 3743.96318920292.
2023-07-20 16:54:47,155 - INFO - Beginning optimization with guess, [0.8674204  0.01414957].
2023-07-20 16:54:48,424 - INFO - Finished optimization with guess, [0.8674204  0.01414957].
2023-07-20 16:54:48,425 - INFO - Best fit parameters: [1.33860442 0.11374804].
2023-07-20 16:54:48,451 - INFO - Maximum log composite likelihood: -38.67104224187824.
2023-07-20 16:54:48,451 - INFO - Optimal value of theta: 3725.7806450348894.
2023-07-20 16:54:48,451 - INFO - Beginning optimization with guess, [1.07555677 0.01667358].
2023-07-20 16:54:49,672 - INFO - Finished optimization with guess, [1.07555677 0.01667358].
2023-07-20 16:54:49,672 - INFO - Best fit parameters: [1.62757789 0.05935779].
2023-07-20 16:54:49,698 - INFO - Maximum log composite likelihood: -36.371166172825724.
2023-07-20 16:54:49,698 - INFO - Optimal value of theta: 3744.7440326186324.
2023-07-20 16:54:49,698 - INFO - Beginning optimization with guess, [1.96121037 0.01166691].
2023-07-20 16:54:50,907 - INFO - Finished optimization with guess, [1.96121037 0.01166691].
2023-07-20 16:54:50,907 - INFO - Best fit parameters: [2.75506335 0.03296154].
2023-07-20 16:54:50,931 - INFO - Maximum log composite likelihood: -35.008557429143366.
2023-07-20 16:54:50,932 - INFO - Optimal value of theta: 3747.583198276557.
2023-07-20 16:54:50,932 - INFO - Beginning optimization with guess, [1.09060207 0.00944639].
2023-07-20 16:54:52,173 - INFO - Finished optimization with guess, [1.09060207 0.00944639].
2023-07-20 16:54:52,174 - INFO - Best fit parameters: [1.4780019  0.07315613].
2023-07-20 16:54:52,199 - INFO - Maximum log composite likelihood: -37.08851106552265.
2023-07-20 16:54:52,199 - INFO - Optimal value of theta: 3744.794245673204.
2023-07-20 16:54:52,199 - INFO - Beginning optimization with guess, [1.36139218 0.01537926].
2023-07-20 16:54:53,416 - INFO - Finished optimization with guess, [1.36139218 0.01537926].
2023-07-20 16:54:53,416 - INFO - Best fit parameters: [7.14088952 0.02441119].
2023-07-20 16:54:53,440 - INFO - Maximum log composite likelihood: -34.55263800532566.
2023-07-20 16:54:53,441 - INFO - Optimal value of theta: 3743.2263763974925.
2023-07-20 16:54:53,441 - INFO - Beginning optimization with guess, [1.09843228 0.01718508].
2023-07-20 16:54:54,614 - INFO - Finished optimization with guess, [1.09843228 0.01718508].
2023-07-20 16:54:54,615 - INFO - Best fit parameters: [2.22303968 0.04167095].
2023-07-20 16:54:54,639 - INFO - Maximum log composite likelihood: -35.39811056195913.
2023-07-20 16:54:54,639 - INFO - Optimal value of theta: 3736.3977784333497.
2023-07-20 16:54:54,639 - INFO - Beginning optimization with guess, [2.46033701 0.01668013].
2023-07-20 16:54:55,761 - INFO - Finished optimization with guess, [2.46033701 0.01668013].
2023-07-20 16:54:55,762 - INFO - Best fit parameters: [13.97056561  0.02100896].
2023-07-20 16:54:55,787 - INFO - Maximum log composite likelihood: -34.31981793802515.
2023-07-20 16:54:55,787 - INFO - Optimal value of theta: 3752.928949614793.
2023-07-20 16:54:55,787 - INFO - Beginning optimization with guess, [2.86062142 0.00729646].
2023-07-20 16:54:56,930 - INFO - Finished optimization with guess, [2.86062142 0.00729646].
2023-07-20 16:54:56,930 - INFO - Best fit parameters: [2.71130202e+01 2.04947036e-02].
2023-07-20 16:54:56,954 - INFO - Maximum log composite likelihood: -34.245225496092644.
2023-07-20 16:54:56,955 - INFO - Optimal value of theta: 3750.358808638913.
2023-07-20 16:54:56,955 - INFO - Beginning optimization with guess, [2.06177411 0.00830546].
2023-07-20 16:54:58,102 - INFO - Finished optimization with guess, [2.06177411 0.00830546].
2023-07-20 16:54:58,103 - INFO - Best fit parameters: [13.88807237  0.01964448].
2023-07-20 16:54:58,127 - INFO - Maximum log composite likelihood: -34.395900205878206.
2023-07-20 16:54:58,127 - INFO - Optimal value of theta: 3762.8817326656267.
2023-07-20 16:54:58,127 - INFO - Beginning optimization with guess, [5.45766004 0.00798295].
2023-07-20 16:54:59,290 - INFO - Finished optimization with guess, [5.45766004 0.00798295].
2023-07-20 16:54:59,290 - INFO - Best fit parameters: [4.17810445e+02 1.97472964e-02].
2023-07-20 16:54:59,314 - INFO - Maximum log composite likelihood: -34.177091547207056.
2023-07-20 16:54:59,315 - INFO - Optimal value of theta: 3749.7312152257737.
2023-07-20 16:54:59,315 - INFO - Beginning optimization with guess, [4.27288979 0.00511699].
2023-07-20 16:55:00,540 - INFO - Finished optimization with guess, [4.27288979 0.00511699].
2023-07-20 16:55:00,541 - INFO - Best fit parameters: [8.57062370e+01 1.93818829e-02].
2023-07-20 16:55:00,565 - INFO - Maximum log composite likelihood: -34.18526578441151.
2023-07-20 16:55:00,566 - INFO - Optimal value of theta: 3754.432804458644.
2023-07-20 16:55:00,566 - INFO - Beginning optimization with guess, [2.25574178 0.00625976].
2023-07-20 16:55:01,718 - INFO - Finished optimization with guess, [2.25574178 0.00625976].
2023-07-20 16:55:01,718 - INFO - Best fit parameters: [12.2624816   0.02113562].
2023-07-20 16:55:01,742 - INFO - Maximum log composite likelihood: -34.34537181837413.
2023-07-20 16:55:01,742 - INFO - Optimal value of theta: 3753.8709111019457.
2023-07-20 16:55:01,743 - INFO - Beginning optimization with guess, [3.29119031 0.00595934].
2023-07-20 16:55:02,836 - INFO - Finished optimization with guess, [3.29119031 0.00595934].
2023-07-20 16:55:02,836 - INFO - Best fit parameters: [14.62943411  0.02007635].
2023-07-20 16:55:02,860 - INFO - Maximum log composite likelihood: -34.34111259938982.
2023-07-20 16:55:02,860 - INFO - Optimal value of theta: 3759.1041995445175.
2023-07-20 16:55:02,860 - INFO - Beginning optimization with guess, [3.55768278 0.00690719].
2023-07-20 16:55:04,027 - INFO - Finished optimization with guess, [3.55768278 0.00690719].
2023-07-20 16:55:04,027 - INFO - Best fit parameters: [19.38142303  0.02003522].
2023-07-20 16:55:04,051 - INFO - Maximum log composite likelihood: -34.28119174907033.
2023-07-20 16:55:04,051 - INFO - Optimal value of theta: 3756.439832850674.
2023-07-20 16:55:04,052 - INFO - Beginning optimization with guess, [7.03159372 0.01145857].
2023-07-20 16:55:05,258 - INFO - Finished optimization with guess, [7.03159372 0.01145857].
2023-07-20 16:55:05,258 - INFO - Best fit parameters: [5.41126309e+02 1.94177836e-02].
2023-07-20 16:55:05,283 - INFO - Maximum log composite likelihood: -34.166110198013484.
2023-07-20 16:55:05,283 - INFO - Optimal value of theta: 3752.095863003824.
2023-07-20 16:55:05,283 - INFO - Beginning optimization with guess, [5.7998466  0.00750246].
2023-07-20 16:55:06,422 - INFO - Finished optimization with guess, [5.7998466  0.00750246].
2023-07-20 16:55:06,423 - INFO - Best fit parameters: [3.02291328e+02 1.92052663e-02].
2023-07-20 16:55:06,447 - INFO - Maximum log composite likelihood: -34.167576791145166.
2023-07-20 16:55:06,448 - INFO - Optimal value of theta: 3754.2682970773944.
2023-07-20 16:55:06,450 - INFO - Beginning demographic inference for three-epoch demographic model.
2023-07-20 16:55:06,452 - INFO - Beginning optimization with guess, [0.00944143 0.00835369 0.01160076 0.00668913].
2023-07-20 16:55:13,507 - INFO - Finished optimization with guess, [0.00944143 0.00835369 0.01160076 0.00668913].
2023-07-20 16:55:13,509 - INFO - Best fit parameters: [0.0042287  0.00718001 0.02789592 0.00641994].
2023-07-20 16:55:13,663 - INFO - Maximum log composite likelihood: -45.666221478461466.
2023-07-20 16:55:13,663 - INFO - Optimal value of theta: 588311.894564047.
2023-07-20 16:55:13,663 - INFO - Beginning optimization with guess, [0.02347754 0.01249699 0.00708728 0.01995995].
2023-07-20 17:00:43,895 - INFO - Finished optimization with guess, [0.02347754 0.01249699 0.00708728 0.01995995].
2023-07-20 17:00:43,896 - INFO - Best fit parameters: [0.01351677 0.00123795 0.00406161 0.29426568].
2023-07-20 17:00:48,082 - INFO - Maximum log composite likelihood: -53.94209820401147.
2023-07-20 17:00:48,082 - INFO - Optimal value of theta: 3160475.4064174294.
2023-07-20 17:00:48,083 - INFO - Beginning optimization with guess, [0.01782994 0.02274675 0.00628146 0.01375599].
2023-07-20 17:00:49,447 - INFO - Finished optimization with guess, [0.01782994 0.02274675 0.00628146 0.01375599].
2023-07-20 17:00:49,447 - INFO - Best fit parameters: [3.52355589e-04 6.29898418e+03 7.81263362e-07 4.61547127e-03].
2023-07-20 17:00:49,473 - INFO - Maximum log composite likelihood: -48.52628697316641.
2023-07-20 17:00:49,473 - INFO - Optimal value of theta: 3889.7822116529096.
2023-07-20 17:00:49,473 - INFO - Beginning optimization with guess, [0.03170755 0.07573726 0.01545565 0.01879965].
2023-07-20 17:00:52,447 - INFO - Finished optimization with guess, [0.03170755 0.07573726 0.01545565 0.01879965].
2023-07-20 17:00:52,449 - INFO - Best fit parameters: [0.01248519 0.1480265  0.0342382  0.0174363 ].
2023-07-20 17:00:52,524 - INFO - Maximum log composite likelihood: -44.90186610000001.
2023-07-20 17:00:52,524 - INFO - Optimal value of theta: 46050.742179886045.
2023-07-20 17:00:52,525 - INFO - Beginning optimization with guess, [0.02713171 0.09359601 0.01898227 0.01000452].
2023-07-20 17:00:55,887 - INFO - Finished optimization with guess, [0.02713171 0.09359601 0.01898227 0.01000452].
2023-07-20 17:00:55,887 - INFO - Best fit parameters: [0.01274585 0.08806331 0.04111343 0.01610412].
2023-07-20 17:00:55,971 - INFO - Maximum log composite likelihood: -35.25827239566297.
2023-07-20 17:00:55,972 - INFO - Optimal value of theta: 65663.16401288811.
2023-07-20 17:00:55,972 - INFO - Beginning optimization with guess, [0.5107486  1.06903937 0.01316087 0.0134267 ].
2023-07-20 17:00:57,196 - INFO - Finished optimization with guess, [0.5107486  1.06903937 0.01316087 0.0134267 ].
2023-07-20 17:00:57,197 - INFO - Best fit parameters: [0.62205335 1.09321035 0.00249657 0.1871664 ].
2023-07-20 17:00:57,225 - INFO - Maximum log composite likelihood: -45.607758412241765.
2023-07-20 17:00:57,225 - INFO - Optimal value of theta: 3828.367940745341.
2023-07-20 17:00:57,225 - INFO - Beginning optimization with guess, [0.84891712 0.75516509 0.01005422 0.01154919].
2023-07-20 17:00:58,268 - INFO - Finished optimization with guess, [0.84891712 0.75516509 0.01005422 0.01154919].
2023-07-20 17:00:58,269 - INFO - Best fit parameters: [8.72160707e-01 1.06570079e+00 2.52483913e-04 2.20191410e-03].
2023-07-20 17:00:58,294 - INFO - Maximum log composite likelihood: -53.73587480265405.
2023-07-20 17:00:58,295 - INFO - Optimal value of theta: 3911.6714544867377.
2023-07-20 17:00:58,295 - INFO - Beginning optimization with guess, [1.05296527 1.22316819 0.00749447 0.00831301].
2023-07-20 17:00:59,488 - INFO - Finished optimization with guess, [1.05296527 1.22316819 0.00749447 0.00831301].
2023-07-20 17:00:59,488 - INFO - Best fit parameters: [1.05667853 1.31940931 0.00805943 0.08190802].
2023-07-20 17:00:59,515 - INFO - Maximum log composite likelihood: -38.631957364000755.
2023-07-20 17:00:59,515 - INFO - Optimal value of theta: 3772.6883658008287.
2023-07-20 17:00:59,515 - INFO - Beginning optimization with guess, [1.01283194 0.59426799 0.00525461 0.00611537].
2023-07-20 17:01:00,686 - INFO - Finished optimization with guess, [1.01283194 0.59426799 0.00525461 0.00611537].
2023-07-20 17:01:00,686 - INFO - Best fit parameters: [1.03392381e+00 2.87492056e+00 1.78827625e-01 8.13724514e-14].
2023-07-20 17:01:00,714 - INFO - Maximum log composite likelihood: -50.32580702727546.
2023-07-20 17:01:00,715 - INFO - Optimal value of theta: 3879.0038051261918.
2023-07-20 17:01:00,715 - INFO - Beginning optimization with guess, [0.69905056 1.13039893 0.0095447  0.01585469].
2023-07-20 17:01:01,939 - INFO - Finished optimization with guess, [0.69905056 1.13039893 0.0095447  0.01585469].
2023-07-20 17:01:01,939 - INFO - Best fit parameters: [0.747225   1.24218901 0.00145868 0.13398395].
2023-07-20 17:01:01,966 - INFO - Maximum log composite likelihood: -39.96137409025323.
2023-07-20 17:01:01,967 - INFO - Optimal value of theta: 3752.2296911953817.
2023-07-20 17:01:01,967 - INFO - Beginning optimization with guess, [1.10017023 1.1529847  0.0139657  0.01115137].
2023-07-20 17:01:03,172 - INFO - Finished optimization with guess, [1.10017023 1.1529847  0.0139657  0.01115137].
2023-07-20 17:01:03,172 - INFO - Best fit parameters: [1.14686116 1.28164906 0.03239387 0.11212639].
2023-07-20 17:01:03,199 - INFO - Maximum log composite likelihood: -39.46318056879636.
2023-07-20 17:01:03,200 - INFO - Optimal value of theta: 3732.6149254113757.
2023-07-20 17:01:03,200 - INFO - Beginning optimization with guess, [1.59417555 0.94507089 0.00690252 0.01195986].
2023-07-20 17:01:04,418 - INFO - Finished optimization with guess, [1.59417555 0.94507089 0.00690252 0.01195986].
2023-07-20 17:01:04,419 - INFO - Best fit parameters: [1.67168954 0.94328935 0.05456731 0.00421201].
2023-07-20 17:01:04,445 - INFO - Maximum log composite likelihood: -36.994679960354006.
2023-07-20 17:01:04,445 - INFO - Optimal value of theta: 3755.7754608188825.
2023-07-20 17:01:04,445 - INFO - Beginning optimization with guess, [1.45660843 0.90577872 0.00691008 0.00972711].
2023-07-20 17:01:05,661 - INFO - Finished optimization with guess, [1.45660843 0.90577872 0.00691008 0.00972711].
2023-07-20 17:01:05,661 - INFO - Best fit parameters: [1.60128422 0.90865009 0.06053839 0.002745  ].
2023-07-20 17:01:05,687 - INFO - Maximum log composite likelihood: -37.01050326645327.
2023-07-20 17:01:05,687 - INFO - Optimal value of theta: 3751.2070790006637.
2023-07-20 17:01:05,687 - INFO - Beginning optimization with guess, [1.89305383 1.65963849 0.01230384 0.0113471 ].
2023-07-20 17:01:06,856 - INFO - Finished optimization with guess, [1.89305383 1.65963849 0.01230384 0.0113471 ].
2023-07-20 17:01:06,856 - INFO - Best fit parameters: [2.11677723 1.75090951 0.03180372 0.00984467].
2023-07-20 17:01:06,881 - INFO - Maximum log composite likelihood: -35.63125601976435.
2023-07-20 17:01:06,882 - INFO - Optimal value of theta: 3752.0540176076634.
2023-07-20 17:01:06,882 - INFO - Beginning optimization with guess, [1.45497937 3.3067407  0.00513568 0.01725458].
2023-07-20 17:01:07,965 - INFO - Finished optimization with guess, [1.45497937 3.3067407  0.00513568 0.01725458].
2023-07-20 17:01:07,965 - INFO - Best fit parameters: [1.42761119 4.65200094 0.00957668 0.02227569].
2023-07-20 17:01:07,991 - INFO - Maximum log composite likelihood: -34.6756808264422.
2023-07-20 17:01:07,991 - INFO - Optimal value of theta: 3749.5904816123593.
2023-07-20 17:01:07,991 - INFO - Beginning optimization with guess, [1.78764794 3.61272403 0.01491075 0.01356959].
2023-07-20 17:01:09,026 - INFO - Finished optimization with guess, [1.78764794 3.61272403 0.01491075 0.01356959].
2023-07-20 17:01:09,026 - INFO - Best fit parameters: [1.87632686 4.18075612 0.00529866 0.02342674].
2023-07-20 17:01:09,051 - INFO - Maximum log composite likelihood: -34.682000503273684.
2023-07-20 17:01:09,052 - INFO - Optimal value of theta: 3750.0534310877624.
2023-07-20 17:01:09,052 - INFO - Beginning optimization with guess, [3.06582266 1.42579296 0.01152115 0.010003  ].
2023-07-20 17:01:10,197 - INFO - Finished optimization with guess, [3.06582266 1.42579296 0.01152115 0.010003  ].
2023-07-20 17:01:10,198 - INFO - Best fit parameters: [3.0384464  1.51026082 0.02791109 0.00600554].
2023-07-20 17:01:10,224 - INFO - Maximum log composite likelihood: -35.25282957041827.
2023-07-20 17:01:10,224 - INFO - Optimal value of theta: 3751.1027172716927.
2023-07-20 17:01:10,224 - INFO - Beginning optimization with guess, [3.30881952 4.10251087 0.00546853 0.00684803].
2023-07-20 17:01:11,416 - INFO - Finished optimization with guess, [3.30881952 4.10251087 0.00546853 0.00684803].
2023-07-20 17:01:11,416 - INFO - Best fit parameters: [3.48577123e+00 4.99180774e+00 4.22209779e-03 2.13904956e-02].
2023-07-20 17:01:11,441 - INFO - Maximum log composite likelihood: -34.60617384406714.
2023-07-20 17:01:11,442 - INFO - Optimal value of theta: 3750.7822837507074.
2023-07-20 17:01:11,442 - INFO - Beginning optimization with guess, [4.02450503 2.20778832 0.00733099 0.00751496].
2023-07-20 17:01:12,580 - INFO - Finished optimization with guess, [4.02450503 2.20778832 0.00733099 0.00751496].
2023-07-20 17:01:12,580 - INFO - Best fit parameters: [4.28433827 2.45368464 0.02292847 0.00488346].
2023-07-20 17:01:12,606 - INFO - Maximum log composite likelihood: -34.77347868951347.
2023-07-20 17:01:12,606 - INFO - Optimal value of theta: 3749.493940630945.
2023-07-20 17:01:12,606 - INFO - Beginning optimization with guess, [2.39549095 2.77802786 0.00751231 0.00504768].
2023-07-20 17:01:13,803 - INFO - Finished optimization with guess, [2.39549095 2.77802786 0.00751231 0.00504768].
2023-07-20 17:01:13,803 - INFO - Best fit parameters: [2.70378608 2.9965391  0.02845902 0.00381677].
2023-07-20 17:01:13,828 - INFO - Maximum log composite likelihood: -34.970065042830356.
2023-07-20 17:01:13,828 - INFO - Optimal value of theta: 3751.0611955123377.
2023-07-20 17:01:13,828 - INFO - Beginning optimization with guess, [7.51606422e+00 3.72860058e+00 5.25627176e-03 7.60759931e-03].
2023-07-20 17:01:15,009 - INFO - Finished optimization with guess, [7.51606422e+00 3.72860058e+00 5.25627176e-03 7.60759931e-03].
2023-07-20 17:01:15,009 - INFO - Best fit parameters: [7.78290752e+00 4.61505957e+00 6.28925675e-03 1.91443652e-02].
2023-07-20 17:01:15,034 - INFO - Maximum log composite likelihood: -34.608545094933106.
2023-07-20 17:01:15,034 - INFO - Optimal value of theta: 3748.022144695964.
2023-07-20 17:01:15,034 - INFO - Beginning optimization with guess, [6.77548589e+00 4.42435957e+00 5.79572181e-03 9.75317531e-03].
2023-07-20 17:01:16,189 - INFO - Finished optimization with guess, [6.77548589e+00 4.42435957e+00 5.79572181e-03 9.75317531e-03].
2023-07-20 17:01:16,190 - INFO - Best fit parameters: [7.35005331e+00 5.01126981e+00 4.98356748e-03 1.94749353e-02].
2023-07-20 17:01:16,216 - INFO - Maximum log composite likelihood: -34.58821353264011.
2023-07-20 17:01:16,216 - INFO - Optimal value of theta: 3752.2997510625414.
2023-07-20 17:01:16,216 - INFO - Beginning optimization with guess, [9.51244935e+00 8.57724721e+00 1.16789792e-02 8.79595391e-03].
2023-07-20 17:01:17,320 - INFO - Finished optimization with guess, [9.51244935e+00 8.57724721e+00 1.16789792e-02 8.79595391e-03].
2023-07-20 17:01:17,320 - INFO - Best fit parameters: [1.68106896e+01 1.69739153e+01 9.87595477e-03 1.06851389e-02].
2023-07-20 17:01:17,345 - INFO - Maximum log composite likelihood: -34.257961109703956.
2023-07-20 17:01:17,346 - INFO - Optimal value of theta: 3753.622652367009.
2023-07-20 17:01:17,346 - INFO - Beginning optimization with guess, [3.5344205  5.10876444 0.01953739 0.00604788].
2023-07-20 17:01:18,403 - INFO - Finished optimization with guess, [3.5344205  5.10876444 0.01953739 0.00604788].
2023-07-20 17:01:18,403 - INFO - Best fit parameters: [4.27165139 5.77497338 0.01235663 0.01311122].
2023-07-20 17:01:18,429 - INFO - Maximum log composite likelihood: -34.543071037057416.
2023-07-20 17:01:18,429 - INFO - Optimal value of theta: 3748.7436916014835.
2023-07-20 17:01:18,430 - INFO - Finished demographic inference.
2023-07-20 17:01:18,431 - INFO - Pipeline executed succesfully.
