2023-02-17 16:16:50,669 - INFO - Beginning execution of fit_one_epoch.py in directory /u/project/ngarud/jonmah/demo_for_ccgb/Scripts

2023-02-17 16:16:50,669 - INFO - Progress is being logged to ../Analysis/Odoribacter_splanchnicus_62174_downsampled_16/log.log

2023-02-17 16:16:50,669 - INFO - Parsed the following arguments:
	syn_input_sfs = ../Analysis/Odoribacter_splanchnicus_62174_downsampled_16/empirical_sfs.txt
	mask_singletons = False
	mask_doubletons = False
	outprefix = ../Analysis/Odoribacter_splanchnicus_62174_downsampled_16/

2023-02-17 16:16:50,677 - INFO - Beginning demographic inference for one-epoch demographic model.
2023-02-17 16:16:50,679 - INFO - Beginning optimization with guess, [0.14038987].
2023-02-17 16:16:50,783 - INFO - Finished optimization with guess, [0.14038987].
2023-02-17 16:16:50,784 - INFO - Best fit parameters: [0.14038987].
2023-02-17 16:16:50,835 - INFO - Maximum log composite likelihood: -36.8739292604796.
2023-02-17 16:16:50,835 - INFO - Optimal value of theta: 2931.087631168698.
2023-02-17 16:16:50,836 - INFO - Beginning optimization with guess, [0.15438606].
2023-02-17 16:16:50,936 - INFO - Finished optimization with guess, [0.15438606].
2023-02-17 16:16:50,936 - INFO - Best fit parameters: [0.15438606].
2023-02-17 16:16:50,985 - INFO - Maximum log composite likelihood: -36.8739292604796.
2023-02-17 16:16:50,986 - INFO - Optimal value of theta: 2931.087631168698.
2023-02-17 16:16:50,986 - INFO - Beginning optimization with guess, [0.42428941].
2023-02-17 16:16:51,086 - INFO - Finished optimization with guess, [0.42428941].
2023-02-17 16:16:51,086 - INFO - Best fit parameters: [0.42428941].
2023-02-17 16:16:51,135 - INFO - Maximum log composite likelihood: -36.8739292604796.
2023-02-17 16:16:51,135 - INFO - Optimal value of theta: 2931.087631168698.
2023-02-17 16:16:51,135 - INFO - Beginning optimization with guess, [0.32363295].
2023-02-17 16:16:51,242 - INFO - Finished optimization with guess, [0.32363295].
2023-02-17 16:16:51,242 - INFO - Best fit parameters: [0.32363295].
2023-02-17 16:16:51,292 - INFO - Maximum log composite likelihood: -36.8739292604796.
2023-02-17 16:16:51,292 - INFO - Optimal value of theta: 2931.087631168698.
2023-02-17 16:16:51,292 - INFO - Beginning optimization with guess, [0.69298516].
2023-02-17 16:16:51,393 - INFO - Finished optimization with guess, [0.69298516].
2023-02-17 16:16:51,394 - INFO - Best fit parameters: [0.69298516].
2023-02-17 16:16:51,447 - INFO - Maximum log composite likelihood: -36.8739292604796.
2023-02-17 16:16:51,447 - INFO - Optimal value of theta: 2931.087631168698.
2023-02-17 16:16:51,448 - INFO - Beginning optimization with guess, [0.5415301].
2023-02-17 16:16:51,551 - INFO - Finished optimization with guess, [0.5415301].
2023-02-17 16:16:51,552 - INFO - Best fit parameters: [0.5415301].
2023-02-17 16:16:51,603 - INFO - Maximum log composite likelihood: -36.8739292604796.
2023-02-17 16:16:51,604 - INFO - Optimal value of theta: 2931.087631168698.
2023-02-17 16:16:51,604 - INFO - Beginning optimization with guess, [0.7935459].
2023-02-17 16:16:51,705 - INFO - Finished optimization with guess, [0.7935459].
2023-02-17 16:16:51,706 - INFO - Best fit parameters: [0.7935459].
2023-02-17 16:16:51,756 - INFO - Maximum log composite likelihood: -36.8739292604796.
2023-02-17 16:16:51,757 - INFO - Optimal value of theta: 2931.087631168698.
2023-02-17 16:16:51,757 - INFO - Beginning optimization with guess, [0.49087208].
2023-02-17 16:16:51,861 - INFO - Finished optimization with guess, [0.49087208].
2023-02-17 16:16:51,861 - INFO - Best fit parameters: [0.49087208].
2023-02-17 16:16:51,912 - INFO - Maximum log composite likelihood: -36.8739292604796.
2023-02-17 16:16:51,913 - INFO - Optimal value of theta: 2931.087631168698.
2023-02-17 16:16:51,913 - INFO - Beginning optimization with guess, [0.45259633].
2023-02-17 16:16:52,014 - INFO - Finished optimization with guess, [0.45259633].
2023-02-17 16:16:52,015 - INFO - Best fit parameters: [0.45259633].
2023-02-17 16:16:52,068 - INFO - Maximum log composite likelihood: -36.8739292604796.
2023-02-17 16:16:52,069 - INFO - Optimal value of theta: 2931.087631168698.
2023-02-17 16:16:52,069 - INFO - Beginning optimization with guess, [0.50209607].
2023-02-17 16:16:52,177 - INFO - Finished optimization with guess, [0.50209607].
2023-02-17 16:16:52,177 - INFO - Best fit parameters: [0.50209607].
2023-02-17 16:16:52,227 - INFO - Maximum log composite likelihood: -36.8739292604796.
2023-02-17 16:16:52,227 - INFO - Optimal value of theta: 2931.087631168698.
2023-02-17 16:16:52,227 - INFO - Beginning optimization with guess, [0.88859098].
2023-02-17 16:16:52,330 - INFO - Finished optimization with guess, [0.88859098].
2023-02-17 16:16:52,331 - INFO - Best fit parameters: [0.88859098].
2023-02-17 16:16:52,381 - INFO - Maximum log composite likelihood: -36.8739292604796.
2023-02-17 16:16:52,381 - INFO - Optimal value of theta: 2931.087631168698.
2023-02-17 16:16:52,382 - INFO - Beginning optimization with guess, [0.89023104].
2023-02-17 16:16:52,483 - INFO - Finished optimization with guess, [0.89023104].
2023-02-17 16:16:52,483 - INFO - Best fit parameters: [0.89023104].
2023-02-17 16:16:52,532 - INFO - Maximum log composite likelihood: -36.8739292604796.
2023-02-17 16:16:52,533 - INFO - Optimal value of theta: 2931.087631168698.
2023-02-17 16:16:52,533 - INFO - Beginning optimization with guess, [2.36086482].
2023-02-17 16:16:52,633 - INFO - Finished optimization with guess, [2.36086482].
2023-02-17 16:16:52,633 - INFO - Best fit parameters: [2.36086482].
2023-02-17 16:16:52,685 - INFO - Maximum log composite likelihood: -36.8739292604796.
2023-02-17 16:16:52,685 - INFO - Optimal value of theta: 2931.087631168698.
2023-02-17 16:16:52,685 - INFO - Beginning optimization with guess, [3.82322639].
2023-02-17 16:16:52,785 - INFO - Finished optimization with guess, [3.82322639].
2023-02-17 16:16:52,785 - INFO - Best fit parameters: [3.82322639].
2023-02-17 16:16:52,835 - INFO - Maximum log composite likelihood: -36.8739292604796.
2023-02-17 16:16:52,835 - INFO - Optimal value of theta: 2931.087631168698.
2023-02-17 16:16:52,835 - INFO - Beginning optimization with guess, [1.36316855].
2023-02-17 16:16:52,935 - INFO - Finished optimization with guess, [1.36316855].
2023-02-17 16:16:52,935 - INFO - Best fit parameters: [1.36316855].
2023-02-17 16:16:52,986 - INFO - Maximum log composite likelihood: -36.8739292604796.
2023-02-17 16:16:52,986 - INFO - Optimal value of theta: 2931.087631168698.
2023-02-17 16:16:52,986 - INFO - Beginning optimization with guess, [1.72195742].
2023-02-17 16:16:53,086 - INFO - Finished optimization with guess, [1.72195742].
2023-02-17 16:16:53,087 - INFO - Best fit parameters: [1.72195742].
2023-02-17 16:16:53,136 - INFO - Maximum log composite likelihood: -36.8739292604796.
2023-02-17 16:16:53,136 - INFO - Optimal value of theta: 2931.087631168698.
2023-02-17 16:16:53,137 - INFO - Beginning optimization with guess, [2.44720468].
2023-02-17 16:16:53,239 - INFO - Finished optimization with guess, [2.44720468].
2023-02-17 16:16:53,239 - INFO - Best fit parameters: [2.44720468].
2023-02-17 16:16:53,290 - INFO - Maximum log composite likelihood: -36.8739292604796.
2023-02-17 16:16:53,290 - INFO - Optimal value of theta: 2931.087631168698.
2023-02-17 16:16:53,291 - INFO - Beginning optimization with guess, [5.63720373].
2023-02-17 16:16:53,392 - INFO - Finished optimization with guess, [5.63720373].
2023-02-17 16:16:53,392 - INFO - Best fit parameters: [5.63720373].
2023-02-17 16:16:53,443 - INFO - Maximum log composite likelihood: -36.8739292604796.
2023-02-17 16:16:53,443 - INFO - Optimal value of theta: 2931.087631168698.
2023-02-17 16:16:53,444 - INFO - Beginning optimization with guess, [2.91092931].
2023-02-17 16:16:53,545 - INFO - Finished optimization with guess, [2.91092931].
2023-02-17 16:16:53,545 - INFO - Best fit parameters: [2.91092931].
2023-02-17 16:16:53,596 - INFO - Maximum log composite likelihood: -36.8739292604796.
2023-02-17 16:16:53,597 - INFO - Optimal value of theta: 2931.087631168698.
2023-02-17 16:16:53,597 - INFO - Beginning optimization with guess, [7.07262536].
2023-02-17 16:16:53,698 - INFO - Finished optimization with guess, [7.07262536].
2023-02-17 16:16:53,699 - INFO - Best fit parameters: [7.07262536].
2023-02-17 16:16:53,753 - INFO - Maximum log composite likelihood: -36.8739292604796.
2023-02-17 16:16:53,753 - INFO - Optimal value of theta: 2931.087631168698.
2023-02-17 16:16:53,754 - INFO - Beginning optimization with guess, [2.54613104].
2023-02-17 16:16:53,860 - INFO - Finished optimization with guess, [2.54613104].
2023-02-17 16:16:53,860 - INFO - Best fit parameters: [2.54613104].
2023-02-17 16:16:53,912 - INFO - Maximum log composite likelihood: -36.8739292604796.
2023-02-17 16:16:53,913 - INFO - Optimal value of theta: 2931.087631168698.
2023-02-17 16:16:53,913 - INFO - Beginning optimization with guess, [4.35763949].
2023-02-17 16:16:54,014 - INFO - Finished optimization with guess, [4.35763949].
2023-02-17 16:16:54,015 - INFO - Best fit parameters: [4.35763949].
2023-02-17 16:16:54,065 - INFO - Maximum log composite likelihood: -36.8739292604796.
2023-02-17 16:16:54,066 - INFO - Optimal value of theta: 2931.087631168698.
2023-02-17 16:16:54,066 - INFO - Beginning optimization with guess, [3.1732656].
2023-02-17 16:16:54,168 - INFO - Finished optimization with guess, [3.1732656].
2023-02-17 16:16:54,168 - INFO - Best fit parameters: [3.1732656].
2023-02-17 16:16:54,218 - INFO - Maximum log composite likelihood: -36.8739292604796.
2023-02-17 16:16:54,219 - INFO - Optimal value of theta: 2931.087631168698.
2023-02-17 16:16:54,219 - INFO - Beginning optimization with guess, [3.62972029].
2023-02-17 16:16:54,321 - INFO - Finished optimization with guess, [3.62972029].
2023-02-17 16:16:54,321 - INFO - Best fit parameters: [3.62972029].
2023-02-17 16:16:54,372 - INFO - Maximum log composite likelihood: -36.8739292604796.
2023-02-17 16:16:54,372 - INFO - Optimal value of theta: 2931.087631168698.
2023-02-17 16:16:54,372 - INFO - Beginning optimization with guess, [6.65456089].
2023-02-17 16:16:54,474 - INFO - Finished optimization with guess, [6.65456089].
2023-02-17 16:16:54,474 - INFO - Best fit parameters: [6.65456089].
2023-02-17 16:16:54,525 - INFO - Maximum log composite likelihood: -36.8739292604796.
2023-02-17 16:16:54,526 - INFO - Optimal value of theta: 2931.087631168698.
2023-02-17 16:16:54,529 - INFO - Finished demographic inference.
2023-02-17 16:16:54,529 - INFO - Pipeline executed succesfully.
