2021-10-20 12:48:58,524 - INFO - Beginning execution of fit_demographic_model.py in directory /u/project/ngarud/jonmah/demo_for_ccgb/Scripts

2021-10-20 12:48:58,524 - INFO - Progress is being logged to ../Analysis/Ruminococcus_bicirculans_59300/log.log

2021-10-20 12:48:58,524 - INFO - Parsed the following arguments:
	mask_doubletons = False
	syn_input_sfs = ../Data/Ruminococcus_bicirculans_59300_syn.sfs
	mask_singletons = True
	outprefix = ../Analysis/Ruminococcus_bicirculans_59300/

2021-10-20 12:48:58,526 - INFO - Beginning demographic inference for exponential growth demographic model.
2021-10-20 12:48:58,527 - INFO - Beginning optimization with guess, [1.75492664e-01 9.43132915e-06].
2021-10-20 12:49:03,431 - INFO - Finished optimization with guess, [1.75492664e-01 9.43132915e-06].
2021-10-20 12:49:03,432 - INFO - Best fit parameters: [7.13436127e-01 3.66019023e-06].
2021-10-20 12:49:03,609 - INFO - Maximum log composite likelihood: -2940.22004715.
2021-10-20 12:49:03,610 - INFO - Optimal value of theta: 14222.5417685.
2021-10-20 12:49:03,610 - INFO - Beginning optimization with guess, [1.94418766e-01 5.87504454e-06].
2021-10-20 12:49:08,476 - INFO - Finished optimization with guess, [1.94418766e-01 5.87504454e-06].
2021-10-20 12:49:08,477 - INFO - Best fit parameters: [7.91558983e-01 2.41976909e-06].
2021-10-20 12:49:08,658 - INFO - Maximum log composite likelihood: -2940.22002042.
2021-10-20 12:49:08,659 - INFO - Optimal value of theta: 14222.5417495.
2021-10-20 12:49:08,660 - INFO - Beginning optimization with guess, [9.91438275e-02 1.27254123e-05].
2021-10-20 12:49:13,607 - INFO - Finished optimization with guess, [9.91438275e-02 1.27254123e-05].
2021-10-20 12:49:13,608 - INFO - Best fit parameters: [4.15969583e-01 3.86392745e-06].
2021-10-20 12:49:13,789 - INFO - Maximum log composite likelihood: -2940.22025324.
2021-10-20 12:49:13,789 - INFO - Optimal value of theta: 14222.541915.
2021-10-20 12:49:13,789 - INFO - Beginning optimization with guess, [1.15191182e-01 1.23414760e-05].
2021-10-20 12:49:18,689 - INFO - Finished optimization with guess, [1.15191182e-01 1.23414760e-05].
2021-10-20 12:49:18,689 - INFO - Best fit parameters: [4.72670496e-01 3.98018958e-06].
2021-10-20 12:49:18,870 - INFO - Maximum log composite likelihood: -2940.2201906.
2021-10-20 12:49:18,871 - INFO - Optimal value of theta: 14222.5418705.
2021-10-20 12:49:18,871 - INFO - Beginning optimization with guess, [1.19800403e-01 1.12672683e-05].
2021-10-20 12:49:23,693 - INFO - Finished optimization with guess, [1.19800403e-01 1.12672683e-05].
2021-10-20 12:49:23,694 - INFO - Best fit parameters: [4.84644525e-01 3.71517151e-06].
2021-10-20 12:49:23,870 - INFO - Maximum log composite likelihood: -2940.22015634.
2021-10-20 12:49:23,871 - INFO - Optimal value of theta: 14222.5418461.
2021-10-20 12:49:23,871 - INFO - Beginning optimization with guess, [1.30402398e-01 1.36457468e-05].
2021-10-20 12:49:28,660 - INFO - Finished optimization with guess, [1.30402398e-01 1.36457468e-05].
2021-10-20 12:49:28,660 - INFO - Best fit parameters: [5.39346229e-01 4.57566713e-06].
2021-10-20 12:49:28,837 - INFO - Maximum log composite likelihood: -2940.22017029.
2021-10-20 12:49:28,837 - INFO - Optimal value of theta: 14222.5418561.
2021-10-20 12:49:28,838 - INFO - Beginning optimization with guess, [1.18613275e-01 1.00363488e-05].
2021-10-20 12:49:33,623 - INFO - Finished optimization with guess, [1.18613275e-01 1.00363488e-05].
2021-10-20 12:49:33,624 - INFO - Best fit parameters: [4.74065158e-01 3.32440883e-06].
2021-10-20 12:49:33,801 - INFO - Maximum log composite likelihood: -2940.22013501.
2021-10-20 12:49:33,802 - INFO - Optimal value of theta: 14222.541831.
2021-10-20 12:49:33,802 - INFO - Beginning optimization with guess, [6.93947513e-02 5.73414888e-06].
2021-10-20 12:49:38,617 - INFO - Finished optimization with guess, [6.93947513e-02 5.73414888e-06].
2021-10-20 12:49:38,618 - INFO - Best fit parameters: [2.67867452e-01 1.72042765e-06].
2021-10-20 12:49:38,796 - INFO - Maximum log composite likelihood: -2940.22015561.
2021-10-20 12:49:38,797 - INFO - Optimal value of theta: 14222.5418456.
2021-10-20 12:49:38,797 - INFO - Beginning optimization with guess, [1.27658349e-01 1.93499627e-05].
2021-10-20 12:49:43,582 - INFO - Finished optimization with guess, [1.27658349e-01 1.93499627e-05].
2021-10-20 12:49:43,583 - INFO - Best fit parameters: [5.72173419e-01 6.13960282e-06].
2021-10-20 12:49:43,760 - INFO - Maximum log composite likelihood: -2940.22024813.
2021-10-20 12:49:43,760 - INFO - Optimal value of theta: 14222.5419114.
2021-10-20 12:49:43,761 - INFO - Beginning optimization with guess, [1.45880926e-01 8.20727046e-06].
2021-10-20 12:49:48,591 - INFO - Finished optimization with guess, [1.45880926e-01 8.20727046e-06].
2021-10-20 12:49:48,591 - INFO - Best fit parameters: [5.79213402e-01 2.94602990e-06].
2021-10-20 12:49:48,770 - INFO - Maximum log composite likelihood: -2940.22006308.
2021-10-20 12:49:48,771 - INFO - Optimal value of theta: 14222.5417798.
2021-10-20 12:49:48,772 - INFO - Beginning optimization with guess, [8.84745819e-02 1.85830236e-05].
2021-10-20 12:49:53,594 - INFO - Finished optimization with guess, [8.84745819e-02 1.85830236e-05].
2021-10-20 12:49:53,595 - INFO - Best fit parameters: [4.49534096e-01 4.77454663e-06].
2021-10-20 12:49:53,777 - INFO - Maximum log composite likelihood: -2940.22030985.
2021-10-20 12:49:53,777 - INFO - Optimal value of theta: 14222.5419553.
2021-10-20 12:49:53,778 - INFO - Beginning optimization with guess, [1.23485008e-01 1.24182653e-05].
2021-10-20 12:49:58,652 - INFO - Finished optimization with guess, [1.23485008e-01 1.24182653e-05].
2021-10-20 12:49:58,653 - INFO - Best fit parameters: [5.05210547e-01 4.10835097e-06].
2021-10-20 12:49:58,830 - INFO - Maximum log composite likelihood: -2940.22016812.
2021-10-20 12:49:58,830 - INFO - Optimal value of theta: 14222.5418545.
2021-10-20 12:49:58,831 - INFO - Beginning optimization with guess, [7.28866412e-02 1.36078802e-05].
2021-10-20 12:50:03,683 - INFO - Finished optimization with guess, [7.28866412e-02 1.36078802e-05].
2021-10-20 12:50:03,683 - INFO - Best fit parameters: [3.42012057e-01 3.52342708e-06].
2021-10-20 12:50:03,864 - INFO - Maximum log composite likelihood: -2940.22034697.
2021-10-20 12:50:03,865 - INFO - Optimal value of theta: 14222.5419817.
2021-10-20 12:50:03,865 - INFO - Beginning optimization with guess, [5.04122175e-02 8.53963165e-06].
2021-10-20 12:50:08,736 - INFO - Finished optimization with guess, [5.04122175e-02 8.53963165e-06].
2021-10-20 12:50:08,737 - INFO - Best fit parameters: [2.23279098e-01 2.17620229e-06].
2021-10-20 12:50:08,918 - INFO - Maximum log composite likelihood: -2940.22036577.
2021-10-20 12:50:08,918 - INFO - Optimal value of theta: 14222.541995.
2021-10-20 12:50:08,919 - INFO - Beginning optimization with guess, [1.38288410e-01 1.76554727e-05].
2021-10-20 12:50:13,715 - INFO - Finished optimization with guess, [1.38288410e-01 1.76554727e-05].
2021-10-20 12:50:13,715 - INFO - Best fit parameters: [5.96851050e-01 5.92011632e-06].
2021-10-20 12:50:13,892 - INFO - Maximum log composite likelihood: -2940.22020184.
2021-10-20 12:50:13,892 - INFO - Optimal value of theta: 14222.5418785.
2021-10-20 12:50:13,893 - INFO - Beginning optimization with guess, [6.86230454e-02 1.62347971e-05].
2021-10-20 12:50:18,705 - INFO - Finished optimization with guess, [6.86230454e-02 1.62347971e-05].
2021-10-20 12:50:18,706 - INFO - Best fit parameters: [3.77041647e-01 3.67518780e-06].
2021-10-20 12:50:18,883 - INFO - Maximum log composite likelihood: -2940.22029563.
2021-10-20 12:50:18,884 - INFO - Optimal value of theta: 14222.5419452.
2021-10-20 12:50:18,884 - INFO - Beginning optimization with guess, [8.51447730e-02 5.19406512e-06].
2021-10-20 12:50:23,671 - INFO - Finished optimization with guess, [8.51447730e-02 5.19406512e-06].
2021-10-20 12:50:23,671 - INFO - Best fit parameters: [3.24975347e-01 1.63198516e-06].
2021-10-20 12:50:23,849 - INFO - Maximum log composite likelihood: -2940.22009231.
2021-10-20 12:50:23,849 - INFO - Optimal value of theta: 14222.5418006.
2021-10-20 12:50:23,850 - INFO - Beginning optimization with guess, [8.75467520e-02 1.94912151e-05].
2021-10-20 12:50:28,636 - INFO - Finished optimization with guess, [8.75467520e-02 1.94912151e-05].
2021-10-20 12:50:28,636 - INFO - Best fit parameters: [4.63581825e-01 4.85292497e-06].
2021-10-20 12:50:28,814 - INFO - Maximum log composite likelihood: -2940.22029388.
2021-10-20 12:50:28,814 - INFO - Optimal value of theta: 14222.5419439.
2021-10-20 12:50:28,815 - INFO - Beginning optimization with guess, [9.52717524e-02 9.19098095e-06].
2021-10-20 12:50:33,608 - INFO - Finished optimization with guess, [9.52717524e-02 9.19098095e-06].
2021-10-20 12:50:33,609 - INFO - Best fit parameters: [3.80019438e-01 2.86469103e-06].
2021-10-20 12:50:33,786 - INFO - Maximum log composite likelihood: -2940.22018001.
2021-10-20 12:50:33,786 - INFO - Optimal value of theta: 14222.541863.
2021-10-20 12:50:33,787 - INFO - Beginning optimization with guess, [6.40626781e-02 1.64392388e-05].
2021-10-20 12:50:38,608 - INFO - Finished optimization with guess, [6.40626781e-02 1.64392388e-05].
2021-10-20 12:50:38,608 - INFO - Best fit parameters: [3.79741216e-01 3.45600801e-06].
2021-10-20 12:50:38,789 - INFO - Maximum log composite likelihood: -2940.2202579.
2021-10-20 12:50:38,790 - INFO - Optimal value of theta: 14222.5419184.
2021-10-20 12:50:38,790 - INFO - Beginning optimization with guess, [8.60168751e-02 5.84809820e-06].
2021-10-20 12:50:43,630 - INFO - Finished optimization with guess, [8.60168751e-02 5.84809820e-06].
2021-10-20 12:50:43,643 - INFO - Best fit parameters: [3.30541367e-01 1.83186932e-06].
2021-10-20 12:50:43,821 - INFO - Maximum log composite likelihood: -2940.22010931.
2021-10-20 12:50:43,822 - INFO - Optimal value of theta: 14222.5418127.
2021-10-20 12:50:43,822 - INFO - Beginning optimization with guess, [1.18041233e-01 1.13846538e-05].
2021-10-20 12:50:48,679 - INFO - Finished optimization with guess, [1.18041233e-01 1.13846538e-05].
2021-10-20 12:50:48,680 - INFO - Best fit parameters: [4.78374147e-01 3.73115642e-06].
2021-10-20 12:50:48,856 - INFO - Maximum log composite likelihood: -2940.22016331.
2021-10-20 12:50:48,954 - INFO - Optimal value of theta: 14222.5418511.
2021-10-20 12:50:48,954 - INFO - Beginning optimization with guess, [1.73953796e-01 6.14760950e-06].
2021-10-20 12:50:53,746 - INFO - Finished optimization with guess, [1.73953796e-01 6.14760950e-06].
2021-10-20 12:50:53,748 - INFO - Best fit parameters: [6.97019258e-01 2.38912061e-06].
2021-10-20 12:50:53,925 - INFO - Maximum log composite likelihood: -2940.22002807.
2021-10-20 12:50:53,925 - INFO - Optimal value of theta: 14222.541755.
2021-10-20 12:50:53,925 - INFO - Beginning optimization with guess, [5.73774197e-02 1.81252948e-05].
2021-10-20 12:50:58,716 - INFO - Finished optimization with guess, [5.73774197e-02 1.81252948e-05].
2021-10-20 12:50:58,716 - INFO - Best fit parameters: [3.82269140e-01 3.39627959e-06].
2021-10-20 12:50:58,893 - INFO - Maximum log composite likelihood: -2940.22024529.
2021-10-20 12:50:58,894 - INFO - Optimal value of theta: 14222.5419094.
2021-10-20 12:50:58,894 - INFO - Beginning optimization with guess, [1.85550312e-01 1.00418039e-05].
2021-10-20 12:51:03,680 - INFO - Finished optimization with guess, [1.85550312e-01 1.00418039e-05].
2021-10-20 12:51:03,681 - INFO - Best fit parameters: [7.61806565e-01 4.00971460e-06].
2021-10-20 12:51:03,858 - INFO - Maximum log composite likelihood: -2940.22004266.
2021-10-20 12:51:03,859 - INFO - Optimal value of theta: 14222.5417653.
2021-10-20 12:51:03,861 - INFO - Beginning demographic inference for two-epoch demographic model.
2021-10-20 12:51:03,865 - INFO - Beginning optimization with guess, [6.50252499e-02 6.40376335e-06].
2021-10-20 12:51:08,656 - INFO - Finished optimization with guess, [6.50252499e-02 6.40376335e-06].
2021-10-20 12:51:08,657 - INFO - Best fit parameters: [2.55145333e-01 1.87608670e-06].
2021-10-20 12:51:08,834 - INFO - Maximum log composite likelihood: -2940.2202041.
2021-10-20 12:51:08,834 - INFO - Optimal value of theta: 14222.5418801.
2021-10-20 12:51:08,835 - INFO - Beginning optimization with guess, [5.81243407e-02 5.90746172e-06].
2021-10-20 12:51:13,656 - INFO - Finished optimization with guess, [5.81243407e-02 5.90746172e-06].
2021-10-20 12:51:13,656 - INFO - Best fit parameters: [2.28102525e-01 1.70275037e-06].
2021-10-20 12:51:13,837 - INFO - Maximum log composite likelihood: -2940.22021727.
2021-10-20 12:51:13,838 - INFO - Optimal value of theta: 14222.5418895.
2021-10-20 12:51:13,838 - INFO - Beginning optimization with guess, [1.25950186e-01 5.24138890e-06].
2021-10-20 12:51:18,773 - INFO - Finished optimization with guess, [1.25950186e-01 5.24138890e-06].
2021-10-20 12:51:18,774 - INFO - Best fit parameters: [4.87093808e-01 1.80753026e-06].
2021-10-20 12:51:18,956 - INFO - Maximum log composite likelihood: -2940.22004471.
2021-10-20 12:51:18,956 - INFO - Optimal value of theta: 14222.5417668.
2021-10-20 12:51:18,956 - INFO - Beginning optimization with guess, [1.37681404e-01 8.73108067e-06].
2021-10-20 12:51:23,774 - INFO - Finished optimization with guess, [1.37681404e-01 8.73108067e-06].
2021-10-20 12:51:23,775 - INFO - Best fit parameters: [5.46505425e-01 3.06264822e-06].
2021-10-20 12:51:23,956 - INFO - Maximum log composite likelihood: -2940.22007917.
2021-10-20 12:51:23,957 - INFO - Optimal value of theta: 14222.5417913.
2021-10-20 12:51:23,957 - INFO - Beginning optimization with guess, [5.51863131e-02 1.90205695e-05].
2021-10-20 12:51:28,855 - INFO - Finished optimization with guess, [5.51863131e-02 1.90205695e-05].
2021-10-20 12:51:28,856 - INFO - Best fit parameters: [3.66928503e-01 3.53590820e-06].
2021-10-20 12:51:29,034 - INFO - Maximum log composite likelihood: -2940.22029367.
2021-10-20 12:51:29,035 - INFO - Optimal value of theta: 14222.5419438.
2021-10-20 12:51:29,035 - INFO - Beginning optimization with guess, [9.44574866e-02 1.59880885e-05].
2021-10-20 12:51:33,859 - INFO - Finished optimization with guess, [9.44574866e-02 1.59880885e-05].
2021-10-20 12:51:33,860 - INFO - Best fit parameters: [4.29926075e-01 4.52118824e-06].
2021-10-20 12:51:34,038 - INFO - Maximum log composite likelihood: -2940.22031438.
2021-10-20 12:51:34,038 - INFO - Optimal value of theta: 14222.5419585.
2021-10-20 12:51:34,039 - INFO - Beginning optimization with guess, [9.23642590e-02 1.03945518e-05].
2021-10-20 12:51:38,860 - INFO - Finished optimization with guess, [9.23642590e-02 1.03945518e-05].
2021-10-20 12:51:38,861 - INFO - Best fit parameters: [3.76015770e-01 3.16722912e-06].
2021-10-20 12:51:39,039 - INFO - Maximum log composite likelihood: -2940.22022361.
2021-10-20 12:51:39,039 - INFO - Optimal value of theta: 14222.541894.
2021-10-20 12:51:39,040 - INFO - Beginning optimization with guess, [1.06068842e-01 7.61181335e-06].
2021-10-20 12:51:43,910 - INFO - Finished optimization with guess, [1.06068842e-01 7.61181335e-06].
2021-10-20 12:51:43,910 - INFO - Best fit parameters: [4.14521659e-01 2.47571269e-06].
2021-10-20 12:51:44,091 - INFO - Maximum log composite likelihood: -2940.22011096.
2021-10-20 12:51:44,092 - INFO - Optimal value of theta: 14222.5418139.
2021-10-20 12:51:44,092 - INFO - Beginning optimization with guess, [1.72273778e-01 5.72789799e-06].
2021-10-20 12:51:48,980 - INFO - Finished optimization with guess, [1.72273778e-01 5.72789799e-06].
2021-10-20 12:51:48,981 - INFO - Best fit parameters: [6.88000608e-01 2.21596176e-06].
2021-10-20 12:51:49,161 - INFO - Maximum log composite likelihood: -2940.22002653.
2021-10-20 12:51:49,161 - INFO - Optimal value of theta: 14222.5417539.
2021-10-20 12:51:49,162 - INFO - Beginning optimization with guess, [6.46297138e-02 1.79303727e-05].
2021-10-20 12:51:54,004 - INFO - Finished optimization with guess, [6.46297138e-02 1.79303727e-05].
2021-10-20 12:51:54,004 - INFO - Best fit parameters: [4.19937023e-01 3.53244214e-06].
2021-10-20 12:51:54,186 - INFO - Maximum log composite likelihood: -2940.22020813.
2021-10-20 12:51:54,188 - INFO - Optimal value of theta: 14222.541883.
2021-10-20 12:51:54,188 - INFO - Beginning optimization with guess, [6.03070247e-02 1.27328279e-05].
2021-10-20 12:51:59,088 - INFO - Finished optimization with guess, [6.03070247e-02 1.27328279e-05].
2021-10-20 12:51:59,090 - INFO - Best fit parameters: [3.01829421e-01 3.01406771e-06].
2021-10-20 12:51:59,276 - INFO - Maximum log composite likelihood: -2940.22034585.
2021-10-20 12:51:59,277 - INFO - Optimal value of theta: 14222.5419809.
2021-10-20 12:51:59,277 - INFO - Beginning optimization with guess, [1.97602429e-01 1.85339270e-05].
2021-10-20 12:52:04,181 - INFO - Finished optimization with guess, [1.97602429e-01 1.85339270e-05].
2021-10-20 12:52:04,181 - INFO - Best fit parameters: [8.57095519e-01 7.59117425e-06].
2021-10-20 12:52:04,365 - INFO - Maximum log composite likelihood: -2940.22006501.
2021-10-20 12:52:04,366 - INFO - Optimal value of theta: 14222.5417812.
2021-10-20 12:52:04,366 - INFO - Beginning optimization with guess, [1.77022440e-01 5.18554289e-06].
2021-10-20 12:52:09,220 - INFO - Finished optimization with guess, [1.77022440e-01 5.18554289e-06].
2021-10-20 12:52:09,221 - INFO - Best fit parameters: [7.08833605e-01 2.03463962e-06].
2021-10-20 12:52:09,399 - INFO - Maximum log composite likelihood: -2940.22002254.
2021-10-20 12:52:09,399 - INFO - Optimal value of theta: 14222.541751.
2021-10-20 12:52:09,400 - INFO - Beginning optimization with guess, [1.99062583e-01 1.73643793e-05].
2021-10-20 12:52:14,254 - INFO - Finished optimization with guess, [1.99062583e-01 1.73643793e-05].
2021-10-20 12:52:14,255 - INFO - Best fit parameters: [8.57589074e-01 7.16170099e-06].
2021-10-20 12:52:14,436 - INFO - Maximum log composite likelihood: -2940.22005884.
2021-10-20 12:52:14,436 - INFO - Optimal value of theta: 14222.5417768.
2021-10-20 12:52:14,436 - INFO - Beginning optimization with guess, [1.28048985e-01 1.77217428e-05].
2021-10-20 12:52:19,320 - INFO - Finished optimization with guess, [1.28048985e-01 1.77217428e-05].
2021-10-20 12:52:19,320 - INFO - Best fit parameters: [5.58981065e-01 5.71586220e-06].
2021-10-20 12:52:19,512 - INFO - Maximum log composite likelihood: -2940.2202329.
2021-10-20 12:52:19,512 - INFO - Optimal value of theta: 14222.5419006.
2021-10-20 12:52:19,513 - INFO - Beginning optimization with guess, [5.31973470e-02 5.11939655e-06].
2021-10-20 12:52:24,368 - INFO - Finished optimization with guess, [5.31973470e-02 5.11939655e-06].
2021-10-20 12:52:24,368 - INFO - Best fit parameters: [2.06706927e-01 1.47148401e-06].
2021-10-20 12:52:24,546 - INFO - Maximum log composite likelihood: -2940.22020368.
2021-10-20 12:52:24,547 - INFO - Optimal value of theta: 14222.5418798.
2021-10-20 12:52:24,547 - INFO - Beginning optimization with guess, [1.57839077e-01 1.85881170e-05].
2021-10-20 12:52:29,369 - INFO - Finished optimization with guess, [1.57839077e-01 1.85881170e-05].
2021-10-20 12:52:29,370 - INFO - Best fit parameters: [6.81393828e-01 6.64231531e-06].
2021-10-20 12:52:29,548 - INFO - Maximum log composite likelihood: -2940.22015669.
2021-10-20 12:52:29,549 - INFO - Optimal value of theta: 14222.5418464.
2021-10-20 12:52:29,549 - INFO - Beginning optimization with guess, [1.41207346e-01 9.47608970e-06].
2021-10-20 12:52:34,401 - INFO - Finished optimization with guess, [1.41207346e-01 9.47608970e-06].
2021-10-20 12:52:34,401 - INFO - Best fit parameters: [5.63871285e-01 3.34574075e-06].
2021-10-20 12:52:34,586 - INFO - Maximum log composite likelihood: -2940.22008454.
2021-10-20 12:52:34,587 - INFO - Optimal value of theta: 14222.5417951.
2021-10-20 12:52:34,587 - INFO - Beginning optimization with guess, [1.41356589e-01 7.81703440e-06].
2021-10-20 12:52:39,464 - INFO - Finished optimization with guess, [1.41356589e-01 7.81703440e-06].
2021-10-20 12:52:39,465 - INFO - Best fit parameters: [5.58794782e-01 2.77662351e-06].
2021-10-20 12:52:39,648 - INFO - Maximum log composite likelihood: -2940.2200631.
2021-10-20 12:52:39,648 - INFO - Optimal value of theta: 14222.5417799.
2021-10-20 12:52:39,649 - INFO - Beginning optimization with guess, [1.46696726e-01 1.43402756e-05].
2021-10-20 12:52:44,572 - INFO - Finished optimization with guess, [1.46696726e-01 1.43402756e-05].
2021-10-20 12:52:44,572 - INFO - Best fit parameters: [6.09016103e-01 5.03977020e-06].
2021-10-20 12:52:44,759 - INFO - Maximum log composite likelihood: -2940.22013964.
2021-10-20 12:52:44,759 - INFO - Optimal value of theta: 14222.5418343.
2021-10-20 12:52:44,759 - INFO - Beginning optimization with guess, [1.15232319e-01 1.56861320e-05].
2021-10-20 12:52:49,638 - INFO - Finished optimization with guess, [1.15232319e-01 1.56861320e-05].
2021-10-20 12:52:49,639 - INFO - Best fit parameters: [4.95974233e-01 4.90532882e-06].
2021-10-20 12:52:49,816 - INFO - Maximum log composite likelihood: -2940.22024816.
2021-10-20 12:52:49,817 - INFO - Optimal value of theta: 14222.5419114.
2021-10-20 12:52:49,817 - INFO - Beginning optimization with guess, [7.81346117e-02 1.12507480e-05].
2021-10-20 12:52:54,582 - INFO - Finished optimization with guess, [7.81346117e-02 1.12507480e-05].
2021-10-20 12:52:54,583 - INFO - Best fit parameters: [3.32829976e-01 3.18804876e-06].
2021-10-20 12:52:54,759 - INFO - Maximum log composite likelihood: -2940.2203053.
2021-10-20 12:52:54,759 - INFO - Optimal value of theta: 14222.5419521.
2021-10-20 12:52:54,760 - INFO - Beginning optimization with guess, [8.46594556e-02 1.00941164e-05].
2021-10-20 12:52:59,534 - INFO - Finished optimization with guess, [8.46594556e-02 1.00941164e-05].
2021-10-20 12:52:59,534 - INFO - Best fit parameters: [3.46492188e-01 3.00184070e-06].
2021-10-20 12:52:59,710 - INFO - Maximum log composite likelihood: -2940.22024661.
2021-10-20 12:52:59,711 - INFO - Optimal value of theta: 14222.5419103.
2021-10-20 12:52:59,711 - INFO - Beginning optimization with guess, [9.16896659e-02 5.62008115e-06].
2021-10-20 12:53:04,537 - INFO - Finished optimization with guess, [9.16896659e-02 5.62008115e-06].
2021-10-20 12:53:04,538 - INFO - Best fit parameters: [3.51511351e-01 1.78779343e-06].
2021-10-20 12:53:04,715 - INFO - Maximum log composite likelihood: -2940.22009114.
2021-10-20 12:53:04,716 - INFO - Optimal value of theta: 14222.5417998.
2021-10-20 12:53:04,716 - INFO - Beginning optimization with guess, [1.04601869e-01 1.53690967e-05].
2021-10-20 12:53:09,508 - INFO - Finished optimization with guess, [1.04601869e-01 1.53690967e-05].
2021-10-20 12:53:09,508 - INFO - Best fit parameters: [4.56255223e-01 4.61487580e-06].
2021-10-20 12:53:09,685 - INFO - Maximum log composite likelihood: -2940.22027862.
2021-10-20 12:53:09,686 - INFO - Optimal value of theta: 14222.5419331.
2021-10-20 12:53:09,689 - INFO - Beginning demographic inference for bottleneck + growth demographic model.
2021-10-20 12:53:09,691 - INFO - Beginning optimization with guess, [1.84708968e-01 1.84268044e-01 1.64150740e-05].
2021-10-20 12:53:14,729 - INFO - Finished optimization with guess, [1.84708968e-01 1.84268044e-01 1.64150740e-05].
2021-10-20 12:53:14,734 - INFO - Best fit parameters: [1.84710191e-01 5.17046112e-01 7.54893692e-06].
2021-10-20 12:53:14,914 - INFO - Maximum log composite likelihood: -2940.22050749.
2021-10-20 12:53:14,915 - INFO - Optimal value of theta: 14222.5420958.
2021-10-20 12:53:14,916 - INFO - Beginning optimization with guess, [1.29450098e-01 7.99108837e-02 8.33630677e-06].
2021-10-20 12:53:19,975 - INFO - Finished optimization with guess, [1.29450098e-01 7.99108837e-02 8.33630677e-06].
2021-10-20 12:53:19,975 - INFO - Best fit parameters: [1.29450098e-01 2.20497174e-01 3.32436973e-06].
2021-10-20 12:53:20,156 - INFO - Maximum log composite likelihood: -2940.22086552.
2021-10-20 12:53:20,156 - INFO - Optimal value of theta: 14222.5423504.
2021-10-20 12:53:20,157 - INFO - Beginning optimization with guess, [1.81474772e-01 9.78881424e-02 5.65825936e-06].
2021-10-20 12:53:25,172 - INFO - Finished optimization with guess, [1.81474772e-01 9.78881424e-02 5.65825936e-06].
2021-10-20 12:53:25,172 - INFO - Best fit parameters: [1.81480555e-01 2.58836751e-01 2.39649391e-06].
2021-10-20 12:53:25,350 - INFO - Maximum log composite likelihood: -2940.22031636.
2021-10-20 12:53:25,351 - INFO - Optimal value of theta: 14222.5419599.
2021-10-20 12:53:25,351 - INFO - Beginning optimization with guess, [5.34353444e-02 1.45353937e-01 1.38042834e-05].
2021-10-20 12:53:30,347 - INFO - Finished optimization with guess, [5.34353444e-02 1.45353937e-01 1.38042834e-05].
2021-10-20 12:53:30,347 - INFO - Best fit parameters: [5.34352229e-02 4.04677633e-01 5.99859463e-06].
2021-10-20 12:53:30,525 - INFO - Maximum log composite likelihood: -2940.22064185.
2021-10-20 12:53:30,525 - INFO - Optimal value of theta: 14222.5421914.
2021-10-20 12:53:30,526 - INFO - Beginning optimization with guess, [5.51587375e-02 5.62911278e-02 5.91935351e-06].
2021-10-20 12:53:35,442 - INFO - Finished optimization with guess, [5.51587375e-02 5.62911278e-02 5.91935351e-06].
2021-10-20 12:53:35,443 - INFO - Best fit parameters: [5.51587375e-02 1.54491703e-01 2.30086399e-06].
2021-10-20 12:53:35,615 - INFO - Maximum log composite likelihood: -2940.22091538.
2021-10-20 12:53:35,616 - INFO - Optimal value of theta: 14222.5423858.
2021-10-20 12:53:35,616 - INFO - Beginning optimization with guess, [1.57899923e-01 7.16689241e-02 5.94016087e-06].
2021-10-20 12:53:40,533 - INFO - Finished optimization with guess, [1.57899923e-01 7.16689241e-02 5.94016087e-06].
2021-10-20 12:53:40,533 - INFO - Best fit parameters: [1.57899911e-01 1.92313840e-01 2.40243439e-06].
2021-10-20 12:53:40,711 - INFO - Maximum log composite likelihood: -2940.22061822.
2021-10-20 12:53:40,711 - INFO - Optimal value of theta: 14222.5421745.
2021-10-20 12:53:40,711 - INFO - Beginning optimization with guess, [8.17172528e-02 1.42068449e-01 1.32207727e-05].
2021-10-20 12:53:45,702 - INFO - Finished optimization with guess, [8.17172528e-02 1.42068449e-01 1.32207727e-05].
2021-10-20 12:53:45,703 - INFO - Best fit parameters: [8.17172528e-02 3.94190725e-01 5.73097870e-06].
2021-10-20 12:53:45,885 - INFO - Maximum log composite likelihood: -2940.22062849.
2021-10-20 12:53:45,885 - INFO - Optimal value of theta: 14222.5421819.
2021-10-20 12:53:45,885 - INFO - Beginning optimization with guess, [1.38727351e-01 7.17311354e-02 8.18580608e-06].
2021-10-20 12:53:50,921 - INFO - Finished optimization with guess, [1.38727351e-01 7.17311354e-02 8.18580608e-06].
2021-10-20 12:53:50,921 - INFO - Best fit parameters: [1.38726896e-01 2.00208392e-01 3.19667105e-06].
2021-10-20 12:53:51,103 - INFO - Maximum log composite likelihood: -2940.22099459.
2021-10-20 12:53:51,104 - INFO - Optimal value of theta: 14222.5424422.
2021-10-20 12:53:51,104 - INFO - Beginning optimization with guess, [1.02764226e-01 5.66226249e-02 5.01237450e-06].
2021-10-20 12:53:56,136 - INFO - Finished optimization with guess, [1.02764226e-01 5.66226249e-02 5.01237450e-06].
2021-10-20 12:53:56,136 - INFO - Best fit parameters: [1.02764360e-01 1.52237535e-01 1.98627859e-06].
2021-10-20 12:53:56,313 - INFO - Maximum log composite likelihood: -2940.22070642.
2021-10-20 12:53:56,313 - INFO - Optimal value of theta: 14222.5422373.
2021-10-20 12:53:56,313 - INFO - Beginning optimization with guess, [1.21669172e-01 6.34938473e-02 5.04267414e-06].
2021-10-20 12:54:01,271 - INFO - Finished optimization with guess, [1.21669172e-01 6.34938473e-02 5.04267414e-06].
2021-10-20 12:54:01,272 - INFO - Best fit parameters: [1.21669172e-01 1.69375060e-01 2.02964808e-06].
2021-10-20 12:54:01,450 - INFO - Maximum log composite likelihood: -2940.22058543.
2021-10-20 12:54:01,451 - INFO - Optimal value of theta: 14222.5421512.
2021-10-20 12:54:01,451 - INFO - Beginning optimization with guess, [1.24045213e-01 1.03615020e-01 9.43973985e-06].
2021-10-20 12:54:06,485 - INFO - Finished optimization with guess, [1.24045213e-01 1.03615020e-01 9.43973985e-06].
2021-10-20 12:54:06,485 - INFO - Best fit parameters: [1.24045213e-01 2.83247069e-01 3.91777717e-06].
2021-10-20 12:54:06,662 - INFO - Maximum log composite likelihood: -2940.22067204.
2021-10-20 12:54:06,663 - INFO - Optimal value of theta: 14222.5422128.
2021-10-20 12:54:06,663 - INFO - Beginning optimization with guess, [1.14264593e-01 1.94610652e-01 1.88294941e-05].
2021-10-20 12:54:11,707 - INFO - Finished optimization with guess, [1.14264593e-01 1.94610652e-01 1.88294941e-05].
2021-10-20 12:54:11,721 - INFO - Best fit parameters: [1.14265199e-01 5.53246948e-01 8.74044623e-06].
2021-10-20 12:54:11,904 - INFO - Maximum log composite likelihood: -2940.22054896.
2021-10-20 12:54:11,905 - INFO - Optimal value of theta: 14222.5421253.
2021-10-20 12:54:11,905 - INFO - Beginning optimization with guess, [5.07331002e-02 9.46982217e-02 1.68837515e-05].
2021-10-20 12:54:16,853 - INFO - Finished optimization with guess, [5.07331002e-02 9.46982217e-02 1.68837515e-05].
2021-10-20 12:54:16,854 - INFO - Best fit parameters: [5.07330609e-02 3.01571745e-01 6.08828016e-06].
2021-10-20 12:54:17,031 - INFO - Maximum log composite likelihood: -2940.22138526.
2021-10-20 12:54:17,032 - INFO - Optimal value of theta: 14222.54272.
2021-10-20 12:54:17,032 - INFO - Beginning optimization with guess, [6.19971069e-02 8.87364075e-02 6.01238769e-06].
2021-10-20 12:54:22,005 - INFO - Finished optimization with guess, [6.19971069e-02 8.87364075e-02 6.01238769e-06].
2021-10-20 12:54:22,006 - INFO - Best fit parameters: [6.19971069e-02 2.35859880e-01 2.50550091e-06].
2021-10-20 12:54:22,183 - INFO - Maximum log composite likelihood: -2940.22042591.
2021-10-20 12:54:22,183 - INFO - Optimal value of theta: 14222.5420378.
2021-10-20 12:54:22,184 - INFO - Beginning optimization with guess, [8.51516129e-02 1.28806459e-01 1.53106354e-05].
2021-10-20 12:54:27,202 - INFO - Finished optimization with guess, [8.51516129e-02 1.28806459e-01 1.53106354e-05].
2021-10-20 12:54:27,202 - INFO - Best fit parameters: [8.51521415e-02 3.68296038e-01 6.35644402e-06].
2021-10-20 12:54:27,379 - INFO - Maximum log composite likelihood: -2940.22091904.
2021-10-20 12:54:27,379 - INFO - Optimal value of theta: 14222.5423885.
2021-10-20 12:54:27,380 - INFO - Beginning optimization with guess, [1.37919242e-01 1.43404225e-01 8.73642954e-06].
2021-10-20 12:54:32,353 - INFO - Finished optimization with guess, [1.37919242e-01 1.43404225e-01 8.73642954e-06].
2021-10-20 12:54:32,353 - INFO - Best fit parameters: [1.37919242e-01 3.85891396e-01 3.88273390e-06].
2021-10-20 12:54:32,531 - INFO - Maximum log composite likelihood: -2940.22031006.
2021-10-20 12:54:32,531 - INFO - Optimal value of theta: 14222.5419554.
2021-10-20 12:54:32,532 - INFO - Beginning optimization with guess, [1.90104867e-01 5.23850318e-02 8.88620501e-06].
2021-10-20 12:54:37,563 - INFO - Finished optimization with guess, [1.90104867e-01 5.23850318e-02 8.88620501e-06].
2021-10-20 12:54:37,564 - INFO - Best fit parameters: [1.90104787e-01 1.61713464e-01 3.08438430e-06].
2021-10-20 12:54:37,742 - INFO - Maximum log composite likelihood: -2940.221483.
2021-10-20 12:54:37,742 - INFO - Optimal value of theta: 14222.5427895.
2021-10-20 12:54:37,743 - INFO - Beginning optimization with guess, [1.04482913e-01 9.66387411e-02 8.83608140e-06].
2021-10-20 12:54:42,783 - INFO - Finished optimization with guess, [1.04482913e-01 9.66387411e-02 8.83608140e-06].
2021-10-20 12:54:42,784 - INFO - Best fit parameters: [1.04482913e-01 2.63709863e-01 3.63794516e-06].
2021-10-20 12:54:42,961 - INFO - Maximum log composite likelihood: -2940.22068647.
2021-10-20 12:54:42,962 - INFO - Optimal value of theta: 14222.5422231.
2021-10-20 12:54:42,962 - INFO - Beginning optimization with guess, [5.07174076e-02 1.23440472e-01 1.44921343e-05].
2021-10-20 12:54:47,928 - INFO - Finished optimization with guess, [5.07174076e-02 1.23440472e-01 1.44921343e-05].
2021-10-20 12:54:47,928 - INFO - Best fit parameters: [5.07174473e-02 3.51564049e-01 5.98606541e-06].
2021-10-20 12:54:48,105 - INFO - Maximum log composite likelihood: -2940.22091814.
2021-10-20 12:54:48,106 - INFO - Optimal value of theta: 14222.5423878.
2021-10-20 12:54:48,106 - INFO - Beginning optimization with guess, [6.41315377e-02 1.38945975e-01 6.06148091e-06].
2021-10-20 12:54:53,071 - INFO - Finished optimization with guess, [6.41315377e-02 1.38945975e-01 6.06148091e-06].
2021-10-20 12:54:53,072 - INFO - Best fit parameters: [6.41283108e-02 3.68871823e-01 2.70409336e-06].
2021-10-20 12:54:53,249 - INFO - Maximum log composite likelihood: -2940.22017365.
2021-10-20 12:54:53,250 - INFO - Optimal value of theta: 14222.5418585.
2021-10-20 12:54:53,250 - INFO - Beginning optimization with guess, [8.67223994e-02 6.47265317e-02 9.53615342e-06].
2021-10-20 12:54:58,215 - INFO - Finished optimization with guess, [8.67223994e-02 6.47265317e-02 9.53615342e-06].
2021-10-20 12:54:58,215 - INFO - Best fit parameters: [8.67224263e-02 1.90936536e-01 3.51046802e-06].
2021-10-20 12:54:58,392 - INFO - Maximum log composite likelihood: -2940.22133096.
2021-10-20 12:54:58,393 - INFO - Optimal value of theta: 14222.5426814.
2021-10-20 12:54:58,393 - INFO - Beginning optimization with guess, [1.50444310e-01 7.93771566e-02 8.52828701e-06].
2021-10-20 12:55:03,378 - INFO - Finished optimization with guess, [1.50444310e-01 7.93771566e-02 8.52828701e-06].
2021-10-20 12:55:03,378 - INFO - Best fit parameters: [1.50443913e-01 2.19920601e-01 3.38640500e-06].
2021-10-20 12:55:03,556 - INFO - Maximum log composite likelihood: -2940.22090312.
2021-10-20 12:55:03,557 - INFO - Optimal value of theta: 14222.5423771.
2021-10-20 12:55:03,557 - INFO - Beginning optimization with guess, [6.31254043e-02 7.91041505e-02 1.12082118e-05].
2021-10-20 12:55:08,645 - INFO - Finished optimization with guess, [6.31254043e-02 7.91041505e-02 1.12082118e-05].
2021-10-20 12:55:08,645 - INFO - Best fit parameters: [6.31254043e-02 2.31677676e-01 4.23767538e-06].
2021-10-20 12:55:08,826 - INFO - Maximum log composite likelihood: -2940.22125167.
2021-10-20 12:55:08,826 - INFO - Optimal value of theta: 14222.542625.
2021-10-20 12:55:08,827 - INFO - Beginning optimization with guess, [5.19841146e-02 1.24314591e-01 5.09649326e-06].
2021-10-20 12:55:13,839 - INFO - Finished optimization with guess, [5.19841146e-02 1.24314591e-01 5.09649326e-06].
2021-10-20 12:55:13,839 - INFO - Best fit parameters: [5.19853923e-02 3.27877719e-01 2.23972593e-06].
2021-10-20 12:55:14,017 - INFO - Maximum log composite likelihood: -2940.22016128.
2021-10-20 12:55:14,017 - INFO - Optimal value of theta: 14222.5418497.
2021-10-20 12:55:14,017 - INFO - Beginning optimization with guess, [1.01766561e-01 1.97819097e-01 7.00428849e-06].
2021-10-20 12:55:18,999 - INFO - Finished optimization with guess, [1.01766561e-01 1.97819097e-01 7.00428849e-06].
2021-10-20 12:55:19,000 - INFO - Best fit parameters: [1.01769992e-01 5.34600140e-01 3.37058404e-06].
2021-10-20 12:55:19,177 - INFO - Maximum log composite likelihood: -2940.22009964.
2021-10-20 12:55:19,177 - INFO - Optimal value of theta: 14222.5418058.
2021-10-20 12:55:19,180 - INFO - Beginning demographic inference for three-epoch demographic model.
2021-10-20 12:55:19,182 - INFO - Beginning optimization with guess, [1.11858108e-01 1.19231773e-01 8.29414111e-06 1.81641953e-05].
2021-10-20 12:55:24,527 - INFO - Finished optimization with guess, [1.11858108e-01 1.19231773e-01 8.29414111e-06 1.81641953e-05].
2021-10-20 12:55:24,527 - INFO - Best fit parameters: [2.41130797e-01 3.14931082e-01 4.24971932e-06 7.59132517e-06].
2021-10-20 12:55:24,705 - INFO - Maximum log composite likelihood: -2940.22462989.
2021-10-20 12:55:24,706 - INFO - Optimal value of theta: 14222.5450278.
2021-10-20 12:55:24,706 - INFO - Beginning optimization with guess, [5.85599842e-02 1.41210518e-01 1.18574571e-05 7.34733976e-06].
2021-10-20 12:55:30,060 - INFO - Finished optimization with guess, [5.85599842e-02 1.41210518e-01 1.18574571e-05 7.34733976e-06].
2021-10-20 12:55:30,060 - INFO - Best fit parameters: [1.82146003e-01 2.52733566e-01 4.17410907e-06 4.25401273e-06].
2021-10-20 12:55:30,239 - INFO - Maximum log composite likelihood: -2940.22463273.
2021-10-20 12:55:30,239 - INFO - Optimal value of theta: 14222.5450297.
2021-10-20 12:55:30,240 - INFO - Beginning optimization with guess, [6.86606182e-02 9.45206777e-02 1.33706801e-05 1.26196756e-05].
2021-10-20 12:55:35,607 - INFO - Finished optimization with guess, [6.86606182e-02 9.45206777e-02 1.33706801e-05 1.26196756e-05].
2021-10-20 12:55:35,608 - INFO - Best fit parameters: [2.14019906e-01 2.39648149e-01 4.79551351e-06 5.27612759e-06].
2021-10-20 12:55:35,789 - INFO - Maximum log composite likelihood: -2940.22557034.
2021-10-20 12:55:35,789 - INFO - Optimal value of theta: 14222.5456968.
2021-10-20 12:55:35,790 - INFO - Beginning optimization with guess, [5.48276938e-02 1.16647013e-01 1.51240410e-05 5.88644123e-06].
2021-10-20 12:55:41,245 - INFO - Finished optimization with guess, [5.48276938e-02 1.16647013e-01 1.51240410e-05 5.88644123e-06].
2021-10-20 12:55:41,246 - INFO - Best fit parameters: [2.19792246e-01 2.15594962e-01 4.21670590e-06 3.29444928e-06].
2021-10-20 12:55:41,423 - INFO - Maximum log composite likelihood: -2940.22338819.
2021-10-20 12:55:41,424 - INFO - Optimal value of theta: 14222.5441444.
2021-10-20 12:55:41,424 - INFO - Beginning optimization with guess, [7.06834993e-02 5.54663054e-02 1.60025982e-05 1.25539666e-05].
2021-10-20 12:55:46,857 - INFO - Finished optimization with guess, [7.06834993e-02 5.54663054e-02 1.60025982e-05 1.25539666e-05].
2021-10-20 12:55:46,857 - INFO - Best fit parameters: [2.29497583e-01 1.72871671e-01 5.55453071e-06 4.21448805e-06].
2021-10-20 12:55:47,042 - INFO - Maximum log composite likelihood: -2940.22676064.
2021-10-20 12:55:47,042 - INFO - Optimal value of theta: 14222.5465436.
2021-10-20 12:55:47,042 - INFO - Beginning optimization with guess, [8.78921867e-02 6.80883947e-02 1.01451611e-05 1.25951675e-05].
2021-10-20 12:55:52,450 - INFO - Finished optimization with guess, [8.78921867e-02 6.80883947e-02 1.01451611e-05 1.25951675e-05].
2021-10-20 12:55:52,450 - INFO - Best fit parameters: [2.17775593e-01 1.96727805e-01 4.53485932e-06 4.60895799e-06].
2021-10-20 12:55:52,628 - INFO - Maximum log composite likelihood: -2940.22562244.
2021-10-20 12:55:52,629 - INFO - Optimal value of theta: 14222.5457338.
2021-10-20 12:55:52,629 - INFO - Beginning optimization with guess, [1.30119743e-01 6.82714776e-02 9.96514460e-06 8.58490413e-06].
2021-10-20 12:55:57,943 - INFO - Finished optimization with guess, [1.30119743e-01 6.82714776e-02 9.96514460e-06 8.58490413e-06].
2021-10-20 12:55:57,944 - INFO - Best fit parameters: [2.90352308e-01 1.68176710e-01 5.06574544e-06 3.65748583e-06].
2021-10-20 12:55:58,123 - INFO - Maximum log composite likelihood: -2940.22425586.
2021-10-20 12:55:58,124 - INFO - Optimal value of theta: 14222.5447616.
2021-10-20 12:55:58,124 - INFO - Beginning optimization with guess, [1.55859749e-01 6.39399083e-02 6.26893742e-06 1.74179116e-05].
2021-10-20 12:56:03,536 - INFO - Finished optimization with guess, [1.55859749e-01 6.39399083e-02 6.26893742e-06 1.74179116e-05].
2021-10-20 12:56:03,536 - INFO - Best fit parameters: [2.78875681e-01 2.49235592e-01 3.85269808e-06 4.84904611e-06].
2021-10-20 12:56:03,714 - INFO - Maximum log composite likelihood: -2940.22298509.
2021-10-20 12:56:03,714 - INFO - Optimal value of theta: 14222.5438578.
2021-10-20 12:56:03,715 - INFO - Beginning optimization with guess, [1.17005511e-01 1.40725696e-01 1.19954020e-05 1.82397794e-05].
2021-10-20 12:56:09,061 - INFO - Finished optimization with guess, [1.17005511e-01 1.40725696e-01 1.19954020e-05 1.82397794e-05].
2021-10-20 12:56:09,062 - INFO - Best fit parameters: [2.85009253e-01 3.49749494e-01 5.65518037e-06 8.14253339e-06].
2021-10-20 12:56:09,239 - INFO - Maximum log composite likelihood: -2940.22466885.
2021-10-20 12:56:09,240 - INFO - Optimal value of theta: 14222.5450556.
2021-10-20 12:56:09,240 - INFO - Beginning optimization with guess, [1.69889689e-01 1.09113108e-01 6.89345211e-06 1.61147615e-05].
2021-10-20 12:56:14,641 - INFO - Finished optimization with guess, [1.69889689e-01 1.09113108e-01 6.89345211e-06 1.61147615e-05].
2021-10-20 12:56:14,641 - INFO - Best fit parameters: [2.93726440e-01 2.86248361e-01 4.38186269e-06 6.74479314e-06].
2021-10-20 12:56:14,823 - INFO - Maximum log composite likelihood: -2940.22388396.
2021-10-20 12:56:14,823 - INFO - Optimal value of theta: 14222.5444972.
2021-10-20 12:56:14,823 - INFO - Beginning optimization with guess, [5.19594957e-02 1.11465837e-01 8.81307637e-06 6.67969251e-06].
2021-10-20 12:56:20,353 - INFO - Finished optimization with guess, [5.19594957e-02 1.11465837e-01 8.81307637e-06 6.67969251e-06].
2021-10-20 12:56:20,353 - INFO - Best fit parameters: [1.46654197e-01 2.11856990e-01 3.35776715e-06 3.63013782e-06].
2021-10-20 12:56:20,536 - INFO - Maximum log composite likelihood: -2940.22490729.
2021-10-20 12:56:20,537 - INFO - Optimal value of theta: 14222.545225.
2021-10-20 12:56:20,537 - INFO - Beginning optimization with guess, [6.84686860e-02 5.02809301e-02 6.81653133e-06 1.15620711e-05].
2021-10-20 12:56:25,989 - INFO - Finished optimization with guess, [6.84686860e-02 5.02809301e-02 6.81653133e-06 1.15620711e-05].
2021-10-20 12:56:25,990 - INFO - Best fit parameters: [1.60414371e-01 1.69151620e-01 3.12685353e-06 3.60354869e-06].
2021-10-20 12:56:26,174 - INFO - Maximum log composite likelihood: -2940.225058.
2021-10-20 12:56:26,174 - INFO - Optimal value of theta: 14222.5453322.
2021-10-20 12:56:26,174 - INFO - Beginning optimization with guess, [7.74927405e-02 5.14322199e-02 1.65004533e-05 1.30994431e-05].
2021-10-20 12:56:31,566 - INFO - Finished optimization with guess, [7.74927405e-02 5.14322199e-02 1.65004533e-05 1.30994431e-05].
2021-10-20 12:56:31,567 - INFO - Best fit parameters: [2.38557779e-01 1.68084892e-01 6.07033897e-06 4.19007854e-06].
2021-10-20 12:56:31,745 - INFO - Maximum log composite likelihood: -2940.22722081.
2021-10-20 12:56:31,746 - INFO - Optimal value of theta: 14222.546871.
2021-10-20 12:56:31,746 - INFO - Beginning optimization with guess, [8.28404187e-02 6.99941068e-02 1.85944211e-05 6.24093798e-06].
2021-10-20 12:56:37,096 - INFO - Finished optimization with guess, [8.28404187e-02 6.99941068e-02 1.85944211e-05 6.24093798e-06].
2021-10-20 12:56:37,097 - INFO - Best fit parameters: [2.82697724e-01 1.51910275e-01 6.32833571e-06 2.96395660e-06].
2021-10-20 12:56:37,274 - INFO - Maximum log composite likelihood: -2940.22482033.
2021-10-20 12:56:37,275 - INFO - Optimal value of theta: 14222.5451632.
2021-10-20 12:56:37,275 - INFO - Beginning optimization with guess, [1.71834598e-01 1.75868786e-01 1.21307208e-05 5.16009921e-06].
2021-10-20 12:56:42,621 - INFO - Finished optimization with guess, [1.71834598e-01 1.75868786e-01 1.21307208e-05 5.16009921e-06].
2021-10-20 12:56:42,622 - INFO - Best fit parameters: [4.23022662e-01 3.09147161e-01 6.17322727e-06 3.07695276e-06].
2021-10-20 12:56:42,800 - INFO - Maximum log composite likelihood: -2940.22133905.
2021-10-20 12:56:42,800 - INFO - Optimal value of theta: 14222.5426871.
2021-10-20 12:56:42,801 - INFO - Beginning optimization with guess, [1.06443561e-01 1.28896311e-01 1.94035558e-05 6.08138575e-06].
2021-10-20 12:56:48,210 - INFO - Finished optimization with guess, [1.06443561e-01 1.28896311e-01 1.94035558e-05 6.08138575e-06].
2021-10-20 12:56:48,210 - INFO - Best fit parameters: [3.15951738e-01 2.20301772e-01 7.69589358e-06 3.66276910e-06].
2021-10-20 12:56:48,391 - INFO - Maximum log composite likelihood: -2940.22435068.
2021-10-20 12:56:48,392 - INFO - Optimal value of theta: 14222.5448292.
2021-10-20 12:56:48,392 - INFO - Beginning optimization with guess, [1.07356169e-01 1.05050689e-01 1.31849390e-05 6.77447659e-06].
2021-10-20 12:56:53,854 - INFO - Finished optimization with guess, [1.07356169e-01 1.05050689e-01 1.31849390e-05 6.77447659e-06].
2021-10-20 12:56:53,855 - INFO - Best fit parameters: [2.76321682e-01 2.13006058e-01 5.92646483e-06 3.47274976e-06].
2021-10-20 12:56:54,036 - INFO - Maximum log composite likelihood: -2940.22385223.
2021-10-20 12:56:54,037 - INFO - Optimal value of theta: 14222.5444746.
2021-10-20 12:56:54,037 - INFO - Beginning optimization with guess, [1.27078822e-01 1.09999242e-01 8.52895813e-06 9.26072285e-06].
2021-10-20 12:56:59,507 - INFO - Finished optimization with guess, [1.27078822e-01 1.09999242e-01 8.52895813e-06 9.26072285e-06].
2021-10-20 12:56:59,508 - INFO - Best fit parameters: [2.89366529e-01 2.50912838e-01 4.28710433e-06 4.35828563e-06].
2021-10-20 12:56:59,691 - INFO - Maximum log composite likelihood: -2940.22273976.
2021-10-20 12:56:59,691 - INFO - Optimal value of theta: 14222.5436833.
2021-10-20 12:56:59,692 - INFO - Beginning optimization with guess, [1.17932085e-01 5.49142459e-02 6.34760002e-06 5.21195785e-06].
2021-10-20 12:57:05,132 - INFO - Finished optimization with guess, [1.17932085e-01 5.49142459e-02 6.34760002e-06 5.21195785e-06].
2021-10-20 12:57:05,132 - INFO - Best fit parameters: [2.46655917e-01 1.28571858e-01 3.34942625e-06 2.30744302e-06].
2021-10-20 12:57:05,310 - INFO - Maximum log composite likelihood: -2940.22292463.
2021-10-20 12:57:05,311 - INFO - Optimal value of theta: 14222.5438147.
2021-10-20 12:57:05,311 - INFO - Beginning optimization with guess, [1.15040162e-01 1.20063586e-01 1.85156524e-05 7.40991497e-06].
2021-10-20 12:57:10,685 - INFO - Finished optimization with guess, [1.15040162e-01 1.20063586e-01 1.85156524e-05 7.40991497e-06].
2021-10-20 12:57:10,686 - INFO - Best fit parameters: [3.24702019e-01 2.29170852e-01 7.79565357e-06 4.03126373e-06].
2021-10-20 12:57:10,864 - INFO - Maximum log composite likelihood: -2940.22442107.
2021-10-20 12:57:10,865 - INFO - Optimal value of theta: 14222.5448793.
2021-10-20 12:57:10,865 - INFO - Beginning optimization with guess, [1.05629936e-01 1.62516905e-01 9.55893717e-06 1.80673316e-05].
2021-10-20 12:57:16,242 - INFO - Finished optimization with guess, [1.05629936e-01 1.62516905e-01 9.55893717e-06 1.80673316e-05].
2021-10-20 12:57:16,242 - INFO - Best fit parameters: [2.50531171e-01 3.89832288e-01 4.54417557e-06 8.45640288e-06].
2021-10-20 12:57:16,421 - INFO - Maximum log composite likelihood: -2940.22401408.
2021-10-20 12:57:16,421 - INFO - Optimal value of theta: 14222.5445898.
2021-10-20 12:57:16,421 - INFO - Beginning optimization with guess, [1.80303584e-01 1.77259944e-01 1.09024660e-05 5.77444382e-06].
2021-10-20 12:57:21,779 - INFO - Finished optimization with guess, [1.80303584e-01 1.77259944e-01 1.09024660e-05 5.77444382e-06].
2021-10-20 12:57:21,780 - INFO - Best fit parameters: [4.38404168e-01 3.38374762e-01 5.70220250e-06 3.21957053e-06].
2021-10-20 12:57:21,958 - INFO - Maximum log composite likelihood: -2940.22109391.
2021-10-20 12:57:21,959 - INFO - Optimal value of theta: 14222.5425128.
2021-10-20 12:57:21,959 - INFO - Beginning optimization with guess, [1.43778570e-01 7.72278669e-02 1.21178505e-05 5.30042485e-06].
2021-10-20 12:57:27,309 - INFO - Finished optimization with guess, [1.43778570e-01 7.72278669e-02 1.21178505e-05 5.30042485e-06].
2021-10-20 12:57:27,309 - INFO - Best fit parameters: [3.45972189e-01 1.67636763e-01 6.05253761e-06 2.53594337e-06].
2021-10-20 12:57:27,487 - INFO - Maximum log composite likelihood: -2940.22273405.
2021-10-20 12:57:27,488 - INFO - Optimal value of theta: 14222.5436792.
2021-10-20 12:57:27,488 - INFO - Beginning optimization with guess, [7.82560311e-02 1.93937476e-01 9.31383176e-06 1.02009282e-05].
2021-10-20 12:57:32,837 - INFO - Finished optimization with guess, [7.82560311e-02 1.93937476e-01 9.31383176e-06 1.02009282e-05].
2021-10-20 12:57:32,837 - INFO - Best fit parameters: [1.98826462e-01 3.68486910e-01 4.05397449e-06 5.70875554e-06].
2021-10-20 12:57:33,015 - INFO - Maximum log composite likelihood: -2940.22357539.
2021-10-20 12:57:33,016 - INFO - Optimal value of theta: 14222.5442776.
2021-10-20 12:57:33,016 - INFO - Beginning optimization with guess, [9.66289717e-02 6.64512597e-02 9.59061845e-06 9.74917014e-06].
2021-10-20 12:57:38,434 - INFO - Finished optimization with guess, [9.66289717e-02 6.64512597e-02 9.59061845e-06 9.74917014e-06].
2021-10-20 12:57:38,435 - INFO - Best fit parameters: [2.28858334e-01 1.71852213e-01 4.49456260e-06 3.95543516e-06].
2021-10-20 12:57:38,618 - INFO - Maximum log composite likelihood: -2940.2252508.
2021-10-20 12:57:38,619 - INFO - Optimal value of theta: 14222.5454694.
2021-10-20 12:57:38,621 - INFO - Finished demographic inference.
2021-10-20 12:57:38,622 - INFO - Pipeline executed succesfully.
