2022-01-24 14:31:12,252 - INFO - Beginning execution of fit_one_epoch.py in directory /u/project/ngarud/jonmah/demo_for_ccgb/Scripts

2022-01-24 14:31:12,252 - INFO - Progress is being logged to ../Analysis/Alistipes_shahii_62199/log.log

2022-01-24 14:31:12,252 - INFO - Parsed the following arguments:
	mask_doubletons = False
	syn_input_sfs = ../Data/Alistipes_shahii_62199_syn.sfs
	mask_singletons = True
	outprefix = ../Analysis/Alistipes_shahii_62199/

2022-01-24 14:31:12,256 - INFO - Beginning demographic inference for one-epoch demographic model.
2022-01-24 14:31:12,258 - INFO - Beginning optimization with guess, [7.92].
2022-01-24 14:31:12,591 - INFO - Finished optimization with guess, [7.92].
2022-01-24 14:31:12,591 - INFO - Best fit parameters: [8.].
2022-01-24 14:31:12,751 - INFO - Maximum log composite likelihood: -216.820715173.
2022-01-24 14:31:12,751 - INFO - Optimal value of theta: 3760.55307589.
2022-01-24 14:31:12,751 - INFO - Beginning optimization with guess, [7.92].
2022-01-24 14:31:13,072 - INFO - Finished optimization with guess, [7.92].
2022-01-24 14:31:13,073 - INFO - Best fit parameters: [8.].
2022-01-24 14:31:13,232 - INFO - Maximum log composite likelihood: -216.820715173.
2022-01-24 14:31:13,233 - INFO - Optimal value of theta: 3760.55307589.
2022-01-24 14:31:13,233 - INFO - Beginning optimization with guess, [7.92].
2022-01-24 14:31:13,555 - INFO - Finished optimization with guess, [7.92].
2022-01-24 14:31:13,556 - INFO - Best fit parameters: [8.].
2022-01-24 14:31:13,716 - INFO - Maximum log composite likelihood: -216.820715173.
2022-01-24 14:31:13,717 - INFO - Optimal value of theta: 3760.55307589.
2022-01-24 14:31:13,717 - INFO - Beginning optimization with guess, [7.92].
2022-01-24 14:31:14,043 - INFO - Finished optimization with guess, [7.92].
2022-01-24 14:31:14,043 - INFO - Best fit parameters: [8.].
2022-01-24 14:31:14,203 - INFO - Maximum log composite likelihood: -216.820715173.
2022-01-24 14:31:14,204 - INFO - Optimal value of theta: 3760.55307589.
2022-01-24 14:31:14,204 - INFO - Beginning optimization with guess, [7.92].
2022-01-24 14:31:14,526 - INFO - Finished optimization with guess, [7.92].
2022-01-24 14:31:14,526 - INFO - Best fit parameters: [8.].
2022-01-24 14:31:14,686 - INFO - Maximum log composite likelihood: -216.820715173.
2022-01-24 14:31:14,686 - INFO - Optimal value of theta: 3760.55307589.
2022-01-24 14:31:14,686 - INFO - Beginning optimization with guess, [7.92].
2022-01-24 14:31:15,006 - INFO - Finished optimization with guess, [7.92].
2022-01-24 14:31:15,007 - INFO - Best fit parameters: [8.].
2022-01-24 14:31:15,167 - INFO - Maximum log composite likelihood: -216.820715173.
2022-01-24 14:31:15,168 - INFO - Optimal value of theta: 3760.55307589.
2022-01-24 14:31:15,168 - INFO - Beginning optimization with guess, [7.92].
2022-01-24 14:31:15,595 - INFO - Finished optimization with guess, [7.92].
2022-01-24 14:31:15,606 - INFO - Best fit parameters: [8.].
2022-01-24 14:31:15,858 - INFO - Maximum log composite likelihood: -216.820715173.
2022-01-24 14:31:15,859 - INFO - Optimal value of theta: 3760.55307589.
2022-01-24 14:31:15,859 - INFO - Beginning optimization with guess, [7.92].
2022-01-24 14:31:16,187 - INFO - Finished optimization with guess, [7.92].
2022-01-24 14:31:16,188 - INFO - Best fit parameters: [8.].
2022-01-24 14:31:16,352 - INFO - Maximum log composite likelihood: -216.820715173.
2022-01-24 14:31:16,352 - INFO - Optimal value of theta: 3760.55307589.
2022-01-24 14:31:16,353 - INFO - Beginning optimization with guess, [7.92].
2022-01-24 14:31:16,680 - INFO - Finished optimization with guess, [7.92].
2022-01-24 14:31:16,681 - INFO - Best fit parameters: [8.].
2022-01-24 14:31:16,844 - INFO - Maximum log composite likelihood: -216.820715173.
2022-01-24 14:31:16,845 - INFO - Optimal value of theta: 3760.55307589.
2022-01-24 14:31:16,845 - INFO - Beginning optimization with guess, [7.92].
2022-01-24 14:31:17,173 - INFO - Finished optimization with guess, [7.92].
2022-01-24 14:31:17,173 - INFO - Best fit parameters: [8.].
2022-01-24 14:31:17,336 - INFO - Maximum log composite likelihood: -216.820715173.
2022-01-24 14:31:17,336 - INFO - Optimal value of theta: 3760.55307589.
2022-01-24 14:31:17,336 - INFO - Beginning optimization with guess, [7.92].
2022-01-24 14:31:17,655 - INFO - Finished optimization with guess, [7.92].
2022-01-24 14:31:17,656 - INFO - Best fit parameters: [8.].
2022-01-24 14:31:17,816 - INFO - Maximum log composite likelihood: -216.820715173.
2022-01-24 14:31:17,816 - INFO - Optimal value of theta: 3760.55307589.
2022-01-24 14:31:17,817 - INFO - Beginning optimization with guess, [7.92].
2022-01-24 14:31:18,134 - INFO - Finished optimization with guess, [7.92].
2022-01-24 14:31:18,134 - INFO - Best fit parameters: [8.].
2022-01-24 14:31:18,294 - INFO - Maximum log composite likelihood: -216.820715173.
2022-01-24 14:31:18,294 - INFO - Optimal value of theta: 3760.55307589.
2022-01-24 14:31:18,294 - INFO - Beginning optimization with guess, [7.92].
2022-01-24 14:31:18,637 - INFO - Finished optimization with guess, [7.92].
2022-01-24 14:31:18,637 - INFO - Best fit parameters: [8.].
2022-01-24 14:31:18,802 - INFO - Maximum log composite likelihood: -216.820715173.
2022-01-24 14:31:18,802 - INFO - Optimal value of theta: 3760.55307589.
2022-01-24 14:31:18,802 - INFO - Beginning optimization with guess, [7.92].
2022-01-24 14:31:19,130 - INFO - Finished optimization with guess, [7.92].
2022-01-24 14:31:19,130 - INFO - Best fit parameters: [8.].
2022-01-24 14:31:19,293 - INFO - Maximum log composite likelihood: -216.820715173.
2022-01-24 14:31:19,293 - INFO - Optimal value of theta: 3760.55307589.
2022-01-24 14:31:19,294 - INFO - Beginning optimization with guess, [7.92].
2022-01-24 14:31:19,619 - INFO - Finished optimization with guess, [7.92].
2022-01-24 14:31:19,619 - INFO - Best fit parameters: [8.].
2022-01-24 14:31:19,778 - INFO - Maximum log composite likelihood: -216.820715173.
2022-01-24 14:31:19,779 - INFO - Optimal value of theta: 3760.55307589.
2022-01-24 14:31:19,781 - INFO - Beginning demographic inference for two-epoch demographic model.
2022-01-24 14:31:19,783 - INFO - Beginning optimization with guess, [1.17983999e-01 7.57208178e-06].
2022-01-24 14:31:22,765 - INFO - Finished optimization with guess, [1.17983999e-01 7.57208178e-06].
2022-01-24 14:31:22,766 - INFO - Best fit parameters: [2.56883613e-01 3.82547121e-06].
2022-01-24 14:31:22,933 - INFO - Maximum log composite likelihood: -216.820839436.
2022-01-24 14:31:22,933 - INFO - Optimal value of theta: 3760.55320037.
2022-01-24 14:31:22,934 - INFO - Beginning optimization with guess, [1.89088743e-01 1.94409342e-05].
2022-01-24 14:31:25,857 - INFO - Finished optimization with guess, [1.89088743e-01 1.94409342e-05].
2022-01-24 14:31:25,858 - INFO - Best fit parameters: [4.22171476e-01 1.03323384e-05].
2022-01-24 14:31:26,022 - INFO - Maximum log composite likelihood: -216.820976474.
2022-01-24 14:31:26,022 - INFO - Optimal value of theta: 3760.55333779.
2022-01-24 14:31:26,023 - INFO - Beginning optimization with guess, [1.04761633e-01 1.42441421e-05].
2022-01-24 14:31:28,989 - INFO - Finished optimization with guess, [1.04761633e-01 1.42441421e-05].
2022-01-24 14:31:28,989 - INFO - Best fit parameters: [2.31414601e-01 7.02538958e-06].
2022-01-24 14:31:29,159 - INFO - Maximum log composite likelihood: -216.821249835.
2022-01-24 14:31:29,160 - INFO - Optimal value of theta: 3760.55361195.
2022-01-24 14:31:29,160 - INFO - Beginning optimization with guess, [1.35367466e-01 1.67851888e-05].
2022-01-24 14:31:32,128 - INFO - Finished optimization with guess, [1.35367466e-01 1.67851888e-05].
2022-01-24 14:31:32,129 - INFO - Best fit parameters: [2.99975325e-01 8.49637062e-06].
2022-01-24 14:31:32,289 - INFO - Maximum log composite likelihood: -216.821139097.
2022-01-24 14:31:32,290 - INFO - Optimal value of theta: 3760.55350088.
2022-01-24 14:31:32,290 - INFO - Beginning optimization with guess, [5.28668594e-02 6.73879175e-06].
2022-01-24 14:31:35,212 - INFO - Finished optimization with guess, [5.28668594e-02 6.73879175e-06].
2022-01-24 14:31:35,213 - INFO - Best fit parameters: [1.15306389e-01 3.21484319e-06].
2022-01-24 14:31:35,377 - INFO - Maximum log composite likelihood: -216.821234325.
2022-01-24 14:31:35,377 - INFO - Optimal value of theta: 3760.55359633.
2022-01-24 14:31:35,378 - INFO - Beginning optimization with guess, [5.18618685e-02 1.58485280e-05].
2022-01-24 14:31:38,286 - INFO - Finished optimization with guess, [5.18618685e-02 1.58485280e-05].
2022-01-24 14:31:38,287 - INFO - Best fit parameters: [1.22388010e-01 7.01574833e-06].
2022-01-24 14:31:38,446 - INFO - Maximum log composite likelihood: -216.822884963.
2022-01-24 14:31:38,447 - INFO - Optimal value of theta: 3760.55525467.
2022-01-24 14:31:38,447 - INFO - Beginning optimization with guess, [1.67978478e-01 1.09107822e-05].
2022-01-24 14:31:41,333 - INFO - Finished optimization with guess, [1.67978478e-01 1.09107822e-05].
2022-01-24 14:31:41,334 - INFO - Best fit parameters: [3.70082878e-01 5.72859577e-06].
2022-01-24 14:31:41,494 - INFO - Maximum log composite likelihood: -216.820829002.
2022-01-24 14:31:41,494 - INFO - Optimal value of theta: 3760.55318992.
2022-01-24 14:31:41,494 - INFO - Beginning optimization with guess, [6.80613071e-02 9.07484321e-06].
2022-01-24 14:31:44,428 - INFO - Finished optimization with guess, [6.80613071e-02 9.07484321e-06].
2022-01-24 14:31:44,428 - INFO - Best fit parameters: [1.49127173e-01 4.36560955e-06].
2022-01-24 14:31:44,593 - INFO - Maximum log composite likelihood: -216.821265598.
2022-01-24 14:31:44,593 - INFO - Optimal value of theta: 3760.55362772.
2022-01-24 14:31:44,594 - INFO - Beginning optimization with guess, [1.99894042e-01 7.84073695e-06].
2022-01-24 14:31:47,499 - INFO - Finished optimization with guess, [1.99894042e-01 7.84073695e-06].
2022-01-24 14:31:47,500 - INFO - Best fit parameters: [4.42149041e-01 4.24426579e-06].
2022-01-24 14:31:47,660 - INFO - Maximum log composite likelihood: -216.820753804.
2022-01-24 14:31:47,661 - INFO - Optimal value of theta: 3760.55311458.
2022-01-24 14:31:47,661 - INFO - Beginning optimization with guess, [7.52922093e-02 5.20128136e-06].
2022-01-24 14:31:50,863 - INFO - Finished optimization with guess, [7.52922093e-02 5.20128136e-06].
2022-01-24 14:31:50,864 - INFO - Best fit parameters: [1.62635279e-01 2.54965498e-06].
2022-01-24 14:31:51,025 - INFO - Maximum log composite likelihood: -216.820870392.
2022-01-24 14:31:51,025 - INFO - Optimal value of theta: 3760.55323139.
2022-01-24 14:31:51,026 - INFO - Beginning optimization with guess, [1.60240929e-01 1.39247705e-05].
2022-01-24 14:31:54,010 - INFO - Finished optimization with guess, [1.60240929e-01 1.39247705e-05].
2022-01-24 14:31:54,011 - INFO - Best fit parameters: [3.53907962e-01 7.24093260e-06].
2022-01-24 14:31:54,175 - INFO - Maximum log composite likelihood: -216.820919328.
2022-01-24 14:31:54,176 - INFO - Optimal value of theta: 3760.55328047.
2022-01-24 14:31:54,176 - INFO - Beginning optimization with guess, [1.12904508e-01 1.76235907e-05].
2022-01-24 14:31:57,096 - INFO - Finished optimization with guess, [1.12904508e-01 1.76235907e-05].
2022-01-24 14:31:57,097 - INFO - Best fit parameters: [2.51412064e-01 8.69759834e-06].
2022-01-24 14:31:57,261 - INFO - Maximum log composite likelihood: -216.821391176.
2022-01-24 14:31:57,261 - INFO - Optimal value of theta: 3760.55375382.
2022-01-24 14:31:57,262 - INFO - Beginning optimization with guess, [6.98085726e-02 1.35761703e-05].
2022-01-24 14:32:00,191 - INFO - Finished optimization with guess, [6.98085726e-02 1.35761703e-05].
2022-01-24 14:32:00,191 - INFO - Best fit parameters: [1.56299404e-01 6.41266241e-06].
2022-01-24 14:32:00,351 - INFO - Maximum log composite likelihood: -216.821786033.
2022-01-24 14:32:00,352 - INFO - Optimal value of theta: 3760.5541502.
2022-01-24 14:32:00,352 - INFO - Beginning optimization with guess, [1.42536028e-01 1.10856958e-05].
2022-01-24 14:32:03,260 - INFO - Finished optimization with guess, [1.42536028e-01 1.10856958e-05].
2022-01-24 14:32:03,261 - INFO - Best fit parameters: [3.12902229e-01 5.69276936e-06].
2022-01-24 14:32:03,421 - INFO - Maximum log composite likelihood: -216.8208868.
2022-01-24 14:32:03,422 - INFO - Optimal value of theta: 3760.55324785.
2022-01-24 14:32:03,422 - INFO - Beginning optimization with guess, [1.22173502e-01 1.01377204e-05].
2022-01-24 14:32:06,303 - INFO - Finished optimization with guess, [1.22173502e-01 1.01377204e-05].
2022-01-24 14:32:06,304 - INFO - Best fit parameters: [2.67262932e-01 5.12201104e-06].
2022-01-24 14:32:06,466 - INFO - Maximum log composite likelihood: -216.820918291.
2022-01-24 14:32:06,467 - INFO - Optimal value of theta: 3760.55327941.
2022-01-24 14:32:06,470 - INFO - Finished demographic inference.
2022-01-24 14:32:06,470 - INFO - Pipeline executed succesfully.
