2022-07-14 15:12:19,863 - INFO - Beginning execution of compute_downsampled_sfs.py in directory /u/project/ngarud/jonmah/demo_for_ccgb/Scripts

2022-07-14 15:12:19,863 - INFO - Progress is being logged to ../Analysis/Alistipes_onderdonkii_55464_downsampled/log.log

2022-07-14 15:12:19,863 - INFO - Parsed the following arguments:
	outprefix = ../Analysis/Alistipes_onderdonkii_55464_downsampled/
	species = Alistipes_onderdonkii_55464
	sample_size = 20

2022-07-14 15:20:07,097 - INFO - Beginning demographic inference for one-epoch demographic model.
2022-07-14 15:20:07,099 - INFO - Beginning optimization with guess, [0.08671996].
2022-07-14 15:20:07,469 - INFO - Finished optimization with guess, [0.08671996].
2022-07-14 15:20:07,470 - INFO - Best fit parameters: [0.08671996].
2022-07-14 15:20:07,531 - INFO - Maximum log composite likelihood: -262.573593911.
2022-07-14 15:20:07,532 - INFO - Optimal value of theta: 6517.68622821.
2022-07-14 15:20:07,532 - INFO - Beginning optimization with guess, [0.15403004].
2022-07-14 15:20:07,656 - INFO - Finished optimization with guess, [0.15403004].
2022-07-14 15:20:07,656 - INFO - Best fit parameters: [0.15403004].
2022-07-14 15:20:07,718 - INFO - Maximum log composite likelihood: -262.573593911.
2022-07-14 15:20:07,719 - INFO - Optimal value of theta: 6517.68622821.
2022-07-14 15:20:07,719 - INFO - Beginning optimization with guess, [0.23679299].
2022-07-14 15:20:07,844 - INFO - Finished optimization with guess, [0.23679299].
2022-07-14 15:20:07,844 - INFO - Best fit parameters: [0.23679299].
2022-07-14 15:20:07,906 - INFO - Maximum log composite likelihood: -262.573593911.
2022-07-14 15:20:07,907 - INFO - Optimal value of theta: 6517.68622821.
2022-07-14 15:20:07,907 - INFO - Beginning optimization with guess, [0.25200995].
2022-07-14 15:20:08,031 - INFO - Finished optimization with guess, [0.25200995].
2022-07-14 15:20:08,032 - INFO - Best fit parameters: [0.25200995].
2022-07-14 15:20:08,094 - INFO - Maximum log composite likelihood: -262.573593911.
2022-07-14 15:20:08,095 - INFO - Optimal value of theta: 6517.68622821.
2022-07-14 15:20:08,095 - INFO - Beginning optimization with guess, [0.92841132].
2022-07-14 15:20:08,219 - INFO - Finished optimization with guess, [0.92841132].
2022-07-14 15:20:08,219 - INFO - Best fit parameters: [0.92841132].
2022-07-14 15:20:08,281 - INFO - Maximum log composite likelihood: -262.573593911.
2022-07-14 15:20:08,282 - INFO - Optimal value of theta: 6517.68622821.
2022-07-14 15:20:08,282 - INFO - Beginning optimization with guess, [0.75050454].
2022-07-14 15:20:08,405 - INFO - Finished optimization with guess, [0.75050454].
2022-07-14 15:20:08,406 - INFO - Best fit parameters: [0.75050454].
2022-07-14 15:20:08,467 - INFO - Maximum log composite likelihood: -262.573593911.
2022-07-14 15:20:08,468 - INFO - Optimal value of theta: 6517.68622821.
2022-07-14 15:20:08,469 - INFO - Beginning optimization with guess, [0.67836424].
2022-07-14 15:20:08,592 - INFO - Finished optimization with guess, [0.67836424].
2022-07-14 15:20:08,592 - INFO - Best fit parameters: [0.67836424].
2022-07-14 15:20:08,654 - INFO - Maximum log composite likelihood: -262.573593911.
2022-07-14 15:20:08,655 - INFO - Optimal value of theta: 6517.68622821.
2022-07-14 15:20:08,655 - INFO - Beginning optimization with guess, [1.41397178].
2022-07-14 15:20:08,782 - INFO - Finished optimization with guess, [1.41397178].
2022-07-14 15:20:08,782 - INFO - Best fit parameters: [1.41397178].
2022-07-14 15:20:08,844 - INFO - Maximum log composite likelihood: -262.573593911.
2022-07-14 15:20:08,845 - INFO - Optimal value of theta: 6517.68622821.
2022-07-14 15:20:08,845 - INFO - Beginning optimization with guess, [1.28183118].
2022-07-14 15:20:08,969 - INFO - Finished optimization with guess, [1.28183118].
2022-07-14 15:20:08,969 - INFO - Best fit parameters: [1.28183118].
2022-07-14 15:20:09,031 - INFO - Maximum log composite likelihood: -262.573593911.
2022-07-14 15:20:09,032 - INFO - Optimal value of theta: 6517.68622821.
2022-07-14 15:20:09,032 - INFO - Beginning optimization with guess, [1.35313161].
2022-07-14 15:20:09,156 - INFO - Finished optimization with guess, [1.35313161].
2022-07-14 15:20:09,156 - INFO - Best fit parameters: [1.35313161].
2022-07-14 15:20:09,218 - INFO - Maximum log composite likelihood: -262.573593911.
2022-07-14 15:20:09,219 - INFO - Optimal value of theta: 6517.68622821.
2022-07-14 15:20:09,219 - INFO - Beginning optimization with guess, [1.60675552].
2022-07-14 15:20:09,343 - INFO - Finished optimization with guess, [1.60675552].
2022-07-14 15:20:09,343 - INFO - Best fit parameters: [1.60675552].
2022-07-14 15:20:09,405 - INFO - Maximum log composite likelihood: -262.573593911.
2022-07-14 15:20:09,405 - INFO - Optimal value of theta: 6517.68622821.
2022-07-14 15:20:09,406 - INFO - Beginning optimization with guess, [1.00683118].
2022-07-14 15:20:09,529 - INFO - Finished optimization with guess, [1.00683118].
2022-07-14 15:20:09,529 - INFO - Best fit parameters: [1.00683118].
2022-07-14 15:20:09,591 - INFO - Maximum log composite likelihood: -262.573593911.
2022-07-14 15:20:09,592 - INFO - Optimal value of theta: 6517.68622821.
2022-07-14 15:20:09,592 - INFO - Beginning optimization with guess, [1.02797256].
2022-07-14 15:20:09,716 - INFO - Finished optimization with guess, [1.02797256].
2022-07-14 15:20:09,717 - INFO - Best fit parameters: [1.02797256].
2022-07-14 15:20:09,781 - INFO - Maximum log composite likelihood: -262.573593911.
2022-07-14 15:20:09,782 - INFO - Optimal value of theta: 6517.68622821.
2022-07-14 15:20:09,782 - INFO - Beginning optimization with guess, [2.70489669].
2022-07-14 15:20:09,906 - INFO - Finished optimization with guess, [2.70489669].
2022-07-14 15:20:09,906 - INFO - Best fit parameters: [2.70489669].
2022-07-14 15:20:09,968 - INFO - Maximum log composite likelihood: -262.573593911.
2022-07-14 15:20:09,968 - INFO - Optimal value of theta: 6517.68622821.
2022-07-14 15:20:09,969 - INFO - Beginning optimization with guess, [1.51588088].
2022-07-14 15:20:10,092 - INFO - Finished optimization with guess, [1.51588088].
2022-07-14 15:20:10,093 - INFO - Best fit parameters: [1.51588088].
2022-07-14 15:20:10,159 - INFO - Maximum log composite likelihood: -262.573593911.
2022-07-14 15:20:10,160 - INFO - Optimal value of theta: 6517.68622821.
2022-07-14 15:20:10,160 - INFO - Beginning optimization with guess, [4.80944759].
2022-07-14 15:20:10,285 - INFO - Finished optimization with guess, [4.80944759].
2022-07-14 15:20:10,286 - INFO - Best fit parameters: [4.80944759].
2022-07-14 15:20:10,347 - INFO - Maximum log composite likelihood: -262.573593911.
2022-07-14 15:20:10,348 - INFO - Optimal value of theta: 6517.68622821.
2022-07-14 15:20:10,348 - INFO - Beginning optimization with guess, [3.2754138].
2022-07-14 15:20:10,473 - INFO - Finished optimization with guess, [3.2754138].
2022-07-14 15:20:10,473 - INFO - Best fit parameters: [3.2754138].
2022-07-14 15:20:10,534 - INFO - Maximum log composite likelihood: -262.573593911.
2022-07-14 15:20:10,535 - INFO - Optimal value of theta: 6517.68622821.
2022-07-14 15:20:10,535 - INFO - Beginning optimization with guess, [1.80949606].
2022-07-14 15:20:10,659 - INFO - Finished optimization with guess, [1.80949606].
2022-07-14 15:20:10,659 - INFO - Best fit parameters: [1.80949606].
2022-07-14 15:20:10,721 - INFO - Maximum log composite likelihood: -262.573593911.
2022-07-14 15:20:10,722 - INFO - Optimal value of theta: 6517.68622821.
2022-07-14 15:20:10,722 - INFO - Beginning optimization with guess, [3.15422032].
2022-07-14 15:20:10,850 - INFO - Finished optimization with guess, [3.15422032].
2022-07-14 15:20:10,850 - INFO - Best fit parameters: [3.15422032].
2022-07-14 15:20:10,912 - INFO - Maximum log composite likelihood: -262.573593911.
2022-07-14 15:20:10,913 - INFO - Optimal value of theta: 6517.68622821.
2022-07-14 15:20:10,913 - INFO - Beginning optimization with guess, [4.65422371].
2022-07-14 15:20:11,038 - INFO - Finished optimization with guess, [4.65422371].
2022-07-14 15:20:11,039 - INFO - Best fit parameters: [4.65422371].
2022-07-14 15:20:11,101 - INFO - Maximum log composite likelihood: -262.573593911.
2022-07-14 15:20:11,102 - INFO - Optimal value of theta: 6517.68622821.
2022-07-14 15:20:11,102 - INFO - Beginning optimization with guess, [4.25487642].
2022-07-14 15:20:11,225 - INFO - Finished optimization with guess, [4.25487642].
2022-07-14 15:20:11,226 - INFO - Best fit parameters: [4.25487642].
2022-07-14 15:20:11,288 - INFO - Maximum log composite likelihood: -262.573593911.
2022-07-14 15:20:11,289 - INFO - Optimal value of theta: 6517.68622821.
2022-07-14 15:20:11,289 - INFO - Beginning optimization with guess, [6.36203194].
2022-07-14 15:20:11,413 - INFO - Finished optimization with guess, [6.36203194].
2022-07-14 15:20:11,413 - INFO - Best fit parameters: [6.36203194].
2022-07-14 15:20:11,475 - INFO - Maximum log composite likelihood: -262.573593911.
2022-07-14 15:20:11,476 - INFO - Optimal value of theta: 6517.68622821.
2022-07-14 15:20:11,476 - INFO - Beginning optimization with guess, [5.92154013].
2022-07-14 15:20:11,600 - INFO - Finished optimization with guess, [5.92154013].
2022-07-14 15:20:11,600 - INFO - Best fit parameters: [5.92154013].
2022-07-14 15:20:11,663 - INFO - Maximum log composite likelihood: -262.573593911.
2022-07-14 15:20:11,664 - INFO - Optimal value of theta: 6517.68622821.
2022-07-14 15:20:11,664 - INFO - Beginning optimization with guess, [4.37154991].
2022-07-14 15:20:11,789 - INFO - Finished optimization with guess, [4.37154991].
2022-07-14 15:20:11,791 - INFO - Best fit parameters: [4.37154991].
2022-07-14 15:20:11,853 - INFO - Maximum log composite likelihood: -262.573593911.
2022-07-14 15:20:11,854 - INFO - Optimal value of theta: 6517.68622821.
2022-07-14 15:20:11,854 - INFO - Beginning optimization with guess, [11.36393779].
2022-07-14 15:20:11,978 - INFO - Finished optimization with guess, [11.36393779].
2022-07-14 15:20:11,978 - INFO - Best fit parameters: [11.36393779].
2022-07-14 15:20:12,040 - INFO - Maximum log composite likelihood: -262.573593911.
2022-07-14 15:20:12,041 - INFO - Optimal value of theta: 6517.68622821.
2022-07-14 15:20:12,044 - INFO - Beginning demographic inference for two-epoch demographic model.
2022-07-14 15:20:12,069 - INFO - Beginning optimization with guess, [1.11355735e-03 1.68020998e-05].
2022-07-14 15:20:18,406 - INFO - Finished optimization with guess, [1.11355735e-03 1.68020998e-05].
2022-07-14 15:20:18,407 - INFO - Best fit parameters: [1.90196731e-04 3.32341044e-05].
2022-07-14 15:20:18,477 - INFO - Maximum log composite likelihood: -59.8734286492.
2022-07-14 15:20:18,478 - INFO - Optimal value of theta: 7686.93100225.
2022-07-14 15:20:18,478 - INFO - Beginning optimization with guess, [5.31376167e-03 1.34193203e-05].
