2023-03-20 11:10:12,384 - INFO - Beginning execution of fit_one_epoch.py in directory /u/project/ngarud/jonmah/demo_for_ccgb/Scripts

2023-03-20 11:10:12,384 - INFO - Progress is being logged to ../Data/UHGG/UHGG_Bacteroides_eggerthii/log.log

2023-03-20 11:10:12,384 - INFO - Parsed the following arguments:
	syn_input_sfs = ../Data/UHGG/UHGG_Bacteroides_eggerthii/full_output_sfs.txt
	mask_singletons = False
	mask_doubletons = False
	outprefix = ../Data/UHGG/UHGG_Bacteroides_eggerthii/

2023-03-20 11:10:12,392 - INFO - Beginning demographic inference for one-epoch demographic model.
2023-03-20 11:10:12,394 - INFO - Beginning optimization with guess, [0.10374394].
2023-03-20 11:10:12,941 - INFO - Finished optimization with guess, [0.10374394].
2023-03-20 11:10:12,942 - INFO - Best fit parameters: [0.10374394].
2023-03-20 11:10:13,201 - INFO - Maximum log composite likelihood: -437.1469946831646.
2023-03-20 11:10:13,202 - INFO - Optimal value of theta: 105.53580329031399.
2023-03-20 11:10:13,202 - INFO - Beginning optimization with guess, [0.29324227].
2023-03-20 11:10:13,719 - INFO - Finished optimization with guess, [0.29324227].
2023-03-20 11:10:13,720 - INFO - Best fit parameters: [0.29324227].
2023-03-20 11:10:13,978 - INFO - Maximum log composite likelihood: -437.1469946831646.
2023-03-20 11:10:13,978 - INFO - Optimal value of theta: 105.53580329031399.
2023-03-20 11:10:13,978 - INFO - Beginning optimization with guess, [0.42618389].
2023-03-20 11:10:14,494 - INFO - Finished optimization with guess, [0.42618389].
2023-03-20 11:10:14,495 - INFO - Best fit parameters: [0.42618389].
2023-03-20 11:10:14,749 - INFO - Maximum log composite likelihood: -437.1469946831646.
2023-03-20 11:10:14,749 - INFO - Optimal value of theta: 105.53580329031399.
2023-03-20 11:10:14,750 - INFO - Beginning optimization with guess, [0.55222251].
2023-03-20 11:10:15,255 - INFO - Finished optimization with guess, [0.55222251].
2023-03-20 11:10:15,256 - INFO - Best fit parameters: [0.55222251].
2023-03-20 11:10:15,508 - INFO - Maximum log composite likelihood: -437.1469946831646.
2023-03-20 11:10:15,509 - INFO - Optimal value of theta: 105.53580329031399.
2023-03-20 11:10:15,509 - INFO - Beginning optimization with guess, [0.26483913].
2023-03-20 11:10:16,014 - INFO - Finished optimization with guess, [0.26483913].
2023-03-20 11:10:16,014 - INFO - Best fit parameters: [0.26483913].
2023-03-20 11:10:16,266 - INFO - Maximum log composite likelihood: -437.1469946831646.
2023-03-20 11:10:16,267 - INFO - Optimal value of theta: 105.53580329031399.
2023-03-20 11:10:16,267 - INFO - Beginning optimization with guess, [0.91558931].
2023-03-20 11:10:16,774 - INFO - Finished optimization with guess, [0.91558931].
2023-03-20 11:10:16,774 - INFO - Best fit parameters: [0.91558931].
2023-03-20 11:10:17,032 - INFO - Maximum log composite likelihood: -437.1469946831646.
2023-03-20 11:10:17,032 - INFO - Optimal value of theta: 105.53580329031399.
2023-03-20 11:10:17,032 - INFO - Beginning optimization with guess, [0.37549917].
2023-03-20 11:10:17,552 - INFO - Finished optimization with guess, [0.37549917].
2023-03-20 11:10:17,552 - INFO - Best fit parameters: [0.37549917].
2023-03-20 11:10:17,810 - INFO - Maximum log composite likelihood: -437.1469946831646.
2023-03-20 11:10:17,810 - INFO - Optimal value of theta: 105.53580329031399.
2023-03-20 11:10:17,811 - INFO - Beginning optimization with guess, [0.58433535].
2023-03-20 11:10:18,321 - INFO - Finished optimization with guess, [0.58433535].
2023-03-20 11:10:18,321 - INFO - Best fit parameters: [0.58433535].
2023-03-20 11:10:18,573 - INFO - Maximum log composite likelihood: -437.1469946831646.
2023-03-20 11:10:18,574 - INFO - Optimal value of theta: 105.53580329031399.
2023-03-20 11:10:18,574 - INFO - Beginning optimization with guess, [0.73971097].
2023-03-20 11:10:19,079 - INFO - Finished optimization with guess, [0.73971097].
2023-03-20 11:10:19,079 - INFO - Best fit parameters: [0.73971097].
2023-03-20 11:10:19,331 - INFO - Maximum log composite likelihood: -437.1469946831646.
2023-03-20 11:10:19,332 - INFO - Optimal value of theta: 105.53580329031399.
2023-03-20 11:10:19,332 - INFO - Beginning optimization with guess, [1.14560809].
2023-03-20 11:10:19,839 - INFO - Finished optimization with guess, [1.14560809].
2023-03-20 11:10:19,839 - INFO - Best fit parameters: [1.14560809].
2023-03-20 11:10:20,091 - INFO - Maximum log composite likelihood: -437.1469946831646.
2023-03-20 11:10:20,092 - INFO - Optimal value of theta: 105.53580329031399.
2023-03-20 11:10:20,094 - INFO - Beginning demographic inference for two-epoch demographic model.
2023-03-20 11:10:20,096 - INFO - Beginning optimization with guess, [1.27456154e-06 9.13105673e-07].
2023-03-20 11:10:22,463 - INFO - Finished optimization with guess, [1.27456154e-06 9.13105673e-07].
2023-03-20 11:10:22,464 - INFO - Best fit parameters: [4.33919996e-05 2.64029066e-08].
2023-03-20 11:10:22,717 - INFO - Maximum log composite likelihood: -439.65560818223173.
2023-03-20 11:10:22,717 - INFO - Optimal value of theta: 105.9897153528953.
2023-03-20 11:10:22,717 - INFO - Beginning optimization with guess, [1.78430685e-05 1.40746631e-06].
2023-03-20 11:10:24,245 - INFO - Finished optimization with guess, [1.78430685e-05 1.40746631e-06].
2023-03-20 11:10:24,245 - INFO - Best fit parameters: [3.62039230e-05 6.94287066e-07].
2023-03-20 11:10:24,498 - INFO - Maximum log composite likelihood: -525.9193848156673.
2023-03-20 11:10:24,499 - INFO - Optimal value of theta: 117.64359759942998.
2023-03-20 11:10:24,499 - INFO - Beginning optimization with guess, [1.54508873e-04 5.76555866e-07].
2023-03-20 11:10:26,017 - INFO - Finished optimization with guess, [1.54508873e-04 5.76555866e-07].
2023-03-20 11:10:26,017 - INFO - Best fit parameters: [3.13273981e-04 2.84202044e-07].
2023-03-20 11:10:26,270 - INFO - Maximum log composite likelihood: -440.9246771273462.
2023-03-20 11:10:26,271 - INFO - Optimal value of theta: 106.20739103358049.
2023-03-20 11:10:26,271 - INFO - Beginning optimization with guess, [1.59247013e-03 1.87327815e-06].
2023-03-20 11:10:27,790 - INFO - Finished optimization with guess, [1.59247013e-03 1.87327815e-06].
2023-03-20 11:10:27,791 - INFO - Best fit parameters: [3.23034420e-03 9.23835503e-07].
2023-03-20 11:10:28,049 - INFO - Maximum log composite likelihood: -438.30655689431364.
2023-03-20 11:10:28,050 - INFO - Optimal value of theta: 105.75022754449739.
2023-03-20 11:10:28,050 - INFO - Beginning optimization with guess, [1.17305307e-02 1.38729445e-06].
2023-03-20 11:10:29,607 - INFO - Finished optimization with guess, [1.17305307e-02 1.38729445e-06].
2023-03-20 11:10:29,607 - INFO - Best fit parameters: [2.38813115e-02 6.86646018e-07].
2023-03-20 11:10:29,865 - INFO - Maximum log composite likelihood: -437.2600797232524.
2023-03-20 11:10:29,865 - INFO - Optimal value of theta: 105.55713186506337.
2023-03-20 11:10:29,865 - INFO - Beginning optimization with guess, [9.18704586e-01 6.48311051e-07].
2023-03-20 11:10:31,385 - INFO - Finished optimization with guess, [9.18704586e-01 6.48311051e-07].
2023-03-20 11:10:31,385 - INFO - Best fit parameters: [2.48878146e+00 5.96920433e-07].
2023-03-20 11:10:31,639 - INFO - Maximum log composite likelihood: -437.1455282307077.
2023-03-20 11:10:31,639 - INFO - Optimal value of theta: 105.5355260618384.
2023-03-20 11:10:31,639 - INFO - Beginning optimization with guess, [1.07877581e+00 1.11927973e-06].
2023-03-20 11:10:33,161 - INFO - Finished optimization with guess, [1.07877581e+00 1.11927973e-06].
2023-03-20 11:10:33,162 - INFO - Best fit parameters: [2.92310649e+00 1.21212043e-06].
2023-03-20 11:10:33,415 - INFO - Maximum log composite likelihood: -437.14368261044854.
2023-03-20 11:10:33,415 - INFO - Optimal value of theta: 105.53517715262393.
2023-03-20 11:10:33,415 - INFO - Beginning optimization with guess, [1.56960579e+00 1.09448855e-06].
2023-03-20 11:10:38,786 - INFO - Finished optimization with guess, [1.56960579e+00 1.09448855e-06].
2023-03-20 11:10:38,786 - INFO - Best fit parameters: [1.13803651e+08 4.61747226e-02].
2023-03-20 11:10:39,039 - INFO - Maximum log composite likelihood: -369.96816326964915.
2023-03-20 11:10:39,040 - INFO - Optimal value of theta: 79.25382125347437.
2023-03-20 11:10:39,040 - INFO - Beginning optimization with guess, [7.45818161e-01 6.55840910e-07].
2023-03-20 11:10:40,559 - INFO - Finished optimization with guess, [7.45818161e-01 6.55840910e-07].
2023-03-20 11:10:40,559 - INFO - Best fit parameters: [1.96427507e+00 5.11068343e-07].
2023-03-20 11:10:40,812 - INFO - Maximum log composite likelihood: -437.14596274795895.
2023-03-20 11:10:40,813 - INFO - Optimal value of theta: 105.5356082067227.
2023-03-20 11:10:40,813 - INFO - Beginning optimization with guess, [6.34253348e-01 1.03532966e-06].
2023-03-20 11:10:42,333 - INFO - Finished optimization with guess, [6.34253348e-01 1.03532966e-06].
2023-03-20 11:10:42,333 - INFO - Best fit parameters: [1.62230740e+00 7.34349413e-07].
2023-03-20 11:10:42,586 - INFO - Maximum log composite likelihood: -437.1458224284552.
2023-03-20 11:10:42,586 - INFO - Optimal value of theta: 105.53558168204746.
2023-03-20 11:10:42,591 - INFO - Finished demographic inference.
2023-03-20 11:10:42,591 - INFO - Pipeline executed succesfully.
