2023-02-17 16:19:54,609 - INFO - Beginning execution of fit_one_epoch.py in directory /u/project/ngarud/jonmah/demo_for_ccgb/Scripts

2023-02-17 16:19:54,610 - INFO - Progress is being logged to ../Analysis/Alistipes_putredinis_61533_downsampled_10/log.log

2023-02-17 16:19:54,610 - INFO - Parsed the following arguments:
	syn_input_sfs = ../Analysis/Alistipes_putredinis_61533_downsampled_10/empirical_sfs.txt
	mask_singletons = False
	mask_doubletons = False
	outprefix = ../Analysis/Alistipes_putredinis_61533_downsampled_10/

2023-02-17 16:19:54,615 - INFO - Beginning demographic inference for one-epoch demographic model.
2023-02-17 16:19:54,617 - INFO - Beginning optimization with guess, [0.08023746].
2023-02-17 16:19:54,662 - INFO - Finished optimization with guess, [0.08023746].
2023-02-17 16:19:54,662 - INFO - Best fit parameters: [0.08023746].
2023-02-17 16:19:54,686 - INFO - Maximum log composite likelihood: -590.910821013696.
2023-02-17 16:19:54,686 - INFO - Optimal value of theta: 2599.6967624798326.
2023-02-17 16:19:54,686 - INFO - Beginning optimization with guess, [0.253969].
2023-02-17 16:19:54,734 - INFO - Finished optimization with guess, [0.253969].
2023-02-17 16:19:54,734 - INFO - Best fit parameters: [0.253969].
2023-02-17 16:19:54,757 - INFO - Maximum log composite likelihood: -590.910821013696.
2023-02-17 16:19:54,758 - INFO - Optimal value of theta: 2599.6967624798326.
2023-02-17 16:19:54,758 - INFO - Beginning optimization with guess, [0.18037705].
2023-02-17 16:19:54,806 - INFO - Finished optimization with guess, [0.18037705].
2023-02-17 16:19:54,806 - INFO - Best fit parameters: [0.18037705].
2023-02-17 16:19:54,829 - INFO - Maximum log composite likelihood: -590.910821013696.
2023-02-17 16:19:54,830 - INFO - Optimal value of theta: 2599.6967624798326.
2023-02-17 16:19:54,830 - INFO - Beginning optimization with guess, [0.28245261].
2023-02-17 16:19:54,878 - INFO - Finished optimization with guess, [0.28245261].
2023-02-17 16:19:54,879 - INFO - Best fit parameters: [0.28245261].
2023-02-17 16:19:54,903 - INFO - Maximum log composite likelihood: -590.910821013696.
2023-02-17 16:19:54,903 - INFO - Optimal value of theta: 2599.6967624798326.
2023-02-17 16:19:54,903 - INFO - Beginning optimization with guess, [0.27620679].
2023-02-17 16:19:54,952 - INFO - Finished optimization with guess, [0.27620679].
2023-02-17 16:19:54,952 - INFO - Best fit parameters: [0.27620679].
2023-02-17 16:19:54,977 - INFO - Maximum log composite likelihood: -590.910821013696.
2023-02-17 16:19:54,977 - INFO - Optimal value of theta: 2599.6967624798326.
2023-02-17 16:19:54,977 - INFO - Beginning optimization with guess, [0.47875243].
2023-02-17 16:19:55,026 - INFO - Finished optimization with guess, [0.47875243].
2023-02-17 16:19:55,026 - INFO - Best fit parameters: [0.47875243].
2023-02-17 16:19:55,051 - INFO - Maximum log composite likelihood: -590.910821013696.
2023-02-17 16:19:55,051 - INFO - Optimal value of theta: 2599.6967624798326.
2023-02-17 16:19:55,051 - INFO - Beginning optimization with guess, [1.25616086].
2023-02-17 16:19:55,100 - INFO - Finished optimization with guess, [1.25616086].
2023-02-17 16:19:55,100 - INFO - Best fit parameters: [1.25616086].
2023-02-17 16:19:55,124 - INFO - Maximum log composite likelihood: -590.910821013696.
2023-02-17 16:19:55,125 - INFO - Optimal value of theta: 2599.6967624798326.
2023-02-17 16:19:55,125 - INFO - Beginning optimization with guess, [1.08837285].
2023-02-17 16:19:55,173 - INFO - Finished optimization with guess, [1.08837285].
2023-02-17 16:19:55,174 - INFO - Best fit parameters: [1.08837285].
2023-02-17 16:19:55,198 - INFO - Maximum log composite likelihood: -590.910821013696.
2023-02-17 16:19:55,198 - INFO - Optimal value of theta: 2599.6967624798326.
2023-02-17 16:19:55,198 - INFO - Beginning optimization with guess, [1.68823787].
2023-02-17 16:19:55,247 - INFO - Finished optimization with guess, [1.68823787].
2023-02-17 16:19:55,247 - INFO - Best fit parameters: [1.68823787].
2023-02-17 16:19:55,271 - INFO - Maximum log composite likelihood: -590.910821013696.
2023-02-17 16:19:55,272 - INFO - Optimal value of theta: 2599.6967624798326.
2023-02-17 16:19:55,272 - INFO - Beginning optimization with guess, [1.00156376].
2023-02-17 16:19:55,321 - INFO - Finished optimization with guess, [1.00156376].
2023-02-17 16:19:55,321 - INFO - Best fit parameters: [1.00156376].
2023-02-17 16:19:55,345 - INFO - Maximum log composite likelihood: -590.910821013696.
2023-02-17 16:19:55,345 - INFO - Optimal value of theta: 2599.6967624798326.
2023-02-17 16:19:55,346 - INFO - Beginning optimization with guess, [0.92092266].
2023-02-17 16:19:55,392 - INFO - Finished optimization with guess, [0.92092266].
2023-02-17 16:19:55,392 - INFO - Best fit parameters: [0.92092266].
2023-02-17 16:19:55,416 - INFO - Maximum log composite likelihood: -590.910821013696.
2023-02-17 16:19:55,416 - INFO - Optimal value of theta: 2599.6967624798326.
2023-02-17 16:19:55,416 - INFO - Beginning optimization with guess, [1.36349775].
2023-02-17 16:19:55,464 - INFO - Finished optimization with guess, [1.36349775].
2023-02-17 16:19:55,465 - INFO - Best fit parameters: [1.36349775].
2023-02-17 16:19:55,488 - INFO - Maximum log composite likelihood: -590.910821013696.
2023-02-17 16:19:55,490 - INFO - Optimal value of theta: 2599.6967624798326.
2023-02-17 16:19:55,491 - INFO - Beginning optimization with guess, [1.55388507].
2023-02-17 16:19:55,538 - INFO - Finished optimization with guess, [1.55388507].
2023-02-17 16:19:55,538 - INFO - Best fit parameters: [1.55388507].
2023-02-17 16:19:55,562 - INFO - Maximum log composite likelihood: -590.910821013696.
2023-02-17 16:19:55,562 - INFO - Optimal value of theta: 2599.6967624798326.
2023-02-17 16:19:55,563 - INFO - Beginning optimization with guess, [1.51723712].
2023-02-17 16:19:55,619 - INFO - Finished optimization with guess, [1.51723712].
2023-02-17 16:19:55,620 - INFO - Best fit parameters: [1.51723712].
2023-02-17 16:19:55,643 - INFO - Maximum log composite likelihood: -590.910821013696.
2023-02-17 16:19:55,644 - INFO - Optimal value of theta: 2599.6967624798326.
2023-02-17 16:19:55,644 - INFO - Beginning optimization with guess, [1.23882672].
2023-02-17 16:19:55,693 - INFO - Finished optimization with guess, [1.23882672].
2023-02-17 16:19:55,693 - INFO - Best fit parameters: [1.23882672].
2023-02-17 16:19:55,720 - INFO - Maximum log composite likelihood: -590.910821013696.
2023-02-17 16:19:55,720 - INFO - Optimal value of theta: 2599.6967624798326.
2023-02-17 16:19:55,720 - INFO - Beginning optimization with guess, [2.70676762].
2023-02-17 16:19:55,772 - INFO - Finished optimization with guess, [2.70676762].
2023-02-17 16:19:55,773 - INFO - Best fit parameters: [2.70676762].
2023-02-17 16:19:55,799 - INFO - Maximum log composite likelihood: -590.910821013696.
2023-02-17 16:19:55,799 - INFO - Optimal value of theta: 2599.6967624798326.
2023-02-17 16:19:55,799 - INFO - Beginning optimization with guess, [4.77333339].
2023-02-17 16:19:55,852 - INFO - Finished optimization with guess, [4.77333339].
2023-02-17 16:19:55,852 - INFO - Best fit parameters: [4.77333339].
2023-02-17 16:19:55,877 - INFO - Maximum log composite likelihood: -590.910821013696.
2023-02-17 16:19:55,878 - INFO - Optimal value of theta: 2599.6967624798326.
2023-02-17 16:19:55,878 - INFO - Beginning optimization with guess, [4.59320842].
2023-02-17 16:19:55,933 - INFO - Finished optimization with guess, [4.59320842].
2023-02-17 16:19:55,933 - INFO - Best fit parameters: [4.59320842].
2023-02-17 16:19:55,961 - INFO - Maximum log composite likelihood: -590.910821013696.
2023-02-17 16:19:55,962 - INFO - Optimal value of theta: 2599.6967624798326.
2023-02-17 16:19:55,962 - INFO - Beginning optimization with guess, [6.04233924].
2023-02-17 16:19:56,019 - INFO - Finished optimization with guess, [6.04233924].
2023-02-17 16:19:56,019 - INFO - Best fit parameters: [6.04233924].
2023-02-17 16:19:56,044 - INFO - Maximum log composite likelihood: -590.910821013696.
2023-02-17 16:19:56,044 - INFO - Optimal value of theta: 2599.6967624798326.
2023-02-17 16:19:56,045 - INFO - Beginning optimization with guess, [3.30257512].
2023-02-17 16:19:56,095 - INFO - Finished optimization with guess, [3.30257512].
2023-02-17 16:19:56,095 - INFO - Best fit parameters: [3.30257512].
2023-02-17 16:19:56,122 - INFO - Maximum log composite likelihood: -590.910821013696.
2023-02-17 16:19:56,123 - INFO - Optimal value of theta: 2599.6967624798326.
2023-02-17 16:19:56,123 - INFO - Beginning optimization with guess, [4.10397684].
2023-02-17 16:19:56,179 - INFO - Finished optimization with guess, [4.10397684].
2023-02-17 16:19:56,179 - INFO - Best fit parameters: [4.10397684].
2023-02-17 16:19:56,206 - INFO - Maximum log composite likelihood: -590.910821013696.
2023-02-17 16:19:56,207 - INFO - Optimal value of theta: 2599.6967624798326.
2023-02-17 16:19:56,207 - INFO - Beginning optimization with guess, [3.25819762].
2023-02-17 16:19:56,263 - INFO - Finished optimization with guess, [3.25819762].
2023-02-17 16:19:56,264 - INFO - Best fit parameters: [3.25819762].
2023-02-17 16:19:56,290 - INFO - Maximum log composite likelihood: -590.910821013696.
2023-02-17 16:19:56,290 - INFO - Optimal value of theta: 2599.6967624798326.
2023-02-17 16:19:56,291 - INFO - Beginning optimization with guess, [9.97494943].
2023-02-17 16:19:56,340 - INFO - Finished optimization with guess, [9.97494943].
2023-02-17 16:19:56,341 - INFO - Best fit parameters: [9.97494943].
2023-02-17 16:19:56,365 - INFO - Maximum log composite likelihood: -590.910821013696.
2023-02-17 16:19:56,366 - INFO - Optimal value of theta: 2599.6967624798326.
2023-02-17 16:19:56,366 - INFO - Beginning optimization with guess, [12.03161737].
2023-02-17 16:19:56,420 - INFO - Finished optimization with guess, [12.03161737].
2023-02-17 16:19:56,420 - INFO - Best fit parameters: [12.03161737].
2023-02-17 16:19:56,445 - INFO - Maximum log composite likelihood: -590.910821013696.
2023-02-17 16:19:56,445 - INFO - Optimal value of theta: 2599.6967624798326.
2023-02-17 16:19:56,445 - INFO - Beginning optimization with guess, [6.38607144].
2023-02-17 16:19:56,495 - INFO - Finished optimization with guess, [6.38607144].
2023-02-17 16:19:56,495 - INFO - Best fit parameters: [6.38607144].
2023-02-17 16:19:56,520 - INFO - Maximum log composite likelihood: -590.910821013696.
2023-02-17 16:19:56,520 - INFO - Optimal value of theta: 2599.6967624798326.
2023-02-17 16:19:56,522 - INFO - Finished demographic inference.
2023-02-17 16:19:56,522 - INFO - Pipeline executed succesfully.
