2022-07-01 13:58:00,542 - INFO - Beginning execution of compute_downsampled_sfs.py in directory /u/project/ngarud/jonmah/demo_for_ccgb/Scripts

2022-07-01 13:58:00,542 - INFO - Progress is being logged to ../Analysis/Bacteroides_vulgatus_57955_downsampled/log.log

2022-07-01 13:58:00,542 - INFO - Parsed the following arguments:
	outprefix = ../Analysis/Bacteroides_vulgatus_57955_downsampled/
	species = Bacteroides_vulgatus_57955
	sample_size = 20

2022-07-01 14:06:25,932 - INFO - Beginning demographic inference for one-epoch demographic model.
2022-07-01 14:06:25,936 - INFO - Beginning optimization with guess, [0.0685758].
2022-07-01 14:06:26,046 - INFO - Finished optimization with guess, [0.0685758].
2022-07-01 14:06:26,047 - INFO - Best fit parameters: [0.0685758].
2022-07-01 14:06:26,084 - INFO - Maximum log composite likelihood: -37.690313353.
2022-07-01 14:06:26,085 - INFO - Optimal value of theta: 2311.3986321.
2022-07-01 14:06:26,085 - INFO - Beginning optimization with guess, [0.38340714].
2022-07-01 14:06:26,160 - INFO - Finished optimization with guess, [0.38340714].
2022-07-01 14:06:26,160 - INFO - Best fit parameters: [0.38340714].
2022-07-01 14:06:26,197 - INFO - Maximum log composite likelihood: -37.690313353.
2022-07-01 14:06:26,198 - INFO - Optimal value of theta: 2311.3986321.
2022-07-01 14:06:26,198 - INFO - Beginning optimization with guess, [0.21647487].
2022-07-01 14:06:26,273 - INFO - Finished optimization with guess, [0.21647487].
2022-07-01 14:06:26,273 - INFO - Best fit parameters: [0.21647487].
2022-07-01 14:06:26,311 - INFO - Maximum log composite likelihood: -37.690313353.
2022-07-01 14:06:26,311 - INFO - Optimal value of theta: 2311.3986321.
2022-07-01 14:06:26,311 - INFO - Beginning optimization with guess, [0.29181299].
2022-07-01 14:06:26,387 - INFO - Finished optimization with guess, [0.29181299].
2022-07-01 14:06:26,387 - INFO - Best fit parameters: [0.29181299].
2022-07-01 14:06:26,424 - INFO - Maximum log composite likelihood: -37.690313353.
2022-07-01 14:06:26,425 - INFO - Optimal value of theta: 2311.3986321.
2022-07-01 14:06:26,425 - INFO - Beginning optimization with guess, [0.50553361].
2022-07-01 14:06:26,499 - INFO - Finished optimization with guess, [0.50553361].
2022-07-01 14:06:26,499 - INFO - Best fit parameters: [0.50553361].
2022-07-01 14:06:26,536 - INFO - Maximum log composite likelihood: -37.690313353.
2022-07-01 14:06:26,537 - INFO - Optimal value of theta: 2311.3986321.
2022-07-01 14:06:26,537 - INFO - Beginning optimization with guess, [0.5574739].
2022-07-01 14:06:26,612 - INFO - Finished optimization with guess, [0.5574739].
2022-07-01 14:06:26,612 - INFO - Best fit parameters: [0.5574739].
2022-07-01 14:06:26,650 - INFO - Maximum log composite likelihood: -37.690313353.
2022-07-01 14:06:26,650 - INFO - Optimal value of theta: 2311.3986321.
2022-07-01 14:06:26,650 - INFO - Beginning optimization with guess, [0.35920741].
2022-07-01 14:06:26,725 - INFO - Finished optimization with guess, [0.35920741].
2022-07-01 14:06:26,725 - INFO - Best fit parameters: [0.35920741].
2022-07-01 14:06:26,763 - INFO - Maximum log composite likelihood: -37.690313353.
2022-07-01 14:06:26,763 - INFO - Optimal value of theta: 2311.3986321.
2022-07-01 14:06:26,764 - INFO - Beginning optimization with guess, [0.75015624].
2022-07-01 14:06:26,839 - INFO - Finished optimization with guess, [0.75015624].
2022-07-01 14:06:26,839 - INFO - Best fit parameters: [0.75015624].
2022-07-01 14:06:26,876 - INFO - Maximum log composite likelihood: -37.690313353.
2022-07-01 14:06:26,877 - INFO - Optimal value of theta: 2311.3986321.
2022-07-01 14:06:26,877 - INFO - Beginning optimization with guess, [0.88193717].
2022-07-01 14:06:26,952 - INFO - Finished optimization with guess, [0.88193717].
2022-07-01 14:06:26,952 - INFO - Best fit parameters: [0.88193717].
2022-07-01 14:06:26,989 - INFO - Maximum log composite likelihood: -37.690313353.
2022-07-01 14:06:26,990 - INFO - Optimal value of theta: 2311.3986321.
2022-07-01 14:06:26,990 - INFO - Beginning optimization with guess, [0.57200583].
2022-07-01 14:06:27,065 - INFO - Finished optimization with guess, [0.57200583].
2022-07-01 14:06:27,065 - INFO - Best fit parameters: [0.57200583].
2022-07-01 14:06:27,103 - INFO - Maximum log composite likelihood: -37.690313353.
2022-07-01 14:06:27,103 - INFO - Optimal value of theta: 2311.3986321.
2022-07-01 14:06:27,103 - INFO - Beginning optimization with guess, [0.72756339].
2022-07-01 14:06:27,178 - INFO - Finished optimization with guess, [0.72756339].
2022-07-01 14:06:27,178 - INFO - Best fit parameters: [0.72756339].
2022-07-01 14:06:27,216 - INFO - Maximum log composite likelihood: -37.690313353.
2022-07-01 14:06:27,216 - INFO - Optimal value of theta: 2311.3986321.
2022-07-01 14:06:27,216 - INFO - Beginning optimization with guess, [1.70258974].
2022-07-01 14:06:27,291 - INFO - Finished optimization with guess, [1.70258974].
2022-07-01 14:06:27,291 - INFO - Best fit parameters: [1.70258974].
2022-07-01 14:06:27,327 - INFO - Maximum log composite likelihood: -37.690313353.
2022-07-01 14:06:27,328 - INFO - Optimal value of theta: 2311.3986321.
2022-07-01 14:06:27,328 - INFO - Beginning optimization with guess, [2.57527094].
2022-07-01 14:06:27,402 - INFO - Finished optimization with guess, [2.57527094].
2022-07-01 14:06:27,403 - INFO - Best fit parameters: [2.57527094].
2022-07-01 14:06:27,439 - INFO - Maximum log composite likelihood: -37.690313353.
2022-07-01 14:06:27,440 - INFO - Optimal value of theta: 2311.3986321.
2022-07-01 14:06:27,440 - INFO - Beginning optimization with guess, [1.47114516].
2022-07-01 14:06:27,515 - INFO - Finished optimization with guess, [1.47114516].
2022-07-01 14:06:27,515 - INFO - Best fit parameters: [1.47114516].
2022-07-01 14:06:27,553 - INFO - Maximum log composite likelihood: -37.690313353.
2022-07-01 14:06:27,553 - INFO - Optimal value of theta: 2311.3986321.
2022-07-01 14:06:27,554 - INFO - Beginning optimization with guess, [3.70427629].
2022-07-01 14:06:27,628 - INFO - Finished optimization with guess, [3.70427629].
2022-07-01 14:06:27,628 - INFO - Best fit parameters: [3.70427629].
2022-07-01 14:06:27,666 - INFO - Maximum log composite likelihood: -37.690313353.
2022-07-01 14:06:27,666 - INFO - Optimal value of theta: 2311.3986321.
2022-07-01 14:06:27,667 - INFO - Beginning optimization with guess, [2.5134498].
2022-07-01 14:06:27,741 - INFO - Finished optimization with guess, [2.5134498].
2022-07-01 14:06:27,742 - INFO - Best fit parameters: [2.5134498].
2022-07-01 14:06:27,779 - INFO - Maximum log composite likelihood: -37.690313353.
2022-07-01 14:06:27,780 - INFO - Optimal value of theta: 2311.3986321.
2022-07-01 14:06:27,780 - INFO - Beginning optimization with guess, [4.13486189].
2022-07-01 14:06:27,855 - INFO - Finished optimization with guess, [4.13486189].
2022-07-01 14:06:27,855 - INFO - Best fit parameters: [4.13486189].
2022-07-01 14:06:27,892 - INFO - Maximum log composite likelihood: -37.690313353.
2022-07-01 14:06:27,893 - INFO - Optimal value of theta: 2311.3986321.
2022-07-01 14:06:27,893 - INFO - Beginning optimization with guess, [1.66044308].
2022-07-01 14:06:27,969 - INFO - Finished optimization with guess, [1.66044308].
2022-07-01 14:06:27,969 - INFO - Best fit parameters: [1.66044308].
2022-07-01 14:06:28,006 - INFO - Maximum log composite likelihood: -37.690313353.
2022-07-01 14:06:28,007 - INFO - Optimal value of theta: 2311.3986321.
2022-07-01 14:06:28,007 - INFO - Beginning optimization with guess, [2.03486496].
2022-07-01 14:06:28,082 - INFO - Finished optimization with guess, [2.03486496].
2022-07-01 14:06:28,082 - INFO - Best fit parameters: [2.03486496].
2022-07-01 14:06:28,120 - INFO - Maximum log composite likelihood: -37.690313353.
2022-07-01 14:06:28,120 - INFO - Optimal value of theta: 2311.3986321.
2022-07-01 14:06:28,120 - INFO - Beginning optimization with guess, [2.33249145].
2022-07-01 14:06:28,195 - INFO - Finished optimization with guess, [2.33249145].
2022-07-01 14:06:28,195 - INFO - Best fit parameters: [2.33249145].
2022-07-01 14:06:28,232 - INFO - Maximum log composite likelihood: -37.690313353.
2022-07-01 14:06:28,233 - INFO - Optimal value of theta: 2311.3986321.
2022-07-01 14:06:28,233 - INFO - Beginning optimization with guess, [2.55116916].
2022-07-01 14:06:28,308 - INFO - Finished optimization with guess, [2.55116916].
2022-07-01 14:06:28,308 - INFO - Best fit parameters: [2.55116916].
2022-07-01 14:06:28,345 - INFO - Maximum log composite likelihood: -37.690313353.
2022-07-01 14:06:28,346 - INFO - Optimal value of theta: 2311.3986321.
2022-07-01 14:06:28,346 - INFO - Beginning optimization with guess, [7.13206261].
2022-07-01 14:06:28,421 - INFO - Finished optimization with guess, [7.13206261].
2022-07-01 14:06:28,421 - INFO - Best fit parameters: [7.13206261].
2022-07-01 14:06:28,458 - INFO - Maximum log composite likelihood: -37.690313353.
2022-07-01 14:06:28,459 - INFO - Optimal value of theta: 2311.3986321.
2022-07-01 14:06:28,459 - INFO - Beginning optimization with guess, [10.03967602].
2022-07-01 14:06:28,534 - INFO - Finished optimization with guess, [10.03967602].
2022-07-01 14:06:28,534 - INFO - Best fit parameters: [10.03967602].
2022-07-01 14:06:28,571 - INFO - Maximum log composite likelihood: -37.690313353.
2022-07-01 14:06:28,572 - INFO - Optimal value of theta: 2311.3986321.
2022-07-01 14:06:28,572 - INFO - Beginning optimization with guess, [5.38000455].
2022-07-01 14:06:28,647 - INFO - Finished optimization with guess, [5.38000455].
2022-07-01 14:06:28,647 - INFO - Best fit parameters: [5.38000455].
2022-07-01 14:06:28,685 - INFO - Maximum log composite likelihood: -37.690313353.
2022-07-01 14:06:28,685 - INFO - Optimal value of theta: 2311.3986321.
2022-07-01 14:06:28,685 - INFO - Beginning optimization with guess, [4.09246756].
2022-07-01 14:06:28,760 - INFO - Finished optimization with guess, [4.09246756].
2022-07-01 14:06:28,760 - INFO - Best fit parameters: [4.09246756].
2022-07-01 14:06:28,798 - INFO - Maximum log composite likelihood: -37.690313353.
2022-07-01 14:06:28,798 - INFO - Optimal value of theta: 2311.3986321.
2022-07-01 14:06:28,801 - INFO - Beginning demographic inference for two-epoch demographic model.
2022-07-01 14:06:28,805 - INFO - Beginning optimization with guess, [5.20216701e-02 1.00549328e-06].
2022-07-01 14:06:28,919 - INFO - Finished optimization with guess, [5.20216701e-02 1.00549328e-06].
2022-07-01 14:06:28,919 - INFO - Best fit parameters: [5.20216701e-02 1.00549328e-06].
2022-07-01 14:06:28,956 - INFO - Maximum log composite likelihood: -37.6903132153.
2022-07-01 14:06:28,957 - INFO - Optimal value of theta: 2311.39866314.
2022-07-01 14:06:28,957 - INFO - Beginning optimization with guess, [3.50751364e-01 1.14383727e-06].
2022-07-01 14:06:29,068 - INFO - Finished optimization with guess, [3.50751364e-01 1.14383727e-06].
2022-07-01 14:06:29,068 - INFO - Best fit parameters: [3.50751364e-01 1.14383727e-06].
2022-07-01 14:06:29,105 - INFO - Maximum log composite likelihood: -37.6903133504.
2022-07-01 14:06:29,106 - INFO - Optimal value of theta: 2311.3986327.
2022-07-01 14:06:29,106 - INFO - Beginning optimization with guess, [4.61810616e-01 9.78046179e-07].
2022-07-01 14:06:29,218 - INFO - Finished optimization with guess, [4.61810616e-01 9.78046179e-07].
2022-07-01 14:06:29,219 - INFO - Best fit parameters: [4.61810616e-01 9.78046179e-07].
2022-07-01 14:06:29,257 - INFO - Maximum log composite likelihood: -37.6903133521.
2022-07-01 14:06:29,257 - INFO - Optimal value of theta: 2311.39863231.
2022-07-01 14:06:29,257 - INFO - Beginning optimization with guess, [4.49274495e-01 1.77834307e-06].
2022-07-01 14:06:29,371 - INFO - Finished optimization with guess, [4.49274495e-01 1.77834307e-06].
2022-07-01 14:06:29,372 - INFO - Best fit parameters: [4.49274495e-01 1.77834307e-06].
2022-07-01 14:06:29,409 - INFO - Maximum log composite likelihood: -37.6903133497.
2022-07-01 14:06:29,410 - INFO - Optimal value of theta: 2311.39863285.
2022-07-01 14:06:29,410 - INFO - Beginning optimization with guess, [7.11034950e-01 8.37170109e-07].
2022-07-01 14:06:29,524 - INFO - Finished optimization with guess, [7.11034950e-01 8.37170109e-07].
2022-07-01 14:06:29,524 - INFO - Best fit parameters: [7.11034950e-01 8.37170109e-07].
2022-07-01 14:06:29,562 - INFO - Maximum log composite likelihood: -37.6903133529.
2022-07-01 14:06:29,563 - INFO - Optimal value of theta: 2311.39863214.
2022-07-01 14:06:29,563 - INFO - Beginning optimization with guess, [3.17855836e-01 1.30671465e-06].
2022-07-01 14:06:29,676 - INFO - Finished optimization with guess, [3.17855836e-01 1.30671465e-06].
2022-07-01 14:06:29,676 - INFO - Best fit parameters: [3.17855836e-01 1.30671465e-06].
2022-07-01 14:06:29,714 - INFO - Maximum log composite likelihood: -37.6903133486.
2022-07-01 14:06:29,714 - INFO - Optimal value of theta: 2311.3986331.
2022-07-01 14:06:29,715 - INFO - Beginning optimization with guess, [1.03512649e+00 7.73044589e-07].
2022-07-01 14:06:29,829 - INFO - Finished optimization with guess, [1.03512649e+00 7.73044589e-07].
2022-07-01 14:06:29,829 - INFO - Best fit parameters: [1.03512649e+00 7.73044589e-07].
2022-07-01 14:06:29,867 - INFO - Maximum log composite likelihood: -37.690313353.
2022-07-01 14:06:29,867 - INFO - Optimal value of theta: 2311.3986321.
2022-07-01 14:06:29,867 - INFO - Beginning optimization with guess, [9.10856394e-01 8.90402930e-07].
2022-07-01 14:06:29,979 - INFO - Finished optimization with guess, [9.10856394e-01 8.90402930e-07].
2022-07-01 14:06:29,980 - INFO - Best fit parameters: [9.10856394e-01 8.90402930e-07].
2022-07-01 14:06:30,018 - INFO - Maximum log composite likelihood: -37.690313353.
2022-07-01 14:06:30,018 - INFO - Optimal value of theta: 2311.39863211.
2022-07-01 14:06:30,018 - INFO - Beginning optimization with guess, [1.76411085e+00 9.56119496e-07].
2022-07-01 14:06:30,130 - INFO - Finished optimization with guess, [1.76411085e+00 9.56119496e-07].
2022-07-01 14:06:30,130 - INFO - Best fit parameters: [1.76411085e+00 9.56119496e-07].
2022-07-01 14:06:30,168 - INFO - Maximum log composite likelihood: -37.6903133531.
2022-07-01 14:06:30,168 - INFO - Optimal value of theta: 2311.39863208.
2022-07-01 14:06:30,168 - INFO - Beginning optimization with guess, [6.86217614e-01 6.07313911e-07].
2022-07-01 14:06:30,282 - INFO - Finished optimization with guess, [6.86217614e-01 6.07313911e-07].
2022-07-01 14:06:30,282 - INFO - Best fit parameters: [6.86217614e-01 6.07313911e-07].
2022-07-01 14:06:30,321 - INFO - Maximum log composite likelihood: -37.6903133529.
2022-07-01 14:06:30,321 - INFO - Optimal value of theta: 2311.39863212.
2022-07-01 14:06:30,321 - INFO - Beginning optimization with guess, [1.80731860e+00 5.14170785e-07].
2022-07-01 14:06:30,434 - INFO - Finished optimization with guess, [1.80731860e+00 5.14170785e-07].
2022-07-01 14:06:30,434 - INFO - Best fit parameters: [1.80731860e+00 5.14170785e-07].
2022-07-01 14:06:30,471 - INFO - Maximum log composite likelihood: -37.690313353.
2022-07-01 14:06:30,471 - INFO - Optimal value of theta: 2311.3986321.
2022-07-01 14:06:30,472 - INFO - Beginning optimization with guess, [2.79831485e+00 5.14849528e-07].
2022-07-01 14:06:30,584 - INFO - Finished optimization with guess, [2.79831485e+00 5.14849528e-07].
2022-07-01 14:06:30,584 - INFO - Best fit parameters: [2.79831485e+00 5.14849528e-07].
2022-07-01 14:06:30,621 - INFO - Maximum log composite likelihood: -37.690313353.
2022-07-01 14:06:30,621 - INFO - Optimal value of theta: 2311.3986321.
2022-07-01 14:06:30,622 - INFO - Beginning optimization with guess, [3.01081603e+00 8.42267014e-07].
2022-07-01 14:06:30,733 - INFO - Finished optimization with guess, [3.01081603e+00 8.42267014e-07].
2022-07-01 14:06:30,733 - INFO - Best fit parameters: [3.01081603e+00 8.42267014e-07].
2022-07-01 14:06:30,771 - INFO - Maximum log composite likelihood: -37.6903133531.
2022-07-01 14:06:30,771 - INFO - Optimal value of theta: 2311.39863209.
2022-07-01 14:06:30,771 - INFO - Beginning optimization with guess, [2.70026714e+00 1.24125670e-06].
2022-07-01 14:06:30,884 - INFO - Finished optimization with guess, [2.70026714e+00 1.24125670e-06].
2022-07-01 14:06:30,884 - INFO - Best fit parameters: [2.70026714e+00 1.24125670e-06].
2022-07-01 14:06:30,922 - INFO - Maximum log composite likelihood: -37.6903133531.
2022-07-01 14:06:30,922 - INFO - Optimal value of theta: 2311.39863207.
2022-07-01 14:06:30,922 - INFO - Beginning optimization with guess, [4.28551574e+00 5.01957745e-07].
2022-07-01 14:06:31,034 - INFO - Finished optimization with guess, [4.28551574e+00 5.01957745e-07].
2022-07-01 14:06:31,034 - INFO - Best fit parameters: [4.28551574e+00 5.01957745e-07].
2022-07-01 14:06:31,071 - INFO - Maximum log composite likelihood: -37.690313353.
2022-07-01 14:06:31,072 - INFO - Optimal value of theta: 2311.3986321.
2022-07-01 14:06:31,072 - INFO - Beginning optimization with guess, [3.91226470e+00 1.39726868e-06].
2022-07-01 14:06:31,184 - INFO - Finished optimization with guess, [3.91226470e+00 1.39726868e-06].
2022-07-01 14:06:31,184 - INFO - Best fit parameters: [3.91226470e+00 1.39726868e-06].
2022-07-01 14:06:31,222 - INFO - Maximum log composite likelihood: -37.6903133532.
2022-07-01 14:06:31,222 - INFO - Optimal value of theta: 2311.39863207.
2022-07-01 14:06:31,222 - INFO - Beginning optimization with guess, [2.12291007e+00 5.77080246e-07].
2022-07-01 14:06:31,335 - INFO - Finished optimization with guess, [2.12291007e+00 5.77080246e-07].
2022-07-01 14:06:31,335 - INFO - Best fit parameters: [2.12291007e+00 5.77080246e-07].
2022-07-01 14:06:31,372 - INFO - Maximum log composite likelihood: -37.690313353.
2022-07-01 14:06:31,372 - INFO - Optimal value of theta: 2311.3986321.
2022-07-01 14:06:31,373 - INFO - Beginning optimization with guess, [3.97232845e+00 1.64252451e-06].
2022-07-01 14:06:31,485 - INFO - Finished optimization with guess, [3.97232845e+00 1.64252451e-06].
2022-07-01 14:06:31,485 - INFO - Best fit parameters: [3.97232845e+00 1.64252451e-06].
2022-07-01 14:06:31,523 - INFO - Maximum log composite likelihood: -37.6903133532.
2022-07-01 14:06:31,523 - INFO - Optimal value of theta: 2311.39863206.
2022-07-01 14:06:31,524 - INFO - Beginning optimization with guess, [4.08271422e+00 7.62603615e-07].
2022-07-01 14:06:31,638 - INFO - Finished optimization with guess, [4.08271422e+00 7.62603615e-07].
2022-07-01 14:06:31,638 - INFO - Best fit parameters: [4.08271422e+00 7.62603615e-07].
2022-07-01 14:06:31,676 - INFO - Maximum log composite likelihood: -37.6903133531.
2022-07-01 14:06:31,676 - INFO - Optimal value of theta: 2311.39863209.
2022-07-01 14:06:31,677 - INFO - Beginning optimization with guess, [2.07595275e+00 1.30900373e-06].
2022-07-01 14:06:31,791 - INFO - Finished optimization with guess, [2.07595275e+00 1.30900373e-06].
2022-07-01 14:06:31,791 - INFO - Best fit parameters: [2.07595275e+00 1.30900373e-06].
2022-07-01 14:06:31,829 - INFO - Maximum log composite likelihood: -37.6903133532.
2022-07-01 14:06:31,829 - INFO - Optimal value of theta: 2311.39863207.
2022-07-01 14:06:31,829 - INFO - Beginning optimization with guess, [3.29690541e+00 8.40677883e-07].
2022-07-01 14:06:31,944 - INFO - Finished optimization with guess, [3.29690541e+00 8.40677883e-07].
2022-07-01 14:06:31,945 - INFO - Best fit parameters: [3.29690541e+00 8.40677883e-07].
2022-07-01 14:06:31,983 - INFO - Maximum log composite likelihood: -37.6903133531.
2022-07-01 14:06:31,983 - INFO - Optimal value of theta: 2311.39863209.
2022-07-01 14:06:31,983 - INFO - Beginning optimization with guess, [9.16967414e+00 6.14275393e-07].
2022-07-01 14:06:32,096 - INFO - Finished optimization with guess, [9.16967414e+00 6.14275393e-07].
2022-07-01 14:06:32,096 - INFO - Best fit parameters: [9.16967414e+00 6.14275393e-07].
2022-07-01 14:06:32,134 - INFO - Maximum log composite likelihood: -37.690313353.
2022-07-01 14:06:32,135 - INFO - Optimal value of theta: 2311.3986321.
2022-07-01 14:06:32,135 - INFO - Beginning optimization with guess, [6.50440578e+00 9.15557980e-07].
2022-07-01 14:06:32,246 - INFO - Finished optimization with guess, [6.50440578e+00 9.15557980e-07].
2022-07-01 14:06:32,247 - INFO - Best fit parameters: [6.50440578e+00 9.15557980e-07].
2022-07-01 14:06:32,284 - INFO - Maximum log composite likelihood: -37.6903133531.
2022-07-01 14:06:32,284 - INFO - Optimal value of theta: 2311.39863209.
2022-07-01 14:06:32,285 - INFO - Beginning optimization with guess, [8.59210038e+00 1.63572754e-06].
2022-07-01 14:06:32,397 - INFO - Finished optimization with guess, [8.59210038e+00 1.63572754e-06].
2022-07-01 14:06:32,397 - INFO - Best fit parameters: [8.59210038e+00 1.63572754e-06].
2022-07-01 14:06:32,434 - INFO - Maximum log composite likelihood: -37.6903133531.
2022-07-01 14:06:32,434 - INFO - Optimal value of theta: 2311.39863208.
2022-07-01 14:06:32,434 - INFO - Beginning optimization with guess, [9.67502234e+00 9.32559001e-07].
2022-07-01 14:06:32,547 - INFO - Finished optimization with guess, [9.67502234e+00 9.32559001e-07].
2022-07-01 14:06:32,547 - INFO - Best fit parameters: [9.67502234e+00 9.32559001e-07].
2022-07-01 14:06:32,584 - INFO - Maximum log composite likelihood: -37.690313353.
2022-07-01 14:06:32,584 - INFO - Optimal value of theta: 2311.3986321.
2022-07-01 14:06:32,590 - INFO - Beginning demographic inference for exponential growth demographic model.
2022-07-01 14:06:32,592 - INFO - Beginning optimization with guess, [9.24438855e-02 1.98421312e-05].
2022-07-01 14:06:32,822 - INFO - Finished optimization with guess, [9.24438855e-02 1.98421312e-05].
2022-07-01 14:06:32,822 - INFO - Best fit parameters: [9.24406946e-02 1.98427844e-05].
2022-07-01 14:06:32,860 - INFO - Maximum log composite likelihood: -37.6902969455.
2022-07-01 14:06:32,860 - INFO - Optimal value of theta: 2311.40228307.
2022-07-01 14:06:32,861 - INFO - Beginning optimization with guess, [2.83619778e-01 1.73516537e-05].
2022-07-01 14:06:32,975 - INFO - Finished optimization with guess, [2.83619778e-01 1.73516537e-05].
2022-07-01 14:06:32,975 - INFO - Best fit parameters: [2.83619778e-01 1.73516537e-05].
2022-07-01 14:06:33,013 - INFO - Maximum log composite likelihood: -37.6903123055.
2022-07-01 14:06:33,013 - INFO - Optimal value of theta: 2311.39886742.
2022-07-01 14:06:33,014 - INFO - Beginning optimization with guess, [5.60146895e-01 7.37889579e-06].
2022-07-01 14:06:33,127 - INFO - Finished optimization with guess, [5.60146895e-01 7.37889579e-06].
2022-07-01 14:06:33,127 - INFO - Best fit parameters: [5.60146895e-01 7.37889579e-06].
2022-07-01 14:06:33,164 - INFO - Maximum log composite likelihood: -37.6903133234.
2022-07-01 14:06:33,165 - INFO - Optimal value of theta: 2311.39863878.
2022-07-01 14:06:33,165 - INFO - Beginning optimization with guess, [2.80810859e-01 1.29611555e-05].
2022-07-01 14:06:33,277 - INFO - Finished optimization with guess, [2.80810859e-01 1.29611555e-05].
2022-07-01 14:06:33,277 - INFO - Best fit parameters: [2.80810859e-01 1.29611555e-05].
2022-07-01 14:06:33,314 - INFO - Maximum log composite likelihood: -37.6903127549.
2022-07-01 14:06:33,315 - INFO - Optimal value of theta: 2311.3987666.
2022-07-01 14:06:33,315 - INFO - Beginning optimization with guess, [6.86657953e-01 1.57983237e-05].
2022-07-01 14:06:33,429 - INFO - Finished optimization with guess, [6.86657953e-01 1.57983237e-05].
2022-07-01 14:06:33,429 - INFO - Best fit parameters: [6.86657953e-01 1.57983237e-05].
2022-07-01 14:06:33,466 - INFO - Maximum log composite likelihood: -37.6903132884.
2022-07-01 14:06:33,467 - INFO - Optimal value of theta: 2311.39864665.
2022-07-01 14:06:33,467 - INFO - Beginning optimization with guess, [3.12823797e-01 1.19991645e-05].
2022-07-01 14:06:33,581 - INFO - Finished optimization with guess, [3.12823797e-01 1.19991645e-05].
2022-07-01 14:06:33,581 - INFO - Best fit parameters: [3.12823797e-01 1.19991645e-05].
2022-07-01 14:06:33,618 - INFO - Maximum log composite likelihood: -37.6903129586.
2022-07-01 14:06:33,619 - INFO - Optimal value of theta: 2311.39872085.
2022-07-01 14:06:33,619 - INFO - Beginning optimization with guess, [1.28416935e+00 9.63497706e-06].
2022-07-01 14:06:33,733 - INFO - Finished optimization with guess, [1.28416935e+00 9.63497706e-06].
2022-07-01 14:06:33,733 - INFO - Best fit parameters: [1.28416935e+00 9.63497706e-06].
2022-07-01 14:06:33,770 - INFO - Maximum log composite likelihood: -37.6903133592.
2022-07-01 14:06:33,771 - INFO - Optimal value of theta: 2311.39863071.
2022-07-01 14:06:33,771 - INFO - Beginning optimization with guess, [8.78874396e-01 5.41201588e-06].
2022-07-01 14:06:33,885 - INFO - Finished optimization with guess, [8.78874396e-01 5.41201588e-06].
2022-07-01 14:06:33,885 - INFO - Best fit parameters: [8.78874396e-01 5.41201588e-06].
2022-07-01 14:06:33,922 - INFO - Maximum log composite likelihood: -37.6903133512.
2022-07-01 14:06:33,923 - INFO - Optimal value of theta: 2311.3986325.
2022-07-01 14:06:33,923 - INFO - Beginning optimization with guess, [4.82466542e-01 7.96300581e-06].
2022-07-01 14:06:34,037 - INFO - Finished optimization with guess, [4.82466542e-01 7.96300581e-06].
2022-07-01 14:06:34,037 - INFO - Best fit parameters: [4.82466542e-01 7.96300581e-06].
2022-07-01 14:06:34,074 - INFO - Maximum log composite likelihood: -37.6903132982.
2022-07-01 14:06:34,075 - INFO - Optimal value of theta: 2311.39864445.
2022-07-01 14:06:34,075 - INFO - Beginning optimization with guess, [1.59257297e+00 1.83876673e-05].
2022-07-01 14:06:34,186 - INFO - Finished optimization with guess, [1.59257297e+00 1.83876673e-05].
2022-07-01 14:06:34,187 - INFO - Best fit parameters: [1.59257297e+00 1.83876673e-05].
2022-07-01 14:06:34,224 - INFO - Maximum log composite likelihood: -37.6903133836.
2022-07-01 14:06:34,224 - INFO - Optimal value of theta: 2311.39862521.
2022-07-01 14:06:34,224 - INFO - Beginning optimization with guess, [1.50668926e+00 1.24775273e-05].
2022-07-01 14:06:34,335 - INFO - Finished optimization with guess, [1.50668926e+00 1.24775273e-05].
2022-07-01 14:06:34,335 - INFO - Best fit parameters: [1.50668926e+00 1.24775273e-05].
2022-07-01 14:06:34,372 - INFO - Maximum log composite likelihood: -37.6903133664.
2022-07-01 14:06:34,372 - INFO - Optimal value of theta: 2311.39862908.
2022-07-01 14:06:34,373 - INFO - Beginning optimization with guess, [1.06634163e+00 6.09168154e-06].
2022-07-01 14:06:34,484 - INFO - Finished optimization with guess, [1.06634163e+00 6.09168154e-06].
2022-07-01 14:06:34,484 - INFO - Best fit parameters: [1.06634163e+00 6.09168154e-06].
2022-07-01 14:06:34,522 - INFO - Maximum log composite likelihood: -37.6903133538.
2022-07-01 14:06:34,522 - INFO - Optimal value of theta: 2311.39863192.
2022-07-01 14:06:34,522 - INFO - Beginning optimization with guess, [1.35734883e+00 7.42944362e-06].
2022-07-01 14:06:34,636 - INFO - Finished optimization with guess, [1.35734883e+00 7.42944362e-06].
2022-07-01 14:06:34,636 - INFO - Best fit parameters: [1.35734883e+00 7.42944362e-06].
2022-07-01 14:06:34,673 - INFO - Maximum log composite likelihood: -37.6903133571.
2022-07-01 14:06:34,674 - INFO - Optimal value of theta: 2311.39863118.
2022-07-01 14:06:34,674 - INFO - Beginning optimization with guess, [2.01487204e+00 5.92826847e-06].
2022-07-01 14:06:34,788 - INFO - Finished optimization with guess, [2.01487204e+00 5.92826847e-06].
2022-07-01 14:06:34,788 - INFO - Best fit parameters: [2.01487204e+00 5.92826847e-06].
2022-07-01 14:06:34,826 - INFO - Maximum log composite likelihood: -37.6903133564.
2022-07-01 14:06:34,826 - INFO - Optimal value of theta: 2311.39863135.
2022-07-01 14:06:34,826 - INFO - Beginning optimization with guess, [4.13012253e+00 6.07143461e-06].
2022-07-01 14:06:34,940 - INFO - Finished optimization with guess, [4.13012253e+00 6.07143461e-06].
2022-07-01 14:06:34,940 - INFO - Best fit parameters: [4.13012253e+00 6.07143461e-06].
2022-07-01 14:06:34,978 - INFO - Maximum log composite likelihood: -37.6903133556.
2022-07-01 14:06:34,978 - INFO - Optimal value of theta: 2311.39863153.
2022-07-01 14:06:34,978 - INFO - Beginning optimization with guess, [1.78287883e+00 1.87537368e-05].
2022-07-01 14:06:35,092 - INFO - Finished optimization with guess, [1.78287883e+00 1.87537368e-05].
2022-07-01 14:06:35,092 - INFO - Best fit parameters: [1.78287883e+00 1.87537368e-05].
2022-07-01 14:06:35,130 - INFO - Maximum log composite likelihood: -37.6903133865.
2022-07-01 14:06:35,130 - INFO - Optimal value of theta: 2311.39862455.
2022-07-01 14:06:35,130 - INFO - Beginning optimization with guess, [1.38878765e+00 1.10239153e-05].
2022-07-01 14:06:35,244 - INFO - Finished optimization with guess, [1.38878765e+00 1.10239153e-05].
2022-07-01 14:06:35,244 - INFO - Best fit parameters: [1.38878765e+00 1.10239153e-05].
2022-07-01 14:06:35,282 - INFO - Maximum log composite likelihood: -37.6903133625.
2022-07-01 14:06:35,282 - INFO - Optimal value of theta: 2311.39862997.
2022-07-01 14:06:35,282 - INFO - Beginning optimization with guess, [2.22872635e+00 1.50520567e-05].
2022-07-01 14:06:35,396 - INFO - Finished optimization with guess, [2.22872635e+00 1.50520567e-05].
2022-07-01 14:06:35,396 - INFO - Best fit parameters: [2.22872635e+00 1.50520567e-05].
2022-07-01 14:06:35,433 - INFO - Maximum log composite likelihood: -37.6903133746.
2022-07-01 14:06:35,434 - INFO - Optimal value of theta: 2311.39862724.
2022-07-01 14:06:35,434 - INFO - Beginning optimization with guess, [3.60725535e+00 1.41774461e-05].
2022-07-01 14:06:35,547 - INFO - Finished optimization with guess, [3.60725535e+00 1.41774461e-05].
2022-07-01 14:06:35,548 - INFO - Best fit parameters: [3.60725535e+00 1.41774461e-05].
2022-07-01 14:06:35,585 - INFO - Maximum log composite likelihood: -37.6903133684.
2022-07-01 14:06:35,585 - INFO - Optimal value of theta: 2311.39862864.
2022-07-01 14:06:35,586 - INFO - Beginning optimization with guess, [2.64815485e+00 9.62814152e-06].
2022-07-01 14:06:35,699 - INFO - Finished optimization with guess, [2.64815485e+00 9.62814152e-06].
2022-07-01 14:06:35,699 - INFO - Best fit parameters: [2.64815485e+00 9.62814152e-06].
2022-07-01 14:06:35,736 - INFO - Maximum log composite likelihood: -37.6903133613.
2022-07-01 14:06:35,737 - INFO - Optimal value of theta: 2311.39863023.
2022-07-01 14:06:35,737 - INFO - Beginning optimization with guess, [5.03157291e+00 5.81317722e-06].
2022-07-01 14:06:35,850 - INFO - Finished optimization with guess, [5.03157291e+00 5.81317722e-06].
2022-07-01 14:06:35,850 - INFO - Best fit parameters: [5.03157291e+00 5.81317722e-06].
2022-07-01 14:06:35,888 - INFO - Maximum log composite likelihood: -37.6903133551.
2022-07-01 14:06:35,888 - INFO - Optimal value of theta: 2311.39863164.
2022-07-01 14:06:35,888 - INFO - Beginning optimization with guess, [8.58653897e+00 1.10682059e-05].
2022-07-01 14:06:36,002 - INFO - Finished optimization with guess, [8.58653897e+00 1.10682059e-05].
2022-07-01 14:06:36,002 - INFO - Best fit parameters: [8.58653897e+00 1.10682059e-05].
2022-07-01 14:06:36,040 - INFO - Maximum log composite likelihood: -37.6903133578.
2022-07-01 14:06:36,040 - INFO - Optimal value of theta: 2311.39863103.
2022-07-01 14:06:36,041 - INFO - Beginning optimization with guess, [3.12937968e+00 7.47579216e-06].
2022-07-01 14:06:36,154 - INFO - Finished optimization with guess, [3.12937968e+00 7.47579216e-06].
2022-07-01 14:06:36,154 - INFO - Best fit parameters: [3.12937968e+00 7.47579216e-06].
2022-07-01 14:06:36,192 - INFO - Maximum log composite likelihood: -37.6903133576.
2022-07-01 14:06:36,192 - INFO - Optimal value of theta: 2311.39863106.
2022-07-01 14:06:36,193 - INFO - Beginning optimization with guess, [1.04286927e+01 1.42499136e-05].
2022-07-01 14:06:36,306 - INFO - Finished optimization with guess, [1.04286927e+01 1.42499136e-05].
2022-07-01 14:06:36,306 - INFO - Best fit parameters: [1.04286927e+01 1.42499136e-05].
2022-07-01 14:06:36,344 - INFO - Maximum log composite likelihood: -37.6903133597.
2022-07-01 14:06:36,345 - INFO - Optimal value of theta: 2311.3986306.
2022-07-01 14:06:36,345 - INFO - Beginning optimization with guess, [5.91482742e+00 1.65246348e-05].
2022-07-01 14:06:36,458 - INFO - Finished optimization with guess, [5.91482742e+00 1.65246348e-05].
2022-07-01 14:06:36,458 - INFO - Best fit parameters: [5.91482742e+00 1.65246348e-05].
2022-07-01 14:06:36,496 - INFO - Maximum log composite likelihood: -37.6903133676.
2022-07-01 14:06:36,497 - INFO - Optimal value of theta: 2311.39862882.
2022-07-01 14:06:36,569 - INFO - Beginning demographic inference for bottleneck + growth demographic model.
2022-07-01 14:06:36,865 - INFO - Beginning optimization with guess, [1.12414223e-01 6.09201861e-02 1.15173870e-06].
2022-07-01 14:06:37,098 - INFO - Finished optimization with guess, [1.12414223e-01 6.09201861e-02 1.15173870e-06].
2022-07-01 14:06:37,098 - INFO - Best fit parameters: [1.12414223e-01 6.09201861e-02 1.15173870e-06].
2022-07-01 14:06:37,136 - INFO - Maximum log composite likelihood: -37.6903132225.
2022-07-01 14:06:37,137 - INFO - Optimal value of theta: 2311.39866151.
2022-07-01 14:06:37,137 - INFO - Beginning optimization with guess, [2.66972526e-01 1.51253625e-01 5.03405999e-07].
2022-07-01 14:06:37,286 - INFO - Finished optimization with guess, [2.66972526e-01 1.51253625e-01 5.03405999e-07].
2022-07-01 14:06:37,286 - INFO - Best fit parameters: [2.66972526e-01 1.51253625e-01 5.03405999e-07].
2022-07-01 14:06:37,324 - INFO - Maximum log composite likelihood: -37.6903133494.
2022-07-01 14:06:37,325 - INFO - Optimal value of theta: 2311.39863291.
2022-07-01 14:06:37,325 - INFO - Beginning optimization with guess, [2.37319189e-01 1.67824092e-01 1.49342266e-06].
2022-07-01 14:06:37,475 - INFO - Finished optimization with guess, [2.37319189e-01 1.67824092e-01 1.49342266e-06].
2022-07-01 14:06:37,476 - INFO - Best fit parameters: [2.37319189e-01 1.67824092e-01 1.49342266e-06].
2022-07-01 14:06:37,513 - INFO - Maximum log composite likelihood: -37.6903133276.
2022-07-01 14:06:37,514 - INFO - Optimal value of theta: 2311.39863784.
2022-07-01 14:06:37,514 - INFO - Beginning optimization with guess, [5.39674978e-01 4.00764790e-01 1.06716190e-06].
2022-07-01 14:06:37,664 - INFO - Finished optimization with guess, [5.39674978e-01 4.00764790e-01 1.06716190e-06].
2022-07-01 14:06:37,664 - INFO - Best fit parameters: [5.39674978e-01 4.00764790e-01 1.06716190e-06].
2022-07-01 14:06:37,702 - INFO - Maximum log composite likelihood: -37.6903133514.
2022-07-01 14:06:37,703 - INFO - Optimal value of theta: 2311.39863247.
2022-07-01 14:06:37,703 - INFO - Beginning optimization with guess, [3.76006997e-01 3.04690895e-01 1.38599384e-06].
2022-07-01 14:06:37,854 - INFO - Finished optimization with guess, [3.76006997e-01 3.04690895e-01 1.38599384e-06].
2022-07-01 14:06:37,854 - INFO - Best fit parameters: [3.76006997e-01 3.04690895e-01 1.38599384e-06].
2022-07-01 14:06:37,892 - INFO - Maximum log composite likelihood: -37.6903133475.
2022-07-01 14:06:37,892 - INFO - Optimal value of theta: 2311.39863334.
2022-07-01 14:06:37,892 - INFO - Beginning optimization with guess, [5.12958233e-01 6.03229054e-01 1.76333237e-06].
2022-07-01 14:06:38,044 - INFO - Finished optimization with guess, [5.12958233e-01 6.03229054e-01 1.76333237e-06].
2022-07-01 14:06:38,044 - INFO - Best fit parameters: [5.12958233e-01 6.03229054e-01 1.76333237e-06].
2022-07-01 14:06:38,084 - INFO - Maximum log composite likelihood: -37.6903133517.
2022-07-01 14:06:38,084 - INFO - Optimal value of theta: 2311.39863239.
2022-07-01 14:06:38,085 - INFO - Beginning optimization with guess, [7.95989883e-01 7.43991816e-01 1.73132050e-06].
2022-07-01 14:06:38,233 - INFO - Finished optimization with guess, [7.95989883e-01 7.43991816e-01 1.73132050e-06].
2022-07-01 14:06:38,233 - INFO - Best fit parameters: [7.95989883e-01 7.43991816e-01 1.73132050e-06].
2022-07-01 14:06:38,270 - INFO - Maximum log composite likelihood: -37.6903133525.
2022-07-01 14:06:38,270 - INFO - Optimal value of theta: 2311.39863222.
2022-07-01 14:06:38,271 - INFO - Beginning optimization with guess, [1.46985701e+00 9.54042673e-01 1.58914032e-06].
2022-07-01 14:06:38,419 - INFO - Finished optimization with guess, [1.46985701e+00 9.54042673e-01 1.58914032e-06].
2022-07-01 14:06:38,419 - INFO - Best fit parameters: [1.46985701e+00 9.54042673e-01 1.58914032e-06].
2022-07-01 14:06:38,456 - INFO - Maximum log composite likelihood: -37.690313353.
2022-07-01 14:06:38,456 - INFO - Optimal value of theta: 2311.39863211.
2022-07-01 14:06:38,456 - INFO - Beginning optimization with guess, [8.77938387e-01 1.12620168e+00 1.53213155e-06].
2022-07-01 14:06:38,603 - INFO - Finished optimization with guess, [8.77938387e-01 1.12620168e+00 1.53213155e-06].
2022-07-01 14:06:38,603 - INFO - Best fit parameters: [8.77938387e-01 1.12620168e+00 1.53213155e-06].
2022-07-01 14:06:38,639 - INFO - Maximum log composite likelihood: -37.6903133531.
2022-07-01 14:06:38,640 - INFO - Optimal value of theta: 2311.39863208.
2022-07-01 14:06:38,640 - INFO - Beginning optimization with guess, [1.20265761e+00 8.55550507e-01 6.53389196e-07].
2022-07-01 14:06:38,786 - INFO - Finished optimization with guess, [1.20265761e+00 8.55550507e-01 6.53389196e-07].
2022-07-01 14:06:38,787 - INFO - Best fit parameters: [1.20265761e+00 8.55550507e-01 6.53389196e-07].
2022-07-01 14:06:38,824 - INFO - Maximum log composite likelihood: -37.690313353.
2022-07-01 14:06:38,824 - INFO - Optimal value of theta: 2311.39863211.
2022-07-01 14:06:38,824 - INFO - Beginning optimization with guess, [1.14191021e+00 2.40581604e+00 1.34863498e-06].
2022-07-01 14:06:38,974 - INFO - Finished optimization with guess, [1.14191021e+00 2.40581604e+00 1.34863498e-06].
2022-07-01 14:06:38,974 - INFO - Best fit parameters: [1.14191021e+00 2.40581604e+00 1.34863498e-06].
2022-07-01 14:06:39,011 - INFO - Maximum log composite likelihood: -37.6903133532.
2022-07-01 14:06:39,012 - INFO - Optimal value of theta: 2311.39863207.
2022-07-01 14:06:39,012 - INFO - Beginning optimization with guess, [8.21270949e-01 1.40089043e+00 9.05629396e-07].
2022-07-01 14:06:39,161 - INFO - Finished optimization with guess, [8.21270949e-01 1.40089043e+00 9.05629396e-07].
2022-07-01 14:06:39,161 - INFO - Best fit parameters: [8.21270949e-01 1.40089043e+00 9.05629396e-07].
2022-07-01 14:06:39,198 - INFO - Maximum log composite likelihood: -37.6903133531.
2022-07-01 14:06:39,198 - INFO - Optimal value of theta: 2311.39863209.
2022-07-01 14:06:39,199 - INFO - Beginning optimization with guess, [9.01814755e-01 2.46980415e+00 1.53569246e-06].
2022-07-01 14:06:39,348 - INFO - Finished optimization with guess, [9.01814755e-01 2.46980415e+00 1.53569246e-06].
2022-07-01 14:06:39,349 - INFO - Best fit parameters: [9.01814755e-01 2.46980415e+00 1.53569246e-06].
2022-07-01 14:06:39,385 - INFO - Maximum log composite likelihood: -37.6903133532.
2022-07-01 14:06:39,386 - INFO - Optimal value of theta: 2311.39863205.
2022-07-01 14:06:39,386 - INFO - Beginning optimization with guess, [1.21084522e+00 1.11526368e+00 1.90793427e-06].
2022-07-01 14:06:39,535 - INFO - Finished optimization with guess, [1.21084522e+00 1.11526368e+00 1.90793427e-06].
2022-07-01 14:06:39,535 - INFO - Best fit parameters: [1.21084522e+00 1.11526368e+00 1.90793427e-06].
2022-07-01 14:06:39,572 - INFO - Maximum log composite likelihood: -37.6903133531.
2022-07-01 14:06:39,573 - INFO - Optimal value of theta: 2311.39863207.
2022-07-01 14:06:39,573 - INFO - Beginning optimization with guess, [1.82358732e+00 1.71742420e+00 1.02412285e-06].
2022-07-01 14:06:39,722 - INFO - Finished optimization with guess, [1.82358732e+00 1.71742420e+00 1.02412285e-06].
2022-07-01 14:06:39,722 - INFO - Best fit parameters: [1.82358732e+00 1.71742420e+00 1.02412285e-06].
2022-07-01 14:06:39,758 - INFO - Maximum log composite likelihood: -37.6903133531.
2022-07-01 14:06:39,759 - INFO - Optimal value of theta: 2311.39863208.
2022-07-01 14:06:39,759 - INFO - Beginning optimization with guess, [2.73259783e+00 2.03672375e+00 6.24639137e-07].
2022-07-01 14:06:39,907 - INFO - Finished optimization with guess, [2.73259783e+00 2.03672375e+00 6.24639137e-07].
2022-07-01 14:06:39,907 - INFO - Best fit parameters: [2.73259783e+00 2.03672375e+00 6.24639137e-07].
2022-07-01 14:06:39,944 - INFO - Maximum log composite likelihood: -37.690313353.
2022-07-01 14:06:39,944 - INFO - Optimal value of theta: 2311.3986321.
2022-07-01 14:06:39,945 - INFO - Beginning optimization with guess, [2.36501503e+00 5.44619245e+00 9.50456900e-07].
2022-07-01 14:06:40,092 - INFO - Finished optimization with guess, [2.36501503e+00 5.44619245e+00 9.50456900e-07].
2022-07-01 14:06:40,092 - INFO - Best fit parameters: [2.36501503e+00 5.44619245e+00 9.50456900e-07].
2022-07-01 14:06:40,129 - INFO - Maximum log composite likelihood: -37.6903133531.
2022-07-01 14:06:40,129 - INFO - Optimal value of theta: 2311.39863209.
2022-07-01 14:06:40,130 - INFO - Beginning optimization with guess, [3.07717447e+00 2.28843641e+00 1.24545203e-06].
2022-07-01 14:06:40,280 - INFO - Finished optimization with guess, [3.07717447e+00 2.28843641e+00 1.24545203e-06].
2022-07-01 14:06:40,280 - INFO - Best fit parameters: [3.07717447e+00 2.28843641e+00 1.24545203e-06].
2022-07-01 14:06:40,316 - INFO - Maximum log composite likelihood: -37.6903133532.
2022-07-01 14:06:40,317 - INFO - Optimal value of theta: 2311.39863207.
2022-07-01 14:06:40,317 - INFO - Beginning optimization with guess, [3.99727264e+00 1.80234107e+00 7.54809802e-07].
2022-07-01 14:06:40,464 - INFO - Finished optimization with guess, [3.99727264e+00 1.80234107e+00 7.54809802e-07].
2022-07-01 14:06:40,464 - INFO - Best fit parameters: [3.99727264e+00 1.80234107e+00 7.54809802e-07].
2022-07-01 14:06:40,500 - INFO - Maximum log composite likelihood: -37.6903133531.
2022-07-01 14:06:40,501 - INFO - Optimal value of theta: 2311.39863209.
2022-07-01 14:06:40,501 - INFO - Beginning optimization with guess, [5.67250655e+00 4.27783977e+00 5.49935691e-07].
2022-07-01 14:06:40,652 - INFO - Finished optimization with guess, [5.67250655e+00 4.27783977e+00 5.49935691e-07].
2022-07-01 14:06:40,652 - INFO - Best fit parameters: [5.67250655e+00 4.27783977e+00 5.49935691e-07].
2022-07-01 14:06:40,689 - INFO - Maximum log composite likelihood: -37.690313353.
2022-07-01 14:06:40,690 - INFO - Optimal value of theta: 2311.3986321.
2022-07-01 14:06:40,690 - INFO - Beginning optimization with guess, [5.25977412e+00 2.26687421e+00 1.85664530e-06].
2022-07-01 14:06:40,841 - INFO - Finished optimization with guess, [5.25977412e+00 2.26687421e+00 1.85664530e-06].
2022-07-01 14:06:40,841 - INFO - Best fit parameters: [5.25977412e+00 2.26687421e+00 1.85664530e-06].
2022-07-01 14:06:40,879 - INFO - Maximum log composite likelihood: -37.6903133533.
2022-07-01 14:06:40,880 - INFO - Optimal value of theta: 2311.39863203.
2022-07-01 14:06:40,880 - INFO - Beginning optimization with guess, [7.68690281e+00 3.91991049e+00 8.42223456e-07].
2022-07-01 14:06:41,031 - INFO - Finished optimization with guess, [7.68690281e+00 3.91991049e+00 8.42223456e-07].
2022-07-01 14:06:41,031 - INFO - Best fit parameters: [7.68690281e+00 3.91991049e+00 8.42223456e-07].
2022-07-01 14:06:41,069 - INFO - Maximum log composite likelihood: -37.6903133531.
2022-07-01 14:06:41,069 - INFO - Optimal value of theta: 2311.39863209.
2022-07-01 14:06:41,069 - INFO - Beginning optimization with guess, [4.30497694e+00 1.15227607e+01 1.65252509e-06].
2022-07-01 14:06:41,219 - INFO - Finished optimization with guess, [4.30497694e+00 1.15227607e+01 1.65252509e-06].
2022-07-01 14:06:41,220 - INFO - Best fit parameters: [4.30497694e+00 1.15227607e+01 1.65252509e-06].
2022-07-01 14:06:41,257 - INFO - Maximum log composite likelihood: -37.6903133531.
2022-07-01 14:06:41,257 - INFO - Optimal value of theta: 2311.39863208.
2022-07-01 14:06:41,257 - INFO - Beginning optimization with guess, [7.92712565e+00 9.25062980e+00 1.38565208e-06].
2022-07-01 14:06:41,409 - INFO - Finished optimization with guess, [7.92712565e+00 9.25062980e+00 1.38565208e-06].
2022-07-01 14:06:41,409 - INFO - Best fit parameters: [7.92712565e+00 9.25062980e+00 1.38565208e-06].
2022-07-01 14:06:41,447 - INFO - Maximum log composite likelihood: -37.6903133531.
2022-07-01 14:06:41,447 - INFO - Optimal value of theta: 2311.39863209.
2022-07-01 14:06:41,447 - INFO - Beginning optimization with guess, [1.06112751e+01 7.31238813e+00 9.50650456e-07].
2022-07-01 14:06:41,606 - INFO - Finished optimization with guess, [1.06112751e+01 7.31238813e+00 9.50650456e-07].
2022-07-01 14:06:41,606 - INFO - Best fit parameters: [1.06112751e+01 7.31238813e+00 9.50650456e-07].
2022-07-01 14:06:41,644 - INFO - Maximum log composite likelihood: -37.6903133531.
2022-07-01 14:06:41,644 - INFO - Optimal value of theta: 2311.39863209.
2022-07-01 14:06:41,648 - INFO - Beginning demographic inference for three-epoch demographic model.
2022-07-01 14:06:41,653 - INFO - Beginning optimization with guess, [8.72602315e-02 1.05571532e-01 8.06695709e-07 6.09301969e-07].
2022-07-01 14:06:41,845 - INFO - Finished optimization with guess, [8.72602315e-02 1.05571532e-01 8.06695709e-07 6.09301969e-07].
2022-07-01 14:06:41,845 - INFO - Best fit parameters: [8.72602315e-02 1.05571532e-01 8.06695709e-07 6.09301969e-07].
2022-07-01 14:06:41,883 - INFO - Maximum log composite likelihood: -37.6903132924.
2022-07-01 14:06:41,884 - INFO - Optimal value of theta: 2311.39864576.
2022-07-01 14:06:41,884 - INFO - Beginning optimization with guess, [1.44480651e-01 1.00014392e-01 1.13665278e-06 1.07847718e-06].
2022-07-01 14:06:42,076 - INFO - Finished optimization with guess, [1.44480651e-01 1.00014392e-01 1.13665278e-06 1.07847718e-06].
2022-07-01 14:06:42,076 - INFO - Best fit parameters: [1.44480651e-01 1.00014392e-01 1.13665278e-06 1.07847718e-06].
2022-07-01 14:06:42,114 - INFO - Maximum log composite likelihood: -37.6903132637.
2022-07-01 14:06:42,115 - INFO - Optimal value of theta: 2311.39865223.
2022-07-01 14:06:42,115 - INFO - Beginning optimization with guess, [2.70551617e-01 2.95805753e-01 1.60730123e-06 1.09900222e-06].
2022-07-01 14:06:42,305 - INFO - Finished optimization with guess, [2.70551617e-01 2.95805753e-01 1.60730123e-06 1.09900222e-06].
2022-07-01 14:06:42,305 - INFO - Best fit parameters: [2.70551617e-01 2.95805753e-01 1.60730123e-06 1.09900222e-06].
2022-07-01 14:06:42,344 - INFO - Maximum log composite likelihood: -37.6903133332.
2022-07-01 14:06:42,344 - INFO - Optimal value of theta: 2311.39863658.
2022-07-01 14:06:42,344 - INFO - Beginning optimization with guess, [4.83196894e-01 3.85105465e-01 1.02722416e-06 9.89704635e-07].
2022-07-01 14:06:42,536 - INFO - Finished optimization with guess, [4.83196894e-01 3.85105465e-01 1.02722416e-06 9.89704635e-07].
2022-07-01 14:06:42,537 - INFO - Best fit parameters: [4.83196894e-01 3.85105465e-01 1.02722416e-06 9.89704635e-07].
2022-07-01 14:06:42,575 - INFO - Maximum log composite likelihood: -37.6903133495.
2022-07-01 14:06:42,576 - INFO - Optimal value of theta: 2311.39863289.
2022-07-01 14:06:42,576 - INFO - Beginning optimization with guess, [5.02878710e-01 9.76661515e-01 1.06847513e-06 1.17925295e-06].
2022-07-01 14:06:42,768 - INFO - Finished optimization with guess, [5.02878710e-01 9.76661515e-01 1.06847513e-06 1.17925295e-06].
2022-07-01 14:06:42,768 - INFO - Best fit parameters: [5.02878710e-01 9.76661515e-01 1.06847513e-06 1.17925295e-06].
2022-07-01 14:06:42,806 - INFO - Maximum log composite likelihood: -37.6903133517.
2022-07-01 14:06:42,806 - INFO - Optimal value of theta: 2311.39863241.
2022-07-01 14:06:42,806 - INFO - Beginning optimization with guess, [5.03225280e-01 4.84322528e-01 1.03037920e-06 1.51398079e-06].
2022-07-01 14:06:42,997 - INFO - Finished optimization with guess, [5.03225280e-01 4.84322528e-01 1.03037920e-06 1.51398079e-06].
2022-07-01 14:06:42,997 - INFO - Best fit parameters: [5.03225280e-01 4.84322528e-01 1.03037920e-06 1.51398079e-06].
2022-07-01 14:06:43,035 - INFO - Maximum log composite likelihood: -37.6903133491.
2022-07-01 14:06:43,035 - INFO - Optimal value of theta: 2311.39863299.
2022-07-01 14:06:43,035 - INFO - Beginning optimization with guess, [3.89217115e-01 4.22539100e-01 1.16093743e-06 1.03340575e-06].
2022-07-01 14:06:43,225 - INFO - Finished optimization with guess, [3.89217115e-01 4.22539100e-01 1.16093743e-06 1.03340575e-06].
2022-07-01 14:06:43,225 - INFO - Best fit parameters: [3.89217115e-01 4.22539100e-01 1.16093743e-06 1.03340575e-06].
2022-07-01 14:06:43,264 - INFO - Maximum log composite likelihood: -37.6903133479.
2022-07-01 14:06:43,264 - INFO - Optimal value of theta: 2311.39863325.
2022-07-01 14:06:43,265 - INFO - Beginning optimization with guess, [1.25256326e+00 1.07861625e+00 5.47895944e-07 6.14148390e-07].
2022-07-01 14:06:43,454 - INFO - Finished optimization with guess, [1.25256326e+00 1.07861625e+00 5.47895944e-07 6.14148390e-07].
2022-07-01 14:06:43,454 - INFO - Best fit parameters: [1.25256326e+00 1.07861625e+00 5.47895944e-07 6.14148390e-07].
2022-07-01 14:06:43,492 - INFO - Maximum log composite likelihood: -37.6903133531.
2022-07-01 14:06:43,492 - INFO - Optimal value of theta: 2311.39863209.
2022-07-01 14:06:43,493 - INFO - Beginning optimization with guess, [7.84781487e-01 1.57320950e+00 6.29674679e-07 1.70886852e-06].
2022-07-01 14:06:43,679 - INFO - Finished optimization with guess, [7.84781487e-01 1.57320950e+00 6.29674679e-07 1.70886852e-06].
2022-07-01 14:06:43,679 - INFO - Best fit parameters: [7.84781487e-01 1.57320950e+00 6.29674679e-07 1.70886852e-06].
2022-07-01 14:06:43,716 - INFO - Maximum log composite likelihood: -37.6903133531.
2022-07-01 14:06:43,717 - INFO - Optimal value of theta: 2311.39863207.
2022-07-01 14:06:43,717 - INFO - Beginning optimization with guess, [1.91060252e+00 7.08227089e-01 1.02486369e-06 1.96633546e-06].
2022-07-01 14:06:43,907 - INFO - Finished optimization with guess, [1.91060252e+00 7.08227089e-01 1.02486369e-06 1.96633546e-06].
2022-07-01 14:06:43,907 - INFO - Best fit parameters: [1.91060252e+00 7.08227089e-01 1.02486369e-06 1.96633546e-06].
2022-07-01 14:06:43,944 - INFO - Maximum log composite likelihood: -37.6903133528.
2022-07-01 14:06:43,947 - INFO - Optimal value of theta: 2311.39863216.
2022-07-01 14:06:43,947 - INFO - Beginning optimization with guess, [1.93761994e+00 2.19311910e+00 1.90073019e-06 1.18837696e-06].
2022-07-01 14:06:44,133 - INFO - Finished optimization with guess, [1.93761994e+00 2.19311910e+00 1.90073019e-06 1.18837696e-06].
2022-07-01 14:06:44,133 - INFO - Best fit parameters: [1.93761994e+00 2.19311910e+00 1.90073019e-06 1.18837696e-06].
2022-07-01 14:06:44,171 - INFO - Maximum log composite likelihood: -37.6903133537.
2022-07-01 14:06:44,171 - INFO - Optimal value of theta: 2311.39863195.
2022-07-01 14:06:44,171 - INFO - Beginning optimization with guess, [2.29095538e+00 8.35733139e-01 1.32787205e-06 9.99729819e-07].
2022-07-01 14:06:44,363 - INFO - Finished optimization with guess, [2.29095538e+00 8.35733139e-01 1.32787205e-06 9.99729819e-07].
2022-07-01 14:06:44,363 - INFO - Best fit parameters: [2.29095538e+00 8.35733139e-01 1.32787205e-06 9.99729819e-07].
2022-07-01 14:06:44,401 - INFO - Maximum log composite likelihood: -37.6903133534.
2022-07-01 14:06:44,401 - INFO - Optimal value of theta: 2311.39863201.
2022-07-01 14:06:44,401 - INFO - Beginning optimization with guess, [3.39379299e+00 1.59550852e+00 5.43421813e-07 7.95174600e-07].
2022-07-01 14:06:44,592 - INFO - Finished optimization with guess, [3.39379299e+00 1.59550852e+00 5.43421813e-07 7.95174600e-07].
2022-07-01 14:06:44,592 - INFO - Best fit parameters: [3.39379299e+00 1.59550852e+00 5.43421813e-07 7.95174600e-07].
2022-07-01 14:06:44,630 - INFO - Maximum log composite likelihood: -37.6903133532.
2022-07-01 14:06:44,631 - INFO - Optimal value of theta: 2311.39863207.
2022-07-01 14:06:44,631 - INFO - Beginning optimization with guess, [2.92056508e+00 3.99358499e+00 5.75100919e-07 9.02380641e-07].
2022-07-01 14:06:44,820 - INFO - Finished optimization with guess, [2.92056508e+00 3.99358499e+00 5.75100919e-07 9.02380641e-07].
2022-07-01 14:06:44,820 - INFO - Best fit parameters: [2.92056508e+00 3.99358499e+00 5.75100919e-07 9.02380641e-07].
2022-07-01 14:06:44,858 - INFO - Maximum log composite likelihood: -37.6903133531.
2022-07-01 14:06:44,858 - INFO - Optimal value of theta: 2311.39863208.
2022-07-01 14:06:44,858 - INFO - Beginning optimization with guess, [1.75351851e+00 2.21119737e+00 7.35154248e-07 1.75092720e-06].
2022-07-01 14:06:45,050 - INFO - Finished optimization with guess, [1.75351851e+00 2.21119737e+00 7.35154248e-07 1.75092720e-06].
2022-07-01 14:06:45,050 - INFO - Best fit parameters: [1.75351851e+00 2.21119737e+00 7.35154248e-07 1.75092720e-06].
2022-07-01 14:06:45,088 - INFO - Maximum log composite likelihood: -37.6903133534.
2022-07-01 14:06:45,088 - INFO - Optimal value of theta: 2311.39863201.
2022-07-01 14:06:45,089 - INFO - Beginning optimization with guess, [4.68883211e+00 1.28127752e+00 1.33324730e-06 6.45162091e-07].
2022-07-01 14:06:45,280 - INFO - Finished optimization with guess, [4.68883211e+00 1.28127752e+00 1.33324730e-06 6.45162091e-07].
2022-07-01 14:06:45,280 - INFO - Best fit parameters: [4.68883211e+00 1.28127752e+00 1.33324730e-06 6.45162091e-07].
2022-07-01 14:06:45,318 - INFO - Maximum log composite likelihood: -37.6903133534.
2022-07-01 14:06:45,319 - INFO - Optimal value of theta: 2311.39863203.
2022-07-01 14:06:45,319 - INFO - Beginning optimization with guess, [2.25614622e+00 2.98545972e+00 6.16225109e-07 5.61406365e-07].
2022-07-01 14:06:45,511 - INFO - Finished optimization with guess, [2.25614622e+00 2.98545972e+00 6.16225109e-07 5.61406365e-07].
2022-07-01 14:06:45,511 - INFO - Best fit parameters: [2.25614622e+00 2.98545972e+00 6.16225109e-07 5.61406365e-07].
2022-07-01 14:06:45,549 - INFO - Maximum log composite likelihood: -37.6903133531.
2022-07-01 14:06:45,550 - INFO - Optimal value of theta: 2311.39863208.
2022-07-01 14:06:45,550 - INFO - Beginning optimization with guess, [3.05099073e+00 2.03600290e+00 6.80186858e-07 1.56843412e-06].
2022-07-01 14:06:45,742 - INFO - Finished optimization with guess, [3.05099073e+00 2.03600290e+00 6.80186858e-07 1.56843412e-06].
2022-07-01 14:06:45,742 - INFO - Best fit parameters: [3.05099073e+00 2.03600290e+00 6.80186858e-07 1.56843412e-06].
2022-07-01 14:06:45,780 - INFO - Maximum log composite likelihood: -37.6903133534.
2022-07-01 14:06:45,781 - INFO - Optimal value of theta: 2311.39863201.
2022-07-01 14:06:45,781 - INFO - Beginning optimization with guess, [6.18939862e+00 2.34946712e+00 1.99006640e-06 1.90778163e-06].
2022-07-01 14:06:45,971 - INFO - Finished optimization with guess, [6.18939862e+00 2.34946712e+00 1.99006640e-06 1.90778163e-06].
2022-07-01 14:06:45,971 - INFO - Best fit parameters: [6.18939862e+00 2.34946712e+00 1.99006640e-06 1.90778163e-06].
2022-07-01 14:06:46,009 - INFO - Maximum log composite likelihood: -37.6903133541.
2022-07-01 14:06:46,010 - INFO - Optimal value of theta: 2311.39863187.
2022-07-01 14:06:46,010 - INFO - Beginning optimization with guess, [6.54943284e+00 2.77058028e+00 1.92761949e-06 1.47090950e-06].
2022-07-01 14:06:46,200 - INFO - Finished optimization with guess, [6.54943284e+00 2.77058028e+00 1.92761949e-06 1.47090950e-06].
2022-07-01 14:06:46,200 - INFO - Best fit parameters: [6.54943284e+00 2.77058028e+00 1.92761949e-06 1.47090950e-06].
2022-07-01 14:06:46,237 - INFO - Maximum log composite likelihood: -37.6903133537.
2022-07-01 14:06:46,237 - INFO - Optimal value of theta: 2311.39863194.
2022-07-01 14:06:46,237 - INFO - Beginning optimization with guess, [2.89197107e+00 2.23499572e+00 6.60703800e-07 1.76628260e-06].
2022-07-01 14:06:46,420 - INFO - Finished optimization with guess, [2.89197107e+00 2.23499572e+00 6.60703800e-07 1.76628260e-06].
2022-07-01 14:06:46,420 - INFO - Best fit parameters: [2.89197107e+00 2.23499572e+00 6.60703800e-07 1.76628260e-06].
2022-07-01 14:06:46,458 - INFO - Maximum log composite likelihood: -37.6903133535.
2022-07-01 14:06:46,458 - INFO - Optimal value of theta: 2311.398632.
2022-07-01 14:06:46,458 - INFO - Beginning optimization with guess, [8.06448828e+00 8.60723579e+00 6.58745632e-07 1.17394469e-06].
2022-07-01 14:06:46,647 - INFO - Finished optimization with guess, [8.06448828e+00 8.60723579e+00 6.58745632e-07 1.17394469e-06].
2022-07-01 14:06:46,648 - INFO - Best fit parameters: [8.06448828e+00 8.60723579e+00 6.58745632e-07 1.17394469e-06].
2022-07-01 14:06:46,685 - INFO - Maximum log composite likelihood: -37.6903133531.
2022-07-01 14:06:46,686 - INFO - Optimal value of theta: 2311.39863208.
2022-07-01 14:06:46,686 - INFO - Beginning optimization with guess, [8.37074642e+00 4.08163280e+00 1.48432322e-06 8.84726555e-07].
2022-07-01 14:06:46,871 - INFO - Finished optimization with guess, [8.37074642e+00 4.08163280e+00 1.48432322e-06 8.84726555e-07].
2022-07-01 14:06:46,871 - INFO - Best fit parameters: [8.37074642e+00 4.08163280e+00 1.48432322e-06 8.84726555e-07].
2022-07-01 14:06:46,907 - INFO - Maximum log composite likelihood: -37.6903133533.
2022-07-01 14:06:46,908 - INFO - Optimal value of theta: 2311.39863205.
2022-07-01 14:06:46,908 - INFO - Beginning optimization with guess, [8.41561712e+00 4.86824307e+00 1.57846898e-06 1.51965938e-06].
2022-07-01 14:06:47,088 - INFO - Finished optimization with guess, [8.41561712e+00 4.86824307e+00 1.57846898e-06 1.51965938e-06].
2022-07-01 14:06:47,088 - INFO - Best fit parameters: [8.41561712e+00 4.86824307e+00 1.57846898e-06 1.51965938e-06].
2022-07-01 14:06:47,124 - INFO - Maximum log composite likelihood: -37.6903133534.
2022-07-01 14:06:47,125 - INFO - Optimal value of theta: 2311.39863201.
2022-07-01 14:06:47,125 - INFO - Beginning optimization with guess, [5.55883410e+00 1.18491894e+01 1.23609786e-06 9.49724687e-07].
2022-07-01 14:06:47,316 - INFO - Finished optimization with guess, [5.55883410e+00 1.18491894e+01 1.23609786e-06 9.49724687e-07].
2022-07-01 14:06:47,316 - INFO - Best fit parameters: [5.55883410e+00 1.18491894e+01 1.23609786e-06 9.49724687e-07].
2022-07-01 14:06:47,355 - INFO - Maximum log composite likelihood: -37.6903133532.
2022-07-01 14:06:47,355 - INFO - Optimal value of theta: 2311.39863207.
2022-07-01 14:06:47,359 - INFO - Finished demographic inference.
2022-07-01 14:06:47,359 - INFO - Pipeline executed succesfully.
