2023-07-20 16:56:49,771 - INFO - Beginning execution of fit_one_epoch.py in directory /u/project/ngarud/jonmah/demo_for_ccgb/Scripts

2023-07-20 16:56:49,771 - INFO - Progress is being logged to ../Analysis/Bacteroides_uniformis_57318_downsampled_14/accessory_log.log

2023-07-20 16:56:49,771 - INFO - Parsed the following arguments:
	syn_input_sfs = ../Analysis/Bacteroides_uniformis_57318_downsampled_14/accessory_empirical_syn_downsampled_sfs.txt
	mask_singletons = False
	mask_doubletons = False
	outprefix = ../Analysis/Bacteroides_uniformis_57318_downsampled_14/accessory

2023-07-20 16:56:49,774 - INFO - Beginning demographic inference for one-epoch demographic model.
2023-07-20 16:56:49,776 - INFO - Beginning optimization with guess, [0.09077462].
2023-07-20 16:56:50,579 - INFO - Finished optimization with guess, [0.09077462].
2023-07-20 16:56:50,580 - INFO - Best fit parameters: [0.09077462].
2023-07-20 16:56:50,602 - INFO - Maximum log composite likelihood: -36.53443859500305.
2023-07-20 16:56:50,603 - INFO - Optimal value of theta: 831.2776197138688.
2023-07-20 16:56:50,603 - INFO - Beginning optimization with guess, [0.12250569].
2023-07-20 16:56:51,411 - INFO - Finished optimization with guess, [0.12250569].
2023-07-20 16:56:51,412 - INFO - Best fit parameters: [0.12250569].
2023-07-20 16:56:51,435 - INFO - Maximum log composite likelihood: -36.53443859500305.
2023-07-20 16:56:51,436 - INFO - Optimal value of theta: 831.2776197138688.
2023-07-20 16:56:51,436 - INFO - Beginning optimization with guess, [0.57411558].
2023-07-20 16:56:52,119 - INFO - Finished optimization with guess, [0.57411558].
2023-07-20 16:56:52,119 - INFO - Best fit parameters: [0.57411558].
2023-07-20 16:56:52,143 - INFO - Maximum log composite likelihood: -36.53443859500305.
2023-07-20 16:56:52,143 - INFO - Optimal value of theta: 831.2776197138688.
2023-07-20 16:56:52,143 - INFO - Beginning optimization with guess, [0.60127532].
2023-07-20 16:56:52,758 - INFO - Finished optimization with guess, [0.60127532].
2023-07-20 16:56:52,758 - INFO - Best fit parameters: [0.60127532].
2023-07-20 16:56:52,782 - INFO - Maximum log composite likelihood: -36.53443859500305.
2023-07-20 16:56:52,782 - INFO - Optimal value of theta: 831.2776197138688.
2023-07-20 16:56:52,782 - INFO - Beginning optimization with guess, [0.85599886].
2023-07-20 16:56:53,324 - INFO - Finished optimization with guess, [0.85599886].
2023-07-20 16:56:53,324 - INFO - Best fit parameters: [0.85599886].
2023-07-20 16:56:53,348 - INFO - Maximum log composite likelihood: -36.53443859500305.
2023-07-20 16:56:53,348 - INFO - Optimal value of theta: 831.2776197138688.
2023-07-20 16:56:53,348 - INFO - Beginning optimization with guess, [0.3478094].
2023-07-20 16:56:54,084 - INFO - Finished optimization with guess, [0.3478094].
2023-07-20 16:56:54,084 - INFO - Best fit parameters: [0.3478094].
2023-07-20 16:56:54,107 - INFO - Maximum log composite likelihood: -36.53443859500305.
2023-07-20 16:56:54,107 - INFO - Optimal value of theta: 831.2776197138688.
2023-07-20 16:56:54,107 - INFO - Beginning optimization with guess, [1.12810913].
2023-07-20 16:56:54,565 - INFO - Finished optimization with guess, [1.12810913].
2023-07-20 16:56:54,565 - INFO - Best fit parameters: [1.12810913].
2023-07-20 16:56:54,588 - INFO - Maximum log composite likelihood: -36.53443859500305.
2023-07-20 16:56:54,588 - INFO - Optimal value of theta: 831.2776197138688.
2023-07-20 16:56:54,588 - INFO - Beginning optimization with guess, [0.83162919].
2023-07-20 16:56:55,115 - INFO - Finished optimization with guess, [0.83162919].
2023-07-20 16:56:55,115 - INFO - Best fit parameters: [0.83162919].
2023-07-20 16:56:55,138 - INFO - Maximum log composite likelihood: -36.53443859500305.
2023-07-20 16:56:55,138 - INFO - Optimal value of theta: 831.2776197138688.
2023-07-20 16:56:55,138 - INFO - Beginning optimization with guess, [1.50617544].
2023-07-20 16:56:55,732 - INFO - Finished optimization with guess, [1.50617544].
2023-07-20 16:56:55,732 - INFO - Best fit parameters: [1.50617544].
2023-07-20 16:56:55,755 - INFO - Maximum log composite likelihood: -36.53443859500305.
2023-07-20 16:56:55,756 - INFO - Optimal value of theta: 831.2776197138688.
2023-07-20 16:56:55,756 - INFO - Beginning optimization with guess, [0.90168348].
2023-07-20 16:56:56,214 - INFO - Finished optimization with guess, [0.90168348].
2023-07-20 16:56:56,214 - INFO - Best fit parameters: [0.90168348].
2023-07-20 16:56:56,237 - INFO - Maximum log composite likelihood: -36.53443859500305.
2023-07-20 16:56:56,237 - INFO - Optimal value of theta: 831.2776197138688.
2023-07-20 16:56:56,237 - INFO - Beginning optimization with guess, [2.21137627].
2023-07-20 16:56:56,900 - INFO - Finished optimization with guess, [2.21137627].
2023-07-20 16:56:56,900 - INFO - Best fit parameters: [2.21137627].
2023-07-20 16:56:56,923 - INFO - Maximum log composite likelihood: -36.53443859500305.
2023-07-20 16:56:56,924 - INFO - Optimal value of theta: 831.2776197138688.
2023-07-20 16:56:56,924 - INFO - Beginning optimization with guess, [0.89340304].
2023-07-20 16:56:57,385 - INFO - Finished optimization with guess, [0.89340304].
2023-07-20 16:56:57,385 - INFO - Best fit parameters: [0.89340304].
2023-07-20 16:56:57,409 - INFO - Maximum log composite likelihood: -36.53443859500305.
2023-07-20 16:56:57,409 - INFO - Optimal value of theta: 831.2776197138688.
2023-07-20 16:56:57,410 - INFO - Beginning optimization with guess, [1.67761065].
2023-07-20 16:56:58,092 - INFO - Finished optimization with guess, [1.67761065].
2023-07-20 16:56:58,093 - INFO - Best fit parameters: [1.67761065].
2023-07-20 16:56:58,116 - INFO - Maximum log composite likelihood: -36.53443859500305.
2023-07-20 16:56:58,117 - INFO - Optimal value of theta: 831.2776197138688.
2023-07-20 16:56:58,117 - INFO - Beginning optimization with guess, [3.64938404].
2023-07-20 16:56:58,839 - INFO - Finished optimization with guess, [3.64938404].
2023-07-20 16:56:58,839 - INFO - Best fit parameters: [3.64938404].
2023-07-20 16:56:58,862 - INFO - Maximum log composite likelihood: -36.53443859500305.
2023-07-20 16:56:58,862 - INFO - Optimal value of theta: 831.2776197138688.
2023-07-20 16:56:58,862 - INFO - Beginning optimization with guess, [2.89902024].
2023-07-20 16:56:59,582 - INFO - Finished optimization with guess, [2.89902024].
2023-07-20 16:56:59,582 - INFO - Best fit parameters: [2.89902024].
2023-07-20 16:56:59,605 - INFO - Maximum log composite likelihood: -36.53443859500305.
2023-07-20 16:56:59,605 - INFO - Optimal value of theta: 831.2776197138688.
2023-07-20 16:56:59,605 - INFO - Beginning optimization with guess, [4.47542938].
2023-07-20 16:57:00,340 - INFO - Finished optimization with guess, [4.47542938].
2023-07-20 16:57:00,340 - INFO - Best fit parameters: [4.47542938].
2023-07-20 16:57:00,363 - INFO - Maximum log composite likelihood: -36.53443859500305.
2023-07-20 16:57:00,364 - INFO - Optimal value of theta: 831.2776197138688.
2023-07-20 16:57:00,364 - INFO - Beginning optimization with guess, [4.06533746].
2023-07-20 16:57:01,103 - INFO - Finished optimization with guess, [4.06533746].
2023-07-20 16:57:01,104 - INFO - Best fit parameters: [4.06533746].
2023-07-20 16:57:01,127 - INFO - Maximum log composite likelihood: -36.53443859500305.
2023-07-20 16:57:01,127 - INFO - Optimal value of theta: 831.2776197138688.
2023-07-20 16:57:01,127 - INFO - Beginning optimization with guess, [1.66894867].
2023-07-20 16:57:01,798 - INFO - Finished optimization with guess, [1.66894867].
2023-07-20 16:57:01,799 - INFO - Best fit parameters: [1.66894867].
2023-07-20 16:57:01,822 - INFO - Maximum log composite likelihood: -36.53443859500305.
2023-07-20 16:57:01,822 - INFO - Optimal value of theta: 831.2776197138688.
2023-07-20 16:57:01,822 - INFO - Beginning optimization with guess, [5.06226893].
2023-07-20 16:57:02,554 - INFO - Finished optimization with guess, [5.06226893].
2023-07-20 16:57:02,554 - INFO - Best fit parameters: [5.06226893].
2023-07-20 16:57:02,577 - INFO - Maximum log composite likelihood: -36.53443859500305.
2023-07-20 16:57:02,577 - INFO - Optimal value of theta: 831.2776197138688.
2023-07-20 16:57:02,577 - INFO - Beginning optimization with guess, [3.76609314].
2023-07-20 16:57:03,331 - INFO - Finished optimization with guess, [3.76609314].
2023-07-20 16:57:03,332 - INFO - Best fit parameters: [3.76609314].
2023-07-20 16:57:03,356 - INFO - Maximum log composite likelihood: -36.53443859500305.
2023-07-20 16:57:03,356 - INFO - Optimal value of theta: 831.2776197138688.
2023-07-20 16:57:03,356 - INFO - Beginning optimization with guess, [2.25989511].
2023-07-20 16:57:04,047 - INFO - Finished optimization with guess, [2.25989511].
2023-07-20 16:57:04,047 - INFO - Best fit parameters: [2.25989511].
2023-07-20 16:57:04,071 - INFO - Maximum log composite likelihood: -36.53443859500305.
2023-07-20 16:57:04,071 - INFO - Optimal value of theta: 831.2776197138688.
2023-07-20 16:57:04,071 - INFO - Beginning optimization with guess, [8.90227666].
2023-07-20 16:57:04,898 - INFO - Finished optimization with guess, [8.90227666].
2023-07-20 16:57:04,898 - INFO - Best fit parameters: [8.90227666].
2023-07-20 16:57:04,921 - INFO - Maximum log composite likelihood: -36.53443859500305.
2023-07-20 16:57:04,922 - INFO - Optimal value of theta: 831.2776197138688.
2023-07-20 16:57:04,922 - INFO - Beginning optimization with guess, [8.72292093].
2023-07-20 16:57:05,729 - INFO - Finished optimization with guess, [8.72292093].
2023-07-20 16:57:05,729 - INFO - Best fit parameters: [8.72292093].
2023-07-20 16:57:05,752 - INFO - Maximum log composite likelihood: -36.53443859500305.
2023-07-20 16:57:05,752 - INFO - Optimal value of theta: 831.2776197138688.
2023-07-20 16:57:05,752 - INFO - Beginning optimization with guess, [6.02424504].
2023-07-20 16:57:06,475 - INFO - Finished optimization with guess, [6.02424504].
2023-07-20 16:57:06,475 - INFO - Best fit parameters: [6.02424504].
2023-07-20 16:57:06,498 - INFO - Maximum log composite likelihood: -36.53443859500305.
2023-07-20 16:57:06,498 - INFO - Optimal value of theta: 831.2776197138688.
2023-07-20 16:57:06,500 - INFO - Beginning demographic inference for two-epoch demographic model.
2023-07-20 16:57:06,502 - INFO - Beginning optimization with guess, [0.17425559 0.00732193].
2023-07-20 16:57:07,669 - INFO - Finished optimization with guess, [0.17425559 0.00732193].
2023-07-20 16:57:07,669 - INFO - Best fit parameters: [0.43191367 0.03112423].
2023-07-20 16:57:07,693 - INFO - Maximum log composite likelihood: -26.878682668035424.
2023-07-20 16:57:07,694 - INFO - Optimal value of theta: 897.126007855526.
2023-07-20 16:57:07,694 - INFO - Beginning optimization with guess, [0.24610229 0.01942927].
2023-07-20 16:57:08,910 - INFO - Finished optimization with guess, [0.24610229 0.01942927].
2023-07-20 16:57:08,911 - INFO - Best fit parameters: [0.2892367  0.01540981].
2023-07-20 16:57:08,935 - INFO - Maximum log composite likelihood: -26.904575720324317.
2023-07-20 16:57:08,935 - INFO - Optimal value of theta: 894.8184739185835.
2023-07-20 16:57:08,936 - INFO - Beginning optimization with guess, [0.52234742 0.01426554].
2023-07-20 16:57:10,129 - INFO - Finished optimization with guess, [0.52234742 0.01426554].
2023-07-20 16:57:10,129 - INFO - Best fit parameters: [0.45802074 0.03636818].
2023-07-20 16:57:10,155 - INFO - Maximum log composite likelihood: -26.874922483433693.
2023-07-20 16:57:10,155 - INFO - Optimal value of theta: 899.5440827606402.
2023-07-20 16:57:10,155 - INFO - Beginning optimization with guess, [0.60355819 0.01745787].
2023-07-20 16:57:11,323 - INFO - Finished optimization with guess, [0.60355819 0.01745787].
2023-07-20 16:57:11,323 - INFO - Best fit parameters: [0.45658878 0.03614243].
2023-07-20 16:57:11,348 - INFO - Maximum log composite likelihood: -26.874929093950527.
2023-07-20 16:57:11,348 - INFO - Optimal value of theta: 899.5519223625633.
2023-07-20 16:57:11,348 - INFO - Beginning optimization with guess, [0.27545937 0.01977172].
2023-07-20 16:57:12,560 - INFO - Finished optimization with guess, [0.27545937 0.01977172].
2023-07-20 16:57:12,560 - INFO - Best fit parameters: [0.45571982 0.03585244].
2023-07-20 16:57:12,585 - INFO - Maximum log composite likelihood: -26.874961714062465.
2023-07-20 16:57:12,586 - INFO - Optimal value of theta: 899.2978610123922.
2023-07-20 16:57:12,586 - INFO - Beginning optimization with guess, [0.60802504 0.01491114].
2023-07-20 16:57:13,807 - INFO - Finished optimization with guess, [0.60802504 0.01491114].
2023-07-20 16:57:13,808 - INFO - Best fit parameters: [0.45615469 0.03592035].
2023-07-20 16:57:13,833 - INFO - Maximum log composite likelihood: -26.87496743145465.
2023-07-20 16:57:13,833 - INFO - Optimal value of theta: 899.295749318067.
2023-07-20 16:57:13,833 - INFO - Beginning optimization with guess, [0.50101326 0.00933352].
2023-07-20 16:57:14,972 - INFO - Finished optimization with guess, [0.50101326 0.00933352].
2023-07-20 16:57:14,972 - INFO - Best fit parameters: [0.45928265 0.0366348 ].
2023-07-20 16:57:14,997 - INFO - Maximum log composite likelihood: -26.874926095614626.
2023-07-20 16:57:14,997 - INFO - Optimal value of theta: 899.6466571207469.
2023-07-20 16:57:14,997 - INFO - Beginning optimization with guess, [0.53005548 0.0112396 ].
2023-07-20 16:57:16,153 - INFO - Finished optimization with guess, [0.53005548 0.0112396 ].
2023-07-20 16:57:16,154 - INFO - Best fit parameters: [0.45841394 0.03645248].
2023-07-20 16:57:16,178 - INFO - Maximum log composite likelihood: -26.874922505543225.
2023-07-20 16:57:16,179 - INFO - Optimal value of theta: 899.578454857992.
2023-07-20 16:57:16,179 - INFO - Beginning optimization with guess, [1.3628403  0.00689374].
2023-07-20 16:57:24,754 - INFO - Finished optimization with guess, [1.3628403  0.00689374].
2023-07-20 16:57:24,755 - INFO - Best fit parameters: [0.6801636  0.11706154].
2023-07-20 16:57:24,783 - INFO - Maximum log composite likelihood: -27.25343399775568.
2023-07-20 16:57:24,783 - INFO - Optimal value of theta: 904.697760198065.
2023-07-20 16:57:24,783 - INFO - Beginning optimization with guess, [0.90605585 0.01096278].
2023-07-20 16:57:26,223 - INFO - Finished optimization with guess, [0.90605585 0.01096278].
2023-07-20 16:57:26,223 - INFO - Best fit parameters: [0.57788839 0.06317251].
2023-07-20 16:57:26,248 - INFO - Maximum log composite likelihood: -26.95488367909013.
2023-07-20 16:57:26,248 - INFO - Optimal value of theta: 900.0041358690532.
2023-07-20 16:57:26,248 - INFO - Beginning optimization with guess, [0.98382221 0.01300991].
2023-07-20 16:57:27,634 - INFO - Finished optimization with guess, [0.98382221 0.01300991].
2023-07-20 16:57:27,635 - INFO - Best fit parameters: [0.64688875 0.11839752].
2023-07-20 16:57:27,661 - INFO - Maximum log composite likelihood: -27.085837994361214.
2023-07-20 16:57:27,661 - INFO - Optimal value of theta: 917.0946132876691.
2023-07-20 16:57:27,661 - INFO - Beginning optimization with guess, [0.81878043 0.01653964].
2023-07-20 16:57:28,975 - INFO - Finished optimization with guess, [0.81878043 0.01653964].
2023-07-20 16:57:28,975 - INFO - Best fit parameters: [0.52978927 0.05571977].
2023-07-20 16:57:29,000 - INFO - Maximum log composite likelihood: -26.899192592370923.
2023-07-20 16:57:29,001 - INFO - Optimal value of theta: 906.056890166333.
2023-07-20 16:57:29,001 - INFO - Beginning optimization with guess, [2.6066449  0.00614704].
2023-07-20 16:57:31,308 - INFO - Finished optimization with guess, [2.6066449  0.00614704].
2023-07-20 16:57:31,308 - INFO - Best fit parameters: [0.43463092 0.03160604].
2023-07-20 16:57:31,333 - INFO - Maximum log composite likelihood: -26.878083487886215.
2023-07-20 16:57:31,334 - INFO - Optimal value of theta: 897.3280591287003.
2023-07-20 16:57:31,334 - INFO - Beginning optimization with guess, [1.24102107 0.00684002].
2023-07-20 16:57:35,529 - INFO - Finished optimization with guess, [1.24102107 0.00684002].
2023-07-20 16:57:35,530 - INFO - Best fit parameters: [0.78552935 0.2343057 ].
2023-07-20 16:57:35,559 - INFO - Maximum log composite likelihood: -28.54368396173959.
2023-07-20 16:57:35,559 - INFO - Optimal value of theta: 902.1448953485982.
2023-07-20 16:57:35,559 - INFO - Beginning optimization with guess, [2.91366157 0.00879404].
2023-07-20 16:57:37,659 - INFO - Finished optimization with guess, [2.91366157 0.00879404].
2023-07-20 16:57:37,660 - INFO - Best fit parameters: [0.42210517 0.03022633].
2023-07-20 16:57:37,685 - INFO - Maximum log composite likelihood: -26.87697879078422.
2023-07-20 16:57:37,685 - INFO - Optimal value of theta: 897.9765400522281.
2023-07-20 16:57:37,685 - INFO - Beginning optimization with guess, [2.38560424 0.01004472].
2023-07-20 16:57:39,685 - INFO - Finished optimization with guess, [2.38560424 0.01004472].
2023-07-20 16:57:39,686 - INFO - Best fit parameters: [0.44161158 0.03322202].
2023-07-20 16:57:39,711 - INFO - Maximum log composite likelihood: -26.875583684590993.
2023-07-20 16:57:39,711 - INFO - Optimal value of theta: 898.4636696339469.
2023-07-20 16:57:39,711 - INFO - Beginning optimization with guess, [5.18366392 0.0193795 ].
2023-07-20 16:57:40,865 - INFO - Finished optimization with guess, [5.18366392 0.0193795 ].
2023-07-20 16:57:40,865 - INFO - Best fit parameters: [0.01366971 0.00039983].
2023-07-20 16:57:40,889 - INFO - Maximum log composite likelihood: -27.133877175892906.
2023-07-20 16:57:40,889 - INFO - Optimal value of theta: 882.0737089614764.
2023-07-20 16:57:40,889 - INFO - Beginning optimization with guess, [4.9525165  0.00855182].
2023-07-20 16:57:42,064 - INFO - Finished optimization with guess, [4.9525165  0.00855182].
2023-07-20 16:57:42,064 - INFO - Best fit parameters: [0.46469469 0.03803476].
2023-07-20 16:57:42,089 - INFO - Maximum log composite likelihood: -26.87560746120164.
2023-07-20 16:57:42,089 - INFO - Optimal value of theta: 900.47740126596.
2023-07-20 16:57:42,089 - INFO - Beginning optimization with guess, [2.99378944 0.00929711].
2023-07-20 16:57:43,354 - INFO - Finished optimization with guess, [2.99378944 0.00929711].
2023-07-20 16:57:43,354 - INFO - Best fit parameters: [0.51687967 0.04929748].
2023-07-20 16:57:43,380 - INFO - Maximum log composite likelihood: -26.88429767645914.
2023-07-20 16:57:43,380 - INFO - Optimal value of theta: 902.0737416243901.
2023-07-20 16:57:43,380 - INFO - Beginning optimization with guess, [3.52092525 0.01044587].
2023-07-20 16:57:44,693 - INFO - Finished optimization with guess, [3.52092525 0.01044587].
2023-07-20 16:57:44,694 - INFO - Best fit parameters: [0.57875208 0.07226204].
2023-07-20 16:57:44,720 - INFO - Maximum log composite likelihood: -26.93111792987463.
2023-07-20 16:57:44,720 - INFO - Optimal value of theta: 907.9182353743126.
2023-07-20 16:57:44,720 - INFO - Beginning optimization with guess, [3.31700947 0.01544019].
2023-07-20 16:57:45,929 - INFO - Finished optimization with guess, [3.31700947 0.01544019].
2023-07-20 16:57:45,930 - INFO - Best fit parameters: [0.48182847 0.04017551].
2023-07-20 16:57:45,956 - INFO - Maximum log composite likelihood: -26.87843683358767.
2023-07-20 16:57:45,957 - INFO - Optimal value of theta: 899.1854850960389.
2023-07-20 16:57:45,957 - INFO - Beginning optimization with guess, [5.37895467 0.00635948].
2023-07-20 16:57:47,351 - INFO - Finished optimization with guess, [5.37895467 0.00635948].
2023-07-20 16:57:47,351 - INFO - Best fit parameters: [0.33832358 0.01959318].
2023-07-20 16:57:47,375 - INFO - Maximum log composite likelihood: -26.893527231610676.
2023-07-20 16:57:47,375 - INFO - Optimal value of theta: 894.8543383093311.
2023-07-20 16:57:47,375 - INFO - Beginning optimization with guess, [4.47083616 0.00565576].
2023-07-20 16:57:49,226 - INFO - Finished optimization with guess, [4.47083616 0.00565576].
2023-07-20 16:57:49,227 - INFO - Best fit parameters: [0.57484708 0.06619936].
2023-07-20 16:57:49,251 - INFO - Maximum log composite likelihood: -26.92652901946451.
2023-07-20 16:57:49,252 - INFO - Optimal value of theta: 903.6422395887425.
2023-07-20 16:57:49,252 - INFO - Beginning optimization with guess, [12.77608118  0.01968933].
2023-07-20 16:57:50,405 - INFO - Finished optimization with guess, [12.77608118  0.01968933].
2023-07-20 16:57:50,405 - INFO - Best fit parameters: [4.43846914e-04 1.50188834e-05].
2023-07-20 16:57:50,429 - INFO - Maximum log composite likelihood: -26.978309496226075.
2023-07-20 16:57:50,430 - INFO - Optimal value of theta: 890.6689539209406.
2023-07-20 16:57:50,432 - INFO - Beginning demographic inference for three-epoch demographic model.
2023-07-20 16:57:50,441 - INFO - Beginning optimization with guess, [0.00863679 0.01177931 0.01381276 0.00678912].
2023-07-20 16:57:55,542 - INFO - Finished optimization with guess, [0.00863679 0.01177931 0.01381276 0.00678912].
2023-07-20 16:57:55,543 - INFO - Best fit parameters: [0.00521177 0.0094186  0.02475328 0.00675566].
2023-07-20 16:57:55,656 - INFO - Maximum log composite likelihood: -27.9602680465386.
2023-07-20 16:57:55,657 - INFO - Optimal value of theta: 74207.43691666484.
2023-07-20 16:57:55,657 - INFO - Beginning optimization with guess, [0.01644343 0.01369068 0.0079138  0.00500982].
2023-07-20 16:57:56,924 - INFO - Finished optimization with guess, [0.01644343 0.01369068 0.0079138  0.00500982].
2023-07-20 16:57:56,924 - INFO - Best fit parameters: [0.04606825 0.14178959 0.00136023 0.00136973].
2023-07-20 16:57:56,948 - INFO - Maximum log composite likelihood: -26.978252500885674.
2023-07-20 16:57:56,949 - INFO - Optimal value of theta: 894.5402258472819.
2023-07-20 16:57:56,949 - INFO - Beginning optimization with guess, [0.02786796 0.0173782  0.00649461 0.00595721].
2023-07-20 16:57:58,121 - INFO - Finished optimization with guess, [0.02786796 0.0173782  0.00649461 0.00595721].
2023-07-20 16:57:58,122 - INFO - Best fit parameters: [0.05743759 0.31402273 0.00203714 0.00076849].
2023-07-20 16:57:58,147 - INFO - Maximum log composite likelihood: -26.95764334365947.
2023-07-20 16:57:58,147 - INFO - Optimal value of theta: 892.2546477710093.
2023-07-20 16:57:58,147 - INFO - Beginning optimization with guess, [0.03707849 0.05406073 0.01046391 0.00623617].
2023-07-20 16:57:59,314 - INFO - Finished optimization with guess, [0.03707849 0.05406073 0.01046391 0.00623617].
2023-07-20 16:57:59,314 - INFO - Best fit parameters: [0.1670858  0.069827   0.00305799 0.00139998].
2023-07-20 16:57:59,339 - INFO - Maximum log composite likelihood: -26.959614833365208.
2023-07-20 16:57:59,339 - INFO - Optimal value of theta: 890.2264165394189.
2023-07-20 16:57:59,339 - INFO - Beginning optimization with guess, [0.0678814  0.03453409 0.01006043 0.01802302].
2023-07-20 16:58:00,605 - INFO - Finished optimization with guess, [0.0678814  0.03453409 0.01006043 0.01802302].
2023-07-20 16:58:00,605 - INFO - Best fit parameters: [0.06710214 0.42928707 0.00234779 0.00280032].
2023-07-20 16:58:00,629 - INFO - Maximum log composite likelihood: -26.93619209492931.
2023-07-20 16:58:00,629 - INFO - Optimal value of theta: 893.6418877989971.
2023-07-20 16:58:00,630 - INFO - Beginning optimization with guess, [1.0522222  0.44696096 0.00697162 0.01168156].
2023-07-20 16:58:01,834 - INFO - Finished optimization with guess, [1.0522222  0.44696096 0.00697162 0.01168156].
2023-07-20 16:58:01,834 - INFO - Best fit parameters: [1.05353103 0.40919364 0.00510469 0.02840952].
2023-07-20 16:58:01,860 - INFO - Maximum log composite likelihood: -26.87884691645371.
2023-07-20 16:58:01,860 - INFO - Optimal value of theta: 897.3317068664908.
2023-07-20 16:58:01,860 - INFO - Beginning optimization with guess, [0.80970789 1.16619381 0.01568096 0.01643625].
2023-07-20 16:58:03,159 - INFO - Finished optimization with guess, [0.80970789 1.16619381 0.01568096 0.01643625].
2023-07-20 16:58:03,159 - INFO - Best fit parameters: [0.65793075 1.10944835 0.12535859 0.00204963].
2023-07-20 16:58:03,187 - INFO - Maximum log composite likelihood: -27.20106264513481.
2023-07-20 16:58:03,188 - INFO - Optimal value of theta: 915.5469115523259.
2023-07-20 16:58:03,188 - INFO - Beginning optimization with guess, [0.44756351 1.2087123  0.01234375 0.00862267].
2023-07-20 16:58:04,413 - INFO - Finished optimization with guess, [0.44756351 1.2087123  0.01234375 0.00862267].
2023-07-20 16:58:04,413 - INFO - Best fit parameters: [0.406638   1.2175834  0.03205431 0.00639721].
2023-07-20 16:58:04,439 - INFO - Maximum log composite likelihood: -26.91264898551401.
2023-07-20 16:58:04,440 - INFO - Optimal value of theta: 901.5545666476858.
2023-07-20 16:58:04,440 - INFO - Beginning optimization with guess, [0.45576569 0.88547149 0.0113693  0.01329406].
2023-07-20 16:58:05,719 - INFO - Finished optimization with guess, [0.45576569 0.88547149 0.0113693  0.01329406].
2023-07-20 16:58:05,719 - INFO - Best fit parameters: [0.41165669 0.879246   0.0325166  0.01047723].
2023-07-20 16:58:05,745 - INFO - Maximum log composite likelihood: -26.930518235707666.
2023-07-20 16:58:05,746 - INFO - Optimal value of theta: 903.8473636013417.
2023-07-20 16:58:05,746 - INFO - Beginning optimization with guess, [0.79161864 0.53719121 0.00875193 0.00841101].
2023-07-20 16:58:06,971 - INFO - Finished optimization with guess, [0.79161864 0.53719121 0.00875193 0.00841101].
2023-07-20 16:58:06,971 - INFO - Best fit parameters: [0.77816908 0.48650412 0.00716471 0.04064893].
2023-07-20 16:58:06,997 - INFO - Maximum log composite likelihood: -26.87730843281247.
2023-07-20 16:58:06,997 - INFO - Optimal value of theta: 901.4314406808392.
2023-07-20 16:58:06,997 - INFO - Beginning optimization with guess, [0.94276464 2.33577883 0.00561806 0.00537023].
2023-07-20 16:58:08,167 - INFO - Finished optimization with guess, [0.94276464 2.33577883 0.00561806 0.00537023].
2023-07-20 16:58:08,167 - INFO - Best fit parameters: [8.75478675e-01 3.65807084e-01 3.61700469e-01 8.45389683e-11].
2023-07-20 16:58:08,198 - INFO - Maximum log composite likelihood: -31.231024987283035.
2023-07-20 16:58:08,198 - INFO - Optimal value of theta: 880.0765493783852.
2023-07-20 16:58:08,198 - INFO - Beginning optimization with guess, [1.11186148 1.38619855 0.00784134 0.00619018].
2023-07-20 16:58:09,331 - INFO - Finished optimization with guess, [1.11186148 1.38619855 0.00784134 0.00619018].
2023-07-20 16:58:09,331 - INFO - Best fit parameters: [9.71109231e-01 1.29492439e+00 1.95183685e-03 2.69249815e-05].
2023-07-20 16:58:09,356 - INFO - Maximum log composite likelihood: -36.500724300473735.
2023-07-20 16:58:09,356 - INFO - Optimal value of theta: 831.3712204779217.
2023-07-20 16:58:09,356 - INFO - Beginning optimization with guess, [1.66127617 2.27916912 0.00764399 0.01057117].
2023-07-20 16:58:10,435 - INFO - Finished optimization with guess, [1.66127617 2.27916912 0.00764399 0.01057117].
2023-07-20 16:58:10,435 - INFO - Best fit parameters: [8.25941788e-01 1.91439095e+00 3.28208484e-04 6.83067000e-05].
2023-07-20 16:58:10,460 - INFO - Maximum log composite likelihood: -36.51025912040012.
2023-07-20 16:58:10,460 - INFO - Optimal value of theta: 831.3439729743592.
2023-07-20 16:58:10,461 - INFO - Beginning optimization with guess, [1.09839711 1.35336454 0.00890776 0.01531893].
2023-07-20 16:58:11,491 - INFO - Finished optimization with guess, [1.09839711 1.35336454 0.00890776 0.01531893].
2023-07-20 16:58:11,491 - INFO - Best fit parameters: [9.22140540e-01 8.05583366e-01 3.60456013e-03 9.64054916e-08].
2023-07-20 16:58:11,515 - INFO - Maximum log composite likelihood: -36.34170651993111.
2023-07-20 16:58:11,516 - INFO - Optimal value of theta: 831.821421143234.
2023-07-20 16:58:11,516 - INFO - Beginning optimization with guess, [1.30227622 1.71045265 0.01593074 0.01722805].
2023-07-20 16:58:12,585 - INFO - Finished optimization with guess, [1.30227622 1.71045265 0.01593074 0.01722805].
2023-07-20 16:58:12,585 - INFO - Best fit parameters: [9.09698321e-01 1.24986157e+00 7.89507903e-04 9.80658575e-05].
2023-07-20 16:58:12,609 - INFO - Maximum log composite likelihood: -36.49572017624814.
2023-07-20 16:58:12,610 - INFO - Optimal value of theta: 831.38428177923.
2023-07-20 16:58:12,610 - INFO - Beginning optimization with guess, [1.69404776 1.3179069  0.00965407 0.00893423].
2023-07-20 16:58:13,747 - INFO - Finished optimization with guess, [1.69404776 1.3179069  0.00965407 0.00893423].
2023-07-20 16:58:13,747 - INFO - Best fit parameters: [1.35361540e+00 7.97057670e-01 1.16276365e-05 1.46735477e-04].
2023-07-20 16:58:13,772 - INFO - Maximum log composite likelihood: -36.511463308283396.
2023-07-20 16:58:13,772 - INFO - Optimal value of theta: 831.3403635356883.
2023-07-20 16:58:13,772 - INFO - Beginning optimization with guess, [4.93873532 5.33185112 0.01836173 0.01150149].
2023-07-20 16:58:14,885 - INFO - Finished optimization with guess, [4.93873532 5.33185112 0.01836173 0.01150149].
2023-07-20 16:58:14,885 - INFO - Best fit parameters: [2.51213627e+00 1.97792759e-01 6.15919836e-05 2.51335941e-04].
2023-07-20 16:58:14,909 - INFO - Maximum log composite likelihood: -35.896359739028355.
2023-07-20 16:58:14,910 - INFO - Optimal value of theta: 833.0642254198757.
2023-07-20 16:58:14,910 - INFO - Beginning optimization with guess, [3.85026723 2.26788599 0.00791543 0.00503688].
2023-07-20 16:58:15,986 - INFO - Finished optimization with guess, [3.85026723 2.26788599 0.00791543 0.00503688].
2023-07-20 16:58:15,986 - INFO - Best fit parameters: [2.89424234e+00 7.34549656e-01 3.71168945e-05 1.65188912e-04].
2023-07-20 16:58:16,010 - INFO - Maximum log composite likelihood: -36.51074272266834.
2023-07-20 16:58:16,010 - INFO - Optimal value of theta: 831.3423493180992.
2023-07-20 16:58:16,010 - INFO - Beginning optimization with guess, [6.28877662 2.51489704 0.01096443 0.01806671].
2023-07-20 16:58:17,062 - INFO - Finished optimization with guess, [6.28877662 2.51489704 0.01096443 0.01806671].
2023-07-20 16:58:17,062 - INFO - Best fit parameters: [2.94719748e+00 5.08676160e-01 7.56007721e-05 6.60757072e-04].
2023-07-20 16:58:17,086 - INFO - Maximum log composite likelihood: -36.15013779139741.
2023-07-20 16:58:17,086 - INFO - Optimal value of theta: 832.3464670237522.
2023-07-20 16:58:17,086 - INFO - Beginning optimization with guess, [4.56135401 4.59773042 0.00507784 0.01086592].
2023-07-20 16:58:18,115 - INFO - Finished optimization with guess, [4.56135401 4.59773042 0.00507784 0.01086592].
2023-07-20 16:58:18,115 - INFO - Best fit parameters: [5.08880889e-01 2.76623165e+00 1.41615248e-04 5.69160020e-05].
2023-07-20 16:58:18,139 - INFO - Maximum log composite likelihood: -36.46775682347368.
2023-07-20 16:58:18,140 - INFO - Optimal value of theta: 831.4602464121441.
2023-07-20 16:58:18,140 - INFO - Beginning optimization with guess, [3.38795563 7.34784567 0.01447206 0.01001273].
2023-07-20 16:58:19,251 - INFO - Finished optimization with guess, [3.38795563 7.34784567 0.01447206 0.01001273].
2023-07-20 16:58:19,251 - INFO - Best fit parameters: [3.50718123e-01 8.02991262e+00 3.96179597e-03 5.72671465e-05].
2023-07-20 16:58:19,276 - INFO - Maximum log composite likelihood: -32.57648964430609.
2023-07-20 16:58:19,276 - INFO - Optimal value of theta: 844.191222322994.
2023-07-20 16:58:19,277 - INFO - Beginning optimization with guess, [5.30841845 6.83521129 0.00925204 0.01512287].
2023-07-20 16:58:20,412 - INFO - Finished optimization with guess, [5.30841845 6.83521129 0.00925204 0.01512287].
2023-07-20 16:58:20,412 - INFO - Best fit parameters: [3.04431183e-01 2.75011793e+00 1.98623706e-04 7.35725475e-05].
2023-07-20 16:58:20,437 - INFO - Maximum log composite likelihood: -36.26597022470992.
2023-07-20 16:58:20,437 - INFO - Optimal value of theta: 832.018890013114.
2023-07-20 16:58:20,438 - INFO - Beginning optimization with guess, [9.07522768 6.8984894  0.01429592 0.01396902].
2023-07-20 16:58:21,598 - INFO - Finished optimization with guess, [9.07522768 6.8984894  0.01429592 0.01396902].
2023-07-20 16:58:21,599 - INFO - Best fit parameters: [2.64885205e+00 3.85420639e-01 5.02272491e-04 7.31105238e-04].
2023-07-20 16:58:21,623 - INFO - Maximum log composite likelihood: -35.98336827638127.
2023-07-20 16:58:21,624 - INFO - Optimal value of theta: 832.8234432942353.
2023-07-20 16:58:21,624 - INFO - Beginning optimization with guess, [7.72403153e+00 1.11229001e+01 1.13461150e-02 7.61032606e-03].
2023-07-20 16:58:22,733 - INFO - Finished optimization with guess, [7.72403153e+00 1.11229001e+01 1.13461150e-02 7.61032606e-03].
2023-07-20 16:58:22,734 - INFO - Best fit parameters: [3.21253078e+00 1.65789305e-01 3.26086320e-05 8.40679796e-04].
2023-07-20 16:58:22,757 - INFO - Maximum log composite likelihood: -34.033525494617834.
2023-07-20 16:58:22,758 - INFO - Optimal value of theta: 838.8439869683177.
2023-07-20 16:58:22,759 - INFO - Finished demographic inference.
2023-07-20 16:58:22,759 - INFO - Pipeline executed succesfully.
