2023-07-20 16:54:10,808 - INFO - Beginning execution of fit_one_epoch.py in directory /u/project/ngarud/jonmah/demo_for_ccgb/Scripts

2023-07-20 16:54:10,808 - INFO - Progress is being logged to ../Analysis/Bacteroides_uniformis_57318_downsampled_14/core_log.log

2023-07-20 16:54:10,808 - INFO - Parsed the following arguments:
	syn_input_sfs = ../Analysis/Bacteroides_uniformis_57318_downsampled_14/core_empirical_syn_downsampled_sfs.txt
	mask_singletons = False
	mask_doubletons = False
	outprefix = ../Analysis/Bacteroides_uniformis_57318_downsampled_14/core

2023-07-20 16:54:10,810 - INFO - Beginning demographic inference for one-epoch demographic model.
2023-07-20 16:54:10,813 - INFO - Beginning optimization with guess, [0.10253175].
2023-07-20 16:54:11,663 - INFO - Finished optimization with guess, [0.10253175].
2023-07-20 16:54:11,664 - INFO - Best fit parameters: [0.10253175].
2023-07-20 16:54:11,688 - INFO - Maximum log composite likelihood: -64.40683342552256.
2023-07-20 16:54:11,688 - INFO - Optimal value of theta: 2701.677355336329.
2023-07-20 16:54:11,689 - INFO - Beginning optimization with guess, [0.35928586].
2023-07-20 16:54:12,392 - INFO - Finished optimization with guess, [0.35928586].
2023-07-20 16:54:12,392 - INFO - Best fit parameters: [0.35928586].
2023-07-20 16:54:12,416 - INFO - Maximum log composite likelihood: -64.40683342552256.
2023-07-20 16:54:12,416 - INFO - Optimal value of theta: 2701.677355336329.
2023-07-20 16:54:12,417 - INFO - Beginning optimization with guess, [0.487608].
2023-07-20 16:54:13,119 - INFO - Finished optimization with guess, [0.487608].
2023-07-20 16:54:13,120 - INFO - Best fit parameters: [0.487608].
2023-07-20 16:54:13,144 - INFO - Maximum log composite likelihood: -64.40683342552256.
2023-07-20 16:54:13,144 - INFO - Optimal value of theta: 2701.677355336329.
2023-07-20 16:54:13,144 - INFO - Beginning optimization with guess, [0.33015033].
2023-07-20 16:54:13,922 - INFO - Finished optimization with guess, [0.33015033].
2023-07-20 16:54:13,922 - INFO - Best fit parameters: [0.33015033].
2023-07-20 16:54:13,947 - INFO - Maximum log composite likelihood: -64.40683342552256.
2023-07-20 16:54:13,947 - INFO - Optimal value of theta: 2701.677355336329.
2023-07-20 16:54:13,947 - INFO - Beginning optimization with guess, [0.32801156].
2023-07-20 16:54:14,722 - INFO - Finished optimization with guess, [0.32801156].
2023-07-20 16:54:14,722 - INFO - Best fit parameters: [0.32801156].
2023-07-20 16:54:14,746 - INFO - Maximum log composite likelihood: -64.40683342552256.
2023-07-20 16:54:14,746 - INFO - Optimal value of theta: 2701.677355336329.
2023-07-20 16:54:14,746 - INFO - Beginning optimization with guess, [0.44911913].
2023-07-20 16:54:15,448 - INFO - Finished optimization with guess, [0.44911913].
2023-07-20 16:54:15,448 - INFO - Best fit parameters: [0.44911913].
2023-07-20 16:54:15,472 - INFO - Maximum log composite likelihood: -64.40683342552256.
2023-07-20 16:54:15,472 - INFO - Optimal value of theta: 2701.677355336329.
2023-07-20 16:54:15,473 - INFO - Beginning optimization with guess, [0.94069275].
2023-07-20 16:54:15,883 - INFO - Finished optimization with guess, [0.94069275].
2023-07-20 16:54:15,883 - INFO - Best fit parameters: [0.94069275].
2023-07-20 16:54:15,907 - INFO - Maximum log composite likelihood: -64.40683342552256.
2023-07-20 16:54:15,907 - INFO - Optimal value of theta: 2701.677355336329.
2023-07-20 16:54:15,907 - INFO - Beginning optimization with guess, [0.73376424].
2023-07-20 16:54:16,532 - INFO - Finished optimization with guess, [0.73376424].
2023-07-20 16:54:16,532 - INFO - Best fit parameters: [0.73376424].
2023-07-20 16:54:16,556 - INFO - Maximum log composite likelihood: -64.40683342552256.
2023-07-20 16:54:16,557 - INFO - Optimal value of theta: 2701.677355336329.
2023-07-20 16:54:16,557 - INFO - Beginning optimization with guess, [0.50590778].
2023-07-20 16:54:17,255 - INFO - Finished optimization with guess, [0.50590778].
2023-07-20 16:54:17,255 - INFO - Best fit parameters: [0.50590778].
2023-07-20 16:54:17,279 - INFO - Maximum log composite likelihood: -64.40683342552256.
2023-07-20 16:54:17,279 - INFO - Optimal value of theta: 2701.677355336329.
2023-07-20 16:54:17,280 - INFO - Beginning optimization with guess, [0.69337642].
2023-07-20 16:54:17,904 - INFO - Finished optimization with guess, [0.69337642].
2023-07-20 16:54:17,904 - INFO - Best fit parameters: [0.69337642].
2023-07-20 16:54:17,928 - INFO - Maximum log composite likelihood: -64.40683342552256.
2023-07-20 16:54:17,928 - INFO - Optimal value of theta: 2701.677355336329.
2023-07-20 16:54:17,928 - INFO - Beginning optimization with guess, [0.95968113].
2023-07-20 16:54:18,337 - INFO - Finished optimization with guess, [0.95968113].
2023-07-20 16:54:18,337 - INFO - Best fit parameters: [0.95968113].
2023-07-20 16:54:18,361 - INFO - Maximum log composite likelihood: -64.40683342552256.
2023-07-20 16:54:18,361 - INFO - Optimal value of theta: 2701.677355336329.
2023-07-20 16:54:18,361 - INFO - Beginning optimization with guess, [1.05720956].
2023-07-20 16:54:18,770 - INFO - Finished optimization with guess, [1.05720956].
2023-07-20 16:54:18,770 - INFO - Best fit parameters: [1.05720956].
2023-07-20 16:54:18,794 - INFO - Maximum log composite likelihood: -64.40683342552256.
2023-07-20 16:54:18,794 - INFO - Optimal value of theta: 2701.677355336329.
2023-07-20 16:54:18,794 - INFO - Beginning optimization with guess, [2.50595184].
2023-07-20 16:54:19,490 - INFO - Finished optimization with guess, [2.50595184].
2023-07-20 16:54:19,491 - INFO - Best fit parameters: [2.50595184].
2023-07-20 16:54:19,515 - INFO - Maximum log composite likelihood: -64.40683342552256.
2023-07-20 16:54:19,515 - INFO - Optimal value of theta: 2701.677355336329.
2023-07-20 16:54:19,515 - INFO - Beginning optimization with guess, [2.83885824].
2023-07-20 16:54:20,284 - INFO - Finished optimization with guess, [2.83885824].
2023-07-20 16:54:20,284 - INFO - Best fit parameters: [2.83885824].
2023-07-20 16:54:20,308 - INFO - Maximum log composite likelihood: -64.40683342552256.
2023-07-20 16:54:20,309 - INFO - Optimal value of theta: 2701.677355336329.
2023-07-20 16:54:20,309 - INFO - Beginning optimization with guess, [1.26625997].
2023-07-20 16:54:20,862 - INFO - Finished optimization with guess, [1.26625997].
2023-07-20 16:54:20,862 - INFO - Best fit parameters: [1.26625997].
2023-07-20 16:54:20,886 - INFO - Maximum log composite likelihood: -64.40683342552256.
2023-07-20 16:54:20,886 - INFO - Optimal value of theta: 2701.677355336329.
2023-07-20 16:54:20,886 - INFO - Beginning optimization with guess, [2.10219284].
2023-07-20 16:54:21,583 - INFO - Finished optimization with guess, [2.10219284].
2023-07-20 16:54:21,583 - INFO - Best fit parameters: [2.10219284].
2023-07-20 16:54:21,607 - INFO - Maximum log composite likelihood: -64.40683342552256.
2023-07-20 16:54:21,607 - INFO - Optimal value of theta: 2701.677355336329.
2023-07-20 16:54:21,607 - INFO - Beginning optimization with guess, [2.08684672].
2023-07-20 16:54:22,308 - INFO - Finished optimization with guess, [2.08684672].
2023-07-20 16:54:22,308 - INFO - Best fit parameters: [2.08684672].
2023-07-20 16:54:22,332 - INFO - Maximum log composite likelihood: -64.40683342552256.
2023-07-20 16:54:22,333 - INFO - Optimal value of theta: 2701.677355336329.
2023-07-20 16:54:22,333 - INFO - Beginning optimization with guess, [3.9908929].
2023-07-20 16:54:23,107 - INFO - Finished optimization with guess, [3.9908929].
2023-07-20 16:54:23,107 - INFO - Best fit parameters: [3.9908929].
2023-07-20 16:54:23,132 - INFO - Maximum log composite likelihood: -64.40683342552256.
2023-07-20 16:54:23,132 - INFO - Optimal value of theta: 2701.677355336329.
2023-07-20 16:54:23,132 - INFO - Beginning optimization with guess, [5.60031447].
2023-07-20 16:54:23,905 - INFO - Finished optimization with guess, [5.60031447].
2023-07-20 16:54:23,905 - INFO - Best fit parameters: [5.60031447].
2023-07-20 16:54:23,929 - INFO - Maximum log composite likelihood: -64.40683342552256.
2023-07-20 16:54:23,930 - INFO - Optimal value of theta: 2701.677355336329.
2023-07-20 16:54:23,930 - INFO - Beginning optimization with guess, [5.64171673].
2023-07-20 16:54:24,699 - INFO - Finished optimization with guess, [5.64171673].
2023-07-20 16:54:24,699 - INFO - Best fit parameters: [5.64171673].
2023-07-20 16:54:24,723 - INFO - Maximum log composite likelihood: -64.40683342552256.
2023-07-20 16:54:24,723 - INFO - Optimal value of theta: 2701.677355336329.
2023-07-20 16:54:24,723 - INFO - Beginning optimization with guess, [7.24131046].
2023-07-20 16:54:25,490 - INFO - Finished optimization with guess, [7.24131046].
2023-07-20 16:54:25,490 - INFO - Best fit parameters: [7.24131046].
2023-07-20 16:54:25,515 - INFO - Maximum log composite likelihood: -64.40683342552256.
2023-07-20 16:54:25,515 - INFO - Optimal value of theta: 2701.677355336329.
2023-07-20 16:54:25,515 - INFO - Beginning optimization with guess, [2.9896698].
2023-07-20 16:54:26,282 - INFO - Finished optimization with guess, [2.9896698].
2023-07-20 16:54:26,282 - INFO - Best fit parameters: [2.9896698].
2023-07-20 16:54:26,306 - INFO - Maximum log composite likelihood: -64.40683342552256.
2023-07-20 16:54:26,306 - INFO - Optimal value of theta: 2701.677355336329.
2023-07-20 16:54:26,307 - INFO - Beginning optimization with guess, [3.38998507].
2023-07-20 16:54:27,075 - INFO - Finished optimization with guess, [3.38998507].
2023-07-20 16:54:27,075 - INFO - Best fit parameters: [3.38998507].
2023-07-20 16:54:27,099 - INFO - Maximum log composite likelihood: -64.40683342552256.
2023-07-20 16:54:27,099 - INFO - Optimal value of theta: 2701.677355336329.
2023-07-20 16:54:27,099 - INFO - Beginning optimization with guess, [3.87861953].
2023-07-20 16:54:27,867 - INFO - Finished optimization with guess, [3.87861953].
2023-07-20 16:54:27,867 - INFO - Best fit parameters: [3.87861953].
2023-07-20 16:54:27,891 - INFO - Maximum log composite likelihood: -64.40683342552256.
2023-07-20 16:54:27,891 - INFO - Optimal value of theta: 2701.677355336329.
2023-07-20 16:54:27,893 - INFO - Beginning demographic inference for two-epoch demographic model.
2023-07-20 16:54:27,896 - INFO - Beginning optimization with guess, [0.10374906 0.01054883].
2023-07-20 16:54:29,730 - INFO - Finished optimization with guess, [0.10374906 0.01054883].
2023-07-20 16:54:29,730 - INFO - Best fit parameters: [1.47464019 0.60225597].
2023-07-20 16:54:29,762 - INFO - Maximum log composite likelihood: -30.954017709705795.
2023-07-20 16:54:29,762 - INFO - Optimal value of theta: 2232.8763864044945.
2023-07-20 16:54:29,763 - INFO - Beginning optimization with guess, [0.30932338 0.0108022 ].
2023-07-20 16:54:32,792 - INFO - Finished optimization with guess, [0.30932338 0.0108022 ].
2023-07-20 16:54:32,793 - INFO - Best fit parameters: [1.64588736 1.1712037 ].
2023-07-20 16:54:32,830 - INFO - Maximum log composite likelihood: -30.72006894119022.
2023-07-20 16:54:32,830 - INFO - Optimal value of theta: 1950.8840335835705.
2023-07-20 16:54:32,831 - INFO - Beginning optimization with guess, [0.26746789 0.00548113].
2023-07-20 16:54:37,199 - INFO - Finished optimization with guess, [0.26746789 0.00548113].
2023-07-20 16:54:37,200 - INFO - Best fit parameters: [1.6092651 0.9633168].
2023-07-20 16:54:37,235 - INFO - Maximum log composite likelihood: -30.822643357347943.
2023-07-20 16:54:37,236 - INFO - Optimal value of theta: 2027.5582885290871.
2023-07-20 16:54:37,236 - INFO - Beginning optimization with guess, [0.42935122 0.01092482].
2023-07-20 16:54:40,467 - INFO - Finished optimization with guess, [0.42935122 0.01092482].
2023-07-20 16:54:40,468 - INFO - Best fit parameters: [1.67015672 1.22839364].
2023-07-20 16:54:40,505 - INFO - Maximum log composite likelihood: -30.713431541765203.
2023-07-20 16:54:40,505 - INFO - Optimal value of theta: 1921.728131397416.
2023-07-20 16:54:40,506 - INFO - Beginning optimization with guess, [0.36905755 0.01178542].
2023-07-20 16:54:43,523 - INFO - Finished optimization with guess, [0.36905755 0.01178542].
2023-07-20 16:54:43,523 - INFO - Best fit parameters: [1.56348601 0.9379896 ].
2023-07-20 16:54:43,559 - INFO - Maximum log composite likelihood: -30.74268424174602.
2023-07-20 16:54:43,559 - INFO - Optimal value of theta: 2065.7374310959162.
2023-07-20 16:54:43,559 - INFO - Beginning optimization with guess, [0.80952145 0.01716018].
2023-07-20 16:54:47,266 - INFO - Finished optimization with guess, [0.80952145 0.01716018].
2023-07-20 16:54:47,267 - INFO - Best fit parameters: [1.45781109 0.32976179].
2023-07-20 16:54:47,297 - INFO - Maximum log composite likelihood: -31.98713608361777.
2023-07-20 16:54:47,298 - INFO - Optimal value of theta: 2369.379813528811.
2023-07-20 16:54:47,298 - INFO - Beginning optimization with guess, [0.44562296 0.01199914].
2023-07-20 16:54:50,372 - INFO - Finished optimization with guess, [0.44562296 0.01199914].
2023-07-20 16:54:50,373 - INFO - Best fit parameters: [1.62979732 1.17510302].
2023-07-20 16:54:50,410 - INFO - Maximum log composite likelihood: -30.789394621180236.
2023-07-20 16:54:50,411 - INFO - Optimal value of theta: 1960.996574996884.
2023-07-20 16:54:50,411 - INFO - Beginning optimization with guess, [1.05910745 0.01538289].
2023-07-20 16:54:51,849 - INFO - Finished optimization with guess, [1.05910745 0.01538289].
2023-07-20 16:54:51,849 - INFO - Best fit parameters: [1.48202396 0.57519291].
2023-07-20 16:54:51,880 - INFO - Maximum log composite likelihood: -31.04621696352706.
2023-07-20 16:54:51,880 - INFO - Optimal value of theta: 2238.341096134586.
2023-07-20 16:54:51,881 - INFO - Beginning optimization with guess, [1.62219628 0.01130668].
2023-07-20 16:54:53,202 - INFO - Finished optimization with guess, [1.62219628 0.01130668].
2023-07-20 16:54:53,202 - INFO - Best fit parameters: [1.48840256 0.62852624].
2023-07-20 16:54:53,234 - INFO - Maximum log composite likelihood: -30.94524095898305.
2023-07-20 16:54:53,235 - INFO - Optimal value of theta: 2214.073875000234.
2023-07-20 16:54:53,235 - INFO - Beginning optimization with guess, [0.70715192 0.0053628 ].
2023-07-20 16:54:58,147 - INFO - Finished optimization with guess, [0.70715192 0.0053628 ].
2023-07-20 16:54:58,148 - INFO - Best fit parameters: [1.66263688 1.07853832].
2023-07-20 16:54:58,185 - INFO - Maximum log composite likelihood: -30.84651063510819.
2023-07-20 16:54:58,185 - INFO - Optimal value of theta: 1962.1541052112343.
2023-07-20 16:54:58,185 - INFO - Beginning optimization with guess, [1.23707149 0.00598938].
2023-07-20 16:54:59,718 - INFO - Finished optimization with guess, [1.23707149 0.00598938].
2023-07-20 16:54:59,718 - INFO - Best fit parameters: [1.66608663 1.19202302].
2023-07-20 16:54:59,755 - INFO - Maximum log composite likelihood: -30.69980921847855.
2023-07-20 16:54:59,755 - INFO - Optimal value of theta: 1932.6004001799026.
2023-07-20 16:54:59,755 - INFO - Beginning optimization with guess, [1.03955417 0.00550042].
2023-07-20 16:55:01,283 - INFO - Finished optimization with guess, [1.03955417 0.00550042].
2023-07-20 16:55:01,283 - INFO - Best fit parameters: [1.53247415 0.79809761].
2023-07-20 16:55:01,319 - INFO - Maximum log composite likelihood: -30.801510054936216.
2023-07-20 16:55:01,320 - INFO - Optimal value of theta: 2127.5738319516736.
2023-07-20 16:55:01,320 - INFO - Beginning optimization with guess, [1.75818244 0.0062724 ].
2023-07-20 16:55:02,519 - INFO - Finished optimization with guess, [1.75818244 0.0062724 ].
2023-07-20 16:55:02,519 - INFO - Best fit parameters: [1.39431762 0.41627185].
2023-07-20 16:55:02,549 - INFO - Maximum log composite likelihood: -31.64611084535977.
2023-07-20 16:55:02,550 - INFO - Optimal value of theta: 2360.5563514446812.
2023-07-20 16:55:02,550 - INFO - Beginning optimization with guess, [2.23001936 0.0140948 ].
2023-07-20 16:55:03,755 - INFO - Finished optimization with guess, [2.23001936 0.0140948 ].
2023-07-20 16:55:03,755 - INFO - Best fit parameters: [1.59981617 0.10734616].
2023-07-20 16:55:03,781 - INFO - Maximum log composite likelihood: -36.91746643071474.
2023-07-20 16:55:03,781 - INFO - Optimal value of theta: 2517.867181003075.
2023-07-20 16:55:03,781 - INFO - Beginning optimization with guess, [3.45000838 0.01183291].
2023-07-20 16:55:04,962 - INFO - Finished optimization with guess, [3.45000838 0.01183291].
2023-07-20 16:55:04,962 - INFO - Best fit parameters: [1.56812395 0.10529105].
2023-07-20 16:55:04,988 - INFO - Maximum log composite likelihood: -37.220191617762566.
2023-07-20 16:55:04,988 - INFO - Optimal value of theta: 2526.857976490172.
2023-07-20 16:55:04,988 - INFO - Beginning optimization with guess, [2.50153727 0.0172589 ].
2023-07-20 16:55:06,249 - INFO - Finished optimization with guess, [2.50153727 0.0172589 ].
2023-07-20 16:55:06,249 - INFO - Best fit parameters: [1.52651487 0.65710959].
2023-07-20 16:55:06,281 - INFO - Maximum log composite likelihood: -31.15337855767416.
2023-07-20 16:55:06,281 - INFO - Optimal value of theta: 2178.7210698288845.
2023-07-20 16:55:06,282 - INFO - Beginning optimization with guess, [2.05058078 0.00831418].
2023-07-20 16:55:07,467 - INFO - Finished optimization with guess, [2.05058078 0.00831418].
2023-07-20 16:55:07,468 - INFO - Best fit parameters: [1.4921247  0.13700782].
2023-07-20 16:55:07,494 - INFO - Maximum log composite likelihood: -35.88027517181854.
2023-07-20 16:55:07,494 - INFO - Optimal value of theta: 2507.24670780323.
2023-07-20 16:55:07,494 - INFO - Beginning optimization with guess, [1.67468704 0.01027912].
2023-07-20 16:55:08,790 - INFO - Finished optimization with guess, [1.67468704 0.01027912].
2023-07-20 16:55:08,791 - INFO - Best fit parameters: [1.38811426 0.41993509].
2023-07-20 16:55:08,821 - INFO - Maximum log composite likelihood: -31.71061479662967.
2023-07-20 16:55:08,821 - INFO - Optimal value of theta: 2362.82013471522.
2023-07-20 16:55:08,821 - INFO - Beginning optimization with guess, [2.4951282  0.01081647].
2023-07-20 16:55:10,086 - INFO - Finished optimization with guess, [2.4951282  0.01081647].
2023-07-20 16:55:10,086 - INFO - Best fit parameters: [1.54451008 0.63178964].
2023-07-20 16:55:10,118 - INFO - Maximum log composite likelihood: -31.53819303666978.
2023-07-20 16:55:10,118 - INFO - Optimal value of theta: 2176.875031627144.
2023-07-20 16:55:10,119 - INFO - Beginning optimization with guess, [4.44802298 0.01032068].
2023-07-20 16:55:11,267 - INFO - Finished optimization with guess, [4.44802298 0.01032068].
2023-07-20 16:55:11,268 - INFO - Best fit parameters: [2.38729707 0.054596  ].
2023-07-20 16:55:11,293 - INFO - Maximum log composite likelihood: -39.87117739449445.
2023-07-20 16:55:11,293 - INFO - Optimal value of theta: 2538.067286637234.
2023-07-20 16:55:11,293 - INFO - Beginning optimization with guess, [2.06692431 0.00617814].
2023-07-20 16:55:12,582 - INFO - Finished optimization with guess, [2.06692431 0.00617814].
2023-07-20 16:55:12,582 - INFO - Best fit parameters: [1.43628718 0.22765671].
2023-07-20 16:55:12,610 - INFO - Maximum log composite likelihood: -33.28297663930448.
2023-07-20 16:55:12,610 - INFO - Optimal value of theta: 2446.382303444062.
2023-07-20 16:55:12,610 - INFO - Beginning optimization with guess, [7.8228723  0.00818367].
2023-07-20 16:55:13,830 - INFO - Finished optimization with guess, [7.8228723  0.00818367].
2023-07-20 16:55:13,831 - INFO - Best fit parameters: [1.87924722 0.06606808].
2023-07-20 16:55:13,857 - INFO - Maximum log composite likelihood: -39.2238387792313.
2023-07-20 16:55:13,857 - INFO - Optimal value of theta: 2547.0186128790647.
2023-07-20 16:55:13,857 - INFO - Beginning optimization with guess, [10.10158326  0.01649229].
2023-07-20 16:55:15,030 - INFO - Finished optimization with guess, [10.10158326  0.01649229].
2023-07-20 16:55:15,030 - INFO - Best fit parameters: [1.78444005 0.11530624].
2023-07-20 16:55:15,056 - INFO - Maximum log composite likelihood: -37.17751577701392.
2023-07-20 16:55:15,056 - INFO - Optimal value of theta: 2472.980569131918.
2023-07-20 16:55:15,057 - INFO - Beginning optimization with guess, [4.61085082 0.0080157 ].
2023-07-20 16:55:16,237 - INFO - Finished optimization with guess, [4.61085082 0.0080157 ].
2023-07-20 16:55:16,237 - INFO - Best fit parameters: [2.12572266 0.05614316].
2023-07-20 16:55:16,262 - INFO - Maximum log composite likelihood: -39.786773527298465.
2023-07-20 16:55:16,263 - INFO - Optimal value of theta: 2549.1937163702783.
2023-07-20 16:55:16,264 - INFO - Beginning demographic inference for three-epoch demographic model.
2023-07-20 16:55:16,426 - INFO - Beginning optimization with guess, [0.01259005 0.00553707 0.00566862 0.01049836].
2023-07-20 16:56:06,313 - INFO - Finished optimization with guess, [0.01259005 0.00553707 0.00566862 0.01049836].
2023-07-20 16:56:06,314 - INFO - Best fit parameters: [0.00691079 0.00121635 0.0046991  0.05755042].
2023-07-20 16:56:07,177 - INFO - Maximum log composite likelihood: -64.40683341061026.
2023-07-20 16:56:07,177 - INFO - Optimal value of theta: 2221142.69789456.
2023-07-20 16:56:07,178 - INFO - Beginning optimization with guess, [0.02847106 0.01391993 0.01463631 0.01151998].
2023-07-20 16:59:29,876 - INFO - Finished optimization with guess, [0.02847106 0.01391993 0.01463631 0.01151998].
2023-07-20 16:59:29,877 - INFO - Best fit parameters: [0.00485885 0.00468319 0.00856508 0.79590996].
2023-07-20 16:59:32,748 - INFO - Maximum log composite likelihood: -64.40683340674968.
2023-07-20 16:59:32,749 - INFO - Optimal value of theta: 576888.4655286944.
2023-07-20 16:59:32,749 - INFO - Beginning optimization with guess, [0.04905143 0.03528765 0.00757867 0.01313627].
2023-07-20 16:59:33,813 - INFO - Finished optimization with guess, [0.04905143 0.03528765 0.00757867 0.01313627].
2023-07-20 16:59:33,813 - INFO - Best fit parameters: [8.64996270e-02 1.55352461e+02 4.48610754e-06 8.35739295e-05].
2023-07-20 16:59:33,837 - INFO - Maximum log composite likelihood: -64.33272572082433.
2023-07-20 16:59:33,837 - INFO - Optimal value of theta: 2701.4446860231797.
2023-07-20 16:59:33,837 - INFO - Beginning optimization with guess, [0.0359562  0.02323747 0.00906068 0.00935581].
2023-07-20 16:59:34,974 - INFO - Finished optimization with guess, [0.0359562  0.02323747 0.00906068 0.00935581].
2023-07-20 16:59:34,974 - INFO - Best fit parameters: [1.14124739e-01 3.40110640e+02 3.10993173e-06 3.43440747e-05].
2023-07-20 16:59:34,997 - INFO - Maximum log composite likelihood: -64.38708840303048.
2023-07-20 16:59:34,998 - INFO - Optimal value of theta: 2701.6154039249654.
2023-07-20 16:59:34,998 - INFO - Beginning optimization with guess, [0.090023   0.03163728 0.0054273  0.00543431].
2023-07-20 16:59:36,032 - INFO - Finished optimization with guess, [0.090023   0.03163728 0.0054273  0.00543431].
2023-07-20 16:59:36,033 - INFO - Best fit parameters: [9.56852351e-02 1.32599042e+03 3.32158637e-07 9.48805160e-06].
2023-07-20 16:59:36,056 - INFO - Maximum log composite likelihood: -64.39507530172.
2023-07-20 16:59:36,057 - INFO - Optimal value of theta: 2701.640456673242.
2023-07-20 16:59:36,057 - INFO - Beginning optimization with guess, [0.51251091 0.34386853 0.01369072 0.0190256 ].
2023-07-20 16:59:37,024 - INFO - Finished optimization with guess, [0.51251091 0.34386853 0.01369072 0.0190256 ].
2023-07-20 16:59:37,025 - INFO - Best fit parameters: [4.50485146e-01 4.24824759e+00 5.57686742e-05 1.01916008e-03].
2023-07-20 16:59:37,048 - INFO - Maximum log composite likelihood: -63.08560201799855.
2023-07-20 16:59:37,049 - INFO - Optimal value of theta: 2697.4604565866302.
2023-07-20 16:59:37,049 - INFO - Beginning optimization with guess, [0.5576415  0.46844414 0.00725814 0.00611306].
2023-07-20 16:59:38,157 - INFO - Finished optimization with guess, [0.5576415  0.46844414 0.00725814 0.00611306].
2023-07-20 16:59:38,158 - INFO - Best fit parameters: [5.98437103e-01 1.70065768e+00 1.30465795e-06 9.16895621e-03].
2023-07-20 16:59:38,183 - INFO - Maximum log composite likelihood: -58.14841200001274.
2023-07-20 16:59:38,183 - INFO - Optimal value of theta: 2679.9982636751124.
2023-07-20 16:59:38,183 - INFO - Beginning optimization with guess, [0.73941241 0.66930591 0.00874848 0.00941085].
2023-07-20 16:59:39,243 - INFO - Finished optimization with guess, [0.73941241 0.66930591 0.00874848 0.00941085].
2023-07-20 16:59:39,243 - INFO - Best fit parameters: [8.69609320e-01 1.11330285e+00 4.11505521e-05 1.96096338e-03].
2023-07-20 16:59:39,267 - INFO - Maximum log composite likelihood: -64.04888792758629.
2023-07-20 16:59:39,268 - INFO - Optimal value of theta: 2700.5405837926573.
2023-07-20 16:59:39,268 - INFO - Beginning optimization with guess, [1.27765208 1.11805965 0.0072735  0.00816538].
2023-07-20 16:59:40,570 - INFO - Finished optimization with guess, [1.27765208 1.11805965 0.0072735  0.00816538].
2023-07-20 16:59:40,570 - INFO - Best fit parameters: [1.50492676 1.10787656 0.63264766 0.00578802].
2023-07-20 16:59:40,602 - INFO - Maximum log composite likelihood: -30.804594620908347.
2023-07-20 16:59:40,603 - INFO - Optimal value of theta: 2206.7863603764777.
2023-07-20 16:59:40,603 - INFO - Beginning optimization with guess, [0.63730366 0.73634831 0.01088192 0.0098842 ].
2023-07-20 16:59:41,697 - INFO - Finished optimization with guess, [0.63730366 0.73634831 0.01088192 0.0098842 ].
2023-07-20 16:59:41,697 - INFO - Best fit parameters: [1.12797984e+00 8.67939792e-01 2.38094250e-03 5.33746740e-05].
2023-07-20 16:59:41,722 - INFO - Maximum log composite likelihood: -63.92516298955047.
2023-07-20 16:59:41,722 - INFO - Optimal value of theta: 2700.14220060432.
2023-07-20 16:59:41,722 - INFO - Beginning optimization with guess, [1.53246873 1.25244233 0.00886632 0.00878265].
2023-07-20 16:59:42,868 - INFO - Finished optimization with guess, [1.53246873 1.25244233 0.00886632 0.00878265].
2023-07-20 16:59:42,869 - INFO - Best fit parameters: [1.67194272 1.30215925 0.17401266 0.005515  ].
2023-07-20 16:59:42,895 - INFO - Maximum log composite likelihood: -35.32565834747243.
2023-07-20 16:59:42,895 - INFO - Optimal value of theta: 2417.9924232876797.
2023-07-20 16:59:42,896 - INFO - Beginning optimization with guess, [2.11605188 2.60840849 0.01004494 0.01316315].
2023-07-20 16:59:44,042 - INFO - Finished optimization with guess, [2.11605188 2.60840849 0.01004494 0.01316315].
2023-07-20 16:59:44,043 - INFO - Best fit parameters: [2.50161525 2.52373985 0.02542643 0.03434345].
2023-07-20 16:59:44,068 - INFO - Maximum log composite likelihood: -40.06908501990665.
2023-07-20 16:59:44,068 - INFO - Optimal value of theta: 2517.8524778037954.
2023-07-20 16:59:44,068 - INFO - Beginning optimization with guess, [1.74765084 1.44014564 0.01142815 0.00735092].
2023-07-20 16:59:45,216 - INFO - Finished optimization with guess, [1.74765084 1.44014564 0.01142815 0.00735092].
2023-07-20 16:59:45,216 - INFO - Best fit parameters: [1.92605126 1.47556062 0.08439159 0.0048138 ].
2023-07-20 16:59:45,240 - INFO - Maximum log composite likelihood: -37.812445764555605.
2023-07-20 16:59:45,241 - INFO - Optimal value of theta: 2501.875630285576.
2023-07-20 16:59:45,241 - INFO - Beginning optimization with guess, [1.59218754 2.67544686 0.00537864 0.0055907 ].
2023-07-20 16:59:46,350 - INFO - Finished optimization with guess, [1.59218754 2.67544686 0.00537864 0.0055907 ].
2023-07-20 16:59:46,350 - INFO - Best fit parameters: [1.66792276 3.20669019 0.00422973 0.04245912].
2023-07-20 16:59:46,375 - INFO - Maximum log composite likelihood: -40.756398196733244.
2023-07-20 16:59:46,375 - INFO - Optimal value of theta: 2538.121677323917.
2023-07-20 16:59:46,375 - INFO - Beginning optimization with guess, [3.13765913 1.18817523 0.0056569  0.01041658].
2023-07-20 16:59:47,489 - INFO - Finished optimization with guess, [3.13765913 1.18817523 0.0056569  0.01041658].
2023-07-20 16:59:47,489 - INFO - Best fit parameters: [3.97570091 1.20376799 0.04369745 0.01117695].
2023-07-20 16:59:47,514 - INFO - Maximum log composite likelihood: -39.24211322422525.
2023-07-20 16:59:47,514 - INFO - Optimal value of theta: 2527.013128102273.
2023-07-20 16:59:47,514 - INFO - Beginning optimization with guess, [1.92453607 2.20256925 0.01819639 0.01958807].
2023-07-20 16:59:48,626 - INFO - Finished optimization with guess, [1.92453607 2.20256925 0.01819639 0.01958807].
2023-07-20 16:59:48,627 - INFO - Best fit parameters: [3.07318909 1.63076296 0.01829516 0.06836782].
2023-07-20 16:59:48,652 - INFO - Maximum log composite likelihood: -37.33194306020823.
2023-07-20 16:59:48,652 - INFO - Optimal value of theta: 2520.243164725948.
2023-07-20 16:59:48,652 - INFO - Beginning optimization with guess, [1.66621924 4.35303327 0.01778366 0.00757107].
2023-07-20 16:59:49,795 - INFO - Finished optimization with guess, [1.66621924 4.35303327 0.01778366 0.00757107].
2023-07-20 16:59:49,795 - INFO - Best fit parameters: [1.85216889 5.29952858 0.05286924 0.01578396].
2023-07-20 16:59:49,820 - INFO - Maximum log composite likelihood: -40.50553813489796.
2023-07-20 16:59:49,821 - INFO - Optimal value of theta: 2512.0793786815875.
2023-07-20 16:59:49,821 - INFO - Beginning optimization with guess, [2.70686624 5.24570532 0.01144597 0.0063028 ].
2023-07-20 16:59:50,938 - INFO - Finished optimization with guess, [2.70686624 5.24570532 0.01144597 0.0063028 ].
2023-07-20 16:59:50,938 - INFO - Best fit parameters: [2.91236400e+00 6.48360295e+00 4.51850433e-02 2.90182996e-03].
2023-07-20 16:59:50,962 - INFO - Maximum log composite likelihood: -40.74825828435064.
2023-07-20 16:59:50,962 - INFO - Optimal value of theta: 2532.559083929625.
2023-07-20 16:59:50,963 - INFO - Beginning optimization with guess, [1.81300719 3.03126126 0.01228679 0.00546589].
2023-07-20 16:59:52,063 - INFO - Finished optimization with guess, [1.81300719 3.03126126 0.01228679 0.00546589].
2023-07-20 16:59:52,063 - INFO - Best fit parameters: [1.92865419 3.54590683 0.08212738 0.00372531].
2023-07-20 16:59:52,087 - INFO - Maximum log composite likelihood: -38.698136860247814.
2023-07-20 16:59:52,088 - INFO - Optimal value of theta: 2497.8959451004775.
2023-07-20 16:59:52,088 - INFO - Beginning optimization with guess, [1.86231836 2.68243611 0.01116788 0.00560814].
2023-07-20 16:59:53,188 - INFO - Finished optimization with guess, [1.86231836 2.68243611 0.01116788 0.00560814].
2023-07-20 16:59:53,188 - INFO - Best fit parameters: [1.98712962 3.10930965 0.07837475 0.00390832].
2023-07-20 16:59:53,212 - INFO - Maximum log composite likelihood: -38.89406232103511.
2023-07-20 16:59:53,213 - INFO - Optimal value of theta: 2499.5500348821192.
2023-07-20 16:59:53,213 - INFO - Beginning optimization with guess, [6.11900102 7.14265082 0.01313769 0.00858526].
2023-07-20 16:59:54,342 - INFO - Finished optimization with guess, [6.11900102 7.14265082 0.01313769 0.00858526].
2023-07-20 16:59:54,342 - INFO - Best fit parameters: [6.59388546e+00 8.00436193e+00 2.50040849e-02 7.22750051e-03].
2023-07-20 16:59:54,366 - INFO - Maximum log composite likelihood: -41.793404275492776.
2023-07-20 16:59:54,367 - INFO - Optimal value of theta: 2550.7366570769623.
2023-07-20 16:59:54,367 - INFO - Beginning optimization with guess, [6.96515481e+00 8.10977670e+00 8.97266844e-03 6.95581238e-03].
2023-07-20 16:59:55,490 - INFO - Finished optimization with guess, [6.96515481e+00 8.10977670e+00 8.97266844e-03 6.95581238e-03].
2023-07-20 16:59:55,491 - INFO - Best fit parameters: [6.92887264e+00 1.07191931e+01 2.64700779e-02 4.88088590e-03].
2023-07-20 16:59:55,515 - INFO - Maximum log composite likelihood: -41.82181323051418.
2023-07-20 16:59:55,516 - INFO - Optimal value of theta: 2552.9720569335013.
2023-07-20 16:59:55,516 - INFO - Beginning optimization with guess, [8.18420865e+00 1.18411708e+01 5.11009974e-03 1.03194837e-02].
2023-07-20 16:59:56,602 - INFO - Finished optimization with guess, [8.18420865e+00 1.18411708e+01 5.11009974e-03 1.03194837e-02].
2023-07-20 16:59:56,602 - INFO - Best fit parameters: [1.38994634e+01 9.28293144e+00 2.88171330e-03 2.63627410e-02].
2023-07-20 16:59:56,626 - INFO - Maximum log composite likelihood: -41.982724430262806.
2023-07-20 16:59:56,626 - INFO - Optimal value of theta: 2556.8828691061035.
2023-07-20 16:59:56,626 - INFO - Beginning optimization with guess, [12.09035001  5.81410973  0.01654038  0.01560841].
2023-07-20 16:59:57,661 - INFO - Finished optimization with guess, [12.09035001  5.81410973  0.01654038  0.01560841].
2023-07-20 16:59:57,661 - INFO - Best fit parameters: [2.26186328e+01 2.47153504e+00 2.98321049e-03 4.47312249e-02].
2023-07-20 16:59:57,685 - INFO - Maximum log composite likelihood: -40.24032383774693.
2023-07-20 16:59:57,686 - INFO - Optimal value of theta: 2547.582698756615.
2023-07-20 16:59:57,687 - INFO - Finished demographic inference.
2023-07-20 16:59:57,687 - INFO - Pipeline executed succesfully.
