2024-05-30 17:17:48,865 - INFO - Beginning execution of fit_one_epoch.py in directory /u/project/ngarud/jonmah/demo_for_ccgb/Scripts

2024-05-30 17:17:48,866 - INFO - Progress is being logged to ../HighRecombinationAnalysis/Alistipes_finegoldii_56071/core_0.5_log.log

2024-05-30 17:17:48,866 - INFO - Parsed the following arguments:
	mask_doubletons = False
	syn_input_sfs = ../HighRecombinationAnalysis/Alistipes_finegoldii_56071/core_0.5_empirical_syn_14_downsampled_sfs.txt
	mask_singletons = False
	outprefix = ../HighRecombinationAnalysis/Alistipes_finegoldii_56071/core_0.5

2024-05-30 17:17:48,868 - INFO - Beginning demographic inference for one-epoch demographic model.
2024-05-30 17:17:48,869 - INFO - Beginning optimization with guess, [0.10271815].
2024-05-30 17:17:49,671 - INFO - Finished optimization with guess, [0.10271815].
2024-05-30 17:17:49,671 - INFO - Best fit parameters: [0.10271815].
2024-05-30 17:17:49,694 - INFO - Maximum log composite likelihood: -163.437482899.
2024-05-30 17:17:49,695 - INFO - Optimal value of theta: 3947.63471619.
2024-05-30 17:17:49,695 - INFO - Beginning optimization with guess, [0.11537977].
2024-05-30 17:17:50,493 - INFO - Finished optimization with guess, [0.11537977].
2024-05-30 17:17:50,494 - INFO - Best fit parameters: [0.11537977].
2024-05-30 17:17:50,516 - INFO - Maximum log composite likelihood: -163.437482899.
2024-05-30 17:17:50,517 - INFO - Optimal value of theta: 3947.63471619.
2024-05-30 17:17:50,517 - INFO - Beginning optimization with guess, [0.15871225].
2024-05-30 17:17:51,244 - INFO - Finished optimization with guess, [0.15871225].
2024-05-30 17:17:51,244 - INFO - Best fit parameters: [0.15871225].
2024-05-30 17:17:51,267 - INFO - Maximum log composite likelihood: -163.437482899.
2024-05-30 17:17:51,267 - INFO - Optimal value of theta: 3947.63471619.
2024-05-30 17:17:51,267 - INFO - Beginning optimization with guess, [0.45762448].
2024-05-30 17:17:51,926 - INFO - Finished optimization with guess, [0.45762448].
2024-05-30 17:17:51,946 - INFO - Best fit parameters: [0.45762448].
2024-05-30 17:17:51,969 - INFO - Maximum log composite likelihood: -163.437482899.
2024-05-30 17:17:51,969 - INFO - Optimal value of theta: 3947.63471619.
2024-05-30 17:17:51,970 - INFO - Beginning optimization with guess, [0.45319085].
2024-05-30 17:17:52,724 - INFO - Finished optimization with guess, [0.45319085].
2024-05-30 17:17:52,724 - INFO - Best fit parameters: [0.45319085].
2024-05-30 17:17:52,748 - INFO - Maximum log composite likelihood: -163.437482899.
2024-05-30 17:17:52,749 - INFO - Optimal value of theta: 3947.63471619.
2024-05-30 17:17:52,749 - INFO - Beginning optimization with guess, [0.62199663].
2024-05-30 17:17:53,425 - INFO - Finished optimization with guess, [0.62199663].
2024-05-30 17:17:53,425 - INFO - Best fit parameters: [0.62199663].
2024-05-30 17:17:53,448 - INFO - Maximum log composite likelihood: -163.437482899.
2024-05-30 17:17:53,448 - INFO - Optimal value of theta: 3947.63471619.
2024-05-30 17:17:53,449 - INFO - Beginning optimization with guess, [0.92999275].
2024-05-30 17:17:53,903 - INFO - Finished optimization with guess, [0.92999275].
2024-05-30 17:17:53,904 - INFO - Best fit parameters: [0.92999275].
2024-05-30 17:17:53,926 - INFO - Maximum log composite likelihood: -163.437482899.
2024-05-30 17:17:53,927 - INFO - Optimal value of theta: 3947.63471619.
2024-05-30 17:17:53,927 - INFO - Beginning optimization with guess, [0.49975902].
2024-05-30 17:17:54,583 - INFO - Finished optimization with guess, [0.49975902].
2024-05-30 17:17:54,584 - INFO - Best fit parameters: [0.49975902].
2024-05-30 17:17:54,606 - INFO - Maximum log composite likelihood: -163.437482899.
2024-05-30 17:17:54,607 - INFO - Optimal value of theta: 3947.63471619.
2024-05-30 17:17:54,607 - INFO - Beginning optimization with guess, [1.3083949].
2024-05-30 17:17:55,196 - INFO - Finished optimization with guess, [1.3083949].
2024-05-30 17:17:55,196 - INFO - Best fit parameters: [1.3083949].
2024-05-30 17:17:55,218 - INFO - Maximum log composite likelihood: -163.437482899.
2024-05-30 17:17:55,219 - INFO - Optimal value of theta: 3947.63471619.
2024-05-30 17:17:55,219 - INFO - Beginning optimization with guess, [1.12227202].
2024-05-30 17:17:55,675 - INFO - Finished optimization with guess, [1.12227202].
2024-05-30 17:17:55,675 - INFO - Best fit parameters: [1.12227202].
2024-05-30 17:17:55,698 - INFO - Maximum log composite likelihood: -163.437482899.
2024-05-30 17:17:55,698 - INFO - Optimal value of theta: 3947.63471619.
2024-05-30 17:17:55,698 - INFO - Beginning optimization with guess, [0.7489003].
2024-05-30 17:17:56,289 - INFO - Finished optimization with guess, [0.7489003].
2024-05-30 17:17:56,289 - INFO - Best fit parameters: [0.7489003].
2024-05-30 17:17:56,312 - INFO - Maximum log composite likelihood: -163.437482899.
2024-05-30 17:17:56,312 - INFO - Optimal value of theta: 3947.63471619.
2024-05-30 17:17:56,312 - INFO - Beginning optimization with guess, [1.68452671].
2024-05-30 17:17:56,970 - INFO - Finished optimization with guess, [1.68452671].
2024-05-30 17:17:56,970 - INFO - Best fit parameters: [1.68452671].
2024-05-30 17:17:56,993 - INFO - Maximum log composite likelihood: -163.437482899.
2024-05-30 17:17:56,993 - INFO - Optimal value of theta: 3947.63471619.
2024-05-30 17:17:56,994 - INFO - Beginning optimization with guess, [3.3536438].
2024-05-30 17:17:57,721 - INFO - Finished optimization with guess, [3.3536438].
2024-05-30 17:17:57,721 - INFO - Best fit parameters: [3.3536438].
2024-05-30 17:17:57,744 - INFO - Maximum log composite likelihood: -163.437482899.
2024-05-30 17:17:57,744 - INFO - Optimal value of theta: 3947.63471619.
2024-05-30 17:17:57,745 - INFO - Beginning optimization with guess, [1.31267545].
2024-05-30 17:17:58,341 - INFO - Finished optimization with guess, [1.31267545].
2024-05-30 17:17:58,341 - INFO - Best fit parameters: [1.31267545].
2024-05-30 17:17:58,365 - INFO - Maximum log composite likelihood: -163.437482899.
2024-05-30 17:17:58,365 - INFO - Optimal value of theta: 3947.63471619.
2024-05-30 17:17:58,365 - INFO - Beginning optimization with guess, [3.67645527].
2024-05-30 17:17:59,113 - INFO - Finished optimization with guess, [3.67645527].
2024-05-30 17:17:59,113 - INFO - Best fit parameters: [3.67645527].
2024-05-30 17:17:59,137 - INFO - Maximum log composite likelihood: -163.437482899.
2024-05-30 17:17:59,137 - INFO - Optimal value of theta: 3947.63471619.
2024-05-30 17:17:59,137 - INFO - Beginning optimization with guess, [2.6935567].
2024-05-30 17:17:59,817 - INFO - Finished optimization with guess, [2.6935567].
2024-05-30 17:17:59,818 - INFO - Best fit parameters: [2.6935567].
2024-05-30 17:17:59,841 - INFO - Maximum log composite likelihood: -163.437482899.
2024-05-30 17:17:59,841 - INFO - Optimal value of theta: 3947.63471619.
2024-05-30 17:17:59,842 - INFO - Beginning optimization with guess, [1.53615999].
2024-05-30 17:18:00,453 - INFO - Finished optimization with guess, [1.53615999].
2024-05-30 17:18:00,453 - INFO - Best fit parameters: [1.53615999].
2024-05-30 17:18:00,477 - INFO - Maximum log composite likelihood: -163.437482899.
2024-05-30 17:18:00,477 - INFO - Optimal value of theta: 3947.63471619.
2024-05-30 17:18:00,477 - INFO - Beginning optimization with guess, [2.23046044].
2024-05-30 17:18:01,162 - INFO - Finished optimization with guess, [2.23046044].
2024-05-30 17:18:01,163 - INFO - Best fit parameters: [2.23046044].
2024-05-30 17:18:01,186 - INFO - Maximum log composite likelihood: -163.437482899.
2024-05-30 17:18:01,187 - INFO - Optimal value of theta: 3947.63471619.
2024-05-30 17:18:01,187 - INFO - Beginning optimization with guess, [3.065862].
2024-05-30 17:18:01,953 - INFO - Finished optimization with guess, [3.065862].
2024-05-30 17:18:01,954 - INFO - Best fit parameters: [3.065862].
2024-05-30 17:18:01,978 - INFO - Maximum log composite likelihood: -163.437482899.
2024-05-30 17:18:01,978 - INFO - Optimal value of theta: 3947.63471619.
2024-05-30 17:18:01,979 - INFO - Beginning optimization with guess, [6.89494833].
2024-05-30 17:18:02,743 - INFO - Finished optimization with guess, [6.89494833].
2024-05-30 17:18:02,743 - INFO - Best fit parameters: [6.89494833].
2024-05-30 17:18:02,767 - INFO - Maximum log composite likelihood: -163.437482899.
2024-05-30 17:18:02,767 - INFO - Optimal value of theta: 3947.63471619.
2024-05-30 17:18:02,768 - INFO - Beginning optimization with guess, [2.67338232].
2024-05-30 17:18:03,459 - INFO - Finished optimization with guess, [2.67338232].
2024-05-30 17:18:03,460 - INFO - Best fit parameters: [2.67338232].
2024-05-30 17:18:03,484 - INFO - Maximum log composite likelihood: -163.437482899.
2024-05-30 17:18:03,484 - INFO - Optimal value of theta: 3947.63471619.
2024-05-30 17:18:03,484 - INFO - Beginning optimization with guess, [8.15777996].
2024-05-30 17:18:04,320 - INFO - Finished optimization with guess, [8.15777996].
2024-05-30 17:18:04,320 - INFO - Best fit parameters: [8.15777996].
2024-05-30 17:18:04,343 - INFO - Maximum log composite likelihood: -163.437482899.
2024-05-30 17:18:04,344 - INFO - Optimal value of theta: 3947.63471619.
2024-05-30 17:18:04,344 - INFO - Beginning optimization with guess, [7.72894259].
2024-05-30 17:18:05,070 - INFO - Finished optimization with guess, [7.72894259].
2024-05-30 17:18:05,070 - INFO - Best fit parameters: [7.72894259].
2024-05-30 17:18:05,093 - INFO - Maximum log composite likelihood: -163.437482899.
2024-05-30 17:18:05,093 - INFO - Optimal value of theta: 3947.63471619.
2024-05-30 17:18:05,093 - INFO - Beginning optimization with guess, [7.99553399].
2024-05-30 17:18:05,890 - INFO - Finished optimization with guess, [7.99553399].
2024-05-30 17:18:05,890 - INFO - Best fit parameters: [7.99553399].
2024-05-30 17:18:05,913 - INFO - Maximum log composite likelihood: -163.437482899.
2024-05-30 17:18:05,913 - INFO - Optimal value of theta: 3947.63471619.
2024-05-30 17:18:05,915 - INFO - Beginning demographic inference for two-epoch demographic model.
2024-05-30 17:18:05,918 - INFO - Beginning optimization with guess, [0.18836229 0.00820461].
2024-05-30 17:18:07,176 - INFO - Finished optimization with guess, [0.18836229 0.00820461].
2024-05-30 17:18:07,177 - INFO - Best fit parameters: [0.51688045 0.2712287 ].
2024-05-30 17:18:07,209 - INFO - Maximum log composite likelihood: -36.0496443699.
2024-05-30 17:18:07,209 - INFO - Optimal value of theta: 5234.42221723.
2024-05-30 17:18:07,209 - INFO - Beginning optimization with guess, [0.13567164 0.01921737].
2024-05-30 17:18:08,482 - INFO - Finished optimization with guess, [0.13567164 0.01921737].
2024-05-30 17:18:08,482 - INFO - Best fit parameters: [0.50826774 0.30750541].
2024-05-30 17:18:08,515 - INFO - Maximum log composite likelihood: -35.8794308652.
2024-05-30 17:18:08,516 - INFO - Optimal value of theta: 5406.45889575.
2024-05-30 17:18:08,516 - INFO - Beginning optimization with guess, [0.47306525 0.00579424].
2024-05-30 17:18:09,847 - INFO - Finished optimization with guess, [0.47306525 0.00579424].
2024-05-30 17:18:09,848 - INFO - Best fit parameters: [0.52838412 0.2744277 ].
2024-05-30 17:18:09,882 - INFO - Maximum log composite likelihood: -36.4073934106.
2024-05-30 17:18:09,882 - INFO - Optimal value of theta: 5185.01569626.
2024-05-30 17:18:09,882 - INFO - Beginning optimization with guess, [0.25221318 0.01481278].
2024-05-30 17:18:11,250 - INFO - Finished optimization with guess, [0.25221318 0.01481278].
2024-05-30 17:18:11,251 - INFO - Best fit parameters: [0.48148904 0.32022715].
2024-05-30 17:18:11,287 - INFO - Maximum log composite likelihood: -35.5353057501.
2024-05-30 17:18:11,288 - INFO - Optimal value of theta: 5628.82565611.
2024-05-30 17:18:11,288 - INFO - Beginning optimization with guess, [0.80890718 0.00563289].
2024-05-30 17:18:12,917 - INFO - Finished optimization with guess, [0.80890718 0.00563289].
2024-05-30 17:18:12,917 - INFO - Best fit parameters: [0.60471007 0.25471381].
2024-05-30 17:18:12,949 - INFO - Maximum log composite likelihood: -43.1441210302.
2024-05-30 17:18:12,950 - INFO - Optimal value of theta: 4802.389114.
2024-05-30 17:18:12,950 - INFO - Beginning optimization with guess, [0.60561671 0.00958078].
2024-05-30 17:18:14,815 - INFO - Finished optimization with guess, [0.60561671 0.00958078].
2024-05-30 17:18:14,815 - INFO - Best fit parameters: [0.38125167 0.42891091].
2024-05-30 17:18:14,857 - INFO - Maximum log composite likelihood: -35.2556358655.
2024-05-30 17:18:14,858 - INFO - Optimal value of theta: 7230.45296712.
2024-05-30 17:18:14,858 - INFO - Beginning optimization with guess, [0.92773126 0.01379292].
2024-05-30 17:18:16,341 - INFO - Finished optimization with guess, [0.92773126 0.01379292].
2024-05-30 17:18:16,342 - INFO - Best fit parameters: [0.49835107 0.30584309].
2024-05-30 17:18:16,377 - INFO - Maximum log composite likelihood: -35.6835178949.
2024-05-30 17:18:16,378 - INFO - Optimal value of theta: 5462.48470425.
2024-05-30 17:18:16,378 - INFO - Beginning optimization with guess, [1.57035077 0.01421036].
2024-05-30 17:18:18,288 - INFO - Finished optimization with guess, [1.57035077 0.01421036].
2024-05-30 17:18:18,288 - INFO - Best fit parameters: [0.5015484  0.23965863].
2024-05-30 17:18:18,322 - INFO - Maximum log composite likelihood: -36.2404610956.
2024-05-30 17:18:18,322 - INFO - Optimal value of theta: 5200.83464735.
2024-05-30 17:18:18,322 - INFO - Beginning optimization with guess, [1.05246723 0.00734867].
2024-05-30 17:18:22,570 - INFO - Finished optimization with guess, [1.05246723 0.00734867].
2024-05-30 17:18:22,570 - INFO - Best fit parameters: [0.6617421  0.07484972].
2024-05-30 17:18:22,597 - INFO - Maximum log composite likelihood: -82.0189984263.
2024-05-30 17:18:22,597 - INFO - Optimal value of theta: 4212.31891338.
2024-05-30 17:18:22,597 - INFO - Beginning optimization with guess, [0.82521273 0.01670183].
2024-05-30 17:18:24,375 - INFO - Finished optimization with guess, [0.82521273 0.01670183].
2024-05-30 17:18:24,376 - INFO - Best fit parameters: [0.41247784 0.40075582].
2024-05-30 17:18:24,418 - INFO - Maximum log composite likelihood: -35.2959376841.
2024-05-30 17:18:24,419 - INFO - Optimal value of theta: 6635.59085983.
2024-05-30 17:18:24,419 - INFO - Beginning optimization with guess, [2.44020118 0.01779539].
2024-05-30 17:18:26,318 - INFO - Finished optimization with guess, [2.44020118 0.01779539].
2024-05-30 17:18:26,318 - INFO - Best fit parameters: [0.43918082 0.35843236].
2024-05-30 17:18:26,358 - INFO - Maximum log composite likelihood: -35.4984484505.
2024-05-30 17:18:26,358 - INFO - Optimal value of theta: 6140.15849063.
2024-05-30 17:18:26,358 - INFO - Beginning optimization with guess, [1.0690408  0.01781482].
2024-05-30 17:18:30,088 - INFO - Finished optimization with guess, [1.0690408  0.01781482].
2024-05-30 17:18:30,088 - INFO - Best fit parameters: [0.80360704 0.15137489].
2024-05-30 17:18:30,116 - INFO - Maximum log composite likelihood: -98.460054112.
2024-05-30 17:18:30,117 - INFO - Optimal value of theta: 4169.01394096.
2024-05-30 17:18:30,117 - INFO - Beginning optimization with guess, [1.63175636 0.01891282].
2024-05-30 17:18:31,640 - INFO - Finished optimization with guess, [1.63175636 0.01891282].
2024-05-30 17:18:31,641 - INFO - Best fit parameters: [0.4951354 0.2716336].
2024-05-30 17:18:31,676 - INFO - Maximum log composite likelihood: -35.8760649588.
2024-05-30 17:18:31,676 - INFO - Optimal value of theta: 5357.15642298.
2024-05-30 17:18:31,676 - INFO - Beginning optimization with guess, [3.47447341 0.00825124].
2024-05-30 17:18:34,027 - INFO - Finished optimization with guess, [3.47447341 0.00825124].
2024-05-30 17:18:34,028 - INFO - Best fit parameters: [0.4747267  0.32093272].
2024-05-30 17:18:34,064 - INFO - Maximum log composite likelihood: -35.544056644.
2024-05-30 17:18:34,064 - INFO - Optimal value of theta: 5680.66042588.
2024-05-30 17:18:34,065 - INFO - Beginning optimization with guess, [1.25263063 0.006498  ].
2024-05-30 17:18:38,706 - INFO - Finished optimization with guess, [1.25263063 0.006498  ].
2024-05-30 17:18:38,706 - INFO - Best fit parameters: [0.45620486 0.23101238].
2024-05-30 17:18:38,738 - INFO - Maximum log composite likelihood: -38.6839367539.
2024-05-30 17:18:38,738 - INFO - Optimal value of theta: 5418.13820649.
2024-05-30 17:18:38,739 - INFO - Beginning optimization with guess, [3.08044296 0.00774099].
2024-05-30 17:18:41,095 - INFO - Finished optimization with guess, [3.08044296 0.00774099].
2024-05-30 17:18:41,095 - INFO - Best fit parameters: [0.41768918 0.36481042].
2024-05-30 17:18:41,135 - INFO - Maximum log composite likelihood: -35.7639269681.
2024-05-30 17:18:41,136 - INFO - Optimal value of theta: 6394.79132999.
2024-05-30 17:18:41,136 - INFO - Beginning optimization with guess, [1.77376218 0.00648208].
2024-05-30 17:18:43,592 - INFO - Finished optimization with guess, [1.77376218 0.00648208].
2024-05-30 17:18:43,592 - INFO - Best fit parameters: [0.54420671 0.21585511].
2024-05-30 17:18:43,623 - INFO - Maximum log composite likelihood: -37.5512359007.
2024-05-30 17:18:43,624 - INFO - Optimal value of theta: 4923.66173445.
2024-05-30 17:18:43,624 - INFO - Beginning optimization with guess, [2.94044216 0.00945766].
2024-05-30 17:18:45,841 - INFO - Finished optimization with guess, [2.94044216 0.00945766].
2024-05-30 17:18:45,844 - INFO - Best fit parameters: [0.49588486 0.30629259].
2024-05-30 17:18:45,879 - INFO - Maximum log composite likelihood: -35.654175314.
2024-05-30 17:18:45,879 - INFO - Optimal value of theta: 5479.86175279.
2024-05-30 17:18:45,880 - INFO - Beginning optimization with guess, [1.68677955 0.00645929].
2024-05-30 17:18:48,296 - INFO - Finished optimization with guess, [1.68677955 0.00645929].
2024-05-30 17:18:48,296 - INFO - Best fit parameters: [0.47158238 0.20570235].
2024-05-30 17:18:48,329 - INFO - Maximum log composite likelihood: -38.1750924729.
2024-05-30 17:18:48,330 - INFO - Optimal value of theta: 5212.86961069.
2024-05-30 17:18:48,330 - INFO - Beginning optimization with guess, [5.4939154 0.014024 ].
2024-05-30 17:18:50,434 - INFO - Finished optimization with guess, [5.4939154 0.014024 ].
2024-05-30 17:18:50,434 - INFO - Best fit parameters: [0.49676523 0.26166865].
2024-05-30 17:18:50,468 - INFO - Maximum log composite likelihood: -35.9816154073.
2024-05-30 17:18:50,468 - INFO - Optimal value of theta: 5310.20934465.
2024-05-30 17:18:50,468 - INFO - Beginning optimization with guess, [4.49716283 0.00677765].
2024-05-30 17:18:53,143 - INFO - Finished optimization with guess, [4.49716283 0.00677765].
2024-05-30 17:18:53,144 - INFO - Best fit parameters: [0.4719249  0.39761322].
2024-05-30 17:18:53,183 - INFO - Maximum log composite likelihood: -36.0609607586.
2024-05-30 17:18:53,184 - INFO - Optimal value of theta: 5993.03094715.
2024-05-30 17:18:53,184 - INFO - Beginning optimization with guess, [3.84991942 0.01122181].
2024-05-30 17:18:55,520 - INFO - Finished optimization with guess, [3.84991942 0.01122181].
2024-05-30 17:18:55,520 - INFO - Best fit parameters: [0.46318265 0.38548487].
2024-05-30 17:18:55,560 - INFO - Maximum log composite likelihood: -35.6095675083.
2024-05-30 17:18:55,560 - INFO - Optimal value of theta: 6026.53370549.
2024-05-30 17:18:55,561 - INFO - Beginning optimization with guess, [5.4089555  0.01336749].
2024-05-30 17:18:57,722 - INFO - Finished optimization with guess, [5.4089555  0.01336749].
2024-05-30 17:18:57,730 - INFO - Best fit parameters: [0.49995493 0.25775641].
2024-05-30 17:18:57,764 - INFO - Maximum log composite likelihood: -36.0055196222.
2024-05-30 17:18:57,764 - INFO - Optimal value of theta: 5277.73866557.
2024-05-30 17:18:57,764 - INFO - Beginning optimization with guess, [4.09279482 0.0055498 ].
2024-05-30 17:19:00,559 - INFO - Finished optimization with guess, [4.09279482 0.0055498 ].
2024-05-30 17:19:00,559 - INFO - Best fit parameters: [0.44728446 0.33195999].
2024-05-30 17:19:00,597 - INFO - Maximum log composite likelihood: -35.8135515171.
2024-05-30 17:19:00,597 - INFO - Optimal value of theta: 5947.16522499.
2024-05-30 17:19:00,599 - INFO - Beginning demographic inference for three-epoch demographic model.
2024-05-30 17:19:00,603 - INFO - Beginning optimization with guess, [0.00570324 0.00537712 0.00553076 0.00717302].
2024-05-30 17:19:07,137 - INFO - Finished optimization with guess, [0.00570324 0.00537712 0.00553076 0.00717302].
2024-05-30 17:19:07,138 - INFO - Best fit parameters: [0.00378816 0.00307139 0.00502878 0.01585274].
2024-05-30 17:19:07,283 - INFO - Maximum log composite likelihood: -35.4036519245.
2024-05-30 17:19:07,284 - INFO - Optimal value of theta: 911886.219809.
2024-05-30 17:19:07,284 - INFO - Beginning optimization with guess, [0.03774591 0.01048242 0.01923605 0.01169217].
2024-05-30 17:19:12,825 - INFO - Finished optimization with guess, [0.03774591 0.01048242 0.01923605 0.01169217].
2024-05-30 17:19:12,825 - INFO - Best fit parameters: [0.02483308 0.00596116 0.01731091 0.03070279].
2024-05-30 17:19:12,956 - INFO - Maximum log composite likelihood: -35.4678761999.
2024-05-30 17:19:12,956 - INFO - Optimal value of theta: 471067.016716.
2024-05-30 17:19:12,956 - INFO - Beginning optimization with guess, [0.01672787 0.02119713 0.01998603 0.01819596].
2024-05-30 17:19:17,470 - INFO - Finished optimization with guess, [0.01672787 0.02119713 0.01998603 0.01819596].
2024-05-30 17:19:17,471 - INFO - Best fit parameters: [0.01093926 0.01939431 0.03746061 0.01722227].
2024-05-30 17:19:17,573 - INFO - Maximum log composite likelihood: -35.2543182063.
2024-05-30 17:19:17,574 - INFO - Optimal value of theta: 143716.351046.
2024-05-30 17:19:17,574 - INFO - Beginning optimization with guess, [0.02370615 0.03528117 0.01409262 0.00842782].
2024-05-30 17:19:20,089 - INFO - Finished optimization with guess, [0.02370615 0.03528117 0.01409262 0.00842782].
2024-05-30 17:19:20,090 - INFO - Best fit parameters: [0.00622128 0.10841136 0.01480369 0.01319505].
2024-05-30 17:19:20,161 - INFO - Maximum log composite likelihood: -46.1339467.
2024-05-30 17:19:20,162 - INFO - Optimal value of theta: 42334.3688685.
2024-05-30 17:19:20,162 - INFO - Beginning optimization with guess, [0.04073044 0.05503967 0.00996216 0.00720297].
2024-05-30 17:19:21,426 - INFO - Finished optimization with guess, [0.04073044 0.05503967 0.00996216 0.00720297].
2024-05-30 17:19:21,427 - INFO - Best fit parameters: [0.11156511 0.10134745 0.00347884 0.00445989].
2024-05-30 17:19:21,453 - INFO - Maximum log composite likelihood: -60.841312288.
2024-05-30 17:19:21,453 - INFO - Optimal value of theta: 4484.86731508.
2024-05-30 17:19:21,454 - INFO - Beginning optimization with guess, [0.52205182 0.67809434 0.010335   0.00614826].
2024-05-30 17:19:23,321 - INFO - Finished optimization with guess, [0.52205182 0.67809434 0.010335   0.00614826].
2024-05-30 17:19:23,321 - INFO - Best fit parameters: [0.41513755 0.64207102 0.38962426 0.00442719].
2024-05-30 17:19:23,363 - INFO - Maximum log composite likelihood: -34.7199779856.
2024-05-30 17:19:23,363 - INFO - Optimal value of theta: 6525.80604943.
2024-05-30 17:19:23,364 - INFO - Beginning optimization with guess, [0.96381442 1.04037411 0.00958874 0.01916573].
2024-05-30 17:19:24,858 - INFO - Finished optimization with guess, [0.96381442 1.04037411 0.00958874 0.01916573].
2024-05-30 17:19:24,858 - INFO - Best fit parameters: [0.94233382 1.04227264 0.43035193 0.00465047].
2024-05-30 17:19:24,891 - INFO - Maximum log composite likelihood: -142.572867262.
2024-05-30 17:19:24,892 - INFO - Optimal value of theta: 4054.56875861.
2024-05-30 17:19:24,892 - INFO - Beginning optimization with guess, [1.40459565 0.75579765 0.00787356 0.00893465].
2024-05-30 17:19:26,277 - INFO - Finished optimization with guess, [1.40459565 0.75579765 0.00787356 0.00893465].
2024-05-30 17:19:26,278 - INFO - Best fit parameters: [1.49892198 0.6768228  0.00697472 0.34603075].
2024-05-30 17:19:26,312 - INFO - Maximum log composite likelihood: -57.5036251618.
2024-05-30 17:19:26,313 - INFO - Optimal value of theta: 4704.62635337.
2024-05-30 17:19:26,313 - INFO - Beginning optimization with guess, [1.45043082 0.55140296 0.01354414 0.0178943 ].
2024-05-30 17:19:28,014 - INFO - Finished optimization with guess, [1.45043082 0.55140296 0.01354414 0.0178943 ].
2024-05-30 17:19:28,015 - INFO - Best fit parameters: [1.48824555 0.44733074 0.00714853 0.38322087].
2024-05-30 17:19:28,054 - INFO - Maximum log composite likelihood: -35.3625355114.
2024-05-30 17:19:28,055 - INFO - Optimal value of theta: 6159.94795259.
2024-05-30 17:19:28,055 - INFO - Beginning optimization with guess, [0.61415261 0.98226953 0.01325275 0.00967961].
2024-05-30 17:19:29,535 - INFO - Finished optimization with guess, [0.61415261 0.98226953 0.01325275 0.00967961].
2024-05-30 17:19:29,535 - INFO - Best fit parameters: [0.45171158 0.97860706 0.22391942 0.01219487].
2024-05-30 17:19:29,569 - INFO - Maximum log composite likelihood: -33.8594640469.
2024-05-30 17:19:29,569 - INFO - Optimal value of theta: 5337.73723473.
2024-05-30 17:19:29,570 - INFO - Beginning optimization with guess, [1.16267138 1.15014843 0.01417354 0.00758828].
2024-05-30 17:19:30,670 - INFO - Finished optimization with guess, [1.16267138 1.15014843 0.01417354 0.00758828].
2024-05-30 17:19:30,670 - INFO - Best fit parameters: [1.10988997e+00 9.87419276e-01 9.84805865e-05 2.22604137e-03].
2024-05-30 17:19:30,695 - INFO - Maximum log composite likelihood: -163.360088742.
2024-05-30 17:19:30,695 - INFO - Optimal value of theta: 3947.79418983.
2024-05-30 17:19:30,695 - INFO - Beginning optimization with guess, [1.50788035 1.53091832 0.01906998 0.01133263].
2024-05-30 17:19:31,818 - INFO - Finished optimization with guess, [1.50788035 1.53091832 0.01906998 0.01133263].
2024-05-30 17:19:31,819 - INFO - Best fit parameters: [7.99863541e-01 1.35496272e+00 6.11758856e-03 2.34308994e-05].
2024-05-30 17:19:31,844 - INFO - Maximum log composite likelihood: -157.386723255.
2024-05-30 17:19:31,844 - INFO - Optimal value of theta: 3960.45563779.
2024-05-30 17:19:31,844 - INFO - Beginning optimization with guess, [2.34401612 1.1174995  0.00712056 0.01209204].
2024-05-30 17:19:32,924 - INFO - Finished optimization with guess, [2.34401612 1.1174995  0.00712056 0.01209204].
2024-05-30 17:19:32,925 - INFO - Best fit parameters: [1.25754252e+00 9.28009425e-01 7.82214188e-08 3.00669313e-01].
2024-05-30 17:19:32,956 - INFO - Maximum log composite likelihood: -134.649167163.
2024-05-30 17:19:32,956 - INFO - Optimal value of theta: 4060.31080984.
2024-05-30 17:19:32,956 - INFO - Beginning optimization with guess, [1.85416655 1.08416842 0.01569545 0.01912195].
2024-05-30 17:19:34,010 - INFO - Finished optimization with guess, [1.85416655 1.08416842 0.01569545 0.01912195].
2024-05-30 17:19:34,011 - INFO - Best fit parameters: [3.59592927e-02 9.90515955e-01 1.29157958e-19 1.50055506e-09].
2024-05-30 17:19:34,035 - INFO - Maximum log composite likelihood: -163.437482838.
2024-05-30 17:19:34,036 - INFO - Optimal value of theta: 3947.63471632.
2024-05-30 17:19:34,036 - INFO - Beginning optimization with guess, [3.14825792 2.5226872  0.00510508 0.01672467].
2024-05-30 17:19:35,127 - INFO - Finished optimization with guess, [3.14825792 2.5226872  0.00510508 0.01672467].
2024-05-30 17:19:35,127 - INFO - Best fit parameters: [6.76270629e-01 1.49830546e+00 1.77044461e-03 5.44049487e-05].
2024-05-30 17:19:35,152 - INFO - Maximum log composite likelihood: -160.032696922.
2024-05-30 17:19:35,152 - INFO - Optimal value of theta: 3954.73102261.
2024-05-30 17:19:35,152 - INFO - Beginning optimization with guess, [3.66310822 1.95521073 0.00608586 0.00573468].
2024-05-30 17:19:36,296 - INFO - Finished optimization with guess, [3.66310822 1.95521073 0.00608586 0.00573468].
2024-05-30 17:19:36,296 - INFO - Best fit parameters: [1.75856611e+00 5.34387978e-01 1.09043873e-05 2.32537101e-04].
2024-05-30 17:19:36,321 - INFO - Maximum log composite likelihood: -162.602655006.
2024-05-30 17:19:36,321 - INFO - Optimal value of theta: 3949.35031267.
2024-05-30 17:19:36,322 - INFO - Beginning optimization with guess, [3.88438819 5.09405016 0.00549406 0.0114846 ].
2024-05-30 17:19:37,444 - INFO - Finished optimization with guess, [3.88438819 5.09405016 0.00549406 0.0114846 ].
2024-05-30 17:19:37,445 - INFO - Best fit parameters: [6.20598801e-01 2.62273207e+00 2.27677760e-04 6.75500013e-05].
2024-05-30 17:19:37,470 - INFO - Maximum log composite likelihood: -163.027568992.
2024-05-30 17:19:37,470 - INFO - Optimal value of theta: 3948.47628113.
2024-05-30 17:19:37,470 - INFO - Beginning optimization with guess, [3.98731889 5.15978846 0.01296942 0.00732726].
2024-05-30 17:19:38,624 - INFO - Finished optimization with guess, [3.98731889 5.15978846 0.01296942 0.00732726].
2024-05-30 17:19:38,625 - INFO - Best fit parameters: [2.07087446e+00 3.10653408e-01 5.19083472e-05 1.29911117e-04].
2024-05-30 17:19:38,650 - INFO - Maximum log composite likelihood: -162.33520817.
2024-05-30 17:19:38,650 - INFO - Optimal value of theta: 3949.90165927.
2024-05-30 17:19:38,650 - INFO - Beginning optimization with guess, [4.65451821 3.94021167 0.00793124 0.01136748].
2024-05-30 17:19:39,750 - INFO - Finished optimization with guess, [4.65451821 3.94021167 0.00793124 0.01136748].
2024-05-30 17:19:39,751 - INFO - Best fit parameters: [3.98997896e+00 4.23413058e-01 6.83489683e-06 7.72109176e-03].
2024-05-30 17:19:39,776 - INFO - Maximum log composite likelihood: -126.832920224.
2024-05-30 17:19:39,777 - INFO - Optimal value of theta: 4034.95205905.
2024-05-30 17:19:39,777 - INFO - Beginning optimization with guess, [1.87521551 3.45518442 0.01385753 0.00517905].
2024-05-30 17:19:40,827 - INFO - Finished optimization with guess, [1.87521551 3.45518442 0.01385753 0.00517905].
2024-05-30 17:19:40,827 - INFO - Best fit parameters: [4.53763889e-01 4.21547011e+00 5.19556274e-04 8.60334642e-06].
2024-05-30 17:19:40,852 - INFO - Maximum log composite likelihood: -160.857440714.
2024-05-30 17:19:40,852 - INFO - Optimal value of theta: 3952.97583119.
2024-05-30 17:19:40,852 - INFO - Beginning optimization with guess, [3.95226913 2.71467579 0.01565113 0.00604815].
2024-05-30 17:19:41,963 - INFO - Finished optimization with guess, [3.95226913 2.71467579 0.01565113 0.00604815].
2024-05-30 17:19:41,963 - INFO - Best fit parameters: [2.32673974e+00 7.94917352e-01 1.12184656e-04 1.66817234e-03].
2024-05-30 17:19:41,988 - INFO - Maximum log composite likelihood: -161.917628972.
2024-05-30 17:19:41,989 - INFO - Optimal value of theta: 3950.77894692.
2024-05-30 17:19:41,989 - INFO - Beginning optimization with guess, [4.27472166e+00 9.66040473e+00 9.17299402e-03 1.72257747e-02].
2024-05-30 17:19:43,092 - INFO - Finished optimization with guess, [4.27472166e+00 9.66040473e+00 9.17299402e-03 1.72257747e-02].
2024-05-30 17:19:43,093 - INFO - Best fit parameters: [3.77664137e-01 3.28162818e+00 2.61064875e-04 4.57096608e-05].
2024-05-30 17:19:43,118 - INFO - Maximum log composite likelihood: -161.767320925.
2024-05-30 17:19:43,118 - INFO - Optimal value of theta: 3951.07882308.
2024-05-30 17:19:43,118 - INFO - Beginning optimization with guess, [6.27957305 5.80725728 0.00938229 0.01180196].
2024-05-30 17:19:44,219 - INFO - Finished optimization with guess, [6.27957305 5.80725728 0.00938229 0.01180196].
2024-05-30 17:19:44,219 - INFO - Best fit parameters: [1.51618362e+01 4.11320084e-01 2.32586527e-04 4.99813572e-03].
2024-05-30 17:19:44,244 - INFO - Maximum log composite likelihood: -137.808890692.
2024-05-30 17:19:44,245 - INFO - Optimal value of theta: 4005.88883105.
2024-05-30 17:19:44,245 - INFO - Beginning optimization with guess, [7.9963603  3.95460512 0.00967747 0.01681397].
2024-05-30 17:19:45,310 - INFO - Finished optimization with guess, [7.9963603  3.95460512 0.00967747 0.01681397].
2024-05-30 17:19:45,334 - INFO - Best fit parameters: [8.79894781e+01 5.20609604e-01 4.44912712e-04 2.50808128e-02].
2024-05-30 17:19:45,361 - INFO - Maximum log composite likelihood: -99.2801864277.
2024-05-30 17:19:45,361 - INFO - Optimal value of theta: 4125.51346563.
2024-05-30 17:19:45,363 - INFO - Finished demographic inference.
2024-05-30 17:19:45,364 - INFO - Pipeline executed succesfully.
