2024-06-05 07:47:49,391 - INFO - Beginning execution of survival_curve.py in directory /u/project/ngarud/jonmah/demo_for_ccgb/Scripts

2024-06-05 07:47:49,391 - INFO - Progress is being logged to ../HighRecombinationAnalysis/Alistipes_finegoldii_56071/survival_curve.log

2024-06-05 07:47:49,391 - INFO - Parsed the following arguments:
	outprefix = ../HighRecombinationAnalysis/Alistipes_finegoldii_56071/
	species = Alistipes_finegoldii_56071

2024-06-05 07:47:49,391 - INFO - Computing SFS of Alistipes_finegoldii_56071.
2024-06-05 07:47:50,733 - WARNING - sys:1: DtypeWarning: Columns (2,6) have mixed types. Specify dtype option on import or set low_memory=False.

2024-06-05 08:34:10,911 - INFO - Pipeline executed succesfully.
2024-06-05 08:49:50,592 - INFO - Beginning execution of survival_curve.py in directory /u/project/ngarud/jonmah/demo_for_ccgb/Scripts

2024-06-05 08:49:50,592 - INFO - Progress is being logged to ../HighRecombinationAnalysis/Alistipes_finegoldii_56071/survival_curve.log

2024-06-05 08:49:50,592 - INFO - Parsed the following arguments:
	outprefix = ../HighRecombinationAnalysis/Alistipes_finegoldii_56071/
	species = Alistipes_finegoldii_56071

2024-06-05 08:49:50,592 - INFO - Computing SFS of Alistipes_finegoldii_56071.
2024-06-05 08:49:51,319 - WARNING - sys:1: DtypeWarning: Columns (2,6) have mixed types. Specify dtype option on import or set low_memory=False.

2024-06-05 09:34:16,407 - INFO - Pipeline executed succesfully.
2024-06-05 13:01:29,391 - INFO - Beginning execution of survival_curve.py in directory /u/project/ngarud/jonmah/demo_for_ccgb/Scripts

2024-06-05 13:01:29,392 - INFO - Progress is being logged to ../HighRecombinationAnalysis/Alistipes_finegoldii_56071/survival_curve.log

2024-06-05 13:01:29,392 - INFO - Parsed the following arguments:
	outprefix = ../HighRecombinationAnalysis/Alistipes_finegoldii_56071/
	species = Alistipes_finegoldii_56071

2024-06-05 13:01:29,392 - INFO - Computing SFS of Alistipes_finegoldii_56071.
2024-06-05 13:01:30,184 - WARNING - sys:1: DtypeWarning: Columns (2,6) have mixed types. Specify dtype option on import or set low_memory=False.

2024-06-05 13:46:00,638 - INFO - Pipeline executed succesfully.
2024-07-12 12:51:59,760 - INFO - Beginning execution of survival_curve.py in directory /u/project/ngarud/jonmah/demo_for_ccgb/Scripts

2024-07-12 12:51:59,760 - INFO - Progress is being logged to ../HighRecombinationAnalysis/Alistipes_finegoldii_56071/survival_curve.log

2024-07-12 12:51:59,760 - INFO - Parsed the following arguments:
	outprefix = ../HighRecombinationAnalysis/Alistipes_finegoldii_56071/
	species = Alistipes_finegoldii_56071

2024-07-12 12:52:00,472 - WARNING - sys:1: DtypeWarning: Columns (2,6) have mixed types. Specify dtype option on import or set low_memory=False.

2024-07-15 11:41:01,484 - INFO - Beginning execution of survival_curve.py in directory /u/project/ngarud/jonmah/demo_for_ccgb/Scripts

2024-07-15 11:41:01,485 - INFO - Progress is being logged to ../HighRecombinationAnalysis/Alistipes_finegoldii_56071/survival_curve.log

2024-07-15 11:41:01,485 - INFO - Parsed the following arguments:
	outprefix = ../HighRecombinationAnalysis/Alistipes_finegoldii_56071/
	species = Alistipes_finegoldii_56071

2024-07-15 11:41:02,297 - WARNING - sys:1: DtypeWarning: Columns (2,6) have mixed types. Specify dtype option on import or set low_memory=False.

2024-07-15 12:24:56,037 - INFO - The 25th percentile of recombination is: 0.00116666666667
2024-07-15 12:24:56,041 - INFO - The 50th percentile of recombination is: 0.0016
2024-07-15 12:24:56,045 - INFO - The 75th percentile of recombination is: 0.0045
2024-07-15 12:24:56,045 - INFO - Pipeline executed succesfully.
2024-07-16 10:24:25,599 - INFO - Beginning execution of survival_curve.py in directory /u/project/ngarud/jonmah/demo_for_ccgb/Scripts

2024-07-16 10:24:25,599 - INFO - Progress is being logged to ../HighRecombinationAnalysis/Alistipes_finegoldii_56071/survival_curve.log

2024-07-16 10:24:25,599 - INFO - Parsed the following arguments:
	outprefix = ../HighRecombinationAnalysis/Alistipes_finegoldii_56071/
	species = Alistipes_finegoldii_56071

2024-07-16 10:24:26,857 - WARNING - sys:1: DtypeWarning: Columns (2,6) have mixed types. Specify dtype option on import or set low_memory=False.

2024-07-16 10:56:27,833 - INFO - The 25th percentile of recombination is: 0.00116666666667
2024-07-16 10:56:27,838 - INFO - The 50th percentile of recombination is: 0.0016
2024-07-16 10:56:27,841 - INFO - The 75th percentile of recombination is: 0.0045
2024-07-16 10:56:27,841 - INFO - Pipeline executed succesfully.
