2023-02-17 17:00:57,410 - INFO - Beginning execution of fit_one_epoch.py in directory /u/project/ngarud/jonmah/demo_for_ccgb/Scripts

2023-02-17 17:00:57,410 - INFO - Progress is being logged to ../Analysis/Coprococcus_sp_62244_downsampled_18/log.log

2023-02-17 17:00:57,410 - INFO - Parsed the following arguments:
	syn_input_sfs = ../Analysis/Coprococcus_sp_62244_downsampled_18/empirical_sfs.txt
	mask_singletons = False
	mask_doubletons = False
	outprefix = ../Analysis/Coprococcus_sp_62244_downsampled_18/

2023-02-17 17:00:57,416 - INFO - Beginning demographic inference for one-epoch demographic model.
2023-02-17 17:00:57,418 - INFO - Beginning optimization with guess, [0.0749627].
2023-02-17 17:00:57,469 - WARNING - Warning: converting a masked element to nan.
2023-02-17 17:00:57,516 - INFO - Finished optimization with guess, [0.0749627].
2023-02-17 17:00:57,516 - INFO - Best fit parameters: [0.0749627].
2023-02-17 17:00:57,562 - INFO - Maximum log composite likelihood: --.
2023-02-17 17:00:57,562 - INFO - Optimal value of theta: 0.0.
2023-02-17 17:00:57,563 - INFO - Beginning optimization with guess, [0.12071524].
2023-02-17 17:00:57,651 - INFO - Finished optimization with guess, [0.12071524].
2023-02-17 17:00:57,651 - INFO - Best fit parameters: [0.12071524].
2023-02-17 17:00:57,695 - INFO - Maximum log composite likelihood: --.
2023-02-17 17:00:57,695 - INFO - Optimal value of theta: 0.0.
2023-02-17 17:00:57,695 - INFO - Beginning optimization with guess, [0.2309828].
2023-02-17 17:00:57,787 - INFO - Finished optimization with guess, [0.2309828].
2023-02-17 17:00:57,787 - INFO - Best fit parameters: [0.2309828].
2023-02-17 17:00:57,832 - INFO - Maximum log composite likelihood: --.
2023-02-17 17:00:57,832 - INFO - Optimal value of theta: 0.0.
2023-02-17 17:00:57,833 - INFO - Beginning optimization with guess, [0.37734685].
2023-02-17 17:00:57,924 - INFO - Finished optimization with guess, [0.37734685].
2023-02-17 17:00:57,924 - INFO - Best fit parameters: [0.37734685].
2023-02-17 17:00:57,970 - INFO - Maximum log composite likelihood: --.
2023-02-17 17:00:57,970 - INFO - Optimal value of theta: 0.0.
2023-02-17 17:00:57,971 - INFO - Beginning optimization with guess, [0.61731778].
2023-02-17 17:00:58,062 - INFO - Finished optimization with guess, [0.61731778].
2023-02-17 17:00:58,062 - INFO - Best fit parameters: [0.61731778].
2023-02-17 17:00:58,107 - INFO - Maximum log composite likelihood: --.
2023-02-17 17:00:58,108 - INFO - Optimal value of theta: 0.0.
2023-02-17 17:00:58,108 - INFO - Beginning optimization with guess, [0.33116021].
2023-02-17 17:00:58,199 - INFO - Finished optimization with guess, [0.33116021].
2023-02-17 17:00:58,200 - INFO - Best fit parameters: [0.33116021].
2023-02-17 17:00:58,245 - INFO - Maximum log composite likelihood: --.
2023-02-17 17:00:58,245 - INFO - Optimal value of theta: 0.0.
2023-02-17 17:00:58,246 - INFO - Beginning optimization with guess, [1.19589932].
2023-02-17 17:00:58,342 - INFO - Finished optimization with guess, [1.19589932].
2023-02-17 17:00:58,343 - INFO - Best fit parameters: [1.19589932].
2023-02-17 17:00:58,389 - INFO - Maximum log composite likelihood: --.
2023-02-17 17:00:58,390 - INFO - Optimal value of theta: 0.0.
2023-02-17 17:00:58,390 - INFO - Beginning optimization with guess, [1.31609041].
2023-02-17 17:00:58,484 - INFO - Finished optimization with guess, [1.31609041].
2023-02-17 17:00:58,484 - INFO - Best fit parameters: [1.31609041].
2023-02-17 17:00:58,531 - INFO - Maximum log composite likelihood: --.
2023-02-17 17:00:58,531 - INFO - Optimal value of theta: 0.0.
2023-02-17 17:00:58,532 - INFO - Beginning optimization with guess, [1.52119951].
2023-02-17 17:00:58,625 - INFO - Finished optimization with guess, [1.52119951].
2023-02-17 17:00:58,625 - INFO - Best fit parameters: [1.52119951].
2023-02-17 17:00:58,672 - INFO - Maximum log composite likelihood: --.
2023-02-17 17:00:58,672 - INFO - Optimal value of theta: 0.0.
2023-02-17 17:00:58,673 - INFO - Beginning optimization with guess, [0.89307254].
2023-02-17 17:00:58,763 - INFO - Finished optimization with guess, [0.89307254].
2023-02-17 17:00:58,763 - INFO - Best fit parameters: [0.89307254].
2023-02-17 17:00:58,808 - INFO - Maximum log composite likelihood: --.
2023-02-17 17:00:58,808 - INFO - Optimal value of theta: 0.0.
2023-02-17 17:00:58,808 - INFO - Beginning optimization with guess, [1.34308673].
2023-02-17 17:00:58,899 - INFO - Finished optimization with guess, [1.34308673].
2023-02-17 17:00:58,899 - INFO - Best fit parameters: [1.34308673].
2023-02-17 17:00:58,944 - INFO - Maximum log composite likelihood: --.
2023-02-17 17:00:58,944 - INFO - Optimal value of theta: 0.0.
2023-02-17 17:00:58,944 - INFO - Beginning optimization with guess, [1.11230021].
2023-02-17 17:00:59,034 - INFO - Finished optimization with guess, [1.11230021].
2023-02-17 17:00:59,035 - INFO - Best fit parameters: [1.11230021].
2023-02-17 17:00:59,079 - INFO - Maximum log composite likelihood: --.
2023-02-17 17:00:59,080 - INFO - Optimal value of theta: 0.0.
2023-02-17 17:00:59,080 - INFO - Beginning optimization with guess, [1.18311833].
2023-02-17 17:00:59,170 - INFO - Finished optimization with guess, [1.18311833].
2023-02-17 17:00:59,170 - INFO - Best fit parameters: [1.18311833].
2023-02-17 17:00:59,215 - INFO - Maximum log composite likelihood: --.
2023-02-17 17:00:59,215 - INFO - Optimal value of theta: 0.0.
2023-02-17 17:00:59,216 - INFO - Beginning optimization with guess, [3.51272723].
2023-02-17 17:00:59,306 - INFO - Finished optimization with guess, [3.51272723].
2023-02-17 17:00:59,306 - INFO - Best fit parameters: [3.51272723].
2023-02-17 17:00:59,351 - INFO - Maximum log composite likelihood: --.
2023-02-17 17:00:59,351 - INFO - Optimal value of theta: 0.0.
2023-02-17 17:00:59,351 - INFO - Beginning optimization with guess, [1.99702335].
2023-02-17 17:00:59,442 - INFO - Finished optimization with guess, [1.99702335].
2023-02-17 17:00:59,442 - INFO - Best fit parameters: [1.99702335].
2023-02-17 17:00:59,487 - INFO - Maximum log composite likelihood: --.
2023-02-17 17:00:59,487 - INFO - Optimal value of theta: 0.0.
2023-02-17 17:00:59,488 - INFO - Beginning optimization with guess, [1.38158405].
2023-02-17 17:00:59,578 - INFO - Finished optimization with guess, [1.38158405].
2023-02-17 17:00:59,578 - INFO - Best fit parameters: [1.38158405].
2023-02-17 17:00:59,623 - INFO - Maximum log composite likelihood: --.
2023-02-17 17:00:59,624 - INFO - Optimal value of theta: 0.0.
2023-02-17 17:00:59,624 - INFO - Beginning optimization with guess, [4.0519792].
2023-02-17 17:00:59,717 - INFO - Finished optimization with guess, [4.0519792].
2023-02-17 17:00:59,717 - INFO - Best fit parameters: [4.0519792].
2023-02-17 17:00:59,764 - INFO - Maximum log composite likelihood: --.
2023-02-17 17:00:59,764 - INFO - Optimal value of theta: 0.0.
2023-02-17 17:00:59,764 - INFO - Beginning optimization with guess, [1.70301574].
2023-02-17 17:00:59,857 - INFO - Finished optimization with guess, [1.70301574].
2023-02-17 17:00:59,858 - INFO - Best fit parameters: [1.70301574].
2023-02-17 17:00:59,904 - INFO - Maximum log composite likelihood: --.
2023-02-17 17:00:59,904 - INFO - Optimal value of theta: 0.0.
2023-02-17 17:00:59,905 - INFO - Beginning optimization with guess, [1.99326329].
2023-02-17 17:00:59,998 - INFO - Finished optimization with guess, [1.99326329].
2023-02-17 17:00:59,998 - INFO - Best fit parameters: [1.99326329].
2023-02-17 17:01:00,044 - INFO - Maximum log composite likelihood: --.
2023-02-17 17:01:00,044 - INFO - Optimal value of theta: 0.0.
2023-02-17 17:01:00,045 - INFO - Beginning optimization with guess, [2.59857256].
2023-02-17 17:01:00,139 - INFO - Finished optimization with guess, [2.59857256].
2023-02-17 17:01:00,140 - INFO - Best fit parameters: [2.59857256].
2023-02-17 17:01:00,186 - INFO - Maximum log composite likelihood: --.
2023-02-17 17:01:00,186 - INFO - Optimal value of theta: 0.0.
2023-02-17 17:01:00,186 - INFO - Beginning optimization with guess, [4.43136144].
2023-02-17 17:01:00,276 - INFO - Finished optimization with guess, [4.43136144].
2023-02-17 17:01:00,276 - INFO - Best fit parameters: [4.43136144].
2023-02-17 17:01:00,323 - INFO - Maximum log composite likelihood: --.
2023-02-17 17:01:00,323 - INFO - Optimal value of theta: 0.0.
2023-02-17 17:01:00,324 - INFO - Beginning optimization with guess, [7.71423895].
2023-02-17 17:01:00,414 - INFO - Finished optimization with guess, [7.71423895].
2023-02-17 17:01:00,414 - INFO - Best fit parameters: [7.71423895].
2023-02-17 17:01:00,457 - INFO - Maximum log composite likelihood: --.
2023-02-17 17:01:00,458 - INFO - Optimal value of theta: 0.0.
2023-02-17 17:01:00,458 - INFO - Beginning optimization with guess, [4.04962116].
2023-02-17 17:01:00,545 - INFO - Finished optimization with guess, [4.04962116].
2023-02-17 17:01:00,546 - INFO - Best fit parameters: [4.04962116].
2023-02-17 17:01:00,590 - INFO - Maximum log composite likelihood: --.
2023-02-17 17:01:00,590 - INFO - Optimal value of theta: 0.0.
2023-02-17 17:01:00,591 - INFO - Beginning optimization with guess, [5.29652345].
2023-02-17 17:01:00,679 - INFO - Finished optimization with guess, [5.29652345].
2023-02-17 17:01:00,679 - INFO - Best fit parameters: [5.29652345].
2023-02-17 17:01:00,722 - INFO - Maximum log composite likelihood: --.
2023-02-17 17:01:00,723 - INFO - Optimal value of theta: 0.0.
2023-02-17 17:01:00,723 - INFO - Beginning optimization with guess, [10.62008271].
2023-02-17 17:01:00,810 - INFO - Finished optimization with guess, [10.62008271].
2023-02-17 17:01:00,811 - INFO - Best fit parameters: [10.62008271].
2023-02-17 17:01:00,854 - INFO - Maximum log composite likelihood: --.
2023-02-17 17:01:00,854 - INFO - Optimal value of theta: 0.0.
