2024-06-26 09:22:29,241 - INFO - Beginning execution of fit_dfe.py in directory /u/project/ngarud/jonmah/demo_for_ccgb/Scripts

2024-06-26 09:22:29,243 - INFO - Progress is being logged to ../SupplementaryAnalysis/Prevotella_copri_61740/accessory_log.log

2024-06-26 09:22:29,243 - INFO - Parsed the following arguments:
	syn_input_sfs = ../SupplementaryAnalysis/Prevotella_copri_61740/accessory_empirical_syn_downsampled_sfs.txt
	nonsyn_input_sfs = ../SupplementaryAnalysis/Prevotella_copri_61740/accessory_empirical_nonsyn_downsampled_sfs.txt
	input_demography = ../SupplementaryAnalysis/Prevotella_copri_61740/accessory_two_epoch_demography.txt
	input_model = two_epoch
	initial_alpha = 0.2
	initial_beta = 0.1
	outprefix = ../SupplementaryAnalysis/Prevotella_copri_61740/accessory

2024-06-26 09:22:29,267 - INFO - Loading input demography.
2024-06-26 09:22:29,279 - INFO - Input demographic parameters are: [7.5922, 5.639054].
2024-06-26 09:22:29,279 - INFO - Input theta_syn is: 1504.28180489.
2024-06-26 09:22:29,279 - INFO - Generating spectrum from input demography.
2024-06-26 09:24:12,775 - INFO - Fitting DFE.
2024-06-26 09:24:14,611 - INFO - Fitting Neutral + Gamma DFE
2024-06-26 09:24:15,161 - WARNING - Warning: converting a masked element to nan.
2024-06-26 09:24:18,009 - INFO - Computing intermediate summary statistics.
2024-06-26 09:24:18,011 - INFO - Outputting results.
2024-06-26 09:24:18,015 - INFO - Pipeline executed succesfully.
