2024-06-11 15:26:08,763 - INFO - Beginning execution of fit_one_epoch.py in directory /u/project/ngarud/jonmah/demo_for_ccgb/Scripts

2024-06-11 15:26:08,763 - INFO - Progress is being logged to ../SupplementaryAnalysis/Prevotella_copri_61740/log.log

2024-06-11 15:26:08,763 - INFO - Parsed the following arguments:
	mask_doubletons = False
	syn_input_sfs = ../SupplementaryAnalysis/Prevotella_copri_61740/core_empirical_syn_downsampled_sfs.txt
	mask_singletons = False
	outprefix = ../SupplementaryAnalysis/Prevotella_copri_61740/

2024-06-11 15:26:08,765 - INFO - Beginning demographic inference for one-epoch demographic model.
2024-06-11 15:26:08,767 - INFO - Beginning optimization with guess, [0.06724025].
2024-06-11 15:26:10,210 - INFO - Finished optimization with guess, [0.06724025].
2024-06-11 15:26:10,211 - INFO - Best fit parameters: [0.06724025].
2024-06-11 15:26:10,252 - INFO - Maximum log composite likelihood: -1571.66673344.
2024-06-11 15:26:10,253 - INFO - Optimal value of theta: 14305.8929107.
2024-06-11 15:26:10,253 - INFO - Beginning optimization with guess, [0.27358537].
2024-06-11 15:26:11,542 - INFO - Finished optimization with guess, [0.27358537].
2024-06-11 15:26:11,542 - INFO - Best fit parameters: [0.27358537].
2024-06-11 15:26:11,582 - INFO - Maximum log composite likelihood: -1571.66673344.
2024-06-11 15:26:11,583 - INFO - Optimal value of theta: 14305.8929107.
2024-06-11 15:26:11,583 - INFO - Beginning optimization with guess, [0.29644612].
2024-06-11 15:26:12,871 - INFO - Finished optimization with guess, [0.29644612].
2024-06-11 15:26:12,871 - INFO - Best fit parameters: [0.29644612].
2024-06-11 15:26:12,912 - INFO - Maximum log composite likelihood: -1571.66673344.
2024-06-11 15:26:12,912 - INFO - Optimal value of theta: 14305.8929107.
2024-06-11 15:26:12,912 - INFO - Beginning optimization with guess, [0.322372].
2024-06-11 15:26:14,199 - INFO - Finished optimization with guess, [0.322372].
2024-06-11 15:26:14,199 - INFO - Best fit parameters: [0.322372].
2024-06-11 15:26:14,239 - INFO - Maximum log composite likelihood: -1571.66673344.
2024-06-11 15:26:14,240 - INFO - Optimal value of theta: 14305.8929107.
2024-06-11 15:26:14,240 - INFO - Beginning optimization with guess, [0.76387015].
2024-06-11 15:26:15,287 - INFO - Finished optimization with guess, [0.76387015].
2024-06-11 15:26:15,287 - INFO - Best fit parameters: [0.76387015].
2024-06-11 15:26:15,328 - INFO - Maximum log composite likelihood: -1571.66673344.
2024-06-11 15:26:15,329 - INFO - Optimal value of theta: 14305.8929107.
2024-06-11 15:26:15,329 - INFO - Beginning optimization with guess, [0.66820799].
2024-06-11 15:26:16,376 - INFO - Finished optimization with guess, [0.66820799].
2024-06-11 15:26:16,376 - INFO - Best fit parameters: [0.66820799].
2024-06-11 15:26:16,417 - INFO - Maximum log composite likelihood: -1571.66673344.
2024-06-11 15:26:16,417 - INFO - Optimal value of theta: 14305.8929107.
2024-06-11 15:26:16,418 - INFO - Beginning optimization with guess, [1.00018463].
2024-06-11 15:26:16,498 - INFO - Finished optimization with guess, [1.00018463].
2024-06-11 15:26:16,498 - INFO - Best fit parameters: [1.00018463].
2024-06-11 15:26:16,539 - INFO - Maximum log composite likelihood: -1571.66673344.
2024-06-11 15:26:16,539 - INFO - Optimal value of theta: 14305.8929107.
2024-06-11 15:26:16,539 - INFO - Beginning optimization with guess, [0.74874039].
2024-06-11 15:26:17,582 - INFO - Finished optimization with guess, [0.74874039].
2024-06-11 15:26:17,583 - INFO - Best fit parameters: [0.74874039].
2024-06-11 15:26:17,624 - INFO - Maximum log composite likelihood: -1571.66673344.
2024-06-11 15:26:17,625 - INFO - Optimal value of theta: 14305.8929107.
2024-06-11 15:26:17,625 - INFO - Beginning optimization with guess, [0.53030306].
2024-06-11 15:26:18,788 - INFO - Finished optimization with guess, [0.53030306].
2024-06-11 15:26:18,788 - INFO - Best fit parameters: [0.53030306].
2024-06-11 15:26:18,828 - INFO - Maximum log composite likelihood: -1571.66673344.
2024-06-11 15:26:18,829 - INFO - Optimal value of theta: 14305.8929107.
2024-06-11 15:26:18,829 - INFO - Beginning optimization with guess, [0.57158354].
2024-06-11 15:26:19,997 - INFO - Finished optimization with guess, [0.57158354].
2024-06-11 15:26:19,997 - INFO - Best fit parameters: [0.57158354].
2024-06-11 15:26:20,038 - INFO - Maximum log composite likelihood: -1571.66673344.
2024-06-11 15:26:20,038 - INFO - Optimal value of theta: 14305.8929107.
2024-06-11 15:26:20,038 - INFO - Beginning optimization with guess, [0.82879414].
2024-06-11 15:26:20,964 - INFO - Finished optimization with guess, [0.82879414].
2024-06-11 15:26:20,965 - INFO - Best fit parameters: [0.82879414].
2024-06-11 15:26:21,005 - INFO - Maximum log composite likelihood: -1571.66673344.
2024-06-11 15:26:21,005 - INFO - Optimal value of theta: 14305.8929107.
2024-06-11 15:26:21,006 - INFO - Beginning optimization with guess, [2.50220004].
2024-06-11 15:26:22,171 - INFO - Finished optimization with guess, [2.50220004].
2024-06-11 15:26:22,171 - INFO - Best fit parameters: [2.50220004].
2024-06-11 15:26:22,211 - INFO - Maximum log composite likelihood: -1571.66673344.
2024-06-11 15:26:22,213 - INFO - Optimal value of theta: 14305.8929107.
2024-06-11 15:26:22,213 - INFO - Beginning optimization with guess, [1.09598116].
2024-06-11 15:26:23,018 - INFO - Finished optimization with guess, [1.09598116].
2024-06-11 15:26:23,018 - INFO - Best fit parameters: [1.09598116].
2024-06-11 15:26:23,058 - INFO - Maximum log composite likelihood: -1571.66673344.
2024-06-11 15:26:23,059 - INFO - Optimal value of theta: 14305.8929107.
2024-06-11 15:26:23,059 - INFO - Beginning optimization with guess, [1.2330778].
2024-06-11 15:26:23,982 - INFO - Finished optimization with guess, [1.2330778].
2024-06-11 15:26:23,982 - INFO - Best fit parameters: [1.2330778].
2024-06-11 15:26:24,023 - INFO - Maximum log composite likelihood: -1571.66673344.
2024-06-11 15:26:24,023 - INFO - Optimal value of theta: 14305.8929107.
2024-06-11 15:26:24,023 - INFO - Beginning optimization with guess, [4.23546277].
2024-06-11 15:26:25,313 - INFO - Finished optimization with guess, [4.23546277].
2024-06-11 15:26:25,313 - INFO - Best fit parameters: [4.23546277].
2024-06-11 15:26:25,353 - INFO - Maximum log composite likelihood: -1571.66673344.
2024-06-11 15:26:25,354 - INFO - Optimal value of theta: 14305.8929107.
2024-06-11 15:26:25,354 - INFO - Beginning optimization with guess, [3.23048933].
2024-06-11 15:26:26,638 - INFO - Finished optimization with guess, [3.23048933].
2024-06-11 15:26:26,638 - INFO - Best fit parameters: [3.23048933].
2024-06-11 15:26:26,679 - INFO - Maximum log composite likelihood: -1571.66673344.
2024-06-11 15:26:26,679 - INFO - Optimal value of theta: 14305.8929107.
2024-06-11 15:26:26,679 - INFO - Beginning optimization with guess, [2.63071693].
2024-06-11 15:26:27,842 - INFO - Finished optimization with guess, [2.63071693].
2024-06-11 15:26:27,842 - INFO - Best fit parameters: [2.63071693].
2024-06-11 15:26:27,882 - INFO - Maximum log composite likelihood: -1571.66673344.
2024-06-11 15:26:27,883 - INFO - Optimal value of theta: 14305.8929107.
2024-06-11 15:26:27,883 - INFO - Beginning optimization with guess, [2.33491583].
2024-06-11 15:26:29,050 - INFO - Finished optimization with guess, [2.33491583].
2024-06-11 15:26:29,051 - INFO - Best fit parameters: [2.33491583].
2024-06-11 15:26:29,092 - INFO - Maximum log composite likelihood: -1571.66673344.
2024-06-11 15:26:29,092 - INFO - Optimal value of theta: 14305.8929107.
2024-06-11 15:26:29,093 - INFO - Beginning optimization with guess, [3.28632628].
2024-06-11 15:26:30,380 - INFO - Finished optimization with guess, [3.28632628].
2024-06-11 15:26:30,381 - INFO - Best fit parameters: [3.28632628].
2024-06-11 15:26:30,421 - INFO - Maximum log composite likelihood: -1571.66673344.
2024-06-11 15:26:30,421 - INFO - Optimal value of theta: 14305.8929107.
2024-06-11 15:26:30,422 - INFO - Beginning optimization with guess, [5.04039055].
2024-06-11 15:26:31,716 - INFO - Finished optimization with guess, [5.04039055].
2024-06-11 15:26:31,716 - INFO - Best fit parameters: [5.04039055].
2024-06-11 15:26:31,757 - INFO - Maximum log composite likelihood: -1571.66673344.
2024-06-11 15:26:31,757 - INFO - Optimal value of theta: 14305.8929107.
2024-06-11 15:26:31,758 - INFO - Beginning optimization with guess, [7.22883577].
2024-06-11 15:26:33,132 - INFO - Finished optimization with guess, [7.22883577].
2024-06-11 15:26:33,132 - INFO - Best fit parameters: [7.22883577].
2024-06-11 15:26:33,172 - INFO - Maximum log composite likelihood: -1571.66673344.
2024-06-11 15:26:33,173 - INFO - Optimal value of theta: 14305.8929107.
2024-06-11 15:26:33,173 - INFO - Beginning optimization with guess, [8.53019878].
2024-06-11 15:26:34,582 - INFO - Finished optimization with guess, [8.53019878].
2024-06-11 15:26:34,584 - INFO - Best fit parameters: [8.53019878].
2024-06-11 15:26:34,625 - INFO - Maximum log composite likelihood: -1571.66673344.
2024-06-11 15:26:34,626 - INFO - Optimal value of theta: 14305.8929107.
2024-06-11 15:26:34,626 - INFO - Beginning optimization with guess, [5.09636767].
2024-06-11 15:26:35,912 - INFO - Finished optimization with guess, [5.09636767].
2024-06-11 15:26:35,912 - INFO - Best fit parameters: [5.09636767].
2024-06-11 15:26:35,952 - INFO - Maximum log composite likelihood: -1571.66673344.
2024-06-11 15:26:35,953 - INFO - Optimal value of theta: 14305.8929107.
2024-06-11 15:26:35,953 - INFO - Beginning optimization with guess, [12.1874309].
2024-06-11 15:26:37,360 - INFO - Finished optimization with guess, [12.1874309].
2024-06-11 15:26:37,360 - INFO - Best fit parameters: [12.1874309].
2024-06-11 15:26:37,400 - INFO - Maximum log composite likelihood: -1571.66673344.
2024-06-11 15:26:37,401 - INFO - Optimal value of theta: 14305.8929107.
2024-06-11 15:26:37,404 - INFO - Beginning demographic inference for two-epoch demographic model.
2024-06-11 15:26:37,406 - INFO - Beginning optimization with guess, [0.06344778 0.01244719].
2024-06-11 15:26:41,725 - INFO - Finished optimization with guess, [0.06344778 0.01244719].
2024-06-11 15:26:41,725 - INFO - Best fit parameters: [2.90480331 0.45482584].
2024-06-11 15:26:41,774 - INFO - Maximum log composite likelihood: -47.223137562.
2024-06-11 15:26:41,774 - INFO - Optimal value of theta: 9855.33841695.
2024-06-11 15:26:41,775 - INFO - Beginning optimization with guess, [0.2355835 0.0196914].
2024-06-11 15:26:45,731 - INFO - Finished optimization with guess, [0.2355835 0.0196914].
2024-06-11 15:26:45,732 - INFO - Best fit parameters: [3.36939312 0.26774163].
2024-06-11 15:26:45,777 - INFO - Maximum log composite likelihood: -52.9080256139.
2024-06-11 15:26:45,777 - INFO - Optimal value of theta: 10740.349246.
2024-06-11 15:26:45,777 - INFO - Beginning optimization with guess, [0.52665781 0.00560619].
2024-06-11 15:26:54,599 - INFO - Finished optimization with guess, [0.52665781 0.00560619].
2024-06-11 15:26:54,600 - INFO - Best fit parameters: [3.04458457 0.26925634].
2024-06-11 15:26:54,648 - INFO - Maximum log composite likelihood: -59.3563117338.
2024-06-11 15:26:54,649 - INFO - Optimal value of theta: 10899.0313126.
2024-06-11 15:26:54,649 - INFO - Beginning optimization with guess, [0.33518738 0.01144485].
2024-06-11 15:27:00,036 - INFO - Finished optimization with guess, [0.33518738 0.01144485].
2024-06-11 15:27:00,037 - INFO - Best fit parameters: [2.7657512  0.33679636].
2024-06-11 15:27:00,082 - INFO - Maximum log composite likelihood: -53.8922086436.
2024-06-11 15:27:00,083 - INFO - Optimal value of theta: 10619.2574263.
2024-06-11 15:27:00,083 - INFO - Beginning optimization with guess, [0.92491135 0.01955323].
2024-06-11 15:27:02,584 - INFO - Finished optimization with guess, [0.92491135 0.01955323].
2024-06-11 15:27:02,585 - INFO - Best fit parameters: [1.20376246 0.32148125].
2024-06-11 15:27:02,636 - INFO - Maximum log composite likelihood: -1103.55587879.
2024-06-11 15:27:02,637 - INFO - Optimal value of theta: 13375.1372264.
2024-06-11 15:27:02,637 - INFO - Beginning optimization with guess, [0.63224567 0.00687059].
2024-06-11 15:27:10,450 - INFO - Finished optimization with guess, [0.63224567 0.00687059].
2024-06-11 15:27:10,452 - INFO - Best fit parameters: [1.63859119 0.5479241 ].
2024-06-11 15:27:10,506 - INFO - Maximum log composite likelihood: -517.439230871.
2024-06-11 15:27:10,506 - INFO - Optimal value of theta: 11436.0671982.
2024-06-11 15:27:10,506 - INFO - Beginning optimization with guess, [1.24833273 0.01109467].
2024-06-11 15:27:12,974 - INFO - Finished optimization with guess, [1.24833273 0.01109467].
2024-06-11 15:27:12,975 - INFO - Best fit parameters: [3.06442009 0.34361132].
2024-06-11 15:27:13,020 - INFO - Maximum log composite likelihood: -40.9845895282.
2024-06-11 15:27:13,021 - INFO - Optimal value of theta: 10359.8304523.
2024-06-11 15:27:13,021 - INFO - Beginning optimization with guess, [0.77923672 0.01697245].
2024-06-11 15:27:20,257 - INFO - Finished optimization with guess, [0.77923672 0.01697245].
2024-06-11 15:27:20,258 - INFO - Best fit parameters: [2.16042637 0.34210754].
2024-06-11 15:27:20,313 - INFO - Maximum log composite likelihood: -178.155404788.
2024-06-11 15:27:20,314 - INFO - Optimal value of theta: 11199.4729385.
2024-06-11 15:27:20,314 - INFO - Beginning optimization with guess, [1.54139999 0.00877974].
2024-06-11 15:27:22,581 - INFO - Finished optimization with guess, [1.54139999 0.00877974].
2024-06-11 15:27:22,581 - INFO - Best fit parameters: [3.11005702 0.35668658].
2024-06-11 15:27:22,627 - INFO - Maximum log composite likelihood: -41.0836076844.
2024-06-11 15:27:22,628 - INFO - Optimal value of theta: 10246.3561908.
2024-06-11 15:27:22,628 - INFO - Beginning optimization with guess, [0.63083704 0.00666471].
2024-06-11 15:27:30,590 - INFO - Finished optimization with guess, [0.63083704 0.00666471].
2024-06-11 15:27:30,591 - INFO - Best fit parameters: [3.44151175 0.31930398].
2024-06-11 15:27:30,647 - INFO - Maximum log composite likelihood: -49.7953097404.
2024-06-11 15:27:30,648 - INFO - Optimal value of theta: 10307.1224154.
2024-06-11 15:27:30,648 - INFO - Beginning optimization with guess, [1.47267286 0.00636063].
2024-06-11 15:27:32,904 - INFO - Finished optimization with guess, [1.47267286 0.00636063].
2024-06-11 15:27:32,904 - INFO - Best fit parameters: [3.00175303 0.35447133].
2024-06-11 15:27:32,951 - INFO - Maximum log composite likelihood: -40.9464417743.
2024-06-11 15:27:32,952 - INFO - Optimal value of theta: 10333.5548563.
2024-06-11 15:27:32,952 - INFO - Beginning optimization with guess, [1.51906584 0.00784452].
2024-06-11 15:27:35,330 - INFO - Finished optimization with guess, [1.51906584 0.00784452].
2024-06-11 15:27:35,330 - INFO - Best fit parameters: [3.02785996 0.37459012].
2024-06-11 15:27:35,376 - INFO - Maximum log composite likelihood: -40.8323728239.
2024-06-11 15:27:35,377 - INFO - Optimal value of theta: 10192.8675594.
2024-06-11 15:27:35,377 - INFO - Beginning optimization with guess, [3.31194873 0.01984135].
2024-06-11 15:27:37,502 - INFO - Finished optimization with guess, [3.31194873 0.01984135].
2024-06-11 15:27:37,503 - INFO - Best fit parameters: [3.04802261 0.38477099].
2024-06-11 15:27:37,549 - INFO - Maximum log composite likelihood: -41.5278126722.
2024-06-11 15:27:37,549 - INFO - Optimal value of theta: 10118.4671266.
2024-06-11 15:27:37,550 - INFO - Beginning optimization with guess, [3.65948518 0.0181577 ].
2024-06-11 15:27:39,682 - INFO - Finished optimization with guess, [3.65948518 0.0181577 ].
2024-06-11 15:27:39,684 - INFO - Best fit parameters: [3.10231233 0.35342112].
2024-06-11 15:27:39,730 - INFO - Maximum log composite likelihood: -40.9431580584.
2024-06-11 15:27:39,731 - INFO - Optimal value of theta: 10272.0424623.
2024-06-11 15:27:39,731 - INFO - Beginning optimization with guess, [1.65037722 0.0194731 ].
2024-06-11 15:27:42,017 - INFO - Finished optimization with guess, [1.65037722 0.0194731 ].
2024-06-11 15:27:42,017 - INFO - Best fit parameters: [3.02715117 0.36033952].
2024-06-11 15:27:42,071 - INFO - Maximum log composite likelihood: -40.6392958921.
2024-06-11 15:27:42,071 - INFO - Optimal value of theta: 10279.5892773.
2024-06-11 15:27:42,072 - INFO - Beginning optimization with guess, [4.88645026 0.0061394 ].
2024-06-11 15:27:44,052 - INFO - Finished optimization with guess, [4.88645026 0.0061394 ].
2024-06-11 15:27:44,052 - INFO - Best fit parameters: [2.93038979 0.24918226].
2024-06-11 15:27:44,098 - INFO - Maximum log composite likelihood: -79.3633245131.
2024-06-11 15:27:44,098 - INFO - Optimal value of theta: 11125.3058372.
2024-06-11 15:27:44,099 - INFO - Beginning optimization with guess, [5.46206313 0.01932973].
2024-06-11 15:27:46,156 - INFO - Finished optimization with guess, [5.46206313 0.01932973].
2024-06-11 15:27:46,157 - INFO - Best fit parameters: [3.06536796 0.36043643].
2024-06-11 15:27:46,203 - INFO - Maximum log composite likelihood: -40.707018622.
2024-06-11 15:27:46,204 - INFO - Optimal value of theta: 10252.736604.
2024-06-11 15:27:46,204 - INFO - Beginning optimization with guess, [2.4997096  0.00588207].
2024-06-11 15:27:48,420 - INFO - Finished optimization with guess, [2.4997096  0.00588207].
2024-06-11 15:27:48,421 - INFO - Best fit parameters: [3.53108004 0.26567683].
2024-06-11 15:27:48,465 - INFO - Maximum log composite likelihood: -55.0362442533.
2024-06-11 15:27:48,465 - INFO - Optimal value of theta: 10684.0234739.
2024-06-11 15:27:48,466 - INFO - Beginning optimization with guess, [4.343046   0.01837071].
2024-06-11 15:27:50,648 - INFO - Finished optimization with guess, [4.343046   0.01837071].
2024-06-11 15:27:50,648 - INFO - Best fit parameters: [3.02414115 0.39456131].
2024-06-11 15:27:50,694 - INFO - Maximum log composite likelihood: -41.9312243103.
2024-06-11 15:27:50,695 - INFO - Optimal value of theta: 10079.2636283.
2024-06-11 15:27:50,695 - INFO - Beginning optimization with guess, [1.85536817 0.01181818].
2024-06-11 15:27:52,999 - INFO - Finished optimization with guess, [1.85536817 0.01181818].
2024-06-11 15:27:53,000 - INFO - Best fit parameters: [3.0377556  0.36088551].
2024-06-11 15:27:53,047 - INFO - Maximum log composite likelihood: -40.6240919225.
2024-06-11 15:27:53,047 - INFO - Optimal value of theta: 10268.8710005.
2024-06-11 15:27:53,048 - INFO - Beginning optimization with guess, [7.09551116 0.01026834].
2024-06-11 15:27:55,069 - INFO - Finished optimization with guess, [7.09551116 0.01026834].
2024-06-11 15:27:55,070 - INFO - Best fit parameters: [3.59926047 0.1745465 ].
2024-06-11 15:27:55,114 - INFO - Maximum log composite likelihood: -124.996722117.
2024-06-11 15:27:55,114 - INFO - Optimal value of theta: 11544.5313195.
2024-06-11 15:27:55,114 - INFO - Beginning optimization with guess, [2.79375164 0.00531008].
2024-06-11 15:27:57,253 - INFO - Finished optimization with guess, [2.79375164 0.00531008].
2024-06-11 15:27:57,253 - INFO - Best fit parameters: [2.994709   0.36707151].
2024-06-11 15:27:57,299 - INFO - Maximum log composite likelihood: -40.7580149316.
2024-06-11 15:27:57,299 - INFO - Optimal value of theta: 10261.4305138.
2024-06-11 15:27:57,299 - INFO - Beginning optimization with guess, [8.70472026 0.01555274].
2024-06-11 15:27:59,350 - INFO - Finished optimization with guess, [8.70472026 0.01555274].
2024-06-11 15:27:59,352 - INFO - Best fit parameters: [4.11978298 0.15936503].
2024-06-11 15:27:59,395 - INFO - Maximum log composite likelihood: -133.866296138.
2024-06-11 15:27:59,396 - INFO - Optimal value of theta: 11584.884779.
2024-06-11 15:27:59,396 - INFO - Beginning optimization with guess, [5.44880094 0.01361068].
2024-06-11 15:28:01,512 - INFO - Finished optimization with guess, [5.44880094 0.01361068].
2024-06-11 15:28:01,512 - INFO - Best fit parameters: [3.97844363 0.17287823].
2024-06-11 15:28:01,557 - INFO - Maximum log composite likelihood: -115.834009918.
2024-06-11 15:28:01,558 - INFO - Optimal value of theta: 11456.0367333.
2024-06-11 15:28:01,561 - INFO - Finished demographic inference.
2024-06-11 15:28:01,561 - INFO - Pipeline executed succesfully.
