2023-08-11 13:38:51,332 - INFO - Beginning execution of evaluate_demography.py in directory /u/project/ngarud/jonmah/demo_for_ccgb/Scripts

2023-08-11 13:38:51,332 - INFO - Progress is being logged to ../Analysis/Parabacteroides_merdae_56972_downsampled_14/accessory_evaluate_demography.log

2023-08-11 13:38:51,332 - INFO - Parsed the following arguments:
	syn_input_sfs = ../Analysis/Parabacteroides_merdae_56972_downsampled_14/accessory_empirical_syn_downsampled_sfs.txt
	model_type = two_epoch
	params_list = [0.000859896969, 1.1321522e-05]
	mask_singletons = False
	mask_doubletons = False
	outprefix = ../Analysis/Parabacteroides_merdae_56972_downsampled_14/accessory

2023-08-11 13:38:51,346 - INFO - Beginning demographic evaluation for two-epoch demographic model.
2023-08-11 13:38:51,347 - INFO - Beginning optimization with guess, [0.000859896969, 1.1321522e-05].
2023-08-11 13:38:51,347 - INFO - Finished optimization with guess, [0.000859896969, 1.1321522e-05].
2023-08-11 13:38:51,347 - INFO - Best fit parameters: [0.000859896969, 1.1321522e-05].
2023-08-11 13:38:51,374 - INFO - Maximum log composite likelihood: -27.804568750139566.
2023-08-11 13:38:51,374 - INFO - Outputting residual between model and data.
2023-08-11 13:38:51,836 - INFO - Optimal value of theta: 526.369052120008.
2023-08-11 13:38:51,837 - INFO - Synonymous input SFS: [-- 518.2401072157921 341.36170279588384 220.98078902969644 173.52275823552088 155.48931007295278 146.57843706128114 71.7303559075184 -- -- -- -- -- -- --].
2023-08-11 13:38:51,837 - INFO - Scaled spectrum: [-- 523.1090126776107 304.9417970849101 223.15850774877956 184.21637712372 163.75803373263568 153.52417136047495 75.19556059051455 -- -- -- -- -- -- --].
2023-08-11 13:38:51,838 - INFO - Converting and interpreting Tau estimates.
2023-08-11 13:38:51,839 - INFO - Finished demographic evaluation.
2023-08-11 13:38:51,839 - INFO - Pipeline executed succesfully.
