2023-07-20 16:54:10,274 - INFO - Beginning execution of fit_one_epoch.py in directory /u/project/ngarud/jonmah/demo_for_ccgb/Scripts

2023-07-20 16:54:10,274 - INFO - Progress is being logged to ../Analysis/Parabacteroides_merdae_56972_downsampled_14/core_log.log

2023-07-20 16:54:10,274 - INFO - Parsed the following arguments:
	syn_input_sfs = ../Analysis/Parabacteroides_merdae_56972_downsampled_14/core_empirical_syn_downsampled_sfs.txt
	mask_singletons = False
	mask_doubletons = False
	outprefix = ../Analysis/Parabacteroides_merdae_56972_downsampled_14/core

2023-07-20 16:54:10,296 - INFO - Beginning demographic inference for one-epoch demographic model.
2023-07-20 16:54:10,299 - INFO - Beginning optimization with guess, [0.05367325].
2023-07-20 16:54:11,088 - INFO - Finished optimization with guess, [0.05367325].
2023-07-20 16:54:11,088 - INFO - Best fit parameters: [0.05367325].
2023-07-20 16:54:11,110 - INFO - Maximum log composite likelihood: -77.21205442196606.
2023-07-20 16:54:11,110 - INFO - Optimal value of theta: 5789.634467295458.
2023-07-20 16:54:11,111 - INFO - Beginning optimization with guess, [0.39605529].
2023-07-20 16:54:11,760 - INFO - Finished optimization with guess, [0.39605529].
2023-07-20 16:54:11,761 - INFO - Best fit parameters: [0.39605529].
2023-07-20 16:54:11,783 - INFO - Maximum log composite likelihood: -77.21205442196606.
2023-07-20 16:54:11,783 - INFO - Optimal value of theta: 5789.634467295458.
2023-07-20 16:54:11,783 - INFO - Beginning optimization with guess, [0.15560078].
2023-07-20 16:54:12,499 - INFO - Finished optimization with guess, [0.15560078].
2023-07-20 16:54:12,499 - INFO - Best fit parameters: [0.15560078].
2023-07-20 16:54:12,521 - INFO - Maximum log composite likelihood: -77.21205442196606.
2023-07-20 16:54:12,522 - INFO - Optimal value of theta: 5789.634467295458.
2023-07-20 16:54:12,522 - INFO - Beginning optimization with guess, [0.55368834].
2023-07-20 16:54:13,183 - INFO - Finished optimization with guess, [0.55368834].
2023-07-20 16:54:13,183 - INFO - Best fit parameters: [0.55368834].
2023-07-20 16:54:13,206 - INFO - Maximum log composite likelihood: -77.21205442196606.
2023-07-20 16:54:13,206 - INFO - Optimal value of theta: 5789.634467295458.
2023-07-20 16:54:13,206 - INFO - Beginning optimization with guess, [0.49709072].
2023-07-20 16:54:13,869 - INFO - Finished optimization with guess, [0.49709072].
2023-07-20 16:54:13,870 - INFO - Best fit parameters: [0.49709072].
2023-07-20 16:54:13,893 - INFO - Maximum log composite likelihood: -77.21205442196606.
2023-07-20 16:54:13,893 - INFO - Optimal value of theta: 5789.634467295458.
2023-07-20 16:54:13,893 - INFO - Beginning optimization with guess, [0.95346253].
2023-07-20 16:54:14,281 - INFO - Finished optimization with guess, [0.95346253].
2023-07-20 16:54:14,281 - INFO - Best fit parameters: [0.95346253].
2023-07-20 16:54:14,304 - INFO - Maximum log composite likelihood: -77.21205442196606.
2023-07-20 16:54:14,304 - INFO - Optimal value of theta: 5789.634467295458.
2023-07-20 16:54:14,305 - INFO - Beginning optimization with guess, [0.64408327].
2023-07-20 16:54:14,889 - INFO - Finished optimization with guess, [0.64408327].
2023-07-20 16:54:14,889 - INFO - Best fit parameters: [0.64408327].
2023-07-20 16:54:14,912 - INFO - Maximum log composite likelihood: -77.21205442196606.
2023-07-20 16:54:14,912 - INFO - Optimal value of theta: 5789.634467295458.
2023-07-20 16:54:14,912 - INFO - Beginning optimization with guess, [0.81405258].
2023-07-20 16:54:15,426 - INFO - Finished optimization with guess, [0.81405258].
2023-07-20 16:54:15,426 - INFO - Best fit parameters: [0.81405258].
2023-07-20 16:54:15,448 - INFO - Maximum log composite likelihood: -77.21205442196606.
2023-07-20 16:54:15,449 - INFO - Optimal value of theta: 5789.634467295458.
2023-07-20 16:54:15,449 - INFO - Beginning optimization with guess, [0.47591629].
2023-07-20 16:54:16,098 - INFO - Finished optimization with guess, [0.47591629].
2023-07-20 16:54:16,098 - INFO - Best fit parameters: [0.47591629].
2023-07-20 16:54:16,120 - INFO - Maximum log composite likelihood: -77.21205442196606.
2023-07-20 16:54:16,120 - INFO - Optimal value of theta: 5789.634467295458.
2023-07-20 16:54:16,121 - INFO - Beginning optimization with guess, [0.99183795].
2023-07-20 16:54:16,368 - INFO - Finished optimization with guess, [0.99183795].
2023-07-20 16:54:16,368 - INFO - Best fit parameters: [0.99183795].
2023-07-20 16:54:16,390 - INFO - Maximum log composite likelihood: -77.21205442196606.
2023-07-20 16:54:16,391 - INFO - Optimal value of theta: 5789.634467295458.
2023-07-20 16:54:16,391 - INFO - Beginning optimization with guess, [1.06981564].
2023-07-20 16:54:16,842 - INFO - Finished optimization with guess, [1.06981564].
2023-07-20 16:54:16,842 - INFO - Best fit parameters: [1.06981564].
2023-07-20 16:54:16,865 - INFO - Maximum log composite likelihood: -77.21205442196606.
2023-07-20 16:54:16,865 - INFO - Optimal value of theta: 5789.634467295458.
2023-07-20 16:54:16,865 - INFO - Beginning optimization with guess, [1.18600878].
2023-07-20 16:54:17,393 - INFO - Finished optimization with guess, [1.18600878].
2023-07-20 16:54:17,393 - INFO - Best fit parameters: [1.18600878].
2023-07-20 16:54:17,417 - INFO - Maximum log composite likelihood: -77.21205442196606.
2023-07-20 16:54:17,417 - INFO - Optimal value of theta: 5789.634467295458.
2023-07-20 16:54:17,417 - INFO - Beginning optimization with guess, [2.86027156].
2023-07-20 16:54:18,146 - INFO - Finished optimization with guess, [2.86027156].
2023-07-20 16:54:18,146 - INFO - Best fit parameters: [2.86027156].
2023-07-20 16:54:18,169 - INFO - Maximum log composite likelihood: -77.21205442196606.
2023-07-20 16:54:18,170 - INFO - Optimal value of theta: 5789.634467295458.
2023-07-20 16:54:18,170 - INFO - Beginning optimization with guess, [1.41315556].
2023-07-20 16:54:18,759 - INFO - Finished optimization with guess, [1.41315556].
2023-07-20 16:54:18,760 - INFO - Best fit parameters: [1.41315556].
2023-07-20 16:54:18,782 - INFO - Maximum log composite likelihood: -77.21205442196606.
2023-07-20 16:54:18,782 - INFO - Optimal value of theta: 5789.634467295458.
2023-07-20 16:54:18,783 - INFO - Beginning optimization with guess, [3.66765378].
2023-07-20 16:54:19,497 - INFO - Finished optimization with guess, [3.66765378].
2023-07-20 16:54:19,498 - INFO - Best fit parameters: [3.66765378].
2023-07-20 16:54:19,520 - INFO - Maximum log composite likelihood: -77.21205442196606.
2023-07-20 16:54:19,520 - INFO - Optimal value of theta: 5789.634467295458.
2023-07-20 16:54:19,520 - INFO - Beginning optimization with guess, [1.26116271].
2023-07-20 16:54:20,034 - INFO - Finished optimization with guess, [1.26116271].
2023-07-20 16:54:20,035 - INFO - Best fit parameters: [1.26116271].
2023-07-20 16:54:20,058 - INFO - Maximum log composite likelihood: -77.21205442196606.
2023-07-20 16:54:20,058 - INFO - Optimal value of theta: 5789.634467295458.
2023-07-20 16:54:20,058 - INFO - Beginning optimization with guess, [1.45618727].
2023-07-20 16:54:20,639 - INFO - Finished optimization with guess, [1.45618727].
2023-07-20 16:54:20,639 - INFO - Best fit parameters: [1.45618727].
2023-07-20 16:54:20,662 - INFO - Maximum log composite likelihood: -77.21205442196606.
2023-07-20 16:54:20,662 - INFO - Optimal value of theta: 5789.634467295458.
2023-07-20 16:54:20,662 - INFO - Beginning optimization with guess, [3.03531512].
2023-07-20 16:54:21,377 - INFO - Finished optimization with guess, [3.03531512].
2023-07-20 16:54:21,377 - INFO - Best fit parameters: [3.03531512].
2023-07-20 16:54:21,399 - INFO - Maximum log composite likelihood: -77.21205442196606.
2023-07-20 16:54:21,400 - INFO - Optimal value of theta: 5789.634467295458.
2023-07-20 16:54:21,400 - INFO - Beginning optimization with guess, [3.4703706].
2023-07-20 16:54:22,116 - INFO - Finished optimization with guess, [3.4703706].
2023-07-20 16:54:22,116 - INFO - Best fit parameters: [3.4703706].
2023-07-20 16:54:22,139 - INFO - Maximum log composite likelihood: -77.21205442196606.
2023-07-20 16:54:22,139 - INFO - Optimal value of theta: 5789.634467295458.
2023-07-20 16:54:22,139 - INFO - Beginning optimization with guess, [4.33650293].
2023-07-20 16:54:22,859 - INFO - Finished optimization with guess, [4.33650293].
2023-07-20 16:54:22,860 - INFO - Best fit parameters: [4.33650293].
2023-07-20 16:54:22,882 - INFO - Maximum log composite likelihood: -77.21205442196606.
2023-07-20 16:54:22,882 - INFO - Optimal value of theta: 5789.634467295458.
2023-07-20 16:54:22,882 - INFO - Beginning optimization with guess, [2.15201727].
2023-07-20 16:54:23,529 - INFO - Finished optimization with guess, [2.15201727].
2023-07-20 16:54:23,530 - INFO - Best fit parameters: [2.15201727].
2023-07-20 16:54:23,552 - INFO - Maximum log composite likelihood: -77.21205442196606.
2023-07-20 16:54:23,552 - INFO - Optimal value of theta: 5789.634467295458.
2023-07-20 16:54:23,552 - INFO - Beginning optimization with guess, [3.5924332].
2023-07-20 16:54:24,265 - INFO - Finished optimization with guess, [3.5924332].
2023-07-20 16:54:24,265 - INFO - Best fit parameters: [3.5924332].
2023-07-20 16:54:24,287 - INFO - Maximum log composite likelihood: -77.21205442196606.
2023-07-20 16:54:24,288 - INFO - Optimal value of theta: 5789.634467295458.
2023-07-20 16:54:24,288 - INFO - Beginning optimization with guess, [5.11619327].
2023-07-20 16:54:25,000 - INFO - Finished optimization with guess, [5.11619327].
2023-07-20 16:54:25,000 - INFO - Best fit parameters: [5.11619327].
2023-07-20 16:54:25,023 - INFO - Maximum log composite likelihood: -77.21205442196606.
2023-07-20 16:54:25,023 - INFO - Optimal value of theta: 5789.634467295458.
2023-07-20 16:54:25,023 - INFO - Beginning optimization with guess, [9.15104697].
2023-07-20 16:54:25,803 - INFO - Finished optimization with guess, [9.15104697].
2023-07-20 16:54:25,803 - INFO - Best fit parameters: [9.15104697].
2023-07-20 16:54:25,825 - INFO - Maximum log composite likelihood: -77.21205442196606.
2023-07-20 16:54:25,826 - INFO - Optimal value of theta: 5789.634467295458.
2023-07-20 16:54:25,827 - INFO - Beginning demographic inference for two-epoch demographic model.
2023-07-20 16:54:25,830 - INFO - Beginning optimization with guess, [0.11250796 0.01394133].
2023-07-20 16:54:26,939 - INFO - Finished optimization with guess, [0.11250796 0.01394133].
2023-07-20 16:54:26,940 - INFO - Best fit parameters: [0.55392981 0.04159883].
2023-07-20 16:54:26,964 - INFO - Maximum log composite likelihood: -44.64877790874107.
2023-07-20 16:54:26,964 - INFO - Optimal value of theta: 6156.900736802498.
2023-07-20 16:54:26,964 - INFO - Beginning optimization with guess, [0.25364293 0.01175917].
2023-07-20 16:54:28,089 - INFO - Finished optimization with guess, [0.25364293 0.01175917].
2023-07-20 16:54:28,089 - INFO - Best fit parameters: [0.39486988 0.01701873].
2023-07-20 16:54:28,112 - INFO - Maximum log composite likelihood: -47.464419357141196.
2023-07-20 16:54:28,113 - INFO - Optimal value of theta: 6095.491523691973.
2023-07-20 16:54:28,113 - INFO - Beginning optimization with guess, [0.42818246 0.00500375].
2023-07-20 16:54:29,153 - INFO - Finished optimization with guess, [0.42818246 0.00500375].
2023-07-20 16:54:29,153 - INFO - Best fit parameters: [0.61547066 0.04997769].
2023-07-20 16:54:29,177 - INFO - Maximum log composite likelihood: -43.66313983755572.
2023-07-20 16:54:29,178 - INFO - Optimal value of theta: 6125.589991876544.
2023-07-20 16:54:29,178 - INFO - Beginning optimization with guess, [0.76822435 0.00608005].
2023-07-20 16:54:31,146 - INFO - Finished optimization with guess, [0.76822435 0.00608005].
2023-07-20 16:54:31,146 - INFO - Best fit parameters: [0.6184993  0.68699951].
2023-07-20 16:54:31,187 - INFO - Maximum log composite likelihood: -35.43010296140619.
2023-07-20 16:54:31,187 - INFO - Optimal value of theta: 8024.1945327627645.
2023-07-20 16:54:31,187 - INFO - Beginning optimization with guess, [0.40456651 0.01005384].
2023-07-20 16:54:32,236 - INFO - Finished optimization with guess, [0.40456651 0.01005384].
2023-07-20 16:54:32,236 - INFO - Best fit parameters: [0.74873434 0.27723044].
2023-07-20 16:54:32,265 - INFO - Maximum log composite likelihood: -36.19127911128726.
2023-07-20 16:54:32,265 - INFO - Optimal value of theta: 6468.5577392284495.
2023-07-20 16:54:32,266 - INFO - Beginning optimization with guess, [0.33977315 0.00759455].
2023-07-20 16:54:33,320 - INFO - Finished optimization with guess, [0.33977315 0.00759455].
2023-07-20 16:54:33,320 - INFO - Best fit parameters: [0.7297976 0.1109134].
2023-07-20 16:54:33,345 - INFO - Maximum log composite likelihood: -40.02574004528924.
2023-07-20 16:54:33,346 - INFO - Optimal value of theta: 6176.818851602753.
2023-07-20 16:54:33,346 - INFO - Beginning optimization with guess, [0.36195197 0.0069278 ].
2023-07-20 16:54:34,453 - INFO - Finished optimization with guess, [0.36195197 0.0069278 ].
2023-07-20 16:54:34,454 - INFO - Best fit parameters: [0.72798347 0.24578681].
2023-07-20 16:54:34,483 - INFO - Maximum log composite likelihood: -36.54824017770443.
2023-07-20 16:54:34,483 - INFO - Optimal value of theta: 6487.131233679756.
2023-07-20 16:54:34,483 - INFO - Beginning optimization with guess, [0.40766905 0.01682154].
2023-07-20 16:54:35,749 - INFO - Finished optimization with guess, [0.40766905 0.01682154].
2023-07-20 16:54:35,749 - INFO - Best fit parameters: [0.70823466 0.44996225].
2023-07-20 16:54:35,782 - INFO - Maximum log composite likelihood: -35.59258372804925.
2023-07-20 16:54:35,783 - INFO - Optimal value of theta: 6927.00990484291.
2023-07-20 16:54:35,783 - INFO - Beginning optimization with guess, [1.54975503 0.01124855].
2023-07-20 16:54:37,659 - INFO - Finished optimization with guess, [1.54975503 0.01124855].
2023-07-20 16:54:37,659 - INFO - Best fit parameters: [0.75184855 0.30396668].
2023-07-20 16:54:37,688 - INFO - Maximum log composite likelihood: -36.09282960875407.
2023-07-20 16:54:37,689 - INFO - Optimal value of theta: 6498.835716532439.
2023-07-20 16:54:37,689 - INFO - Beginning optimization with guess, [0.63850636 0.00568801].
2023-07-20 16:54:38,913 - INFO - Finished optimization with guess, [0.63850636 0.00568801].
2023-07-20 16:54:38,913 - INFO - Best fit parameters: [0.73445767 0.42242933].
2023-07-20 16:54:38,945 - INFO - Maximum log composite likelihood: -35.71036801018272.
2023-07-20 16:54:38,946 - INFO - Optimal value of theta: 6747.061395448514.
2023-07-20 16:54:38,946 - INFO - Beginning optimization with guess, [0.76471051 0.01365071].
2023-07-20 16:54:40,257 - INFO - Finished optimization with guess, [0.76471051 0.01365071].
2023-07-20 16:54:40,258 - INFO - Best fit parameters: [0.69152874 0.55884892].
2023-07-20 16:54:40,294 - INFO - Maximum log composite likelihood: -35.518885217852585.
2023-07-20 16:54:40,295 - INFO - Optimal value of theta: 7196.498786232021.
2023-07-20 16:54:40,295 - INFO - Beginning optimization with guess, [1.87716988 0.01318698].
2023-07-20 16:54:42,161 - INFO - Finished optimization with guess, [1.87716988 0.01318698].
2023-07-20 16:54:42,161 - INFO - Best fit parameters: [0.71090274 0.5449928 ].
2023-07-20 16:54:42,196 - INFO - Maximum log composite likelihood: -35.73794708006517.
2023-07-20 16:54:42,197 - INFO - Optimal value of theta: 7048.90848716832.
2023-07-20 16:54:42,197 - INFO - Beginning optimization with guess, [0.93642328 0.00884006].
2023-07-20 16:54:43,595 - INFO - Finished optimization with guess, [0.93642328 0.00884006].
2023-07-20 16:54:43,596 - INFO - Best fit parameters: [0.70974858 0.53736792].
2023-07-20 16:54:43,632 - INFO - Maximum log composite likelihood: -35.674360770480234.
2023-07-20 16:54:43,632 - INFO - Optimal value of theta: 7045.770652833378.
2023-07-20 16:54:43,632 - INFO - Beginning optimization with guess, [1.44221152 0.00755061].
2023-07-20 16:54:51,241 - INFO - Finished optimization with guess, [1.44221152 0.00755061].
2023-07-20 16:54:51,242 - INFO - Best fit parameters: [0.75151425 0.23286213].
2023-07-20 16:54:51,270 - INFO - Maximum log composite likelihood: -36.63402674797908.
2023-07-20 16:54:51,270 - INFO - Optimal value of theta: 6384.638016922858.
2023-07-20 16:54:51,271 - INFO - Beginning optimization with guess, [1.59524783 0.00889361].
2023-07-20 16:54:53,301 - INFO - Finished optimization with guess, [1.59524783 0.00889361].
2023-07-20 16:54:53,301 - INFO - Best fit parameters: [0.7083081  0.49149595].
2023-07-20 16:54:53,336 - INFO - Maximum log composite likelihood: -35.53318548305651.
2023-07-20 16:54:53,336 - INFO - Optimal value of theta: 6989.284139587891.
2023-07-20 16:54:53,336 - INFO - Beginning optimization with guess, [1.50069828 0.01309827].
2023-07-20 16:54:55,122 - INFO - Finished optimization with guess, [1.50069828 0.01309827].
2023-07-20 16:54:55,122 - INFO - Best fit parameters: [0.73685351 0.31471015].
2023-07-20 16:54:55,152 - INFO - Maximum log composite likelihood: -35.935436116648816.
2023-07-20 16:54:55,152 - INFO - Optimal value of theta: 6574.861098742117.
2023-07-20 16:54:55,152 - INFO - Beginning optimization with guess, [5.47784792 0.00777157].
2023-07-20 16:54:56,996 - INFO - Finished optimization with guess, [5.47784792 0.00777157].
2023-07-20 16:54:56,996 - INFO - Best fit parameters: [0.68009568 0.60026668].
2023-07-20 16:54:57,033 - INFO - Maximum log composite likelihood: -35.54276008668148.
2023-07-20 16:54:57,034 - INFO - Optimal value of theta: 7340.261629840112.
2023-07-20 16:54:57,034 - INFO - Beginning optimization with guess, [1.62735586 0.00646906].
2023-07-20 16:54:59,239 - INFO - Finished optimization with guess, [1.62735586 0.00646906].
2023-07-20 16:54:59,239 - INFO - Best fit parameters: [0.74309386 0.41271262].
2023-07-20 16:54:59,271 - INFO - Maximum log composite likelihood: -35.85619683499044.
2023-07-20 16:54:59,273 - INFO - Optimal value of theta: 6691.425079797719.
2023-07-20 16:54:59,273 - INFO - Beginning optimization with guess, [2.02690165 0.01004937].
2023-07-20 16:55:01,402 - INFO - Finished optimization with guess, [2.02690165 0.01004937].
2023-07-20 16:55:01,402 - INFO - Best fit parameters: [0.657871  0.6476259].
2023-07-20 16:55:01,441 - INFO - Maximum log composite likelihood: -35.515898989064226.
2023-07-20 16:55:01,441 - INFO - Optimal value of theta: 7590.500891796406.
2023-07-20 16:55:01,441 - INFO - Beginning optimization with guess, [1.87301023 0.01167674].
2023-07-20 16:55:03,369 - INFO - Finished optimization with guess, [1.87301023 0.01167674].
2023-07-20 16:55:03,370 - INFO - Best fit parameters: [0.72000015 0.4084569 ].
2023-07-20 16:55:03,402 - INFO - Maximum log composite likelihood: -35.64996041974973.
2023-07-20 16:55:03,402 - INFO - Optimal value of theta: 6799.698313777617.
2023-07-20 16:55:03,402 - INFO - Beginning optimization with guess, [3.10300321 0.00668203].
2023-07-20 16:55:05,048 - INFO - Finished optimization with guess, [3.10300321 0.00668203].
2023-07-20 16:55:05,048 - INFO - Best fit parameters: [0.74802321 0.41769619].
2023-07-20 16:55:05,080 - INFO - Maximum log composite likelihood: -36.003006289946825.
2023-07-20 16:55:05,081 - INFO - Optimal value of theta: 6674.407598299094.
2023-07-20 16:55:05,081 - INFO - Beginning optimization with guess, [3.70593446 0.00694212].
2023-07-20 16:55:06,971 - INFO - Finished optimization with guess, [3.70593446 0.00694212].
2023-07-20 16:55:06,971 - INFO - Best fit parameters: [0.68993074 0.51284681].
2023-07-20 16:55:07,006 - INFO - Maximum log composite likelihood: -35.52196074486619.
2023-07-20 16:55:07,006 - INFO - Optimal value of theta: 7136.759698521774.
2023-07-20 16:55:07,006 - INFO - Beginning optimization with guess, [7.3648964  0.01240365].
2023-07-20 16:55:08,027 - INFO - Finished optimization with guess, [7.3648964  0.01240365].
2023-07-20 16:55:08,028 - INFO - Best fit parameters: [0.005525   0.00011943].
2023-07-20 16:55:08,051 - INFO - Maximum log composite likelihood: -50.0418542827565.
2023-07-20 16:55:08,051 - INFO - Optimal value of theta: 6055.063797506277.
2023-07-20 16:55:08,051 - INFO - Beginning optimization with guess, [12.4043346  0.0132502].
2023-07-20 16:55:09,204 - INFO - Finished optimization with guess, [12.4043346  0.0132502].
2023-07-20 16:55:09,204 - INFO - Best fit parameters: [2.61327073e-04 5.55522324e-06].
2023-07-20 16:55:09,227 - INFO - Maximum log composite likelihood: -50.05765672598773.
2023-07-20 16:55:09,227 - INFO - Optimal value of theta: 6052.175589301769.
2023-07-20 16:55:09,229 - INFO - Beginning demographic inference for three-epoch demographic model.
2023-07-20 16:55:09,232 - INFO - Beginning optimization with guess, [0.00684457 0.00943378 0.0060321  0.00885559].
2023-07-20 16:55:16,400 - INFO - Finished optimization with guess, [0.00684457 0.00943378 0.0060321  0.00885559].
2023-07-20 16:55:16,400 - INFO - Best fit parameters: [0.00385987 0.00520178 0.01666938 0.01269386].
2023-07-20 16:55:16,535 - INFO - Maximum log composite likelihood: -35.41767755222463.
2023-07-20 16:55:16,535 - INFO - Optimal value of theta: 954811.3676761041.
2023-07-20 16:55:16,535 - INFO - Beginning optimization with guess, [0.02634895 0.0234556  0.01311358 0.0177951 ].
2023-07-20 16:55:21,424 - INFO - Finished optimization with guess, [0.02634895 0.0234556  0.01311358 0.0177951 ].
2023-07-20 16:55:21,425 - INFO - Best fit parameters: [0.00929027 0.02401293 0.0117217  0.09325521].
2023-07-20 16:55:21,532 - INFO - Maximum log composite likelihood: -35.93713960842342.
2023-07-20 16:55:21,533 - INFO - Optimal value of theta: 202919.26304669993.
2023-07-20 16:55:21,533 - INFO - Beginning optimization with guess, [0.02336287 0.01641093 0.01224417 0.00884447].
2023-07-20 16:55:24,294 - INFO - Finished optimization with guess, [0.02336287 0.01641093 0.01224417 0.00884447].
2023-07-20 16:55:24,295 - INFO - Best fit parameters: [0.00212409 0.56387902 0.00573441 0.00632387].
2023-07-20 16:55:24,362 - INFO - Maximum log composite likelihood: -237.61327707429427.
2023-07-20 16:55:24,362 - INFO - Optimal value of theta: 82835.56224851195.
2023-07-20 16:55:24,363 - INFO - Beginning optimization with guess, [0.03036519 0.03352789 0.01303285 0.01208362].
2023-07-20 16:55:25,570 - INFO - Finished optimization with guess, [0.03036519 0.03352789 0.01303285 0.01208362].
2023-07-20 16:55:25,571 - INFO - Best fit parameters: [0.08085349 0.29489633 0.00158422 0.00253923].
2023-07-20 16:55:25,594 - INFO - Maximum log composite likelihood: -49.17446532175927.
2023-07-20 16:55:25,595 - INFO - Optimal value of theta: 6081.495833114424.
2023-07-20 16:55:25,595 - INFO - Beginning optimization with guess, [0.03340832 0.06406877 0.01190863 0.01943324].
2023-07-20 16:55:26,823 - INFO - Finished optimization with guess, [0.03340832 0.06406877 0.01190863 0.01943324].
2023-07-20 16:55:26,823 - INFO - Best fit parameters: [0.08793161 0.41984973 0.00150498 0.00673296].
2023-07-20 16:55:26,847 - INFO - Maximum log composite likelihood: -48.08311644767218.
2023-07-20 16:55:26,847 - INFO - Optimal value of theta: 6085.993529989106.
2023-07-20 16:55:26,848 - INFO - Beginning optimization with guess, [0.65763888 0.44581132 0.01405196 0.01647749].
2023-07-20 16:55:27,946 - INFO - Finished optimization with guess, [0.65763888 0.44581132 0.01405196 0.01647749].
2023-07-20 16:55:27,946 - INFO - Best fit parameters: [0.54692156 0.78422376 0.01722888 0.13365266].
2023-07-20 16:55:27,973 - INFO - Maximum log composite likelihood: -38.76132769259857.
2023-07-20 16:55:27,974 - INFO - Optimal value of theta: 6216.9954004219835.
2023-07-20 16:55:27,974 - INFO - Beginning optimization with guess, [0.84027614 0.76593154 0.01204628 0.00806413].
2023-07-20 16:55:29,766 - INFO - Finished optimization with guess, [0.84027614 0.76593154 0.01204628 0.00806413].
2023-07-20 16:55:29,768 - INFO - Best fit parameters: [0.79425167 0.67432711 0.00999403 0.59020358].
2023-07-20 16:55:29,806 - INFO - Maximum log composite likelihood: -35.48062005625707.
2023-07-20 16:55:29,806 - INFO - Optimal value of theta: 7376.468264049189.
2023-07-20 16:55:29,807 - INFO - Beginning optimization with guess, [0.43807356 0.61326526 0.0100625  0.00506906].
2023-07-20 16:55:30,869 - INFO - Finished optimization with guess, [0.43807356 0.61326526 0.0100625  0.00506906].
2023-07-20 16:55:30,869 - INFO - Best fit parameters: [0.57125533 0.53942512 0.03599788 0.00310496].
2023-07-20 16:55:30,893 - INFO - Maximum log composite likelihood: -44.792091037941645.
2023-07-20 16:55:30,894 - INFO - Optimal value of theta: 6117.997823181971.
2023-07-20 16:55:30,894 - INFO - Beginning optimization with guess, [1.76367498 1.73263595 0.00566121 0.00502024].
2023-07-20 16:55:31,967 - INFO - Finished optimization with guess, [1.76367498 1.73263595 0.00566121 0.00502024].
2023-07-20 16:55:31,967 - INFO - Best fit parameters: [9.16151868e-01 3.23846254e+00 2.75692118e-02 2.23598893e-04].
2023-07-20 16:55:31,991 - INFO - Maximum log composite likelihood: -71.6905720402965.
2023-07-20 16:55:31,992 - INFO - Optimal value of theta: 5816.873970732896.
2023-07-20 16:55:31,992 - INFO - Beginning optimization with guess, [1.18530671 1.11036015 0.01718501 0.0153894 ].
2023-07-20 16:55:33,047 - INFO - Finished optimization with guess, [1.18530671 1.11036015 0.01718501 0.0153894 ].
2023-07-20 16:55:33,047 - INFO - Best fit parameters: [1.07319348e+00 9.63182359e-01 9.75098720e-05 7.43780287e-04].
2023-07-20 16:55:33,071 - INFO - Maximum log composite likelihood: -77.15065810644592.
2023-07-20 16:55:33,072 - INFO - Optimal value of theta: 5789.9107233316345.
2023-07-20 16:55:33,072 - INFO - Beginning optimization with guess, [2.15256233 1.60285587 0.00658205 0.00830592].
2023-07-20 16:55:34,194 - INFO - Finished optimization with guess, [2.15256233 1.60285587 0.00658205 0.00830592].
2023-07-20 16:55:34,194 - INFO - Best fit parameters: [8.43915568e-01 9.03221364e-01 7.28992829e-05 1.23982090e-04].
2023-07-20 16:55:34,218 - INFO - Maximum log composite likelihood: -77.1362638474684.
2023-07-20 16:55:34,218 - INFO - Optimal value of theta: 5789.975177266692.
2023-07-20 16:55:34,218 - INFO - Beginning optimization with guess, [1.26689812 0.78525825 0.01379298 0.00976856].
2023-07-20 16:55:35,632 - INFO - Finished optimization with guess, [1.26689812 0.78525825 0.01379298 0.00976856].
2023-07-20 16:55:35,633 - INFO - Best fit parameters: [1.28789196 0.74409351 0.00364727 0.42013449].
2023-07-20 16:55:35,665 - INFO - Maximum log composite likelihood: -35.894530545954694.
2023-07-20 16:55:35,666 - INFO - Optimal value of theta: 6693.369167623274.
2023-07-20 16:55:35,666 - INFO - Beginning optimization with guess, [1.43606507 1.25196897 0.01340603 0.01016458].
2023-07-20 16:55:36,696 - INFO - Finished optimization with guess, [1.43606507 1.25196897 0.01340603 0.01016458].
2023-07-20 16:55:36,697 - INFO - Best fit parameters: [1.16982348e+00 8.80923938e-01 4.85931378e-05 1.45006518e-04].
2023-07-20 16:55:36,720 - INFO - Maximum log composite likelihood: -77.1764860406729.
2023-07-20 16:55:36,720 - INFO - Optimal value of theta: 5789.794282954323.
2023-07-20 16:55:36,721 - INFO - Beginning optimization with guess, [1.2060064  1.9074456  0.01686364 0.0103966 ].
2023-07-20 16:55:37,800 - INFO - Finished optimization with guess, [1.2060064  1.9074456  0.01686364 0.0103966 ].
2023-07-20 16:55:37,800 - INFO - Best fit parameters: [8.10109122e-01 1.26719760e+00 4.38876638e-04 1.72841639e-05].
2023-07-20 16:55:37,824 - INFO - Maximum log composite likelihood: -76.93274379862942.
2023-07-20 16:55:37,824 - INFO - Optimal value of theta: 5790.893686149408.
2023-07-20 16:55:37,824 - INFO - Beginning optimization with guess, [2.08430589 2.50134595 0.00578854 0.00626731].
2023-07-20 16:55:38,888 - INFO - Finished optimization with guess, [2.08430589 2.50134595 0.00578854 0.00626731].
2023-07-20 16:55:38,888 - INFO - Best fit parameters: [4.80746772e+00 8.68051307e-01 2.80323464e-04 2.95856664e-02].
2023-07-20 16:55:38,912 - INFO - Maximum log composite likelihood: -67.63015378156342.
2023-07-20 16:55:38,912 - INFO - Optimal value of theta: 5839.026078451133.
2023-07-20 16:55:38,912 - INFO - Beginning optimization with guess, [1.93988424 1.55927745 0.01053653 0.01617813].
2023-07-20 16:55:39,964 - INFO - Finished optimization with guess, [1.93988424 1.55927745 0.01053653 0.01617813].
2023-07-20 16:55:39,965 - INFO - Best fit parameters: [1.36558732e+00 8.23806965e-01 3.45824212e-04 1.11324766e-03].
2023-07-20 16:55:39,988 - INFO - Maximum log composite likelihood: -76.80473847729081.
2023-07-20 16:55:39,990 - INFO - Optimal value of theta: 5791.47537763233.
2023-07-20 16:55:39,990 - INFO - Beginning optimization with guess, [1.6408733  2.14506157 0.01016937 0.01314862].
2023-07-20 16:55:41,041 - INFO - Finished optimization with guess, [1.6408733  2.14506157 0.01016937 0.01314862].
2023-07-20 16:55:41,041 - INFO - Best fit parameters: [8.29796034e-01 1.82502863e+00 5.25048180e-04 1.08200566e-04].
2023-07-20 16:55:41,064 - INFO - Maximum log composite likelihood: -77.04733640907943.
2023-07-20 16:55:41,064 - INFO - Optimal value of theta: 5790.377083236085.
2023-07-20 16:55:41,064 - INFO - Beginning optimization with guess, [5.1740108  4.99365345 0.0076015  0.00520293].
2023-07-20 16:55:42,139 - INFO - Finished optimization with guess, [5.1740108  4.99365345 0.0076015  0.00520293].
2023-07-20 16:55:42,140 - INFO - Best fit parameters: [3.67233139e+00 6.41067771e-01 4.11848307e-05 1.15134367e-03].
2023-07-20 16:55:42,163 - INFO - Maximum log composite likelihood: -75.52136341255846.
2023-07-20 16:55:42,163 - INFO - Optimal value of theta: 5797.388713822997.
2023-07-20 16:55:42,163 - INFO - Beginning optimization with guess, [2.55323785 3.39190026 0.00809574 0.01122798].
2023-07-20 16:55:43,241 - INFO - Finished optimization with guess, [2.55323785 3.39190026 0.00809574 0.01122798].
2023-07-20 16:55:43,241 - INFO - Best fit parameters: [4.00898691e-01 1.60112635e+00 2.24899742e-04 1.39828218e-05].
2023-07-20 16:55:43,265 - INFO - Maximum log composite likelihood: -76.28662517744215.
2023-07-20 16:55:43,265 - INFO - Optimal value of theta: 5793.835176338357.
2023-07-20 16:55:43,265 - INFO - Beginning optimization with guess, [3.22827058 5.47071153 0.01046678 0.00873298].
2023-07-20 16:55:44,305 - INFO - Finished optimization with guess, [3.22827058 5.47071153 0.01046678 0.00873298].
2023-07-20 16:55:44,305 - INFO - Best fit parameters: [5.99627485e-01 1.34456749e+00 6.46584486e-04 1.23050836e-04].
2023-07-20 16:55:44,329 - INFO - Maximum log composite likelihood: -76.10020360525596.
2023-07-20 16:55:44,329 - INFO - Optimal value of theta: 5794.697502652219.
2023-07-20 16:55:44,329 - INFO - Beginning optimization with guess, [4.77785097 3.75498022 0.01318933 0.00862248].
2023-07-20 16:55:45,428 - INFO - Finished optimization with guess, [4.77785097 3.75498022 0.01318933 0.00862248].
2023-07-20 16:55:45,428 - INFO - Best fit parameters: [2.27770516e+00 3.89594927e-01 5.39283756e-05 1.74711541e-04].
2023-07-20 16:55:45,452 - INFO - Maximum log composite likelihood: -76.5281436185187.
2023-07-20 16:55:45,453 - INFO - Optimal value of theta: 5792.730172040823.
2023-07-20 16:55:45,453 - INFO - Beginning optimization with guess, [2.86065381e+00 7.17171581e+00 6.33468806e-03 1.60774104e-02].
2023-07-20 16:55:46,503 - INFO - Finished optimization with guess, [2.86065381e+00 7.17171581e+00 6.33468806e-03 1.60774104e-02].
2023-07-20 16:55:46,504 - INFO - Best fit parameters: [3.48905152e-01 2.00113389e+00 1.53846810e-04 2.85109200e-06].
2023-07-20 16:55:46,528 - INFO - Maximum log composite likelihood: -76.41097053068188.
2023-07-20 16:55:46,528 - INFO - Optimal value of theta: 5793.2650667000835.
2023-07-20 16:55:46,528 - INFO - Beginning optimization with guess, [7.41980279e+00 1.10408686e+01 9.93248091e-03 5.05506772e-03].
2023-07-20 16:55:47,580 - INFO - Finished optimization with guess, [7.41980279e+00 1.10408686e+01 9.93248091e-03 5.05506772e-03].
2023-07-20 16:55:47,580 - INFO - Best fit parameters: [2.86585980e+00 7.25901937e-02 8.67237605e-06 3.96459132e-05].
2023-07-20 16:55:47,604 - INFO - Maximum log composite likelihood: -75.8162783176067.
2023-07-20 16:55:47,604 - INFO - Optimal value of theta: 5796.001955250988.
2023-07-20 16:55:47,604 - INFO - Beginning optimization with guess, [6.48880199e+00 1.27197227e+01 7.71213577e-03 6.09840308e-03].
2023-07-20 16:55:48,656 - INFO - Finished optimization with guess, [6.48880199e+00 1.27197227e+01 7.71213577e-03 6.09840308e-03].
2023-07-20 16:55:48,656 - INFO - Best fit parameters: [2.00732837e-01 1.42441129e+01 1.74150676e-03 2.00005121e-05].
2023-07-20 16:55:48,679 - INFO - Maximum log composite likelihood: -61.7665831186614.
2023-07-20 16:55:48,680 - INFO - Optimal value of theta: 5875.675471781011.
2023-07-20 16:55:48,681 - INFO - Finished demographic inference.
2023-07-20 16:55:48,681 - INFO - Pipeline executed succesfully.
