2022-11-02 12:48:51,062 - INFO - Beginning execution of fit_one_epoch.py in directory /u/project/ngarud/jonmah/demo_for_ccgb/Scripts

2022-11-02 12:48:51,063 - INFO - Progress is being logged to ../Analysis/Veillonella_parvula_57794_oral/masked_log.log

2022-11-02 12:48:51,063 - INFO - Parsed the following arguments:
	syn_input_sfs = ../Data/oral_microbiome_sfs/Veillonella_parvula_57794_sfs/folded_sfs_10.txt
	mask_singletons = True
	mask_doubletons = False
	outprefix = ../Analysis/Veillonella_parvula_57794_oral/masked

2022-11-02 12:48:51,090 - INFO - Beginning demographic inference for one-epoch demographic model.
2022-11-02 12:48:51,092 - INFO - Beginning optimization with guess, [0.1435203].
2022-11-02 12:48:51,524 - INFO - Finished optimization with guess, [0.1435203].
2022-11-02 12:48:51,525 - INFO - Best fit parameters: [0.1435203].
2022-11-02 12:48:51,775 - INFO - Maximum log composite likelihood: -110274.14166862097.
2022-11-02 12:48:51,775 - INFO - Optimal value of theta: 119154.15742312362.
2022-11-02 12:48:51,776 - INFO - Beginning optimization with guess, [0.3338099].
2022-11-02 12:48:52,148 - INFO - Finished optimization with guess, [0.3338099].
2022-11-02 12:48:52,148 - INFO - Best fit parameters: [0.3338099].
2022-11-02 12:48:52,323 - INFO - Maximum log composite likelihood: -110274.14166862097.
2022-11-02 12:48:52,324 - INFO - Optimal value of theta: 119154.15742312362.
2022-11-02 12:48:52,324 - INFO - Beginning optimization with guess, [0.21516826].
2022-11-02 12:48:52,684 - INFO - Finished optimization with guess, [0.21516826].
2022-11-02 12:48:52,684 - INFO - Best fit parameters: [0.21516826].
2022-11-02 12:48:52,863 - INFO - Maximum log composite likelihood: -110274.14166862097.
2022-11-02 12:48:52,863 - INFO - Optimal value of theta: 119154.15742312362.
2022-11-02 12:48:52,863 - INFO - Beginning optimization with guess, [0.40322787].
2022-11-02 12:48:53,294 - INFO - Finished optimization with guess, [0.40322787].
2022-11-02 12:48:53,294 - INFO - Best fit parameters: [0.40322787].
2022-11-02 12:48:53,470 - INFO - Maximum log composite likelihood: -110274.14166862097.
2022-11-02 12:48:53,470 - INFO - Optimal value of theta: 119154.15742312362.
2022-11-02 12:48:53,471 - INFO - Beginning optimization with guess, [0.72277864].
2022-11-02 12:48:53,822 - INFO - Finished optimization with guess, [0.72277864].
2022-11-02 12:48:53,823 - INFO - Best fit parameters: [0.72277864].
2022-11-02 12:48:53,999 - INFO - Maximum log composite likelihood: -110274.14166862097.
2022-11-02 12:48:53,999 - INFO - Optimal value of theta: 119154.15742312362.
2022-11-02 12:48:54,000 - INFO - Beginning optimization with guess, [1.13473051].
2022-11-02 12:48:54,335 - INFO - Finished optimization with guess, [1.13473051].
2022-11-02 12:48:54,336 - INFO - Best fit parameters: [1.13473051].
2022-11-02 12:48:54,501 - INFO - Maximum log composite likelihood: -110274.14166862097.
2022-11-02 12:48:54,501 - INFO - Optimal value of theta: 119154.15742312362.
2022-11-02 12:48:54,502 - INFO - Beginning optimization with guess, [0.44687974].
2022-11-02 12:48:54,833 - INFO - Finished optimization with guess, [0.44687974].
2022-11-02 12:48:54,833 - INFO - Best fit parameters: [0.44687974].
2022-11-02 12:48:55,000 - INFO - Maximum log composite likelihood: -110274.14166862097.
2022-11-02 12:48:55,000 - INFO - Optimal value of theta: 119154.15742312362.
2022-11-02 12:48:55,000 - INFO - Beginning optimization with guess, [1.59511755].
2022-11-02 12:48:55,331 - INFO - Finished optimization with guess, [1.59511755].
2022-11-02 12:48:55,331 - INFO - Best fit parameters: [1.59511755].
2022-11-02 12:48:55,497 - INFO - Maximum log composite likelihood: -110274.14166862097.
2022-11-02 12:48:55,497 - INFO - Optimal value of theta: 119154.15742312362.
2022-11-02 12:48:55,498 - INFO - Beginning optimization with guess, [0.5167994].
2022-11-02 12:48:55,829 - INFO - Finished optimization with guess, [0.5167994].
2022-11-02 12:48:55,829 - INFO - Best fit parameters: [0.5167994].
2022-11-02 12:48:55,995 - INFO - Maximum log composite likelihood: -110274.14166862097.
2022-11-02 12:48:55,995 - INFO - Optimal value of theta: 119154.15742312362.
2022-11-02 12:48:55,995 - INFO - Beginning optimization with guess, [1.4699828].
2022-11-02 12:48:56,330 - INFO - Finished optimization with guess, [1.4699828].
2022-11-02 12:48:56,330 - INFO - Best fit parameters: [1.4699828].
2022-11-02 12:48:56,496 - INFO - Maximum log composite likelihood: -110274.14166862097.
2022-11-02 12:48:56,496 - INFO - Optimal value of theta: 119154.15742312362.
2022-11-02 12:48:56,496 - INFO - Beginning optimization with guess, [1.00872705].
2022-11-02 12:48:56,828 - INFO - Finished optimization with guess, [1.00872705].
2022-11-02 12:48:56,828 - INFO - Best fit parameters: [1.00872705].
2022-11-02 12:48:56,994 - INFO - Maximum log composite likelihood: -110274.14166862097.
2022-11-02 12:48:56,995 - INFO - Optimal value of theta: 119154.15742312362.
2022-11-02 12:48:56,995 - INFO - Beginning optimization with guess, [1.48217412].
2022-11-02 12:48:57,326 - INFO - Finished optimization with guess, [1.48217412].
2022-11-02 12:48:57,326 - INFO - Best fit parameters: [1.48217412].
2022-11-02 12:48:57,492 - INFO - Maximum log composite likelihood: -110274.14166862097.
2022-11-02 12:48:57,492 - INFO - Optimal value of theta: 119154.15742312362.
2022-11-02 12:48:57,492 - INFO - Beginning optimization with guess, [1.12906116].
2022-11-02 12:48:57,825 - INFO - Finished optimization with guess, [1.12906116].
2022-11-02 12:48:57,826 - INFO - Best fit parameters: [1.12906116].
2022-11-02 12:48:57,991 - INFO - Maximum log composite likelihood: -110274.14166862097.
2022-11-02 12:48:57,991 - INFO - Optimal value of theta: 119154.15742312362.
2022-11-02 12:48:57,991 - INFO - Beginning optimization with guess, [3.14788359].
2022-11-02 12:48:58,322 - INFO - Finished optimization with guess, [3.14788359].
2022-11-02 12:48:58,322 - INFO - Best fit parameters: [3.14788359].
2022-11-02 12:48:58,487 - INFO - Maximum log composite likelihood: -110274.14166862097.
2022-11-02 12:48:58,488 - INFO - Optimal value of theta: 119154.15742312362.
2022-11-02 12:48:58,488 - INFO - Beginning optimization with guess, [1.63757006].
2022-11-02 12:48:58,821 - INFO - Finished optimization with guess, [1.63757006].
2022-11-02 12:48:58,821 - INFO - Best fit parameters: [1.63757006].
2022-11-02 12:48:58,987 - INFO - Maximum log composite likelihood: -110274.14166862097.
2022-11-02 12:48:58,988 - INFO - Optimal value of theta: 119154.15742312362.
2022-11-02 12:48:58,988 - INFO - Beginning optimization with guess, [1.34100754].
2022-11-02 12:48:59,329 - INFO - Finished optimization with guess, [1.34100754].
2022-11-02 12:48:59,330 - INFO - Best fit parameters: [1.34100754].
2022-11-02 12:48:59,500 - INFO - Maximum log composite likelihood: -110274.14166862097.
2022-11-02 12:48:59,501 - INFO - Optimal value of theta: 119154.15742312362.
2022-11-02 12:48:59,501 - INFO - Beginning optimization with guess, [1.49830786].
2022-11-02 12:48:59,842 - INFO - Finished optimization with guess, [1.49830786].
2022-11-02 12:48:59,843 - INFO - Best fit parameters: [1.49830786].
2022-11-02 12:49:00,013 - INFO - Maximum log composite likelihood: -110274.14166862097.
2022-11-02 12:49:00,014 - INFO - Optimal value of theta: 119154.15742312362.
2022-11-02 12:49:00,014 - INFO - Beginning optimization with guess, [3.47446952].
2022-11-02 12:49:00,356 - INFO - Finished optimization with guess, [3.47446952].
2022-11-02 12:49:00,357 - INFO - Best fit parameters: [3.47446952].
2022-11-02 12:49:00,526 - INFO - Maximum log composite likelihood: -110274.14166862097.
2022-11-02 12:49:00,527 - INFO - Optimal value of theta: 119154.15742312362.
2022-11-02 12:49:00,527 - INFO - Beginning optimization with guess, [2.06972793].
2022-11-02 12:49:00,867 - INFO - Finished optimization with guess, [2.06972793].
2022-11-02 12:49:00,867 - INFO - Best fit parameters: [2.06972793].
2022-11-02 12:49:01,037 - INFO - Maximum log composite likelihood: -110274.14166862097.
2022-11-02 12:49:01,037 - INFO - Optimal value of theta: 119154.15742312362.
2022-11-02 12:49:01,037 - INFO - Beginning optimization with guess, [5.67056918].
2022-11-02 12:49:01,379 - INFO - Finished optimization with guess, [5.67056918].
2022-11-02 12:49:01,379 - INFO - Best fit parameters: [5.67056918].
2022-11-02 12:49:01,549 - INFO - Maximum log composite likelihood: -110274.14166862097.
2022-11-02 12:49:01,549 - INFO - Optimal value of theta: 119154.15742312362.
2022-11-02 12:49:01,549 - INFO - Beginning optimization with guess, [3.62332495].
2022-11-02 12:49:01,889 - INFO - Finished optimization with guess, [3.62332495].
2022-11-02 12:49:01,890 - INFO - Best fit parameters: [3.62332495].
2022-11-02 12:49:02,059 - INFO - Maximum log composite likelihood: -110274.14166862097.
2022-11-02 12:49:02,060 - INFO - Optimal value of theta: 119154.15742312362.
2022-11-02 12:49:02,060 - INFO - Beginning optimization with guess, [5.46503659].
2022-11-02 12:49:02,399 - INFO - Finished optimization with guess, [5.46503659].
2022-11-02 12:49:02,399 - INFO - Best fit parameters: [5.46503659].
2022-11-02 12:49:02,569 - INFO - Maximum log composite likelihood: -110274.14166862097.
2022-11-02 12:49:02,569 - INFO - Optimal value of theta: 119154.15742312362.
2022-11-02 12:49:02,569 - INFO - Beginning optimization with guess, [6.88304625].
2022-11-02 12:49:02,909 - INFO - Finished optimization with guess, [6.88304625].
2022-11-02 12:49:02,909 - INFO - Best fit parameters: [6.88304625].
2022-11-02 12:49:03,079 - INFO - Maximum log composite likelihood: -110274.14166862097.
2022-11-02 12:49:03,080 - INFO - Optimal value of theta: 119154.15742312362.
2022-11-02 12:49:03,080 - INFO - Beginning optimization with guess, [4.93326423].
2022-11-02 12:49:03,422 - INFO - Finished optimization with guess, [4.93326423].
2022-11-02 12:49:03,423 - INFO - Best fit parameters: [4.93326423].
2022-11-02 12:49:03,594 - INFO - Maximum log composite likelihood: -110274.14166862097.
2022-11-02 12:49:03,595 - INFO - Optimal value of theta: 119154.15742312362.
2022-11-02 12:49:03,595 - INFO - Beginning optimization with guess, [7.87766934].
2022-11-02 12:49:03,938 - INFO - Finished optimization with guess, [7.87766934].
2022-11-02 12:49:03,938 - INFO - Best fit parameters: [7.87766934].
2022-11-02 12:49:04,107 - INFO - Maximum log composite likelihood: -110274.14166862097.
2022-11-02 12:49:04,108 - INFO - Optimal value of theta: 119154.15742312362.
2022-11-02 12:49:04,110 - INFO - Finished demographic inference.
2022-11-02 12:49:04,110 - INFO - Pipeline executed succesfully.
