2023-02-17 16:16:34,198 - INFO - Beginning execution of fit_one_epoch.py in directory /u/project/ngarud/jonmah/demo_for_ccgb/Scripts

2023-02-17 16:16:34,198 - INFO - Progress is being logged to ../Analysis/Alistipes_putredinis_61533_downsampled_16/log.log

2023-02-17 16:16:34,198 - INFO - Parsed the following arguments:
	syn_input_sfs = ../Analysis/Alistipes_putredinis_61533_downsampled_16/empirical_sfs.txt
	mask_singletons = False
	mask_doubletons = False
	outprefix = ../Analysis/Alistipes_putredinis_61533_downsampled_16/

2023-02-17 16:16:34,204 - INFO - Beginning demographic inference for one-epoch demographic model.
2023-02-17 16:16:34,206 - INFO - Beginning optimization with guess, [0.07560172].
2023-02-17 16:16:34,300 - INFO - Finished optimization with guess, [0.07560172].
2023-02-17 16:16:34,300 - INFO - Best fit parameters: [0.07560172].
2023-02-17 16:16:34,346 - INFO - Maximum log composite likelihood: -974.1492077833045.
2023-02-17 16:16:34,347 - INFO - Optimal value of theta: 2750.3425019319825.
2023-02-17 16:16:34,347 - INFO - Beginning optimization with guess, [0.21355974].
2023-02-17 16:16:34,440 - INFO - Finished optimization with guess, [0.21355974].
2023-02-17 16:16:34,441 - INFO - Best fit parameters: [0.21355974].
2023-02-17 16:16:34,487 - INFO - Maximum log composite likelihood: -974.1492077833045.
2023-02-17 16:16:34,488 - INFO - Optimal value of theta: 2750.3425019319825.
2023-02-17 16:16:34,488 - INFO - Beginning optimization with guess, [0.21404352].
2023-02-17 16:16:34,581 - INFO - Finished optimization with guess, [0.21404352].
2023-02-17 16:16:34,581 - INFO - Best fit parameters: [0.21404352].
2023-02-17 16:16:34,627 - INFO - Maximum log composite likelihood: -974.1492077833045.
2023-02-17 16:16:34,628 - INFO - Optimal value of theta: 2750.3425019319825.
2023-02-17 16:16:34,629 - INFO - Beginning optimization with guess, [0.76687116].
2023-02-17 16:16:34,722 - INFO - Finished optimization with guess, [0.76687116].
2023-02-17 16:16:34,722 - INFO - Best fit parameters: [0.76687116].
2023-02-17 16:16:34,770 - INFO - Maximum log composite likelihood: -974.1492077833045.
2023-02-17 16:16:34,771 - INFO - Optimal value of theta: 2750.3425019319825.
2023-02-17 16:16:34,771 - INFO - Beginning optimization with guess, [0.71104311].
2023-02-17 16:16:34,865 - INFO - Finished optimization with guess, [0.71104311].
2023-02-17 16:16:34,865 - INFO - Best fit parameters: [0.71104311].
2023-02-17 16:16:34,911 - INFO - Maximum log composite likelihood: -974.1492077833045.
2023-02-17 16:16:34,912 - INFO - Optimal value of theta: 2750.3425019319825.
2023-02-17 16:16:34,912 - INFO - Beginning optimization with guess, [0.54991941].
2023-02-17 16:16:35,005 - INFO - Finished optimization with guess, [0.54991941].
2023-02-17 16:16:35,005 - INFO - Best fit parameters: [0.54991941].
2023-02-17 16:16:35,051 - INFO - Maximum log composite likelihood: -974.1492077833045.
2023-02-17 16:16:35,052 - INFO - Optimal value of theta: 2750.3425019319825.
2023-02-17 16:16:35,052 - INFO - Beginning optimization with guess, [0.69032243].
2023-02-17 16:16:35,145 - INFO - Finished optimization with guess, [0.69032243].
2023-02-17 16:16:35,145 - INFO - Best fit parameters: [0.69032243].
2023-02-17 16:16:35,191 - INFO - Maximum log composite likelihood: -974.1492077833045.
2023-02-17 16:16:35,192 - INFO - Optimal value of theta: 2750.3425019319825.
2023-02-17 16:16:35,192 - INFO - Beginning optimization with guess, [0.88456544].
2023-02-17 16:16:35,285 - INFO - Finished optimization with guess, [0.88456544].
2023-02-17 16:16:35,285 - INFO - Best fit parameters: [0.88456544].
2023-02-17 16:16:35,331 - INFO - Maximum log composite likelihood: -974.1492077833045.
2023-02-17 16:16:35,332 - INFO - Optimal value of theta: 2750.3425019319825.
2023-02-17 16:16:35,332 - INFO - Beginning optimization with guess, [0.46455686].
2023-02-17 16:16:35,425 - INFO - Finished optimization with guess, [0.46455686].
2023-02-17 16:16:35,425 - INFO - Best fit parameters: [0.46455686].
2023-02-17 16:16:35,471 - INFO - Maximum log composite likelihood: -974.1492077833045.
2023-02-17 16:16:35,472 - INFO - Optimal value of theta: 2750.3425019319825.
2023-02-17 16:16:35,472 - INFO - Beginning optimization with guess, [0.79257857].
2023-02-17 16:16:35,565 - INFO - Finished optimization with guess, [0.79257857].
2023-02-17 16:16:35,565 - INFO - Best fit parameters: [0.79257857].
2023-02-17 16:16:35,612 - INFO - Maximum log composite likelihood: -974.1492077833045.
2023-02-17 16:16:35,612 - INFO - Optimal value of theta: 2750.3425019319825.
2023-02-17 16:16:35,612 - INFO - Beginning optimization with guess, [0.73119981].
2023-02-17 16:16:35,705 - INFO - Finished optimization with guess, [0.73119981].
2023-02-17 16:16:35,706 - INFO - Best fit parameters: [0.73119981].
2023-02-17 16:16:35,752 - INFO - Maximum log composite likelihood: -974.1492077833045.
2023-02-17 16:16:35,752 - INFO - Optimal value of theta: 2750.3425019319825.
2023-02-17 16:16:35,753 - INFO - Beginning optimization with guess, [1.08995491].
2023-02-17 16:16:35,845 - INFO - Finished optimization with guess, [1.08995491].
2023-02-17 16:16:35,846 - INFO - Best fit parameters: [1.08995491].
2023-02-17 16:16:35,892 - INFO - Maximum log composite likelihood: -974.1492077833045.
2023-02-17 16:16:35,893 - INFO - Optimal value of theta: 2750.3425019319825.
2023-02-17 16:16:35,893 - INFO - Beginning optimization with guess, [1.28203833].
2023-02-17 16:16:35,986 - INFO - Finished optimization with guess, [1.28203833].
2023-02-17 16:16:35,986 - INFO - Best fit parameters: [1.28203833].
2023-02-17 16:16:36,032 - INFO - Maximum log composite likelihood: -974.1492077833045.
2023-02-17 16:16:36,033 - INFO - Optimal value of theta: 2750.3425019319825.
2023-02-17 16:16:36,033 - INFO - Beginning optimization with guess, [1.60445608].
2023-02-17 16:16:36,126 - INFO - Finished optimization with guess, [1.60445608].
2023-02-17 16:16:36,126 - INFO - Best fit parameters: [1.60445608].
2023-02-17 16:16:36,173 - INFO - Maximum log composite likelihood: -974.1492077833045.
2023-02-17 16:16:36,173 - INFO - Optimal value of theta: 2750.3425019319825.
2023-02-17 16:16:36,173 - INFO - Beginning optimization with guess, [1.78436891].
2023-02-17 16:16:36,266 - INFO - Finished optimization with guess, [1.78436891].
2023-02-17 16:16:36,266 - INFO - Best fit parameters: [1.78436891].
2023-02-17 16:16:36,313 - INFO - Maximum log composite likelihood: -974.1492077833045.
2023-02-17 16:16:36,313 - INFO - Optimal value of theta: 2750.3425019319825.
2023-02-17 16:16:36,313 - INFO - Beginning optimization with guess, [2.05450449].
2023-02-17 16:16:36,406 - INFO - Finished optimization with guess, [2.05450449].
2023-02-17 16:16:36,407 - INFO - Best fit parameters: [2.05450449].
2023-02-17 16:16:36,453 - INFO - Maximum log composite likelihood: -974.1492077833045.
2023-02-17 16:16:36,453 - INFO - Optimal value of theta: 2750.3425019319825.
2023-02-17 16:16:36,454 - INFO - Beginning optimization with guess, [2.16477993].
2023-02-17 16:16:36,547 - INFO - Finished optimization with guess, [2.16477993].
2023-02-17 16:16:36,547 - INFO - Best fit parameters: [2.16477993].
2023-02-17 16:16:36,593 - INFO - Maximum log composite likelihood: -974.1492077833045.
2023-02-17 16:16:36,594 - INFO - Optimal value of theta: 2750.3425019319825.
2023-02-17 16:16:36,594 - INFO - Beginning optimization with guess, [2.17863104].
2023-02-17 16:16:36,687 - INFO - Finished optimization with guess, [2.17863104].
2023-02-17 16:16:36,688 - INFO - Best fit parameters: [2.17863104].
2023-02-17 16:16:36,734 - INFO - Maximum log composite likelihood: -974.1492077833045.
2023-02-17 16:16:36,734 - INFO - Optimal value of theta: 2750.3425019319825.
2023-02-17 16:16:36,735 - INFO - Beginning optimization with guess, [6.33459705].
2023-02-17 16:16:36,830 - INFO - Finished optimization with guess, [6.33459705].
2023-02-17 16:16:36,831 - INFO - Best fit parameters: [6.33459705].
2023-02-17 16:16:36,877 - INFO - Maximum log composite likelihood: -974.1492077833045.
2023-02-17 16:16:36,877 - INFO - Optimal value of theta: 2750.3425019319825.
2023-02-17 16:16:36,878 - INFO - Beginning optimization with guess, [2.53555291].
2023-02-17 16:16:36,971 - INFO - Finished optimization with guess, [2.53555291].
2023-02-17 16:16:36,971 - INFO - Best fit parameters: [2.53555291].
2023-02-17 16:16:37,017 - INFO - Maximum log composite likelihood: -974.1492077833045.
2023-02-17 16:16:37,017 - INFO - Optimal value of theta: 2750.3425019319825.
2023-02-17 16:16:37,018 - INFO - Beginning optimization with guess, [2.14483584].
2023-02-17 16:16:37,111 - INFO - Finished optimization with guess, [2.14483584].
2023-02-17 16:16:37,111 - INFO - Best fit parameters: [2.14483584].
2023-02-17 16:16:37,157 - INFO - Maximum log composite likelihood: -974.1492077833045.
2023-02-17 16:16:37,158 - INFO - Optimal value of theta: 2750.3425019319825.
2023-02-17 16:16:37,158 - INFO - Beginning optimization with guess, [2.94978676].
2023-02-17 16:16:37,251 - INFO - Finished optimization with guess, [2.94978676].
2023-02-17 16:16:37,252 - INFO - Best fit parameters: [2.94978676].
2023-02-17 16:16:37,298 - INFO - Maximum log composite likelihood: -974.1492077833045.
2023-02-17 16:16:37,299 - INFO - Optimal value of theta: 2750.3425019319825.
2023-02-17 16:16:37,299 - INFO - Beginning optimization with guess, [3.72381033].
2023-02-17 16:16:37,392 - INFO - Finished optimization with guess, [3.72381033].
2023-02-17 16:16:37,392 - INFO - Best fit parameters: [3.72381033].
2023-02-17 16:16:37,439 - INFO - Maximum log composite likelihood: -974.1492077833045.
2023-02-17 16:16:37,439 - INFO - Optimal value of theta: 2750.3425019319825.
2023-02-17 16:16:37,440 - INFO - Beginning optimization with guess, [11.08949776].
2023-02-17 16:16:37,532 - INFO - Finished optimization with guess, [11.08949776].
2023-02-17 16:16:37,533 - INFO - Best fit parameters: [11.08949776].
2023-02-17 16:16:37,579 - INFO - Maximum log composite likelihood: -974.1492077833045.
2023-02-17 16:16:37,579 - INFO - Optimal value of theta: 2750.3425019319825.
2023-02-17 16:16:37,580 - INFO - Beginning optimization with guess, [10.52624047].
2023-02-17 16:16:37,672 - INFO - Finished optimization with guess, [10.52624047].
2023-02-17 16:16:37,673 - INFO - Best fit parameters: [10.52624047].
2023-02-17 16:16:37,719 - INFO - Maximum log composite likelihood: -974.1492077833045.
2023-02-17 16:16:37,719 - INFO - Optimal value of theta: 2750.3425019319825.
2023-02-17 16:16:37,721 - INFO - Finished demographic inference.
2023-02-17 16:16:37,721 - INFO - Pipeline executed succesfully.
