2022-06-24 10:28:33,745 - INFO - Beginning execution of compute_downsampled_sfs.py in directory /u/project/ngarud/jonmah/demo_for_ccgb/Scripts

2022-06-24 10:28:33,745 - INFO - Progress is being logged to ../Data/log.log

2022-06-24 10:28:33,745 - INFO - Parsed the following arguments:
	outprefix = ../Data/
	species = Parabacteroides_merdae_56972

2022-06-24 10:28:39,470 - INFO - Beginning demographic inference for one-epoch demographic model.
2022-06-24 10:28:39,473 - INFO - Beginning optimization with guess, [0.1599371].
2022-06-24 10:28:39,582 - INFO - Finished optimization with guess, [0.1599371].
2022-06-24 10:28:39,582 - INFO - Best fit parameters: [0.1599371].
2022-06-24 10:28:39,628 - INFO - Maximum log composite likelihood: -27.9792870708.
2022-06-24 10:28:39,629 - INFO - Optimal value of theta: 76.1846835533.
2022-06-24 10:28:39,629 - INFO - Beginning optimization with guess, [0.2230458].
2022-06-24 10:28:39,721 - INFO - Finished optimization with guess, [0.2230458].
2022-06-24 10:28:39,721 - INFO - Best fit parameters: [0.2230458].
2022-06-24 10:28:39,768 - INFO - Maximum log composite likelihood: -27.9792870708.
2022-06-24 10:28:39,768 - INFO - Optimal value of theta: 76.1846835533.
2022-06-24 10:28:39,768 - INFO - Beginning optimization with guess, [0.39427532].
2022-06-24 10:28:39,861 - INFO - Finished optimization with guess, [0.39427532].
2022-06-24 10:28:39,861 - INFO - Best fit parameters: [0.39427532].
2022-06-24 10:28:39,907 - INFO - Maximum log composite likelihood: -27.9792870708.
2022-06-24 10:28:39,908 - INFO - Optimal value of theta: 76.1846835533.
2022-06-24 10:28:39,908 - INFO - Beginning optimization with guess, [0.49424867].
2022-06-24 10:28:40,000 - INFO - Finished optimization with guess, [0.49424867].
2022-06-24 10:28:40,000 - INFO - Best fit parameters: [0.49424867].
2022-06-24 10:28:40,047 - INFO - Maximum log composite likelihood: -27.9792870708.
2022-06-24 10:28:40,047 - INFO - Optimal value of theta: 76.1846835533.
2022-06-24 10:28:40,047 - INFO - Beginning optimization with guess, [0.36007716].
2022-06-24 10:28:40,140 - INFO - Finished optimization with guess, [0.36007716].
2022-06-24 10:28:40,140 - INFO - Best fit parameters: [0.36007716].
2022-06-24 10:28:40,186 - INFO - Maximum log composite likelihood: -27.9792870708.
2022-06-24 10:28:40,187 - INFO - Optimal value of theta: 76.1846835533.
2022-06-24 10:28:40,187 - INFO - Beginning optimization with guess, [0.53965113].
2022-06-24 10:28:40,279 - INFO - Finished optimization with guess, [0.53965113].
2022-06-24 10:28:40,279 - INFO - Best fit parameters: [0.53965113].
2022-06-24 10:28:40,326 - INFO - Maximum log composite likelihood: -27.9792870708.
2022-06-24 10:28:40,326 - INFO - Optimal value of theta: 76.1846835533.
2022-06-24 10:28:40,326 - INFO - Beginning optimization with guess, [0.59509503].
2022-06-24 10:28:40,419 - INFO - Finished optimization with guess, [0.59509503].
2022-06-24 10:28:40,419 - INFO - Best fit parameters: [0.59509503].
2022-06-24 10:28:40,465 - INFO - Maximum log composite likelihood: -27.9792870708.
2022-06-24 10:28:40,466 - INFO - Optimal value of theta: 76.1846835533.
2022-06-24 10:28:40,466 - INFO - Beginning optimization with guess, [0.42847641].
2022-06-24 10:28:40,558 - INFO - Finished optimization with guess, [0.42847641].
2022-06-24 10:28:40,558 - INFO - Best fit parameters: [0.42847641].
2022-06-24 10:28:40,604 - INFO - Maximum log composite likelihood: -27.9792870708.
2022-06-24 10:28:40,605 - INFO - Optimal value of theta: 76.1846835533.
2022-06-24 10:28:40,605 - INFO - Beginning optimization with guess, [0.54138253].
2022-06-24 10:28:40,697 - INFO - Finished optimization with guess, [0.54138253].
2022-06-24 10:28:40,698 - INFO - Best fit parameters: [0.54138253].
2022-06-24 10:28:40,744 - INFO - Maximum log composite likelihood: -27.9792870708.
2022-06-24 10:28:40,744 - INFO - Optimal value of theta: 76.1846835533.
2022-06-24 10:28:40,744 - INFO - Beginning optimization with guess, [1.02617725].
2022-06-24 10:28:40,837 - INFO - Finished optimization with guess, [1.02617725].
2022-06-24 10:28:40,837 - INFO - Best fit parameters: [1.02617725].
2022-06-24 10:28:40,883 - INFO - Maximum log composite likelihood: -27.9792870708.
2022-06-24 10:28:40,884 - INFO - Optimal value of theta: 76.1846835533.
2022-06-24 10:28:40,884 - INFO - Beginning optimization with guess, [0.81372261].
2022-06-24 10:28:40,976 - INFO - Finished optimization with guess, [0.81372261].
2022-06-24 10:28:40,976 - INFO - Best fit parameters: [0.81372261].
2022-06-24 10:28:41,023 - INFO - Maximum log composite likelihood: -27.9792870708.
2022-06-24 10:28:41,023 - INFO - Optimal value of theta: 76.1846835533.
2022-06-24 10:28:41,023 - INFO - Beginning optimization with guess, [1.15058927].
2022-06-24 10:28:41,116 - INFO - Finished optimization with guess, [1.15058927].
2022-06-24 10:28:41,116 - INFO - Best fit parameters: [1.15058927].
2022-06-24 10:28:41,162 - INFO - Maximum log composite likelihood: -27.9792870708.
2022-06-24 10:28:41,162 - INFO - Optimal value of theta: 76.1846835533.
2022-06-24 10:28:41,163 - INFO - Beginning optimization with guess, [3.17977613].
2022-06-24 10:28:41,255 - INFO - Finished optimization with guess, [3.17977613].
2022-06-24 10:28:41,255 - INFO - Best fit parameters: [3.17977613].
2022-06-24 10:28:41,301 - INFO - Maximum log composite likelihood: -27.9792870708.
2022-06-24 10:28:41,302 - INFO - Optimal value of theta: 76.1846835533.
2022-06-24 10:28:41,302 - INFO - Beginning optimization with guess, [1.75603614].
2022-06-24 10:28:41,395 - INFO - Finished optimization with guess, [1.75603614].
2022-06-24 10:28:41,395 - INFO - Best fit parameters: [1.75603614].
2022-06-24 10:28:41,441 - INFO - Maximum log composite likelihood: -27.9792870708.
2022-06-24 10:28:41,441 - INFO - Optimal value of theta: 76.1846835533.
2022-06-24 10:28:41,442 - INFO - Beginning optimization with guess, [1.65387409].
2022-06-24 10:28:41,534 - INFO - Finished optimization with guess, [1.65387409].
2022-06-24 10:28:41,534 - INFO - Best fit parameters: [1.65387409].
2022-06-24 10:28:41,580 - INFO - Maximum log composite likelihood: -27.9792870708.
2022-06-24 10:28:41,581 - INFO - Optimal value of theta: 76.1846835533.
2022-06-24 10:28:41,581 - INFO - Beginning optimization with guess, [1.80151779].
2022-06-24 10:28:41,673 - INFO - Finished optimization with guess, [1.80151779].
2022-06-24 10:28:41,674 - INFO - Best fit parameters: [1.80151779].
2022-06-24 10:28:41,720 - INFO - Maximum log composite likelihood: -27.9792870708.
2022-06-24 10:28:41,720 - INFO - Optimal value of theta: 76.1846835533.
2022-06-24 10:28:41,720 - INFO - Beginning optimization with guess, [2.01775974].
2022-06-24 10:28:41,813 - INFO - Finished optimization with guess, [2.01775974].
2022-06-24 10:28:41,814 - INFO - Best fit parameters: [2.01775974].
2022-06-24 10:28:41,860 - INFO - Maximum log composite likelihood: -27.9792870708.
2022-06-24 10:28:41,860 - INFO - Optimal value of theta: 76.1846835533.
2022-06-24 10:28:41,860 - INFO - Beginning optimization with guess, [1.71440204].
2022-06-24 10:28:41,953 - INFO - Finished optimization with guess, [1.71440204].
2022-06-24 10:28:41,953 - INFO - Best fit parameters: [1.71440204].
2022-06-24 10:28:41,999 - INFO - Maximum log composite likelihood: -27.9792870708.
2022-06-24 10:28:42,000 - INFO - Optimal value of theta: 76.1846835533.
2022-06-24 10:28:42,000 - INFO - Beginning optimization with guess, [5.68121683].
2022-06-24 10:28:42,092 - INFO - Finished optimization with guess, [5.68121683].
2022-06-24 10:28:42,092 - INFO - Best fit parameters: [5.68121683].
2022-06-24 10:28:42,139 - INFO - Maximum log composite likelihood: -27.9792870708.
2022-06-24 10:28:42,139 - INFO - Optimal value of theta: 76.1846835533.
2022-06-24 10:28:42,139 - INFO - Beginning optimization with guess, [4.27903563].
2022-06-24 10:28:42,232 - INFO - Finished optimization with guess, [4.27903563].
2022-06-24 10:28:42,232 - INFO - Best fit parameters: [4.27903563].
2022-06-24 10:28:42,278 - INFO - Maximum log composite likelihood: -27.9792870708.
2022-06-24 10:28:42,278 - INFO - Optimal value of theta: 76.1846835533.
2022-06-24 10:28:42,279 - INFO - Beginning optimization with guess, [3.272617].
2022-06-24 10:28:42,371 - INFO - Finished optimization with guess, [3.272617].
2022-06-24 10:28:42,371 - INFO - Best fit parameters: [3.272617].
2022-06-24 10:28:42,417 - INFO - Maximum log composite likelihood: -27.9792870708.
2022-06-24 10:28:42,418 - INFO - Optimal value of theta: 76.1846835533.
2022-06-24 10:28:42,418 - INFO - Beginning optimization with guess, [7.95202278].
2022-06-24 10:28:42,510 - INFO - Finished optimization with guess, [7.95202278].
2022-06-24 10:28:42,511 - INFO - Best fit parameters: [7.95202278].
2022-06-24 10:28:42,557 - INFO - Maximum log composite likelihood: -27.9792870708.
2022-06-24 10:28:42,557 - INFO - Optimal value of theta: 76.1846835533.
2022-06-24 10:28:42,557 - INFO - Beginning optimization with guess, [3.81386259].
2022-06-24 10:28:42,650 - INFO - Finished optimization with guess, [3.81386259].
2022-06-24 10:28:42,650 - INFO - Best fit parameters: [3.81386259].
2022-06-24 10:28:42,696 - INFO - Maximum log composite likelihood: -27.9792870708.
2022-06-24 10:28:42,697 - INFO - Optimal value of theta: 76.1846835533.
2022-06-24 10:28:42,697 - INFO - Beginning optimization with guess, [5.12106575].
2022-06-24 10:28:42,789 - INFO - Finished optimization with guess, [5.12106575].
2022-06-24 10:28:42,789 - INFO - Best fit parameters: [5.12106575].
2022-06-24 10:28:42,836 - INFO - Maximum log composite likelihood: -27.9792870708.
2022-06-24 10:28:42,836 - INFO - Optimal value of theta: 76.1846835533.
2022-06-24 10:28:42,836 - INFO - Beginning optimization with guess, [12.70480844].
2022-06-24 10:28:42,929 - INFO - Finished optimization with guess, [12.70480844].
2022-06-24 10:28:42,929 - INFO - Best fit parameters: [12.70480844].
2022-06-24 10:28:42,975 - INFO - Maximum log composite likelihood: -27.9792870708.
2022-06-24 10:28:42,975 - INFO - Optimal value of theta: 76.1846835533.
2022-06-24 10:28:42,978 - INFO - Beginning demographic inference for two-epoch demographic model.
2022-06-24 10:28:43,002 - INFO - Beginning optimization with guess, [1.70424590e-01 5.12132375e-07].
2022-06-24 10:28:43,144 - INFO - Finished optimization with guess, [1.70424590e-01 5.12132375e-07].
2022-06-24 10:28:43,144 - INFO - Best fit parameters: [1.70424590e-01 5.12132375e-07].
2022-06-24 10:28:43,191 - INFO - Maximum log composite likelihood: -27.9792870724.
2022-06-24 10:28:43,191 - INFO - Optimal value of theta: 76.1846835838.
2022-06-24 10:28:43,191 - INFO - Beginning optimization with guess, [1.58045927e-01 1.00912843e-06].
2022-06-24 10:28:43,332 - INFO - Finished optimization with guess, [1.58045927e-01 1.00912843e-06].
2022-06-24 10:28:43,332 - INFO - Best fit parameters: [1.58045927e-01 1.00912843e-06].
2022-06-24 10:28:43,379 - INFO - Maximum log composite likelihood: -27.979287078.
2022-06-24 10:28:43,379 - INFO - Optimal value of theta: 76.1846836946.
2022-06-24 10:28:43,379 - INFO - Beginning optimization with guess, [4.09973130e-01 1.67833296e-06].
2022-06-24 10:28:43,519 - INFO - Finished optimization with guess, [4.09973130e-01 1.67833296e-06].
2022-06-24 10:28:43,520 - INFO - Best fit parameters: [4.09973130e-01 1.67833296e-06].
2022-06-24 10:28:43,566 - INFO - Maximum log composite likelihood: -27.9792870729.
2022-06-24 10:28:43,567 - INFO - Optimal value of theta: 76.1846835937.
2022-06-24 10:28:43,567 - INFO - Beginning optimization with guess, [4.95300427e-01 7.35517049e-07].
2022-06-24 10:28:43,707 - INFO - Finished optimization with guess, [4.95300427e-01 7.35517049e-07].
2022-06-24 10:28:43,707 - INFO - Best fit parameters: [4.95300427e-01 7.35517049e-07].
2022-06-24 10:28:43,754 - INFO - Maximum log composite likelihood: -27.9792870711.
2022-06-24 10:28:43,755 - INFO - Optimal value of theta: 76.1846835578.
2022-06-24 10:28:43,755 - INFO - Beginning optimization with guess, [4.69225990e-01 1.87744747e-06].
2022-06-24 10:28:43,895 - INFO - Finished optimization with guess, [4.69225990e-01 1.87744747e-06].
2022-06-24 10:28:43,895 - INFO - Best fit parameters: [4.69225990e-01 1.87744747e-06].
2022-06-24 10:28:43,942 - INFO - Maximum log composite likelihood: -27.9792870726.
2022-06-24 10:28:43,942 - INFO - Optimal value of theta: 76.184683588.
2022-06-24 10:28:43,943 - INFO - Beginning optimization with guess, [6.19366175e-01 1.68604296e-06].
2022-06-24 10:28:44,083 - INFO - Finished optimization with guess, [6.19366175e-01 1.68604296e-06].
2022-06-24 10:28:44,083 - INFO - Best fit parameters: [6.19366175e-01 1.68604296e-06].
2022-06-24 10:28:44,130 - INFO - Maximum log composite likelihood: -27.9792870714.
2022-06-24 10:28:44,130 - INFO - Optimal value of theta: 76.1846835648.
2022-06-24 10:28:44,130 - INFO - Beginning optimization with guess, [7.85563036e-01 5.38013464e-07].
2022-06-24 10:28:44,270 - INFO - Finished optimization with guess, [7.85563036e-01 5.38013464e-07].
2022-06-24 10:28:44,271 - INFO - Best fit parameters: [7.85563036e-01 5.38013464e-07].
2022-06-24 10:28:44,317 - INFO - Maximum log composite likelihood: -27.9792870708.
2022-06-24 10:28:44,318 - INFO - Optimal value of theta: 76.1846835537.
2022-06-24 10:28:44,318 - INFO - Beginning optimization with guess, [6.14032452e-01 1.42918928e-06].
2022-06-24 10:28:44,458 - INFO - Finished optimization with guess, [6.14032452e-01 1.42918928e-06].
2022-06-24 10:28:44,458 - INFO - Best fit parameters: [6.14032452e-01 1.42918928e-06].
2022-06-24 10:28:44,505 - INFO - Maximum log composite likelihood: -27.9792870713.
2022-06-24 10:28:44,505 - INFO - Optimal value of theta: 76.1846835618.
2022-06-24 10:28:44,505 - INFO - Beginning optimization with guess, [5.36423392e-01 7.81595207e-07].
2022-06-24 10:28:44,646 - INFO - Finished optimization with guess, [5.36423392e-01 7.81595207e-07].
2022-06-24 10:28:44,646 - INFO - Best fit parameters: [5.36423392e-01 7.81595207e-07].
2022-06-24 10:28:44,692 - INFO - Maximum log composite likelihood: -27.979287071.
2022-06-24 10:28:44,693 - INFO - Optimal value of theta: 76.1846835573.
2022-06-24 10:28:44,693 - INFO - Beginning optimization with guess, [1.28364263e+00 7.93039085e-07].
2022-06-24 10:28:44,833 - INFO - Finished optimization with guess, [1.28364263e+00 7.93039085e-07].
2022-06-24 10:28:44,833 - INFO - Best fit parameters: [1.28364263e+00 7.93039085e-07].
2022-06-24 10:28:44,880 - INFO - Maximum log composite likelihood: -27.9792870708.
2022-06-24 10:28:44,880 - INFO - Optimal value of theta: 76.1846835529.
2022-06-24 10:28:44,881 - INFO - Beginning optimization with guess, [1.38509858e+00 8.86355039e-07].
2022-06-24 10:28:45,021 - INFO - Finished optimization with guess, [1.38509858e+00 8.86355039e-07].
2022-06-24 10:28:45,021 - INFO - Best fit parameters: [1.38509858e+00 8.86355039e-07].
2022-06-24 10:28:45,068 - INFO - Maximum log composite likelihood: -27.9792870708.
2022-06-24 10:28:45,068 - INFO - Optimal value of theta: 76.1846835526.
2022-06-24 10:28:45,068 - INFO - Beginning optimization with guess, [2.85486197e+00 1.32938737e-06].
2022-06-24 10:28:45,209 - INFO - Finished optimization with guess, [2.85486197e+00 1.32938737e-06].
2022-06-24 10:28:45,209 - INFO - Best fit parameters: [2.85486197e+00 1.32938737e-06].
2022-06-24 10:28:45,255 - INFO - Maximum log composite likelihood: -27.9792870707.
2022-06-24 10:28:45,256 - INFO - Optimal value of theta: 76.1846835516.
2022-06-24 10:28:45,256 - INFO - Beginning optimization with guess, [9.65772383e-01 6.74799501e-07].
2022-06-24 10:28:45,396 - INFO - Finished optimization with guess, [9.65772383e-01 6.74799501e-07].
2022-06-24 10:28:45,396 - INFO - Best fit parameters: [9.65772383e-01 6.74799501e-07].
2022-06-24 10:28:45,443 - INFO - Maximum log composite likelihood: -27.9792870708.
2022-06-24 10:28:45,444 - INFO - Optimal value of theta: 76.1846835534.
2022-06-24 10:28:45,444 - INFO - Beginning optimization with guess, [1.17802094e+00 8.68220476e-07].
2022-06-24 10:28:45,584 - INFO - Finished optimization with guess, [1.17802094e+00 8.68220476e-07].
2022-06-24 10:28:45,584 - INFO - Best fit parameters: [1.17802094e+00 8.68220476e-07].
2022-06-24 10:28:45,631 - INFO - Maximum log composite likelihood: -27.9792870708.
2022-06-24 10:28:45,631 - INFO - Optimal value of theta: 76.1846835529.
2022-06-24 10:28:45,631 - INFO - Beginning optimization with guess, [2.74801478e+00 1.59008355e-06].
2022-06-24 10:28:45,771 - INFO - Finished optimization with guess, [2.74801478e+00 1.59008355e-06].
2022-06-24 10:28:45,772 - INFO - Best fit parameters: [2.74801478e+00 1.59008355e-06].
2022-06-24 10:28:45,818 - INFO - Maximum log composite likelihood: -27.9792870707.
2022-06-24 10:28:45,819 - INFO - Optimal value of theta: 76.1846835509.
2022-06-24 10:28:45,819 - INFO - Beginning optimization with guess, [4.12256645e+00 8.51942502e-07].
2022-06-24 10:28:45,959 - INFO - Finished optimization with guess, [4.12256645e+00 8.51942502e-07].
2022-06-24 10:28:45,959 - INFO - Best fit parameters: [4.12256645e+00 8.51942502e-07].
2022-06-24 10:28:46,006 - INFO - Maximum log composite likelihood: -27.9792870708.
2022-06-24 10:28:46,007 - INFO - Optimal value of theta: 76.1846835527.
2022-06-24 10:28:46,007 - INFO - Beginning optimization with guess, [2.14967175e+00 6.96676231e-07].
2022-06-24 10:28:46,147 - INFO - Finished optimization with guess, [2.14967175e+00 6.96676231e-07].
2022-06-24 10:28:46,147 - INFO - Best fit parameters: [2.14967175e+00 6.96676231e-07].
2022-06-24 10:28:46,194 - INFO - Maximum log composite likelihood: -27.9792870708.
2022-06-24 10:28:46,194 - INFO - Optimal value of theta: 76.1846835528.
2022-06-24 10:28:46,194 - INFO - Beginning optimization with guess, [3.68333726e+00 1.79978294e-06].
2022-06-24 10:28:46,335 - INFO - Finished optimization with guess, [3.68333726e+00 1.79978294e-06].
2022-06-24 10:28:46,335 - INFO - Best fit parameters: [3.68333726e+00 1.79978294e-06].
2022-06-24 10:28:46,382 - INFO - Maximum log composite likelihood: -27.9792870707.
2022-06-24 10:28:46,382 - INFO - Optimal value of theta: 76.1846835507.
2022-06-24 10:28:46,382 - INFO - Beginning optimization with guess, [4.02994894e+00 5.09409209e-07].
2022-06-24 10:28:46,522 - INFO - Finished optimization with guess, [4.02994894e+00 5.09409209e-07].
2022-06-24 10:28:46,523 - INFO - Best fit parameters: [4.02994894e+00 5.09409209e-07].
2022-06-24 10:28:46,569 - INFO - Maximum log composite likelihood: -27.9792870708.
2022-06-24 10:28:46,570 - INFO - Optimal value of theta: 76.1846835531.
2022-06-24 10:28:46,570 - INFO - Beginning optimization with guess, [2.25257752e+00 1.52663782e-06].
2022-06-24 10:28:46,710 - INFO - Finished optimization with guess, [2.25257752e+00 1.52663782e-06].
2022-06-24 10:28:46,710 - INFO - Best fit parameters: [2.25257752e+00 1.52663782e-06].
2022-06-24 10:28:46,757 - INFO - Maximum log composite likelihood: -27.9792870707.
2022-06-24 10:28:46,758 - INFO - Optimal value of theta: 76.1846835509.
2022-06-24 10:28:46,758 - INFO - Beginning optimization with guess, [7.24833731e+00 9.26838494e-07].
2022-06-24 10:28:46,898 - INFO - Finished optimization with guess, [7.24833731e+00 9.26838494e-07].
2022-06-24 10:28:46,898 - INFO - Best fit parameters: [7.24833731e+00 9.26838494e-07].
2022-06-24 10:28:46,945 - INFO - Maximum log composite likelihood: -27.9792870708.
2022-06-24 10:28:46,945 - INFO - Optimal value of theta: 76.1846835529.
2022-06-24 10:28:46,945 - INFO - Beginning optimization with guess, [3.11724606e+00 1.51297672e-06].
2022-06-24 10:28:47,086 - INFO - Finished optimization with guess, [3.11724606e+00 1.51297672e-06].
2022-06-24 10:28:47,086 - INFO - Best fit parameters: [3.11724606e+00 1.51297672e-06].
2022-06-24 10:28:47,133 - INFO - Maximum log composite likelihood: -27.9792870707.
2022-06-24 10:28:47,133 - INFO - Optimal value of theta: 76.1846835513.
2022-06-24 10:28:47,133 - INFO - Beginning optimization with guess, [9.75414819e+00 9.18477800e-07].
2022-06-24 10:28:47,273 - INFO - Finished optimization with guess, [9.75414819e+00 9.18477800e-07].
2022-06-24 10:28:47,273 - INFO - Best fit parameters: [9.75414819e+00 9.18477800e-07].
2022-06-24 10:28:47,320 - INFO - Maximum log composite likelihood: -27.9792870708.
2022-06-24 10:28:47,321 - INFO - Optimal value of theta: 76.184683553.
2022-06-24 10:28:47,321 - INFO - Beginning optimization with guess, [4.79371360e+00 1.91726219e-06].
2022-06-24 10:28:47,461 - INFO - Finished optimization with guess, [4.79371360e+00 1.91726219e-06].
2022-06-24 10:28:47,461 - INFO - Best fit parameters: [4.79371360e+00 1.91726219e-06].
2022-06-24 10:28:47,508 - INFO - Maximum log composite likelihood: -27.9792870707.
2022-06-24 10:28:47,509 - INFO - Optimal value of theta: 76.1846835508.
2022-06-24 10:28:47,509 - INFO - Beginning optimization with guess, [4.04849902e+00 1.13610282e-06].
2022-06-24 10:28:47,649 - INFO - Finished optimization with guess, [4.04849902e+00 1.13610282e-06].
2022-06-24 10:28:47,649 - INFO - Best fit parameters: [4.04849902e+00 1.13610282e-06].
2022-06-24 10:28:47,698 - INFO - Maximum log composite likelihood: -27.9792870708.
2022-06-24 10:28:47,698 - INFO - Optimal value of theta: 76.1846835523.
2022-06-24 10:28:47,701 - INFO - Finished demographic inference.
2022-06-24 10:28:47,701 - INFO - Pipeline executed succesfully.
