2023-02-17 16:16:34,491 - INFO - Beginning execution of fit_one_epoch.py in directory /u/project/ngarud/jonmah/demo_for_ccgb/Scripts

2023-02-17 16:16:34,491 - INFO - Progress is being logged to ../Analysis/Bacteroides_vulgatus_57955_downsampled_16/log.log

2023-02-17 16:16:34,491 - INFO - Parsed the following arguments:
	syn_input_sfs = ../Analysis/Bacteroides_vulgatus_57955_downsampled_16/empirical_sfs.txt
	mask_singletons = False
	mask_doubletons = False
	outprefix = ../Analysis/Bacteroides_vulgatus_57955_downsampled_16/

2023-02-17 16:16:34,581 - INFO - Beginning demographic inference for one-epoch demographic model.
2023-02-17 16:16:34,584 - INFO - Beginning optimization with guess, [0.06023843].
2023-02-17 16:16:34,691 - INFO - Finished optimization with guess, [0.06023843].
2023-02-17 16:16:34,691 - INFO - Best fit parameters: [0.06023843].
2023-02-17 16:16:34,743 - INFO - Maximum log composite likelihood: -40.15132639392118.
2023-02-17 16:16:34,744 - INFO - Optimal value of theta: 2470.522206089465.
2023-02-17 16:16:34,744 - INFO - Beginning optimization with guess, [0.19772949].
2023-02-17 16:16:34,847 - INFO - Finished optimization with guess, [0.19772949].
2023-02-17 16:16:34,848 - INFO - Best fit parameters: [0.19772949].
2023-02-17 16:16:34,899 - INFO - Maximum log composite likelihood: -40.15132639392118.
2023-02-17 16:16:34,900 - INFO - Optimal value of theta: 2470.522206089465.
2023-02-17 16:16:34,900 - INFO - Beginning optimization with guess, [0.23171445].
2023-02-17 16:16:35,002 - INFO - Finished optimization with guess, [0.23171445].
2023-02-17 16:16:35,003 - INFO - Best fit parameters: [0.23171445].
2023-02-17 16:16:35,056 - INFO - Maximum log composite likelihood: -40.15132639392118.
2023-02-17 16:16:35,057 - INFO - Optimal value of theta: 2470.522206089465.
2023-02-17 16:16:35,057 - INFO - Beginning optimization with guess, [0.22061758].
2023-02-17 16:16:35,160 - INFO - Finished optimization with guess, [0.22061758].
2023-02-17 16:16:35,160 - INFO - Best fit parameters: [0.22061758].
2023-02-17 16:16:35,211 - INFO - Maximum log composite likelihood: -40.15132639392118.
2023-02-17 16:16:35,212 - INFO - Optimal value of theta: 2470.522206089465.
2023-02-17 16:16:35,212 - INFO - Beginning optimization with guess, [0.67783288].
2023-02-17 16:16:35,315 - INFO - Finished optimization with guess, [0.67783288].
2023-02-17 16:16:35,316 - INFO - Best fit parameters: [0.67783288].
2023-02-17 16:16:35,367 - INFO - Maximum log composite likelihood: -40.15132639392118.
2023-02-17 16:16:35,367 - INFO - Optimal value of theta: 2470.522206089465.
2023-02-17 16:16:35,367 - INFO - Beginning optimization with guess, [1.157702].
2023-02-17 16:16:35,469 - INFO - Finished optimization with guess, [1.157702].
2023-02-17 16:16:35,469 - INFO - Best fit parameters: [1.157702].
2023-02-17 16:16:35,521 - INFO - Maximum log composite likelihood: -40.15132639392118.
2023-02-17 16:16:35,521 - INFO - Optimal value of theta: 2470.522206089465.
2023-02-17 16:16:35,522 - INFO - Beginning optimization with guess, [1.20964887].
2023-02-17 16:16:35,624 - INFO - Finished optimization with guess, [1.20964887].
2023-02-17 16:16:35,625 - INFO - Best fit parameters: [1.20964887].
2023-02-17 16:16:35,675 - INFO - Maximum log composite likelihood: -40.15132639392118.
2023-02-17 16:16:35,676 - INFO - Optimal value of theta: 2470.522206089465.
2023-02-17 16:16:35,676 - INFO - Beginning optimization with guess, [0.80169534].
2023-02-17 16:16:35,783 - INFO - Finished optimization with guess, [0.80169534].
2023-02-17 16:16:35,783 - INFO - Best fit parameters: [0.80169534].
2023-02-17 16:16:35,835 - INFO - Maximum log composite likelihood: -40.15132639392118.
2023-02-17 16:16:35,835 - INFO - Optimal value of theta: 2470.522206089465.
2023-02-17 16:16:35,835 - INFO - Beginning optimization with guess, [1.46350281].
2023-02-17 16:16:35,943 - INFO - Finished optimization with guess, [1.46350281].
2023-02-17 16:16:35,943 - INFO - Best fit parameters: [1.46350281].
2023-02-17 16:16:35,994 - INFO - Maximum log composite likelihood: -40.15132639392118.
2023-02-17 16:16:35,995 - INFO - Optimal value of theta: 2470.522206089465.
2023-02-17 16:16:35,995 - INFO - Beginning optimization with guess, [0.84557539].
2023-02-17 16:16:36,099 - INFO - Finished optimization with guess, [0.84557539].
2023-02-17 16:16:36,099 - INFO - Best fit parameters: [0.84557539].
2023-02-17 16:16:36,150 - INFO - Maximum log composite likelihood: -40.15132639392118.
2023-02-17 16:16:36,150 - INFO - Optimal value of theta: 2470.522206089465.
2023-02-17 16:16:36,151 - INFO - Beginning optimization with guess, [0.82326928].
2023-02-17 16:16:36,254 - INFO - Finished optimization with guess, [0.82326928].
2023-02-17 16:16:36,254 - INFO - Best fit parameters: [0.82326928].
2023-02-17 16:16:36,308 - INFO - Maximum log composite likelihood: -40.15132639392118.
2023-02-17 16:16:36,308 - INFO - Optimal value of theta: 2470.522206089465.
2023-02-17 16:16:36,309 - INFO - Beginning optimization with guess, [2.12059564].
2023-02-17 16:16:36,412 - INFO - Finished optimization with guess, [2.12059564].
2023-02-17 16:16:36,412 - INFO - Best fit parameters: [2.12059564].
2023-02-17 16:16:36,463 - INFO - Maximum log composite likelihood: -40.15132639392118.
2023-02-17 16:16:36,463 - INFO - Optimal value of theta: 2470.522206089465.
2023-02-17 16:16:36,464 - INFO - Beginning optimization with guess, [1.67822588].
2023-02-17 16:16:36,568 - INFO - Finished optimization with guess, [1.67822588].
2023-02-17 16:16:36,568 - INFO - Best fit parameters: [1.67822588].
2023-02-17 16:16:36,619 - INFO - Maximum log composite likelihood: -40.15132639392118.
2023-02-17 16:16:36,620 - INFO - Optimal value of theta: 2470.522206089465.
2023-02-17 16:16:36,620 - INFO - Beginning optimization with guess, [2.29864228].
2023-02-17 16:16:36,723 - INFO - Finished optimization with guess, [2.29864228].
2023-02-17 16:16:36,723 - INFO - Best fit parameters: [2.29864228].
2023-02-17 16:16:36,774 - INFO - Maximum log composite likelihood: -40.15132639392118.
2023-02-17 16:16:36,775 - INFO - Optimal value of theta: 2470.522206089465.
2023-02-17 16:16:36,776 - INFO - Beginning optimization with guess, [4.43111377].
2023-02-17 16:16:36,877 - INFO - Finished optimization with guess, [4.43111377].
2023-02-17 16:16:36,878 - INFO - Best fit parameters: [4.43111377].
2023-02-17 16:16:36,929 - INFO - Maximum log composite likelihood: -40.15132639392118.
2023-02-17 16:16:36,930 - INFO - Optimal value of theta: 2470.522206089465.
2023-02-17 16:16:36,930 - INFO - Beginning optimization with guess, [2.47186016].
2023-02-17 16:16:37,033 - INFO - Finished optimization with guess, [2.47186016].
2023-02-17 16:16:37,034 - INFO - Best fit parameters: [2.47186016].
2023-02-17 16:16:37,086 - INFO - Maximum log composite likelihood: -40.15132639392118.
2023-02-17 16:16:37,087 - INFO - Optimal value of theta: 2470.522206089465.
2023-02-17 16:16:37,088 - INFO - Beginning optimization with guess, [3.87623127].
2023-02-17 16:16:37,191 - INFO - Finished optimization with guess, [3.87623127].
2023-02-17 16:16:37,192 - INFO - Best fit parameters: [3.87623127].
2023-02-17 16:16:37,243 - INFO - Maximum log composite likelihood: -40.15132639392118.
2023-02-17 16:16:37,243 - INFO - Optimal value of theta: 2470.522206089465.
2023-02-17 16:16:37,244 - INFO - Beginning optimization with guess, [5.98302599].
2023-02-17 16:16:37,346 - INFO - Finished optimization with guess, [5.98302599].
2023-02-17 16:16:37,346 - INFO - Best fit parameters: [5.98302599].
2023-02-17 16:16:37,397 - INFO - Maximum log composite likelihood: -40.15132639392118.
2023-02-17 16:16:37,398 - INFO - Optimal value of theta: 2470.522206089465.
2023-02-17 16:16:37,398 - INFO - Beginning optimization with guess, [1.9404097].
2023-02-17 16:16:37,500 - INFO - Finished optimization with guess, [1.9404097].
2023-02-17 16:16:37,501 - INFO - Best fit parameters: [1.9404097].
2023-02-17 16:16:37,552 - INFO - Maximum log composite likelihood: -40.15132639392118.
2023-02-17 16:16:37,552 - INFO - Optimal value of theta: 2470.522206089465.
2023-02-17 16:16:37,552 - INFO - Beginning optimization with guess, [6.81324958].
2023-02-17 16:16:37,655 - INFO - Finished optimization with guess, [6.81324958].
2023-02-17 16:16:37,655 - INFO - Best fit parameters: [6.81324958].
2023-02-17 16:16:37,706 - INFO - Maximum log composite likelihood: -40.15132639392118.
2023-02-17 16:16:37,706 - INFO - Optimal value of theta: 2470.522206089465.
2023-02-17 16:16:37,707 - INFO - Beginning optimization with guess, [7.80132251].
2023-02-17 16:16:37,808 - INFO - Finished optimization with guess, [7.80132251].
2023-02-17 16:16:37,808 - INFO - Best fit parameters: [7.80132251].
2023-02-17 16:16:37,859 - INFO - Maximum log composite likelihood: -40.15132639392118.
2023-02-17 16:16:37,859 - INFO - Optimal value of theta: 2470.522206089465.
2023-02-17 16:16:37,860 - INFO - Beginning optimization with guess, [9.01445141].
2023-02-17 16:16:37,962 - INFO - Finished optimization with guess, [9.01445141].
2023-02-17 16:16:37,963 - INFO - Best fit parameters: [9.01445141].
2023-02-17 16:16:38,013 - INFO - Maximum log composite likelihood: -40.15132639392118.
2023-02-17 16:16:38,014 - INFO - Optimal value of theta: 2470.522206089465.
2023-02-17 16:16:38,014 - INFO - Beginning optimization with guess, [5.18920925].
2023-02-17 16:16:38,117 - INFO - Finished optimization with guess, [5.18920925].
2023-02-17 16:16:38,117 - INFO - Best fit parameters: [5.18920925].
2023-02-17 16:16:38,168 - INFO - Maximum log composite likelihood: -40.15132639392118.
2023-02-17 16:16:38,169 - INFO - Optimal value of theta: 2470.522206089465.
2023-02-17 16:16:38,169 - INFO - Beginning optimization with guess, [4.86907238].
2023-02-17 16:16:38,274 - INFO - Finished optimization with guess, [4.86907238].
2023-02-17 16:16:38,274 - INFO - Best fit parameters: [4.86907238].
2023-02-17 16:16:38,326 - INFO - Maximum log composite likelihood: -40.15132639392118.
2023-02-17 16:16:38,327 - INFO - Optimal value of theta: 2470.522206089465.
2023-02-17 16:16:38,327 - INFO - Beginning optimization with guess, [6.88798148].
2023-02-17 16:16:38,437 - INFO - Finished optimization with guess, [6.88798148].
2023-02-17 16:16:38,437 - INFO - Best fit parameters: [6.88798148].
2023-02-17 16:16:38,490 - INFO - Maximum log composite likelihood: -40.15132639392118.
2023-02-17 16:16:38,491 - INFO - Optimal value of theta: 2470.522206089465.
2023-02-17 16:16:38,494 - INFO - Finished demographic inference.
2023-02-17 16:16:38,494 - INFO - Pipeline executed succesfully.
