2024-05-30 17:17:48,553 - INFO - Beginning execution of fit_one_epoch.py in directory /u/project/ngarud/jonmah/demo_for_ccgb/Scripts

2024-05-30 17:17:48,553 - INFO - Progress is being logged to ../HighRecombinationAnalysis/Bacteroides_vulgatus_57955/core_0.5_log.log

2024-05-30 17:17:48,553 - INFO - Parsed the following arguments:
	mask_doubletons = False
	syn_input_sfs = ../HighRecombinationAnalysis/Bacteroides_vulgatus_57955/core_0.5_empirical_syn_14_downsampled_sfs.txt
	mask_singletons = False
	outprefix = ../HighRecombinationAnalysis/Bacteroides_vulgatus_57955/core_0.5

2024-05-30 17:17:48,555 - INFO - Beginning demographic inference for one-epoch demographic model.
2024-05-30 17:17:48,557 - INFO - Beginning optimization with guess, [0.05450637].
2024-05-30 17:17:49,511 - INFO - Finished optimization with guess, [0.05450637].
2024-05-30 17:17:49,512 - INFO - Best fit parameters: [0.05450637].
2024-05-30 17:17:49,536 - INFO - Maximum log composite likelihood: -48.1379913982.
2024-05-30 17:17:49,537 - INFO - Optimal value of theta: 1891.26610574.
2024-05-30 17:17:49,537 - INFO - Beginning optimization with guess, [0.19958055].
2024-05-30 17:17:50,324 - INFO - Finished optimization with guess, [0.19958055].
2024-05-30 17:17:50,324 - INFO - Best fit parameters: [0.19958055].
2024-05-30 17:17:50,349 - INFO - Maximum log composite likelihood: -48.1379913982.
2024-05-30 17:17:50,349 - INFO - Optimal value of theta: 1891.26610574.
2024-05-30 17:17:50,349 - INFO - Beginning optimization with guess, [0.38493986].
2024-05-30 17:17:51,058 - INFO - Finished optimization with guess, [0.38493986].
2024-05-30 17:17:51,058 - INFO - Best fit parameters: [0.38493986].
2024-05-30 17:17:51,083 - INFO - Maximum log composite likelihood: -48.1379913982.
2024-05-30 17:17:51,083 - INFO - Optimal value of theta: 1891.26610574.
2024-05-30 17:17:51,083 - INFO - Beginning optimization with guess, [0.25507724].
2024-05-30 17:17:51,866 - INFO - Finished optimization with guess, [0.25507724].
2024-05-30 17:17:51,867 - INFO - Best fit parameters: [0.25507724].
2024-05-30 17:17:51,934 - INFO - Maximum log composite likelihood: -48.1379913982.
2024-05-30 17:17:51,935 - INFO - Optimal value of theta: 1891.26610574.
2024-05-30 17:17:51,935 - INFO - Beginning optimization with guess, [0.29484483].
2024-05-30 17:17:52,773 - INFO - Finished optimization with guess, [0.29484483].
2024-05-30 17:17:52,773 - INFO - Best fit parameters: [0.29484483].
2024-05-30 17:17:52,797 - INFO - Maximum log composite likelihood: -48.1379913982.
2024-05-30 17:17:52,798 - INFO - Optimal value of theta: 1891.26610574.
2024-05-30 17:17:52,798 - INFO - Beginning optimization with guess, [0.44409259].
2024-05-30 17:17:53,507 - INFO - Finished optimization with guess, [0.44409259].
2024-05-30 17:17:53,507 - INFO - Best fit parameters: [0.44409259].
2024-05-30 17:17:53,532 - INFO - Maximum log composite likelihood: -48.1379913982.
2024-05-30 17:17:53,532 - INFO - Optimal value of theta: 1891.26610574.
2024-05-30 17:17:53,532 - INFO - Beginning optimization with guess, [0.7577517].
2024-05-30 17:17:54,153 - INFO - Finished optimization with guess, [0.7577517].
2024-05-30 17:17:54,153 - INFO - Best fit parameters: [0.7577517].
2024-05-30 17:17:54,177 - INFO - Maximum log composite likelihood: -48.1379913982.
2024-05-30 17:17:54,177 - INFO - Optimal value of theta: 1891.26610574.
2024-05-30 17:17:54,177 - INFO - Beginning optimization with guess, [0.42309621].
2024-05-30 17:17:54,870 - INFO - Finished optimization with guess, [0.42309621].
2024-05-30 17:17:54,870 - INFO - Best fit parameters: [0.42309621].
2024-05-30 17:17:54,894 - INFO - Maximum log composite likelihood: -48.1379913982.
2024-05-30 17:17:54,894 - INFO - Optimal value of theta: 1891.26610574.
2024-05-30 17:17:54,894 - INFO - Beginning optimization with guess, [0.50720059].
2024-05-30 17:17:55,590 - INFO - Finished optimization with guess, [0.50720059].
2024-05-30 17:17:55,591 - INFO - Best fit parameters: [0.50720059].
2024-05-30 17:17:55,615 - INFO - Maximum log composite likelihood: -48.1379913982.
2024-05-30 17:17:55,615 - INFO - Optimal value of theta: 1891.26610574.
2024-05-30 17:17:55,616 - INFO - Beginning optimization with guess, [1.87153825].
2024-05-30 17:17:56,325 - INFO - Finished optimization with guess, [1.87153825].
2024-05-30 17:17:56,325 - INFO - Best fit parameters: [1.87153825].
2024-05-30 17:17:56,350 - INFO - Maximum log composite likelihood: -48.1379913982.
2024-05-30 17:17:56,350 - INFO - Optimal value of theta: 1891.26610574.
2024-05-30 17:17:56,350 - INFO - Beginning optimization with guess, [2.13541588].
2024-05-30 17:17:57,054 - INFO - Finished optimization with guess, [2.13541588].
2024-05-30 17:17:57,055 - INFO - Best fit parameters: [2.13541588].
2024-05-30 17:17:57,079 - INFO - Maximum log composite likelihood: -48.1379913982.
2024-05-30 17:17:57,079 - INFO - Optimal value of theta: 1891.26610574.
2024-05-30 17:17:57,079 - INFO - Beginning optimization with guess, [1.52925671].
2024-05-30 17:17:57,697 - INFO - Finished optimization with guess, [1.52925671].
2024-05-30 17:17:57,697 - INFO - Best fit parameters: [1.52925671].
2024-05-30 17:17:57,720 - INFO - Maximum log composite likelihood: -48.1379913982.
2024-05-30 17:17:57,720 - INFO - Optimal value of theta: 1891.26610574.
2024-05-30 17:17:57,721 - INFO - Beginning optimization with guess, [2.00224271].
2024-05-30 17:17:58,394 - INFO - Finished optimization with guess, [2.00224271].
2024-05-30 17:17:58,395 - INFO - Best fit parameters: [2.00224271].
2024-05-30 17:17:58,418 - INFO - Maximum log composite likelihood: -48.1379913982.
2024-05-30 17:17:58,418 - INFO - Optimal value of theta: 1891.26610574.
2024-05-30 17:17:58,419 - INFO - Beginning optimization with guess, [1.0296462].
2024-05-30 17:17:58,746 - INFO - Finished optimization with guess, [1.0296462].
2024-05-30 17:17:58,746 - INFO - Best fit parameters: [1.0296462].
2024-05-30 17:17:58,770 - INFO - Maximum log composite likelihood: -48.1379913982.
2024-05-30 17:17:58,770 - INFO - Optimal value of theta: 1891.26610574.
2024-05-30 17:17:58,771 - INFO - Beginning optimization with guess, [1.58941312].
2024-05-30 17:17:59,387 - INFO - Finished optimization with guess, [1.58941312].
2024-05-30 17:17:59,387 - INFO - Best fit parameters: [1.58941312].
2024-05-30 17:17:59,411 - INFO - Maximum log composite likelihood: -48.1379913982.
2024-05-30 17:17:59,411 - INFO - Optimal value of theta: 1891.26610574.
2024-05-30 17:17:59,411 - INFO - Beginning optimization with guess, [1.64553724].
2024-05-30 17:18:00,025 - INFO - Finished optimization with guess, [1.64553724].
2024-05-30 17:18:00,025 - INFO - Best fit parameters: [1.64553724].
2024-05-30 17:18:00,049 - INFO - Maximum log composite likelihood: -48.1379913982.
2024-05-30 17:18:00,049 - INFO - Optimal value of theta: 1891.26610574.
2024-05-30 17:18:00,049 - INFO - Beginning optimization with guess, [5.07660627].
2024-05-30 17:18:00,813 - INFO - Finished optimization with guess, [5.07660627].
2024-05-30 17:18:00,813 - INFO - Best fit parameters: [5.07660627].
2024-05-30 17:18:00,837 - INFO - Maximum log composite likelihood: -48.1379913982.
2024-05-30 17:18:00,838 - INFO - Optimal value of theta: 1891.26610574.
2024-05-30 17:18:00,838 - INFO - Beginning optimization with guess, [2.56665779].
2024-05-30 17:18:01,529 - INFO - Finished optimization with guess, [2.56665779].
2024-05-30 17:18:01,529 - INFO - Best fit parameters: [2.56665779].
2024-05-30 17:18:01,553 - INFO - Maximum log composite likelihood: -48.1379913982.
2024-05-30 17:18:01,553 - INFO - Optimal value of theta: 1891.26610574.
2024-05-30 17:18:01,554 - INFO - Beginning optimization with guess, [5.93044296].
2024-05-30 17:18:02,334 - INFO - Finished optimization with guess, [5.93044296].
2024-05-30 17:18:02,335 - INFO - Best fit parameters: [5.93044296].
2024-05-30 17:18:02,359 - INFO - Maximum log composite likelihood: -48.1379913982.
2024-05-30 17:18:02,360 - INFO - Optimal value of theta: 1891.26610574.
2024-05-30 17:18:02,360 - INFO - Beginning optimization with guess, [4.74201066].
2024-05-30 17:18:03,138 - INFO - Finished optimization with guess, [4.74201066].
2024-05-30 17:18:03,138 - INFO - Best fit parameters: [4.74201066].
2024-05-30 17:18:03,163 - INFO - Maximum log composite likelihood: -48.1379913982.
2024-05-30 17:18:03,163 - INFO - Optimal value of theta: 1891.26610574.
2024-05-30 17:18:03,163 - INFO - Beginning optimization with guess, [2.76039918].
2024-05-30 17:18:03,869 - INFO - Finished optimization with guess, [2.76039918].
2024-05-30 17:18:03,869 - INFO - Best fit parameters: [2.76039918].
2024-05-30 17:18:03,893 - INFO - Maximum log composite likelihood: -48.1379913982.
2024-05-30 17:18:03,894 - INFO - Optimal value of theta: 1891.26610574.
2024-05-30 17:18:03,894 - INFO - Beginning optimization with guess, [7.2496257].
2024-05-30 17:18:04,662 - INFO - Finished optimization with guess, [7.2496257].
2024-05-30 17:18:04,663 - INFO - Best fit parameters: [7.2496257].
2024-05-30 17:18:04,686 - INFO - Maximum log composite likelihood: -48.1379913982.
2024-05-30 17:18:04,687 - INFO - Optimal value of theta: 1891.26610574.
2024-05-30 17:18:04,687 - INFO - Beginning optimization with guess, [5.62164613].
2024-05-30 17:18:05,456 - INFO - Finished optimization with guess, [5.62164613].
2024-05-30 17:18:05,456 - INFO - Best fit parameters: [5.62164613].
2024-05-30 17:18:05,480 - INFO - Maximum log composite likelihood: -48.1379913982.
2024-05-30 17:18:05,480 - INFO - Optimal value of theta: 1891.26610574.
2024-05-30 17:18:05,480 - INFO - Beginning optimization with guess, [7.62601].
2024-05-30 17:18:06,250 - INFO - Finished optimization with guess, [7.62601].
2024-05-30 17:18:06,251 - INFO - Best fit parameters: [7.62601].
2024-05-30 17:18:06,275 - INFO - Maximum log composite likelihood: -48.1379913982.
2024-05-30 17:18:06,275 - INFO - Optimal value of theta: 1891.26610574.
2024-05-30 17:18:06,278 - INFO - Beginning demographic inference for two-epoch demographic model.
2024-05-30 17:18:06,279 - INFO - Beginning optimization with guess, [0.08532424 0.01145441].
2024-05-30 17:18:07,509 - INFO - Finished optimization with guess, [0.08532424 0.01145441].
2024-05-30 17:18:07,509 - INFO - Best fit parameters: [3.78199702 0.04148124].
2024-05-30 17:18:07,534 - INFO - Maximum log composite likelihood: -30.1445994676.
2024-05-30 17:18:07,534 - INFO - Optimal value of theta: 1777.1880168.
2024-05-30 17:18:07,534 - INFO - Beginning optimization with guess, [0.32202762 0.01325123].
2024-05-30 17:18:09,891 - INFO - Finished optimization with guess, [0.32202762 0.01325123].
2024-05-30 17:18:09,891 - INFO - Best fit parameters: [1.79362064 0.07742126].
2024-05-30 17:18:09,917 - INFO - Maximum log composite likelihood: -31.0100356869.
2024-05-30 17:18:09,917 - INFO - Optimal value of theta: 1774.34517673.
2024-05-30 17:18:09,917 - INFO - Beginning optimization with guess, [0.15177324 0.00875607].
2024-05-30 17:18:11,546 - INFO - Finished optimization with guess, [0.15177324 0.00875607].
2024-05-30 17:18:11,547 - INFO - Best fit parameters: [1.70884413 0.08164571].
2024-05-30 17:18:11,573 - INFO - Maximum log composite likelihood: -31.2166216147.
2024-05-30 17:18:11,573 - INFO - Optimal value of theta: 1776.87186711.
2024-05-30 17:18:11,573 - INFO - Beginning optimization with guess, [0.3042863 0.0055785].
2024-05-30 17:18:15,468 - INFO - Finished optimization with guess, [0.3042863 0.0055785].
2024-05-30 17:18:15,468 - INFO - Best fit parameters: [1.70522224 0.0886348 ].
2024-05-30 17:18:15,494 - INFO - Maximum log composite likelihood: -31.231931091.
2024-05-30 17:18:15,495 - INFO - Optimal value of theta: 1769.27372737.
2024-05-30 17:18:15,495 - INFO - Beginning optimization with guess, [0.38589522 0.00754267].
2024-05-30 17:18:19,049 - INFO - Finished optimization with guess, [0.38589522 0.00754267].
2024-05-30 17:18:19,050 - INFO - Best fit parameters: [2.20781394 0.06204798].
2024-05-30 17:18:19,076 - INFO - Maximum log composite likelihood: -30.5464083822.
2024-05-30 17:18:19,076 - INFO - Optimal value of theta: 1770.92872234.
2024-05-30 17:18:19,076 - INFO - Beginning optimization with guess, [0.53174905 0.00841018].
2024-05-30 17:18:22,537 - INFO - Finished optimization with guess, [0.53174905 0.00841018].
2024-05-30 17:18:22,537 - INFO - Best fit parameters: [1.58195113 0.08800184].
2024-05-30 17:18:22,563 - INFO - Maximum log composite likelihood: -31.7219995885.
2024-05-30 17:18:22,563 - INFO - Optimal value of theta: 1783.62168215.
2024-05-30 17:18:22,563 - INFO - Beginning optimization with guess, [0.44099943 0.01406928].
2024-05-30 17:18:25,076 - INFO - Finished optimization with guess, [0.44099943 0.01406928].
2024-05-30 17:18:25,077 - INFO - Best fit parameters: [2.5080016  0.05495197].
2024-05-30 17:18:25,101 - INFO - Maximum log composite likelihood: -30.3933442418.
2024-05-30 17:18:25,102 - INFO - Optimal value of theta: 1771.97270373.
2024-05-30 17:18:25,102 - INFO - Beginning optimization with guess, [0.55094503 0.01171459].
2024-05-30 17:18:27,993 - INFO - Finished optimization with guess, [0.55094503 0.01171459].
2024-05-30 17:18:27,993 - INFO - Best fit parameters: [1.54173022 0.10415851].
2024-05-30 17:18:28,019 - INFO - Maximum log composite likelihood: -31.832032984.
2024-05-30 17:18:28,020 - INFO - Optimal value of theta: 1773.65244917.
2024-05-30 17:18:28,020 - INFO - Beginning optimization with guess, [0.73807512 0.00716486].
2024-05-30 17:18:32,011 - INFO - Finished optimization with guess, [0.73807512 0.00716486].
2024-05-30 17:18:32,012 - INFO - Best fit parameters: [1.49301699 0.099662  ].
2024-05-30 17:18:32,038 - INFO - Maximum log composite likelihood: -32.1919028855.
2024-05-30 17:18:32,039 - INFO - Optimal value of theta: 1784.64537166.
2024-05-30 17:18:32,039 - INFO - Beginning optimization with guess, [1.62958915 0.00685245].
2024-05-30 17:18:33,255 - INFO - Finished optimization with guess, [1.62958915 0.00685245].
2024-05-30 17:18:33,256 - INFO - Best fit parameters: [3.78816914 0.04133924].
2024-05-30 17:18:33,281 - INFO - Maximum log composite likelihood: -30.1423913563.
2024-05-30 17:18:33,281 - INFO - Optimal value of theta: 1777.47151367.
2024-05-30 17:18:33,281 - INFO - Beginning optimization with guess, [0.69613137 0.01122149].
2024-05-30 17:18:36,307 - INFO - Finished optimization with guess, [0.69613137 0.01122149].
2024-05-30 17:18:36,308 - INFO - Best fit parameters: [1.60652881 0.07256701].
2024-05-30 17:18:36,334 - INFO - Maximum log composite likelihood: -32.0118259918.
2024-05-30 17:18:36,334 - INFO - Optimal value of theta: 1797.04379991.
2024-05-30 17:18:36,334 - INFO - Beginning optimization with guess, [1.8860552  0.01025799].
2024-05-30 17:18:37,488 - INFO - Finished optimization with guess, [1.8860552  0.01025799].
2024-05-30 17:18:37,488 - INFO - Best fit parameters: [5.19295366 0.03630945].
2024-05-30 17:18:37,514 - INFO - Maximum log composite likelihood: -30.0647451656.
2024-05-30 17:18:37,514 - INFO - Optimal value of theta: 1780.110713.
2024-05-30 17:18:37,514 - INFO - Beginning optimization with guess, [2.51256508 0.0167677 ].
2024-05-30 17:18:38,719 - INFO - Finished optimization with guess, [2.51256508 0.0167677 ].
2024-05-30 17:18:38,719 - INFO - Best fit parameters: [17.06873666  0.02957739].
2024-05-30 17:18:38,744 - INFO - Maximum log composite likelihood: -29.9559831314.
2024-05-30 17:18:38,744 - INFO - Optimal value of theta: 1783.17920773.
2024-05-30 17:18:38,744 - INFO - Beginning optimization with guess, [1.66917849 0.01144913].
2024-05-30 17:18:39,880 - INFO - Finished optimization with guess, [1.66917849 0.01144913].
2024-05-30 17:18:39,880 - INFO - Best fit parameters: [3.00660776 0.04644326].
2024-05-30 17:18:39,905 - INFO - Maximum log composite likelihood: -30.2381309194.
2024-05-30 17:18:39,905 - INFO - Optimal value of theta: 1776.96214629.
2024-05-30 17:18:39,905 - INFO - Beginning optimization with guess, [3.73350426 0.00739725].
2024-05-30 17:18:41,078 - INFO - Finished optimization with guess, [3.73350426 0.00739725].
2024-05-30 17:18:41,079 - INFO - Best fit parameters: [12.2402395   0.02942634].
2024-05-30 17:18:41,104 - INFO - Maximum log composite likelihood: -29.9957616715.
2024-05-30 17:18:41,104 - INFO - Optimal value of theta: 1786.60927281.
2024-05-30 17:18:41,104 - INFO - Beginning optimization with guess, [2.21845699 0.00929135].
2024-05-30 17:18:42,294 - INFO - Finished optimization with guess, [2.21845699 0.00929135].
2024-05-30 17:18:42,295 - INFO - Best fit parameters: [4.41722403 0.03906438].
2024-05-30 17:18:42,320 - INFO - Maximum log composite likelihood: -30.1057195006.
2024-05-30 17:18:42,320 - INFO - Optimal value of theta: 1777.53092257.
2024-05-30 17:18:42,320 - INFO - Beginning optimization with guess, [5.02378457 0.01477153].
2024-05-30 17:18:43,510 - INFO - Finished optimization with guess, [5.02378457 0.01477153].
2024-05-30 17:18:43,511 - INFO - Best fit parameters: [27.56985911  0.02806199].
2024-05-30 17:18:43,536 - INFO - Maximum log composite likelihood: -29.9418492678.
2024-05-30 17:18:43,536 - INFO - Optimal value of theta: 1785.66328815.
2024-05-30 17:18:43,536 - INFO - Beginning optimization with guess, [3.99997294 0.00896127].
2024-05-30 17:18:44,758 - INFO - Finished optimization with guess, [3.99997294 0.00896127].
2024-05-30 17:18:44,758 - INFO - Best fit parameters: [14.82728805  0.02986736].
2024-05-30 17:18:44,783 - INFO - Maximum log composite likelihood: -29.9634077304.
2024-05-30 17:18:44,783 - INFO - Optimal value of theta: 1783.3280738.
2024-05-30 17:18:44,783 - INFO - Beginning optimization with guess, [5.83547085 0.01755309].
2024-05-30 17:18:45,946 - INFO - Finished optimization with guess, [5.83547085 0.01755309].
2024-05-30 17:18:45,946 - INFO - Best fit parameters: [4.20507728e+01 2.76468392e-02].
2024-05-30 17:18:45,971 - INFO - Maximum log composite likelihood: -29.9317720172.
2024-05-30 17:18:45,971 - INFO - Optimal value of theta: 1785.63564357.
2024-05-30 17:18:45,971 - INFO - Beginning optimization with guess, [1.86169774 0.00760296].
2024-05-30 17:18:47,146 - INFO - Finished optimization with guess, [1.86169774 0.00760296].
2024-05-30 17:18:47,147 - INFO - Best fit parameters: [7.57318771 0.03222062].
2024-05-30 17:18:47,172 - INFO - Maximum log composite likelihood: -30.0327305696.
2024-05-30 17:18:47,172 - INFO - Optimal value of theta: 1784.16477186.
2024-05-30 17:18:47,173 - INFO - Beginning optimization with guess, [5.89512009 0.01411838].
2024-05-30 17:18:48,355 - INFO - Finished optimization with guess, [5.89512009 0.01411838].
2024-05-30 17:18:48,355 - INFO - Best fit parameters: [6.45737185e+01 2.80255341e-02].
2024-05-30 17:18:48,379 - INFO - Maximum log composite likelihood: -29.9272281795.
2024-05-30 17:18:48,380 - INFO - Optimal value of theta: 1783.26671428.
2024-05-30 17:18:48,380 - INFO - Beginning optimization with guess, [2.87263545 0.00858837].
2024-05-30 17:18:49,627 - INFO - Finished optimization with guess, [2.87263545 0.00858837].
2024-05-30 17:18:49,627 - INFO - Best fit parameters: [4.46234476 0.03835981].
2024-05-30 17:18:49,652 - INFO - Maximum log composite likelihood: -30.0971575113.
2024-05-30 17:18:49,652 - INFO - Optimal value of theta: 1779.09122601.
2024-05-30 17:18:49,653 - INFO - Beginning optimization with guess, [4.06506239 0.01312375].
2024-05-30 17:18:50,848 - INFO - Finished optimization with guess, [4.06506239 0.01312375].
2024-05-30 17:18:50,848 - INFO - Best fit parameters: [3.41103664e+01 2.80982000e-02].
2024-05-30 17:18:50,873 - INFO - Maximum log composite likelihood: -29.9336065019.
2024-05-30 17:18:50,874 - INFO - Optimal value of theta: 1784.69003013.
2024-05-30 17:18:50,874 - INFO - Beginning optimization with guess, [1.12177458e+01 6.84351666e-03].
2024-05-30 17:18:52,151 - INFO - Finished optimization with guess, [1.12177458e+01 6.84351666e-03].
2024-05-30 17:18:52,151 - INFO - Best fit parameters: [1.5484187e+02 2.7239564e-02].
2024-05-30 17:18:52,176 - INFO - Maximum log composite likelihood: -29.918777572.
2024-05-30 17:18:52,176 - INFO - Optimal value of theta: 1785.04209253.
2024-05-30 17:18:52,179 - INFO - Beginning demographic inference for three-epoch demographic model.
2024-05-30 17:18:52,183 - INFO - Beginning optimization with guess, [0.01754901 0.00758058 0.01037531 0.00651266].
2024-05-30 17:37:37,946 - INFO - Finished optimization with guess, [0.01754901 0.00758058 0.01037531 0.00651266].
2024-05-30 17:37:37,948 - INFO - Best fit parameters: [3.87702080e-03 1.19573457e-03 4.97650645e-03 1.33603775e+00].
2024-05-30 17:37:57,574 - INFO - Maximum log composite likelihood: -48.1379913882.
2024-05-30 17:37:57,576 - INFO - Optimal value of theta: 1581677.19483.
2024-05-30 17:37:57,577 - INFO - Beginning optimization with guess, [0.01749104 0.01239614 0.00692927 0.0155759 ].
2024-05-30 17:41:00,796 - INFO - Finished optimization with guess, [0.01749104 0.01239614 0.00692927 0.0155759 ].
2024-05-30 17:41:00,797 - INFO - Best fit parameters: [0.00395051 0.00119144 0.00642208 0.37533712].
2024-05-30 17:41:06,185 - INFO - Maximum log composite likelihood: -48.1379913909.
2024-05-30 17:41:06,186 - INFO - Optimal value of theta: 1587380.49995.
2024-05-30 17:41:06,186 - INFO - Beginning optimization with guess, [0.05636449 0.02284016 0.01914132 0.01946911].
2024-05-30 17:45:34,194 - INFO - Finished optimization with guess, [0.05636449 0.02284016 0.01914132 0.01946911].
2024-05-30 17:45:34,196 - INFO - Best fit parameters: [0.0153496  0.00489378 0.01165566 2.37874923].
2024-05-30 17:45:42,509 - INFO - Maximum log composite likelihood: -48.1379913918.
2024-05-30 17:45:42,511 - INFO - Optimal value of theta: 386463.509598.
2024-05-30 17:45:42,511 - INFO - Beginning optimization with guess, [0.02641493 0.02637338 0.01003165 0.01834436].
2024-05-30 17:56:04,515 - INFO - Finished optimization with guess, [0.02641493 0.02637338 0.01003165 0.01834436].
2024-05-30 17:56:04,517 - INFO - Best fit parameters: [0.00371255 0.00782953 0.01818079 3.6528564 ].
2024-05-30 17:56:12,499 - INFO - Maximum log composite likelihood: -48.1379913928.
2024-05-30 17:56:12,500 - INFO - Optimal value of theta: 241555.424676.
2024-05-30 17:56:12,500 - INFO - Beginning optimization with guess, [0.0566719  0.05152823 0.01093272 0.01927144].
2024-05-30 17:56:13,597 - INFO - Finished optimization with guess, [0.0566719  0.05152823 0.01093272 0.01927144].
2024-05-30 17:56:13,598 - INFO - Best fit parameters: [1.00236397e-01 5.24748070e+01 1.35415018e-05 3.99598628e-04].
2024-05-30 17:56:13,621 - INFO - Maximum log composite likelihood: -47.7337139661.
2024-05-30 17:56:13,622 - INFO - Optimal value of theta: 1890.10103535.
2024-05-30 17:56:13,622 - INFO - Beginning optimization with guess, [1.16290369 0.6409341  0.01303363 0.00603501].
2024-05-30 17:56:14,761 - INFO - Finished optimization with guess, [1.16290369 0.6409341  0.01303363 0.00603501].
2024-05-30 17:56:14,761 - INFO - Best fit parameters: [1.44580633e+00 1.13442027e+00 1.42095632e-01 8.25995838e-05].
2024-05-30 17:56:14,787 - INFO - Maximum log composite likelihood: -32.5962465723.
2024-05-30 17:56:14,787 - INFO - Optimal value of theta: 1760.68074992.
2024-05-30 17:56:14,787 - INFO - Beginning optimization with guess, [0.95006358 0.47129193 0.01589451 0.01965827].
2024-05-30 17:56:15,917 - INFO - Finished optimization with guess, [0.95006358 0.47129193 0.01589451 0.01965827].
2024-05-30 17:56:15,917 - INFO - Best fit parameters: [9.68551332e-01 1.53427776e+07 2.43848861e-20 1.85082820e-62].
2024-05-30 17:56:15,941 - INFO - Maximum log composite likelihood: -48.1379913982.
2024-05-30 17:56:15,941 - INFO - Optimal value of theta: 1891.26610574.
2024-05-30 17:56:15,942 - INFO - Beginning optimization with guess, [0.78454189 0.57368694 0.01080102 0.00774978].
2024-05-30 17:56:16,979 - INFO - Finished optimization with guess, [0.78454189 0.57368694 0.01080102 0.00774978].
2024-05-30 17:56:16,979 - INFO - Best fit parameters: [8.64967050e-01 1.21191667e+00 6.02592447e-05 6.63516372e-04].
2024-05-30 17:56:17,003 - INFO - Maximum log composite likelihood: -47.9849353828.
2024-05-30 17:56:17,003 - INFO - Optimal value of theta: 1890.82392083.
2024-05-30 17:56:17,004 - INFO - Beginning optimization with guess, [0.69756867 0.76411028 0.01173287 0.01765203].
2024-05-30 17:56:18,022 - INFO - Finished optimization with guess, [0.69756867 0.76411028 0.01173287 0.01765203].
2024-05-30 17:56:18,023 - INFO - Best fit parameters: [9.61325440e-01 1.18611749e+00 1.39389375e-04 2.20781482e-04].
2024-05-30 17:56:18,046 - INFO - Maximum log composite likelihood: -48.0959618747.
2024-05-30 17:56:18,047 - INFO - Optimal value of theta: 1891.14534926.
2024-05-30 17:56:18,047 - INFO - Beginning optimization with guess, [0.61864695 0.77499482 0.01580733 0.00653259].
2024-05-30 17:56:19,041 - INFO - Finished optimization with guess, [0.61864695 0.77499482 0.01580733 0.00653259].
2024-05-30 17:56:19,042 - INFO - Best fit parameters: [9.13932427e-01 1.04643177e+00 4.49857522e-05 1.74721769e-02].
2024-05-30 17:56:19,066 - INFO - Maximum log composite likelihood: -47.1995031253.
2024-05-30 17:56:19,066 - INFO - Optimal value of theta: 1888.25487491.
2024-05-30 17:56:19,066 - INFO - Beginning optimization with guess, [0.78601034 1.06829231 0.00504572 0.00541572].
2024-05-30 17:56:20,265 - INFO - Finished optimization with guess, [0.78601034 1.06829231 0.00504572 0.00541572].
2024-05-30 17:56:20,266 - INFO - Best fit parameters: [9.72190980e-01 1.11854228e+00 3.99012979e-05 2.05647878e-01].
2024-05-30 17:56:20,292 - INFO - Maximum log composite likelihood: -39.9815989035.
2024-05-30 17:56:20,293 - INFO - Optimal value of theta: 1833.4897198.
2024-05-30 17:56:20,293 - INFO - Beginning optimization with guess, [0.83925773 1.22825815 0.00562648 0.00644107].
2024-05-30 17:56:21,476 - INFO - Finished optimization with guess, [0.83925773 1.22825815 0.00562648 0.00644107].
2024-05-30 17:56:21,476 - INFO - Best fit parameters: [0.79619676 1.35335953 0.0330562  0.18769227].
2024-05-30 17:56:21,503 - INFO - Maximum log composite likelihood: -33.3463939572.
2024-05-30 17:56:21,503 - INFO - Optimal value of theta: 1771.83918709.
2024-05-30 17:56:21,503 - INFO - Beginning optimization with guess, [1.24835751 2.39550889 0.00899991 0.0169445 ].
2024-05-30 17:56:22,600 - INFO - Finished optimization with guess, [1.24835751 2.39550889 0.00899991 0.0169445 ].
2024-05-30 17:56:22,601 - INFO - Best fit parameters: [1.26390253 2.70010077 0.00725763 0.04665113].
2024-05-30 17:56:22,625 - INFO - Maximum log composite likelihood: -30.309647267.
2024-05-30 17:56:22,625 - INFO - Optimal value of theta: 1778.21034338.
2024-05-30 17:56:22,625 - INFO - Beginning optimization with guess, [1.12955495 2.60219816 0.0099838  0.00559284].
2024-05-30 17:56:23,767 - INFO - Finished optimization with guess, [1.12955495 2.60219816 0.0099838  0.00559284].
2024-05-30 17:56:23,767 - INFO - Best fit parameters: [1.14231461 3.12478691 0.00808949 0.04425095].
2024-05-30 17:56:23,791 - INFO - Maximum log composite likelihood: -30.2219510078.
2024-05-30 17:56:23,791 - INFO - Optimal value of theta: 1776.37067226.
2024-05-30 17:56:23,792 - INFO - Beginning optimization with guess, [1.20278764 2.14467584 0.01094328 0.00751444].
2024-05-30 17:56:24,872 - INFO - Finished optimization with guess, [1.20278764 2.14467584 0.01094328 0.00751444].
2024-05-30 17:56:24,872 - INFO - Best fit parameters: [1.22341441 2.48609386 0.00899756 0.05150264].
2024-05-30 17:56:24,896 - INFO - Maximum log composite likelihood: -30.3909755226.
2024-05-30 17:56:24,896 - INFO - Optimal value of theta: 1774.12294302.
2024-05-30 17:56:24,896 - INFO - Beginning optimization with guess, [2.72061371 1.84655725 0.01200239 0.00510725].
2024-05-30 17:56:25,998 - INFO - Finished optimization with guess, [2.72061371 1.84655725 0.01200239 0.00510725].
2024-05-30 17:56:25,998 - INFO - Best fit parameters: [3.22068115e+00 1.84891892e+00 4.14836690e-02 2.91995867e-03].
2024-05-30 17:56:26,022 - INFO - Maximum log composite likelihood: -30.2556713666.
2024-05-30 17:56:26,022 - INFO - Optimal value of theta: 1780.56698153.
2024-05-30 17:56:26,023 - INFO - Beginning optimization with guess, [1.61817758 1.55546113 0.00817065 0.00801588].
2024-05-30 17:56:27,183 - INFO - Finished optimization with guess, [1.61817758 1.55546113 0.00817065 0.00801588].
2024-05-30 17:56:27,184 - INFO - Best fit parameters: [1.788364   1.75073135 0.07357781 0.00774776].
2024-05-30 17:56:27,208 - INFO - Maximum log composite likelihood: -31.0468283525.
2024-05-30 17:56:27,209 - INFO - Optimal value of theta: 1770.30358558.
2024-05-30 17:56:27,209 - INFO - Beginning optimization with guess, [3.04423329 2.50894509 0.01564417 0.00579093].
2024-05-30 17:56:28,300 - INFO - Finished optimization with guess, [3.04423329 2.50894509 0.01564417 0.00579093].
2024-05-30 17:56:28,300 - INFO - Best fit parameters: [3.66972227 2.56783718 0.0374668  0.00368438].
2024-05-30 17:56:28,323 - INFO - Maximum log composite likelihood: -30.1740869345.
2024-05-30 17:56:28,324 - INFO - Optimal value of theta: 1781.03890016.
2024-05-30 17:56:28,324 - INFO - Beginning optimization with guess, [2.82836639 3.53489315 0.01217961 0.01029531].
2024-05-30 17:56:29,389 - INFO - Finished optimization with guess, [2.82836639 3.53489315 0.01217961 0.01029531].
2024-05-30 17:56:29,389 - INFO - Best fit parameters: [3.08228792 4.62147848 0.03077562 0.01177225].
2024-05-30 17:56:29,413 - INFO - Maximum log composite likelihood: -30.1366885133.
2024-05-30 17:56:29,413 - INFO - Optimal value of theta: 1778.86736574.
2024-05-30 17:56:29,413 - INFO - Beginning optimization with guess, [2.05466917e+00 5.87290537e+00 1.48003641e-02 5.36323698e-03].
2024-05-30 17:56:30,462 - INFO - Finished optimization with guess, [2.05466917e+00 5.87290537e+00 1.48003641e-02 5.36323698e-03].
2024-05-30 17:56:30,462 - INFO - Best fit parameters: [2.31403897e+00 6.61862909e+00 4.84802806e-02 4.87745214e-03].
2024-05-30 17:56:30,486 - INFO - Maximum log composite likelihood: -30.3109113673.
2024-05-30 17:56:30,487 - INFO - Optimal value of theta: 1775.73479998.
2024-05-30 17:56:30,487 - INFO - Beginning optimization with guess, [2.42610812 2.14524002 0.00907306 0.00958701].
2024-05-30 17:56:31,695 - INFO - Finished optimization with guess, [2.42610812 2.14524002 0.00907306 0.00958701].
2024-05-30 17:56:31,696 - INFO - Best fit parameters: [2.7337776  2.48451047 0.04113094 0.00834298].
2024-05-30 17:56:31,719 - INFO - Maximum log composite likelihood: -30.3187365347.
2024-05-30 17:56:31,720 - INFO - Optimal value of theta: 1777.71238193.
2024-05-30 17:56:31,720 - INFO - Beginning optimization with guess, [2.52221573 3.30150736 0.00761939 0.00611472].
2024-05-30 17:56:32,866 - INFO - Finished optimization with guess, [2.52221573 3.30150736 0.00761939 0.00611472].
2024-05-30 17:56:32,867 - INFO - Best fit parameters: [2.91811879 3.65384314 0.04047618 0.00487262].
2024-05-30 17:56:32,891 - INFO - Maximum log composite likelihood: -30.2201480142.
2024-05-30 17:56:32,892 - INFO - Optimal value of theta: 1779.56583691.
2024-05-30 17:56:32,892 - INFO - Beginning optimization with guess, [9.20146916e+00 9.23100531e+00 6.83403210e-03 1.79357561e-02].
2024-05-30 17:56:33,978 - INFO - Finished optimization with guess, [9.20146916e+00 9.23100531e+00 6.83403210e-03 1.79357561e-02].
2024-05-30 17:56:33,978 - INFO - Best fit parameters: [1.30588408e+01 1.45756840e+01 7.97533645e-03 2.21251866e-02].
2024-05-30 17:56:34,002 - INFO - Maximum log composite likelihood: -29.9554817093.
2024-05-30 17:56:34,002 - INFO - Optimal value of theta: 1782.68001354.
2024-05-30 17:56:34,002 - INFO - Beginning optimization with guess, [3.70769325 4.77891587 0.01587322 0.00648985].
2024-05-30 17:56:35,141 - INFO - Finished optimization with guess, [3.70769325 4.77891587 0.01587322 0.00648985].
2024-05-30 17:56:35,141 - INFO - Best fit parameters: [4.36727708 5.01062286 0.03148456 0.00621761].
2024-05-30 17:56:35,165 - INFO - Maximum log composite likelihood: -30.0820437148.
2024-05-30 17:56:35,166 - INFO - Optimal value of theta: 1780.63753296.
2024-05-30 17:56:35,168 - INFO - Finished demographic inference.
2024-05-30 17:56:35,168 - INFO - Pipeline executed succesfully.
