2024-06-05 07:47:39,163 - INFO - Beginning execution of survival_curve.py in directory /u/project/ngarud/jonmah/demo_for_ccgb/Scripts

2024-06-05 07:47:39,163 - INFO - Progress is being logged to ../HighRecombinationAnalysis/Bacteroides_vulgatus_57955/survival_curve.log

2024-06-05 07:47:39,163 - INFO - Parsed the following arguments:
	outprefix = ../HighRecombinationAnalysis/Bacteroides_vulgatus_57955/
	species = Bacteroides_vulgatus_57955

2024-06-05 07:47:39,163 - INFO - Computing SFS of Bacteroides_vulgatus_57955.
2024-06-05 07:47:39,902 - WARNING - sys:1: DtypeWarning: Columns (2,6) have mixed types. Specify dtype option on import or set low_memory=False.

2024-06-05 08:49:42,914 - INFO - Beginning execution of survival_curve.py in directory /u/project/ngarud/jonmah/demo_for_ccgb/Scripts

2024-06-05 08:49:42,914 - INFO - Progress is being logged to ../HighRecombinationAnalysis/Bacteroides_vulgatus_57955/survival_curve.log

2024-06-05 08:49:42,914 - INFO - Parsed the following arguments:
	outprefix = ../HighRecombinationAnalysis/Bacteroides_vulgatus_57955/
	species = Bacteroides_vulgatus_57955

2024-06-05 08:49:42,914 - INFO - Computing SFS of Bacteroides_vulgatus_57955.
2024-06-05 08:49:43,553 - WARNING - sys:1: DtypeWarning: Columns (2,6) have mixed types. Specify dtype option on import or set low_memory=False.

2024-06-05 13:01:29,441 - INFO - Beginning execution of survival_curve.py in directory /u/project/ngarud/jonmah/demo_for_ccgb/Scripts

2024-06-05 13:01:29,442 - INFO - Progress is being logged to ../HighRecombinationAnalysis/Bacteroides_vulgatus_57955/survival_curve.log

2024-06-05 13:01:29,442 - INFO - Parsed the following arguments:
	outprefix = ../HighRecombinationAnalysis/Bacteroides_vulgatus_57955/
	species = Bacteroides_vulgatus_57955

2024-06-05 13:01:29,442 - INFO - Computing SFS of Bacteroides_vulgatus_57955.
2024-06-05 13:01:30,043 - WARNING - sys:1: DtypeWarning: Columns (2,6) have mixed types. Specify dtype option on import or set low_memory=False.

2024-06-06 00:49:07,613 - INFO - Pipeline executed succesfully.
