2022-11-02 15:30:31,278 - INFO - Beginning execution of fit_one_epoch.py in directory /u/project/ngarud/jonmah/demo_for_ccgb/Scripts

2022-11-02 15:30:31,278 - INFO - Progress is being logged to ../Analysis/Haemophilus_haemolyticus_58350_oral/unmasked/log.log

2022-11-02 15:30:31,278 - INFO - Parsed the following arguments:
	syn_input_sfs = ../Data/oral_microbiome_sfs/Haemophilus_haemolyticus_58350_sfs/folded_sfs_10.txt
	mask_singletons = False
	mask_doubletons = False
	outprefix = ../Analysis/Haemophilus_haemolyticus_58350_oral/unmasked/

2022-11-02 15:30:31,303 - INFO - Beginning demographic inference for one-epoch demographic model.
2022-11-02 15:30:31,305 - INFO - Beginning optimization with guess, [0.08500222].
2022-11-02 15:30:31,352 - INFO - Finished optimization with guess, [0.08500222].
2022-11-02 15:30:31,352 - INFO - Best fit parameters: [0.08500222].
2022-11-02 15:30:31,371 - INFO - Maximum log composite likelihood: -6002.345149094814.
2022-11-02 15:30:31,372 - INFO - Optimal value of theta: 7497.811391376776.
2022-11-02 15:30:31,372 - INFO - Beginning optimization with guess, [0.31464904].
2022-11-02 15:30:31,412 - INFO - Finished optimization with guess, [0.31464904].
2022-11-02 15:30:31,412 - INFO - Best fit parameters: [0.31464904].
2022-11-02 15:30:31,431 - INFO - Maximum log composite likelihood: -6002.345149094814.
2022-11-02 15:30:31,431 - INFO - Optimal value of theta: 7497.811391376776.
2022-11-02 15:30:31,432 - INFO - Beginning optimization with guess, [0.18422646].
2022-11-02 15:30:31,470 - INFO - Finished optimization with guess, [0.18422646].
2022-11-02 15:30:31,471 - INFO - Best fit parameters: [0.18422646].
2022-11-02 15:30:31,490 - INFO - Maximum log composite likelihood: -6002.345149094814.
2022-11-02 15:30:31,491 - INFO - Optimal value of theta: 7497.811391376776.
2022-11-02 15:30:31,491 - INFO - Beginning optimization with guess, [0.586102].
2022-11-02 15:30:31,531 - INFO - Finished optimization with guess, [0.586102].
2022-11-02 15:30:31,531 - INFO - Best fit parameters: [0.586102].
2022-11-02 15:30:31,549 - INFO - Maximum log composite likelihood: -6002.345149094814.
2022-11-02 15:30:31,550 - INFO - Optimal value of theta: 7497.811391376776.
2022-11-02 15:30:31,550 - INFO - Beginning optimization with guess, [0.31213603].
2022-11-02 15:30:31,590 - INFO - Finished optimization with guess, [0.31213603].
2022-11-02 15:30:31,590 - INFO - Best fit parameters: [0.31213603].
2022-11-02 15:30:31,610 - INFO - Maximum log composite likelihood: -6002.345149094814.
2022-11-02 15:30:31,611 - INFO - Optimal value of theta: 7497.811391376776.
2022-11-02 15:30:31,611 - INFO - Beginning optimization with guess, [0.76562229].
2022-11-02 15:30:31,650 - INFO - Finished optimization with guess, [0.76562229].
2022-11-02 15:30:31,650 - INFO - Best fit parameters: [0.76562229].
2022-11-02 15:30:31,670 - INFO - Maximum log composite likelihood: -6002.345149094814.
2022-11-02 15:30:31,671 - INFO - Optimal value of theta: 7497.811391376776.
2022-11-02 15:30:31,672 - INFO - Beginning optimization with guess, [0.51399878].
2022-11-02 15:30:31,711 - INFO - Finished optimization with guess, [0.51399878].
2022-11-02 15:30:31,711 - INFO - Best fit parameters: [0.51399878].
2022-11-02 15:30:31,730 - INFO - Maximum log composite likelihood: -6002.345149094814.
2022-11-02 15:30:31,731 - INFO - Optimal value of theta: 7497.811391376776.
2022-11-02 15:30:31,732 - INFO - Beginning optimization with guess, [1.09116347].
2022-11-02 15:30:31,770 - INFO - Finished optimization with guess, [1.09116347].
2022-11-02 15:30:31,770 - INFO - Best fit parameters: [1.09116347].
2022-11-02 15:30:31,788 - INFO - Maximum log composite likelihood: -6002.345149094814.
2022-11-02 15:30:31,789 - INFO - Optimal value of theta: 7497.811391376776.
2022-11-02 15:30:31,789 - INFO - Beginning optimization with guess, [0.53580237].
2022-11-02 15:30:31,827 - INFO - Finished optimization with guess, [0.53580237].
2022-11-02 15:30:31,828 - INFO - Best fit parameters: [0.53580237].
2022-11-02 15:30:31,847 - INFO - Maximum log composite likelihood: -6002.345149094814.
2022-11-02 15:30:31,848 - INFO - Optimal value of theta: 7497.811391376776.
2022-11-02 15:30:31,849 - INFO - Beginning optimization with guess, [1.56207784].
2022-11-02 15:30:31,888 - INFO - Finished optimization with guess, [1.56207784].
2022-11-02 15:30:31,888 - INFO - Best fit parameters: [1.56207784].
2022-11-02 15:30:31,906 - INFO - Maximum log composite likelihood: -6002.345149094814.
2022-11-02 15:30:31,906 - INFO - Optimal value of theta: 7497.811391376776.
2022-11-02 15:30:31,907 - INFO - Beginning optimization with guess, [1.62385941].
2022-11-02 15:30:31,945 - INFO - Finished optimization with guess, [1.62385941].
2022-11-02 15:30:31,945 - INFO - Best fit parameters: [1.62385941].
2022-11-02 15:30:31,965 - INFO - Maximum log composite likelihood: -6002.345149094814.
2022-11-02 15:30:31,965 - INFO - Optimal value of theta: 7497.811391376776.
2022-11-02 15:30:31,966 - INFO - Beginning optimization with guess, [0.93534466].
2022-11-02 15:30:32,006 - INFO - Finished optimization with guess, [0.93534466].
2022-11-02 15:30:32,007 - INFO - Best fit parameters: [0.93534466].
2022-11-02 15:30:32,026 - INFO - Maximum log composite likelihood: -6002.345149094814.
2022-11-02 15:30:32,026 - INFO - Optimal value of theta: 7497.811391376776.
2022-11-02 15:30:32,027 - INFO - Beginning optimization with guess, [2.44861444].
2022-11-02 15:30:32,066 - INFO - Finished optimization with guess, [2.44861444].
2022-11-02 15:30:32,067 - INFO - Best fit parameters: [2.44861444].
2022-11-02 15:30:32,086 - INFO - Maximum log composite likelihood: -6002.345149094814.
2022-11-02 15:30:32,087 - INFO - Optimal value of theta: 7497.811391376776.
2022-11-02 15:30:32,087 - INFO - Beginning optimization with guess, [3.65393487].
2022-11-02 15:30:32,126 - INFO - Finished optimization with guess, [3.65393487].
2022-11-02 15:30:32,127 - INFO - Best fit parameters: [3.65393487].
2022-11-02 15:30:32,147 - INFO - Maximum log composite likelihood: -6002.345149094814.
2022-11-02 15:30:32,148 - INFO - Optimal value of theta: 7497.811391376776.
2022-11-02 15:30:32,148 - INFO - Beginning optimization with guess, [3.37459579].
2022-11-02 15:30:32,189 - INFO - Finished optimization with guess, [3.37459579].
2022-11-02 15:30:32,190 - INFO - Best fit parameters: [3.37459579].
2022-11-02 15:30:32,209 - INFO - Maximum log composite likelihood: -6002.345149094814.
2022-11-02 15:30:32,210 - INFO - Optimal value of theta: 7497.811391376776.
2022-11-02 15:30:32,210 - INFO - Beginning optimization with guess, [4.4184414].
2022-11-02 15:30:32,253 - INFO - Finished optimization with guess, [4.4184414].
2022-11-02 15:30:32,253 - INFO - Best fit parameters: [4.4184414].
2022-11-02 15:30:32,272 - INFO - Maximum log composite likelihood: -6002.345149094814.
2022-11-02 15:30:32,273 - INFO - Optimal value of theta: 7497.811391376776.
2022-11-02 15:30:32,273 - INFO - Beginning optimization with guess, [2.35890163].
2022-11-02 15:30:32,314 - INFO - Finished optimization with guess, [2.35890163].
2022-11-02 15:30:32,315 - INFO - Best fit parameters: [2.35890163].
2022-11-02 15:30:32,334 - INFO - Maximum log composite likelihood: -6002.345149094814.
2022-11-02 15:30:32,335 - INFO - Optimal value of theta: 7497.811391376776.
2022-11-02 15:30:32,336 - INFO - Beginning optimization with guess, [3.67640307].
2022-11-02 15:30:32,376 - INFO - Finished optimization with guess, [3.67640307].
2022-11-02 15:30:32,377 - INFO - Best fit parameters: [3.67640307].
2022-11-02 15:30:32,395 - INFO - Maximum log composite likelihood: -6002.345149094814.
2022-11-02 15:30:32,396 - INFO - Optimal value of theta: 7497.811391376776.
2022-11-02 15:30:32,396 - INFO - Beginning optimization with guess, [1.83707768].
2022-11-02 15:30:32,436 - INFO - Finished optimization with guess, [1.83707768].
2022-11-02 15:30:32,436 - INFO - Best fit parameters: [1.83707768].
2022-11-02 15:30:32,456 - INFO - Maximum log composite likelihood: -6002.345149094814.
2022-11-02 15:30:32,456 - INFO - Optimal value of theta: 7497.811391376776.
2022-11-02 15:30:32,457 - INFO - Beginning optimization with guess, [2.4327839].
2022-11-02 15:30:32,494 - INFO - Finished optimization with guess, [2.4327839].
2022-11-02 15:30:32,495 - INFO - Best fit parameters: [2.4327839].
2022-11-02 15:30:32,514 - INFO - Maximum log composite likelihood: -6002.345149094814.
2022-11-02 15:30:32,515 - INFO - Optimal value of theta: 7497.811391376776.
2022-11-02 15:30:32,516 - INFO - Beginning optimization with guess, [2.1797533].
2022-11-02 15:30:32,554 - INFO - Finished optimization with guess, [2.1797533].
2022-11-02 15:30:32,554 - INFO - Best fit parameters: [2.1797533].
2022-11-02 15:30:32,573 - INFO - Maximum log composite likelihood: -6002.345149094814.
2022-11-02 15:30:32,574 - INFO - Optimal value of theta: 7497.811391376776.
2022-11-02 15:30:32,574 - INFO - Beginning optimization with guess, [3.40552423].
2022-11-02 15:30:32,613 - INFO - Finished optimization with guess, [3.40552423].
2022-11-02 15:30:32,613 - INFO - Best fit parameters: [3.40552423].
2022-11-02 15:30:32,632 - INFO - Maximum log composite likelihood: -6002.345149094814.
2022-11-02 15:30:32,633 - INFO - Optimal value of theta: 7497.811391376776.
2022-11-02 15:30:32,633 - INFO - Beginning optimization with guess, [3.31417671].
2022-11-02 15:30:32,672 - INFO - Finished optimization with guess, [3.31417671].
2022-11-02 15:30:32,672 - INFO - Best fit parameters: [3.31417671].
2022-11-02 15:30:32,691 - INFO - Maximum log composite likelihood: -6002.345149094814.
2022-11-02 15:30:32,692 - INFO - Optimal value of theta: 7497.811391376776.
2022-11-02 15:30:32,692 - INFO - Beginning optimization with guess, [8.76811231].
2022-11-02 15:30:32,731 - INFO - Finished optimization with guess, [8.76811231].
2022-11-02 15:30:32,731 - INFO - Best fit parameters: [8.76811231].
2022-11-02 15:30:32,750 - INFO - Maximum log composite likelihood: -6002.345149094814.
2022-11-02 15:30:32,750 - INFO - Optimal value of theta: 7497.811391376776.
2022-11-02 15:30:32,751 - INFO - Beginning optimization with guess, [6.27586642].
2022-11-02 15:30:32,789 - INFO - Finished optimization with guess, [6.27586642].
2022-11-02 15:30:32,789 - INFO - Best fit parameters: [6.27586642].
2022-11-02 15:30:32,807 - INFO - Maximum log composite likelihood: -6002.345149094814.
2022-11-02 15:30:32,808 - INFO - Optimal value of theta: 7497.811391376776.
2022-11-02 15:30:32,810 - INFO - Finished demographic inference.
2022-11-02 15:30:32,810 - INFO - Pipeline executed succesfully.
