2023-07-20 16:54:10,974 - INFO - Beginning execution of fit_one_epoch.py in directory /u/project/ngarud/jonmah/demo_for_ccgb/Scripts

2023-07-20 16:54:10,974 - INFO - Progress is being logged to ../Analysis/Prevotella_copri_61740_downsampled_14/core_log.log

2023-07-20 16:54:10,974 - INFO - Parsed the following arguments:
	syn_input_sfs = ../Analysis/Prevotella_copri_61740_downsampled_14/core_empirical_syn_downsampled_sfs.txt
	mask_singletons = False
	mask_doubletons = False
	outprefix = ../Analysis/Prevotella_copri_61740_downsampled_14/core

2023-07-20 16:54:10,977 - INFO - Beginning demographic inference for one-epoch demographic model.
2023-07-20 16:54:10,979 - INFO - Beginning optimization with guess, [0.0812048].
2023-07-20 16:54:11,816 - INFO - Finished optimization with guess, [0.0812048].
2023-07-20 16:54:11,816 - INFO - Best fit parameters: [0.0812048].
2023-07-20 16:54:11,840 - INFO - Maximum log composite likelihood: -1600.8476278917105.
2023-07-20 16:54:11,841 - INFO - Optimal value of theta: 12337.84813916414.
2023-07-20 16:54:11,841 - INFO - Beginning optimization with guess, [0.12257008].
2023-07-20 16:54:12,676 - INFO - Finished optimization with guess, [0.12257008].
2023-07-20 16:54:12,677 - INFO - Best fit parameters: [0.12257008].
2023-07-20 16:54:12,700 - INFO - Maximum log composite likelihood: -1600.8476278917105.
2023-07-20 16:54:12,701 - INFO - Optimal value of theta: 12337.84813916414.
2023-07-20 16:54:12,701 - INFO - Beginning optimization with guess, [0.57862493].
2023-07-20 16:54:13,400 - INFO - Finished optimization with guess, [0.57862493].
2023-07-20 16:54:13,400 - INFO - Best fit parameters: [0.57862493].
2023-07-20 16:54:13,424 - INFO - Maximum log composite likelihood: -1600.8476278917105.
2023-07-20 16:54:13,425 - INFO - Optimal value of theta: 12337.84813916414.
2023-07-20 16:54:13,425 - INFO - Beginning optimization with guess, [0.45067542].
2023-07-20 16:54:14,125 - INFO - Finished optimization with guess, [0.45067542].
2023-07-20 16:54:14,126 - INFO - Best fit parameters: [0.45067542].
2023-07-20 16:54:14,150 - INFO - Maximum log composite likelihood: -1600.8476278917105.
2023-07-20 16:54:14,150 - INFO - Optimal value of theta: 12337.84813916414.
2023-07-20 16:54:14,150 - INFO - Beginning optimization with guess, [0.83397351].
2023-07-20 16:54:14,704 - INFO - Finished optimization with guess, [0.83397351].
2023-07-20 16:54:14,704 - INFO - Best fit parameters: [0.83397351].
2023-07-20 16:54:14,728 - INFO - Maximum log composite likelihood: -1600.8476278917105.
2023-07-20 16:54:14,729 - INFO - Optimal value of theta: 12337.84813916414.
2023-07-20 16:54:14,729 - INFO - Beginning optimization with guess, [0.80505455].
2023-07-20 16:54:15,284 - INFO - Finished optimization with guess, [0.80505455].
2023-07-20 16:54:15,284 - INFO - Best fit parameters: [0.80505455].
2023-07-20 16:54:15,309 - INFO - Maximum log composite likelihood: -1600.8476278917105.
2023-07-20 16:54:15,309 - INFO - Optimal value of theta: 12337.84813916414.
2023-07-20 16:54:15,309 - INFO - Beginning optimization with guess, [0.67408985].
2023-07-20 16:54:15,935 - INFO - Finished optimization with guess, [0.67408985].
2023-07-20 16:54:15,935 - INFO - Best fit parameters: [0.67408985].
2023-07-20 16:54:15,959 - INFO - Maximum log composite likelihood: -1600.8476278917105.
2023-07-20 16:54:15,959 - INFO - Optimal value of theta: 12337.84813916414.
2023-07-20 16:54:15,960 - INFO - Beginning optimization with guess, [1.0782488].
2023-07-20 16:54:16,441 - INFO - Finished optimization with guess, [1.0782488].
2023-07-20 16:54:16,441 - INFO - Best fit parameters: [1.0782488].
2023-07-20 16:54:16,465 - INFO - Maximum log composite likelihood: -1600.8476278917105.
2023-07-20 16:54:16,466 - INFO - Optimal value of theta: 12337.84813916414.
2023-07-20 16:54:16,466 - INFO - Beginning optimization with guess, [1.0100761].
2023-07-20 16:54:16,731 - INFO - Finished optimization with guess, [1.0100761].
2023-07-20 16:54:16,731 - INFO - Best fit parameters: [1.0100761].
2023-07-20 16:54:16,755 - INFO - Maximum log composite likelihood: -1600.8476278917105.
2023-07-20 16:54:16,756 - INFO - Optimal value of theta: 12337.84813916414.
2023-07-20 16:54:16,756 - INFO - Beginning optimization with guess, [0.78727748].
2023-07-20 16:54:17,312 - INFO - Finished optimization with guess, [0.78727748].
2023-07-20 16:54:17,312 - INFO - Best fit parameters: [0.78727748].
2023-07-20 16:54:17,336 - INFO - Maximum log composite likelihood: -1600.8476278917105.
2023-07-20 16:54:17,336 - INFO - Optimal value of theta: 12337.84813916414.
2023-07-20 16:54:17,336 - INFO - Beginning optimization with guess, [1.51442312].
2023-07-20 16:54:17,962 - INFO - Finished optimization with guess, [1.51442312].
2023-07-20 16:54:17,962 - INFO - Best fit parameters: [1.51442312].
2023-07-20 16:54:17,986 - INFO - Maximum log composite likelihood: -1600.8476278917105.
2023-07-20 16:54:17,986 - INFO - Optimal value of theta: 12337.84813916414.
2023-07-20 16:54:17,987 - INFO - Beginning optimization with guess, [1.15181265].
2023-07-20 16:54:18,540 - INFO - Finished optimization with guess, [1.15181265].
2023-07-20 16:54:18,541 - INFO - Best fit parameters: [1.15181265].
2023-07-20 16:54:18,565 - INFO - Maximum log composite likelihood: -1600.8476278917105.
2023-07-20 16:54:18,565 - INFO - Optimal value of theta: 12337.84813916414.
2023-07-20 16:54:18,565 - INFO - Beginning optimization with guess, [2.36013304].
2023-07-20 16:54:19,264 - INFO - Finished optimization with guess, [2.36013304].
2023-07-20 16:54:19,264 - INFO - Best fit parameters: [2.36013304].
2023-07-20 16:54:19,289 - INFO - Maximum log composite likelihood: -1600.8476278917105.
2023-07-20 16:54:19,289 - INFO - Optimal value of theta: 12337.84813916414.
2023-07-20 16:54:19,289 - INFO - Beginning optimization with guess, [1.59359745].
2023-07-20 16:54:19,914 - INFO - Finished optimization with guess, [1.59359745].
2023-07-20 16:54:19,914 - INFO - Best fit parameters: [1.59359745].
2023-07-20 16:54:19,939 - INFO - Maximum log composite likelihood: -1600.8476278917105.
2023-07-20 16:54:19,939 - INFO - Optimal value of theta: 12337.84813916414.
2023-07-20 16:54:19,939 - INFO - Beginning optimization with guess, [2.62343823].
2023-07-20 16:54:20,636 - INFO - Finished optimization with guess, [2.62343823].
2023-07-20 16:54:20,637 - INFO - Best fit parameters: [2.62343823].
2023-07-20 16:54:20,661 - INFO - Maximum log composite likelihood: -1600.8476278917105.
2023-07-20 16:54:20,662 - INFO - Optimal value of theta: 12337.84813916414.
2023-07-20 16:54:20,662 - INFO - Beginning optimization with guess, [3.86051963].
2023-07-20 16:54:21,432 - INFO - Finished optimization with guess, [3.86051963].
2023-07-20 16:54:21,432 - INFO - Best fit parameters: [3.86051963].
2023-07-20 16:54:21,456 - INFO - Maximum log composite likelihood: -1600.8476278917105.
2023-07-20 16:54:21,456 - INFO - Optimal value of theta: 12337.84813916414.
2023-07-20 16:54:21,456 - INFO - Beginning optimization with guess, [1.44565372].
2023-07-20 16:54:22,082 - INFO - Finished optimization with guess, [1.44565372].
2023-07-20 16:54:22,083 - INFO - Best fit parameters: [1.44565372].
2023-07-20 16:54:22,107 - INFO - Maximum log composite likelihood: -1600.8476278917105.
2023-07-20 16:54:22,108 - INFO - Optimal value of theta: 12337.84813916414.
2023-07-20 16:54:22,108 - INFO - Beginning optimization with guess, [3.10314352].
2023-07-20 16:54:22,879 - INFO - Finished optimization with guess, [3.10314352].
2023-07-20 16:54:22,879 - INFO - Best fit parameters: [3.10314352].
2023-07-20 16:54:22,904 - INFO - Maximum log composite likelihood: -1600.8476278917105.
2023-07-20 16:54:22,904 - INFO - Optimal value of theta: 12337.84813916414.
2023-07-20 16:54:22,904 - INFO - Beginning optimization with guess, [2.55112654].
2023-07-20 16:54:23,602 - INFO - Finished optimization with guess, [2.55112654].
2023-07-20 16:54:23,602 - INFO - Best fit parameters: [2.55112654].
2023-07-20 16:54:23,627 - INFO - Maximum log composite likelihood: -1600.8476278917105.
2023-07-20 16:54:23,627 - INFO - Optimal value of theta: 12337.84813916414.
2023-07-20 16:54:23,627 - INFO - Beginning optimization with guess, [4.95034587].
2023-07-20 16:54:24,397 - INFO - Finished optimization with guess, [4.95034587].
2023-07-20 16:54:24,397 - INFO - Best fit parameters: [4.95034587].
2023-07-20 16:54:24,421 - INFO - Maximum log composite likelihood: -1600.8476278917105.
2023-07-20 16:54:24,421 - INFO - Optimal value of theta: 12337.84813916414.
2023-07-20 16:54:24,421 - INFO - Beginning optimization with guess, [5.36207642].
2023-07-20 16:54:25,193 - INFO - Finished optimization with guess, [5.36207642].
2023-07-20 16:54:25,193 - INFO - Best fit parameters: [5.36207642].
2023-07-20 16:54:25,217 - INFO - Maximum log composite likelihood: -1600.8476278917105.
2023-07-20 16:54:25,218 - INFO - Optimal value of theta: 12337.84813916414.
2023-07-20 16:54:25,218 - INFO - Beginning optimization with guess, [6.63785365].
2023-07-20 16:54:25,987 - INFO - Finished optimization with guess, [6.63785365].
2023-07-20 16:54:25,987 - INFO - Best fit parameters: [6.63785365].
2023-07-20 16:54:26,011 - INFO - Maximum log composite likelihood: -1600.8476278917105.
2023-07-20 16:54:26,011 - INFO - Optimal value of theta: 12337.84813916414.
2023-07-20 16:54:26,012 - INFO - Beginning optimization with guess, [8.24248718].
2023-07-20 16:54:26,853 - INFO - Finished optimization with guess, [8.24248718].
2023-07-20 16:54:26,853 - INFO - Best fit parameters: [8.24248718].
2023-07-20 16:54:26,877 - INFO - Maximum log composite likelihood: -1600.8476278917105.
2023-07-20 16:54:26,878 - INFO - Optimal value of theta: 12337.84813916414.
2023-07-20 16:54:26,878 - INFO - Beginning optimization with guess, [4.72594706].
2023-07-20 16:54:27,650 - INFO - Finished optimization with guess, [4.72594706].
2023-07-20 16:54:27,650 - INFO - Best fit parameters: [4.72594706].
2023-07-20 16:54:27,674 - INFO - Maximum log composite likelihood: -1600.8476278917105.
2023-07-20 16:54:27,675 - INFO - Optimal value of theta: 12337.84813916414.
2023-07-20 16:54:27,676 - INFO - Beginning demographic inference for two-epoch demographic model.
2023-07-20 16:54:27,679 - INFO - Beginning optimization with guess, [0.07325871 0.01328618].
2023-07-20 16:54:29,919 - INFO - Finished optimization with guess, [0.07325871 0.01328618].
2023-07-20 16:54:29,919 - INFO - Best fit parameters: [3.26923165 0.3643329 ].
2023-07-20 16:54:29,945 - INFO - Maximum log composite likelihood: -178.65605656987282.
2023-07-20 16:54:29,945 - INFO - Optimal value of theta: 8708.821746990578.
2023-07-20 16:54:29,945 - INFO - Beginning optimization with guess, [0.32836094 0.00633612].
2023-07-20 16:54:33,809 - INFO - Finished optimization with guess, [0.32836094 0.00633612].
2023-07-20 16:54:33,810 - INFO - Best fit parameters: [2.91071779 0.35397769].
2023-07-20 16:54:33,837 - INFO - Maximum log composite likelihood: -185.98152700593255.
2023-07-20 16:54:33,838 - INFO - Optimal value of theta: 8971.122624754336.
2023-07-20 16:54:33,838 - INFO - Beginning optimization with guess, [0.46453822 0.00929671].
2023-07-20 16:54:37,099 - INFO - Finished optimization with guess, [0.46453822 0.00929671].
2023-07-20 16:54:37,099 - INFO - Best fit parameters: [2.94088947 0.27028176].
2023-07-20 16:54:37,125 - INFO - Maximum log composite likelihood: -206.43798754905492.
2023-07-20 16:54:37,125 - INFO - Optimal value of theta: 9446.596467561887.
2023-07-20 16:54:37,126 - INFO - Beginning optimization with guess, [0.47125354 0.01065805].
2023-07-20 16:54:40,070 - INFO - Finished optimization with guess, [0.47125354 0.01065805].
2023-07-20 16:54:40,070 - INFO - Best fit parameters: [2.76226158 0.70017013].
2023-07-20 16:54:40,099 - INFO - Maximum log composite likelihood: -216.32797216631843.
2023-07-20 16:54:40,099 - INFO - Optimal value of theta: 7799.4195737357595.
2023-07-20 16:54:40,099 - INFO - Beginning optimization with guess, [0.64491663 0.00513207].
2023-07-20 16:54:44,976 - INFO - Finished optimization with guess, [0.64491663 0.00513207].
2023-07-20 16:54:44,977 - INFO - Best fit parameters: [3.24363871 0.30084917].
2023-07-20 16:54:45,004 - INFO - Maximum log composite likelihood: -179.87433459257136.
2023-07-20 16:54:45,004 - INFO - Optimal value of theta: 9095.839690323852.
2023-07-20 16:54:45,004 - INFO - Beginning optimization with guess, [0.74345968 0.00778105].
2023-07-20 16:54:48,767 - INFO - Finished optimization with guess, [0.74345968 0.00778105].
2023-07-20 16:54:48,768 - INFO - Best fit parameters: [1.37616886 0.55622258].
2023-07-20 16:54:48,800 - INFO - Maximum log composite likelihood: -942.5159468779239.
2023-07-20 16:54:48,800 - INFO - Optimal value of theta: 10586.807988659122.
2023-07-20 16:54:48,801 - INFO - Beginning optimization with guess, [0.84054619 0.00624278].
2023-07-20 16:54:53,233 - INFO - Finished optimization with guess, [0.84054619 0.00624278].
2023-07-20 16:54:53,234 - INFO - Best fit parameters: [1.20574794 0.54161835].
2023-07-20 16:54:53,267 - INFO - Maximum log composite likelihood: -1200.0021221785328.
2023-07-20 16:54:53,267 - INFO - Optimal value of theta: 11256.269212947274.
2023-07-20 16:54:53,267 - INFO - Beginning optimization with guess, [0.69219652 0.00577365].
2023-07-20 16:54:57,780 - INFO - Finished optimization with guess, [0.69219652 0.00577365].
2023-07-20 16:54:57,781 - INFO - Best fit parameters: [3.36752515 0.52024757].
2023-07-20 16:54:57,809 - INFO - Maximum log composite likelihood: -212.61497249374133.
2023-07-20 16:54:57,809 - INFO - Optimal value of theta: 7929.972010822425.
2023-07-20 16:54:57,809 - INFO - Beginning optimization with guess, [0.70571301 0.00994895].
2023-07-20 16:55:01,058 - INFO - Finished optimization with guess, [0.70571301 0.00994895].
2023-07-20 16:55:01,058 - INFO - Best fit parameters: [1.53311481 0.17797209].
2023-07-20 16:55:01,085 - INFO - Maximum log composite likelihood: -837.1894984660894.
2023-07-20 16:55:01,085 - INFO - Optimal value of theta: 11205.678416868015.
2023-07-20 16:55:01,085 - INFO - Beginning optimization with guess, [1.03636931 0.01392323].
2023-07-20 16:55:02,553 - INFO - Finished optimization with guess, [1.03636931 0.01392323].
2023-07-20 16:55:02,553 - INFO - Best fit parameters: [3.25099639 0.42331471].
2023-07-20 16:55:02,580 - INFO - Maximum log composite likelihood: -185.9086954490258.
2023-07-20 16:55:02,580 - INFO - Optimal value of theta: 8418.075585155733.
2023-07-20 16:55:02,581 - INFO - Beginning optimization with guess, [2.35554453 0.00784319].
2023-07-20 16:55:03,849 - INFO - Finished optimization with guess, [2.35554453 0.00784319].
2023-07-20 16:55:03,849 - INFO - Best fit parameters: [3.28007533 0.32778806].
2023-07-20 16:55:03,875 - INFO - Maximum log composite likelihood: -177.24133226205322.
2023-07-20 16:55:03,876 - INFO - Optimal value of theta: 8912.147632923832.
2023-07-20 16:55:03,876 - INFO - Beginning optimization with guess, [2.69135907 0.01736512].
2023-07-20 16:55:05,132 - INFO - Finished optimization with guess, [2.69135907 0.01736512].
2023-07-20 16:55:05,132 - INFO - Best fit parameters: [3.30169744 0.32071015].
2023-07-20 16:55:05,159 - INFO - Maximum log composite likelihood: -177.32292095214325.
2023-07-20 16:55:05,159 - INFO - Optimal value of theta: 8944.364014246099.
2023-07-20 16:55:05,159 - INFO - Beginning optimization with guess, [1.0480283 0.0122209].
2023-07-20 16:55:06,606 - INFO - Finished optimization with guess, [1.0480283 0.0122209].
2023-07-20 16:55:06,607 - INFO - Best fit parameters: [3.18380336 0.46244088].
2023-07-20 16:55:06,634 - INFO - Maximum log composite likelihood: -189.6592368313868.
2023-07-20 16:55:06,635 - INFO - Optimal value of theta: 8280.042889472788.
2023-07-20 16:55:06,635 - INFO - Beginning optimization with guess, [1.00547875 0.01349138].
2023-07-20 16:55:08,121 - INFO - Finished optimization with guess, [1.00547875 0.01349138].
2023-07-20 16:55:08,121 - INFO - Best fit parameters: [1.02427954 0.32732815].
2023-07-20 16:55:08,151 - INFO - Maximum log composite likelihood: -1542.977261685226.
2023-07-20 16:55:08,151 - INFO - Optimal value of theta: 12224.397576923853.
2023-07-20 16:55:08,151 - INFO - Beginning optimization with guess, [1.50489436 0.0100962 ].
2023-07-20 16:55:09,455 - INFO - Finished optimization with guess, [1.50489436 0.0100962 ].
2023-07-20 16:55:09,455 - INFO - Best fit parameters: [3.25319363 0.34567733].
2023-07-20 16:55:09,482 - INFO - Maximum log composite likelihood: -177.4256932060389.
2023-07-20 16:55:09,482 - INFO - Optimal value of theta: 8821.04887282345.
2023-07-20 16:55:09,482 - INFO - Beginning optimization with guess, [2.94148577 0.01573025].
2023-07-20 16:55:10,737 - INFO - Finished optimization with guess, [2.94148577 0.01573025].
2023-07-20 16:55:10,737 - INFO - Best fit parameters: [3.27255212 0.33670071].
2023-07-20 16:55:10,764 - INFO - Maximum log composite likelihood: -177.2516006144424.
2023-07-20 16:55:10,764 - INFO - Optimal value of theta: 8863.088846301234.
2023-07-20 16:55:10,764 - INFO - Beginning optimization with guess, [1.85839817 0.01743091].
2023-07-20 16:55:12,020 - INFO - Finished optimization with guess, [1.85839817 0.01743091].
2023-07-20 16:55:12,020 - INFO - Best fit parameters: [3.29258429 0.33038861].
2023-07-20 16:55:12,047 - INFO - Maximum log composite likelihood: -177.20518056544643.
2023-07-20 16:55:12,047 - INFO - Optimal value of theta: 8890.506876388508.
2023-07-20 16:55:12,047 - INFO - Beginning optimization with guess, [4.30310511 0.00764733].
2023-07-20 16:55:13,257 - INFO - Finished optimization with guess, [4.30310511 0.00764733].
2023-07-20 16:55:13,257 - INFO - Best fit parameters: [3.24500318 0.3308352 ].
2023-07-20 16:55:13,284 - INFO - Maximum log composite likelihood: -177.36334327859095.
2023-07-20 16:55:13,284 - INFO - Optimal value of theta: 8911.245323069368.
2023-07-20 16:55:13,284 - INFO - Beginning optimization with guess, [2.0306634  0.01313714].
2023-07-20 16:55:14,605 - INFO - Finished optimization with guess, [2.0306634  0.01313714].
2023-07-20 16:55:14,605 - INFO - Best fit parameters: [3.29723334 0.33060022].
2023-07-20 16:55:14,631 - INFO - Maximum log composite likelihood: -177.20666683155196.
2023-07-20 16:55:14,632 - INFO - Optimal value of theta: 8886.998264588981.
2023-07-20 16:55:14,632 - INFO - Beginning optimization with guess, [4.97794589 0.00531933].
2023-07-20 16:55:15,779 - INFO - Finished optimization with guess, [4.97794589 0.00531933].
2023-07-20 16:55:15,780 - INFO - Best fit parameters: [3.87113933 0.22722817].
2023-07-20 16:55:15,805 - INFO - Maximum log composite likelihood: -190.1929592097913.
2023-07-20 16:55:15,806 - INFO - Optimal value of theta: 9404.790975677728.
2023-07-20 16:55:15,806 - INFO - Beginning optimization with guess, [4.31590124 0.0053629 ].
2023-07-20 16:55:16,954 - INFO - Finished optimization with guess, [4.31590124 0.0053629 ].
2023-07-20 16:55:16,954 - INFO - Best fit parameters: [3.62670616 0.24449253].
2023-07-20 16:55:16,979 - INFO - Maximum log composite likelihood: -186.54641670459296.
2023-07-20 16:55:16,980 - INFO - Optimal value of theta: 9340.13548309252.
2023-07-20 16:55:16,980 - INFO - Beginning optimization with guess, [3.74650422 0.00885714].
2023-07-20 16:55:18,250 - INFO - Finished optimization with guess, [3.74650422 0.00885714].
2023-07-20 16:55:18,251 - INFO - Best fit parameters: [3.35097514 0.32188459].
2023-07-20 16:55:18,278 - INFO - Maximum log composite likelihood: -177.28107413304406.
2023-07-20 16:55:18,278 - INFO - Optimal value of theta: 8914.15346520029.
2023-07-20 16:55:18,278 - INFO - Beginning optimization with guess, [5.44617523 0.00592893].
2023-07-20 16:55:19,423 - INFO - Finished optimization with guess, [5.44617523 0.00592893].
2023-07-20 16:55:19,424 - INFO - Best fit parameters: [4.42350532 0.2231293 ].
2023-07-20 16:55:19,450 - INFO - Maximum log composite likelihood: -193.01998802632988.
2023-07-20 16:55:19,450 - INFO - Optimal value of theta: 9303.722479978112.
2023-07-20 16:55:19,450 - INFO - Beginning optimization with guess, [6.78510885 0.01452337].
2023-07-20 16:55:20,644 - INFO - Finished optimization with guess, [6.78510885 0.01452337].
2023-07-20 16:55:20,644 - INFO - Best fit parameters: [3.84691282 0.2102875 ].
2023-07-20 16:55:20,669 - INFO - Maximum log composite likelihood: -199.5323632050222.
2023-07-20 16:55:20,670 - INFO - Optimal value of theta: 9558.063116334524.
2023-07-20 16:55:20,672 - INFO - Beginning demographic inference for three-epoch demographic model.
2023-07-20 16:55:20,675 - INFO - Beginning optimization with guess, [0.01073796 0.01560835 0.01251906 0.00849652].
2023-07-20 16:55:29,117 - INFO - Finished optimization with guess, [0.01073796 0.01560835 0.01251906 0.00849652].
2023-07-20 16:55:29,118 - INFO - Best fit parameters: [0.00549479 0.01607972 0.04293232 0.00512077].
2023-07-20 16:55:29,286 - INFO - Maximum log composite likelihood: -238.29040481972243.
2023-07-20 16:55:29,286 - INFO - Optimal value of theta: 1262158.2917028503.
2023-07-20 16:55:29,286 - INFO - Beginning optimization with guess, [0.01839619 0.01086188 0.01041072 0.00504751].
2023-07-20 16:55:30,586 - INFO - Finished optimization with guess, [0.01839619 0.01086188 0.01041072 0.00504751].
2023-07-20 16:55:30,586 - INFO - Best fit parameters: [4.36811220e-03 7.69551505e+05 1.37762508e-07 6.65525793e-05].
2023-07-20 16:55:30,612 - INFO - Maximum log composite likelihood: -1599.7313197615722.
2023-07-20 16:55:30,612 - INFO - Optimal value of theta: 12336.895894920955.
2023-07-20 16:55:30,612 - INFO - Beginning optimization with guess, [0.03561604 0.03348124 0.01592269 0.00576405].
2023-07-20 16:55:31,766 - INFO - Finished optimization with guess, [0.03561604 0.03348124 0.01592269 0.00576405].
2023-07-20 16:55:31,766 - INFO - Best fit parameters: [6.09219067e-02 9.33735562e+02 1.27619707e-06 1.16268185e-02].
2023-07-20 16:55:31,792 - INFO - Maximum log composite likelihood: -1264.5167075361942.
2023-07-20 16:55:31,792 - INFO - Optimal value of theta: 12026.944188016634.
2023-07-20 16:55:31,792 - INFO - Beginning optimization with guess, [0.0764047  0.02244918 0.01149071 0.01176093].
2023-07-20 16:55:33,022 - INFO - Finished optimization with guess, [0.0764047  0.02244918 0.01149071 0.01176093].
2023-07-20 16:55:33,022 - INFO - Best fit parameters: [8.62492851e-02 1.84834507e+30 6.31462372e-22 2.67887053e-24].
2023-07-20 16:55:33,048 - INFO - Maximum log composite likelihood: -1600.8476278916924.
2023-07-20 16:55:33,048 - INFO - Optimal value of theta: 12337.848139164147.
2023-07-20 16:55:33,048 - INFO - Beginning optimization with guess, [0.0278343  0.04185534 0.01608171 0.01273063].
2023-07-20 16:55:36,555 - INFO - Finished optimization with guess, [0.0278343  0.04185534 0.01608171 0.01273063].
2023-07-20 16:55:36,555 - INFO - Best fit parameters: [0.00821736 0.18081162 0.03312578 0.00936077].
2023-07-20 16:55:36,652 - INFO - Maximum log composite likelihood: -480.4302208774143.
2023-07-20 16:55:36,652 - INFO - Optimal value of theta: 317865.8502649236.
2023-07-20 16:55:36,652 - INFO - Beginning optimization with guess, [0.32136721 0.68482827 0.00782711 0.01268312].
2023-07-20 16:55:37,772 - INFO - Finished optimization with guess, [0.32136721 0.68482827 0.00782711 0.01268312].
2023-07-20 16:55:37,773 - INFO - Best fit parameters: [3.35275076e+00 1.85467685e+00 1.38118468e-09 2.05034543e-02].
2023-07-20 16:55:37,798 - INFO - Maximum log composite likelihood: -1348.3064078519437.
2023-07-20 16:55:37,799 - INFO - Optimal value of theta: 12097.465943508492.
2023-07-20 16:55:37,799 - INFO - Beginning optimization with guess, [0.54891129 1.0336834  0.0153265  0.00790054].
2023-07-20 16:55:39,057 - INFO - Finished optimization with guess, [0.54891129 1.0336834  0.0153265  0.00790054].
2023-07-20 16:55:39,057 - INFO - Best fit parameters: [7.62923783e-01 1.04388940e+00 6.01713989e-04 3.03222580e-01].
2023-07-20 16:55:39,087 - INFO - Maximum log composite likelihood: -1497.9443738953805.
2023-07-20 16:55:39,088 - INFO - Optimal value of theta: 12147.562957198421.
2023-07-20 16:55:39,088 - INFO - Beginning optimization with guess, [0.53547143 0.5970075  0.0116206  0.01046587].
2023-07-20 16:55:40,204 - INFO - Finished optimization with guess, [0.53547143 0.5970075  0.0116206  0.01046587].
2023-07-20 16:55:40,204 - INFO - Best fit parameters: [1.18067917e+00 7.07767022e-01 1.45770785e-03 9.89960293e-05].
2023-07-20 16:55:40,229 - INFO - Maximum log composite likelihood: -1595.1880570737503.
2023-07-20 16:55:40,230 - INFO - Optimal value of theta: 12332.954589501014.
2023-07-20 16:55:40,230 - INFO - Beginning optimization with guess, [0.45136726 1.74543797 0.00896063 0.01882537].
2023-07-20 16:55:41,519 - INFO - Finished optimization with guess, [0.45136726 1.74543797 0.00896063 0.01882537].
2023-07-20 16:55:41,520 - INFO - Best fit parameters: [4.88309419e-01 3.29660024e+00 1.52682627e-03 3.46767307e-01].
2023-07-20 16:55:41,547 - INFO - Maximum log composite likelihood: -177.59756185870265.
2023-07-20 16:55:41,547 - INFO - Optimal value of theta: 8806.034293644365.
2023-07-20 16:55:41,547 - INFO - Beginning optimization with guess, [0.74122771 1.15074538 0.01182496 0.01078457].
2023-07-20 16:55:42,920 - INFO - Finished optimization with guess, [0.74122771 1.15074538 0.01182496 0.01078457].
2023-07-20 16:55:42,920 - INFO - Best fit parameters: [0.72550144 1.26787156 0.00214313 0.55713454].
2023-07-20 16:55:42,953 - INFO - Maximum log composite likelihood: -1100.5075527319068.
2023-07-20 16:55:42,953 - INFO - Optimal value of theta: 10985.787844328443.
2023-07-20 16:55:42,953 - INFO - Beginning optimization with guess, [1.02936249 0.63961412 0.01743195 0.01114245].
2023-07-20 16:55:44,220 - INFO - Finished optimization with guess, [1.02936249 0.63961412 0.01743195 0.01114245].
2023-07-20 16:55:44,221 - INFO - Best fit parameters: [1.08566236e+00 2.92140051e+00 4.49628139e-01 2.32353275e-13].
2023-07-20 16:55:44,253 - INFO - Maximum log composite likelihood: -1412.6861056853522.
2023-07-20 16:55:44,253 - INFO - Optimal value of theta: 11883.903870255748.
2023-07-20 16:55:44,253 - INFO - Beginning optimization with guess, [1.42205857 1.53968237 0.00517406 0.00672559].
2023-07-20 16:55:45,492 - INFO - Finished optimization with guess, [1.42205857 1.53968237 0.00517406 0.00672559].
2023-07-20 16:55:45,493 - INFO - Best fit parameters: [1.38005129 2.07310154 0.003942   0.51864031].
2023-07-20 16:55:45,522 - INFO - Maximum log composite likelihood: -351.1795838395119.
2023-07-20 16:55:45,523 - INFO - Optimal value of theta: 9123.946691725267.
2023-07-20 16:55:45,523 - INFO - Beginning optimization with guess, [1.28390354 1.95857308 0.00629373 0.01769748].
2023-07-20 16:55:46,748 - INFO - Finished optimization with guess, [1.28390354 1.95857308 0.00629373 0.01769748].
2023-07-20 16:55:46,748 - INFO - Best fit parameters: [1.29394201 2.82527434 0.00467078 0.52838986].
2023-07-20 16:55:46,776 - INFO - Maximum log composite likelihood: -195.62152524238627.
2023-07-20 16:55:46,777 - INFO - Optimal value of theta: 8268.655124440023.
2023-07-20 16:55:46,777 - INFO - Beginning optimization with guess, [1.37664241 2.95658032 0.01402101 0.01418673].
2023-07-20 16:55:48,009 - INFO - Finished optimization with guess, [1.37664241 2.95658032 0.01402101 0.01418673].
2023-07-20 16:55:48,009 - INFO - Best fit parameters: [1.44584118 3.85848621 0.00968061 0.24624536].
2023-07-20 16:55:48,036 - INFO - Maximum log composite likelihood: -184.06330357293882.
2023-07-20 16:55:48,036 - INFO - Optimal value of theta: 9221.052942840499.
2023-07-20 16:55:48,036 - INFO - Beginning optimization with guess, [1.18241886 1.26321475 0.01938816 0.00882654].
2023-07-20 16:55:49,442 - INFO - Finished optimization with guess, [1.18241886 1.26321475 0.01938816 0.00882654].
2023-07-20 16:55:49,442 - INFO - Best fit parameters: [1.31183473 1.27469748 0.31707928 0.01229059].
2023-07-20 16:55:49,472 - INFO - Maximum log composite likelihood: -1013.0650849647154.
2023-07-20 16:55:49,472 - INFO - Optimal value of theta: 11199.443138067094.
2023-07-20 16:55:49,472 - INFO - Beginning optimization with guess, [2.24764028 3.22577581 0.00658929 0.01588105].
2023-07-20 16:55:50,743 - INFO - Finished optimization with guess, [2.24764028 3.22577581 0.00658929 0.01588105].
2023-07-20 16:55:50,744 - INFO - Best fit parameters: [2.55259432 4.26121195 0.00430127 0.2195287 ].
2023-07-20 16:55:50,770 - INFO - Maximum log composite likelihood: -191.41407379547763.
2023-07-20 16:55:50,770 - INFO - Optimal value of theta: 9341.81696623534.
2023-07-20 16:55:50,770 - INFO - Beginning optimization with guess, [1.7325416  3.08919372 0.00713201 0.00668121].
2023-07-20 16:55:51,991 - INFO - Finished optimization with guess, [1.7325416  3.08919372 0.00713201 0.00668121].
2023-07-20 16:55:51,992 - INFO - Best fit parameters: [1.94726650e+00 3.80376183e+00 3.65020200e-03 2.38619155e-01].
2023-07-20 16:55:52,018 - INFO - Maximum log composite likelihood: -185.99605506550506.
2023-07-20 16:55:52,019 - INFO - Optimal value of theta: 9310.776186582581.
2023-07-20 16:55:52,019 - INFO - Beginning optimization with guess, [2.61260488 3.40332015 0.00515485 0.00595541].
2023-07-20 16:55:53,233 - INFO - Finished optimization with guess, [2.61260488 3.40332015 0.00515485 0.00595541].
2023-07-20 16:55:53,233 - INFO - Best fit parameters: [3.25376876e+00 4.26215892e+00 2.37103470e-03 2.62080265e-01].
2023-07-20 16:55:53,260 - INFO - Maximum log composite likelihood: -193.20385277163314.
2023-07-20 16:55:53,260 - INFO - Optimal value of theta: 8997.165725861474.
2023-07-20 16:55:53,260 - INFO - Beginning optimization with guess, [4.86281034 2.28001241 0.01156301 0.0119452 ].
2023-07-20 16:55:54,413 - INFO - Finished optimization with guess, [4.86281034 2.28001241 0.01156301 0.0119452 ].
2023-07-20 16:55:54,413 - INFO - Best fit parameters: [5.69811588 2.99043743 0.19346221 0.00988516].
2023-07-20 16:55:54,439 - INFO - Maximum log composite likelihood: -205.41039268853456.
2023-07-20 16:55:54,439 - INFO - Optimal value of theta: 9327.67596048825.
2023-07-20 16:55:54,439 - INFO - Beginning optimization with guess, [6.29183299 5.02377927 0.00896374 0.00641161].
2023-07-20 16:55:55,629 - INFO - Finished optimization with guess, [6.29183299 5.02377927 0.00896374 0.00641161].
2023-07-20 16:55:55,630 - INFO - Best fit parameters: [9.38786569e+00 6.47080149e+00 1.38575706e-01 4.07494674e-03].
2023-07-20 16:55:55,655 - INFO - Maximum log composite likelihood: -241.79915637232534.
2023-07-20 16:55:55,655 - INFO - Optimal value of theta: 9760.169033611135.
2023-07-20 16:55:55,656 - INFO - Beginning optimization with guess, [6.83500232 2.10708389 0.0093905  0.00694347].
2023-07-20 16:55:56,849 - INFO - Finished optimization with guess, [6.83500232 2.10708389 0.0093905  0.00694347].
2023-07-20 16:55:56,851 - INFO - Best fit parameters: [7.33055455e+00 2.66430103e+00 1.54110639e-01 5.73308774e-03].
2023-07-20 16:55:56,876 - INFO - Maximum log composite likelihood: -223.36041460394426.
2023-07-20 16:55:56,877 - INFO - Optimal value of theta: 9667.990868667759.
2023-07-20 16:55:56,877 - INFO - Beginning optimization with guess, [7.42242075 7.02516326 0.01860248 0.01332243].
2023-07-20 16:55:58,066 - INFO - Finished optimization with guess, [7.42242075 7.02516326 0.01860248 0.01332243].
2023-07-20 16:55:58,066 - INFO - Best fit parameters: [1.03512283e+01 7.87442863e+00 1.27880004e-01 8.63644811e-03].
2023-07-20 16:55:58,092 - INFO - Maximum log composite likelihood: -246.507687563133.
2023-07-20 16:55:58,092 - INFO - Optimal value of theta: 9817.055595114416.
2023-07-20 16:55:58,092 - INFO - Beginning optimization with guess, [5.41046510e+00 1.08347908e+01 8.52937198e-03 5.77438037e-03].
2023-07-20 16:55:59,285 - INFO - Finished optimization with guess, [5.41046510e+00 1.08347908e+01 8.52937198e-03 5.77438037e-03].
2023-07-20 16:55:59,286 - INFO - Best fit parameters: [7.86262345e+00 1.55188086e+01 1.51195864e-01 3.57812026e-03].
2023-07-20 16:55:59,311 - INFO - Maximum log composite likelihood: -234.46645364553933.
2023-07-20 16:55:59,311 - INFO - Optimal value of theta: 9654.935729666802.
2023-07-20 16:55:59,312 - INFO - Beginning optimization with guess, [4.66613267e+00 9.25110856e+00 1.53441551e-02 6.37847269e-03].
2023-07-20 16:56:00,510 - INFO - Finished optimization with guess, [4.66613267e+00 9.25110856e+00 1.53441551e-02 6.37847269e-03].
2023-07-20 16:56:00,510 - INFO - Best fit parameters: [6.42920552e+00 1.27825253e+01 1.63216005e-01 4.00897710e-03].
2023-07-20 16:56:00,536 - INFO - Maximum log composite likelihood: -223.07407066329597.
2023-07-20 16:56:00,536 - INFO - Optimal value of theta: 9596.356986939856.
2023-07-20 16:56:00,537 - INFO - Finished demographic inference.
2023-07-20 16:56:00,538 - INFO - Pipeline executed succesfully.
