2023-04-12 14:43:45,811 - INFO - Beginning execution of fit_one_epoch.py in directory /u/project/ngarud/jonmah/demo_for_ccgb/Scripts

2023-04-12 14:43:45,811 - INFO - Progress is being logged to ../Analysis/Bacteroides_vulgatus_57955_downsampled_14/complete_log.log

2023-04-12 14:43:45,811 - INFO - Parsed the following arguments:
	syn_input_sfs = ../Analysis/Bacteroides_vulgatus_57955_downsampled_14/empirical_syn_downsampled_sfs.txt
	mask_singletons = False
	mask_doubletons = False
	outprefix = ../Analysis/Bacteroides_vulgatus_57955_downsampled_14/complete

2023-04-12 14:43:45,827 - INFO - Beginning demographic inference for one-epoch demographic model.
2023-04-12 14:43:45,829 - INFO - Beginning optimization with guess, [0.08910122].
2023-04-12 14:43:45,880 - INFO - Finished optimization with guess, [0.08910122].
2023-04-12 14:43:45,881 - INFO - Best fit parameters: [0.08910122].
2023-04-12 14:43:45,905 - INFO - Maximum log composite likelihood: -44.27775684678545.
2023-04-12 14:43:45,905 - INFO - Optimal value of theta: 5533.884592084762.
2023-04-12 14:43:45,905 - INFO - Beginning optimization with guess, [0.1983778].
2023-04-12 14:43:45,954 - INFO - Finished optimization with guess, [0.1983778].
2023-04-12 14:43:45,954 - INFO - Best fit parameters: [0.1983778].
2023-04-12 14:43:45,979 - INFO - Maximum log composite likelihood: -44.27775684678545.
2023-04-12 14:43:45,979 - INFO - Optimal value of theta: 5533.884592084762.
2023-04-12 14:43:45,979 - INFO - Beginning optimization with guess, [0.27387811].
2023-04-12 14:43:46,028 - INFO - Finished optimization with guess, [0.27387811].
2023-04-12 14:43:46,028 - INFO - Best fit parameters: [0.27387811].
2023-04-12 14:43:46,053 - INFO - Maximum log composite likelihood: -44.27775684678545.
2023-04-12 14:43:46,053 - INFO - Optimal value of theta: 5533.884592084762.
2023-04-12 14:43:46,053 - INFO - Beginning optimization with guess, [0.53260834].
2023-04-12 14:43:46,102 - INFO - Finished optimization with guess, [0.53260834].
2023-04-12 14:43:46,102 - INFO - Best fit parameters: [0.53260834].
2023-04-12 14:43:46,127 - INFO - Maximum log composite likelihood: -44.27775684678545.
2023-04-12 14:43:46,127 - INFO - Optimal value of theta: 5533.884592084762.
2023-04-12 14:43:46,127 - INFO - Beginning optimization with guess, [0.30071294].
2023-04-12 14:43:46,176 - INFO - Finished optimization with guess, [0.30071294].
2023-04-12 14:43:46,176 - INFO - Best fit parameters: [0.30071294].
2023-04-12 14:43:46,200 - INFO - Maximum log composite likelihood: -44.27775684678545.
2023-04-12 14:43:46,201 - INFO - Optimal value of theta: 5533.884592084762.
2023-04-12 14:43:46,201 - INFO - Beginning optimization with guess, [1.07571694].
2023-04-12 14:43:46,250 - INFO - Finished optimization with guess, [1.07571694].
2023-04-12 14:43:46,250 - INFO - Best fit parameters: [1.07571694].
2023-04-12 14:43:46,275 - INFO - Maximum log composite likelihood: -44.27775684678545.
2023-04-12 14:43:46,275 - INFO - Optimal value of theta: 5533.884592084762.
2023-04-12 14:43:46,275 - INFO - Beginning optimization with guess, [0.43297444].
2023-04-12 14:43:46,324 - INFO - Finished optimization with guess, [0.43297444].
2023-04-12 14:43:46,324 - INFO - Best fit parameters: [0.43297444].
2023-04-12 14:43:46,348 - INFO - Maximum log composite likelihood: -44.27775684678545.
2023-04-12 14:43:46,349 - INFO - Optimal value of theta: 5533.884592084762.
2023-04-12 14:43:46,349 - INFO - Beginning optimization with guess, [1.16802497].
2023-04-12 14:43:46,398 - INFO - Finished optimization with guess, [1.16802497].
2023-04-12 14:43:46,398 - INFO - Best fit parameters: [1.16802497].
2023-04-12 14:43:46,422 - INFO - Maximum log composite likelihood: -44.27775684678545.
2023-04-12 14:43:46,423 - INFO - Optimal value of theta: 5533.884592084762.
2023-04-12 14:43:46,423 - INFO - Beginning optimization with guess, [1.29520858].
2023-04-12 14:43:46,472 - INFO - Finished optimization with guess, [1.29520858].
2023-04-12 14:43:46,472 - INFO - Best fit parameters: [1.29520858].
2023-04-12 14:43:46,496 - INFO - Maximum log composite likelihood: -44.27775684678545.
2023-04-12 14:43:46,496 - INFO - Optimal value of theta: 5533.884592084762.
2023-04-12 14:43:46,497 - INFO - Beginning optimization with guess, [0.52592647].
2023-04-12 14:43:46,546 - INFO - Finished optimization with guess, [0.52592647].
2023-04-12 14:43:46,546 - INFO - Best fit parameters: [0.52592647].
2023-04-12 14:43:46,570 - INFO - Maximum log composite likelihood: -44.27775684678545.
2023-04-12 14:43:46,570 - INFO - Optimal value of theta: 5533.884592084762.
2023-04-12 14:43:46,570 - INFO - Beginning optimization with guess, [0.97293834].
2023-04-12 14:43:46,619 - INFO - Finished optimization with guess, [0.97293834].
2023-04-12 14:43:46,620 - INFO - Best fit parameters: [0.97293834].
2023-04-12 14:43:46,644 - INFO - Maximum log composite likelihood: -44.27775684678545.
2023-04-12 14:43:46,644 - INFO - Optimal value of theta: 5533.884592084762.
2023-04-12 14:43:46,644 - INFO - Beginning optimization with guess, [2.50285625].
2023-04-12 14:43:46,696 - INFO - Finished optimization with guess, [2.50285625].
2023-04-12 14:43:46,696 - INFO - Best fit parameters: [2.50285625].
2023-04-12 14:43:46,720 - INFO - Maximum log composite likelihood: -44.27775684678545.
2023-04-12 14:43:46,720 - INFO - Optimal value of theta: 5533.884592084762.
2023-04-12 14:43:46,721 - INFO - Beginning optimization with guess, [0.91645583].
2023-04-12 14:43:46,770 - INFO - Finished optimization with guess, [0.91645583].
2023-04-12 14:43:46,770 - INFO - Best fit parameters: [0.91645583].
2023-04-12 14:43:46,794 - INFO - Maximum log composite likelihood: -44.27775684678545.
2023-04-12 14:43:46,795 - INFO - Optimal value of theta: 5533.884592084762.
2023-04-12 14:43:46,795 - INFO - Beginning optimization with guess, [3.34666749].
2023-04-12 14:43:46,844 - INFO - Finished optimization with guess, [3.34666749].
2023-04-12 14:43:46,844 - INFO - Best fit parameters: [3.34666749].
2023-04-12 14:43:46,868 - INFO - Maximum log composite likelihood: -44.27775684678545.
2023-04-12 14:43:46,869 - INFO - Optimal value of theta: 5533.884592084762.
2023-04-12 14:43:46,869 - INFO - Beginning optimization with guess, [3.07482676].
2023-04-12 14:43:46,918 - INFO - Finished optimization with guess, [3.07482676].
2023-04-12 14:43:46,918 - INFO - Best fit parameters: [3.07482676].
2023-04-12 14:43:46,942 - INFO - Maximum log composite likelihood: -44.27775684678545.
2023-04-12 14:43:46,943 - INFO - Optimal value of theta: 5533.884592084762.
2023-04-12 14:43:46,943 - INFO - Beginning optimization with guess, [3.52080013].
2023-04-12 14:43:46,992 - INFO - Finished optimization with guess, [3.52080013].
2023-04-12 14:43:46,992 - INFO - Best fit parameters: [3.52080013].
2023-04-12 14:43:47,016 - INFO - Maximum log composite likelihood: -44.27775684678545.
2023-04-12 14:43:47,017 - INFO - Optimal value of theta: 5533.884592084762.
2023-04-12 14:43:47,017 - INFO - Beginning optimization with guess, [1.39250349].
2023-04-12 14:43:47,067 - INFO - Finished optimization with guess, [1.39250349].
2023-04-12 14:43:47,067 - INFO - Best fit parameters: [1.39250349].
2023-04-12 14:43:47,091 - INFO - Maximum log composite likelihood: -44.27775684678545.
2023-04-12 14:43:47,092 - INFO - Optimal value of theta: 5533.884592084762.
2023-04-12 14:43:47,092 - INFO - Beginning optimization with guess, [1.53798924].
2023-04-12 14:43:47,141 - INFO - Finished optimization with guess, [1.53798924].
2023-04-12 14:43:47,141 - INFO - Best fit parameters: [1.53798924].
2023-04-12 14:43:47,165 - INFO - Maximum log composite likelihood: -44.27775684678545.
2023-04-12 14:43:47,166 - INFO - Optimal value of theta: 5533.884592084762.
2023-04-12 14:43:47,166 - INFO - Beginning optimization with guess, [1.81115685].
2023-04-12 14:43:47,215 - INFO - Finished optimization with guess, [1.81115685].
2023-04-12 14:43:47,215 - INFO - Best fit parameters: [1.81115685].
2023-04-12 14:43:47,239 - INFO - Maximum log composite likelihood: -44.27775684678545.
2023-04-12 14:43:47,239 - INFO - Optimal value of theta: 5533.884592084762.
2023-04-12 14:43:47,240 - INFO - Beginning optimization with guess, [3.8055377].
2023-04-12 14:43:47,289 - INFO - Finished optimization with guess, [3.8055377].
2023-04-12 14:43:47,289 - INFO - Best fit parameters: [3.8055377].
2023-04-12 14:43:47,313 - INFO - Maximum log composite likelihood: -44.27775684678545.
2023-04-12 14:43:47,313 - INFO - Optimal value of theta: 5533.884592084762.
2023-04-12 14:43:47,313 - INFO - Beginning optimization with guess, [2.40399514].
2023-04-12 14:43:47,362 - INFO - Finished optimization with guess, [2.40399514].
2023-04-12 14:43:47,362 - INFO - Best fit parameters: [2.40399514].
2023-04-12 14:43:47,387 - INFO - Maximum log composite likelihood: -44.27775684678545.
2023-04-12 14:43:47,387 - INFO - Optimal value of theta: 5533.884592084762.
2023-04-12 14:43:47,387 - INFO - Beginning optimization with guess, [2.77740158].
2023-04-12 14:43:47,436 - INFO - Finished optimization with guess, [2.77740158].
2023-04-12 14:43:47,436 - INFO - Best fit parameters: [2.77740158].
2023-04-12 14:43:47,461 - INFO - Maximum log composite likelihood: -44.27775684678545.
2023-04-12 14:43:47,462 - INFO - Optimal value of theta: 5533.884592084762.
2023-04-12 14:43:47,462 - INFO - Beginning optimization with guess, [9.75466687].
2023-04-12 14:43:47,512 - INFO - Finished optimization with guess, [9.75466687].
2023-04-12 14:43:47,512 - INFO - Best fit parameters: [9.75466687].
2023-04-12 14:43:47,537 - INFO - Maximum log composite likelihood: -44.27775684678545.
2023-04-12 14:43:47,537 - INFO - Optimal value of theta: 5533.884592084762.
2023-04-12 14:43:47,538 - INFO - Beginning optimization with guess, [3.57316672].
2023-04-12 14:43:47,588 - INFO - Finished optimization with guess, [3.57316672].
2023-04-12 14:43:47,588 - INFO - Best fit parameters: [3.57316672].
2023-04-12 14:43:47,614 - INFO - Maximum log composite likelihood: -44.27775684678545.
2023-04-12 14:43:47,614 - INFO - Optimal value of theta: 5533.884592084762.
2023-04-12 14:43:47,614 - INFO - Beginning optimization with guess, [5.88004298].
2023-04-12 14:43:47,664 - INFO - Finished optimization with guess, [5.88004298].
2023-04-12 14:43:47,664 - INFO - Best fit parameters: [5.88004298].
2023-04-12 14:43:47,689 - INFO - Maximum log composite likelihood: -44.27775684678545.
2023-04-12 14:43:47,689 - INFO - Optimal value of theta: 5533.884592084762.
2023-04-12 14:43:47,691 - INFO - Finished demographic inference.
2023-04-12 14:43:47,691 - INFO - Pipeline executed succesfully.
