2023-08-28 17:39:33,514 - INFO - Beginning execution of evaluate_demography.py in directory /u/project/ngarud/jonmah/demo_for_ccgb/Scripts

2023-08-28 17:39:33,514 - INFO - Progress is being logged to ../Analysis/Bacteroides_vulgatus_57955_downsampled_14/core_evaluate_demography.log

2023-08-28 17:39:33,514 - INFO - Parsed the following arguments:
	syn_input_sfs = ../Analysis/Bacteroides_vulgatus_57955_downsampled_14/core_empirical_syn_downsampled_sfs.txt
	model_type = three_epoch
	params_list = [16.7731718, 23.6408409, 0.00429542044, 0.00891774682]
	mask_singletons = False
	mask_doubletons = False
	outprefix = ../Analysis/Bacteroides_vulgatus_57955_downsampled_14/core

2023-08-28 17:39:33,516 - INFO - Beginning demographic evaluation for three-epoch demographic model.
2023-08-28 17:39:33,518 - INFO - Beginning optimization with guess, [16.7731718, 23.6408409, 0.00429542044, 0.00891774682].
2023-08-28 17:39:33,518 - INFO - Finished optimization with guess, [16.7731718, 23.6408409, 0.00429542044, 0.00891774682].
2023-08-28 17:39:33,518 - INFO - Best fit parameters: [16.7731718, 23.6408409, 0.00429542044, 0.00891774682].
2023-08-28 17:39:33,563 - INFO - Maximum log composite likelihood: -32.946305660963844.
2023-08-28 17:39:33,564 - INFO - Outputting residual between model and data.
2023-08-28 17:39:34,246 - INFO - Optimal value of theta: 2794.16169667666.
2023-08-28 17:39:34,247 - INFO - Synonymous input SFS: [-- 3255.5564403580133 1599.2310482511223 1151.8532283145776 971.343171226223 889.6790419093422 847.1675331857531 416.2914671572915 -- -- -- -- -- -- --].
2023-08-28 17:39:34,247 - INFO - Scaled spectrum: [-- 3253.684806530762 1630.650847664595 1185.405400994992 977.9565123539548 869.2946723067648 814.9637639262828 399.1659266249712 -- -- -- -- -- -- --].
2023-08-28 17:39:34,248 - INFO - Converting and interpreting Tau estimates.
2023-08-28 17:39:34,249 - INFO - Finished demographic evaluation.
2023-08-28 17:39:34,249 - INFO - Pipeline executed succesfully.
