2023-07-20 16:56:49,759 - INFO - Beginning execution of fit_one_epoch.py in directory /u/project/ngarud/jonmah/demo_for_ccgb/Scripts

2023-07-20 16:56:49,760 - INFO - Progress is being logged to ../Analysis/Bacteroides_stercoris_56735_downsampled_14/accessory_log.log

2023-07-20 16:56:49,760 - INFO - Parsed the following arguments:
	syn_input_sfs = ../Analysis/Bacteroides_stercoris_56735_downsampled_14/accessory_empirical_syn_downsampled_sfs.txt
	mask_singletons = False
	mask_doubletons = False
	outprefix = ../Analysis/Bacteroides_stercoris_56735_downsampled_14/accessory

2023-07-20 16:56:49,762 - INFO - Beginning demographic inference for one-epoch demographic model.
2023-07-20 16:56:49,764 - INFO - Beginning optimization with guess, [0.06025939].
2023-07-20 16:56:50,570 - INFO - Finished optimization with guess, [0.06025939].
2023-07-20 16:56:50,571 - INFO - Best fit parameters: [0.06025939].
2023-07-20 16:56:50,594 - INFO - Maximum log composite likelihood: -44.225223977409314.
2023-07-20 16:56:50,594 - INFO - Optimal value of theta: 787.1530385652452.
2023-07-20 16:56:50,594 - INFO - Beginning optimization with guess, [0.34121127].
2023-07-20 16:56:51,333 - INFO - Finished optimization with guess, [0.34121127].
2023-07-20 16:56:51,334 - INFO - Best fit parameters: [0.34121127].
2023-07-20 16:56:51,357 - INFO - Maximum log composite likelihood: -44.225223977409314.
2023-07-20 16:56:51,357 - INFO - Optimal value of theta: 787.1530385652452.
2023-07-20 16:56:51,357 - INFO - Beginning optimization with guess, [0.22957923].
2023-07-20 16:56:52,101 - INFO - Finished optimization with guess, [0.22957923].
2023-07-20 16:56:52,101 - INFO - Best fit parameters: [0.22957923].
2023-07-20 16:56:52,124 - INFO - Maximum log composite likelihood: -44.225223977409314.
2023-07-20 16:56:52,125 - INFO - Optimal value of theta: 787.1530385652452.
2023-07-20 16:56:52,125 - INFO - Beginning optimization with guess, [0.54871797].
2023-07-20 16:56:52,799 - INFO - Finished optimization with guess, [0.54871797].
2023-07-20 16:56:52,800 - INFO - Best fit parameters: [0.54871797].
2023-07-20 16:56:52,823 - INFO - Maximum log composite likelihood: -44.225223977409314.
2023-07-20 16:56:52,823 - INFO - Optimal value of theta: 787.1530385652452.
2023-07-20 16:56:52,823 - INFO - Beginning optimization with guess, [0.32220876].
2023-07-20 16:56:53,565 - INFO - Finished optimization with guess, [0.32220876].
2023-07-20 16:56:53,565 - INFO - Best fit parameters: [0.32220876].
2023-07-20 16:56:53,588 - INFO - Maximum log composite likelihood: -44.225223977409314.
2023-07-20 16:56:53,589 - INFO - Optimal value of theta: 787.1530385652452.
2023-07-20 16:56:53,589 - INFO - Beginning optimization with guess, [0.70209394].
2023-07-20 16:56:54,194 - INFO - Finished optimization with guess, [0.70209394].
2023-07-20 16:56:54,194 - INFO - Best fit parameters: [0.70209394].
2023-07-20 16:56:54,217 - INFO - Maximum log composite likelihood: -44.225223977409314.
2023-07-20 16:56:54,217 - INFO - Optimal value of theta: 787.1530385652452.
2023-07-20 16:56:54,217 - INFO - Beginning optimization with guess, [0.63337502].
2023-07-20 16:56:54,822 - INFO - Finished optimization with guess, [0.63337502].
2023-07-20 16:56:54,822 - INFO - Best fit parameters: [0.63337502].
2023-07-20 16:56:54,845 - INFO - Maximum log composite likelihood: -44.225223977409314.
2023-07-20 16:56:54,846 - INFO - Optimal value of theta: 787.1530385652452.
2023-07-20 16:56:54,846 - INFO - Beginning optimization with guess, [0.75094236].
2023-07-20 16:56:55,453 - INFO - Finished optimization with guess, [0.75094236].
2023-07-20 16:56:55,453 - INFO - Best fit parameters: [0.75094236].
2023-07-20 16:56:55,476 - INFO - Maximum log composite likelihood: -44.225223977409314.
2023-07-20 16:56:55,476 - INFO - Optimal value of theta: 787.1530385652452.
2023-07-20 16:56:55,476 - INFO - Beginning optimization with guess, [1.72286072].
2023-07-20 16:56:56,146 - INFO - Finished optimization with guess, [1.72286072].
2023-07-20 16:56:56,146 - INFO - Best fit parameters: [1.72286072].
2023-07-20 16:56:56,169 - INFO - Maximum log composite likelihood: -44.225223977409314.
2023-07-20 16:56:56,169 - INFO - Optimal value of theta: 787.1530385652452.
2023-07-20 16:56:56,169 - INFO - Beginning optimization with guess, [0.66307998].
2023-07-20 16:56:56,765 - INFO - Finished optimization with guess, [0.66307998].
2023-07-20 16:56:56,765 - INFO - Best fit parameters: [0.66307998].
2023-07-20 16:56:56,789 - INFO - Maximum log composite likelihood: -44.225223977409314.
2023-07-20 16:56:56,789 - INFO - Optimal value of theta: 787.1530385652452.
2023-07-20 16:56:56,789 - INFO - Beginning optimization with guess, [1.02303295].
2023-07-20 16:56:57,111 - INFO - Finished optimization with guess, [1.02303295].
2023-07-20 16:56:57,111 - INFO - Best fit parameters: [1.02303295].
2023-07-20 16:56:57,134 - INFO - Maximum log composite likelihood: -44.225223977409314.
2023-07-20 16:56:57,134 - INFO - Optimal value of theta: 787.1530385652452.
2023-07-20 16:56:57,134 - INFO - Beginning optimization with guess, [2.77166062].
2023-07-20 16:56:57,803 - INFO - Finished optimization with guess, [2.77166062].
2023-07-20 16:56:57,804 - INFO - Best fit parameters: [2.77166062].
2023-07-20 16:56:57,827 - INFO - Maximum log composite likelihood: -44.225223977409314.
2023-07-20 16:56:57,827 - INFO - Optimal value of theta: 787.1530385652452.
2023-07-20 16:56:57,827 - INFO - Beginning optimization with guess, [1.47350016].
2023-07-20 16:56:58,429 - INFO - Finished optimization with guess, [1.47350016].
2023-07-20 16:56:58,429 - INFO - Best fit parameters: [1.47350016].
2023-07-20 16:56:58,452 - INFO - Maximum log composite likelihood: -44.225223977409314.
2023-07-20 16:56:58,453 - INFO - Optimal value of theta: 787.1530385652452.
2023-07-20 16:56:58,453 - INFO - Beginning optimization with guess, [2.0133725].
2023-07-20 16:56:59,125 - INFO - Finished optimization with guess, [2.0133725].
2023-07-20 16:56:59,125 - INFO - Best fit parameters: [2.0133725].
2023-07-20 16:56:59,148 - INFO - Maximum log composite likelihood: -44.225223977409314.
2023-07-20 16:56:59,148 - INFO - Optimal value of theta: 787.1530385652452.
2023-07-20 16:56:59,148 - INFO - Beginning optimization with guess, [2.03808588].
2023-07-20 16:56:59,822 - INFO - Finished optimization with guess, [2.03808588].
2023-07-20 16:56:59,823 - INFO - Best fit parameters: [2.03808588].
2023-07-20 16:56:59,846 - INFO - Maximum log composite likelihood: -44.225223977409314.
2023-07-20 16:56:59,847 - INFO - Optimal value of theta: 787.1530385652452.
2023-07-20 16:56:59,847 - INFO - Beginning optimization with guess, [1.40451122].
2023-07-20 16:57:00,461 - INFO - Finished optimization with guess, [1.40451122].
2023-07-20 16:57:00,461 - INFO - Best fit parameters: [1.40451122].
2023-07-20 16:57:00,485 - INFO - Maximum log composite likelihood: -44.225223977409314.
2023-07-20 16:57:00,485 - INFO - Optimal value of theta: 787.1530385652452.
2023-07-20 16:57:00,485 - INFO - Beginning optimization with guess, [5.19425776].
2023-07-20 16:57:01,244 - INFO - Finished optimization with guess, [5.19425776].
2023-07-20 16:57:01,244 - INFO - Best fit parameters: [5.19425776].
2023-07-20 16:57:01,268 - INFO - Maximum log composite likelihood: -44.225223977409314.
2023-07-20 16:57:01,268 - INFO - Optimal value of theta: 787.1530385652452.
2023-07-20 16:57:01,269 - INFO - Beginning optimization with guess, [1.6505629].
2023-07-20 16:57:01,882 - INFO - Finished optimization with guess, [1.6505629].
2023-07-20 16:57:01,883 - INFO - Best fit parameters: [1.6505629].
2023-07-20 16:57:01,906 - INFO - Maximum log composite likelihood: -44.225223977409314.
2023-07-20 16:57:01,907 - INFO - Optimal value of theta: 787.1530385652452.
2023-07-20 16:57:01,907 - INFO - Beginning optimization with guess, [2.38436879].
2023-07-20 16:57:02,594 - INFO - Finished optimization with guess, [2.38436879].
2023-07-20 16:57:02,594 - INFO - Best fit parameters: [2.38436879].
2023-07-20 16:57:02,618 - INFO - Maximum log composite likelihood: -44.225223977409314.
2023-07-20 16:57:02,618 - INFO - Optimal value of theta: 787.1530385652452.
2023-07-20 16:57:02,619 - INFO - Beginning optimization with guess, [5.28696876].
2023-07-20 16:57:03,375 - INFO - Finished optimization with guess, [5.28696876].
2023-07-20 16:57:03,376 - INFO - Best fit parameters: [5.28696876].
2023-07-20 16:57:03,400 - INFO - Maximum log composite likelihood: -44.225223977409314.
2023-07-20 16:57:03,400 - INFO - Optimal value of theta: 787.1530385652452.
2023-07-20 16:57:03,400 - INFO - Beginning optimization with guess, [2.95405903].
2023-07-20 16:57:04,158 - INFO - Finished optimization with guess, [2.95405903].
2023-07-20 16:57:04,158 - INFO - Best fit parameters: [2.95405903].
2023-07-20 16:57:04,182 - INFO - Maximum log composite likelihood: -44.225223977409314.
2023-07-20 16:57:04,182 - INFO - Optimal value of theta: 787.1530385652452.
2023-07-20 16:57:04,182 - INFO - Beginning optimization with guess, [3.92113367].
2023-07-20 16:57:04,940 - INFO - Finished optimization with guess, [3.92113367].
2023-07-20 16:57:04,940 - INFO - Best fit parameters: [3.92113367].
2023-07-20 16:57:04,963 - INFO - Maximum log composite likelihood: -44.225223977409314.
2023-07-20 16:57:04,964 - INFO - Optimal value of theta: 787.1530385652452.
2023-07-20 16:57:04,964 - INFO - Beginning optimization with guess, [9.58955098].
2023-07-20 16:57:05,791 - INFO - Finished optimization with guess, [9.58955098].
2023-07-20 16:57:05,791 - INFO - Best fit parameters: [9.58955098].
2023-07-20 16:57:05,815 - INFO - Maximum log composite likelihood: -44.225223977409314.
2023-07-20 16:57:05,815 - INFO - Optimal value of theta: 787.1530385652452.
2023-07-20 16:57:05,816 - INFO - Beginning optimization with guess, [4.1168087].
2023-07-20 16:57:06,570 - INFO - Finished optimization with guess, [4.1168087].
2023-07-20 16:57:06,570 - INFO - Best fit parameters: [4.1168087].
2023-07-20 16:57:06,593 - INFO - Maximum log composite likelihood: -44.225223977409314.
2023-07-20 16:57:06,593 - INFO - Optimal value of theta: 787.1530385652452.
2023-07-20 16:57:06,595 - INFO - Beginning demographic inference for two-epoch demographic model.
2023-07-20 16:57:06,598 - INFO - Beginning optimization with guess, [0.06659054 0.00849766].
2023-07-20 16:57:07,698 - INFO - Finished optimization with guess, [0.06659054 0.00849766].
2023-07-20 16:57:07,698 - INFO - Best fit parameters: [0.01003783 0.0004607 ].
2023-07-20 16:57:07,722 - INFO - Maximum log composite likelihood: -28.244207436787462.
2023-07-20 16:57:07,722 - INFO - Optimal value of theta: 861.968921952769.
2023-07-20 16:57:07,723 - INFO - Beginning optimization with guess, [0.37224294 0.01895431].
2023-07-20 16:57:08,898 - INFO - Finished optimization with guess, [0.37224294 0.01895431].
2023-07-20 16:57:08,899 - INFO - Best fit parameters: [0.00436207 0.00020033].
2023-07-20 16:57:08,924 - INFO - Maximum log composite likelihood: -28.23940847917021.
2023-07-20 16:57:08,924 - INFO - Optimal value of theta: 862.4833822347769.
2023-07-20 16:57:08,924 - INFO - Beginning optimization with guess, [0.1698091  0.01976003].
2023-07-20 16:57:10,015 - INFO - Finished optimization with guess, [0.1698091  0.01976003].
2023-07-20 16:57:10,015 - INFO - Best fit parameters: [0.00910464 0.00040773].
2023-07-20 16:57:10,039 - INFO - Maximum log composite likelihood: -28.243994654873006.
2023-07-20 16:57:10,039 - INFO - Optimal value of theta: 860.2809639017161.
2023-07-20 16:57:10,039 - INFO - Beginning optimization with guess, [0.23845198 0.00759272].
2023-07-20 16:57:11,162 - INFO - Finished optimization with guess, [0.23845198 0.00759272].
2023-07-20 16:57:11,162 - INFO - Best fit parameters: [0.02152781 0.00100691].
2023-07-20 16:57:11,186 - INFO - Maximum log composite likelihood: -28.26121223207076.
2023-07-20 16:57:11,186 - INFO - Optimal value of theta: 862.3770822068758.
2023-07-20 16:57:11,186 - INFO - Beginning optimization with guess, [0.32156818 0.01274368].
2023-07-20 16:57:12,362 - INFO - Finished optimization with guess, [0.32156818 0.01274368].
2023-07-20 16:57:12,362 - INFO - Best fit parameters: [0.01410505 0.00063954].
2023-07-20 16:57:12,386 - INFO - Maximum log composite likelihood: -28.248789671677173.
2023-07-20 16:57:12,386 - INFO - Optimal value of theta: 860.7592107372526.
2023-07-20 16:57:12,386 - INFO - Beginning optimization with guess, [0.53989437 0.01052498].
2023-07-20 16:57:13,565 - INFO - Finished optimization with guess, [0.53989437 0.01052498].
2023-07-20 16:57:13,566 - INFO - Best fit parameters: [0.22384018 0.01362597].
2023-07-20 16:57:13,591 - INFO - Maximum log composite likelihood: -28.642924558547634.
2023-07-20 16:57:13,591 - INFO - Optimal value of theta: 862.1362857624107.
2023-07-20 16:57:13,591 - INFO - Beginning optimization with guess, [0.9217055  0.01706164].
2023-07-20 16:57:14,966 - INFO - Finished optimization with guess, [0.9217055  0.01706164].
2023-07-20 16:57:14,967 - INFO - Best fit parameters: [0.83378029 0.17280608].
2023-07-20 16:57:14,993 - INFO - Maximum log composite likelihood: -36.59603705139875.
2023-07-20 16:57:14,993 - INFO - Optimal value of theta: 826.8429003361936.
2023-07-20 16:57:14,993 - INFO - Beginning optimization with guess, [1.31005457 0.00931449].
2023-07-20 16:57:16,354 - INFO - Finished optimization with guess, [1.31005457 0.00931449].
2023-07-20 16:57:16,354 - INFO - Best fit parameters: [0.52857912 0.08012396].
2023-07-20 16:57:16,381 - INFO - Maximum log composite likelihood: -30.673718038107722.
2023-07-20 16:57:16,381 - INFO - Optimal value of theta: 883.6049166072931.
2023-07-20 16:57:16,381 - INFO - Beginning optimization with guess, [1.08076302 0.00687353].
2023-07-20 16:57:20,578 - INFO - Finished optimization with guess, [1.08076302 0.00687353].
2023-07-20 16:57:20,579 - INFO - Best fit parameters: [0.91729411 0.10733888].
2023-07-20 16:57:20,606 - INFO - Maximum log composite likelihood: -40.56775935291887.
2023-07-20 16:57:20,606 - INFO - Optimal value of theta: 799.7666328891268.
2023-07-20 16:57:20,606 - INFO - Beginning optimization with guess, [1.7734713 0.0132674].
2023-07-20 16:57:21,924 - INFO - Finished optimization with guess, [1.7734713 0.0132674].
2023-07-20 16:57:21,924 - INFO - Best fit parameters: [0.39195081 0.03299882].
2023-07-20 16:57:21,950 - INFO - Maximum log composite likelihood: -29.261264702172866.
2023-07-20 16:57:21,950 - INFO - Optimal value of theta: 864.3572579267461.
2023-07-20 16:57:21,950 - INFO - Beginning optimization with guess, [1.09747783 0.00619423].
2023-07-20 16:57:26,518 - INFO - Finished optimization with guess, [1.09747783 0.00619423].
2023-07-20 16:57:26,520 - INFO - Best fit parameters: [0.90177908 0.10244829].
2023-07-20 16:57:26,546 - INFO - Maximum log composite likelihood: -39.971513803816606.
2023-07-20 16:57:26,546 - INFO - Optimal value of theta: 801.8329328621309.
2023-07-20 16:57:26,547 - INFO - Beginning optimization with guess, [1.24852717 0.00522297].
2023-07-20 16:57:31,800 - INFO - Finished optimization with guess, [1.24852717 0.00522297].
2023-07-20 16:57:31,801 - INFO - Best fit parameters: [0.78136458 0.09490978].
2023-07-20 16:57:31,828 - INFO - Maximum log composite likelihood: -35.440648663633624.
2023-07-20 16:57:31,828 - INFO - Optimal value of theta: 822.4381503677396.
2023-07-20 16:57:31,828 - INFO - Beginning optimization with guess, [3.13551438 0.01246314].
2023-07-20 16:57:33,061 - INFO - Finished optimization with guess, [3.13551438 0.01246314].
2023-07-20 16:57:33,062 - INFO - Best fit parameters: [0.16717313 0.0101444 ].
2023-07-20 16:57:33,087 - INFO - Maximum log composite likelihood: -28.57220160432496.
2023-07-20 16:57:33,087 - INFO - Optimal value of theta: 867.9325750729829.
2023-07-20 16:57:33,087 - INFO - Beginning optimization with guess, [3.61821953 0.0101669 ].
2023-07-20 16:57:34,308 - INFO - Finished optimization with guess, [3.61821953 0.0101669 ].
2023-07-20 16:57:34,308 - INFO - Best fit parameters: [0.20699164 0.01227502].
2023-07-20 16:57:34,333 - INFO - Maximum log composite likelihood: -28.600272235368266.
2023-07-20 16:57:34,333 - INFO - Optimal value of theta: 862.0609839901274.
2023-07-20 16:57:34,334 - INFO - Beginning optimization with guess, [4.23744668 0.01237667].
2023-07-20 16:57:35,510 - INFO - Finished optimization with guess, [4.23744668 0.01237667].
2023-07-20 16:57:35,511 - INFO - Best fit parameters: [0.45670017 0.04460274].
2023-07-20 16:57:35,536 - INFO - Maximum log composite likelihood: -29.640559143314988.
2023-07-20 16:57:35,536 - INFO - Optimal value of theta: 864.9486683688816.
2023-07-20 16:57:35,536 - INFO - Beginning optimization with guess, [2.32896329 0.01554185].
2023-07-20 16:57:36,762 - INFO - Finished optimization with guess, [2.32896329 0.01554185].
2023-07-20 16:57:36,763 - INFO - Best fit parameters: [0.30806912 0.02458635].
2023-07-20 16:57:36,788 - INFO - Maximum log composite likelihood: -29.034468014558684.
2023-07-20 16:57:36,788 - INFO - Optimal value of theta: 871.9890471982508.
2023-07-20 16:57:36,789 - INFO - Beginning optimization with guess, [3.19473394 0.00639435].
2023-07-20 16:57:38,040 - INFO - Finished optimization with guess, [3.19473394 0.00639435].
2023-07-20 16:57:38,040 - INFO - Best fit parameters: [0.25347866 0.01657493].
2023-07-20 16:57:38,065 - INFO - Maximum log composite likelihood: -28.727140437295304.
2023-07-20 16:57:38,066 - INFO - Optimal value of theta: 863.9603985982617.
2023-07-20 16:57:38,066 - INFO - Beginning optimization with guess, [4.55678166 0.00785687].
2023-07-20 16:57:39,304 - INFO - Finished optimization with guess, [4.55678166 0.00785687].
2023-07-20 16:57:39,304 - INFO - Best fit parameters: [0.22639431 0.01476556].
2023-07-20 16:57:39,329 - INFO - Maximum log composite likelihood: -28.68306366494403.
2023-07-20 16:57:39,329 - INFO - Optimal value of theta: 866.8365164206516.
2023-07-20 16:57:39,330 - INFO - Beginning optimization with guess, [6.33427461 0.01237953].
2023-07-20 16:57:40,492 - INFO - Finished optimization with guess, [6.33427461 0.01237953].
2023-07-20 16:57:40,493 - INFO - Best fit parameters: [1.21413817e-03 5.48707952e-05].
2023-07-20 16:57:40,518 - INFO - Maximum log composite likelihood: -28.232095033891028.
2023-07-20 16:57:40,518 - INFO - Optimal value of theta: 861.576038145678.
2023-07-20 16:57:40,518 - INFO - Beginning optimization with guess, [5.2018438  0.01991765].
2023-07-20 16:57:41,703 - INFO - Finished optimization with guess, [5.2018438  0.01991765].
2023-07-20 16:57:41,703 - INFO - Best fit parameters: [0.02832521 0.00151415].
2023-07-20 16:57:41,727 - INFO - Maximum log composite likelihood: -28.511392887880106.
2023-07-20 16:57:41,728 - INFO - Optimal value of theta: 872.055923778849.
2023-07-20 16:57:41,728 - INFO - Beginning optimization with guess, [2.72330292 0.00564125].
2023-07-20 16:57:44,043 - INFO - Finished optimization with guess, [2.72330292 0.00564125].
2023-07-20 16:57:44,044 - INFO - Best fit parameters: [0.15713656 0.00752446].
2023-07-20 16:57:44,068 - INFO - Maximum log composite likelihood: -28.678299417592598.
2023-07-20 16:57:44,068 - INFO - Optimal value of theta: 852.5434337261222.
2023-07-20 16:57:44,068 - INFO - Beginning optimization with guess, [5.78644246e+00 5.45830926e-03].
2023-07-20 16:57:45,271 - INFO - Finished optimization with guess, [5.78644246e+00 5.45830926e-03].
2023-07-20 16:57:45,271 - INFO - Best fit parameters: [0.17916054 0.01075603].
2023-07-20 16:57:45,295 - INFO - Maximum log composite likelihood: -28.560162076333143.
2023-07-20 16:57:45,295 - INFO - Optimal value of theta: 865.8495176750283.
2023-07-20 16:57:45,295 - INFO - Beginning optimization with guess, [3.47374605 0.00541482].
2023-07-20 16:57:46,454 - INFO - Finished optimization with guess, [3.47374605 0.00541482].
2023-07-20 16:57:46,455 - INFO - Best fit parameters: [0.33038611 0.02005861].
2023-07-20 16:57:46,480 - INFO - Maximum log composite likelihood: -29.25534133652053.
2023-07-20 16:57:46,480 - INFO - Optimal value of theta: 850.8512269890061.
2023-07-20 16:57:46,480 - INFO - Beginning optimization with guess, [8.6059293  0.00861811].
2023-07-20 16:57:47,581 - INFO - Finished optimization with guess, [8.6059293  0.00861811].
2023-07-20 16:57:47,582 - INFO - Best fit parameters: [7.91101912e-05 3.61904109e-06].
2023-07-20 16:57:47,606 - INFO - Maximum log composite likelihood: -28.23453691090691.
2023-07-20 16:57:47,606 - INFO - Optimal value of theta: 862.5544645162978.
2023-07-20 16:57:47,608 - INFO - Beginning demographic inference for three-epoch demographic model.
2023-07-20 16:57:47,611 - INFO - Beginning optimization with guess, [0.00836298 0.00521702 0.01786084 0.01139072].
2023-07-20 16:57:54,220 - INFO - Finished optimization with guess, [0.00836298 0.00521702 0.01786084 0.01139072].
2023-07-20 16:57:54,221 - INFO - Best fit parameters: [0.00641982 0.00408755 0.01790669 0.01630705].
2023-07-20 16:57:54,356 - INFO - Maximum log composite likelihood: -34.69504708106945.
2023-07-20 16:57:54,356 - INFO - Optimal value of theta: 155566.56859139286.
2023-07-20 16:57:54,356 - INFO - Beginning optimization with guess, [0.01229031 0.01399825 0.01381744 0.01231432].
2023-07-20 16:57:59,756 - INFO - Finished optimization with guess, [0.01229031 0.01399825 0.01381744 0.01231432].
2023-07-20 16:57:59,756 - INFO - Best fit parameters: [0.00780661 0.00749031 0.03125545 0.01664456].
2023-07-20 16:57:59,882 - INFO - Maximum log composite likelihood: -34.7176905862803.
2023-07-20 16:57:59,882 - INFO - Optimal value of theta: 86096.01144402962.
2023-07-20 16:57:59,882 - INFO - Beginning optimization with guess, [0.03236705 0.03605667 0.01466591 0.01484525].
2023-07-20 16:58:01,179 - INFO - Finished optimization with guess, [0.03236705 0.03605667 0.01466591 0.01484525].
2023-07-20 16:58:01,179 - INFO - Best fit parameters: [4.95195091e-03 4.56286299e+01 2.57490578e-04 4.16481317e-03].
2023-07-20 16:58:01,203 - INFO - Maximum log composite likelihood: -28.59395151826203.
2023-07-20 16:58:01,203 - INFO - Optimal value of theta: 863.3944297026572.
2023-07-20 16:58:01,204 - INFO - Beginning optimization with guess, [0.04383129 0.07585359 0.01342071 0.01175572].
2023-07-20 16:58:02,386 - INFO - Finished optimization with guess, [0.04383129 0.07585359 0.01342071 0.01175572].
2023-07-20 16:58:02,386 - INFO - Best fit parameters: [0.25426391 0.1238682  0.00341546 0.00502219].
2023-07-20 16:58:02,411 - INFO - Maximum log composite likelihood: -28.432848952605923.
2023-07-20 16:58:02,411 - INFO - Optimal value of theta: 860.8378837940052.
2023-07-20 16:58:02,411 - INFO - Beginning optimization with guess, [0.02577699 0.03595447 0.0123312  0.00823406].
2023-07-20 16:58:03,609 - INFO - Finished optimization with guess, [0.02577699 0.03595447 0.0123312  0.00823406].
2023-07-20 16:58:03,609 - INFO - Best fit parameters: [0.06454531 0.16364161 0.00176792 0.00445748].
2023-07-20 16:58:03,633 - INFO - Maximum log composite likelihood: -28.47759779941856.
2023-07-20 16:58:03,633 - INFO - Optimal value of theta: 865.0954481569153.
2023-07-20 16:58:03,633 - INFO - Beginning optimization with guess, [0.34673379 0.43717886 0.00564364 0.00977962].
2023-07-20 16:58:04,757 - INFO - Finished optimization with guess, [0.34673379 0.43717886 0.00564364 0.00977962].
2023-07-20 16:58:04,757 - INFO - Best fit parameters: [0.35808428 0.3657862  0.00652032 0.02238298].
2023-07-20 16:58:04,782 - INFO - Maximum log composite likelihood: -29.133030396861272.
2023-07-20 16:58:04,782 - INFO - Optimal value of theta: 864.077117398298.
2023-07-20 16:58:04,783 - INFO - Beginning optimization with guess, [0.75942106 0.73184109 0.01003964 0.01932879].
2023-07-20 16:58:05,886 - INFO - Finished optimization with guess, [0.75942106 0.73184109 0.01003964 0.01932879].
2023-07-20 16:58:05,886 - INFO - Best fit parameters: [0.72399952 0.60450308 0.03022011 0.04933555].
2023-07-20 16:58:05,912 - INFO - Maximum log composite likelihood: -31.3216196850571.
2023-07-20 16:58:05,912 - INFO - Optimal value of theta: 848.1495889143016.
2023-07-20 16:58:05,912 - INFO - Beginning optimization with guess, [0.85615269 0.81697451 0.00602037 0.00670949].
2023-07-20 16:58:07,116 - INFO - Finished optimization with guess, [0.85615269 0.81697451 0.00602037 0.00670949].
2023-07-20 16:58:07,116 - INFO - Best fit parameters: [0.86704003 0.70911206 0.00616321 0.16630375].
2023-07-20 16:58:07,144 - INFO - Maximum log composite likelihood: -33.07662769266739.
2023-07-20 16:58:07,144 - INFO - Optimal value of theta: 867.0111307185297.
2023-07-20 16:58:07,144 - INFO - Beginning optimization with guess, [0.58915232 0.82030924 0.01986649 0.01295259].
2023-07-20 16:58:08,360 - INFO - Finished optimization with guess, [0.58915232 0.82030924 0.01986649 0.01295259].
2023-07-20 16:58:08,361 - INFO - Best fit parameters: [3.70939778e-01 1.01556990e+00 2.56298090e-02 1.25248765e-04].
2023-07-20 16:58:08,386 - INFO - Maximum log composite likelihood: -29.31132207080657.
2023-07-20 16:58:08,386 - INFO - Optimal value of theta: 854.1311148513546.
2023-07-20 16:58:08,386 - INFO - Beginning optimization with guess, [0.55196446 0.70410743 0.00896969 0.01185605].
2023-07-20 16:58:09,573 - INFO - Finished optimization with guess, [0.55196446 0.70410743 0.00896969 0.01185605].
2023-07-20 16:58:09,573 - INFO - Best fit parameters: [0.48985556 0.69234573 0.04775    0.00915668].
2023-07-20 16:58:09,599 - INFO - Maximum log composite likelihood: -30.446353101048317.
2023-07-20 16:58:09,599 - INFO - Optimal value of theta: 862.7341653731869.
2023-07-20 16:58:09,599 - INFO - Beginning optimization with guess, [0.77317358 0.8445726  0.00551568 0.00722909].
2023-07-20 16:58:10,813 - INFO - Finished optimization with guess, [0.77317358 0.8445726  0.00551568 0.00722909].
2023-07-20 16:58:10,813 - INFO - Best fit parameters: [0.70080948 0.82797032 0.14611936 0.0059257 ].
2023-07-20 16:58:10,840 - INFO - Maximum log composite likelihood: -33.19350893862122.
2023-07-20 16:58:10,840 - INFO - Optimal value of theta: 861.9968424937466.
2023-07-20 16:58:10,841 - INFO - Beginning optimization with guess, [1.56579722 2.14697845 0.01921754 0.01035312].
2023-07-20 16:58:11,928 - INFO - Finished optimization with guess, [1.56579722 2.14697845 0.01921754 0.01035312].
2023-07-20 16:58:11,928 - INFO - Best fit parameters: [6.77371745e-01 1.07752431e+00 1.49119074e-04 5.42823242e-05].
2023-07-20 16:58:11,952 - INFO - Maximum log composite likelihood: -44.16671817017573.
2023-07-20 16:58:11,952 - INFO - Optimal value of theta: 787.2690877776491.
2023-07-20 16:58:11,952 - INFO - Beginning optimization with guess, [1.61630092 1.82724903 0.01363209 0.00850616].
2023-07-20 16:58:13,041 - INFO - Finished optimization with guess, [1.61630092 1.82724903 0.01363209 0.00850616].
2023-07-20 16:58:13,042 - INFO - Best fit parameters: [7.70228219e-01 1.53724059e+00 3.97129143e-03 1.18380072e-05].
2023-07-20 16:58:13,066 - INFO - Maximum log composite likelihood: -43.26882186508226.
2023-07-20 16:58:13,066 - INFO - Optimal value of theta: 789.1492222530429.
2023-07-20 16:58:13,066 - INFO - Beginning optimization with guess, [3.38852735 2.62432063 0.01640786 0.01005188].
2023-07-20 16:58:14,151 - INFO - Finished optimization with guess, [3.38852735 2.62432063 0.01640786 0.01005188].
2023-07-20 16:58:14,151 - INFO - Best fit parameters: [2.25680979e+00 6.50851771e-01 1.38703007e-04 4.45271214e-04].
2023-07-20 16:58:14,175 - INFO - Maximum log composite likelihood: -44.08525829724164.
2023-07-20 16:58:14,175 - INFO - Optimal value of theta: 787.4319985367205.
2023-07-20 16:58:14,175 - INFO - Beginning optimization with guess, [1.31329983 2.69504487 0.00552869 0.00526748].
2023-07-20 16:58:15,260 - INFO - Finished optimization with guess, [1.31329983 2.69504487 0.00552869 0.00526748].
2023-07-20 16:58:15,260 - INFO - Best fit parameters: [9.02416213e-01 2.18478958e+00 1.92563838e-04 1.57286127e-05].
2023-07-20 16:58:15,284 - INFO - Maximum log composite likelihood: -44.21471767971468.
2023-07-20 16:58:15,284 - INFO - Optimal value of theta: 787.1738831633954.
2023-07-20 16:58:15,285 - INFO - Beginning optimization with guess, [4.16789728 1.83923512 0.0090444  0.0119032 ].
2023-07-20 16:58:16,394 - INFO - Finished optimization with guess, [4.16789728 1.83923512 0.0090444  0.0119032 ].
2023-07-20 16:58:16,394 - INFO - Best fit parameters: [5.48026839e-01 1.21412237e+00 4.64802952e-05 5.15986017e-05].
2023-07-20 16:58:16,418 - INFO - Maximum log composite likelihood: -44.19971006272931.
2023-07-20 16:58:16,419 - INFO - Optimal value of theta: 787.2035585816865.
2023-07-20 16:58:16,419 - INFO - Beginning optimization with guess, [3.27270352 3.51839652 0.01692037 0.00542673].
2023-07-20 16:58:17,506 - INFO - Finished optimization with guess, [3.27270352 3.51839652 0.01692037 0.00542673].
2023-07-20 16:58:17,507 - INFO - Best fit parameters: [1.93961262e+00 5.78898136e-01 5.19041329e-05 5.04093673e-04].
2023-07-20 16:58:17,531 - INFO - Maximum log composite likelihood: -43.93100966258487.
2023-07-20 16:58:17,531 - INFO - Optimal value of theta: 787.7419498507832.
2023-07-20 16:58:17,531 - INFO - Beginning optimization with guess, [3.24002471 1.55662619 0.01962337 0.005575  ].
2023-07-20 16:58:18,615 - INFO - Finished optimization with guess, [3.24002471 1.55662619 0.01962337 0.005575  ].
2023-07-20 16:58:18,615 - INFO - Best fit parameters: [7.70637872e-09 1.36754735e+00 1.23535581e-46 3.21667009e-19].
2023-07-20 16:58:18,639 - INFO - Maximum log composite likelihood: -44.22522397740852.
2023-07-20 16:58:18,639 - INFO - Optimal value of theta: 787.153038565246.
2023-07-20 16:58:18,639 - INFO - Beginning optimization with guess, [6.05037148e+00 2.22394411e+00 5.53960062e-03 9.92297253e-03].
2023-07-20 16:58:19,646 - INFO - Finished optimization with guess, [6.05037148e+00 2.22394411e+00 5.53960062e-03 9.92297253e-03].
2023-07-20 16:58:19,648 - INFO - Best fit parameters: [4.27922177e+00 5.38686025e-01 1.72815369e-05 3.63387929e-04].
2023-07-20 16:58:19,671 - INFO - Maximum log composite likelihood: -43.96764445507404.
2023-07-20 16:58:19,672 - INFO - Optimal value of theta: 787.6673770442438.
2023-07-20 16:58:19,672 - INFO - Beginning optimization with guess, [2.52353698 1.86842839 0.00622255 0.00975808].
2023-07-20 16:58:20,700 - INFO - Finished optimization with guess, [2.52353698 1.86842839 0.00622255 0.00975808].
2023-07-20 16:58:20,700 - INFO - Best fit parameters: [1.96924162e+00 5.73159652e-01 3.69093541e-06 9.27196736e-04].
2023-07-20 16:58:20,724 - INFO - Maximum log composite likelihood: -43.64105039171682.
2023-07-20 16:58:20,724 - INFO - Optimal value of theta: 788.3357574304522.
2023-07-20 16:58:20,724 - INFO - Beginning optimization with guess, [3.01642065 6.17449888 0.01820687 0.00883228].
2023-07-20 16:58:21,727 - INFO - Finished optimization with guess, [3.01642065 6.17449888 0.01820687 0.00883228].
2023-07-20 16:58:21,727 - INFO - Best fit parameters: [1.49506538e-01 1.02925165e+01 1.68787823e-03 1.06898229e-05].
2023-07-20 16:58:21,751 - INFO - Maximum log composite likelihood: -37.43570672758642.
2023-07-20 16:58:21,751 - INFO - Optimal value of theta: 803.3428977609083.
2023-07-20 16:58:21,751 - INFO - Beginning optimization with guess, [7.18828834 3.42954762 0.00966223 0.01254032].
2023-07-20 16:58:22,802 - INFO - Finished optimization with guess, [7.18828834 3.42954762 0.00966223 0.01254032].
2023-07-20 16:58:22,803 - INFO - Best fit parameters: [3.18813998e+00 4.05230132e-01 5.79516482e-05 3.39440497e-04].
2023-07-20 16:58:22,827 - INFO - Maximum log composite likelihood: -43.830578955817714.
2023-07-20 16:58:22,827 - INFO - Optimal value of theta: 787.9438716202832.
2023-07-20 16:58:22,827 - INFO - Beginning optimization with guess, [1.00713520e+01 3.34713791e+00 5.10165720e-03 1.32213902e-02].
2023-07-20 16:58:23,862 - INFO - Finished optimization with guess, [1.00713520e+01 3.34713791e+00 5.10165720e-03 1.32213902e-02].
2023-07-20 16:58:23,862 - INFO - Best fit parameters: [1.29384317e+01 1.11938179e-01 1.40379769e-06 2.17409552e-04].
2023-07-20 16:58:23,886 - INFO - Maximum log composite likelihood: -42.78590759049598.
2023-07-20 16:58:23,887 - INFO - Optimal value of theta: 790.1135997036331.
2023-07-20 16:58:23,887 - INFO - Beginning optimization with guess, [7.10373722 5.39377768 0.01094487 0.01349816].
2023-07-20 16:58:24,949 - INFO - Finished optimization with guess, [7.10373722 5.39377768 0.01094487 0.01349816].
2023-07-20 16:58:24,951 - INFO - Best fit parameters: [1.81971518e+01 4.26952868e-01 3.06524756e-04 5.86699503e-03].
2023-07-20 16:58:24,976 - INFO - Maximum log composite likelihood: -38.81117713332651.
2023-07-20 16:58:24,976 - INFO - Optimal value of theta: 799.825935670201.
2023-07-20 16:58:24,979 - INFO - Finished demographic inference.
2023-07-20 16:58:24,979 - INFO - Pipeline executed succesfully.
