2022-11-02 15:30:31,314 - INFO - Beginning execution of fit_one_epoch.py in directory /u/project/ngarud/jonmah/demo_for_ccgb/Scripts

2022-11-02 15:30:31,314 - INFO - Progress is being logged to ../Analysis/Rothia_mucilaginosa_62109_oral/unmasked/log.log

2022-11-02 15:30:31,315 - INFO - Parsed the following arguments:
	syn_input_sfs = ../Data/oral_microbiome_sfs/Rothia_mucilaginosa_62109_sfs/folded_sfs_10.txt
	mask_singletons = False
	mask_doubletons = False
	outprefix = ../Analysis/Rothia_mucilaginosa_62109_oral/unmasked/

2022-11-02 15:30:31,347 - INFO - Beginning demographic inference for one-epoch demographic model.
2022-11-02 15:30:31,350 - INFO - Beginning optimization with guess, [0.11834214].
2022-11-02 15:30:31,402 - INFO - Finished optimization with guess, [0.11834214].
2022-11-02 15:30:31,403 - INFO - Best fit parameters: [0.11834214].
2022-11-02 15:30:31,424 - INFO - Maximum log composite likelihood: -17692.539178877847.
2022-11-02 15:30:31,424 - INFO - Optimal value of theta: 37369.49489439292.
2022-11-02 15:30:31,425 - INFO - Beginning optimization with guess, [0.10442721].
2022-11-02 15:30:31,461 - INFO - Finished optimization with guess, [0.10442721].
2022-11-02 15:30:31,461 - INFO - Best fit parameters: [0.10442721].
2022-11-02 15:30:31,477 - INFO - Maximum log composite likelihood: -17692.539178877847.
2022-11-02 15:30:31,478 - INFO - Optimal value of theta: 37369.49489439292.
2022-11-02 15:30:31,478 - INFO - Beginning optimization with guess, [0.4622745].
2022-11-02 15:30:31,509 - INFO - Finished optimization with guess, [0.4622745].
2022-11-02 15:30:31,510 - INFO - Best fit parameters: [0.4622745].
2022-11-02 15:30:31,525 - INFO - Maximum log composite likelihood: -17692.539178877847.
2022-11-02 15:30:31,525 - INFO - Optimal value of theta: 37369.49489439292.
2022-11-02 15:30:31,525 - INFO - Beginning optimization with guess, [0.72554617].
2022-11-02 15:30:31,556 - INFO - Finished optimization with guess, [0.72554617].
2022-11-02 15:30:31,557 - INFO - Best fit parameters: [0.72554617].
2022-11-02 15:30:31,572 - INFO - Maximum log composite likelihood: -17692.539178877847.
2022-11-02 15:30:31,572 - INFO - Optimal value of theta: 37369.49489439292.
2022-11-02 15:30:31,573 - INFO - Beginning optimization with guess, [0.28156918].
2022-11-02 15:30:31,604 - INFO - Finished optimization with guess, [0.28156918].
2022-11-02 15:30:31,604 - INFO - Best fit parameters: [0.28156918].
2022-11-02 15:30:31,619 - INFO - Maximum log composite likelihood: -17692.539178877847.
2022-11-02 15:30:31,619 - INFO - Optimal value of theta: 37369.49489439292.
2022-11-02 15:30:31,620 - INFO - Beginning optimization with guess, [0.53105912].
2022-11-02 15:30:31,653 - INFO - Finished optimization with guess, [0.53105912].
2022-11-02 15:30:31,653 - INFO - Best fit parameters: [0.53105912].
2022-11-02 15:30:31,669 - INFO - Maximum log composite likelihood: -17692.539178877847.
2022-11-02 15:30:31,670 - INFO - Optimal value of theta: 37369.49489439292.
2022-11-02 15:30:31,670 - INFO - Beginning optimization with guess, [0.52756943].
2022-11-02 15:30:31,704 - INFO - Finished optimization with guess, [0.52756943].
2022-11-02 15:30:31,704 - INFO - Best fit parameters: [0.52756943].
2022-11-02 15:30:31,721 - INFO - Maximum log composite likelihood: -17692.539178877847.
2022-11-02 15:30:31,721 - INFO - Optimal value of theta: 37369.49489439292.
2022-11-02 15:30:31,722 - INFO - Beginning optimization with guess, [0.74305261].
2022-11-02 15:30:31,755 - INFO - Finished optimization with guess, [0.74305261].
2022-11-02 15:30:31,756 - INFO - Best fit parameters: [0.74305261].
2022-11-02 15:30:31,772 - INFO - Maximum log composite likelihood: -17692.539178877847.
2022-11-02 15:30:31,773 - INFO - Optimal value of theta: 37369.49489439292.
2022-11-02 15:30:31,773 - INFO - Beginning optimization with guess, [1.38463927].
2022-11-02 15:30:31,807 - INFO - Finished optimization with guess, [1.38463927].
2022-11-02 15:30:31,807 - INFO - Best fit parameters: [1.38463927].
2022-11-02 15:30:31,823 - INFO - Maximum log composite likelihood: -17692.539178877847.
2022-11-02 15:30:31,824 - INFO - Optimal value of theta: 37369.49489439292.
2022-11-02 15:30:31,824 - INFO - Beginning optimization with guess, [0.54871637].
2022-11-02 15:30:31,858 - INFO - Finished optimization with guess, [0.54871637].
2022-11-02 15:30:31,859 - INFO - Best fit parameters: [0.54871637].
2022-11-02 15:30:31,875 - INFO - Maximum log composite likelihood: -17692.539178877847.
2022-11-02 15:30:31,876 - INFO - Optimal value of theta: 37369.49489439292.
2022-11-02 15:30:31,876 - INFO - Beginning optimization with guess, [2.16034215].
2022-11-02 15:30:31,910 - INFO - Finished optimization with guess, [2.16034215].
2022-11-02 15:30:31,911 - INFO - Best fit parameters: [2.16034215].
2022-11-02 15:30:31,927 - INFO - Maximum log composite likelihood: -17692.539178877847.
2022-11-02 15:30:31,928 - INFO - Optimal value of theta: 37369.49489439292.
2022-11-02 15:30:31,928 - INFO - Beginning optimization with guess, [1.12250098].
2022-11-02 15:30:31,962 - INFO - Finished optimization with guess, [1.12250098].
2022-11-02 15:30:31,962 - INFO - Best fit parameters: [1.12250098].
2022-11-02 15:30:31,978 - INFO - Maximum log composite likelihood: -17692.539178877847.
2022-11-02 15:30:31,979 - INFO - Optimal value of theta: 37369.49489439292.
2022-11-02 15:30:31,979 - INFO - Beginning optimization with guess, [0.96533196].
2022-11-02 15:30:32,013 - INFO - Finished optimization with guess, [0.96533196].
2022-11-02 15:30:32,014 - INFO - Best fit parameters: [0.96533196].
2022-11-02 15:30:32,030 - INFO - Maximum log composite likelihood: -17692.539178877847.
2022-11-02 15:30:32,030 - INFO - Optimal value of theta: 37369.49489439292.
2022-11-02 15:30:32,031 - INFO - Beginning optimization with guess, [1.39250424].
2022-11-02 15:30:32,065 - INFO - Finished optimization with guess, [1.39250424].
2022-11-02 15:30:32,065 - INFO - Best fit parameters: [1.39250424].
2022-11-02 15:30:32,082 - INFO - Maximum log composite likelihood: -17692.539178877847.
2022-11-02 15:30:32,083 - INFO - Optimal value of theta: 37369.49489439292.
2022-11-02 15:30:32,083 - INFO - Beginning optimization with guess, [1.42363159].
2022-11-02 15:30:32,117 - INFO - Finished optimization with guess, [1.42363159].
2022-11-02 15:30:32,117 - INFO - Best fit parameters: [1.42363159].
2022-11-02 15:30:32,134 - INFO - Maximum log composite likelihood: -17692.539178877847.
2022-11-02 15:30:32,134 - INFO - Optimal value of theta: 37369.49489439292.
2022-11-02 15:30:32,134 - INFO - Beginning optimization with guess, [1.83383662].
2022-11-02 15:30:32,168 - INFO - Finished optimization with guess, [1.83383662].
2022-11-02 15:30:32,168 - INFO - Best fit parameters: [1.83383662].
2022-11-02 15:30:32,185 - INFO - Maximum log composite likelihood: -17692.539178877847.
2022-11-02 15:30:32,186 - INFO - Optimal value of theta: 37369.49489439292.
2022-11-02 15:30:32,186 - INFO - Beginning optimization with guess, [2.39458083].
2022-11-02 15:30:32,220 - INFO - Finished optimization with guess, [2.39458083].
2022-11-02 15:30:32,220 - INFO - Best fit parameters: [2.39458083].
2022-11-02 15:30:32,236 - INFO - Maximum log composite likelihood: -17692.539178877847.
2022-11-02 15:30:32,237 - INFO - Optimal value of theta: 37369.49489439292.
2022-11-02 15:30:32,237 - INFO - Beginning optimization with guess, [2.97702093].
2022-11-02 15:30:32,271 - INFO - Finished optimization with guess, [2.97702093].
2022-11-02 15:30:32,271 - INFO - Best fit parameters: [2.97702093].
2022-11-02 15:30:32,288 - INFO - Maximum log composite likelihood: -17692.539178877847.
2022-11-02 15:30:32,288 - INFO - Optimal value of theta: 37369.49489439292.
2022-11-02 15:30:32,289 - INFO - Beginning optimization with guess, [2.14058013].
2022-11-02 15:30:32,323 - INFO - Finished optimization with guess, [2.14058013].
2022-11-02 15:30:32,323 - INFO - Best fit parameters: [2.14058013].
2022-11-02 15:30:32,340 - INFO - Maximum log composite likelihood: -17692.539178877847.
2022-11-02 15:30:32,340 - INFO - Optimal value of theta: 37369.49489439292.
2022-11-02 15:30:32,341 - INFO - Beginning optimization with guess, [7.17333188].
2022-11-02 15:30:32,374 - INFO - Finished optimization with guess, [7.17333188].
2022-11-02 15:30:32,375 - INFO - Best fit parameters: [7.17333188].
2022-11-02 15:30:32,392 - INFO - Maximum log composite likelihood: -17692.539178877847.
2022-11-02 15:30:32,392 - INFO - Optimal value of theta: 37369.49489439292.
2022-11-02 15:30:32,393 - INFO - Beginning optimization with guess, [5.44302004].
2022-11-02 15:30:32,427 - INFO - Finished optimization with guess, [5.44302004].
2022-11-02 15:30:32,427 - INFO - Best fit parameters: [5.44302004].
2022-11-02 15:30:32,444 - INFO - Maximum log composite likelihood: -17692.539178877847.
2022-11-02 15:30:32,444 - INFO - Optimal value of theta: 37369.49489439292.
2022-11-02 15:30:32,445 - INFO - Beginning optimization with guess, [5.77999387].
2022-11-02 15:30:32,479 - INFO - Finished optimization with guess, [5.77999387].
2022-11-02 15:30:32,479 - INFO - Best fit parameters: [5.77999387].
2022-11-02 15:30:32,495 - INFO - Maximum log composite likelihood: -17692.539178877847.
2022-11-02 15:30:32,496 - INFO - Optimal value of theta: 37369.49489439292.
2022-11-02 15:30:32,496 - INFO - Beginning optimization with guess, [7.05235556].
2022-11-02 15:30:32,530 - INFO - Finished optimization with guess, [7.05235556].
2022-11-02 15:30:32,530 - INFO - Best fit parameters: [7.05235556].
2022-11-02 15:30:32,547 - INFO - Maximum log composite likelihood: -17692.539178877847.
2022-11-02 15:30:32,548 - INFO - Optimal value of theta: 37369.49489439292.
2022-11-02 15:30:32,548 - INFO - Beginning optimization with guess, [7.14115634].
2022-11-02 15:30:32,581 - INFO - Finished optimization with guess, [7.14115634].
2022-11-02 15:30:32,581 - INFO - Best fit parameters: [7.14115634].
2022-11-02 15:30:32,596 - INFO - Maximum log composite likelihood: -17692.539178877847.
2022-11-02 15:30:32,597 - INFO - Optimal value of theta: 37369.49489439292.
2022-11-02 15:30:32,597 - INFO - Beginning optimization with guess, [6.30131879].
2022-11-02 15:30:32,628 - INFO - Finished optimization with guess, [6.30131879].
2022-11-02 15:30:32,628 - INFO - Best fit parameters: [6.30131879].
2022-11-02 15:30:32,643 - INFO - Maximum log composite likelihood: -17692.539178877847.
2022-11-02 15:30:32,644 - INFO - Optimal value of theta: 37369.49489439292.
2022-11-02 15:30:32,646 - INFO - Finished demographic inference.
2022-11-02 15:30:32,646 - INFO - Pipeline executed succesfully.
