2023-07-20 16:56:49,936 - INFO - Beginning execution of fit_one_epoch.py in directory /u/project/ngarud/jonmah/demo_for_ccgb/Scripts

2023-07-20 16:56:49,936 - INFO - Progress is being logged to ../Analysis/Odoribacter_splanchnicus_62174_downsampled_14/accessory_log.log

2023-07-20 16:56:49,936 - INFO - Parsed the following arguments:
	syn_input_sfs = ../Analysis/Odoribacter_splanchnicus_62174_downsampled_14/accessory_empirical_syn_downsampled_sfs.txt
	mask_singletons = False
	mask_doubletons = False
	outprefix = ../Analysis/Odoribacter_splanchnicus_62174_downsampled_14/accessory

2023-07-20 16:56:49,958 - INFO - Beginning demographic inference for one-epoch demographic model.
2023-07-20 16:56:49,960 - INFO - Beginning optimization with guess, [0.10871861].
2023-07-20 16:56:50,748 - INFO - Finished optimization with guess, [0.10871861].
2023-07-20 16:56:50,749 - INFO - Best fit parameters: [0.10871861].
2023-07-20 16:56:50,771 - INFO - Maximum log composite likelihood: -49.4947648299557.
2023-07-20 16:56:50,771 - INFO - Optimal value of theta: 434.0075469604559.
2023-07-20 16:56:50,771 - INFO - Beginning optimization with guess, [0.22709048].
2023-07-20 16:56:51,493 - INFO - Finished optimization with guess, [0.22709048].
2023-07-20 16:56:51,494 - INFO - Best fit parameters: [0.22709048].
2023-07-20 16:56:51,517 - INFO - Maximum log composite likelihood: -49.4947648299557.
2023-07-20 16:56:51,517 - INFO - Optimal value of theta: 434.0075469604559.
2023-07-20 16:56:51,518 - INFO - Beginning optimization with guess, [0.31907824].
2023-07-20 16:56:52,237 - INFO - Finished optimization with guess, [0.31907824].
2023-07-20 16:56:52,237 - INFO - Best fit parameters: [0.31907824].
2023-07-20 16:56:52,260 - INFO - Maximum log composite likelihood: -49.4947648299557.
2023-07-20 16:56:52,260 - INFO - Optimal value of theta: 434.0075469604559.
2023-07-20 16:56:52,260 - INFO - Beginning optimization with guess, [0.72687101].
2023-07-20 16:56:52,846 - INFO - Finished optimization with guess, [0.72687101].
2023-07-20 16:56:52,846 - INFO - Best fit parameters: [0.72687101].
2023-07-20 16:56:52,869 - INFO - Maximum log composite likelihood: -49.4947648299557.
2023-07-20 16:56:52,869 - INFO - Optimal value of theta: 434.0075469604559.
2023-07-20 16:56:52,869 - INFO - Beginning optimization with guess, [0.65086714].
2023-07-20 16:56:53,453 - INFO - Finished optimization with guess, [0.65086714].
2023-07-20 16:56:53,454 - INFO - Best fit parameters: [0.65086714].
2023-07-20 16:56:53,476 - INFO - Maximum log composite likelihood: -49.4947648299557.
2023-07-20 16:56:53,476 - INFO - Optimal value of theta: 434.0075469604559.
2023-07-20 16:56:53,477 - INFO - Beginning optimization with guess, [0.69608157].
2023-07-20 16:56:54,061 - INFO - Finished optimization with guess, [0.69608157].
2023-07-20 16:56:54,061 - INFO - Best fit parameters: [0.69608157].
2023-07-20 16:56:54,083 - INFO - Maximum log composite likelihood: -49.4947648299557.
2023-07-20 16:56:54,084 - INFO - Optimal value of theta: 434.0075469604559.
2023-07-20 16:56:54,084 - INFO - Beginning optimization with guess, [0.39521105].
2023-07-20 16:56:54,735 - INFO - Finished optimization with guess, [0.39521105].
2023-07-20 16:56:54,735 - INFO - Best fit parameters: [0.39521105].
2023-07-20 16:56:54,758 - INFO - Maximum log composite likelihood: -49.4947648299557.
2023-07-20 16:56:54,758 - INFO - Optimal value of theta: 434.0075469604559.
2023-07-20 16:56:54,758 - INFO - Beginning optimization with guess, [1.06157707].
2023-07-20 16:56:55,140 - INFO - Finished optimization with guess, [1.06157707].
2023-07-20 16:56:55,140 - INFO - Best fit parameters: [1.06157707].
2023-07-20 16:56:55,163 - INFO - Maximum log composite likelihood: -49.4947648299557.
2023-07-20 16:56:55,163 - INFO - Optimal value of theta: 434.0075469604559.
2023-07-20 16:56:55,163 - INFO - Beginning optimization with guess, [0.97384684].
2023-07-20 16:56:55,477 - INFO - Finished optimization with guess, [0.97384684].
2023-07-20 16:56:55,478 - INFO - Best fit parameters: [0.97384684].
2023-07-20 16:56:55,500 - INFO - Maximum log composite likelihood: -49.4947648299557.
2023-07-20 16:56:55,500 - INFO - Optimal value of theta: 434.0075469604559.
2023-07-20 16:56:55,500 - INFO - Beginning optimization with guess, [1.53067024].
2023-07-20 16:56:56,084 - INFO - Finished optimization with guess, [1.53067024].
2023-07-20 16:56:56,084 - INFO - Best fit parameters: [1.53067024].
2023-07-20 16:56:56,107 - INFO - Maximum log composite likelihood: -49.4947648299557.
2023-07-20 16:56:56,107 - INFO - Optimal value of theta: 434.0075469604559.
2023-07-20 16:56:56,107 - INFO - Beginning optimization with guess, [2.08810447].
2023-07-20 16:56:56,761 - INFO - Finished optimization with guess, [2.08810447].
2023-07-20 16:56:56,761 - INFO - Best fit parameters: [2.08810447].
2023-07-20 16:56:56,784 - INFO - Maximum log composite likelihood: -49.4947648299557.
2023-07-20 16:56:56,784 - INFO - Optimal value of theta: 434.0075469604559.
2023-07-20 16:56:56,784 - INFO - Beginning optimization with guess, [2.14368145].
2023-07-20 16:56:57,442 - INFO - Finished optimization with guess, [2.14368145].
2023-07-20 16:56:57,442 - INFO - Best fit parameters: [2.14368145].
2023-07-20 16:56:57,465 - INFO - Maximum log composite likelihood: -49.4947648299557.
2023-07-20 16:56:57,465 - INFO - Optimal value of theta: 434.0075469604559.
2023-07-20 16:56:57,466 - INFO - Beginning optimization with guess, [1.57840922].
2023-07-20 16:56:58,059 - INFO - Finished optimization with guess, [1.57840922].
2023-07-20 16:56:58,060 - INFO - Best fit parameters: [1.57840922].
2023-07-20 16:56:58,082 - INFO - Maximum log composite likelihood: -49.4947648299557.
2023-07-20 16:56:58,083 - INFO - Optimal value of theta: 434.0075469604559.
2023-07-20 16:56:58,083 - INFO - Beginning optimization with guess, [1.95368931].
2023-07-20 16:56:58,734 - INFO - Finished optimization with guess, [1.95368931].
2023-07-20 16:56:58,734 - INFO - Best fit parameters: [1.95368931].
2023-07-20 16:56:58,756 - INFO - Maximum log composite likelihood: -49.4947648299557.
2023-07-20 16:56:58,756 - INFO - Optimal value of theta: 434.0075469604559.
2023-07-20 16:56:58,757 - INFO - Beginning optimization with guess, [2.92627429].
2023-07-20 16:56:59,475 - INFO - Finished optimization with guess, [2.92627429].
2023-07-20 16:56:59,475 - INFO - Best fit parameters: [2.92627429].
2023-07-20 16:56:59,497 - INFO - Maximum log composite likelihood: -49.4947648299557.
2023-07-20 16:56:59,498 - INFO - Optimal value of theta: 434.0075469604559.
2023-07-20 16:56:59,498 - INFO - Beginning optimization with guess, [1.70916784].
2023-07-20 16:57:00,152 - INFO - Finished optimization with guess, [1.70916784].
2023-07-20 16:57:00,152 - INFO - Best fit parameters: [1.70916784].
2023-07-20 16:57:00,174 - INFO - Maximum log composite likelihood: -49.4947648299557.
2023-07-20 16:57:00,175 - INFO - Optimal value of theta: 434.0075469604559.
2023-07-20 16:57:00,175 - INFO - Beginning optimization with guess, [4.16761592].
2023-07-20 16:57:00,895 - INFO - Finished optimization with guess, [4.16761592].
2023-07-20 16:57:00,895 - INFO - Best fit parameters: [4.16761592].
2023-07-20 16:57:00,918 - INFO - Maximum log composite likelihood: -49.4947648299557.
2023-07-20 16:57:00,918 - INFO - Optimal value of theta: 434.0075469604559.
2023-07-20 16:57:00,918 - INFO - Beginning optimization with guess, [2.4478486].
2023-07-20 16:57:01,571 - INFO - Finished optimization with guess, [2.4478486].
2023-07-20 16:57:01,572 - INFO - Best fit parameters: [2.4478486].
2023-07-20 16:57:01,594 - INFO - Maximum log composite likelihood: -49.4947648299557.
2023-07-20 16:57:01,594 - INFO - Optimal value of theta: 434.0075469604559.
2023-07-20 16:57:01,594 - INFO - Beginning optimization with guess, [4.73679788].
2023-07-20 16:57:02,322 - INFO - Finished optimization with guess, [4.73679788].
2023-07-20 16:57:02,322 - INFO - Best fit parameters: [4.73679788].
2023-07-20 16:57:02,344 - INFO - Maximum log composite likelihood: -49.4947648299557.
2023-07-20 16:57:02,345 - INFO - Optimal value of theta: 434.0075469604559.
2023-07-20 16:57:02,345 - INFO - Beginning optimization with guess, [2.57929036].
2023-07-20 16:57:02,997 - INFO - Finished optimization with guess, [2.57929036].
2023-07-20 16:57:02,997 - INFO - Best fit parameters: [2.57929036].
2023-07-20 16:57:03,020 - INFO - Maximum log composite likelihood: -49.4947648299557.
2023-07-20 16:57:03,020 - INFO - Optimal value of theta: 434.0075469604559.
2023-07-20 16:57:03,020 - INFO - Beginning optimization with guess, [4.02109889].
2023-07-20 16:57:03,755 - INFO - Finished optimization with guess, [4.02109889].
2023-07-20 16:57:03,755 - INFO - Best fit parameters: [4.02109889].
2023-07-20 16:57:03,779 - INFO - Maximum log composite likelihood: -49.4947648299557.
2023-07-20 16:57:03,779 - INFO - Optimal value of theta: 434.0075469604559.
2023-07-20 16:57:03,779 - INFO - Beginning optimization with guess, [3.3025114].
2023-07-20 16:57:04,515 - INFO - Finished optimization with guess, [3.3025114].
2023-07-20 16:57:04,515 - INFO - Best fit parameters: [3.3025114].
2023-07-20 16:57:04,538 - INFO - Maximum log composite likelihood: -49.4947648299557.
2023-07-20 16:57:04,538 - INFO - Optimal value of theta: 434.0075469604559.
2023-07-20 16:57:04,539 - INFO - Beginning optimization with guess, [8.08144259].
2023-07-20 16:57:05,343 - INFO - Finished optimization with guess, [8.08144259].
2023-07-20 16:57:05,343 - INFO - Best fit parameters: [8.08144259].
2023-07-20 16:57:05,366 - INFO - Maximum log composite likelihood: -49.4947648299557.
2023-07-20 16:57:05,367 - INFO - Optimal value of theta: 434.0075469604559.
2023-07-20 16:57:05,367 - INFO - Beginning optimization with guess, [8.60983077].
2023-07-20 16:57:06,172 - INFO - Finished optimization with guess, [8.60983077].
2023-07-20 16:57:06,172 - INFO - Best fit parameters: [8.60983077].
2023-07-20 16:57:06,195 - INFO - Maximum log composite likelihood: -49.4947648299557.
2023-07-20 16:57:06,196 - INFO - Optimal value of theta: 434.0075469604559.
2023-07-20 16:57:06,198 - INFO - Beginning demographic inference for two-epoch demographic model.
2023-07-20 16:57:06,201 - INFO - Beginning optimization with guess, [0.0576318  0.01182822].
2023-07-20 16:57:07,411 - INFO - Finished optimization with guess, [0.0576318  0.01182822].
2023-07-20 16:57:07,411 - INFO - Best fit parameters: [6.85909308e-04 5.67891871e-05].
2023-07-20 16:57:07,436 - INFO - Maximum log composite likelihood: -26.191166572506887.
2023-07-20 16:57:07,437 - INFO - Optimal value of theta: 507.49942680207823.
2023-07-20 16:57:07,437 - INFO - Beginning optimization with guess, [0.24183347 0.00542854].
2023-07-20 16:57:08,694 - INFO - Finished optimization with guess, [0.24183347 0.00542854].
2023-07-20 16:57:08,695 - INFO - Best fit parameters: [0.00499246 0.00041891].
2023-07-20 16:57:08,720 - INFO - Maximum log composite likelihood: -26.207726584361154.
2023-07-20 16:57:08,720 - INFO - Optimal value of theta: 508.0630173728963.
2023-07-20 16:57:08,721 - INFO - Beginning optimization with guess, [0.2553861  0.01065486].
2023-07-20 16:57:09,928 - INFO - Finished optimization with guess, [0.2553861  0.01065486].
2023-07-20 16:57:09,928 - INFO - Best fit parameters: [0.03855694 0.00333662].
2023-07-20 16:57:09,953 - INFO - Maximum log composite likelihood: -26.31640319673241.
2023-07-20 16:57:09,953 - INFO - Optimal value of theta: 507.2741133389747.
2023-07-20 16:57:09,953 - INFO - Beginning optimization with guess, [0.33503338 0.01393701].
2023-07-20 16:57:11,131 - INFO - Finished optimization with guess, [0.33503338 0.01393701].
2023-07-20 16:57:11,132 - INFO - Best fit parameters: [0.03325189 0.00281883].
2023-07-20 16:57:11,156 - INFO - Maximum log composite likelihood: -26.30047271326012.
2023-07-20 16:57:11,156 - INFO - Optimal value of theta: 506.31622613834406.
2023-07-20 16:57:11,156 - INFO - Beginning optimization with guess, [0.46424681 0.01073552].
2023-07-20 16:57:12,349 - INFO - Finished optimization with guess, [0.46424681 0.01073552].
2023-07-20 16:57:12,349 - INFO - Best fit parameters: [0.02921253 0.00253977].
2023-07-20 16:57:12,374 - INFO - Maximum log composite likelihood: -26.287784603424626.
2023-07-20 16:57:12,375 - INFO - Optimal value of theta: 508.4348885858561.
2023-07-20 16:57:12,375 - INFO - Beginning optimization with guess, [0.92146583 0.00631714].
2023-07-20 16:57:13,782 - INFO - Finished optimization with guess, [0.92146583 0.00631714].
2023-07-20 16:57:13,783 - INFO - Best fit parameters: [0.36905465 0.06599303].
2023-07-20 16:57:13,810 - INFO - Maximum log composite likelihood: -28.605931080824774.
2023-07-20 16:57:13,810 - INFO - Optimal value of theta: 519.4515770026591.
2023-07-20 16:57:13,810 - INFO - Beginning optimization with guess, [0.71157554 0.01126114].
2023-07-20 16:57:15,057 - INFO - Finished optimization with guess, [0.71157554 0.01126114].
2023-07-20 16:57:15,058 - INFO - Best fit parameters: [0.17003246 0.02043863].
2023-07-20 16:57:15,083 - INFO - Maximum log composite likelihood: -27.053217798576355.
2023-07-20 16:57:15,083 - INFO - Optimal value of theta: 517.6395774716372.
2023-07-20 16:57:15,083 - INFO - Beginning optimization with guess, [0.56929187 0.00669143].
2023-07-20 16:57:16,304 - INFO - Finished optimization with guess, [0.56929187 0.00669143].
2023-07-20 16:57:16,304 - INFO - Best fit parameters: [0.02740158 0.0023547 ].
2023-07-20 16:57:16,329 - INFO - Maximum log composite likelihood: -26.27843400377978.
2023-07-20 16:57:16,329 - INFO - Optimal value of theta: 507.77720166286224.
2023-07-20 16:57:16,329 - INFO - Beginning optimization with guess, [0.90895313 0.01085658].
2023-07-20 16:57:17,644 - INFO - Finished optimization with guess, [0.90895313 0.01085658].
2023-07-20 16:57:17,644 - INFO - Best fit parameters: [0.20085862 0.01610803].
2023-07-20 16:57:17,669 - INFO - Maximum log composite likelihood: -28.051908712765766.
2023-07-20 16:57:17,669 - INFO - Optimal value of theta: 489.19529538772724.
2023-07-20 16:57:17,669 - INFO - Beginning optimization with guess, [1.40964514 0.00796724].
2023-07-20 16:57:19,752 - INFO - Finished optimization with guess, [1.40964514 0.00796724].
2023-07-20 16:57:19,753 - INFO - Best fit parameters: [0.41504152 0.10638512].
2023-07-20 16:57:19,781 - INFO - Maximum log composite likelihood: -29.769877649961416.
2023-07-20 16:57:19,781 - INFO - Optimal value of theta: 538.8418688342239.
2023-07-20 16:57:19,781 - INFO - Beginning optimization with guess, [2.0331509  0.00504518].
2023-07-20 16:57:22,246 - INFO - Finished optimization with guess, [2.0331509  0.00504518].
2023-07-20 16:57:22,246 - INFO - Best fit parameters: [0.29642823 0.04192503].
2023-07-20 16:57:22,272 - INFO - Maximum log composite likelihood: -27.792806657439513.
2023-07-20 16:57:22,272 - INFO - Optimal value of theta: 513.5061814283646.
2023-07-20 16:57:22,272 - INFO - Beginning optimization with guess, [0.98219831 0.00620172].
2023-07-20 16:57:23,746 - INFO - Finished optimization with guess, [0.98219831 0.00620172].
2023-07-20 16:57:23,746 - INFO - Best fit parameters: [0.96249589 0.38556365].
2023-07-20 16:57:23,776 - INFO - Maximum log composite likelihood: -47.655326179097045.
2023-07-20 16:57:23,776 - INFO - Optimal value of theta: 441.24626321885125.
2023-07-20 16:57:23,776 - INFO - Beginning optimization with guess, [2.25051586 0.013151  ].
2023-07-20 16:57:25,082 - INFO - Finished optimization with guess, [2.25051586 0.013151  ].
2023-07-20 16:57:25,083 - INFO - Best fit parameters: [0.32038722 0.04996069].
2023-07-20 16:57:25,108 - INFO - Maximum log composite likelihood: -28.060877241212637.
2023-07-20 16:57:25,108 - INFO - Optimal value of theta: 517.0710694156228.
2023-07-20 16:57:25,109 - INFO - Beginning optimization with guess, [2.24446816 0.01836001].
2023-07-20 16:57:26,346 - INFO - Finished optimization with guess, [2.24446816 0.01836001].
2023-07-20 16:57:26,346 - INFO - Best fit parameters: [0.15493623 0.01367172].
2023-07-20 16:57:26,371 - INFO - Maximum log composite likelihood: -27.079225044292883.
2023-07-20 16:57:26,371 - INFO - Optimal value of theta: 498.2650236816043.
2023-07-20 16:57:26,371 - INFO - Beginning optimization with guess, [1.20961809 0.00905533].
2023-07-20 16:57:32,662 - INFO - Finished optimization with guess, [1.20961809 0.00905533].
2023-07-20 16:57:32,664 - INFO - Best fit parameters: [0.65571169 0.29854528].
2023-07-20 16:57:32,694 - INFO - Maximum log composite likelihood: -35.22164096051935.
2023-07-20 16:57:32,694 - INFO - Optimal value of theta: 517.9155725200028.
2023-07-20 16:57:32,694 - INFO - Beginning optimization with guess, [1.25185172 0.00591143].
2023-07-20 16:57:37,206 - INFO - Finished optimization with guess, [1.25185172 0.00591143].
2023-07-20 16:57:37,206 - INFO - Best fit parameters: [0.77905847 0.10032515].
2023-07-20 16:57:37,232 - INFO - Maximum log composite likelihood: -40.32424003443751.
2023-07-20 16:57:37,232 - INFO - Optimal value of theta: 454.6118963235508.
2023-07-20 16:57:37,232 - INFO - Beginning optimization with guess, [5.37803521 0.01947306].
2023-07-20 16:57:38,380 - INFO - Finished optimization with guess, [5.37803521 0.01947306].
2023-07-20 16:57:38,381 - INFO - Best fit parameters: [0.0174568  0.00139722].
2023-07-20 16:57:38,405 - INFO - Maximum log composite likelihood: -26.275545330011.
2023-07-20 16:57:38,405 - INFO - Optimal value of theta: 503.7687460146567.
2023-07-20 16:57:38,405 - INFO - Beginning optimization with guess, [1.83723308 0.01183064].
2023-07-20 16:57:39,707 - INFO - Finished optimization with guess, [1.83723308 0.01183064].
2023-07-20 16:57:39,708 - INFO - Best fit parameters: [0.34533628 0.04336336].
2023-07-20 16:57:39,733 - INFO - Maximum log composite likelihood: -28.429018270649237.
2023-07-20 16:57:39,733 - INFO - Optimal value of theta: 499.867789064961.
2023-07-20 16:57:39,733 - INFO - Beginning optimization with guess, [3.02430357 0.01118342].
2023-07-20 16:57:41,134 - INFO - Finished optimization with guess, [3.02430357 0.01118342].
2023-07-20 16:57:41,135 - INFO - Best fit parameters: [0.24126586 0.03387103].
2023-07-20 16:57:41,160 - INFO - Maximum log composite likelihood: -27.541420593270345.
2023-07-20 16:57:41,160 - INFO - Optimal value of theta: 520.4141142311336.
2023-07-20 16:57:41,160 - INFO - Beginning optimization with guess, [3.0392873  0.01611478].
2023-07-20 16:57:42,396 - INFO - Finished optimization with guess, [3.0392873  0.01611478].
2023-07-20 16:57:42,397 - INFO - Best fit parameters: [0.24144781 0.02449886].
2023-07-20 16:57:42,422 - INFO - Maximum log composite likelihood: -27.60198407017006.
2023-07-20 16:57:42,422 - INFO - Optimal value of theta: 498.5360654366967.
2023-07-20 16:57:42,422 - INFO - Beginning optimization with guess, [4.48840433 0.00520086].
2023-07-20 16:57:44,981 - INFO - Finished optimization with guess, [4.48840433 0.00520086].
2023-07-20 16:57:44,981 - INFO - Best fit parameters: [0.22588347 0.02741308].
2023-07-20 16:57:45,007 - INFO - Maximum log composite likelihood: -27.245071534807238.
2023-07-20 16:57:45,007 - INFO - Optimal value of theta: 511.6824593220856.
2023-07-20 16:57:45,007 - INFO - Beginning optimization with guess, [5.52652666 0.01416385].
2023-07-20 16:57:46,200 - INFO - Finished optimization with guess, [5.52652666 0.01416385].
2023-07-20 16:57:46,200 - INFO - Best fit parameters: [0.0510329  0.00473749].
2023-07-20 16:57:46,225 - INFO - Maximum log composite likelihood: -26.39489857966069.
2023-07-20 16:57:46,225 - INFO - Optimal value of theta: 511.1149013823331.
2023-07-20 16:57:46,225 - INFO - Beginning optimization with guess, [7.1640689  0.00949844].
2023-07-20 16:57:47,418 - INFO - Finished optimization with guess, [7.1640689  0.00949844].
2023-07-20 16:57:47,419 - INFO - Best fit parameters: [0.22511646 0.02528005].
2023-07-20 16:57:47,445 - INFO - Maximum log composite likelihood: -27.24855828953565.
2023-07-20 16:57:47,445 - INFO - Optimal value of theta: 506.50872848869.
2023-07-20 16:57:47,445 - INFO - Beginning optimization with guess, [8.57512200e+00 6.12868069e-03].
2023-07-20 16:57:48,667 - INFO - Finished optimization with guess, [8.57512200e+00 6.12868069e-03].
2023-07-20 16:57:48,667 - INFO - Best fit parameters: [0.13709642 0.01418521].
2023-07-20 16:57:48,692 - INFO - Maximum log composite likelihood: -26.734876795495126.
2023-07-20 16:57:48,692 - INFO - Optimal value of theta: 510.3111402725987.
2023-07-20 16:57:48,693 - INFO - Beginning demographic inference for three-epoch demographic model.
2023-07-20 16:57:48,698 - INFO - Beginning optimization with guess, [0.0052688  0.00717107 0.00596198 0.01635694].
2023-07-20 16:57:53,999 - INFO - Finished optimization with guess, [0.0052688  0.00717107 0.00596198 0.01635694].
2023-07-20 16:57:54,000 - INFO - Best fit parameters: [0.00386615 0.00579634 0.0053526  0.02433687].
2023-07-20 16:57:54,114 - INFO - Maximum log composite likelihood: -32.61559965390552.
2023-07-20 16:57:54,115 - INFO - Optimal value of theta: 48932.34009102732.
2023-07-20 16:57:54,115 - INFO - Beginning optimization with guess, [0.01678276 0.02607545 0.00627706 0.00709225].
2023-07-20 16:57:55,417 - INFO - Finished optimization with guess, [0.01678276 0.02607545 0.00627706 0.00709225].
2023-07-20 16:57:55,417 - INFO - Best fit parameters: [0.03935642 0.0744874  0.00196664 0.00303794].
2023-07-20 16:57:55,442 - INFO - Maximum log composite likelihood: -26.426852567315535.
2023-07-20 16:57:55,442 - INFO - Optimal value of theta: 508.9222469398628.
2023-07-20 16:57:55,442 - INFO - Beginning optimization with guess, [0.02187733 0.02299329 0.00506387 0.01584506].
2023-07-20 16:57:56,682 - INFO - Finished optimization with guess, [0.02187733 0.02299329 0.00506387 0.01584506].
2023-07-20 16:57:56,682 - INFO - Best fit parameters: [0.0188498  0.64294747 0.00165754 0.00124673].
2023-07-20 16:57:56,707 - INFO - Maximum log composite likelihood: -26.40871638818146.
2023-07-20 16:57:56,707 - INFO - Optimal value of theta: 510.201287542493.
2023-07-20 16:57:56,707 - INFO - Beginning optimization with guess, [0.03770715 0.03643882 0.00638425 0.00740642].
2023-07-20 16:57:57,935 - INFO - Finished optimization with guess, [0.03770715 0.03643882 0.00638425 0.00740642].
2023-07-20 16:57:57,935 - INFO - Best fit parameters: [0.27657395 0.01183509 0.0111941  0.0006618 ].
2023-07-20 16:57:57,961 - INFO - Maximum log composite likelihood: -26.304550288330745.
2023-07-20 16:57:57,961 - INFO - Optimal value of theta: 508.26201423276063.
2023-07-20 16:57:57,961 - INFO - Beginning optimization with guess, [0.08418088 0.08805459 0.00516303 0.00563881].
2023-07-20 16:57:59,064 - INFO - Finished optimization with guess, [0.08418088 0.08805459 0.00516303 0.00563881].
2023-07-20 16:57:59,064 - INFO - Best fit parameters: [0.19952212 0.03793527 0.007801   0.0020614 ].
2023-07-20 16:57:59,089 - INFO - Maximum log composite likelihood: -26.368410323603.
2023-07-20 16:57:59,089 - INFO - Optimal value of theta: 507.2268032730002.
2023-07-20 16:57:59,089 - INFO - Beginning optimization with guess, [0.54486514 0.54323685 0.01682454 0.0058076 ].
2023-07-20 16:58:00,269 - INFO - Finished optimization with guess, [0.54486514 0.54323685 0.01682454 0.0058076 ].
2023-07-20 16:58:00,269 - INFO - Best fit parameters: [0.40262981 0.66108297 0.07212939 0.0056745 ].
2023-07-20 16:58:00,297 - INFO - Maximum log composite likelihood: -29.570821862244117.
2023-07-20 16:58:00,298 - INFO - Optimal value of theta: 514.4942459129516.
2023-07-20 16:58:00,298 - INFO - Beginning optimization with guess, [0.80184686 0.40116857 0.01095608 0.01302206].
2023-07-20 16:58:01,493 - INFO - Finished optimization with guess, [0.80184686 0.40116857 0.01095608 0.01302206].
2023-07-20 16:58:01,494 - INFO - Best fit parameters: [0.79524432 0.31833216 0.00861467 0.04324835].
2023-07-20 16:58:01,519 - INFO - Maximum log composite likelihood: -27.975757961893265.
2023-07-20 16:58:01,520 - INFO - Optimal value of theta: 509.4760553902804.
2023-07-20 16:58:01,520 - INFO - Beginning optimization with guess, [0.56234251 1.04093828 0.00827545 0.0052659 ].
2023-07-20 16:58:02,757 - INFO - Finished optimization with guess, [0.56234251 1.04093828 0.00827545 0.0052659 ].
2023-07-20 16:58:02,757 - INFO - Best fit parameters: [0.46425523 1.04120783 0.09406806 0.00378646].
2023-07-20 16:58:02,784 - INFO - Maximum log composite likelihood: -30.583026582087513.
2023-07-20 16:58:02,784 - INFO - Optimal value of theta: 510.4134183290378.
2023-07-20 16:58:02,785 - INFO - Beginning optimization with guess, [0.50558467 0.48934913 0.0170388  0.00510978].
2023-07-20 16:58:04,070 - INFO - Finished optimization with guess, [0.50558467 0.48934913 0.0170388  0.00510978].
2023-07-20 16:58:04,071 - INFO - Best fit parameters: [0.40633422 0.48385103 0.06428274 0.00620072].
2023-07-20 16:58:04,098 - INFO - Maximum log composite likelihood: -29.23236050017701.
2023-07-20 16:58:04,098 - INFO - Optimal value of theta: 509.3285256092095.
2023-07-20 16:58:04,099 - INFO - Beginning optimization with guess, [0.52867585 0.61959416 0.00564585 0.00651324].
2023-07-20 16:58:05,365 - INFO - Finished optimization with guess, [0.52867585 0.61959416 0.00564585 0.00651324].
2023-07-20 16:58:05,365 - INFO - Best fit parameters: [0.41064357 0.55421133 0.06829109 0.00719848].
2023-07-20 16:58:05,392 - INFO - Maximum log composite likelihood: -29.539765045256246.
2023-07-20 16:58:05,392 - INFO - Optimal value of theta: 510.6200022815505.
2023-07-20 16:58:05,392 - INFO - Beginning optimization with guess, [1.7469819  2.26730108 0.01261427 0.0062362 ].
2023-07-20 16:58:06,420 - INFO - Finished optimization with guess, [1.7469819  2.26730108 0.01261427 0.0062362 ].
2023-07-20 16:58:06,420 - INFO - Best fit parameters: [6.08505966e-01 1.82077980e+00 1.36569705e-03 3.71090159e-06].
2023-07-20 16:58:06,443 - INFO - Maximum log composite likelihood: -48.835014620998464.
2023-07-20 16:58:06,443 - INFO - Optimal value of theta: 434.8348629625392.
2023-07-20 16:58:06,444 - INFO - Beginning optimization with guess, [2.89534316 0.75974435 0.00694957 0.01794971].
2023-07-20 16:58:07,779 - INFO - Finished optimization with guess, [2.89534316 0.75974435 0.00694957 0.01794971].
2023-07-20 16:58:07,779 - INFO - Best fit parameters: [3.85707881 0.67352075 0.03293594 0.16577456].
2023-07-20 16:58:07,807 - INFO - Maximum log composite likelihood: -35.247793188688206.
2023-07-20 16:58:07,807 - INFO - Optimal value of theta: 474.298818463743.
2023-07-20 16:58:07,808 - INFO - Beginning optimization with guess, [1.86812509 2.95438906 0.00574994 0.00585904].
2023-07-20 16:58:08,891 - INFO - Finished optimization with guess, [1.86812509 2.95438906 0.00574994 0.00585904].
2023-07-20 16:58:08,891 - INFO - Best fit parameters: [6.14063347e-01 1.92915468e+00 6.81606695e-04 1.15809605e-05].
2023-07-20 16:58:08,914 - INFO - Maximum log composite likelihood: -49.17059853350287.
2023-07-20 16:58:08,915 - INFO - Optimal value of theta: 434.40867573673097.
2023-07-20 16:58:08,915 - INFO - Beginning optimization with guess, [3.60811237 1.19923851 0.01383151 0.0150321 ].
2023-07-20 16:58:09,931 - INFO - Finished optimization with guess, [3.60811237 1.19923851 0.01383151 0.0150321 ].
2023-07-20 16:58:09,932 - INFO - Best fit parameters: [1.81175294e-05 9.63912027e-01 6.77969912e-32 2.91111857e-17].
2023-07-20 16:58:09,956 - INFO - Maximum log composite likelihood: -49.49476482995638.
2023-07-20 16:58:09,956 - INFO - Optimal value of theta: 434.0075469604554.
2023-07-20 16:58:09,956 - INFO - Beginning optimization with guess, [2.17556287 1.25111687 0.00500559 0.01316892].
2023-07-20 16:58:11,039 - INFO - Finished optimization with guess, [2.17556287 1.25111687 0.00500559 0.01316892].
2023-07-20 16:58:11,039 - INFO - Best fit parameters: [1.25315700e+00 9.02034146e-01 3.22370366e-05 4.41638343e-04].
2023-07-20 16:58:11,062 - INFO - Maximum log composite likelihood: -49.46258058034766.
2023-07-20 16:58:11,063 - INFO - Optimal value of theta: 434.04702742389594.
2023-07-20 16:58:11,063 - INFO - Beginning optimization with guess, [2.46668984 4.9423908  0.00586068 0.0124402 ].
2023-07-20 16:58:12,097 - INFO - Finished optimization with guess, [2.46668984 4.9423908  0.00586068 0.0124402 ].
2023-07-20 16:58:12,097 - INFO - Best fit parameters: [6.70585441e-01 2.47212283e+00 2.22160167e-04 3.54696724e-05].
2023-07-20 16:58:12,121 - INFO - Maximum log composite likelihood: -49.426600191434886.
2023-07-20 16:58:12,122 - INFO - Optimal value of theta: 434.0911475249063.
2023-07-20 16:58:12,122 - INFO - Beginning optimization with guess, [4.84054802 3.01698009 0.00536932 0.01797964].
2023-07-20 16:58:13,174 - INFO - Finished optimization with guess, [4.84054802 3.01698009 0.00536932 0.01797964].
2023-07-20 16:58:13,175 - INFO - Best fit parameters: [4.97591208e-01 1.86915998e+00 1.92496604e-04 8.38455715e-05].
2023-07-20 16:58:13,198 - INFO - Maximum log composite likelihood: -49.37436668118164.
2023-07-20 16:58:13,199 - INFO - Optimal value of theta: 434.1554233667454.
2023-07-20 16:58:13,199 - INFO - Beginning optimization with guess, [1.65150737 5.71580946 0.00597423 0.01164676].
2023-07-20 16:58:14,290 - INFO - Finished optimization with guess, [1.65150737 5.71580946 0.00597423 0.01164676].
2023-07-20 16:58:14,290 - INFO - Best fit parameters: [8.30417489e-01 1.12742863e+00 4.47855618e-03 1.11593325e-06].
2023-07-20 16:58:14,313 - INFO - Maximum log composite likelihood: -48.828149333967275.
2023-07-20 16:58:14,314 - INFO - Optimal value of theta: 434.85926314296216.
2023-07-20 16:58:14,314 - INFO - Beginning optimization with guess, [2.14652664 2.75839585 0.01591011 0.00730835].
2023-07-20 16:58:15,301 - INFO - Finished optimization with guess, [2.14652664 2.75839585 0.01591011 0.00730835].
2023-07-20 16:58:15,302 - INFO - Best fit parameters: [3.82890547e-01 3.24594516e+00 6.63213964e-04 1.84552466e-05].
2023-07-20 16:58:15,325 - INFO - Maximum log composite likelihood: -48.69528056191686.
2023-07-20 16:58:15,325 - INFO - Optimal value of theta: 435.0070080020668.
2023-07-20 16:58:15,325 - INFO - Beginning optimization with guess, [2.18464006 7.23080083 0.01133262 0.01587028].
2023-07-20 16:58:16,359 - INFO - Finished optimization with guess, [2.18464006 7.23080083 0.01133262 0.01587028].
2023-07-20 16:58:16,360 - INFO - Best fit parameters: [5.92457761e-01 2.77263441e+00 3.75571860e-04 3.67874388e-05].
2023-07-20 16:58:16,384 - INFO - Maximum log composite likelihood: -49.31353486652867.
2023-07-20 16:58:16,384 - INFO - Optimal value of theta: 434.2306418174477.
2023-07-20 16:58:16,385 - INFO - Beginning optimization with guess, [2.79603978 5.14584453 0.00581376 0.01094674].
2023-07-20 16:58:17,397 - INFO - Finished optimization with guess, [2.79603978 5.14584453 0.00581376 0.01094674].
2023-07-20 16:58:17,397 - INFO - Best fit parameters: [7.72536791e-01 2.08531259e+00 3.16970545e-04 3.89249186e-05].
2023-07-20 16:58:17,420 - INFO - Maximum log composite likelihood: -49.43823273203816.
2023-07-20 16:58:17,421 - INFO - Optimal value of theta: 434.0769494712817.
2023-07-20 16:58:17,421 - INFO - Beginning optimization with guess, [2.91298449 4.40035325 0.00618241 0.01495516].
2023-07-20 16:58:18,462 - INFO - Finished optimization with guess, [2.91298449 4.40035325 0.00618241 0.01495516].
2023-07-20 16:58:18,462 - INFO - Best fit parameters: [6.23000913e-01 2.31469448e+00 2.42468630e-04 5.45303326e-05].
2023-07-20 16:58:18,486 - INFO - Maximum log composite likelihood: -49.40512761284694.
2023-07-20 16:58:18,486 - INFO - Optimal value of theta: 434.11759853709.
2023-07-20 16:58:18,486 - INFO - Beginning optimization with guess, [7.11854239 3.87505342 0.00837875 0.00754884].
2023-07-20 16:58:19,586 - INFO - Finished optimization with guess, [7.11854239 3.87505342 0.00837875 0.00754884].
2023-07-20 16:58:19,586 - INFO - Best fit parameters: [6.99368301e-01 1.12417274e+00 4.14939741e-04 1.23658189e-05].
2023-07-20 16:58:19,610 - INFO - Maximum log composite likelihood: -49.35775923171698.
2023-07-20 16:58:19,610 - INFO - Optimal value of theta: 434.17597003332935.
2023-07-20 16:58:19,610 - INFO - Beginning optimization with guess, [12.29331901  8.62118231  0.01922583  0.01752607].
2023-07-20 16:58:20,663 - INFO - Finished optimization with guess, [12.29331901  8.62118231  0.01922583  0.01752607].
2023-07-20 16:58:20,663 - INFO - Best fit parameters: [1.23350620e+00 2.72913911e-01 3.77284419e-04 8.39245876e-04].
2023-07-20 16:58:20,686 - INFO - Maximum log composite likelihood: -47.89604673030212.
2023-07-20 16:58:20,687 - INFO - Optimal value of theta: 436.0451804714242.
2023-07-20 16:58:20,688 - INFO - Finished demographic inference.
2023-07-20 16:58:20,688 - INFO - Pipeline executed succesfully.
