2023-05-04 14:07:58,998 - INFO - Beginning execution of evaluate_demography.py in directory /u/project/ngarud/jonmah/demo_for_ccgb/Scripts

2023-05-04 14:07:58,998 - INFO - Progress is being logged to ../Analysis/Odoribacter_splanchnicus_62174_downsampled_14/complete_evaluate_demography.log

2023-05-04 14:07:58,998 - INFO - Parsed the following arguments:
	syn_input_sfs = ../Analysis/Odoribacter_splanchnicus_62174_downsampled_14/empirical_syn_downsampled_sfs.txt
	model_type = two_epoch
	params_list = [0.74821019, 0.39612705]
	mask_singletons = False
	mask_doubletons = False
	outprefix = ../Analysis/Odoribacter_splanchnicus_62174_downsampled_14/complete

2023-05-04 14:07:59,002 - INFO - Beginning demographic evaluation for two-epoch demographic model.
2023-05-04 14:07:59,006 - INFO - Beginning optimization with guess, [0.74821019, 0.39612705].
2023-05-04 14:07:59,210 - INFO - Finished optimization with guess, [0.74821019, 0.39612705].
2023-05-04 14:07:59,210 - INFO - Best fit parameters: [0.74821019 0.37820409].
2023-05-04 14:07:59,277 - INFO - Maximum log composite likelihood: -31.946615677506543.
2023-05-04 14:07:59,277 - INFO - Optimal value of theta: 3968.2000669450613.
2023-05-04 14:07:59,278 - INFO - Synonymous input SFS: [-- 3445.9000999783193 2006.734116145115 1517.4342825191948 1274.8628846527627 1151.2172817496298 1097.122177734005 541.8397108633046 -- -- -- -- -- -- --].
2023-05-04 14:07:59,279 - INFO - Scaled spectrum: [-- 3461.4752479633025 1986.4307198902382 1506.3412683521308 1279.9381510559492 1160.2332777441557 1099.9666822749305 540.7252063616231 -- -- -- -- -- -- --].
2023-05-04 14:07:59,281 - INFO - Converting and interpreting Tau estimates.
2023-05-04 14:07:59,284 - INFO - Finished demographic evaluation.
2023-05-04 14:07:59,284 - INFO - Pipeline executed succesfully.
