2023-02-17 17:00:01,287 - INFO - Beginning execution of fit_one_epoch.py in directory /u/project/ngarud/jonmah/demo_for_ccgb/Scripts

2023-02-17 17:00:01,287 - INFO - Progress is being logged to ../Analysis/Bacteroides_massiliensis_44749_downsampled_18/log.log

2023-02-17 17:00:01,287 - INFO - Parsed the following arguments:
	syn_input_sfs = ../Analysis/Bacteroides_massiliensis_44749_downsampled_18/empirical_sfs.txt
	mask_singletons = False
	mask_doubletons = False
	outprefix = ../Analysis/Bacteroides_massiliensis_44749_downsampled_18/

2023-02-17 17:00:01,310 - INFO - Beginning demographic inference for one-epoch demographic model.
2023-02-17 17:00:01,312 - INFO - Beginning optimization with guess, [0.08180385].
2023-02-17 17:00:01,358 - WARNING - Warning: converting a masked element to nan.
2023-02-17 17:00:01,405 - INFO - Finished optimization with guess, [0.08180385].
2023-02-17 17:00:01,405 - INFO - Best fit parameters: [0.08180385].
2023-02-17 17:00:01,452 - INFO - Maximum log composite likelihood: --.
2023-02-17 17:00:01,452 - INFO - Optimal value of theta: 0.0.
2023-02-17 17:00:01,452 - INFO - Beginning optimization with guess, [0.23102619].
2023-02-17 17:00:01,547 - INFO - Finished optimization with guess, [0.23102619].
2023-02-17 17:00:01,547 - INFO - Best fit parameters: [0.23102619].
2023-02-17 17:00:01,593 - INFO - Maximum log composite likelihood: --.
2023-02-17 17:00:01,593 - INFO - Optimal value of theta: 0.0.
2023-02-17 17:00:01,594 - INFO - Beginning optimization with guess, [0.18599569].
2023-02-17 17:00:01,687 - INFO - Finished optimization with guess, [0.18599569].
2023-02-17 17:00:01,687 - INFO - Best fit parameters: [0.18599569].
2023-02-17 17:00:01,733 - INFO - Maximum log composite likelihood: --.
2023-02-17 17:00:01,734 - INFO - Optimal value of theta: 0.0.
2023-02-17 17:00:01,734 - INFO - Beginning optimization with guess, [0.34913614].
2023-02-17 17:00:01,828 - INFO - Finished optimization with guess, [0.34913614].
2023-02-17 17:00:01,828 - INFO - Best fit parameters: [0.34913614].
2023-02-17 17:00:01,874 - INFO - Maximum log composite likelihood: --.
2023-02-17 17:00:01,874 - INFO - Optimal value of theta: 0.0.
2023-02-17 17:00:01,875 - INFO - Beginning optimization with guess, [0.34107589].
2023-02-17 17:00:01,968 - INFO - Finished optimization with guess, [0.34107589].
2023-02-17 17:00:01,969 - INFO - Best fit parameters: [0.34107589].
2023-02-17 17:00:02,015 - INFO - Maximum log composite likelihood: --.
2023-02-17 17:00:02,015 - INFO - Optimal value of theta: 0.0.
2023-02-17 17:00:02,015 - INFO - Beginning optimization with guess, [0.79419516].
2023-02-17 17:00:02,109 - INFO - Finished optimization with guess, [0.79419516].
2023-02-17 17:00:02,109 - INFO - Best fit parameters: [0.79419516].
2023-02-17 17:00:02,155 - INFO - Maximum log composite likelihood: --.
2023-02-17 17:00:02,156 - INFO - Optimal value of theta: 0.0.
2023-02-17 17:00:02,156 - INFO - Beginning optimization with guess, [0.35528015].
2023-02-17 17:00:02,252 - INFO - Finished optimization with guess, [0.35528015].
2023-02-17 17:00:02,252 - INFO - Best fit parameters: [0.35528015].
2023-02-17 17:00:02,298 - INFO - Maximum log composite likelihood: --.
2023-02-17 17:00:02,299 - INFO - Optimal value of theta: 0.0.
2023-02-17 17:00:02,299 - INFO - Beginning optimization with guess, [1.08787637].
2023-02-17 17:00:02,393 - INFO - Finished optimization with guess, [1.08787637].
2023-02-17 17:00:02,393 - INFO - Best fit parameters: [1.08787637].
2023-02-17 17:00:02,439 - INFO - Maximum log composite likelihood: --.
2023-02-17 17:00:02,439 - INFO - Optimal value of theta: 0.0.
2023-02-17 17:00:02,440 - INFO - Beginning optimization with guess, [0.96269295].
2023-02-17 17:00:02,533 - INFO - Finished optimization with guess, [0.96269295].
2023-02-17 17:00:02,533 - INFO - Best fit parameters: [0.96269295].
2023-02-17 17:00:02,579 - INFO - Maximum log composite likelihood: --.
2023-02-17 17:00:02,579 - INFO - Optimal value of theta: 0.0.
2023-02-17 17:00:02,580 - INFO - Beginning optimization with guess, [1.52015672].
2023-02-17 17:00:02,673 - INFO - Finished optimization with guess, [1.52015672].
2023-02-17 17:00:02,673 - INFO - Best fit parameters: [1.52015672].
2023-02-17 17:00:02,719 - INFO - Maximum log composite likelihood: --.
2023-02-17 17:00:02,719 - INFO - Optimal value of theta: 0.0.
2023-02-17 17:00:02,720 - INFO - Beginning optimization with guess, [1.89923969].
2023-02-17 17:00:02,813 - INFO - Finished optimization with guess, [1.89923969].
2023-02-17 17:00:02,813 - INFO - Best fit parameters: [1.89923969].
2023-02-17 17:00:02,859 - INFO - Maximum log composite likelihood: --.
2023-02-17 17:00:02,860 - INFO - Optimal value of theta: 0.0.
2023-02-17 17:00:02,860 - INFO - Beginning optimization with guess, [0.77139503].
2023-02-17 17:00:02,953 - INFO - Finished optimization with guess, [0.77139503].
2023-02-17 17:00:02,953 - INFO - Best fit parameters: [0.77139503].
2023-02-17 17:00:03,000 - INFO - Maximum log composite likelihood: --.
2023-02-17 17:00:03,000 - INFO - Optimal value of theta: 0.0.
2023-02-17 17:00:03,000 - INFO - Beginning optimization with guess, [1.75415939].
2023-02-17 17:00:03,094 - INFO - Finished optimization with guess, [1.75415939].
2023-02-17 17:00:03,094 - INFO - Best fit parameters: [1.75415939].
2023-02-17 17:00:03,140 - INFO - Maximum log composite likelihood: --.
2023-02-17 17:00:03,140 - INFO - Optimal value of theta: 0.0.
2023-02-17 17:00:03,141 - INFO - Beginning optimization with guess, [2.63630758].
2023-02-17 17:00:03,234 - INFO - Finished optimization with guess, [2.63630758].
2023-02-17 17:00:03,234 - INFO - Best fit parameters: [2.63630758].
2023-02-17 17:00:03,280 - INFO - Maximum log composite likelihood: --.
2023-02-17 17:00:03,281 - INFO - Optimal value of theta: 0.0.
2023-02-17 17:00:03,281 - INFO - Beginning optimization with guess, [1.73691089].
2023-02-17 17:00:03,374 - INFO - Finished optimization with guess, [1.73691089].
2023-02-17 17:00:03,374 - INFO - Best fit parameters: [1.73691089].
2023-02-17 17:00:03,420 - INFO - Maximum log composite likelihood: --.
2023-02-17 17:00:03,421 - INFO - Optimal value of theta: 0.0.
2023-02-17 17:00:03,421 - INFO - Beginning optimization with guess, [2.08849924].
2023-02-17 17:00:03,515 - INFO - Finished optimization with guess, [2.08849924].
2023-02-17 17:00:03,515 - INFO - Best fit parameters: [2.08849924].
2023-02-17 17:00:03,561 - INFO - Maximum log composite likelihood: --.
2023-02-17 17:00:03,561 - INFO - Optimal value of theta: 0.0.
2023-02-17 17:00:03,561 - INFO - Beginning optimization with guess, [2.13948292].
2023-02-17 17:00:03,655 - INFO - Finished optimization with guess, [2.13948292].
2023-02-17 17:00:03,655 - INFO - Best fit parameters: [2.13948292].
2023-02-17 17:00:03,701 - INFO - Maximum log composite likelihood: --.
2023-02-17 17:00:03,702 - INFO - Optimal value of theta: 0.0.
2023-02-17 17:00:03,702 - INFO - Beginning optimization with guess, [1.62694831].
2023-02-17 17:00:03,795 - INFO - Finished optimization with guess, [1.62694831].
2023-02-17 17:00:03,796 - INFO - Best fit parameters: [1.62694831].
2023-02-17 17:00:03,842 - INFO - Maximum log composite likelihood: --.
2023-02-17 17:00:03,842 - INFO - Optimal value of theta: 0.0.
2023-02-17 17:00:03,843 - INFO - Beginning optimization with guess, [2.07142057].
2023-02-17 17:00:03,936 - INFO - Finished optimization with guess, [2.07142057].
2023-02-17 17:00:03,936 - INFO - Best fit parameters: [2.07142057].
2023-02-17 17:00:03,982 - INFO - Maximum log composite likelihood: --.
2023-02-17 17:00:03,983 - INFO - Optimal value of theta: 0.0.
2023-02-17 17:00:03,983 - INFO - Beginning optimization with guess, [2.87242067].
2023-02-17 17:00:04,077 - INFO - Finished optimization with guess, [2.87242067].
2023-02-17 17:00:04,077 - INFO - Best fit parameters: [2.87242067].
2023-02-17 17:00:04,123 - INFO - Maximum log composite likelihood: --.
2023-02-17 17:00:04,123 - INFO - Optimal value of theta: 0.0.
2023-02-17 17:00:04,124 - INFO - Beginning optimization with guess, [5.76503829].
2023-02-17 17:00:04,217 - INFO - Finished optimization with guess, [5.76503829].
2023-02-17 17:00:04,217 - INFO - Best fit parameters: [5.76503829].
2023-02-17 17:00:04,265 - INFO - Maximum log composite likelihood: --.
2023-02-17 17:00:04,266 - INFO - Optimal value of theta: 0.0.
2023-02-17 17:00:04,266 - INFO - Beginning optimization with guess, [5.43098899].
2023-02-17 17:00:04,361 - INFO - Finished optimization with guess, [5.43098899].
2023-02-17 17:00:04,361 - INFO - Best fit parameters: [5.43098899].
2023-02-17 17:00:04,407 - INFO - Maximum log composite likelihood: --.
2023-02-17 17:00:04,407 - INFO - Optimal value of theta: 0.0.
2023-02-17 17:00:04,408 - INFO - Beginning optimization with guess, [6.13637569].
2023-02-17 17:00:04,501 - INFO - Finished optimization with guess, [6.13637569].
2023-02-17 17:00:04,501 - INFO - Best fit parameters: [6.13637569].
2023-02-17 17:00:04,547 - INFO - Maximum log composite likelihood: --.
2023-02-17 17:00:04,548 - INFO - Optimal value of theta: 0.0.
2023-02-17 17:00:04,548 - INFO - Beginning optimization with guess, [13.11618056].
2023-02-17 17:00:04,641 - INFO - Finished optimization with guess, [13.11618056].
2023-02-17 17:00:04,641 - INFO - Best fit parameters: [13.11618056].
2023-02-17 17:00:04,688 - INFO - Maximum log composite likelihood: --.
2023-02-17 17:00:04,688 - INFO - Optimal value of theta: 0.0.
2023-02-17 17:00:04,688 - INFO - Beginning optimization with guess, [15.36857451].
2023-02-17 17:00:04,784 - INFO - Finished optimization with guess, [15.36857451].
2023-02-17 17:00:04,784 - INFO - Best fit parameters: [15.36857451].
2023-02-17 17:00:04,830 - INFO - Maximum log composite likelihood: --.
2023-02-17 17:00:04,830 - INFO - Optimal value of theta: 0.0.
