2022-08-25 14:14:45,866 - INFO - Beginning execution of fit_one_epoch.py in directory /u/project/ngarud/jonmah/demo_for_ccgb/Scripts

2022-08-25 14:14:45,866 - INFO - Progress is being logged to ../Analysis/Alistipes_shahii_62199_downsampled/log.log

2022-08-25 14:14:45,866 - INFO - Parsed the following arguments:
	mask_doubletons = False
	syn_input_sfs = ../Analysis/Alistipes_shahii_62199_downsampled/empirical_sfs.txt
	mask_singletons = True
	outprefix = ../Analysis/Alistipes_shahii_62199_downsampled/

2022-08-25 14:14:45,880 - INFO - Beginning demographic inference for exponential growth demographic model.
2022-08-25 14:14:45,881 - INFO - Beginning optimization with guess, [5.81712134e-07 1.51060671e-06].
2022-08-25 14:14:47,327 - INFO - Finished optimization with guess, [5.81712134e-07 1.51060671e-06].
2022-08-25 14:14:47,327 - INFO - Best fit parameters: [4.07832513e-06 9.38885411e-09].
2022-08-25 14:14:47,365 - INFO - Maximum log composite likelihood: -39.6482925377.
2022-08-25 14:14:47,366 - INFO - Optimal value of theta: 3703.17958515.
2022-08-25 14:14:47,366 - INFO - Beginning optimization with guess, [1.58610957e-05 1.52193392e-06].
2022-08-25 14:14:48,595 - INFO - Finished optimization with guess, [1.58610957e-05 1.52193392e-06].
2022-08-25 14:14:48,595 - INFO - Best fit parameters: [3.32490213e-05 1.97396367e-07].
2022-08-25 14:14:48,636 - INFO - Maximum log composite likelihood: -39.6565807651.
2022-08-25 14:14:48,637 - INFO - Optimal value of theta: 3706.58117879.
2022-08-25 14:14:48,637 - INFO - Beginning optimization with guess, [5.79415842e-05 1.44376611e-06].
2022-08-25 14:14:49,751 - INFO - Finished optimization with guess, [5.79415842e-05 1.44376611e-06].
2022-08-25 14:14:49,752 - INFO - Best fit parameters: [2.18758119e-04 3.81227654e-07].
2022-08-25 14:14:49,790 - INFO - Maximum log composite likelihood: -39.6479404443.
2022-08-25 14:14:49,790 - INFO - Optimal value of theta: 3702.89284625.
2022-08-25 14:14:49,790 - INFO - Beginning optimization with guess, [7.15761722e-04 1.04680647e-06].
2022-08-25 14:14:50,687 - INFO - Finished optimization with guess, [7.15761722e-04 1.04680647e-06].
2022-08-25 14:14:50,687 - INFO - Best fit parameters: [2.64663103e-03 2.81398739e-07].
2022-08-25 14:14:50,725 - INFO - Maximum log composite likelihood: -39.6473062692.
2022-08-25 14:14:50,725 - INFO - Optimal value of theta: 3702.49212848.
2022-08-25 14:14:50,726 - INFO - Beginning optimization with guess, [7.83918431e-03 1.24266059e-06].
2022-08-25 14:14:50,949 - INFO - Finished optimization with guess, [7.83918431e-03 1.24266059e-06].
2022-08-25 14:14:50,950 - INFO - Best fit parameters: [7.83932290e-03 1.24263867e-06].
2022-08-25 14:14:50,987 - INFO - Maximum log composite likelihood: -39.6473111675.
2022-08-25 14:14:50,988 - INFO - Optimal value of theta: 3702.49403914.
2022-08-25 14:14:50,988 - INFO - Beginning optimization with guess, [4.28853169e-01 5.48555675e-07].
2022-08-25 14:14:51,100 - INFO - Finished optimization with guess, [4.28853169e-01 5.48555675e-07].
2022-08-25 14:14:51,100 - INFO - Best fit parameters: [4.28853169e-01 5.48555675e-07].
2022-08-25 14:14:51,137 - INFO - Maximum log composite likelihood: -39.6473020632.
2022-08-25 14:14:51,138 - INFO - Optimal value of theta: 3702.49054573.
2022-08-25 14:14:51,138 - INFO - Beginning optimization with guess, [1.18110799e+00 1.52470202e-06].
2022-08-25 14:14:51,249 - INFO - Finished optimization with guess, [1.18110799e+00 1.52470202e-06].
2022-08-25 14:14:51,249 - INFO - Best fit parameters: [1.18110799e+00 1.52470202e-06].
2022-08-25 14:14:51,287 - INFO - Maximum log composite likelihood: -39.6473020628.
2022-08-25 14:14:51,287 - INFO - Optimal value of theta: 3702.49054556.
2022-08-25 14:14:51,287 - INFO - Beginning optimization with guess, [6.85967180e-01 1.51394124e-06].
2022-08-25 14:14:51,399 - INFO - Finished optimization with guess, [6.85967180e-01 1.51394124e-06].
2022-08-25 14:14:51,399 - INFO - Best fit parameters: [6.85967180e-01 1.51394124e-06].
2022-08-25 14:14:51,436 - INFO - Maximum log composite likelihood: -39.6473020635.
2022-08-25 14:14:51,437 - INFO - Optimal value of theta: 3702.49054581.
2022-08-25 14:14:51,437 - INFO - Beginning optimization with guess, [5.42098669e-01 9.97874909e-07].
2022-08-25 14:14:51,548 - INFO - Finished optimization with guess, [5.42098669e-01 9.97874909e-07].
2022-08-25 14:14:51,549 - INFO - Best fit parameters: [5.42098669e-01 9.97874909e-07].
2022-08-25 14:14:51,586 - INFO - Maximum log composite likelihood: -39.6473020635.
2022-08-25 14:14:51,586 - INFO - Optimal value of theta: 3702.49054582.
2022-08-25 14:14:51,587 - INFO - Beginning optimization with guess, [6.25205625e-01 1.00384337e-06].
2022-08-25 14:14:51,698 - INFO - Finished optimization with guess, [6.25205625e-01 1.00384337e-06].
2022-08-25 14:14:51,698 - INFO - Best fit parameters: [6.25205625e-01 1.00384337e-06].
2022-08-25 14:14:51,735 - INFO - Maximum log composite likelihood: -39.6473020632.
2022-08-25 14:14:51,736 - INFO - Optimal value of theta: 3702.49054574.
2022-08-25 14:14:51,736 - INFO - Beginning optimization with guess, [1.70670385e+00 5.16257938e-07].
2022-08-25 14:14:51,848 - INFO - Finished optimization with guess, [1.70670385e+00 5.16257938e-07].
2022-08-25 14:14:51,848 - INFO - Best fit parameters: [1.70670385e+00 5.16257938e-07].
2022-08-25 14:14:51,885 - INFO - Maximum log composite likelihood: -39.6473020629.
2022-08-25 14:14:51,886 - INFO - Optimal value of theta: 3702.4905456.
2022-08-25 14:14:51,886 - INFO - Beginning optimization with guess, [1.62515626e+00 8.75934818e-07].
2022-08-25 14:14:51,998 - INFO - Finished optimization with guess, [1.62515626e+00 8.75934818e-07].
2022-08-25 14:14:51,998 - INFO - Best fit parameters: [1.62515626e+00 8.75934818e-07].
2022-08-25 14:14:52,035 - INFO - Maximum log composite likelihood: -39.6473020628.
2022-08-25 14:14:52,036 - INFO - Optimal value of theta: 3702.49054558.
2022-08-25 14:14:52,036 - INFO - Beginning optimization with guess, [1.08597021e+00 1.48802147e-06].
2022-08-25 14:14:52,147 - INFO - Finished optimization with guess, [1.08597021e+00 1.48802147e-06].
2022-08-25 14:14:52,148 - INFO - Best fit parameters: [1.08597021e+00 1.48802147e-06].
2022-08-25 14:14:52,185 - INFO - Maximum log composite likelihood: -39.6473020628.
2022-08-25 14:14:52,185 - INFO - Optimal value of theta: 3702.49054558.
2022-08-25 14:14:52,185 - INFO - Beginning optimization with guess, [2.03553890e+00 7.53562447e-07].
2022-08-25 14:14:52,297 - INFO - Finished optimization with guess, [2.03553890e+00 7.53562447e-07].
2022-08-25 14:14:52,297 - INFO - Best fit parameters: [2.03553890e+00 7.53562447e-07].
2022-08-25 14:14:52,334 - INFO - Maximum log composite likelihood: -39.6473020628.
2022-08-25 14:14:52,335 - INFO - Optimal value of theta: 3702.49054558.
2022-08-25 14:14:52,335 - INFO - Beginning optimization with guess, [3.30863817e+00 1.82876677e-06].
2022-08-25 14:14:52,447 - INFO - Finished optimization with guess, [3.30863817e+00 1.82876677e-06].
2022-08-25 14:14:52,447 - INFO - Best fit parameters: [3.30863817e+00 1.82876677e-06].
2022-08-25 14:14:52,484 - INFO - Maximum log composite likelihood: -39.6473020626.
2022-08-25 14:14:52,485 - INFO - Optimal value of theta: 3702.49054551.
2022-08-25 14:14:52,485 - INFO - Beginning optimization with guess, [2.30666027e+00 1.86583021e-06].
2022-08-25 14:14:52,599 - INFO - Finished optimization with guess, [2.30666027e+00 1.86583021e-06].
2022-08-25 14:14:52,600 - INFO - Best fit parameters: [2.30666027e+00 1.86583021e-06].
2022-08-25 14:14:52,637 - INFO - Maximum log composite likelihood: -39.6473020625.
2022-08-25 14:14:52,637 - INFO - Optimal value of theta: 3702.49054549.
2022-08-25 14:14:52,637 - INFO - Beginning optimization with guess, [3.00380394e+00 5.55842159e-07].
2022-08-25 14:14:52,749 - INFO - Finished optimization with guess, [3.00380394e+00 5.55842159e-07].
2022-08-25 14:14:52,749 - INFO - Best fit parameters: [3.00380394e+00 5.55842159e-07].
2022-08-25 14:14:52,786 - INFO - Maximum log composite likelihood: -39.6473020629.
2022-08-25 14:14:52,787 - INFO - Optimal value of theta: 3702.49054559.
2022-08-25 14:14:52,787 - INFO - Beginning optimization with guess, [4.09983858e+00 8.88673719e-07].
2022-08-25 14:14:52,898 - INFO - Finished optimization with guess, [4.09983858e+00 8.88673719e-07].
2022-08-25 14:14:52,899 - INFO - Best fit parameters: [4.09983858e+00 8.88673719e-07].
2022-08-25 14:14:52,935 - INFO - Maximum log composite likelihood: -39.6473020628.
2022-08-25 14:14:52,936 - INFO - Optimal value of theta: 3702.49054558.
2022-08-25 14:14:52,936 - INFO - Beginning optimization with guess, [1.86489708e+00 7.50346360e-07].
2022-08-25 14:14:53,048 - INFO - Finished optimization with guess, [1.86489708e+00 7.50346360e-07].
2022-08-25 14:14:53,048 - INFO - Best fit parameters: [1.86489708e+00 7.50346360e-07].
2022-08-25 14:14:53,085 - INFO - Maximum log composite likelihood: -39.6473020628.
2022-08-25 14:14:53,085 - INFO - Optimal value of theta: 3702.49054558.
2022-08-25 14:14:53,086 - INFO - Beginning optimization with guess, [3.69678666e+00 5.27763237e-07].
2022-08-25 14:14:53,197 - INFO - Finished optimization with guess, [3.69678666e+00 5.27763237e-07].
2022-08-25 14:14:53,197 - INFO - Best fit parameters: [3.69678666e+00 5.27763237e-07].
2022-08-25 14:14:53,234 - INFO - Maximum log composite likelihood: -39.6473020629.
2022-08-25 14:14:53,235 - INFO - Optimal value of theta: 3702.4905456.
2022-08-25 14:14:53,235 - INFO - Beginning optimization with guess, [4.26561092e+00 1.34352881e-06].
2022-08-25 14:14:53,346 - INFO - Finished optimization with guess, [4.26561092e+00 1.34352881e-06].
2022-08-25 14:14:53,347 - INFO - Best fit parameters: [4.26561092e+00 1.34352881e-06].
2022-08-25 14:14:53,384 - INFO - Maximum log composite likelihood: -39.6473020627.
2022-08-25 14:14:53,384 - INFO - Optimal value of theta: 3702.49054556.
2022-08-25 14:14:53,385 - INFO - Beginning optimization with guess, [2.87290426e+00 6.71716789e-07].
2022-08-25 14:14:53,496 - INFO - Finished optimization with guess, [2.87290426e+00 6.71716789e-07].
2022-08-25 14:14:53,496 - INFO - Best fit parameters: [2.87290426e+00 6.71716789e-07].
2022-08-25 14:14:53,533 - INFO - Maximum log composite likelihood: -39.6473020628.
2022-08-25 14:14:53,534 - INFO - Optimal value of theta: 3702.49054559.
2022-08-25 14:14:53,534 - INFO - Beginning optimization with guess, [7.96279942e+00 1.23008522e-06].
2022-08-25 14:14:53,645 - INFO - Finished optimization with guess, [7.96279942e+00 1.23008522e-06].
2022-08-25 14:14:53,646 - INFO - Best fit parameters: [7.96279942e+00 1.23008522e-06].
2022-08-25 14:14:53,683 - INFO - Maximum log composite likelihood: -39.6473020628.
2022-08-25 14:14:53,683 - INFO - Optimal value of theta: 3702.49054558.
2022-08-25 14:14:53,683 - INFO - Beginning optimization with guess, [7.78439857e+00 7.10063670e-07].
2022-08-25 14:14:53,795 - INFO - Finished optimization with guess, [7.78439857e+00 7.10063670e-07].
2022-08-25 14:14:53,795 - INFO - Best fit parameters: [7.78439857e+00 7.10063670e-07].
2022-08-25 14:14:53,832 - INFO - Maximum log composite likelihood: -39.6473020629.
2022-08-25 14:14:53,832 - INFO - Optimal value of theta: 3702.4905456.
2022-08-25 14:14:53,832 - INFO - Beginning optimization with guess, [1.53243156e+01 6.06473671e-07].
2022-08-25 14:14:53,944 - INFO - Finished optimization with guess, [1.53243156e+01 6.06473671e-07].
2022-08-25 14:14:53,944 - INFO - Best fit parameters: [1.53243156e+01 6.06473671e-07].
2022-08-25 14:14:53,981 - INFO - Maximum log composite likelihood: -39.6473020629.
2022-08-25 14:14:53,981 - INFO - Optimal value of theta: 3702.4905456.
2022-08-25 14:14:53,983 - INFO - Beginning demographic inference for two-epoch demographic model.
2022-08-25 14:14:53,985 - INFO - Beginning optimization with guess, [1.15349932e-06 6.59642129e-07].
2022-08-25 14:14:55,040 - INFO - Finished optimization with guess, [1.15349932e-06 6.59642129e-07].
2022-08-25 14:14:55,040 - INFO - Best fit parameters: [1.66778159e-06 4.22660011e-09].
2022-08-25 14:14:55,079 - INFO - Maximum log composite likelihood: -39.6484641042.
2022-08-25 14:14:55,079 - INFO - Optimal value of theta: 3703.31912004.
2022-08-25 14:14:55,079 - INFO - Beginning optimization with guess, [1.33732085e-05 9.72631382e-07].
2022-08-25 14:14:56,198 - INFO - Finished optimization with guess, [1.33732085e-05 9.72631382e-07].
2022-08-25 14:14:56,199 - INFO - Best fit parameters: [2.47342084e-05 1.37658483e-07].
2022-08-25 14:14:56,265 - INFO - Maximum log composite likelihood: -39.6546062726.
2022-08-25 14:14:56,266 - INFO - Optimal value of theta: 3705.51634704.
2022-08-25 14:14:56,266 - INFO - Beginning optimization with guess, [2.18857444e-04 1.88734623e-06].
2022-08-25 14:14:57,299 - INFO - Finished optimization with guess, [2.18857444e-04 1.88734623e-06].
2022-08-25 14:14:57,300 - INFO - Best fit parameters: [6.00975092e-04 6.86549928e-07].
2022-08-25 14:14:57,337 - INFO - Maximum log composite likelihood: -39.6476303116.
2022-08-25 14:14:57,337 - INFO - Optimal value of theta: 3702.66699285.
2022-08-25 14:14:57,337 - INFO - Beginning optimization with guess, [2.25103626e-03 1.45273219e-06].
2022-08-25 14:14:58,120 - INFO - Finished optimization with guess, [2.25103626e-03 1.45273219e-06].
2022-08-25 14:14:58,120 - INFO - Best fit parameters: [6.36664253e-03 5.24285536e-07].
2022-08-25 14:14:58,158 - INFO - Maximum log composite likelihood: -39.6473046013.
2022-08-25 14:14:58,158 - INFO - Optimal value of theta: 3702.49149231.
2022-08-25 14:14:58,158 - INFO - Beginning optimization with guess, [9.02896399e-03 5.82324351e-07].
2022-08-25 14:14:58,270 - INFO - Finished optimization with guess, [9.02896399e-03 5.82324351e-07].
2022-08-25 14:14:58,270 - INFO - Best fit parameters: [9.02896399e-03 5.82324351e-07].
2022-08-25 14:14:58,307 - INFO - Maximum log composite likelihood: -39.647303627.
2022-08-25 14:14:58,307 - INFO - Optimal value of theta: 3702.49112504.
2022-08-25 14:14:58,308 - INFO - Beginning optimization with guess, [1.13457482e+00 6.54494237e-07].
2022-08-25 14:14:58,419 - INFO - Finished optimization with guess, [1.13457482e+00 6.54494237e-07].
2022-08-25 14:14:58,419 - INFO - Best fit parameters: [1.13457482e+00 6.54494237e-07].
2022-08-25 14:14:58,456 - INFO - Maximum log composite likelihood: -39.6473020629.
2022-08-25 14:14:58,456 - INFO - Optimal value of theta: 3702.4905456.
2022-08-25 14:14:58,456 - INFO - Beginning optimization with guess, [6.37728228e-01 7.90597132e-07].
2022-08-25 14:14:58,567 - INFO - Finished optimization with guess, [6.37728228e-01 7.90597132e-07].
2022-08-25 14:14:58,568 - INFO - Best fit parameters: [6.37728228e-01 7.90597132e-07].
2022-08-25 14:14:58,604 - INFO - Maximum log composite likelihood: -39.6473020631.
2022-08-25 14:14:58,605 - INFO - Optimal value of theta: 3702.49054568.
2022-08-25 14:14:58,605 - INFO - Beginning optimization with guess, [9.86384327e-01 9.04912336e-07].
2022-08-25 14:14:58,716 - INFO - Finished optimization with guess, [9.86384327e-01 9.04912336e-07].
2022-08-25 14:14:58,716 - INFO - Best fit parameters: [9.86384327e-01 9.04912336e-07].
2022-08-25 14:14:58,753 - INFO - Maximum log composite likelihood: -39.6473020629.
2022-08-25 14:14:58,754 - INFO - Optimal value of theta: 3702.49054561.
2022-08-25 14:14:58,754 - INFO - Beginning optimization with guess, [1.41262004e+00 1.30666018e-06].
2022-08-25 14:14:58,865 - INFO - Finished optimization with guess, [1.41262004e+00 1.30666018e-06].
2022-08-25 14:14:58,865 - INFO - Best fit parameters: [1.41262004e+00 1.30666018e-06].
2022-08-25 14:14:58,902 - INFO - Maximum log composite likelihood: -39.6473020627.
2022-08-25 14:14:58,902 - INFO - Optimal value of theta: 3702.49054556.
2022-08-25 14:14:58,903 - INFO - Beginning optimization with guess, [5.16625038e-01 1.05975880e-06].
2022-08-25 14:14:59,014 - INFO - Finished optimization with guess, [5.16625038e-01 1.05975880e-06].
2022-08-25 14:14:59,014 - INFO - Best fit parameters: [5.16625038e-01 1.05975880e-06].
2022-08-25 14:14:59,051 - INFO - Maximum log composite likelihood: -39.6473020636.
2022-08-25 14:14:59,051 - INFO - Optimal value of theta: 3702.49054588.
2022-08-25 14:14:59,051 - INFO - Beginning optimization with guess, [1.15455920e+00 7.68438331e-07].
2022-08-25 14:14:59,162 - INFO - Finished optimization with guess, [1.15455920e+00 7.68438331e-07].
2022-08-25 14:14:59,163 - INFO - Best fit parameters: [1.15455920e+00 7.68438331e-07].
2022-08-25 14:14:59,199 - INFO - Maximum log composite likelihood: -39.6473020628.
2022-08-25 14:14:59,200 - INFO - Optimal value of theta: 3702.49054559.
2022-08-25 14:14:59,200 - INFO - Beginning optimization with guess, [8.18103089e-01 1.61976634e-06].
2022-08-25 14:14:59,311 - INFO - Finished optimization with guess, [8.18103089e-01 1.61976634e-06].
2022-08-25 14:14:59,311 - INFO - Best fit parameters: [8.18103089e-01 1.61976634e-06].
2022-08-25 14:14:59,348 - INFO - Maximum log composite likelihood: -39.6473020631.
2022-08-25 14:14:59,348 - INFO - Optimal value of theta: 3702.4905457.
2022-08-25 14:14:59,349 - INFO - Beginning optimization with guess, [2.77891978e+00 5.62639763e-07].
2022-08-25 14:14:59,460 - INFO - Finished optimization with guess, [2.77891978e+00 5.62639763e-07].
2022-08-25 14:14:59,460 - INFO - Best fit parameters: [2.77891978e+00 5.62639763e-07].
2022-08-25 14:14:59,497 - INFO - Maximum log composite likelihood: -39.6473020628.
2022-08-25 14:14:59,497 - INFO - Optimal value of theta: 3702.49054559.
2022-08-25 14:14:59,498 - INFO - Beginning optimization with guess, [1.01283829e+00 5.83543936e-07].
2022-08-25 14:14:59,610 - INFO - Finished optimization with guess, [1.01283829e+00 5.83543936e-07].
2022-08-25 14:14:59,611 - INFO - Best fit parameters: [1.01283829e+00 5.83543936e-07].
2022-08-25 14:14:59,648 - INFO - Maximum log composite likelihood: -39.6473020629.
2022-08-25 14:14:59,648 - INFO - Optimal value of theta: 3702.4905456.
2022-08-25 14:14:59,648 - INFO - Beginning optimization with guess, [4.17688791e+00 1.05319837e-06].
2022-08-25 14:14:59,759 - INFO - Finished optimization with guess, [4.17688791e+00 1.05319837e-06].
2022-08-25 14:14:59,760 - INFO - Best fit parameters: [4.17688791e+00 1.05319837e-06].
2022-08-25 14:14:59,796 - INFO - Maximum log composite likelihood: -39.6473020628.
2022-08-25 14:14:59,797 - INFO - Optimal value of theta: 3702.49054558.
2022-08-25 14:14:59,797 - INFO - Beginning optimization with guess, [3.43196877e+00 1.96549331e-06].
2022-08-25 14:14:59,908 - INFO - Finished optimization with guess, [3.43196877e+00 1.96549331e-06].
2022-08-25 14:14:59,909 - INFO - Best fit parameters: [3.43196877e+00 1.96549331e-06].
2022-08-25 14:14:59,945 - INFO - Maximum log composite likelihood: -39.6473020626.
2022-08-25 14:14:59,946 - INFO - Optimal value of theta: 3702.49054549.
2022-08-25 14:14:59,946 - INFO - Beginning optimization with guess, [3.91493315e+00 5.58617729e-07].
2022-08-25 14:15:00,057 - INFO - Finished optimization with guess, [3.91493315e+00 5.58617729e-07].
2022-08-25 14:15:00,057 - INFO - Best fit parameters: [3.91493315e+00 5.58617729e-07].
2022-08-25 14:15:00,094 - INFO - Maximum log composite likelihood: -39.6473020629.
2022-08-25 14:15:00,094 - INFO - Optimal value of theta: 3702.4905456.
2022-08-25 14:15:00,095 - INFO - Beginning optimization with guess, [4.21269172e+00 6.44116233e-07].
2022-08-25 14:15:00,205 - INFO - Finished optimization with guess, [4.21269172e+00 6.44116233e-07].
2022-08-25 14:15:00,206 - INFO - Best fit parameters: [4.21269172e+00 6.44116233e-07].
2022-08-25 14:15:00,242 - INFO - Maximum log composite likelihood: -39.6473020628.
2022-08-25 14:15:00,243 - INFO - Optimal value of theta: 3702.49054559.
2022-08-25 14:15:00,243 - INFO - Beginning optimization with guess, [5.31779116e+00 6.74458057e-07].
2022-08-25 14:15:00,354 - INFO - Finished optimization with guess, [5.31779116e+00 6.74458057e-07].
2022-08-25 14:15:00,354 - INFO - Best fit parameters: [5.31779116e+00 6.74458057e-07].
2022-08-25 14:15:00,391 - INFO - Maximum log composite likelihood: -39.6473020628.
2022-08-25 14:15:00,391 - INFO - Optimal value of theta: 3702.49054559.
2022-08-25 14:15:00,392 - INFO - Beginning optimization with guess, [3.15323481e+00 8.61186120e-07].
2022-08-25 14:15:00,502 - INFO - Finished optimization with guess, [3.15323481e+00 8.61186120e-07].
2022-08-25 14:15:00,503 - INFO - Best fit parameters: [3.15323481e+00 8.61186120e-07].
2022-08-25 14:15:00,539 - INFO - Maximum log composite likelihood: -39.6473020628.
2022-08-25 14:15:00,540 - INFO - Optimal value of theta: 3702.49054558.
2022-08-25 14:15:00,540 - INFO - Beginning optimization with guess, [6.07268397e+00 1.99214866e-06].
2022-08-25 14:15:00,653 - INFO - Finished optimization with guess, [6.07268397e+00 1.99214866e-06].
2022-08-25 14:15:00,653 - INFO - Best fit parameters: [6.07268397e+00 1.99214866e-06].
2022-08-25 14:15:00,690 - INFO - Maximum log composite likelihood: -39.6473020627.
2022-08-25 14:15:00,690 - INFO - Optimal value of theta: 3702.49054553.
2022-08-25 14:15:00,691 - INFO - Beginning optimization with guess, [5.78023548e+00 7.56771090e-07].
2022-08-25 14:15:00,802 - INFO - Finished optimization with guess, [5.78023548e+00 7.56771090e-07].
2022-08-25 14:15:00,802 - INFO - Best fit parameters: [5.78023548e+00 7.56771090e-07].
2022-08-25 14:15:00,839 - INFO - Maximum log composite likelihood: -39.6473020628.
2022-08-25 14:15:00,840 - INFO - Optimal value of theta: 3702.49054559.
2022-08-25 14:15:00,840 - INFO - Beginning optimization with guess, [5.19428362e+00 1.23240038e-06].
2022-08-25 14:15:00,951 - INFO - Finished optimization with guess, [5.19428362e+00 1.23240038e-06].
2022-08-25 14:15:00,951 - INFO - Best fit parameters: [5.19428362e+00 1.23240038e-06].
2022-08-25 14:15:00,988 - INFO - Maximum log composite likelihood: -39.6473020628.
2022-08-25 14:15:00,988 - INFO - Optimal value of theta: 3702.49054557.
2022-08-25 14:15:00,989 - INFO - Beginning optimization with guess, [4.00839779e+00 1.92004497e-06].
2022-08-25 14:15:01,099 - INFO - Finished optimization with guess, [4.00839779e+00 1.92004497e-06].
2022-08-25 14:15:01,100 - INFO - Best fit parameters: [4.00839779e+00 1.92004497e-06].
2022-08-25 14:15:01,136 - INFO - Maximum log composite likelihood: -39.6473020626.
2022-08-25 14:15:01,137 - INFO - Optimal value of theta: 3702.49054551.
2022-08-25 14:15:01,137 - INFO - Beginning optimization with guess, [7.01124074e+00 6.81596576e-07].
2022-08-25 14:15:01,248 - INFO - Finished optimization with guess, [7.01124074e+00 6.81596576e-07].
2022-08-25 14:15:01,248 - INFO - Best fit parameters: [7.01124074e+00 6.81596576e-07].
2022-08-25 14:15:01,285 - INFO - Maximum log composite likelihood: -39.6473020629.
2022-08-25 14:15:01,285 - INFO - Optimal value of theta: 3702.4905456.
2022-08-25 14:15:01,288 - INFO - Beginning demographic inference for bottleneck + growth demographic model.
2022-08-25 14:15:01,289 - INFO - Beginning optimization with guess, [1.00169854e-06 8.02152744e-07 1.14035063e-06].
2022-08-25 14:15:02,597 - INFO - Finished optimization with guess, [1.00169854e-06 8.02152744e-07 1.14035063e-06].
2022-08-25 14:15:02,598 - INFO - Best fit parameters: [7.19813487e-06 7.14162949e-06 1.86057936e-08].
2022-08-25 14:15:02,635 - INFO - Maximum log composite likelihood: -39.6485204713.
2022-08-25 14:15:02,636 - INFO - Optimal value of theta: 3703.36413382.
2022-08-25 14:15:02,636 - INFO - Beginning optimization with guess, [9.54813559e-06 1.54104497e-05 7.75536650e-07].
2022-08-25 14:15:03,695 - INFO - Finished optimization with guess, [9.54813559e-06 1.54104497e-05 7.75536650e-07].
2022-08-25 14:15:03,695 - INFO - Best fit parameters: [1.72218056e-05 3.05310991e-05 1.72434311e-07].
2022-08-25 14:15:03,733 - INFO - Maximum log composite likelihood: -39.6601930477.
2022-08-25 14:15:03,734 - INFO - Optimal value of theta: 3706.45117386.
2022-08-25 14:15:03,734 - INFO - Beginning optimization with guess, [1.66569695e-04 9.33240323e-05 1.43777719e-06].
2022-08-25 14:15:04,875 - INFO - Finished optimization with guess, [1.66569695e-04 9.33240323e-05 1.43777719e-06].
2022-08-25 14:15:04,875 - INFO - Best fit parameters: [1.69273645e-04 2.19714187e-04 5.98797296e-07].
2022-08-25 14:15:04,913 - INFO - Maximum log composite likelihood: -39.6486201013.
2022-08-25 14:15:04,913 - INFO - Optimal value of theta: 3703.44254579.
2022-08-25 14:15:04,914 - INFO - Beginning optimization with guess, [1.44147154e-03 9.56062400e-04 5.75114602e-07].
2022-08-25 14:15:05,212 - INFO - Finished optimization with guess, [1.44147154e-03 9.56062400e-04 5.75114602e-07].
2022-08-25 14:15:05,212 - INFO - Best fit parameters: [1.44147154e-03 9.56249557e-04 5.75001921e-07].
2022-08-25 14:15:05,250 - INFO - Maximum log composite likelihood: -39.6474126928.
2022-08-25 14:15:05,250 - INFO - Optimal value of theta: 3702.54036254.
2022-08-25 14:15:05,250 - INFO - Beginning optimization with guess, [1.61344636e-02 8.62582448e-03 1.91075085e-06].
2022-08-25 14:15:05,547 - INFO - Finished optimization with guess, [1.61344636e-02 8.62582448e-03 1.91075085e-06].
2022-08-25 14:15:05,548 - INFO - Best fit parameters: [1.61344636e-02 8.62611083e-03 1.91068759e-06].
2022-08-25 14:15:05,585 - INFO - Maximum log composite likelihood: -39.6473193771.
2022-08-25 14:15:05,586 - INFO - Optimal value of theta: 3702.49734629.
2022-08-25 14:15:05,586 - INFO - Beginning optimization with guess, [4.25723851e-01 5.58081138e-01 1.91433383e-06].
2022-08-25 14:15:05,732 - INFO - Finished optimization with guess, [4.25723851e-01 5.58081138e-01 1.91433383e-06].
2022-08-25 14:15:05,733 - INFO - Best fit parameters: [4.25723851e-01 5.58081138e-01 1.91433383e-06].
2022-08-25 14:15:05,769 - INFO - Maximum log composite likelihood: -39.6473020649.
2022-08-25 14:15:05,770 - INFO - Optimal value of theta: 3702.49054632.
2022-08-25 14:15:05,770 - INFO - Beginning optimization with guess, [1.10866634e+00 1.25412497e+00 1.46424926e-06].
2022-08-25 14:15:05,919 - INFO - Finished optimization with guess, [1.10866634e+00 1.25412497e+00 1.46424926e-06].
2022-08-25 14:15:05,919 - INFO - Best fit parameters: [1.10866634e+00 1.25412497e+00 1.46424926e-06].
2022-08-25 14:15:05,956 - INFO - Maximum log composite likelihood: -39.6473020627.
2022-08-25 14:15:05,956 - INFO - Optimal value of theta: 3702.49054556.
2022-08-25 14:15:05,956 - INFO - Beginning optimization with guess, [1.18144126e+00 1.22374181e+00 1.23460546e-06].
2022-08-25 14:15:06,104 - INFO - Finished optimization with guess, [1.18144126e+00 1.22374181e+00 1.23460546e-06].
2022-08-25 14:15:06,104 - INFO - Best fit parameters: [1.18144126e+00 1.22374181e+00 1.23460546e-06].
2022-08-25 14:15:06,141 - INFO - Maximum log composite likelihood: -39.6473020628.
2022-08-25 14:15:06,141 - INFO - Optimal value of theta: 3702.49054557.
2022-08-25 14:15:06,141 - INFO - Beginning optimization with guess, [7.38431898e-01 1.59465594e+00 5.36532857e-07].
2022-08-25 14:15:06,288 - INFO - Finished optimization with guess, [7.38431898e-01 1.59465594e+00 5.36532857e-07].
2022-08-25 14:15:06,289 - INFO - Best fit parameters: [7.38431898e-01 1.59465594e+00 5.36532857e-07].
2022-08-25 14:15:06,325 - INFO - Maximum log composite likelihood: -39.6473020628.
2022-08-25 14:15:06,326 - INFO - Optimal value of theta: 3702.49054559.
2022-08-25 14:15:06,326 - INFO - Beginning optimization with guess, [8.19666645e-01 6.38367829e-01 9.51407578e-07].
2022-08-25 14:15:06,473 - INFO - Finished optimization with guess, [8.19666645e-01 6.38367829e-01 9.51407578e-07].
2022-08-25 14:15:06,473 - INFO - Best fit parameters: [8.19666645e-01 6.38367829e-01 9.51407578e-07].
2022-08-25 14:15:06,510 - INFO - Maximum log composite likelihood: -39.6473020632.
2022-08-25 14:15:06,510 - INFO - Optimal value of theta: 3702.49054571.
2022-08-25 14:15:06,510 - INFO - Beginning optimization with guess, [2.13710174e+00 1.67127476e+00 8.17929252e-07].
2022-08-25 14:15:06,658 - INFO - Finished optimization with guess, [2.13710174e+00 1.67127476e+00 8.17929252e-07].
2022-08-25 14:15:06,658 - INFO - Best fit parameters: [2.13710174e+00 1.67127476e+00 8.17929252e-07].
2022-08-25 14:15:06,695 - INFO - Maximum log composite likelihood: -39.6473020628.
2022-08-25 14:15:06,696 - INFO - Optimal value of theta: 3702.49054558.
2022-08-25 14:15:06,696 - INFO - Beginning optimization with guess, [2.59849822e+00 7.58061585e-01 1.68073542e-06].
2022-08-25 14:15:06,843 - INFO - Finished optimization with guess, [2.59849822e+00 7.58061585e-01 1.68073542e-06].
2022-08-25 14:15:06,843 - INFO - Best fit parameters: [2.59849822e+00 7.58061585e-01 1.68073542e-06].
2022-08-25 14:15:06,880 - INFO - Maximum log composite likelihood: -39.6473020633.
2022-08-25 14:15:06,880 - INFO - Optimal value of theta: 3702.49054577.
2022-08-25 14:15:06,881 - INFO - Beginning optimization with guess, [1.91260919e+00 8.91183503e-01 7.42335203e-07].
2022-08-25 14:15:07,028 - INFO - Finished optimization with guess, [1.91260919e+00 8.91183503e-01 7.42335203e-07].
2022-08-25 14:15:07,028 - INFO - Best fit parameters: [1.91260919e+00 8.91183503e-01 7.42335203e-07].
2022-08-25 14:15:07,065 - INFO - Maximum log composite likelihood: -39.6473020629.
2022-08-25 14:15:07,065 - INFO - Optimal value of theta: 3702.49054561.
2022-08-25 14:15:07,066 - INFO - Beginning optimization with guess, [2.09098345e+00 1.26778605e+00 1.11719131e-06].
2022-08-25 14:15:07,213 - INFO - Finished optimization with guess, [2.09098345e+00 1.26778605e+00 1.11719131e-06].
2022-08-25 14:15:07,213 - INFO - Best fit parameters: [2.09098345e+00 1.26778605e+00 1.11719131e-06].
2022-08-25 14:15:07,250 - INFO - Maximum log composite likelihood: -39.6473020628.
2022-08-25 14:15:07,251 - INFO - Optimal value of theta: 3702.49054558.
2022-08-25 14:15:07,251 - INFO - Beginning optimization with guess, [3.81990748e+00 2.99835243e+00 6.65117134e-07].
2022-08-25 14:15:07,398 - INFO - Finished optimization with guess, [3.81990748e+00 2.99835243e+00 6.65117134e-07].
2022-08-25 14:15:07,398 - INFO - Best fit parameters: [3.81990748e+00 2.99835243e+00 6.65117134e-07].
2022-08-25 14:15:07,435 - INFO - Maximum log composite likelihood: -39.6473020628.
2022-08-25 14:15:07,435 - INFO - Optimal value of theta: 3702.49054559.
2022-08-25 14:15:07,436 - INFO - Beginning optimization with guess, [1.51609814e+00 2.30092964e+00 9.91161127e-07].
2022-08-25 14:15:07,585 - INFO - Finished optimization with guess, [1.51609814e+00 2.30092964e+00 9.91161127e-07].
2022-08-25 14:15:07,585 - INFO - Best fit parameters: [1.51609814e+00 2.30092964e+00 9.91161127e-07].
2022-08-25 14:15:07,622 - INFO - Maximum log composite likelihood: -39.6473020628.
2022-08-25 14:15:07,622 - INFO - Optimal value of theta: 3702.49054557.
2022-08-25 14:15:07,622 - INFO - Beginning optimization with guess, [3.27242983e+00 3.01971040e+00 1.32789356e-06].
2022-08-25 14:15:07,770 - INFO - Finished optimization with guess, [3.27242983e+00 3.01971040e+00 1.32789356e-06].
2022-08-25 14:15:07,770 - INFO - Best fit parameters: [3.27242983e+00 3.01971040e+00 1.32789356e-06].
2022-08-25 14:15:07,806 - INFO - Maximum log composite likelihood: -39.6473020627.
2022-08-25 14:15:07,807 - INFO - Optimal value of theta: 3702.49054555.
2022-08-25 14:15:07,807 - INFO - Beginning optimization with guess, [1.52575115e+00 1.99663617e+00 1.02195115e-06].
2022-08-25 14:15:07,954 - INFO - Finished optimization with guess, [1.52575115e+00 1.99663617e+00 1.02195115e-06].
2022-08-25 14:15:07,954 - INFO - Best fit parameters: [1.52575115e+00 1.99663617e+00 1.02195115e-06].
2022-08-25 14:15:07,991 - INFO - Maximum log composite likelihood: -39.6473020628.
2022-08-25 14:15:07,992 - INFO - Optimal value of theta: 3702.49054557.
2022-08-25 14:15:07,992 - INFO - Beginning optimization with guess, [5.93713174e+00 4.19363467e+00 1.66066537e-06].
2022-08-25 14:15:08,139 - INFO - Finished optimization with guess, [5.93713174e+00 4.19363467e+00 1.66066537e-06].
2022-08-25 14:15:08,139 - INFO - Best fit parameters: [5.93713174e+00 4.19363467e+00 1.66066537e-06].
2022-08-25 14:15:08,176 - INFO - Maximum log composite likelihood: -39.6473020627.
2022-08-25 14:15:08,176 - INFO - Optimal value of theta: 3702.49054553.
2022-08-25 14:15:08,177 - INFO - Beginning optimization with guess, [2.29286090e+00 4.04019113e+00 1.30764222e-06].
2022-08-25 14:15:08,324 - INFO - Finished optimization with guess, [2.29286090e+00 4.04019113e+00 1.30764222e-06].
2022-08-25 14:15:08,325 - INFO - Best fit parameters: [2.29286090e+00 4.04019113e+00 1.30764222e-06].
2022-08-25 14:15:08,419 - INFO - Maximum log composite likelihood: -39.6473020628.
2022-08-25 14:15:08,420 - INFO - Optimal value of theta: 3702.49054556.
2022-08-25 14:15:08,420 - INFO - Beginning optimization with guess, [5.72287093e+00 3.36340173e+00 1.04150630e-06].
2022-08-25 14:15:08,612 - INFO - Finished optimization with guess, [5.72287093e+00 3.36340173e+00 1.04150630e-06].
2022-08-25 14:15:08,613 - INFO - Best fit parameters: [5.72287093e+00 3.36340173e+00 1.04150630e-06].
2022-08-25 14:15:08,649 - INFO - Maximum log composite likelihood: -39.6473020628.
2022-08-25 14:15:08,649 - INFO - Optimal value of theta: 3702.49054557.
2022-08-25 14:15:08,650 - INFO - Beginning optimization with guess, [3.60019080e+00 5.45535979e+00 5.94554611e-07].
2022-08-25 14:15:08,796 - INFO - Finished optimization with guess, [3.60019080e+00 5.45535979e+00 5.94554611e-07].
2022-08-25 14:15:08,796 - INFO - Best fit parameters: [3.60019080e+00 5.45535979e+00 5.94554611e-07].
2022-08-25 14:15:08,832 - INFO - Maximum log composite likelihood: -39.6473020629.
2022-08-25 14:15:08,833 - INFO - Optimal value of theta: 3702.4905456.
2022-08-25 14:15:08,833 - INFO - Beginning optimization with guess, [7.22809078e+00 8.02769847e+00 6.76065178e-07].
2022-08-25 14:15:09,068 - INFO - Finished optimization with guess, [7.22809078e+00 8.02769847e+00 6.76065178e-07].
2022-08-25 14:15:09,068 - INFO - Best fit parameters: [7.22809078e+00 8.02769847e+00 6.76065178e-07].
2022-08-25 14:15:09,116 - INFO - Maximum log composite likelihood: -39.6473020629.
2022-08-25 14:15:09,117 - INFO - Optimal value of theta: 3702.4905456.
2022-08-25 14:15:09,117 - INFO - Beginning optimization with guess, [1.19544502e+01 1.29052818e+01 1.07330794e-06].
2022-08-25 14:15:09,270 - INFO - Finished optimization with guess, [1.19544502e+01 1.29052818e+01 1.07330794e-06].
2022-08-25 14:15:09,270 - INFO - Best fit parameters: [1.19544502e+01 1.29052818e+01 1.07330794e-06].
2022-08-25 14:15:09,307 - INFO - Maximum log composite likelihood: -39.6473020628.
2022-08-25 14:15:09,307 - INFO - Optimal value of theta: 3702.49054559.
2022-08-25 14:15:09,308 - INFO - Beginning optimization with guess, [1.54565404e+01 1.57451852e+01 1.38979503e-06].
2022-08-25 14:15:09,455 - INFO - Finished optimization with guess, [1.54565404e+01 1.57451852e+01 1.38979503e-06].
2022-08-25 14:15:09,455 - INFO - Best fit parameters: [1.54565404e+01 1.57451852e+01 1.38979503e-06].
2022-08-25 14:15:09,492 - INFO - Maximum log composite likelihood: -39.6473020628.
2022-08-25 14:15:09,493 - INFO - Optimal value of theta: 3702.49054559.
2022-08-25 14:15:09,495 - INFO - Beginning demographic inference for three-epoch demographic model.
2022-08-25 14:15:09,497 - INFO - Beginning optimization with guess, [1.21785953e-06 1.59694599e-06 1.27005475e-06 5.59839444e-07].
2022-08-25 14:15:10,578 - INFO - Finished optimization with guess, [1.21785953e-06 1.59694599e-06 1.27005475e-06 5.59839444e-07].
2022-08-25 14:15:10,578 - INFO - Best fit parameters: [3.35644926e-03 3.38272371e-04 5.03605249e-10 2.66173262e-09].
2022-08-25 14:15:10,617 - INFO - Maximum log composite likelihood: -39.6473020871.
2022-08-25 14:15:10,618 - INFO - Optimal value of theta: 3702.49055439.
2022-08-25 14:15:10,618 - INFO - Beginning optimization with guess, [1.34558127e-05 5.02528584e-06 1.81049562e-06 1.56458367e-06].
2022-08-25 14:15:12,479 - INFO - Finished optimization with guess, [1.34558127e-05 5.02528584e-06 1.81049562e-06 1.56458367e-06].
2022-08-25 14:15:12,479 - INFO - Best fit parameters: [5.69889726e-05 4.66395297e-06 5.28080175e-08 8.31482697e-09].
2022-08-25 14:15:12,517 - INFO - Maximum log composite likelihood: -39.6486508557.
2022-08-25 14:15:12,518 - INFO - Optimal value of theta: 3703.23959878.
2022-08-25 14:15:12,518 - INFO - Beginning optimization with guess, [5.72785555e-05 1.48224433e-04 8.07343917e-07 1.11870216e-06].
2022-08-25 14:15:13,653 - INFO - Finished optimization with guess, [5.72785555e-05 1.48224433e-04 8.07343917e-07 1.11870216e-06].
2022-08-25 14:15:13,654 - INFO - Best fit parameters: [1.46452408e-04 2.77767523e-04 3.15068932e-07 5.96273996e-07].
2022-08-25 14:15:13,692 - INFO - Maximum log composite likelihood: -39.6509954288.
2022-08-25 14:15:13,692 - INFO - Optimal value of theta: 3704.25747293.
2022-08-25 14:15:13,693 - INFO - Beginning optimization with guess, [7.43243331e-04 8.69972188e-04 1.08779257e-06 1.44931715e-06].
2022-08-25 14:15:14,822 - INFO - Finished optimization with guess, [7.43243331e-04 8.69972188e-04 1.08779257e-06 1.44931715e-06].
2022-08-25 14:15:14,822 - INFO - Best fit parameters: [1.53411631e-03 1.85598810e-03 5.26871954e-07 6.79175585e-07].
2022-08-25 14:15:14,860 - INFO - Maximum log composite likelihood: -39.6474245918.
2022-08-25 14:15:14,861 - INFO - Optimal value of theta: 3702.5427658.
2022-08-25 14:15:14,861 - INFO - Beginning optimization with guess, [1.28893818e-02 1.38426666e-02 1.02301490e-06 1.11557688e-06].
2022-08-25 14:15:15,048 - INFO - Finished optimization with guess, [1.28893818e-02 1.38426666e-02 1.02301490e-06 1.11557688e-06].
2022-08-25 14:15:15,049 - INFO - Best fit parameters: [1.28893818e-02 1.38426666e-02 1.02301490e-06 1.11557688e-06].
2022-08-25 14:15:15,086 - INFO - Maximum log composite likelihood: -39.6473091304.
2022-08-25 14:15:15,087 - INFO - Optimal value of theta: 3702.49320432.
2022-08-25 14:15:15,087 - INFO - Beginning optimization with guess, [6.70099167e-01 1.10969007e+00 6.24126538e-07 1.06900257e-06].
2022-08-25 14:15:15,277 - INFO - Finished optimization with guess, [6.70099167e-01 1.10969007e+00 6.24126538e-07 1.06900257e-06].
2022-08-25 14:15:15,277 - INFO - Best fit parameters: [6.70099167e-01 1.10969007e+00 6.24126538e-07 1.06900257e-06].
2022-08-25 14:15:15,315 - INFO - Maximum log composite likelihood: -39.6473020631.
2022-08-25 14:15:15,315 - INFO - Optimal value of theta: 3702.49054567.
2022-08-25 14:15:15,315 - INFO - Beginning optimization with guess, [4.42794484e-01 5.81749096e-01 1.09075882e-06 5.73177338e-07].
2022-08-25 14:15:15,502 - INFO - Finished optimization with guess, [4.42794484e-01 5.81749096e-01 1.09075882e-06 5.73177338e-07].
2022-08-25 14:15:15,502 - INFO - Best fit parameters: [4.42794484e-01 5.81749096e-01 1.09075882e-06 5.73177338e-07].
2022-08-25 14:15:15,539 - INFO - Maximum log composite likelihood: -39.6473020648.
2022-08-25 14:15:15,540 - INFO - Optimal value of theta: 3702.49054631.
2022-08-25 14:15:15,540 - INFO - Beginning optimization with guess, [4.17562362e-01 7.19753103e-01 5.09366860e-07 1.06755156e-06].
2022-08-25 14:15:15,726 - INFO - Finished optimization with guess, [4.17562362e-01 7.19753103e-01 5.09366860e-07 1.06755156e-06].
2022-08-25 14:15:15,727 - INFO - Best fit parameters: [4.17562362e-01 7.19753103e-01 5.09366860e-07 1.06755156e-06].
2022-08-25 14:15:15,764 - INFO - Maximum log composite likelihood: -39.6473020638.
2022-08-25 14:15:15,764 - INFO - Optimal value of theta: 3702.49054595.
2022-08-25 14:15:15,764 - INFO - Beginning optimization with guess, [7.16411587e-01 1.57536744e+00 1.36919864e-06 1.33092489e-06].
2022-08-25 14:15:15,951 - INFO - Finished optimization with guess, [7.16411587e-01 1.57536744e+00 1.36919864e-06 1.33092489e-06].
2022-08-25 14:15:15,951 - INFO - Best fit parameters: [7.16411587e-01 1.57536744e+00 1.36919864e-06 1.33092489e-06].
2022-08-25 14:15:15,989 - INFO - Maximum log composite likelihood: -39.6473020633.
2022-08-25 14:15:15,990 - INFO - Optimal value of theta: 3702.49054575.
2022-08-25 14:15:15,990 - INFO - Beginning optimization with guess, [1.53266088e+00 1.99869224e+00 1.03458027e-06 6.76384087e-07].
2022-08-25 14:15:16,178 - INFO - Finished optimization with guess, [1.53266088e+00 1.99869224e+00 1.03458027e-06 6.76384087e-07].
2022-08-25 14:15:16,178 - INFO - Best fit parameters: [1.53266088e+00 1.99869224e+00 1.03458027e-06 6.76384087e-07].
2022-08-25 14:15:16,216 - INFO - Maximum log composite likelihood: -39.6473020627.
2022-08-25 14:15:16,216 - INFO - Optimal value of theta: 3702.49054554.
2022-08-25 14:15:16,216 - INFO - Beginning optimization with guess, [7.33422776e-01 2.23360875e+00 1.00841566e-06 1.19689629e-06].
2022-08-25 14:15:16,404 - INFO - Finished optimization with guess, [7.33422776e-01 2.23360875e+00 1.00841566e-06 1.19689629e-06].
2022-08-25 14:15:16,404 - INFO - Best fit parameters: [7.33422776e-01 2.23360875e+00 1.00841566e-06 1.19689629e-06].
2022-08-25 14:15:16,442 - INFO - Maximum log composite likelihood: -39.647302063.
2022-08-25 14:15:16,443 - INFO - Optimal value of theta: 3702.49054565.
2022-08-25 14:15:16,443 - INFO - Beginning optimization with guess, [7.51282943e-01 1.45173520e+00 8.92855153e-07 8.66438970e-07].
2022-08-25 14:15:16,630 - INFO - Finished optimization with guess, [7.51282943e-01 1.45173520e+00 8.92855153e-07 8.66438970e-07].
2022-08-25 14:15:16,630 - INFO - Best fit parameters: [7.51282943e-01 1.45173520e+00 8.92855153e-07 8.66438970e-07].
2022-08-25 14:15:16,667 - INFO - Maximum log composite likelihood: -39.647302063.
2022-08-25 14:15:16,667 - INFO - Optimal value of theta: 3702.49054565.
2022-08-25 14:15:16,667 - INFO - Beginning optimization with guess, [9.96565467e-01 2.20323092e+00 8.75807125e-07 1.50519655e-06].
2022-08-25 14:15:16,854 - INFO - Finished optimization with guess, [9.96565467e-01 2.20323092e+00 8.75807125e-07 1.50519655e-06].
2022-08-25 14:15:16,854 - INFO - Best fit parameters: [9.96565467e-01 2.20323092e+00 8.75807125e-07 1.50519655e-06].
2022-08-25 14:15:16,891 - INFO - Maximum log composite likelihood: -39.6473020627.
2022-08-25 14:15:16,892 - INFO - Optimal value of theta: 3702.49054553.
2022-08-25 14:15:16,892 - INFO - Beginning optimization with guess, [1.12867665e+00 1.10297839e+00 5.96220154e-07 6.22360365e-07].
2022-08-25 14:15:17,080 - INFO - Finished optimization with guess, [1.12867665e+00 1.10297839e+00 5.96220154e-07 6.22360365e-07].
2022-08-25 14:15:17,080 - INFO - Best fit parameters: [1.12867665e+00 1.10297839e+00 5.96220154e-07 6.22360365e-07].
2022-08-25 14:15:17,120 - INFO - Maximum log composite likelihood: -39.6473020628.
2022-08-25 14:15:17,121 - INFO - Optimal value of theta: 3702.49054559.
2022-08-25 14:15:17,121 - INFO - Beginning optimization with guess, [1.62705062e+00 2.82025010e+00 1.39654246e-06 1.20050991e-06].
2022-08-25 14:15:17,309 - INFO - Finished optimization with guess, [1.62705062e+00 2.82025010e+00 1.39654246e-06 1.20050991e-06].
2022-08-25 14:15:17,310 - INFO - Best fit parameters: [1.62705062e+00 2.82025010e+00 1.39654246e-06 1.20050991e-06].
2022-08-25 14:15:17,347 - INFO - Maximum log composite likelihood: -39.6473020625.
2022-08-25 14:15:17,348 - INFO - Optimal value of theta: 3702.49054546.
2022-08-25 14:15:17,348 - INFO - Beginning optimization with guess, [3.83662030e+00 1.97969683e+00 7.51530132e-07 1.88203912e-06].
2022-08-25 14:15:17,535 - INFO - Finished optimization with guess, [3.83662030e+00 1.97969683e+00 7.51530132e-07 1.88203912e-06].
2022-08-25 14:15:17,535 - INFO - Best fit parameters: [3.83662030e+00 1.97969683e+00 7.51530132e-07 1.88203912e-06].
2022-08-25 14:15:17,573 - INFO - Maximum log composite likelihood: -39.6473020623.
2022-08-25 14:15:17,573 - INFO - Optimal value of theta: 3702.4905454.
2022-08-25 14:15:17,574 - INFO - Beginning optimization with guess, [3.59665233e+00 2.66258173e+00 9.25456648e-07 5.94480366e-07].
2022-08-25 14:15:17,759 - INFO - Finished optimization with guess, [3.59665233e+00 2.66258173e+00 9.25456648e-07 5.94480366e-07].
2022-08-25 14:15:17,759 - INFO - Best fit parameters: [3.59665233e+00 2.66258173e+00 9.25456648e-07 5.94480366e-07].
2022-08-25 14:15:17,796 - INFO - Maximum log composite likelihood: -39.6473020627.
2022-08-25 14:15:17,797 - INFO - Optimal value of theta: 3702.49054555.
2022-08-25 14:15:17,797 - INFO - Beginning optimization with guess, [4.64524504e+00 2.17884748e+00 1.13697375e-06 9.39381146e-07].
2022-08-25 14:15:17,983 - INFO - Finished optimization with guess, [4.64524504e+00 2.17884748e+00 1.13697375e-06 9.39381146e-07].
2022-08-25 14:15:17,983 - INFO - Best fit parameters: [4.64524504e+00 2.17884748e+00 1.13697375e-06 9.39381146e-07].
2022-08-25 14:15:18,020 - INFO - Maximum log composite likelihood: -39.6473020626.
2022-08-25 14:15:18,021 - INFO - Optimal value of theta: 3702.49054549.
2022-08-25 14:15:18,021 - INFO - Beginning optimization with guess, [2.20682362e+00 1.98995752e+00 6.80807081e-07 1.10186608e-06].
2022-08-25 14:15:18,212 - INFO - Finished optimization with guess, [2.20682362e+00 1.98995752e+00 6.80807081e-07 1.10186608e-06].
2022-08-25 14:15:18,212 - INFO - Best fit parameters: [2.20682362e+00 1.98995752e+00 6.80807081e-07 1.10186608e-06].
2022-08-25 14:15:18,260 - INFO - Maximum log composite likelihood: -39.6473020626.
2022-08-25 14:15:18,261 - INFO - Optimal value of theta: 3702.49054552.
2022-08-25 14:15:18,262 - INFO - Beginning optimization with guess, [3.39563063e+00 3.71170992e+00 8.91573968e-07 1.63190641e-06].
2022-08-25 14:15:18,544 - INFO - Finished optimization with guess, [3.39563063e+00 3.71170992e+00 8.91573968e-07 1.63190641e-06].
2022-08-25 14:15:18,544 - INFO - Best fit parameters: [3.39563063e+00 3.71170992e+00 8.91573968e-07 1.63190641e-06].
2022-08-25 14:15:18,582 - INFO - Maximum log composite likelihood: -39.6473020625.
2022-08-25 14:15:18,582 - INFO - Optimal value of theta: 3702.49054547.
2022-08-25 14:15:18,582 - INFO - Beginning optimization with guess, [2.61027076e+00 4.75521490e+00 1.00981475e-06 8.57111008e-07].
2022-08-25 14:15:18,772 - INFO - Finished optimization with guess, [2.61027076e+00 4.75521490e+00 1.00981475e-06 8.57111008e-07].
2022-08-25 14:15:18,772 - INFO - Best fit parameters: [2.61027076e+00 4.75521490e+00 1.00981475e-06 8.57111008e-07].
2022-08-25 14:15:18,810 - INFO - Maximum log composite likelihood: -39.6473020627.
2022-08-25 14:15:18,810 - INFO - Optimal value of theta: 3702.49054554.
2022-08-25 14:15:18,810 - INFO - Beginning optimization with guess, [8.26723489e+00 3.11943034e+00 1.99172686e-06 7.99974589e-07].
2022-08-25 14:15:19,000 - INFO - Finished optimization with guess, [8.26723489e+00 3.11943034e+00 1.99172686e-06 7.99974589e-07].
2022-08-25 14:15:19,000 - INFO - Best fit parameters: [8.26723489e+00 3.11943034e+00 1.99172686e-06 7.99974589e-07].
2022-08-25 14:15:19,038 - INFO - Maximum log composite likelihood: -39.6473020625.
2022-08-25 14:15:19,038 - INFO - Optimal value of theta: 3702.49054546.
2022-08-25 14:15:19,039 - INFO - Beginning optimization with guess, [3.78267564e+00 4.76976219e+00 9.24623290e-07 1.37231554e-06].
2022-08-25 14:15:19,250 - INFO - Finished optimization with guess, [3.78267564e+00 4.76976219e+00 9.24623290e-07 1.37231554e-06].
2022-08-25 14:15:19,252 - INFO - Best fit parameters: [3.78267564e+00 4.76976219e+00 9.24623290e-07 1.37231554e-06].
2022-08-25 14:15:19,334 - INFO - Maximum log composite likelihood: -39.6473020626.
2022-08-25 14:15:19,335 - INFO - Optimal value of theta: 3702.49054551.
2022-08-25 14:15:19,336 - INFO - Beginning optimization with guess, [1.32373746e+01 6.02708969e+00 1.08541498e-06 1.11988480e-06].
2022-08-25 14:15:19,555 - INFO - Finished optimization with guess, [1.32373746e+01 6.02708969e+00 1.08541498e-06 1.11988480e-06].
2022-08-25 14:15:19,555 - INFO - Best fit parameters: [1.32373746e+01 6.02708969e+00 1.08541498e-06 1.11988480e-06].
2022-08-25 14:15:19,593 - INFO - Maximum log composite likelihood: -39.6473020627.
2022-08-25 14:15:19,593 - INFO - Optimal value of theta: 3702.49054554.
2022-08-25 14:15:19,593 - INFO - Beginning optimization with guess, [7.55687196e+00 1.19740109e+01 1.02726824e-06 5.45958186e-07].
2022-08-25 14:15:19,781 - INFO - Finished optimization with guess, [7.55687196e+00 1.19740109e+01 1.02726824e-06 5.45958186e-07].
2022-08-25 14:15:19,781 - INFO - Best fit parameters: [7.55687196e+00 1.19740109e+01 1.02726824e-06 5.45958186e-07].
2022-08-25 14:15:19,818 - INFO - Maximum log composite likelihood: -39.6473020628.
2022-08-25 14:15:19,819 - INFO - Optimal value of theta: 3702.49054558.
2022-08-25 14:15:19,821 - INFO - Beginning demographic inference for one-epoch demographic model.
2022-08-25 14:15:19,823 - INFO - Beginning optimization with guess, [0.0509132].
2022-08-25 14:15:19,896 - INFO - Finished optimization with guess, [0.0509132].
2022-08-25 14:15:19,896 - INFO - Best fit parameters: [0.0509132].
2022-08-25 14:15:19,933 - INFO - Maximum log composite likelihood: -39.6473020629.
2022-08-25 14:15:19,933 - INFO - Optimal value of theta: 3702.4905456.
2022-08-25 14:15:19,933 - INFO - Beginning optimization with guess, [0.17666618].
2022-08-25 14:15:20,006 - INFO - Finished optimization with guess, [0.17666618].
2022-08-25 14:15:20,007 - INFO - Best fit parameters: [0.17666618].
2022-08-25 14:15:20,043 - INFO - Maximum log composite likelihood: -39.6473020629.
2022-08-25 14:15:20,044 - INFO - Optimal value of theta: 3702.4905456.
2022-08-25 14:15:20,044 - INFO - Beginning optimization with guess, [0.35207459].
2022-08-25 14:15:20,117 - INFO - Finished optimization with guess, [0.35207459].
2022-08-25 14:15:20,117 - INFO - Best fit parameters: [0.35207459].
2022-08-25 14:15:20,155 - INFO - Maximum log composite likelihood: -39.6473020629.
2022-08-25 14:15:20,156 - INFO - Optimal value of theta: 3702.4905456.
2022-08-25 14:15:20,156 - INFO - Beginning optimization with guess, [0.6402521].
2022-08-25 14:15:20,230 - INFO - Finished optimization with guess, [0.6402521].
2022-08-25 14:15:20,230 - INFO - Best fit parameters: [0.6402521].
2022-08-25 14:15:20,266 - INFO - Maximum log composite likelihood: -39.6473020629.
2022-08-25 14:15:20,267 - INFO - Optimal value of theta: 3702.4905456.
2022-08-25 14:15:20,267 - INFO - Beginning optimization with guess, [0.27217115].
2022-08-25 14:15:20,340 - INFO - Finished optimization with guess, [0.27217115].
2022-08-25 14:15:20,340 - INFO - Best fit parameters: [0.27217115].
2022-08-25 14:15:20,377 - INFO - Maximum log composite likelihood: -39.6473020629.
2022-08-25 14:15:20,377 - INFO - Optimal value of theta: 3702.4905456.
2022-08-25 14:15:20,378 - INFO - Beginning optimization with guess, [0.99072975].
2022-08-25 14:15:20,451 - INFO - Finished optimization with guess, [0.99072975].
2022-08-25 14:15:20,451 - INFO - Best fit parameters: [0.99072975].
2022-08-25 14:15:20,488 - INFO - Maximum log composite likelihood: -39.6473020629.
2022-08-25 14:15:20,488 - INFO - Optimal value of theta: 3702.4905456.
2022-08-25 14:15:20,488 - INFO - Beginning optimization with guess, [0.50353546].
2022-08-25 14:15:20,562 - INFO - Finished optimization with guess, [0.50353546].
2022-08-25 14:15:20,562 - INFO - Best fit parameters: [0.50353546].
2022-08-25 14:15:20,598 - INFO - Maximum log composite likelihood: -39.6473020629.
2022-08-25 14:15:20,599 - INFO - Optimal value of theta: 3702.4905456.
2022-08-25 14:15:20,599 - INFO - Beginning optimization with guess, [1.4027471].
2022-08-25 14:15:20,672 - INFO - Finished optimization with guess, [1.4027471].
2022-08-25 14:15:20,672 - INFO - Best fit parameters: [1.4027471].
2022-08-25 14:15:20,708 - INFO - Maximum log composite likelihood: -39.6473020629.
2022-08-25 14:15:20,709 - INFO - Optimal value of theta: 3702.4905456.
2022-08-25 14:15:20,709 - INFO - Beginning optimization with guess, [1.75372579].
2022-08-25 14:15:20,782 - INFO - Finished optimization with guess, [1.75372579].
2022-08-25 14:15:20,782 - INFO - Best fit parameters: [1.75372579].
2022-08-25 14:15:20,818 - INFO - Maximum log composite likelihood: -39.6473020629.
2022-08-25 14:15:20,819 - INFO - Optimal value of theta: 3702.4905456.
2022-08-25 14:15:20,819 - INFO - Beginning optimization with guess, [1.55190524].
2022-08-25 14:15:20,892 - INFO - Finished optimization with guess, [1.55190524].
2022-08-25 14:15:20,892 - INFO - Best fit parameters: [1.55190524].
2022-08-25 14:15:20,929 - INFO - Maximum log composite likelihood: -39.6473020629.
2022-08-25 14:15:20,929 - INFO - Optimal value of theta: 3702.4905456.
2022-08-25 14:15:20,929 - INFO - Beginning optimization with guess, [0.66563759].
2022-08-25 14:15:21,003 - INFO - Finished optimization with guess, [0.66563759].
2022-08-25 14:15:21,003 - INFO - Best fit parameters: [0.66563759].
2022-08-25 14:15:21,039 - INFO - Maximum log composite likelihood: -39.6473020629.
2022-08-25 14:15:21,039 - INFO - Optimal value of theta: 3702.4905456.
2022-08-25 14:15:21,040 - INFO - Beginning optimization with guess, [1.1589339].
2022-08-25 14:15:21,113 - INFO - Finished optimization with guess, [1.1589339].
2022-08-25 14:15:21,113 - INFO - Best fit parameters: [1.1589339].
2022-08-25 14:15:21,151 - INFO - Maximum log composite likelihood: -39.6473020629.
2022-08-25 14:15:21,151 - INFO - Optimal value of theta: 3702.4905456.
2022-08-25 14:15:21,152 - INFO - Beginning optimization with guess, [2.94054056].
2022-08-25 14:15:21,225 - INFO - Finished optimization with guess, [2.94054056].
2022-08-25 14:15:21,225 - INFO - Best fit parameters: [2.94054056].
2022-08-25 14:15:21,261 - INFO - Maximum log composite likelihood: -39.6473020629.
2022-08-25 14:15:21,262 - INFO - Optimal value of theta: 3702.4905456.
2022-08-25 14:15:21,262 - INFO - Beginning optimization with guess, [3.04591367].
2022-08-25 14:15:21,335 - INFO - Finished optimization with guess, [3.04591367].
2022-08-25 14:15:21,335 - INFO - Best fit parameters: [3.04591367].
2022-08-25 14:15:21,371 - INFO - Maximum log composite likelihood: -39.6473020629.
2022-08-25 14:15:21,372 - INFO - Optimal value of theta: 3702.4905456.
2022-08-25 14:15:21,372 - INFO - Beginning optimization with guess, [4.15056082].
2022-08-25 14:15:21,446 - INFO - Finished optimization with guess, [4.15056082].
2022-08-25 14:15:21,446 - INFO - Best fit parameters: [4.15056082].
2022-08-25 14:15:21,483 - INFO - Maximum log composite likelihood: -39.6473020629.
2022-08-25 14:15:21,483 - INFO - Optimal value of theta: 3702.4905456.
2022-08-25 14:15:21,483 - INFO - Beginning optimization with guess, [3.36828646].
2022-08-25 14:15:21,556 - INFO - Finished optimization with guess, [3.36828646].
2022-08-25 14:15:21,557 - INFO - Best fit parameters: [3.36828646].
2022-08-25 14:15:21,593 - INFO - Maximum log composite likelihood: -39.6473020629.
2022-08-25 14:15:21,593 - INFO - Optimal value of theta: 3702.4905456.
2022-08-25 14:15:21,594 - INFO - Beginning optimization with guess, [4.599528].
2022-08-25 14:15:21,666 - INFO - Finished optimization with guess, [4.599528].
2022-08-25 14:15:21,667 - INFO - Best fit parameters: [4.599528].
2022-08-25 14:15:21,703 - INFO - Maximum log composite likelihood: -39.6473020629.
2022-08-25 14:15:21,703 - INFO - Optimal value of theta: 3702.4905456.
2022-08-25 14:15:21,704 - INFO - Beginning optimization with guess, [1.88294977].
2022-08-25 14:15:21,776 - INFO - Finished optimization with guess, [1.88294977].
2022-08-25 14:15:21,776 - INFO - Best fit parameters: [1.88294977].
2022-08-25 14:15:21,813 - INFO - Maximum log composite likelihood: -39.6473020629.
2022-08-25 14:15:21,813 - INFO - Optimal value of theta: 3702.4905456.
2022-08-25 14:15:21,813 - INFO - Beginning optimization with guess, [1.89793595].
2022-08-25 14:15:21,886 - INFO - Finished optimization with guess, [1.89793595].
2022-08-25 14:15:21,886 - INFO - Best fit parameters: [1.89793595].
2022-08-25 14:15:21,922 - INFO - Maximum log composite likelihood: -39.6473020629.
2022-08-25 14:15:21,923 - INFO - Optimal value of theta: 3702.4905456.
2022-08-25 14:15:21,923 - INFO - Beginning optimization with guess, [7.31069205].
2022-08-25 14:15:21,996 - INFO - Finished optimization with guess, [7.31069205].
2022-08-25 14:15:21,996 - INFO - Best fit parameters: [7.31069205].
2022-08-25 14:15:22,032 - INFO - Maximum log composite likelihood: -39.6473020629.
2022-08-25 14:15:22,034 - INFO - Optimal value of theta: 3702.4905456.
2022-08-25 14:15:22,034 - INFO - Beginning optimization with guess, [6.83135288].
2022-08-25 14:15:22,107 - INFO - Finished optimization with guess, [6.83135288].
2022-08-25 14:15:22,107 - INFO - Best fit parameters: [6.83135288].
2022-08-25 14:15:22,145 - INFO - Maximum log composite likelihood: -39.6473020629.
2022-08-25 14:15:22,145 - INFO - Optimal value of theta: 3702.4905456.
2022-08-25 14:15:22,146 - INFO - Beginning optimization with guess, [4.59239892].
2022-08-25 14:15:22,219 - INFO - Finished optimization with guess, [4.59239892].
2022-08-25 14:15:22,219 - INFO - Best fit parameters: [4.59239892].
2022-08-25 14:15:22,256 - INFO - Maximum log composite likelihood: -39.6473020629.
2022-08-25 14:15:22,256 - INFO - Optimal value of theta: 3702.4905456.
2022-08-25 14:15:22,256 - INFO - Beginning optimization with guess, [3.78176824].
2022-08-25 14:15:22,329 - INFO - Finished optimization with guess, [3.78176824].
2022-08-25 14:15:22,329 - INFO - Best fit parameters: [3.78176824].
2022-08-25 14:15:22,366 - INFO - Maximum log composite likelihood: -39.6473020629.
2022-08-25 14:15:22,366 - INFO - Optimal value of theta: 3702.4905456.
2022-08-25 14:15:22,367 - INFO - Beginning optimization with guess, [13.40575157].
2022-08-25 14:15:22,440 - INFO - Finished optimization with guess, [13.40575157].
2022-08-25 14:15:22,440 - INFO - Best fit parameters: [13.40575157].
2022-08-25 14:15:22,476 - INFO - Maximum log composite likelihood: -39.6473020629.
2022-08-25 14:15:22,477 - INFO - Optimal value of theta: 3702.4905456.
2022-08-25 14:15:22,477 - INFO - Beginning optimization with guess, [10.60427011].
2022-08-25 14:15:22,550 - INFO - Finished optimization with guess, [10.60427011].
2022-08-25 14:15:22,550 - INFO - Best fit parameters: [10.60427011].
2022-08-25 14:15:22,587 - INFO - Maximum log composite likelihood: -39.6473020629.
2022-08-25 14:15:22,588 - INFO - Optimal value of theta: 3702.4905456.
2022-08-25 14:15:22,589 - INFO - Finished demographic inference.
2022-08-25 14:15:22,590 - INFO - Pipeline executed succesfully.
