2022-11-02 15:30:31,361 - INFO - Beginning execution of fit_one_epoch.py in directory /u/project/ngarud/jonmah/demo_for_ccgb/Scripts

2022-11-02 15:30:31,361 - INFO - Progress is being logged to ../Analysis/Neisseria_subflava_61760_oral/unmasked/log.log

2022-11-02 15:30:31,361 - INFO - Parsed the following arguments:
	syn_input_sfs = ../Data/oral_microbiome_sfs/Neisseria_subflava_61760_sfs/folded_sfs_10.txt
	mask_singletons = False
	mask_doubletons = False
	outprefix = ../Analysis/Neisseria_subflava_61760_oral/unmasked/

2022-11-02 15:30:31,384 - INFO - Beginning demographic inference for one-epoch demographic model.
2022-11-02 15:30:31,385 - INFO - Beginning optimization with guess, [0.19850084].
2022-11-02 15:30:31,434 - INFO - Finished optimization with guess, [0.19850084].
2022-11-02 15:30:31,434 - INFO - Best fit parameters: [0.19850084].
2022-11-02 15:30:31,457 - INFO - Maximum log composite likelihood: -68478.33247958432.
2022-11-02 15:30:31,458 - INFO - Optimal value of theta: 76546.29463840087.
2022-11-02 15:30:31,458 - INFO - Beginning optimization with guess, [0.17661184].
2022-11-02 15:30:31,505 - INFO - Finished optimization with guess, [0.17661184].
2022-11-02 15:30:31,506 - INFO - Best fit parameters: [0.17661184].
2022-11-02 15:30:31,529 - INFO - Maximum log composite likelihood: -68478.33247958432.
2022-11-02 15:30:31,530 - INFO - Optimal value of theta: 76546.29463840087.
2022-11-02 15:30:31,530 - INFO - Beginning optimization with guess, [0.54189374].
2022-11-02 15:30:31,575 - INFO - Finished optimization with guess, [0.54189374].
2022-11-02 15:30:31,575 - INFO - Best fit parameters: [0.54189374].
2022-11-02 15:30:31,598 - INFO - Maximum log composite likelihood: -68478.33247958432.
2022-11-02 15:30:31,599 - INFO - Optimal value of theta: 76546.29463840087.
2022-11-02 15:30:31,599 - INFO - Beginning optimization with guess, [0.23098884].
2022-11-02 15:30:31,644 - INFO - Finished optimization with guess, [0.23098884].
2022-11-02 15:30:31,644 - INFO - Best fit parameters: [0.23098884].
2022-11-02 15:30:31,667 - INFO - Maximum log composite likelihood: -68478.33247958432.
2022-11-02 15:30:31,668 - INFO - Optimal value of theta: 76546.29463840087.
2022-11-02 15:30:31,668 - INFO - Beginning optimization with guess, [0.32939493].
2022-11-02 15:30:31,715 - INFO - Finished optimization with guess, [0.32939493].
2022-11-02 15:30:31,716 - INFO - Best fit parameters: [0.32939493].
2022-11-02 15:30:31,739 - INFO - Maximum log composite likelihood: -68478.33247958432.
2022-11-02 15:30:31,739 - INFO - Optimal value of theta: 76546.29463840087.
2022-11-02 15:30:31,740 - INFO - Beginning optimization with guess, [0.30456613].
2022-11-02 15:30:31,785 - INFO - Finished optimization with guess, [0.30456613].
2022-11-02 15:30:31,785 - INFO - Best fit parameters: [0.30456613].
2022-11-02 15:30:31,806 - INFO - Maximum log composite likelihood: -68478.33247958432.
2022-11-02 15:30:31,806 - INFO - Optimal value of theta: 76546.29463840087.
2022-11-02 15:30:31,807 - INFO - Beginning optimization with guess, [0.58441927].
2022-11-02 15:30:31,849 - INFO - Finished optimization with guess, [0.58441927].
2022-11-02 15:30:31,849 - INFO - Best fit parameters: [0.58441927].
2022-11-02 15:30:31,870 - INFO - Maximum log composite likelihood: -68478.33247958432.
2022-11-02 15:30:31,871 - INFO - Optimal value of theta: 76546.29463840087.
2022-11-02 15:30:31,871 - INFO - Beginning optimization with guess, [0.53667157].
2022-11-02 15:30:31,914 - INFO - Finished optimization with guess, [0.53667157].
2022-11-02 15:30:31,914 - INFO - Best fit parameters: [0.53667157].
2022-11-02 15:30:31,935 - INFO - Maximum log composite likelihood: -68478.33247958432.
2022-11-02 15:30:31,935 - INFO - Optimal value of theta: 76546.29463840087.
2022-11-02 15:30:31,936 - INFO - Beginning optimization with guess, [0.66759251].
2022-11-02 15:30:31,978 - INFO - Finished optimization with guess, [0.66759251].
2022-11-02 15:30:31,978 - INFO - Best fit parameters: [0.66759251].
2022-11-02 15:30:31,999 - INFO - Maximum log composite likelihood: -68478.33247958432.
2022-11-02 15:30:31,999 - INFO - Optimal value of theta: 76546.29463840087.
2022-11-02 15:30:31,999 - INFO - Beginning optimization with guess, [1.63559521].
2022-11-02 15:30:32,045 - INFO - Finished optimization with guess, [1.63559521].
2022-11-02 15:30:32,046 - INFO - Best fit parameters: [1.63559521].
2022-11-02 15:30:32,067 - INFO - Maximum log composite likelihood: -68478.33247958432.
2022-11-02 15:30:32,067 - INFO - Optimal value of theta: 76546.29463840087.
2022-11-02 15:30:32,067 - INFO - Beginning optimization with guess, [1.14003616].
2022-11-02 15:30:32,110 - INFO - Finished optimization with guess, [1.14003616].
2022-11-02 15:30:32,110 - INFO - Best fit parameters: [1.14003616].
2022-11-02 15:30:32,131 - INFO - Maximum log composite likelihood: -68478.33247958432.
2022-11-02 15:30:32,131 - INFO - Optimal value of theta: 76546.29463840087.
2022-11-02 15:30:32,132 - INFO - Beginning optimization with guess, [1.99366016].
2022-11-02 15:30:32,174 - INFO - Finished optimization with guess, [1.99366016].
2022-11-02 15:30:32,174 - INFO - Best fit parameters: [1.99366016].
2022-11-02 15:30:32,195 - INFO - Maximum log composite likelihood: -68478.33247958432.
2022-11-02 15:30:32,196 - INFO - Optimal value of theta: 76546.29463840087.
2022-11-02 15:30:32,196 - INFO - Beginning optimization with guess, [1.38405599].
2022-11-02 15:30:32,238 - INFO - Finished optimization with guess, [1.38405599].
2022-11-02 15:30:32,238 - INFO - Best fit parameters: [1.38405599].
2022-11-02 15:30:32,259 - INFO - Maximum log composite likelihood: -68478.33247958432.
2022-11-02 15:30:32,260 - INFO - Optimal value of theta: 76546.29463840087.
2022-11-02 15:30:32,260 - INFO - Beginning optimization with guess, [1.07997979].
2022-11-02 15:30:32,304 - INFO - Finished optimization with guess, [1.07997979].
2022-11-02 15:30:32,304 - INFO - Best fit parameters: [1.07997979].
2022-11-02 15:30:32,326 - INFO - Maximum log composite likelihood: -68478.33247958432.
2022-11-02 15:30:32,326 - INFO - Optimal value of theta: 76546.29463840087.
2022-11-02 15:30:32,327 - INFO - Beginning optimization with guess, [1.57480562].
2022-11-02 15:30:32,371 - INFO - Finished optimization with guess, [1.57480562].
2022-11-02 15:30:32,372 - INFO - Best fit parameters: [1.57480562].
2022-11-02 15:30:32,393 - INFO - Maximum log composite likelihood: -68478.33247958432.
2022-11-02 15:30:32,394 - INFO - Optimal value of theta: 76546.29463840087.
2022-11-02 15:30:32,394 - INFO - Beginning optimization with guess, [4.09626961].
2022-11-02 15:30:32,438 - INFO - Finished optimization with guess, [4.09626961].
2022-11-02 15:30:32,439 - INFO - Best fit parameters: [4.09626961].
2022-11-02 15:30:32,460 - INFO - Maximum log composite likelihood: -68478.33247958432.
2022-11-02 15:30:32,461 - INFO - Optimal value of theta: 76546.29463840087.
2022-11-02 15:30:32,461 - INFO - Beginning optimization with guess, [1.60102167].
2022-11-02 15:30:32,505 - INFO - Finished optimization with guess, [1.60102167].
2022-11-02 15:30:32,505 - INFO - Best fit parameters: [1.60102167].
2022-11-02 15:30:32,527 - INFO - Maximum log composite likelihood: -68478.33247958432.
2022-11-02 15:30:32,527 - INFO - Optimal value of theta: 76546.29463840087.
2022-11-02 15:30:32,528 - INFO - Beginning optimization with guess, [2.23394501].
2022-11-02 15:30:32,572 - INFO - Finished optimization with guess, [2.23394501].
2022-11-02 15:30:32,572 - INFO - Best fit parameters: [2.23394501].
2022-11-02 15:30:32,594 - INFO - Maximum log composite likelihood: -68478.33247958432.
2022-11-02 15:30:32,594 - INFO - Optimal value of theta: 76546.29463840087.
2022-11-02 15:30:32,595 - INFO - Beginning optimization with guess, [3.9197353].
2022-11-02 15:30:32,639 - INFO - Finished optimization with guess, [3.9197353].
2022-11-02 15:30:32,639 - INFO - Best fit parameters: [3.9197353].
2022-11-02 15:30:32,661 - INFO - Maximum log composite likelihood: -68478.33247958432.
2022-11-02 15:30:32,661 - INFO - Optimal value of theta: 76546.29463840087.
2022-11-02 15:30:32,662 - INFO - Beginning optimization with guess, [5.24729216].
2022-11-02 15:30:32,707 - INFO - Finished optimization with guess, [5.24729216].
2022-11-02 15:30:32,707 - INFO - Best fit parameters: [5.24729216].
2022-11-02 15:30:32,730 - INFO - Maximum log composite likelihood: -68478.33247958432.
2022-11-02 15:30:32,730 - INFO - Optimal value of theta: 76546.29463840087.
2022-11-02 15:30:32,731 - INFO - Beginning optimization with guess, [7.86451648].
2022-11-02 15:30:32,775 - INFO - Finished optimization with guess, [7.86451648].
2022-11-02 15:30:32,776 - INFO - Best fit parameters: [7.86451648].
2022-11-02 15:30:32,798 - INFO - Maximum log composite likelihood: -68478.33247958432.
2022-11-02 15:30:32,798 - INFO - Optimal value of theta: 76546.29463840087.
2022-11-02 15:30:32,798 - INFO - Beginning optimization with guess, [3.70690909].
2022-11-02 15:30:32,845 - INFO - Finished optimization with guess, [3.70690909].
2022-11-02 15:30:32,846 - INFO - Best fit parameters: [3.70690909].
2022-11-02 15:30:32,869 - INFO - Maximum log composite likelihood: -68478.33247958432.
2022-11-02 15:30:32,869 - INFO - Optimal value of theta: 76546.29463840087.
2022-11-02 15:30:32,869 - INFO - Beginning optimization with guess, [7.68864209].
2022-11-02 15:30:32,915 - INFO - Finished optimization with guess, [7.68864209].
2022-11-02 15:30:32,916 - INFO - Best fit parameters: [7.68864209].
2022-11-02 15:30:32,938 - INFO - Maximum log composite likelihood: -68478.33247958432.
2022-11-02 15:30:32,938 - INFO - Optimal value of theta: 76546.29463840087.
2022-11-02 15:30:32,939 - INFO - Beginning optimization with guess, [3.98337481].
2022-11-02 15:30:32,984 - INFO - Finished optimization with guess, [3.98337481].
2022-11-02 15:30:32,985 - INFO - Best fit parameters: [3.98337481].
2022-11-02 15:30:33,007 - INFO - Maximum log composite likelihood: -68478.33247958432.
2022-11-02 15:30:33,008 - INFO - Optimal value of theta: 76546.29463840087.
2022-11-02 15:30:33,008 - INFO - Beginning optimization with guess, [12.19336252].
2022-11-02 15:30:33,053 - INFO - Finished optimization with guess, [12.19336252].
2022-11-02 15:30:33,053 - INFO - Best fit parameters: [12.19336252].
2022-11-02 15:30:33,075 - INFO - Maximum log composite likelihood: -68478.33247958432.
2022-11-02 15:30:33,076 - INFO - Optimal value of theta: 76546.29463840087.
2022-11-02 15:30:33,077 - INFO - Finished demographic inference.
2022-11-02 15:30:33,078 - INFO - Pipeline executed succesfully.
