2023-02-17 16:17:55,865 - INFO - Beginning execution of fit_one_epoch.py in directory /u/project/ngarud/jonmah/demo_for_ccgb/Scripts

2023-02-17 16:17:55,865 - INFO - Progress is being logged to ../Analysis/Parabacteroides_merdae_56972_downsampled_12/log.log

2023-02-17 16:17:55,865 - INFO - Parsed the following arguments:
	syn_input_sfs = ../Analysis/Parabacteroides_merdae_56972_downsampled_12/empirical_sfs.txt
	mask_singletons = False
	mask_doubletons = False
	outprefix = ../Analysis/Parabacteroides_merdae_56972_downsampled_12/

2023-02-17 16:17:55,874 - INFO - Beginning demographic inference for one-epoch demographic model.
2023-02-17 16:17:55,876 - INFO - Beginning optimization with guess, [0.0941737].
2023-02-17 16:17:55,949 - INFO - Finished optimization with guess, [0.0941737].
2023-02-17 16:17:55,949 - INFO - Best fit parameters: [0.0941737].
2023-02-17 16:17:55,984 - INFO - Maximum log composite likelihood: -61.8852600976561.
2023-02-17 16:17:55,984 - INFO - Optimal value of theta: 6089.38280766452.
2023-02-17 16:17:55,984 - INFO - Beginning optimization with guess, [0.20975074].
2023-02-17 16:17:56,054 - INFO - Finished optimization with guess, [0.20975074].
2023-02-17 16:17:56,054 - INFO - Best fit parameters: [0.20975074].
2023-02-17 16:17:56,089 - INFO - Maximum log composite likelihood: -61.8852600976561.
2023-02-17 16:17:56,089 - INFO - Optimal value of theta: 6089.38280766452.
2023-02-17 16:17:56,090 - INFO - Beginning optimization with guess, [0.21430589].
2023-02-17 16:17:56,162 - INFO - Finished optimization with guess, [0.21430589].
2023-02-17 16:17:56,162 - INFO - Best fit parameters: [0.21430589].
2023-02-17 16:17:56,196 - INFO - Maximum log composite likelihood: -61.8852600976561.
2023-02-17 16:17:56,197 - INFO - Optimal value of theta: 6089.38280766452.
2023-02-17 16:17:56,197 - INFO - Beginning optimization with guess, [0.35043619].
2023-02-17 16:17:56,268 - INFO - Finished optimization with guess, [0.35043619].
2023-02-17 16:17:56,268 - INFO - Best fit parameters: [0.35043619].
2023-02-17 16:17:56,302 - INFO - Maximum log composite likelihood: -61.8852600976561.
2023-02-17 16:17:56,303 - INFO - Optimal value of theta: 6089.38280766452.
2023-02-17 16:17:56,303 - INFO - Beginning optimization with guess, [0.43574876].
2023-02-17 16:17:56,372 - INFO - Finished optimization with guess, [0.43574876].
2023-02-17 16:17:56,372 - INFO - Best fit parameters: [0.43574876].
2023-02-17 16:17:56,408 - INFO - Maximum log composite likelihood: -61.8852600976561.
2023-02-17 16:17:56,409 - INFO - Optimal value of theta: 6089.38280766452.
2023-02-17 16:17:56,409 - INFO - Beginning optimization with guess, [1.14869724].
2023-02-17 16:17:56,478 - INFO - Finished optimization with guess, [1.14869724].
2023-02-17 16:17:56,479 - INFO - Best fit parameters: [1.14869724].
2023-02-17 16:17:56,513 - INFO - Maximum log composite likelihood: -61.8852600976561.
2023-02-17 16:17:56,513 - INFO - Optimal value of theta: 6089.38280766452.
2023-02-17 16:17:56,514 - INFO - Beginning optimization with guess, [1.30722963].
2023-02-17 16:17:56,583 - INFO - Finished optimization with guess, [1.30722963].
2023-02-17 16:17:56,583 - INFO - Best fit parameters: [1.30722963].
2023-02-17 16:17:56,619 - INFO - Maximum log composite likelihood: -61.8852600976561.
2023-02-17 16:17:56,619 - INFO - Optimal value of theta: 6089.38280766452.
2023-02-17 16:17:56,620 - INFO - Beginning optimization with guess, [0.96898819].
2023-02-17 16:17:56,689 - INFO - Finished optimization with guess, [0.96898819].
2023-02-17 16:17:56,689 - INFO - Best fit parameters: [0.96898819].
2023-02-17 16:17:56,723 - INFO - Maximum log composite likelihood: -61.8852600976561.
2023-02-17 16:17:56,724 - INFO - Optimal value of theta: 6089.38280766452.
2023-02-17 16:17:56,724 - INFO - Beginning optimization with guess, [0.48534068].
2023-02-17 16:17:56,795 - INFO - Finished optimization with guess, [0.48534068].
2023-02-17 16:17:56,795 - INFO - Best fit parameters: [0.48534068].
2023-02-17 16:17:56,831 - INFO - Maximum log composite likelihood: -61.8852600976561.
2023-02-17 16:17:56,831 - INFO - Optimal value of theta: 6089.38280766452.
2023-02-17 16:17:56,831 - INFO - Beginning optimization with guess, [1.74088543].
2023-02-17 16:17:56,903 - INFO - Finished optimization with guess, [1.74088543].
2023-02-17 16:17:56,904 - INFO - Best fit parameters: [1.74088543].
2023-02-17 16:17:56,939 - INFO - Maximum log composite likelihood: -61.8852600976561.
2023-02-17 16:17:56,939 - INFO - Optimal value of theta: 6089.38280766452.
2023-02-17 16:17:56,940 - INFO - Beginning optimization with guess, [1.43364717].
2023-02-17 16:17:57,012 - INFO - Finished optimization with guess, [1.43364717].
2023-02-17 16:17:57,012 - INFO - Best fit parameters: [1.43364717].
2023-02-17 16:17:57,048 - INFO - Maximum log composite likelihood: -61.8852600976561.
2023-02-17 16:17:57,048 - INFO - Optimal value of theta: 6089.38280766452.
2023-02-17 16:17:57,048 - INFO - Beginning optimization with guess, [0.98858441].
2023-02-17 16:17:57,119 - INFO - Finished optimization with guess, [0.98858441].
2023-02-17 16:17:57,119 - INFO - Best fit parameters: [0.98858441].
2023-02-17 16:17:57,157 - INFO - Maximum log composite likelihood: -61.8852600976561.
2023-02-17 16:17:57,158 - INFO - Optimal value of theta: 6089.38280766452.
2023-02-17 16:17:57,158 - INFO - Beginning optimization with guess, [1.24842534].
2023-02-17 16:17:57,231 - INFO - Finished optimization with guess, [1.24842534].
2023-02-17 16:17:57,231 - INFO - Best fit parameters: [1.24842534].
2023-02-17 16:17:57,267 - INFO - Maximum log composite likelihood: -61.8852600976561.
2023-02-17 16:17:57,267 - INFO - Optimal value of theta: 6089.38280766452.
2023-02-17 16:17:57,267 - INFO - Beginning optimization with guess, [1.69599077].
2023-02-17 16:17:57,340 - INFO - Finished optimization with guess, [1.69599077].
2023-02-17 16:17:57,340 - INFO - Best fit parameters: [1.69599077].
2023-02-17 16:17:57,378 - INFO - Maximum log composite likelihood: -61.8852600976561.
2023-02-17 16:17:57,379 - INFO - Optimal value of theta: 6089.38280766452.
2023-02-17 16:17:57,379 - INFO - Beginning optimization with guess, [1.55506095].
2023-02-17 16:17:57,451 - INFO - Finished optimization with guess, [1.55506095].
2023-02-17 16:17:57,451 - INFO - Best fit parameters: [1.55506095].
2023-02-17 16:17:57,487 - INFO - Maximum log composite likelihood: -61.8852600976561.
2023-02-17 16:17:57,487 - INFO - Optimal value of theta: 6089.38280766452.
2023-02-17 16:17:57,487 - INFO - Beginning optimization with guess, [2.74250192].
2023-02-17 16:17:57,559 - INFO - Finished optimization with guess, [2.74250192].
2023-02-17 16:17:57,559 - INFO - Best fit parameters: [2.74250192].
2023-02-17 16:17:57,595 - INFO - Maximum log composite likelihood: -61.8852600976561.
2023-02-17 16:17:57,595 - INFO - Optimal value of theta: 6089.38280766452.
2023-02-17 16:17:57,596 - INFO - Beginning optimization with guess, [2.86419792].
2023-02-17 16:17:57,666 - INFO - Finished optimization with guess, [2.86419792].
2023-02-17 16:17:57,666 - INFO - Best fit parameters: [2.86419792].
2023-02-17 16:17:57,702 - INFO - Maximum log composite likelihood: -61.8852600976561.
2023-02-17 16:17:57,702 - INFO - Optimal value of theta: 6089.38280766452.
2023-02-17 16:17:57,703 - INFO - Beginning optimization with guess, [1.67543195].
2023-02-17 16:17:57,773 - INFO - Finished optimization with guess, [1.67543195].
2023-02-17 16:17:57,773 - INFO - Best fit parameters: [1.67543195].
2023-02-17 16:17:57,809 - INFO - Maximum log composite likelihood: -61.8852600976561.
2023-02-17 16:17:57,809 - INFO - Optimal value of theta: 6089.38280766452.
2023-02-17 16:17:57,809 - INFO - Beginning optimization with guess, [3.07156362].
2023-02-17 16:17:57,880 - INFO - Finished optimization with guess, [3.07156362].
2023-02-17 16:17:57,880 - INFO - Best fit parameters: [3.07156362].
2023-02-17 16:17:57,916 - INFO - Maximum log composite likelihood: -61.8852600976561.
2023-02-17 16:17:57,916 - INFO - Optimal value of theta: 6089.38280766452.
2023-02-17 16:17:57,916 - INFO - Beginning optimization with guess, [5.01128043].
2023-02-17 16:17:57,988 - INFO - Finished optimization with guess, [5.01128043].
2023-02-17 16:17:57,989 - INFO - Best fit parameters: [5.01128043].
2023-02-17 16:17:58,023 - INFO - Maximum log composite likelihood: -61.8852600976561.
2023-02-17 16:17:58,024 - INFO - Optimal value of theta: 6089.38280766452.
2023-02-17 16:17:58,024 - INFO - Beginning optimization with guess, [5.0071515].
2023-02-17 16:17:58,097 - INFO - Finished optimization with guess, [5.0071515].
2023-02-17 16:17:58,097 - INFO - Best fit parameters: [5.0071515].
2023-02-17 16:17:58,132 - INFO - Maximum log composite likelihood: -61.8852600976561.
2023-02-17 16:17:58,133 - INFO - Optimal value of theta: 6089.38280766452.
2023-02-17 16:17:58,133 - INFO - Beginning optimization with guess, [2.88302518].
2023-02-17 16:17:58,204 - INFO - Finished optimization with guess, [2.88302518].
2023-02-17 16:17:58,205 - INFO - Best fit parameters: [2.88302518].
2023-02-17 16:17:58,240 - INFO - Maximum log composite likelihood: -61.8852600976561.
2023-02-17 16:17:58,240 - INFO - Optimal value of theta: 6089.38280766452.
2023-02-17 16:17:58,241 - INFO - Beginning optimization with guess, [7.92655188].
2023-02-17 16:17:58,313 - INFO - Finished optimization with guess, [7.92655188].
2023-02-17 16:17:58,313 - INFO - Best fit parameters: [7.92655188].
2023-02-17 16:17:58,348 - INFO - Maximum log composite likelihood: -61.8852600976561.
2023-02-17 16:17:58,349 - INFO - Optimal value of theta: 6089.38280766452.
2023-02-17 16:17:58,349 - INFO - Beginning optimization with guess, [7.30036008].
2023-02-17 16:17:58,421 - INFO - Finished optimization with guess, [7.30036008].
2023-02-17 16:17:58,421 - INFO - Best fit parameters: [7.30036008].
2023-02-17 16:17:58,457 - INFO - Maximum log composite likelihood: -61.8852600976561.
2023-02-17 16:17:58,457 - INFO - Optimal value of theta: 6089.38280766452.
2023-02-17 16:17:58,457 - INFO - Beginning optimization with guess, [4.14578384].
2023-02-17 16:17:58,528 - INFO - Finished optimization with guess, [4.14578384].
2023-02-17 16:17:58,528 - INFO - Best fit parameters: [4.14578384].
2023-02-17 16:17:58,564 - INFO - Maximum log composite likelihood: -61.8852600976561.
2023-02-17 16:17:58,564 - INFO - Optimal value of theta: 6089.38280766452.
2023-02-17 16:17:58,567 - INFO - Finished demographic inference.
2023-02-17 16:17:58,567 - INFO - Pipeline executed succesfully.
