2024-05-30 17:17:48,460 - INFO - Beginning execution of fit_one_epoch.py in directory /u/project/ngarud/jonmah/demo_for_ccgb/Scripts

2024-05-30 17:17:48,461 - INFO - Progress is being logged to ../HighRecombinationAnalysis/Bacteroides_eggerthii_54457/core_0.5_log.log

2024-05-30 17:17:48,461 - INFO - Parsed the following arguments:
	mask_doubletons = False
	syn_input_sfs = ../HighRecombinationAnalysis/Bacteroides_eggerthii_54457/core_0.5_empirical_syn_14_downsampled_sfs.txt
	mask_singletons = False
	outprefix = ../HighRecombinationAnalysis/Bacteroides_eggerthii_54457/core_0.5

2024-05-30 17:17:48,464 - INFO - Beginning demographic inference for one-epoch demographic model.
2024-05-30 17:17:48,466 - INFO - Beginning optimization with guess, [0.19178374].
2024-05-30 17:17:49,232 - INFO - Finished optimization with guess, [0.19178374].
2024-05-30 17:17:49,232 - INFO - Best fit parameters: [0.19178374].
2024-05-30 17:17:49,256 - INFO - Maximum log composite likelihood: -34.2555196509.
2024-05-30 17:17:49,257 - INFO - Optimal value of theta: 3028.33867844.
2024-05-30 17:17:49,257 - INFO - Beginning optimization with guess, [0.18282562].
2024-05-30 17:17:50,027 - INFO - Finished optimization with guess, [0.18282562].
2024-05-30 17:17:50,028 - INFO - Best fit parameters: [0.18282562].
2024-05-30 17:17:50,052 - INFO - Maximum log composite likelihood: -34.2555196509.
2024-05-30 17:17:50,052 - INFO - Optimal value of theta: 3028.33867844.
2024-05-30 17:17:50,052 - INFO - Beginning optimization with guess, [0.40081924].
2024-05-30 17:17:50,746 - INFO - Finished optimization with guess, [0.40081924].
2024-05-30 17:17:50,746 - INFO - Best fit parameters: [0.40081924].
2024-05-30 17:17:50,770 - INFO - Maximum log composite likelihood: -34.2555196509.
2024-05-30 17:17:50,770 - INFO - Optimal value of theta: 3028.33867844.
2024-05-30 17:17:50,770 - INFO - Beginning optimization with guess, [0.3566774].
2024-05-30 17:17:51,536 - INFO - Finished optimization with guess, [0.3566774].
2024-05-30 17:17:51,537 - INFO - Best fit parameters: [0.3566774].
2024-05-30 17:17:51,561 - INFO - Maximum log composite likelihood: -34.2555196509.
2024-05-30 17:17:51,561 - INFO - Optimal value of theta: 3028.33867844.
2024-05-30 17:17:51,561 - INFO - Beginning optimization with guess, [0.68627186].
2024-05-30 17:17:52,185 - INFO - Finished optimization with guess, [0.68627186].
2024-05-30 17:17:52,186 - INFO - Best fit parameters: [0.68627186].
2024-05-30 17:17:52,210 - INFO - Maximum log composite likelihood: -34.2555196509.
2024-05-30 17:17:52,210 - INFO - Optimal value of theta: 3028.33867844.
2024-05-30 17:17:52,210 - INFO - Beginning optimization with guess, [0.36654143].
2024-05-30 17:17:52,904 - INFO - Finished optimization with guess, [0.36654143].
2024-05-30 17:17:52,904 - INFO - Best fit parameters: [0.36654143].
2024-05-30 17:17:52,928 - INFO - Maximum log composite likelihood: -34.2555196509.
2024-05-30 17:17:52,928 - INFO - Optimal value of theta: 3028.33867844.
2024-05-30 17:17:52,929 - INFO - Beginning optimization with guess, [0.35505039].
2024-05-30 17:17:53,695 - INFO - Finished optimization with guess, [0.35505039].
2024-05-30 17:17:53,695 - INFO - Best fit parameters: [0.35505039].
2024-05-30 17:17:53,719 - INFO - Maximum log composite likelihood: -34.2555196509.
2024-05-30 17:17:53,720 - INFO - Optimal value of theta: 3028.33867844.
2024-05-30 17:17:53,720 - INFO - Beginning optimization with guess, [0.4116064].
2024-05-30 17:17:54,413 - INFO - Finished optimization with guess, [0.4116064].
2024-05-30 17:17:54,414 - INFO - Best fit parameters: [0.4116064].
2024-05-30 17:17:54,438 - INFO - Maximum log composite likelihood: -34.2555196509.
2024-05-30 17:17:54,438 - INFO - Optimal value of theta: 3028.33867844.
2024-05-30 17:17:54,438 - INFO - Beginning optimization with guess, [0.47113771].
2024-05-30 17:17:55,129 - INFO - Finished optimization with guess, [0.47113771].
2024-05-30 17:17:55,129 - INFO - Best fit parameters: [0.47113771].
2024-05-30 17:17:55,153 - INFO - Maximum log composite likelihood: -34.2555196509.
2024-05-30 17:17:55,154 - INFO - Optimal value of theta: 3028.33867844.
2024-05-30 17:17:55,154 - INFO - Beginning optimization with guess, [1.87188372].
2024-05-30 17:17:55,846 - INFO - Finished optimization with guess, [1.87188372].
2024-05-30 17:17:55,847 - INFO - Best fit parameters: [1.87188372].
2024-05-30 17:17:55,871 - INFO - Maximum log composite likelihood: -34.2555196509.
2024-05-30 17:17:55,871 - INFO - Optimal value of theta: 3028.33867844.
2024-05-30 17:17:55,871 - INFO - Beginning optimization with guess, [1.62289103].
2024-05-30 17:17:56,493 - INFO - Finished optimization with guess, [1.62289103].
2024-05-30 17:17:56,494 - INFO - Best fit parameters: [1.62289103].
2024-05-30 17:17:56,518 - INFO - Maximum log composite likelihood: -34.2555196509.
2024-05-30 17:17:56,518 - INFO - Optimal value of theta: 3028.33867844.
2024-05-30 17:17:56,518 - INFO - Beginning optimization with guess, [1.08426019].
2024-05-30 17:17:56,997 - INFO - Finished optimization with guess, [1.08426019].
2024-05-30 17:17:56,997 - INFO - Best fit parameters: [1.08426019].
2024-05-30 17:17:57,021 - INFO - Maximum log composite likelihood: -34.2555196509.
2024-05-30 17:17:57,022 - INFO - Optimal value of theta: 3028.33867844.
2024-05-30 17:17:57,022 - INFO - Beginning optimization with guess, [1.77599982].
2024-05-30 17:17:57,716 - INFO - Finished optimization with guess, [1.77599982].
2024-05-30 17:17:57,717 - INFO - Best fit parameters: [1.77599982].
2024-05-30 17:17:57,741 - INFO - Maximum log composite likelihood: -34.2555196509.
2024-05-30 17:17:57,741 - INFO - Optimal value of theta: 3028.33867844.
2024-05-30 17:17:57,741 - INFO - Beginning optimization with guess, [1.21666998].
2024-05-30 17:17:58,296 - INFO - Finished optimization with guess, [1.21666998].
2024-05-30 17:17:58,296 - INFO - Best fit parameters: [1.21666998].
2024-05-30 17:17:58,321 - INFO - Maximum log composite likelihood: -34.2555196509.
2024-05-30 17:17:58,321 - INFO - Optimal value of theta: 3028.33867844.
2024-05-30 17:17:58,322 - INFO - Beginning optimization with guess, [2.43239304].
2024-05-30 17:17:59,024 - INFO - Finished optimization with guess, [2.43239304].
2024-05-30 17:17:59,024 - INFO - Best fit parameters: [2.43239304].
2024-05-30 17:17:59,048 - INFO - Maximum log composite likelihood: -34.2555196509.
2024-05-30 17:17:59,048 - INFO - Optimal value of theta: 3028.33867844.
2024-05-30 17:17:59,048 - INFO - Beginning optimization with guess, [2.41505122].
2024-05-30 17:17:59,742 - INFO - Finished optimization with guess, [2.41505122].
2024-05-30 17:17:59,743 - INFO - Best fit parameters: [2.41505122].
2024-05-30 17:17:59,767 - INFO - Maximum log composite likelihood: -34.2555196509.
2024-05-30 17:17:59,768 - INFO - Optimal value of theta: 3028.33867844.
2024-05-30 17:17:59,768 - INFO - Beginning optimization with guess, [3.45468056].
2024-05-30 17:18:00,546 - INFO - Finished optimization with guess, [3.45468056].
2024-05-30 17:18:00,546 - INFO - Best fit parameters: [3.45468056].
2024-05-30 17:18:00,570 - INFO - Maximum log composite likelihood: -34.2555196509.
2024-05-30 17:18:00,570 - INFO - Optimal value of theta: 3028.33867844.
2024-05-30 17:18:00,571 - INFO - Beginning optimization with guess, [3.52540872].
2024-05-30 17:18:01,337 - INFO - Finished optimization with guess, [3.52540872].
2024-05-30 17:18:01,337 - INFO - Best fit parameters: [3.52540872].
2024-05-30 17:18:01,361 - INFO - Maximum log composite likelihood: -34.2555196509.
2024-05-30 17:18:01,362 - INFO - Optimal value of theta: 3028.33867844.
2024-05-30 17:18:01,362 - INFO - Beginning optimization with guess, [2.01197333].
2024-05-30 17:18:02,056 - INFO - Finished optimization with guess, [2.01197333].
2024-05-30 17:18:02,056 - INFO - Best fit parameters: [2.01197333].
2024-05-30 17:18:02,080 - INFO - Maximum log composite likelihood: -34.2555196509.
2024-05-30 17:18:02,081 - INFO - Optimal value of theta: 3028.33867844.
2024-05-30 17:18:02,081 - INFO - Beginning optimization with guess, [2.82743421].
2024-05-30 17:18:02,845 - INFO - Finished optimization with guess, [2.82743421].
2024-05-30 17:18:02,846 - INFO - Best fit parameters: [2.82743421].
2024-05-30 17:18:02,870 - INFO - Maximum log composite likelihood: -34.2555196509.
2024-05-30 17:18:02,870 - INFO - Optimal value of theta: 3028.33867844.
2024-05-30 17:18:02,870 - INFO - Beginning optimization with guess, [4.26509257].
2024-05-30 17:18:03,637 - INFO - Finished optimization with guess, [4.26509257].
2024-05-30 17:18:03,637 - INFO - Best fit parameters: [4.26509257].
2024-05-30 17:18:03,661 - INFO - Maximum log composite likelihood: -34.2555196509.
2024-05-30 17:18:03,662 - INFO - Optimal value of theta: 3028.33867844.
2024-05-30 17:18:03,662 - INFO - Beginning optimization with guess, [3.85820629].
2024-05-30 17:18:04,425 - INFO - Finished optimization with guess, [3.85820629].
2024-05-30 17:18:04,425 - INFO - Best fit parameters: [3.85820629].
2024-05-30 17:18:04,449 - INFO - Maximum log composite likelihood: -34.2555196509.
2024-05-30 17:18:04,449 - INFO - Optimal value of theta: 3028.33867844.
2024-05-30 17:18:04,449 - INFO - Beginning optimization with guess, [3.3278533].
2024-05-30 17:18:05,210 - INFO - Finished optimization with guess, [3.3278533].
2024-05-30 17:18:05,210 - INFO - Best fit parameters: [3.3278533].
2024-05-30 17:18:05,234 - INFO - Maximum log composite likelihood: -34.2555196509.
2024-05-30 17:18:05,234 - INFO - Optimal value of theta: 3028.33867844.
2024-05-30 17:18:05,234 - INFO - Beginning optimization with guess, [9.7728253].
2024-05-30 17:18:06,067 - INFO - Finished optimization with guess, [9.7728253].
2024-05-30 17:18:06,067 - INFO - Best fit parameters: [9.7728253].
2024-05-30 17:18:06,091 - INFO - Maximum log composite likelihood: -34.2555196509.
2024-05-30 17:18:06,091 - INFO - Optimal value of theta: 3028.33867844.
2024-05-30 17:18:06,093 - INFO - Beginning demographic inference for two-epoch demographic model.
2024-05-30 17:18:06,095 - INFO - Beginning optimization with guess, [0.17407014 0.01636187].
2024-05-30 17:18:07,289 - INFO - Finished optimization with guess, [0.17407014 0.01636187].
2024-05-30 17:18:07,289 - INFO - Best fit parameters: [1.82808811 0.01879764].
2024-05-30 17:18:07,314 - INFO - Maximum log composite likelihood: -31.5328767549.
2024-05-30 17:18:07,314 - INFO - Optimal value of theta: 2974.92468888.
2024-05-30 17:18:07,314 - INFO - Beginning optimization with guess, [0.23937101 0.0057987 ].
2024-05-30 17:18:08,526 - INFO - Finished optimization with guess, [0.23937101 0.0057987 ].
2024-05-30 17:18:08,527 - INFO - Best fit parameters: [1.97897528 0.01883125].
2024-05-30 17:18:08,551 - INFO - Maximum log composite likelihood: -31.5363167473.
2024-05-30 17:18:08,552 - INFO - Optimal value of theta: 2969.86495186.
2024-05-30 17:18:08,552 - INFO - Beginning optimization with guess, [0.33307169 0.00553179].
2024-05-30 17:18:09,765 - INFO - Finished optimization with guess, [0.33307169 0.00553179].
2024-05-30 17:18:09,765 - INFO - Best fit parameters: [2.2168008  0.01492968].
2024-05-30 17:18:09,790 - INFO - Maximum log composite likelihood: -31.5082341035.
2024-05-30 17:18:09,790 - INFO - Optimal value of theta: 2976.33564938.
2024-05-30 17:18:09,790 - INFO - Beginning optimization with guess, [0.43591466 0.00600229].
2024-05-30 17:18:11,006 - INFO - Finished optimization with guess, [0.43591466 0.00600229].
2024-05-30 17:18:11,006 - INFO - Best fit parameters: [2.29681305 0.01450212].
2024-05-30 17:18:11,031 - INFO - Maximum log composite likelihood: -31.5037992673.
2024-05-30 17:18:11,031 - INFO - Optimal value of theta: 2976.29662261.
2024-05-30 17:18:11,031 - INFO - Beginning optimization with guess, [0.74892013 0.00978901].
2024-05-30 17:18:14,221 - INFO - Finished optimization with guess, [0.74892013 0.00978901].
2024-05-30 17:18:14,222 - INFO - Best fit parameters: [1.40370081 0.03065034].
2024-05-30 17:18:14,247 - INFO - Maximum log composite likelihood: -31.6286833453.
2024-05-30 17:18:14,247 - INFO - Optimal value of theta: 2974.89621136.
2024-05-30 17:18:14,248 - INFO - Beginning optimization with guess, [0.33148786 0.01577409].
2024-05-30 17:18:15,464 - INFO - Finished optimization with guess, [0.33148786 0.01577409].
2024-05-30 17:18:15,465 - INFO - Best fit parameters: [1.7180872  0.01945686].
2024-05-30 17:18:15,489 - INFO - Maximum log composite likelihood: -31.55622228.
2024-05-30 17:18:15,489 - INFO - Optimal value of theta: 2977.46725414.
2024-05-30 17:18:15,490 - INFO - Beginning optimization with guess, [0.87137139 0.00512329].
2024-05-30 17:18:20,477 - INFO - Finished optimization with guess, [0.87137139 0.00512329].
2024-05-30 17:18:20,477 - INFO - Best fit parameters: [1.139716   0.06840325].
2024-05-30 17:18:20,503 - INFO - Maximum log composite likelihood: -32.0403442647.
2024-05-30 17:18:20,503 - INFO - Optimal value of theta: 2982.21459856.
2024-05-30 17:18:20,503 - INFO - Beginning optimization with guess, [0.66590627 0.01037456].
2024-05-30 17:18:21,739 - INFO - Finished optimization with guess, [0.66590627 0.01037456].
2024-05-30 17:18:21,739 - INFO - Best fit parameters: [1.49381966 0.02920439].
2024-05-30 17:18:21,765 - INFO - Maximum log composite likelihood: -31.6079864241.
2024-05-30 17:18:21,765 - INFO - Optimal value of theta: 2969.54855449.
2024-05-30 17:18:21,765 - INFO - Beginning optimization with guess, [1.61152093 0.00781017].
2024-05-30 17:18:22,957 - INFO - Finished optimization with guess, [1.61152093 0.00781017].
2024-05-30 17:18:22,957 - INFO - Best fit parameters: [8.72291564 0.00951805].
2024-05-30 17:18:22,982 - INFO - Maximum log composite likelihood: -31.4464362322.
2024-05-30 17:18:22,982 - INFO - Optimal value of theta: 2973.56831448.
2024-05-30 17:18:22,982 - INFO - Beginning optimization with guess, [0.87460358 0.0078207 ].
2024-05-30 17:18:26,747 - INFO - Finished optimization with guess, [0.87460358 0.0078207 ].
2024-05-30 17:18:26,749 - INFO - Best fit parameters: [1.1595864  0.05309372].
2024-05-30 17:18:26,774 - INFO - Maximum log composite likelihood: -32.0200168943.
2024-05-30 17:18:26,774 - INFO - Optimal value of theta: 2986.63820669.
2024-05-30 17:18:26,775 - INFO - Beginning optimization with guess, [0.88310695 0.00929929].
2024-05-30 17:18:30,161 - INFO - Finished optimization with guess, [0.88310695 0.00929929].
2024-05-30 17:18:30,161 - INFO - Best fit parameters: [1.14725383 0.05895967].
2024-05-30 17:18:30,187 - INFO - Maximum log composite likelihood: -32.0461485085.
2024-05-30 17:18:30,187 - INFO - Optimal value of theta: 2985.77158569.
2024-05-30 17:18:30,188 - INFO - Beginning optimization with guess, [1.39751909 0.00814378].
2024-05-30 17:18:31,295 - INFO - Finished optimization with guess, [1.39751909 0.00814378].
2024-05-30 17:18:31,295 - INFO - Best fit parameters: [2.12119295 0.01672159].
2024-05-30 17:18:31,320 - INFO - Maximum log composite likelihood: -31.515714346.
2024-05-30 17:18:31,320 - INFO - Optimal value of theta: 2972.59069473.
2024-05-30 17:18:31,320 - INFO - Beginning optimization with guess, [1.99806024 0.01727608].
2024-05-30 17:18:32,442 - INFO - Finished optimization with guess, [1.99806024 0.01727608].
2024-05-30 17:18:32,442 - INFO - Best fit parameters: [9.81629861e+00 8.92969118e-03].
2024-05-30 17:18:32,467 - INFO - Maximum log composite likelihood: -31.441425532.
2024-05-30 17:18:32,467 - INFO - Optimal value of theta: 2976.10795563.
2024-05-30 17:18:32,467 - INFO - Beginning optimization with guess, [3.227779   0.00561704].
2024-05-30 17:18:33,582 - INFO - Finished optimization with guess, [3.227779   0.00561704].
2024-05-30 17:18:33,583 - INFO - Best fit parameters: [1.53936551e+01 8.67658929e-03].
2024-05-30 17:18:33,607 - INFO - Maximum log composite likelihood: -31.4357042959.
2024-05-30 17:18:33,608 - INFO - Optimal value of theta: 2975.39807023.
2024-05-30 17:18:33,608 - INFO - Beginning optimization with guess, [1.68837074 0.01583807].
2024-05-30 17:18:34,825 - INFO - Finished optimization with guess, [1.68837074 0.01583807].
2024-05-30 17:18:34,825 - INFO - Best fit parameters: [5.01377992 0.00992557].
2024-05-30 17:18:34,850 - INFO - Maximum log composite likelihood: -31.4603700755.
2024-05-30 17:18:34,850 - INFO - Optimal value of theta: 2976.92519245.
2024-05-30 17:18:34,850 - INFO - Beginning optimization with guess, [2.98799847 0.00653132].
2024-05-30 17:18:36,067 - INFO - Finished optimization with guess, [2.98799847 0.00653132].
2024-05-30 17:18:36,067 - INFO - Best fit parameters: [1.78820796e+01 8.51288107e-03].
2024-05-30 17:18:36,092 - INFO - Maximum log composite likelihood: -31.4345177888.
2024-05-30 17:18:36,092 - INFO - Optimal value of theta: 2975.85702428.
2024-05-30 17:18:36,092 - INFO - Beginning optimization with guess, [2.11951041 0.01178801].
2024-05-30 17:18:37,292 - INFO - Finished optimization with guess, [2.11951041 0.01178801].
2024-05-30 17:18:37,292 - INFO - Best fit parameters: [6.03238577 0.00929717].
2024-05-30 17:18:37,317 - INFO - Maximum log composite likelihood: -31.4583142418.
2024-05-30 17:18:37,317 - INFO - Optimal value of theta: 2977.99764953.
2024-05-30 17:18:37,317 - INFO - Beginning optimization with guess, [5.85280026 0.00850185].
2024-05-30 17:18:38,560 - INFO - Finished optimization with guess, [5.85280026 0.00850185].
2024-05-30 17:18:38,561 - INFO - Best fit parameters: [6.13692385e+02 8.01093198e-03].
2024-05-30 17:18:38,585 - INFO - Maximum log composite likelihood: -31.4275820305.
2024-05-30 17:18:38,585 - INFO - Optimal value of theta: 2975.32940497.
2024-05-30 17:18:38,586 - INFO - Beginning optimization with guess, [4.68815548 0.01551644].
2024-05-30 17:18:39,687 - INFO - Finished optimization with guess, [4.68815548 0.01551644].
2024-05-30 17:18:39,687 - INFO - Best fit parameters: [4.72525468e+01 8.23235139e-03].
2024-05-30 17:18:39,712 - INFO - Maximum log composite likelihood: -31.4298801096.
2024-05-30 17:18:39,712 - INFO - Optimal value of theta: 2975.6151314.
2024-05-30 17:18:39,712 - INFO - Beginning optimization with guess, [6.53001547 0.0133173 ].
2024-05-30 17:18:40,911 - INFO - Finished optimization with guess, [6.53001547 0.0133173 ].
2024-05-30 17:18:40,912 - INFO - Best fit parameters: [3.63528645e+02 8.01161042e-03].
2024-05-30 17:18:40,936 - INFO - Maximum log composite likelihood: -31.4276007962.
2024-05-30 17:18:40,937 - INFO - Optimal value of theta: 2975.72863014.
2024-05-30 17:18:40,937 - INFO - Beginning optimization with guess, [2.15616606 0.00858439].
2024-05-30 17:18:42,139 - INFO - Finished optimization with guess, [2.15616606 0.00858439].
2024-05-30 17:18:42,139 - INFO - Best fit parameters: [7.20871925 0.00950622].
2024-05-30 17:18:42,164 - INFO - Maximum log composite likelihood: -31.4469098603.
2024-05-30 17:18:42,164 - INFO - Optimal value of theta: 2975.17236439.
2024-05-30 17:18:42,165 - INFO - Beginning optimization with guess, [3.11906192 0.0130732 ].
2024-05-30 17:18:43,333 - INFO - Finished optimization with guess, [3.11906192 0.0130732 ].
2024-05-30 17:18:43,334 - INFO - Best fit parameters: [7.65353510e+01 8.16569486e-03].
2024-05-30 17:18:43,358 - INFO - Maximum log composite likelihood: -31.4288722801.
2024-05-30 17:18:43,359 - INFO - Optimal value of theta: 2975.57720965.
2024-05-30 17:18:43,359 - INFO - Beginning optimization with guess, [6.19697876 0.00631854].
2024-05-30 17:18:44,484 - INFO - Finished optimization with guess, [6.19697876 0.00631854].
2024-05-30 17:18:44,485 - INFO - Best fit parameters: [1.13045604e+02 8.07256596e-03].
2024-05-30 17:18:44,510 - INFO - Maximum log composite likelihood: -31.4284107681.
2024-05-30 17:18:44,510 - INFO - Optimal value of theta: 2975.91889851.
2024-05-30 17:18:44,510 - INFO - Beginning optimization with guess, [8.01920582 0.01973992].
2024-05-30 17:18:45,739 - INFO - Finished optimization with guess, [8.01920582 0.01973992].
2024-05-30 17:18:45,741 - INFO - Best fit parameters: [2.58123146e+01 8.46813828e-03].
2024-05-30 17:18:45,766 - INFO - Maximum log composite likelihood: -31.4323530926.
2024-05-30 17:18:45,766 - INFO - Optimal value of theta: 2975.14422949.
2024-05-30 17:18:45,768 - INFO - Beginning demographic inference for three-epoch demographic model.
2024-05-30 17:18:45,771 - INFO - Beginning optimization with guess, [0.01395381 0.01466639 0.0174868  0.01082094].
2024-05-30 17:18:52,963 - INFO - Finished optimization with guess, [0.01395381 0.01466639 0.0174868  0.01082094].
2024-05-30 17:18:52,964 - INFO - Best fit parameters: [0.00678048 0.00829229 0.05418572 0.01146662].
2024-05-30 17:18:53,158 - INFO - Maximum log composite likelihood: -33.0880258238.
2024-05-30 17:18:53,158 - INFO - Optimal value of theta: 376120.347278.
2024-05-30 17:18:53,158 - INFO - Beginning optimization with guess, [0.03078584 0.0385747  0.01850717 0.00917574].
2024-05-30 17:18:56,240 - INFO - Finished optimization with guess, [0.03078584 0.0385747  0.01850717 0.00917574].
2024-05-30 17:18:56,240 - INFO - Best fit parameters: [0.00694914 0.18563719 0.02152349 0.00916719].
2024-05-30 17:18:56,320 - INFO - Maximum log composite likelihood: -100.362538324.
2024-05-30 17:18:56,320 - INFO - Optimal value of theta: 51515.8427863.
2024-05-30 17:18:56,321 - INFO - Beginning optimization with guess, [0.03919211 0.01958622 0.0147432  0.01216762].
2024-05-30 17:18:57,608 - INFO - Finished optimization with guess, [0.03919211 0.01958622 0.0147432  0.01216762].
2024-05-30 17:18:57,608 - INFO - Best fit parameters: [9.33269762e-01 1.60094064e+10 1.53487838e-08 2.21636119e-08].
2024-05-30 17:18:57,632 - INFO - Maximum log composite likelihood: -34.255504487.
2024-05-30 17:18:57,633 - INFO - Optimal value of theta: 3028.33853803.
2024-05-30 17:18:57,633 - INFO - Beginning optimization with guess, [0.073754   0.0211885  0.0067308  0.01500678].
2024-05-30 17:18:58,830 - INFO - Finished optimization with guess, [0.073754   0.0211885  0.0067308  0.01500678].
2024-05-30 17:18:58,831 - INFO - Best fit parameters: [3.76675800e-02 2.79710026e+27 1.05901210e-22 7.13712829e-22].
2024-05-30 17:18:58,856 - INFO - Maximum log composite likelihood: -34.2555196509.
2024-05-30 17:18:58,856 - INFO - Optimal value of theta: 3028.33867844.
2024-05-30 17:18:58,856 - INFO - Beginning optimization with guess, [0.06053745 0.03093965 0.01434486 0.01341277].
2024-05-30 17:19:00,057 - INFO - Finished optimization with guess, [0.06053745 0.03093965 0.01434486 0.01341277].
2024-05-30 17:19:00,058 - INFO - Best fit parameters: [1.30194495e-01 6.07837907e+02 1.09781370e-05 8.44267544e-05].
2024-05-30 17:19:00,083 - INFO - Maximum log composite likelihood: -34.2466410258.
2024-05-30 17:19:00,083 - INFO - Optimal value of theta: 3028.2569127.
2024-05-30 17:19:00,083 - INFO - Beginning optimization with guess, [1.09532115 0.33689684 0.00981367 0.00724529].
2024-05-30 17:19:01,197 - INFO - Finished optimization with guess, [1.09532115 0.33689684 0.00981367 0.00724529].
2024-05-30 17:19:01,198 - INFO - Best fit parameters: [1.21642701e+00 6.56259047e+00 5.46665654e-02 3.15289397e-12].
2024-05-30 17:19:01,223 - INFO - Maximum log composite likelihood: -31.8048993289.
2024-05-30 17:19:01,224 - INFO - Optimal value of theta: 2972.9684356.
2024-05-30 17:19:01,224 - INFO - Beginning optimization with guess, [0.38691537 0.62112104 0.00947412 0.00793287].
2024-05-30 17:19:02,276 - INFO - Finished optimization with guess, [0.38691537 0.62112104 0.00947412 0.00793287].
2024-05-30 17:19:02,277 - INFO - Best fit parameters: [1.47945283e+00 1.43438240e+00 1.62589644e-07 1.44490021e-02].
2024-05-30 17:19:02,302 - INFO - Maximum log composite likelihood: -32.196002308.
2024-05-30 17:19:02,303 - INFO - Optimal value of theta: 3000.63414185.
2024-05-30 17:19:02,303 - INFO - Beginning optimization with guess, [1.37565838 0.74048265 0.00584932 0.00668574].
2024-05-30 17:19:03,532 - INFO - Finished optimization with guess, [1.37565838 0.74048265 0.00584932 0.00668574].
2024-05-30 17:19:03,533 - INFO - Best fit parameters: [1.41949866e+00 7.47999452e-01 3.06442992e-02 6.42505414e-04].
2024-05-30 17:19:03,558 - INFO - Maximum log composite likelihood: -31.6515033375.
2024-05-30 17:19:03,558 - INFO - Optimal value of theta: 2975.08407729.
2024-05-30 17:19:03,558 - INFO - Beginning optimization with guess, [1.36055328 0.77676357 0.01503446 0.00978697].
2024-05-30 17:19:04,725 - INFO - Finished optimization with guess, [1.36055328 0.77676357 0.01503446 0.00978697].
2024-05-30 17:19:04,726 - INFO - Best fit parameters: [1.33978732e+00 7.60922559e-01 3.68824811e-02 1.01520285e-03].
2024-05-30 17:19:04,751 - INFO - Maximum log composite likelihood: -31.717588959.
2024-05-30 17:19:04,751 - INFO - Optimal value of theta: 2975.0424432.
2024-05-30 17:19:04,752 - INFO - Beginning optimization with guess, [0.60231436 0.5957977  0.00656515 0.00913333].
2024-05-30 17:19:05,827 - INFO - Finished optimization with guess, [0.60231436 0.5957977  0.00656515 0.00913333].
2024-05-30 17:19:05,827 - INFO - Best fit parameters: [7.63668195e-01 1.44020329e+00 1.80032378e-05 6.64735622e-04].
2024-05-30 17:19:05,852 - INFO - Maximum log composite likelihood: -34.1163310426.
2024-05-30 17:19:05,853 - INFO - Optimal value of theta: 3027.0259463.
2024-05-30 17:19:05,853 - INFO - Beginning optimization with guess, [2.0337111  1.37813725 0.00952525 0.00654825].
2024-05-30 17:19:06,951 - INFO - Finished optimization with guess, [2.0337111  1.37813725 0.00952525 0.00654825].
2024-05-30 17:19:06,952 - INFO - Best fit parameters: [2.12733022 1.40199567 0.01350251 0.00535312].
2024-05-30 17:19:06,977 - INFO - Maximum log composite likelihood: -31.5465356418.
2024-05-30 17:19:06,978 - INFO - Optimal value of theta: 2974.13371331.
2024-05-30 17:19:06,978 - INFO - Beginning optimization with guess, [2.74705179 1.39895045 0.01667427 0.00809115].
2024-05-30 17:19:08,086 - INFO - Finished optimization with guess, [2.74705179 1.39895045 0.01667427 0.00809115].
2024-05-30 17:19:08,086 - INFO - Best fit parameters: [2.90193385e+00 1.35078647e+00 1.26245195e-02 5.65536079e-04].
2024-05-30 17:19:08,111 - INFO - Maximum log composite likelihood: -31.4922658672.
2024-05-30 17:19:08,111 - INFO - Optimal value of theta: 2974.69189166.
2024-05-30 17:19:08,111 - INFO - Beginning optimization with guess, [1.57665995 0.88954479 0.01804918 0.01634254].
2024-05-30 17:19:09,288 - INFO - Finished optimization with guess, [1.57665995 0.88954479 0.01804918 0.01634254].
2024-05-30 17:19:09,288 - INFO - Best fit parameters: [1.77751987e+00 9.31460637e-01 2.09531442e-02 7.37345059e-04].
2024-05-30 17:19:09,313 - INFO - Maximum log composite likelihood: -31.5594953394.
2024-05-30 17:19:09,314 - INFO - Optimal value of theta: 2971.84258207.
2024-05-30 17:19:09,314 - INFO - Beginning optimization with guess, [3.17964264 2.47067848 0.01768992 0.00925424].
2024-05-30 17:19:10,406 - INFO - Finished optimization with guess, [3.17964264 2.47067848 0.01768992 0.00925424].
2024-05-30 17:19:10,407 - INFO - Best fit parameters: [3.12611733 2.23698327 0.00761048 0.00556211].
2024-05-30 17:19:10,431 - INFO - Maximum log composite likelihood: -31.4890393196.
2024-05-30 17:19:10,432 - INFO - Optimal value of theta: 2975.64227972.
2024-05-30 17:19:10,432 - INFO - Beginning optimization with guess, [2.13123935 1.12755457 0.01293613 0.01592574].
2024-05-30 17:19:11,455 - INFO - Finished optimization with guess, [2.13123935 1.12755457 0.01293613 0.01592574].
2024-05-30 17:19:11,455 - INFO - Best fit parameters: [2.96101396e+00 1.12637890e+00 1.24776051e-02 6.80990844e-05].
2024-05-30 17:19:11,480 - INFO - Maximum log composite likelihood: -31.4884751804.
2024-05-30 17:19:11,480 - INFO - Optimal value of theta: 2975.52867503.
2024-05-30 17:19:11,481 - INFO - Beginning optimization with guess, [1.80145403 4.2045099  0.00819796 0.00866632].
2024-05-30 17:19:12,524 - INFO - Finished optimization with guess, [1.80145403 4.2045099  0.00819796 0.00866632].
2024-05-30 17:19:12,524 - INFO - Best fit parameters: [1.76431758 4.09180923 0.00517907 0.00790432].
2024-05-30 17:19:12,549 - INFO - Maximum log composite likelihood: -31.4680854966.
2024-05-30 17:19:12,550 - INFO - Optimal value of theta: 2975.45044962.
2024-05-30 17:19:12,550 - INFO - Beginning optimization with guess, [1.7991557  2.56478405 0.01357698 0.01097493].
2024-05-30 17:19:13,695 - INFO - Finished optimization with guess, [1.7991557  2.56478405 0.01357698 0.01097493].
2024-05-30 17:19:13,696 - INFO - Best fit parameters: [1.72761394 2.80346724 0.00838774 0.00791877].
2024-05-30 17:19:13,721 - INFO - Maximum log composite likelihood: -31.4941522324.
2024-05-30 17:19:13,721 - INFO - Optimal value of theta: 2973.44977201.
2024-05-30 17:19:13,721 - INFO - Beginning optimization with guess, [1.55418601 3.60710301 0.01447246 0.01061993].
2024-05-30 17:19:14,815 - INFO - Finished optimization with guess, [1.55418601 3.60710301 0.01447246 0.01061993].
2024-05-30 17:19:14,815 - INFO - Best fit parameters: [1.44782241e+00 4.17241782e+00 2.01938139e-03 1.01157882e-02].
2024-05-30 17:19:14,840 - INFO - Maximum log composite likelihood: -31.4647317015.
2024-05-30 17:19:14,841 - INFO - Optimal value of theta: 2974.75429758.
2024-05-30 17:19:14,841 - INFO - Beginning optimization with guess, [3.85061606 5.61930231 0.01369013 0.01388876].
2024-05-30 17:19:16,006 - INFO - Finished optimization with guess, [3.85061606 5.61930231 0.01369013 0.01388876].
2024-05-30 17:19:16,007 - INFO - Best fit parameters: [3.15799066 4.19808628 0.00660925 0.00474626].
2024-05-30 17:19:16,032 - INFO - Maximum log composite likelihood: -31.462283872.
2024-05-30 17:19:16,032 - INFO - Optimal value of theta: 2975.84350132.
2024-05-30 17:19:16,032 - INFO - Beginning optimization with guess, [4.24908307 1.97875427 0.00714301 0.00813747].
2024-05-30 17:19:17,152 - INFO - Finished optimization with guess, [4.24908307 1.97875427 0.00714301 0.00813747].
2024-05-30 17:19:17,153 - INFO - Best fit parameters: [3.67114607e+00 2.09037771e+00 9.87350371e-03 2.47280270e-03].
2024-05-30 17:19:17,178 - INFO - Maximum log composite likelihood: -31.4792347043.
2024-05-30 17:19:17,178 - INFO - Optimal value of theta: 2974.06850184.
2024-05-30 17:19:17,179 - INFO - Beginning optimization with guess, [7.81543476 2.33991946 0.01907513 0.00894708].
2024-05-30 17:19:18,326 - INFO - Finished optimization with guess, [7.81543476 2.33991946 0.01907513 0.00894708].
2024-05-30 17:19:18,327 - INFO - Best fit parameters: [5.96355268e+00 1.98594571e+00 7.52168133e-03 3.92702656e-03].
2024-05-30 17:19:18,352 - INFO - Maximum log composite likelihood: -31.472292877.
2024-05-30 17:19:18,352 - INFO - Optimal value of theta: 2975.56231047.
2024-05-30 17:19:18,352 - INFO - Beginning optimization with guess, [6.29348213 4.40520321 0.01179739 0.00822391].
2024-05-30 17:19:19,540 - INFO - Finished optimization with guess, [6.29348213 4.40520321 0.01179739 0.00822391].
2024-05-30 17:19:19,542 - INFO - Best fit parameters: [5.41906970e+00 3.70011052e+00 5.72280948e-03 4.72725500e-03].
2024-05-30 17:19:19,569 - INFO - Maximum log composite likelihood: -31.4561607164.
2024-05-30 17:19:19,569 - INFO - Optimal value of theta: 2975.81244177.
2024-05-30 17:19:19,570 - INFO - Beginning optimization with guess, [8.00122805e+00 6.12702624e+00 1.67703799e-02 7.14733680e-03].
2024-05-30 17:19:20,772 - INFO - Finished optimization with guess, [8.00122805e+00 6.12702624e+00 1.67703799e-02 7.14733680e-03].
2024-05-30 17:19:20,772 - INFO - Best fit parameters: [6.41920389e+00 4.92576835e+00 6.21990495e-03 3.77442676e-03].
2024-05-30 17:19:20,797 - INFO - Maximum log composite likelihood: -31.4481710708.
2024-05-30 17:19:20,798 - INFO - Optimal value of theta: 2974.7378701.
2024-05-30 17:19:20,798 - INFO - Beginning optimization with guess, [1.39709449e+01 9.08744963e+00 8.68808711e-03 9.96562666e-03].
2024-05-30 17:19:21,969 - INFO - Finished optimization with guess, [1.39709449e+01 9.08744963e+00 8.68808711e-03 9.96562666e-03].
2024-05-30 17:19:21,970 - INFO - Best fit parameters: [1.14436847e+01 6.28343798e+00 4.55420757e-03 4.77690943e-03].
2024-05-30 17:19:21,995 - INFO - Maximum log composite likelihood: -31.4417268653.
2024-05-30 17:19:21,995 - INFO - Optimal value of theta: 2975.1480219.
2024-05-30 17:19:22,000 - INFO - Finished demographic inference.
2024-05-30 17:19:22,000 - INFO - Pipeline executed succesfully.
