2022-08-25 14:14:54,549 - INFO - Beginning execution of fit_one_epoch.py in directory /u/project/ngarud/jonmah/demo_for_ccgb/Scripts

2022-08-25 14:14:54,549 - INFO - Progress is being logged to ../Analysis/Ruminococcus_bromii_62047_downsampled/log.log

2022-08-25 14:14:54,549 - INFO - Parsed the following arguments:
	mask_doubletons = False
	syn_input_sfs = ../Analysis/Ruminococcus_bromii_62047_downsampled/empirical_sfs.txt
	mask_singletons = True
	outprefix = ../Analysis/Ruminococcus_bromii_62047_downsampled/

2022-08-25 14:14:54,564 - INFO - Beginning demographic inference for exponential growth demographic model.
2022-08-25 14:14:54,570 - INFO - Beginning optimization with guess, [1.84103893e-06 1.41534597e-06].
2022-08-25 14:14:55,609 - INFO - Finished optimization with guess, [1.84103893e-06 1.41534597e-06].
2022-08-25 14:14:55,610 - INFO - Best fit parameters: [2.50647620e-06 1.39745676e-09].
2022-08-25 14:14:55,648 - INFO - Maximum log composite likelihood: -393.798667395.
2022-08-25 14:14:55,648 - INFO - Optimal value of theta: 7298.92673944.
2022-08-25 14:14:55,649 - INFO - Beginning optimization with guess, [9.78305667e-06 1.36754072e-06].
2022-08-25 14:14:56,670 - INFO - Finished optimization with guess, [9.78305667e-06 1.36754072e-06].
2022-08-25 14:14:56,670 - INFO - Best fit parameters: [1.15502175e-05 1.89302919e-08].
2022-08-25 14:14:56,709 - INFO - Maximum log composite likelihood: -394.200739098.
2022-08-25 14:14:56,709 - INFO - Optimal value of theta: 7299.54620624.
2022-08-25 14:14:56,709 - INFO - Beginning optimization with guess, [1.37458221e-04 9.66194428e-07].
2022-08-25 14:14:57,730 - INFO - Finished optimization with guess, [1.37458221e-04 9.66194428e-07].
2022-08-25 14:14:57,730 - INFO - Best fit parameters: [8.88753494e-04 1.48975237e-07].
2022-08-25 14:14:57,768 - INFO - Maximum log composite likelihood: -393.748488474.
2022-08-25 14:14:57,769 - INFO - Optimal value of theta: 7298.84984942.
2022-08-25 14:14:57,769 - INFO - Beginning optimization with guess, [1.87602611e-03 1.80048536e-06].
2022-08-25 14:14:58,798 - INFO - Finished optimization with guess, [1.87602611e-03 1.80048536e-06].
2022-08-25 14:14:58,799 - INFO - Best fit parameters: [8.44594187e-03 4.00480118e-07].
2022-08-25 14:14:58,837 - INFO - Maximum log composite likelihood: -393.743822887.
2022-08-25 14:14:58,838 - INFO - Optimal value of theta: 7298.84271475.
2022-08-25 14:14:58,838 - INFO - Beginning optimization with guess, [1.31486925e-02 1.44667235e-06].
2022-08-25 14:14:59,862 - INFO - Finished optimization with guess, [1.31486925e-02 1.44667235e-06].
2022-08-25 14:14:59,868 - INFO - Best fit parameters: [4.72391782e-02 4.11351272e-07].
2022-08-25 14:14:59,906 - INFO - Maximum log composite likelihood: -393.743431524.
2022-08-25 14:14:59,906 - INFO - Optimal value of theta: 7298.84211666.
2022-08-25 14:14:59,906 - INFO - Beginning optimization with guess, [8.49987051e-01 8.40171146e-07].
2022-08-25 14:15:00,020 - INFO - Finished optimization with guess, [8.49987051e-01 8.40171146e-07].
2022-08-25 14:15:00,020 - INFO - Best fit parameters: [8.49987051e-01 8.40171146e-07].
2022-08-25 14:15:00,057 - INFO - Maximum log composite likelihood: -393.743418553.
2022-08-25 14:15:00,058 - INFO - Optimal value of theta: 7298.84209684.
2022-08-25 14:15:00,058 - INFO - Beginning optimization with guess, [1.33805550e+00 1.89309357e-06].
2022-08-25 14:15:00,174 - INFO - Finished optimization with guess, [1.33805550e+00 1.89309357e-06].
2022-08-25 14:15:00,174 - INFO - Best fit parameters: [1.33805550e+00 1.89309357e-06].
2022-08-25 14:15:00,212 - INFO - Maximum log composite likelihood: -393.743418408.
2022-08-25 14:15:00,212 - INFO - Optimal value of theta: 7298.84209662.
2022-08-25 14:15:00,212 - INFO - Beginning optimization with guess, [7.74151318e-01 1.71213181e-06].
2022-08-25 14:15:00,326 - INFO - Finished optimization with guess, [7.74151318e-01 1.71213181e-06].
2022-08-25 14:15:00,326 - INFO - Best fit parameters: [7.74151318e-01 1.71213181e-06].
2022-08-25 14:15:00,364 - INFO - Maximum log composite likelihood: -393.743418722.
2022-08-25 14:15:00,364 - INFO - Optimal value of theta: 7298.8420971.
2022-08-25 14:15:00,365 - INFO - Beginning optimization with guess, [4.61140203e-01 1.01412734e-06].
2022-08-25 14:15:00,478 - INFO - Finished optimization with guess, [4.61140203e-01 1.01412734e-06].
2022-08-25 14:15:00,479 - INFO - Best fit parameters: [4.61140203e-01 1.01412734e-06].
2022-08-25 14:15:00,516 - INFO - Maximum log composite likelihood: -393.743418988.
2022-08-25 14:15:00,517 - INFO - Optimal value of theta: 7298.8420975.
2022-08-25 14:15:00,517 - INFO - Beginning optimization with guess, [1.02665814e+00 1.98223079e-06].
2022-08-25 14:15:00,631 - INFO - Finished optimization with guess, [1.02665814e+00 1.98223079e-06].
2022-08-25 14:15:00,631 - INFO - Best fit parameters: [1.02665814e+00 1.98223079e-06].
2022-08-25 14:15:00,668 - INFO - Maximum log composite likelihood: -393.743418509.
2022-08-25 14:15:00,669 - INFO - Optimal value of theta: 7298.84209677.
2022-08-25 14:15:00,669 - INFO - Beginning optimization with guess, [1.00587724e+00 8.23116170e-07].
2022-08-25 14:15:00,782 - INFO - Finished optimization with guess, [1.00587724e+00 8.23116170e-07].
2022-08-25 14:15:00,783 - INFO - Best fit parameters: [1.00587724e+00 8.23116170e-07].
2022-08-25 14:15:00,820 - INFO - Maximum log composite likelihood: -393.743418526.
2022-08-25 14:15:00,821 - INFO - Optimal value of theta: 7298.8420968.
2022-08-25 14:15:00,821 - INFO - Beginning optimization with guess, [1.81445683e+00 7.52475875e-07].
2022-08-25 14:15:00,934 - INFO - Finished optimization with guess, [1.81445683e+00 7.52475875e-07].
2022-08-25 14:15:00,934 - INFO - Best fit parameters: [1.81445683e+00 7.52475875e-07].
2022-08-25 14:15:00,972 - INFO - Maximum log composite likelihood: -393.743418502.
2022-08-25 14:15:00,973 - INFO - Optimal value of theta: 7298.84209676.
2022-08-25 14:15:00,973 - INFO - Beginning optimization with guess, [9.40914018e-01 8.34526718e-07].
2022-08-25 14:15:01,086 - INFO - Finished optimization with guess, [9.40914018e-01 8.34526718e-07].
2022-08-25 14:15:01,086 - INFO - Best fit parameters: [9.40914018e-01 8.34526718e-07].
2022-08-25 14:15:01,124 - INFO - Maximum log composite likelihood: -393.743418535.
2022-08-25 14:15:01,125 - INFO - Optimal value of theta: 7298.84209681.
2022-08-25 14:15:01,125 - INFO - Beginning optimization with guess, [2.49967399e+00 8.53670048e-07].
2022-08-25 14:15:01,238 - INFO - Finished optimization with guess, [2.49967399e+00 8.53670048e-07].
2022-08-25 14:15:01,238 - INFO - Best fit parameters: [2.49967399e+00 8.53670048e-07].
2022-08-25 14:15:01,276 - INFO - Maximum log composite likelihood: -393.743418496.
2022-08-25 14:15:01,276 - INFO - Optimal value of theta: 7298.84209675.
2022-08-25 14:15:01,277 - INFO - Beginning optimization with guess, [3.41125582e+00 6.92766382e-07].
2022-08-25 14:15:01,390 - INFO - Finished optimization with guess, [3.41125582e+00 6.92766382e-07].
2022-08-25 14:15:01,390 - INFO - Best fit parameters: [3.41125582e+00 6.92766382e-07].
2022-08-25 14:15:01,428 - INFO - Maximum log composite likelihood: -393.743418509.
2022-08-25 14:15:01,428 - INFO - Optimal value of theta: 7298.84209677.
2022-08-25 14:15:01,428 - INFO - Beginning optimization with guess, [4.12450841e+00 1.41439540e-06].
2022-08-25 14:15:01,541 - INFO - Finished optimization with guess, [4.12450841e+00 1.41439540e-06].
2022-08-25 14:15:01,542 - INFO - Best fit parameters: [4.12450841e+00 1.41439540e-06].
2022-08-25 14:15:01,579 - INFO - Maximum log composite likelihood: -393.743418461.
2022-08-25 14:15:01,580 - INFO - Optimal value of theta: 7298.8420967.
2022-08-25 14:15:01,580 - INFO - Beginning optimization with guess, [3.22978726e+00 1.28693376e-06].
2022-08-25 14:15:01,693 - INFO - Finished optimization with guess, [3.22978726e+00 1.28693376e-06].
2022-08-25 14:15:01,693 - INFO - Best fit parameters: [3.22978726e+00 1.28693376e-06].
2022-08-25 14:15:01,731 - INFO - Maximum log composite likelihood: -393.743418464.
2022-08-25 14:15:01,732 - INFO - Optimal value of theta: 7298.8420967.
2022-08-25 14:15:01,732 - INFO - Beginning optimization with guess, [2.04210373e+00 1.33070330e-06].
2022-08-25 14:15:01,847 - INFO - Finished optimization with guess, [2.04210373e+00 1.33070330e-06].
2022-08-25 14:15:01,847 - INFO - Best fit parameters: [2.04210373e+00 1.33070330e-06].
2022-08-25 14:15:01,885 - INFO - Maximum log composite likelihood: -393.743418448.
2022-08-25 14:15:01,885 - INFO - Optimal value of theta: 7298.84209668.
2022-08-25 14:15:01,885 - INFO - Beginning optimization with guess, [1.77502631e+00 1.98134305e-06].
2022-08-25 14:15:01,999 - INFO - Finished optimization with guess, [1.77502631e+00 1.98134305e-06].
2022-08-25 14:15:01,999 - INFO - Best fit parameters: [1.77502631e+00 1.98134305e-06].
2022-08-25 14:15:02,037 - INFO - Maximum log composite likelihood: -393.743418356.
2022-08-25 14:15:02,038 - INFO - Optimal value of theta: 7298.84209654.
2022-08-25 14:15:02,038 - INFO - Beginning optimization with guess, [5.81232505e+00 1.21966485e-06].
2022-08-25 14:15:02,150 - INFO - Finished optimization with guess, [5.81232505e+00 1.21966485e-06].
2022-08-25 14:15:02,150 - INFO - Best fit parameters: [5.81232505e+00 1.21966485e-06].
2022-08-25 14:15:02,187 - INFO - Maximum log composite likelihood: -393.743418489.
2022-08-25 14:15:02,187 - INFO - Optimal value of theta: 7298.84209674.
2022-08-25 14:15:02,188 - INFO - Beginning optimization with guess, [4.67252815e+00 1.11001096e-06].
2022-08-25 14:15:02,298 - INFO - Finished optimization with guess, [4.67252815e+00 1.11001096e-06].
2022-08-25 14:15:02,298 - INFO - Best fit parameters: [4.67252815e+00 1.11001096e-06].
2022-08-25 14:15:02,334 - INFO - Maximum log composite likelihood: -393.74341849.
2022-08-25 14:15:02,335 - INFO - Optimal value of theta: 7298.84209674.
2022-08-25 14:15:02,335 - INFO - Beginning optimization with guess, [5.79911071e+00 5.38455188e-07].
2022-08-25 14:15:02,445 - INFO - Finished optimization with guess, [5.79911071e+00 5.38455188e-07].
2022-08-25 14:15:02,445 - INFO - Best fit parameters: [5.79911071e+00 5.38455188e-07].
2022-08-25 14:15:02,482 - INFO - Maximum log composite likelihood: -393.74341852.
2022-08-25 14:15:02,482 - INFO - Optimal value of theta: 7298.84209679.
2022-08-25 14:15:02,483 - INFO - Beginning optimization with guess, [4.73202172e+00 1.14815921e-06].
2022-08-25 14:15:02,592 - INFO - Finished optimization with guess, [4.73202172e+00 1.14815921e-06].
2022-08-25 14:15:02,593 - INFO - Best fit parameters: [4.73202172e+00 1.14815921e-06].
2022-08-25 14:15:02,630 - INFO - Maximum log composite likelihood: -393.743418488.
2022-08-25 14:15:02,630 - INFO - Optimal value of theta: 7298.84209674.
2022-08-25 14:15:02,630 - INFO - Beginning optimization with guess, [5.20153920e+00 6.19294095e-07].
2022-08-25 14:15:02,741 - INFO - Finished optimization with guess, [5.20153920e+00 6.19294095e-07].
2022-08-25 14:15:02,741 - INFO - Best fit parameters: [5.20153920e+00 6.19294095e-07].
2022-08-25 14:15:02,778 - INFO - Maximum log composite likelihood: -393.743418516.
2022-08-25 14:15:02,778 - INFO - Optimal value of theta: 7298.84209678.
2022-08-25 14:15:02,779 - INFO - Beginning optimization with guess, [6.92413139e+00 7.73570534e-07].
2022-08-25 14:15:02,889 - INFO - Finished optimization with guess, [6.92413139e+00 7.73570534e-07].
2022-08-25 14:15:02,889 - INFO - Best fit parameters: [6.92413139e+00 7.73570534e-07].
2022-08-25 14:15:02,925 - INFO - Maximum log composite likelihood: -393.743418514.
2022-08-25 14:15:02,926 - INFO - Optimal value of theta: 7298.84209678.
2022-08-25 14:15:02,935 - INFO - Beginning demographic inference for two-epoch demographic model.
2022-08-25 14:15:02,936 - INFO - Beginning optimization with guess, [6.38758451e-07 6.96107584e-07].
2022-08-25 14:15:04,020 - INFO - Finished optimization with guess, [6.38758451e-07 6.96107584e-07].
2022-08-25 14:15:04,020 - INFO - Best fit parameters: [1.68846875e-06 8.00422839e-10].
2022-08-25 14:15:04,058 - INFO - Maximum log composite likelihood: -393.783496805.
2022-08-25 14:15:04,058 - INFO - Optimal value of theta: 7298.90347318.
2022-08-25 14:15:04,059 - INFO - Beginning optimization with guess, [5.94350081e-06 1.89157144e-06].
2022-08-25 14:15:05,282 - INFO - Finished optimization with guess, [5.94350081e-06 1.89157144e-06].
2022-08-25 14:15:05,283 - INFO - Best fit parameters: [6.26358473e-06 9.27126380e-09].
2022-08-25 14:15:05,321 - INFO - Maximum log composite likelihood: -394.118741612.
2022-08-25 14:15:05,321 - INFO - Optimal value of theta: 7299.41955275.
2022-08-25 14:15:05,321 - INFO - Beginning optimization with guess, [1.16943716e-04 8.82651916e-07].
2022-08-25 14:15:06,337 - INFO - Finished optimization with guess, [1.16943716e-04 8.82651916e-07].
2022-08-25 14:15:06,337 - INFO - Best fit parameters: [7.64221202e-04 1.34610176e-07].
2022-08-25 14:15:06,375 - INFO - Maximum log composite likelihood: -393.749015572.
2022-08-25 14:15:06,375 - INFO - Optimal value of theta: 7298.85065579.
2022-08-25 14:15:06,376 - INFO - Beginning optimization with guess, [3.76033753e-03 1.79025079e-06].
2022-08-25 14:15:07,409 - INFO - Finished optimization with guess, [3.76033753e-03 1.79025079e-06].
2022-08-25 14:15:07,409 - INFO - Best fit parameters: [1.42141892e-02 4.75828139e-07].
2022-08-25 14:15:07,462 - INFO - Maximum log composite likelihood: -393.743618878.
2022-08-25 14:15:07,463 - INFO - Optimal value of theta: 7298.84240296.
2022-08-25 14:15:07,463 - INFO - Beginning optimization with guess, [8.13392616e-03 6.76355825e-07].
2022-08-25 14:15:08,529 - INFO - Finished optimization with guess, [8.13392616e-03 6.76355825e-07].
2022-08-25 14:15:08,529 - INFO - Best fit parameters: [2.90736502e-02 1.91269216e-07].
2022-08-25 14:15:08,568 - INFO - Maximum log composite likelihood: -393.743426059.
2022-08-25 14:15:08,568 - INFO - Optimal value of theta: 7298.84210831.
2022-08-25 14:15:08,568 - INFO - Beginning optimization with guess, [6.20603573e-01 6.76636425e-07].
2022-08-25 14:15:08,682 - INFO - Finished optimization with guess, [6.20603573e-01 6.76636425e-07].
2022-08-25 14:15:08,682 - INFO - Best fit parameters: [6.20603573e-01 6.76636425e-07].
2022-08-25 14:15:08,720 - INFO - Maximum log composite likelihood: -393.743418607.
2022-08-25 14:15:08,721 - INFO - Optimal value of theta: 7298.84209692.
2022-08-25 14:15:08,721 - INFO - Beginning optimization with guess, [8.31341268e-01 5.70800269e-07].
2022-08-25 14:15:08,835 - INFO - Finished optimization with guess, [8.31341268e-01 5.70800269e-07].
2022-08-25 14:15:08,835 - INFO - Best fit parameters: [8.31341268e-01 5.70800269e-07].
2022-08-25 14:15:08,873 - INFO - Maximum log composite likelihood: -393.743418541.
2022-08-25 14:15:08,874 - INFO - Optimal value of theta: 7298.84209682.
2022-08-25 14:15:08,874 - INFO - Beginning optimization with guess, [7.22339285e-01 8.10671081e-07].
2022-08-25 14:15:08,990 - INFO - Finished optimization with guess, [7.22339285e-01 8.10671081e-07].
2022-08-25 14:15:08,990 - INFO - Best fit parameters: [7.22339285e-01 8.10671081e-07].
2022-08-25 14:15:09,028 - INFO - Maximum log composite likelihood: -393.743418589.
2022-08-25 14:15:09,029 - INFO - Optimal value of theta: 7298.84209689.
2022-08-25 14:15:09,029 - INFO - Beginning optimization with guess, [1.40571362e+00 1.34708882e-06].
2022-08-25 14:15:09,143 - INFO - Finished optimization with guess, [1.40571362e+00 1.34708882e-06].
2022-08-25 14:15:09,143 - INFO - Best fit parameters: [1.40571362e+00 1.34708882e-06].
2022-08-25 14:15:09,181 - INFO - Maximum log composite likelihood: -393.743418461.
2022-08-25 14:15:09,181 - INFO - Optimal value of theta: 7298.8420967.
2022-08-25 14:15:09,182 - INFO - Beginning optimization with guess, [1.70921470e+00 9.31200458e-07].
2022-08-25 14:15:09,296 - INFO - Finished optimization with guess, [1.70921470e+00 9.31200458e-07].
2022-08-25 14:15:09,296 - INFO - Best fit parameters: [1.70921470e+00 9.31200458e-07].
2022-08-25 14:15:09,334 - INFO - Maximum log composite likelihood: -393.74341849.
2022-08-25 14:15:09,334 - INFO - Optimal value of theta: 7298.84209674.
2022-08-25 14:15:09,334 - INFO - Beginning optimization with guess, [9.1480565e-01 7.6712472e-07].
2022-08-25 14:15:09,448 - INFO - Finished optimization with guess, [9.1480565e-01 7.6712472e-07].
2022-08-25 14:15:09,448 - INFO - Best fit parameters: [9.1480565e-01 7.6712472e-07].
2022-08-25 14:15:09,486 - INFO - Maximum log composite likelihood: -393.743418538.
2022-08-25 14:15:09,487 - INFO - Optimal value of theta: 7298.84209682.
2022-08-25 14:15:09,487 - INFO - Beginning optimization with guess, [1.03890657e+00 1.03388245e-06].
2022-08-25 14:15:09,601 - INFO - Finished optimization with guess, [1.03890657e+00 1.03388245e-06].
2022-08-25 14:15:09,602 - INFO - Best fit parameters: [1.03890657e+00 1.03388245e-06].
2022-08-25 14:15:09,640 - INFO - Maximum log composite likelihood: -393.74341852.
2022-08-25 14:15:09,640 - INFO - Optimal value of theta: 7298.84209679.
2022-08-25 14:15:09,640 - INFO - Beginning optimization with guess, [1.58777374e+00 8.93168229e-07].
2022-08-25 14:15:09,754 - INFO - Finished optimization with guess, [1.58777374e+00 8.93168229e-07].
2022-08-25 14:15:09,754 - INFO - Best fit parameters: [1.58777374e+00 8.93168229e-07].
2022-08-25 14:15:09,792 - INFO - Maximum log composite likelihood: -393.743418494.
2022-08-25 14:15:09,793 - INFO - Optimal value of theta: 7298.84209675.
2022-08-25 14:15:09,793 - INFO - Beginning optimization with guess, [3.0475695e+00 1.1802468e-06].
2022-08-25 14:15:09,907 - INFO - Finished optimization with guess, [3.0475695e+00 1.1802468e-06].
2022-08-25 14:15:09,907 - INFO - Best fit parameters: [3.0475695e+00 1.1802468e-06].
2022-08-25 14:15:09,945 - INFO - Maximum log composite likelihood: -393.743418472.
2022-08-25 14:15:09,945 - INFO - Optimal value of theta: 7298.84209672.
2022-08-25 14:15:09,946 - INFO - Beginning optimization with guess, [4.49741358e+00 1.34635068e-06].
2022-08-25 14:15:10,060 - INFO - Finished optimization with guess, [4.49741358e+00 1.34635068e-06].
2022-08-25 14:15:10,060 - INFO - Best fit parameters: [4.49741358e+00 1.34635068e-06].
2022-08-25 14:15:10,098 - INFO - Maximum log composite likelihood: -393.743418471.
2022-08-25 14:15:10,099 - INFO - Optimal value of theta: 7298.84209671.
2022-08-25 14:15:10,099 - INFO - Beginning optimization with guess, [2.71000954e+00 6.43956669e-07].
2022-08-25 14:15:10,213 - INFO - Finished optimization with guess, [2.71000954e+00 6.43956669e-07].
2022-08-25 14:15:10,213 - INFO - Best fit parameters: [2.71000954e+00 6.43956669e-07].
2022-08-25 14:15:10,251 - INFO - Maximum log composite likelihood: -393.74341851.
2022-08-25 14:15:10,251 - INFO - Optimal value of theta: 7298.84209677.
2022-08-25 14:15:10,251 - INFO - Beginning optimization with guess, [2.91464948e+00 9.30805009e-07].
2022-08-25 14:15:10,365 - INFO - Finished optimization with guess, [2.91464948e+00 9.30805009e-07].
2022-08-25 14:15:10,366 - INFO - Best fit parameters: [2.91464948e+00 9.30805009e-07].
2022-08-25 14:15:10,403 - INFO - Maximum log composite likelihood: -393.743418492.
2022-08-25 14:15:10,404 - INFO - Optimal value of theta: 7298.84209675.
2022-08-25 14:15:10,404 - INFO - Beginning optimization with guess, [4.40997449e+00 1.20798312e-06].
2022-08-25 14:15:10,519 - INFO - Finished optimization with guess, [4.40997449e+00 1.20798312e-06].
2022-08-25 14:15:10,519 - INFO - Best fit parameters: [4.40997449e+00 1.20798312e-06].
2022-08-25 14:15:10,556 - INFO - Maximum log composite likelihood: -393.743418481.
2022-08-25 14:15:10,557 - INFO - Optimal value of theta: 7298.84209673.
2022-08-25 14:15:10,557 - INFO - Beginning optimization with guess, [3.19418638e+00 1.34590884e-06].
2022-08-25 14:15:10,671 - INFO - Finished optimization with guess, [3.19418638e+00 1.34590884e-06].
2022-08-25 14:15:10,671 - INFO - Best fit parameters: [3.19418638e+00 1.34590884e-06].
2022-08-25 14:15:10,709 - INFO - Maximum log composite likelihood: -393.743418457.
2022-08-25 14:15:10,709 - INFO - Optimal value of theta: 7298.84209669.
2022-08-25 14:15:10,710 - INFO - Beginning optimization with guess, [6.76217079e+00 1.86562319e-06].
2022-08-25 14:15:10,823 - INFO - Finished optimization with guess, [6.76217079e+00 1.86562319e-06].
2022-08-25 14:15:10,823 - INFO - Best fit parameters: [6.76217079e+00 1.86562319e-06].
2022-08-25 14:15:10,861 - INFO - Maximum log composite likelihood: -393.743418448.
2022-08-25 14:15:10,862 - INFO - Optimal value of theta: 7298.84209668.
2022-08-25 14:15:10,862 - INFO - Beginning optimization with guess, [5.98646739e+00 6.12531381e-07].
2022-08-25 14:15:10,976 - INFO - Finished optimization with guess, [5.98646739e+00 6.12531381e-07].
2022-08-25 14:15:10,976 - INFO - Best fit parameters: [5.98646739e+00 6.12531381e-07].
2022-08-25 14:15:11,013 - INFO - Maximum log composite likelihood: -393.743418518.
2022-08-25 14:15:11,014 - INFO - Optimal value of theta: 7298.84209679.
2022-08-25 14:15:11,014 - INFO - Beginning optimization with guess, [3.58565632e+00 9.74069156e-07].
2022-08-25 14:15:11,127 - INFO - Finished optimization with guess, [3.58565632e+00 9.74069156e-07].
2022-08-25 14:15:11,128 - INFO - Best fit parameters: [3.58565632e+00 9.74069156e-07].
2022-08-25 14:15:11,165 - INFO - Maximum log composite likelihood: -393.743418493.
2022-08-25 14:15:11,166 - INFO - Optimal value of theta: 7298.84209675.
2022-08-25 14:15:11,166 - INFO - Beginning optimization with guess, [6.26836694e+00 5.02034823e-07].
2022-08-25 14:15:11,280 - INFO - Finished optimization with guess, [6.26836694e+00 5.02034823e-07].
2022-08-25 14:15:11,280 - INFO - Best fit parameters: [6.26836694e+00 5.02034823e-07].
2022-08-25 14:15:11,317 - INFO - Maximum log composite likelihood: -393.743418521.
2022-08-25 14:15:11,318 - INFO - Optimal value of theta: 7298.84209679.
2022-08-25 14:15:11,318 - INFO - Beginning optimization with guess, [7.12178309e+00 1.09372104e-06].
2022-08-25 14:15:11,429 - INFO - Finished optimization with guess, [7.12178309e+00 1.09372104e-06].
2022-08-25 14:15:11,429 - INFO - Best fit parameters: [7.12178309e+00 1.09372104e-06].
2022-08-25 14:15:11,466 - INFO - Maximum log composite likelihood: -393.743418501.
2022-08-25 14:15:11,466 - INFO - Optimal value of theta: 7298.84209676.
2022-08-25 14:15:11,466 - INFO - Beginning optimization with guess, [8.81634917e+00 5.64035164e-07].
2022-08-25 14:15:11,577 - INFO - Finished optimization with guess, [8.81634917e+00 5.64035164e-07].
2022-08-25 14:15:11,577 - INFO - Best fit parameters: [8.81634917e+00 5.64035164e-07].
2022-08-25 14:15:11,614 - INFO - Maximum log composite likelihood: -393.743418521.
2022-08-25 14:15:11,614 - INFO - Optimal value of theta: 7298.84209679.
2022-08-25 14:15:11,617 - INFO - Beginning demographic inference for bottleneck + growth demographic model.
2022-08-25 14:15:11,626 - INFO - Beginning optimization with guess, [1.12869949e-06 8.04371306e-07 1.10011966e-06].
2022-08-25 14:15:12,905 - INFO - Finished optimization with guess, [1.12869949e-06 8.04371306e-07 1.10011966e-06].
2022-08-25 14:15:12,905 - INFO - Best fit parameters: [2.28138605e-06 3.57551920e-06 3.32217905e-09].
2022-08-25 14:15:12,943 - INFO - Maximum log composite likelihood: -393.894570501.
2022-08-25 14:15:12,943 - INFO - Optimal value of theta: 7299.0740706.
2022-08-25 14:15:12,944 - INFO - Beginning optimization with guess, [1.18025323e-05 5.77922827e-06 1.52095145e-06].
2022-08-25 14:15:14,096 - INFO - Finished optimization with guess, [1.18025323e-05 5.77922827e-06 1.52095145e-06].
2022-08-25 14:15:14,097 - INFO - Best fit parameters: [9.41221696e-06 7.94300183e-06 6.17488019e-08].
2022-08-25 14:15:14,135 - INFO - Maximum log composite likelihood: -400.121054256.
2022-08-25 14:15:14,135 - INFO - Optimal value of theta: 7308.76568029.
2022-08-25 14:15:14,135 - INFO - Beginning optimization with guess, [8.25756348e-05 6.56165979e-05 1.29018576e-06].
2022-08-25 14:15:15,187 - INFO - Finished optimization with guess, [8.25756348e-05 6.56165979e-05 1.29018576e-06].
2022-08-25 14:15:15,188 - INFO - Best fit parameters: [8.66231384e-05 2.38295616e-04 1.71605195e-07].
2022-08-25 14:15:15,227 - INFO - Maximum log composite likelihood: -393.83496255.
2022-08-25 14:15:15,227 - INFO - Optimal value of theta: 7298.9824527.
2022-08-25 14:15:15,227 - INFO - Beginning optimization with guess, [7.06322772e-04 5.17331896e-04 1.18681549e-06].
2022-08-25 14:15:16,288 - INFO - Finished optimization with guess, [7.06322772e-04 5.17331896e-04 1.18681549e-06].
2022-08-25 14:15:16,288 - INFO - Best fit parameters: [7.06322772e-04 2.30584032e-03 2.65761595e-07].
2022-08-25 14:15:16,327 - INFO - Maximum log composite likelihood: -393.745817138.
2022-08-25 14:15:16,327 - INFO - Optimal value of theta: 7298.84576365.
2022-08-25 14:15:16,327 - INFO - Beginning optimization with guess, [5.68753870e-03 1.97700906e-02 1.13893517e-06].
2022-08-25 14:15:17,390 - INFO - Finished optimization with guess, [5.68753870e-03 1.97700906e-02 1.13893517e-06].
2022-08-25 14:15:17,390 - INFO - Best fit parameters: [5.68009164e-03 4.99365712e-02 4.56729704e-07].
2022-08-25 14:15:17,429 - INFO - Maximum log composite likelihood: -393.743432834.
2022-08-25 14:15:17,429 - INFO - Optimal value of theta: 7298.84211866.
2022-08-25 14:15:17,430 - INFO - Beginning optimization with guess, [7.41976808e-01 3.74622308e-01 1.04190522e-06].
2022-08-25 14:15:17,581 - INFO - Finished optimization with guess, [7.41976808e-01 3.74622308e-01 1.04190522e-06].
2022-08-25 14:15:17,581 - INFO - Best fit parameters: [7.41976808e-01 3.74622308e-01 1.04190522e-06].
2022-08-25 14:15:17,619 - INFO - Maximum log composite likelihood: -393.743419384.
2022-08-25 14:15:17,619 - INFO - Optimal value of theta: 7298.84209811.
2022-08-25 14:15:17,619 - INFO - Beginning optimization with guess, [4.28668726e-01 5.78350947e-01 6.42886261e-07].
2022-08-25 14:15:17,771 - INFO - Finished optimization with guess, [4.28668726e-01 5.78350947e-01 6.42886261e-07].
2022-08-25 14:15:17,771 - INFO - Best fit parameters: [4.28668726e-01 5.78350947e-01 6.42886261e-07].
2022-08-25 14:15:17,808 - INFO - Maximum log composite likelihood: -393.743418619.
2022-08-25 14:15:17,809 - INFO - Optimal value of theta: 7298.84209694.
2022-08-25 14:15:17,809 - INFO - Beginning optimization with guess, [5.22774927e-01 8.14228297e-01 6.45284872e-07].
2022-08-25 14:15:17,961 - INFO - Finished optimization with guess, [5.22774927e-01 8.14228297e-01 6.45284872e-07].
2022-08-25 14:15:17,961 - INFO - Best fit parameters: [5.22774927e-01 8.14228297e-01 6.45284872e-07].
2022-08-25 14:15:17,999 - INFO - Maximum log composite likelihood: -393.743418548.
2022-08-25 14:15:17,999 - INFO - Optimal value of theta: 7298.84209683.
2022-08-25 14:15:17,999 - INFO - Beginning optimization with guess, [8.61393971e-01 1.40493183e+00 1.13361368e-06].
2022-08-25 14:15:18,150 - INFO - Finished optimization with guess, [8.61393971e-01 1.40493183e+00 1.13361368e-06].
2022-08-25 14:15:18,151 - INFO - Best fit parameters: [8.61393971e-01 1.40493183e+00 1.13361368e-06].
2022-08-25 14:15:18,188 - INFO - Maximum log composite likelihood: -393.74341848.
2022-08-25 14:15:18,189 - INFO - Optimal value of theta: 7298.84209673.
2022-08-25 14:15:18,189 - INFO - Beginning optimization with guess, [1.21656462e+00 1.96586855e+00 9.91652865e-07].
2022-08-25 14:15:18,340 - INFO - Finished optimization with guess, [1.21656462e+00 1.96586855e+00 9.91652865e-07].
2022-08-25 14:15:18,341 - INFO - Best fit parameters: [1.21656462e+00 1.96586855e+00 9.91652865e-07].
2022-08-25 14:15:18,378 - INFO - Maximum log composite likelihood: -393.743418483.
2022-08-25 14:15:18,379 - INFO - Optimal value of theta: 7298.84209673.
2022-08-25 14:15:18,379 - INFO - Beginning optimization with guess, [1.00074638e+00 9.20451432e-01 1.00546460e-06].
2022-08-25 14:15:18,530 - INFO - Finished optimization with guess, [1.00074638e+00 9.20451432e-01 1.00546460e-06].
2022-08-25 14:15:18,531 - INFO - Best fit parameters: [1.00074638e+00 9.20451432e-01 1.00546460e-06].
2022-08-25 14:15:18,568 - INFO - Maximum log composite likelihood: -393.743418544.
2022-08-25 14:15:18,569 - INFO - Optimal value of theta: 7298.84209683.
2022-08-25 14:15:18,569 - INFO - Beginning optimization with guess, [1.36340692e+00 8.15496006e-01 1.05659216e-06].
2022-08-25 14:15:18,720 - INFO - Finished optimization with guess, [1.36340692e+00 8.15496006e-01 1.05659216e-06].
2022-08-25 14:15:18,720 - INFO - Best fit parameters: [1.36340692e+00 8.15496006e-01 1.05659216e-06].
2022-08-25 14:15:18,758 - INFO - Maximum log composite likelihood: -393.743418582.
2022-08-25 14:15:18,759 - INFO - Optimal value of theta: 7298.84209688.
2022-08-25 14:15:18,759 - INFO - Beginning optimization with guess, [2.61976224e+00 1.10005632e+00 1.11248525e-06].
2022-08-25 14:15:18,910 - INFO - Finished optimization with guess, [2.61976224e+00 1.10005632e+00 1.11248525e-06].
2022-08-25 14:15:18,910 - INFO - Best fit parameters: [2.61976224e+00 1.10005632e+00 1.11248525e-06].
2022-08-25 14:15:18,948 - INFO - Maximum log composite likelihood: -393.743418509.
2022-08-25 14:15:18,949 - INFO - Optimal value of theta: 7298.84209677.
2022-08-25 14:15:18,949 - INFO - Beginning optimization with guess, [3.82626524e+00 3.53313664e+00 1.07818376e-06].
2022-08-25 14:15:19,100 - INFO - Finished optimization with guess, [3.82626524e+00 3.53313664e+00 1.07818376e-06].
2022-08-25 14:15:19,100 - INFO - Best fit parameters: [3.82626524e+00 3.53313664e+00 1.07818376e-06].
2022-08-25 14:15:19,138 - INFO - Maximum log composite likelihood: -393.743418485.
2022-08-25 14:15:19,138 - INFO - Optimal value of theta: 7298.84209674.
2022-08-25 14:15:19,139 - INFO - Beginning optimization with guess, [3.79114042e+00 1.61340941e+00 1.83724855e-06].
2022-08-25 14:15:19,290 - INFO - Finished optimization with guess, [3.79114042e+00 1.61340941e+00 1.83724855e-06].
2022-08-25 14:15:19,290 - INFO - Best fit parameters: [3.79114042e+00 1.61340941e+00 1.83724855e-06].
2022-08-25 14:15:19,328 - INFO - Maximum log composite likelihood: -393.743418386.
2022-08-25 14:15:19,328 - INFO - Optimal value of theta: 7298.84209659.
2022-08-25 14:15:19,329 - INFO - Beginning optimization with guess, [3.20676149e+00 2.71902127e+00 7.50117970e-07].
2022-08-25 14:15:19,480 - INFO - Finished optimization with guess, [3.20676149e+00 2.71902127e+00 7.50117970e-07].
2022-08-25 14:15:19,480 - INFO - Best fit parameters: [3.20676149e+00 2.71902127e+00 7.50117970e-07].
2022-08-25 14:15:19,518 - INFO - Maximum log composite likelihood: -393.743418504.
2022-08-25 14:15:19,518 - INFO - Optimal value of theta: 7298.84209676.
2022-08-25 14:15:19,518 - INFO - Beginning optimization with guess, [4.48166832e+00 2.55442329e+00 9.39856236e-07].
2022-08-25 14:15:19,670 - INFO - Finished optimization with guess, [4.48166832e+00 2.55442329e+00 9.39856236e-07].
2022-08-25 14:15:19,670 - INFO - Best fit parameters: [4.48166832e+00 2.55442329e+00 9.39856236e-07].
2022-08-25 14:15:19,708 - INFO - Maximum log composite likelihood: -393.743418489.
2022-08-25 14:15:19,708 - INFO - Optimal value of theta: 7298.84209674.
2022-08-25 14:15:19,708 - INFO - Beginning optimization with guess, [1.57618759e+00 2.19844537e+00 9.59923126e-07].
2022-08-25 14:15:19,874 - INFO - Finished optimization with guess, [1.57618759e+00 2.19844537e+00 9.59923126e-07].
2022-08-25 14:15:19,874 - INFO - Best fit parameters: [1.57618759e+00 2.19844537e+00 9.59923126e-07].
2022-08-25 14:15:19,912 - INFO - Maximum log composite likelihood: -393.743418486.
2022-08-25 14:15:19,913 - INFO - Optimal value of theta: 7298.84209674.
2022-08-25 14:15:19,913 - INFO - Beginning optimization with guess, [2.46299846e+00 4.41633747e+00 6.96138467e-07].
2022-08-25 14:15:20,064 - INFO - Finished optimization with guess, [2.46299846e+00 4.41633747e+00 6.96138467e-07].
2022-08-25 14:15:20,064 - INFO - Best fit parameters: [2.46299846e+00 4.41633747e+00 6.96138467e-07].
2022-08-25 14:15:20,101 - INFO - Maximum log composite likelihood: -393.743418512.
2022-08-25 14:15:20,102 - INFO - Optimal value of theta: 7298.84209678.
2022-08-25 14:15:20,102 - INFO - Beginning optimization with guess, [4.35150864e+00 5.11696142e+00 6.93495171e-07].
2022-08-25 14:15:20,253 - INFO - Finished optimization with guess, [4.35150864e+00 5.11696142e+00 6.93495171e-07].
2022-08-25 14:15:20,253 - INFO - Best fit parameters: [4.35150864e+00 5.11696142e+00 6.93495171e-07].
2022-08-25 14:15:20,291 - INFO - Maximum log composite likelihood: -393.743418513.
2022-08-25 14:15:20,292 - INFO - Optimal value of theta: 7298.84209678.
2022-08-25 14:15:20,292 - INFO - Beginning optimization with guess, [6.20873986e+00 2.50004868e+00 6.89748636e-07].
2022-08-25 14:15:20,443 - INFO - Finished optimization with guess, [6.20873986e+00 2.50004868e+00 6.89748636e-07].
2022-08-25 14:15:20,443 - INFO - Best fit parameters: [6.20873986e+00 2.50004868e+00 6.89748636e-07].
2022-08-25 14:15:20,481 - INFO - Maximum log composite likelihood: -393.743418507.
2022-08-25 14:15:20,481 - INFO - Optimal value of theta: 7298.84209677.
2022-08-25 14:15:20,481 - INFO - Beginning optimization with guess, [9.72146061e+00 3.43130196e+00 5.69334338e-07].
2022-08-25 14:15:20,632 - INFO - Finished optimization with guess, [9.72146061e+00 3.43130196e+00 5.69334338e-07].
2022-08-25 14:15:20,633 - INFO - Best fit parameters: [9.72146061e+00 3.43130196e+00 5.69334338e-07].
2022-08-25 14:15:20,670 - INFO - Maximum log composite likelihood: -393.743418515.
2022-08-25 14:15:20,671 - INFO - Optimal value of theta: 7298.84209678.
2022-08-25 14:15:20,671 - INFO - Beginning optimization with guess, [4.64271073e+00 1.03756576e+01 1.05703778e-06].
2022-08-25 14:15:20,822 - INFO - Finished optimization with guess, [4.64271073e+00 1.03756576e+01 1.05703778e-06].
2022-08-25 14:15:20,822 - INFO - Best fit parameters: [4.64271073e+00 1.03756576e+01 1.05703778e-06].
2022-08-25 14:15:20,860 - INFO - Maximum log composite likelihood: -393.743418509.
2022-08-25 14:15:20,860 - INFO - Optimal value of theta: 7298.84209677.
2022-08-25 14:15:20,860 - INFO - Beginning optimization with guess, [4.29740389e+00 5.92571381e+00 9.16932582e-07].
2022-08-25 14:15:21,011 - INFO - Finished optimization with guess, [4.29740389e+00 5.92571381e+00 9.16932582e-07].
2022-08-25 14:15:21,012 - INFO - Best fit parameters: [4.29740389e+00 5.92571381e+00 9.16932582e-07].
2022-08-25 14:15:21,049 - INFO - Maximum log composite likelihood: -393.743418506.
2022-08-25 14:15:21,050 - INFO - Optimal value of theta: 7298.84209677.
2022-08-25 14:15:21,050 - INFO - Beginning optimization with guess, [1.59221200e+01 5.19290002e+00 1.84909636e-06].
2022-08-25 14:15:21,201 - INFO - Finished optimization with guess, [1.59221200e+01 5.19290002e+00 1.84909636e-06].
2022-08-25 14:15:21,216 - INFO - Best fit parameters: [1.59221200e+01 5.19290002e+00 1.84909636e-06].
2022-08-25 14:15:21,254 - INFO - Maximum log composite likelihood: -393.743418432.
2022-08-25 14:15:21,254 - INFO - Optimal value of theta: 7298.84209666.
2022-08-25 14:15:21,256 - INFO - Beginning demographic inference for three-epoch demographic model.
2022-08-25 14:15:21,266 - INFO - Beginning optimization with guess, [9.23307612e-07 1.66481986e-06 1.60878468e-06 7.17383832e-07].
2022-08-25 14:15:22,349 - INFO - Finished optimization with guess, [9.23307612e-07 1.66481986e-06 1.60878468e-06 7.17383832e-07].
2022-08-25 14:15:22,349 - INFO - Best fit parameters: [8.00000000e+001 8.00000000e+001 2.52662043e-195 5.07024150e-174].
2022-08-25 14:15:22,389 - INFO - Maximum log composite likelihood: -393.743418527.
2022-08-25 14:15:22,389 - INFO - Optimal value of theta: 7298.8420968.
2022-08-25 14:15:22,390 - INFO - Beginning optimization with guess, [7.10559592e-06 1.26164205e-05 1.27953594e-06 6.14980981e-07].
2022-08-25 14:15:23,582 - INFO - Finished optimization with guess, [7.10559592e-06 1.26164205e-05 1.27953594e-06 6.14980981e-07].
2022-08-25 14:15:23,583 - INFO - Best fit parameters: [6.54613179e-06 2.39196206e-05 5.52026780e-08 1.40239293e-07].
2022-08-25 14:15:23,622 - INFO - Maximum log composite likelihood: -411.868705687.
2022-08-25 14:15:23,622 - INFO - Optimal value of theta: 7326.98283626.
2022-08-25 14:15:23,623 - INFO - Beginning optimization with guess, [1.61329174e-04 1.69159046e-04 1.13686027e-06 1.65038669e-06].
2022-08-25 14:15:24,777 - INFO - Finished optimization with guess, [1.61329174e-04 1.69159046e-04 1.13686027e-06 1.65038669e-06].
2022-08-25 14:15:24,778 - INFO - Best fit parameters: [4.34838534e-04 4.09218904e-04 3.11003488e-07 3.33952158e-07].
2022-08-25 14:15:24,817 - INFO - Maximum log composite likelihood: -394.050515917.
2022-08-25 14:15:24,817 - INFO - Optimal value of theta: 7299.31351786.
2022-08-25 14:15:24,818 - INFO - Beginning optimization with guess, [8.21465867e-04 7.03252373e-04 1.41847344e-06 1.92916766e-06].
2022-08-25 14:15:25,972 - INFO - Finished optimization with guess, [8.21465867e-04 7.03252373e-04 1.41847344e-06 1.92916766e-06].
2022-08-25 14:15:25,972 - INFO - Best fit parameters: [2.24704022e-03 2.44998574e-03 5.18292593e-07 5.52978710e-07].
2022-08-25 14:15:26,014 - INFO - Maximum log composite likelihood: -393.771407555.
2022-08-25 14:15:26,014 - INFO - Optimal value of theta: 7298.88492361.
2022-08-25 14:15:26,014 - INFO - Beginning optimization with guess, [5.19361942e-03 7.87976463e-03 1.83931020e-06 1.97409462e-06].
2022-08-25 14:15:27,185 - INFO - Finished optimization with guess, [5.19361942e-03 7.87976463e-03 1.83931020e-06 1.97409462e-06].
2022-08-25 14:15:27,186 - INFO - Best fit parameters: [1.16990253e-02 1.66040814e-02 8.20047468e-07 9.38627744e-07].
2022-08-25 14:15:27,227 - INFO - Maximum log composite likelihood: -393.745577508.
2022-08-25 14:15:27,228 - INFO - Optimal value of theta: 7298.84539682.
2022-08-25 14:15:27,228 - INFO - Beginning optimization with guess, [8.44234678e-01 9.20830281e-01 1.20848763e-06 5.47749304e-07].
2022-08-25 14:15:27,431 - INFO - Finished optimization with guess, [8.44234678e-01 9.20830281e-01 1.20848763e-06 5.47749304e-07].
2022-08-25 14:15:27,432 - INFO - Best fit parameters: [8.44234678e-01 9.20830281e-01 1.20848763e-06 5.47749304e-07].
2022-08-25 14:15:27,471 - INFO - Maximum log composite likelihood: -393.743418612.
2022-08-25 14:15:27,471 - INFO - Optimal value of theta: 7298.84209693.
2022-08-25 14:15:27,472 - INFO - Beginning optimization with guess, [4.92579205e-01 9.96043764e-01 1.80353344e-06 1.29052077e-06].
2022-08-25 14:15:27,663 - INFO - Finished optimization with guess, [4.92579205e-01 9.96043764e-01 1.80353344e-06 1.29052077e-06].
2022-08-25 14:15:27,664 - INFO - Best fit parameters: [4.92579205e-01 9.96043764e-01 1.80353344e-06 1.29052077e-06].
2022-08-25 14:15:27,705 - INFO - Maximum log composite likelihood: -393.743420166.
2022-08-25 14:15:27,705 - INFO - Optimal value of theta: 7298.84209931.
2022-08-25 14:15:27,706 - INFO - Beginning optimization with guess, [5.77837946e-01 5.61432917e-01 5.29472686e-07 1.71289782e-06].
2022-08-25 14:15:27,898 - INFO - Finished optimization with guess, [5.77837946e-01 5.61432917e-01 5.29472686e-07 1.71289782e-06].
2022-08-25 14:15:27,898 - INFO - Best fit parameters: [5.77837946e-01 5.61432917e-01 5.29472686e-07 1.71289782e-06].
2022-08-25 14:15:27,937 - INFO - Maximum log composite likelihood: -393.743419523.
2022-08-25 14:15:27,937 - INFO - Optimal value of theta: 7298.84209832.
2022-08-25 14:15:27,937 - INFO - Beginning optimization with guess, [7.14323029e-01 9.30594025e-01 1.23381676e-06 1.17757706e-06].
2022-08-25 14:15:28,131 - INFO - Finished optimization with guess, [7.14323029e-01 9.30594025e-01 1.23381676e-06 1.17757706e-06].
2022-08-25 14:15:28,132 - INFO - Best fit parameters: [7.14323029e-01 9.30594025e-01 1.23381676e-06 1.17757706e-06].
2022-08-25 14:15:28,170 - INFO - Maximum log composite likelihood: -393.743418807.
2022-08-25 14:15:28,171 - INFO - Optimal value of theta: 7298.84209723.
2022-08-25 14:15:28,171 - INFO - Beginning optimization with guess, [7.53055203e-01 1.86401471e+00 5.92441683e-07 1.22647195e-06].
2022-08-25 14:15:28,364 - INFO - Finished optimization with guess, [7.53055203e-01 1.86401471e+00 5.92441683e-07 1.22647195e-06].
2022-08-25 14:15:28,364 - INFO - Best fit parameters: [7.53055203e-01 1.86401471e+00 5.92441683e-07 1.22647195e-06].
2022-08-25 14:15:28,402 - INFO - Maximum log composite likelihood: -393.74341851.
2022-08-25 14:15:28,403 - INFO - Optimal value of theta: 7298.84209677.
2022-08-25 14:15:28,403 - INFO - Beginning optimization with guess, [2.20952164e+00 1.36942934e+00 1.61784172e-06 1.63227796e-06].
2022-08-25 14:15:28,596 - INFO - Finished optimization with guess, [2.20952164e+00 1.36942934e+00 1.61784172e-06 1.63227796e-06].
2022-08-25 14:15:28,596 - INFO - Best fit parameters: [2.20952164e+00 1.36942934e+00 1.61784172e-06 1.63227796e-06].
2022-08-25 14:15:28,635 - INFO - Maximum log composite likelihood: -393.743418134.
2022-08-25 14:15:28,635 - INFO - Optimal value of theta: 7298.8420962.
2022-08-25 14:15:28,635 - INFO - Beginning optimization with guess, [1.51568537e+00 1.57579974e+00 9.11824720e-07 1.92616575e-06].
2022-08-25 14:15:28,824 - INFO - Finished optimization with guess, [1.51568537e+00 1.57579974e+00 9.11824720e-07 1.92616575e-06].
2022-08-25 14:15:28,824 - INFO - Best fit parameters: [1.51568537e+00 1.57579974e+00 9.11824720e-07 1.92616575e-06].
2022-08-25 14:15:28,861 - INFO - Maximum log composite likelihood: -393.743418275.
2022-08-25 14:15:28,862 - INFO - Optimal value of theta: 7298.84209642.
2022-08-25 14:15:28,862 - INFO - Beginning optimization with guess, [2.97225014e+00 1.93640404e+00 1.18281877e-06 1.34369260e-06].
2022-08-25 14:15:29,055 - INFO - Finished optimization with guess, [2.97225014e+00 1.93640404e+00 1.18281877e-06 1.34369260e-06].
2022-08-25 14:15:29,055 - INFO - Best fit parameters: [2.97225014e+00 1.93640404e+00 1.18281877e-06 1.34369260e-06].
2022-08-25 14:15:29,100 - INFO - Maximum log composite likelihood: -393.743418295.
2022-08-25 14:15:29,101 - INFO - Optimal value of theta: 7298.84209645.
2022-08-25 14:15:29,101 - INFO - Beginning optimization with guess, [3.74889779e+00 2.76237759e+00 5.48196516e-07 1.76478650e-06].
2022-08-25 14:15:29,331 - INFO - Finished optimization with guess, [3.74889779e+00 2.76237759e+00 5.48196516e-07 1.76478650e-06].
2022-08-25 14:15:29,331 - INFO - Best fit parameters: [3.74889779e+00 2.76237759e+00 5.48196516e-07 1.76478650e-06].
2022-08-25 14:15:29,368 - INFO - Maximum log composite likelihood: -393.743418343.
2022-08-25 14:15:29,369 - INFO - Optimal value of theta: 7298.84209652.
2022-08-25 14:15:29,369 - INFO - Beginning optimization with guess, [4.25563559e+00 3.44226373e+00 5.77490915e-07 8.60667111e-07].
2022-08-25 14:15:29,555 - INFO - Finished optimization with guess, [4.25563559e+00 3.44226373e+00 5.77490915e-07 8.60667111e-07].
2022-08-25 14:15:29,555 - INFO - Best fit parameters: [4.25563559e+00 3.44226373e+00 5.77490915e-07 8.60667111e-07].
2022-08-25 14:15:29,593 - INFO - Maximum log composite likelihood: -393.743418469.
2022-08-25 14:15:29,593 - INFO - Optimal value of theta: 7298.84209671.
2022-08-25 14:15:29,593 - INFO - Beginning optimization with guess, [1.64657869e+00 1.95338749e+00 9.17352681e-07 1.68852615e-06].
2022-08-25 14:15:29,780 - INFO - Finished optimization with guess, [1.64657869e+00 1.95338749e+00 9.17352681e-07 1.68852615e-06].
2022-08-25 14:15:29,780 - INFO - Best fit parameters: [1.64657869e+00 1.95338749e+00 9.17352681e-07 1.68852615e-06].
2022-08-25 14:15:29,817 - INFO - Maximum log composite likelihood: -393.74341831.
2022-08-25 14:15:29,818 - INFO - Optimal value of theta: 7298.84209647.
2022-08-25 14:15:29,818 - INFO - Beginning optimization with guess, [2.28990462e+00 3.44725509e+00 5.41190658e-07 6.70810260e-07].
2022-08-25 14:15:30,004 - INFO - Finished optimization with guess, [2.28990462e+00 3.44725509e+00 5.41190658e-07 6.70810260e-07].
2022-08-25 14:15:30,004 - INFO - Best fit parameters: [2.28990462e+00 3.44725509e+00 5.41190658e-07 6.70810260e-07].
2022-08-25 14:15:30,042 - INFO - Maximum log composite likelihood: -393.743418487.
2022-08-25 14:15:30,042 - INFO - Optimal value of theta: 7298.84209674.
2022-08-25 14:15:30,042 - INFO - Beginning optimization with guess, [5.48684875e+00 4.11103402e+00 5.54027038e-07 1.71065512e-06].
2022-08-25 14:15:30,229 - INFO - Finished optimization with guess, [5.48684875e+00 4.11103402e+00 5.54027038e-07 1.71065512e-06].
2022-08-25 14:15:30,229 - INFO - Best fit parameters: [5.48684875e+00 4.11103402e+00 5.54027038e-07 1.71065512e-06].
2022-08-25 14:15:30,266 - INFO - Maximum log composite likelihood: -393.743418389.
2022-08-25 14:15:30,267 - INFO - Optimal value of theta: 7298.84209659.
2022-08-25 14:15:30,267 - INFO - Beginning optimization with guess, [2.42081038e+00 5.65752744e+00 1.38313547e-06 1.58339078e-06].
2022-08-25 14:15:30,454 - INFO - Finished optimization with guess, [2.42081038e+00 5.65752744e+00 1.38313547e-06 1.58339078e-06].
2022-08-25 14:15:30,454 - INFO - Best fit parameters: [2.42081038e+00 5.65752744e+00 1.38313547e-06 1.58339078e-06].
2022-08-25 14:15:30,491 - INFO - Maximum log composite likelihood: -393.743418339.
2022-08-25 14:15:30,492 - INFO - Optimal value of theta: 7298.84209651.
2022-08-25 14:15:30,492 - INFO - Beginning optimization with guess, [5.93918329e+00 1.97028363e+00 1.78146872e-06 7.17894151e-07].
2022-08-25 14:15:30,679 - INFO - Finished optimization with guess, [5.93918329e+00 1.97028363e+00 1.78146872e-06 7.17894151e-07].
2022-08-25 14:15:30,679 - INFO - Best fit parameters: [5.93918329e+00 1.97028363e+00 1.78146872e-06 7.17894151e-07].
2022-08-25 14:15:30,716 - INFO - Maximum log composite likelihood: -393.743418329.
2022-08-25 14:15:30,716 - INFO - Optimal value of theta: 7298.8420965.
2022-08-25 14:15:30,717 - INFO - Beginning optimization with guess, [2.10087623e+00 4.73670516e+00 1.29605610e-06 1.84302700e-06].
2022-08-25 14:15:30,901 - INFO - Finished optimization with guess, [2.10087623e+00 4.73670516e+00 1.29605610e-06 1.84302700e-06].
2022-08-25 14:15:30,902 - INFO - Best fit parameters: [2.10087623e+00 4.73670516e+00 1.29605610e-06 1.84302700e-06].
2022-08-25 14:15:30,939 - INFO - Maximum log composite likelihood: -393.743418305.
2022-08-25 14:15:30,939 - INFO - Optimal value of theta: 7298.84209646.
2022-08-25 14:15:30,940 - INFO - Beginning optimization with guess, [3.31684272e+00 6.81386527e+00 7.84764103e-07 6.90239319e-07].
2022-08-25 14:15:31,126 - INFO - Finished optimization with guess, [3.31684272e+00 6.81386527e+00 7.84764103e-07 6.90239319e-07].
2022-08-25 14:15:31,126 - INFO - Best fit parameters: [3.31684272e+00 6.81386527e+00 7.84764103e-07 6.90239319e-07].
2022-08-25 14:15:31,164 - INFO - Maximum log composite likelihood: -393.743418483.
2022-08-25 14:15:31,164 - INFO - Optimal value of theta: 7298.84209673.
2022-08-25 14:15:31,164 - INFO - Beginning optimization with guess, [6.91629277e+00 6.65395171e+00 1.30592007e-06 1.25728313e-06].
2022-08-25 14:15:31,350 - INFO - Finished optimization with guess, [6.91629277e+00 6.65395171e+00 1.30592007e-06 1.25728313e-06].
2022-08-25 14:15:31,351 - INFO - Best fit parameters: [6.91629277e+00 6.65395171e+00 1.30592007e-06 1.25728313e-06].
2022-08-25 14:15:31,388 - INFO - Maximum log composite likelihood: -393.743418415.
2022-08-25 14:15:31,388 - INFO - Optimal value of theta: 7298.84209663.
2022-08-25 14:15:31,389 - INFO - Beginning optimization with guess, [5.46197459e+00 5.06113154e+00 6.68872823e-07 1.88506361e-06].
2022-08-25 14:15:31,575 - INFO - Finished optimization with guess, [5.46197459e+00 5.06113154e+00 6.68872823e-07 1.88506361e-06].
2022-08-25 14:15:31,575 - INFO - Best fit parameters: [5.46197459e+00 5.06113154e+00 6.68872823e-07 1.88506361e-06].
2022-08-25 14:15:31,613 - INFO - Maximum log composite likelihood: -393.743418378.
2022-08-25 14:15:31,613 - INFO - Optimal value of theta: 7298.84209657.
2022-08-25 14:15:31,613 - INFO - Beginning optimization with guess, [1.32543453e+01 5.68318511e+00 5.36407726e-07 9.79308056e-07].
2022-08-25 14:15:31,800 - INFO - Finished optimization with guess, [1.32543453e+01 5.68318511e+00 5.36407726e-07 9.79308056e-07].
2022-08-25 14:15:31,800 - INFO - Best fit parameters: [1.32543453e+01 5.68318511e+00 5.36407726e-07 9.79308056e-07].
2022-08-25 14:15:31,837 - INFO - Maximum log composite likelihood: -393.743418483.
2022-08-25 14:15:31,946 - INFO - Optimal value of theta: 7298.84209673.
2022-08-25 14:15:31,975 - INFO - Beginning demographic inference for one-epoch demographic model.
2022-08-25 14:15:31,994 - INFO - Beginning optimization with guess, [0.09367888].
2022-08-25 14:15:32,135 - INFO - Finished optimization with guess, [0.09367888].
2022-08-25 14:15:32,135 - INFO - Best fit parameters: [0.09367888].
2022-08-25 14:15:32,183 - INFO - Maximum log composite likelihood: -393.743418527.
2022-08-25 14:15:32,183 - INFO - Optimal value of theta: 7298.8420968.
2022-08-25 14:15:32,183 - INFO - Beginning optimization with guess, [0.11442547].
2022-08-25 14:15:32,262 - INFO - Finished optimization with guess, [0.11442547].
2022-08-25 14:15:32,262 - INFO - Best fit parameters: [0.11442547].
2022-08-25 14:15:32,299 - INFO - Maximum log composite likelihood: -393.743418527.
2022-08-25 14:15:32,299 - INFO - Optimal value of theta: 7298.8420968.
2022-08-25 14:15:32,299 - INFO - Beginning optimization with guess, [0.20410427].
2022-08-25 14:15:32,372 - INFO - Finished optimization with guess, [0.20410427].
2022-08-25 14:15:32,373 - INFO - Best fit parameters: [0.20410427].
2022-08-25 14:15:32,409 - INFO - Maximum log composite likelihood: -393.743418527.
2022-08-25 14:15:32,409 - INFO - Optimal value of theta: 7298.8420968.
2022-08-25 14:15:32,410 - INFO - Beginning optimization with guess, [0.27151348].
2022-08-25 14:15:32,483 - INFO - Finished optimization with guess, [0.27151348].
2022-08-25 14:15:32,483 - INFO - Best fit parameters: [0.27151348].
2022-08-25 14:15:32,519 - INFO - Maximum log composite likelihood: -393.743418527.
2022-08-25 14:15:32,520 - INFO - Optimal value of theta: 7298.8420968.
2022-08-25 14:15:32,520 - INFO - Beginning optimization with guess, [0.33165954].
2022-08-25 14:15:32,593 - INFO - Finished optimization with guess, [0.33165954].
2022-08-25 14:15:32,593 - INFO - Best fit parameters: [0.33165954].
2022-08-25 14:15:32,629 - INFO - Maximum log composite likelihood: -393.743418527.
2022-08-25 14:15:32,630 - INFO - Optimal value of theta: 7298.8420968.
2022-08-25 14:15:32,630 - INFO - Beginning optimization with guess, [0.5909883].
2022-08-25 14:15:32,703 - INFO - Finished optimization with guess, [0.5909883].
2022-08-25 14:15:32,703 - INFO - Best fit parameters: [0.5909883].
2022-08-25 14:15:32,739 - INFO - Maximum log composite likelihood: -393.743418527.
2022-08-25 14:15:32,740 - INFO - Optimal value of theta: 7298.8420968.
2022-08-25 14:15:32,740 - INFO - Beginning optimization with guess, [0.68809226].
2022-08-25 14:15:32,813 - INFO - Finished optimization with guess, [0.68809226].
2022-08-25 14:15:32,813 - INFO - Best fit parameters: [0.68809226].
2022-08-25 14:15:32,849 - INFO - Maximum log composite likelihood: -393.743418527.
2022-08-25 14:15:32,850 - INFO - Optimal value of theta: 7298.8420968.
2022-08-25 14:15:32,850 - INFO - Beginning optimization with guess, [1.15469575].
2022-08-25 14:15:32,923 - INFO - Finished optimization with guess, [1.15469575].
2022-08-25 14:15:32,923 - INFO - Best fit parameters: [1.15469575].
2022-08-25 14:15:32,959 - INFO - Maximum log composite likelihood: -393.743418527.
2022-08-25 14:15:32,960 - INFO - Optimal value of theta: 7298.8420968.
2022-08-25 14:15:32,960 - INFO - Beginning optimization with guess, [0.89987798].
2022-08-25 14:15:33,033 - INFO - Finished optimization with guess, [0.89987798].
2022-08-25 14:15:33,033 - INFO - Best fit parameters: [0.89987798].
2022-08-25 14:15:33,070 - INFO - Maximum log composite likelihood: -393.743418527.
2022-08-25 14:15:33,070 - INFO - Optimal value of theta: 7298.8420968.
2022-08-25 14:15:33,070 - INFO - Beginning optimization with guess, [0.61572378].
2022-08-25 14:15:33,143 - INFO - Finished optimization with guess, [0.61572378].
2022-08-25 14:15:33,143 - INFO - Best fit parameters: [0.61572378].
2022-08-25 14:15:33,180 - INFO - Maximum log composite likelihood: -393.743418527.
2022-08-25 14:15:33,180 - INFO - Optimal value of theta: 7298.8420968.
2022-08-25 14:15:33,180 - INFO - Beginning optimization with guess, [0.66665306].
2022-08-25 14:15:33,253 - INFO - Finished optimization with guess, [0.66665306].
2022-08-25 14:15:33,253 - INFO - Best fit parameters: [0.66665306].
2022-08-25 14:15:33,290 - INFO - Maximum log composite likelihood: -393.743418527.
2022-08-25 14:15:33,290 - INFO - Optimal value of theta: 7298.8420968.
2022-08-25 14:15:33,290 - INFO - Beginning optimization with guess, [2.66744578].
2022-08-25 14:15:33,363 - INFO - Finished optimization with guess, [2.66744578].
2022-08-25 14:15:33,363 - INFO - Best fit parameters: [2.66744578].
2022-08-25 14:15:33,400 - INFO - Maximum log composite likelihood: -393.743418527.
2022-08-25 14:15:33,400 - INFO - Optimal value of theta: 7298.8420968.
2022-08-25 14:15:33,400 - INFO - Beginning optimization with guess, [2.72289613].
2022-08-25 14:15:33,474 - INFO - Finished optimization with guess, [2.72289613].
2022-08-25 14:15:33,474 - INFO - Best fit parameters: [2.72289613].
2022-08-25 14:15:33,510 - INFO - Maximum log composite likelihood: -393.743418527.
2022-08-25 14:15:33,510 - INFO - Optimal value of theta: 7298.8420968.
2022-08-25 14:15:33,511 - INFO - Beginning optimization with guess, [1.62722696].
2022-08-25 14:15:33,584 - INFO - Finished optimization with guess, [1.62722696].
2022-08-25 14:15:33,584 - INFO - Best fit parameters: [1.62722696].
2022-08-25 14:15:33,620 - INFO - Maximum log composite likelihood: -393.743418527.
2022-08-25 14:15:33,620 - INFO - Optimal value of theta: 7298.8420968.
2022-08-25 14:15:33,621 - INFO - Beginning optimization with guess, [2.29639453].
2022-08-25 14:15:33,694 - INFO - Finished optimization with guess, [2.29639453].
2022-08-25 14:15:33,694 - INFO - Best fit parameters: [2.29639453].
2022-08-25 14:15:33,730 - INFO - Maximum log composite likelihood: -393.743418527.
2022-08-25 14:15:33,731 - INFO - Optimal value of theta: 7298.8420968.
2022-08-25 14:15:33,731 - INFO - Beginning optimization with guess, [3.35400157].
2022-08-25 14:15:33,803 - INFO - Finished optimization with guess, [3.35400157].
2022-08-25 14:15:33,804 - INFO - Best fit parameters: [3.35400157].
2022-08-25 14:15:33,840 - INFO - Maximum log composite likelihood: -393.743418527.
2022-08-25 14:15:33,840 - INFO - Optimal value of theta: 7298.8420968.
2022-08-25 14:15:33,841 - INFO - Beginning optimization with guess, [2.36917481].
2022-08-25 14:15:33,914 - INFO - Finished optimization with guess, [2.36917481].
2022-08-25 14:15:33,914 - INFO - Best fit parameters: [2.36917481].
2022-08-25 14:15:33,950 - INFO - Maximum log composite likelihood: -393.743418527.
2022-08-25 14:15:33,950 - INFO - Optimal value of theta: 7298.8420968.
2022-08-25 14:15:33,951 - INFO - Beginning optimization with guess, [3.33475893].
2022-08-25 14:15:34,024 - INFO - Finished optimization with guess, [3.33475893].
2022-08-25 14:15:34,024 - INFO - Best fit parameters: [3.33475893].
2022-08-25 14:15:34,060 - INFO - Maximum log composite likelihood: -393.743418527.
2022-08-25 14:15:34,061 - INFO - Optimal value of theta: 7298.8420968.
2022-08-25 14:15:34,061 - INFO - Beginning optimization with guess, [2.24552026].
2022-08-25 14:15:34,134 - INFO - Finished optimization with guess, [2.24552026].
2022-08-25 14:15:34,134 - INFO - Best fit parameters: [2.24552026].
2022-08-25 14:15:34,170 - INFO - Maximum log composite likelihood: -393.743418527.
2022-08-25 14:15:34,171 - INFO - Optimal value of theta: 7298.8420968.
2022-08-25 14:15:34,171 - INFO - Beginning optimization with guess, [3.93853308].
2022-08-25 14:15:34,244 - INFO - Finished optimization with guess, [3.93853308].
2022-08-25 14:15:34,244 - INFO - Best fit parameters: [3.93853308].
2022-08-25 14:15:34,280 - INFO - Maximum log composite likelihood: -393.743418527.
2022-08-25 14:15:34,281 - INFO - Optimal value of theta: 7298.8420968.
2022-08-25 14:15:34,281 - INFO - Beginning optimization with guess, [4.56893937].
2022-08-25 14:15:34,354 - INFO - Finished optimization with guess, [4.56893937].
2022-08-25 14:15:34,354 - INFO - Best fit parameters: [4.56893937].
2022-08-25 14:15:34,390 - INFO - Maximum log composite likelihood: -393.743418527.
2022-08-25 14:15:34,391 - INFO - Optimal value of theta: 7298.8420968.
2022-08-25 14:15:34,391 - INFO - Beginning optimization with guess, [4.33044971].
2022-08-25 14:15:34,464 - INFO - Finished optimization with guess, [4.33044971].
2022-08-25 14:15:34,464 - INFO - Best fit parameters: [4.33044971].
2022-08-25 14:15:34,500 - INFO - Maximum log composite likelihood: -393.743418527.
2022-08-25 14:15:34,501 - INFO - Optimal value of theta: 7298.8420968.
2022-08-25 14:15:34,501 - INFO - Beginning optimization with guess, [4.08221186].
2022-08-25 14:15:34,574 - INFO - Finished optimization with guess, [4.08221186].
2022-08-25 14:15:34,574 - INFO - Best fit parameters: [4.08221186].
2022-08-25 14:15:34,610 - INFO - Maximum log composite likelihood: -393.743418527.
2022-08-25 14:15:34,611 - INFO - Optimal value of theta: 7298.8420968.
2022-08-25 14:15:34,611 - INFO - Beginning optimization with guess, [3.9498519].
2022-08-25 14:15:34,684 - INFO - Finished optimization with guess, [3.9498519].
2022-08-25 14:15:34,684 - INFO - Best fit parameters: [3.9498519].
2022-08-25 14:15:34,721 - INFO - Maximum log composite likelihood: -393.743418527.
2022-08-25 14:15:34,721 - INFO - Optimal value of theta: 7298.8420968.
2022-08-25 14:15:34,721 - INFO - Beginning optimization with guess, [9.03167313].
2022-08-25 14:15:34,794 - INFO - Finished optimization with guess, [9.03167313].
2022-08-25 14:15:34,794 - INFO - Best fit parameters: [9.03167313].
2022-08-25 14:15:34,830 - INFO - Maximum log composite likelihood: -393.743418527.
2022-08-25 14:15:34,831 - INFO - Optimal value of theta: 7298.8420968.
2022-08-25 14:15:34,839 - INFO - Finished demographic inference.
2022-08-25 14:15:34,840 - INFO - Pipeline executed succesfully.
