2021-10-19 17:02:38,697 - INFO - Beginning execution of fit_demographic_model.py in directory /u/project/ngarud/jonmah/demo_for_ccgb/Scripts

2021-10-19 17:02:38,698 - INFO - Progress is being logged to ../Analysis/Coprococcus_sp_62244_no_singletons/log.log

2021-10-19 17:02:38,698 - INFO - Parsed the following arguments:
	mask_doubletons = False
	syn_input_sfs = ../Data/Coprococcus_sp_62244_syn.sfs
	mask_singletons = True
	outprefix = ../Analysis/Coprococcus_sp_62244_no_singletons/

2021-10-19 17:02:38,699 - INFO - Beginning demographic inference for exponential growth demographic model.
2021-10-19 17:02:38,701 - INFO - Beginning optimization with guess, [1.25173088e-01 9.05062963e-06].
2021-10-19 17:02:39,751 - INFO - Finished optimization with guess, [1.25173088e-01 9.05062963e-06].
2021-10-19 17:02:39,752 - INFO - Best fit parameters: [1.25182523e-01 9.04999160e-06].
2021-10-19 17:02:39,778 - INFO - Maximum log composite likelihood: -69.826303298.
2021-10-19 17:02:39,779 - INFO - Optimal value of theta: 3549.65570898.
2021-10-19 17:02:39,780 - INFO - Beginning optimization with guess, [8.57763902e-02 1.45107077e-05].
2021-10-19 17:02:40,408 - INFO - Finished optimization with guess, [8.57763902e-02 1.45107077e-05].
2021-10-19 17:02:40,408 - INFO - Best fit parameters: [2.70476651e-01 5.43226162e-06].
2021-10-19 17:02:40,434 - INFO - Maximum log composite likelihood: -69.8262703404.
2021-10-19 17:02:40,435 - INFO - Optimal value of theta: 3549.65556253.
2021-10-19 17:02:40,436 - INFO - Beginning optimization with guess, [1.50850802e-01 7.10841191e-06].
2021-10-19 17:02:40,596 - INFO - Finished optimization with guess, [1.50850802e-01 7.10841191e-06].
2021-10-19 17:02:40,596 - INFO - Best fit parameters: [1.50855569e-01 7.10820510e-06].
2021-10-19 17:02:40,623 - INFO - Maximum log composite likelihood: -69.8262826023.
2021-10-19 17:02:40,624 - INFO - Optimal value of theta: 3549.65561701.
2021-10-19 17:02:40,624 - INFO - Beginning optimization with guess, [5.30729287e-02 6.54831983e-06].
2021-10-19 17:02:40,782 - INFO - Finished optimization with guess, [5.30729287e-02 6.54831983e-06].
2021-10-19 17:02:40,782 - INFO - Best fit parameters: [5.30850089e-02 6.54686745e-06].
2021-10-19 17:02:40,809 - INFO - Maximum log composite likelihood: -69.8263789182.
2021-10-19 17:02:40,810 - INFO - Optimal value of theta: 3549.65604523.
2021-10-19 17:02:40,810 - INFO - Beginning optimization with guess, [5.91344535e-02 1.17195041e-05].
2021-10-19 17:02:41,434 - INFO - Finished optimization with guess, [5.91344535e-02 1.17195041e-05].
2021-10-19 17:02:41,434 - INFO - Best fit parameters: [1.81355501e-01 4.17291612e-06].
2021-10-19 17:02:41,461 - INFO - Maximum log composite likelihood: -69.8262714124.
2021-10-19 17:02:41,462 - INFO - Optimal value of theta: 3549.65556729.
2021-10-19 17:02:41,462 - INFO - Beginning optimization with guess, [1.18268483e-01 1.11408581e-05].
2021-10-19 17:02:41,621 - INFO - Finished optimization with guess, [1.18268483e-01 1.11408581e-05].
2021-10-19 17:02:41,621 - INFO - Best fit parameters: [1.18283663e-01 1.11395155e-05].
2021-10-19 17:02:41,648 - INFO - Maximum log composite likelihood: -69.8263282955.
2021-10-19 17:02:41,649 - INFO - Optimal value of theta: 3549.65582011.
2021-10-19 17:02:41,649 - INFO - Beginning optimization with guess, [5.36805301e-02 6.73889147e-06].
2021-10-19 17:02:41,808 - INFO - Finished optimization with guess, [5.36805301e-02 6.73889147e-06].
2021-10-19 17:02:41,809 - INFO - Best fit parameters: [5.36931736e-02 6.73734529e-06].
2021-10-19 17:02:41,836 - INFO - Maximum log composite likelihood: -69.8263827388.
2021-10-19 17:02:41,837 - INFO - Optimal value of theta: 3549.65606223.
2021-10-19 17:02:41,837 - INFO - Beginning optimization with guess, [1.05639061e-01 1.83847282e-05].
2021-10-19 17:02:42,468 - INFO - Finished optimization with guess, [1.05639061e-01 1.83847282e-05].
2021-10-19 17:02:42,468 - INFO - Best fit parameters: [3.33301552e-01 7.02248568e-06].
2021-10-19 17:02:42,494 - INFO - Maximum log composite likelihood: -69.826270354.
2021-10-19 17:02:42,496 - INFO - Optimal value of theta: 3549.65556259.
2021-10-19 17:02:42,497 - INFO - Beginning optimization with guess, [6.71952035e-02 1.02341204e-05].
2021-10-19 17:02:43,044 - INFO - Finished optimization with guess, [6.71952035e-02 1.02341204e-05].
2021-10-19 17:02:43,045 - INFO - Best fit parameters: [1.75664069e-01 4.36542229e-06].
2021-10-19 17:02:43,071 - INFO - Maximum log composite likelihood: -69.8262719956.
2021-10-19 17:02:43,072 - INFO - Optimal value of theta: 3549.65556989.
2021-10-19 17:02:43,072 - INFO - Beginning optimization with guess, [1.49768351e-01 1.95344740e-05].
2021-10-19 17:02:43,234 - INFO - Finished optimization with guess, [1.49768351e-01 1.95344740e-05].
2021-10-19 17:02:43,235 - INFO - Best fit parameters: [1.49804547e-01 1.95301275e-05].
2021-10-19 17:02:43,262 - INFO - Maximum log composite likelihood: -69.8263792712.
2021-10-19 17:02:43,263 - INFO - Optimal value of theta: 3549.65604683.
2021-10-19 17:02:43,264 - INFO - Beginning optimization with guess, [1.14740908e-01 1.27428329e-05].
2021-10-19 17:02:43,421 - INFO - Finished optimization with guess, [1.14740908e-01 1.27428329e-05].
2021-10-19 17:02:43,422 - INFO - Best fit parameters: [1.14761405e-01 1.27406912e-05].
2021-10-19 17:02:43,448 - INFO - Maximum log composite likelihood: -69.8263520676.
2021-10-19 17:02:43,449 - INFO - Optimal value of theta: 3549.65592582.
2021-10-19 17:02:43,449 - INFO - Beginning optimization with guess, [1.60955000e-01 6.36856505e-06].
2021-10-19 17:02:43,607 - INFO - Finished optimization with guess, [1.60955000e-01 6.36856505e-06].
2021-10-19 17:02:43,608 - INFO - Best fit parameters: [1.60958568e-01 6.36843598e-06].
2021-10-19 17:02:43,634 - INFO - Maximum log composite likelihood: -69.8262781957.
2021-10-19 17:02:43,635 - INFO - Optimal value of theta: 3549.65559743.
2021-10-19 17:02:43,636 - INFO - Beginning optimization with guess, [9.94003476e-02 8.66809343e-06].
2021-10-19 17:02:43,792 - INFO - Finished optimization with guess, [9.94003476e-02 8.66809343e-06].
2021-10-19 17:02:43,793 - INFO - Best fit parameters: [9.94113932e-02 8.66717887e-06].
2021-10-19 17:02:43,819 - INFO - Maximum log composite likelihood: -69.8263207978.
2021-10-19 17:02:43,820 - INFO - Optimal value of theta: 3549.65578677.
2021-10-19 17:02:43,820 - INFO - Beginning optimization with guess, [1.72681481e-01 1.31037476e-05].
2021-10-19 17:02:43,979 - INFO - Finished optimization with guess, [1.72681481e-01 1.31037476e-05].
2021-10-19 17:02:43,979 - INFO - Best fit parameters: [1.72695456e-01 1.31027855e-05].
2021-10-19 17:02:44,006 - INFO - Maximum log composite likelihood: -69.8263047616.
2021-10-19 17:02:44,007 - INFO - Optimal value of theta: 3549.65571549.
2021-10-19 17:02:44,008 - INFO - Beginning optimization with guess, [1.39804966e-01 1.66192838e-05].
2021-10-19 17:02:44,166 - INFO - Finished optimization with guess, [1.39804966e-01 1.66192838e-05].
2021-10-19 17:02:44,166 - INFO - Best fit parameters: [1.39833193e-01 1.66161751e-05].
2021-10-19 17:02:44,192 - INFO - Maximum log composite likelihood: -69.8263615598.
2021-10-19 17:02:44,193 - INFO - Optimal value of theta: 3549.65596804.
2021-10-19 17:02:44,193 - INFO - Beginning optimization with guess, [1.06217205e-01 1.03208435e-05].
2021-10-19 17:02:44,351 - INFO - Finished optimization with guess, [1.06217205e-01 1.03208435e-05].
2021-10-19 17:02:44,352 - INFO - Best fit parameters: [1.06231802e-01 1.03195022e-05].
2021-10-19 17:02:44,378 - INFO - Maximum log composite likelihood: -69.8263330192.
2021-10-19 17:02:44,379 - INFO - Optimal value of theta: 3549.65584111.
2021-10-19 17:02:44,380 - INFO - Beginning optimization with guess, [9.10226414e-02 1.07294791e-05].
2021-10-19 17:02:44,535 - INFO - Finished optimization with guess, [9.10226414e-02 1.07294791e-05].
2021-10-19 17:02:44,536 - INFO - Best fit parameters: [9.10411862e-02 1.07273936e-05].
2021-10-19 17:02:44,562 - INFO - Maximum log composite likelihood: -69.8263652114.
2021-10-19 17:02:44,563 - INFO - Optimal value of theta: 3549.65598427.
2021-10-19 17:02:44,563 - INFO - Beginning optimization with guess, [1.81846122e-01 7.25511520e-06].
2021-10-19 17:02:44,721 - INFO - Finished optimization with guess, [1.81846122e-01 7.25511520e-06].
2021-10-19 17:02:44,722 - INFO - Best fit parameters: [1.81850174e-01 7.25496943e-06].
2021-10-19 17:02:44,749 - INFO - Maximum log composite likelihood: -69.826278109.
2021-10-19 17:02:44,749 - INFO - Optimal value of theta: 3549.65559704.
2021-10-19 17:02:44,750 - INFO - Beginning optimization with guess, [1.15375981e-01 1.69527884e-05].
2021-10-19 17:02:45,294 - INFO - Finished optimization with guess, [1.15375981e-01 1.69527884e-05].
2021-10-19 17:02:45,296 - INFO - Best fit parameters: [2.99526152e-01 7.44127047e-06].
2021-10-19 17:02:45,322 - INFO - Maximum log composite likelihood: -69.8262714049.
2021-10-19 17:02:45,323 - INFO - Optimal value of theta: 3549.65556726.
2021-10-19 17:02:45,323 - INFO - Beginning optimization with guess, [5.29192480e-02 1.52149277e-05].
2021-10-19 17:02:46,031 - INFO - Finished optimization with guess, [5.29192480e-02 1.52149277e-05].
2021-10-19 17:02:46,032 - INFO - Best fit parameters: [1.94797285e-01 4.61057098e-06].
2021-10-19 17:02:46,058 - INFO - Maximum log composite likelihood: -69.8262715485.
2021-10-19 17:02:46,059 - INFO - Optimal value of theta: 3549.6555679.
2021-10-19 17:02:46,059 - INFO - Beginning optimization with guess, [8.82815807e-02 1.46366500e-05].
2021-10-19 17:02:46,691 - INFO - Finished optimization with guess, [8.82815807e-02 1.46366500e-05].
2021-10-19 17:02:46,692 - INFO - Best fit parameters: [2.75199872e-01 5.44500451e-06].
2021-10-19 17:02:46,718 - INFO - Maximum log composite likelihood: -69.8262702593.
2021-10-19 17:02:46,719 - INFO - Optimal value of theta: 3549.65556217.
2021-10-19 17:02:46,719 - INFO - Beginning optimization with guess, [1.55477512e-01 1.86203700e-05].
2021-10-19 17:02:46,876 - INFO - Finished optimization with guess, [1.55477512e-01 1.86203700e-05].
2021-10-19 17:02:46,876 - INFO - Best fit parameters: [1.55509105e-01 1.86168991e-05].
2021-10-19 17:02:46,901 - INFO - Maximum log composite likelihood: -69.8263612302.
2021-10-19 17:02:46,902 - INFO - Optimal value of theta: 3549.65596658.
2021-10-19 17:02:46,902 - INFO - Beginning optimization with guess, [1.13521316e-01 1.05751940e-05].
2021-10-19 17:02:47,057 - INFO - Finished optimization with guess, [1.13521316e-01 1.05751940e-05].
2021-10-19 17:02:47,057 - INFO - Best fit parameters: [1.13535602e-01 1.05739410e-05].
2021-10-19 17:02:47,082 - INFO - Maximum log composite likelihood: -69.8263272873.
2021-10-19 17:02:47,083 - INFO - Optimal value of theta: 3549.65581562.
2021-10-19 17:02:47,084 - INFO - Beginning optimization with guess, [5.99683087e-02 1.80857152e-05].
2021-10-19 17:02:47,778 - INFO - Finished optimization with guess, [5.99683087e-02 1.80857152e-05].
2021-10-19 17:02:47,779 - INFO - Best fit parameters: [2.20941409e-01 5.52664216e-06].
2021-10-19 17:02:47,804 - INFO - Maximum log composite likelihood: -69.8262718292.
2021-10-19 17:02:47,806 - INFO - Optimal value of theta: 3549.65556915.
2021-10-19 17:02:47,806 - INFO - Beginning optimization with guess, [1.76978675e-01 1.31627562e-05].
2021-10-19 17:02:47,960 - INFO - Finished optimization with guess, [1.76978675e-01 1.31627562e-05].
2021-10-19 17:02:47,961 - INFO - Best fit parameters: [1.76992402e-01 1.31618327e-05].
2021-10-19 17:02:47,987 - INFO - Maximum log composite likelihood: -69.8263031352.
2021-10-19 17:02:47,988 - INFO - Optimal value of theta: 3549.65570826.
2021-10-19 17:02:47,990 - INFO - Beginning demographic inference for two-epoch demographic model.
2021-10-19 17:02:47,993 - INFO - Beginning optimization with guess, [7.12953844e-02 5.90452050e-06].
2021-10-19 17:02:48,149 - INFO - Finished optimization with guess, [7.12953844e-02 5.90452050e-06].
2021-10-19 17:02:48,149 - INFO - Best fit parameters: [7.13026363e-02 5.90394096e-06].
2021-10-19 17:02:48,175 - INFO - Maximum log composite likelihood: -69.8263171171.
2021-10-19 17:02:48,176 - INFO - Optimal value of theta: 3549.6557704.
2021-10-19 17:02:48,177 - INFO - Beginning optimization with guess, [1.25918943e-01 1.46443985e-05].
2021-10-19 17:02:48,333 - INFO - Finished optimization with guess, [1.25918943e-01 1.46443985e-05].
2021-10-19 17:02:48,333 - INFO - Best fit parameters: [1.25943461e-01 1.46417339e-05].
2021-10-19 17:02:48,359 - INFO - Maximum log composite likelihood: -69.8263590062.
2021-10-19 17:02:48,360 - INFO - Optimal value of theta: 3549.65595668.
2021-10-19 17:02:48,361 - INFO - Beginning optimization with guess, [5.53072903e-02 8.86488118e-06].
2021-10-19 17:02:48,910 - INFO - Finished optimization with guess, [5.53072903e-02 8.86488118e-06].
2021-10-19 17:02:48,910 - INFO - Best fit parameters: [1.41565149e-01 3.67212832e-06].
2021-10-19 17:02:48,937 - INFO - Maximum log composite likelihood: -69.8262725235.
2021-10-19 17:02:48,937 - INFO - Optimal value of theta: 3549.65557223.
2021-10-19 17:02:48,938 - INFO - Beginning optimization with guess, [8.04054396e-02 6.93969114e-06].
2021-10-19 17:02:49,094 - INFO - Finished optimization with guess, [8.04054396e-02 6.93969114e-06].
2021-10-19 17:02:49,095 - INFO - Best fit parameters: [8.04142797e-02 6.93895875e-06].
2021-10-19 17:02:49,121 - INFO - Maximum log composite likelihood: -69.8263208113.
2021-10-19 17:02:49,122 - INFO - Optimal value of theta: 3549.65578683.
2021-10-19 17:02:49,122 - INFO - Beginning optimization with guess, [7.97875431e-02 1.70625982e-05].
2021-10-19 17:02:49,748 - INFO - Finished optimization with guess, [7.97875431e-02 1.70625982e-05].
2021-10-19 17:02:49,748 - INFO - Best fit parameters: [2.46442871e-01 6.21649199e-06].
2021-10-19 17:02:49,773 - INFO - Maximum log composite likelihood: -69.8262717679.
2021-10-19 17:02:49,774 - INFO - Optimal value of theta: 3549.65556887.
2021-10-19 17:02:49,775 - INFO - Beginning optimization with guess, [9.59233491e-02 9.53953365e-06].
2021-10-19 17:02:49,932 - INFO - Finished optimization with guess, [9.59233491e-02 9.53953365e-06].
2021-10-19 17:02:49,932 - INFO - Best fit parameters: [9.59372326e-02 9.53822017e-06].
2021-10-19 17:02:49,958 - INFO - Maximum log composite likelihood: -69.8263368842.
2021-10-19 17:02:49,959 - INFO - Optimal value of theta: 3549.65585829.
2021-10-19 17:02:49,959 - INFO - Beginning optimization with guess, [5.54220990e-02 1.20524984e-05].
2021-10-19 17:02:50,584 - INFO - Finished optimization with guess, [5.54220990e-02 1.20524984e-05].
2021-10-19 17:02:50,584 - INFO - Best fit parameters: [1.70252630e-01 4.27923905e-06].
2021-10-19 17:02:50,610 - INFO - Maximum log composite likelihood: -69.826272112.
2021-10-19 17:02:50,611 - INFO - Optimal value of theta: 3549.6555704.
2021-10-19 17:02:50,611 - INFO - Beginning optimization with guess, [8.73018173e-02 9.16420724e-06].
2021-10-19 17:02:50,767 - INFO - Finished optimization with guess, [8.73018173e-02 9.16420724e-06].
2021-10-19 17:02:50,767 - INFO - Best fit parameters: [8.73159559e-02 9.16278825e-06].
2021-10-19 17:02:50,792 - INFO - Maximum log composite likelihood: -69.8263454549.
2021-10-19 17:02:50,793 - INFO - Optimal value of theta: 3549.65589641.
2021-10-19 17:02:50,793 - INFO - Beginning optimization with guess, [1.62671083e-01 8.49642592e-06].
2021-10-19 17:02:50,951 - INFO - Finished optimization with guess, [1.62671083e-01 8.49642592e-06].
2021-10-19 17:02:50,952 - INFO - Best fit parameters: [1.62677359e-01 8.49612658e-06].
2021-10-19 17:02:50,978 - INFO - Maximum log composite likelihood: -69.8262856737.
2021-10-19 17:02:50,979 - INFO - Optimal value of theta: 3549.65563065.
2021-10-19 17:02:50,980 - INFO - Beginning optimization with guess, [1.23435945e-01 7.33481777e-06].
2021-10-19 17:02:51,137 - INFO - Finished optimization with guess, [1.23435945e-01 7.33481777e-06].
2021-10-19 17:02:51,137 - INFO - Best fit parameters: [1.23442238e-01 7.33446770e-06].
2021-10-19 17:02:51,163 - INFO - Maximum log composite likelihood: -69.8262919181.
2021-10-19 17:02:51,164 - INFO - Optimal value of theta: 3549.6556584.
2021-10-19 17:02:51,164 - INFO - Beginning optimization with guess, [9.58135276e-02 6.10206621e-06].
2021-10-19 17:02:51,320 - INFO - Finished optimization with guess, [9.58135276e-02 6.10206621e-06].
2021-10-19 17:02:51,320 - INFO - Best fit parameters: [9.58192213e-02 6.10172119e-06].
2021-10-19 17:02:51,347 - INFO - Maximum log composite likelihood: -69.8262963241.
2021-10-19 17:02:51,348 - INFO - Optimal value of theta: 3549.65567798.
2021-10-19 17:02:51,348 - INFO - Beginning optimization with guess, [1.47219986e-01 6.75826269e-06].
2021-10-19 17:02:51,504 - INFO - Finished optimization with guess, [1.47219986e-01 6.75826269e-06].
2021-10-19 17:02:51,505 - INFO - Best fit parameters: [1.47224412e-01 6.75807535e-06].
2021-10-19 17:02:51,531 - INFO - Maximum log composite likelihood: -69.8262819211.
2021-10-19 17:02:51,532 - INFO - Optimal value of theta: 3549.65561398.
2021-10-19 17:02:51,532 - INFO - Beginning optimization with guess, [9.32859647e-02 5.72663376e-06].
2021-10-19 17:02:51,693 - INFO - Finished optimization with guess, [9.32859647e-02 5.72663376e-06].
2021-10-19 17:02:51,694 - INFO - Best fit parameters: [9.32911227e-02 5.72633205e-06].
2021-10-19 17:02:51,721 - INFO - Maximum log composite likelihood: -69.826294396.
2021-10-19 17:02:51,722 - INFO - Optimal value of theta: 3549.65566941.
2021-10-19 17:02:51,722 - INFO - Beginning optimization with guess, [1.35878872e-01 1.68848066e-05].
2021-10-19 17:02:51,883 - INFO - Finished optimization with guess, [1.35878872e-01 1.68848066e-05].
2021-10-19 17:02:51,883 - INFO - Best fit parameters: [1.35908909e-01 1.68813402e-05].
2021-10-19 17:02:51,911 - INFO - Maximum log composite likelihood: -69.8263706745.
2021-10-19 17:02:51,912 - INFO - Optimal value of theta: 3549.65600859.
2021-10-19 17:02:51,912 - INFO - Beginning optimization with guess, [6.94523106e-02 1.06932788e-05].
2021-10-19 17:02:52,478 - INFO - Finished optimization with guess, [6.94523106e-02 1.06932788e-05].
2021-10-19 17:02:52,478 - INFO - Best fit parameters: [1.77389662e-01 4.46122557e-06].
2021-10-19 17:02:52,504 - INFO - Maximum log composite likelihood: -69.826272082.
2021-10-19 17:02:52,506 - INFO - Optimal value of theta: 3549.65557027.
2021-10-19 17:02:52,507 - INFO - Beginning optimization with guess, [1.38623705e-01 1.22652641e-05].
2021-10-19 17:02:52,668 - INFO - Finished optimization with guess, [1.38623705e-01 1.22652641e-05].
2021-10-19 17:02:52,668 - INFO - Best fit parameters: [1.38639236e-01 1.22639900e-05].
2021-10-19 17:02:52,693 - INFO - Maximum log composite likelihood: -69.8263199856.
2021-10-19 17:02:52,694 - INFO - Optimal value of theta: 3549.65578316.
2021-10-19 17:02:52,695 - INFO - Beginning optimization with guess, [6.10212296e-02 8.44702908e-06].
2021-10-19 17:02:53,244 - INFO - Finished optimization with guess, [6.10212296e-02 8.44702908e-06].
2021-10-19 17:02:53,244 - INFO - Best fit parameters: [1.55559769e-01 3.53235527e-06].
2021-10-19 17:02:53,270 - INFO - Maximum log composite likelihood: -69.8262714275.
2021-10-19 17:02:53,271 - INFO - Optimal value of theta: 3549.65556736.
2021-10-19 17:02:53,272 - INFO - Beginning optimization with guess, [1.51180648e-01 1.01339450e-05].
2021-10-19 17:02:53,428 - INFO - Finished optimization with guess, [1.51180648e-01 1.01339450e-05].
2021-10-19 17:02:53,428 - INFO - Best fit parameters: [1.51190309e-01 1.01333491e-05].
2021-10-19 17:02:53,455 - INFO - Maximum log composite likelihood: -69.8262974517.
2021-10-19 17:02:53,457 - INFO - Optimal value of theta: 3549.655683.
2021-10-19 17:02:53,457 - INFO - Beginning optimization with guess, [1.35941191e-01 1.29241404e-05].
2021-10-19 17:02:53,614 - INFO - Finished optimization with guess, [1.35941191e-01 1.29241404e-05].
2021-10-19 17:02:53,614 - INFO - Best fit parameters: [1.35958797e-01 1.29225858e-05].
2021-10-19 17:02:53,640 - INFO - Maximum log composite likelihood: -69.8263281846.
2021-10-19 17:02:53,641 - INFO - Optimal value of theta: 3549.65581962.
2021-10-19 17:02:53,642 - INFO - Beginning optimization with guess, [6.03295564e-02 5.38812159e-06].
2021-10-19 17:02:53,800 - INFO - Finished optimization with guess, [6.03295564e-02 5.38812159e-06].
2021-10-19 17:02:53,800 - INFO - Best fit parameters: [6.03367327e-02 5.38749950e-06].
2021-10-19 17:02:53,827 - INFO - Maximum log composite likelihood: -69.8263257721.
2021-10-19 17:02:53,828 - INFO - Optimal value of theta: 3549.65580888.
2021-10-19 17:02:53,828 - INFO - Beginning optimization with guess, [1.22183135e-01 1.88025799e-05].
2021-10-19 17:02:54,374 - INFO - Finished optimization with guess, [1.22183135e-01 1.88025799e-05].
2021-10-19 17:02:54,375 - INFO - Best fit parameters: [3.16413756e-01 8.19302334e-06].
2021-10-19 17:02:54,401 - INFO - Maximum log composite likelihood: -69.8262716054.
2021-10-19 17:02:54,402 - INFO - Optimal value of theta: 3549.65556815.
2021-10-19 17:02:54,402 - INFO - Beginning optimization with guess, [5.86157733e-02 9.45979857e-06].
2021-10-19 17:02:54,950 - INFO - Finished optimization with guess, [5.86157733e-02 9.45979857e-06].
2021-10-19 17:02:54,950 - INFO - Best fit parameters: [1.48073902e-01 3.87643880e-06].
2021-10-19 17:02:54,976 - INFO - Maximum log composite likelihood: -69.8262725718.
2021-10-19 17:02:54,977 - INFO - Optimal value of theta: 3549.65557244.
2021-10-19 17:02:54,977 - INFO - Beginning optimization with guess, [5.48726474e-02 5.82408999e-06].
2021-10-19 17:02:55,139 - INFO - Finished optimization with guess, [5.48726474e-02 5.82408999e-06].
2021-10-19 17:02:55,139 - INFO - Best fit parameters: [5.48818863e-02 5.82313532e-06].
2021-10-19 17:02:55,166 - INFO - Maximum log composite likelihood: -69.8263499914.
2021-10-19 17:02:55,167 - INFO - Optimal value of theta: 3549.65591657.
2021-10-19 17:02:55,167 - INFO - Beginning optimization with guess, [9.27637771e-02 1.03227863e-05].
2021-10-19 17:02:55,323 - INFO - Finished optimization with guess, [9.27637771e-02 1.03227863e-05].
2021-10-19 17:02:55,323 - INFO - Best fit parameters: [9.27806087e-02 1.03210013e-05].
2021-10-19 17:02:55,350 - INFO - Maximum log composite likelihood: -69.8263544973.
2021-10-19 17:02:55,351 - INFO - Optimal value of theta: 3549.65593662.
2021-10-19 17:02:55,351 - INFO - Beginning optimization with guess, [1.24949800e-01 1.15756762e-05].
2021-10-19 17:02:55,508 - INFO - Finished optimization with guess, [1.24949800e-01 1.15756762e-05].
2021-10-19 17:02:55,508 - INFO - Best fit parameters: [1.24965258e-01 1.15743371e-05].
2021-10-19 17:02:55,534 - INFO - Maximum log composite likelihood: -69.8263258825.
2021-10-19 17:02:55,535 - INFO - Optimal value of theta: 3549.65580938.
2021-10-19 17:02:55,539 - INFO - Beginning demographic inference for bottleneck + growth demographic model.
2021-10-19 17:02:55,541 - INFO - Beginning optimization with guess, [9.55272766e-02 6.83912987e-02 8.95030743e-06].
2021-10-19 17:02:55,743 - INFO - Finished optimization with guess, [9.55272766e-02 6.83912987e-02 8.95030743e-06].
2021-10-19 17:02:55,743 - INFO - Best fit parameters: [9.55272766e-02 6.84086698e-02 8.94811085e-06].
2021-10-19 17:02:55,768 - INFO - Maximum log composite likelihood: -69.8263907262.
2021-10-19 17:02:55,769 - INFO - Optimal value of theta: 3549.65609776.
2021-10-19 17:02:55,769 - INFO - Beginning optimization with guess, [6.53154165e-02 1.26216662e-01 7.86049464e-06].
2021-10-19 17:02:55,966 - INFO - Finished optimization with guess, [6.53154165e-02 1.26216662e-01 7.86049464e-06].
2021-10-19 17:02:55,966 - INFO - Best fit parameters: [6.53154165e-02 1.26223720e-01 7.86008387e-06].
2021-10-19 17:02:55,991 - INFO - Maximum log composite likelihood: -69.8262941805.
2021-10-19 17:02:55,992 - INFO - Optimal value of theta: 3549.65566846.
2021-10-19 17:02:55,992 - INFO - Beginning optimization with guess, [6.37947799e-02 9.95731933e-02 1.06520896e-05].
2021-10-19 17:02:56,194 - INFO - Finished optimization with guess, [6.37947799e-02 9.95731933e-02 1.06520896e-05].
2021-10-19 17:02:56,195 - INFO - Best fit parameters: [6.37947799e-02 9.95898338e-02 1.06503998e-05].
2021-10-19 17:02:56,222 - INFO - Maximum log composite likelihood: -69.8263473552.
2021-10-19 17:02:56,223 - INFO - Optimal value of theta: 3549.65590486.
2021-10-19 17:02:56,223 - INFO - Beginning optimization with guess, [1.52443502e-01 8.03925062e-02 7.67729327e-06].
2021-10-19 17:02:56,441 - INFO - Finished optimization with guess, [1.52443502e-01 8.03925062e-02 7.67729327e-06].
2021-10-19 17:02:56,441 - INFO - Best fit parameters: [1.52443502e-01 8.04033244e-02 7.67630167e-06].
2021-10-19 17:02:56,469 - INFO - Maximum log composite likelihood: -69.8263326217.
2021-10-19 17:02:56,469 - INFO - Optimal value of theta: 3549.65583934.
2021-10-19 17:02:56,470 - INFO - Beginning optimization with guess, [1.63025805e-01 1.95320608e-01 1.17639269e-05].
2021-10-19 17:02:56,690 - INFO - Finished optimization with guess, [1.63025805e-01 1.95320608e-01 1.17639269e-05].
2021-10-19 17:02:56,690 - INFO - Best fit parameters: [1.63025805e-01 1.95330446e-01 1.17633974e-05].
2021-10-19 17:02:56,716 - INFO - Maximum log composite likelihood: -69.8262905612.
2021-10-19 17:02:56,717 - INFO - Optimal value of theta: 3549.65565237.
2021-10-19 17:02:56,717 - INFO - Beginning optimization with guess, [1.54062184e-01 5.89721013e-02 1.80480369e-05].
2021-10-19 17:02:57,427 - INFO - Finished optimization with guess, [1.54062184e-01 5.89721013e-02 1.80480369e-05].
2021-10-19 17:02:57,427 - INFO - Best fit parameters: [1.54010957e-01 1.51504916e-01 7.49494951e-06].
2021-10-19 17:02:57,452 - INFO - Maximum log composite likelihood: -69.8262840757.
2021-10-19 17:02:57,453 - INFO - Optimal value of theta: 3549.65562355.
2021-10-19 17:02:57,453 - INFO - Beginning optimization with guess, [6.52922633e-02 1.09140537e-01 5.63942571e-06].
2021-10-19 17:02:57,657 - INFO - Finished optimization with guess, [6.52922633e-02 1.09140537e-01 5.63942571e-06].
2021-10-19 17:02:57,658 - INFO - Best fit parameters: [6.52922633e-02 1.09144778e-01 5.63921879e-06].
2021-10-19 17:02:57,682 - INFO - Maximum log composite likelihood: -69.8262863997.
2021-10-19 17:02:57,683 - INFO - Optimal value of theta: 3549.65563388.
2021-10-19 17:02:57,683 - INFO - Beginning optimization with guess, [1.30731534e-01 1.42234101e-01 1.65926971e-05].
2021-10-19 17:02:57,887 - INFO - Finished optimization with guess, [1.30731534e-01 1.42234101e-01 1.65926971e-05].
2021-10-19 17:02:57,887 - INFO - Best fit parameters: [1.30731534e-01 1.42261724e-01 1.65897163e-05].
2021-10-19 17:02:57,912 - INFO - Maximum log composite likelihood: -69.8263578578.
2021-10-19 17:02:57,913 - INFO - Optimal value of theta: 3549.65595158.
2021-10-19 17:02:57,913 - INFO - Beginning optimization with guess, [6.55612899e-02 1.85049687e-01 5.06647554e-06].
2021-10-19 17:02:58,116 - INFO - Finished optimization with guess, [6.55612899e-02 1.85049687e-01 5.06647554e-06].
2021-10-19 17:02:58,117 - INFO - Best fit parameters: [6.55612899e-02 1.85051626e-01 5.06642778e-06].
2021-10-19 17:02:58,142 - INFO - Maximum log composite likelihood: -69.8262727802.
2021-10-19 17:02:58,143 - INFO - Optimal value of theta: 3549.65557337.
2021-10-19 17:02:58,143 - INFO - Beginning optimization with guess, [9.60925335e-02 5.27385179e-02 1.07890288e-05].
2021-10-19 17:02:58,851 - INFO - Finished optimization with guess, [9.60925335e-02 5.27385179e-02 1.07890288e-05].
2021-10-19 17:02:58,851 - INFO - Best fit parameters: [9.61186235e-02 1.34737512e-01 4.44951167e-06].
2021-10-19 17:02:58,877 - INFO - Maximum log composite likelihood: -69.8262753448.
2021-10-19 17:02:58,878 - INFO - Optimal value of theta: 3549.65558476.
2021-10-19 17:02:58,878 - INFO - Beginning optimization with guess, [1.55905297e-01 1.78434609e-01 7.99693024e-06].
2021-10-19 17:02:59,082 - INFO - Finished optimization with guess, [1.55905297e-01 1.78434609e-01 7.99693024e-06].
2021-10-19 17:02:59,082 - INFO - Best fit parameters: [1.55905298e-01 1.78439634e-01 7.99672665e-06].
2021-10-19 17:02:59,109 - INFO - Maximum log composite likelihood: -69.8262807892.
2021-10-19 17:02:59,110 - INFO - Optimal value of theta: 3549.65560895.
2021-10-19 17:02:59,110 - INFO - Beginning optimization with guess, [6.40979726e-02 6.91191822e-02 1.02762891e-05].
2021-10-19 17:02:59,818 - INFO - Finished optimization with guess, [6.40979726e-02 6.91191822e-02 1.02762891e-05].
2021-10-19 17:02:59,819 - INFO - Best fit parameters: [6.40979726e-02 1.74985965e-01 4.22834592e-06].
2021-10-19 17:02:59,844 - INFO - Maximum log composite likelihood: -69.8262717846.
2021-10-19 17:02:59,846 - INFO - Optimal value of theta: 3549.65556895.
2021-10-19 17:02:59,846 - INFO - Beginning optimization with guess, [6.83745130e-02 5.55121649e-02 1.49460496e-05].
2021-10-19 17:03:00,549 - INFO - Finished optimization with guess, [6.83745130e-02 5.55121649e-02 1.49460496e-05].
2021-10-19 17:03:00,550 - INFO - Best fit parameters: [6.83745130e-02 1.41988210e-01 6.17182073e-06].
2021-10-19 17:03:00,576 - INFO - Maximum log composite likelihood: -69.8262805666.
2021-10-19 17:03:00,577 - INFO - Optimal value of theta: 3549.65560796.
2021-10-19 17:03:00,578 - INFO - Beginning optimization with guess, [1.34749834e-01 8.10151090e-02 1.06397116e-05].
2021-10-19 17:03:00,780 - INFO - Finished optimization with guess, [1.34749834e-01 8.10151090e-02 1.06397116e-05].
2021-10-19 17:03:00,780 - INFO - Best fit parameters: [1.34749834e-01 8.10356960e-02 1.06371176e-05].
2021-10-19 17:03:00,806 - INFO - Maximum log composite likelihood: -69.8263899166.
2021-10-19 17:03:00,807 - INFO - Optimal value of theta: 3549.65609417.
2021-10-19 17:03:00,807 - INFO - Beginning optimization with guess, [8.51865105e-02 5.72372381e-02 5.98501361e-06].
2021-10-19 17:03:01,009 - INFO - Finished optimization with guess, [8.51865105e-02 5.72372381e-02 5.98501361e-06].
2021-10-19 17:03:01,009 - INFO - Best fit parameters: [8.51865105e-02 5.72465809e-02 5.98406377e-06].
2021-10-19 17:03:01,034 - INFO - Maximum log composite likelihood: -69.8263473861.
2021-10-19 17:03:01,036 - INFO - Optimal value of theta: 3549.65590499.
2021-10-19 17:03:01,036 - INFO - Beginning optimization with guess, [1.28321459e-01 8.28179750e-02 1.55583171e-05].
2021-10-19 17:03:01,746 - INFO - Finished optimization with guess, [1.28321459e-01 8.28179750e-02 1.55583171e-05].
2021-10-19 17:03:01,747 - INFO - Best fit parameters: [1.28321459e-01 2.12697671e-01 6.57610197e-06].
2021-10-19 17:03:01,772 - INFO - Maximum log composite likelihood: -69.8262738729.
2021-10-19 17:03:01,773 - INFO - Optimal value of theta: 3549.65557822.
2021-10-19 17:03:01,773 - INFO - Beginning optimization with guess, [8.63119641e-02 5.65894977e-02 6.48381970e-06].
2021-10-19 17:03:01,974 - INFO - Finished optimization with guess, [8.63119641e-02 5.65894977e-02 6.48381970e-06].
2021-10-19 17:03:01,975 - INFO - Best fit parameters: [8.63119644e-02 5.66005881e-02 6.48258383e-06].
2021-10-19 17:03:02,002 - INFO - Maximum log composite likelihood: -69.8263633336.
2021-10-19 17:03:02,003 - INFO - Optimal value of theta: 3549.65597591.
2021-10-19 17:03:02,003 - INFO - Beginning optimization with guess, [9.06099177e-02 7.36280071e-02 1.94909753e-05].
2021-10-19 17:03:02,711 - INFO - Finished optimization with guess, [9.06099177e-02 7.36280071e-02 1.94909753e-05].
2021-10-19 17:03:02,711 - INFO - Best fit parameters: [9.06106504e-02 1.89727308e-01 8.19607159e-06].
2021-10-19 17:03:02,737 - INFO - Maximum log composite likelihood: -69.8262797267.
2021-10-19 17:03:02,737 - INFO - Optimal value of theta: 3549.65560423.
2021-10-19 17:03:02,738 - INFO - Beginning optimization with guess, [1.05996983e-01 6.86571902e-02 1.64926829e-05].
2021-10-19 17:03:03,443 - INFO - Finished optimization with guess, [1.05996983e-01 6.86571902e-02 1.64926829e-05].
2021-10-19 17:03:03,444 - INFO - Best fit parameters: [1.05998033e-01 1.76314074e-01 6.89905709e-06].
2021-10-19 17:03:03,470 - INFO - Maximum log composite likelihood: -69.8262777926.
2021-10-19 17:03:03,470 - INFO - Optimal value of theta: 3549.65559564.
2021-10-19 17:03:03,471 - INFO - Beginning optimization with guess, [1.50589698e-01 1.50500485e-01 1.27953028e-05].
2021-10-19 17:03:03,672 - INFO - Finished optimization with guess, [1.50589698e-01 1.50500485e-01 1.27953028e-05].
2021-10-19 17:03:03,672 - INFO - Best fit parameters: [1.50589698e-01 1.50515956e-01 1.27940923e-05].
2021-10-19 17:03:03,698 - INFO - Maximum log composite likelihood: -69.8263153484.
2021-10-19 17:03:03,699 - INFO - Optimal value of theta: 3549.65576255.
2021-10-19 17:03:03,699 - INFO - Beginning optimization with guess, [1.63557636e-01 1.11294066e-01 9.84767562e-06].
2021-10-19 17:03:03,900 - INFO - Finished optimization with guess, [1.63557636e-01 1.11294066e-01 9.84767562e-06].
2021-10-19 17:03:03,901 - INFO - Best fit parameters: [1.63557636e-01 1.11306718e-01 9.84662005e-06].
2021-10-19 17:03:03,926 - INFO - Maximum log composite likelihood: -69.8263216377.
2021-10-19 17:03:03,926 - INFO - Optimal value of theta: 3549.65579051.
2021-10-19 17:03:03,927 - INFO - Beginning optimization with guess, [8.14510693e-02 5.53603293e-02 5.32964109e-06].
2021-10-19 17:03:04,132 - INFO - Finished optimization with guess, [8.14510693e-02 5.53603293e-02 5.32964109e-06].
2021-10-19 17:03:04,132 - INFO - Best fit parameters: [8.14510693e-02 5.53679985e-02 5.32892245e-06].
2021-10-19 17:03:04,158 - INFO - Maximum log composite likelihood: -69.826335456.
2021-10-19 17:03:04,159 - INFO - Optimal value of theta: 3549.65585194.
2021-10-19 17:03:04,160 - INFO - Beginning optimization with guess, [5.97408911e-02 1.23438152e-01 1.67382491e-05].
2021-10-19 17:03:04,368 - INFO - Finished optimization with guess, [5.97408911e-02 1.23438152e-01 1.67382491e-05].
2021-10-19 17:03:04,369 - INFO - Best fit parameters: [5.97408911e-02 1.23470850e-01 1.67341001e-05].
2021-10-19 17:03:04,395 - INFO - Maximum log composite likelihood: -69.826391956.
2021-10-19 17:03:04,396 - INFO - Optimal value of theta: 3549.65610326.
2021-10-19 17:03:04,397 - INFO - Beginning optimization with guess, [8.66920654e-02 1.98776634e-01 5.35551493e-06].
2021-10-19 17:03:04,604 - INFO - Finished optimization with guess, [8.66920654e-02 1.98776634e-01 5.35551493e-06].
2021-10-19 17:03:04,605 - INFO - Best fit parameters: [8.66920654e-02 1.98778634e-01 5.35546685e-06].
2021-10-19 17:03:04,631 - INFO - Maximum log composite likelihood: -69.8262725546.
2021-10-19 17:03:04,632 - INFO - Optimal value of theta: 3549.65557237.
2021-10-19 17:03:04,632 - INFO - Beginning optimization with guess, [9.95908272e-02 9.78713518e-02 1.73391884e-05].
2021-10-19 17:03:05,362 - INFO - Finished optimization with guess, [9.95908272e-02 9.78713518e-02 1.73391884e-05].
2021-10-19 17:03:05,363 - INFO - Best fit parameters: [9.95908272e-02 2.55152056e-01 7.51070009e-06].
2021-10-19 17:03:05,389 - INFO - Maximum log composite likelihood: -69.826273047.
2021-10-19 17:03:05,390 - INFO - Optimal value of theta: 3549.65557456.
2021-10-19 17:03:05,393 - INFO - Beginning demographic inference for three-epoch demographic model.
2021-10-19 17:03:05,396 - INFO - Beginning optimization with guess, [8.29443290e-02 7.03004160e-02 1.73662609e-05 1.19259705e-05].
2021-10-19 17:03:06,230 - INFO - Finished optimization with guess, [8.29443290e-02 7.03004160e-02 1.73662609e-05 1.19259705e-05].
2021-10-19 17:03:06,231 - INFO - Best fit parameters: [1.83436831e-01 1.46699521e-01 8.62234747e-06 5.93200870e-06].
2021-10-19 17:03:06,259 - INFO - Maximum log composite likelihood: -69.8263046893.
2021-10-19 17:03:06,260 - INFO - Optimal value of theta: 3549.65571514.
2021-10-19 17:03:06,261 - INFO - Beginning optimization with guess, [1.39155392e-01 1.44603933e-01 1.38571625e-05 1.14054943e-05].
2021-10-19 17:03:06,539 - INFO - Finished optimization with guess, [1.39155392e-01 1.44603933e-01 1.38571625e-05 1.14054943e-05].
2021-10-19 17:03:06,540 - INFO - Best fit parameters: [1.39183510e-01 1.44624270e-01 1.38546221e-05 1.14039670e-05].
2021-10-19 17:03:06,568 - INFO - Maximum log composite likelihood: -69.8264266693.
2021-10-19 17:03:06,569 - INFO - Optimal value of theta: 3549.65625749.
2021-10-19 17:03:06,570 - INFO - Beginning optimization with guess, [8.63693849e-02 1.29926252e-01 8.23264496e-06 6.15465264e-06].
2021-10-19 17:03:06,847 - INFO - Finished optimization with guess, [8.63693849e-02 1.29926252e-01 8.23264496e-06 6.15465264e-06].
2021-10-19 17:03:06,847 - INFO - Best fit parameters: [8.63839209e-02 1.29934567e-01 8.23133154e-06 6.15427202e-06].
2021-10-19 17:03:06,876 - INFO - Maximum log composite likelihood: -69.826378727.
2021-10-19 17:03:06,877 - INFO - Optimal value of theta: 3549.65604428.
2021-10-19 17:03:06,877 - INFO - Beginning optimization with guess, [6.64642062e-02 1.22523187e-01 6.51347359e-06 5.05084579e-06].
2021-10-19 17:03:07,157 - INFO - Finished optimization with guess, [6.64642062e-02 1.22523187e-01 6.51347359e-06 5.05084579e-06].
2021-10-19 17:03:07,157 - INFO - Best fit parameters: [6.64757533e-02 1.22529747e-01 6.51238563e-06 5.05058310e-06].
2021-10-19 17:03:07,184 - INFO - Maximum log composite likelihood: -69.8263775643.
2021-10-19 17:03:07,186 - INFO - Optimal value of theta: 3549.65603911.
2021-10-19 17:03:07,186 - INFO - Beginning optimization with guess, [1.26437343e-01 1.35859986e-01 1.84356887e-05 1.12290446e-05].
2021-10-19 17:03:08,021 - INFO - Finished optimization with guess, [1.26437343e-01 1.35859986e-01 1.84356887e-05 1.12290446e-05].
2021-10-19 17:03:08,021 - INFO - Best fit parameters: [2.90592629e-01 2.60566118e-01 9.32543102e-06 6.11068842e-06].
2021-10-19 17:03:08,050 - INFO - Maximum log composite likelihood: -69.8262809539.
2021-10-19 17:03:08,051 - INFO - Optimal value of theta: 3549.65560968.
2021-10-19 17:03:08,051 - INFO - Beginning optimization with guess, [7.42952555e-02 9.59966018e-02 1.06425418e-05 7.80968955e-06].
2021-10-19 17:03:08,889 - INFO - Finished optimization with guess, [7.42952555e-02 9.59966018e-02 1.06425418e-05 7.80968955e-06].
2021-10-19 17:03:08,890 - INFO - Best fit parameters: [1.66595223e-01 1.85863508e-01 5.14516080e-06 4.17158037e-06].
2021-10-19 17:03:08,917 - INFO - Maximum log composite likelihood: -69.8262818137.
2021-10-19 17:03:08,918 - INFO - Optimal value of theta: 3549.6556135.
2021-10-19 17:03:08,918 - INFO - Beginning optimization with guess, [5.75972424e-02 1.13259752e-01 1.59311318e-05 5.96227631e-06].
2021-10-19 17:03:09,751 - INFO - Finished optimization with guess, [5.75972424e-02 1.13259752e-01 1.59311318e-05 5.96227631e-06].
2021-10-19 17:03:09,751 - INFO - Best fit parameters: [1.29950694e-01 1.51445922e-01 7.45389771e-06 4.49873383e-06].
2021-10-19 17:03:09,779 - INFO - Maximum log composite likelihood: -69.8263073251.
2021-10-19 17:03:09,780 - INFO - Optimal value of theta: 3549.65572685.
2021-10-19 17:03:09,781 - INFO - Beginning optimization with guess, [6.79447729e-02 8.80814032e-02 1.11473704e-05 9.27009314e-06].
2021-10-19 17:03:10,619 - INFO - Finished optimization with guess, [6.79447729e-02 8.80814032e-02 1.11473704e-05 9.27009314e-06].
2021-10-19 17:03:10,619 - INFO - Best fit parameters: [1.51413350e-01 1.76358739e-01 5.40272058e-06 4.82824813e-06].
2021-10-19 17:03:10,648 - INFO - Maximum log composite likelihood: -69.8262875482.
2021-10-19 17:03:10,649 - INFO - Optimal value of theta: 3549.65563897.
2021-10-19 17:03:10,649 - INFO - Beginning optimization with guess, [1.60793392e-01 1.14945370e-01 1.66488681e-05 8.83898384e-06].
2021-10-19 17:03:10,928 - INFO - Finished optimization with guess, [1.60793392e-01 1.14945370e-01 1.66488681e-05 8.83898384e-06].
2021-10-19 17:03:10,929 - INFO - Best fit parameters: [1.60827575e-01 1.14961116e-01 1.66457082e-05 8.83781754e-06].
2021-10-19 17:03:10,957 - INFO - Maximum log composite likelihood: -69.8264289156.
2021-10-19 17:03:10,958 - INFO - Optimal value of theta: 3549.65626748.
2021-10-19 17:03:10,959 - INFO - Beginning optimization with guess, [7.58362314e-02 6.19823626e-02 7.02688530e-06 6.74386214e-06].
2021-10-19 17:03:11,796 - INFO - Finished optimization with guess, [7.58362314e-02 6.19823626e-02 7.02688530e-06 6.74386214e-06].
2021-10-19 17:03:11,797 - INFO - Best fit parameters: [1.59532110e-01 1.32142765e-01 3.43909286e-06 3.23817092e-06].
2021-10-19 17:03:11,826 - INFO - Maximum log composite likelihood: -69.8262785214.
2021-10-19 17:03:11,827 - INFO - Optimal value of theta: 3549.65559887.
2021-10-19 17:03:11,828 - INFO - Beginning optimization with guess, [6.28107531e-02 6.49701264e-02 5.18763312e-06 1.56107447e-05].
2021-10-19 17:03:12,668 - INFO - Finished optimization with guess, [6.28107531e-02 6.49701264e-02 5.18763312e-06 1.56107447e-05].
2021-10-19 17:03:12,668 - INFO - Best fit parameters: [1.04912585e-01 1.46239672e-01 3.21416841e-06 7.27797530e-06].
2021-10-19 17:03:12,697 - INFO - Maximum log composite likelihood: -69.8263013616.
2021-10-19 17:03:12,698 - INFO - Optimal value of theta: 3549.65570035.
2021-10-19 17:03:12,698 - INFO - Beginning optimization with guess, [1.87771813e-01 1.43359764e-01 1.29952179e-05 1.58785870e-05].
2021-10-19 17:03:12,977 - INFO - Finished optimization with guess, [1.87771813e-01 1.43359764e-01 1.29952179e-05 1.58785870e-05].
2021-10-19 17:03:12,977 - INFO - Best fit parameters: [1.87795397e-01 1.43391693e-01 1.29938173e-05 1.58752599e-05].
2021-10-19 17:03:13,004 - INFO - Maximum log composite likelihood: -69.8264266959.
2021-10-19 17:03:13,006 - INFO - Optimal value of theta: 3549.65625763.
2021-10-19 17:03:13,007 - INFO - Beginning optimization with guess, [1.63536418e-01 1.56968161e-01 1.34845842e-05 1.63118599e-05].
2021-10-19 17:03:13,284 - INFO - Finished optimization with guess, [1.63536418e-01 1.56968161e-01 1.34845842e-05 1.63118599e-05].
2021-10-19 17:03:13,285 - INFO - Best fit parameters: [1.63562869e-01 1.57000791e-01 1.34826608e-05 1.63086767e-05].
2021-10-19 17:03:13,313 - INFO - Maximum log composite likelihood: -69.8264369427.
2021-10-19 17:03:13,314 - INFO - Optimal value of theta: 3549.65630319.
2021-10-19 17:03:13,314 - INFO - Beginning optimization with guess, [9.31250139e-02 8.85687659e-02 1.96275877e-05 1.76865929e-05].
2021-10-19 17:03:14,143 - INFO - Finished optimization with guess, [9.31250139e-02 8.85687659e-02 1.96275877e-05 1.76865929e-05].
2021-10-19 17:03:14,144 - INFO - Best fit parameters: [2.04713763e-01 1.87406022e-01 9.85994999e-06 8.75487181e-06].
2021-10-19 17:03:14,171 - INFO - Maximum log composite likelihood: -69.8263097447.
2021-10-19 17:03:14,172 - INFO - Optimal value of theta: 3549.65573761.
2021-10-19 17:03:14,172 - INFO - Beginning optimization with guess, [1.39988273e-01 1.13070074e-01 1.48079848e-05 9.48816001e-06].
2021-10-19 17:03:14,450 - INFO - Finished optimization with guess, [1.39988273e-01 1.13070074e-01 1.48079848e-05 9.48816001e-06].
2021-10-19 17:03:14,451 - INFO - Best fit parameters: [1.40020189e-01 1.13088244e-01 1.48049239e-05 9.48669119e-06].
2021-10-19 17:03:14,479 - INFO - Maximum log composite likelihood: -69.8264487996.
2021-10-19 17:03:14,480 - INFO - Optimal value of theta: 3549.65635592.
2021-10-19 17:03:14,481 - INFO - Beginning optimization with guess, [9.63376627e-02 1.32552219e-01 8.23154832e-06 8.22614981e-06].
2021-10-19 17:03:14,760 - INFO - Finished optimization with guess, [9.63376627e-02 1.32552219e-01 8.23154832e-06 8.22614981e-06].
2021-10-19 17:03:14,761 - INFO - Best fit parameters: [9.63518799e-02 1.32564432e-01 8.23040865e-06 8.22542309e-06].
2021-10-19 17:03:14,788 - INFO - Maximum log composite likelihood: -69.8263814435.
2021-10-19 17:03:14,789 - INFO - Optimal value of theta: 3549.65605634.
2021-10-19 17:03:14,790 - INFO - Beginning optimization with guess, [8.19763018e-02 8.37546400e-02 7.66913916e-06 1.22655565e-05].
2021-10-19 17:03:15,628 - INFO - Finished optimization with guess, [8.19763018e-02 8.37546400e-02 7.66913916e-06 1.22655565e-05].
2021-10-19 17:03:15,628 - INFO - Best fit parameters: [1.68390789e-01 1.84240676e-01 4.01586536e-06 5.96263806e-06].
2021-10-19 17:03:15,656 - INFO - Maximum log composite likelihood: -69.8262832513.
2021-10-19 17:03:15,657 - INFO - Optimal value of theta: 3549.65561988.
2021-10-19 17:03:15,658 - INFO - Beginning optimization with guess, [1.40630977e-01 6.41904347e-02 1.23414590e-05 5.52976073e-06].
2021-10-19 17:03:15,936 - INFO - Finished optimization with guess, [1.40630977e-01 6.41904347e-02 1.23414590e-05 5.52976073e-06].
2021-10-19 17:03:15,936 - INFO - Best fit parameters: [1.40654617e-01 6.42007240e-02 1.23395852e-05 5.52889333e-06].
2021-10-19 17:03:15,963 - INFO - Maximum log composite likelihood: -69.8264223914.
2021-10-19 17:03:15,964 - INFO - Optimal value of theta: 3549.65623844.
2021-10-19 17:03:15,966 - INFO - Beginning optimization with guess, [9.74267838e-02 5.16143662e-02 6.94372113e-06 7.88462969e-06].
2021-10-19 17:03:16,798 - INFO - Finished optimization with guess, [9.74267838e-02 5.16143662e-02 6.94372113e-06 7.88462969e-06].
2021-10-19 17:03:16,798 - INFO - Best fit parameters: [1.81881887e-01 1.14420870e-01 3.98562841e-06 3.68643718e-06].
2021-10-19 17:03:16,826 - INFO - Maximum log composite likelihood: -69.8262826375.
2021-10-19 17:03:16,827 - INFO - Optimal value of theta: 3549.65561716.
2021-10-19 17:03:16,827 - INFO - Beginning optimization with guess, [8.26372343e-02 5.39041159e-02 5.14712256e-06 1.59699450e-05].
2021-10-19 17:03:17,658 - INFO - Finished optimization with guess, [8.26372343e-02 5.39041159e-02 5.14712256e-06 1.59699450e-05].
2021-10-19 17:03:17,659 - INFO - Best fit parameters: [1.15923259e-01 1.20756551e-01 3.76621519e-06 7.39624130e-06].
2021-10-19 17:03:17,687 - INFO - Maximum log composite likelihood: -69.8263142345.
2021-10-19 17:03:17,688 - INFO - Optimal value of theta: 3549.65575756.
2021-10-19 17:03:17,688 - INFO - Beginning optimization with guess, [9.61453364e-02 5.13453257e-02 1.55988657e-05 1.19706435e-05].
2021-10-19 17:03:18,519 - INFO - Finished optimization with guess, [9.61453364e-02 5.13453257e-02 1.55988657e-05 1.19706435e-05].
2021-10-19 17:03:18,521 - INFO - Best fit parameters: [2.01084827e-01 1.11263643e-01 8.12035117e-06 5.70879657e-06].
2021-10-19 17:03:18,549 - INFO - Maximum log composite likelihood: -69.8263088983.
2021-10-19 17:03:18,550 - INFO - Optimal value of theta: 3549.65573384.
2021-10-19 17:03:18,551 - INFO - Beginning optimization with guess, [1.90663873e-01 7.64839662e-02 6.32379029e-06 9.68861725e-06].
2021-10-19 17:03:18,826 - INFO - Finished optimization with guess, [1.90663873e-01 7.64839662e-02 6.32379029e-06 9.68861725e-06].
2021-10-19 17:03:18,827 - INFO - Best fit parameters: [1.90672951e-01 7.65040885e-02 6.32353808e-06 9.68615576e-06].
2021-10-19 17:03:18,854 - INFO - Maximum log composite likelihood: -69.8264149983.
2021-10-19 17:03:18,855 - INFO - Optimal value of theta: 3549.65620566.
2021-10-19 17:03:18,856 - INFO - Beginning optimization with guess, [7.03472692e-02 9.11329063e-02 5.28795181e-06 1.15747579e-05].
2021-10-19 17:03:19,668 - INFO - Finished optimization with guess, [7.03472692e-02 9.11329063e-02 5.28795181e-06 1.15747579e-05].
2021-10-19 17:03:19,669 - INFO - Best fit parameters: [1.44663045e-01 2.04827694e-01 2.84499673e-06 5.71656976e-06].
2021-10-19 17:03:19,695 - INFO - Maximum log composite likelihood: -69.8262790149.
2021-10-19 17:03:19,697 - INFO - Optimal value of theta: 3549.65560106.
2021-10-19 17:03:19,697 - INFO - Beginning optimization with guess, [1.74095344e-01 1.30510925e-01 5.00193499e-06 5.89802951e-06].
2021-10-19 17:03:19,963 - INFO - Finished optimization with guess, [1.74095344e-01 1.30510925e-01 5.00193499e-06 5.89802951e-06].
2021-10-19 17:03:19,964 - INFO - Best fit parameters: [1.74099107e-01 1.30515839e-01 5.00184101e-06 5.89781925e-06].
2021-10-19 17:03:19,990 - INFO - Maximum log composite likelihood: -69.8262952744.
2021-10-19 17:03:19,991 - INFO - Optimal value of theta: 3549.6556733.
2021-10-19 17:03:19,991 - INFO - Beginning optimization with guess, [9.16277939e-02 6.41754148e-02 5.11149545e-06 5.41741495e-06].
2021-10-19 17:03:20,261 - INFO - Finished optimization with guess, [9.16277939e-02 6.41754148e-02 5.11149545e-06 5.41741495e-06].
2021-10-19 17:03:20,261 - INFO - Best fit parameters: [9.16352968e-02 6.41843292e-02 5.11110448e-06 5.41668028e-06].
2021-10-19 17:03:20,288 - INFO - Maximum log composite likelihood: -69.8263740908.
2021-10-19 17:03:20,289 - INFO - Optimal value of theta: 3549.65602364.
2021-10-19 17:03:20,292 - INFO - Finished demographic inference.
2021-10-19 17:03:20,292 - INFO - Pipeline executed succesfully.
