2024-05-30 17:17:44,066 - INFO - Beginning execution of fit_one_epoch.py in directory /u/project/ngarud/jonmah/demo_for_ccgb/Scripts

2024-05-30 17:17:44,066 - INFO - Progress is being logged to ../HighRecombinationAnalysis/Dialister_invisus_61905/core_0.5_log.log

2024-05-30 17:17:44,066 - INFO - Parsed the following arguments:
	mask_doubletons = False
	syn_input_sfs = ../HighRecombinationAnalysis/Dialister_invisus_61905/core_0.5_empirical_syn_14_downsampled_sfs.txt
	mask_singletons = False
	outprefix = ../HighRecombinationAnalysis/Dialister_invisus_61905/core_0.5

2024-05-30 17:17:44,068 - INFO - Beginning demographic inference for one-epoch demographic model.
2024-05-30 17:17:44,070 - INFO - Beginning optimization with guess, [0.06479583].
2024-05-30 17:17:45,103 - INFO - Finished optimization with guess, [0.06479583].
2024-05-30 17:17:45,104 - INFO - Best fit parameters: [0.06479583].
2024-05-30 17:17:45,127 - INFO - Maximum log composite likelihood: -51.2768645297.
2024-05-30 17:17:45,128 - INFO - Optimal value of theta: 4624.73840338.
2024-05-30 17:17:45,128 - INFO - Beginning optimization with guess, [0.26297322].
2024-05-30 17:17:45,892 - INFO - Finished optimization with guess, [0.26297322].
2024-05-30 17:17:45,893 - INFO - Best fit parameters: [0.26297322].
2024-05-30 17:17:45,916 - INFO - Maximum log composite likelihood: -51.2768645297.
2024-05-30 17:17:45,917 - INFO - Optimal value of theta: 4624.73840338.
2024-05-30 17:17:45,917 - INFO - Beginning optimization with guess, [0.24616406].
2024-05-30 17:17:46,678 - INFO - Finished optimization with guess, [0.24616406].
2024-05-30 17:17:46,678 - INFO - Best fit parameters: [0.24616406].
2024-05-30 17:17:46,702 - INFO - Maximum log composite likelihood: -51.2768645297.
2024-05-30 17:17:46,702 - INFO - Optimal value of theta: 4624.73840338.
2024-05-30 17:17:46,702 - INFO - Beginning optimization with guess, [0.21640074].
2024-05-30 17:17:47,464 - INFO - Finished optimization with guess, [0.21640074].
2024-05-30 17:17:47,464 - INFO - Best fit parameters: [0.21640074].
2024-05-30 17:17:47,488 - INFO - Maximum log composite likelihood: -51.2768645297.
2024-05-30 17:17:47,488 - INFO - Optimal value of theta: 4624.73840338.
2024-05-30 17:17:47,488 - INFO - Beginning optimization with guess, [0.6914167].
2024-05-30 17:17:48,109 - INFO - Finished optimization with guess, [0.6914167].
2024-05-30 17:17:48,109 - INFO - Best fit parameters: [0.6914167].
2024-05-30 17:17:48,133 - INFO - Maximum log composite likelihood: -51.2768645297.
2024-05-30 17:17:48,133 - INFO - Optimal value of theta: 4624.73840338.
2024-05-30 17:17:48,133 - INFO - Beginning optimization with guess, [0.36042106].
2024-05-30 17:17:48,824 - INFO - Finished optimization with guess, [0.36042106].
2024-05-30 17:17:48,824 - INFO - Best fit parameters: [0.36042106].
2024-05-30 17:17:48,848 - INFO - Maximum log composite likelihood: -51.2768645297.
2024-05-30 17:17:48,848 - INFO - Optimal value of theta: 4624.73840338.
2024-05-30 17:17:48,848 - INFO - Beginning optimization with guess, [0.56627503].
2024-05-30 17:17:49,535 - INFO - Finished optimization with guess, [0.56627503].
2024-05-30 17:17:49,536 - INFO - Best fit parameters: [0.56627503].
2024-05-30 17:17:49,559 - INFO - Maximum log composite likelihood: -51.2768645297.
2024-05-30 17:17:49,560 - INFO - Optimal value of theta: 4624.73840338.
2024-05-30 17:17:49,560 - INFO - Beginning optimization with guess, [1.50773966].
2024-05-30 17:17:50,178 - INFO - Finished optimization with guess, [1.50773966].
2024-05-30 17:17:50,178 - INFO - Best fit parameters: [1.50773966].
2024-05-30 17:17:50,202 - INFO - Maximum log composite likelihood: -51.2768645297.
2024-05-30 17:17:50,202 - INFO - Optimal value of theta: 4624.73840338.
2024-05-30 17:17:50,202 - INFO - Beginning optimization with guess, [1.19578695].
2024-05-30 17:17:50,748 - INFO - Finished optimization with guess, [1.19578695].
2024-05-30 17:17:50,748 - INFO - Best fit parameters: [1.19578695].
2024-05-30 17:17:50,772 - INFO - Maximum log composite likelihood: -51.2768645297.
2024-05-30 17:17:50,772 - INFO - Optimal value of theta: 4624.73840338.
2024-05-30 17:17:50,772 - INFO - Beginning optimization with guess, [0.61538913].
2024-05-30 17:17:51,392 - INFO - Finished optimization with guess, [0.61538913].
2024-05-30 17:17:51,393 - INFO - Best fit parameters: [0.61538913].
2024-05-30 17:17:51,417 - INFO - Maximum log composite likelihood: -51.2768645297.
2024-05-30 17:17:51,417 - INFO - Optimal value of theta: 4624.73840338.
2024-05-30 17:17:51,417 - INFO - Beginning optimization with guess, [1.03612334].
2024-05-30 17:17:51,823 - INFO - Finished optimization with guess, [1.03612334].
2024-05-30 17:17:51,823 - INFO - Best fit parameters: [1.03612334].
2024-05-30 17:17:51,847 - INFO - Maximum log composite likelihood: -51.2768645297.
2024-05-30 17:17:51,847 - INFO - Optimal value of theta: 4624.73840338.
2024-05-30 17:17:51,847 - INFO - Beginning optimization with guess, [0.92468293].
2024-05-30 17:17:52,322 - INFO - Finished optimization with guess, [0.92468293].
2024-05-30 17:17:52,323 - INFO - Best fit parameters: [0.92468293].
2024-05-30 17:17:52,347 - INFO - Maximum log composite likelihood: -51.2768645297.
2024-05-30 17:17:52,347 - INFO - Optimal value of theta: 4624.73840338.
2024-05-30 17:17:52,347 - INFO - Beginning optimization with guess, [1.81534437].
2024-05-30 17:17:53,036 - INFO - Finished optimization with guess, [1.81534437].
2024-05-30 17:17:53,037 - INFO - Best fit parameters: [1.81534437].
2024-05-30 17:17:53,060 - INFO - Maximum log composite likelihood: -51.2768645297.
2024-05-30 17:17:53,061 - INFO - Optimal value of theta: 4624.73840338.
2024-05-30 17:17:53,061 - INFO - Beginning optimization with guess, [3.11407118].
2024-05-30 17:17:53,821 - INFO - Finished optimization with guess, [3.11407118].
2024-05-30 17:17:53,822 - INFO - Best fit parameters: [3.11407118].
2024-05-30 17:17:53,846 - INFO - Maximum log composite likelihood: -51.2768645297.
2024-05-30 17:17:53,846 - INFO - Optimal value of theta: 4624.73840338.
2024-05-30 17:17:53,846 - INFO - Beginning optimization with guess, [2.29039691].
2024-05-30 17:17:54,535 - INFO - Finished optimization with guess, [2.29039691].
2024-05-30 17:17:54,535 - INFO - Best fit parameters: [2.29039691].
2024-05-30 17:17:54,559 - INFO - Maximum log composite likelihood: -51.2768645297.
2024-05-30 17:17:54,559 - INFO - Optimal value of theta: 4624.73840338.
2024-05-30 17:17:54,560 - INFO - Beginning optimization with guess, [3.16348575].
2024-05-30 17:17:55,320 - INFO - Finished optimization with guess, [3.16348575].
2024-05-30 17:17:55,320 - INFO - Best fit parameters: [3.16348575].
2024-05-30 17:17:55,344 - INFO - Maximum log composite likelihood: -51.2768645297.
2024-05-30 17:17:55,344 - INFO - Optimal value of theta: 4624.73840338.
2024-05-30 17:17:55,345 - INFO - Beginning optimization with guess, [2.01707353].
2024-05-30 17:17:56,031 - INFO - Finished optimization with guess, [2.01707353].
2024-05-30 17:17:56,031 - INFO - Best fit parameters: [2.01707353].
2024-05-30 17:17:56,054 - INFO - Maximum log composite likelihood: -51.2768645297.
2024-05-30 17:17:56,054 - INFO - Optimal value of theta: 4624.73840338.
2024-05-30 17:17:56,054 - INFO - Beginning optimization with guess, [1.82921629].
2024-05-30 17:17:56,739 - INFO - Finished optimization with guess, [1.82921629].
2024-05-30 17:17:56,739 - INFO - Best fit parameters: [1.82921629].
2024-05-30 17:17:56,763 - INFO - Maximum log composite likelihood: -51.2768645297.
2024-05-30 17:17:56,764 - INFO - Optimal value of theta: 4624.73840338.
2024-05-30 17:17:56,764 - INFO - Beginning optimization with guess, [4.15508536].
2024-05-30 17:17:57,504 - INFO - Finished optimization with guess, [4.15508536].
2024-05-30 17:17:57,504 - INFO - Best fit parameters: [4.15508536].
2024-05-30 17:17:57,528 - INFO - Maximum log composite likelihood: -51.2768645297.
2024-05-30 17:17:57,528 - INFO - Optimal value of theta: 4624.73840338.
2024-05-30 17:17:57,528 - INFO - Beginning optimization with guess, [2.80351447].
2024-05-30 17:17:58,280 - INFO - Finished optimization with guess, [2.80351447].
2024-05-30 17:17:58,281 - INFO - Best fit parameters: [2.80351447].
2024-05-30 17:17:58,304 - INFO - Maximum log composite likelihood: -51.2768645297.
2024-05-30 17:17:58,305 - INFO - Optimal value of theta: 4624.73840338.
2024-05-30 17:17:58,305 - INFO - Beginning optimization with guess, [3.79601045].
2024-05-30 17:17:59,043 - INFO - Finished optimization with guess, [3.79601045].
2024-05-30 17:17:59,043 - INFO - Best fit parameters: [3.79601045].
2024-05-30 17:17:59,066 - INFO - Maximum log composite likelihood: -51.2768645297.
2024-05-30 17:17:59,066 - INFO - Optimal value of theta: 4624.73840338.
2024-05-30 17:17:59,067 - INFO - Beginning optimization with guess, [3.85288738].
2024-05-30 17:17:59,813 - INFO - Finished optimization with guess, [3.85288738].
2024-05-30 17:17:59,813 - INFO - Best fit parameters: [3.85288738].
2024-05-30 17:17:59,837 - INFO - Maximum log composite likelihood: -51.2768645297.
2024-05-30 17:17:59,837 - INFO - Optimal value of theta: 4624.73840338.
2024-05-30 17:17:59,837 - INFO - Beginning optimization with guess, [3.58467712].
2024-05-30 17:18:00,597 - INFO - Finished optimization with guess, [3.58467712].
2024-05-30 17:18:00,597 - INFO - Best fit parameters: [3.58467712].
2024-05-30 17:18:00,621 - INFO - Maximum log composite likelihood: -51.2768645297.
2024-05-30 17:18:00,622 - INFO - Optimal value of theta: 4624.73840338.
2024-05-30 17:18:00,622 - INFO - Beginning optimization with guess, [5.12949308].
2024-05-30 17:18:01,382 - INFO - Finished optimization with guess, [5.12949308].
2024-05-30 17:18:01,382 - INFO - Best fit parameters: [5.12949308].
2024-05-30 17:18:01,406 - INFO - Maximum log composite likelihood: -51.2768645297.
2024-05-30 17:18:01,407 - INFO - Optimal value of theta: 4624.73840338.
2024-05-30 17:18:01,409 - INFO - Beginning demographic inference for two-epoch demographic model.
2024-05-30 17:18:01,411 - INFO - Beginning optimization with guess, [0.05829851 0.00580508].
2024-05-30 17:18:02,646 - INFO - Finished optimization with guess, [0.05829851 0.00580508].
2024-05-30 17:18:02,647 - INFO - Best fit parameters: [4.15816836 0.02165513].
2024-05-30 17:18:02,671 - INFO - Maximum log composite likelihood: -35.9088362344.
2024-05-30 17:18:02,672 - INFO - Optimal value of theta: 4467.28650397.
2024-05-30 17:18:02,672 - INFO - Beginning optimization with guess, [0.31882394 0.01339854].
2024-05-30 17:18:03,941 - INFO - Finished optimization with guess, [0.31882394 0.01339854].
2024-05-30 17:18:03,942 - INFO - Best fit parameters: [2.49168596 0.0256789 ].
2024-05-30 17:18:03,988 - INFO - Maximum log composite likelihood: -36.2412059188.
2024-05-30 17:18:03,988 - INFO - Optimal value of theta: 4479.54144811.
2024-05-30 17:18:03,989 - INFO - Beginning optimization with guess, [0.26990209 0.00839543].
2024-05-30 17:18:05,241 - INFO - Finished optimization with guess, [0.26990209 0.00839543].
2024-05-30 17:18:05,242 - INFO - Best fit parameters: [2.41987726 0.03076712].
2024-05-30 17:18:05,266 - INFO - Maximum log composite likelihood: -36.2222982327.
2024-05-30 17:18:05,267 - INFO - Optimal value of theta: 4456.41079808.
2024-05-30 17:18:05,267 - INFO - Beginning optimization with guess, [0.26487872 0.00700924].
2024-05-30 17:18:06,506 - INFO - Finished optimization with guess, [0.26487872 0.00700924].
2024-05-30 17:18:06,506 - INFO - Best fit parameters: [2.3775376  0.03145569].
2024-05-30 17:18:06,531 - INFO - Maximum log composite likelihood: -36.2482649039.
2024-05-30 17:18:06,531 - INFO - Optimal value of theta: 4455.07645362.
2024-05-30 17:18:06,531 - INFO - Beginning optimization with guess, [0.57113305 0.011295  ].
2024-05-30 17:18:07,725 - INFO - Finished optimization with guess, [0.57113305 0.011295  ].
2024-05-30 17:18:07,725 - INFO - Best fit parameters: [1.72541314 0.04322578].
2024-05-30 17:18:07,749 - INFO - Maximum log composite likelihood: -36.6949992827.
2024-05-30 17:18:07,750 - INFO - Optimal value of theta: 4461.02510054.
2024-05-30 17:18:07,750 - INFO - Beginning optimization with guess, [0.91358555 0.00644617].
2024-05-30 17:18:12,060 - INFO - Finished optimization with guess, [0.91358555 0.00644617].
2024-05-30 17:18:12,060 - INFO - Best fit parameters: [1.14236987 0.19445774].
2024-05-30 17:18:12,088 - INFO - Maximum log composite likelihood: -42.0375713711.
2024-05-30 17:18:12,088 - INFO - Optimal value of theta: 4464.7084775.
2024-05-30 17:18:12,088 - INFO - Beginning optimization with guess, [0.7319982  0.01622918].
2024-05-30 17:18:13,354 - INFO - Finished optimization with guess, [0.7319982  0.01622918].
2024-05-30 17:18:13,355 - INFO - Best fit parameters: [1.54845581 0.04924955].
2024-05-30 17:18:13,380 - INFO - Maximum log composite likelihood: -37.0819414934.
2024-05-30 17:18:13,380 - INFO - Optimal value of theta: 4470.19817746.
2024-05-30 17:18:13,380 - INFO - Beginning optimization with guess, [0.70316844 0.0051605 ].
2024-05-30 17:18:18,236 - INFO - Finished optimization with guess, [0.70316844 0.0051605 ].
2024-05-30 17:18:18,236 - INFO - Best fit parameters: [1.28576212 0.09737048].
2024-05-30 17:18:18,262 - INFO - Maximum log composite likelihood: -38.7941733554.
2024-05-30 17:18:18,262 - INFO - Optimal value of theta: 4453.37852917.
2024-05-30 17:18:18,262 - INFO - Beginning optimization with guess, [1.09239318 0.0061314 ].
2024-05-30 17:18:19,518 - INFO - Finished optimization with guess, [1.09239318 0.0061314 ].
2024-05-30 17:18:19,518 - INFO - Best fit parameters: [1.26938472 0.09145138].
2024-05-30 17:18:19,544 - INFO - Maximum log composite likelihood: -38.8645858926.
2024-05-30 17:18:19,545 - INFO - Optimal value of theta: 4469.2157921.
2024-05-30 17:18:19,545 - INFO - Beginning optimization with guess, [0.99034568 0.00662396].
2024-05-30 17:18:23,844 - INFO - Finished optimization with guess, [0.99034568 0.00662396].
2024-05-30 17:18:23,845 - INFO - Best fit parameters: [1.01775718 0.26012179].
2024-05-30 17:18:23,873 - INFO - Maximum log composite likelihood: -49.4047181337.
2024-05-30 17:18:23,874 - INFO - Optimal value of theta: 4597.63578574.
2024-05-30 17:18:23,874 - INFO - Beginning optimization with guess, [2.38584213 0.01918015].
2024-05-30 17:18:25,077 - INFO - Finished optimization with guess, [2.38584213 0.01918015].
2024-05-30 17:18:25,077 - INFO - Best fit parameters: [1.70347952e+01 1.63655745e-02].
2024-05-30 17:18:25,102 - INFO - Maximum log composite likelihood: -35.698845035.
2024-05-30 17:18:25,102 - INFO - Optimal value of theta: 4473.96950905.
2024-05-30 17:18:25,102 - INFO - Beginning optimization with guess, [2.51067792 0.01369687].
2024-05-30 17:18:26,289 - INFO - Finished optimization with guess, [2.51067792 0.01369687].
2024-05-30 17:18:26,290 - INFO - Best fit parameters: [3.58926292 0.02238392].
2024-05-30 17:18:26,314 - INFO - Maximum log composite likelihood: -35.9573003491.
2024-05-30 17:18:26,315 - INFO - Optimal value of theta: 4470.5385372.
2024-05-30 17:18:26,315 - INFO - Beginning optimization with guess, [0.89673144 0.00682602].
2024-05-30 17:18:30,395 - INFO - Finished optimization with guess, [0.89673144 0.00682602].
2024-05-30 17:18:30,395 - INFO - Best fit parameters: [1.15470323 0.09743287].
2024-05-30 17:18:30,421 - INFO - Maximum log composite likelihood: -41.440875345.
2024-05-30 17:18:30,422 - INFO - Optimal value of theta: 4521.79148431.
2024-05-30 17:18:30,422 - INFO - Beginning optimization with guess, [3.13996302 0.00644002].
2024-05-30 17:18:31,550 - INFO - Finished optimization with guess, [3.13996302 0.00644002].
2024-05-30 17:18:31,551 - INFO - Best fit parameters: [15.8770857   0.01624903].
2024-05-30 17:18:31,575 - INFO - Maximum log composite likelihood: -35.7137596882.
2024-05-30 17:18:31,575 - INFO - Optimal value of theta: 4475.72503113.
2024-05-30 17:18:31,575 - INFO - Beginning optimization with guess, [3.64583744 0.00782081].
2024-05-30 17:18:32,719 - INFO - Finished optimization with guess, [3.64583744 0.00782081].
2024-05-30 17:18:32,720 - INFO - Best fit parameters: [2.21690438e+01 1.61098203e-02].
2024-05-30 17:18:32,744 - INFO - Maximum log composite likelihood: -35.6828427059.
2024-05-30 17:18:32,745 - INFO - Optimal value of theta: 4473.95710883.
2024-05-30 17:18:32,745 - INFO - Beginning optimization with guess, [1.62301735 0.01513852].
2024-05-30 17:18:33,891 - INFO - Finished optimization with guess, [1.62301735 0.01513852].
2024-05-30 17:18:33,891 - INFO - Best fit parameters: [6.3794901  0.01836104].
2024-05-30 17:18:33,915 - INFO - Maximum log composite likelihood: -35.8430466843.
2024-05-30 17:18:33,915 - INFO - Optimal value of theta: 4474.9817506.
2024-05-30 17:18:33,916 - INFO - Beginning optimization with guess, [2.56757142 0.0055204 ].
2024-05-30 17:18:35,048 - INFO - Finished optimization with guess, [2.56757142 0.0055204 ].
2024-05-30 17:18:35,049 - INFO - Best fit parameters: [13.92180191  0.01724148].
2024-05-30 17:18:35,073 - INFO - Maximum log composite likelihood: -35.7084255331.
2024-05-30 17:18:35,073 - INFO - Optimal value of theta: 4468.57998181.
2024-05-30 17:18:35,073 - INFO - Beginning optimization with guess, [4.59017385 0.00669125].
2024-05-30 17:18:36,270 - INFO - Finished optimization with guess, [4.59017385 0.00669125].
2024-05-30 17:18:36,270 - INFO - Best fit parameters: [5.20631812e+01 1.61798724e-02].
2024-05-30 17:18:36,295 - INFO - Maximum log composite likelihood: -35.6516753489.
2024-05-30 17:18:36,295 - INFO - Optimal value of theta: 4468.94918644.
2024-05-30 17:18:36,295 - INFO - Beginning optimization with guess, [2.45987872 0.0199972 ].
2024-05-30 17:18:37,443 - INFO - Finished optimization with guess, [2.45987872 0.0199972 ].
2024-05-30 17:18:37,443 - INFO - Best fit parameters: [13.47405043  0.01614171].
2024-05-30 17:18:37,467 - INFO - Maximum log composite likelihood: -35.752246194.
2024-05-30 17:18:37,468 - INFO - Optimal value of theta: 4478.55364463.
2024-05-30 17:18:37,468 - INFO - Beginning optimization with guess, [5.65905868 0.00730988].
2024-05-30 17:18:38,833 - INFO - Finished optimization with guess, [5.65905868 0.00730988].
2024-05-30 17:18:38,835 - INFO - Best fit parameters: [4.21010159e+01 1.57573083e-02].
2024-05-30 17:18:38,902 - INFO - Maximum log composite likelihood: -35.6579247379.
2024-05-30 17:18:38,903 - INFO - Optimal value of theta: 4473.62606424.
2024-05-30 17:18:38,903 - INFO - Beginning optimization with guess, [7.24389829e+00 6.52838051e-03].
2024-05-30 17:18:40,129 - INFO - Finished optimization with guess, [7.24389829e+00 6.52838051e-03].
2024-05-30 17:18:40,129 - INFO - Best fit parameters: [3.01768849e+02 1.55534310e-02].
2024-05-30 17:18:40,153 - INFO - Maximum log composite likelihood: -35.6334958464.
2024-05-30 17:18:40,153 - INFO - Optimal value of theta: 4472.01184966.
2024-05-30 17:18:40,154 - INFO - Beginning optimization with guess, [5.02534049 0.00871931].
2024-05-30 17:18:41,246 - INFO - Finished optimization with guess, [5.02534049 0.00871931].
2024-05-30 17:18:41,246 - INFO - Best fit parameters: [1.00267105e+02 1.56203851e-02].
2024-05-30 17:18:41,271 - INFO - Maximum log composite likelihood: -35.6409831185.
2024-05-30 17:18:41,271 - INFO - Optimal value of theta: 4472.62805376.
2024-05-30 17:18:41,271 - INFO - Beginning optimization with guess, [7.18649882 0.01858144].
2024-05-30 17:18:42,342 - INFO - Finished optimization with guess, [7.18649882 0.01858144].
2024-05-30 17:18:42,342 - INFO - Best fit parameters: [1.59079880e+03 1.53677835e-02].
2024-05-30 17:18:42,366 - INFO - Maximum log composite likelihood: -35.6306681085.
2024-05-30 17:18:42,367 - INFO - Optimal value of theta: 4470.87635403.
2024-05-30 17:18:42,367 - INFO - Beginning optimization with guess, [4.26821608 0.01435461].
2024-05-30 17:18:43,555 - INFO - Finished optimization with guess, [4.26821608 0.01435461].
2024-05-30 17:18:43,555 - INFO - Best fit parameters: [3.34668509e+01 1.63024057e-02].
2024-05-30 17:18:43,580 - INFO - Maximum log composite likelihood: -35.6608222804.
2024-05-30 17:18:43,580 - INFO - Optimal value of theta: 4469.63236491.
2024-05-30 17:18:43,585 - INFO - Beginning demographic inference for three-epoch demographic model.
2024-05-30 17:18:43,588 - INFO - Beginning optimization with guess, [0.01503286 0.00535861 0.01228398 0.00922641].
2024-05-30 17:22:38,798 - INFO - Finished optimization with guess, [0.01503286 0.00535861 0.01228398 0.00922641].
2024-05-30 17:22:38,799 - INFO - Best fit parameters: [0.00692146 0.00055396 0.00778327 0.16569951].
2024-05-30 17:22:44,135 - INFO - Maximum log composite likelihood: -51.2768645195.
2024-05-30 17:22:44,136 - INFO - Optimal value of theta: 8348431.1573.
2024-05-30 17:22:44,136 - INFO - Beginning optimization with guess, [0.0391719  0.02272318 0.01890773 0.01486445].
2024-05-30 17:22:46,826 - INFO - Finished optimization with guess, [0.0391719  0.02272318 0.01890773 0.01486445].
2024-05-30 17:22:46,826 - INFO - Best fit parameters: [0.0098583  0.36195233 0.0232189  0.02011888].
2024-05-30 17:22:46,894 - INFO - Maximum log composite likelihood: -106.565580225.
2024-05-30 17:22:46,894 - INFO - Optimal value of theta: 38751.6743241.
2024-05-30 17:22:46,894 - INFO - Beginning optimization with guess, [0.0168725  0.01883655 0.01623868 0.00800824].
2024-05-30 17:22:52,639 - INFO - Finished optimization with guess, [0.0168725  0.01883655 0.01623868 0.00800824].
2024-05-30 17:22:52,640 - INFO - Best fit parameters: [0.00884183 0.01576333 0.0465611  0.00773134].
2024-05-30 17:22:52,766 - INFO - Maximum log composite likelihood: -43.768531584.
2024-05-30 17:22:52,767 - INFO - Optimal value of theta: 311882.242693.
2024-05-30 17:22:52,767 - INFO - Beginning optimization with guess, [0.05409647 0.07951032 0.00617386 0.01096762].
2024-05-30 17:22:53,899 - INFO - Finished optimization with guess, [0.05409647 0.07951032 0.00617386 0.01096762].
2024-05-30 17:22:53,899 - INFO - Best fit parameters: [8.37990388e-01 2.63000131e+01 6.97035926e-05 5.40070398e-05].
2024-05-30 17:22:53,924 - INFO - Maximum log composite likelihood: -51.1900908317.
2024-05-30 17:22:53,924 - INFO - Optimal value of theta: 4624.31677445.
2024-05-30 17:22:53,924 - INFO - Beginning optimization with guess, [0.04475364 0.02715965 0.00803118 0.00860797].
2024-05-30 17:22:55,051 - INFO - Finished optimization with guess, [0.04475364 0.02715965 0.00803118 0.00860797].
2024-05-30 17:22:55,051 - INFO - Best fit parameters: [1.02957479e-01 4.72331647e+02 3.44562555e-06 4.70073084e-05].
2024-05-30 17:22:55,076 - INFO - Maximum log composite likelihood: -51.2404559534.
2024-05-30 17:22:55,076 - INFO - Optimal value of theta: 4624.56170887.
2024-05-30 17:22:55,076 - INFO - Beginning optimization with guess, [0.45530699 1.08211512 0.00531687 0.00699054].
2024-05-30 17:22:56,191 - INFO - Finished optimization with guess, [0.45530699 1.08211512 0.00531687 0.00699054].
2024-05-30 17:22:56,191 - INFO - Best fit parameters: [6.21201736e-01 1.11333680e+00 3.74360820e-04 2.07855133e-01].
2024-05-30 17:22:56,219 - INFO - Maximum log composite likelihood: -43.0044276323.
2024-05-30 17:22:56,220 - INFO - Optimal value of theta: 4489.06007609.
2024-05-30 17:22:56,220 - INFO - Beginning optimization with guess, [1.19385397 0.52547534 0.01198959 0.00981837].
2024-05-30 17:22:57,383 - INFO - Finished optimization with guess, [1.19385397 0.52547534 0.01198959 0.00981837].
2024-05-30 17:22:57,384 - INFO - Best fit parameters: [1.25212871e+00 6.68175811e-01 9.54212471e-02 1.04141500e-03].
2024-05-30 17:22:57,410 - INFO - Maximum log composite likelihood: -39.6179396611.
2024-05-30 17:22:57,410 - INFO - Optimal value of theta: 4478.20285403.
2024-05-30 17:22:57,410 - INFO - Beginning optimization with guess, [1.36955752 0.57474891 0.01204873 0.00738574].
2024-05-30 17:22:58,569 - INFO - Finished optimization with guess, [1.36955752 0.57474891 0.01204873 0.00738574].
2024-05-30 17:22:58,569 - INFO - Best fit parameters: [1.51209730e+00 7.66809948e-01 5.77641449e-02 5.26899458e-04].
2024-05-30 17:22:58,595 - INFO - Maximum log composite likelihood: -37.335928706.
2024-05-30 17:22:58,595 - INFO - Optimal value of theta: 4457.05656846.
2024-05-30 17:22:58,595 - INFO - Beginning optimization with guess, [0.57993541 0.45087419 0.01756712 0.00596578].
2024-05-30 17:22:59,663 - INFO - Finished optimization with guess, [0.57993541 0.45087419 0.01756712 0.00596578].
2024-05-30 17:22:59,663 - INFO - Best fit parameters: [1.36104494e+00 7.20239927e-01 3.89510969e-03 2.84931161e-05].
2024-05-30 17:22:59,688 - INFO - Maximum log composite likelihood: -49.3137798168.
2024-05-30 17:22:59,688 - INFO - Optimal value of theta: 4614.54710851.
2024-05-30 17:22:59,688 - INFO - Beginning optimization with guess, [0.77706584 1.44573787 0.01193137 0.0156535 ].
2024-05-30 17:23:00,830 - INFO - Finished optimization with guess, [0.77706584 1.44573787 0.01193137 0.0156535 ].
2024-05-30 17:23:00,830 - INFO - Best fit parameters: [0.78888229 1.57191809 0.01077558 0.05507363].
2024-05-30 17:23:00,856 - INFO - Maximum log composite likelihood: -36.9202380999.
2024-05-30 17:23:00,856 - INFO - Optimal value of theta: 4470.90656461.
2024-05-30 17:23:00,856 - INFO - Beginning optimization with guess, [0.99795375 0.8424227  0.01340951 0.01586561].
2024-05-30 17:23:01,952 - INFO - Finished optimization with guess, [0.99795375 0.8424227  0.01340951 0.01586561].
2024-05-30 17:23:01,952 - INFO - Best fit parameters: [9.98658785e-01 1.87489598e+01 4.79796326e-13 1.24134346e-56].
2024-05-30 17:23:01,977 - INFO - Maximum log composite likelihood: -51.2768645297.
2024-05-30 17:23:01,977 - INFO - Optimal value of theta: 4624.73840338.
2024-05-30 17:23:01,978 - INFO - Beginning optimization with guess, [1.18632047 1.0376318  0.01416068 0.01385013].
2024-05-30 17:23:03,151 - INFO - Finished optimization with guess, [1.18632047 1.0376318  0.01416068 0.01385013].
2024-05-30 17:23:03,151 - INFO - Best fit parameters: [1.22574151 1.0365744  0.10046426 0.00850294].
2024-05-30 17:23:03,178 - INFO - Maximum log composite likelihood: -40.449727443.
2024-05-30 17:23:03,178 - INFO - Optimal value of theta: 4482.34563948.
2024-05-30 17:23:03,178 - INFO - Beginning optimization with guess, [0.96114542 3.05676618 0.00907569 0.00854159].
2024-05-30 17:23:04,366 - INFO - Finished optimization with guess, [0.96114542 3.05676618 0.00907569 0.00854159].
2024-05-30 17:23:04,366 - INFO - Best fit parameters: [0.96013771 3.64703207 0.00816891 0.02276322].
2024-05-30 17:23:04,391 - INFO - Maximum log composite likelihood: -35.9440754743.
2024-05-30 17:23:04,391 - INFO - Optimal value of theta: 4470.07914532.
2024-05-30 17:23:04,391 - INFO - Beginning optimization with guess, [3.29991933 2.17562245 0.00522143 0.01218231].
2024-05-30 17:23:05,479 - INFO - Finished optimization with guess, [3.29991933 2.17562245 0.00522143 0.01218231].
2024-05-30 17:23:05,479 - INFO - Best fit parameters: [3.42352376 2.47139275 0.00601354 0.02082532].
2024-05-30 17:23:05,504 - INFO - Maximum log composite likelihood: -36.1281502447.
2024-05-30 17:23:05,504 - INFO - Optimal value of theta: 4468.02294453.
2024-05-30 17:23:05,505 - INFO - Beginning optimization with guess, [2.95526161 4.11448818 0.00916835 0.0107298 ].
2024-05-30 17:23:06,689 - INFO - Finished optimization with guess, [2.95526161 4.11448818 0.00916835 0.0107298 ].
2024-05-30 17:23:06,689 - INFO - Best fit parameters: [4.07649966 5.64349439 0.00567892 0.0148958 ].
2024-05-30 17:23:06,714 - INFO - Maximum log composite likelihood: -35.827390458.
2024-05-30 17:23:06,714 - INFO - Optimal value of theta: 4465.21239184.
2024-05-30 17:23:06,714 - INFO - Beginning optimization with guess, [3.4541975  1.7196736  0.00789755 0.01426006].
2024-05-30 17:23:07,827 - INFO - Finished optimization with guess, [3.4541975  1.7196736  0.00789755 0.01426006].
2024-05-30 17:23:07,827 - INFO - Best fit parameters: [3.64851856 1.8478056  0.01685216 0.01111616].
2024-05-30 17:23:07,852 - INFO - Maximum log composite likelihood: -36.2260641462.
2024-05-30 17:23:07,852 - INFO - Optimal value of theta: 4463.15127868.
2024-05-30 17:23:07,852 - INFO - Beginning optimization with guess, [1.78532085 1.6404571  0.01222814 0.01008158].
2024-05-30 17:23:09,001 - INFO - Finished optimization with guess, [1.78532085 1.6404571  0.01222814 0.01008158].
2024-05-30 17:23:09,001 - INFO - Best fit parameters: [2.10685602 1.52401615 0.02969045 0.00429206].
2024-05-30 17:23:09,026 - INFO - Maximum log composite likelihood: -36.4457589675.
2024-05-30 17:23:09,027 - INFO - Optimal value of theta: 4467.6624192.
2024-05-30 17:23:09,027 - INFO - Beginning optimization with guess, [1.72935305 5.10988625 0.00575077 0.0052629 ].
2024-05-30 17:23:10,186 - INFO - Finished optimization with guess, [1.72935305 5.10988625 0.00575077 0.0052629 ].
2024-05-30 17:23:10,187 - INFO - Best fit parameters: [1.75387983e+00 6.54837673e+00 4.17004091e-03 1.67853657e-02].
2024-05-30 17:23:10,211 - INFO - Maximum log composite likelihood: -35.8127859843.
2024-05-30 17:23:10,212 - INFO - Optimal value of theta: 4469.96825451.
2024-05-30 17:23:10,212 - INFO - Beginning optimization with guess, [3.33935338 5.31452792 0.01171985 0.01793994].
2024-05-30 17:23:11,345 - INFO - Finished optimization with guess, [3.33935338 5.31452792 0.01171985 0.01793994].
2024-05-30 17:23:11,345 - INFO - Best fit parameters: [2.43189774e+00 6.27880156e+00 3.91722612e-03 1.69047249e-02].
2024-05-30 17:23:11,370 - INFO - Maximum log composite likelihood: -35.8213460419.
2024-05-30 17:23:11,370 - INFO - Optimal value of theta: 4465.34769588.
2024-05-30 17:23:11,370 - INFO - Beginning optimization with guess, [5.00647849 1.99017188 0.01398573 0.01469601].
2024-05-30 17:23:12,457 - INFO - Finished optimization with guess, [5.00647849 1.99017188 0.01398573 0.01469601].
2024-05-30 17:23:12,457 - INFO - Best fit parameters: [4.33006290e+00 2.48959250e+00 1.98620284e-02 1.94978078e-03].
2024-05-30 17:23:12,482 - INFO - Maximum log composite likelihood: -35.9310272608.
2024-05-30 17:23:12,482 - INFO - Optimal value of theta: 4467.61597942.
2024-05-30 17:23:12,483 - INFO - Beginning optimization with guess, [4.46956469 6.46463727 0.00668297 0.01523501].
2024-05-30 17:23:13,540 - INFO - Finished optimization with guess, [4.46956469 6.46463727 0.00668297 0.01523501].
2024-05-30 17:23:13,540 - INFO - Best fit parameters: [1.47760133e+00 5.43355646e+01 6.81676145e-03 1.34256862e-02].
2024-05-30 17:23:13,565 - INFO - Maximum log composite likelihood: -35.6879103589.
2024-05-30 17:23:13,566 - INFO - Optimal value of theta: 4474.04116844.
2024-05-30 17:23:13,566 - INFO - Beginning optimization with guess, [2.89951645e+00 5.80142411e+00 5.43196868e-03 5.05980197e-03].
2024-05-30 17:23:14,698 - INFO - Finished optimization with guess, [2.89951645e+00 5.80142411e+00 5.43196868e-03 5.05980197e-03].
2024-05-30 17:23:14,698 - INFO - Best fit parameters: [3.13613984e+00 7.43478671e+00 5.18653606e-03 1.47212155e-02].
2024-05-30 17:23:14,723 - INFO - Maximum log composite likelihood: -35.7802986916.
2024-05-30 17:23:14,723 - INFO - Optimal value of theta: 4467.08631886.
2024-05-30 17:23:14,723 - INFO - Beginning optimization with guess, [3.48379263 3.83748878 0.01646351 0.00714006].
2024-05-30 17:23:15,810 - INFO - Finished optimization with guess, [3.48379263 3.83748878 0.01646351 0.00714006].
2024-05-30 17:23:15,811 - INFO - Best fit parameters: [4.34418367e+00 8.34214823e+00 1.70453551e-02 3.77741838e-03].
2024-05-30 17:23:15,835 - INFO - Maximum log composite likelihood: -35.859382699.
2024-05-30 17:23:15,835 - INFO - Optimal value of theta: 4466.63212907.
2024-05-30 17:23:15,836 - INFO - Beginning optimization with guess, [1.09944198e+01 1.29100711e+01 1.21807815e-02 8.92530838e-03].
2024-05-30 17:23:16,969 - INFO - Finished optimization with guess, [1.09944198e+01 1.29100711e+01 1.21807815e-02 8.92530838e-03].
2024-05-30 17:23:16,969 - INFO - Best fit parameters: [8.76169599e+00 1.66032188e+01 6.26528767e-03 1.09658577e-02].
2024-05-30 17:23:16,994 - INFO - Maximum log composite likelihood: -35.68686137.
2024-05-30 17:23:16,994 - INFO - Optimal value of theta: 4469.6588822.
2024-05-30 17:23:16,997 - INFO - Finished demographic inference.
2024-05-30 17:23:16,997 - INFO - Pipeline executed succesfully.
