2024-05-30 17:17:47,689 - INFO - Beginning execution of fit_one_epoch.py in directory /u/project/ngarud/jonmah/demo_for_ccgb/Scripts

2024-05-30 17:17:47,690 - INFO - Progress is being logged to ../HighRecombinationAnalysis/Ruminococcus_bicirculans_59300/core_0.5_log.log

2024-05-30 17:17:47,690 - INFO - Parsed the following arguments:
	mask_doubletons = False
	syn_input_sfs = ../HighRecombinationAnalysis/Ruminococcus_bicirculans_59300/core_0.5_empirical_syn_14_downsampled_sfs.txt
	mask_singletons = False
	outprefix = ../HighRecombinationAnalysis/Ruminococcus_bicirculans_59300/core_0.5

2024-05-30 17:17:47,692 - INFO - Beginning demographic inference for one-epoch demographic model.
2024-05-30 17:17:47,694 - INFO - Beginning optimization with guess, [0.151652].
2024-05-30 17:17:48,999 - INFO - Finished optimization with guess, [0.151652].
2024-05-30 17:17:49,000 - INFO - Best fit parameters: [0.151652].
2024-05-30 17:17:49,040 - INFO - Maximum log composite likelihood: -1175.83138186.
2024-05-30 17:17:49,041 - INFO - Optimal value of theta: 9076.79635044.
2024-05-30 17:17:49,041 - INFO - Beginning optimization with guess, [0.15055308].
2024-05-30 17:17:50,335 - INFO - Finished optimization with guess, [0.15055308].
2024-05-30 17:17:50,336 - INFO - Best fit parameters: [0.15055308].
2024-05-30 17:17:50,376 - INFO - Maximum log composite likelihood: -1175.83138186.
2024-05-30 17:17:50,376 - INFO - Optimal value of theta: 9076.79635044.
2024-05-30 17:17:50,376 - INFO - Beginning optimization with guess, [0.33033723].
2024-05-30 17:17:51,670 - INFO - Finished optimization with guess, [0.33033723].
2024-05-30 17:17:51,671 - INFO - Best fit parameters: [0.33033723].
2024-05-30 17:17:51,711 - INFO - Maximum log composite likelihood: -1175.83138186.
2024-05-30 17:17:51,712 - INFO - Optimal value of theta: 9076.79635044.
2024-05-30 17:17:51,712 - INFO - Beginning optimization with guess, [0.47354048].
2024-05-30 17:17:52,893 - INFO - Finished optimization with guess, [0.47354048].
2024-05-30 17:17:52,894 - INFO - Best fit parameters: [0.47354048].
2024-05-30 17:17:52,934 - INFO - Maximum log composite likelihood: -1175.83138186.
2024-05-30 17:17:52,935 - INFO - Optimal value of theta: 9076.79635044.
2024-05-30 17:17:52,935 - INFO - Beginning optimization with guess, [0.34973345].
2024-05-30 17:17:54,237 - INFO - Finished optimization with guess, [0.34973345].
2024-05-30 17:17:54,238 - INFO - Best fit parameters: [0.34973345].
2024-05-30 17:17:54,278 - INFO - Maximum log composite likelihood: -1175.83138186.
2024-05-30 17:17:54,279 - INFO - Optimal value of theta: 9076.79635044.
2024-05-30 17:17:54,279 - INFO - Beginning optimization with guess, [0.79982706].
2024-05-30 17:17:55,208 - INFO - Finished optimization with guess, [0.79982706].
2024-05-30 17:17:55,208 - INFO - Best fit parameters: [0.79982706].
2024-05-30 17:17:55,248 - INFO - Maximum log composite likelihood: -1175.83138186.
2024-05-30 17:17:55,249 - INFO - Optimal value of theta: 9076.79635044.
2024-05-30 17:17:55,249 - INFO - Beginning optimization with guess, [0.47732553].
2024-05-30 17:17:56,418 - INFO - Finished optimization with guess, [0.47732553].
2024-05-30 17:17:56,419 - INFO - Best fit parameters: [0.47732553].
2024-05-30 17:17:56,459 - INFO - Maximum log composite likelihood: -1175.83138186.
2024-05-30 17:17:56,460 - INFO - Optimal value of theta: 9076.79635044.
2024-05-30 17:17:56,460 - INFO - Beginning optimization with guess, [0.4436981].
2024-05-30 17:17:57,633 - INFO - Finished optimization with guess, [0.4436981].
2024-05-30 17:17:57,634 - INFO - Best fit parameters: [0.4436981].
2024-05-30 17:17:57,674 - INFO - Maximum log composite likelihood: -1175.83138186.
2024-05-30 17:17:57,675 - INFO - Optimal value of theta: 9076.79635044.
2024-05-30 17:17:57,675 - INFO - Beginning optimization with guess, [0.53544706].
2024-05-30 17:17:58,849 - INFO - Finished optimization with guess, [0.53544706].
2024-05-30 17:17:58,849 - INFO - Best fit parameters: [0.53544706].
2024-05-30 17:17:58,889 - INFO - Maximum log composite likelihood: -1175.83138186.
2024-05-30 17:17:58,890 - INFO - Optimal value of theta: 9076.79635044.
2024-05-30 17:17:58,890 - INFO - Beginning optimization with guess, [0.60977015].
2024-05-30 17:17:59,942 - INFO - Finished optimization with guess, [0.60977015].
2024-05-30 17:17:59,942 - INFO - Best fit parameters: [0.60977015].
2024-05-30 17:17:59,982 - INFO - Maximum log composite likelihood: -1175.83138186.
2024-05-30 17:17:59,983 - INFO - Optimal value of theta: 9076.79635044.
2024-05-30 17:17:59,983 - INFO - Beginning optimization with guess, [1.27271159].
2024-05-30 17:18:00,908 - INFO - Finished optimization with guess, [1.27271159].
2024-05-30 17:18:00,909 - INFO - Best fit parameters: [1.27271159].
2024-05-30 17:18:00,950 - INFO - Maximum log composite likelihood: -1175.83138186.
2024-05-30 17:18:00,950 - INFO - Optimal value of theta: 9076.79635044.
2024-05-30 17:18:00,951 - INFO - Beginning optimization with guess, [0.90529876].
2024-05-30 17:18:01,757 - INFO - Finished optimization with guess, [0.90529876].
2024-05-30 17:18:01,757 - INFO - Best fit parameters: [0.90529876].
2024-05-30 17:18:01,797 - INFO - Maximum log composite likelihood: -1175.83138186.
2024-05-30 17:18:01,798 - INFO - Optimal value of theta: 9076.79635044.
2024-05-30 17:18:01,798 - INFO - Beginning optimization with guess, [3.46925625].
2024-05-30 17:18:03,115 - INFO - Finished optimization with guess, [3.46925625].
2024-05-30 17:18:03,116 - INFO - Best fit parameters: [3.46925625].
2024-05-30 17:18:03,156 - INFO - Maximum log composite likelihood: -1175.83138186.
2024-05-30 17:18:03,157 - INFO - Optimal value of theta: 9076.79635044.
2024-05-30 17:18:03,157 - INFO - Beginning optimization with guess, [3.99340626].
2024-05-30 17:18:04,449 - INFO - Finished optimization with guess, [3.99340626].
2024-05-30 17:18:04,449 - INFO - Best fit parameters: [3.99340626].
2024-05-30 17:18:04,490 - INFO - Maximum log composite likelihood: -1175.83138186.
2024-05-30 17:18:04,491 - INFO - Optimal value of theta: 9076.79635044.
2024-05-30 17:18:04,491 - INFO - Beginning optimization with guess, [2.81832746].
2024-05-30 17:18:05,778 - INFO - Finished optimization with guess, [2.81832746].
2024-05-30 17:18:05,778 - INFO - Best fit parameters: [2.81832746].
2024-05-30 17:18:05,818 - INFO - Maximum log composite likelihood: -1175.83138186.
2024-05-30 17:18:05,819 - INFO - Optimal value of theta: 9076.79635044.
2024-05-30 17:18:05,819 - INFO - Beginning optimization with guess, [1.58085257].
2024-05-30 17:18:06,870 - INFO - Finished optimization with guess, [1.58085257].
2024-05-30 17:18:06,871 - INFO - Best fit parameters: [1.58085257].
2024-05-30 17:18:06,912 - INFO - Maximum log composite likelihood: -1175.83138186.
2024-05-30 17:18:06,912 - INFO - Optimal value of theta: 9076.79635044.
2024-05-30 17:18:06,912 - INFO - Beginning optimization with guess, [3.22756247].
2024-05-30 17:18:08,210 - INFO - Finished optimization with guess, [3.22756247].
2024-05-30 17:18:08,210 - INFO - Best fit parameters: [3.22756247].
2024-05-30 17:18:08,250 - INFO - Maximum log composite likelihood: -1175.83138186.
2024-05-30 17:18:08,251 - INFO - Optimal value of theta: 9076.79635044.
2024-05-30 17:18:08,251 - INFO - Beginning optimization with guess, [4.31399484].
2024-05-30 17:18:09,544 - INFO - Finished optimization with guess, [4.31399484].
2024-05-30 17:18:09,545 - INFO - Best fit parameters: [4.31399484].
2024-05-30 17:18:09,586 - INFO - Maximum log composite likelihood: -1175.83138186.
2024-05-30 17:18:09,587 - INFO - Optimal value of theta: 9076.79635044.
2024-05-30 17:18:09,587 - INFO - Beginning optimization with guess, [4.01148386].
2024-05-30 17:18:10,884 - INFO - Finished optimization with guess, [4.01148386].
2024-05-30 17:18:10,884 - INFO - Best fit parameters: [4.01148386].
2024-05-30 17:18:10,925 - INFO - Maximum log composite likelihood: -1175.83138186.
2024-05-30 17:18:10,926 - INFO - Optimal value of theta: 9076.79635044.
2024-05-30 17:18:10,926 - INFO - Beginning optimization with guess, [6.43563913].
2024-05-30 17:18:12,217 - INFO - Finished optimization with guess, [6.43563913].
2024-05-30 17:18:12,218 - INFO - Best fit parameters: [6.43563913].
2024-05-30 17:18:12,258 - INFO - Maximum log composite likelihood: -1175.83138186.
2024-05-30 17:18:12,258 - INFO - Optimal value of theta: 9076.79635044.
2024-05-30 17:18:12,258 - INFO - Beginning optimization with guess, [3.05732452].
2024-05-30 17:18:13,554 - INFO - Finished optimization with guess, [3.05732452].
2024-05-30 17:18:13,555 - INFO - Best fit parameters: [3.05732452].
2024-05-30 17:18:13,595 - INFO - Maximum log composite likelihood: -1175.83138186.
2024-05-30 17:18:13,596 - INFO - Optimal value of theta: 9076.79635044.
2024-05-30 17:18:13,596 - INFO - Beginning optimization with guess, [4.26131056].
2024-05-30 17:18:14,896 - INFO - Finished optimization with guess, [4.26131056].
2024-05-30 17:18:14,896 - INFO - Best fit parameters: [4.26131056].
2024-05-30 17:18:14,936 - INFO - Maximum log composite likelihood: -1175.83138186.
2024-05-30 17:18:14,936 - INFO - Optimal value of theta: 9076.79635044.
2024-05-30 17:18:14,936 - INFO - Beginning optimization with guess, [5.27056889].
2024-05-30 17:18:16,233 - INFO - Finished optimization with guess, [5.27056889].
2024-05-30 17:18:16,233 - INFO - Best fit parameters: [5.27056889].
2024-05-30 17:18:16,274 - INFO - Maximum log composite likelihood: -1175.83138186.
2024-05-30 17:18:16,275 - INFO - Optimal value of theta: 9076.79635044.
2024-05-30 17:18:16,275 - INFO - Beginning optimization with guess, [6.89033571].
2024-05-30 17:18:17,567 - INFO - Finished optimization with guess, [6.89033571].
2024-05-30 17:18:17,568 - INFO - Best fit parameters: [6.89033571].
2024-05-30 17:18:17,609 - INFO - Maximum log composite likelihood: -1175.83138186.
2024-05-30 17:18:17,610 - INFO - Optimal value of theta: 9076.79635044.
2024-05-30 17:18:17,634 - INFO - Beginning demographic inference for two-epoch demographic model.
2024-05-30 17:18:17,637 - INFO - Beginning optimization with guess, [0.0791954  0.01115469].
2024-05-30 17:18:22,378 - INFO - Finished optimization with guess, [0.0791954  0.01115469].
2024-05-30 17:18:22,379 - INFO - Best fit parameters: [3.10584994 1.15102637].
2024-05-30 17:18:22,434 - INFO - Maximum log composite likelihood: -44.2070330537.
2024-05-30 17:18:22,434 - INFO - Optimal value of theta: 4827.79007977.
2024-05-30 17:18:22,435 - INFO - Beginning optimization with guess, [0.12985236 0.00530499].
2024-05-30 17:18:30,173 - INFO - Finished optimization with guess, [0.12985236 0.00530499].
2024-05-30 17:18:30,174 - INFO - Best fit parameters: [3.94395788 1.67887319].
2024-05-30 17:18:30,231 - INFO - Maximum log composite likelihood: -36.2523105077.
2024-05-30 17:18:30,232 - INFO - Optimal value of theta: 3889.64547854.
2024-05-30 17:18:30,232 - INFO - Beginning optimization with guess, [0.24878941 0.0115031 ].
2024-05-30 17:18:35,480 - INFO - Finished optimization with guess, [0.24878941 0.0115031 ].
2024-05-30 17:18:35,480 - INFO - Best fit parameters: [3.826344   1.53615587].
2024-05-30 17:18:35,535 - INFO - Maximum log composite likelihood: -37.5969855802.
2024-05-30 17:18:35,536 - INFO - Optimal value of theta: 4055.96902513.
2024-05-30 17:18:35,536 - INFO - Beginning optimization with guess, [0.27027154 0.01004831].
2024-05-30 17:18:41,283 - INFO - Finished optimization with guess, [0.27027154 0.01004831].
2024-05-30 17:18:41,283 - INFO - Best fit parameters: [4.63189204 2.47262374].
2024-05-30 17:18:41,343 - INFO - Maximum log composite likelihood: -35.4032822685.
2024-05-30 17:18:41,344 - INFO - Optimal value of theta: 3167.8882985.
2024-05-30 17:18:41,344 - INFO - Beginning optimization with guess, [0.40678039 0.00546438].
2024-05-30 17:18:50,012 - INFO - Finished optimization with guess, [0.40678039 0.00546438].
2024-05-30 17:18:50,013 - INFO - Best fit parameters: [3.21889505 1.24255859].
2024-05-30 17:18:50,069 - INFO - Maximum log composite likelihood: -41.5723124972.
2024-05-30 17:18:50,069 - INFO - Optimal value of theta: 4655.06556719.
2024-05-30 17:18:50,069 - INFO - Beginning optimization with guess, [0.50481899 0.00599138].
2024-05-30 17:18:58,267 - INFO - Finished optimization with guess, [0.50481899 0.00599138].
2024-05-30 17:18:58,269 - INFO - Best fit parameters: [3.83574393 1.77703812].
2024-05-30 17:18:58,327 - INFO - Maximum log composite likelihood: -36.370665917.
2024-05-30 17:18:58,327 - INFO - Optimal value of theta: 3866.64263319.
2024-05-30 17:18:58,327 - INFO - Beginning optimization with guess, [0.41823884 0.00502526].
2024-05-30 17:19:07,464 - INFO - Finished optimization with guess, [0.41823884 0.00502526].
2024-05-30 17:19:07,465 - INFO - Best fit parameters: [3.42224127 1.13267967].
2024-05-30 17:19:07,519 - INFO - Maximum log composite likelihood: -40.7838560906.
2024-05-30 17:19:07,519 - INFO - Optimal value of theta: 4664.46453303.
2024-05-30 17:19:07,519 - INFO - Beginning optimization with guess, [1.17712529 0.01411316].
2024-05-30 17:19:10,084 - INFO - Finished optimization with guess, [1.17712529 0.01411316].
2024-05-30 17:19:10,084 - INFO - Best fit parameters: [4.63885059 2.16478109].
2024-05-30 17:19:10,141 - INFO - Maximum log composite likelihood: -39.6720603744.
2024-05-30 17:19:10,142 - INFO - Optimal value of theta: 3317.41578561.
2024-05-30 17:19:10,142 - INFO - Beginning optimization with guess, [1.07223904 0.01067571].
2024-05-30 17:19:12,662 - INFO - Finished optimization with guess, [1.07223904 0.01067571].
2024-05-30 17:19:12,662 - INFO - Best fit parameters: [3.77777054 1.77458908].
2024-05-30 17:19:12,720 - INFO - Maximum log composite likelihood: -37.9999927451.
2024-05-30 17:19:12,720 - INFO - Optimal value of theta: 3895.36936866.
2024-05-30 17:19:12,720 - INFO - Beginning optimization with guess, [0.56493459 0.01955262].
2024-05-30 17:19:20,196 - INFO - Finished optimization with guess, [0.56493459 0.01955262].
2024-05-30 17:19:20,197 - INFO - Best fit parameters: [3.4460647  1.43878191].
2024-05-30 17:19:20,253 - INFO - Maximum log composite likelihood: -38.5847526299.
2024-05-30 17:19:20,254 - INFO - Optimal value of theta: 4330.90565514.
2024-05-30 17:19:20,254 - INFO - Beginning optimization with guess, [1.43389908 0.01141636].
2024-05-30 17:19:22,628 - INFO - Finished optimization with guess, [1.43389908 0.01141636].
2024-05-30 17:19:22,629 - INFO - Best fit parameters: [3.3160392  0.99049077].
2024-05-30 17:19:22,681 - INFO - Maximum log composite likelihood: -44.12122766.
2024-05-30 17:19:22,682 - INFO - Optimal value of theta: 4908.92386845.
2024-05-30 17:19:22,682 - INFO - Beginning optimization with guess, [0.81272227 0.01296189].
2024-05-30 17:19:31,580 - INFO - Finished optimization with guess, [0.81272227 0.01296189].
2024-05-30 17:19:31,580 - INFO - Best fit parameters: [1.59565116 0.75227089].
2024-05-30 17:19:31,638 - INFO - Maximum log composite likelihood: -501.663096533.
2024-05-30 17:19:31,639 - INFO - Optimal value of theta: 7059.22691054.
2024-05-30 17:19:31,639 - INFO - Beginning optimization with guess, [2.1616807  0.00640562].
2024-05-30 17:19:34,569 - INFO - Finished optimization with guess, [2.1616807  0.00640562].
2024-05-30 17:19:34,569 - INFO - Best fit parameters: [4.95710171 2.66782236].
2024-05-30 17:19:34,629 - INFO - Maximum log composite likelihood: -34.4603751926.
2024-05-30 17:19:34,629 - INFO - Optimal value of theta: 2984.64097799.
2024-05-30 17:19:34,630 - INFO - Beginning optimization with guess, [2.87158986 0.01541894].
2024-05-30 17:19:36,842 - INFO - Finished optimization with guess, [2.87158986 0.01541894].
2024-05-30 17:19:36,843 - INFO - Best fit parameters: [3.82065286 1.70947718].
2024-05-30 17:19:36,900 - INFO - Maximum log composite likelihood: -35.4962302943.
2024-05-30 17:19:36,900 - INFO - Optimal value of theta: 3921.95231531.
2024-05-30 17:19:36,901 - INFO - Beginning optimization with guess, [4.08884605 0.01923592].
2024-05-30 17:19:38,983 - INFO - Finished optimization with guess, [4.08884605 0.01923592].
2024-05-30 17:19:38,983 - INFO - Best fit parameters: [3.23108778 0.85171067].
2024-05-30 17:19:39,033 - INFO - Maximum log composite likelihood: -49.5966488484.
2024-05-30 17:19:39,033 - INFO - Optimal value of theta: 5170.23893535.
2024-05-30 17:19:39,034 - INFO - Beginning optimization with guess, [3.25785483 0.00670452].
2024-05-30 17:19:41,164 - INFO - Finished optimization with guess, [3.25785483 0.00670452].
2024-05-30 17:19:41,165 - INFO - Best fit parameters: [2.81362414 0.84441318].
2024-05-30 17:19:41,216 - INFO - Maximum log composite likelihood: -55.2500837804.
2024-05-30 17:19:41,217 - INFO - Optimal value of theta: 5445.56685211.
2024-05-30 17:19:41,217 - INFO - Beginning optimization with guess, [1.87523875 0.0195726 ].
2024-05-30 17:19:43,995 - INFO - Finished optimization with guess, [1.87523875 0.0195726 ].
2024-05-30 17:19:43,996 - INFO - Best fit parameters: [4.43132335 2.20414283].
2024-05-30 17:19:44,056 - INFO - Maximum log composite likelihood: -34.584569244.
2024-05-30 17:19:44,056 - INFO - Optimal value of theta: 3366.92887345.
2024-05-30 17:19:44,056 - INFO - Beginning optimization with guess, [1.63909731 0.01377106].
2024-05-30 17:19:46,516 - INFO - Finished optimization with guess, [1.63909731 0.01377106].
2024-05-30 17:19:46,516 - INFO - Best fit parameters: [4.18562011 1.982627  ].
2024-05-30 17:19:46,574 - INFO - Maximum log composite likelihood: -34.7559561873.
2024-05-30 17:19:46,575 - INFO - Optimal value of theta: 3584.07437975.
2024-05-30 17:19:46,575 - INFO - Beginning optimization with guess, [2.23193947 0.01509903].
2024-05-30 17:19:49,424 - INFO - Finished optimization with guess, [2.23193947 0.01509903].
2024-05-30 17:19:49,424 - INFO - Best fit parameters: [5.68497295 3.25872951].
2024-05-30 17:19:49,486 - INFO - Maximum log composite likelihood: -34.4042079033.
2024-05-30 17:19:49,486 - INFO - Optimal value of theta: 2594.00842948.
2024-05-30 17:19:49,486 - INFO - Beginning optimization with guess, [3.47498297 0.00678823].
2024-05-30 17:19:51,646 - INFO - Finished optimization with guess, [3.47498297 0.00678823].
2024-05-30 17:19:51,646 - INFO - Best fit parameters: [4.10012668 1.89238499].
2024-05-30 17:19:51,703 - INFO - Maximum log composite likelihood: -34.9003129293.
2024-05-30 17:19:51,704 - INFO - Optimal value of theta: 3674.82445137.
2024-05-30 17:19:51,704 - INFO - Beginning optimization with guess, [3.51298113 0.00516181].
2024-05-30 17:19:53,739 - INFO - Finished optimization with guess, [3.51298113 0.00516181].
2024-05-30 17:19:53,739 - INFO - Best fit parameters: [3.21298221 0.7728533 ].
2024-05-30 17:19:53,789 - INFO - Maximum log composite likelihood: -55.2393517901.
2024-05-30 17:19:53,789 - INFO - Optimal value of theta: 5320.17143929.
2024-05-30 17:19:53,790 - INFO - Beginning optimization with guess, [6.02487456 0.01569252].
2024-05-30 17:19:55,904 - INFO - Finished optimization with guess, [6.02487456 0.01569252].
2024-05-30 17:19:55,904 - INFO - Best fit parameters: [3.41189934 1.15656056].
2024-05-30 17:19:55,957 - INFO - Maximum log composite likelihood: -39.5641634691.
2024-05-30 17:19:55,958 - INFO - Optimal value of theta: 4641.29878649.
2024-05-30 17:19:55,958 - INFO - Beginning optimization with guess, [6.46952645e+00 6.02186438e-03].
2024-05-30 17:19:58,041 - INFO - Finished optimization with guess, [6.46952645e+00 6.02186438e-03].
2024-05-30 17:19:58,042 - INFO - Best fit parameters: [2.61683251 0.44846599].
2024-05-30 17:19:58,089 - INFO - Maximum log composite likelihood: -107.568601556.
2024-05-30 17:19:58,090 - INFO - Optimal value of theta: 6441.94252426.
2024-05-30 17:19:58,090 - INFO - Beginning optimization with guess, [8.99531402 0.01119559].
2024-05-30 17:20:00,101 - INFO - Finished optimization with guess, [8.99531402 0.01119559].
2024-05-30 17:20:00,101 - INFO - Best fit parameters: [2.3861271  0.30914423].
2024-05-30 17:20:00,147 - INFO - Maximum log composite likelihood: -197.289993144.
2024-05-30 17:20:00,147 - INFO - Optimal value of theta: 7060.08886054.
2024-05-30 17:20:00,151 - INFO - Beginning demographic inference for three-epoch demographic model.
2024-05-30 17:20:00,155 - INFO - Beginning optimization with guess, [0.00659443 0.01598084 0.00880464 0.00936254].
2024-05-30 17:20:28,601 - INFO - Finished optimization with guess, [0.00659443 0.01598084 0.00880464 0.00936254].
2024-05-30 17:20:28,602 - INFO - Best fit parameters: [0.00233404 0.01403072 0.03636372 0.00829594].
2024-05-30 17:20:29,213 - INFO - Maximum log composite likelihood: -34.4577908315.
2024-05-30 17:20:29,213 - INFO - Optimal value of theta: 1046189.3326.
2024-05-30 17:20:29,214 - INFO - Beginning optimization with guess, [0.0181291  0.01022239 0.00547393 0.00558562].
2024-05-30 17:20:31,328 - INFO - Finished optimization with guess, [0.0181291  0.01022239 0.00547393 0.00558562].
2024-05-30 17:20:31,328 - INFO - Best fit parameters: [7.29917623e-02 1.21404584e+03 7.99330184e-07 1.10400353e-05].
2024-05-30 17:20:31,370 - INFO - Maximum log composite likelihood: -1175.81620918.
2024-05-30 17:20:31,370 - INFO - Optimal value of theta: 9076.78162987.
2024-05-30 17:20:31,371 - INFO - Beginning optimization with guess, [0.02915658 0.02028945 0.01381304 0.01657009].
2024-05-30 17:26:50,195 - INFO - Finished optimization with guess, [0.02915658 0.02028945 0.01381304 0.01657009].
2024-05-30 17:26:50,196 - INFO - Best fit parameters: [0.00512897 0.00472972 0.00798143 1.27114515].
2024-05-30 17:26:59,786 - INFO - Maximum log composite likelihood: -1175.83138167.
2024-05-30 17:26:59,788 - INFO - Optimal value of theta: 1919098.39847.
2024-05-30 17:26:59,789 - INFO - Beginning optimization with guess, [0.03696835 0.04334382 0.01558266 0.00575993].
2024-05-30 17:27:01,850 - INFO - Finished optimization with guess, [0.03696835 0.04334382 0.01558266 0.00575993].
2024-05-30 17:27:01,850 - INFO - Best fit parameters: [4.76473699e+00 8.81996938e-02 4.21500792e-03 1.25857434e-05].
2024-05-30 17:27:01,892 - INFO - Maximum log composite likelihood: -1112.73392236.
2024-05-30 17:27:01,893 - INFO - Optimal value of theta: 9013.73717665.
2024-05-30 17:27:01,893 - INFO - Beginning optimization with guess, [0.04574841 0.02639861 0.00522463 0.00756199].
2024-05-30 17:27:03,816 - INFO - Finished optimization with guess, [0.04574841 0.02639861 0.00522463 0.00756199].
2024-05-30 17:27:03,816 - INFO - Best fit parameters: [9.21204337e-02 1.94428702e+01 7.84759081e-06 1.19619108e-04].
2024-05-30 17:27:03,858 - INFO - Maximum log composite likelihood: -1175.01427269.
2024-05-30 17:27:03,858 - INFO - Optimal value of theta: 9076.00339076.
2024-05-30 17:27:03,859 - INFO - Beginning optimization with guess, [0.33095193 1.05496274 0.00867864 0.00685551].
2024-05-30 17:27:06,268 - INFO - Finished optimization with guess, [0.33095193 1.05496274 0.00867864 0.00685551].
2024-05-30 17:27:06,268 - INFO - Best fit parameters: [8.37969327e-01 1.09571666e+00 6.64836756e-05 3.55143291e-01].
2024-05-30 17:27:06,322 - INFO - Maximum log composite likelihood: -1011.35365918.
2024-05-30 17:27:06,322 - INFO - Optimal value of theta: 8753.81678612.
2024-05-30 17:27:06,322 - INFO - Beginning optimization with guess, [0.7832144  0.62259946 0.01679461 0.00647274].
2024-05-30 17:27:08,208 - INFO - Finished optimization with guess, [0.7832144  0.62259946 0.01679461 0.00647274].
2024-05-30 17:27:08,208 - INFO - Best fit parameters: [9.60262550e-01 1.40664114e+00 4.34235811e-05 7.33629326e-05].
2024-05-30 17:27:08,250 - INFO - Maximum log composite likelihood: -1175.43165644.
2024-05-30 17:27:08,251 - INFO - Optimal value of theta: 9076.40812153.
2024-05-30 17:27:08,251 - INFO - Beginning optimization with guess, [0.45962692 1.39652749 0.0143057  0.01348214].
2024-05-30 17:27:10,274 - INFO - Finished optimization with guess, [0.45962692 1.39652749 0.0143057  0.01348214].
2024-05-30 17:27:10,274 - INFO - Best fit parameters: [1.07512028e+00 1.83914690e+00 9.28004590e-04 3.93833687e-01].
2024-05-30 17:27:10,324 - INFO - Maximum log composite likelihood: -314.059770742.
2024-05-30 17:27:10,324 - INFO - Optimal value of theta: 7274.06231264.
2024-05-30 17:27:10,324 - INFO - Beginning optimization with guess, [0.52339634 0.84419767 0.01914126 0.00528818].
2024-05-30 17:27:12,192 - INFO - Finished optimization with guess, [0.52339634 0.84419767 0.01914126 0.00528818].
2024-05-30 17:27:12,193 - INFO - Best fit parameters: [1.34108981e+04 8.96279149e-01 1.23876950e-43 8.76135318e-18].
2024-05-30 17:27:12,236 - INFO - Maximum log composite likelihood: -1175.83138186.
2024-05-30 17:27:12,236 - INFO - Optimal value of theta: 9076.79635044.
2024-05-30 17:27:12,237 - INFO - Beginning optimization with guess, [1.48434715 1.71968169 0.01876292 0.00636471].
2024-05-30 17:27:14,297 - INFO - Finished optimization with guess, [1.48434715 1.71968169 0.01876292 0.00636471].
2024-05-30 17:27:14,298 - INFO - Best fit parameters: [1.84213619 1.74420434 0.5205067  0.00568911].
2024-05-30 17:27:14,350 - INFO - Maximum log composite likelihood: -300.498670218.
2024-05-30 17:27:14,351 - INFO - Optimal value of theta: 6984.24594683.
2024-05-30 17:27:14,351 - INFO - Beginning optimization with guess, [0.94774216 0.6775498  0.01444386 0.01556521].
2024-05-30 17:27:16,213 - INFO - Finished optimization with guess, [0.94774216 0.6775498  0.01444386 0.01556521].
2024-05-30 17:27:16,214 - INFO - Best fit parameters: [1.01248168e+00 1.18557075e+00 3.87836489e-04 1.31532152e-05].
2024-05-30 17:27:16,256 - INFO - Maximum log composite likelihood: -1175.69047415.
2024-05-30 17:27:16,256 - INFO - Optimal value of theta: 9076.65936198.
2024-05-30 17:27:16,257 - INFO - Beginning optimization with guess, [1.24271598 1.36348553 0.00943588 0.00568638].
2024-05-30 17:27:18,635 - INFO - Finished optimization with guess, [1.24271598 1.36348553 0.00943588 0.00568638].
2024-05-30 17:27:18,635 - INFO - Best fit parameters: [1.4659527  1.35319081 0.54085447 0.00796949].
2024-05-30 17:27:18,691 - INFO - Maximum log composite likelihood: -577.705623639.
2024-05-30 17:27:18,691 - INFO - Optimal value of theta: 7597.9932718.
2024-05-30 17:27:18,692 - INFO - Beginning optimization with guess, [3.4605589  2.58725056 0.01236284 0.01653219].
2024-05-30 17:27:21,160 - INFO - Finished optimization with guess, [3.4605589  2.58725056 0.01236284 0.01653219].
2024-05-30 17:27:21,160 - INFO - Best fit parameters: [6.2901282  4.68338231 0.00946685 2.33961604].
2024-05-30 17:27:21,220 - INFO - Maximum log composite likelihood: -35.0301434889.
2024-05-30 17:27:21,221 - INFO - Optimal value of theta: 3208.38096785.
2024-05-30 17:27:21,221 - INFO - Beginning optimization with guess, [1.41441766 2.52601508 0.01257409 0.01135943].
2024-05-30 17:27:23,759 - INFO - Finished optimization with guess, [1.41441766 2.52601508 0.01257409 0.01135943].
2024-05-30 17:27:23,760 - INFO - Best fit parameters: [1.52535185 3.70595676 0.00680542 1.53108862].
2024-05-30 17:27:23,817 - INFO - Maximum log composite likelihood: -35.6966373709.
2024-05-30 17:27:23,818 - INFO - Optimal value of theta: 4113.87268487.
2024-05-30 17:27:23,818 - INFO - Beginning optimization with guess, [2.52739974 1.47653728 0.01856825 0.00507675].
2024-05-30 17:27:26,194 - INFO - Finished optimization with guess, [2.52739974 1.47653728 0.01856825 0.00507675].
2024-05-30 17:27:26,194 - INFO - Best fit parameters: [3.87473246e+00 1.58779438e+00 1.65875761e+00 2.41710074e-03].
2024-05-30 17:27:26,251 - INFO - Maximum log composite likelihood: -34.8680006826.
2024-05-30 17:27:26,251 - INFO - Optimal value of theta: 3943.88527269.
2024-05-30 17:27:26,252 - INFO - Beginning optimization with guess, [1.59983494 4.69505203 0.01383641 0.00759235].
2024-05-30 17:27:29,005 - INFO - Finished optimization with guess, [1.59983494 4.69505203 0.01383641 0.00759235].
2024-05-30 17:27:29,006 - INFO - Best fit parameters: [2.171709   6.18294403 0.00951036 3.56484103].
2024-05-30 17:27:29,068 - INFO - Maximum log composite likelihood: -35.0411523192.
2024-05-30 17:27:29,069 - INFO - Optimal value of theta: 2403.96216609.
2024-05-30 17:27:29,069 - INFO - Beginning optimization with guess, [3.28890628 1.52670027 0.01143173 0.00913481].
2024-05-30 17:27:31,232 - INFO - Finished optimization with guess, [3.28890628 1.52670027 0.01143173 0.00913481].
2024-05-30 17:27:31,233 - INFO - Best fit parameters: [3.40889282 1.77781369 0.5830078  0.00359928].
2024-05-30 17:27:31,281 - INFO - Maximum log composite likelihood: -86.3145012983.
2024-05-30 17:27:31,281 - INFO - Optimal value of theta: 5650.22364011.
2024-05-30 17:27:31,281 - INFO - Beginning optimization with guess, [4.56844915 1.79551442 0.00788249 0.01526788].
2024-05-30 17:27:34,020 - INFO - Finished optimization with guess, [4.56844915 1.79551442 0.00788249 0.01526788].
2024-05-30 17:27:34,020 - INFO - Best fit parameters: [5.98701715 2.62729188 3.53019247 0.01058516].
2024-05-30 17:27:34,083 - INFO - Maximum log composite likelihood: -36.0828253534.
2024-05-30 17:27:34,083 - INFO - Optimal value of theta: 2466.09285556.
2024-05-30 17:27:34,083 - INFO - Beginning optimization with guess, [1.78802957 3.24595544 0.01179423 0.00753302].
2024-05-30 17:27:36,690 - INFO - Finished optimization with guess, [1.78802957 3.24595544 0.01179423 0.00753302].
2024-05-30 17:27:36,691 - INFO - Best fit parameters: [2.37207523 3.92100292 0.00880461 1.66466716].
2024-05-30 17:27:36,747 - INFO - Maximum log composite likelihood: -35.9925925334.
2024-05-30 17:27:36,748 - INFO - Optimal value of theta: 3905.2403516.
2024-05-30 17:27:36,748 - INFO - Beginning optimization with guess, [3.82658364 3.51714374 0.00882716 0.01352713].
2024-05-30 17:27:38,782 - INFO - Finished optimization with guess, [3.82658364 3.51714374 0.00882716 0.01352713].
2024-05-30 17:27:38,783 - INFO - Best fit parameters: [6.83280041e+00 3.06682110e+00 2.28989280e-03 1.18448372e+00].
2024-05-30 17:27:38,839 - INFO - Maximum log composite likelihood: -48.5567484627.
2024-05-30 17:27:38,840 - INFO - Optimal value of theta: 4811.90265555.
2024-05-30 17:27:38,840 - INFO - Beginning optimization with guess, [3.29627227 2.16813892 0.00717596 0.00550662].
2024-05-30 17:27:41,510 - INFO - Finished optimization with guess, [3.29627227 2.16813892 0.00717596 0.00550662].
2024-05-30 17:27:41,510 - INFO - Best fit parameters: [6.63098687e+00 2.57802683e+00 4.17780580e+00 3.19200959e-03].
2024-05-30 17:27:41,574 - INFO - Maximum log composite likelihood: -36.4922225931.
2024-05-30 17:27:41,574 - INFO - Optimal value of theta: 2188.45745807.
2024-05-30 17:27:41,575 - INFO - Beginning optimization with guess, [3.86750938 2.75162349 0.0197206  0.00549998].
2024-05-30 17:27:43,524 - INFO - Finished optimization with guess, [3.86750938 2.75162349 0.0197206  0.00549998].
2024-05-30 17:27:43,526 - INFO - Best fit parameters: [4.23778313e+00 3.79901383e+00 4.57583696e-01 1.68086821e-03].
2024-05-30 17:27:43,572 - INFO - Maximum log composite likelihood: -212.247393242.
2024-05-30 17:27:43,572 - INFO - Optimal value of theta: 5739.19809752.
2024-05-30 17:27:43,572 - INFO - Beginning optimization with guess, [6.29354908 3.26852211 0.01655874 0.01843962].
2024-05-30 17:27:45,523 - INFO - Finished optimization with guess, [6.29354908 3.26852211 0.01655874 0.01843962].
2024-05-30 17:27:45,523 - INFO - Best fit parameters: [7.09359054 4.59972136 0.14748907 0.01500716].
2024-05-30 17:27:45,566 - INFO - Maximum log composite likelihood: -320.212684545.
2024-05-30 17:27:45,566 - INFO - Optimal value of theta: 7094.93114288.
2024-05-30 17:27:45,567 - INFO - Beginning optimization with guess, [1.17166190e+01 7.01517500e+00 6.18219767e-03 1.49973626e-02].
2024-05-30 17:27:47,384 - INFO - Finished optimization with guess, [1.17166190e+01 7.01517500e+00 6.18219767e-03 1.49973626e-02].
2024-05-30 17:27:47,384 - INFO - Best fit parameters: [1.42059886e+01 8.26248876e+00 2.76149096e-03 1.20763430e-01].
2024-05-30 17:27:47,427 - INFO - Maximum log composite likelihood: -355.925543153.
2024-05-30 17:27:47,427 - INFO - Optimal value of theta: 7403.2312161.
2024-05-30 17:27:47,431 - INFO - Finished demographic inference.
2024-05-30 17:27:47,431 - INFO - Pipeline executed succesfully.
