2022-11-02 15:30:31,280 - INFO - Beginning execution of fit_one_epoch.py in directory /u/project/ngarud/jonmah/demo_for_ccgb/Scripts

2022-11-02 15:30:31,281 - INFO - Progress is being logged to ../Analysis/Veillonella_parvula_58184_oral/unmasked/log.log

2022-11-02 15:30:31,281 - INFO - Parsed the following arguments:
	syn_input_sfs = ../Data/oral_microbiome_sfs/Veillonella_parvula_58184_sfs/folded_sfs_10.txt
	mask_singletons = False
	mask_doubletons = False
	outprefix = ../Analysis/Veillonella_parvula_58184_oral/unmasked/

2022-11-02 15:30:31,315 - INFO - Beginning demographic inference for one-epoch demographic model.
2022-11-02 15:30:31,317 - INFO - Beginning optimization with guess, [0.10380969].
2022-11-02 15:30:31,429 - INFO - Finished optimization with guess, [0.10380969].
2022-11-02 15:30:31,430 - INFO - Best fit parameters: [0.10380969].
2022-11-02 15:30:31,483 - INFO - Maximum log composite likelihood: -60609.87659043112.
2022-11-02 15:30:31,484 - INFO - Optimal value of theta: 70943.21333721072.
2022-11-02 15:30:31,484 - INFO - Beginning optimization with guess, [0.17577487].
2022-11-02 15:30:31,592 - INFO - Finished optimization with guess, [0.17577487].
2022-11-02 15:30:31,593 - INFO - Best fit parameters: [0.17577487].
2022-11-02 15:30:31,646 - INFO - Maximum log composite likelihood: -60609.87659043112.
2022-11-02 15:30:31,646 - INFO - Optimal value of theta: 70943.21333721072.
2022-11-02 15:30:31,647 - INFO - Beginning optimization with guess, [0.55924364].
2022-11-02 15:30:31,754 - INFO - Finished optimization with guess, [0.55924364].
2022-11-02 15:30:31,755 - INFO - Best fit parameters: [0.55924364].
2022-11-02 15:30:31,808 - INFO - Maximum log composite likelihood: -60609.87659043112.
2022-11-02 15:30:31,809 - INFO - Optimal value of theta: 70943.21333721072.
2022-11-02 15:30:31,809 - INFO - Beginning optimization with guess, [0.20821975].
2022-11-02 15:30:31,916 - INFO - Finished optimization with guess, [0.20821975].
2022-11-02 15:30:31,917 - INFO - Best fit parameters: [0.20821975].
2022-11-02 15:30:31,970 - INFO - Maximum log composite likelihood: -60609.87659043112.
2022-11-02 15:30:31,971 - INFO - Optimal value of theta: 70943.21333721072.
2022-11-02 15:30:31,971 - INFO - Beginning optimization with guess, [0.32521948].
2022-11-02 15:30:32,078 - INFO - Finished optimization with guess, [0.32521948].
2022-11-02 15:30:32,079 - INFO - Best fit parameters: [0.32521948].
2022-11-02 15:30:32,132 - INFO - Maximum log composite likelihood: -60609.87659043112.
2022-11-02 15:30:32,133 - INFO - Optimal value of theta: 70943.21333721072.
2022-11-02 15:30:32,133 - INFO - Beginning optimization with guess, [1.05222509].
2022-11-02 15:30:32,240 - INFO - Finished optimization with guess, [1.05222509].
2022-11-02 15:30:32,241 - INFO - Best fit parameters: [1.05222509].
2022-11-02 15:30:32,294 - INFO - Maximum log composite likelihood: -60609.87659043112.
2022-11-02 15:30:32,294 - INFO - Optimal value of theta: 70943.21333721072.
2022-11-02 15:30:32,295 - INFO - Beginning optimization with guess, [1.32286093].
2022-11-02 15:30:32,402 - INFO - Finished optimization with guess, [1.32286093].
2022-11-02 15:30:32,403 - INFO - Best fit parameters: [1.32286093].
2022-11-02 15:30:32,456 - INFO - Maximum log composite likelihood: -60609.87659043112.
2022-11-02 15:30:32,457 - INFO - Optimal value of theta: 70943.21333721072.
2022-11-02 15:30:32,457 - INFO - Beginning optimization with guess, [0.43748844].
2022-11-02 15:30:32,564 - INFO - Finished optimization with guess, [0.43748844].
2022-11-02 15:30:32,564 - INFO - Best fit parameters: [0.43748844].
2022-11-02 15:30:32,618 - INFO - Maximum log composite likelihood: -60609.87659043112.
2022-11-02 15:30:32,618 - INFO - Optimal value of theta: 70943.21333721072.
2022-11-02 15:30:32,618 - INFO - Beginning optimization with guess, [1.55219511].
2022-11-02 15:30:32,726 - INFO - Finished optimization with guess, [1.55219511].
2022-11-02 15:30:32,727 - INFO - Best fit parameters: [1.55219511].
2022-11-02 15:30:32,780 - INFO - Maximum log composite likelihood: -60609.87659043112.
2022-11-02 15:30:32,781 - INFO - Optimal value of theta: 70943.21333721072.
2022-11-02 15:30:32,781 - INFO - Beginning optimization with guess, [0.73721159].
2022-11-02 15:30:32,889 - INFO - Finished optimization with guess, [0.73721159].
2022-11-02 15:30:32,889 - INFO - Best fit parameters: [0.73721159].
2022-11-02 15:30:32,942 - INFO - Maximum log composite likelihood: -60609.87659043112.
2022-11-02 15:30:32,943 - INFO - Optimal value of theta: 70943.21333721072.
2022-11-02 15:30:32,943 - INFO - Beginning optimization with guess, [0.77450928].
2022-11-02 15:30:33,052 - INFO - Finished optimization with guess, [0.77450928].
2022-11-02 15:30:33,052 - INFO - Best fit parameters: [0.77450928].
2022-11-02 15:30:33,105 - INFO - Maximum log composite likelihood: -60609.87659043112.
2022-11-02 15:30:33,106 - INFO - Optimal value of theta: 70943.21333721072.
2022-11-02 15:30:33,106 - INFO - Beginning optimization with guess, [1.83020336].
2022-11-02 15:30:33,214 - INFO - Finished optimization with guess, [1.83020336].
2022-11-02 15:30:33,214 - INFO - Best fit parameters: [1.83020336].
2022-11-02 15:30:33,267 - INFO - Maximum log composite likelihood: -60609.87659043112.
2022-11-02 15:30:33,267 - INFO - Optimal value of theta: 70943.21333721072.
2022-11-02 15:30:33,268 - INFO - Beginning optimization with guess, [1.19612482].
2022-11-02 15:30:33,375 - INFO - Finished optimization with guess, [1.19612482].
2022-11-02 15:30:33,376 - INFO - Best fit parameters: [1.19612482].
2022-11-02 15:30:33,429 - INFO - Maximum log composite likelihood: -60609.87659043112.
2022-11-02 15:30:33,429 - INFO - Optimal value of theta: 70943.21333721072.
2022-11-02 15:30:33,430 - INFO - Beginning optimization with guess, [1.46507155].
2022-11-02 15:30:33,540 - INFO - Finished optimization with guess, [1.46507155].
2022-11-02 15:30:33,540 - INFO - Best fit parameters: [1.46507155].
2022-11-02 15:30:33,595 - INFO - Maximum log composite likelihood: -60609.87659043112.
2022-11-02 15:30:33,596 - INFO - Optimal value of theta: 70943.21333721072.
2022-11-02 15:30:33,596 - INFO - Beginning optimization with guess, [1.85147633].
2022-11-02 15:30:33,702 - INFO - Finished optimization with guess, [1.85147633].
2022-11-02 15:30:33,703 - INFO - Best fit parameters: [1.85147633].
2022-11-02 15:30:33,757 - INFO - Maximum log composite likelihood: -60609.87659043112.
2022-11-02 15:30:33,758 - INFO - Optimal value of theta: 70943.21333721072.
2022-11-02 15:30:33,758 - INFO - Beginning optimization with guess, [1.90405136].
2022-11-02 15:30:33,867 - INFO - Finished optimization with guess, [1.90405136].
2022-11-02 15:30:33,868 - INFO - Best fit parameters: [1.90405136].
2022-11-02 15:30:33,923 - INFO - Maximum log composite likelihood: -60609.87659043112.
2022-11-02 15:30:33,923 - INFO - Optimal value of theta: 70943.21333721072.
2022-11-02 15:30:33,923 - INFO - Beginning optimization with guess, [2.14040836].
2022-11-02 15:30:34,043 - INFO - Finished optimization with guess, [2.14040836].
2022-11-02 15:30:34,043 - INFO - Best fit parameters: [2.14040836].
2022-11-02 15:30:34,104 - INFO - Maximum log composite likelihood: -60609.87659043112.
2022-11-02 15:30:34,104 - INFO - Optimal value of theta: 70943.21333721072.
2022-11-02 15:30:34,104 - INFO - Beginning optimization with guess, [2.64849078].
2022-11-02 15:30:34,226 - INFO - Finished optimization with guess, [2.64849078].
2022-11-02 15:30:34,226 - INFO - Best fit parameters: [2.64849078].
2022-11-02 15:30:34,287 - INFO - Maximum log composite likelihood: -60609.87659043112.
2022-11-02 15:30:34,287 - INFO - Optimal value of theta: 70943.21333721072.
2022-11-02 15:30:34,288 - INFO - Beginning optimization with guess, [4.48980396].
2022-11-02 15:30:34,410 - INFO - Finished optimization with guess, [4.48980396].
2022-11-02 15:30:34,410 - INFO - Best fit parameters: [4.48980396].
2022-11-02 15:30:34,471 - INFO - Maximum log composite likelihood: -60609.87659043112.
2022-11-02 15:30:34,471 - INFO - Optimal value of theta: 70943.21333721072.
2022-11-02 15:30:34,471 - INFO - Beginning optimization with guess, [3.21912876].
2022-11-02 15:30:34,593 - INFO - Finished optimization with guess, [3.21912876].
2022-11-02 15:30:34,593 - INFO - Best fit parameters: [3.21912876].
2022-11-02 15:30:34,654 - INFO - Maximum log composite likelihood: -60609.87659043112.
2022-11-02 15:30:34,654 - INFO - Optimal value of theta: 70943.21333721072.
2022-11-02 15:30:34,655 - INFO - Beginning optimization with guess, [3.12917643].
2022-11-02 15:30:34,776 - INFO - Finished optimization with guess, [3.12917643].
2022-11-02 15:30:34,777 - INFO - Best fit parameters: [3.12917643].
2022-11-02 15:30:34,837 - INFO - Maximum log composite likelihood: -60609.87659043112.
2022-11-02 15:30:34,838 - INFO - Optimal value of theta: 70943.21333721072.
2022-11-02 15:30:34,838 - INFO - Beginning optimization with guess, [2.52462272].
2022-11-02 15:30:34,959 - INFO - Finished optimization with guess, [2.52462272].
2022-11-02 15:30:34,959 - INFO - Best fit parameters: [2.52462272].
2022-11-02 15:30:35,020 - INFO - Maximum log composite likelihood: -60609.87659043112.
2022-11-02 15:30:35,020 - INFO - Optimal value of theta: 70943.21333721072.
2022-11-02 15:30:35,021 - INFO - Beginning optimization with guess, [5.35537475].
2022-11-02 15:30:35,134 - INFO - Finished optimization with guess, [5.35537475].
2022-11-02 15:30:35,134 - INFO - Best fit parameters: [5.35537475].
2022-11-02 15:30:35,187 - INFO - Maximum log composite likelihood: -60609.87659043112.
2022-11-02 15:30:35,188 - INFO - Optimal value of theta: 70943.21333721072.
2022-11-02 15:30:35,188 - INFO - Beginning optimization with guess, [3.60936741].
2022-11-02 15:30:35,295 - INFO - Finished optimization with guess, [3.60936741].
2022-11-02 15:30:35,295 - INFO - Best fit parameters: [3.60936741].
2022-11-02 15:30:35,351 - INFO - Maximum log composite likelihood: -60609.87659043112.
2022-11-02 15:30:35,351 - INFO - Optimal value of theta: 70943.21333721072.
2022-11-02 15:30:35,352 - INFO - Beginning optimization with guess, [8.18804433].
2022-11-02 15:30:35,459 - INFO - Finished optimization with guess, [8.18804433].
2022-11-02 15:30:35,459 - INFO - Best fit parameters: [8.18804433].
2022-11-02 15:30:35,513 - INFO - Maximum log composite likelihood: -60609.87659043112.
2022-11-02 15:30:35,513 - INFO - Optimal value of theta: 70943.21333721072.
2022-11-02 15:30:35,516 - INFO - Finished demographic inference.
2022-11-02 15:30:35,516 - INFO - Pipeline executed succesfully.
