2023-08-28 15:38:48,575 - INFO - Beginning execution of evaluate_demography.py in directory /u/project/ngarud/jonmah/demo_for_ccgb/Scripts

2023-08-28 15:38:48,575 - INFO - Progress is being logged to ../Analysis/Ruminococcus_bicirculans_59300_downsampled_14/accessory_evaluate_demography.log

2023-08-28 15:38:48,575 - INFO - Parsed the following arguments:
	syn_input_sfs = ../Analysis/Ruminococcus_bicirculans_59300_downsampled_14/accessory_empirical_syn_downsampled_sfs.txt
	model_type = two_epoch
	params_list = [0.00186003362, 3.95329527e-05]
	mask_singletons = False
	mask_doubletons = False
	outprefix = ../Analysis/Ruminococcus_bicirculans_59300_downsampled_14/accessory

2023-08-28 15:38:48,596 - INFO - Beginning demographic evaluation for two-epoch demographic model.
2023-08-28 15:38:48,597 - INFO - Beginning optimization with guess, [0.00186003362, 3.95329527e-05].
2023-08-28 15:38:48,598 - INFO - Finished optimization with guess, [0.00186003362, 3.95329527e-05].
2023-08-28 15:38:48,598 - INFO - Best fit parameters: [0.00186003362, 3.95329527e-05].
2023-08-28 15:38:48,623 - INFO - Maximum log composite likelihood: -28.20497452191671.
2023-08-28 15:38:48,623 - INFO - Outputting residual between model and data.
2023-08-28 15:38:49,036 - INFO - Optimal value of theta: 836.7309905039431.
2023-08-28 15:38:49,036 - INFO - Synonymous input SFS: [-- 788.4047104833263 505.14882871545194 365.9216082280943 293.43548727040826 252.12094192355983 229.54837020362942 111.1107507488271 -- -- -- -- -- -- --].
2023-08-28 15:38:49,037 - INFO - Scaled spectrum: [-- 794.006935049108 480.7469143639847 354.2736200858445 292.77802570088534 260.3070020435813 244.04535387141777 119.53284645847572 -- -- -- -- -- -- --].
2023-08-28 15:38:49,038 - INFO - Converting and interpreting Tau estimates.
2023-08-28 15:38:49,039 - INFO - Finished demographic evaluation.
2023-08-28 15:38:49,039 - INFO - Pipeline executed succesfully.
