2023-05-04 14:08:18,081 - INFO - Beginning execution of evaluate_demography.py in directory /u/project/ngarud/jonmah/demo_for_ccgb/Scripts

2023-05-04 14:08:18,081 - INFO - Progress is being logged to ../Analysis/Ruminococcus_bicirculans_59300_downsampled_14/complete_evaluate_demography.log

2023-05-04 14:08:18,082 - INFO - Parsed the following arguments:
	syn_input_sfs = ../Analysis/Ruminococcus_bicirculans_59300_downsampled_14/empirical_syn_downsampled_sfs.txt
	model_type = three_epoch
	params_list = [5.25, 1.97, 3.65, 2.62e-07]
	mask_singletons = False
	mask_doubletons = False
	outprefix = ../Analysis/Ruminococcus_bicirculans_59300_downsampled_14/complete

2023-05-04 14:08:18,095 - INFO - Beginning demographic evaluation for three-epoch demographic model.
2023-05-04 14:08:18,098 - INFO - Beginning optimization with guess, [5.25, 1.97, 3.65, 2.62e-07].
2023-05-04 14:08:18,494 - INFO - Finished optimization with guess, [5.25, 1.97, 3.65, 2.62e-07].
2023-05-04 14:08:18,495 - INFO - Best fit parameters: [5.25e+00 1.97e+00 3.65e+00 2.62e-07].
2023-05-04 14:08:18,574 - INFO - Maximum log composite likelihood: -39.898820874410376.
2023-05-04 14:08:18,575 - INFO - Optimal value of theta: 4437.994147560191.
2023-05-04 14:08:18,575 - INFO - Synonymous input SFS: [-- 20920.46035031321 9887.85091034625 6177.393198640112 4416.755432979456 3506.556736280343 3066.033870304043 1467.652471255705 -- -- -- -- -- -- --].
2023-05-04 14:08:18,576 - INFO - Scaled spectrum: [-- 21183.465135685015 9740.967569569613 6081.486624583544 4388.373538871752 3508.4644773128575 3071.1160931944705 1468.8295309018647 -- -- -- -- -- -- --].
2023-05-04 14:08:18,579 - INFO - Converting and interpreting Tau estimates.
2023-05-04 14:08:18,580 - INFO - Finished demographic evaluation.
2023-05-04 14:08:18,580 - INFO - Pipeline executed succesfully.
