2023-07-21 12:45:43,103 - INFO - Beginning execution of evaluate_demography.py in directory /u/project/ngarud/jonmah/demo_for_ccgb/Scripts

2023-07-21 12:45:43,103 - INFO - Progress is being logged to ../Analysis/Ruminococcus_bicirculans_59300_downsampled_14/core_evaluate_demography.log

2023-07-21 12:45:43,103 - INFO - Parsed the following arguments:
	syn_input_sfs = ../Analysis/Ruminococcus_bicirculans_59300_downsampled_14/core_empirical_syn_downsampled_sfs.txt
	model_type = two_epoch
	params_list = [8.327632, 5.840767]
	mask_singletons = False
	mask_doubletons = False
	outprefix = ../Analysis/Ruminococcus_bicirculans_59300_downsampled_14/core

2023-07-21 12:45:43,106 - INFO - Beginning demographic evaluation for two-epoch demographic model.
2023-07-21 12:45:43,108 - INFO - Beginning optimization with guess, [8.327632, 5.840767].
2023-07-21 12:45:43,108 - INFO - Finished optimization with guess, [8.327632, 5.840767].
2023-07-21 12:45:43,108 - INFO - Best fit parameters: [8.327632, 5.840767].
2023-07-21 12:45:43,145 - INFO - Maximum log composite likelihood: -36.182278288039015.
2023-07-21 12:45:43,145 - INFO - Outputting residual between model and data.
2023-07-21 12:45:43,578 - INFO - Optimal value of theta: 2570.768833776571.
2023-07-21 12:45:43,578 - INFO - Synonymous input SFS: [-- 19121.423422158194 8725.982764032024 5338.128821946761 3751.7536607238235 2933.807792301618 2535.524228486808 1208.157190794234 -- -- -- -- -- -- --].
2023-07-21 12:45:43,578 - INFO - Scaled spectrum: [-- 19179.83077342641 8668.576791954329 5308.196753904893 3754.1250322844407 2946.791677536642 2545.6356646400304 1211.6211866967176 -- -- -- -- -- -- --].
2023-07-21 12:45:43,579 - INFO - Converting and interpreting Tau estimates.
2023-07-21 12:45:43,580 - INFO - Finished demographic evaluation.
2023-07-21 12:45:43,580 - INFO - Pipeline executed succesfully.
