2023-02-17 16:57:43,021 - INFO - Beginning execution of fit_one_epoch.py in directory /u/project/ngarud/jonmah/demo_for_ccgb/Scripts

2023-02-17 16:57:43,021 - INFO - Progress is being logged to ../Analysis/Ruminococcus_bicirculans_59300_downsampled_14/log.log

2023-02-17 16:57:43,021 - INFO - Parsed the following arguments:
	syn_input_sfs = ../Analysis/Ruminococcus_bicirculans_59300_downsampled_14/empirical_sfs.txt
	mask_singletons = False
	mask_doubletons = False
	outprefix = ../Analysis/Ruminococcus_bicirculans_59300_downsampled_14/

2023-02-17 16:57:43,037 - INFO - Beginning demographic inference for one-epoch demographic model.
2023-02-17 16:57:43,039 - INFO - Beginning optimization with guess, [0.05637708].
2023-02-17 16:57:43,107 - INFO - Finished optimization with guess, [0.05637708].
2023-02-17 16:57:43,107 - INFO - Best fit parameters: [0.05637708].
2023-02-17 16:57:43,141 - INFO - Maximum log composite likelihood: -1650.5914319833837.
2023-02-17 16:57:43,141 - INFO - Optimal value of theta: 14242.391006997468.
2023-02-17 16:57:43,142 - INFO - Beginning optimization with guess, [0.10543254].
2023-02-17 16:57:43,211 - INFO - Finished optimization with guess, [0.10543254].
2023-02-17 16:57:43,211 - INFO - Best fit parameters: [0.10543254].
2023-02-17 16:57:43,245 - INFO - Maximum log composite likelihood: -1650.5914319833837.
2023-02-17 16:57:43,246 - INFO - Optimal value of theta: 14242.391006997468.
2023-02-17 16:57:43,246 - INFO - Beginning optimization with guess, [0.22410161].
2023-02-17 16:57:43,315 - INFO - Finished optimization with guess, [0.22410161].
2023-02-17 16:57:43,315 - INFO - Best fit parameters: [0.22410161].
2023-02-17 16:57:43,349 - INFO - Maximum log composite likelihood: -1650.5914319833837.
2023-02-17 16:57:43,350 - INFO - Optimal value of theta: 14242.391006997468.
2023-02-17 16:57:43,350 - INFO - Beginning optimization with guess, [0.37513739].
2023-02-17 16:57:43,419 - INFO - Finished optimization with guess, [0.37513739].
2023-02-17 16:57:43,419 - INFO - Best fit parameters: [0.37513739].
2023-02-17 16:57:43,454 - INFO - Maximum log composite likelihood: -1650.5914319833837.
2023-02-17 16:57:43,454 - INFO - Optimal value of theta: 14242.391006997468.
2023-02-17 16:57:43,454 - INFO - Beginning optimization with guess, [0.31658089].
2023-02-17 16:57:43,523 - INFO - Finished optimization with guess, [0.31658089].
2023-02-17 16:57:43,524 - INFO - Best fit parameters: [0.31658089].
2023-02-17 16:57:43,558 - INFO - Maximum log composite likelihood: -1650.5914319833837.
2023-02-17 16:57:43,558 - INFO - Optimal value of theta: 14242.391006997468.
2023-02-17 16:57:43,559 - INFO - Beginning optimization with guess, [0.35290893].
2023-02-17 16:57:43,628 - INFO - Finished optimization with guess, [0.35290893].
2023-02-17 16:57:43,628 - INFO - Best fit parameters: [0.35290893].
2023-02-17 16:57:43,662 - INFO - Maximum log composite likelihood: -1650.5914319833837.
2023-02-17 16:57:43,663 - INFO - Optimal value of theta: 14242.391006997468.
2023-02-17 16:57:43,663 - INFO - Beginning optimization with guess, [0.46431374].
2023-02-17 16:57:43,732 - INFO - Finished optimization with guess, [0.46431374].
2023-02-17 16:57:43,732 - INFO - Best fit parameters: [0.46431374].
2023-02-17 16:57:43,767 - INFO - Maximum log composite likelihood: -1650.5914319833837.
2023-02-17 16:57:43,767 - INFO - Optimal value of theta: 14242.391006997468.
2023-02-17 16:57:43,767 - INFO - Beginning optimization with guess, [1.06653678].
2023-02-17 16:57:43,836 - INFO - Finished optimization with guess, [1.06653678].
2023-02-17 16:57:43,837 - INFO - Best fit parameters: [1.06653678].
2023-02-17 16:57:43,871 - INFO - Maximum log composite likelihood: -1650.5914319833837.
2023-02-17 16:57:43,871 - INFO - Optimal value of theta: 14242.391006997468.
2023-02-17 16:57:43,872 - INFO - Beginning optimization with guess, [1.2910441].
2023-02-17 16:57:43,941 - INFO - Finished optimization with guess, [1.2910441].
2023-02-17 16:57:43,941 - INFO - Best fit parameters: [1.2910441].
2023-02-17 16:57:43,975 - INFO - Maximum log composite likelihood: -1650.5914319833837.
2023-02-17 16:57:43,975 - INFO - Optimal value of theta: 14242.391006997468.
2023-02-17 16:57:43,976 - INFO - Beginning optimization with guess, [1.28768165].
2023-02-17 16:57:44,045 - INFO - Finished optimization with guess, [1.28768165].
2023-02-17 16:57:44,045 - INFO - Best fit parameters: [1.28768165].
2023-02-17 16:57:44,081 - INFO - Maximum log composite likelihood: -1650.5914319833837.
2023-02-17 16:57:44,082 - INFO - Optimal value of theta: 14242.391006997468.
2023-02-17 16:57:44,082 - INFO - Beginning optimization with guess, [0.95370678].
2023-02-17 16:57:44,152 - INFO - Finished optimization with guess, [0.95370678].
2023-02-17 16:57:44,152 - INFO - Best fit parameters: [0.95370678].
2023-02-17 16:57:44,187 - INFO - Maximum log composite likelihood: -1650.5914319833837.
2023-02-17 16:57:44,187 - INFO - Optimal value of theta: 14242.391006997468.
2023-02-17 16:57:44,188 - INFO - Beginning optimization with guess, [0.88430946].
2023-02-17 16:57:44,257 - INFO - Finished optimization with guess, [0.88430946].
2023-02-17 16:57:44,257 - INFO - Best fit parameters: [0.88430946].
2023-02-17 16:57:44,291 - INFO - Maximum log composite likelihood: -1650.5914319833837.
2023-02-17 16:57:44,292 - INFO - Optimal value of theta: 14242.391006997468.
2023-02-17 16:57:44,292 - INFO - Beginning optimization with guess, [3.41981741].
2023-02-17 16:57:44,362 - INFO - Finished optimization with guess, [3.41981741].
2023-02-17 16:57:44,362 - INFO - Best fit parameters: [3.41981741].
2023-02-17 16:57:44,397 - INFO - Maximum log composite likelihood: -1650.5914319833837.
2023-02-17 16:57:44,397 - INFO - Optimal value of theta: 14242.391006997468.
2023-02-17 16:57:44,397 - INFO - Beginning optimization with guess, [3.64422926].
2023-02-17 16:57:44,467 - INFO - Finished optimization with guess, [3.64422926].
2023-02-17 16:57:44,467 - INFO - Best fit parameters: [3.64422926].
2023-02-17 16:57:44,501 - INFO - Maximum log composite likelihood: -1650.5914319833837.
2023-02-17 16:57:44,502 - INFO - Optimal value of theta: 14242.391006997468.
2023-02-17 16:57:44,502 - INFO - Beginning optimization with guess, [3.36526018].
2023-02-17 16:57:44,571 - INFO - Finished optimization with guess, [3.36526018].
2023-02-17 16:57:44,571 - INFO - Best fit parameters: [3.36526018].
2023-02-17 16:57:44,606 - INFO - Maximum log composite likelihood: -1650.5914319833837.
2023-02-17 16:57:44,606 - INFO - Optimal value of theta: 14242.391006997468.
2023-02-17 16:57:44,606 - INFO - Beginning optimization with guess, [1.51872084].
2023-02-17 16:57:44,675 - INFO - Finished optimization with guess, [1.51872084].
2023-02-17 16:57:44,676 - INFO - Best fit parameters: [1.51872084].
2023-02-17 16:57:44,710 - INFO - Maximum log composite likelihood: -1650.5914319833837.
2023-02-17 16:57:44,710 - INFO - Optimal value of theta: 14242.391006997468.
2023-02-17 16:57:44,710 - INFO - Beginning optimization with guess, [2.70919644].
2023-02-17 16:57:44,780 - INFO - Finished optimization with guess, [2.70919644].
2023-02-17 16:57:44,780 - INFO - Best fit parameters: [2.70919644].
2023-02-17 16:57:44,814 - INFO - Maximum log composite likelihood: -1650.5914319833837.
2023-02-17 16:57:44,814 - INFO - Optimal value of theta: 14242.391006997468.
2023-02-17 16:57:44,815 - INFO - Beginning optimization with guess, [1.64457285].
2023-02-17 16:57:44,884 - INFO - Finished optimization with guess, [1.64457285].
2023-02-17 16:57:44,884 - INFO - Best fit parameters: [1.64457285].
2023-02-17 16:57:44,918 - INFO - Maximum log composite likelihood: -1650.5914319833837.
2023-02-17 16:57:44,919 - INFO - Optimal value of theta: 14242.391006997468.
2023-02-17 16:57:44,919 - INFO - Beginning optimization with guess, [3.22553833].
2023-02-17 16:57:44,988 - INFO - Finished optimization with guess, [3.22553833].
2023-02-17 16:57:44,988 - INFO - Best fit parameters: [3.22553833].
2023-02-17 16:57:45,023 - INFO - Maximum log composite likelihood: -1650.5914319833837.
2023-02-17 16:57:45,023 - INFO - Optimal value of theta: 14242.391006997468.
2023-02-17 16:57:45,024 - INFO - Beginning optimization with guess, [2.27191833].
2023-02-17 16:57:45,093 - INFO - Finished optimization with guess, [2.27191833].
2023-02-17 16:57:45,093 - INFO - Best fit parameters: [2.27191833].
2023-02-17 16:57:45,127 - INFO - Maximum log composite likelihood: -1650.5914319833837.
2023-02-17 16:57:45,128 - INFO - Optimal value of theta: 14242.391006997468.
2023-02-17 16:57:45,128 - INFO - Beginning optimization with guess, [5.21875608].
2023-02-17 16:57:45,197 - INFO - Finished optimization with guess, [5.21875608].
2023-02-17 16:57:45,197 - INFO - Best fit parameters: [5.21875608].
2023-02-17 16:57:45,231 - INFO - Maximum log composite likelihood: -1650.5914319833837.
2023-02-17 16:57:45,232 - INFO - Optimal value of theta: 14242.391006997468.
2023-02-17 16:57:45,232 - INFO - Beginning optimization with guess, [5.53354002].
2023-02-17 16:57:45,301 - INFO - Finished optimization with guess, [5.53354002].
2023-02-17 16:57:45,301 - INFO - Best fit parameters: [5.53354002].
2023-02-17 16:57:45,336 - INFO - Maximum log composite likelihood: -1650.5914319833837.
2023-02-17 16:57:45,336 - INFO - Optimal value of theta: 14242.391006997468.
2023-02-17 16:57:45,336 - INFO - Beginning optimization with guess, [4.93220429].
2023-02-17 16:57:45,405 - INFO - Finished optimization with guess, [4.93220429].
2023-02-17 16:57:45,406 - INFO - Best fit parameters: [4.93220429].
2023-02-17 16:57:45,440 - INFO - Maximum log composite likelihood: -1650.5914319833837.
2023-02-17 16:57:45,440 - INFO - Optimal value of theta: 14242.391006997468.
2023-02-17 16:57:45,440 - INFO - Beginning optimization with guess, [5.83160632].
2023-02-17 16:57:45,510 - INFO - Finished optimization with guess, [5.83160632].
2023-02-17 16:57:45,510 - INFO - Best fit parameters: [5.83160632].
2023-02-17 16:57:45,544 - INFO - Maximum log composite likelihood: -1650.5914319833837.
2023-02-17 16:57:45,544 - INFO - Optimal value of theta: 14242.391006997468.
2023-02-17 16:57:45,545 - INFO - Beginning optimization with guess, [8.82987803].
2023-02-17 16:57:45,614 - INFO - Finished optimization with guess, [8.82987803].
2023-02-17 16:57:45,614 - INFO - Best fit parameters: [8.82987803].
2023-02-17 16:57:45,648 - INFO - Maximum log composite likelihood: -1650.5914319833837.
2023-02-17 16:57:45,648 - INFO - Optimal value of theta: 14242.391006997468.
2023-02-17 16:57:45,650 - INFO - Finished demographic inference.
2023-02-17 16:57:45,650 - INFO - Pipeline executed succesfully.
