2024-05-30 17:17:48,034 - INFO - Beginning execution of fit_one_epoch.py in directory /u/project/ngarud/jonmah/demo_for_ccgb/Scripts

2024-05-30 17:17:48,034 - INFO - Progress is being logged to ../HighRecombinationAnalysis/Ruminococcus_bromii_62047/core_0.5_log.log

2024-05-30 17:17:48,035 - INFO - Parsed the following arguments:
	mask_doubletons = False
	syn_input_sfs = ../HighRecombinationAnalysis/Ruminococcus_bromii_62047/core_0.5_empirical_syn_14_downsampled_sfs.txt
	mask_singletons = False
	outprefix = ../HighRecombinationAnalysis/Ruminococcus_bromii_62047/core_0.5

2024-05-30 17:17:48,037 - INFO - Beginning demographic inference for one-epoch demographic model.
2024-05-30 17:17:48,043 - INFO - Beginning optimization with guess, [0.10454891].
2024-05-30 17:17:49,477 - INFO - Finished optimization with guess, [0.10454891].
2024-05-30 17:17:49,478 - INFO - Best fit parameters: [0.10454891].
2024-05-30 17:17:49,518 - INFO - Maximum log composite likelihood: -903.869843105.
2024-05-30 17:17:49,519 - INFO - Optimal value of theta: 4578.5549993.
2024-05-30 17:17:49,519 - INFO - Beginning optimization with guess, [0.12594309].
2024-05-30 17:17:50,937 - INFO - Finished optimization with guess, [0.12594309].
2024-05-30 17:17:50,937 - INFO - Best fit parameters: [0.12594309].
2024-05-30 17:17:50,978 - INFO - Maximum log composite likelihood: -903.869843105.
2024-05-30 17:17:50,978 - INFO - Optimal value of theta: 4578.5549993.
2024-05-30 17:17:50,978 - INFO - Beginning optimization with guess, [0.52088802].
2024-05-30 17:17:52,151 - INFO - Finished optimization with guess, [0.52088802].
2024-05-30 17:17:52,152 - INFO - Best fit parameters: [0.52088802].
2024-05-30 17:17:52,192 - INFO - Maximum log composite likelihood: -903.869843105.
2024-05-30 17:17:52,193 - INFO - Optimal value of theta: 4578.5549993.
2024-05-30 17:17:52,193 - INFO - Beginning optimization with guess, [0.25459751].
2024-05-30 17:17:53,484 - INFO - Finished optimization with guess, [0.25459751].
2024-05-30 17:17:53,485 - INFO - Best fit parameters: [0.25459751].
2024-05-30 17:17:53,525 - INFO - Maximum log composite likelihood: -903.869843105.
2024-05-30 17:17:53,525 - INFO - Optimal value of theta: 4578.5549993.
2024-05-30 17:17:53,525 - INFO - Beginning optimization with guess, [0.48015909].
2024-05-30 17:17:54,700 - INFO - Finished optimization with guess, [0.48015909].
2024-05-30 17:17:54,700 - INFO - Best fit parameters: [0.48015909].
2024-05-30 17:17:54,740 - INFO - Maximum log composite likelihood: -903.869843105.
2024-05-30 17:17:54,741 - INFO - Optimal value of theta: 4578.5549993.
2024-05-30 17:17:54,741 - INFO - Beginning optimization with guess, [0.65836869].
2024-05-30 17:17:55,796 - INFO - Finished optimization with guess, [0.65836869].
2024-05-30 17:17:55,796 - INFO - Best fit parameters: [0.65836869].
2024-05-30 17:17:55,836 - INFO - Maximum log composite likelihood: -903.869843105.
2024-05-30 17:17:55,837 - INFO - Optimal value of theta: 4578.5549993.
2024-05-30 17:17:55,837 - INFO - Beginning optimization with guess, [0.64417786].
2024-05-30 17:17:56,894 - INFO - Finished optimization with guess, [0.64417786].
2024-05-30 17:17:56,895 - INFO - Best fit parameters: [0.64417786].
2024-05-30 17:17:56,936 - INFO - Maximum log composite likelihood: -903.869843105.
2024-05-30 17:17:56,937 - INFO - Optimal value of theta: 4578.5549993.
2024-05-30 17:17:56,937 - INFO - Beginning optimization with guess, [0.71867741].
2024-05-30 17:17:57,992 - INFO - Finished optimization with guess, [0.71867741].
2024-05-30 17:17:57,992 - INFO - Best fit parameters: [0.71867741].
2024-05-30 17:17:58,032 - INFO - Maximum log composite likelihood: -903.869843105.
2024-05-30 17:17:58,033 - INFO - Optimal value of theta: 4578.5549993.
2024-05-30 17:17:58,033 - INFO - Beginning optimization with guess, [1.75835928].
2024-05-30 17:17:59,209 - INFO - Finished optimization with guess, [1.75835928].
2024-05-30 17:17:59,210 - INFO - Best fit parameters: [1.75835928].
2024-05-30 17:17:59,250 - INFO - Maximum log composite likelihood: -903.869843105.
2024-05-30 17:17:59,251 - INFO - Optimal value of theta: 4578.5549993.
2024-05-30 17:17:59,251 - INFO - Beginning optimization with guess, [0.82753401].
2024-05-30 17:18:00,176 - INFO - Finished optimization with guess, [0.82753401].
2024-05-30 17:18:00,177 - INFO - Best fit parameters: [0.82753401].
2024-05-30 17:18:00,218 - INFO - Maximum log composite likelihood: -903.869843105.
2024-05-30 17:18:00,219 - INFO - Optimal value of theta: 4578.5549993.
2024-05-30 17:18:00,219 - INFO - Beginning optimization with guess, [0.98874905].
2024-05-30 17:18:00,663 - INFO - Finished optimization with guess, [0.98874905].
2024-05-30 17:18:00,664 - INFO - Best fit parameters: [0.98874905].
2024-05-30 17:18:00,704 - INFO - Maximum log composite likelihood: -903.869843105.
2024-05-30 17:18:00,704 - INFO - Optimal value of theta: 4578.5549993.
2024-05-30 17:18:00,704 - INFO - Beginning optimization with guess, [1.6847162].
2024-05-30 17:18:01,883 - INFO - Finished optimization with guess, [1.6847162].
2024-05-30 17:18:01,885 - INFO - Best fit parameters: [1.6847162].
2024-05-30 17:18:01,931 - INFO - Maximum log composite likelihood: -903.869843105.
2024-05-30 17:18:01,931 - INFO - Optimal value of theta: 4578.5549993.
2024-05-30 17:18:01,932 - INFO - Beginning optimization with guess, [1.86721721].
2024-05-30 17:18:03,128 - INFO - Finished optimization with guess, [1.86721721].
2024-05-30 17:18:03,129 - INFO - Best fit parameters: [1.86721721].
2024-05-30 17:18:03,171 - INFO - Maximum log composite likelihood: -903.869843105.
2024-05-30 17:18:03,171 - INFO - Optimal value of theta: 4578.5549993.
2024-05-30 17:18:03,172 - INFO - Beginning optimization with guess, [1.80686628].
2024-05-30 17:18:04,357 - INFO - Finished optimization with guess, [1.80686628].
2024-05-30 17:18:04,357 - INFO - Best fit parameters: [1.80686628].
2024-05-30 17:18:04,398 - INFO - Maximum log composite likelihood: -903.869843105.
2024-05-30 17:18:04,399 - INFO - Optimal value of theta: 4578.5549993.
2024-05-30 17:18:04,399 - INFO - Beginning optimization with guess, [1.23271501].
2024-05-30 17:18:05,334 - INFO - Finished optimization with guess, [1.23271501].
2024-05-30 17:18:05,334 - INFO - Best fit parameters: [1.23271501].
2024-05-30 17:18:05,374 - INFO - Maximum log composite likelihood: -903.869843105.
2024-05-30 17:18:05,375 - INFO - Optimal value of theta: 4578.5549993.
2024-05-30 17:18:05,375 - INFO - Beginning optimization with guess, [1.305409].
2024-05-30 17:18:06,421 - INFO - Finished optimization with guess, [1.305409].
2024-05-30 17:18:06,422 - INFO - Best fit parameters: [1.305409].
2024-05-30 17:18:06,462 - INFO - Maximum log composite likelihood: -903.869843105.
2024-05-30 17:18:06,462 - INFO - Optimal value of theta: 4578.5549993.
2024-05-30 17:18:06,462 - INFO - Beginning optimization with guess, [2.70852381].
2024-05-30 17:18:07,633 - INFO - Finished optimization with guess, [2.70852381].
2024-05-30 17:18:07,634 - INFO - Best fit parameters: [2.70852381].
2024-05-30 17:18:07,675 - INFO - Maximum log composite likelihood: -903.869843105.
2024-05-30 17:18:07,675 - INFO - Optimal value of theta: 4578.5549993.
2024-05-30 17:18:07,676 - INFO - Beginning optimization with guess, [5.01553874].
2024-05-30 17:18:08,980 - INFO - Finished optimization with guess, [5.01553874].
2024-05-30 17:18:08,981 - INFO - Best fit parameters: [5.01553874].
2024-05-30 17:18:09,022 - INFO - Maximum log composite likelihood: -903.869843105.
2024-05-30 17:18:09,022 - INFO - Optimal value of theta: 4578.5549993.
2024-05-30 17:18:09,023 - INFO - Beginning optimization with guess, [3.87309197].
2024-05-30 17:18:10,316 - INFO - Finished optimization with guess, [3.87309197].
2024-05-30 17:18:10,316 - INFO - Best fit parameters: [3.87309197].
2024-05-30 17:18:10,357 - INFO - Maximum log composite likelihood: -903.869843105.
2024-05-30 17:18:10,357 - INFO - Optimal value of theta: 4578.5549993.
2024-05-30 17:18:10,358 - INFO - Beginning optimization with guess, [2.12743815].
2024-05-30 17:18:11,528 - INFO - Finished optimization with guess, [2.12743815].
2024-05-30 17:18:11,529 - INFO - Best fit parameters: [2.12743815].
2024-05-30 17:18:11,570 - INFO - Maximum log composite likelihood: -903.869843105.
2024-05-30 17:18:11,570 - INFO - Optimal value of theta: 4578.5549993.
2024-05-30 17:18:11,571 - INFO - Beginning optimization with guess, [4.52688331].
2024-05-30 17:18:12,860 - INFO - Finished optimization with guess, [4.52688331].
2024-05-30 17:18:12,861 - INFO - Best fit parameters: [4.52688331].
2024-05-30 17:18:12,901 - INFO - Maximum log composite likelihood: -903.869843105.
2024-05-30 17:18:12,902 - INFO - Optimal value of theta: 4578.5549993.
2024-05-30 17:18:12,902 - INFO - Beginning optimization with guess, [3.77090503].
2024-05-30 17:18:14,205 - INFO - Finished optimization with guess, [3.77090503].
2024-05-30 17:18:14,205 - INFO - Best fit parameters: [3.77090503].
2024-05-30 17:18:14,245 - INFO - Maximum log composite likelihood: -903.869843105.
2024-05-30 17:18:14,246 - INFO - Optimal value of theta: 4578.5549993.
2024-05-30 17:18:14,246 - INFO - Beginning optimization with guess, [6.31180819].
2024-05-30 17:18:15,540 - INFO - Finished optimization with guess, [6.31180819].
2024-05-30 17:18:15,540 - INFO - Best fit parameters: [6.31180819].
2024-05-30 17:18:15,580 - INFO - Maximum log composite likelihood: -903.869843105.
2024-05-30 17:18:15,581 - INFO - Optimal value of theta: 4578.5549993.
2024-05-30 17:18:15,581 - INFO - Beginning optimization with guess, [12.74265251].
2024-05-30 17:18:16,993 - INFO - Finished optimization with guess, [12.74265251].
2024-05-30 17:18:16,993 - INFO - Best fit parameters: [12.74265251].
2024-05-30 17:18:17,035 - INFO - Maximum log composite likelihood: -903.869843105.
2024-05-30 17:18:17,036 - INFO - Optimal value of theta: 4578.5549993.
2024-05-30 17:18:17,039 - INFO - Beginning demographic inference for two-epoch demographic model.
2024-05-30 17:18:17,045 - INFO - Beginning optimization with guess, [0.10945256 0.0082179 ].
2024-05-30 17:18:22,741 - INFO - Finished optimization with guess, [0.10945256 0.0082179 ].
2024-05-30 17:18:22,741 - INFO - Best fit parameters: [3.62096957 0.62158639].
2024-05-30 17:18:22,788 - INFO - Maximum log composite likelihood: -35.0409577002.
2024-05-30 17:18:22,789 - INFO - Optimal value of theta: 2751.83746526.
2024-05-30 17:18:22,789 - INFO - Beginning optimization with guess, [0.24617001 0.00693621].
2024-05-30 17:18:29,702 - INFO - Finished optimization with guess, [0.24617001 0.00693621].
2024-05-30 17:18:29,703 - INFO - Best fit parameters: [4.09380155 0.75701703].
2024-05-30 17:18:29,750 - INFO - Maximum log composite likelihood: -35.3088410926.
2024-05-30 17:18:29,751 - INFO - Optimal value of theta: 2507.71785805.
2024-05-30 17:18:29,751 - INFO - Beginning optimization with guess, [0.4131031  0.00544049].
2024-05-30 17:18:38,293 - INFO - Finished optimization with guess, [0.4131031  0.00544049].
2024-05-30 17:18:38,295 - INFO - Best fit parameters: [3.63182352 0.57154921].
2024-05-30 17:18:38,343 - INFO - Maximum log composite likelihood: -35.2113126815.
2024-05-30 17:18:38,343 - INFO - Optimal value of theta: 2815.40145281.
2024-05-30 17:18:38,344 - INFO - Beginning optimization with guess, [0.76086795 0.01810599].
2024-05-30 17:18:40,723 - INFO - Finished optimization with guess, [0.76086795 0.01810599].
2024-05-30 17:18:40,723 - INFO - Best fit parameters: [2.41931137 1.690716  ].
2024-05-30 17:18:40,789 - INFO - Maximum log composite likelihood: -341.866643717.
2024-05-30 17:18:40,789 - INFO - Optimal value of theta: 2490.87799969.
2024-05-30 17:18:40,790 - INFO - Beginning optimization with guess, [0.70708864 0.00799386].
2024-05-30 17:18:47,816 - INFO - Finished optimization with guess, [0.70708864 0.00799386].
2024-05-30 17:18:47,817 - INFO - Best fit parameters: [1.45256415 0.55803852].
2024-05-30 17:18:47,872 - INFO - Maximum log composite likelihood: -524.939833972.
2024-05-30 17:18:47,873 - INFO - Optimal value of theta: 3837.2326902.
2024-05-30 17:18:47,873 - INFO - Beginning optimization with guess, [0.7114763  0.01133116].
2024-05-30 17:18:53,463 - INFO - Finished optimization with guess, [0.7114763  0.01133116].
2024-05-30 17:18:53,464 - INFO - Best fit parameters: [2.20375807 0.31390626].
2024-05-30 17:18:53,510 - INFO - Maximum log composite likelihood: -227.446185008.
2024-05-30 17:18:53,510 - INFO - Optimal value of theta: 3615.77148721.
2024-05-30 17:18:53,510 - INFO - Beginning optimization with guess, [0.38130544 0.00796182].
2024-05-30 17:19:00,115 - INFO - Finished optimization with guess, [0.38130544 0.00796182].
2024-05-30 17:19:00,115 - INFO - Best fit parameters: [3.88486823 0.59523743].
2024-05-30 17:19:00,162 - INFO - Maximum log composite likelihood: -31.8494569743.
2024-05-30 17:19:00,162 - INFO - Optimal value of theta: 2736.3221204.
2024-05-30 17:19:00,163 - INFO - Beginning optimization with guess, [1.44494102 0.0109598 ].
2024-05-30 17:19:02,447 - INFO - Finished optimization with guess, [1.44494102 0.0109598 ].
2024-05-30 17:19:02,448 - INFO - Best fit parameters: [3.96560924 0.56715026].
2024-05-30 17:19:02,495 - INFO - Maximum log composite likelihood: -31.9708253899.
2024-05-30 17:19:02,496 - INFO - Optimal value of theta: 2761.56996169.
2024-05-30 17:19:02,496 - INFO - Beginning optimization with guess, [1.26442499 0.005599  ].
2024-05-30 17:19:04,859 - INFO - Finished optimization with guess, [1.26442499 0.005599  ].
2024-05-30 17:19:04,860 - INFO - Best fit parameters: [4.10083499 0.63658007].
2024-05-30 17:19:04,906 - INFO - Maximum log composite likelihood: -32.8227097727.
2024-05-30 17:19:04,907 - INFO - Optimal value of theta: 2645.71897886.
2024-05-30 17:19:04,907 - INFO - Beginning optimization with guess, [0.67773268 0.00859549].
2024-05-30 17:19:11,570 - INFO - Finished optimization with guess, [0.67773268 0.00859549].
2024-05-30 17:19:11,571 - INFO - Best fit parameters: [1.52044608 0.56295139].
2024-05-30 17:19:11,626 - INFO - Maximum log composite likelihood: -483.08334959.
2024-05-30 17:19:11,626 - INFO - Optimal value of theta: 3760.94691221.
2024-05-30 17:19:11,627 - INFO - Beginning optimization with guess, [1.29102855 0.01243619].
2024-05-30 17:19:13,947 - INFO - Finished optimization with guess, [1.29102855 0.01243619].
2024-05-30 17:19:13,948 - INFO - Best fit parameters: [4.02113211 0.68333199].
2024-05-30 17:19:13,996 - INFO - Maximum log composite likelihood: -32.91130074.
2024-05-30 17:19:13,996 - INFO - Optimal value of theta: 2601.91093134.
2024-05-30 17:19:13,997 - INFO - Beginning optimization with guess, [1.04844901 0.00767479].
2024-05-30 17:19:16,515 - INFO - Finished optimization with guess, [1.04844901 0.00767479].
2024-05-30 17:19:16,515 - INFO - Best fit parameters: [3.52525539 0.89044091].
2024-05-30 17:19:16,566 - INFO - Maximum log composite likelihood: -46.7254434149.
2024-05-30 17:19:16,566 - INFO - Optimal value of theta: 2499.31121036.
2024-05-30 17:19:16,567 - INFO - Beginning optimization with guess, [1.86180943 0.00931576].
2024-05-30 17:19:18,906 - INFO - Finished optimization with guess, [1.86180943 0.00931576].
2024-05-30 17:19:18,907 - INFO - Best fit parameters: [3.93834058 0.61337201].
2024-05-30 17:19:18,953 - INFO - Maximum log composite likelihood: -31.7603239358.
2024-05-30 17:19:18,953 - INFO - Optimal value of theta: 2702.93590631.
2024-05-30 17:19:18,954 - INFO - Beginning optimization with guess, [2.35442342 0.01292413].
2024-05-30 17:19:21,023 - INFO - Finished optimization with guess, [2.35442342 0.01292413].
2024-05-30 17:19:21,025 - INFO - Best fit parameters: [3.93003403 0.60765695].
2024-05-30 17:19:21,072 - INFO - Maximum log composite likelihood: -31.7480840009.
2024-05-30 17:19:21,073 - INFO - Optimal value of theta: 2711.87716179.
2024-05-30 17:19:21,073 - INFO - Beginning optimization with guess, [1.81059886 0.01908152].
2024-05-30 17:19:23,475 - INFO - Finished optimization with guess, [1.81059886 0.01908152].
2024-05-30 17:19:23,475 - INFO - Best fit parameters: [3.79444276 0.61029298].
2024-05-30 17:19:23,522 - INFO - Maximum log composite likelihood: -32.3700449713.
2024-05-30 17:19:23,522 - INFO - Optimal value of theta: 2732.64853304.
2024-05-30 17:19:23,523 - INFO - Beginning optimization with guess, [2.81792141 0.01695184].
2024-05-30 17:19:25,724 - INFO - Finished optimization with guess, [2.81792141 0.01695184].
2024-05-30 17:19:25,724 - INFO - Best fit parameters: [3.95199027 0.59863105].
2024-05-30 17:19:25,771 - INFO - Maximum log composite likelihood: -31.7531899572.
2024-05-30 17:19:25,771 - INFO - Optimal value of theta: 2720.18431904.
2024-05-30 17:19:25,772 - INFO - Beginning optimization with guess, [1.89602308 0.01419324].
2024-05-30 17:19:28,188 - INFO - Finished optimization with guess, [1.89602308 0.01419324].
2024-05-30 17:19:28,189 - INFO - Best fit parameters: [3.9307672  0.60294852].
2024-05-30 17:19:28,236 - INFO - Maximum log composite likelihood: -31.7458388144.
2024-05-30 17:19:28,237 - INFO - Optimal value of theta: 2718.00843829.
2024-05-30 17:19:28,237 - INFO - Beginning optimization with guess, [4.66540836 0.00665895].
2024-05-30 17:19:30,339 - INFO - Finished optimization with guess, [4.66540836 0.00665895].
2024-05-30 17:19:30,339 - INFO - Best fit parameters: [4.24014585 0.55885591].
2024-05-30 17:19:30,385 - INFO - Maximum log composite likelihood: -34.0666504324.
2024-05-30 17:19:30,385 - INFO - Optimal value of theta: 2731.2117269.
2024-05-30 17:19:30,386 - INFO - Beginning optimization with guess, [1.92543034 0.00662867].
2024-05-30 17:19:32,801 - INFO - Finished optimization with guess, [1.92543034 0.00662867].
2024-05-30 17:19:32,802 - INFO - Best fit parameters: [3.94371939 0.59466117].
2024-05-30 17:19:32,848 - INFO - Maximum log composite likelihood: -31.7571108993.
2024-05-30 17:19:32,848 - INFO - Optimal value of theta: 2726.94381329.
2024-05-30 17:19:32,849 - INFO - Beginning optimization with guess, [3.02451692 0.012358  ].
2024-05-30 17:19:34,736 - INFO - Finished optimization with guess, [3.02451692 0.012358  ].
2024-05-30 17:19:34,737 - INFO - Best fit parameters: [3.98832633 0.53577   ].
2024-05-30 17:19:34,784 - INFO - Maximum log composite likelihood: -32.5887148642.
2024-05-30 17:19:34,785 - INFO - Optimal value of theta: 2804.09716942.
2024-05-30 17:19:34,785 - INFO - Beginning optimization with guess, [2.95527226 0.01368612].
2024-05-30 17:19:36,915 - INFO - Finished optimization with guess, [2.95527226 0.01368612].
2024-05-30 17:19:36,915 - INFO - Best fit parameters: [4.70841177 0.33518818].
2024-05-30 17:19:36,959 - INFO - Maximum log composite likelihood: -55.2050580489.
2024-05-30 17:19:36,959 - INFO - Optimal value of theta: 3105.52892834.
2024-05-30 17:19:36,959 - INFO - Beginning optimization with guess, [4.21499571 0.00724056].
2024-05-30 17:19:38,927 - INFO - Finished optimization with guess, [4.21499571 0.00724056].
2024-05-30 17:19:38,928 - INFO - Best fit parameters: [3.6798569  0.55182752].
2024-05-30 17:19:38,975 - INFO - Maximum log composite likelihood: -34.7317870634.
2024-05-30 17:19:38,975 - INFO - Optimal value of theta: 2833.85945527.
2024-05-30 17:19:38,976 - INFO - Beginning optimization with guess, [9.47820628e+00 6.79510288e-03].
2024-05-30 17:19:41,081 - INFO - Finished optimization with guess, [9.47820628e+00 6.79510288e-03].
2024-05-30 17:19:41,082 - INFO - Best fit parameters: [4.7419038  0.26404452].
2024-05-30 17:19:41,125 - INFO - Maximum log composite likelihood: -78.2532838012.
2024-05-30 17:19:41,125 - INFO - Optimal value of theta: 3297.76152051.
2024-05-30 17:19:41,126 - INFO - Beginning optimization with guess, [8.70238582e+00 5.86869617e-03].
2024-05-30 17:19:43,170 - INFO - Finished optimization with guess, [8.70238582e+00 5.86869617e-03].
2024-05-30 17:19:43,170 - INFO - Best fit parameters: [3.91054461 0.47176745].
2024-05-30 17:19:43,216 - INFO - Maximum log composite likelihood: -36.0570869927.
2024-05-30 17:19:43,216 - INFO - Optimal value of theta: 2919.70789642.
2024-05-30 17:19:43,220 - INFO - Beginning demographic inference for three-epoch demographic model.
2024-05-30 17:19:43,224 - INFO - Beginning optimization with guess, [0.00580613 0.00621758 0.00526333 0.00570823].
2024-05-30 17:20:43,524 - INFO - Finished optimization with guess, [0.00580613 0.00621758 0.00526333 0.00570823].
2024-05-30 17:20:43,525 - INFO - Best fit parameters: [0.00168107 0.00722608 0.01062175 0.01286387].
2024-05-30 17:20:43,855 - INFO - Maximum log composite likelihood: -735.150009455.
2024-05-30 17:20:43,856 - INFO - Optimal value of theta: 682236.022443.
2024-05-30 17:20:43,856 - INFO - Beginning optimization with guess, [0.02612557 0.01337735 0.00783591 0.01976336].
2024-05-30 18:57:53,857 - INFO - Finished optimization with guess, [0.02612557 0.01337735 0.00783591 0.01976336].
2024-05-30 18:57:53,859 - INFO - Best fit parameters: [1.00401799e-02 5.46578744e-04 4.23940733e-03 9.96085910e-01].
2024-05-30 18:58:57,797 - INFO - Maximum log composite likelihood: -903.86984302.
2024-05-30 18:58:57,799 - INFO - Optimal value of theta: 8376752.75879.
2024-05-30 18:58:57,799 - INFO - Beginning optimization with guess, [0.02447463 0.03153564 0.00533379 0.01680519].
2024-05-30 18:58:59,857 - INFO - Finished optimization with guess, [0.02447463 0.03153564 0.00533379 0.01680519].
2024-05-30 18:58:59,857 - INFO - Best fit parameters: [3.15652870e-02 4.04740708e+01 4.88710191e-06 9.91926517e-04].
2024-05-30 18:58:59,899 - INFO - Maximum log composite likelihood: -892.038497675.
2024-05-30 18:58:59,900 - INFO - Optimal value of theta: 4570.28541826.
2024-05-30 18:58:59,900 - INFO - Beginning optimization with guess, [0.02551047 0.05840465 0.01109665 0.00838939].
2024-05-30 18:59:01,884 - INFO - Finished optimization with guess, [0.02551047 0.05840465 0.01109665 0.00838939].
2024-05-30 18:59:01,884 - INFO - Best fit parameters: [1.44542328e+03 7.76859523e-02 3.91245850e-05 2.46319211e-06].
2024-05-30 18:59:01,927 - INFO - Maximum log composite likelihood: -903.726740865.
2024-05-30 18:59:01,927 - INFO - Optimal value of theta: 4578.45542427.
2024-05-30 18:59:01,927 - INFO - Beginning optimization with guess, [0.05638415 0.08456845 0.00502529 0.00658831].
2024-05-30 18:59:03,919 - INFO - Finished optimization with guess, [0.05638415 0.08456845 0.00502529 0.00658831].
2024-05-30 18:59:03,919 - INFO - Best fit parameters: [2.25875964e+02 1.24597718e+00 1.04135865e-06 7.00765581e-05].
2024-05-30 18:59:03,962 - INFO - Maximum log composite likelihood: -903.654365881.
2024-05-30 18:59:03,963 - INFO - Optimal value of theta: 4578.4050354.
2024-05-30 18:59:03,963 - INFO - Beginning optimization with guess, [0.3599897  0.74499664 0.0169447  0.01059738].
2024-05-30 18:59:05,856 - INFO - Finished optimization with guess, [0.3599897  0.74499664 0.0169447  0.01059738].
2024-05-30 18:59:05,858 - INFO - Best fit parameters: [1.60487422e+00 1.32968855e+00 9.37539983e-07 4.28850643e-02].
2024-05-30 18:59:05,901 - INFO - Maximum log composite likelihood: -787.458143872.
2024-05-30 18:59:05,902 - INFO - Optimal value of theta: 4484.16864018.
2024-05-30 18:59:05,902 - INFO - Beginning optimization with guess, [1.01084415 1.17093635 0.00636367 0.00621526].
2024-05-30 18:59:08,193 - INFO - Finished optimization with guess, [1.01084415 1.17093635 0.00636367 0.00621526].
2024-05-30 18:59:08,193 - INFO - Best fit parameters: [1.01207598 1.28970637 0.00325154 0.45099262].
2024-05-30 18:59:08,248 - INFO - Maximum log composite likelihood: -630.358463097.
2024-05-30 18:59:08,248 - INFO - Optimal value of theta: 4099.02061336.
2024-05-30 18:59:08,249 - INFO - Beginning optimization with guess, [0.7788582  0.47463626 0.01435732 0.00524067].
2024-05-30 18:59:10,220 - INFO - Finished optimization with guess, [0.7788582  0.47463626 0.01435732 0.00524067].
2024-05-30 18:59:10,220 - INFO - Best fit parameters: [9.19085577e-01 1.53415700e+00 2.31367608e-05 3.65808868e-04].
2024-05-30 18:59:10,263 - INFO - Maximum log composite likelihood: -902.06148161.
2024-05-30 18:59:10,264 - INFO - Optimal value of theta: 4577.29416781.
2024-05-30 18:59:10,264 - INFO - Beginning optimization with guess, [0.74459863 0.97018951 0.01345456 0.0069263 ].
2024-05-30 18:59:12,102 - INFO - Finished optimization with guess, [0.74459863 0.97018951 0.01345456 0.0069263 ].
2024-05-30 18:59:12,103 - INFO - Best fit parameters: [5.71486297e+00 1.25467817e+00 7.96165636e-26 9.39339399e-03].
2024-05-30 18:59:12,146 - INFO - Maximum log composite likelihood: -878.470051862.
2024-05-30 18:59:12,146 - INFO - Optimal value of theta: 4560.074341.
2024-05-30 18:59:12,146 - INFO - Beginning optimization with guess, [1.28805369 0.5161979  0.00524281 0.00717394].
2024-05-30 18:59:14,518 - INFO - Finished optimization with guess, [1.28805369 0.5161979  0.00524281 0.00717394].
2024-05-30 18:59:14,518 - INFO - Best fit parameters: [1.39148545e+00 6.75927182e-01 4.55117079e-01 1.29682195e-04].
2024-05-30 18:59:14,571 - INFO - Maximum log composite likelihood: -556.459111581.
2024-05-30 18:59:14,572 - INFO - Optimal value of theta: 3976.04053614.
2024-05-30 18:59:14,572 - INFO - Beginning optimization with guess, [0.75839307 1.34345425 0.01103977 0.00583301].
2024-05-30 18:59:17,041 - INFO - Finished optimization with guess, [0.75839307 1.34345425 0.01103977 0.00583301].
2024-05-30 18:59:17,041 - INFO - Best fit parameters: [0.78012766 1.95317452 0.00309172 0.42552263].
2024-05-30 18:59:17,091 - INFO - Maximum log composite likelihood: -275.406239875.
2024-05-30 18:59:17,091 - INFO - Optimal value of theta: 3566.0458815.
2024-05-30 18:59:17,091 - INFO - Beginning optimization with guess, [1.12422857 2.24356714 0.01082716 0.01010677].
2024-05-30 18:59:19,228 - INFO - Finished optimization with guess, [1.12422857 2.24356714 0.01082716 0.01010677].
2024-05-30 18:59:19,229 - INFO - Best fit parameters: [1.13837021 3.45411379 0.00910407 0.60080733].
2024-05-30 18:59:19,278 - INFO - Maximum log composite likelihood: -39.9557182119.
2024-05-30 18:59:19,278 - INFO - Optimal value of theta: 2811.42907488.
2024-05-30 18:59:19,278 - INFO - Beginning optimization with guess, [1.79658581 0.90125304 0.01086536 0.00887367].
2024-05-30 18:59:21,695 - INFO - Finished optimization with guess, [1.79658581 0.90125304 0.01086536 0.00887367].
2024-05-30 18:59:21,695 - INFO - Best fit parameters: [2.26489663 0.88344136 0.44361352 0.00326022].
2024-05-30 18:59:21,745 - INFO - Maximum log composite likelihood: -203.726632111.
2024-05-30 18:59:21,745 - INFO - Optimal value of theta: 3404.20381781.
2024-05-30 18:59:21,745 - INFO - Beginning optimization with guess, [3.9689609  1.25644149 0.00578443 0.00595835].
2024-05-30 18:59:23,721 - INFO - Finished optimization with guess, [3.9689609  1.25644149 0.00578443 0.00595835].
2024-05-30 18:59:23,721 - INFO - Best fit parameters: [5.94769685e+00 1.29807181e+00 3.88264898e-01 3.44559603e-03].
2024-05-30 18:59:23,766 - INFO - Maximum log composite likelihood: -62.5048457648.
2024-05-30 18:59:23,766 - INFO - Optimal value of theta: 2894.45334075.
2024-05-30 18:59:23,767 - INFO - Beginning optimization with guess, [2.2805058  3.09329929 0.00940433 0.01503067].
2024-05-30 18:59:26,034 - INFO - Finished optimization with guess, [2.2805058  3.09329929 0.00940433 0.01503067].
2024-05-30 18:59:26,035 - INFO - Best fit parameters: [2.68642436 4.10844121 0.00578649 0.58071153].
2024-05-30 18:59:26,083 - INFO - Maximum log composite likelihood: -32.5355258025.
2024-05-30 18:59:26,083 - INFO - Optimal value of theta: 2712.64156152.
2024-05-30 18:59:26,083 - INFO - Beginning optimization with guess, [2.44230986 2.51728024 0.01408595 0.00761688].
2024-05-30 18:59:28,261 - INFO - Finished optimization with guess, [2.44230986 2.51728024 0.01408595 0.00761688].
2024-05-30 18:59:28,261 - INFO - Best fit parameters: [3.69704599 2.77080001 0.5777411  0.00590589].
2024-05-30 18:59:28,309 - INFO - Maximum log composite likelihood: -34.4074086212.
2024-05-30 18:59:28,309 - INFO - Optimal value of theta: 2790.89800455.
2024-05-30 18:59:28,310 - INFO - Beginning optimization with guess, [1.49983007 4.66655012 0.01189455 0.01446983].
2024-05-30 18:59:30,413 - INFO - Finished optimization with guess, [1.49983007 4.66655012 0.01189455 0.01446983].
2024-05-30 18:59:30,414 - INFO - Best fit parameters: [1.75679984e+00 3.81199941e+00 3.25849062e-03 5.17928859e-01].
2024-05-30 18:59:30,461 - INFO - Maximum log composite likelihood: -34.0295434615.
2024-05-30 18:59:30,462 - INFO - Optimal value of theta: 2857.70720468.
2024-05-30 18:59:30,462 - INFO - Beginning optimization with guess, [1.99867095 1.72499375 0.00749612 0.0100771 ].
2024-05-30 18:59:32,885 - INFO - Finished optimization with guess, [1.99867095 1.72499375 0.00749612 0.0100771 ].
2024-05-30 18:59:32,885 - INFO - Best fit parameters: [1.69026185 2.86016552 0.0045208  0.5399188 ].
2024-05-30 18:59:32,934 - INFO - Maximum log composite likelihood: -82.4348454767.
2024-05-30 18:59:32,934 - INFO - Optimal value of theta: 3041.12434813.
2024-05-30 18:59:32,935 - INFO - Beginning optimization with guess, [5.64943176 5.963667   0.01749933 0.01245723].
2024-05-30 18:59:34,961 - INFO - Finished optimization with guess, [5.64943176 5.963667   0.01749933 0.01245723].
2024-05-30 18:59:34,961 - INFO - Best fit parameters: [6.93824704e+00 1.04147724e+01 2.74006501e-01 8.21473316e-03].
2024-05-30 18:59:35,005 - INFO - Maximum log composite likelihood: -91.3789232045.
2024-05-30 18:59:35,005 - INFO - Optimal value of theta: 3115.47302502.
2024-05-30 18:59:35,006 - INFO - Beginning optimization with guess, [2.15049705 6.93094912 0.01738005 0.00732858].
2024-05-30 18:59:37,287 - INFO - Finished optimization with guess, [2.15049705 6.93094912 0.01738005 0.00732858].
2024-05-30 18:59:37,288 - INFO - Best fit parameters: [3.81492945e+00 9.08438954e+00 7.67638895e-01 6.92538698e-03].
2024-05-30 18:59:37,337 - INFO - Maximum log composite likelihood: -34.3439034262.
2024-05-30 18:59:37,338 - INFO - Optimal value of theta: 2533.05620128.
2024-05-30 18:59:37,338 - INFO - Beginning optimization with guess, [2.55897478 2.07232135 0.0087688  0.00715109].
2024-05-30 18:59:39,449 - INFO - Finished optimization with guess, [2.55897478 2.07232135 0.0087688  0.00715109].
2024-05-30 18:59:39,450 - INFO - Best fit parameters: [3.88201432 2.21518213 0.55994751 0.00492492].
2024-05-30 18:59:39,498 - INFO - Maximum log composite likelihood: -32.5668991041.
2024-05-30 18:59:39,498 - INFO - Optimal value of theta: 2787.20038722.
2024-05-30 18:59:39,498 - INFO - Beginning optimization with guess, [7.65297647e+00 2.59084209e+00 8.15621973e-03 6.06253690e-03].
2024-05-30 18:59:41,519 - INFO - Finished optimization with guess, [7.65297647e+00 2.59084209e+00 8.15621973e-03 6.06253690e-03].
2024-05-30 18:59:41,520 - INFO - Best fit parameters: [7.99924599e+00 4.34454273e+00 2.32802103e-01 7.77722676e-03].
2024-05-30 18:59:41,563 - INFO - Maximum log composite likelihood: -98.3461931006.
2024-05-30 18:59:41,563 - INFO - Optimal value of theta: 3234.42481318.
2024-05-30 18:59:41,563 - INFO - Beginning optimization with guess, [8.86448476 9.75910687 0.01348297 0.01673638].
2024-05-30 18:59:43,607 - INFO - Finished optimization with guess, [8.86448476 9.75910687 0.01348297 0.01673638].
2024-05-30 18:59:43,607 - INFO - Best fit parameters: [1.21570077e+01 1.65771709e+01 9.89748005e-03 1.69943452e-01].
2024-05-30 18:59:43,650 - INFO - Maximum log composite likelihood: -142.082603212.
2024-05-30 18:59:43,650 - INFO - Optimal value of theta: 3377.91277503.
2024-05-30 18:59:43,651 - INFO - Beginning optimization with guess, [8.77592197 6.85485022 0.01436547 0.01059007].
2024-05-30 18:59:45,652 - INFO - Finished optimization with guess, [8.77592197 6.85485022 0.01436547 0.01059007].
2024-05-30 18:59:45,652 - INFO - Best fit parameters: [1.41948562e+01 9.16338410e+00 1.85915749e-01 6.94232863e-03].
2024-05-30 18:59:45,695 - INFO - Maximum log composite likelihood: -134.407003927.
2024-05-30 18:59:45,695 - INFO - Optimal value of theta: 3334.43636446.
2024-05-30 18:59:45,720 - INFO - Finished demographic inference.
2024-05-30 18:59:45,720 - INFO - Pipeline executed succesfully.
