2024-06-05 07:47:46,371 - INFO - Beginning execution of survival_curve.py in directory /u/project/ngarud/jonmah/demo_for_ccgb/Scripts

2024-06-05 07:47:46,371 - INFO - Progress is being logged to ../HighRecombinationAnalysis/Ruminococcus_bromii_62047/survival_curve.log

2024-06-05 07:47:46,371 - INFO - Parsed the following arguments:
	outprefix = ../HighRecombinationAnalysis/Ruminococcus_bromii_62047/
	species = Ruminococcus_bromii_62047

2024-06-05 07:47:46,372 - INFO - Computing SFS of Ruminococcus_bromii_62047.
2024-06-05 07:47:47,170 - WARNING - sys:1: DtypeWarning: Columns (2,6) have mixed types. Specify dtype option on import or set low_memory=False.

2024-06-05 08:49:43,702 - INFO - Beginning execution of survival_curve.py in directory /u/project/ngarud/jonmah/demo_for_ccgb/Scripts

2024-06-05 08:49:43,702 - INFO - Progress is being logged to ../HighRecombinationAnalysis/Ruminococcus_bromii_62047/survival_curve.log

2024-06-05 08:49:43,702 - INFO - Parsed the following arguments:
	outprefix = ../HighRecombinationAnalysis/Ruminococcus_bromii_62047/
	species = Ruminococcus_bromii_62047

2024-06-05 08:49:43,703 - INFO - Computing SFS of Ruminococcus_bromii_62047.
2024-06-05 08:49:44,391 - WARNING - sys:1: DtypeWarning: Columns (2,6) have mixed types. Specify dtype option on import or set low_memory=False.

2024-06-05 13:01:29,401 - INFO - Beginning execution of survival_curve.py in directory /u/project/ngarud/jonmah/demo_for_ccgb/Scripts

2024-06-05 13:01:29,403 - INFO - Progress is being logged to ../HighRecombinationAnalysis/Ruminococcus_bromii_62047/survival_curve.log

2024-06-05 13:01:29,403 - INFO - Parsed the following arguments:
	outprefix = ../HighRecombinationAnalysis/Ruminococcus_bromii_62047/
	species = Ruminococcus_bromii_62047

2024-06-05 13:01:29,403 - INFO - Computing SFS of Ruminococcus_bromii_62047.
2024-06-05 13:01:30,100 - WARNING - sys:1: DtypeWarning: Columns (2,6) have mixed types. Specify dtype option on import or set low_memory=False.

2024-06-05 18:35:57,165 - INFO - Pipeline executed succesfully.
2024-07-12 12:51:57,510 - INFO - Beginning execution of survival_curve.py in directory /u/project/ngarud/jonmah/demo_for_ccgb/Scripts

2024-07-12 12:51:57,510 - INFO - Progress is being logged to ../HighRecombinationAnalysis/Ruminococcus_bromii_62047/survival_curve.log

2024-07-12 12:51:57,511 - INFO - Parsed the following arguments:
	outprefix = ../HighRecombinationAnalysis/Ruminococcus_bromii_62047/
	species = Ruminococcus_bromii_62047

2024-07-12 12:51:58,297 - WARNING - sys:1: DtypeWarning: Columns (2,6) have mixed types. Specify dtype option on import or set low_memory=False.

