2023-03-29 14:04:05,278 - INFO - Beginning execution of fit_one_epoch.py in directory /u/project/ngarud/jonmah/demo_for_ccgb/Scripts

2023-03-29 14:04:05,278 - INFO - Progress is being logged to ../Data/UHGG/UHGG_Alistipes_shahii/log.log

2023-03-29 14:04:05,278 - INFO - Parsed the following arguments:
	syn_input_sfs = ../Data/UHGG/UHGG_Alistipes_shahii/downsampled_sfs.txt
	mask_singletons = False
	mask_doubletons = False
	outprefix = ../Data/UHGG/UHGG_Alistipes_shahii/

2023-03-29 14:04:05,291 - INFO - Beginning demographic inference for one-epoch demographic model.
2023-03-29 14:04:05,293 - INFO - Beginning optimization with guess, [0.13384076].
2023-03-29 14:04:05,397 - INFO - Finished optimization with guess, [0.13384076].
2023-03-29 14:04:05,397 - INFO - Best fit parameters: [0.13384076].
2023-03-29 14:04:05,434 - INFO - Maximum log composite likelihood: -3515.2790707741024.
2023-03-29 14:04:05,434 - INFO - Optimal value of theta: 15668.987663777394.
2023-03-29 14:04:05,434 - INFO - Beginning optimization with guess, [0.17792197].
2023-03-29 14:04:05,496 - INFO - Finished optimization with guess, [0.17792197].
2023-03-29 14:04:05,496 - INFO - Best fit parameters: [0.17792197].
2023-03-29 14:04:05,525 - INFO - Maximum log composite likelihood: -3515.2790707741024.
2023-03-29 14:04:05,526 - INFO - Optimal value of theta: 15668.987663777394.
2023-03-29 14:04:05,526 - INFO - Beginning optimization with guess, [0.44527836].
2023-03-29 14:04:05,587 - INFO - Finished optimization with guess, [0.44527836].
2023-03-29 14:04:05,588 - INFO - Best fit parameters: [0.44527836].
2023-03-29 14:04:05,617 - INFO - Maximum log composite likelihood: -3515.2790707741024.
2023-03-29 14:04:05,617 - INFO - Optimal value of theta: 15668.987663777394.
2023-03-29 14:04:05,617 - INFO - Beginning optimization with guess, [0.73807445].
2023-03-29 14:04:05,676 - INFO - Finished optimization with guess, [0.73807445].
2023-03-29 14:04:05,676 - INFO - Best fit parameters: [0.73807445].
2023-03-29 14:04:05,706 - INFO - Maximum log composite likelihood: -3515.2790707741024.
2023-03-29 14:04:05,706 - INFO - Optimal value of theta: 15668.987663777394.
2023-03-29 14:04:05,706 - INFO - Beginning optimization with guess, [0.38984419].
2023-03-29 14:04:05,765 - INFO - Finished optimization with guess, [0.38984419].
2023-03-29 14:04:05,765 - INFO - Best fit parameters: [0.38984419].
2023-03-29 14:04:05,794 - INFO - Maximum log composite likelihood: -3515.2790707741024.
2023-03-29 14:04:05,795 - INFO - Optimal value of theta: 15668.987663777394.
2023-03-29 14:04:05,795 - INFO - Beginning optimization with guess, [0.79395944].
2023-03-29 14:04:05,853 - INFO - Finished optimization with guess, [0.79395944].
2023-03-29 14:04:05,854 - INFO - Best fit parameters: [0.79395944].
2023-03-29 14:04:05,883 - INFO - Maximum log composite likelihood: -3515.2790707741024.
2023-03-29 14:04:05,883 - INFO - Optimal value of theta: 15668.987663777394.
2023-03-29 14:04:05,883 - INFO - Beginning optimization with guess, [1.25949468].
2023-03-29 14:04:05,942 - INFO - Finished optimization with guess, [1.25949468].
2023-03-29 14:04:05,942 - INFO - Best fit parameters: [1.25949468].
2023-03-29 14:04:05,971 - INFO - Maximum log composite likelihood: -3515.2790707741024.
2023-03-29 14:04:05,972 - INFO - Optimal value of theta: 15668.987663777394.
2023-03-29 14:04:05,972 - INFO - Beginning optimization with guess, [0.92100832].
2023-03-29 14:04:06,030 - INFO - Finished optimization with guess, [0.92100832].
2023-03-29 14:04:06,031 - INFO - Best fit parameters: [0.92100832].
2023-03-29 14:04:06,060 - INFO - Maximum log composite likelihood: -3515.2790707741024.
2023-03-29 14:04:06,060 - INFO - Optimal value of theta: 15668.987663777394.
2023-03-29 14:04:06,061 - INFO - Beginning optimization with guess, [0.48820209].
2023-03-29 14:04:06,120 - INFO - Finished optimization with guess, [0.48820209].
2023-03-29 14:04:06,120 - INFO - Best fit parameters: [0.48820209].
2023-03-29 14:04:06,149 - INFO - Maximum log composite likelihood: -3515.2790707741024.
2023-03-29 14:04:06,150 - INFO - Optimal value of theta: 15668.987663777394.
2023-03-29 14:04:06,150 - INFO - Beginning optimization with guess, [0.65089621].
2023-03-29 14:04:06,208 - INFO - Finished optimization with guess, [0.65089621].
2023-03-29 14:04:06,208 - INFO - Best fit parameters: [0.65089621].
2023-03-29 14:04:06,238 - INFO - Maximum log composite likelihood: -3515.2790707741024.
2023-03-29 14:04:06,238 - INFO - Optimal value of theta: 15668.987663777394.
2023-03-29 14:04:06,238 - INFO - Beginning optimization with guess, [2.34492668].
2023-03-29 14:04:06,297 - INFO - Finished optimization with guess, [2.34492668].
2023-03-29 14:04:06,297 - INFO - Best fit parameters: [2.34492668].
2023-03-29 14:04:06,327 - INFO - Maximum log composite likelihood: -3515.2790707741024.
2023-03-29 14:04:06,327 - INFO - Optimal value of theta: 15668.987663777394.
2023-03-29 14:04:06,327 - INFO - Beginning optimization with guess, [0.96538089].
2023-03-29 14:04:06,386 - INFO - Finished optimization with guess, [0.96538089].
2023-03-29 14:04:06,386 - INFO - Best fit parameters: [0.96538089].
2023-03-29 14:04:06,415 - INFO - Maximum log composite likelihood: -3515.2790707741024.
2023-03-29 14:04:06,415 - INFO - Optimal value of theta: 15668.987663777394.
2023-03-29 14:04:06,416 - INFO - Beginning optimization with guess, [0.98574704].
2023-03-29 14:04:06,474 - INFO - Finished optimization with guess, [0.98574704].
2023-03-29 14:04:06,474 - INFO - Best fit parameters: [0.98574704].
2023-03-29 14:04:06,504 - INFO - Maximum log composite likelihood: -3515.2790707741024.
2023-03-29 14:04:06,504 - INFO - Optimal value of theta: 15668.987663777394.
2023-03-29 14:04:06,504 - INFO - Beginning optimization with guess, [2.4165318].
2023-03-29 14:04:06,563 - INFO - Finished optimization with guess, [2.4165318].
2023-03-29 14:04:06,563 - INFO - Best fit parameters: [2.4165318].
2023-03-29 14:04:06,593 - INFO - Maximum log composite likelihood: -3515.2790707741024.
2023-03-29 14:04:06,593 - INFO - Optimal value of theta: 15668.987663777394.
2023-03-29 14:04:06,593 - INFO - Beginning optimization with guess, [2.47561623].
2023-03-29 14:04:06,652 - INFO - Finished optimization with guess, [2.47561623].
2023-03-29 14:04:06,652 - INFO - Best fit parameters: [2.47561623].
2023-03-29 14:04:06,681 - INFO - Maximum log composite likelihood: -3515.2790707741024.
2023-03-29 14:04:06,682 - INFO - Optimal value of theta: 15668.987663777394.
2023-03-29 14:04:06,682 - INFO - Beginning optimization with guess, [1.50729882].
2023-03-29 14:04:06,740 - INFO - Finished optimization with guess, [1.50729882].
2023-03-29 14:04:06,741 - INFO - Best fit parameters: [1.50729882].
2023-03-29 14:04:06,770 - INFO - Maximum log composite likelihood: -3515.2790707741024.
2023-03-29 14:04:06,770 - INFO - Optimal value of theta: 15668.987663777394.
2023-03-29 14:04:06,770 - INFO - Beginning optimization with guess, [1.66299541].
2023-03-29 14:04:06,829 - INFO - Finished optimization with guess, [1.66299541].
2023-03-29 14:04:06,829 - INFO - Best fit parameters: [1.66299541].
2023-03-29 14:04:06,858 - INFO - Maximum log composite likelihood: -3515.2790707741024.
2023-03-29 14:04:06,859 - INFO - Optimal value of theta: 15668.987663777394.
2023-03-29 14:04:06,859 - INFO - Beginning optimization with guess, [4.02428315].
2023-03-29 14:04:06,918 - INFO - Finished optimization with guess, [4.02428315].
2023-03-29 14:04:06,918 - INFO - Best fit parameters: [4.02428315].
2023-03-29 14:04:06,947 - INFO - Maximum log composite likelihood: -3515.2790707741024.
2023-03-29 14:04:06,948 - INFO - Optimal value of theta: 15668.987663777394.
2023-03-29 14:04:06,948 - INFO - Beginning optimization with guess, [2.6008428].
2023-03-29 14:04:07,007 - INFO - Finished optimization with guess, [2.6008428].
2023-03-29 14:04:07,007 - INFO - Best fit parameters: [2.6008428].
2023-03-29 14:04:07,036 - INFO - Maximum log composite likelihood: -3515.2790707741024.
2023-03-29 14:04:07,037 - INFO - Optimal value of theta: 15668.987663777394.
2023-03-29 14:04:07,037 - INFO - Beginning optimization with guess, [2.06918238].
2023-03-29 14:04:07,095 - INFO - Finished optimization with guess, [2.06918238].
2023-03-29 14:04:07,095 - INFO - Best fit parameters: [2.06918238].
2023-03-29 14:04:07,125 - INFO - Maximum log composite likelihood: -3515.2790707741024.
2023-03-29 14:04:07,125 - INFO - Optimal value of theta: 15668.987663777394.
2023-03-29 14:04:07,125 - INFO - Beginning optimization with guess, [5.82207697].
2023-03-29 14:04:07,184 - INFO - Finished optimization with guess, [5.82207697].
2023-03-29 14:04:07,184 - INFO - Best fit parameters: [5.82207697].
2023-03-29 14:04:07,213 - INFO - Maximum log composite likelihood: -3515.2790707741024.
2023-03-29 14:04:07,214 - INFO - Optimal value of theta: 15668.987663777394.
2023-03-29 14:04:07,214 - INFO - Beginning optimization with guess, [3.34531212].
2023-03-29 14:04:07,272 - INFO - Finished optimization with guess, [3.34531212].
2023-03-29 14:04:07,273 - INFO - Best fit parameters: [3.34531212].
2023-03-29 14:04:07,302 - INFO - Maximum log composite likelihood: -3515.2790707741024.
2023-03-29 14:04:07,302 - INFO - Optimal value of theta: 15668.987663777394.
2023-03-29 14:04:07,302 - INFO - Beginning optimization with guess, [7.8214062].
2023-03-29 14:04:07,361 - INFO - Finished optimization with guess, [7.8214062].
2023-03-29 14:04:07,361 - INFO - Best fit parameters: [7.8214062].
2023-03-29 14:04:07,391 - INFO - Maximum log composite likelihood: -3515.2790707741024.
2023-03-29 14:04:07,391 - INFO - Optimal value of theta: 15668.987663777394.
2023-03-29 14:04:07,391 - INFO - Beginning optimization with guess, [9.10633718].
2023-03-29 14:04:07,450 - INFO - Finished optimization with guess, [9.10633718].
2023-03-29 14:04:07,450 - INFO - Best fit parameters: [9.10633718].
2023-03-29 14:04:07,479 - INFO - Maximum log composite likelihood: -3515.2790707741024.
2023-03-29 14:04:07,480 - INFO - Optimal value of theta: 15668.987663777394.
2023-03-29 14:04:07,480 - INFO - Beginning optimization with guess, [9.66215059].
2023-03-29 14:04:07,538 - INFO - Finished optimization with guess, [9.66215059].
2023-03-29 14:04:07,538 - INFO - Best fit parameters: [9.66215059].
2023-03-29 14:04:07,570 - INFO - Maximum log composite likelihood: -3515.2790707741024.
2023-03-29 14:04:07,570 - INFO - Optimal value of theta: 15668.987663777394.
2023-03-29 14:04:07,572 - INFO - Finished demographic inference.
2023-03-29 14:04:07,572 - INFO - Pipeline executed succesfully.
