2023-02-17 16:17:39,879 - INFO - Beginning execution of fit_one_epoch.py in directory /u/project/ngarud/jonmah/demo_for_ccgb/Scripts

2023-02-17 16:17:39,880 - INFO - Progress is being logged to ../Analysis/Bacteroides_massiliensis_44749_downsampled_12/log.log

2023-02-17 16:17:39,880 - INFO - Parsed the following arguments:
	syn_input_sfs = ../Analysis/Bacteroides_massiliensis_44749_downsampled_12/empirical_sfs.txt
	mask_singletons = False
	mask_doubletons = False
	outprefix = ../Analysis/Bacteroides_massiliensis_44749_downsampled_12/

2023-02-17 16:17:39,889 - INFO - Beginning demographic inference for one-epoch demographic model.
2023-02-17 16:17:39,894 - INFO - Beginning optimization with guess, [0.1065554].
2023-02-17 16:17:39,973 - INFO - Finished optimization with guess, [0.1065554].
2023-02-17 16:17:39,974 - INFO - Best fit parameters: [0.1065554].
2023-02-17 16:17:40,012 - INFO - Maximum log composite likelihood: -76.23303709018774.
2023-02-17 16:17:40,013 - INFO - Optimal value of theta: 2531.5092830879853.
2023-02-17 16:17:40,013 - INFO - Beginning optimization with guess, [0.21534467].
2023-02-17 16:17:40,089 - INFO - Finished optimization with guess, [0.21534467].
2023-02-17 16:17:40,089 - INFO - Best fit parameters: [0.21534467].
2023-02-17 16:17:40,127 - INFO - Maximum log composite likelihood: -76.23303709018774.
2023-02-17 16:17:40,128 - INFO - Optimal value of theta: 2531.5092830879853.
2023-02-17 16:17:40,128 - INFO - Beginning optimization with guess, [0.28434851].
2023-02-17 16:17:40,206 - INFO - Finished optimization with guess, [0.28434851].
2023-02-17 16:17:40,206 - INFO - Best fit parameters: [0.28434851].
2023-02-17 16:17:40,244 - INFO - Maximum log composite likelihood: -76.23303709018774.
2023-02-17 16:17:40,245 - INFO - Optimal value of theta: 2531.5092830879853.
2023-02-17 16:17:40,245 - INFO - Beginning optimization with guess, [0.48185372].
2023-02-17 16:17:40,321 - INFO - Finished optimization with guess, [0.48185372].
2023-02-17 16:17:40,322 - INFO - Best fit parameters: [0.48185372].
2023-02-17 16:17:40,362 - INFO - Maximum log composite likelihood: -76.23303709018774.
2023-02-17 16:17:40,363 - INFO - Optimal value of theta: 2531.5092830879853.
2023-02-17 16:17:40,363 - INFO - Beginning optimization with guess, [0.42079373].
2023-02-17 16:17:40,441 - INFO - Finished optimization with guess, [0.42079373].
2023-02-17 16:17:40,441 - INFO - Best fit parameters: [0.42079373].
2023-02-17 16:17:40,478 - INFO - Maximum log composite likelihood: -76.23303709018774.
2023-02-17 16:17:40,479 - INFO - Optimal value of theta: 2531.5092830879853.
2023-02-17 16:17:40,479 - INFO - Beginning optimization with guess, [0.37457118].
2023-02-17 16:17:40,556 - INFO - Finished optimization with guess, [0.37457118].
2023-02-17 16:17:40,556 - INFO - Best fit parameters: [0.37457118].
2023-02-17 16:17:40,594 - INFO - Maximum log composite likelihood: -76.23303709018774.
2023-02-17 16:17:40,594 - INFO - Optimal value of theta: 2531.5092830879853.
2023-02-17 16:17:40,594 - INFO - Beginning optimization with guess, [1.21706936].
2023-02-17 16:17:40,669 - INFO - Finished optimization with guess, [1.21706936].
2023-02-17 16:17:40,670 - INFO - Best fit parameters: [1.21706936].
2023-02-17 16:17:40,707 - INFO - Maximum log composite likelihood: -76.23303709018774.
2023-02-17 16:17:40,708 - INFO - Optimal value of theta: 2531.5092830879853.
2023-02-17 16:17:40,708 - INFO - Beginning optimization with guess, [1.23254299].
2023-02-17 16:17:40,785 - INFO - Finished optimization with guess, [1.23254299].
2023-02-17 16:17:40,786 - INFO - Best fit parameters: [1.23254299].
2023-02-17 16:17:40,823 - INFO - Maximum log composite likelihood: -76.23303709018774.
2023-02-17 16:17:40,824 - INFO - Optimal value of theta: 2531.5092830879853.
2023-02-17 16:17:40,824 - INFO - Beginning optimization with guess, [0.71506599].
2023-02-17 16:17:40,900 - INFO - Finished optimization with guess, [0.71506599].
2023-02-17 16:17:40,901 - INFO - Best fit parameters: [0.71506599].
2023-02-17 16:17:40,939 - INFO - Maximum log composite likelihood: -76.23303709018774.
2023-02-17 16:17:40,940 - INFO - Optimal value of theta: 2531.5092830879853.
2023-02-17 16:17:40,940 - INFO - Beginning optimization with guess, [1.02818219].
2023-02-17 16:17:41,019 - INFO - Finished optimization with guess, [1.02818219].
2023-02-17 16:17:41,019 - INFO - Best fit parameters: [1.02818219].
2023-02-17 16:17:41,057 - INFO - Maximum log composite likelihood: -76.23303709018774.
2023-02-17 16:17:41,057 - INFO - Optimal value of theta: 2531.5092830879853.
2023-02-17 16:17:41,058 - INFO - Beginning optimization with guess, [1.02414342].
2023-02-17 16:17:41,136 - INFO - Finished optimization with guess, [1.02414342].
2023-02-17 16:17:41,136 - INFO - Best fit parameters: [1.02414342].
2023-02-17 16:17:41,173 - INFO - Maximum log composite likelihood: -76.23303709018774.
2023-02-17 16:17:41,173 - INFO - Optimal value of theta: 2531.5092830879853.
2023-02-17 16:17:41,174 - INFO - Beginning optimization with guess, [2.78933054].
2023-02-17 16:17:41,251 - INFO - Finished optimization with guess, [2.78933054].
2023-02-17 16:17:41,252 - INFO - Best fit parameters: [2.78933054].
2023-02-17 16:17:41,289 - INFO - Maximum log composite likelihood: -76.23303709018774.
2023-02-17 16:17:41,289 - INFO - Optimal value of theta: 2531.5092830879853.
2023-02-17 16:17:41,289 - INFO - Beginning optimization with guess, [1.37452989].
2023-02-17 16:17:41,366 - INFO - Finished optimization with guess, [1.37452989].
2023-02-17 16:17:41,366 - INFO - Best fit parameters: [1.37452989].
2023-02-17 16:17:41,404 - INFO - Maximum log composite likelihood: -76.23303709018774.
2023-02-17 16:17:41,404 - INFO - Optimal value of theta: 2531.5092830879853.
2023-02-17 16:17:41,405 - INFO - Beginning optimization with guess, [3.36779538].
2023-02-17 16:17:41,481 - INFO - Finished optimization with guess, [3.36779538].
2023-02-17 16:17:41,481 - INFO - Best fit parameters: [3.36779538].
2023-02-17 16:17:41,519 - INFO - Maximum log composite likelihood: -76.23303709018774.
2023-02-17 16:17:41,520 - INFO - Optimal value of theta: 2531.5092830879853.
2023-02-17 16:17:41,520 - INFO - Beginning optimization with guess, [1.3667432].
2023-02-17 16:17:41,596 - INFO - Finished optimization with guess, [1.3667432].
2023-02-17 16:17:41,596 - INFO - Best fit parameters: [1.3667432].
2023-02-17 16:17:41,634 - INFO - Maximum log composite likelihood: -76.23303709018774.
2023-02-17 16:17:41,634 - INFO - Optimal value of theta: 2531.5092830879853.
2023-02-17 16:17:41,634 - INFO - Beginning optimization with guess, [2.23486817].
2023-02-17 16:17:41,710 - INFO - Finished optimization with guess, [2.23486817].
2023-02-17 16:17:41,710 - INFO - Best fit parameters: [2.23486817].
2023-02-17 16:17:41,748 - INFO - Maximum log composite likelihood: -76.23303709018774.
2023-02-17 16:17:41,749 - INFO - Optimal value of theta: 2531.5092830879853.
2023-02-17 16:17:41,749 - INFO - Beginning optimization with guess, [3.6560281].
2023-02-17 16:17:41,827 - INFO - Finished optimization with guess, [3.6560281].
2023-02-17 16:17:41,827 - INFO - Best fit parameters: [3.6560281].
2023-02-17 16:17:41,864 - INFO - Maximum log composite likelihood: -76.23303709018774.
2023-02-17 16:17:41,865 - INFO - Optimal value of theta: 2531.5092830879853.
2023-02-17 16:17:41,865 - INFO - Beginning optimization with guess, [1.77296705].
2023-02-17 16:17:41,944 - INFO - Finished optimization with guess, [1.77296705].
2023-02-17 16:17:41,944 - INFO - Best fit parameters: [1.77296705].
2023-02-17 16:17:41,981 - INFO - Maximum log composite likelihood: -76.23303709018774.
2023-02-17 16:17:41,982 - INFO - Optimal value of theta: 2531.5092830879853.
2023-02-17 16:17:41,982 - INFO - Beginning optimization with guess, [3.9673003].
2023-02-17 16:17:42,057 - INFO - Finished optimization with guess, [3.9673003].
2023-02-17 16:17:42,058 - INFO - Best fit parameters: [3.9673003].
2023-02-17 16:17:42,095 - INFO - Maximum log composite likelihood: -76.23303709018774.
2023-02-17 16:17:42,096 - INFO - Optimal value of theta: 2531.5092830879853.
2023-02-17 16:17:42,096 - INFO - Beginning optimization with guess, [5.41982094].
2023-02-17 16:17:42,172 - INFO - Finished optimization with guess, [5.41982094].
2023-02-17 16:17:42,172 - INFO - Best fit parameters: [5.41982094].
2023-02-17 16:17:42,209 - INFO - Maximum log composite likelihood: -76.23303709018774.
2023-02-17 16:17:42,210 - INFO - Optimal value of theta: 2531.5092830879853.
2023-02-17 16:17:42,210 - INFO - Beginning optimization with guess, [3.03938325].
2023-02-17 16:17:42,285 - INFO - Finished optimization with guess, [3.03938325].
2023-02-17 16:17:42,285 - INFO - Best fit parameters: [3.03938325].
2023-02-17 16:17:42,322 - INFO - Maximum log composite likelihood: -76.23303709018774.
2023-02-17 16:17:42,323 - INFO - Optimal value of theta: 2531.5092830879853.
2023-02-17 16:17:42,323 - INFO - Beginning optimization with guess, [2.8297649].
2023-02-17 16:17:42,401 - INFO - Finished optimization with guess, [2.8297649].
2023-02-17 16:17:42,401 - INFO - Best fit parameters: [2.8297649].
2023-02-17 16:17:42,438 - INFO - Maximum log composite likelihood: -76.23303709018774.
2023-02-17 16:17:42,439 - INFO - Optimal value of theta: 2531.5092830879853.
2023-02-17 16:17:42,439 - INFO - Beginning optimization with guess, [6.6831166].
2023-02-17 16:17:42,514 - INFO - Finished optimization with guess, [6.6831166].
2023-02-17 16:17:42,514 - INFO - Best fit parameters: [6.6831166].
2023-02-17 16:17:42,552 - INFO - Maximum log composite likelihood: -76.23303709018774.
2023-02-17 16:17:42,552 - INFO - Optimal value of theta: 2531.5092830879853.
2023-02-17 16:17:42,553 - INFO - Beginning optimization with guess, [9.57895783].
2023-02-17 16:17:42,629 - INFO - Finished optimization with guess, [9.57895783].
2023-02-17 16:17:42,629 - INFO - Best fit parameters: [9.57895783].
2023-02-17 16:17:42,665 - INFO - Maximum log composite likelihood: -76.23303709018774.
2023-02-17 16:17:42,666 - INFO - Optimal value of theta: 2531.5092830879853.
2023-02-17 16:17:42,666 - INFO - Beginning optimization with guess, [14.56374225].
2023-02-17 16:17:42,741 - INFO - Finished optimization with guess, [14.56374225].
2023-02-17 16:17:42,741 - INFO - Best fit parameters: [14.56374225].
2023-02-17 16:17:42,779 - INFO - Maximum log composite likelihood: -76.23303709018774.
2023-02-17 16:17:42,779 - INFO - Optimal value of theta: 2531.5092830879853.
2023-02-17 16:17:42,782 - INFO - Finished demographic inference.
2023-02-17 16:17:42,782 - INFO - Pipeline executed succesfully.
