2023-03-20 11:07:03,885 - INFO - Beginning execution of fit_one_epoch.py in directory /u/project/ngarud/jonmah/demo_for_ccgb/Scripts

2023-03-20 11:07:03,885 - INFO - Progress is being logged to ../Data/UHGG/UHGG_Bacteroides_A_coprocola/log.log

2023-03-20 11:07:03,885 - INFO - Parsed the following arguments:
	syn_input_sfs = ../Data/UHGG/UHGG_Bacteroides_A_coprocola/full_output_sfs.txt
	mask_singletons = False
	mask_doubletons = False
	outprefix = ../Data/UHGG/UHGG_Bacteroides_A_coprocola/

2023-03-20 11:07:03,947 - INFO - Beginning demographic inference for one-epoch demographic model.
2023-03-20 11:07:03,949 - INFO - Beginning optimization with guess, [0.1432936].
2023-03-20 11:07:04,247 - INFO - Finished optimization with guess, [0.1432936].
2023-03-20 11:07:04,248 - INFO - Best fit parameters: [0.1432936].
2023-03-20 11:07:04,383 - INFO - Maximum log composite likelihood: -986.3597135985491.
2023-03-20 11:07:04,383 - INFO - Optimal value of theta: 4176.8872870425685.
2023-03-20 11:07:04,384 - INFO - Beginning optimization with guess, [0.14605567].
2023-03-20 11:07:04,655 - INFO - Finished optimization with guess, [0.14605567].
2023-03-20 11:07:04,655 - INFO - Best fit parameters: [0.14605567].
2023-03-20 11:07:04,790 - INFO - Maximum log composite likelihood: -986.3597135985491.
2023-03-20 11:07:04,790 - INFO - Optimal value of theta: 4176.8872870425685.
2023-03-20 11:07:04,791 - INFO - Beginning optimization with guess, [0.5019922].
2023-03-20 11:07:05,064 - INFO - Finished optimization with guess, [0.5019922].
2023-03-20 11:07:05,064 - INFO - Best fit parameters: [0.5019922].
2023-03-20 11:07:05,200 - INFO - Maximum log composite likelihood: -986.3597135985491.
2023-03-20 11:07:05,200 - INFO - Optimal value of theta: 4176.8872870425685.
2023-03-20 11:07:05,200 - INFO - Beginning optimization with guess, [0.23789305].
2023-03-20 11:07:05,471 - INFO - Finished optimization with guess, [0.23789305].
2023-03-20 11:07:05,471 - INFO - Best fit parameters: [0.23789305].
2023-03-20 11:07:05,607 - INFO - Maximum log composite likelihood: -986.3597135985491.
2023-03-20 11:07:05,607 - INFO - Optimal value of theta: 4176.8872870425685.
2023-03-20 11:07:05,607 - INFO - Beginning optimization with guess, [0.31179993].
2023-03-20 11:07:05,879 - INFO - Finished optimization with guess, [0.31179993].
2023-03-20 11:07:05,879 - INFO - Best fit parameters: [0.31179993].
2023-03-20 11:07:06,016 - INFO - Maximum log composite likelihood: -986.3597135985491.
2023-03-20 11:07:06,016 - INFO - Optimal value of theta: 4176.8872870425685.
2023-03-20 11:07:06,017 - INFO - Beginning optimization with guess, [0.68232081].
2023-03-20 11:07:06,288 - INFO - Finished optimization with guess, [0.68232081].
2023-03-20 11:07:06,288 - INFO - Best fit parameters: [0.68232081].
2023-03-20 11:07:06,424 - INFO - Maximum log composite likelihood: -986.3597135985491.
2023-03-20 11:07:06,424 - INFO - Optimal value of theta: 4176.8872870425685.
2023-03-20 11:07:06,424 - INFO - Beginning optimization with guess, [0.41660917].
2023-03-20 11:07:06,695 - INFO - Finished optimization with guess, [0.41660917].
2023-03-20 11:07:06,696 - INFO - Best fit parameters: [0.41660917].
2023-03-20 11:07:06,833 - INFO - Maximum log composite likelihood: -986.3597135985491.
2023-03-20 11:07:06,834 - INFO - Optimal value of theta: 4176.8872870425685.
2023-03-20 11:07:06,834 - INFO - Beginning optimization with guess, [0.92586035].
2023-03-20 11:07:07,113 - INFO - Finished optimization with guess, [0.92586035].
2023-03-20 11:07:07,113 - INFO - Best fit parameters: [0.92586035].
2023-03-20 11:07:07,252 - INFO - Maximum log composite likelihood: -986.3597135985491.
2023-03-20 11:07:07,252 - INFO - Optimal value of theta: 4176.8872870425685.
2023-03-20 11:07:07,252 - INFO - Beginning optimization with guess, [1.34236056].
2023-03-20 11:07:07,531 - INFO - Finished optimization with guess, [1.34236056].
2023-03-20 11:07:07,531 - INFO - Best fit parameters: [1.34236056].
2023-03-20 11:07:07,670 - INFO - Maximum log composite likelihood: -986.3597135985491.
2023-03-20 11:07:07,670 - INFO - Optimal value of theta: 4176.8872870425685.
2023-03-20 11:07:07,670 - INFO - Beginning optimization with guess, [1.70320791].
2023-03-20 11:07:07,949 - INFO - Finished optimization with guess, [1.70320791].
2023-03-20 11:07:07,949 - INFO - Best fit parameters: [1.70320791].
2023-03-20 11:07:08,088 - INFO - Maximum log composite likelihood: -986.3597135985491.
2023-03-20 11:07:08,088 - INFO - Optimal value of theta: 4176.8872870425685.
2023-03-20 11:07:08,090 - INFO - Beginning demographic inference for two-epoch demographic model.
2023-03-20 11:07:08,093 - INFO - Beginning optimization with guess, [8.35437307e-07 9.81049149e-07].
2023-03-20 11:07:09,407 - INFO - Finished optimization with guess, [8.35437307e-07 9.81049149e-07].
2023-03-20 11:07:09,407 - INFO - Best fit parameters: [2.93469047e-05 2.92739609e-08].
2023-03-20 11:07:09,545 - INFO - Maximum log composite likelihood: -1007.4223404182512.
2023-03-20 11:07:09,545 - INFO - Optimal value of theta: 4198.681658656856.
2023-03-20 11:07:09,545 - INFO - Beginning optimization with guess, [1.08657426e-05 8.34033344e-07].
2023-03-20 11:07:10,345 - INFO - Finished optimization with guess, [1.08657426e-05 8.34033344e-07].
2023-03-20 11:07:10,345 - INFO - Best fit parameters: [2.20430114e-05 4.11348414e-07].
2023-03-20 11:07:10,476 - INFO - Maximum log composite likelihood: -1508.1562682543217.
2023-03-20 11:07:10,477 - INFO - Optimal value of theta: 4543.074569562828.
2023-03-20 11:07:10,477 - INFO - Beginning optimization with guess, [3.21061841e-04 1.80666824e-06].
2023-03-20 11:07:11,266 - INFO - Finished optimization with guess, [3.21061841e-04 1.80666824e-06].
2023-03-20 11:07:11,266 - INFO - Best fit parameters: [6.50991675e-04 8.90594572e-07].
2023-03-20 11:07:11,397 - INFO - Maximum log composite likelihood: -1015.470215692244.
2023-03-20 11:07:11,398 - INFO - Optimal value of theta: 4206.579755964646.
2023-03-20 11:07:11,398 - INFO - Beginning optimization with guess, [3.93970651e-03 1.35977756e-06].
2023-03-20 11:07:12,187 - INFO - Finished optimization with guess, [3.93970651e-03 1.35977756e-06].
2023-03-20 11:07:12,187 - INFO - Best fit parameters: [7.99853965e-03 6.71166433e-07].
2023-03-20 11:07:12,318 - INFO - Maximum log composite likelihood: -988.0751820481441.
2023-03-20 11:07:12,318 - INFO - Optimal value of theta: 4178.735297292794.
2023-03-20 11:07:12,319 - INFO - Beginning optimization with guess, [6.21322156e-03 7.47678947e-07].
2023-03-20 11:07:13,122 - INFO - Finished optimization with guess, [6.21322156e-03 7.47678947e-07].
2023-03-20 11:07:13,123 - INFO - Best fit parameters: [1.26244848e-02 3.69342206e-07].
2023-03-20 11:07:13,260 - INFO - Maximum log composite likelihood: -986.955772599554.
2023-03-20 11:07:13,260 - INFO - Optimal value of theta: 4177.53110229766.
2023-03-20 11:07:13,261 - INFO - Beginning optimization with guess, [9.11882303e-01 1.89363604e-06].
2023-03-20 11:07:14,065 - INFO - Finished optimization with guess, [9.11882303e-01 1.89363604e-06].
2023-03-20 11:07:14,065 - INFO - Best fit parameters: [2.46936267e+00 1.73577584e-06].
2023-03-20 11:07:14,196 - INFO - Maximum log composite likelihood: -986.3374765948284.
2023-03-20 11:07:14,197 - INFO - Optimal value of theta: 4176.863232847548.
2023-03-20 11:07:14,197 - INFO - Beginning optimization with guess, [6.03348002e-01 6.10623430e-07].
2023-03-20 11:07:14,986 - INFO - Finished optimization with guess, [6.03348002e-01 6.10623430e-07].
2023-03-20 11:07:14,986 - INFO - Best fit parameters: [1.52675399e+00 4.21116991e-07].
2023-03-20 11:07:15,117 - INFO - Maximum log composite likelihood: -986.3566474201651.
2023-03-20 11:07:15,117 - INFO - Optimal value of theta: 4176.883970446888.
2023-03-20 11:07:15,118 - INFO - Beginning optimization with guess, [5.71782197e-01 7.61637247e-07].
2023-03-20 11:07:15,909 - INFO - Finished optimization with guess, [5.71782197e-01 7.61637247e-07].
2023-03-20 11:07:15,909 - INFO - Best fit parameters: [1.43288103e+00 5.13103558e-07].
2023-03-20 11:07:16,040 - INFO - Maximum log composite likelihood: -986.3564246233944.
2023-03-20 11:07:16,040 - INFO - Optimal value of theta: 4176.883729452535.
2023-03-20 11:07:16,041 - INFO - Beginning optimization with guess, [7.44085743e-01 6.99244021e-07].
2023-03-20 11:07:16,822 - INFO - Finished optimization with guess, [7.44085743e-01 6.99244021e-07].
2023-03-20 11:07:16,822 - INFO - Best fit parameters: [1.95903385e+00 5.44160463e-07].
2023-03-20 11:07:16,951 - INFO - Maximum log composite likelihood: -986.3540910644592.
2023-03-20 11:07:16,951 - INFO - Optimal value of theta: 4176.8812052749245.
2023-03-20 11:07:16,952 - INFO - Beginning optimization with guess, [9.26269334e-01 9.33833622e-07].
2023-03-20 11:07:17,740 - INFO - Finished optimization with guess, [9.26269334e-01 9.33833622e-07].
2023-03-20 11:07:17,740 - INFO - Best fit parameters: [2.51087127e+00 8.66780088e-07].
2023-03-20 11:07:17,872 - INFO - Maximum log composite likelihood: -986.3486560258557.
2023-03-20 11:07:17,872 - INFO - Optimal value of theta: 4176.875326164451.
2023-03-20 11:07:17,874 - INFO - Finished demographic inference.
2023-03-20 11:07:17,874 - INFO - Pipeline executed succesfully.
