2023-07-20 16:56:57,297 - INFO - Beginning execution of fit_one_epoch.py in directory /u/project/ngarud/jonmah/demo_for_ccgb/Scripts

2023-07-20 16:56:57,298 - INFO - Progress is being logged to ../Analysis/Bacteroides_thetaiotaomicron_56941_downsampled_14/accessory_log.log

2023-07-20 16:56:57,298 - INFO - Parsed the following arguments:
	syn_input_sfs = ../Analysis/Bacteroides_thetaiotaomicron_56941_downsampled_14/accessory_empirical_syn_downsampled_sfs.txt
	mask_singletons = False
	mask_doubletons = False
	outprefix = ../Analysis/Bacteroides_thetaiotaomicron_56941_downsampled_14/accessory

2023-07-20 16:56:57,302 - INFO - Beginning demographic inference for one-epoch demographic model.
2023-07-20 16:56:57,304 - INFO - Beginning optimization with guess, [0.19318833].
2023-07-20 16:56:58,147 - INFO - Finished optimization with guess, [0.19318833].
2023-07-20 16:56:58,147 - INFO - Best fit parameters: [0.19318833].
2023-07-20 16:56:58,170 - INFO - Maximum log composite likelihood: -43.94567467206002.
2023-07-20 16:56:58,171 - INFO - Optimal value of theta: 1432.63901058942.
2023-07-20 16:56:58,171 - INFO - Beginning optimization with guess, [0.13141651].
2023-07-20 16:56:58,917 - INFO - Finished optimization with guess, [0.13141651].
2023-07-20 16:56:58,917 - INFO - Best fit parameters: [0.13141651].
2023-07-20 16:56:58,941 - INFO - Maximum log composite likelihood: -43.94567467206002.
2023-07-20 16:56:58,941 - INFO - Optimal value of theta: 1432.63901058942.
2023-07-20 16:56:58,941 - INFO - Beginning optimization with guess, [0.56316378].
2023-07-20 16:56:59,619 - INFO - Finished optimization with guess, [0.56316378].
2023-07-20 16:56:59,619 - INFO - Best fit parameters: [0.56316378].
2023-07-20 16:56:59,643 - INFO - Maximum log composite likelihood: -43.94567467206002.
2023-07-20 16:56:59,643 - INFO - Optimal value of theta: 1432.63901058942.
2023-07-20 16:56:59,643 - INFO - Beginning optimization with guess, [0.59136938].
2023-07-20 16:57:00,325 - INFO - Finished optimization with guess, [0.59136938].
2023-07-20 16:57:00,326 - INFO - Best fit parameters: [0.59136938].
2023-07-20 16:57:00,349 - INFO - Maximum log composite likelihood: -43.94567467206002.
2023-07-20 16:57:00,349 - INFO - Optimal value of theta: 1432.63901058942.
2023-07-20 16:57:00,350 - INFO - Beginning optimization with guess, [0.36183637].
2023-07-20 16:57:01,025 - INFO - Finished optimization with guess, [0.36183637].
2023-07-20 16:57:01,025 - INFO - Best fit parameters: [0.36183637].
2023-07-20 16:57:01,048 - INFO - Maximum log composite likelihood: -43.94567467206002.
2023-07-20 16:57:01,049 - INFO - Optimal value of theta: 1432.63901058942.
2023-07-20 16:57:01,049 - INFO - Beginning optimization with guess, [0.46604995].
2023-07-20 16:57:01,766 - INFO - Finished optimization with guess, [0.46604995].
2023-07-20 16:57:01,767 - INFO - Best fit parameters: [0.46604995].
2023-07-20 16:57:01,794 - INFO - Maximum log composite likelihood: -43.94567467206002.
2023-07-20 16:57:01,794 - INFO - Optimal value of theta: 1432.63901058942.
2023-07-20 16:57:01,794 - INFO - Beginning optimization with guess, [0.46919128].
2023-07-20 16:57:02,471 - INFO - Finished optimization with guess, [0.46919128].
2023-07-20 16:57:02,471 - INFO - Best fit parameters: [0.46919128].
2023-07-20 16:57:02,495 - INFO - Maximum log composite likelihood: -43.94567467206002.
2023-07-20 16:57:02,495 - INFO - Optimal value of theta: 1432.63901058942.
2023-07-20 16:57:02,495 - INFO - Beginning optimization with guess, [0.93293864].
2023-07-20 16:57:02,962 - INFO - Finished optimization with guess, [0.93293864].
2023-07-20 16:57:02,963 - INFO - Best fit parameters: [0.93293864].
2023-07-20 16:57:02,986 - INFO - Maximum log composite likelihood: -43.94567467206002.
2023-07-20 16:57:02,986 - INFO - Optimal value of theta: 1432.63901058942.
2023-07-20 16:57:02,986 - INFO - Beginning optimization with guess, [1.16311755].
2023-07-20 16:57:03,523 - INFO - Finished optimization with guess, [1.16311755].
2023-07-20 16:57:03,523 - INFO - Best fit parameters: [1.16311755].
2023-07-20 16:57:03,547 - INFO - Maximum log composite likelihood: -43.94567467206002.
2023-07-20 16:57:03,547 - INFO - Optimal value of theta: 1432.63901058942.
2023-07-20 16:57:03,547 - INFO - Beginning optimization with guess, [0.59559809].
2023-07-20 16:57:04,235 - INFO - Finished optimization with guess, [0.59559809].
2023-07-20 16:57:04,235 - INFO - Best fit parameters: [0.59559809].
2023-07-20 16:57:04,259 - INFO - Maximum log composite likelihood: -43.94567467206002.
2023-07-20 16:57:04,259 - INFO - Optimal value of theta: 1432.63901058942.
2023-07-20 16:57:04,259 - INFO - Beginning optimization with guess, [1.29047773].
2023-07-20 16:57:04,805 - INFO - Finished optimization with guess, [1.29047773].
2023-07-20 16:57:04,806 - INFO - Best fit parameters: [1.29047773].
2023-07-20 16:57:04,829 - INFO - Maximum log composite likelihood: -43.94567467206002.
2023-07-20 16:57:04,830 - INFO - Optimal value of theta: 1432.63901058942.
2023-07-20 16:57:04,830 - INFO - Beginning optimization with guess, [1.68698638].
2023-07-20 16:57:05,517 - INFO - Finished optimization with guess, [1.68698638].
2023-07-20 16:57:05,518 - INFO - Best fit parameters: [1.68698638].
2023-07-20 16:57:05,542 - INFO - Maximum log composite likelihood: -43.94567467206002.
2023-07-20 16:57:05,542 - INFO - Optimal value of theta: 1432.63901058942.
2023-07-20 16:57:05,542 - INFO - Beginning optimization with guess, [1.60054158].
2023-07-20 16:57:06,158 - INFO - Finished optimization with guess, [1.60054158].
2023-07-20 16:57:06,158 - INFO - Best fit parameters: [1.60054158].
2023-07-20 16:57:06,182 - INFO - Maximum log composite likelihood: -43.94567467206002.
2023-07-20 16:57:06,182 - INFO - Optimal value of theta: 1432.63901058942.
2023-07-20 16:57:06,182 - INFO - Beginning optimization with guess, [3.14089098].
2023-07-20 16:57:06,936 - INFO - Finished optimization with guess, [3.14089098].
2023-07-20 16:57:06,937 - INFO - Best fit parameters: [3.14089098].
2023-07-20 16:57:06,960 - INFO - Maximum log composite likelihood: -43.94567467206002.
2023-07-20 16:57:06,960 - INFO - Optimal value of theta: 1432.63901058942.
2023-07-20 16:57:06,961 - INFO - Beginning optimization with guess, [3.57868022].
2023-07-20 16:57:07,705 - INFO - Finished optimization with guess, [3.57868022].
2023-07-20 16:57:07,706 - INFO - Best fit parameters: [3.57868022].
2023-07-20 16:57:07,729 - INFO - Maximum log composite likelihood: -43.94567467206002.
2023-07-20 16:57:07,729 - INFO - Optimal value of theta: 1432.63901058942.
2023-07-20 16:57:07,729 - INFO - Beginning optimization with guess, [4.89516719].
2023-07-20 16:57:08,474 - INFO - Finished optimization with guess, [4.89516719].
2023-07-20 16:57:08,474 - INFO - Best fit parameters: [4.89516719].
2023-07-20 16:57:08,497 - INFO - Maximum log composite likelihood: -43.94567467206002.
2023-07-20 16:57:08,497 - INFO - Optimal value of theta: 1432.63901058942.
2023-07-20 16:57:08,497 - INFO - Beginning optimization with guess, [5.02772022].
2023-07-20 16:57:09,244 - INFO - Finished optimization with guess, [5.02772022].
2023-07-20 16:57:09,245 - INFO - Best fit parameters: [5.02772022].
2023-07-20 16:57:09,268 - INFO - Maximum log composite likelihood: -43.94567467206002.
2023-07-20 16:57:09,268 - INFO - Optimal value of theta: 1432.63901058942.
2023-07-20 16:57:09,269 - INFO - Beginning optimization with guess, [2.81096896].
2023-07-20 16:57:10,013 - INFO - Finished optimization with guess, [2.81096896].
2023-07-20 16:57:10,013 - INFO - Best fit parameters: [2.81096896].
2023-07-20 16:57:10,036 - INFO - Maximum log composite likelihood: -43.94567467206002.
2023-07-20 16:57:10,036 - INFO - Optimal value of theta: 1432.63901058942.
2023-07-20 16:57:10,037 - INFO - Beginning optimization with guess, [1.69499018].
2023-07-20 16:57:10,713 - INFO - Finished optimization with guess, [1.69499018].
2023-07-20 16:57:10,713 - INFO - Best fit parameters: [1.69499018].
2023-07-20 16:57:10,737 - INFO - Maximum log composite likelihood: -43.94567467206002.
2023-07-20 16:57:10,737 - INFO - Optimal value of theta: 1432.63901058942.
2023-07-20 16:57:10,737 - INFO - Beginning optimization with guess, [3.2715518].
2023-07-20 16:57:11,482 - INFO - Finished optimization with guess, [3.2715518].
2023-07-20 16:57:11,482 - INFO - Best fit parameters: [3.2715518].
2023-07-20 16:57:11,505 - INFO - Maximum log composite likelihood: -43.94567467206002.
2023-07-20 16:57:11,505 - INFO - Optimal value of theta: 1432.63901058942.
2023-07-20 16:57:11,505 - INFO - Beginning optimization with guess, [2.97492989].
2023-07-20 16:57:12,249 - INFO - Finished optimization with guess, [2.97492989].
2023-07-20 16:57:12,250 - INFO - Best fit parameters: [2.97492989].
2023-07-20 16:57:12,273 - INFO - Maximum log composite likelihood: -43.94567467206002.
2023-07-20 16:57:12,273 - INFO - Optimal value of theta: 1432.63901058942.
2023-07-20 16:57:12,273 - INFO - Beginning optimization with guess, [3.79336711].
2023-07-20 16:57:13,018 - INFO - Finished optimization with guess, [3.79336711].
2023-07-20 16:57:13,018 - INFO - Best fit parameters: [3.79336711].
2023-07-20 16:57:13,041 - INFO - Maximum log composite likelihood: -43.94567467206002.
2023-07-20 16:57:13,042 - INFO - Optimal value of theta: 1432.63901058942.
2023-07-20 16:57:13,042 - INFO - Beginning optimization with guess, [9.4331694].
2023-07-20 16:57:13,856 - INFO - Finished optimization with guess, [9.4331694].
2023-07-20 16:57:13,856 - INFO - Best fit parameters: [9.4331694].
2023-07-20 16:57:13,879 - INFO - Maximum log composite likelihood: -43.94567467206002.
2023-07-20 16:57:13,879 - INFO - Optimal value of theta: 1432.63901058942.
2023-07-20 16:57:13,880 - INFO - Beginning optimization with guess, [6.56181108].
2023-07-20 16:57:14,623 - INFO - Finished optimization with guess, [6.56181108].
2023-07-20 16:57:14,624 - INFO - Best fit parameters: [6.56181108].
2023-07-20 16:57:14,647 - INFO - Maximum log composite likelihood: -43.94567467206002.
2023-07-20 16:57:14,647 - INFO - Optimal value of theta: 1432.63901058942.
2023-07-20 16:57:14,649 - INFO - Beginning demographic inference for two-epoch demographic model.
2023-07-20 16:57:14,652 - INFO - Beginning optimization with guess, [0.15639088 0.00727859].
2023-07-20 16:57:15,720 - INFO - Finished optimization with guess, [0.15639088 0.00727859].
2023-07-20 16:57:15,721 - INFO - Best fit parameters: [0.01888393 0.00041686].
2023-07-20 16:57:15,745 - INFO - Maximum log composite likelihood: -34.90909264764764.
2023-07-20 16:57:15,745 - INFO - Optimal value of theta: 1498.745503929223.
2023-07-20 16:57:15,746 - INFO - Beginning optimization with guess, [0.27395638 0.01968512].
2023-07-20 16:57:16,918 - INFO - Finished optimization with guess, [0.27395638 0.01968512].
2023-07-20 16:57:16,918 - INFO - Best fit parameters: [0.04138394 0.00099114].
2023-07-20 16:57:16,942 - INFO - Maximum log composite likelihood: -34.93692709068273.
2023-07-20 16:57:16,942 - INFO - Optimal value of theta: 1502.4913598213573.
2023-07-20 16:57:16,943 - INFO - Beginning optimization with guess, [0.18863948 0.00616209].
2023-07-20 16:57:18,010 - INFO - Finished optimization with guess, [0.18863948 0.00616209].
2023-07-20 16:57:18,011 - INFO - Best fit parameters: [0.01771869 0.00041744].
2023-07-20 16:57:18,035 - INFO - Maximum log composite likelihood: -34.91336974119747.
2023-07-20 16:57:18,035 - INFO - Optimal value of theta: 1503.1673693163993.
2023-07-20 16:57:18,035 - INFO - Beginning optimization with guess, [0.20535175 0.00901737].
2023-07-20 16:57:19,228 - INFO - Finished optimization with guess, [0.20535175 0.00901737].
2023-07-20 16:57:19,229 - INFO - Best fit parameters: [0.02467707 0.00056792].
2023-07-20 16:57:19,253 - INFO - Maximum log composite likelihood: -34.90985352678774.
2023-07-20 16:57:19,253 - INFO - Optimal value of theta: 1501.0673297735825.
2023-07-20 16:57:19,253 - INFO - Beginning optimization with guess, [0.72862194 0.00791706].
2023-07-20 16:57:20,416 - INFO - Finished optimization with guess, [0.72862194 0.00791706].
2023-07-20 16:57:20,416 - INFO - Best fit parameters: [0.36026614 0.0130893 ].
2023-07-20 16:57:20,441 - INFO - Maximum log composite likelihood: -35.474027739950884.
2023-07-20 16:57:20,441 - INFO - Optimal value of theta: 1500.9491958130318.
2023-07-20 16:57:20,441 - INFO - Beginning optimization with guess, [0.44841523 0.01231997].
2023-07-20 16:57:21,561 - INFO - Finished optimization with guess, [0.44841523 0.01231997].
2023-07-20 16:57:21,562 - INFO - Best fit parameters: [0.02270004 0.00051114].
2023-07-20 16:57:21,586 - INFO - Maximum log composite likelihood: -34.90824463532522.
2023-07-20 16:57:21,587 - INFO - Optimal value of theta: 1499.7671360674271.
2023-07-20 16:57:21,587 - INFO - Beginning optimization with guess, [1.22770096 0.00580084].
2023-07-20 16:57:26,129 - INFO - Finished optimization with guess, [1.22770096 0.00580084].
2023-07-20 16:57:26,130 - INFO - Best fit parameters: [0.68324127 0.05180105].
2023-07-20 16:57:26,155 - INFO - Maximum log composite likelihood: -37.08418530604354.
2023-07-20 16:57:26,155 - INFO - Optimal value of theta: 1496.5297702779003.
2023-07-20 16:57:26,155 - INFO - Beginning optimization with guess, [0.91282326 0.00697843].
2023-07-20 16:57:27,410 - INFO - Finished optimization with guess, [0.91282326 0.00697843].
2023-07-20 16:57:27,410 - INFO - Best fit parameters: [0.51432587 0.02134299].
2023-07-20 16:57:27,435 - INFO - Maximum log composite likelihood: -36.03757838752426.
2023-07-20 16:57:27,435 - INFO - Optimal value of theta: 1490.6829597331187.
2023-07-20 16:57:27,435 - INFO - Beginning optimization with guess, [1.58140309 0.00679239].
2023-07-20 16:57:28,603 - INFO - Finished optimization with guess, [1.58140309 0.00679239].
2023-07-20 16:57:28,603 - INFO - Best fit parameters: [0.77767779 0.08117198].
2023-07-20 16:57:28,629 - INFO - Maximum log composite likelihood: -38.181056567760606.
2023-07-20 16:57:28,629 - INFO - Optimal value of theta: 1490.452820891343.
2023-07-20 16:57:28,629 - INFO - Beginning optimization with guess, [0.96340169 0.01114941].
2023-07-20 16:57:29,741 - INFO - Finished optimization with guess, [0.96340169 0.01114941].
2023-07-20 16:57:29,741 - INFO - Best fit parameters: [0.57427008 0.02960494].
2023-07-20 16:57:29,766 - INFO - Maximum log composite likelihood: -36.276361646097484.
2023-07-20 16:57:29,766 - INFO - Optimal value of theta: 1494.4012936221852.
2023-07-20 16:57:29,766 - INFO - Beginning optimization with guess, [1.27259531 0.00700031].
2023-07-20 16:57:33,783 - INFO - Finished optimization with guess, [1.27259531 0.00700031].
2023-07-20 16:57:33,783 - INFO - Best fit parameters: [0.69032238 0.03577457].
2023-07-20 16:57:33,808 - INFO - Maximum log composite likelihood: -37.361967709273245.
2023-07-20 16:57:33,808 - INFO - Optimal value of theta: 1477.2511101157.
2023-07-20 16:57:33,808 - INFO - Beginning optimization with guess, [1.90673377 0.0151601 ].
2023-07-20 16:57:34,996 - INFO - Finished optimization with guess, [1.90673377 0.0151601 ].
2023-07-20 16:57:34,997 - INFO - Best fit parameters: [0.14161295 0.00323496].
2023-07-20 16:57:35,021 - INFO - Maximum log composite likelihood: -35.16896601060614.
2023-07-20 16:57:35,021 - INFO - Optimal value of theta: 1492.0903157796854.
2023-07-20 16:57:35,022 - INFO - Beginning optimization with guess, [2.74899251 0.00622578].
2023-07-20 16:57:36,218 - INFO - Finished optimization with guess, [2.74899251 0.00622578].
2023-07-20 16:57:36,218 - INFO - Best fit parameters: [0.28426558 0.00987077].
2023-07-20 16:57:36,242 - INFO - Maximum log composite likelihood: -35.35823212303137.
2023-07-20 16:57:36,243 - INFO - Optimal value of theta: 1506.26464777715.
2023-07-20 16:57:36,243 - INFO - Beginning optimization with guess, [1.17662817 0.01586246].
2023-07-20 16:57:37,478 - INFO - Finished optimization with guess, [1.17662817 0.01586246].
2023-07-20 16:57:37,478 - INFO - Best fit parameters: [0.62410181 0.03364727].
2023-07-20 16:57:37,503 - INFO - Maximum log composite likelihood: -36.60757801321313.
2023-07-20 16:57:37,503 - INFO - Optimal value of theta: 1489.1427275162525.
2023-07-20 16:57:37,504 - INFO - Beginning optimization with guess, [1.32112625 0.01537223].
2023-07-20 16:57:38,738 - INFO - Finished optimization with guess, [1.32112625 0.01537223].
2023-07-20 16:57:38,738 - INFO - Best fit parameters: [0.64465083 0.04392529].
2023-07-20 16:57:38,763 - INFO - Maximum log composite likelihood: -36.76615768136878.
2023-07-20 16:57:38,764 - INFO - Optimal value of theta: 1498.2775603927803.
2023-07-20 16:57:38,764 - INFO - Beginning optimization with guess, [2.73899869 0.01303457].
2023-07-20 16:57:39,944 - INFO - Finished optimization with guess, [2.73899869 0.01303457].
2023-07-20 16:57:39,944 - INFO - Best fit parameters: [0.36068902 0.01293207].
2023-07-20 16:57:39,969 - INFO - Maximum log composite likelihood: -35.47215845950416.
2023-07-20 16:57:39,969 - INFO - Optimal value of theta: 1500.0469735852867.
2023-07-20 16:57:39,969 - INFO - Beginning optimization with guess, [2.5893633  0.01444572].
2023-07-20 16:57:41,150 - INFO - Finished optimization with guess, [2.5893633  0.01444572].
2023-07-20 16:57:41,150 - INFO - Best fit parameters: [0.23463594 0.00681621].
2023-07-20 16:57:41,174 - INFO - Maximum log composite likelihood: -35.2010401099684.
2023-07-20 16:57:41,174 - INFO - Optimal value of theta: 1499.2102796150264.
2023-07-20 16:57:41,175 - INFO - Beginning optimization with guess, [5.99633019 0.01590812].
2023-07-20 16:57:42,318 - INFO - Finished optimization with guess, [5.99633019 0.01590812].
2023-07-20 16:57:42,318 - INFO - Best fit parameters: [0.0529426  0.00131105].
2023-07-20 16:57:42,343 - INFO - Maximum log composite likelihood: -34.957996259826814.
2023-07-20 16:57:42,343 - INFO - Optimal value of theta: 1503.9164988419034.
2023-07-20 16:57:42,343 - INFO - Beginning optimization with guess, [3.2695182  0.00551883].
2023-07-20 16:57:43,499 - INFO - Finished optimization with guess, [3.2695182  0.00551883].
2023-07-20 16:57:43,499 - INFO - Best fit parameters: [0.31669357 0.00908311].
2023-07-20 16:57:43,523 - INFO - Maximum log composite likelihood: -35.477473569829954.
2023-07-20 16:57:43,524 - INFO - Optimal value of theta: 1491.0535617459914.
2023-07-20 16:57:43,524 - INFO - Beginning optimization with guess, [2.49219609 0.01318432].
2023-07-20 16:57:44,703 - INFO - Finished optimization with guess, [2.49219609 0.01318432].
2023-07-20 16:57:44,703 - INFO - Best fit parameters: [0.19547483 0.00505143].
2023-07-20 16:57:44,727 - INFO - Maximum log composite likelihood: -35.17251203570311.
2023-07-20 16:57:44,728 - INFO - Optimal value of theta: 1495.2831567935925.
2023-07-20 16:57:44,728 - INFO - Beginning optimization with guess, [3.17858042 0.00782821].
2023-07-20 16:57:45,923 - INFO - Finished optimization with guess, [3.17858042 0.00782821].
2023-07-20 16:57:45,923 - INFO - Best fit parameters: [0.27336841 0.00837439].
2023-07-20 16:57:45,948 - INFO - Maximum log composite likelihood: -35.273045913494.
2023-07-20 16:57:45,948 - INFO - Optimal value of theta: 1498.9924273479307.
2023-07-20 16:57:45,948 - INFO - Beginning optimization with guess, [4.28417194 0.01916833].
2023-07-20 16:57:47,039 - INFO - Finished optimization with guess, [4.28417194 0.01916833].
2023-07-20 16:57:47,039 - INFO - Best fit parameters: [0.27103162 0.00888387].
2023-07-20 16:57:47,064 - INFO - Maximum log composite likelihood: -35.29084876963611.
2023-07-20 16:57:47,064 - INFO - Optimal value of theta: 1503.6672404769763.
2023-07-20 16:57:47,065 - INFO - Beginning optimization with guess, [5.64629249 0.01240805].
2023-07-20 16:57:48,262 - INFO - Finished optimization with guess, [5.64629249 0.01240805].
2023-07-20 16:57:48,263 - INFO - Best fit parameters: [0.24500053 0.00785268].
2023-07-20 16:57:48,288 - INFO - Maximum log composite likelihood: -35.25648333902507.
2023-07-20 16:57:48,288 - INFO - Optimal value of theta: 1504.7543478708128.
2023-07-20 16:57:48,288 - INFO - Beginning optimization with guess, [4.98170345 0.01537787].
2023-07-20 16:57:49,473 - INFO - Finished optimization with guess, [4.98170345 0.01537787].
2023-07-20 16:57:49,474 - INFO - Best fit parameters: [0.10560172 0.00234963].
2023-07-20 16:57:49,499 - INFO - Maximum log composite likelihood: -35.09618153803308.
2023-07-20 16:57:49,499 - INFO - Optimal value of theta: 1493.1222152204525.
2023-07-20 16:57:49,501 - INFO - Beginning demographic inference for three-epoch demographic model.
2023-07-20 16:57:49,504 - INFO - Beginning optimization with guess, [0.00747531 0.01170893 0.01577426 0.00623093].
2023-07-20 16:57:54,791 - INFO - Finished optimization with guess, [0.00747531 0.01170893 0.01577426 0.00623093].
2023-07-20 16:57:54,792 - INFO - Best fit parameters: [0.00507638 0.01013152 0.02584361 0.00617314].
2023-07-20 16:57:54,912 - INFO - Maximum log composite likelihood: -42.68541175136181.
2023-07-20 16:57:54,912 - INFO - Optimal value of theta: 134993.97841097956.
2023-07-20 16:57:54,913 - INFO - Beginning optimization with guess, [0.02811101 0.01224481 0.00910899 0.00933143].
2023-07-20 16:57:56,210 - INFO - Finished optimization with guess, [0.02811101 0.01224481 0.00910899 0.00933143].
2023-07-20 16:57:56,210 - INFO - Best fit parameters: [2.38249053e-02 3.79039562e+01 5.93682560e-04 3.18836521e-04].
2023-07-20 16:57:56,235 - INFO - Maximum log composite likelihood: -34.98229800298043.
2023-07-20 16:57:56,235 - INFO - Optimal value of theta: 1505.5641675880888.
2023-07-20 16:57:56,236 - INFO - Beginning optimization with guess, [0.03906781 0.02934119 0.01706391 0.00587853].
2023-07-20 16:57:57,411 - INFO - Finished optimization with guess, [0.03906781 0.02934119 0.01706391 0.00587853].
2023-07-20 16:57:57,411 - INFO - Best fit parameters: [0.12977065 0.20819262 0.00207069 0.00200457].
2023-07-20 16:57:57,436 - INFO - Maximum log composite likelihood: -35.12139068031183.
2023-07-20 16:57:57,436 - INFO - Optimal value of theta: 1497.4839947946389.
2023-07-20 16:57:57,436 - INFO - Beginning optimization with guess, [0.02451693 0.05266274 0.00656361 0.00896229].
2023-07-20 16:57:58,731 - INFO - Finished optimization with guess, [0.02451693 0.05266274 0.00656361 0.00896229].
2023-07-20 16:57:58,731 - INFO - Best fit parameters: [6.39203511e-01 9.91364592e-02 6.10514066e-04 2.50011436e-03].
2023-07-20 16:57:58,756 - INFO - Maximum log composite likelihood: -35.000515613222206.
2023-07-20 16:57:58,756 - INFO - Optimal value of theta: 1502.5176233350537.
2023-07-20 16:57:58,757 - INFO - Beginning optimization with guess, [0.02720999 0.02796694 0.01182324 0.0143521 ].
2023-07-20 16:58:00,116 - INFO - Finished optimization with guess, [0.02720999 0.02796694 0.01182324 0.0143521 ].
2023-07-20 16:58:00,116 - INFO - Best fit parameters: [2.13717449e-03 2.87925485e+02 6.32500048e-05 3.76501676e-03].
2023-07-20 16:58:00,141 - INFO - Maximum log composite likelihood: -35.447500363837435.
2023-07-20 16:58:00,141 - INFO - Optimal value of theta: 1508.8865778203888.
2023-07-20 16:58:00,141 - INFO - Beginning optimization with guess, [0.36913802 0.69741417 0.00540685 0.01525384].
2023-07-20 16:58:01,215 - INFO - Finished optimization with guess, [0.36913802 0.69741417 0.00540685 0.01525384].
2023-07-20 16:58:01,215 - INFO - Best fit parameters: [0.39674486 0.72722904 0.01450671 0.00367602].
2023-07-20 16:58:01,240 - INFO - Maximum log composite likelihood: -35.85824316415119.
2023-07-20 16:58:01,241 - INFO - Optimal value of theta: 1500.0102273126884.
2023-07-20 16:58:01,241 - INFO - Beginning optimization with guess, [1.14167401 0.66146906 0.00784959 0.01660831].
2023-07-20 16:58:02,368 - INFO - Finished optimization with guess, [1.14167401 0.66146906 0.00784959 0.01660831].
2023-07-20 16:58:02,368 - INFO - Best fit parameters: [1.14655241 0.42057004 0.26611035 0.0153749 ].
2023-07-20 16:58:02,397 - INFO - Maximum log composite likelihood: -35.13531208188965.
2023-07-20 16:58:02,399 - INFO - Optimal value of theta: 1435.074819043303.
2023-07-20 16:58:02,399 - INFO - Beginning optimization with guess, [0.88299134 1.0194869  0.01209325 0.01998422].
2023-07-20 16:58:03,576 - INFO - Finished optimization with guess, [0.88299134 1.0194869  0.01209325 0.01998422].
2023-07-20 16:58:03,576 - INFO - Best fit parameters: [0.75138004 1.0043693  0.04261417 0.00109625].
2023-07-20 16:58:03,602 - INFO - Maximum log composite likelihood: -38.209080107816135.
2023-07-20 16:58:03,602 - INFO - Optimal value of theta: 1470.9590220007735.
2023-07-20 16:58:03,602 - INFO - Beginning optimization with guess, [1.71047281 1.07754262 0.01735647 0.01915369].
2023-07-20 16:58:04,660 - INFO - Finished optimization with guess, [1.71047281 1.07754262 0.01735647 0.01915369].
2023-07-20 16:58:04,660 - INFO - Best fit parameters: [5.94359025e-02 6.43979482e-01 5.37727902e-21 1.21375930e-02].
2023-07-20 16:58:04,685 - INFO - Maximum log composite likelihood: -39.54888681947466.
2023-07-20 16:58:04,685 - INFO - Optimal value of theta: 1452.673432435576.
2023-07-20 16:58:04,685 - INFO - Beginning optimization with guess, [1.82412951 1.28008931 0.00932398 0.01092169].
2023-07-20 16:58:05,756 - INFO - Finished optimization with guess, [1.82412951 1.28008931 0.00932398 0.01092169].
2023-07-20 16:58:05,756 - INFO - Best fit parameters: [1.47376918e+00 9.02372908e-01 2.53904021e-05 1.40613560e-03].
2023-07-20 16:58:05,780 - INFO - Maximum log composite likelihood: -43.81657934813984.
2023-07-20 16:58:05,781 - INFO - Optimal value of theta: 1433.088640415879.
2023-07-20 16:58:05,781 - INFO - Beginning optimization with guess, [0.93623549 0.70265023 0.01045532 0.01468011].
2023-07-20 16:58:06,920 - INFO - Finished optimization with guess, [0.93623549 0.70265023 0.01045532 0.01468011].
2023-07-20 16:58:06,920 - INFO - Best fit parameters: [0.98248676 0.55138565 0.00106135 0.02597531].
2023-07-20 16:58:06,945 - INFO - Maximum log composite likelihood: -36.16949498839051.
2023-07-20 16:58:06,945 - INFO - Optimal value of theta: 1492.7635860696337.
2023-07-20 16:58:06,946 - INFO - Beginning optimization with guess, [1.94862415 1.03702053 0.00944401 0.01738354].
2023-07-20 16:58:08,000 - INFO - Finished optimization with guess, [1.94862415 1.03702053 0.00944401 0.01738354].
2023-07-20 16:58:08,000 - INFO - Best fit parameters: [2.99452894e-02 8.07177705e-01 4.87044873e-24 1.08933387e-02].
2023-07-20 16:58:08,025 - INFO - Maximum log composite likelihood: -41.99906770896894.
2023-07-20 16:58:08,025 - INFO - Optimal value of theta: 1440.4659336390066.
2023-07-20 16:58:08,025 - INFO - Beginning optimization with guess, [3.44318941 1.82765342 0.01172372 0.00799215].
2023-07-20 16:58:09,094 - INFO - Finished optimization with guess, [3.44318941 1.82765342 0.01172372 0.00799215].
2023-07-20 16:58:09,095 - INFO - Best fit parameters: [2.12462706e+00 7.66063833e-01 5.36126903e-05 6.78138458e-04].
2023-07-20 16:58:09,120 - INFO - Maximum log composite likelihood: -43.783365267336535.
2023-07-20 16:58:09,120 - INFO - Optimal value of theta: 1433.19959264577.
2023-07-20 16:58:09,120 - INFO - Beginning optimization with guess, [3.0874751  3.12066032 0.00589698 0.0106751 ].
2023-07-20 16:58:10,213 - INFO - Finished optimization with guess, [3.0874751  3.12066032 0.00589698 0.0106751 ].
2023-07-20 16:58:10,213 - INFO - Best fit parameters: [6.27742613e-01 1.93507385e+00 2.84217053e-04 5.57773957e-05].
2023-07-20 16:58:10,237 - INFO - Maximum log composite likelihood: -43.81629617559156.
2023-07-20 16:58:10,237 - INFO - Optimal value of theta: 1433.0835881320477.
2023-07-20 16:58:10,238 - INFO - Beginning optimization with guess, [2.86749601 1.22586374 0.01547724 0.00718126].
2023-07-20 16:58:11,333 - INFO - Finished optimization with guess, [2.86749601 1.22586374 0.01547724 0.00718126].
2023-07-20 16:58:11,333 - INFO - Best fit parameters: [5.36783443e-08 1.15494140e+00 2.08889351e-49 2.56813111e-18].
2023-07-20 16:58:11,357 - INFO - Maximum log composite likelihood: -43.945674672058544.
2023-07-20 16:58:11,357 - INFO - Optimal value of theta: 1432.6390105894218.
2023-07-20 16:58:11,358 - INFO - Beginning optimization with guess, [1.81204919 4.70538317 0.00795689 0.01967444].
2023-07-20 16:58:12,426 - INFO - Finished optimization with guess, [1.81204919 4.70538317 0.00795689 0.01967444].
2023-07-20 16:58:12,427 - INFO - Best fit parameters: [6.51863045e-01 4.92332365e-01 1.73805344e-03 1.91262149e-06].
2023-07-20 16:58:12,452 - INFO - Maximum log composite likelihood: -43.141905469110725.
2023-07-20 16:58:12,452 - INFO - Optimal value of theta: 1435.529148641696.
2023-07-20 16:58:12,452 - INFO - Beginning optimization with guess, [2.91648167 2.60904322 0.01912166 0.01078971].
2023-07-20 16:58:13,546 - INFO - Finished optimization with guess, [2.91648167 2.60904322 0.01912166 0.01078971].
2023-07-20 16:58:13,546 - INFO - Best fit parameters: [2.04193303e+00 6.52545467e-01 1.93089698e-04 5.01453805e-04].
2023-07-20 16:58:13,571 - INFO - Maximum log composite likelihood: -43.79210514982219.
2023-07-20 16:58:13,571 - INFO - Optimal value of theta: 1433.1680636449637.
2023-07-20 16:58:13,571 - INFO - Beginning optimization with guess, [2.38096523 2.11412523 0.00563806 0.00865277].
2023-07-20 16:58:14,665 - INFO - Finished optimization with guess, [2.38096523 2.11412523 0.00563806 0.00865277].
2023-07-20 16:58:14,666 - INFO - Best fit parameters: [6.38955491e+00 8.90879459e-01 2.68842248e-04 3.70082656e-02].
2023-07-20 16:58:14,691 - INFO - Maximum log composite likelihood: -41.46015058415924.
2023-07-20 16:58:14,691 - INFO - Optimal value of theta: 1444.719944299021.
2023-07-20 16:58:14,691 - INFO - Beginning optimization with guess, [4.63343631 1.86495267 0.00503651 0.00672086].
2023-07-20 16:58:15,808 - INFO - Finished optimization with guess, [4.63343631 1.86495267 0.00503651 0.00672086].
2023-07-20 16:58:15,808 - INFO - Best fit parameters: [6.67792809e-01 1.28361282e+00 2.70058638e-05 2.88229866e-05].
2023-07-20 16:58:15,833 - INFO - Maximum log composite likelihood: -43.939192631809306.
2023-07-20 16:58:15,833 - INFO - Optimal value of theta: 1432.6610743423519.
2023-07-20 16:58:15,833 - INFO - Beginning optimization with guess, [3.48791034 2.14292084 0.00747189 0.00722935].
2023-07-20 16:58:16,902 - INFO - Finished optimization with guess, [3.48791034 2.14292084 0.00747189 0.00722935].
2023-07-20 16:58:16,902 - INFO - Best fit parameters: [2.73332982e-01 9.82199229e-01 2.56086388e-05 1.93856395e-07].
2023-07-20 16:58:16,927 - INFO - Maximum log composite likelihood: -43.88268665075509.
2023-07-20 16:58:16,927 - INFO - Optimal value of theta: 1432.8536820855045.
2023-07-20 16:58:16,927 - INFO - Beginning optimization with guess, [5.38156103 4.84241441 0.01225758 0.00891849].
2023-07-20 16:58:17,998 - INFO - Finished optimization with guess, [5.38156103 4.84241441 0.01225758 0.00891849].
2023-07-20 16:58:17,998 - INFO - Best fit parameters: [2.96190962e+00 5.18801783e-01 4.71577138e-05 1.04735242e-03].
2023-07-20 16:58:18,022 - INFO - Maximum log composite likelihood: -43.12328085954937.
2023-07-20 16:58:18,023 - INFO - Optimal value of theta: 1435.571982415195.
2023-07-20 16:58:18,023 - INFO - Beginning optimization with guess, [8.35034164e+00 3.38347687e+00 6.52070874e-03 8.43301139e-03].
2023-07-20 16:58:19,124 - INFO - Finished optimization with guess, [8.35034164e+00 3.38347687e+00 6.52070874e-03 8.43301139e-03].
2023-07-20 16:58:19,124 - INFO - Best fit parameters: [5.08133626e+00 2.89056566e-01 7.08751929e-06 2.22392968e-04].
2023-07-20 16:58:19,148 - INFO - Maximum log composite likelihood: -43.4565201035.
2023-07-20 16:58:19,149 - INFO - Optimal value of theta: 1434.3395004875024.
2023-07-20 16:58:19,149 - INFO - Beginning optimization with guess, [5.31263704 6.75492678 0.01242364 0.00710669].
2023-07-20 16:58:20,276 - INFO - Finished optimization with guess, [5.31263704 6.75492678 0.01242364 0.00710669].
2023-07-20 16:58:20,277 - INFO - Best fit parameters: [2.62013066e+00 1.57300916e-01 2.38804150e-05 1.02833754e-04].
2023-07-20 16:58:20,301 - INFO - Maximum log composite likelihood: -43.45999529634241.
2023-07-20 16:58:20,301 - INFO - Optimal value of theta: 1434.324565113112.
2023-07-20 16:58:20,302 - INFO - Beginning optimization with guess, [4.74946049e+00 1.36691030e+01 1.10856135e-02 6.33723676e-03].
2023-07-20 16:58:21,322 - INFO - Finished optimization with guess, [4.74946049e+00 1.36691030e+01 1.10856135e-02 6.33723676e-03].
2023-07-20 16:58:21,322 - INFO - Best fit parameters: [8.86987831e-02 3.77620064e+01 1.53791386e-03 6.02096740e-06].
2023-07-20 16:58:21,347 - INFO - Maximum log composite likelihood: -35.65056328529795.
2023-07-20 16:58:21,347 - INFO - Optimal value of theta: 1480.9259528467705.
2023-07-20 16:58:21,349 - INFO - Finished demographic inference.
2023-07-20 16:58:21,349 - INFO - Pipeline executed succesfully.
