2023-07-20 16:54:10,708 - INFO - Beginning execution of fit_one_epoch.py in directory /u/project/ngarud/jonmah/demo_for_ccgb/Scripts

2023-07-20 16:54:10,708 - INFO - Progress is being logged to ../Analysis/Bacteroides_thetaiotaomicron_56941_downsampled_14/core_log.log

2023-07-20 16:54:10,708 - INFO - Parsed the following arguments:
	syn_input_sfs = ../Analysis/Bacteroides_thetaiotaomicron_56941_downsampled_14/core_empirical_syn_downsampled_sfs.txt
	mask_singletons = False
	mask_doubletons = False
	outprefix = ../Analysis/Bacteroides_thetaiotaomicron_56941_downsampled_14/core

2023-07-20 16:54:10,711 - INFO - Beginning demographic inference for one-epoch demographic model.
2023-07-20 16:54:10,714 - INFO - Beginning optimization with guess, [0.10292878].
2023-07-20 16:54:11,543 - INFO - Finished optimization with guess, [0.10292878].
2023-07-20 16:54:11,544 - INFO - Best fit parameters: [0.10292878].
2023-07-20 16:54:11,567 - INFO - Maximum log composite likelihood: -110.27767953311741.
2023-07-20 16:54:11,568 - INFO - Optimal value of theta: 11720.19151794824.
2023-07-20 16:54:11,568 - INFO - Beginning optimization with guess, [0.16622606].
2023-07-20 16:54:12,328 - INFO - Finished optimization with guess, [0.16622606].
2023-07-20 16:54:12,328 - INFO - Best fit parameters: [0.16622606].
2023-07-20 16:54:12,351 - INFO - Maximum log composite likelihood: -110.27767953311741.
2023-07-20 16:54:12,352 - INFO - Optimal value of theta: 11720.19151794824.
2023-07-20 16:54:12,352 - INFO - Beginning optimization with guess, [0.20252539].
2023-07-20 16:54:13,112 - INFO - Finished optimization with guess, [0.20252539].
2023-07-20 16:54:13,112 - INFO - Best fit parameters: [0.20252539].
2023-07-20 16:54:13,136 - INFO - Maximum log composite likelihood: -110.27767953311741.
2023-07-20 16:54:13,136 - INFO - Optimal value of theta: 11720.19151794824.
2023-07-20 16:54:13,136 - INFO - Beginning optimization with guess, [0.46284043].
2023-07-20 16:54:13,826 - INFO - Finished optimization with guess, [0.46284043].
2023-07-20 16:54:13,826 - INFO - Best fit parameters: [0.46284043].
2023-07-20 16:54:13,850 - INFO - Maximum log composite likelihood: -110.27767953311741.
2023-07-20 16:54:13,850 - INFO - Optimal value of theta: 11720.19151794824.
2023-07-20 16:54:13,851 - INFO - Beginning optimization with guess, [0.71238525].
2023-07-20 16:54:14,468 - INFO - Finished optimization with guess, [0.71238525].
2023-07-20 16:54:14,468 - INFO - Best fit parameters: [0.71238525].
2023-07-20 16:54:14,492 - INFO - Maximum log composite likelihood: -110.27767953311741.
2023-07-20 16:54:14,492 - INFO - Optimal value of theta: 11720.19151794824.
2023-07-20 16:54:14,492 - INFO - Beginning optimization with guess, [0.62048309].
2023-07-20 16:54:15,109 - INFO - Finished optimization with guess, [0.62048309].
2023-07-20 16:54:15,109 - INFO - Best fit parameters: [0.62048309].
2023-07-20 16:54:15,133 - INFO - Maximum log composite likelihood: -110.27767953311741.
2023-07-20 16:54:15,133 - INFO - Optimal value of theta: 11720.19151794824.
2023-07-20 16:54:15,133 - INFO - Beginning optimization with guess, [0.99105061].
2023-07-20 16:54:15,394 - INFO - Finished optimization with guess, [0.99105061].
2023-07-20 16:54:15,394 - INFO - Best fit parameters: [0.99105061].
2023-07-20 16:54:15,418 - INFO - Maximum log composite likelihood: -110.27767953311741.
2023-07-20 16:54:15,418 - INFO - Optimal value of theta: 11720.19151794824.
2023-07-20 16:54:15,418 - INFO - Beginning optimization with guess, [1.40076642].
2023-07-20 16:54:16,027 - INFO - Finished optimization with guess, [1.40076642].
2023-07-20 16:54:16,027 - INFO - Best fit parameters: [1.40076642].
2023-07-20 16:54:16,051 - INFO - Maximum log composite likelihood: -110.27767953311741.
2023-07-20 16:54:16,051 - INFO - Optimal value of theta: 11720.19151794824.
2023-07-20 16:54:16,051 - INFO - Beginning optimization with guess, [1.0361308].
2023-07-20 16:54:16,455 - INFO - Finished optimization with guess, [1.0361308].
2023-07-20 16:54:16,455 - INFO - Best fit parameters: [1.0361308].
2023-07-20 16:54:16,479 - INFO - Maximum log composite likelihood: -110.27767953311741.
2023-07-20 16:54:16,479 - INFO - Optimal value of theta: 11720.19151794824.
2023-07-20 16:54:16,479 - INFO - Beginning optimization with guess, [1.81999452].
2023-07-20 16:54:17,168 - INFO - Finished optimization with guess, [1.81999452].
2023-07-20 16:54:17,168 - INFO - Best fit parameters: [1.81999452].
2023-07-20 16:54:17,192 - INFO - Maximum log composite likelihood: -110.27767953311741.
2023-07-20 16:54:17,192 - INFO - Optimal value of theta: 11720.19151794824.
2023-07-20 16:54:17,193 - INFO - Beginning optimization with guess, [1.78977949].
2023-07-20 16:54:17,880 - INFO - Finished optimization with guess, [1.78977949].
2023-07-20 16:54:17,880 - INFO - Best fit parameters: [1.78977949].
2023-07-20 16:54:17,904 - INFO - Maximum log composite likelihood: -110.27767953311741.
2023-07-20 16:54:17,904 - INFO - Optimal value of theta: 11720.19151794824.
2023-07-20 16:54:17,904 - INFO - Beginning optimization with guess, [1.46175798].
2023-07-20 16:54:18,504 - INFO - Finished optimization with guess, [1.46175798].
2023-07-20 16:54:18,504 - INFO - Best fit parameters: [1.46175798].
2023-07-20 16:54:18,527 - INFO - Maximum log composite likelihood: -110.27767953311741.
2023-07-20 16:54:18,528 - INFO - Optimal value of theta: 11720.19151794824.
2023-07-20 16:54:18,528 - INFO - Beginning optimization with guess, [0.9898225].
2023-07-20 16:54:18,780 - INFO - Finished optimization with guess, [0.9898225].
2023-07-20 16:54:18,781 - INFO - Best fit parameters: [0.9898225].
2023-07-20 16:54:18,804 - INFO - Maximum log composite likelihood: -110.27767953311741.
2023-07-20 16:54:18,804 - INFO - Optimal value of theta: 11720.19151794824.
2023-07-20 16:54:18,805 - INFO - Beginning optimization with guess, [2.62723133].
2023-07-20 16:54:19,469 - INFO - Finished optimization with guess, [2.62723133].
2023-07-20 16:54:19,469 - INFO - Best fit parameters: [2.62723133].
2023-07-20 16:54:19,492 - INFO - Maximum log composite likelihood: -110.27767953311741.
2023-07-20 16:54:19,493 - INFO - Optimal value of theta: 11720.19151794824.
2023-07-20 16:54:19,493 - INFO - Beginning optimization with guess, [3.14692219].
2023-07-20 16:54:20,227 - INFO - Finished optimization with guess, [3.14692219].
2023-07-20 16:54:20,227 - INFO - Best fit parameters: [3.14692219].
2023-07-20 16:54:20,250 - INFO - Maximum log composite likelihood: -110.27767953311741.
2023-07-20 16:54:20,250 - INFO - Optimal value of theta: 11720.19151794824.
2023-07-20 16:54:20,250 - INFO - Beginning optimization with guess, [1.64258879].
2023-07-20 16:54:20,847 - INFO - Finished optimization with guess, [1.64258879].
2023-07-20 16:54:20,847 - INFO - Best fit parameters: [1.64258879].
2023-07-20 16:54:20,870 - INFO - Maximum log composite likelihood: -110.27767953311741.
2023-07-20 16:54:20,870 - INFO - Optimal value of theta: 11720.19151794824.
2023-07-20 16:54:20,871 - INFO - Beginning optimization with guess, [1.99760251].
2023-07-20 16:54:21,552 - INFO - Finished optimization with guess, [1.99760251].
2023-07-20 16:54:21,552 - INFO - Best fit parameters: [1.99760251].
2023-07-20 16:54:21,575 - INFO - Maximum log composite likelihood: -110.27767953311741.
2023-07-20 16:54:21,575 - INFO - Optimal value of theta: 11720.19151794824.
2023-07-20 16:54:21,575 - INFO - Beginning optimization with guess, [1.68476964].
2023-07-20 16:54:22,241 - INFO - Finished optimization with guess, [1.68476964].
2023-07-20 16:54:22,242 - INFO - Best fit parameters: [1.68476964].
2023-07-20 16:54:22,265 - INFO - Maximum log composite likelihood: -110.27767953311741.
2023-07-20 16:54:22,265 - INFO - Optimal value of theta: 11720.19151794824.
2023-07-20 16:54:22,265 - INFO - Beginning optimization with guess, [5.09502006].
2023-07-20 16:54:22,999 - INFO - Finished optimization with guess, [5.09502006].
2023-07-20 16:54:22,999 - INFO - Best fit parameters: [5.09502006].
2023-07-20 16:54:23,022 - INFO - Maximum log composite likelihood: -110.27767953311741.
2023-07-20 16:54:23,023 - INFO - Optimal value of theta: 11720.19151794824.
2023-07-20 16:54:23,023 - INFO - Beginning optimization with guess, [3.05003864].
2023-07-20 16:54:23,757 - INFO - Finished optimization with guess, [3.05003864].
2023-07-20 16:54:23,757 - INFO - Best fit parameters: [3.05003864].
2023-07-20 16:54:23,780 - INFO - Maximum log composite likelihood: -110.27767953311741.
2023-07-20 16:54:23,781 - INFO - Optimal value of theta: 11720.19151794824.
2023-07-20 16:54:23,781 - INFO - Beginning optimization with guess, [4.4020867].
2023-07-20 16:54:24,514 - INFO - Finished optimization with guess, [4.4020867].
2023-07-20 16:54:24,515 - INFO - Best fit parameters: [4.4020867].
2023-07-20 16:54:24,538 - INFO - Maximum log composite likelihood: -110.27767953311741.
2023-07-20 16:54:24,538 - INFO - Optimal value of theta: 11720.19151794824.
2023-07-20 16:54:24,538 - INFO - Beginning optimization with guess, [2.9106565].
2023-07-20 16:54:25,272 - INFO - Finished optimization with guess, [2.9106565].
2023-07-20 16:54:25,272 - INFO - Best fit parameters: [2.9106565].
2023-07-20 16:54:25,295 - INFO - Maximum log composite likelihood: -110.27767953311741.
2023-07-20 16:54:25,296 - INFO - Optimal value of theta: 11720.19151794824.
2023-07-20 16:54:25,296 - INFO - Beginning optimization with guess, [3.54109353].
2023-07-20 16:54:26,031 - INFO - Finished optimization with guess, [3.54109353].
2023-07-20 16:54:26,031 - INFO - Best fit parameters: [3.54109353].
2023-07-20 16:54:26,054 - INFO - Maximum log composite likelihood: -110.27767953311741.
2023-07-20 16:54:26,054 - INFO - Optimal value of theta: 11720.19151794824.
2023-07-20 16:54:26,055 - INFO - Beginning optimization with guess, [4.08617947].
2023-07-20 16:54:26,789 - INFO - Finished optimization with guess, [4.08617947].
2023-07-20 16:54:26,790 - INFO - Best fit parameters: [4.08617947].
2023-07-20 16:54:26,813 - INFO - Maximum log composite likelihood: -110.27767953311741.
2023-07-20 16:54:26,813 - INFO - Optimal value of theta: 11720.19151794824.
2023-07-20 16:54:26,815 - INFO - Beginning demographic inference for two-epoch demographic model.
2023-07-20 16:54:26,817 - INFO - Beginning optimization with guess, [0.06167281 0.00562919].
2023-07-20 16:54:27,966 - INFO - Finished optimization with guess, [0.06167281 0.00562919].
2023-07-20 16:54:27,966 - INFO - Best fit parameters: [0.60677162 0.01836721].
2023-07-20 16:54:27,990 - INFO - Maximum log composite likelihood: -90.62785479494414.
2023-07-20 16:54:27,990 - INFO - Optimal value of theta: 12004.636777632053.
2023-07-20 16:54:27,991 - INFO - Beginning optimization with guess, [0.12850534 0.00664023].
2023-07-20 16:54:29,134 - INFO - Finished optimization with guess, [0.12850534 0.00664023].
2023-07-20 16:54:29,135 - INFO - Best fit parameters: [0.58733865 0.01950058].
2023-07-20 16:54:29,159 - INFO - Maximum log composite likelihood: -90.02032860156578.
2023-07-20 16:54:29,159 - INFO - Optimal value of theta: 12046.117888928715.
2023-07-20 16:54:29,159 - INFO - Beginning optimization with guess, [0.32123471 0.01543261].
2023-07-20 16:54:30,272 - INFO - Finished optimization with guess, [0.32123471 0.01543261].
2023-07-20 16:54:30,273 - INFO - Best fit parameters: [0.71656489 0.06276029].
2023-07-20 16:54:30,298 - INFO - Maximum log composite likelihood: -83.32943883035477.
2023-07-20 16:54:30,298 - INFO - Optimal value of theta: 12246.729551794178.
2023-07-20 16:54:30,298 - INFO - Beginning optimization with guess, [0.27795646 0.00606489].
2023-07-20 16:54:31,477 - INFO - Finished optimization with guess, [0.27795646 0.00606489].
2023-07-20 16:54:31,477 - INFO - Best fit parameters: [0.78993333 0.33274491].
2023-07-20 16:54:31,508 - INFO - Maximum log composite likelihood: -62.45826126060638.
2023-07-20 16:54:31,508 - INFO - Optimal value of theta: 12944.589744254254.
2023-07-20 16:54:31,508 - INFO - Beginning optimization with guess, [0.80141616 0.01952637].
2023-07-20 16:54:33,763 - INFO - Finished optimization with guess, [0.80141616 0.01952637].
2023-07-20 16:54:33,764 - INFO - Best fit parameters: [0.5967611  0.89324593].
2023-07-20 16:54:33,814 - INFO - Maximum log composite likelihood: -58.67698542120888.
2023-07-20 16:54:33,814 - INFO - Optimal value of theta: 17472.336186975972.
2023-07-20 16:54:33,814 - INFO - Beginning optimization with guess, [0.36143958 0.01546929].
2023-07-20 16:54:35,087 - INFO - Finished optimization with guess, [0.36143958 0.01546929].
2023-07-20 16:54:35,089 - INFO - Best fit parameters: [0.7963504  0.32362742].
2023-07-20 16:54:35,119 - INFO - Maximum log composite likelihood: -62.665515279422834.
2023-07-20 16:54:35,119 - INFO - Optimal value of theta: 12876.86422558087.
2023-07-20 16:54:35,119 - INFO - Beginning optimization with guess, [0.37344212 0.00610939].
2023-07-20 16:54:36,299 - INFO - Finished optimization with guess, [0.37344212 0.00610939].
2023-07-20 16:54:36,299 - INFO - Best fit parameters: [0.68887154 0.02771724].
2023-07-20 16:54:36,323 - INFO - Maximum log composite likelihood: -89.32952615313297.
2023-07-20 16:54:36,323 - INFO - Optimal value of theta: 12011.611142751093.
2023-07-20 16:54:36,324 - INFO - Beginning optimization with guess, [1.01415247 0.01049187].
2023-07-20 16:54:41,838 - INFO - Finished optimization with guess, [1.01415247 0.01049187].
2023-07-20 16:54:41,839 - INFO - Best fit parameters: [0.97753358 0.58486277].
2023-07-20 16:54:41,872 - INFO - Maximum log composite likelihood: -101.63879764630838.
2023-07-20 16:54:41,873 - INFO - Optimal value of theta: 11865.625972297426.
2023-07-20 16:54:41,873 - INFO - Beginning optimization with guess, [0.58081452 0.01037811].
2023-07-20 16:54:43,099 - INFO - Finished optimization with guess, [0.58081452 0.01037811].
2023-07-20 16:54:43,099 - INFO - Best fit parameters: [0.82903425 0.48445533].
2023-07-20 16:54:43,133 - INFO - Maximum log composite likelihood: -63.229442125255446.
2023-07-20 16:54:43,133 - INFO - Optimal value of theta: 12909.523750094077.
2023-07-20 16:54:43,133 - INFO - Beginning optimization with guess, [0.60091687 0.00763141].
2023-07-20 16:54:44,337 - INFO - Finished optimization with guess, [0.60091687 0.00763141].
2023-07-20 16:54:44,337 - INFO - Best fit parameters: [0.80771417 0.58916285].
2023-07-20 16:54:44,373 - INFO - Maximum log composite likelihood: -62.167436712155904.
2023-07-20 16:54:44,373 - INFO - Optimal value of theta: 13257.817047804405.
2023-07-20 16:54:44,374 - INFO - Beginning optimization with guess, [1.74256015 0.00623085].
2023-07-20 16:54:54,405 - INFO - Finished optimization with guess, [1.74256015 0.00623085].
2023-07-20 16:54:54,406 - INFO - Best fit parameters: [0.70609497 0.6963742 ].
2023-07-20 16:54:54,446 - INFO - Maximum log composite likelihood: -58.883898733089154.
2023-07-20 16:54:54,446 - INFO - Optimal value of theta: 14723.392700446082.
2023-07-20 16:54:54,447 - INFO - Beginning optimization with guess, [0.90848923 0.01441552].
2023-07-20 16:54:56,188 - INFO - Finished optimization with guess, [0.90848923 0.01441552].
2023-07-20 16:54:56,188 - INFO - Best fit parameters: [0.66589575 0.81606166].
2023-07-20 16:54:56,231 - INFO - Maximum log composite likelihood: -58.753257107544414.
2023-07-20 16:54:56,231 - INFO - Optimal value of theta: 15703.795767236936.
2023-07-20 16:54:56,231 - INFO - Beginning optimization with guess, [2.54191395 0.00915582].
2023-07-20 16:54:58,028 - INFO - Finished optimization with guess, [2.54191395 0.00915582].
2023-07-20 16:54:58,028 - INFO - Best fit parameters: [0.71477664 0.66074828].
2023-07-20 16:54:58,066 - INFO - Maximum log composite likelihood: -59.0018530674206.
2023-07-20 16:54:58,066 - INFO - Optimal value of theta: 14511.422103476818.
2023-07-20 16:54:58,067 - INFO - Beginning optimization with guess, [1.04672761 0.00902179].
2023-07-20 16:55:01,505 - INFO - Finished optimization with guess, [1.04672761 0.00902179].
2023-07-20 16:55:01,505 - INFO - Best fit parameters: [0.86008313 0.55053413].
2023-07-20 16:55:01,539 - INFO - Maximum log composite likelihood: -68.70563422268424.
2023-07-20 16:55:01,539 - INFO - Optimal value of theta: 12726.08033886945.
2023-07-20 16:55:01,539 - INFO - Beginning optimization with guess, [1.71082831 0.01360067].
2023-07-20 16:55:06,205 - INFO - Finished optimization with guess, [1.71082831 0.01360067].
2023-07-20 16:55:06,206 - INFO - Best fit parameters: [0.74240062 0.64387375].
2023-07-20 16:55:06,244 - INFO - Maximum log composite likelihood: -59.11595069547184.
2023-07-20 16:55:06,244 - INFO - Optimal value of theta: 14099.309944584438.
2023-07-20 16:55:06,244 - INFO - Beginning optimization with guess, [3.13996415 0.01588264].
2023-07-20 16:55:08,076 - INFO - Finished optimization with guess, [3.13996415 0.01588264].
2023-07-20 16:55:08,076 - INFO - Best fit parameters: [0.73570146 0.62904326].
2023-07-20 16:55:08,113 - INFO - Maximum log composite likelihood: -59.05519303187066.
2023-07-20 16:55:08,113 - INFO - Optimal value of theta: 14154.664624662339.
2023-07-20 16:55:08,113 - INFO - Beginning optimization with guess, [1.7003533  0.00540963].
2023-07-20 16:55:19,598 - INFO - Finished optimization with guess, [1.7003533  0.00540963].
2023-07-20 16:55:19,599 - INFO - Best fit parameters: [0.71702767 0.68939613].
2023-07-20 16:55:19,639 - INFO - Maximum log composite likelihood: -58.89544119674974.
2023-07-20 16:55:19,639 - INFO - Optimal value of theta: 14544.852691820166.
2023-07-20 16:55:19,639 - INFO - Beginning optimization with guess, [1.95487921 0.01810952].
2023-07-20 16:55:21,442 - INFO - Finished optimization with guess, [1.95487921 0.01810952].
2023-07-20 16:55:21,442 - INFO - Best fit parameters: [0.74719002 0.61307314].
2023-07-20 16:55:21,481 - INFO - Maximum log composite likelihood: -59.15933149532975.
2023-07-20 16:55:21,481 - INFO - Optimal value of theta: 13975.447059123671.
2023-07-20 16:55:21,481 - INFO - Beginning optimization with guess, [2.09392681 0.0128756 ].
2023-07-20 16:55:23,625 - INFO - Finished optimization with guess, [2.09392681 0.0128756 ].
2023-07-20 16:55:23,625 - INFO - Best fit parameters: [0.68443129 0.75142248].
2023-07-20 16:55:23,667 - INFO - Maximum log composite likelihood: -58.78659317735401.
2023-07-20 16:55:23,667 - INFO - Optimal value of theta: 15206.100828096127.
2023-07-20 16:55:23,667 - INFO - Beginning optimization with guess, [1.86547608 0.00750113].
2023-07-20 16:55:25,921 - INFO - Finished optimization with guess, [1.86547608 0.00750113].
2023-07-20 16:55:25,921 - INFO - Best fit parameters: [0.75489461 0.58134582].
2023-07-20 16:55:25,956 - INFO - Maximum log composite likelihood: -59.28330988191556.
2023-07-20 16:55:25,957 - INFO - Optimal value of theta: 13817.63776168662.
2023-07-20 16:55:25,957 - INFO - Beginning optimization with guess, [5.81038572 0.01346551].
2023-07-20 16:55:27,041 - INFO - Finished optimization with guess, [5.81038572 0.01346551].
2023-07-20 16:55:27,041 - INFO - Best fit parameters: [7.06081222e-04 8.06657089e-06].
2023-07-20 16:55:27,065 - INFO - Maximum log composite likelihood: -93.47103250197506.
2023-07-20 16:55:27,065 - INFO - Optimal value of theta: 12008.106520343861.
2023-07-20 16:55:27,065 - INFO - Beginning optimization with guess, [6.17016622e+00 5.99600799e-03].
2023-07-20 16:55:28,210 - INFO - Finished optimization with guess, [6.17016622e+00 5.99600799e-03].
2023-07-20 16:55:28,211 - INFO - Best fit parameters: [0.80724735 0.0958876 ].
2023-07-20 16:55:28,236 - INFO - Maximum log composite likelihood: -79.07779431475683.
2023-07-20 16:55:28,236 - INFO - Optimal value of theta: 12172.808652948894.
2023-07-20 16:55:28,236 - INFO - Beginning optimization with guess, [4.41645976 0.00632166].
2023-07-20 16:55:29,987 - INFO - Finished optimization with guess, [4.41645976 0.00632166].
2023-07-20 16:55:29,987 - INFO - Best fit parameters: [0.68356168 0.69435378].
2023-07-20 16:55:30,027 - INFO - Maximum log composite likelihood: -59.26285562263911.
2023-07-20 16:55:30,027 - INFO - Optimal value of theta: 15073.153020666676.
2023-07-20 16:55:30,027 - INFO - Beginning optimization with guess, [7.343652   0.00740835].
2023-07-20 16:55:32,629 - INFO - Finished optimization with guess, [7.343652   0.00740835].
2023-07-20 16:55:32,629 - INFO - Best fit parameters: [0.6123172  0.90269502].
2023-07-20 16:55:32,676 - INFO - Maximum log composite likelihood: -58.748172032503135.
2023-07-20 16:55:32,676 - INFO - Optimal value of theta: 17107.019705607367.
2023-07-20 16:55:32,678 - INFO - Beginning demographic inference for three-epoch demographic model.
2023-07-20 16:55:32,682 - INFO - Beginning optimization with guess, [0.01751186 0.00965046 0.00619727 0.0132286 ].
2023-07-20 16:55:39,629 - INFO - Finished optimization with guess, [0.01751186 0.00965046 0.00619727 0.0132286 ].
2023-07-20 16:55:39,630 - INFO - Best fit parameters: [0.01330857 0.00489069 0.00572544 0.03336812].
2023-07-20 16:55:39,774 - INFO - Maximum log composite likelihood: -58.70017402806661.
2023-07-20 16:55:39,774 - INFO - Optimal value of theta: 2139586.610180295.
2023-07-20 16:55:39,775 - INFO - Beginning optimization with guess, [0.03546106 0.01177205 0.00896138 0.01188806].
2023-07-20 16:55:46,280 - INFO - Finished optimization with guess, [0.03546106 0.01177205 0.00896138 0.01188806].
2023-07-20 16:55:46,280 - INFO - Best fit parameters: [0.02183213 0.00737522 0.00806471 0.04843102].
2023-07-20 16:55:46,416 - INFO - Maximum log composite likelihood: -59.2533065280295.
2023-07-20 16:55:46,417 - INFO - Optimal value of theta: 1432740.908825434.
2023-07-20 16:55:46,417 - INFO - Beginning optimization with guess, [0.03682727 0.02751561 0.00610042 0.00854383].
2023-07-20 16:55:47,535 - INFO - Finished optimization with guess, [0.03682727 0.02751561 0.00610042 0.00854383].
2023-07-20 16:55:47,535 - INFO - Best fit parameters: [0.04178116 0.48745534 0.00048853 0.00097918].
2023-07-20 16:55:47,559 - INFO - Maximum log composite likelihood: -93.09267530120087.
2023-07-20 16:55:47,559 - INFO - Optimal value of theta: 12026.36891549163.
2023-07-20 16:55:47,559 - INFO - Beginning optimization with guess, [0.0258823  0.02011909 0.01034452 0.00744971].
2023-07-20 16:55:48,821 - INFO - Finished optimization with guess, [0.0258823  0.02011909 0.01034452 0.00744971].
2023-07-20 16:55:48,822 - INFO - Best fit parameters: [1.50673395e-01 6.84636684e-01 1.90060276e-03 2.74964067e-04].
2023-07-20 16:55:48,847 - INFO - Maximum log composite likelihood: -93.09479699357689.
2023-07-20 16:55:48,847 - INFO - Optimal value of theta: 11991.730613163785.
2023-07-20 16:55:48,847 - INFO - Beginning optimization with guess, [0.04618769 0.05249032 0.01400332 0.01130324].
2023-07-20 16:55:50,035 - INFO - Finished optimization with guess, [0.04618769 0.05249032 0.01400332 0.01130324].
2023-07-20 16:55:50,035 - INFO - Best fit parameters: [0.11237025 0.54884113 0.00136103 0.00314375].
2023-07-20 16:55:50,059 - INFO - Maximum log composite likelihood: -92.31795428699115.
2023-07-20 16:55:50,059 - INFO - Optimal value of theta: 12049.096659013963.
2023-07-20 16:55:50,059 - INFO - Beginning optimization with guess, [1.04313158 0.3155305  0.00646038 0.01301994].
2023-07-20 16:55:51,138 - INFO - Finished optimization with guess, [1.04313158 0.3155305  0.00646038 0.01301994].
2023-07-20 16:55:51,138 - INFO - Best fit parameters: [1.04547969 0.65143647 0.01021812 0.02623776].
2023-07-20 16:55:51,162 - INFO - Maximum log composite likelihood: -89.20305219172405.
2023-07-20 16:55:51,163 - INFO - Optimal value of theta: 12038.640798535833.
2023-07-20 16:55:51,163 - INFO - Beginning optimization with guess, [0.45504309 0.61204611 0.00644335 0.00593886].
2023-07-20 16:55:52,304 - INFO - Finished optimization with guess, [0.45504309 0.61204611 0.00644335 0.00593886].
2023-07-20 16:55:52,304 - INFO - Best fit parameters: [0.45319726 0.8104756  0.00265982 0.18844915].
2023-07-20 16:55:52,331 - INFO - Maximum log composite likelihood: -68.16363536480094.
2023-07-20 16:55:52,331 - INFO - Optimal value of theta: 12494.483187849772.
2023-07-20 16:55:52,332 - INFO - Beginning optimization with guess, [0.75879459 0.63929568 0.00745701 0.00668727].
2023-07-20 16:55:53,445 - INFO - Finished optimization with guess, [0.75879459 0.63929568 0.00745701 0.00668727].
2023-07-20 16:55:53,445 - INFO - Best fit parameters: [0.62850529 0.75620236 0.01193215 0.05336612].
2023-07-20 16:55:53,470 - INFO - Maximum log composite likelihood: -81.21844049243373.
2023-07-20 16:55:53,470 - INFO - Optimal value of theta: 12223.369811669521.
2023-07-20 16:55:53,471 - INFO - Beginning optimization with guess, [1.02883222 0.62153705 0.00532975 0.00602867].
2023-07-20 16:55:54,582 - INFO - Finished optimization with guess, [1.02883222 0.62153705 0.00532975 0.00602867].
2023-07-20 16:55:54,583 - INFO - Best fit parameters: [1.01894713e+00 7.46244411e-01 3.67251672e-05 6.24828301e-02].
2023-07-20 16:55:54,609 - INFO - Maximum log composite likelihood: -82.8905986641148.
2023-07-20 16:55:54,609 - INFO - Optimal value of theta: 12171.866924121747.
2023-07-20 16:55:54,609 - INFO - Beginning optimization with guess, [1.85461757 0.59349468 0.00912151 0.00703767].
2023-07-20 16:55:55,675 - INFO - Finished optimization with guess, [1.85461757 0.59349468 0.00912151 0.00703767].
2023-07-20 16:55:55,675 - INFO - Best fit parameters: [2.36837063e+00 7.71145763e-01 1.02307151e-03 7.73764010e-02].
2023-07-20 16:55:55,700 - INFO - Maximum log composite likelihood: -81.08771540155067.
2023-07-20 16:55:55,700 - INFO - Optimal value of theta: 12182.048613535406.
2023-07-20 16:55:55,701 - INFO - Beginning optimization with guess, [1.14589539 0.79331395 0.00623696 0.00716906].
2023-07-20 16:55:57,198 - INFO - Finished optimization with guess, [1.14589539 0.79331395 0.00623696 0.00716906].
2023-07-20 16:55:57,198 - INFO - Best fit parameters: [1.15744059e+00 7.64409887e-01 7.67025724e-04 5.88057108e-01].
2023-07-20 16:55:57,234 - INFO - Maximum log composite likelihood: -59.468852788460936.
2023-07-20 16:55:57,234 - INFO - Optimal value of theta: 13720.466629778903.
2023-07-20 16:55:57,234 - INFO - Beginning optimization with guess, [2.17267063 2.17675591 0.01064035 0.00888992].
2023-07-20 16:55:58,290 - INFO - Finished optimization with guess, [2.17267063 2.17675591 0.01064035 0.00888992].
2023-07-20 16:55:58,290 - INFO - Best fit parameters: [6.55790373e-01 1.74165302e+00 2.88687513e-03 1.31487559e-05].
2023-07-20 16:55:58,314 - INFO - Maximum log composite likelihood: -105.89507271467482.
2023-07-20 16:55:58,314 - INFO - Optimal value of theta: 11758.278051235606.
2023-07-20 16:55:58,314 - INFO - Beginning optimization with guess, [1.09063889 1.22513141 0.01322726 0.00964846].
2023-07-20 16:55:59,396 - INFO - Finished optimization with guess, [1.09063889 1.22513141 0.01322726 0.00964846].
2023-07-20 16:55:59,396 - INFO - Best fit parameters: [9.07063184e-01 1.07730179e+00 2.77070527e-04 1.44464776e-05].
2023-07-20 16:55:59,420 - INFO - Maximum log composite likelihood: -110.19084242603276.
2023-07-20 16:55:59,420 - INFO - Optimal value of theta: 11720.894974665815.
2023-07-20 16:55:59,420 - INFO - Beginning optimization with guess, [2.34163605 2.29268889 0.01552663 0.01979212].
2023-07-20 16:56:00,481 - INFO - Finished optimization with guess, [2.34163605 2.29268889 0.01552663 0.01979212].
2023-07-20 16:56:00,482 - INFO - Best fit parameters: [2.43201279e+00 4.90435989e-01 1.45254442e-04 5.96266899e-03].
2023-07-20 16:56:00,507 - INFO - Maximum log composite likelihood: -96.56071380656613.
2023-07-20 16:56:00,507 - INFO - Optimal value of theta: 11872.202757699994.
2023-07-20 16:56:00,507 - INFO - Beginning optimization with guess, [1.50021307 1.23971783 0.00661819 0.00641917].
2023-07-20 16:56:01,539 - INFO - Finished optimization with guess, [1.50021307 1.23971783 0.00661819 0.00641917].
2023-07-20 16:56:01,540 - INFO - Best fit parameters: [1.31140189e+00 9.01140909e-01 7.07287376e-06 1.86679910e-04].
2023-07-20 16:56:01,563 - INFO - Maximum log composite likelihood: -110.2178641098526.
2023-07-20 16:56:01,563 - INFO - Optimal value of theta: 11720.675953836077.
2023-07-20 16:56:01,563 - INFO - Beginning optimization with guess, [3.51067655 3.01282826 0.01871207 0.00590678].
2023-07-20 16:56:02,602 - INFO - Finished optimization with guess, [3.51067655 3.01282826 0.01871207 0.00590678].
2023-07-20 16:56:02,602 - INFO - Best fit parameters: [1.14934763e+00 2.07861601e-01 5.87644150e-06 6.07245554e-06].
2023-07-20 16:56:02,625 - INFO - Maximum log composite likelihood: -110.20618492524773.
2023-07-20 16:56:02,626 - INFO - Optimal value of theta: 11720.77083077839.
2023-07-20 16:56:02,626 - INFO - Beginning optimization with guess, [1.50093262 2.15924571 0.0060016  0.01529681].
2023-07-20 16:56:03,681 - INFO - Finished optimization with guess, [1.50093262 2.15924571 0.0060016  0.01529681].
2023-07-20 16:56:03,682 - INFO - Best fit parameters: [4.60070039e-01 1.15877281e+00 9.99290706e-07 8.01071375e-07].
2023-07-20 16:56:03,705 - INFO - Maximum log composite likelihood: -110.27408604194352.
2023-07-20 16:56:03,705 - INFO - Optimal value of theta: 11720.220603187729.
2023-07-20 16:56:03,705 - INFO - Beginning optimization with guess, [1.70017583e+00 5.52769846e+00 7.67808791e-03 5.40123239e-03].
2023-07-20 16:56:04,714 - INFO - Finished optimization with guess, [1.70017583e+00 5.52769846e+00 7.67808791e-03 5.40123239e-03].
2023-07-20 16:56:04,714 - INFO - Best fit parameters: [1.16239244e+00 5.17198913e-01 2.43919762e-05 3.21849233e-05].
2023-07-20 16:56:04,737 - INFO - Maximum log composite likelihood: -110.19281839733048.
2023-07-20 16:56:04,738 - INFO - Optimal value of theta: 11720.87925950641.
2023-07-20 16:56:04,738 - INFO - Beginning optimization with guess, [2.08066475 4.82115343 0.01038732 0.00600673].
2023-07-20 16:56:05,769 - INFO - Finished optimization with guess, [2.08066475 4.82115343 0.01038732 0.00600673].
2023-07-20 16:56:05,770 - INFO - Best fit parameters: [7.25602363e-01 1.93678782e+00 2.65368900e-04 2.39563522e-05].
2023-07-20 16:56:05,793 - INFO - Maximum log composite likelihood: -109.99722738363926.
2023-07-20 16:56:05,793 - INFO - Optimal value of theta: 11722.470560657184.
2023-07-20 16:56:05,793 - INFO - Beginning optimization with guess, [6.62651245 5.31092575 0.01846123 0.00743335].
2023-07-20 16:56:06,838 - INFO - Finished optimization with guess, [6.62651245 5.31092575 0.01846123 0.00743335].
2023-07-20 16:56:06,839 - INFO - Best fit parameters: [4.72706275e+00 6.37729792e-01 2.43160925e-04 6.89007279e-04].
2023-07-20 16:56:06,863 - INFO - Maximum log composite likelihood: -109.6507266690187.
2023-07-20 16:56:06,863 - INFO - Optimal value of theta: 11725.311267537947.
2023-07-20 16:56:06,863 - INFO - Beginning optimization with guess, [6.43511822e+00 2.83990107e+00 5.77840721e-03 1.14163094e-02].
2023-07-20 16:56:07,848 - INFO - Finished optimization with guess, [6.43511822e+00 2.83990107e+00 5.77840721e-03 1.14163094e-02].
2023-07-20 16:56:07,848 - INFO - Best fit parameters: [8.67471063e+00 2.69333035e-01 1.09662349e-05 3.68883201e-04].
2023-07-20 16:56:07,871 - INFO - Maximum log composite likelihood: -107.29635097649589.
2023-07-20 16:56:07,872 - INFO - Optimal value of theta: 11745.589291801967.
2023-07-20 16:56:07,872 - INFO - Beginning optimization with guess, [2.93136443 3.71673365 0.0096748  0.01869175].
2023-07-20 16:56:08,881 - INFO - Finished optimization with guess, [2.93136443 3.71673365 0.0096748  0.01869175].
2023-07-20 16:56:08,882 - INFO - Best fit parameters: [4.86542653e-01 1.96746172e+00 2.84294410e-04 5.50586658e-05].
2023-07-20 16:56:08,905 - INFO - Maximum log composite likelihood: -109.4230592296135.
2023-07-20 16:56:08,905 - INFO - Optimal value of theta: 11727.202718539294.
2023-07-20 16:56:08,906 - INFO - Beginning optimization with guess, [4.99254469e+00 8.61657144e+00 5.60517157e-03 1.23000124e-02].
2023-07-20 16:56:09,987 - INFO - Finished optimization with guess, [4.99254469e+00 8.61657144e+00 5.60517157e-03 1.23000124e-02].
2023-07-20 16:56:09,987 - INFO - Best fit parameters: [4.88826131e-01 4.20560635e+00 1.67145443e-04 7.44045649e-05].
2023-07-20 16:56:10,011 - INFO - Maximum log composite likelihood: -109.90614973307493.
2023-07-20 16:56:10,011 - INFO - Optimal value of theta: 11723.214862489987.
2023-07-20 16:56:10,011 - INFO - Beginning optimization with guess, [5.96594880e+00 8.34672696e+00 8.27493996e-03 1.15159816e-02].
2023-07-20 16:56:11,116 - INFO - Finished optimization with guess, [5.96594880e+00 8.34672696e+00 8.27493996e-03 1.15159816e-02].
2023-07-20 16:56:11,116 - INFO - Best fit parameters: [1.73036899e-01 3.06820763e+00 2.70646906e-04 1.97371937e-05].
2023-07-20 16:56:11,140 - INFO - Maximum log composite likelihood: -106.49004118637276.
2023-07-20 16:56:11,140 - INFO - Optimal value of theta: 11752.960353417464.
2023-07-20 16:56:11,142 - INFO - Finished demographic inference.
2023-07-20 16:56:11,142 - INFO - Pipeline executed succesfully.
