2023-02-17 17:00:36,675 - INFO - Beginning execution of fit_one_epoch.py in directory /u/project/ngarud/jonmah/demo_for_ccgb/Scripts

2023-02-17 17:00:36,675 - INFO - Progress is being logged to ../Analysis/Bacteroides_xylanisolvens_57185_downsampled_18/log.log

2023-02-17 17:00:36,675 - INFO - Parsed the following arguments:
	syn_input_sfs = ../Analysis/Bacteroides_xylanisolvens_57185_downsampled_18/empirical_sfs.txt
	mask_singletons = False
	mask_doubletons = False
	outprefix = ../Analysis/Bacteroides_xylanisolvens_57185_downsampled_18/

2023-02-17 17:00:36,691 - INFO - Beginning demographic inference for one-epoch demographic model.
2023-02-17 17:00:36,693 - INFO - Beginning optimization with guess, [0.07017271].
2023-02-17 17:00:36,783 - INFO - Finished optimization with guess, [0.07017271].
2023-02-17 17:00:36,784 - INFO - Best fit parameters: [0.07017271].
2023-02-17 17:00:36,830 - INFO - Maximum log composite likelihood: -49.182891442799246.
2023-02-17 17:00:36,830 - INFO - Optimal value of theta: 2248.2110410879873.
2023-02-17 17:00:36,831 - INFO - Beginning optimization with guess, [0.14361415].
2023-02-17 17:00:36,923 - INFO - Finished optimization with guess, [0.14361415].
2023-02-17 17:00:36,923 - INFO - Best fit parameters: [0.14361415].
2023-02-17 17:00:36,970 - INFO - Maximum log composite likelihood: -49.182891442799246.
2023-02-17 17:00:36,971 - INFO - Optimal value of theta: 2248.2110410879873.
2023-02-17 17:00:36,971 - INFO - Beginning optimization with guess, [0.21976846].
2023-02-17 17:00:37,066 - INFO - Finished optimization with guess, [0.21976846].
2023-02-17 17:00:37,066 - INFO - Best fit parameters: [0.21976846].
2023-02-17 17:00:37,113 - INFO - Maximum log composite likelihood: -49.182891442799246.
2023-02-17 17:00:37,113 - INFO - Optimal value of theta: 2248.2110410879873.
2023-02-17 17:00:37,114 - INFO - Beginning optimization with guess, [0.62899877].
2023-02-17 17:00:37,245 - INFO - Finished optimization with guess, [0.62899877].
2023-02-17 17:00:37,246 - INFO - Best fit parameters: [0.62899877].
2023-02-17 17:00:37,305 - INFO - Maximum log composite likelihood: -49.182891442799246.
2023-02-17 17:00:37,306 - INFO - Optimal value of theta: 2248.2110410879873.
2023-02-17 17:00:37,306 - INFO - Beginning optimization with guess, [0.83270211].
2023-02-17 17:00:37,394 - INFO - Finished optimization with guess, [0.83270211].
2023-02-17 17:00:37,394 - INFO - Best fit parameters: [0.83270211].
2023-02-17 17:00:37,434 - INFO - Maximum log composite likelihood: -49.182891442799246.
2023-02-17 17:00:37,435 - INFO - Optimal value of theta: 2248.2110410879873.
2023-02-17 17:00:37,435 - INFO - Beginning optimization with guess, [0.94538567].
2023-02-17 17:00:37,515 - INFO - Finished optimization with guess, [0.94538567].
2023-02-17 17:00:37,516 - INFO - Best fit parameters: [0.94538567].
2023-02-17 17:00:37,559 - INFO - Maximum log composite likelihood: -49.182891442799246.
2023-02-17 17:00:37,559 - INFO - Optimal value of theta: 2248.2110410879873.
2023-02-17 17:00:37,560 - INFO - Beginning optimization with guess, [1.04657819].
2023-02-17 17:00:37,641 - INFO - Finished optimization with guess, [1.04657819].
2023-02-17 17:00:37,641 - INFO - Best fit parameters: [1.04657819].
2023-02-17 17:00:37,681 - INFO - Maximum log composite likelihood: -49.182891442799246.
2023-02-17 17:00:37,682 - INFO - Optimal value of theta: 2248.2110410879873.
2023-02-17 17:00:37,682 - INFO - Beginning optimization with guess, [1.5939991].
2023-02-17 17:00:37,763 - INFO - Finished optimization with guess, [1.5939991].
2023-02-17 17:00:37,763 - INFO - Best fit parameters: [1.5939991].
2023-02-17 17:00:37,803 - INFO - Maximum log composite likelihood: -49.182891442799246.
2023-02-17 17:00:37,803 - INFO - Optimal value of theta: 2248.2110410879873.
2023-02-17 17:00:37,804 - INFO - Beginning optimization with guess, [1.25051265].
2023-02-17 17:00:37,884 - INFO - Finished optimization with guess, [1.25051265].
2023-02-17 17:00:37,884 - INFO - Best fit parameters: [1.25051265].
2023-02-17 17:00:37,924 - INFO - Maximum log composite likelihood: -49.182891442799246.
2023-02-17 17:00:37,925 - INFO - Optimal value of theta: 2248.2110410879873.
2023-02-17 17:00:37,925 - INFO - Beginning optimization with guess, [1.89813523].
2023-02-17 17:00:38,005 - INFO - Finished optimization with guess, [1.89813523].
2023-02-17 17:00:38,006 - INFO - Best fit parameters: [1.89813523].
2023-02-17 17:00:38,046 - INFO - Maximum log composite likelihood: -49.182891442799246.
2023-02-17 17:00:38,046 - INFO - Optimal value of theta: 2248.2110410879873.
2023-02-17 17:00:38,046 - INFO - Beginning optimization with guess, [1.25671568].
2023-02-17 17:00:38,127 - INFO - Finished optimization with guess, [1.25671568].
2023-02-17 17:00:38,127 - INFO - Best fit parameters: [1.25671568].
2023-02-17 17:00:38,167 - INFO - Maximum log composite likelihood: -49.182891442799246.
2023-02-17 17:00:38,167 - INFO - Optimal value of theta: 2248.2110410879873.
2023-02-17 17:00:38,168 - INFO - Beginning optimization with guess, [1.75226868].
2023-02-17 17:00:38,248 - INFO - Finished optimization with guess, [1.75226868].
2023-02-17 17:00:38,248 - INFO - Best fit parameters: [1.75226868].
2023-02-17 17:00:38,288 - INFO - Maximum log composite likelihood: -49.182891442799246.
2023-02-17 17:00:38,289 - INFO - Optimal value of theta: 2248.2110410879873.
2023-02-17 17:00:38,289 - INFO - Beginning optimization with guess, [1.78195303].
2023-02-17 17:00:38,369 - INFO - Finished optimization with guess, [1.78195303].
2023-02-17 17:00:38,369 - INFO - Best fit parameters: [1.78195303].
2023-02-17 17:00:38,409 - INFO - Maximum log composite likelihood: -49.182891442799246.
2023-02-17 17:00:38,410 - INFO - Optimal value of theta: 2248.2110410879873.
2023-02-17 17:00:38,410 - INFO - Beginning optimization with guess, [1.73770603].
2023-02-17 17:00:38,491 - INFO - Finished optimization with guess, [1.73770603].
2023-02-17 17:00:38,491 - INFO - Best fit parameters: [1.73770603].
2023-02-17 17:00:38,531 - INFO - Maximum log composite likelihood: -49.182891442799246.
2023-02-17 17:00:38,531 - INFO - Optimal value of theta: 2248.2110410879873.
2023-02-17 17:00:38,531 - INFO - Beginning optimization with guess, [3.2594261].
2023-02-17 17:00:38,612 - INFO - Finished optimization with guess, [3.2594261].
2023-02-17 17:00:38,612 - INFO - Best fit parameters: [3.2594261].
2023-02-17 17:00:38,652 - INFO - Maximum log composite likelihood: -49.182891442799246.
2023-02-17 17:00:38,652 - INFO - Optimal value of theta: 2248.2110410879873.
2023-02-17 17:00:38,652 - INFO - Beginning optimization with guess, [2.80692408].
2023-02-17 17:00:38,733 - INFO - Finished optimization with guess, [2.80692408].
2023-02-17 17:00:38,733 - INFO - Best fit parameters: [2.80692408].
2023-02-17 17:00:38,773 - INFO - Maximum log composite likelihood: -49.182891442799246.
2023-02-17 17:00:38,773 - INFO - Optimal value of theta: 2248.2110410879873.
2023-02-17 17:00:38,774 - INFO - Beginning optimization with guess, [4.46797539].
2023-02-17 17:00:38,854 - INFO - Finished optimization with guess, [4.46797539].
2023-02-17 17:00:38,854 - INFO - Best fit parameters: [4.46797539].
2023-02-17 17:00:38,894 - INFO - Maximum log composite likelihood: -49.182891442799246.
2023-02-17 17:00:38,894 - INFO - Optimal value of theta: 2248.2110410879873.
2023-02-17 17:00:38,895 - INFO - Beginning optimization with guess, [1.73591363].
2023-02-17 17:00:38,975 - INFO - Finished optimization with guess, [1.73591363].
2023-02-17 17:00:38,975 - INFO - Best fit parameters: [1.73591363].
2023-02-17 17:00:39,015 - INFO - Maximum log composite likelihood: -49.182891442799246.
2023-02-17 17:00:39,015 - INFO - Optimal value of theta: 2248.2110410879873.
2023-02-17 17:00:39,016 - INFO - Beginning optimization with guess, [2.56428143].
2023-02-17 17:00:39,096 - INFO - Finished optimization with guess, [2.56428143].
2023-02-17 17:00:39,096 - INFO - Best fit parameters: [2.56428143].
2023-02-17 17:00:39,136 - INFO - Maximum log composite likelihood: -49.182891442799246.
2023-02-17 17:00:39,137 - INFO - Optimal value of theta: 2248.2110410879873.
2023-02-17 17:00:39,137 - INFO - Beginning optimization with guess, [5.72135975].
2023-02-17 17:00:39,276 - INFO - Finished optimization with guess, [5.72135975].
2023-02-17 17:00:39,276 - INFO - Best fit parameters: [5.72135975].
2023-02-17 17:00:39,325 - INFO - Maximum log composite likelihood: -49.182891442799246.
2023-02-17 17:00:39,326 - INFO - Optimal value of theta: 2248.2110410879873.
2023-02-17 17:00:39,326 - INFO - Beginning optimization with guess, [2.85894777].
2023-02-17 17:00:39,418 - INFO - Finished optimization with guess, [2.85894777].
2023-02-17 17:00:39,418 - INFO - Best fit parameters: [2.85894777].
2023-02-17 17:00:39,464 - INFO - Maximum log composite likelihood: -49.182891442799246.
2023-02-17 17:00:39,465 - INFO - Optimal value of theta: 2248.2110410879873.
2023-02-17 17:00:39,465 - INFO - Beginning optimization with guess, [3.98565735].
2023-02-17 17:00:39,560 - INFO - Finished optimization with guess, [3.98565735].
2023-02-17 17:00:39,560 - INFO - Best fit parameters: [3.98565735].
2023-02-17 17:00:39,607 - INFO - Maximum log composite likelihood: -49.182891442799246.
2023-02-17 17:00:39,607 - INFO - Optimal value of theta: 2248.2110410879873.
2023-02-17 17:00:39,607 - INFO - Beginning optimization with guess, [3.58592838].
2023-02-17 17:00:39,700 - INFO - Finished optimization with guess, [3.58592838].
2023-02-17 17:00:39,701 - INFO - Best fit parameters: [3.58592838].
2023-02-17 17:00:39,785 - INFO - Maximum log composite likelihood: -49.182891442799246.
2023-02-17 17:00:39,785 - INFO - Optimal value of theta: 2248.2110410879873.
2023-02-17 17:00:39,785 - INFO - Beginning optimization with guess, [5.03685792].
2023-02-17 17:00:39,908 - INFO - Finished optimization with guess, [5.03685792].
2023-02-17 17:00:39,909 - INFO - Best fit parameters: [5.03685792].
2023-02-17 17:00:39,977 - INFO - Maximum log composite likelihood: -49.182891442799246.
2023-02-17 17:00:39,977 - INFO - Optimal value of theta: 2248.2110410879873.
2023-02-17 17:00:39,978 - INFO - Beginning optimization with guess, [6.64893318].
2023-02-17 17:00:40,072 - INFO - Finished optimization with guess, [6.64893318].
2023-02-17 17:00:40,072 - INFO - Best fit parameters: [6.64893318].
2023-02-17 17:00:40,112 - INFO - Maximum log composite likelihood: -49.182891442799246.
2023-02-17 17:00:40,113 - INFO - Optimal value of theta: 2248.2110410879873.
2023-02-17 17:00:40,115 - INFO - Finished demographic inference.
2023-02-17 17:00:40,115 - INFO - Pipeline executed succesfully.
