2022-11-02 12:48:51,972 - INFO - Beginning execution of fit_one_epoch.py in directory /u/project/ngarud/jonmah/demo_for_ccgb/Scripts

2022-11-02 12:48:51,972 - INFO - Progress is being logged to ../Analysis/Streptococcus_salivarius_58037_oral/masked_log.log

2022-11-02 12:48:51,973 - INFO - Parsed the following arguments:
	syn_input_sfs = ../Data/oral_microbiome_sfs/Streptococcus_salivarius_58037_sfs/folded_sfs_10.txt
	mask_singletons = True
	mask_doubletons = False
	outprefix = ../Analysis/Streptococcus_salivarius_58037_oral/masked

2022-11-02 12:48:52,001 - INFO - Beginning demographic inference for one-epoch demographic model.
2022-11-02 12:48:52,003 - INFO - Beginning optimization with guess, [0.094284].
2022-11-02 12:48:52,059 - INFO - Finished optimization with guess, [0.094284].
2022-11-02 12:48:52,060 - INFO - Best fit parameters: [0.094284].
2022-11-02 12:48:52,082 - INFO - Maximum log composite likelihood: -3609.108561313961.
2022-11-02 12:48:52,083 - INFO - Optimal value of theta: 16428.967276335425.
2022-11-02 12:48:52,083 - INFO - Beginning optimization with guess, [0.11838774].
2022-11-02 12:48:52,129 - INFO - Finished optimization with guess, [0.11838774].
2022-11-02 12:48:52,129 - INFO - Best fit parameters: [0.11838774].
2022-11-02 12:48:52,151 - INFO - Maximum log composite likelihood: -3609.108561313961.
2022-11-02 12:48:52,152 - INFO - Optimal value of theta: 16428.967276335425.
2022-11-02 12:48:52,152 - INFO - Beginning optimization with guess, [0.46625959].
2022-11-02 12:48:52,195 - INFO - Finished optimization with guess, [0.46625959].
2022-11-02 12:48:52,196 - INFO - Best fit parameters: [0.46625959].
2022-11-02 12:48:52,217 - INFO - Maximum log composite likelihood: -3609.108561313961.
2022-11-02 12:48:52,218 - INFO - Optimal value of theta: 16428.967276335425.
2022-11-02 12:48:52,218 - INFO - Beginning optimization with guess, [0.23224726].
2022-11-02 12:48:52,261 - INFO - Finished optimization with guess, [0.23224726].
2022-11-02 12:48:52,262 - INFO - Best fit parameters: [0.23224726].
2022-11-02 12:48:52,283 - INFO - Maximum log composite likelihood: -3609.108561313961.
2022-11-02 12:48:52,284 - INFO - Optimal value of theta: 16428.967276335425.
2022-11-02 12:48:52,284 - INFO - Beginning optimization with guess, [0.65519204].
2022-11-02 12:48:52,327 - INFO - Finished optimization with guess, [0.65519204].
2022-11-02 12:48:52,328 - INFO - Best fit parameters: [0.65519204].
2022-11-02 12:48:52,349 - INFO - Maximum log composite likelihood: -3609.108561313961.
2022-11-02 12:48:52,350 - INFO - Optimal value of theta: 16428.967276335425.
2022-11-02 12:48:52,350 - INFO - Beginning optimization with guess, [0.52267308].
2022-11-02 12:48:52,393 - INFO - Finished optimization with guess, [0.52267308].
2022-11-02 12:48:52,394 - INFO - Best fit parameters: [0.52267308].
2022-11-02 12:48:52,415 - INFO - Maximum log composite likelihood: -3609.108561313961.
2022-11-02 12:48:52,415 - INFO - Optimal value of theta: 16428.967276335425.
2022-11-02 12:48:52,416 - INFO - Beginning optimization with guess, [1.27314495].
2022-11-02 12:48:52,459 - INFO - Finished optimization with guess, [1.27314495].
2022-11-02 12:48:52,459 - INFO - Best fit parameters: [1.27314495].
2022-11-02 12:48:52,481 - INFO - Maximum log composite likelihood: -3609.108561313961.
2022-11-02 12:48:52,481 - INFO - Optimal value of theta: 16428.967276335425.
2022-11-02 12:48:52,482 - INFO - Beginning optimization with guess, [1.19767927].
2022-11-02 12:48:52,524 - INFO - Finished optimization with guess, [1.19767927].
2022-11-02 12:48:52,525 - INFO - Best fit parameters: [1.19767927].
2022-11-02 12:48:52,550 - INFO - Maximum log composite likelihood: -3609.108561313961.
2022-11-02 12:48:52,551 - INFO - Optimal value of theta: 16428.967276335425.
2022-11-02 12:48:52,552 - INFO - Beginning optimization with guess, [1.27099069].
2022-11-02 12:48:52,620 - INFO - Finished optimization with guess, [1.27099069].
2022-11-02 12:48:52,620 - INFO - Best fit parameters: [1.27099069].
2022-11-02 12:48:52,646 - INFO - Maximum log composite likelihood: -3609.108561313961.
2022-11-02 12:48:52,647 - INFO - Optimal value of theta: 16428.967276335425.
2022-11-02 12:48:52,648 - INFO - Beginning optimization with guess, [0.69296779].
2022-11-02 12:48:52,692 - INFO - Finished optimization with guess, [0.69296779].
2022-11-02 12:48:52,693 - INFO - Best fit parameters: [0.69296779].
2022-11-02 12:48:52,713 - INFO - Maximum log composite likelihood: -3609.108561313961.
2022-11-02 12:48:52,714 - INFO - Optimal value of theta: 16428.967276335425.
2022-11-02 12:48:52,714 - INFO - Beginning optimization with guess, [1.39550153].
2022-11-02 12:48:52,756 - INFO - Finished optimization with guess, [1.39550153].
2022-11-02 12:48:52,756 - INFO - Best fit parameters: [1.39550153].
2022-11-02 12:48:52,776 - INFO - Maximum log composite likelihood: -3609.108561313961.
2022-11-02 12:48:52,777 - INFO - Optimal value of theta: 16428.967276335425.
2022-11-02 12:48:52,777 - INFO - Beginning optimization with guess, [2.37676396].
2022-11-02 12:48:52,828 - INFO - Finished optimization with guess, [2.37676396].
2022-11-02 12:48:52,829 - INFO - Best fit parameters: [2.37676396].
2022-11-02 12:48:52,850 - INFO - Maximum log composite likelihood: -3609.108561313961.
2022-11-02 12:48:52,850 - INFO - Optimal value of theta: 16428.967276335425.
2022-11-02 12:48:52,851 - INFO - Beginning optimization with guess, [2.69689755].
2022-11-02 12:48:52,893 - INFO - Finished optimization with guess, [2.69689755].
2022-11-02 12:48:52,893 - INFO - Best fit parameters: [2.69689755].
2022-11-02 12:48:52,913 - INFO - Maximum log composite likelihood: -3609.108561313961.
2022-11-02 12:48:52,914 - INFO - Optimal value of theta: 16428.967276335425.
2022-11-02 12:48:52,914 - INFO - Beginning optimization with guess, [1.08758626].
2022-11-02 12:48:52,956 - INFO - Finished optimization with guess, [1.08758626].
2022-11-02 12:48:52,957 - INFO - Best fit parameters: [1.08758626].
2022-11-02 12:48:52,977 - INFO - Maximum log composite likelihood: -3609.108561313961.
2022-11-02 12:48:52,977 - INFO - Optimal value of theta: 16428.967276335425.
2022-11-02 12:48:52,978 - INFO - Beginning optimization with guess, [2.54025718].
2022-11-02 12:48:53,019 - INFO - Finished optimization with guess, [2.54025718].
2022-11-02 12:48:53,019 - INFO - Best fit parameters: [2.54025718].
2022-11-02 12:48:53,040 - INFO - Maximum log composite likelihood: -3609.108561313961.
2022-11-02 12:48:53,040 - INFO - Optimal value of theta: 16428.967276335425.
2022-11-02 12:48:53,041 - INFO - Beginning optimization with guess, [2.08599541].
2022-11-02 12:48:53,082 - INFO - Finished optimization with guess, [2.08599541].
2022-11-02 12:48:53,082 - INFO - Best fit parameters: [2.08599541].
2022-11-02 12:48:53,102 - INFO - Maximum log composite likelihood: -3609.108561313961.
2022-11-02 12:48:53,103 - INFO - Optimal value of theta: 16428.967276335425.
2022-11-02 12:48:53,103 - INFO - Beginning optimization with guess, [1.8417].
2022-11-02 12:48:53,168 - INFO - Finished optimization with guess, [1.8417].
2022-11-02 12:48:53,168 - INFO - Best fit parameters: [1.8417].
2022-11-02 12:48:53,201 - INFO - Maximum log composite likelihood: -3609.108561313961.
2022-11-02 12:48:53,202 - INFO - Optimal value of theta: 16428.967276335425.
2022-11-02 12:48:53,202 - INFO - Beginning optimization with guess, [1.65084658].
2022-11-02 12:48:53,255 - INFO - Finished optimization with guess, [1.65084658].
2022-11-02 12:48:53,255 - INFO - Best fit parameters: [1.65084658].
2022-11-02 12:48:53,277 - INFO - Maximum log composite likelihood: -3609.108561313961.
2022-11-02 12:48:53,277 - INFO - Optimal value of theta: 16428.967276335425.
2022-11-02 12:48:53,278 - INFO - Beginning optimization with guess, [4.25908937].
2022-11-02 12:48:53,318 - INFO - Finished optimization with guess, [4.25908937].
2022-11-02 12:48:53,319 - INFO - Best fit parameters: [4.25908937].
2022-11-02 12:48:53,339 - INFO - Maximum log composite likelihood: -3609.108561313961.
2022-11-02 12:48:53,339 - INFO - Optimal value of theta: 16428.967276335425.
2022-11-02 12:48:53,340 - INFO - Beginning optimization with guess, [2.89681711].
2022-11-02 12:48:53,380 - INFO - Finished optimization with guess, [2.89681711].
2022-11-02 12:48:53,380 - INFO - Best fit parameters: [2.89681711].
2022-11-02 12:48:53,400 - INFO - Maximum log composite likelihood: -3609.108561313961.
2022-11-02 12:48:53,401 - INFO - Optimal value of theta: 16428.967276335425.
2022-11-02 12:48:53,401 - INFO - Beginning optimization with guess, [5.67666515].
2022-11-02 12:48:53,442 - INFO - Finished optimization with guess, [5.67666515].
2022-11-02 12:48:53,442 - INFO - Best fit parameters: [5.67666515].
2022-11-02 12:48:53,462 - INFO - Maximum log composite likelihood: -3609.108561313961.
2022-11-02 12:48:53,462 - INFO - Optimal value of theta: 16428.967276335425.
2022-11-02 12:48:53,463 - INFO - Beginning optimization with guess, [3.98480388].
2022-11-02 12:48:53,503 - INFO - Finished optimization with guess, [3.98480388].
2022-11-02 12:48:53,504 - INFO - Best fit parameters: [3.98480388].
2022-11-02 12:48:53,523 - INFO - Maximum log composite likelihood: -3609.108561313961.
2022-11-02 12:48:53,524 - INFO - Optimal value of theta: 16428.967276335425.
2022-11-02 12:48:53,524 - INFO - Beginning optimization with guess, [5.23466117].
2022-11-02 12:48:53,565 - INFO - Finished optimization with guess, [5.23466117].
2022-11-02 12:48:53,565 - INFO - Best fit parameters: [5.23466117].
2022-11-02 12:48:53,585 - INFO - Maximum log composite likelihood: -3609.108561313961.
2022-11-02 12:48:53,585 - INFO - Optimal value of theta: 16428.967276335425.
2022-11-02 12:48:53,586 - INFO - Beginning optimization with guess, [7.40781991].
2022-11-02 12:48:53,626 - INFO - Finished optimization with guess, [7.40781991].
2022-11-02 12:48:53,627 - INFO - Best fit parameters: [7.40781991].
2022-11-02 12:48:53,647 - INFO - Maximum log composite likelihood: -3609.108561313961.
2022-11-02 12:48:53,647 - INFO - Optimal value of theta: 16428.967276335425.
2022-11-02 12:48:53,648 - INFO - Beginning optimization with guess, [10.66416502].
2022-11-02 12:48:53,688 - INFO - Finished optimization with guess, [10.66416502].
2022-11-02 12:48:53,688 - INFO - Best fit parameters: [10.66416502].
2022-11-02 12:48:53,708 - INFO - Maximum log composite likelihood: -3609.108561313961.
2022-11-02 12:48:53,709 - INFO - Optimal value of theta: 16428.967276335425.
2022-11-02 12:48:53,711 - INFO - Finished demographic inference.
2022-11-02 12:48:53,711 - INFO - Pipeline executed succesfully.
