2023-02-17 16:17:40,231 - INFO - Beginning execution of fit_one_epoch.py in directory /u/project/ngarud/jonmah/demo_for_ccgb/Scripts

2023-02-17 16:17:40,231 - INFO - Progress is being logged to ../Analysis/Dialister_invisus_61905_downsampled_12/log.log

2023-02-17 16:17:40,231 - INFO - Parsed the following arguments:
	syn_input_sfs = ../Analysis/Dialister_invisus_61905_downsampled_12/empirical_sfs.txt
	mask_singletons = False
	mask_doubletons = False
	outprefix = ../Analysis/Dialister_invisus_61905_downsampled_12/

2023-02-17 16:17:40,240 - INFO - Beginning demographic inference for one-epoch demographic model.
2023-02-17 16:17:40,243 - INFO - Beginning optimization with guess, [0.12588084].
2023-02-17 16:17:40,321 - INFO - Finished optimization with guess, [0.12588084].
2023-02-17 16:17:40,321 - INFO - Best fit parameters: [0.12588084].
2023-02-17 16:17:40,357 - INFO - Maximum log composite likelihood: -71.05069010726947.
2023-02-17 16:17:40,358 - INFO - Optimal value of theta: 7759.430212170833.
2023-02-17 16:17:40,358 - INFO - Beginning optimization with guess, [0.13380516].
2023-02-17 16:17:40,431 - INFO - Finished optimization with guess, [0.13380516].
2023-02-17 16:17:40,431 - INFO - Best fit parameters: [0.13380516].
2023-02-17 16:17:40,467 - INFO - Maximum log composite likelihood: -71.05069010726947.
2023-02-17 16:17:40,467 - INFO - Optimal value of theta: 7759.430212170833.
2023-02-17 16:17:40,467 - INFO - Beginning optimization with guess, [0.15297722].
2023-02-17 16:17:40,540 - INFO - Finished optimization with guess, [0.15297722].
2023-02-17 16:17:40,541 - INFO - Best fit parameters: [0.15297722].
2023-02-17 16:17:40,576 - INFO - Maximum log composite likelihood: -71.05069010726947.
2023-02-17 16:17:40,577 - INFO - Optimal value of theta: 7759.430212170833.
2023-02-17 16:17:40,577 - INFO - Beginning optimization with guess, [0.67747093].
2023-02-17 16:17:40,648 - INFO - Finished optimization with guess, [0.67747093].
2023-02-17 16:17:40,649 - INFO - Best fit parameters: [0.67747093].
2023-02-17 16:17:40,686 - INFO - Maximum log composite likelihood: -71.05069010726947.
2023-02-17 16:17:40,687 - INFO - Optimal value of theta: 7759.430212170833.
2023-02-17 16:17:40,688 - INFO - Beginning optimization with guess, [0.37885603].
2023-02-17 16:17:40,760 - INFO - Finished optimization with guess, [0.37885603].
2023-02-17 16:17:40,761 - INFO - Best fit parameters: [0.37885603].
2023-02-17 16:17:40,796 - INFO - Maximum log composite likelihood: -71.05069010726947.
2023-02-17 16:17:40,796 - INFO - Optimal value of theta: 7759.430212170833.
2023-02-17 16:17:40,797 - INFO - Beginning optimization with guess, [0.33762241].
2023-02-17 16:17:40,868 - INFO - Finished optimization with guess, [0.33762241].
2023-02-17 16:17:40,868 - INFO - Best fit parameters: [0.33762241].
2023-02-17 16:17:40,904 - INFO - Maximum log composite likelihood: -71.05069010726947.
2023-02-17 16:17:40,905 - INFO - Optimal value of theta: 7759.430212170833.
2023-02-17 16:17:40,905 - INFO - Beginning optimization with guess, [1.12445475].
2023-02-17 16:17:40,976 - INFO - Finished optimization with guess, [1.12445475].
2023-02-17 16:17:40,977 - INFO - Best fit parameters: [1.12445475].
2023-02-17 16:17:41,012 - INFO - Maximum log composite likelihood: -71.05069010726947.
2023-02-17 16:17:41,012 - INFO - Optimal value of theta: 7759.430212170833.
2023-02-17 16:17:41,013 - INFO - Beginning optimization with guess, [1.29935511].
2023-02-17 16:17:41,088 - INFO - Finished optimization with guess, [1.29935511].
2023-02-17 16:17:41,088 - INFO - Best fit parameters: [1.29935511].
2023-02-17 16:17:41,124 - INFO - Maximum log composite likelihood: -71.05069010726947.
2023-02-17 16:17:41,124 - INFO - Optimal value of theta: 7759.430212170833.
2023-02-17 16:17:41,124 - INFO - Beginning optimization with guess, [1.13152571].
2023-02-17 16:17:41,196 - INFO - Finished optimization with guess, [1.13152571].
2023-02-17 16:17:41,196 - INFO - Best fit parameters: [1.13152571].
2023-02-17 16:17:41,232 - INFO - Maximum log composite likelihood: -71.05069010726947.
2023-02-17 16:17:41,233 - INFO - Optimal value of theta: 7759.430212170833.
2023-02-17 16:17:41,233 - INFO - Beginning optimization with guess, [0.81902978].
2023-02-17 16:17:41,307 - INFO - Finished optimization with guess, [0.81902978].
2023-02-17 16:17:41,307 - INFO - Best fit parameters: [0.81902978].
2023-02-17 16:17:41,345 - INFO - Maximum log composite likelihood: -71.05069010726947.
2023-02-17 16:17:41,346 - INFO - Optimal value of theta: 7759.430212170833.
2023-02-17 16:17:41,346 - INFO - Beginning optimization with guess, [2.14290765].
2023-02-17 16:17:41,420 - INFO - Finished optimization with guess, [2.14290765].
2023-02-17 16:17:41,420 - INFO - Best fit parameters: [2.14290765].
2023-02-17 16:17:41,457 - INFO - Maximum log composite likelihood: -71.05069010726947.
2023-02-17 16:17:41,458 - INFO - Optimal value of theta: 7759.430212170833.
2023-02-17 16:17:41,458 - INFO - Beginning optimization with guess, [0.80284835].
2023-02-17 16:17:41,532 - INFO - Finished optimization with guess, [0.80284835].
2023-02-17 16:17:41,532 - INFO - Best fit parameters: [0.80284835].
2023-02-17 16:17:41,568 - INFO - Maximum log composite likelihood: -71.05069010726947.
2023-02-17 16:17:41,569 - INFO - Optimal value of theta: 7759.430212170833.
2023-02-17 16:17:41,569 - INFO - Beginning optimization with guess, [2.61764601].
2023-02-17 16:17:41,641 - INFO - Finished optimization with guess, [2.61764601].
2023-02-17 16:17:41,642 - INFO - Best fit parameters: [2.61764601].
2023-02-17 16:17:41,677 - INFO - Maximum log composite likelihood: -71.05069010726947.
2023-02-17 16:17:41,678 - INFO - Optimal value of theta: 7759.430212170833.
2023-02-17 16:17:41,678 - INFO - Beginning optimization with guess, [2.00328268].
2023-02-17 16:17:41,752 - INFO - Finished optimization with guess, [2.00328268].
2023-02-17 16:17:41,752 - INFO - Best fit parameters: [2.00328268].
2023-02-17 16:17:41,789 - INFO - Maximum log composite likelihood: -71.05069010726947.
2023-02-17 16:17:41,789 - INFO - Optimal value of theta: 7759.430212170833.
2023-02-17 16:17:41,790 - INFO - Beginning optimization with guess, [3.03566584].
2023-02-17 16:17:41,863 - INFO - Finished optimization with guess, [3.03566584].
2023-02-17 16:17:41,863 - INFO - Best fit parameters: [3.03566584].
2023-02-17 16:17:41,899 - INFO - Maximum log composite likelihood: -71.05069010726947.
2023-02-17 16:17:41,899 - INFO - Optimal value of theta: 7759.430212170833.
2023-02-17 16:17:41,900 - INFO - Beginning optimization with guess, [1.83302384].
2023-02-17 16:17:41,974 - INFO - Finished optimization with guess, [1.83302384].
2023-02-17 16:17:41,975 - INFO - Best fit parameters: [1.83302384].
2023-02-17 16:17:42,011 - INFO - Maximum log composite likelihood: -71.05069010726947.
2023-02-17 16:17:42,012 - INFO - Optimal value of theta: 7759.430212170833.
2023-02-17 16:17:42,012 - INFO - Beginning optimization with guess, [3.06129415].
2023-02-17 16:17:42,085 - INFO - Finished optimization with guess, [3.06129415].
2023-02-17 16:17:42,085 - INFO - Best fit parameters: [3.06129415].
2023-02-17 16:17:42,121 - INFO - Maximum log composite likelihood: -71.05069010726947.
2023-02-17 16:17:42,121 - INFO - Optimal value of theta: 7759.430212170833.
2023-02-17 16:17:42,121 - INFO - Beginning optimization with guess, [2.33042363].
2023-02-17 16:17:42,193 - INFO - Finished optimization with guess, [2.33042363].
2023-02-17 16:17:42,193 - INFO - Best fit parameters: [2.33042363].
2023-02-17 16:17:42,230 - INFO - Maximum log composite likelihood: -71.05069010726947.
2023-02-17 16:17:42,231 - INFO - Optimal value of theta: 7759.430212170833.
2023-02-17 16:17:42,231 - INFO - Beginning optimization with guess, [1.6956231].
2023-02-17 16:17:42,306 - INFO - Finished optimization with guess, [1.6956231].
2023-02-17 16:17:42,306 - INFO - Best fit parameters: [1.6956231].
2023-02-17 16:17:42,343 - INFO - Maximum log composite likelihood: -71.05069010726947.
2023-02-17 16:17:42,343 - INFO - Optimal value of theta: 7759.430212170833.
2023-02-17 16:17:42,343 - INFO - Beginning optimization with guess, [3.80114798].
2023-02-17 16:17:42,416 - INFO - Finished optimization with guess, [3.80114798].
2023-02-17 16:17:42,416 - INFO - Best fit parameters: [3.80114798].
2023-02-17 16:17:42,453 - INFO - Maximum log composite likelihood: -71.05069010726947.
2023-02-17 16:17:42,454 - INFO - Optimal value of theta: 7759.430212170833.
2023-02-17 16:17:42,454 - INFO - Beginning optimization with guess, [2.93939881].
2023-02-17 16:17:42,525 - INFO - Finished optimization with guess, [2.93939881].
2023-02-17 16:17:42,526 - INFO - Best fit parameters: [2.93939881].
2023-02-17 16:17:42,562 - INFO - Maximum log composite likelihood: -71.05069010726947.
2023-02-17 16:17:42,562 - INFO - Optimal value of theta: 7759.430212170833.
2023-02-17 16:17:42,562 - INFO - Beginning optimization with guess, [3.36696451].
2023-02-17 16:17:42,637 - INFO - Finished optimization with guess, [3.36696451].
2023-02-17 16:17:42,637 - INFO - Best fit parameters: [3.36696451].
2023-02-17 16:17:42,674 - INFO - Maximum log composite likelihood: -71.05069010726947.
2023-02-17 16:17:42,674 - INFO - Optimal value of theta: 7759.430212170833.
2023-02-17 16:17:42,674 - INFO - Beginning optimization with guess, [5.6495265].
2023-02-17 16:17:42,749 - INFO - Finished optimization with guess, [5.6495265].
2023-02-17 16:17:42,750 - INFO - Best fit parameters: [5.6495265].
2023-02-17 16:17:42,785 - INFO - Maximum log composite likelihood: -71.05069010726947.
2023-02-17 16:17:42,786 - INFO - Optimal value of theta: 7759.430212170833.
2023-02-17 16:17:42,786 - INFO - Beginning optimization with guess, [7.38853612].
2023-02-17 16:17:42,860 - INFO - Finished optimization with guess, [7.38853612].
2023-02-17 16:17:42,861 - INFO - Best fit parameters: [7.38853612].
2023-02-17 16:17:42,897 - INFO - Maximum log composite likelihood: -71.05069010726947.
2023-02-17 16:17:42,898 - INFO - Optimal value of theta: 7759.430212170833.
2023-02-17 16:17:42,898 - INFO - Beginning optimization with guess, [6.19569359].
2023-02-17 16:17:42,970 - INFO - Finished optimization with guess, [6.19569359].
2023-02-17 16:17:42,970 - INFO - Best fit parameters: [6.19569359].
2023-02-17 16:17:43,007 - INFO - Maximum log composite likelihood: -71.05069010726947.
2023-02-17 16:17:43,007 - INFO - Optimal value of theta: 7759.430212170833.
2023-02-17 16:17:43,010 - INFO - Finished demographic inference.
2023-02-17 16:17:43,010 - INFO - Pipeline executed succesfully.
