2023-02-17 16:17:55,946 - INFO - Beginning execution of fit_one_epoch.py in directory /u/project/ngarud/jonmah/demo_for_ccgb/Scripts

2023-02-17 16:17:55,946 - INFO - Progress is being logged to ../Analysis/Odoribacter_splanchnicus_62174_downsampled_12/log.log

2023-02-17 16:17:55,946 - INFO - Parsed the following arguments:
	syn_input_sfs = ../Analysis/Odoribacter_splanchnicus_62174_downsampled_12/empirical_sfs.txt
	mask_singletons = False
	mask_doubletons = False
	outprefix = ../Analysis/Odoribacter_splanchnicus_62174_downsampled_12/

2023-02-17 16:17:55,955 - INFO - Beginning demographic inference for one-epoch demographic model.
2023-02-17 16:17:55,956 - INFO - Beginning optimization with guess, [0.06276553].
2023-02-17 16:17:56,033 - INFO - Finished optimization with guess, [0.06276553].
2023-02-17 16:17:56,034 - INFO - Best fit parameters: [0.06276553].
2023-02-17 16:17:56,072 - INFO - Maximum log composite likelihood: -28.079710261162745.
2023-02-17 16:17:56,073 - INFO - Optimal value of theta: 2938.7807091770815.
2023-02-17 16:17:56,073 - INFO - Beginning optimization with guess, [0.23737043].
2023-02-17 16:17:56,151 - INFO - Finished optimization with guess, [0.23737043].
2023-02-17 16:17:56,151 - INFO - Best fit parameters: [0.23737043].
2023-02-17 16:17:56,189 - INFO - Maximum log composite likelihood: -28.079710261162745.
2023-02-17 16:17:56,189 - INFO - Optimal value of theta: 2938.7807091770815.
2023-02-17 16:17:56,190 - INFO - Beginning optimization with guess, [0.16188677].
2023-02-17 16:17:56,269 - INFO - Finished optimization with guess, [0.16188677].
2023-02-17 16:17:56,269 - INFO - Best fit parameters: [0.16188677].
2023-02-17 16:17:56,307 - INFO - Maximum log composite likelihood: -28.079710261162745.
2023-02-17 16:17:56,307 - INFO - Optimal value of theta: 2938.7807091770815.
2023-02-17 16:17:56,307 - INFO - Beginning optimization with guess, [0.2566183].
2023-02-17 16:17:56,386 - INFO - Finished optimization with guess, [0.2566183].
2023-02-17 16:17:56,386 - INFO - Best fit parameters: [0.2566183].
2023-02-17 16:17:56,428 - INFO - Maximum log composite likelihood: -28.079710261162745.
2023-02-17 16:17:56,429 - INFO - Optimal value of theta: 2938.7807091770815.
2023-02-17 16:17:56,430 - INFO - Beginning optimization with guess, [0.79178964].
2023-02-17 16:17:56,507 - INFO - Finished optimization with guess, [0.79178964].
2023-02-17 16:17:56,507 - INFO - Best fit parameters: [0.79178964].
2023-02-17 16:17:56,546 - INFO - Maximum log composite likelihood: -28.079710261162745.
2023-02-17 16:17:56,547 - INFO - Optimal value of theta: 2938.7807091770815.
2023-02-17 16:17:56,547 - INFO - Beginning optimization with guess, [0.33957518].
2023-02-17 16:17:56,624 - INFO - Finished optimization with guess, [0.33957518].
2023-02-17 16:17:56,624 - INFO - Best fit parameters: [0.33957518].
2023-02-17 16:17:56,663 - INFO - Maximum log composite likelihood: -28.079710261162745.
2023-02-17 16:17:56,664 - INFO - Optimal value of theta: 2938.7807091770815.
2023-02-17 16:17:56,664 - INFO - Beginning optimization with guess, [0.57837424].
2023-02-17 16:17:56,742 - INFO - Finished optimization with guess, [0.57837424].
2023-02-17 16:17:56,743 - INFO - Best fit parameters: [0.57837424].
2023-02-17 16:17:56,780 - INFO - Maximum log composite likelihood: -28.079710261162745.
2023-02-17 16:17:56,781 - INFO - Optimal value of theta: 2938.7807091770815.
2023-02-17 16:17:56,781 - INFO - Beginning optimization with guess, [1.58042651].
2023-02-17 16:17:56,855 - INFO - Finished optimization with guess, [1.58042651].
2023-02-17 16:17:56,856 - INFO - Best fit parameters: [1.58042651].
2023-02-17 16:17:56,894 - INFO - Maximum log composite likelihood: -28.079710261162745.
2023-02-17 16:17:56,894 - INFO - Optimal value of theta: 2938.7807091770815.
2023-02-17 16:17:56,895 - INFO - Beginning optimization with guess, [0.78951131].
2023-02-17 16:17:56,971 - INFO - Finished optimization with guess, [0.78951131].
2023-02-17 16:17:56,971 - INFO - Best fit parameters: [0.78951131].
2023-02-17 16:17:57,008 - INFO - Maximum log composite likelihood: -28.079710261162745.
2023-02-17 16:17:57,009 - INFO - Optimal value of theta: 2938.7807091770815.
2023-02-17 16:17:57,009 - INFO - Beginning optimization with guess, [0.61645914].
2023-02-17 16:17:57,085 - INFO - Finished optimization with guess, [0.61645914].
2023-02-17 16:17:57,085 - INFO - Best fit parameters: [0.61645914].
2023-02-17 16:17:57,123 - INFO - Maximum log composite likelihood: -28.079710261162745.
2023-02-17 16:17:57,123 - INFO - Optimal value of theta: 2938.7807091770815.
2023-02-17 16:17:57,124 - INFO - Beginning optimization with guess, [0.86425211].
2023-02-17 16:17:57,198 - INFO - Finished optimization with guess, [0.86425211].
2023-02-17 16:17:57,199 - INFO - Best fit parameters: [0.86425211].
2023-02-17 16:17:57,235 - INFO - Maximum log composite likelihood: -28.079710261162745.
2023-02-17 16:17:57,236 - INFO - Optimal value of theta: 2938.7807091770815.
2023-02-17 16:17:57,236 - INFO - Beginning optimization with guess, [1.21048564].
2023-02-17 16:17:57,312 - INFO - Finished optimization with guess, [1.21048564].
2023-02-17 16:17:57,312 - INFO - Best fit parameters: [1.21048564].
2023-02-17 16:17:57,349 - INFO - Maximum log composite likelihood: -28.079710261162745.
2023-02-17 16:17:57,350 - INFO - Optimal value of theta: 2938.7807091770815.
2023-02-17 16:17:57,350 - INFO - Beginning optimization with guess, [2.10665803].
2023-02-17 16:17:57,425 - INFO - Finished optimization with guess, [2.10665803].
2023-02-17 16:17:57,425 - INFO - Best fit parameters: [2.10665803].
2023-02-17 16:17:57,463 - INFO - Maximum log composite likelihood: -28.079710261162745.
2023-02-17 16:17:57,464 - INFO - Optimal value of theta: 2938.7807091770815.
2023-02-17 16:17:57,464 - INFO - Beginning optimization with guess, [1.44561095].
2023-02-17 16:17:57,541 - INFO - Finished optimization with guess, [1.44561095].
2023-02-17 16:17:57,542 - INFO - Best fit parameters: [1.44561095].
2023-02-17 16:17:57,580 - INFO - Maximum log composite likelihood: -28.079710261162745.
2023-02-17 16:17:57,581 - INFO - Optimal value of theta: 2938.7807091770815.
2023-02-17 16:17:57,581 - INFO - Beginning optimization with guess, [3.70741478].
2023-02-17 16:17:57,657 - INFO - Finished optimization with guess, [3.70741478].
2023-02-17 16:17:57,657 - INFO - Best fit parameters: [3.70741478].
2023-02-17 16:17:57,695 - INFO - Maximum log composite likelihood: -28.079710261162745.
2023-02-17 16:17:57,695 - INFO - Optimal value of theta: 2938.7807091770815.
2023-02-17 16:17:57,696 - INFO - Beginning optimization with guess, [2.4782113].
2023-02-17 16:17:57,771 - INFO - Finished optimization with guess, [2.4782113].
2023-02-17 16:17:57,771 - INFO - Best fit parameters: [2.4782113].
2023-02-17 16:17:57,809 - INFO - Maximum log composite likelihood: -28.079710261162745.
2023-02-17 16:17:57,810 - INFO - Optimal value of theta: 2938.7807091770815.
2023-02-17 16:17:57,810 - INFO - Beginning optimization with guess, [2.54931426].
2023-02-17 16:17:57,886 - INFO - Finished optimization with guess, [2.54931426].
2023-02-17 16:17:57,886 - INFO - Best fit parameters: [2.54931426].
2023-02-17 16:17:57,924 - INFO - Maximum log composite likelihood: -28.079710261162745.
2023-02-17 16:17:57,925 - INFO - Optimal value of theta: 2938.7807091770815.
2023-02-17 16:17:57,925 - INFO - Beginning optimization with guess, [2.42566628].
2023-02-17 16:17:58,001 - INFO - Finished optimization with guess, [2.42566628].
2023-02-17 16:17:58,001 - INFO - Best fit parameters: [2.42566628].
2023-02-17 16:17:58,039 - INFO - Maximum log composite likelihood: -28.079710261162745.
2023-02-17 16:17:58,039 - INFO - Optimal value of theta: 2938.7807091770815.
2023-02-17 16:17:58,040 - INFO - Beginning optimization with guess, [2.39933489].
2023-02-17 16:17:58,116 - INFO - Finished optimization with guess, [2.39933489].
2023-02-17 16:17:58,117 - INFO - Best fit parameters: [2.39933489].
2023-02-17 16:17:58,154 - INFO - Maximum log composite likelihood: -28.079710261162745.
2023-02-17 16:17:58,155 - INFO - Optimal value of theta: 2938.7807091770815.
2023-02-17 16:17:58,155 - INFO - Beginning optimization with guess, [3.79416574].
2023-02-17 16:17:58,231 - INFO - Finished optimization with guess, [3.79416574].
2023-02-17 16:17:58,231 - INFO - Best fit parameters: [3.79416574].
2023-02-17 16:17:58,268 - INFO - Maximum log composite likelihood: -28.079710261162745.
2023-02-17 16:17:58,268 - INFO - Optimal value of theta: 2938.7807091770815.
2023-02-17 16:17:58,268 - INFO - Beginning optimization with guess, [7.02898913].
2023-02-17 16:17:58,345 - INFO - Finished optimization with guess, [7.02898913].
2023-02-17 16:17:58,345 - INFO - Best fit parameters: [7.02898913].
2023-02-17 16:17:58,383 - INFO - Maximum log composite likelihood: -28.079710261162745.
2023-02-17 16:17:58,384 - INFO - Optimal value of theta: 2938.7807091770815.
2023-02-17 16:17:58,384 - INFO - Beginning optimization with guess, [3.69459721].
2023-02-17 16:17:58,462 - INFO - Finished optimization with guess, [3.69459721].
2023-02-17 16:17:58,462 - INFO - Best fit parameters: [3.69459721].
2023-02-17 16:17:58,499 - INFO - Maximum log composite likelihood: -28.079710261162745.
2023-02-17 16:17:58,499 - INFO - Optimal value of theta: 2938.7807091770815.
2023-02-17 16:17:58,500 - INFO - Beginning optimization with guess, [4.41359259].
2023-02-17 16:17:58,575 - INFO - Finished optimization with guess, [4.41359259].
2023-02-17 16:17:58,575 - INFO - Best fit parameters: [4.41359259].
2023-02-17 16:17:58,613 - INFO - Maximum log composite likelihood: -28.079710261162745.
2023-02-17 16:17:58,613 - INFO - Optimal value of theta: 2938.7807091770815.
2023-02-17 16:17:58,614 - INFO - Beginning optimization with guess, [9.27521482].
2023-02-17 16:17:58,693 - INFO - Finished optimization with guess, [9.27521482].
2023-02-17 16:17:58,693 - INFO - Best fit parameters: [9.27521482].
2023-02-17 16:17:58,732 - INFO - Maximum log composite likelihood: -28.079710261162745.
2023-02-17 16:17:58,732 - INFO - Optimal value of theta: 2938.7807091770815.
2023-02-17 16:17:58,733 - INFO - Beginning optimization with guess, [4.70563879].
2023-02-17 16:17:58,808 - INFO - Finished optimization with guess, [4.70563879].
2023-02-17 16:17:58,808 - INFO - Best fit parameters: [4.70563879].
2023-02-17 16:17:58,846 - INFO - Maximum log composite likelihood: -28.079710261162745.
2023-02-17 16:17:58,847 - INFO - Optimal value of theta: 2938.7807091770815.
2023-02-17 16:17:58,850 - INFO - Finished demographic inference.
2023-02-17 16:17:58,850 - INFO - Pipeline executed succesfully.
