2023-02-17 16:17:55,918 - INFO - Beginning execution of fit_one_epoch.py in directory /u/project/ngarud/jonmah/demo_for_ccgb/Scripts

2023-02-17 16:17:55,918 - INFO - Progress is being logged to ../Analysis/Ruminococcus_bicirculans_59300_downsampled_12/log.log

2023-02-17 16:17:55,918 - INFO - Parsed the following arguments:
	syn_input_sfs = ../Analysis/Ruminococcus_bicirculans_59300_downsampled_12/empirical_sfs.txt
	mask_singletons = False
	mask_doubletons = False
	outprefix = ../Analysis/Ruminococcus_bicirculans_59300_downsampled_12/

2023-02-17 16:17:55,927 - INFO - Beginning demographic inference for one-epoch demographic model.
2023-02-17 16:17:55,928 - INFO - Beginning optimization with guess, [0.08964306].
2023-02-17 16:17:56,006 - INFO - Finished optimization with guess, [0.08964306].
2023-02-17 16:17:56,006 - INFO - Best fit parameters: [0.08964306].
2023-02-17 16:17:56,044 - INFO - Maximum log composite likelihood: -1430.8374296203147.
2023-02-17 16:17:56,044 - INFO - Optimal value of theta: 14038.109831628202.
2023-02-17 16:17:56,045 - INFO - Beginning optimization with guess, [0.10882292].
2023-02-17 16:17:56,123 - INFO - Finished optimization with guess, [0.10882292].
2023-02-17 16:17:56,123 - INFO - Best fit parameters: [0.10882292].
2023-02-17 16:17:56,159 - INFO - Maximum log composite likelihood: -1430.8374296203147.
2023-02-17 16:17:56,160 - INFO - Optimal value of theta: 14038.109831628202.
2023-02-17 16:17:56,160 - INFO - Beginning optimization with guess, [0.31783549].
2023-02-17 16:17:56,236 - INFO - Finished optimization with guess, [0.31783549].
2023-02-17 16:17:56,236 - INFO - Best fit parameters: [0.31783549].
2023-02-17 16:17:56,274 - INFO - Maximum log composite likelihood: -1430.8374296203147.
2023-02-17 16:17:56,275 - INFO - Optimal value of theta: 14038.109831628202.
2023-02-17 16:17:56,275 - INFO - Beginning optimization with guess, [0.52711287].
2023-02-17 16:17:56,351 - INFO - Finished optimization with guess, [0.52711287].
2023-02-17 16:17:56,352 - INFO - Best fit parameters: [0.52711287].
2023-02-17 16:17:56,390 - INFO - Maximum log composite likelihood: -1430.8374296203147.
2023-02-17 16:17:56,391 - INFO - Optimal value of theta: 14038.109831628202.
2023-02-17 16:17:56,391 - INFO - Beginning optimization with guess, [0.96250769].
2023-02-17 16:17:56,468 - INFO - Finished optimization with guess, [0.96250769].
2023-02-17 16:17:56,468 - INFO - Best fit parameters: [0.96250769].
2023-02-17 16:17:56,505 - INFO - Maximum log composite likelihood: -1430.8374296203147.
2023-02-17 16:17:56,506 - INFO - Optimal value of theta: 14038.109831628202.
2023-02-17 16:17:56,506 - INFO - Beginning optimization with guess, [1.00204542].
2023-02-17 16:17:56,583 - INFO - Finished optimization with guess, [1.00204542].
2023-02-17 16:17:56,584 - INFO - Best fit parameters: [1.00204542].
2023-02-17 16:17:56,622 - INFO - Maximum log composite likelihood: -1430.8374296203147.
2023-02-17 16:17:56,623 - INFO - Optimal value of theta: 14038.109831628202.
2023-02-17 16:17:56,623 - INFO - Beginning optimization with guess, [0.59477989].
2023-02-17 16:17:56,699 - INFO - Finished optimization with guess, [0.59477989].
2023-02-17 16:17:56,699 - INFO - Best fit parameters: [0.59477989].
2023-02-17 16:17:56,737 - INFO - Maximum log composite likelihood: -1430.8374296203147.
2023-02-17 16:17:56,737 - INFO - Optimal value of theta: 14038.109831628202.
2023-02-17 16:17:56,737 - INFO - Beginning optimization with guess, [0.40844112].
2023-02-17 16:17:56,815 - INFO - Finished optimization with guess, [0.40844112].
2023-02-17 16:17:56,816 - INFO - Best fit parameters: [0.40844112].
2023-02-17 16:17:56,853 - INFO - Maximum log composite likelihood: -1430.8374296203147.
2023-02-17 16:17:56,854 - INFO - Optimal value of theta: 14038.109831628202.
2023-02-17 16:17:56,854 - INFO - Beginning optimization with guess, [0.90128245].
2023-02-17 16:17:56,929 - INFO - Finished optimization with guess, [0.90128245].
2023-02-17 16:17:56,929 - INFO - Best fit parameters: [0.90128245].
2023-02-17 16:17:56,968 - INFO - Maximum log composite likelihood: -1430.8374296203147.
2023-02-17 16:17:56,968 - INFO - Optimal value of theta: 14038.109831628202.
2023-02-17 16:17:56,969 - INFO - Beginning optimization with guess, [1.59227305].
2023-02-17 16:17:57,044 - INFO - Finished optimization with guess, [1.59227305].
2023-02-17 16:17:57,044 - INFO - Best fit parameters: [1.59227305].
2023-02-17 16:17:57,082 - INFO - Maximum log composite likelihood: -1430.8374296203147.
2023-02-17 16:17:57,082 - INFO - Optimal value of theta: 14038.109831628202.
2023-02-17 16:17:57,082 - INFO - Beginning optimization with guess, [1.00926571].
2023-02-17 16:17:57,159 - INFO - Finished optimization with guess, [1.00926571].
2023-02-17 16:17:57,160 - INFO - Best fit parameters: [1.00926571].
2023-02-17 16:17:57,197 - INFO - Maximum log composite likelihood: -1430.8374296203147.
2023-02-17 16:17:57,198 - INFO - Optimal value of theta: 14038.109831628202.
2023-02-17 16:17:57,198 - INFO - Beginning optimization with guess, [2.48075409].
2023-02-17 16:17:57,273 - INFO - Finished optimization with guess, [2.48075409].
2023-02-17 16:17:57,273 - INFO - Best fit parameters: [2.48075409].
2023-02-17 16:17:57,310 - INFO - Maximum log composite likelihood: -1430.8374296203147.
2023-02-17 16:17:57,311 - INFO - Optimal value of theta: 14038.109831628202.
2023-02-17 16:17:57,311 - INFO - Beginning optimization with guess, [1.79636846].
2023-02-17 16:17:57,387 - INFO - Finished optimization with guess, [1.79636846].
2023-02-17 16:17:57,387 - INFO - Best fit parameters: [1.79636846].
2023-02-17 16:17:57,424 - INFO - Maximum log composite likelihood: -1430.8374296203147.
2023-02-17 16:17:57,426 - INFO - Optimal value of theta: 14038.109831628202.
2023-02-17 16:17:57,426 - INFO - Beginning optimization with guess, [2.16522082].
2023-02-17 16:17:57,503 - INFO - Finished optimization with guess, [2.16522082].
2023-02-17 16:17:57,503 - INFO - Best fit parameters: [2.16522082].
2023-02-17 16:17:57,542 - INFO - Maximum log composite likelihood: -1430.8374296203147.
2023-02-17 16:17:57,542 - INFO - Optimal value of theta: 14038.109831628202.
2023-02-17 16:17:57,542 - INFO - Beginning optimization with guess, [2.29775986].
2023-02-17 16:17:57,617 - INFO - Finished optimization with guess, [2.29775986].
2023-02-17 16:17:57,617 - INFO - Best fit parameters: [2.29775986].
2023-02-17 16:17:57,655 - INFO - Maximum log composite likelihood: -1430.8374296203147.
2023-02-17 16:17:57,655 - INFO - Optimal value of theta: 14038.109831628202.
2023-02-17 16:17:57,656 - INFO - Beginning optimization with guess, [2.29629074].
2023-02-17 16:17:57,732 - INFO - Finished optimization with guess, [2.29629074].
2023-02-17 16:17:57,733 - INFO - Best fit parameters: [2.29629074].
2023-02-17 16:17:57,771 - INFO - Maximum log composite likelihood: -1430.8374296203147.
2023-02-17 16:17:57,772 - INFO - Optimal value of theta: 14038.109831628202.
2023-02-17 16:17:57,772 - INFO - Beginning optimization with guess, [3.81038245].
2023-02-17 16:17:57,850 - INFO - Finished optimization with guess, [3.81038245].
2023-02-17 16:17:57,850 - INFO - Best fit parameters: [3.81038245].
2023-02-17 16:17:57,888 - INFO - Maximum log composite likelihood: -1430.8374296203147.
2023-02-17 16:17:57,889 - INFO - Optimal value of theta: 14038.109831628202.
2023-02-17 16:17:57,889 - INFO - Beginning optimization with guess, [2.69957945].
2023-02-17 16:17:57,966 - INFO - Finished optimization with guess, [2.69957945].
2023-02-17 16:17:57,966 - INFO - Best fit parameters: [2.69957945].
2023-02-17 16:17:58,003 - INFO - Maximum log composite likelihood: -1430.8374296203147.
2023-02-17 16:17:58,004 - INFO - Optimal value of theta: 14038.109831628202.
2023-02-17 16:17:58,004 - INFO - Beginning optimization with guess, [2.30880655].
2023-02-17 16:17:58,082 - INFO - Finished optimization with guess, [2.30880655].
2023-02-17 16:17:58,082 - INFO - Best fit parameters: [2.30880655].
2023-02-17 16:17:58,119 - INFO - Maximum log composite likelihood: -1430.8374296203147.
2023-02-17 16:17:58,121 - INFO - Optimal value of theta: 14038.109831628202.
2023-02-17 16:17:58,121 - INFO - Beginning optimization with guess, [3.33459076].
2023-02-17 16:17:58,199 - INFO - Finished optimization with guess, [3.33459076].
2023-02-17 16:17:58,199 - INFO - Best fit parameters: [3.33459076].
2023-02-17 16:17:58,236 - INFO - Maximum log composite likelihood: -1430.8374296203147.
2023-02-17 16:17:58,237 - INFO - Optimal value of theta: 14038.109831628202.
2023-02-17 16:17:58,237 - INFO - Beginning optimization with guess, [3.91998053].
2023-02-17 16:17:58,311 - INFO - Finished optimization with guess, [3.91998053].
2023-02-17 16:17:58,311 - INFO - Best fit parameters: [3.91998053].
2023-02-17 16:17:58,348 - INFO - Maximum log composite likelihood: -1430.8374296203147.
2023-02-17 16:17:58,349 - INFO - Optimal value of theta: 14038.109831628202.
2023-02-17 16:17:58,349 - INFO - Beginning optimization with guess, [4.66931172].
2023-02-17 16:17:58,425 - INFO - Finished optimization with guess, [4.66931172].
2023-02-17 16:17:58,426 - INFO - Best fit parameters: [4.66931172].
2023-02-17 16:17:58,462 - INFO - Maximum log composite likelihood: -1430.8374296203147.
2023-02-17 16:17:58,462 - INFO - Optimal value of theta: 14038.109831628202.
2023-02-17 16:17:58,463 - INFO - Beginning optimization with guess, [3.37624406].
2023-02-17 16:17:58,538 - INFO - Finished optimization with guess, [3.37624406].
2023-02-17 16:17:58,538 - INFO - Best fit parameters: [3.37624406].
2023-02-17 16:17:58,576 - INFO - Maximum log composite likelihood: -1430.8374296203147.
2023-02-17 16:17:58,576 - INFO - Optimal value of theta: 14038.109831628202.
2023-02-17 16:17:58,576 - INFO - Beginning optimization with guess, [6.13819473].
2023-02-17 16:17:58,653 - INFO - Finished optimization with guess, [6.13819473].
2023-02-17 16:17:58,653 - INFO - Best fit parameters: [6.13819473].
2023-02-17 16:17:58,691 - INFO - Maximum log composite likelihood: -1430.8374296203147.
2023-02-17 16:17:58,691 - INFO - Optimal value of theta: 14038.109831628202.
2023-02-17 16:17:58,692 - INFO - Beginning optimization with guess, [5.65033992].
2023-02-17 16:17:58,769 - INFO - Finished optimization with guess, [5.65033992].
2023-02-17 16:17:58,769 - INFO - Best fit parameters: [5.65033992].
2023-02-17 16:17:58,808 - INFO - Maximum log composite likelihood: -1430.8374296203147.
2023-02-17 16:17:58,809 - INFO - Optimal value of theta: 14038.109831628202.
2023-02-17 16:17:58,811 - INFO - Finished demographic inference.
2023-02-17 16:17:58,811 - INFO - Pipeline executed succesfully.
