2023-02-17 16:19:56,861 - INFO - Beginning execution of fit_one_epoch.py in directory /u/project/ngarud/jonmah/demo_for_ccgb/Scripts

2023-02-17 16:19:56,861 - INFO - Progress is being logged to ../Analysis/Bacteroides_uniformis_57318_downsampled_10/log.log

2023-02-17 16:19:56,861 - INFO - Parsed the following arguments:
	syn_input_sfs = ../Analysis/Bacteroides_uniformis_57318_downsampled_10/empirical_sfs.txt
	mask_singletons = False
	mask_doubletons = False
	outprefix = ../Analysis/Bacteroides_uniformis_57318_downsampled_10/

2023-02-17 16:19:56,870 - INFO - Beginning demographic inference for one-epoch demographic model.
2023-02-17 16:19:56,873 - INFO - Beginning optimization with guess, [0.12172465].
2023-02-17 16:19:56,939 - INFO - Finished optimization with guess, [0.12172465].
2023-02-17 16:19:56,939 - INFO - Best fit parameters: [0.12172465].
2023-02-17 16:19:56,970 - INFO - Maximum log composite likelihood: -47.09826242811914.
2023-02-17 16:19:56,971 - INFO - Optimal value of theta: 2297.115637008471.
2023-02-17 16:19:56,972 - INFO - Beginning optimization with guess, [0.26652955].
2023-02-17 16:19:57,035 - INFO - Finished optimization with guess, [0.26652955].
2023-02-17 16:19:57,035 - INFO - Best fit parameters: [0.26652955].
2023-02-17 16:19:57,075 - INFO - Maximum log composite likelihood: -47.09826242811914.
2023-02-17 16:19:57,076 - INFO - Optimal value of theta: 2297.115637008471.
2023-02-17 16:19:57,076 - INFO - Beginning optimization with guess, [0.17074929].
2023-02-17 16:19:57,150 - INFO - Finished optimization with guess, [0.17074929].
2023-02-17 16:19:57,150 - INFO - Best fit parameters: [0.17074929].
2023-02-17 16:19:57,196 - INFO - Maximum log composite likelihood: -47.09826242811914.
2023-02-17 16:19:57,197 - INFO - Optimal value of theta: 2297.115637008471.
2023-02-17 16:19:57,198 - INFO - Beginning optimization with guess, [0.57908165].
2023-02-17 16:19:57,267 - INFO - Finished optimization with guess, [0.57908165].
2023-02-17 16:19:57,268 - INFO - Best fit parameters: [0.57908165].
2023-02-17 16:19:57,298 - INFO - Maximum log composite likelihood: -47.09826242811914.
2023-02-17 16:19:57,299 - INFO - Optimal value of theta: 2297.115637008471.
2023-02-17 16:19:57,299 - INFO - Beginning optimization with guess, [0.3945244].
2023-02-17 16:19:57,365 - INFO - Finished optimization with guess, [0.3945244].
2023-02-17 16:19:57,365 - INFO - Best fit parameters: [0.3945244].
2023-02-17 16:19:57,396 - INFO - Maximum log composite likelihood: -47.09826242811914.
2023-02-17 16:19:57,397 - INFO - Optimal value of theta: 2297.115637008471.
2023-02-17 16:19:57,397 - INFO - Beginning optimization with guess, [0.6372757].
2023-02-17 16:19:57,458 - INFO - Finished optimization with guess, [0.6372757].
2023-02-17 16:19:57,458 - INFO - Best fit parameters: [0.6372757].
2023-02-17 16:19:57,487 - INFO - Maximum log composite likelihood: -47.09826242811914.
2023-02-17 16:19:57,488 - INFO - Optimal value of theta: 2297.115637008471.
2023-02-17 16:19:57,488 - INFO - Beginning optimization with guess, [0.84332882].
2023-02-17 16:19:57,549 - INFO - Finished optimization with guess, [0.84332882].
2023-02-17 16:19:57,549 - INFO - Best fit parameters: [0.84332882].
2023-02-17 16:19:57,579 - INFO - Maximum log composite likelihood: -47.09826242811914.
2023-02-17 16:19:57,579 - INFO - Optimal value of theta: 2297.115637008471.
2023-02-17 16:19:57,580 - INFO - Beginning optimization with guess, [0.64568656].
2023-02-17 16:19:57,640 - INFO - Finished optimization with guess, [0.64568656].
2023-02-17 16:19:57,640 - INFO - Best fit parameters: [0.64568656].
2023-02-17 16:19:57,671 - INFO - Maximum log composite likelihood: -47.09826242811914.
2023-02-17 16:19:57,671 - INFO - Optimal value of theta: 2297.115637008471.
2023-02-17 16:19:57,671 - INFO - Beginning optimization with guess, [1.54527651].
2023-02-17 16:19:57,732 - INFO - Finished optimization with guess, [1.54527651].
2023-02-17 16:19:57,732 - INFO - Best fit parameters: [1.54527651].
2023-02-17 16:19:57,762 - INFO - Maximum log composite likelihood: -47.09826242811914.
2023-02-17 16:19:57,763 - INFO - Optimal value of theta: 2297.115637008471.
2023-02-17 16:19:57,763 - INFO - Beginning optimization with guess, [1.51264186].
2023-02-17 16:19:57,823 - INFO - Finished optimization with guess, [1.51264186].
2023-02-17 16:19:57,823 - INFO - Best fit parameters: [1.51264186].
2023-02-17 16:19:57,854 - INFO - Maximum log composite likelihood: -47.09826242811914.
2023-02-17 16:19:57,855 - INFO - Optimal value of theta: 2297.115637008471.
2023-02-17 16:19:57,855 - INFO - Beginning optimization with guess, [1.91837872].
2023-02-17 16:19:57,918 - INFO - Finished optimization with guess, [1.91837872].
2023-02-17 16:19:57,918 - INFO - Best fit parameters: [1.91837872].
2023-02-17 16:19:57,948 - INFO - Maximum log composite likelihood: -47.09826242811914.
2023-02-17 16:19:57,949 - INFO - Optimal value of theta: 2297.115637008471.
2023-02-17 16:19:57,949 - INFO - Beginning optimization with guess, [2.77877285].
2023-02-17 16:19:58,011 - INFO - Finished optimization with guess, [2.77877285].
2023-02-17 16:19:58,011 - INFO - Best fit parameters: [2.77877285].
2023-02-17 16:19:58,041 - INFO - Maximum log composite likelihood: -47.09826242811914.
2023-02-17 16:19:58,042 - INFO - Optimal value of theta: 2297.115637008471.
2023-02-17 16:19:58,042 - INFO - Beginning optimization with guess, [2.18978761].
2023-02-17 16:19:58,102 - INFO - Finished optimization with guess, [2.18978761].
2023-02-17 16:19:58,102 - INFO - Best fit parameters: [2.18978761].
2023-02-17 16:19:58,132 - INFO - Maximum log composite likelihood: -47.09826242811914.
2023-02-17 16:19:58,133 - INFO - Optimal value of theta: 2297.115637008471.
2023-02-17 16:19:58,133 - INFO - Beginning optimization with guess, [2.27795767].
2023-02-17 16:19:58,194 - INFO - Finished optimization with guess, [2.27795767].
2023-02-17 16:19:58,194 - INFO - Best fit parameters: [2.27795767].
2023-02-17 16:19:58,224 - INFO - Maximum log composite likelihood: -47.09826242811914.
2023-02-17 16:19:58,225 - INFO - Optimal value of theta: 2297.115637008471.
2023-02-17 16:19:58,225 - INFO - Beginning optimization with guess, [2.04878906].
2023-02-17 16:19:58,286 - INFO - Finished optimization with guess, [2.04878906].
2023-02-17 16:19:58,286 - INFO - Best fit parameters: [2.04878906].
2023-02-17 16:19:58,316 - INFO - Maximum log composite likelihood: -47.09826242811914.
2023-02-17 16:19:58,317 - INFO - Optimal value of theta: 2297.115637008471.
2023-02-17 16:19:58,317 - INFO - Beginning optimization with guess, [1.60190985].
2023-02-17 16:19:58,377 - INFO - Finished optimization with guess, [1.60190985].
2023-02-17 16:19:58,377 - INFO - Best fit parameters: [1.60190985].
2023-02-17 16:19:58,406 - INFO - Maximum log composite likelihood: -47.09826242811914.
2023-02-17 16:19:58,407 - INFO - Optimal value of theta: 2297.115637008471.
2023-02-17 16:19:58,407 - INFO - Beginning optimization with guess, [4.49661026].
2023-02-17 16:19:58,468 - INFO - Finished optimization with guess, [4.49661026].
2023-02-17 16:19:58,468 - INFO - Best fit parameters: [4.49661026].
2023-02-17 16:19:58,498 - INFO - Maximum log composite likelihood: -47.09826242811914.
2023-02-17 16:19:58,498 - INFO - Optimal value of theta: 2297.115637008471.
2023-02-17 16:19:58,498 - INFO - Beginning optimization with guess, [1.90655131].
2023-02-17 16:19:58,558 - INFO - Finished optimization with guess, [1.90655131].
2023-02-17 16:19:58,558 - INFO - Best fit parameters: [1.90655131].
2023-02-17 16:19:58,588 - INFO - Maximum log composite likelihood: -47.09826242811914.
2023-02-17 16:19:58,589 - INFO - Optimal value of theta: 2297.115637008471.
2023-02-17 16:19:58,589 - INFO - Beginning optimization with guess, [2.0632434].
2023-02-17 16:19:58,649 - INFO - Finished optimization with guess, [2.0632434].
2023-02-17 16:19:58,650 - INFO - Best fit parameters: [2.0632434].
2023-02-17 16:19:58,679 - INFO - Maximum log composite likelihood: -47.09826242811914.
2023-02-17 16:19:58,680 - INFO - Optimal value of theta: 2297.115637008471.
2023-02-17 16:19:58,680 - INFO - Beginning optimization with guess, [6.29500401].
2023-02-17 16:19:58,740 - INFO - Finished optimization with guess, [6.29500401].
2023-02-17 16:19:58,740 - INFO - Best fit parameters: [6.29500401].
2023-02-17 16:19:58,770 - INFO - Maximum log composite likelihood: -47.09826242811914.
2023-02-17 16:19:58,770 - INFO - Optimal value of theta: 2297.115637008471.
2023-02-17 16:19:58,771 - INFO - Beginning optimization with guess, [6.35192416].
2023-02-17 16:19:58,830 - INFO - Finished optimization with guess, [6.35192416].
2023-02-17 16:19:58,830 - INFO - Best fit parameters: [6.35192416].
2023-02-17 16:19:58,860 - INFO - Maximum log composite likelihood: -47.09826242811914.
2023-02-17 16:19:58,860 - INFO - Optimal value of theta: 2297.115637008471.
2023-02-17 16:19:58,861 - INFO - Beginning optimization with guess, [9.98651094].
2023-02-17 16:19:58,920 - INFO - Finished optimization with guess, [9.98651094].
2023-02-17 16:19:58,920 - INFO - Best fit parameters: [9.98651094].
2023-02-17 16:19:58,950 - INFO - Maximum log composite likelihood: -47.09826242811914.
2023-02-17 16:19:58,951 - INFO - Optimal value of theta: 2297.115637008471.
2023-02-17 16:19:58,951 - INFO - Beginning optimization with guess, [5.400136].
2023-02-17 16:19:59,010 - INFO - Finished optimization with guess, [5.400136].
2023-02-17 16:19:59,010 - INFO - Best fit parameters: [5.400136].
2023-02-17 16:19:59,039 - INFO - Maximum log composite likelihood: -47.09826242811914.
2023-02-17 16:19:59,039 - INFO - Optimal value of theta: 2297.115637008471.
2023-02-17 16:19:59,040 - INFO - Beginning optimization with guess, [5.65000071].
2023-02-17 16:19:59,098 - INFO - Finished optimization with guess, [5.65000071].
2023-02-17 16:19:59,098 - INFO - Best fit parameters: [5.65000071].
2023-02-17 16:19:59,127 - INFO - Maximum log composite likelihood: -47.09826242811914.
2023-02-17 16:19:59,127 - INFO - Optimal value of theta: 2297.115637008471.
2023-02-17 16:19:59,128 - INFO - Beginning optimization with guess, [9.63095398].
2023-02-17 16:19:59,187 - INFO - Finished optimization with guess, [9.63095398].
2023-02-17 16:19:59,188 - INFO - Best fit parameters: [9.63095398].
2023-02-17 16:19:59,217 - INFO - Maximum log composite likelihood: -47.09826242811914.
2023-02-17 16:19:59,218 - INFO - Optimal value of theta: 2297.115637008471.
2023-02-17 16:19:59,220 - INFO - Finished demographic inference.
2023-02-17 16:19:59,220 - INFO - Pipeline executed succesfully.
