2023-05-04 14:07:24,739 - INFO - Beginning execution of evaluate_demography.py in directory /u/project/ngarud/jonmah/demo_for_ccgb/Scripts

2023-05-04 14:07:24,739 - INFO - Progress is being logged to ../Analysis/Bacteroides_ovatus_58035_downsampled_14/complete_evaluate_demography.log

2023-05-04 14:07:24,739 - INFO - Parsed the following arguments:
	syn_input_sfs = ../Analysis/Bacteroides_ovatus_58035_downsampled_14/empirical_syn_downsampled_sfs.txt
	model_type = two_epoch
	params_list = [0.00286, 0.000143]
	mask_singletons = False
	mask_doubletons = False
	outprefix = ../Analysis/Bacteroides_ovatus_58035_downsampled_14/complete

2023-05-04 14:07:24,751 - INFO - Beginning demographic evaluation for two-epoch demographic model.
2023-05-04 14:07:24,754 - INFO - Beginning optimization with guess, [0.00286, 0.000143].
2023-05-04 14:07:24,903 - INFO - Finished optimization with guess, [0.00286, 0.000143].
2023-05-04 14:07:24,903 - INFO - Best fit parameters: [0.00286  0.000143].
2023-05-04 14:07:24,953 - INFO - Maximum log composite likelihood: -39.209996351859445.
2023-05-04 14:07:24,954 - INFO - Optimal value of theta: 16966.508873180876.
2023-05-04 14:07:24,954 - INFO - Synonymous input SFS: [-- 13882.512178045004 9265.913770120877 7219.988933745455 5980.811680012803 5245.817548099432 4884.034998879809 2390.828562810429 -- -- -- -- -- -- --].
2023-05-04 14:07:24,955 - INFO - Scaled spectrum: [-- 13873.645286903273 9328.689216188224 7101.107198450329 5920.070428169944 5274.905292055415 4947.839036425427 2423.651213521197 -- -- -- -- -- -- --].
2023-05-04 14:07:24,957 - INFO - Converting and interpreting Tau estimates.
2023-05-04 14:07:24,958 - INFO - Finished demographic evaluation.
2023-05-04 14:07:24,958 - INFO - Pipeline executed succesfully.
