2024-06-13 13:36:53,322 - INFO - Beginning execution of fit_dfe.py in directory /u/project/ngarud/jonmah/demo_for_ccgb/Scripts

2024-06-13 13:36:53,322 - INFO - Progress is being logged to ../SupplementaryAnalysis/Bacteroides_cellulosilyticus_58046/core_log.log

2024-06-13 13:36:53,323 - INFO - Parsed the following arguments:
	syn_input_sfs = ../SupplementaryAnalysis/Bacteroides_cellulosilyticus_58046/core_empirical_syn_downsampled_sfs.txt
	nonsyn_input_sfs = ../SupplementaryAnalysis/Bacteroides_cellulosilyticus_58046/core_empirical_nonsyn_downsampled_sfs.txt
	input_demography = ../SupplementaryAnalysis/Bacteroides_cellulosilyticus_58046/two_epoch_demography.txt
	input_model = two_epoch
	initial_alpha = 0.2
	initial_beta = 0.1
	outprefix = ../SupplementaryAnalysis/Bacteroides_cellulosilyticus_58046/core

2024-06-13 13:36:53,334 - INFO - Loading input demography.
2024-06-13 13:36:53,336 - INFO - Input demographic parameters are: [5.006727, 4.940805].
2024-06-13 13:36:53,336 - INFO - Input theta_syn is: 2624.251138235779.
2024-06-13 13:36:53,336 - INFO - Generating spectrum from input demography.
2024-06-13 13:48:16,437 - INFO - Fitting DFE.
2024-06-13 13:48:50,951 - WARNING - The integral is probably divergent, or slowly convergent.
2024-06-13 13:48:51,063 - WARNING - The algorithm does not converge.  Roundoff error is detected
  in the extrapolation table.  It is assumed that the requested tolerance
  cannot be achieved, and that the returned result (if full_output = 1) is 
  the best which can be obtained.
2024-06-13 13:49:30,225 - INFO - Fitting Neutral + Gamma DFE
2024-06-13 13:50:26,800 - INFO - Computing intermediate summary statistics.
2024-06-13 13:50:26,804 - INFO - Outputting results.
2024-06-13 13:50:26,808 - INFO - Pipeline executed succesfully.
