2021-10-20 12:47:51,353 - INFO - Beginning execution of fit_demographic_model.py in directory /u/project/ngarud/jonmah/demo_for_ccgb/Scripts

2021-10-20 12:47:51,354 - INFO - Progress is being logged to ../Analysis/Parabacteroides_merdae_56972/log.log

2021-10-20 12:47:51,354 - INFO - Parsed the following arguments:
	mask_doubletons = False
	syn_input_sfs = ../Data/Parabacteroides_merdae_56972_syn.sfs
	mask_singletons = True
	outprefix = ../Analysis/Parabacteroides_merdae_56972/

2021-10-20 12:47:51,355 - INFO - Beginning demographic inference for exponential growth demographic model.
2021-10-20 12:47:51,357 - INFO - Beginning optimization with guess, [9.41891591e-02 1.82130982e-05].
2021-10-20 12:47:55,945 - INFO - Finished optimization with guess, [9.41891591e-02 1.82130982e-05].
2021-10-20 12:47:55,946 - INFO - Best fit parameters: [1.07284715e-03 5.00000000e-05].
2021-10-20 12:47:56,043 - INFO - Maximum log composite likelihood: -145.702056474.
2021-10-20 12:47:56,043 - INFO - Optimal value of theta: 5678.54223768.
2021-10-20 12:47:56,044 - INFO - Beginning optimization with guess, [6.73828453e-02 1.55685844e-05].
2021-10-20 12:48:00,110 - INFO - Finished optimization with guess, [6.73828453e-02 1.55685844e-05].
2021-10-20 12:48:00,110 - INFO - Best fit parameters: [9.93680606e-04 5.00000000e-05].
2021-10-20 12:48:00,210 - INFO - Maximum log composite likelihood: -145.447625493.
2021-10-20 12:48:00,295 - INFO - Optimal value of theta: 5706.84708978.
2021-10-20 12:48:00,295 - INFO - Beginning optimization with guess, [1.22666689e-01 5.00161109e-06].
2021-10-20 12:48:00,874 - INFO - Finished optimization with guess, [1.22666689e-01 5.00161109e-06].
2021-10-20 12:48:00,874 - INFO - Best fit parameters: [1.22617250e-01 5.00349985e-06].
2021-10-20 12:48:00,970 - INFO - Maximum log composite likelihood: -179.739857502.
2021-10-20 12:48:00,971 - INFO - Optimal value of theta: 5388.67008899.
2021-10-20 12:48:00,971 - INFO - Beginning optimization with guess, [9.07643171e-02 1.21840449e-05].
2021-10-20 12:48:05,079 - INFO - Finished optimization with guess, [9.07643171e-02 1.21840449e-05].
2021-10-20 12:48:05,079 - INFO - Best fit parameters: [9.83819705e-04 5.00000000e-05].
2021-10-20 12:48:05,176 - INFO - Maximum log composite likelihood: -145.442533725.
2021-10-20 12:48:05,176 - INFO - Optimal value of theta: 5710.69511224.
2021-10-20 12:48:05,176 - INFO - Beginning optimization with guess, [1.93329789e-01 9.54099752e-06].
2021-10-20 12:48:07,879 - INFO - Finished optimization with guess, [1.93329789e-01 9.54099752e-06].
2021-10-20 12:48:07,880 - INFO - Best fit parameters: [3.03686437e-02 5.00000000e-05].
2021-10-20 12:48:07,977 - INFO - Maximum log composite likelihood: -179.422595192.
2021-10-20 12:48:07,977 - INFO - Optimal value of theta: 5389.95587633.
2021-10-20 12:48:07,977 - INFO - Beginning optimization with guess, [1.94557488e-01 1.65034744e-05].
2021-10-20 12:48:12,155 - INFO - Finished optimization with guess, [1.94557488e-01 1.65034744e-05].
2021-10-20 12:48:12,156 - INFO - Best fit parameters: [9.21847367e-04 5.00000000e-05].
2021-10-20 12:48:12,252 - INFO - Maximum log composite likelihood: -145.584345488.
2021-10-20 12:48:12,253 - INFO - Optimal value of theta: 5736.77283897.
2021-10-20 12:48:12,253 - INFO - Beginning optimization with guess, [9.63701064e-02 1.04270623e-05].
2021-10-20 12:48:17,766 - INFO - Finished optimization with guess, [9.63701064e-02 1.04270623e-05].
2021-10-20 12:48:17,767 - INFO - Best fit parameters: [9.80087924e-04 5.00000000e-05].
2021-10-20 12:48:17,868 - INFO - Maximum log composite likelihood: -145.442396526.
2021-10-20 12:48:17,869 - INFO - Optimal value of theta: 5712.17170635.
2021-10-20 12:48:17,869 - INFO - Beginning optimization with guess, [1.49809230e-01 5.66357675e-06].
2021-10-20 12:48:18,472 - INFO - Finished optimization with guess, [1.49809230e-01 5.66357675e-06].
2021-10-20 12:48:18,472 - INFO - Best fit parameters: [1.49758066e-01 5.66535864e-06].
2021-10-20 12:48:18,569 - INFO - Maximum log composite likelihood: -179.73988907.
2021-10-20 12:48:18,570 - INFO - Optimal value of theta: 5388.66995664.
2021-10-20 12:48:18,570 - INFO - Beginning optimization with guess, [1.52256960e-01 8.74872872e-06].
2021-10-20 12:48:21,332 - INFO - Finished optimization with guess, [1.52256960e-01 8.74872872e-06].
2021-10-20 12:48:21,333 - INFO - Best fit parameters: [2.28699834e-02 5.00000000e-05].
2021-10-20 12:48:21,430 - INFO - Maximum log composite likelihood: -179.190560314.
2021-10-20 12:48:21,430 - INFO - Optimal value of theta: 5390.88330024.
2021-10-20 12:48:21,430 - INFO - Beginning optimization with guess, [1.13605809e-01 1.28849535e-05].
2021-10-20 12:48:25,444 - INFO - Finished optimization with guess, [1.13605809e-01 1.28849535e-05].
2021-10-20 12:48:25,444 - INFO - Best fit parameters: [9.80033969e-04 5.00000000e-05].
2021-10-20 12:48:25,541 - INFO - Maximum log composite likelihood: -145.442401916.
2021-10-20 12:48:25,542 - INFO - Optimal value of theta: 5712.19313849.
2021-10-20 12:48:25,542 - INFO - Beginning optimization with guess, [1.56592693e-01 1.01789749e-05].
2021-10-20 12:48:28,229 - INFO - Finished optimization with guess, [1.56592693e-01 1.01789749e-05].
2021-10-20 12:48:28,229 - INFO - Best fit parameters: [2.7600209e-02 5.0000000e-05].
2021-10-20 12:48:28,326 - INFO - Maximum log composite likelihood: -179.357656612.
2021-10-20 12:48:28,326 - INFO - Optimal value of theta: 5390.2159224.
2021-10-20 12:48:28,327 - INFO - Beginning optimization with guess, [1.34962532e-01 5.16063818e-06].
2021-10-20 12:48:28,905 - INFO - Finished optimization with guess, [1.34962532e-01 5.16063818e-06].
2021-10-20 12:48:28,905 - INFO - Best fit parameters: [1.34915000e-01 5.16232817e-06].
2021-10-20 12:48:29,002 - INFO - Maximum log composite likelihood: -179.739882634.
2021-10-20 12:48:29,002 - INFO - Optimal value of theta: 5388.66998363.
2021-10-20 12:48:29,002 - INFO - Beginning optimization with guess, [9.25784899e-02 6.14886810e-06].
2021-10-20 12:48:31,638 - INFO - Finished optimization with guess, [9.25784899e-02 6.14886810e-06].
2021-10-20 12:48:31,639 - INFO - Best fit parameters: [1.02760411e-02 5.00000000e-05].
2021-10-20 12:48:31,742 - INFO - Maximum log composite likelihood: -177.341362123.
2021-10-20 12:48:31,743 - INFO - Optimal value of theta: 5398.29057306.
2021-10-20 12:48:31,743 - INFO - Beginning optimization with guess, [1.65328828e-01 8.05714236e-06].
2021-10-20 12:48:34,331 - INFO - Finished optimization with guess, [1.65328828e-01 8.05714236e-06].
2021-10-20 12:48:34,331 - INFO - Best fit parameters: [2.23295098e-02 5.00000000e-05].
2021-10-20 12:48:34,428 - INFO - Maximum log composite likelihood: -179.164829357.
2021-10-20 12:48:34,428 - INFO - Optimal value of theta: 5390.98591697.
2021-10-20 12:48:34,429 - INFO - Beginning optimization with guess, [1.16494952e-01 1.27603684e-05].
2021-10-20 12:48:38,202 - INFO - Finished optimization with guess, [1.16494952e-01 1.27603684e-05].
2021-10-20 12:48:38,203 - INFO - Best fit parameters: [9.80517858e-04 5.00000000e-05].
2021-10-20 12:48:38,299 - INFO - Maximum log composite likelihood: -145.442361126.
2021-10-20 12:48:38,300 - INFO - Optimal value of theta: 5712.00101322.
2021-10-20 12:48:38,300 - INFO - Beginning optimization with guess, [7.77292450e-02 1.75673422e-05].
2021-10-20 12:48:41,188 - INFO - Finished optimization with guess, [7.77292450e-02 1.75673422e-05].
2021-10-20 12:48:41,189 - INFO - Best fit parameters: [9.87567223e-04 5.00000000e-05].
2021-10-20 12:48:41,285 - INFO - Maximum log composite likelihood: -145.443670633.
2021-10-20 12:48:41,286 - INFO - Optimal value of theta: 5709.22359802.
2021-10-20 12:48:41,286 - INFO - Beginning optimization with guess, [1.56305423e-01 6.41464074e-06].
2021-10-20 12:48:41,864 - INFO - Finished optimization with guess, [1.56305423e-01 6.41464074e-06].
2021-10-20 12:48:41,864 - INFO - Best fit parameters: [1.5624275e-01 6.4170006e-06].
2021-10-20 12:48:41,961 - INFO - Maximum log composite likelihood: -179.739862374.
2021-10-20 12:48:41,961 - INFO - Optimal value of theta: 5388.67006855.
2021-10-20 12:48:41,962 - INFO - Beginning optimization with guess, [9.38763357e-02 1.77371707e-05].
2021-10-20 12:48:45,800 - INFO - Finished optimization with guess, [9.38763357e-02 1.77371707e-05].
2021-10-20 12:48:45,801 - INFO - Best fit parameters: [9.49066419e-04 5.00000000e-05].
2021-10-20 12:48:45,898 - INFO - Maximum log composite likelihood: -145.482293666.
2021-10-20 12:48:45,898 - INFO - Optimal value of theta: 5724.89831749.
2021-10-20 12:48:45,898 - INFO - Beginning optimization with guess, [6.04003341e-02 1.04305567e-05].
2021-10-20 12:48:49,072 - INFO - Finished optimization with guess, [6.04003341e-02 1.04305567e-05].
2021-10-20 12:48:49,072 - INFO - Best fit parameters: [9.80642719e-04 5.00000000e-05].
2021-10-20 12:48:49,169 - INFO - Maximum log composite likelihood: -145.442353356.
2021-10-20 12:48:49,169 - INFO - Optimal value of theta: 5711.9514688.
2021-10-20 12:48:49,170 - INFO - Beginning optimization with guess, [5.17710829e-02 1.04131038e-05].
2021-10-20 12:48:52,643 - INFO - Finished optimization with guess, [5.17710829e-02 1.04131038e-05].
2021-10-20 12:48:52,644 - INFO - Best fit parameters: [1.00002813e-03 5.00000000e-05].
2021-10-20 12:48:52,740 - INFO - Maximum log composite likelihood: -145.454413099.
2021-10-20 12:48:52,741 - INFO - Optimal value of theta: 5704.41055058.
2021-10-20 12:48:52,741 - INFO - Beginning optimization with guess, [1.04244713e-01 1.42679873e-05].
2021-10-20 12:48:56,219 - INFO - Finished optimization with guess, [1.04244713e-01 1.42679873e-05].
2021-10-20 12:48:56,220 - INFO - Best fit parameters: [9.81276701e-04 5.00000000e-05].
2021-10-20 12:48:56,316 - INFO - Maximum log composite likelihood: -145.442331323.
2021-10-20 12:48:56,317 - INFO - Optimal value of theta: 5711.70010299.
2021-10-20 12:48:56,317 - INFO - Beginning optimization with guess, [1.78553118e-01 1.16503130e-05].
2021-10-20 12:48:59,009 - INFO - Finished optimization with guess, [1.78553118e-01 1.16503130e-05].
2021-10-20 12:48:59,009 - INFO - Best fit parameters: [3.56327601e-02 5.00000000e-05].
2021-10-20 12:48:59,106 - INFO - Maximum log composite likelihood: -179.508074999.
2021-10-20 12:48:59,106 - INFO - Optimal value of theta: 5389.61265215.
2021-10-20 12:48:59,107 - INFO - Beginning optimization with guess, [1.77750631e-01 5.07238308e-06].
2021-10-20 12:48:59,704 - INFO - Finished optimization with guess, [1.77750631e-01 5.07238308e-06].
2021-10-20 12:48:59,704 - INFO - Best fit parameters: [1.77716554e-01 5.07326274e-06].
2021-10-20 12:48:59,805 - INFO - Maximum log composite likelihood: -179.739959774.
2021-10-20 12:48:59,805 - INFO - Optimal value of theta: 5388.66966014.
2021-10-20 12:48:59,805 - INFO - Beginning optimization with guess, [6.24883763e-02 5.85009689e-06].
2021-10-20 12:49:04,717 - INFO - Finished optimization with guess, [6.24883763e-02 5.85009689e-06].
2021-10-20 12:49:04,729 - INFO - Best fit parameters: [1.02287202e-03 5.00000000e-05].
2021-10-20 12:49:04,842 - INFO - Maximum log composite likelihood: -145.500144388.
2021-10-20 12:49:04,843 - INFO - Optimal value of theta: 5695.89425432.
2021-10-20 12:49:04,843 - INFO - Beginning optimization with guess, [6.12087798e-02 1.99402160e-05].
2021-10-20 12:49:08,525 - INFO - Finished optimization with guess, [6.12087798e-02 1.99402160e-05].
2021-10-20 12:49:08,526 - INFO - Best fit parameters: [9.30538428e-04 5.00000000e-05].
2021-10-20 12:49:08,633 - INFO - Maximum log composite likelihood: -145.544368257.
2021-10-20 12:49:08,633 - INFO - Optimal value of theta: 5732.9056856.
2021-10-20 12:49:08,637 - INFO - Beginning demographic inference for two-epoch demographic model.
2021-10-20 12:49:08,652 - INFO - Beginning optimization with guess, [1.36337949e-01 5.39981008e-06].
2021-10-20 12:49:09,273 - INFO - Finished optimization with guess, [1.36337949e-01 5.39981008e-06].
2021-10-20 12:49:09,273 - INFO - Best fit parameters: [1.36286477e-01 5.40170409e-06].
2021-10-20 12:49:09,380 - INFO - Maximum log composite likelihood: -179.739870963.
2021-10-20 12:49:09,380 - INFO - Optimal value of theta: 5388.67003256.
2021-10-20 12:49:09,381 - INFO - Beginning optimization with guess, [1.01783805e-01 8.32325268e-06].
2021-10-20 12:49:22,012 - INFO - Finished optimization with guess, [1.01783805e-01 8.32325268e-06].
2021-10-20 12:49:22,020 - INFO - Best fit parameters: [1.28858622e-03 5.00000000e-05].
2021-10-20 12:49:22,117 - INFO - Maximum log composite likelihood: -153.235734418.
2021-10-20 12:49:22,118 - INFO - Optimal value of theta: 5603.04768806.
2021-10-20 12:49:22,118 - INFO - Beginning optimization with guess, [5.30359421e-02 6.74776576e-06].
2021-10-20 12:49:27,097 - INFO - Finished optimization with guess, [5.30359421e-02 6.74776576e-06].
2021-10-20 12:49:27,097 - INFO - Best fit parameters: [1.23082241e-03 5.00000000e-05].
2021-10-20 12:49:27,192 - INFO - Maximum log composite likelihood: -153.134536602.
2021-10-20 12:49:27,193 - INFO - Optimal value of theta: 5617.75549214.
2021-10-20 12:49:27,193 - INFO - Beginning optimization with guess, [1.19889658e-01 5.34233287e-06].
2021-10-20 12:49:29,764 - INFO - Finished optimization with guess, [1.19889658e-01 5.34233287e-06].
2021-10-20 12:49:29,764 - INFO - Best fit parameters: [1.10547851e-02 5.00000000e-05].
2021-10-20 12:49:29,859 - INFO - Maximum log composite likelihood: -177.801934752.
2021-10-20 12:49:29,859 - INFO - Optimal value of theta: 5396.45917784.
2021-10-20 12:49:29,860 - INFO - Beginning optimization with guess, [6.31358807e-02 1.33511352e-05].
2021-10-20 12:49:36,847 - INFO - Finished optimization with guess, [6.31358807e-02 1.33511352e-05].
2021-10-20 12:49:36,848 - INFO - Best fit parameters: [1.20740745e-03 5.00000000e-05].
2021-10-20 12:49:36,946 - INFO - Maximum log composite likelihood: -153.163449037.
2021-10-20 12:49:36,946 - INFO - Optimal value of theta: 5624.14655948.
2021-10-20 12:49:36,947 - INFO - Beginning optimization with guess, [1.50816763e-01 5.08532223e-06].
2021-10-20 12:49:37,529 - INFO - Finished optimization with guess, [1.50816763e-01 5.08532223e-06].
2021-10-20 12:49:37,529 - INFO - Best fit parameters: [1.50775802e-01 5.08659360e-06].
2021-10-20 12:49:37,627 - INFO - Maximum log composite likelihood: -179.739921435.
2021-10-20 12:49:37,627 - INFO - Optimal value of theta: 5388.66982093.
2021-10-20 12:49:37,628 - INFO - Beginning optimization with guess, [5.14579582e-02 1.00598220e-05].
2021-10-20 12:49:41,159 - INFO - Finished optimization with guess, [5.14579582e-02 1.00598220e-05].
2021-10-20 12:49:41,159 - INFO - Best fit parameters: [1.2544427e-03 5.0000000e-05].
2021-10-20 12:49:41,257 - INFO - Maximum log composite likelihood: -153.138697662.
2021-10-20 12:49:41,258 - INFO - Optimal value of theta: 5611.59475129.
2021-10-20 12:49:41,258 - INFO - Beginning optimization with guess, [9.93164311e-02 8.00805200e-06].
2021-10-20 12:50:16,393 - INFO - Finished optimization with guess, [9.93164311e-02 8.00805200e-06].
2021-10-20 12:50:16,394 - INFO - Best fit parameters: [1.26359753e-03 5.00000000e-05].
2021-10-20 12:50:16,492 - INFO - Maximum log composite likelihood: -153.16068912.
2021-10-20 12:50:16,492 - INFO - Optimal value of theta: 5609.24814168.
2021-10-20 12:50:16,493 - INFO - Beginning optimization with guess, [6.08749369e-02 1.90415197e-05].
2021-10-20 12:50:20,884 - INFO - Finished optimization with guess, [6.08749369e-02 1.90415197e-05].
2021-10-20 12:50:20,884 - INFO - Best fit parameters: [1.21770615e-03 5.00000000e-05].
2021-10-20 12:50:20,991 - INFO - Maximum log composite likelihood: -153.147523355.
2021-10-20 12:50:20,991 - INFO - Optimal value of theta: 5621.29727059.
2021-10-20 12:50:20,991 - INFO - Beginning optimization with guess, [9.75014558e-02 1.08638259e-05].
2021-10-20 12:50:26,098 - INFO - Finished optimization with guess, [9.75014558e-02 1.08638259e-05].
2021-10-20 12:50:26,099 - INFO - Best fit parameters: [1.11272768e-03 5.00000000e-05].
2021-10-20 12:50:26,197 - INFO - Maximum log composite likelihood: -153.659508613.
2021-10-20 12:50:26,197 - INFO - Optimal value of theta: 5653.28404278.
2021-10-20 12:50:26,198 - INFO - Beginning optimization with guess, [1.42343515e-01 5.83024092e-06].
2021-10-20 12:50:26,780 - INFO - Finished optimization with guess, [1.42343515e-01 5.83024092e-06].
2021-10-20 12:50:26,781 - INFO - Best fit parameters: [1.42286230e-01 5.83241276e-06].
2021-10-20 12:50:26,887 - INFO - Maximum log composite likelihood: -179.739860059.
2021-10-20 12:50:26,888 - INFO - Optimal value of theta: 5388.67007826.
2021-10-20 12:50:26,888 - INFO - Beginning optimization with guess, [8.60778283e-02 1.11968348e-05].
2021-10-20 12:50:33,453 - INFO - Finished optimization with guess, [8.60778283e-02 1.11968348e-05].
2021-10-20 12:50:33,454 - INFO - Best fit parameters: [1.22322115e-03 5.00000000e-05].
2021-10-20 12:50:33,559 - INFO - Maximum log composite likelihood: -153.141095162.
2021-10-20 12:50:33,560 - INFO - Optimal value of theta: 5619.79628416.
2021-10-20 12:50:33,560 - INFO - Beginning optimization with guess, [6.81524821e-02 1.62660516e-05].
2021-10-20 12:50:38,119 - INFO - Finished optimization with guess, [6.81524821e-02 1.62660516e-05].
2021-10-20 12:50:38,121 - INFO - Best fit parameters: [1.22458724e-03 5.00000000e-05].
2021-10-20 12:50:38,224 - INFO - Maximum log composite likelihood: -153.139722308.
2021-10-20 12:50:38,225 - INFO - Optimal value of theta: 5619.4271326.
2021-10-20 12:50:38,225 - INFO - Beginning optimization with guess, [9.46741010e-02 9.06721231e-06].
2021-10-20 12:50:47,352 - INFO - Finished optimization with guess, [9.46741010e-02 9.06721231e-06].
2021-10-20 12:50:47,352 - INFO - Best fit parameters: [1.23287152e-03 5.00000000e-05].
2021-10-20 12:50:47,451 - INFO - Maximum log composite likelihood: -153.133212586.
2021-10-20 12:50:47,451 - INFO - Optimal value of theta: 5617.21085363.
2021-10-20 12:50:47,452 - INFO - Beginning optimization with guess, [9.51172876e-02 8.32046001e-06].
2021-10-20 12:51:20,270 - INFO - Finished optimization with guess, [9.51172876e-02 8.32046001e-06].
2021-10-20 12:51:20,272 - INFO - Best fit parameters: [1.2727171e-03 5.0000000e-05].
2021-10-20 12:51:20,369 - INFO - Maximum log composite likelihood: -153.185617189.
2021-10-20 12:51:20,370 - INFO - Optimal value of theta: 5606.95096449.
2021-10-20 12:51:20,370 - INFO - Beginning optimization with guess, [5.96533272e-02 1.34687839e-05].
2021-10-20 12:51:31,361 - INFO - Finished optimization with guess, [5.96533272e-02 1.34687839e-05].
2021-10-20 12:51:31,362 - INFO - Best fit parameters: [1.19323755e-03 5.00000000e-05].
2021-10-20 12:51:31,463 - INFO - Maximum log composite likelihood: -153.194169805.
2021-10-20 12:51:31,464 - INFO - Optimal value of theta: 5628.1672892.
2021-10-20 12:51:31,464 - INFO - Beginning optimization with guess, [8.80775007e-02 7.99436489e-06].
2021-10-20 12:51:34,524 - INFO - Finished optimization with guess, [8.80775007e-02 7.99436489e-06].
2021-10-20 12:51:34,525 - INFO - Best fit parameters: [1.19745412e-02 5.00000000e-05].
2021-10-20 12:51:34,626 - INFO - Maximum log composite likelihood: -177.970351438.
2021-10-20 12:51:34,627 - INFO - Optimal value of theta: 5395.76275552.
2021-10-20 12:51:34,627 - INFO - Beginning optimization with guess, [6.42900170e-02 8.40335912e-06].
2021-10-20 12:51:38,646 - INFO - Finished optimization with guess, [6.42900170e-02 8.40335912e-06].
2021-10-20 12:51:38,646 - INFO - Best fit parameters: [1.18537614e-03 5.00000000e-05].
2021-10-20 12:51:38,743 - INFO - Maximum log composite likelihood: -153.21587078.
2021-10-20 12:51:38,744 - INFO - Optimal value of theta: 5630.44911554.
2021-10-20 12:51:38,744 - INFO - Beginning optimization with guess, [1.16487840e-01 6.81625202e-06].
2021-10-20 12:51:41,511 - INFO - Finished optimization with guess, [1.16487840e-01 6.81625202e-06].
2021-10-20 12:51:41,511 - INFO - Best fit parameters: [1.3985227e-02 5.0000000e-05].
2021-10-20 12:51:41,610 - INFO - Maximum log composite likelihood: -178.358766584.
2021-10-20 12:51:41,610 - INFO - Optimal value of theta: 5394.19896624.
2021-10-20 12:51:41,610 - INFO - Beginning optimization with guess, [1.50342348e-01 9.01032192e-06].
2021-10-20 12:51:44,364 - INFO - Finished optimization with guess, [1.50342348e-01 9.01032192e-06].
2021-10-20 12:51:44,365 - INFO - Best fit parameters: [2.33710582e-02 5.00000000e-05].
2021-10-20 12:51:44,469 - INFO - Maximum log composite likelihood: -179.212920625.
2021-10-20 12:51:44,469 - INFO - Optimal value of theta: 5390.79410018.
2021-10-20 12:51:44,470 - INFO - Beginning optimization with guess, [7.89738161e-02 5.26616698e-06].
2021-10-20 12:51:47,200 - INFO - Finished optimization with guess, [7.89738161e-02 5.26616698e-06].
2021-10-20 12:51:47,200 - INFO - Best fit parameters: [7.58836717e-03 5.00000000e-05].
2021-10-20 12:51:47,297 - INFO - Maximum log composite likelihood: -176.391585006.
2021-10-20 12:51:47,297 - INFO - Optimal value of theta: 5402.34226299.
2021-10-20 12:51:47,298 - INFO - Beginning optimization with guess, [6.44931831e-02 1.00685560e-05].
2021-10-20 12:51:52,349 - INFO - Finished optimization with guess, [6.44931831e-02 1.00685560e-05].
2021-10-20 12:51:52,349 - INFO - Best fit parameters: [1.24526713e-03 5.00000000e-05].
2021-10-20 12:51:52,447 - INFO - Maximum log composite likelihood: -153.129064417.
2021-10-20 12:51:52,447 - INFO - Optimal value of theta: 5613.96545375.
2021-10-20 12:51:52,447 - INFO - Beginning optimization with guess, [1.23349988e-01 5.49101491e-06].
2021-10-20 12:51:55,103 - INFO - Finished optimization with guess, [1.23349988e-01 5.49101491e-06].
2021-10-20 12:51:55,104 - INFO - Best fit parameters: [1.16535943e-02 5.00000000e-05].
2021-10-20 12:51:55,201 - INFO - Maximum log composite likelihood: -177.917131207.
2021-10-20 12:51:55,202 - INFO - Optimal value of theta: 5395.98261608.
2021-10-20 12:51:55,202 - INFO - Beginning optimization with guess, [8.73088351e-02 1.01453184e-05].
2021-10-20 12:52:01,767 - INFO - Finished optimization with guess, [8.73088351e-02 1.01453184e-05].
2021-10-20 12:52:01,768 - INFO - Best fit parameters: [1.28832607e-03 5.00000000e-05].
2021-10-20 12:52:01,866 - INFO - Maximum log composite likelihood: -153.234847033.
2021-10-20 12:52:01,866 - INFO - Optimal value of theta: 5603.11072857.
2021-10-20 12:52:01,867 - INFO - Beginning optimization with guess, [7.54240037e-02 1.20159611e-05].
2021-10-20 12:52:07,224 - INFO - Finished optimization with guess, [7.54240037e-02 1.20159611e-05].
2021-10-20 12:52:07,225 - INFO - Best fit parameters: [1.26877219e-03 5.00000000e-05].
2021-10-20 12:52:07,323 - INFO - Maximum log composite likelihood: -153.174473708.
2021-10-20 12:52:07,323 - INFO - Optimal value of theta: 5607.9397651.
2021-10-20 12:52:07,326 - INFO - Beginning demographic inference for bottleneck + growth demographic model.
2021-10-20 12:52:07,330 - INFO - Beginning optimization with guess, [1.98744881e-01 1.54169947e-01 5.72109625e-06].
2021-10-20 12:52:08,131 - INFO - Finished optimization with guess, [1.98744881e-01 1.54169947e-01 5.72109625e-06].
2021-10-20 12:52:08,131 - INFO - Best fit parameters: [1.98744881e-01 1.54119333e-01 5.72282170e-06].
2021-10-20 12:52:08,228 - INFO - Maximum log composite likelihood: -179.739895597.
2021-10-20 12:52:08,228 - INFO - Optimal value of theta: 5388.66992927.
2021-10-20 12:52:08,228 - INFO - Beginning optimization with guess, [1.28652420e-01 1.54261047e-01 1.23406532e-05].
2021-10-20 12:52:11,437 - INFO - Finished optimization with guess, [1.28652420e-01 1.54261047e-01 1.23406532e-05].
2021-10-20 12:52:11,438 - INFO - Best fit parameters: [1.28652420e-01 3.36186965e-02 5.00000000e-05].
2021-10-20 12:52:11,545 - INFO - Maximum log composite likelihood: -179.479926932.
2021-10-20 12:52:11,545 - INFO - Optimal value of theta: 5389.72581262.
2021-10-20 12:52:11,546 - INFO - Beginning optimization with guess, [6.24835195e-02 1.51618065e-01 9.16177329e-06].
2021-10-20 12:52:15,125 - INFO - Finished optimization with guess, [6.24835195e-02 1.51618065e-01 9.16177329e-06].
2021-10-20 12:52:15,126 - INFO - Best fit parameters: [6.24845987e-02 2.39649116e-02 5.00000000e-05].
2021-10-20 12:52:15,223 - INFO - Maximum log composite likelihood: -179.237716838.
2021-10-20 12:52:15,224 - INFO - Optimal value of theta: 5390.69515128.
2021-10-20 12:52:15,224 - INFO - Beginning optimization with guess, [5.71640268e-02 6.32263820e-02 1.17521743e-05].
2021-10-20 12:52:17,941 - INFO - Finished optimization with guess, [5.71640268e-02 6.32263820e-02 1.17521743e-05].
2021-10-20 12:52:17,941 - INFO - Best fit parameters: [5.71640268e-02 1.41985725e-02 5.00000000e-05].
2021-10-20 12:52:18,038 - INFO - Maximum log composite likelihood: -178.396490105.
2021-10-20 12:52:18,038 - INFO - Optimal value of theta: 5394.04828654.
2021-10-20 12:52:18,038 - INFO - Beginning optimization with guess, [5.31819266e-02 7.10608814e-02 1.21510042e-05].
2021-10-20 12:52:20,830 - INFO - Finished optimization with guess, [5.31819266e-02 7.10608814e-02 1.21510042e-05].
2021-10-20 12:52:20,830 - INFO - Best fit parameters: [5.31819266e-02 1.64120278e-02 5.00000000e-05].
2021-10-20 12:52:20,962 - INFO - Maximum log composite likelihood: -178.711700925.
2021-10-20 12:52:20,963 - INFO - Optimal value of theta: 5392.79106893.
2021-10-20 12:52:20,963 - INFO - Beginning optimization with guess, [6.76807116e-02 7.07111291e-02 1.06999031e-05].
2021-10-20 12:52:23,939 - INFO - Finished optimization with guess, [6.76807116e-02 7.07111291e-02 1.06999031e-05].
2021-10-20 12:52:23,940 - INFO - Best fit parameters: [6.76807116e-02 1.43186653e-02 5.00000000e-05].
2021-10-20 12:52:24,036 - INFO - Maximum log composite likelihood: -178.417056617.
2021-10-20 12:52:24,037 - INFO - Optimal value of theta: 5393.96616039.
2021-10-20 12:52:24,037 - INFO - Beginning optimization with guess, [1.38236985e-01 7.65881373e-02 1.16672545e-05].
2021-10-20 12:52:26,911 - INFO - Finished optimization with guess, [1.38236985e-01 7.65881373e-02 1.16672545e-05].
2021-10-20 12:52:26,911 - INFO - Best fit parameters: [1.38237356e-01 1.68796114e-02 5.00000000e-05].
2021-10-20 12:52:27,007 - INFO - Maximum log composite likelihood: -178.764123095.
2021-10-20 12:52:27,008 - INFO - Optimal value of theta: 5392.58221894.
2021-10-20 12:52:27,008 - INFO - Beginning optimization with guess, [1.40924640e-01 7.30835809e-02 1.29768858e-05].
2021-10-20 12:52:29,885 - INFO - Finished optimization with guess, [1.40924640e-01 7.30835809e-02 1.29768858e-05].
2021-10-20 12:52:29,903 - INFO - Best fit parameters: [1.40924486e-01 1.80411548e-02 5.00000000e-05].
2021-10-20 12:52:30,058 - INFO - Maximum log composite likelihood: -178.878391891.
2021-10-20 12:52:30,059 - INFO - Optimal value of theta: 5392.12708587.
2021-10-20 12:52:30,060 - INFO - Beginning optimization with guess, [1.09347918e-01 1.25518565e-01 9.87096967e-06].
2021-10-20 12:52:33,503 - INFO - Finished optimization with guess, [1.09347918e-01 1.25518565e-01 9.87096967e-06].
2021-10-20 12:52:33,503 - INFO - Best fit parameters: [1.09347918e-01 2.21355115e-02 5.00000000e-05].
2021-10-20 12:52:33,600 - INFO - Maximum log composite likelihood: -179.155156551.
2021-10-20 12:52:33,601 - INFO - Optimal value of theta: 5391.02448534.
2021-10-20 12:52:33,601 - INFO - Beginning optimization with guess, [5.56824759e-02 1.75102529e-01 7.34373042e-06].
2021-10-20 12:52:34,392 - INFO - Finished optimization with guess, [5.56824759e-02 1.75102529e-01 7.34373042e-06].
2021-10-20 12:52:34,393 - INFO - Best fit parameters: [5.56824753e-02 1.75029955e-01 7.34648880e-06].
2021-10-20 12:52:34,489 - INFO - Maximum log composite likelihood: -179.739858481.
2021-10-20 12:52:34,490 - INFO - Optimal value of theta: 5388.67008486.
2021-10-20 12:52:34,490 - INFO - Beginning optimization with guess, [6.34512424e-02 1.74765026e-01 1.01764365e-05].
2021-10-20 12:52:37,998 - INFO - Finished optimization with guess, [6.34512424e-02 1.74765026e-01 1.01764365e-05].
2021-10-20 12:52:37,999 - INFO - Best fit parameters: [6.34512424e-02 3.01625098e-02 5.00000000e-05].
2021-10-20 12:52:38,096 - INFO - Maximum log composite likelihood: -179.41834527.
2021-10-20 12:52:38,096 - INFO - Optimal value of theta: 5389.97291113.
2021-10-20 12:52:38,096 - INFO - Beginning optimization with guess, [1.48926934e-01 5.14047017e-02 1.34546042e-05].
2021-10-20 12:52:41,978 - INFO - Finished optimization with guess, [1.48926934e-01 5.14047017e-02 1.34546042e-05].
2021-10-20 12:52:41,979 - INFO - Best fit parameters: [1.48926945e-01 1.04636881e-03 5.00000000e-05].
2021-10-20 12:52:42,075 - INFO - Maximum log composite likelihood: -145.579012831.
2021-10-20 12:52:42,076 - INFO - Optimal value of theta: 5687.52664256.
2021-10-20 12:52:42,076 - INFO - Beginning optimization with guess, [6.08060846e-02 1.12234560e-01 7.38234755e-06].
2021-10-20 12:52:45,570 - INFO - Finished optimization with guess, [6.08060846e-02 1.12234560e-01 7.38234755e-06].
2021-10-20 12:52:45,570 - INFO - Best fit parameters: [6.08060846e-02 1.47441968e-02 5.00000000e-05].
2021-10-20 12:52:45,667 - INFO - Maximum log composite likelihood: -178.486294678.
2021-10-20 12:52:45,667 - INFO - Optimal value of theta: 5393.6897918.
2021-10-20 12:52:45,668 - INFO - Beginning optimization with guess, [6.27745311e-02 1.22981024e-01 1.12130461e-05].
2021-10-20 12:52:48,921 - INFO - Finished optimization with guess, [6.27745311e-02 1.22981024e-01 1.12130461e-05].
2021-10-20 12:52:48,921 - INFO - Best fit parameters: [6.27745311e-02 2.49177697e-02 5.00000000e-05].
2021-10-20 12:52:49,017 - INFO - Maximum log composite likelihood: -179.274035055.
2021-10-20 12:52:49,018 - INFO - Optimal value of theta: 5390.55015576.
2021-10-20 12:52:49,018 - INFO - Beginning optimization with guess, [5.97247751e-02 6.21718904e-02 8.48832187e-06].
2021-10-20 12:52:52,216 - INFO - Finished optimization with guess, [5.97247751e-02 6.21718904e-02 8.48832187e-06].
2021-10-20 12:52:52,217 - INFO - Best fit parameters: [5.97247753e-02 9.99026593e-03 5.00000000e-05].
2021-10-20 12:52:52,319 - INFO - Maximum log composite likelihood: -177.220202366.
2021-10-20 12:52:52,320 - INFO - Optimal value of theta: 5398.78215232.
2021-10-20 12:52:52,320 - INFO - Beginning optimization with guess, [6.05622665e-02 1.47927088e-01 5.42787744e-06].
2021-10-20 12:52:53,116 - INFO - Finished optimization with guess, [6.05622665e-02 1.47927088e-01 5.42787744e-06].
2021-10-20 12:52:53,117 - INFO - Best fit parameters: [6.05622665e-02 1.47879444e-01 5.42948980e-06].
2021-10-20 12:52:53,221 - INFO - Maximum log composite likelihood: -179.739897877.
2021-10-20 12:52:53,221 - INFO - Optimal value of theta: 5388.66991972.
2021-10-20 12:52:53,221 - INFO - Beginning optimization with guess, [1.56828139e-01 5.78933670e-02 1.53301732e-05].
2021-10-20 12:52:59,201 - INFO - Finished optimization with guess, [1.56828139e-01 5.78933670e-02 1.53301732e-05].
2021-10-20 12:52:59,201 - INFO - Best fit parameters: [1.56828154e-01 1.05360943e-03 5.00000000e-05].
2021-10-20 12:52:59,298 - INFO - Maximum log composite likelihood: -145.609250991.
2021-10-20 12:52:59,298 - INFO - Optimal value of theta: 5685.02430369.
2021-10-20 12:52:59,299 - INFO - Beginning optimization with guess, [1.14146975e-01 5.92190858e-02 6.16971065e-06].
2021-10-20 12:53:02,396 - INFO - Finished optimization with guess, [1.14146975e-01 5.92190858e-02 6.16971065e-06].
2021-10-20 12:53:02,396 - INFO - Best fit parameters: [1.14146201e-01 6.87182173e-03 5.00000000e-05].
2021-10-20 12:53:02,493 - INFO - Maximum log composite likelihood: -175.00791154.
2021-10-20 12:53:02,493 - INFO - Optimal value of theta: 5407.96628534.
2021-10-20 12:53:02,493 - INFO - Beginning optimization with guess, [1.30739414e-01 1.11183263e-01 6.31831852e-06].
2021-10-20 12:53:06,046 - INFO - Finished optimization with guess, [1.30739414e-01 1.11183263e-01 6.31831852e-06].
2021-10-20 12:53:06,048 - INFO - Best fit parameters: [1.30739414e-01 1.24001200e-02 5.00000000e-05].
2021-10-20 12:53:06,181 - INFO - Maximum log composite likelihood: -178.021970387.
2021-10-20 12:53:06,182 - INFO - Optimal value of theta: 5395.54702399.
2021-10-20 12:53:06,182 - INFO - Beginning optimization with guess, [1.94636906e-01 5.93753095e-02 1.67091518e-05].
2021-10-20 12:53:11,977 - INFO - Finished optimization with guess, [1.94636906e-01 5.93753095e-02 1.67091518e-05].
2021-10-20 12:53:11,978 - INFO - Best fit parameters: [1.94636910e-01 9.77242312e-04 5.00000000e-05].
2021-10-20 12:53:12,078 - INFO - Maximum log composite likelihood: -145.442970809.
2021-10-20 12:53:12,079 - INFO - Optimal value of theta: 5713.30528797.
2021-10-20 12:53:12,080 - INFO - Beginning optimization with guess, [8.64413971e-02 7.56131096e-02 1.70753378e-05].
2021-10-20 12:53:17,028 - INFO - Finished optimization with guess, [8.64413971e-02 7.56131096e-02 1.70753378e-05].
2021-10-20 12:53:17,028 - INFO - Best fit parameters: [8.64413919e-02 9.68062922e-04 5.00000000e-05].
2021-10-20 12:53:17,135 - INFO - Maximum log composite likelihood: -145.448935196.
2021-10-20 12:53:17,136 - INFO - Optimal value of theta: 5717.00769566.
2021-10-20 12:53:17,136 - INFO - Beginning optimization with guess, [8.70454047e-02 1.86502765e-01 1.61125862e-05].
2021-10-20 12:53:20,374 - INFO - Finished optimization with guess, [8.70454047e-02 1.86502765e-01 1.61125862e-05].
2021-10-20 12:53:20,375 - INFO - Best fit parameters: [8.70450929e-02 5.29258991e-02 5.00000000e-05].
2021-10-20 12:53:20,471 - INFO - Maximum log composite likelihood: -179.634616424.
2021-10-20 12:53:20,472 - INFO - Optimal value of theta: 5389.10147467.
2021-10-20 12:53:20,472 - INFO - Beginning optimization with guess, [9.89423935e-02 8.25271011e-02 1.05232270e-05].
2021-10-20 12:53:23,629 - INFO - Finished optimization with guess, [9.89423935e-02 8.25271011e-02 1.05232270e-05].
2021-10-20 12:53:23,630 - INFO - Best fit parameters: [9.89423935e-02 1.62488282e-02 5.00000000e-05].
2021-10-20 12:53:23,726 - INFO - Maximum log composite likelihood: -178.692418185.
2021-10-20 12:53:23,727 - INFO - Optimal value of theta: 5392.86790343.
2021-10-20 12:53:23,727 - INFO - Beginning optimization with guess, [1.26115477e-01 5.40714151e-02 5.24204879e-06].
2021-10-20 12:53:26,853 - INFO - Finished optimization with guess, [1.26115477e-01 5.40714151e-02 5.24204879e-06].
2021-10-20 12:53:26,854 - INFO - Best fit parameters: [1.26115477e-01 5.34008249e-03 5.00000000e-05].
2021-10-20 12:53:26,960 - INFO - Maximum log composite likelihood: -172.711474977.
2021-10-20 12:53:26,961 - INFO - Optimal value of theta: 5417.99420835.
2021-10-20 12:53:26,961 - INFO - Beginning optimization with guess, [8.88378865e-02 1.40992902e-01 1.40273808e-05].
2021-10-20 12:53:30,156 - INFO - Finished optimization with guess, [8.88378865e-02 1.40992902e-01 1.40273808e-05].
2021-10-20 12:53:30,157 - INFO - Best fit parameters: [8.88378865e-02 3.57409635e-02 5.00000000e-05].
2021-10-20 12:53:30,319 - INFO - Maximum log composite likelihood: -179.509457762.
2021-10-20 12:53:30,320 - INFO - Optimal value of theta: 5389.60708917.
2021-10-20 12:53:30,323 - INFO - Beginning demographic inference for three-epoch demographic model.
2021-10-20 12:53:30,325 - INFO - Beginning optimization with guess, [8.40499397e-02 8.26840988e-02 1.47017414e-05 9.95947260e-06].
2021-10-20 12:53:33,835 - INFO - Finished optimization with guess, [8.40499397e-02 8.26840988e-02 1.47017414e-05 9.95947260e-06].
2021-10-20 12:53:33,835 - INFO - Best fit parameters: [2.30965307e-02 3.87823913e-02 5.00000000e-05 2.08543291e-05].
2021-10-20 12:53:33,935 - INFO - Maximum log composite likelihood: -179.037024208.
2021-10-20 12:53:33,935 - INFO - Optimal value of theta: 5391.50937215.
2021-10-20 12:53:33,936 - INFO - Beginning optimization with guess, [8.21285873e-02 5.50974504e-02 8.52668983e-06 6.74949965e-06].
2021-10-20 12:53:37,953 - INFO - Finished optimization with guess, [8.21285873e-02 5.50974504e-02 8.52668983e-06 6.74949965e-06].
2021-10-20 12:53:37,953 - INFO - Best fit parameters: [1.55610649e-02 7.16155790e-03 4.09909191e-05 5.00000000e-05].
2021-10-20 12:53:38,055 - INFO - Maximum log composite likelihood: -173.933469703.
2021-10-20 12:53:38,055 - INFO - Optimal value of theta: 5413.10355434.
2021-10-20 12:53:38,056 - INFO - Beginning optimization with guess, [8.96726388e-02 7.35725044e-02 1.05297013e-05 1.46969949e-05].
2021-10-20 12:53:41,488 - INFO - Finished optimization with guess, [8.96726388e-02 7.35725044e-02 1.05297013e-05 1.46969949e-05].
2021-10-20 12:53:41,489 - INFO - Best fit parameters: [4.77804083e-02 2.08761106e-02 1.89640438e-05 5.00000000e-05].
2021-10-20 12:53:41,586 - INFO - Maximum log composite likelihood: -178.965165532.
2021-10-20 12:53:41,587 - INFO - Optimal value of theta: 5391.79249981.
2021-10-20 12:53:41,587 - INFO - Beginning optimization with guess, [1.84389275e-01 1.19631703e-01 7.80240330e-06 7.42467491e-06].
2021-10-20 12:53:45,966 - INFO - Finished optimization with guess, [1.84389275e-01 1.19631703e-01 7.80240330e-06 7.42467491e-06].
2021-10-20 12:53:45,966 - INFO - Best fit parameters: [5.26746868e-02 1.61556563e-02 2.29989114e-05 5.00000000e-05].
2021-10-20 12:53:46,066 - INFO - Maximum log composite likelihood: -178.520763781.
2021-10-20 12:53:46,066 - INFO - Optimal value of theta: 5393.56875558.
2021-10-20 12:53:46,067 - INFO - Beginning optimization with guess, [9.25214783e-02 1.92833678e-01 1.18702047e-05 1.09017006e-05].
2021-10-20 12:53:49,485 - INFO - Finished optimization with guess, [9.25214783e-02 1.92833678e-01 1.18702047e-05 1.09017006e-05].
2021-10-20 12:53:49,486 - INFO - Best fit parameters: [2.02067301e-02 1.18923920e-01 5.00000000e-05 1.72684384e-05].
2021-10-20 12:53:49,583 - INFO - Maximum log composite likelihood: -179.00193113.
2021-10-20 12:53:49,584 - INFO - Optimal value of theta: 5391.63884111.
2021-10-20 12:53:49,584 - INFO - Beginning optimization with guess, [1.93820261e-01 5.19219714e-02 6.76806089e-06 1.05345495e-05].
2021-10-20 12:53:52,991 - INFO - Finished optimization with guess, [1.93820261e-01 5.19219714e-02 6.76806089e-06 1.05345495e-05].
2021-10-20 12:53:52,992 - INFO - Best fit parameters: [1.63671052e-01 1.05482762e-02 7.78454413e-06 5.00000000e-05].
2021-10-20 12:53:53,089 - INFO - Maximum log composite likelihood: -177.665842669.
2021-10-20 12:53:53,090 - INFO - Optimal value of theta: 5397.02337505.
2021-10-20 12:53:53,090 - INFO - Beginning optimization with guess, [5.08436409e-02 1.32420653e-01 9.45663612e-06 5.38838662e-06].
2021-10-20 12:53:56,637 - INFO - Finished optimization with guess, [5.08436409e-02 1.32420653e-01 9.45663612e-06 5.38838662e-06].
2021-10-20 12:53:56,637 - INFO - Best fit parameters: [9.18962905e-03 1.05137223e-01 5.00000000e-05 6.75559449e-06].
2021-10-20 12:53:56,743 - INFO - Maximum log composite likelihood: -177.219501752.
2021-10-20 12:53:56,744 - INFO - Optimal value of theta: 5398.87892318.
2021-10-20 12:53:56,744 - INFO - Beginning optimization with guess, [1.90027701e-01 7.60477754e-02 1.17763301e-05 5.12763117e-06].
2021-10-20 12:54:01,155 - INFO - Finished optimization with guess, [1.90027701e-01 7.60477754e-02 1.17763301e-05 5.12763117e-06].
2021-10-20 12:54:01,155 - INFO - Best fit parameters: [3.56862776e-02 1.22762616e-02 5.00000000e-05 3.02474289e-05].
2021-10-20 12:54:01,256 - INFO - Maximum log composite likelihood: -178.46418263.
2021-10-20 12:54:01,257 - INFO - Optimal value of theta: 5393.82873407.
2021-10-20 12:54:01,257 - INFO - Beginning optimization with guess, [1.93080781e-01 1.53690135e-01 1.77023124e-05 1.04219872e-05].
2021-10-20 12:54:05,523 - INFO - Finished optimization with guess, [1.93080781e-01 1.53690135e-01 1.77023124e-05 1.04219872e-05].
2021-10-20 12:54:05,525 - INFO - Best fit parameters: [5.85225448e-02 7.24537964e-02 5.00000000e-05 2.12793256e-05].
2021-10-20 12:54:05,623 - INFO - Maximum log composite likelihood: -179.614604459.
2021-10-20 12:54:05,623 - INFO - Optimal value of theta: 5389.18452152.
2021-10-20 12:54:05,623 - INFO - Beginning optimization with guess, [8.56408644e-02 1.00186707e-01 7.62032538e-06 6.49031686e-06].
2021-10-20 12:54:10,132 - INFO - Finished optimization with guess, [8.56408644e-02 1.00186707e-01 7.62032538e-06 6.49031686e-06].
2021-10-20 12:54:10,132 - INFO - Best fit parameters: [1.17163823e-02 2.85051657e-02 5.00000000e-05 2.19620782e-05].
2021-10-20 12:54:10,229 - INFO - Maximum log composite likelihood: -177.536210921.
2021-10-20 12:54:10,230 - INFO - Optimal value of theta: 5397.56313881.
2021-10-20 12:54:10,230 - INFO - Beginning optimization with guess, [1.14640669e-01 6.35492345e-02 1.14617226e-05 1.18784565e-05].
2021-10-20 12:54:13,780 - INFO - Finished optimization with guess, [1.14640669e-01 6.35492345e-02 1.14617226e-05 1.18784565e-05].
2021-10-20 12:54:13,781 - INFO - Best fit parameters: [5.99721126e-02 1.45619009e-02 2.07212603e-05 5.00000000e-05].
2021-10-20 12:54:13,878 - INFO - Maximum log composite likelihood: -178.325126461.
2021-10-20 12:54:13,879 - INFO - Optimal value of theta: 5394.34754994.
2021-10-20 12:54:13,879 - INFO - Beginning optimization with guess, [1.44070999e-01 6.94749074e-02 1.32124638e-05 1.54164501e-05].
2021-10-20 12:54:16,943 - INFO - Finished optimization with guess, [1.44070999e-01 6.94749074e-02 1.32124638e-05 1.54164501e-05].
2021-10-20 12:54:16,944 - INFO - Best fit parameters: [9.86413029e-02 2.06962629e-02 1.84829345e-05 5.00000000e-05].
2021-10-20 12:54:17,041 - INFO - Maximum log composite likelihood: -179.024756749.
2021-10-20 12:54:17,042 - INFO - Optimal value of theta: 5391.5486674.
2021-10-20 12:54:17,042 - INFO - Beginning optimization with guess, [1.22832826e-01 6.95380162e-02 1.31992705e-05 1.27181895e-05].
2021-10-20 12:54:20,550 - INFO - Finished optimization with guess, [1.22832826e-01 6.95380162e-02 1.31992705e-05 1.27181895e-05].
2021-10-20 12:54:20,550 - INFO - Best fit parameters: [6.08775790e-02 1.70388855e-02 2.49819927e-05 5.00000000e-05].
2021-10-20 12:54:20,648 - INFO - Maximum log composite likelihood: -178.638069053.
2021-10-20 12:54:20,648 - INFO - Optimal value of theta: 5393.09883524.
2021-10-20 12:54:20,649 - INFO - Beginning optimization with guess, [9.17666485e-02 1.34491313e-01 8.86092390e-06 7.07093634e-06].
2021-10-20 12:54:24,566 - INFO - Finished optimization with guess, [9.17666485e-02 1.34491313e-01 8.86092390e-06 7.07093634e-06].
2021-10-20 12:54:24,567 - INFO - Best fit parameters: [1.46763312e-02 6.16185621e-02 5.00000000e-05 1.49990019e-05].
2021-10-20 12:54:24,664 - INFO - Maximum log composite likelihood: -178.38139741.
2021-10-20 12:54:24,665 - INFO - Optimal value of theta: 5394.11848272.
2021-10-20 12:54:24,665 - INFO - Beginning optimization with guess, [1.74733362e-01 5.04800465e-02 1.38838602e-05 1.63859411e-05].
2021-10-20 12:54:27,602 - INFO - Finished optimization with guess, [1.74733362e-01 5.04800465e-02 1.38838602e-05 1.63859411e-05].
2021-10-20 12:54:27,602 - INFO - Best fit parameters: [1.46205052e-01 1.61482382e-02 1.61569370e-05 5.00000000e-05].
2021-10-20 12:54:27,700 - INFO - Maximum log composite likelihood: -178.646899499.
2021-10-20 12:54:27,700 - INFO - Optimal value of theta: 5393.05264559.
2021-10-20 12:54:27,700 - INFO - Beginning optimization with guess, [6.85123337e-02 9.06964523e-02 5.44790941e-06 1.79862742e-05].
2021-10-20 12:54:31,108 - INFO - Finished optimization with guess, [6.85123337e-02 9.06964523e-02 5.44790941e-06 1.79862742e-05].
2021-10-20 12:54:31,108 - INFO - Best fit parameters: [4.94716586e-02 3.13422514e-02 7.41631360e-06 5.00000000e-05].
2021-10-20 12:54:31,205 - INFO - Maximum log composite likelihood: -179.41168056.
2021-10-20 12:54:31,206 - INFO - Optimal value of theta: 5390.0017495.
2021-10-20 12:54:31,206 - INFO - Beginning optimization with guess, [6.24610252e-02 7.51728550e-02 5.22352871e-06 1.78330724e-05].
2021-10-20 12:54:34,126 - INFO - Finished optimization with guess, [6.24610252e-02 7.51728550e-02 5.22352871e-06 1.78330724e-05].
2021-10-20 12:54:34,127 - INFO - Best fit parameters: [4.75450539e-02 2.59333730e-02 6.77137159e-06 5.00000000e-05].
2021-10-20 12:54:34,224 - INFO - Maximum log composite likelihood: -179.275451705.
2021-10-20 12:54:34,224 - INFO - Optimal value of theta: 5390.54713021.
2021-10-20 12:54:34,225 - INFO - Beginning optimization with guess, [1.47500788e-01 1.99734692e-01 1.09030166e-05 1.68374591e-05].
2021-10-20 12:54:38,154 - INFO - Finished optimization with guess, [1.47500788e-01 1.99734692e-01 1.09030166e-05 1.68374591e-05].
2021-10-20 12:54:38,155 - INFO - Best fit parameters: [5.08834408e-02 6.14384217e-02 2.82965097e-05 5.00000000e-05].
2021-10-20 12:54:38,252 - INFO - Maximum log composite likelihood: -179.572464711.
2021-10-20 12:54:38,253 - INFO - Optimal value of theta: 5389.35713285.
2021-10-20 12:54:38,253 - INFO - Beginning optimization with guess, [6.93911938e-02 7.43508316e-02 1.37730704e-05 9.17178514e-06].
2021-10-20 12:54:41,646 - INFO - Finished optimization with guess, [6.93911938e-02 7.43508316e-02 1.37730704e-05 9.17178514e-06].
2021-10-20 12:54:41,646 - INFO - Best fit parameters: [1.80660952e-02 3.73704452e-02 5.00000000e-05 1.79976555e-05].
2021-10-20 12:54:41,744 - INFO - Maximum log composite likelihood: -178.709214081.
2021-10-20 12:54:41,744 - INFO - Optimal value of theta: 5392.81766742.
2021-10-20 12:54:41,745 - INFO - Beginning optimization with guess, [1.81678551e-01 1.89934162e-01 5.58192425e-06 7.01830127e-06].
2021-10-20 12:54:46,207 - INFO - Finished optimization with guess, [1.81678551e-01 1.89934162e-01 5.58192425e-06 7.01830127e-06].
2021-10-20 12:54:46,209 - INFO - Best fit parameters: [3.06541070e-02 2.27555347e-02 2.62022968e-05 5.00000000e-05].
2021-10-20 12:54:46,306 - INFO - Maximum log composite likelihood: -178.895231295.
2021-10-20 12:54:46,306 - INFO - Optimal value of theta: 5392.08486103.
2021-10-20 12:54:46,306 - INFO - Beginning optimization with guess, [8.81113073e-02 8.61451202e-02 5.38569662e-06 5.76931966e-06].
2021-10-20 12:54:50,893 - INFO - Finished optimization with guess, [8.81113073e-02 8.61451202e-02 5.38569662e-06 5.76931966e-06].
2021-10-20 12:54:50,893 - INFO - Best fit parameters: [1.15742856e-02 9.30373538e-03 3.63118319e-05 5.00000000e-05].
2021-10-20 12:54:51,000 - INFO - Maximum log composite likelihood: -174.910456306.
2021-10-20 12:54:51,001 - INFO - Optimal value of theta: 5408.75036572.
2021-10-20 12:54:51,001 - INFO - Beginning optimization with guess, [1.02440964e-01 6.82707695e-02 1.08356246e-05 5.04510966e-06].
2021-10-20 12:54:55,003 - INFO - Finished optimization with guess, [1.02440964e-01 6.82707695e-02 1.08356246e-05 5.04510966e-06].
2021-10-20 12:54:55,099 - INFO - Best fit parameters: [1.99532542e-02 2.54556546e-02 5.00000000e-05 1.32710690e-05].
2021-10-20 12:54:55,238 - INFO - Maximum log composite likelihood: -178.851994428.
2021-10-20 12:54:55,239 - INFO - Optimal value of theta: 5392.2485926.
2021-10-20 12:54:55,239 - INFO - Beginning optimization with guess, [1.92868748e-01 7.03367703e-02 8.37671239e-06 8.09905604e-06].
2021-10-20 12:54:59,150 - INFO - Finished optimization with guess, [1.92868748e-01 7.03367703e-02 8.37671239e-06 8.09905604e-06].
2021-10-20 12:54:59,151 - INFO - Best fit parameters: [1.13544021e-01 1.07770020e-02 1.30949543e-05 5.00000000e-05].
2021-10-20 12:54:59,248 - INFO - Maximum log composite likelihood: -177.690501447.
2021-10-20 12:54:59,248 - INFO - Optimal value of theta: 5396.92153551.
2021-10-20 12:54:59,249 - INFO - Beginning optimization with guess, [1.11232757e-01 8.46013484e-02 8.56349800e-06 6.71123719e-06].
2021-10-20 12:55:03,107 - INFO - Finished optimization with guess, [1.11232757e-01 8.46013484e-02 8.56349800e-06 6.71123719e-06].
2021-10-20 12:55:03,107 - INFO - Best fit parameters: [1.64856658e-02 1.22885193e-02 5.00000000e-05 4.37061797e-05].
2021-10-20 12:55:03,202 - INFO - Maximum log composite likelihood: -176.441610368.
2021-10-20 12:55:03,203 - INFO - Optimal value of theta: 5402.14018605.
2021-10-20 12:55:03,203 - INFO - Beginning optimization with guess, [1.25538984e-01 1.59629859e-01 7.66449391e-06 1.11242283e-05].
2021-10-20 12:55:07,071 - INFO - Finished optimization with guess, [1.25538984e-01 1.59629859e-01 7.66449391e-06 1.11242283e-05].
2021-10-20 12:55:07,072 - INFO - Best fit parameters: [3.03788926e-02 3.22863967e-02 2.79712320e-05 5.00000000e-05].
2021-10-20 12:55:07,169 - INFO - Maximum log composite likelihood: -179.197305238.
2021-10-20 12:55:07,170 - INFO - Optimal value of theta: 5390.87427469.
2021-10-20 12:55:07,176 - INFO - Finished demographic inference.
2021-10-20 12:55:07,176 - INFO - Pipeline executed succesfully.
