2024-05-30 17:17:53,012 - INFO - Beginning execution of fit_one_epoch.py in directory /u/project/ngarud/jonmah/demo_for_ccgb/Scripts

2024-05-30 17:17:53,012 - INFO - Progress is being logged to ../HighRecombinationAnalysis/Alistipes_onderdonkii_55464/core_0.5_log.log

2024-05-30 17:17:53,012 - INFO - Parsed the following arguments:
	mask_doubletons = False
	syn_input_sfs = ../HighRecombinationAnalysis/Alistipes_onderdonkii_55464/core_0.5_empirical_syn_14_downsampled_sfs.txt
	mask_singletons = False
	outprefix = ../HighRecombinationAnalysis/Alistipes_onderdonkii_55464/core_0.5

2024-05-30 17:17:53,014 - INFO - Beginning demographic inference for one-epoch demographic model.
2024-05-30 17:17:53,016 - INFO - Beginning optimization with guess, [0.05542255].
2024-05-30 17:17:53,878 - INFO - Finished optimization with guess, [0.05542255].
2024-05-30 17:17:53,882 - INFO - Best fit parameters: [0.05542255].
2024-05-30 17:17:53,907 - INFO - Maximum log composite likelihood: -170.480198971.
2024-05-30 17:17:53,907 - INFO - Optimal value of theta: 5855.17615313.
2024-05-30 17:17:53,907 - INFO - Beginning optimization with guess, [0.14951492].
2024-05-30 17:17:54,754 - INFO - Finished optimization with guess, [0.14951492].
2024-05-30 17:17:54,755 - INFO - Best fit parameters: [0.14951492].
2024-05-30 17:17:54,778 - INFO - Maximum log composite likelihood: -170.480198971.
2024-05-30 17:17:54,778 - INFO - Optimal value of theta: 5855.17615313.
2024-05-30 17:17:54,779 - INFO - Beginning optimization with guess, [0.19651555].
2024-05-30 17:17:55,537 - INFO - Finished optimization with guess, [0.19651555].
2024-05-30 17:17:55,538 - INFO - Best fit parameters: [0.19651555].
2024-05-30 17:17:55,562 - INFO - Maximum log composite likelihood: -170.480198971.
2024-05-30 17:17:55,563 - INFO - Optimal value of theta: 5855.17615313.
2024-05-30 17:17:55,563 - INFO - Beginning optimization with guess, [0.57366947].
2024-05-30 17:17:56,277 - INFO - Finished optimization with guess, [0.57366947].
2024-05-30 17:17:56,278 - INFO - Best fit parameters: [0.57366947].
2024-05-30 17:17:56,302 - INFO - Maximum log composite likelihood: -170.480198971.
2024-05-30 17:17:56,303 - INFO - Optimal value of theta: 5855.17615313.
2024-05-30 17:17:56,303 - INFO - Beginning optimization with guess, [0.35144058].
2024-05-30 17:17:57,095 - INFO - Finished optimization with guess, [0.35144058].
2024-05-30 17:17:57,095 - INFO - Best fit parameters: [0.35144058].
2024-05-30 17:17:57,123 - INFO - Maximum log composite likelihood: -170.480198971.
2024-05-30 17:17:57,123 - INFO - Optimal value of theta: 5855.17615313.
2024-05-30 17:17:57,123 - INFO - Beginning optimization with guess, [0.79490347].
2024-05-30 17:17:57,705 - INFO - Finished optimization with guess, [0.79490347].
2024-05-30 17:17:57,705 - INFO - Best fit parameters: [0.79490347].
2024-05-30 17:17:57,730 - INFO - Maximum log composite likelihood: -170.480198971.
2024-05-30 17:17:57,731 - INFO - Optimal value of theta: 5855.17615313.
2024-05-30 17:17:57,731 - INFO - Beginning optimization with guess, [0.36649247].
2024-05-30 17:17:58,441 - INFO - Finished optimization with guess, [0.36649247].
2024-05-30 17:17:58,442 - INFO - Best fit parameters: [0.36649247].
2024-05-30 17:17:58,466 - INFO - Maximum log composite likelihood: -170.480198971.
2024-05-30 17:17:58,467 - INFO - Optimal value of theta: 5855.17615313.
2024-05-30 17:17:58,467 - INFO - Beginning optimization with guess, [1.54213166].
2024-05-30 17:17:59,114 - INFO - Finished optimization with guess, [1.54213166].
2024-05-30 17:17:59,115 - INFO - Best fit parameters: [1.54213166].
2024-05-30 17:17:59,139 - INFO - Maximum log composite likelihood: -170.480198971.
2024-05-30 17:17:59,140 - INFO - Optimal value of theta: 5855.17615313.
2024-05-30 17:17:59,140 - INFO - Beginning optimization with guess, [0.50267524].
2024-05-30 17:17:59,844 - INFO - Finished optimization with guess, [0.50267524].
2024-05-30 17:17:59,844 - INFO - Best fit parameters: [0.50267524].
2024-05-30 17:17:59,868 - INFO - Maximum log composite likelihood: -170.480198971.
2024-05-30 17:17:59,869 - INFO - Optimal value of theta: 5855.17615313.
2024-05-30 17:17:59,869 - INFO - Beginning optimization with guess, [0.61571701].
2024-05-30 17:18:00,500 - INFO - Finished optimization with guess, [0.61571701].
2024-05-30 17:18:00,500 - INFO - Best fit parameters: [0.61571701].
2024-05-30 17:18:00,524 - INFO - Maximum log composite likelihood: -170.480198971.
2024-05-30 17:18:00,524 - INFO - Optimal value of theta: 5855.17615313.
2024-05-30 17:18:00,525 - INFO - Beginning optimization with guess, [1.46657514].
2024-05-30 17:18:01,147 - INFO - Finished optimization with guess, [1.46657514].
2024-05-30 17:18:01,148 - INFO - Best fit parameters: [1.46657514].
2024-05-30 17:18:01,173 - INFO - Maximum log composite likelihood: -170.480198971.
2024-05-30 17:18:01,173 - INFO - Optimal value of theta: 5855.17615313.
2024-05-30 17:18:01,174 - INFO - Beginning optimization with guess, [1.38916202].
2024-05-30 17:18:01,811 - INFO - Finished optimization with guess, [1.38916202].
2024-05-30 17:18:01,811 - INFO - Best fit parameters: [1.38916202].
2024-05-30 17:18:01,836 - INFO - Maximum log composite likelihood: -170.480198971.
2024-05-30 17:18:01,836 - INFO - Optimal value of theta: 5855.17615313.
2024-05-30 17:18:01,836 - INFO - Beginning optimization with guess, [0.95759137].
2024-05-30 17:18:02,253 - INFO - Finished optimization with guess, [0.95759137].
2024-05-30 17:18:02,253 - INFO - Best fit parameters: [0.95759137].
2024-05-30 17:18:02,278 - INFO - Maximum log composite likelihood: -170.480198971.
2024-05-30 17:18:02,281 - INFO - Optimal value of theta: 5855.17615313.
2024-05-30 17:18:02,281 - INFO - Beginning optimization with guess, [3.8410629].
2024-05-30 17:18:03,064 - INFO - Finished optimization with guess, [3.8410629].
2024-05-30 17:18:03,064 - INFO - Best fit parameters: [3.8410629].
2024-05-30 17:18:03,089 - INFO - Maximum log composite likelihood: -170.480198971.
2024-05-30 17:18:03,089 - INFO - Optimal value of theta: 5855.17615313.
2024-05-30 17:18:03,089 - INFO - Beginning optimization with guess, [1.74077288].
2024-05-30 17:18:03,803 - INFO - Finished optimization with guess, [1.74077288].
2024-05-30 17:18:03,803 - INFO - Best fit parameters: [1.74077288].
2024-05-30 17:18:03,828 - INFO - Maximum log composite likelihood: -170.480198971.
2024-05-30 17:18:03,828 - INFO - Optimal value of theta: 5855.17615313.
2024-05-30 17:18:03,829 - INFO - Beginning optimization with guess, [1.83266104].
2024-05-30 17:18:04,562 - INFO - Finished optimization with guess, [1.83266104].
2024-05-30 17:18:04,562 - INFO - Best fit parameters: [1.83266104].
2024-05-30 17:18:04,586 - INFO - Maximum log composite likelihood: -170.480198971.
2024-05-30 17:18:04,586 - INFO - Optimal value of theta: 5855.17615313.
2024-05-30 17:18:04,587 - INFO - Beginning optimization with guess, [5.17711286].
2024-05-30 17:18:05,359 - INFO - Finished optimization with guess, [5.17711286].
2024-05-30 17:18:05,359 - INFO - Best fit parameters: [5.17711286].
2024-05-30 17:18:05,383 - INFO - Maximum log composite likelihood: -170.480198971.
2024-05-30 17:18:05,384 - INFO - Optimal value of theta: 5855.17615313.
2024-05-30 17:18:05,384 - INFO - Beginning optimization with guess, [3.13055205].
2024-05-30 17:18:06,164 - INFO - Finished optimization with guess, [3.13055205].
2024-05-30 17:18:06,164 - INFO - Best fit parameters: [3.13055205].
2024-05-30 17:18:06,189 - INFO - Maximum log composite likelihood: -170.480198971.
2024-05-30 17:18:06,189 - INFO - Optimal value of theta: 5855.17615313.
2024-05-30 17:18:06,189 - INFO - Beginning optimization with guess, [2.18927217].
2024-05-30 17:18:06,895 - INFO - Finished optimization with guess, [2.18927217].
2024-05-30 17:18:06,897 - INFO - Best fit parameters: [2.18927217].
2024-05-30 17:18:06,921 - INFO - Maximum log composite likelihood: -170.480198971.
2024-05-30 17:18:06,921 - INFO - Optimal value of theta: 5855.17615313.
2024-05-30 17:18:06,921 - INFO - Beginning optimization with guess, [3.12801284].
2024-05-30 17:18:07,688 - INFO - Finished optimization with guess, [3.12801284].
2024-05-30 17:18:07,688 - INFO - Best fit parameters: [3.12801284].
2024-05-30 17:18:07,712 - INFO - Maximum log composite likelihood: -170.480198971.
2024-05-30 17:18:07,712 - INFO - Optimal value of theta: 5855.17615313.
2024-05-30 17:18:07,713 - INFO - Beginning optimization with guess, [2.18475084].
2024-05-30 17:18:08,420 - INFO - Finished optimization with guess, [2.18475084].
2024-05-30 17:18:08,420 - INFO - Best fit parameters: [2.18475084].
2024-05-30 17:18:08,445 - INFO - Maximum log composite likelihood: -170.480198971.
2024-05-30 17:18:08,445 - INFO - Optimal value of theta: 5855.17615313.
2024-05-30 17:18:08,445 - INFO - Beginning optimization with guess, [4.02674009].
2024-05-30 17:18:09,224 - INFO - Finished optimization with guess, [4.02674009].
2024-05-30 17:18:09,224 - INFO - Best fit parameters: [4.02674009].
2024-05-30 17:18:09,249 - INFO - Maximum log composite likelihood: -170.480198971.
2024-05-30 17:18:09,249 - INFO - Optimal value of theta: 5855.17615313.
2024-05-30 17:18:09,249 - INFO - Beginning optimization with guess, [6.44937442].
2024-05-30 17:18:10,035 - INFO - Finished optimization with guess, [6.44937442].
2024-05-30 17:18:10,035 - INFO - Best fit parameters: [6.44937442].
2024-05-30 17:18:10,060 - INFO - Maximum log composite likelihood: -170.480198971.
2024-05-30 17:18:10,061 - INFO - Optimal value of theta: 5855.17615313.
2024-05-30 17:18:10,061 - INFO - Beginning optimization with guess, [13.87828556].
2024-05-30 17:18:10,920 - INFO - Finished optimization with guess, [13.87828556].
2024-05-30 17:18:10,920 - INFO - Best fit parameters: [13.87828556].
2024-05-30 17:18:10,945 - INFO - Maximum log composite likelihood: -170.480198971.
2024-05-30 17:18:10,945 - INFO - Optimal value of theta: 5855.17615313.
2024-05-30 17:18:10,947 - INFO - Beginning demographic inference for two-epoch demographic model.
2024-05-30 17:18:10,951 - INFO - Beginning optimization with guess, [0.11284056 0.00918707].
2024-05-30 17:18:12,265 - INFO - Finished optimization with guess, [0.11284056 0.00918707].
2024-05-30 17:18:12,266 - INFO - Best fit parameters: [0.56504619 0.11345921].
2024-05-30 17:18:12,295 - INFO - Maximum log composite likelihood: -37.1547043277.
2024-05-30 17:18:12,295 - INFO - Optimal value of theta: 6675.73611401.
2024-05-30 17:18:12,296 - INFO - Beginning optimization with guess, [0.1365559  0.00997265].
2024-05-30 17:18:13,677 - INFO - Finished optimization with guess, [0.1365559  0.00997265].
2024-05-30 17:18:13,677 - INFO - Best fit parameters: [0.56171336 0.15599032].
2024-05-30 17:18:13,707 - INFO - Maximum log composite likelihood: -35.2183360107.
2024-05-30 17:18:13,708 - INFO - Optimal value of theta: 6916.63296132.
2024-05-30 17:18:13,708 - INFO - Beginning optimization with guess, [0.3574191  0.01332067].
2024-05-30 17:18:15,045 - INFO - Finished optimization with guess, [0.3574191  0.01332067].
2024-05-30 17:18:15,047 - INFO - Best fit parameters: [0.55023791 0.13723519].
2024-05-30 17:18:15,077 - INFO - Maximum log composite likelihood: -35.3069547245.
2024-05-30 17:18:15,077 - INFO - Optimal value of theta: 6863.84956536.
2024-05-30 17:18:15,077 - INFO - Beginning optimization with guess, [0.35658903 0.00781659].
2024-05-30 17:18:16,423 - INFO - Finished optimization with guess, [0.35658903 0.00781659].
2024-05-30 17:18:16,424 - INFO - Best fit parameters: [0.57148549 0.14550076].
2024-05-30 17:18:16,454 - INFO - Maximum log composite likelihood: -35.6168538161.
2024-05-30 17:18:16,454 - INFO - Optimal value of theta: 6823.42868762.
2024-05-30 17:18:16,454 - INFO - Beginning optimization with guess, [0.69105679 0.00976136].
2024-05-30 17:18:17,956 - INFO - Finished optimization with guess, [0.69105679 0.00976136].
2024-05-30 17:18:17,957 - INFO - Best fit parameters: [0.56181637 0.16107855].
2024-05-30 17:18:17,988 - INFO - Maximum log composite likelihood: -35.2086882698.
2024-05-30 17:18:17,988 - INFO - Optimal value of theta: 6942.01318874.
2024-05-30 17:18:17,988 - INFO - Beginning optimization with guess, [1.12818528 0.01201972].
2024-05-30 17:18:23,375 - INFO - Finished optimization with guess, [1.12818528 0.01201972].
2024-05-30 17:18:23,381 - INFO - Best fit parameters: [0.76530965 0.32108018].
2024-05-30 17:18:23,414 - INFO - Maximum log composite likelihood: -70.2584994076.
2024-05-30 17:18:23,414 - INFO - Optimal value of theta: 6545.25518445.
2024-05-30 17:18:23,414 - INFO - Beginning optimization with guess, [0.399305   0.01119068].
2024-05-30 17:18:24,702 - INFO - Finished optimization with guess, [0.399305   0.01119068].
2024-05-30 17:18:24,702 - INFO - Best fit parameters: [0.56481426 0.13418428].
2024-05-30 17:18:24,732 - INFO - Maximum log composite likelihood: -35.7162372559.
2024-05-30 17:18:24,732 - INFO - Optimal value of theta: 6790.39446426.
2024-05-30 17:18:24,732 - INFO - Beginning optimization with guess, [1.06995757 0.01157039].
2024-05-30 17:18:30,262 - INFO - Finished optimization with guess, [1.06995757 0.01157039].
2024-05-30 17:18:30,264 - INFO - Best fit parameters: [0.8784073  0.43371928].
2024-05-30 17:18:30,297 - INFO - Maximum log composite likelihood: -114.871327609.
2024-05-30 17:18:30,298 - INFO - Optimal value of theta: 6227.93616177.
2024-05-30 17:18:30,298 - INFO - Beginning optimization with guess, [0.51944452 0.0071864 ].
2024-05-30 17:18:31,587 - INFO - Finished optimization with guess, [0.51944452 0.0071864 ].
2024-05-30 17:18:31,589 - INFO - Best fit parameters: [0.55485747 0.15099921].
2024-05-30 17:18:31,619 - INFO - Maximum log composite likelihood: -35.2323290617.
2024-05-30 17:18:31,620 - INFO - Optimal value of theta: 6919.92255725.
2024-05-30 17:18:31,620 - INFO - Beginning optimization with guess, [1.21145666 0.00775419].
2024-05-30 17:18:39,828 - INFO - Finished optimization with guess, [1.21145666 0.00775419].
2024-05-30 17:18:39,829 - INFO - Best fit parameters: [0.69226924 0.40239151].
2024-05-30 17:18:39,865 - INFO - Maximum log composite likelihood: -54.7814749555.
2024-05-30 17:18:39,865 - INFO - Optimal value of theta: 7015.25199602.
2024-05-30 17:18:39,866 - INFO - Beginning optimization with guess, [1.95719796 0.00563246].
2024-05-30 17:18:42,467 - INFO - Finished optimization with guess, [1.95719796 0.00563246].
2024-05-30 17:18:42,468 - INFO - Best fit parameters: [0.51631301 0.10639737].
2024-05-30 17:18:42,500 - INFO - Maximum log composite likelihood: -35.9423433897.
2024-05-30 17:18:42,500 - INFO - Optimal value of theta: 6801.52182853.
2024-05-30 17:18:42,501 - INFO - Beginning optimization with guess, [1.88861603 0.01807658].
2024-05-30 17:18:44,277 - INFO - Finished optimization with guess, [1.88861603 0.01807658].
2024-05-30 17:18:44,277 - INFO - Best fit parameters: [0.56077674 0.1754278 ].
2024-05-30 17:18:44,309 - INFO - Maximum log composite likelihood: -35.2780554745.
2024-05-30 17:18:44,309 - INFO - Optimal value of theta: 7018.0879344.
2024-05-30 17:18:44,309 - INFO - Beginning optimization with guess, [1.53101315 0.0095843 ].
2024-05-30 17:18:46,419 - INFO - Finished optimization with guess, [1.53101315 0.0095843 ].
2024-05-30 17:18:46,420 - INFO - Best fit parameters: [0.57441375 0.16322672].
2024-05-30 17:18:46,450 - INFO - Maximum log composite likelihood: -35.3841476311.
2024-05-30 17:18:46,450 - INFO - Optimal value of theta: 6898.20495456.
2024-05-30 17:18:46,451 - INFO - Beginning optimization with guess, [3.77120575 0.00907375].
2024-05-30 17:18:48,974 - INFO - Finished optimization with guess, [3.77120575 0.00907375].
2024-05-30 17:18:48,977 - INFO - Best fit parameters: [0.53700171 0.36427981].
2024-05-30 17:18:49,015 - INFO - Maximum log composite likelihood: -36.5813187595.
2024-05-30 17:18:49,015 - INFO - Optimal value of theta: 8013.87636165.
2024-05-30 17:18:49,015 - INFO - Beginning optimization with guess, [3.72982209 0.01325755].
2024-05-30 17:18:51,082 - INFO - Finished optimization with guess, [3.72982209 0.01325755].
2024-05-30 17:18:51,082 - INFO - Best fit parameters: [0.55110324 0.15838321].
2024-05-30 17:18:51,116 - INFO - Maximum log composite likelihood: -35.3289054319.
2024-05-30 17:18:51,117 - INFO - Optimal value of theta: 6975.65574849.
2024-05-30 17:18:51,117 - INFO - Beginning optimization with guess, [1.96247713 0.01993166].
2024-05-30 17:18:52,959 - INFO - Finished optimization with guess, [1.96247713 0.01993166].
2024-05-30 17:18:52,959 - INFO - Best fit parameters: [0.57025153 0.17089289].
2024-05-30 17:18:52,989 - INFO - Maximum log composite likelihood: -35.2511758003.
2024-05-30 17:18:52,990 - INFO - Optimal value of theta: 6952.77241828.
2024-05-30 17:18:52,990 - INFO - Beginning optimization with guess, [4.17848167 0.00561119].
2024-05-30 17:18:55,805 - INFO - Finished optimization with guess, [4.17848167 0.00561119].
2024-05-30 17:18:55,806 - INFO - Best fit parameters: [0.53381201 0.10392925].
2024-05-30 17:18:55,834 - INFO - Maximum log composite likelihood: -36.1682106026.
2024-05-30 17:18:55,835 - INFO - Optimal value of theta: 6722.14305663.
2024-05-30 17:18:55,835 - INFO - Beginning optimization with guess, [3.76645558 0.00527111].
2024-05-30 17:18:58,775 - INFO - Finished optimization with guess, [3.76645558 0.00527111].
2024-05-30 17:18:58,775 - INFO - Best fit parameters: [0.55073549 0.1428103 ].
2024-05-30 17:18:58,805 - INFO - Maximum log composite likelihood: -35.2701775752.
2024-05-30 17:18:58,806 - INFO - Optimal value of theta: 6892.88294891.
2024-05-30 17:18:58,806 - INFO - Beginning optimization with guess, [1.90569579 0.00793008].
2024-05-30 17:19:01,139 - INFO - Finished optimization with guess, [1.90569579 0.00793008].
2024-05-30 17:19:01,144 - INFO - Best fit parameters: [0.53004611 0.12336954].
2024-05-30 17:19:01,173 - INFO - Maximum log composite likelihood: -35.6062392376.
2024-05-30 17:19:01,173 - INFO - Optimal value of theta: 6862.01247292.
2024-05-30 17:19:01,173 - INFO - Beginning optimization with guess, [5.29265726 0.01218039].
2024-05-30 17:19:03,264 - INFO - Finished optimization with guess, [5.29265726 0.01218039].
2024-05-30 17:19:03,264 - INFO - Best fit parameters: [0.54910562 0.14721455].
2024-05-30 17:19:03,295 - INFO - Maximum log composite likelihood: -35.2910504418.
2024-05-30 17:19:03,295 - INFO - Optimal value of theta: 6924.03935792.
2024-05-30 17:19:03,295 - INFO - Beginning optimization with guess, [7.85718672 0.01845715].
2024-05-30 17:19:04,624 - INFO - Finished optimization with guess, [7.85718672 0.01845715].
2024-05-30 17:19:04,624 - INFO - Best fit parameters: [0.13552907 0.00871264].
2024-05-30 17:19:04,655 - INFO - Maximum log composite likelihood: -47.7424557251.
2024-05-30 17:19:04,656 - INFO - Optimal value of theta: 6516.37114765.
2024-05-30 17:19:04,656 - INFO - Beginning optimization with guess, [4.58633396 0.00692853].
2024-05-30 17:19:07,270 - INFO - Finished optimization with guess, [4.58633396 0.00692853].
2024-05-30 17:19:07,271 - INFO - Best fit parameters: [0.55200627 0.14576788].
2024-05-30 17:19:07,301 - INFO - Maximum log composite likelihood: -35.2553617154.
2024-05-30 17:19:07,301 - INFO - Optimal value of theta: 6903.81239536.
2024-05-30 17:19:07,301 - INFO - Beginning optimization with guess, [4.70148759 0.00568848].
2024-05-30 17:19:10,121 - INFO - Finished optimization with guess, [4.70148759 0.00568848].
2024-05-30 17:19:10,121 - INFO - Best fit parameters: [0.58236338 0.15668605].
2024-05-30 17:19:10,156 - INFO - Maximum log composite likelihood: -35.8386467044.
2024-05-30 17:19:10,156 - INFO - Optimal value of theta: 6834.65150506.
2024-05-30 17:19:10,156 - INFO - Beginning optimization with guess, [9.72657729e+00 6.08579799e-03].
2024-05-30 17:19:12,818 - INFO - Finished optimization with guess, [9.72657729e+00 6.08579799e-03].
2024-05-30 17:19:12,819 - INFO - Best fit parameters: [0.57200851 0.19904167].
2024-05-30 17:19:12,850 - INFO - Maximum log composite likelihood: -35.3563963139.
2024-05-30 17:19:12,851 - INFO - Optimal value of theta: 7073.84824738.
2024-05-30 17:19:12,853 - INFO - Beginning demographic inference for three-epoch demographic model.
2024-05-30 17:19:12,856 - INFO - Beginning optimization with guess, [0.00524816 0.00574083 0.01845291 0.01309494].
2024-05-30 17:19:19,646 - INFO - Finished optimization with guess, [0.00524816 0.00574083 0.01845291 0.01309494].
2024-05-30 17:19:19,649 - INFO - Best fit parameters: [0.00506554 0.00486083 0.01848276 0.0124957 ].
2024-05-30 17:19:19,789 - INFO - Maximum log composite likelihood: -37.0137870782.
2024-05-30 17:19:19,789 - INFO - Optimal value of theta: 899002.3422.
2024-05-30 17:19:19,790 - INFO - Beginning optimization with guess, [0.02204654 0.0333915  0.01431803 0.00612325].
2024-05-30 17:19:21,114 - INFO - Finished optimization with guess, [0.02204654 0.0333915  0.01431803 0.00612325].
2024-05-30 17:19:21,114 - INFO - Best fit parameters: [0.03111592 0.4288634  0.00166497 0.00341806].
2024-05-30 17:19:21,140 - INFO - Maximum log composite likelihood: -47.467630378.
2024-05-30 17:19:21,141 - INFO - Optimal value of theta: 6525.8376362.
2024-05-30 17:19:21,141 - INFO - Beginning optimization with guess, [0.03766573 0.03215342 0.00508105 0.01074711].
2024-05-30 17:19:22,350 - INFO - Finished optimization with guess, [0.03766573 0.03215342 0.00508105 0.01074711].
2024-05-30 17:19:22,350 - INFO - Best fit parameters: [0.03471513 0.14988073 0.00128181 0.00322162].
2024-05-30 17:19:22,376 - INFO - Maximum log composite likelihood: -48.215925578.
2024-05-30 17:19:22,376 - INFO - Optimal value of theta: 6501.29801738.
2024-05-30 17:19:22,376 - INFO - Beginning optimization with guess, [0.03835034 0.05031076 0.00666196 0.00697285].
2024-05-30 17:19:23,601 - INFO - Finished optimization with guess, [0.03835034 0.05031076 0.00666196 0.00697285].
2024-05-30 17:19:23,601 - INFO - Best fit parameters: [0.11287623 0.08311451 0.00200941 0.00337853].
2024-05-30 17:19:23,628 - INFO - Maximum log composite likelihood: -48.7851400513.
2024-05-30 17:19:23,628 - INFO - Optimal value of theta: 6493.94464736.
2024-05-30 17:19:23,628 - INFO - Beginning optimization with guess, [0.04910257 0.03005114 0.01397433 0.00957901].
2024-05-30 17:19:24,988 - INFO - Finished optimization with guess, [0.04910257 0.03005114 0.01397433 0.00957901].
2024-05-30 17:19:24,989 - INFO - Best fit parameters: [0.1017775  0.22559156 0.00481106 0.0030581 ].
2024-05-30 17:19:25,015 - INFO - Maximum log composite likelihood: -47.2607656161.
2024-05-30 17:19:25,016 - INFO - Optimal value of theta: 6484.79634874.
2024-05-30 17:19:25,016 - INFO - Beginning optimization with guess, [0.80660345 0.74038462 0.01859165 0.00561046].
2024-05-30 17:19:26,448 - INFO - Finished optimization with guess, [0.80660345 0.74038462 0.01859165 0.00561046].
2024-05-30 17:19:26,448 - INFO - Best fit parameters: [0.67048351 0.70792021 0.26710546 0.01639137].
2024-05-30 17:19:26,481 - INFO - Maximum log composite likelihood: -47.3628199183.
2024-05-30 17:19:26,481 - INFO - Optimal value of theta: 6861.59465179.
2024-05-30 17:19:26,481 - INFO - Beginning optimization with guess, [0.90445214 1.16150515 0.008923   0.01501851].
2024-05-30 17:19:27,908 - INFO - Finished optimization with guess, [0.90445214 1.16150515 0.008923   0.01501851].
2024-05-30 17:19:27,910 - INFO - Best fit parameters: [0.86414375 1.16843838 0.4425102  0.00258412].
2024-05-30 17:19:27,945 - INFO - Maximum log composite likelihood: -112.813343068.
2024-05-30 17:19:27,945 - INFO - Optimal value of theta: 6275.10074957.
2024-05-30 17:19:27,945 - INFO - Beginning optimization with guess, [1.11861766 1.09451845 0.01765988 0.00872754].
2024-05-30 17:19:29,100 - INFO - Finished optimization with guess, [1.11861766 1.09451845 0.01765988 0.00872754].
2024-05-30 17:19:29,100 - INFO - Best fit parameters: [1.05052722e+00 9.58631586e-01 3.63125634e-05 1.36109413e-03].
2024-05-30 17:19:29,126 - INFO - Maximum log composite likelihood: -170.147282799.
2024-05-30 17:19:29,126 - INFO - Optimal value of theta: 5855.90408091.
2024-05-30 17:19:29,126 - INFO - Beginning optimization with guess, [1.53318044 0.6492136  0.00956302 0.01693619].
2024-05-30 17:19:30,522 - INFO - Finished optimization with guess, [1.53318044 0.6492136  0.00956302 0.01693619].
2024-05-30 17:19:30,523 - INFO - Best fit parameters: [1.64891373 0.57365116 0.01446758 0.16224337].
2024-05-30 17:19:30,553 - INFO - Maximum log composite likelihood: -35.468466988.
2024-05-30 17:19:30,554 - INFO - Optimal value of theta: 6860.62477694.
2024-05-30 17:19:30,554 - INFO - Beginning optimization with guess, [0.53490743 0.76825555 0.0050873  0.01278221].
2024-05-30 17:19:32,076 - INFO - Finished optimization with guess, [0.53490743 0.76825555 0.0050873  0.01278221].
2024-05-30 17:19:32,078 - INFO - Best fit parameters: [0.44838061 0.74587535 0.07882097 0.01175242].
2024-05-30 17:19:32,151 - INFO - Maximum log composite likelihood: -35.3355908685.
2024-05-30 17:19:32,152 - INFO - Optimal value of theta: 6817.66428601.
2024-05-30 17:19:32,152 - INFO - Beginning optimization with guess, [1.93879506 1.70513113 0.00769088 0.00863628].
2024-05-30 17:19:33,300 - INFO - Finished optimization with guess, [1.93879506 1.70513113 0.00769088 0.00863628].
2024-05-30 17:19:33,300 - INFO - Best fit parameters: [1.00153932e+00 7.53788354e-01 4.30670475e-05 4.13083817e-05].
2024-05-30 17:19:33,326 - INFO - Maximum log composite likelihood: -170.400450691.
2024-05-30 17:19:33,326 - INFO - Optimal value of theta: 5855.34932501.
2024-05-30 17:19:33,326 - INFO - Beginning optimization with guess, [2.56621009 1.15322153 0.00619254 0.01455143].
2024-05-30 17:19:34,450 - INFO - Finished optimization with guess, [2.56621009 1.15322153 0.00619254 0.01455143].
2024-05-30 17:19:34,450 - INFO - Best fit parameters: [1.50395640e+00 9.03785299e-01 2.33673870e-05 1.78052072e-03].
2024-05-30 17:19:34,475 - INFO - Maximum log composite likelihood: -169.42644773.
2024-05-30 17:19:34,475 - INFO - Optimal value of theta: 5857.48985892.
2024-05-30 17:19:34,475 - INFO - Beginning optimization with guess, [2.68033529 3.4492209  0.01500066 0.00656339].
2024-05-30 17:19:35,597 - INFO - Finished optimization with guess, [2.68033529 3.4492209  0.01500066 0.00656339].
2024-05-30 17:19:35,597 - INFO - Best fit parameters: [1.93011892e+00 5.76292634e-01 1.14266497e-04 2.17808125e-04].
2024-05-30 17:19:35,622 - INFO - Maximum log composite likelihood: -169.859389131.
2024-05-30 17:19:35,623 - INFO - Optimal value of theta: 5856.52775976.
2024-05-30 17:19:35,623 - INFO - Beginning optimization with guess, [1.58892545 1.59692501 0.00904168 0.01334562].
2024-05-30 17:19:36,745 - INFO - Finished optimization with guess, [1.58892545 1.59692501 0.00904168 0.01334562].
2024-05-30 17:19:36,745 - INFO - Best fit parameters: [1.39138817e+00 7.75295633e-01 1.36892229e-05 3.86420128e-03].
2024-05-30 17:19:36,771 - INFO - Maximum log composite likelihood: -164.223073096.
2024-05-30 17:19:36,771 - INFO - Optimal value of theta: 5869.22167509.
2024-05-30 17:19:36,771 - INFO - Beginning optimization with guess, [1.36467217 4.02065425 0.01555804 0.01338965].
2024-05-30 17:19:37,895 - INFO - Finished optimization with guess, [1.36467217 4.02065425 0.01555804 0.01338965].
2024-05-30 17:19:37,895 - INFO - Best fit parameters: [8.89464514e-01 2.99474125e+00 1.05714141e-03 1.12424587e-04].
2024-05-30 17:19:37,920 - INFO - Maximum log composite likelihood: -170.156328096.
2024-05-30 17:19:37,921 - INFO - Optimal value of theta: 5855.88900383.
2024-05-30 17:19:37,921 - INFO - Beginning optimization with guess, [4.36953725 1.91653563 0.00806484 0.01263278].
2024-05-30 17:19:39,020 - INFO - Finished optimization with guess, [4.36953725 1.91653563 0.00806484 0.01263278].
2024-05-30 17:19:39,022 - INFO - Best fit parameters: [1.01624278e+00 7.63582530e-01 4.41189261e-05 3.55889074e-04].
2024-05-30 17:19:39,047 - INFO - Maximum log composite likelihood: -169.834279904.
2024-05-30 17:19:39,047 - INFO - Optimal value of theta: 5856.58328441.
2024-05-30 17:19:39,047 - INFO - Beginning optimization with guess, [4.07462618 5.37931369 0.01436336 0.01249026].
2024-05-30 17:19:40,170 - INFO - Finished optimization with guess, [4.07462618 5.37931369 0.01436336 0.01249026].
2024-05-30 17:19:40,170 - INFO - Best fit parameters: [2.96387953e-01 3.32743101e+00 5.30607308e-03 1.26846985e-05].
2024-05-30 17:19:40,195 - INFO - Maximum log composite likelihood: -112.264705434.
2024-05-30 17:19:40,195 - INFO - Optimal value of theta: 6011.11519397.
2024-05-30 17:19:40,196 - INFO - Beginning optimization with guess, [3.01312981 1.5245013  0.0102502  0.01140035].
2024-05-30 17:19:41,292 - INFO - Finished optimization with guess, [3.01312981 1.5245013  0.0102502  0.01140035].
2024-05-30 17:19:41,293 - INFO - Best fit parameters: [2.03730297e+00 8.39103287e-01 3.14600459e-05 1.49661276e-03].
2024-05-30 17:19:41,318 - INFO - Maximum log composite likelihood: -168.907381522.
2024-05-30 17:19:41,318 - INFO - Optimal value of theta: 5858.63075043.
2024-05-30 17:19:41,318 - INFO - Beginning optimization with guess, [5.32235183e+00 2.76081134e+00 5.70593551e-03 5.12495986e-03].
2024-05-30 17:19:42,438 - INFO - Finished optimization with guess, [5.32235183e+00 2.76081134e+00 5.70593551e-03 5.12495986e-03].
2024-05-30 17:19:42,438 - INFO - Best fit parameters: [2.85260333e-01 1.71848038e+00 2.86740033e-05 9.99035265e-06].
2024-05-30 17:19:42,463 - INFO - Maximum log composite likelihood: -170.080684053.
2024-05-30 17:19:42,464 - INFO - Optimal value of theta: 5856.04457336.
2024-05-30 17:19:42,464 - INFO - Beginning optimization with guess, [4.14366007 2.16574671 0.0118442  0.00579339].
2024-05-30 17:19:43,564 - INFO - Finished optimization with guess, [4.14366007 2.16574671 0.0118442  0.00579339].
2024-05-30 17:19:43,564 - INFO - Best fit parameters: [2.67347425e+00 9.32452154e-01 6.67337835e-05 1.58808537e-03].
2024-05-30 17:19:43,590 - INFO - Maximum log composite likelihood: -170.053495031.
2024-05-30 17:19:43,590 - INFO - Optimal value of theta: 5856.11050915.
2024-05-30 17:19:43,591 - INFO - Beginning optimization with guess, [4.86151421 2.36500815 0.01818424 0.00615916].
2024-05-30 17:19:44,637 - INFO - Finished optimization with guess, [4.86151421 2.36500815 0.01818424 0.00615916].
2024-05-30 17:19:44,638 - INFO - Best fit parameters: [2.62266337e+00 7.30763282e-01 3.50221781e-05 2.56505110e-04].
2024-05-30 17:19:44,663 - INFO - Maximum log composite likelihood: -170.04967989.
2024-05-30 17:19:44,664 - INFO - Optimal value of theta: 5856.11305154.
2024-05-30 17:19:44,664 - INFO - Beginning optimization with guess, [4.6917023  2.76330498 0.00710352 0.01213868].
2024-05-30 17:19:45,857 - INFO - Finished optimization with guess, [4.6917023  2.76330498 0.00710352 0.01213868].
2024-05-30 17:19:45,857 - INFO - Best fit parameters: [1.80363815e+01 5.60674527e-01 1.30646015e-05 5.00662722e-01].
2024-05-30 17:19:45,898 - INFO - Maximum log composite likelihood: -41.8427975544.
2024-05-30 17:19:45,898 - INFO - Optimal value of theta: 8266.00264908.
2024-05-30 17:19:45,899 - INFO - Beginning optimization with guess, [5.28913371 3.80494495 0.01255001 0.010529  ].
2024-05-30 17:19:47,019 - INFO - Finished optimization with guess, [5.28913371 3.80494495 0.01255001 0.010529  ].
2024-05-30 17:19:47,019 - INFO - Best fit parameters: [2.35846243e-01 9.56075416e-01 8.44413758e-05 3.14802361e-06].
2024-05-30 17:19:47,044 - INFO - Maximum log composite likelihood: -168.867084015.
2024-05-30 17:19:47,044 - INFO - Optimal value of theta: 5858.69655148.
2024-05-30 17:19:47,045 - INFO - Beginning optimization with guess, [ 7.61720738 10.25676494  0.01982506  0.01229308].
2024-05-30 17:19:48,142 - INFO - Finished optimization with guess, [ 7.61720738 10.25676494  0.01982506  0.01229308].
2024-05-30 17:19:48,143 - INFO - Best fit parameters: [1.61414249e+00 8.09719622e-03 1.28831162e-06 8.56535152e-05].
2024-05-30 17:19:48,168 - INFO - Maximum log composite likelihood: -119.199859077.
2024-05-30 17:19:48,168 - INFO - Optimal value of theta: 5987.51143931.
2024-05-30 17:19:48,171 - INFO - Finished demographic inference.
2024-05-30 17:19:48,171 - INFO - Pipeline executed succesfully.
