2024-06-05 07:47:38,902 - INFO - Beginning execution of survival_curve.py in directory /u/project/ngarud/jonmah/demo_for_ccgb/Scripts

2024-06-05 07:47:38,902 - INFO - Progress is being logged to ../HighRecombinationAnalysis/Alistipes_onderdonkii_55464/survival_curve.log

2024-06-05 07:47:38,902 - INFO - Parsed the following arguments:
	outprefix = ../HighRecombinationAnalysis/Alistipes_onderdonkii_55464/
	species = Alistipes_onderdonkii_55464

2024-06-05 07:47:38,902 - INFO - Computing SFS of Alistipes_onderdonkii_55464.
2024-06-05 07:47:39,557 - WARNING - sys:1: DtypeWarning: Columns (2,6) have mixed types. Specify dtype option on import or set low_memory=False.

2024-06-05 08:49:42,921 - INFO - Beginning execution of survival_curve.py in directory /u/project/ngarud/jonmah/demo_for_ccgb/Scripts

2024-06-05 08:49:42,922 - INFO - Progress is being logged to ../HighRecombinationAnalysis/Alistipes_onderdonkii_55464/survival_curve.log

2024-06-05 08:49:42,922 - INFO - Parsed the following arguments:
	outprefix = ../HighRecombinationAnalysis/Alistipes_onderdonkii_55464/
	species = Alistipes_onderdonkii_55464

2024-06-05 08:49:42,922 - INFO - Computing SFS of Alistipes_onderdonkii_55464.
2024-06-05 08:49:43,613 - WARNING - sys:1: DtypeWarning: Columns (2,6) have mixed types. Specify dtype option on import or set low_memory=False.

2024-06-05 13:01:29,390 - INFO - Beginning execution of survival_curve.py in directory /u/project/ngarud/jonmah/demo_for_ccgb/Scripts

2024-06-05 13:01:29,391 - INFO - Progress is being logged to ../HighRecombinationAnalysis/Alistipes_onderdonkii_55464/survival_curve.log

2024-06-05 13:01:29,391 - INFO - Parsed the following arguments:
	outprefix = ../HighRecombinationAnalysis/Alistipes_onderdonkii_55464/
	species = Alistipes_onderdonkii_55464

2024-06-05 13:01:29,391 - INFO - Computing SFS of Alistipes_onderdonkii_55464.
2024-06-05 13:01:30,120 - WARNING - sys:1: DtypeWarning: Columns (2,6) have mixed types. Specify dtype option on import or set low_memory=False.

2024-06-05 14:28:56,495 - INFO - Pipeline executed succesfully.
