2024-06-11 15:26:12,073 - INFO - Beginning execution of fit_one_epoch.py in directory /u/project/ngarud/jonmah/demo_for_ccgb/Scripts

2024-06-11 15:26:12,149 - INFO - Progress is being logged to ../SupplementaryAnalysis/Akkermansia_muciniphila_55290/log.log

2024-06-11 15:26:12,149 - INFO - Parsed the following arguments:
	mask_doubletons = False
	syn_input_sfs = ../SupplementaryAnalysis/Akkermansia_muciniphila_55290/core_empirical_syn_downsampled_sfs.txt
	mask_singletons = False
	outprefix = ../SupplementaryAnalysis/Akkermansia_muciniphila_55290/

2024-06-11 15:26:12,152 - INFO - Beginning demographic inference for one-epoch demographic model.
2024-06-11 15:26:12,154 - INFO - Beginning optimization with guess, [0.14572378].
2024-06-11 15:26:12,961 - INFO - Finished optimization with guess, [0.14572378].
2024-06-11 15:26:12,961 - INFO - Best fit parameters: [0.14572378].
2024-06-11 15:26:12,985 - INFO - Maximum log composite likelihood: -323.915735336.
2024-06-11 15:26:12,985 - INFO - Optimal value of theta: 8186.15079957.
2024-06-11 15:26:12,985 - INFO - Beginning optimization with guess, [0.1109342].
2024-06-11 15:26:14,053 - INFO - Finished optimization with guess, [0.1109342].
2024-06-11 15:26:14,053 - INFO - Best fit parameters: [0.1109342].
2024-06-11 15:26:14,084 - INFO - Maximum log composite likelihood: -323.915735336.
2024-06-11 15:26:14,085 - INFO - Optimal value of theta: 8186.15079957.
2024-06-11 15:26:14,085 - INFO - Beginning optimization with guess, [0.58705286].
2024-06-11 15:26:14,800 - INFO - Finished optimization with guess, [0.58705286].
2024-06-11 15:26:14,800 - INFO - Best fit parameters: [0.58705286].
2024-06-11 15:26:14,824 - INFO - Maximum log composite likelihood: -323.915735336.
2024-06-11 15:26:14,825 - INFO - Optimal value of theta: 8186.15079957.
2024-06-11 15:26:14,825 - INFO - Beginning optimization with guess, [0.39148799].
2024-06-11 15:26:15,534 - INFO - Finished optimization with guess, [0.39148799].
2024-06-11 15:26:15,534 - INFO - Best fit parameters: [0.39148799].
2024-06-11 15:26:15,558 - INFO - Maximum log composite likelihood: -323.915735336.
2024-06-11 15:26:15,559 - INFO - Optimal value of theta: 8186.15079957.
2024-06-11 15:26:15,559 - INFO - Beginning optimization with guess, [0.6041151].
2024-06-11 15:26:16,196 - INFO - Finished optimization with guess, [0.6041151].
2024-06-11 15:26:16,196 - INFO - Best fit parameters: [0.6041151].
2024-06-11 15:26:16,220 - INFO - Maximum log composite likelihood: -323.915735336.
2024-06-11 15:26:16,220 - INFO - Optimal value of theta: 8186.15079957.
2024-06-11 15:26:16,220 - INFO - Beginning optimization with guess, [0.35364604].
2024-06-11 15:26:17,003 - INFO - Finished optimization with guess, [0.35364604].
2024-06-11 15:26:17,003 - INFO - Best fit parameters: [0.35364604].
2024-06-11 15:26:17,027 - INFO - Maximum log composite likelihood: -323.915735336.
2024-06-11 15:26:17,027 - INFO - Optimal value of theta: 8186.15079957.
2024-06-11 15:26:17,028 - INFO - Beginning optimization with guess, [0.78976741].
2024-06-11 15:26:17,589 - INFO - Finished optimization with guess, [0.78976741].
2024-06-11 15:26:17,589 - INFO - Best fit parameters: [0.78976741].
2024-06-11 15:26:17,613 - INFO - Maximum log composite likelihood: -323.915735336.
2024-06-11 15:26:17,614 - INFO - Optimal value of theta: 8186.15079957.
2024-06-11 15:26:17,614 - INFO - Beginning optimization with guess, [0.48838123].
2024-06-11 15:26:18,321 - INFO - Finished optimization with guess, [0.48838123].
2024-06-11 15:26:18,322 - INFO - Best fit parameters: [0.48838123].
2024-06-11 15:26:18,346 - INFO - Maximum log composite likelihood: -323.915735336.
2024-06-11 15:26:18,346 - INFO - Optimal value of theta: 8186.15079957.
2024-06-11 15:26:18,347 - INFO - Beginning optimization with guess, [0.75196079].
2024-06-11 15:26:18,968 - INFO - Finished optimization with guess, [0.75196079].
2024-06-11 15:26:18,968 - INFO - Best fit parameters: [0.75196079].
2024-06-11 15:26:18,992 - INFO - Maximum log composite likelihood: -323.915735336.
2024-06-11 15:26:18,992 - INFO - Optimal value of theta: 8186.15079957.
2024-06-11 15:26:18,992 - INFO - Beginning optimization with guess, [0.5873124].
2024-06-11 15:26:19,685 - INFO - Finished optimization with guess, [0.5873124].
2024-06-11 15:26:19,685 - INFO - Best fit parameters: [0.5873124].
2024-06-11 15:26:19,709 - INFO - Maximum log composite likelihood: -323.915735336.
2024-06-11 15:26:19,709 - INFO - Optimal value of theta: 8186.15079957.
2024-06-11 15:26:19,709 - INFO - Beginning optimization with guess, [1.36944632].
2024-06-11 15:26:20,414 - INFO - Finished optimization with guess, [1.36944632].
2024-06-11 15:26:20,415 - INFO - Best fit parameters: [1.36944632].
2024-06-11 15:26:20,478 - INFO - Maximum log composite likelihood: -323.915735336.
2024-06-11 15:26:20,479 - INFO - Optimal value of theta: 8186.15079957.
2024-06-11 15:26:20,479 - INFO - Beginning optimization with guess, [2.53409579].
2024-06-11 15:26:21,231 - INFO - Finished optimization with guess, [2.53409579].
2024-06-11 15:26:21,231 - INFO - Best fit parameters: [2.53409579].
2024-06-11 15:26:21,255 - INFO - Maximum log composite likelihood: -323.915735336.
2024-06-11 15:26:21,255 - INFO - Optimal value of theta: 8186.15079957.
2024-06-11 15:26:21,255 - INFO - Beginning optimization with guess, [1.14078068].
2024-06-11 15:26:21,909 - INFO - Finished optimization with guess, [1.14078068].
2024-06-11 15:26:21,909 - INFO - Best fit parameters: [1.14078068].
2024-06-11 15:26:21,933 - INFO - Maximum log composite likelihood: -323.915735336.
2024-06-11 15:26:21,934 - INFO - Optimal value of theta: 8186.15079957.
2024-06-11 15:26:21,934 - INFO - Beginning optimization with guess, [1.32221555].
2024-06-11 15:26:22,557 - INFO - Finished optimization with guess, [1.32221555].
2024-06-11 15:26:22,558 - INFO - Best fit parameters: [1.32221555].
2024-06-11 15:26:22,582 - INFO - Maximum log composite likelihood: -323.915735336.
2024-06-11 15:26:22,582 - INFO - Optimal value of theta: 8186.15079957.
2024-06-11 15:26:22,582 - INFO - Beginning optimization with guess, [2.28937064].
2024-06-11 15:26:23,264 - INFO - Finished optimization with guess, [2.28937064].
2024-06-11 15:26:23,264 - INFO - Best fit parameters: [2.28937064].
2024-06-11 15:26:23,288 - INFO - Maximum log composite likelihood: -323.915735336.
2024-06-11 15:26:23,288 - INFO - Optimal value of theta: 8186.15079957.
2024-06-11 15:26:23,289 - INFO - Beginning optimization with guess, [3.65679284].
2024-06-11 15:26:24,052 - INFO - Finished optimization with guess, [3.65679284].
2024-06-11 15:26:24,055 - INFO - Best fit parameters: [3.65679284].
2024-06-11 15:26:24,079 - INFO - Maximum log composite likelihood: -323.915735336.
2024-06-11 15:26:24,079 - INFO - Optimal value of theta: 8186.15079957.
2024-06-11 15:26:24,079 - INFO - Beginning optimization with guess, [1.71883579].
2024-06-11 15:26:24,763 - INFO - Finished optimization with guess, [1.71883579].
2024-06-11 15:26:24,763 - INFO - Best fit parameters: [1.71883579].
2024-06-11 15:26:24,791 - INFO - Maximum log composite likelihood: -323.915735336.
2024-06-11 15:26:24,791 - INFO - Optimal value of theta: 8186.15079957.
2024-06-11 15:26:24,792 - INFO - Beginning optimization with guess, [5.76475497].
2024-06-11 15:26:25,642 - INFO - Finished optimization with guess, [5.76475497].
2024-06-11 15:26:25,643 - INFO - Best fit parameters: [5.76475497].
2024-06-11 15:26:25,710 - INFO - Maximum log composite likelihood: -323.915735336.
2024-06-11 15:26:25,711 - INFO - Optimal value of theta: 8186.15079957.
2024-06-11 15:26:25,711 - INFO - Beginning optimization with guess, [3.42011898].
2024-06-11 15:26:26,554 - INFO - Finished optimization with guess, [3.42011898].
2024-06-11 15:26:26,555 - INFO - Best fit parameters: [3.42011898].
2024-06-11 15:26:26,618 - INFO - Maximum log composite likelihood: -323.915735336.
2024-06-11 15:26:26,618 - INFO - Optimal value of theta: 8186.15079957.
2024-06-11 15:26:26,619 - INFO - Beginning optimization with guess, [3.42293448].
2024-06-11 15:26:27,591 - INFO - Finished optimization with guess, [3.42293448].
2024-06-11 15:26:27,591 - INFO - Best fit parameters: [3.42293448].
2024-06-11 15:26:27,617 - INFO - Maximum log composite likelihood: -323.915735336.
2024-06-11 15:26:27,617 - INFO - Optimal value of theta: 8186.15079957.
2024-06-11 15:26:27,617 - INFO - Beginning optimization with guess, [3.74366172].
2024-06-11 15:26:28,604 - INFO - Finished optimization with guess, [3.74366172].
2024-06-11 15:26:28,604 - INFO - Best fit parameters: [3.74366172].
2024-06-11 15:26:28,631 - INFO - Maximum log composite likelihood: -323.915735336.
2024-06-11 15:26:28,632 - INFO - Optimal value of theta: 8186.15079957.
2024-06-11 15:26:28,632 - INFO - Beginning optimization with guess, [4.25525698].
2024-06-11 15:26:29,379 - INFO - Finished optimization with guess, [4.25525698].
2024-06-11 15:26:29,380 - INFO - Best fit parameters: [4.25525698].
2024-06-11 15:26:29,403 - INFO - Maximum log composite likelihood: -323.915735336.
2024-06-11 15:26:29,404 - INFO - Optimal value of theta: 8186.15079957.
2024-06-11 15:26:29,404 - INFO - Beginning optimization with guess, [7.68927302].
2024-06-11 15:26:30,146 - INFO - Finished optimization with guess, [7.68927302].
2024-06-11 15:26:30,147 - INFO - Best fit parameters: [7.68927302].
2024-06-11 15:26:30,170 - INFO - Maximum log composite likelihood: -323.915735336.
2024-06-11 15:26:30,170 - INFO - Optimal value of theta: 8186.15079957.
2024-06-11 15:26:30,170 - INFO - Beginning optimization with guess, [4.96471878].
2024-06-11 15:26:30,915 - INFO - Finished optimization with guess, [4.96471878].
2024-06-11 15:26:30,916 - INFO - Best fit parameters: [4.96471878].
2024-06-11 15:26:30,939 - INFO - Maximum log composite likelihood: -323.915735336.
2024-06-11 15:26:30,939 - INFO - Optimal value of theta: 8186.15079957.
2024-06-11 15:26:30,941 - INFO - Beginning demographic inference for two-epoch demographic model.
2024-06-11 15:26:30,943 - INFO - Beginning optimization with guess, [0.13068116 0.00598164].
2024-06-11 15:26:32,171 - INFO - Finished optimization with guess, [0.13068116 0.00598164].
2024-06-11 15:26:32,171 - INFO - Best fit parameters: [0.46643405 0.16713765].
2024-06-11 15:26:32,202 - INFO - Maximum log composite likelihood: -39.7994971153.
2024-06-11 15:26:32,202 - INFO - Optimal value of theta: 10476.0285242.
2024-06-11 15:26:32,202 - INFO - Beginning optimization with guess, [0.15039508 0.0160159 ].
2024-06-11 15:26:33,533 - INFO - Finished optimization with guess, [0.15039508 0.0160159 ].
2024-06-11 15:26:33,533 - INFO - Best fit parameters: [0.49002859 0.26716386].
2024-06-11 15:26:33,567 - INFO - Maximum log composite likelihood: -35.9698063515.
2024-06-11 15:26:33,568 - INFO - Optimal value of theta: 11135.9348538.
2024-06-11 15:26:33,568 - INFO - Beginning optimization with guess, [0.52538728 0.0184427 ].
2024-06-11 15:26:35,066 - INFO - Finished optimization with guess, [0.52538728 0.0184427 ].
2024-06-11 15:26:35,068 - INFO - Best fit parameters: [0.45455606 0.33350453].
2024-06-11 15:26:35,105 - INFO - Maximum log composite likelihood: -35.4428647779.
2024-06-11 15:26:35,105 - INFO - Optimal value of theta: 12216.9187814.
2024-06-11 15:26:35,105 - INFO - Beginning optimization with guess, [0.63575193 0.00575655].
2024-06-11 15:26:36,880 - INFO - Finished optimization with guess, [0.63575193 0.00575655].
2024-06-11 15:26:36,881 - INFO - Best fit parameters: [0.412541   0.38004791].
2024-06-11 15:26:36,921 - INFO - Maximum log composite likelihood: -35.290168665.
2024-06-11 15:26:36,921 - INFO - Optimal value of theta: 13543.2279482.
2024-06-11 15:26:36,922 - INFO - Beginning optimization with guess, [0.2867271  0.01621893].
2024-06-11 15:26:38,282 - INFO - Finished optimization with guess, [0.2867271  0.01621893].
2024-06-11 15:26:38,283 - INFO - Best fit parameters: [0.46630118 0.29680269].
2024-06-11 15:26:38,317 - INFO - Maximum log composite likelihood: -35.6627979272.
2024-06-11 15:26:38,318 - INFO - Optimal value of theta: 11705.0278221.
2024-06-11 15:26:38,318 - INFO - Beginning optimization with guess, [0.6916822  0.00700423].
2024-06-11 15:26:39,871 - INFO - Finished optimization with guess, [0.6916822  0.00700423].
2024-06-11 15:26:39,871 - INFO - Best fit parameters: [0.42071538 0.36722274].
2024-06-11 15:26:39,911 - INFO - Maximum log composite likelihood: -35.3182742037.
2024-06-11 15:26:39,911 - INFO - Optimal value of theta: 13215.8474397.
2024-06-11 15:26:39,912 - INFO - Beginning optimization with guess, [0.97324725 0.0147974 ].
2024-06-11 15:26:41,482 - INFO - Finished optimization with guess, [0.97324725 0.0147974 ].
2024-06-11 15:26:41,483 - INFO - Best fit parameters: [0.93342522 0.39265387].
2024-06-11 15:26:41,515 - INFO - Maximum log composite likelihood: -266.750855503.
2024-06-11 15:26:41,515 - INFO - Optimal value of theta: 8438.92654966.
2024-06-11 15:26:41,516 - INFO - Beginning optimization with guess, [0.53570009 0.01030206].
2024-06-11 15:26:42,854 - INFO - Finished optimization with guess, [0.53570009 0.01030206].
2024-06-11 15:26:42,855 - INFO - Best fit parameters: [0.49810536 0.25424582].
2024-06-11 15:26:42,888 - INFO - Maximum log composite likelihood: -36.2539881891.
2024-06-11 15:26:42,888 - INFO - Optimal value of theta: 10937.9267941.
2024-06-11 15:26:42,888 - INFO - Beginning optimization with guess, [0.59436837 0.00991364].
2024-06-11 15:26:44,868 - INFO - Finished optimization with guess, [0.59436837 0.00991364].
2024-06-11 15:26:44,869 - INFO - Best fit parameters: [0.37114074 0.41005833].
2024-06-11 15:26:44,913 - INFO - Maximum log composite likelihood: -35.2428220068.
2024-06-11 15:26:44,914 - INFO - Optimal value of theta: 15104.5007405.
2024-06-11 15:26:44,914 - INFO - Beginning optimization with guess, [0.65338185 0.00791038].
2024-06-11 15:26:46,616 - INFO - Finished optimization with guess, [0.65338185 0.00791038].
2024-06-11 15:26:46,618 - INFO - Best fit parameters: [0.45470906 0.32518947].
2024-06-11 15:26:46,655 - INFO - Maximum log composite likelihood: -35.4634049535.
2024-06-11 15:26:46,656 - INFO - Optimal value of theta: 12140.4453028.
2024-06-11 15:26:46,656 - INFO - Beginning optimization with guess, [1.98243339 0.01917485].
2024-06-11 15:26:48,557 - INFO - Finished optimization with guess, [1.98243339 0.01917485].
2024-06-11 15:26:48,557 - INFO - Best fit parameters: [0.47330539 0.30455257].
2024-06-11 15:26:48,593 - INFO - Maximum log composite likelihood: -35.6168529363.
2024-06-11 15:26:48,593 - INFO - Optimal value of theta: 11666.7945517.
2024-06-11 15:26:48,593 - INFO - Beginning optimization with guess, [2.27775987 0.00613381].
2024-06-11 15:26:51,305 - INFO - Finished optimization with guess, [2.27775987 0.00613381].
2024-06-11 15:26:51,306 - INFO - Best fit parameters: [0.49453884 0.28131256].
2024-06-11 15:26:51,341 - INFO - Maximum log composite likelihood: -36.126223986.
2024-06-11 15:26:51,341 - INFO - Optimal value of theta: 11191.5410778.
2024-06-11 15:26:51,342 - INFO - Beginning optimization with guess, [1.56214265 0.00539175].
2024-06-11 15:26:57,151 - INFO - Finished optimization with guess, [1.56214265 0.00539175].
2024-06-11 15:26:57,153 - INFO - Best fit parameters: [0.487328   0.23462191].
2024-06-11 15:26:57,186 - INFO - Maximum log composite likelihood: -36.4135757646.
2024-06-11 15:26:57,186 - INFO - Optimal value of theta: 10898.446705.
2024-06-11 15:26:57,187 - INFO - Beginning optimization with guess, [1.36317288 0.01906137].
2024-06-11 15:26:58,617 - INFO - Finished optimization with guess, [1.36317288 0.01906137].
2024-06-11 15:26:58,617 - INFO - Best fit parameters: [0.46027415 0.31176279].
2024-06-11 15:26:58,653 - INFO - Maximum log composite likelihood: -35.5461695953.
2024-06-11 15:26:58,654 - INFO - Optimal value of theta: 11929.2206415.
2024-06-11 15:26:58,654 - INFO - Beginning optimization with guess, [1.33086717 0.00679067].
2024-06-11 15:27:03,622 - INFO - Finished optimization with guess, [1.33086717 0.00679067].
2024-06-11 15:27:03,623 - INFO - Best fit parameters: [0.46450652 0.32066885].
2024-06-11 15:27:03,662 - INFO - Maximum log composite likelihood: -35.5226851469.
2024-06-11 15:27:03,663 - INFO - Optimal value of theta: 11938.2847836.
2024-06-11 15:27:03,663 - INFO - Beginning optimization with guess, [2.2657807  0.01989062].
2024-06-11 15:27:05,603 - INFO - Finished optimization with guess, [2.2657807  0.01989062].
2024-06-11 15:27:05,604 - INFO - Best fit parameters: [0.45509577 0.35324698].
2024-06-11 15:27:05,643 - INFO - Maximum log composite likelihood: -35.6733523677.
2024-06-11 15:27:05,643 - INFO - Optimal value of theta: 12379.7442642.
2024-06-11 15:27:05,644 - INFO - Beginning optimization with guess, [1.38806019 0.00580638].
2024-06-11 15:27:10,806 - INFO - Finished optimization with guess, [1.38806019 0.00580638].
2024-06-11 15:27:10,806 - INFO - Best fit parameters: [0.49619093 0.23091326].
2024-06-11 15:27:10,839 - INFO - Maximum log composite likelihood: -36.4870520897.
2024-06-11 15:27:10,839 - INFO - Optimal value of theta: 10771.2125271.
2024-06-11 15:27:10,839 - INFO - Beginning optimization with guess, [2.25985602 0.01522297].
2024-06-11 15:27:12,585 - INFO - Finished optimization with guess, [2.25985602 0.01522297].
2024-06-11 15:27:12,587 - INFO - Best fit parameters: [0.46634444 0.32508478].
2024-06-11 15:27:12,622 - INFO - Maximum log composite likelihood: -35.5783229926.
2024-06-11 15:27:12,622 - INFO - Optimal value of theta: 11946.0477275.
2024-06-11 15:27:12,623 - INFO - Beginning optimization with guess, [1.99087979 0.01747531].
2024-06-11 15:27:14,625 - INFO - Finished optimization with guess, [1.99087979 0.01747531].
2024-06-11 15:27:14,626 - INFO - Best fit parameters: [0.45865515 0.34882344].
2024-06-11 15:27:14,664 - INFO - Maximum log composite likelihood: -35.7008232243.
2024-06-11 15:27:14,665 - INFO - Optimal value of theta: 12277.4624254.
2024-06-11 15:27:14,665 - INFO - Beginning optimization with guess, [6.73786616 0.01433376].
2024-06-11 15:27:16,521 - INFO - Finished optimization with guess, [6.73786616 0.01433376].
2024-06-11 15:27:16,522 - INFO - Best fit parameters: [0.42490622 0.34028946].
2024-06-11 15:27:16,560 - INFO - Maximum log composite likelihood: -35.7691465274.
2024-06-11 15:27:16,560 - INFO - Optimal value of theta: 12849.1228749.
2024-06-11 15:27:16,560 - INFO - Beginning optimization with guess, [3.06594625 0.00680714].
2024-06-11 15:27:19,009 - INFO - Finished optimization with guess, [3.06594625 0.00680714].
2024-06-11 15:27:19,010 - INFO - Best fit parameters: [0.48258772 0.28176085].
2024-06-11 15:27:19,045 - INFO - Maximum log composite likelihood: -35.7827034677.
2024-06-11 15:27:19,045 - INFO - Optimal value of theta: 11349.0165297.
2024-06-11 15:27:19,045 - INFO - Beginning optimization with guess, [2.91592821 0.00652787].
2024-06-11 15:27:21,410 - INFO - Finished optimization with guess, [2.91592821 0.00652787].
2024-06-11 15:27:21,410 - INFO - Best fit parameters: [0.51891662 0.21965566].
2024-06-11 15:27:21,441 - INFO - Maximum log composite likelihood: -37.8660395552.
2024-06-11 15:27:21,441 - INFO - Optimal value of theta: 10457.8754824.
2024-06-11 15:27:21,441 - INFO - Beginning optimization with guess, [6.12818795 0.00667828].
2024-06-11 15:27:24,141 - INFO - Finished optimization with guess, [6.12818795 0.00667828].
2024-06-11 15:27:24,142 - INFO - Best fit parameters: [0.39355559 0.40643788].
2024-06-11 15:27:24,183 - INFO - Maximum log composite likelihood: -35.3799828406.
2024-06-11 15:27:24,184 - INFO - Optimal value of theta: 14345.2977775.
2024-06-11 15:27:24,184 - INFO - Beginning optimization with guess, [5.53106643 0.01432595].
2024-06-11 15:27:25,456 - INFO - Finished optimization with guess, [5.53106643 0.01432595].
2024-06-11 15:27:25,456 - INFO - Best fit parameters: [0.50697476 0.19539442].
2024-06-11 15:27:25,488 - INFO - Maximum log composite likelihood: -37.7401970553.
2024-06-11 15:27:25,488 - INFO - Optimal value of theta: 10373.533572.
2024-06-11 15:27:25,491 - INFO - Finished demographic inference.
2024-06-11 15:27:25,492 - INFO - Pipeline executed succesfully.
