2022-02-10 08:10:43,449 - INFO - Beginning execution of fit_one_epoch.py in directory /u/project/ngarud/jonmah/demo_for_ccgb/Scripts

2022-02-10 08:10:43,450 - INFO - Progress is being logged to ../Analysis/Parabacteroides_distasonis_56985_no_mask/log.log

2022-02-10 08:10:43,450 - INFO - Parsed the following arguments:
	mask_doubletons = False
	syn_input_sfs = ../Data/Parabacteroides_distasonis_56985_syn.sfs
	mask_singletons = False
	outprefix = ../Analysis/Parabacteroides_distasonis_56985_no_mask/

2022-02-10 08:10:43,516 - INFO - Beginning demographic inference for one-epoch demographic model.
2022-02-10 08:10:43,523 - INFO - Beginning optimization with guess, [7.92].
2022-02-10 08:10:44,422 - INFO - Finished optimization with guess, [7.92].
2022-02-10 08:10:44,422 - INFO - Best fit parameters: [8.].
2022-02-10 08:10:44,648 - INFO - Maximum log composite likelihood: -472.73364692.
2022-02-10 08:10:44,649 - INFO - Optimal value of theta: 9326.16484489.
2022-02-10 08:10:44,649 - INFO - Beginning optimization with guess, [7.92].
2022-02-10 08:10:45,102 - INFO - Finished optimization with guess, [7.92].
2022-02-10 08:10:45,102 - INFO - Best fit parameters: [8.].
2022-02-10 08:10:45,330 - INFO - Maximum log composite likelihood: -472.73364692.
2022-02-10 08:10:45,331 - INFO - Optimal value of theta: 9326.16484489.
2022-02-10 08:10:45,331 - INFO - Beginning optimization with guess, [7.92].
2022-02-10 08:10:45,877 - INFO - Finished optimization with guess, [7.92].
2022-02-10 08:10:45,877 - INFO - Best fit parameters: [8.].
2022-02-10 08:10:46,104 - INFO - Maximum log composite likelihood: -472.73364692.
2022-02-10 08:10:46,104 - INFO - Optimal value of theta: 9326.16484489.
2022-02-10 08:10:46,105 - INFO - Beginning optimization with guess, [7.92].
2022-02-10 08:10:46,586 - INFO - Finished optimization with guess, [7.92].
2022-02-10 08:10:46,587 - INFO - Best fit parameters: [8.].
2022-02-10 08:10:46,914 - INFO - Maximum log composite likelihood: -472.73364692.
2022-02-10 08:10:46,915 - INFO - Optimal value of theta: 9326.16484489.
2022-02-10 08:10:46,915 - INFO - Beginning optimization with guess, [7.92].
2022-02-10 08:10:47,842 - INFO - Finished optimization with guess, [7.92].
2022-02-10 08:10:47,843 - INFO - Best fit parameters: [8.].
2022-02-10 08:10:48,101 - INFO - Maximum log composite likelihood: -472.73364692.
2022-02-10 08:10:48,102 - INFO - Optimal value of theta: 9326.16484489.
2022-02-10 08:10:48,103 - INFO - Beginning optimization with guess, [7.92].
2022-02-10 08:10:48,830 - INFO - Finished optimization with guess, [7.92].
2022-02-10 08:10:48,831 - INFO - Best fit parameters: [8.].
2022-02-10 08:10:49,284 - INFO - Maximum log composite likelihood: -472.73364692.
2022-02-10 08:10:49,285 - INFO - Optimal value of theta: 9326.16484489.
2022-02-10 08:10:49,285 - INFO - Beginning optimization with guess, [7.92].
2022-02-10 08:10:49,880 - INFO - Finished optimization with guess, [7.92].
2022-02-10 08:10:49,886 - INFO - Best fit parameters: [8.].
2022-02-10 08:10:50,139 - INFO - Maximum log composite likelihood: -472.73364692.
2022-02-10 08:10:50,140 - INFO - Optimal value of theta: 9326.16484489.
2022-02-10 08:10:50,140 - INFO - Beginning optimization with guess, [7.92].
2022-02-10 08:10:50,592 - INFO - Finished optimization with guess, [7.92].
2022-02-10 08:10:50,593 - INFO - Best fit parameters: [8.].
2022-02-10 08:10:50,819 - INFO - Maximum log composite likelihood: -472.73364692.
2022-02-10 08:10:50,819 - INFO - Optimal value of theta: 9326.16484489.
2022-02-10 08:10:50,819 - INFO - Beginning optimization with guess, [7.92].
2022-02-10 08:10:51,608 - INFO - Finished optimization with guess, [7.92].
2022-02-10 08:10:51,616 - INFO - Best fit parameters: [8.].
2022-02-10 08:10:51,946 - INFO - Maximum log composite likelihood: -472.73364692.
2022-02-10 08:10:51,946 - INFO - Optimal value of theta: 9326.16484489.
2022-02-10 08:10:51,947 - INFO - Beginning optimization with guess, [7.92].
2022-02-10 08:10:52,798 - INFO - Finished optimization with guess, [7.92].
2022-02-10 08:10:52,799 - INFO - Best fit parameters: [8.].
2022-02-10 08:10:53,066 - INFO - Maximum log composite likelihood: -472.73364692.
2022-02-10 08:10:53,067 - INFO - Optimal value of theta: 9326.16484489.
2022-02-10 08:10:53,067 - INFO - Beginning optimization with guess, [7.92].
2022-02-10 08:10:53,638 - INFO - Finished optimization with guess, [7.92].
2022-02-10 08:10:53,638 - INFO - Best fit parameters: [8.].
2022-02-10 08:10:53,999 - INFO - Maximum log composite likelihood: -472.73364692.
2022-02-10 08:10:54,000 - INFO - Optimal value of theta: 9326.16484489.
2022-02-10 08:10:54,000 - INFO - Beginning optimization with guess, [7.92].
2022-02-10 08:10:54,453 - INFO - Finished optimization with guess, [7.92].
2022-02-10 08:10:54,453 - INFO - Best fit parameters: [8.].
2022-02-10 08:10:54,760 - INFO - Maximum log composite likelihood: -472.73364692.
2022-02-10 08:10:54,760 - INFO - Optimal value of theta: 9326.16484489.
2022-02-10 08:10:54,761 - INFO - Beginning optimization with guess, [7.92].
2022-02-10 08:10:55,554 - INFO - Finished optimization with guess, [7.92].
2022-02-10 08:10:55,554 - INFO - Best fit parameters: [8.].
2022-02-10 08:10:55,781 - INFO - Maximum log composite likelihood: -472.73364692.
2022-02-10 08:10:55,781 - INFO - Optimal value of theta: 9326.16484489.
2022-02-10 08:10:55,782 - INFO - Beginning optimization with guess, [7.92].
2022-02-10 08:10:56,308 - INFO - Finished optimization with guess, [7.92].
2022-02-10 08:10:56,308 - INFO - Best fit parameters: [8.].
2022-02-10 08:10:56,534 - INFO - Maximum log composite likelihood: -472.73364692.
2022-02-10 08:10:56,535 - INFO - Optimal value of theta: 9326.16484489.
2022-02-10 08:10:56,535 - INFO - Beginning optimization with guess, [7.92].
2022-02-10 08:10:56,988 - INFO - Finished optimization with guess, [7.92].
2022-02-10 08:10:56,988 - INFO - Best fit parameters: [8.].
2022-02-10 08:10:57,435 - INFO - Maximum log composite likelihood: -472.73364692.
2022-02-10 08:10:57,446 - INFO - Optimal value of theta: 9326.16484489.
2022-02-10 08:10:57,446 - INFO - Beginning optimization with guess, [7.92].
2022-02-10 08:10:57,929 - INFO - Finished optimization with guess, [7.92].
2022-02-10 08:10:57,929 - INFO - Best fit parameters: [8.].
2022-02-10 08:10:58,155 - INFO - Maximum log composite likelihood: -472.73364692.
2022-02-10 08:10:58,156 - INFO - Optimal value of theta: 9326.16484489.
2022-02-10 08:10:58,156 - INFO - Beginning optimization with guess, [7.92].
2022-02-10 08:10:58,608 - INFO - Finished optimization with guess, [7.92].
2022-02-10 08:10:58,609 - INFO - Best fit parameters: [8.].
2022-02-10 08:10:58,836 - INFO - Maximum log composite likelihood: -472.73364692.
2022-02-10 08:10:58,837 - INFO - Optimal value of theta: 9326.16484489.
2022-02-10 08:10:58,837 - INFO - Beginning optimization with guess, [7.92].
2022-02-10 08:10:59,548 - INFO - Finished optimization with guess, [7.92].
2022-02-10 08:10:59,549 - INFO - Best fit parameters: [8.].
2022-02-10 08:10:59,845 - INFO - Maximum log composite likelihood: -472.73364692.
2022-02-10 08:10:59,846 - INFO - Optimal value of theta: 9326.16484489.
2022-02-10 08:10:59,846 - INFO - Beginning optimization with guess, [7.92].
2022-02-10 08:11:00,538 - INFO - Finished optimization with guess, [7.92].
2022-02-10 08:11:00,538 - INFO - Best fit parameters: [8.].
2022-02-10 08:11:00,985 - INFO - Maximum log composite likelihood: -472.73364692.
2022-02-10 08:11:00,993 - INFO - Optimal value of theta: 9326.16484489.
2022-02-10 08:11:00,993 - INFO - Beginning optimization with guess, [7.92].
2022-02-10 08:11:01,763 - INFO - Finished optimization with guess, [7.92].
2022-02-10 08:11:01,764 - INFO - Best fit parameters: [8.].
2022-02-10 08:11:02,225 - INFO - Maximum log composite likelihood: -472.73364692.
2022-02-10 08:11:02,236 - INFO - Optimal value of theta: 9326.16484489.
2022-02-10 08:11:02,237 - INFO - Beginning optimization with guess, [7.92].
2022-02-10 08:11:02,750 - INFO - Finished optimization with guess, [7.92].
2022-02-10 08:11:02,750 - INFO - Best fit parameters: [8.].
2022-02-10 08:11:03,078 - INFO - Maximum log composite likelihood: -472.73364692.
2022-02-10 08:11:03,079 - INFO - Optimal value of theta: 9326.16484489.
2022-02-10 08:11:03,079 - INFO - Beginning optimization with guess, [7.92].
2022-02-10 08:11:03,563 - INFO - Finished optimization with guess, [7.92].
2022-02-10 08:11:03,563 - INFO - Best fit parameters: [8.].
2022-02-10 08:11:03,945 - INFO - Maximum log composite likelihood: -472.73364692.
2022-02-10 08:11:03,956 - INFO - Optimal value of theta: 9326.16484489.
2022-02-10 08:11:03,956 - INFO - Beginning optimization with guess, [7.92].
2022-02-10 08:11:04,866 - INFO - Finished optimization with guess, [7.92].
2022-02-10 08:11:04,866 - INFO - Best fit parameters: [8.].
2022-02-10 08:11:05,322 - INFO - Maximum log composite likelihood: -472.73364692.
2022-02-10 08:11:05,322 - INFO - Optimal value of theta: 9326.16484489.
2022-02-10 08:11:05,323 - INFO - Beginning optimization with guess, [7.92].
2022-02-10 08:11:05,949 - INFO - Finished optimization with guess, [7.92].
2022-02-10 08:11:05,949 - INFO - Best fit parameters: [8.].
2022-02-10 08:11:06,175 - INFO - Maximum log composite likelihood: -472.73364692.
2022-02-10 08:11:06,176 - INFO - Optimal value of theta: 9326.16484489.
2022-02-10 08:11:06,176 - INFO - Beginning optimization with guess, [7.92].
2022-02-10 08:11:06,938 - INFO - Finished optimization with guess, [7.92].
2022-02-10 08:11:06,938 - INFO - Best fit parameters: [8.].
2022-02-10 08:11:07,164 - INFO - Maximum log composite likelihood: -472.73364692.
2022-02-10 08:11:07,164 - INFO - Optimal value of theta: 9326.16484489.
2022-02-10 08:11:07,168 - INFO - Beginning demographic inference for two-epoch demographic model.
2022-02-10 08:11:07,170 - INFO - Beginning optimization with guess, [8.11917215e-02 9.84984334e-06].
2022-02-10 08:11:19,965 - INFO - Finished optimization with guess, [8.11917215e-02 9.84984334e-06].
2022-02-10 08:11:19,967 - INFO - Best fit parameters: [9.13009909e-03 7.29988888e-05].
2022-02-10 08:11:20,431 - INFO - Maximum log composite likelihood: -410.062713023.
2022-02-10 08:11:20,432 - INFO - Optimal value of theta: 9683.35814581.
2022-02-10 08:11:20,432 - INFO - Beginning optimization with guess, [1.19645189e-01 1.58834303e-05].
2022-02-10 08:11:37,019 - INFO - Finished optimization with guess, [1.19645189e-01 1.58834303e-05].
2022-02-10 08:11:37,026 - INFO - Best fit parameters: [0.01364824 0.00010701].
2022-02-10 08:11:37,488 - INFO - Maximum log composite likelihood: -410.063209365.
2022-02-10 08:11:37,489 - INFO - Optimal value of theta: 9675.23272637.
2022-02-10 08:11:37,489 - INFO - Beginning optimization with guess, [4.63656431e-01 1.26957996e-05].
2022-02-10 08:11:49,411 - INFO - Finished optimization with guess, [4.63656431e-01 1.26957996e-05].
2022-02-10 08:11:49,427 - INFO - Best fit parameters: [0.01632282 0.00012834].
2022-02-10 08:11:49,873 - INFO - Maximum log composite likelihood: -410.010951001.
2022-02-10 08:11:49,874 - INFO - Optimal value of theta: 9675.17386185.
2022-02-10 08:11:49,874 - INFO - Beginning optimization with guess, [7.79371399e-01 1.14135707e-05].
2022-02-10 08:12:00,814 - INFO - Finished optimization with guess, [7.79371399e-01 1.14135707e-05].
2022-02-10 08:12:00,826 - INFO - Best fit parameters: [9.21000726e-03 6.48197262e-05].
2022-02-10 08:12:01,272 - INFO - Maximum log composite likelihood: -410.985436376.
2022-02-10 08:12:01,272 - INFO - Optimal value of theta: 9643.01657775.
2022-02-10 08:12:01,273 - INFO - Beginning optimization with guess, [3.10275291e-01 6.98242224e-06].
2022-02-10 08:12:11,110 - INFO - Finished optimization with guess, [3.10275291e-01 6.98242224e-06].
2022-02-10 08:12:11,116 - INFO - Best fit parameters: [1.20649981e-02 8.81435396e-05].
2022-02-10 08:12:11,407 - INFO - Maximum log composite likelihood: -410.585355328.
2022-02-10 08:12:11,407 - INFO - Optimal value of theta: 9653.40528259.
2022-02-10 08:12:11,408 - INFO - Beginning optimization with guess, [5.74889202e-01 1.24495046e-05].
2022-02-10 08:12:28,886 - INFO - Finished optimization with guess, [5.74889202e-01 1.24495046e-05].
2022-02-10 08:12:28,887 - INFO - Best fit parameters: [0.01399512 0.00011182].
2022-02-10 08:12:29,332 - INFO - Maximum log composite likelihood: -409.979767881.
2022-02-10 08:12:29,333 - INFO - Optimal value of theta: 9681.31416306.
2022-02-10 08:12:29,333 - INFO - Beginning optimization with guess, [9.33715751e-01 1.47782153e-05].
2022-02-10 08:12:39,504 - INFO - Finished optimization with guess, [9.33715751e-01 1.47782153e-05].
2022-02-10 08:12:39,516 - INFO - Best fit parameters: [7.95221719e-03 5.78237856e-05].
2022-02-10 08:12:39,977 - INFO - Maximum log composite likelihood: -410.653195744.
2022-02-10 08:12:39,978 - INFO - Optimal value of theta: 9653.36076713.
2022-02-10 08:12:39,978 - INFO - Beginning optimization with guess, [4.68160496e-01 1.59242190e-05].
2022-02-10 08:12:50,626 - INFO - Finished optimization with guess, [4.68160496e-01 1.59242190e-05].
2022-02-10 08:12:50,628 - INFO - Best fit parameters: [0.01938961 0.0001508 ].
2022-02-10 08:12:50,936 - INFO - Maximum log composite likelihood: -410.030889462.
2022-02-10 08:12:50,937 - INFO - Optimal value of theta: 9670.51377084.
2022-02-10 08:12:50,937 - INFO - Beginning optimization with guess, [1.13470422e+00 9.23712288e-06].
2022-02-10 08:13:04,696 - INFO - Finished optimization with guess, [1.13470422e+00 9.23712288e-06].
2022-02-10 08:13:04,707 - INFO - Best fit parameters: [1.76452996e-03 1.06217356e-05].
2022-02-10 08:13:05,015 - INFO - Maximum log composite likelihood: -413.32107823.
2022-02-10 08:13:05,016 - INFO - Optimal value of theta: 9601.18074191.
2022-02-10 08:13:05,017 - INFO - Beginning optimization with guess, [1.47547817e+00 1.76607477e-05].
