2023-02-17 17:01:30,975 - INFO - Beginning execution of fit_one_epoch.py in directory /u/project/ngarud/jonmah/demo_for_ccgb/Scripts

2023-02-17 17:01:30,975 - INFO - Progress is being logged to ../Analysis/Parabacteroides_merdae_56972_downsampled_18/log.log

2023-02-17 17:01:30,975 - INFO - Parsed the following arguments:
	syn_input_sfs = ../Analysis/Parabacteroides_merdae_56972_downsampled_18/empirical_sfs.txt
	mask_singletons = False
	mask_doubletons = False
	outprefix = ../Analysis/Parabacteroides_merdae_56972_downsampled_18/

2023-02-17 17:01:30,987 - INFO - Beginning demographic inference for one-epoch demographic model.
2023-02-17 17:01:30,988 - INFO - Beginning optimization with guess, [0.10371865].
2023-02-17 17:01:31,082 - INFO - Finished optimization with guess, [0.10371865].
2023-02-17 17:01:31,082 - INFO - Best fit parameters: [0.10371865].
2023-02-17 17:01:31,128 - INFO - Maximum log composite likelihood: -93.21962114603184.
2023-02-17 17:01:31,129 - INFO - Optimal value of theta: 6000.264048145242.
2023-02-17 17:01:31,129 - INFO - Beginning optimization with guess, [0.1351306].
2023-02-17 17:01:31,224 - INFO - Finished optimization with guess, [0.1351306].
2023-02-17 17:01:31,224 - INFO - Best fit parameters: [0.1351306].
2023-02-17 17:01:31,270 - INFO - Maximum log composite likelihood: -93.21962114603184.
2023-02-17 17:01:31,270 - INFO - Optimal value of theta: 6000.264048145242.
2023-02-17 17:01:31,270 - INFO - Beginning optimization with guess, [0.37220935].
2023-02-17 17:01:31,362 - INFO - Finished optimization with guess, [0.37220935].
2023-02-17 17:01:31,363 - INFO - Best fit parameters: [0.37220935].
2023-02-17 17:01:31,409 - INFO - Maximum log composite likelihood: -93.21962114603184.
2023-02-17 17:01:31,409 - INFO - Optimal value of theta: 6000.264048145242.
2023-02-17 17:01:31,409 - INFO - Beginning optimization with guess, [0.35650994].
2023-02-17 17:01:31,502 - INFO - Finished optimization with guess, [0.35650994].
2023-02-17 17:01:31,502 - INFO - Best fit parameters: [0.35650994].
2023-02-17 17:01:31,548 - INFO - Maximum log composite likelihood: -93.21962114603184.
2023-02-17 17:01:31,548 - INFO - Optimal value of theta: 6000.264048145242.
2023-02-17 17:01:31,548 - INFO - Beginning optimization with guess, [0.3102933].
2023-02-17 17:01:31,641 - INFO - Finished optimization with guess, [0.3102933].
2023-02-17 17:01:31,641 - INFO - Best fit parameters: [0.3102933].
2023-02-17 17:01:31,687 - INFO - Maximum log composite likelihood: -93.21962114603184.
2023-02-17 17:01:31,688 - INFO - Optimal value of theta: 6000.264048145242.
2023-02-17 17:01:31,688 - INFO - Beginning optimization with guess, [1.0575885].
2023-02-17 17:01:31,781 - INFO - Finished optimization with guess, [1.0575885].
2023-02-17 17:01:31,781 - INFO - Best fit parameters: [1.0575885].
2023-02-17 17:01:31,827 - INFO - Maximum log composite likelihood: -93.21962114603184.
2023-02-17 17:01:31,827 - INFO - Optimal value of theta: 6000.264048145242.
2023-02-17 17:01:31,827 - INFO - Beginning optimization with guess, [0.92202609].
2023-02-17 17:01:31,920 - INFO - Finished optimization with guess, [0.92202609].
2023-02-17 17:01:31,920 - INFO - Best fit parameters: [0.92202609].
2023-02-17 17:01:31,969 - INFO - Maximum log composite likelihood: -93.21962114603184.
2023-02-17 17:01:31,969 - INFO - Optimal value of theta: 6000.264048145242.
2023-02-17 17:01:31,970 - INFO - Beginning optimization with guess, [1.08455846].
2023-02-17 17:01:32,063 - INFO - Finished optimization with guess, [1.08455846].
2023-02-17 17:01:32,064 - INFO - Best fit parameters: [1.08455846].
2023-02-17 17:01:32,110 - INFO - Maximum log composite likelihood: -93.21962114603184.
2023-02-17 17:01:32,110 - INFO - Optimal value of theta: 6000.264048145242.
2023-02-17 17:01:32,111 - INFO - Beginning optimization with guess, [1.09098075].
2023-02-17 17:01:32,242 - INFO - Finished optimization with guess, [1.09098075].
2023-02-17 17:01:32,243 - INFO - Best fit parameters: [1.09098075].
2023-02-17 17:01:32,301 - INFO - Maximum log composite likelihood: -93.21962114603184.
2023-02-17 17:01:32,302 - INFO - Optimal value of theta: 6000.264048145242.
2023-02-17 17:01:32,302 - INFO - Beginning optimization with guess, [1.20423081].
2023-02-17 17:01:32,389 - INFO - Finished optimization with guess, [1.20423081].
2023-02-17 17:01:32,390 - INFO - Best fit parameters: [1.20423081].
2023-02-17 17:01:32,430 - INFO - Maximum log composite likelihood: -93.21962114603184.
2023-02-17 17:01:32,430 - INFO - Optimal value of theta: 6000.264048145242.
2023-02-17 17:01:32,430 - INFO - Beginning optimization with guess, [2.10289361].
2023-02-17 17:01:32,511 - INFO - Finished optimization with guess, [2.10289361].
2023-02-17 17:01:32,511 - INFO - Best fit parameters: [2.10289361].
2023-02-17 17:01:32,551 - INFO - Maximum log composite likelihood: -93.21962114603184.
2023-02-17 17:01:32,552 - INFO - Optimal value of theta: 6000.264048145242.
2023-02-17 17:01:32,552 - INFO - Beginning optimization with guess, [2.1788176].
2023-02-17 17:01:32,632 - INFO - Finished optimization with guess, [2.1788176].
2023-02-17 17:01:32,633 - INFO - Best fit parameters: [2.1788176].
2023-02-17 17:01:32,673 - INFO - Maximum log composite likelihood: -93.21962114603184.
2023-02-17 17:01:32,673 - INFO - Optimal value of theta: 6000.264048145242.
2023-02-17 17:01:32,673 - INFO - Beginning optimization with guess, [2.23183467].
2023-02-17 17:01:32,754 - INFO - Finished optimization with guess, [2.23183467].
2023-02-17 17:01:32,754 - INFO - Best fit parameters: [2.23183467].
2023-02-17 17:01:32,794 - INFO - Maximum log composite likelihood: -93.21962114603184.
2023-02-17 17:01:32,794 - INFO - Optimal value of theta: 6000.264048145242.
2023-02-17 17:01:32,795 - INFO - Beginning optimization with guess, [1.68519651].
2023-02-17 17:01:32,875 - INFO - Finished optimization with guess, [1.68519651].
2023-02-17 17:01:32,876 - INFO - Best fit parameters: [1.68519651].
2023-02-17 17:01:32,944 - INFO - Maximum log composite likelihood: -93.21962114603184.
2023-02-17 17:01:32,944 - INFO - Optimal value of theta: 6000.264048145242.
2023-02-17 17:01:32,945 - INFO - Beginning optimization with guess, [1.99288305].
2023-02-17 17:01:33,064 - INFO - Finished optimization with guess, [1.99288305].
2023-02-17 17:01:33,064 - INFO - Best fit parameters: [1.99288305].
2023-02-17 17:01:33,111 - INFO - Maximum log composite likelihood: -93.21962114603184.
2023-02-17 17:01:33,111 - INFO - Optimal value of theta: 6000.264048145242.
2023-02-17 17:01:33,111 - INFO - Beginning optimization with guess, [3.08900514].
2023-02-17 17:01:33,203 - INFO - Finished optimization with guess, [3.08900514].
2023-02-17 17:01:33,204 - INFO - Best fit parameters: [3.08900514].
2023-02-17 17:01:33,249 - INFO - Maximum log composite likelihood: -93.21962114603184.
2023-02-17 17:01:33,250 - INFO - Optimal value of theta: 6000.264048145242.
2023-02-17 17:01:33,250 - INFO - Beginning optimization with guess, [4.41692859].
2023-02-17 17:01:33,342 - INFO - Finished optimization with guess, [4.41692859].
2023-02-17 17:01:33,342 - INFO - Best fit parameters: [4.41692859].
2023-02-17 17:01:33,388 - INFO - Maximum log composite likelihood: -93.21962114603184.
2023-02-17 17:01:33,388 - INFO - Optimal value of theta: 6000.264048145242.
2023-02-17 17:01:33,388 - INFO - Beginning optimization with guess, [5.36672598].
2023-02-17 17:01:33,481 - INFO - Finished optimization with guess, [5.36672598].
2023-02-17 17:01:33,481 - INFO - Best fit parameters: [5.36672598].
2023-02-17 17:01:33,527 - INFO - Maximum log composite likelihood: -93.21962114603184.
2023-02-17 17:01:33,527 - INFO - Optimal value of theta: 6000.264048145242.
2023-02-17 17:01:33,528 - INFO - Beginning optimization with guess, [2.75991095].
2023-02-17 17:01:33,620 - INFO - Finished optimization with guess, [2.75991095].
2023-02-17 17:01:33,621 - INFO - Best fit parameters: [2.75991095].
2023-02-17 17:01:33,667 - INFO - Maximum log composite likelihood: -93.21962114603184.
2023-02-17 17:01:33,667 - INFO - Optimal value of theta: 6000.264048145242.
2023-02-17 17:01:33,667 - INFO - Beginning optimization with guess, [4.19701469].
2023-02-17 17:01:33,759 - INFO - Finished optimization with guess, [4.19701469].
2023-02-17 17:01:33,759 - INFO - Best fit parameters: [4.19701469].
2023-02-17 17:01:33,805 - INFO - Maximum log composite likelihood: -93.21962114603184.
2023-02-17 17:01:33,805 - INFO - Optimal value of theta: 6000.264048145242.
2023-02-17 17:01:33,805 - INFO - Beginning optimization with guess, [4.17778698].
2023-02-17 17:01:33,898 - INFO - Finished optimization with guess, [4.17778698].
2023-02-17 17:01:33,898 - INFO - Best fit parameters: [4.17778698].
2023-02-17 17:01:33,946 - INFO - Maximum log composite likelihood: -93.21962114603184.
2023-02-17 17:01:33,947 - INFO - Optimal value of theta: 6000.264048145242.
2023-02-17 17:01:33,947 - INFO - Beginning optimization with guess, [5.07039951].
2023-02-17 17:01:34,039 - INFO - Finished optimization with guess, [5.07039951].
2023-02-17 17:01:34,040 - INFO - Best fit parameters: [5.07039951].
2023-02-17 17:01:34,089 - INFO - Maximum log composite likelihood: -93.21962114603184.
2023-02-17 17:01:34,089 - INFO - Optimal value of theta: 6000.264048145242.
2023-02-17 17:01:34,089 - INFO - Beginning optimization with guess, [4.02756073].
2023-02-17 17:01:34,190 - INFO - Finished optimization with guess, [4.02756073].
2023-02-17 17:01:34,190 - INFO - Best fit parameters: [4.02756073].
2023-02-17 17:01:34,241 - INFO - Maximum log composite likelihood: -93.21962114603184.
2023-02-17 17:01:34,242 - INFO - Optimal value of theta: 6000.264048145242.
2023-02-17 17:01:34,242 - INFO - Beginning optimization with guess, [12.23452398].
2023-02-17 17:01:34,344 - INFO - Finished optimization with guess, [12.23452398].
2023-02-17 17:01:34,344 - INFO - Best fit parameters: [12.23452398].
2023-02-17 17:01:34,394 - INFO - Maximum log composite likelihood: -93.21962114603184.
2023-02-17 17:01:34,395 - INFO - Optimal value of theta: 6000.264048145242.
2023-02-17 17:01:34,395 - INFO - Beginning optimization with guess, [4.03300105].
2023-02-17 17:01:34,497 - INFO - Finished optimization with guess, [4.03300105].
2023-02-17 17:01:34,497 - INFO - Best fit parameters: [4.03300105].
2023-02-17 17:01:34,548 - INFO - Maximum log composite likelihood: -93.21962114603184.
2023-02-17 17:01:34,548 - INFO - Optimal value of theta: 6000.264048145242.
2023-02-17 17:01:34,550 - INFO - Finished demographic inference.
2023-02-17 17:01:34,550 - INFO - Pipeline executed succesfully.
