2021-10-20 12:44:44,037 - INFO - Beginning execution of fit_demographic_model.py in directory /u/project/ngarud/jonmah/demo_for_ccgb/Scripts

2021-10-20 12:44:44,038 - INFO - Progress is being logged to ../Analysis/Dialister_invisus_61905/log.log

2021-10-20 12:44:44,038 - INFO - Parsed the following arguments:
	mask_doubletons = False
	syn_input_sfs = ../Data/Dialister_invisus_61905_syn.sfs
	mask_singletons = True
	outprefix = ../Analysis/Dialister_invisus_61905/

2021-10-20 12:44:44,040 - INFO - Beginning demographic inference for exponential growth demographic model.
2021-10-20 12:44:44,043 - INFO - Beginning optimization with guess, [5.52487843e-02 1.20075649e-05].
2021-10-20 12:44:50,282 - INFO - Finished optimization with guess, [5.52487843e-02 1.20075649e-05].
2021-10-20 12:44:50,293 - INFO - Best fit parameters: [2.01679195e-01 3.66311756e-06].
2021-10-20 12:44:50,516 - INFO - Maximum log composite likelihood: -140.340730919.
2021-10-20 12:44:50,518 - INFO - Optimal value of theta: 7220.06559459.
2021-10-20 12:44:50,518 - INFO - Beginning optimization with guess, [1.38815339e-01 6.99105867e-06].
2021-10-20 12:44:51,827 - INFO - Finished optimization with guess, [1.38815339e-01 6.99105867e-06].
2021-10-20 12:44:51,827 - INFO - Best fit parameters: [1.38839884e-01 6.98991246e-06].
2021-10-20 12:44:52,046 - INFO - Maximum log composite likelihood: -140.340802791.
2021-10-20 12:44:52,047 - INFO - Optimal value of theta: 7220.06673793.
2021-10-20 12:44:52,047 - INFO - Beginning optimization with guess, [1.75120252e-01 1.82406671e-05].
2021-10-20 12:44:57,284 - INFO - Finished optimization with guess, [1.75120252e-01 1.82406671e-05].
2021-10-20 12:44:57,285 - INFO - Best fit parameters: [5.64980723e-01 7.72293004e-06].
2021-10-20 12:44:57,503 - INFO - Maximum log composite likelihood: -140.340724132.
2021-10-20 12:44:57,504 - INFO - Optimal value of theta: 7220.06548619.
2021-10-20 12:44:57,504 - INFO - Beginning optimization with guess, [1.40456241e-01 9.68887137e-06].
2021-10-20 12:44:58,814 - INFO - Finished optimization with guess, [1.40456241e-01 9.68887137e-06].
2021-10-20 12:44:58,814 - INFO - Best fit parameters: [1.40502872e-01 9.68589217e-06].
2021-10-20 12:44:59,032 - INFO - Maximum log composite likelihood: -140.340874169.
2021-10-20 12:44:59,034 - INFO - Optimal value of theta: 7220.06786871.
2021-10-20 12:44:59,034 - INFO - Beginning optimization with guess, [1.58293932e-01 5.31742806e-06].
2021-10-20 12:45:00,342 - INFO - Finished optimization with guess, [1.58293932e-01 5.31742806e-06].
2021-10-20 12:45:00,343 - INFO - Best fit parameters: [1.58306235e-01 5.31704951e-06].
2021-10-20 12:45:00,561 - INFO - Maximum log composite likelihood: -140.340756584.
2021-10-20 12:45:00,562 - INFO - Optimal value of theta: 7220.0660036.
2021-10-20 12:45:00,562 - INFO - Beginning optimization with guess, [5.46790575e-02 5.53461437e-06].
2021-10-20 12:45:05,799 - INFO - Finished optimization with guess, [5.46790575e-02 5.53461437e-06].
2021-10-20 12:45:05,800 - INFO - Best fit parameters: [1.65874586e-01 1.95817830e-06].
2021-10-20 12:45:06,018 - INFO - Maximum log composite likelihood: -140.340725425.
2021-10-20 12:45:06,019 - INFO - Optimal value of theta: 7220.06550687.
2021-10-20 12:45:06,020 - INFO - Beginning optimization with guess, [1.15301323e-01 7.84107641e-06].
2021-10-20 12:45:07,331 - INFO - Finished optimization with guess, [1.15301323e-01 7.84107641e-06].
2021-10-20 12:45:07,332 - INFO - Best fit parameters: [1.15339027e-01 7.83866473e-06].
2021-10-20 12:45:07,550 - INFO - Maximum log composite likelihood: -140.340874214.
2021-10-20 12:45:07,551 - INFO - Optimal value of theta: 7220.06786969.
2021-10-20 12:45:07,551 - INFO - Beginning optimization with guess, [7.28811217e-02 1.35145594e-05].
2021-10-20 12:45:13,437 - INFO - Finished optimization with guess, [7.28811217e-02 1.35145594e-05].
2021-10-20 12:45:13,438 - INFO - Best fit parameters: [2.69038231e-01 4.24956873e-06].
2021-10-20 12:45:13,656 - INFO - Maximum log composite likelihood: -140.340727896.
2021-10-20 12:45:13,657 - INFO - Optimal value of theta: 7220.06554632.
2021-10-20 12:45:13,658 - INFO - Beginning optimization with guess, [9.39415963e-02 9.20466952e-06].
2021-10-20 12:45:18,894 - INFO - Finished optimization with guess, [9.39415963e-02 9.20466952e-06].
2021-10-20 12:45:18,895 - INFO - Best fit parameters: [2.91188895e-01 3.43646907e-06].
2021-10-20 12:45:19,113 - INFO - Maximum log composite likelihood: -140.340724775.
2021-10-20 12:45:19,114 - INFO - Optimal value of theta: 7220.06549647.
2021-10-20 12:45:19,115 - INFO - Beginning optimization with guess, [7.45304022e-02 6.35388786e-06].
2021-10-20 12:45:24,361 - INFO - Finished optimization with guess, [7.45304022e-02 6.35388786e-06].
2021-10-20 12:45:24,362 - INFO - Best fit parameters: [2.28870868e-01 2.32277274e-06].
2021-10-20 12:45:24,580 - INFO - Maximum log composite likelihood: -140.340724054.
2021-10-20 12:45:24,581 - INFO - Optimal value of theta: 7220.06548496.
2021-10-20 12:45:24,582 - INFO - Beginning optimization with guess, [9.90242751e-02 1.09480566e-05].
2021-10-20 12:45:30,469 - INFO - Finished optimization with guess, [9.90242751e-02 1.09480566e-05].
2021-10-20 12:45:30,471 - INFO - Best fit parameters: [3.73817295e-01 3.63033987e-06].
2021-10-20 12:45:30,688 - INFO - Maximum log composite likelihood: -140.340723299.
2021-10-20 12:45:30,689 - INFO - Optimal value of theta: 7220.06547288.
2021-10-20 12:45:30,690 - INFO - Beginning optimization with guess, [1.27349381e-01 8.34457654e-06].
2021-10-20 12:45:31,998 - INFO - Finished optimization with guess, [1.27349381e-01 8.34457654e-06].
2021-10-20 12:45:31,998 - INFO - Best fit parameters: [1.27387787e-01 8.34222673e-06].
2021-10-20 12:45:32,216 - INFO - Maximum log composite likelihood: -140.340861306.
2021-10-20 12:45:32,217 - INFO - Optimal value of theta: 7220.06766531.
2021-10-20 12:45:32,218 - INFO - Beginning optimization with guess, [1.84988860e-01 1.52740288e-05].
2021-10-20 12:45:37,445 - INFO - Finished optimization with guess, [1.84988860e-01 1.52740288e-05].
2021-10-20 12:45:37,446 - INFO - Best fit parameters: [6.07238600e-01 6.67965737e-06].
2021-10-20 12:45:37,663 - INFO - Maximum log composite likelihood: -140.340722875.
2021-10-20 12:45:37,665 - INFO - Optimal value of theta: 7220.06546609.
2021-10-20 12:45:37,665 - INFO - Beginning optimization with guess, [1.5984593e-01 1.0687226e-05].
2021-10-20 12:45:38,973 - INFO - Finished optimization with guess, [1.5984593e-01 1.0687226e-05].
2021-10-20 12:45:38,973 - INFO - Best fit parameters: [1.59895252e-01 1.06842090e-05].
2021-10-20 12:45:39,192 - INFO - Maximum log composite likelihood: -140.340861647.
2021-10-20 12:45:39,193 - INFO - Optimal value of theta: 7220.06767039.
2021-10-20 12:45:39,193 - INFO - Beginning optimization with guess, [1.90288769e-01 1.66184569e-05].
2021-10-20 12:45:44,425 - INFO - Finished optimization with guess, [1.90288769e-01 1.66184569e-05].
2021-10-20 12:45:44,426 - INFO - Best fit parameters: [6.20439555e-01 7.22357435e-06].
2021-10-20 12:45:44,644 - INFO - Maximum log composite likelihood: -140.340723021.
2021-10-20 12:45:44,645 - INFO - Optimal value of theta: 7220.06546843.
2021-10-20 12:45:44,646 - INFO - Beginning optimization with guess, [6.58812701e-02 5.85474831e-06].
2021-10-20 12:45:49,878 - INFO - Finished optimization with guess, [6.58812701e-02 5.85474831e-06].
2021-10-20 12:45:49,879 - INFO - Best fit parameters: [1.99333058e-01 2.08304162e-06].
2021-10-20 12:45:50,096 - INFO - Maximum log composite likelihood: -140.340724352.
2021-10-20 12:45:50,098 - INFO - Optimal value of theta: 7220.06548972.
2021-10-20 12:45:50,098 - INFO - Beginning optimization with guess, [9.97220505e-02 1.27754657e-05].
2021-10-20 12:45:55,987 - INFO - Finished optimization with guess, [9.97220505e-02 1.27754657e-05].
2021-10-20 12:45:55,989 - INFO - Best fit parameters: [3.73549238e-01 4.20518696e-06].
2021-10-20 12:45:56,206 - INFO - Maximum log composite likelihood: -140.340724056.
2021-10-20 12:45:56,208 - INFO - Optimal value of theta: 7220.06548499.
2021-10-20 12:45:56,208 - INFO - Beginning optimization with guess, [5.77883375e-02 1.14326447e-05].
2021-10-20 12:46:02,089 - INFO - Finished optimization with guess, [5.77883375e-02 1.14326447e-05].
2021-10-20 12:46:02,091 - INFO - Best fit parameters: [2.11243889e-01 3.50227711e-06].
2021-10-20 12:46:02,308 - INFO - Maximum log composite likelihood: -140.34072918.
2021-10-20 12:46:02,310 - INFO - Optimal value of theta: 7220.06556683.
2021-10-20 12:46:02,310 - INFO - Beginning optimization with guess, [1.22092240e-01 8.78306557e-06].
2021-10-20 12:46:03,619 - INFO - Finished optimization with guess, [1.22092240e-01 8.78306557e-06].
2021-10-20 12:46:03,619 - INFO - Best fit parameters: [1.22136771e-01 8.78006498e-06].
2021-10-20 12:46:03,837 - INFO - Maximum log composite likelihood: -140.340891138.
2021-10-20 12:46:03,838 - INFO - Optimal value of theta: 7220.06813727.
2021-10-20 12:46:03,839 - INFO - Beginning optimization with guess, [1.79468697e-01 5.09535878e-06].
2021-10-20 12:46:05,148 - INFO - Finished optimization with guess, [1.79468697e-01 5.09535878e-06].
2021-10-20 12:46:05,148 - INFO - Best fit parameters: [1.79478539e-01 5.09510634e-06].
2021-10-20 12:46:05,366 - INFO - Maximum log composite likelihood: -140.340745796.
2021-10-20 12:46:05,367 - INFO - Optimal value of theta: 7220.06583181.
2021-10-20 12:46:05,368 - INFO - Beginning optimization with guess, [5.08682492e-02 5.63982959e-06].
2021-10-20 12:46:11,247 - INFO - Finished optimization with guess, [5.08682492e-02 5.63982959e-06].
2021-10-20 12:46:11,247 - INFO - Best fit parameters: [1.85089232e-01 1.70540251e-06].
2021-10-20 12:46:11,465 - INFO - Maximum log composite likelihood: -140.340723672.
2021-10-20 12:46:11,466 - INFO - Optimal value of theta: 7220.06547885.
2021-10-20 12:46:11,466 - INFO - Beginning optimization with guess, [6.64886297e-02 7.26883208e-06].
2021-10-20 12:46:17,346 - INFO - Finished optimization with guess, [6.64886297e-02 7.26883208e-06].
2021-10-20 12:46:17,347 - INFO - Best fit parameters: [2.44894164e-01 2.26261292e-06].
2021-10-20 12:46:17,565 - INFO - Maximum log composite likelihood: -140.340723497.
2021-10-20 12:46:17,566 - INFO - Optimal value of theta: 7220.06547606.
2021-10-20 12:46:17,567 - INFO - Beginning optimization with guess, [8.41199787e-02 1.94645935e-05].
2021-10-20 12:46:23,446 - INFO - Finished optimization with guess, [8.41199787e-02 1.94645935e-05].
2021-10-20 12:46:23,446 - INFO - Best fit parameters: [3.12240987e-01 6.23431355e-06].
2021-10-20 12:46:23,664 - INFO - Maximum log composite likelihood: -140.340731328.
2021-10-20 12:46:23,665 - INFO - Optimal value of theta: 7220.06560109.
2021-10-20 12:46:23,666 - INFO - Beginning optimization with guess, [1.07489499e-01 6.10458759e-06].
2021-10-20 12:46:24,973 - INFO - Finished optimization with guess, [1.07489499e-01 6.10458759e-06].
2021-10-20 12:46:24,973 - INFO - Best fit parameters: [1.07514090e-01 6.10326781e-06].
2021-10-20 12:46:25,191 - INFO - Maximum log composite likelihood: -140.340828789.
2021-10-20 12:46:25,192 - INFO - Optimal value of theta: 7220.06715044.
2021-10-20 12:46:25,192 - INFO - Beginning optimization with guess, [8.47167575e-02 1.84349735e-05].
2021-10-20 12:46:31,072 - INFO - Finished optimization with guess, [8.47167575e-02 1.84349735e-05].
2021-10-20 12:46:31,074 - INFO - Best fit parameters: [3.14538038e-01 5.91002927e-06].
2021-10-20 12:46:31,292 - INFO - Maximum log composite likelihood: -140.340730125.
2021-10-20 12:46:31,293 - INFO - Optimal value of theta: 7220.0655819.
2021-10-20 12:46:31,297 - INFO - Beginning demographic inference for two-epoch demographic model.
2021-10-20 12:46:31,312 - INFO - Beginning optimization with guess, [7.03042180e-02 1.53466587e-05].
2021-10-20 12:46:37,217 - INFO - Finished optimization with guess, [7.03042180e-02 1.53466587e-05].
2021-10-20 12:46:37,219 - INFO - Best fit parameters: [2.58887958e-01 4.79984808e-06].
2021-10-20 12:46:37,437 - INFO - Maximum log composite likelihood: -140.340730599.
2021-10-20 12:46:37,439 - INFO - Optimal value of theta: 7220.06558948.
2021-10-20 12:46:37,439 - INFO - Beginning optimization with guess, [1.53066743e-01 1.72759901e-05].
2021-10-20 12:46:43,342 - INFO - Finished optimization with guess, [1.53066743e-01 1.72759901e-05].
2021-10-20 12:46:43,343 - INFO - Best fit parameters: [5.99847646e-01 6.41922594e-06].
2021-10-20 12:46:43,562 - INFO - Maximum log composite likelihood: -140.340722811.
2021-10-20 12:46:43,563 - INFO - Optimal value of theta: 7220.06546508.
2021-10-20 12:46:43,563 - INFO - Beginning optimization with guess, [1.65624903e-01 7.71296754e-06].
2021-10-20 12:46:44,872 - INFO - Finished optimization with guess, [1.65624903e-01 7.71296754e-06].
2021-10-20 12:46:44,872 - INFO - Best fit parameters: [1.65649571e-01 7.71192017e-06].
2021-10-20 12:46:45,091 - INFO - Maximum log composite likelihood: -140.340788761.
2021-10-20 12:46:45,092 - INFO - Optimal value of theta: 7220.06651512.
2021-10-20 12:46:45,093 - INFO - Beginning optimization with guess, [1.53932087e-01 7.44175278e-06].
2021-10-20 12:46:46,404 - INFO - Finished optimization with guess, [1.53932087e-01 7.44175278e-06].
2021-10-20 12:46:46,404 - INFO - Best fit parameters: [1.53956959e-01 7.44064835e-06].
2021-10-20 12:46:46,623 - INFO - Maximum log composite likelihood: -140.340795047.
2021-10-20 12:46:46,624 - INFO - Optimal value of theta: 7220.06661497.
2021-10-20 12:46:46,624 - INFO - Beginning optimization with guess, [1.51419010e-01 1.56499314e-05].
2021-10-20 12:46:51,861 - INFO - Finished optimization with guess, [1.51419010e-01 1.56499314e-05].
2021-10-20 12:46:51,862 - INFO - Best fit parameters: [4.83089472e-01 6.37489763e-06].
2021-10-20 12:46:52,081 - INFO - Maximum log composite likelihood: -140.340724456.
2021-10-20 12:46:52,082 - INFO - Optimal value of theta: 7220.06549136.
2021-10-20 12:46:52,082 - INFO - Beginning optimization with guess, [7.85370858e-02 1.95981757e-05].
2021-10-20 12:46:57,976 - INFO - Finished optimization with guess, [7.85370858e-02 1.95981757e-05].
2021-10-20 12:46:57,976 - INFO - Best fit parameters: [2.90606612e-01 6.21629451e-06].
2021-10-20 12:46:58,195 - INFO - Maximum log composite likelihood: -140.340733211.
2021-10-20 12:46:58,196 - INFO - Optimal value of theta: 7220.06563114.
2021-10-20 12:46:58,196 - INFO - Beginning optimization with guess, [1.58773804e-01 1.43733823e-05].
2021-10-20 12:47:03,434 - INFO - Finished optimization with guess, [1.58773804e-01 1.43733823e-05].
2021-10-20 12:47:03,435 - INFO - Best fit parameters: [5.03319704e-01 5.84918327e-06].
2021-10-20 12:47:03,654 - INFO - Maximum log composite likelihood: -140.340723601.
2021-10-20 12:47:03,655 - INFO - Optimal value of theta: 7220.0654777.
2021-10-20 12:47:03,655 - INFO - Beginning optimization with guess, [6.42537880e-02 9.30743818e-06].
2021-10-20 12:47:09,551 - INFO - Finished optimization with guess, [6.42537880e-02 9.30743818e-06].
2021-10-20 12:47:09,552 - INFO - Best fit parameters: [2.35663242e-01 2.87879697e-06].
2021-10-20 12:47:09,770 - INFO - Maximum log composite likelihood: -140.340725345.
2021-10-20 12:47:09,771 - INFO - Optimal value of theta: 7220.06550559.
2021-10-20 12:47:09,772 - INFO - Beginning optimization with guess, [9.98235846e-02 1.99108646e-05].
2021-10-20 12:47:15,665 - INFO - Finished optimization with guess, [9.98235846e-02 1.99108646e-05].
2021-10-20 12:47:15,665 - INFO - Best fit parameters: [3.74631342e-01 6.57314696e-06].
2021-10-20 12:47:15,884 - INFO - Maximum log composite likelihood: -140.340728279.
2021-10-20 12:47:15,885 - INFO - Optimal value of theta: 7220.06555242.
2021-10-20 12:47:15,885 - INFO - Beginning optimization with guess, [1.48762390e-01 1.22608903e-05].
2021-10-20 12:47:21,126 - INFO - Finished optimization with guess, [1.48762390e-01 1.22608903e-05].
2021-10-20 12:47:21,127 - INFO - Best fit parameters: [4.80719736e-01 5.05500910e-06].
2021-10-20 12:47:21,345 - INFO - Maximum log composite likelihood: -140.34072324.
2021-10-20 12:47:21,347 - INFO - Optimal value of theta: 7220.06547194.
2021-10-20 12:47:21,347 - INFO - Beginning optimization with guess, [1.53175112e-01 5.00579459e-06].
2021-10-20 12:47:22,659 - INFO - Finished optimization with guess, [1.53175112e-01 5.00579459e-06].
2021-10-20 12:47:22,660 - INFO - Best fit parameters: [1.5318641e-01 5.0054553e-06].
2021-10-20 12:47:22,879 - INFO - Maximum log composite likelihood: -140.340754885.
2021-10-20 12:47:22,880 - INFO - Optimal value of theta: 7220.06597656.
2021-10-20 12:47:22,881 - INFO - Beginning optimization with guess, [5.16943506e-02 5.56671097e-06].
2021-10-20 12:47:28,775 - INFO - Finished optimization with guess, [5.16943506e-02 5.56671097e-06].
2021-10-20 12:47:28,776 - INFO - Best fit parameters: [1.89505048e-01 1.69833091e-06].
2021-10-20 12:47:28,994 - INFO - Maximum log composite likelihood: -140.34072352.
2021-10-20 12:47:28,995 - INFO - Optimal value of theta: 7220.06547642.
2021-10-20 12:47:28,996 - INFO - Beginning optimization with guess, [1.86188029e-01 6.78697866e-06].
2021-10-20 12:47:30,307 - INFO - Finished optimization with guess, [1.86188029e-01 6.78697866e-06].
2021-10-20 12:47:30,307 - INFO - Best fit parameters: [1.86204813e-01 6.78642838e-06].
2021-10-20 12:47:30,525 - INFO - Maximum log composite likelihood: -140.340761509.
2021-10-20 12:47:30,527 - INFO - Optimal value of theta: 7220.06608193.
2021-10-20 12:47:30,527 - INFO - Beginning optimization with guess, [1.37691175e-01 9.77678493e-06].
2021-10-20 12:47:31,838 - INFO - Finished optimization with guess, [1.37691175e-01 9.77678493e-06].
2021-10-20 12:47:31,838 - INFO - Best fit parameters: [1.37739687e-01 9.77358888e-06].
2021-10-20 12:47:32,057 - INFO - Maximum log composite likelihood: -140.340883812.
2021-10-20 12:47:32,058 - INFO - Optimal value of theta: 7220.06802124.
2021-10-20 12:47:32,058 - INFO - Beginning optimization with guess, [1.77318461e-01 1.34876908e-05].
2021-10-20 12:47:33,371 - INFO - Finished optimization with guess, [1.77318461e-01 1.34876908e-05].
2021-10-20 12:47:33,372 - INFO - Best fit parameters: [1.77388658e-01 1.34828613e-05].
2021-10-20 12:47:33,590 - INFO - Maximum log composite likelihood: -140.340899272.
2021-10-20 12:47:33,592 - INFO - Optimal value of theta: 7220.06826504.
2021-10-20 12:47:33,592 - INFO - Beginning optimization with guess, [5.94727306e-02 1.02034343e-05].
2021-10-20 12:47:39,491 - INFO - Finished optimization with guess, [5.94727306e-02 1.02034343e-05].
2021-10-20 12:47:39,492 - INFO - Best fit parameters: [2.17499019e-01 3.13162934e-06].
2021-10-20 12:47:39,711 - INFO - Maximum log composite likelihood: -140.340727142.
2021-10-20 12:47:39,712 - INFO - Optimal value of theta: 7220.06553429.
2021-10-20 12:47:39,712 - INFO - Beginning optimization with guess, [8.78358092e-02 6.96749692e-06].
2021-10-20 12:47:44,955 - INFO - Finished optimization with guess, [8.78358092e-02 6.96749692e-06].
2021-10-20 12:47:44,955 - INFO - Best fit parameters: [2.74311935e-01 2.60821929e-06].
2021-10-20 12:47:45,174 - INFO - Maximum log composite likelihood: -140.340723541.
2021-10-20 12:47:45,175 - INFO - Optimal value of theta: 7220.06547675.
2021-10-20 12:47:45,176 - INFO - Beginning optimization with guess, [7.53279877e-02 1.18825069e-05].
2021-10-20 12:47:51,076 - INFO - Finished optimization with guess, [7.53279877e-02 1.18825069e-05].
2021-10-20 12:47:51,076 - INFO - Best fit parameters: [2.78154269e-01 3.74778714e-06].
2021-10-20 12:47:51,294 - INFO - Maximum log composite likelihood: -140.34072598.
2021-10-20 12:47:51,296 - INFO - Optimal value of theta: 7220.06551573.
2021-10-20 12:47:51,296 - INFO - Beginning optimization with guess, [9.53600979e-02 5.03969839e-06].
2021-10-20 12:47:52,608 - INFO - Finished optimization with guess, [9.53600979e-02 5.03969839e-06].
2021-10-20 12:47:52,609 - INFO - Best fit parameters: [9.53791037e-02 5.03874234e-06].
2021-10-20 12:47:52,828 - INFO - Maximum log composite likelihood: -140.340815605.
2021-10-20 12:47:52,829 - INFO - Optimal value of theta: 7220.06694145.
2021-10-20 12:47:52,829 - INFO - Beginning optimization with guess, [1.58426472e-01 7.80909408e-06].
2021-10-20 12:47:54,140 - INFO - Finished optimization with guess, [1.58426472e-01 7.80909408e-06].
2021-10-20 12:47:54,140 - INFO - Best fit parameters: [1.58453021e-01 7.80789560e-06].
2021-10-20 12:47:54,359 - INFO - Maximum log composite likelihood: -140.340797569.
2021-10-20 12:47:54,360 - INFO - Optimal value of theta: 7220.06665497.
2021-10-20 12:47:54,361 - INFO - Beginning optimization with guess, [1.22725922e-01 5.18580154e-06].
2021-10-20 12:47:55,673 - INFO - Finished optimization with guess, [1.22725922e-01 5.18580154e-06].
2021-10-20 12:47:55,674 - INFO - Best fit parameters: [1.22741319e-01 5.18519221e-06].
2021-10-20 12:47:55,893 - INFO - Maximum log composite likelihood: -140.340779655.
2021-10-20 12:47:55,894 - INFO - Optimal value of theta: 7220.06637058.
2021-10-20 12:47:55,894 - INFO - Beginning optimization with guess, [6.18753472e-02 1.28908367e-05].
2021-10-20 12:48:01,795 - INFO - Finished optimization with guess, [6.18753472e-02 1.28908367e-05].
2021-10-20 12:48:01,796 - INFO - Best fit parameters: [2.26665672e-01 3.97419227e-06].
2021-10-20 12:48:02,014 - INFO - Maximum log composite likelihood: -140.340729962.
2021-10-20 12:48:02,016 - INFO - Optimal value of theta: 7220.06557932.
2021-10-20 12:48:02,016 - INFO - Beginning optimization with guess, [1.49420930e-01 5.68769523e-06].
2021-10-20 12:48:03,328 - INFO - Finished optimization with guess, [1.49420930e-01 5.68769523e-06].
2021-10-20 12:48:03,329 - INFO - Best fit parameters: [1.49435920e-01 5.68716962e-06].
2021-10-20 12:48:03,548 - INFO - Maximum log composite likelihood: -140.340767159.
2021-10-20 12:48:03,550 - INFO - Optimal value of theta: 7220.06617187.
2021-10-20 12:48:03,550 - INFO - Beginning optimization with guess, [1.55479412e-01 9.56124231e-06].
2021-10-20 12:48:04,860 - INFO - Finished optimization with guess, [1.55479412e-01 9.56124231e-06].
2021-10-20 12:48:04,861 - INFO - Best fit parameters: [1.55520076e-01 9.55894812e-06].
2021-10-20 12:48:05,079 - INFO - Maximum log composite likelihood: -140.340840597.
2021-10-20 12:48:05,081 - INFO - Optimal value of theta: 7220.06733719.
2021-10-20 12:48:05,081 - INFO - Beginning optimization with guess, [1.28086410e-01 1.76146934e-05].
2021-10-20 12:48:10,985 - INFO - Finished optimization with guess, [1.28086410e-01 1.76146934e-05].
2021-10-20 12:48:10,986 - INFO - Best fit parameters: [4.91120831e-01 6.17124786e-06].
2021-10-20 12:48:11,205 - INFO - Maximum log composite likelihood: -140.340724095.
2021-10-20 12:48:11,206 - INFO - Optimal value of theta: 7220.0654856.
2021-10-20 12:48:11,213 - INFO - Beginning demographic inference for bottleneck + growth demographic model.
2021-10-20 12:48:11,218 - INFO - Beginning optimization with guess, [6.24441136e-02 6.42983898e-02 9.26160937e-06].
2021-10-20 12:48:17,330 - INFO - Finished optimization with guess, [6.24441136e-02 6.42983898e-02 9.26160937e-06].
2021-10-20 12:48:17,330 - INFO - Best fit parameters: [6.24441136e-02 1.64042143e-01 3.87604773e-06].
2021-10-20 12:48:17,548 - INFO - Maximum log composite likelihood: -140.340738518.
2021-10-20 12:48:17,550 - INFO - Optimal value of theta: 7220.06571582.
2021-10-20 12:48:17,550 - INFO - Beginning optimization with guess, [5.17992552e-02 1.54479942e-01 1.29010897e-05].
2021-10-20 12:48:23,656 - INFO - Finished optimization with guess, [5.17992552e-02 1.54479942e-01 1.29010897e-05].
2021-10-20 12:48:23,657 - INFO - Best fit parameters: [5.14972391e-02 4.09278610e-01 5.95792527e-06].
2021-10-20 12:48:23,875 - INFO - Maximum log composite likelihood: -140.340725766.
2021-10-20 12:48:23,876 - INFO - Optimal value of theta: 7220.06551229.
2021-10-20 12:48:23,877 - INFO - Beginning optimization with guess, [6.27569054e-02 1.95272186e-01 1.58658076e-05].
2021-10-20 12:48:29,978 - INFO - Finished optimization with guess, [6.27569054e-02 1.95272186e-01 1.58658076e-05].
2021-10-20 12:48:29,979 - INFO - Best fit parameters: [6.27569054e-02 5.25814685e-01 7.70242482e-06].
2021-10-20 12:48:30,197 - INFO - Maximum log composite likelihood: -140.340724895.
2021-10-20 12:48:30,198 - INFO - Optimal value of theta: 7220.06549837.
2021-10-20 12:48:30,198 - INFO - Beginning optimization with guess, [9.36077423e-02 5.56709930e-02 1.14256048e-05].
2021-10-20 12:48:36,316 - INFO - Finished optimization with guess, [9.36077423e-02 5.56709930e-02 1.14256048e-05].
2021-10-20 12:48:36,317 - INFO - Best fit parameters: [9.36097587e-02 1.41889215e-01 4.75354354e-06].
2021-10-20 12:48:36,535 - INFO - Maximum log composite likelihood: -140.340757092.
2021-10-20 12:48:36,536 - INFO - Optimal value of theta: 7220.06601171.
2021-10-20 12:48:36,536 - INFO - Beginning optimization with guess, [8.59944165e-02 1.28978327e-01 1.29076083e-05].
2021-10-20 12:48:42,647 - INFO - Finished optimization with guess, [8.59944165e-02 1.28978327e-01 1.29076083e-05].
2021-10-20 12:48:42,647 - INFO - Best fit parameters: [8.61929591e-02 3.38352147e-01 5.79903394e-06].
2021-10-20 12:48:42,866 - INFO - Maximum log composite likelihood: -140.340728346.
2021-10-20 12:48:42,867 - INFO - Optimal value of theta: 7220.0655535.
2021-10-20 12:48:42,867 - INFO - Beginning optimization with guess, [1.48018690e-01 1.17043160e-01 7.58023771e-06].
2021-10-20 12:48:44,614 - INFO - Finished optimization with guess, [1.48018690e-01 1.17043160e-01 7.58023771e-06].
2021-10-20 12:48:44,615 - INFO - Best fit parameters: [1.48018690e-01 1.17077830e-01 7.57812788e-06].
2021-10-20 12:48:44,833 - INFO - Maximum log composite likelihood: -140.340859683.
2021-10-20 12:48:44,834 - INFO - Optimal value of theta: 7220.06763973.
2021-10-20 12:48:44,835 - INFO - Beginning optimization with guess, [1.39739554e-01 5.42349205e-02 1.55959482e-05].
2021-10-20 12:48:50,934 - INFO - Finished optimization with guess, [1.39739554e-01 5.42349205e-02 1.55959482e-05].
2021-10-20 12:48:50,936 - INFO - Best fit parameters: [1.39729010e-01 1.38169435e-01 6.47561715e-06].
2021-10-20 12:48:51,153 - INFO - Maximum log composite likelihood: -140.34079193.
2021-10-20 12:48:51,154 - INFO - Optimal value of theta: 7220.06656553.
2021-10-20 12:48:51,155 - INFO - Beginning optimization with guess, [1.39262001e-01 7.72419083e-02 5.21539812e-06].
2021-10-20 12:48:52,899 - INFO - Finished optimization with guess, [1.39262001e-01 7.72419083e-02 5.21539812e-06].
2021-10-20 12:48:52,899 - INFO - Best fit parameters: [1.39262001e-01 7.72673107e-02 5.21374878e-06].
2021-10-20 12:48:53,117 - INFO - Maximum log composite likelihood: -140.340878526.
2021-10-20 12:48:53,118 - INFO - Optimal value of theta: 7220.06793832.
2021-10-20 12:48:53,119 - INFO - Beginning optimization with guess, [5.54139022e-02 1.22900083e-01 5.54223665e-06].
2021-10-20 12:48:54,864 - INFO - Finished optimization with guess, [5.54139022e-02 1.22900083e-01 5.54223665e-06].
2021-10-20 12:48:54,865 - INFO - Best fit parameters: [5.54139022e-02 1.22917648e-01 5.54149498e-06].
2021-10-20 12:48:55,083 - INFO - Maximum log composite likelihood: -140.34078779.
2021-10-20 12:48:55,084 - INFO - Optimal value of theta: 7220.06649982.
2021-10-20 12:48:55,084 - INFO - Beginning optimization with guess, [1.77717380e-01 8.44694038e-02 6.18227800e-06].
2021-10-20 12:48:56,828 - INFO - Finished optimization with guess, [1.77717380e-01 8.44694038e-02 6.18227800e-06].
2021-10-20 12:48:56,829 - INFO - Best fit parameters: [1.77717378e-01 8.45019383e-02 6.17999782e-06].
2021-10-20 12:48:57,048 - INFO - Maximum log composite likelihood: -140.340904649.
2021-10-20 12:48:57,049 - INFO - Optimal value of theta: 7220.06835134.
2021-10-20 12:48:57,050 - INFO - Beginning optimization with guess, [5.35974520e-02 6.75721689e-02 1.15283678e-05].
2021-10-20 12:49:03,155 - INFO - Finished optimization with guess, [5.35974520e-02 6.75721689e-02 1.15283678e-05].
2021-10-20 12:49:03,156 - INFO - Best fit parameters: [5.35988402e-02 1.72778667e-01 4.84451101e-06].
2021-10-20 12:49:03,374 - INFO - Maximum log composite likelihood: -140.340745387.
2021-10-20 12:49:03,375 - INFO - Optimal value of theta: 7220.0658253.
2021-10-20 12:49:03,375 - INFO - Beginning optimization with guess, [5.85780940e-02 1.97925438e-01 9.59995998e-06].
2021-10-20 12:49:05,122 - INFO - Finished optimization with guess, [5.85780940e-02 1.97925438e-01 9.59995998e-06].
2021-10-20 12:49:05,122 - INFO - Best fit parameters: [5.85780940e-02 1.97956861e-01 9.59860052e-06].
2021-10-20 12:49:05,340 - INFO - Maximum log composite likelihood: -140.340791665.
2021-10-20 12:49:05,342 - INFO - Optimal value of theta: 7220.0665611.
2021-10-20 12:49:05,342 - INFO - Beginning optimization with guess, [6.89003431e-02 1.00505274e-01 1.89841695e-05].
2021-10-20 12:49:11,449 - INFO - Finished optimization with guess, [6.89003431e-02 1.00505274e-01 1.89841695e-05].
2021-10-20 12:49:11,449 - INFO - Best fit parameters: [6.89003431e-02 2.59478870e-01 8.22689049e-06].
2021-10-20 12:49:11,668 - INFO - Maximum log composite likelihood: -140.340748914.
2021-10-20 12:49:11,669 - INFO - Optimal value of theta: 7220.06588139.
2021-10-20 12:49:11,669 - INFO - Beginning optimization with guess, [9.04806442e-02 1.31662141e-01 7.58319642e-06].
2021-10-20 12:49:13,414 - INFO - Finished optimization with guess, [9.04806442e-02 1.31662141e-01 7.58319642e-06].
2021-10-20 12:49:13,415 - INFO - Best fit parameters: [9.04806442e-02 1.31692726e-01 7.58155579e-06].
2021-10-20 12:49:13,633 - INFO - Maximum log composite likelihood: -140.340828863.
2021-10-20 12:49:13,634 - INFO - Optimal value of theta: 7220.06715145.
2021-10-20 12:49:13,634 - INFO - Beginning optimization with guess, [6.78606525e-02 8.74540319e-02 7.10979489e-06].
2021-10-20 12:49:19,742 - INFO - Finished optimization with guess, [6.78606525e-02 8.74540319e-02 7.10979489e-06].
2021-10-20 12:49:19,743 - INFO - Best fit parameters: [6.78606525e-02 2.26012679e-01 3.05512396e-06].
2021-10-20 12:49:19,961 - INFO - Maximum log composite likelihood: -140.340726366.
2021-10-20 12:49:19,963 - INFO - Optimal value of theta: 7220.0655219.
2021-10-20 12:49:19,963 - INFO - Beginning optimization with guess, [7.32256285e-02 8.01093596e-02 5.62248412e-06].
2021-10-20 12:49:21,708 - INFO - Finished optimization with guess, [7.32256285e-02 8.01093596e-02 5.62248412e-06].
2021-10-20 12:49:21,708 - INFO - Best fit parameters: [7.32256285e-02 8.01377904e-02 5.62056850e-06].
2021-10-20 12:49:21,926 - INFO - Maximum log composite likelihood: -140.340890681.
2021-10-20 12:49:21,928 - INFO - Optimal value of theta: 7220.06813055.
2021-10-20 12:49:21,928 - INFO - Beginning optimization with guess, [1.57134820e-01 1.12210983e-01 5.01232996e-06].
2021-10-20 12:49:23,673 - INFO - Finished optimization with guess, [1.57134820e-01 1.12210983e-01 5.01232996e-06].
2021-10-20 12:49:23,674 - INFO - Best fit parameters: [1.57134820e-01 1.12226807e-01 5.01166377e-06].
2021-10-20 12:49:23,892 - INFO - Maximum log composite likelihood: -140.340787329.
2021-10-20 12:49:23,893 - INFO - Optimal value of theta: 7220.06649254.
2021-10-20 12:49:23,893 - INFO - Beginning optimization with guess, [5.79199988e-02 5.11566174e-02 1.25061109e-05].
2021-10-20 12:49:29,998 - INFO - Finished optimization with guess, [5.79199988e-02 5.11566174e-02 1.25061109e-05].
2021-10-20 12:49:29,999 - INFO - Best fit parameters: [5.79199988e-02 1.30188281e-01 5.18099663e-06].
2021-10-20 12:49:30,217 - INFO - Maximum log composite likelihood: -140.340772611.
2021-10-20 12:49:30,218 - INFO - Optimal value of theta: 7220.0662586.
2021-10-20 12:49:30,219 - INFO - Beginning optimization with guess, [8.70493494e-02 1.17781258e-01 1.44770868e-05].
2021-10-20 12:49:36,325 - INFO - Finished optimization with guess, [8.70493494e-02 1.17781258e-01 1.44770868e-05].
2021-10-20 12:49:36,326 - INFO - Best fit parameters: [8.70437355e-02 3.06619683e-01 6.39734887e-06].
2021-10-20 12:49:36,544 - INFO - Maximum log composite likelihood: -140.340732361.
2021-10-20 12:49:36,545 - INFO - Optimal value of theta: 7220.06561758.
2021-10-20 12:49:36,546 - INFO - Beginning optimization with guess, [1.55062861e-01 9.26186029e-02 8.38616008e-06].
2021-10-20 12:49:42,659 - INFO - Finished optimization with guess, [1.55062861e-01 9.26186029e-02 8.38616008e-06].
2021-10-20 12:49:42,660 - INFO - Best fit parameters: [1.55062861e-01 2.38538348e-01 3.60176486e-06].
2021-10-20 12:49:42,878 - INFO - Maximum log composite likelihood: -140.340727568.
2021-10-20 12:49:42,880 - INFO - Optimal value of theta: 7220.06554108.
2021-10-20 12:49:42,880 - INFO - Beginning optimization with guess, [1.06658331e-01 8.72854216e-02 5.80650336e-06].
2021-10-20 12:49:44,626 - INFO - Finished optimization with guess, [1.06658331e-01 8.72854216e-02 5.80650336e-06].
2021-10-20 12:49:44,626 - INFO - Best fit parameters: [1.06658331e-01 8.73131373e-02 5.80474056e-06].
2021-10-20 12:49:44,844 - INFO - Maximum log composite likelihood: -140.340872244.
2021-10-20 12:49:44,845 - INFO - Optimal value of theta: 7220.06783882.
2021-10-20 12:49:44,846 - INFO - Beginning optimization with guess, [1.85177602e-01 1.01875361e-01 5.59800593e-06].
2021-10-20 12:49:46,591 - INFO - Finished optimization with guess, [1.85177602e-01 1.01875361e-01 5.59800593e-06].
2021-10-20 12:49:46,592 - INFO - Best fit parameters: [1.85177602e-01 1.01897241e-01 5.59686590e-06].
2021-10-20 12:49:46,810 - INFO - Maximum log composite likelihood: -140.34082254.
2021-10-20 12:49:46,811 - INFO - Optimal value of theta: 7220.0670514.
2021-10-20 12:49:46,811 - INFO - Beginning optimization with guess, [1.15913438e-01 1.29053943e-01 1.63982054e-05].
2021-10-20 12:49:52,920 - INFO - Finished optimization with guess, [1.15913438e-01 1.29053943e-01 1.63982054e-05].
2021-10-20 12:49:52,920 - INFO - Best fit parameters: [1.15916281e-01 3.36358997e-01 7.31355706e-06].
2021-10-20 12:49:53,139 - INFO - Maximum log composite likelihood: -140.340732808.
2021-10-20 12:49:53,140 - INFO - Optimal value of theta: 7220.06562469.
2021-10-20 12:49:53,140 - INFO - Beginning optimization with guess, [9.47113057e-02 7.44887537e-02 8.21911050e-06].
2021-10-20 12:49:59,246 - INFO - Finished optimization with guess, [9.47113057e-02 7.44887537e-02 8.21911050e-06].
2021-10-20 12:49:59,247 - INFO - Best fit parameters: [9.47119852e-02 1.91770331e-01 3.49115511e-06].
2021-10-20 12:49:59,465 - INFO - Maximum log composite likelihood: -140.340731086.
2021-10-20 12:49:59,466 - INFO - Optimal value of theta: 7220.06559726.
2021-10-20 12:49:59,466 - INFO - Beginning optimization with guess, [7.83401388e-02 1.05011522e-01 1.23498219e-05].
2021-10-20 12:50:05,571 - INFO - Finished optimization with guess, [7.83401388e-02 1.05011522e-01 1.23498219e-05].
2021-10-20 12:50:05,572 - INFO - Best fit parameters: [7.84826240e-02 2.72447253e-01 5.38943182e-06].
2021-10-20 12:50:05,790 - INFO - Maximum log composite likelihood: -140.340731719.
2021-10-20 12:50:05,791 - INFO - Optimal value of theta: 7220.06560734.
2021-10-20 12:50:05,795 - INFO - Beginning demographic inference for three-epoch demographic model.
2021-10-20 12:50:05,799 - INFO - Beginning optimization with guess, [1.40766640e-01 1.06666470e-01 5.05675062e-06 1.87166592e-05].
2021-10-20 12:50:12,409 - INFO - Finished optimization with guess, [1.40766640e-01 1.06666470e-01 5.05675062e-06 1.87166592e-05].
2021-10-20 12:50:12,410 - INFO - Best fit parameters: [1.96335938e-01 2.39010477e-01 3.78504941e-06 9.00644397e-06].
2021-10-20 12:50:12,630 - INFO - Maximum log composite likelihood: -140.340794524.
2021-10-20 12:50:12,631 - INFO - Optimal value of theta: 7220.06660769.
2021-10-20 12:50:12,632 - INFO - Beginning optimization with guess, [1.59957961e-01 1.49362366e-01 9.98257996e-06 9.66543488e-06].
2021-10-20 12:50:19,236 - INFO - Finished optimization with guess, [1.59957961e-01 1.49362366e-01 9.98257996e-06 9.66543488e-06].
2021-10-20 12:50:19,237 - INFO - Best fit parameters: [3.59427617e-01 3.24320415e-01 5.38536079e-06 5.10140177e-06].
2021-10-20 12:50:19,457 - INFO - Maximum log composite likelihood: -140.340738336.
2021-10-20 12:50:19,458 - INFO - Optimal value of theta: 7220.06571303.
2021-10-20 12:50:19,459 - INFO - Beginning optimization with guess, [1.17013340e-01 1.07734446e-01 9.89609537e-06 1.24994276e-05].
2021-10-20 12:50:26,061 - INFO - Finished optimization with guess, [1.17013340e-01 1.07734446e-01 9.89609537e-06 1.24994276e-05].
2021-10-20 12:50:26,062 - INFO - Best fit parameters: [2.47867301e-01 2.32470700e-01 5.19004633e-06 6.18686997e-06].
2021-10-20 12:50:26,282 - INFO - Maximum log composite likelihood: -140.340769405.
2021-10-20 12:50:26,284 - INFO - Optimal value of theta: 7220.06620822.
2021-10-20 12:50:26,284 - INFO - Beginning optimization with guess, [8.90006844e-02 1.49423004e-01 9.20214177e-06 8.31653676e-06].
2021-10-20 12:50:32,887 - INFO - Finished optimization with guess, [8.90006844e-02 1.49423004e-01 9.20214177e-06 8.31653676e-06].
2021-10-20 12:50:32,888 - INFO - Best fit parameters: [2.01308298e-01 2.82273935e-01 4.49997126e-06 4.63483685e-06].
2021-10-20 12:50:33,108 - INFO - Maximum log composite likelihood: -140.340754182.
2021-10-20 12:50:33,109 - INFO - Optimal value of theta: 7220.06596574.
2021-10-20 12:50:33,110 - INFO - Beginning optimization with guess, [1.90856734e-01 1.35144737e-01 1.25214201e-05 5.63560876e-06].
2021-10-20 12:50:39,719 - INFO - Finished optimization with guess, [1.90856734e-01 1.35144737e-01 1.25214201e-05 5.63560876e-06].
2021-10-20 12:50:39,720 - INFO - Best fit parameters: [4.59277163e-01 2.67387251e-01 7.03870258e-06 3.04442285e-06].
2021-10-20 12:50:39,940 - INFO - Maximum log composite likelihood: -140.340732894.
2021-10-20 12:50:39,942 - INFO - Optimal value of theta: 7220.06562616.
2021-10-20 12:50:39,942 - INFO - Beginning optimization with guess, [1.17595603e-01 1.85914467e-01 1.62747955e-05 1.18291935e-05].
2021-10-20 12:50:46,547 - INFO - Finished optimization with guess, [1.17595603e-01 1.85914467e-01 1.62747955e-05 1.18291935e-05].
2021-10-20 12:50:46,549 - INFO - Best fit parameters: [2.70872189e-01 3.31359586e-01 8.10869396e-06 6.99897487e-06].
2021-10-20 12:50:46,769 - INFO - Maximum log composite likelihood: -140.340773916.
2021-10-20 12:50:46,770 - INFO - Optimal value of theta: 7220.06627988.
2021-10-20 12:50:46,770 - INFO - Beginning optimization with guess, [1.84413312e-01 1.69032931e-01 1.59993117e-05 1.78624353e-05].
2021-10-20 12:50:53,372 - INFO - Finished optimization with guess, [1.84413312e-01 1.69032931e-01 1.59993117e-05 1.78624353e-05].
2021-10-20 12:50:53,373 - INFO - Best fit parameters: [4.08973914e-01 3.62424884e-01 8.78232696e-06 9.24950322e-06].
2021-10-20 12:50:53,593 - INFO - Maximum log composite likelihood: -140.34075891.
2021-10-20 12:50:53,594 - INFO - Optimal value of theta: 7220.06604087.
2021-10-20 12:50:53,595 - INFO - Beginning optimization with guess, [9.29002264e-02 1.42107061e-01 5.55838802e-06 1.12615087e-05].
2021-10-20 12:51:00,197 - INFO - Finished optimization with guess, [9.29002264e-02 1.42107061e-01 5.55838802e-06 1.12615087e-05].
2021-10-20 12:51:00,197 - INFO - Best fit parameters: [1.99059230e-01 3.10445557e-01 2.87647863e-06 5.73616266e-06].
2021-10-20 12:51:00,417 - INFO - Maximum log composite likelihood: -140.340744112.
2021-10-20 12:51:00,419 - INFO - Optimal value of theta: 7220.0658052.
2021-10-20 12:51:00,419 - INFO - Beginning optimization with guess, [7.26403167e-02 6.80064428e-02 8.71704797e-06 1.79058253e-05].
2021-10-20 12:51:07,021 - INFO - Finished optimization with guess, [7.26403167e-02 6.80064428e-02 8.71704797e-06 1.79058253e-05].
2021-10-20 12:51:07,021 - INFO - Best fit parameters: [1.33340400e-01 1.50439246e-01 4.96257153e-06 8.43787936e-06].
2021-10-20 12:51:07,241 - INFO - Maximum log composite likelihood: -140.340933992.
2021-10-20 12:51:07,242 - INFO - Optimal value of theta: 7220.06882069.
2021-10-20 12:51:07,243 - INFO - Beginning optimization with guess, [6.88697644e-02 5.73678559e-02 8.37429965e-06 1.50638428e-05].
2021-10-20 12:51:13,841 - INFO - Finished optimization with guess, [6.88697644e-02 5.73678559e-02 8.37429965e-06 1.50638428e-05].
2021-10-20 12:51:13,842 - INFO - Best fit parameters: [1.26855598e-01 1.26651522e-01 4.74064769e-06 7.06219727e-06].
2021-10-20 12:51:14,063 - INFO - Maximum log composite likelihood: -140.340936692.
2021-10-20 12:51:14,064 - INFO - Optimal value of theta: 7220.06886369.
2021-10-20 12:51:14,064 - INFO - Beginning optimization with guess, [1.90867756e-01 1.02114816e-01 5.75236324e-06 7.50584631e-06].
2021-10-20 12:51:20,668 - INFO - Finished optimization with guess, [1.90867756e-01 1.02114816e-01 5.75236324e-06 7.50584631e-06].
2021-10-20 12:51:20,669 - INFO - Best fit parameters: [3.40841463e-01 2.24414246e-01 3.55674821e-06 3.58535701e-06].
2021-10-20 12:51:20,888 - INFO - Maximum log composite likelihood: -140.340735255.
2021-10-20 12:51:20,890 - INFO - Optimal value of theta: 7220.06566387.
2021-10-20 12:51:20,890 - INFO - Beginning optimization with guess, [9.45035592e-02 7.99693758e-02 1.87055876e-05 6.60105848e-06].
2021-10-20 12:51:27,492 - INFO - Finished optimization with guess, [9.45035592e-02 7.99693758e-02 1.87055876e-05 6.60105848e-06].
2021-10-20 12:51:27,493 - INFO - Best fit parameters: [2.15588377e-01 1.38715401e-01 9.10128799e-06 3.87329646e-06].
2021-10-20 12:51:27,713 - INFO - Maximum log composite likelihood: -140.340833151.
2021-10-20 12:51:27,714 - INFO - Optimal value of theta: 7220.06722171.
2021-10-20 12:51:27,714 - INFO - Beginning optimization with guess, [1.87637178e-01 5.90508223e-02 1.35468377e-05 9.89243322e-06].
2021-10-20 12:51:34,318 - INFO - Finished optimization with guess, [1.87637178e-01 5.90508223e-02 1.35468377e-05 9.89243322e-06].
2021-10-20 12:51:34,320 - INFO - Best fit parameters: [3.40410270e-01 1.29923377e-01 8.38207830e-06 4.66155045e-06].
2021-10-20 12:51:34,539 - INFO - Maximum log composite likelihood: -140.340799745.
2021-10-20 12:51:34,540 - INFO - Optimal value of theta: 7220.06669088.
2021-10-20 12:51:34,541 - INFO - Beginning optimization with guess, [7.03489278e-02 1.30721793e-01 1.89665006e-05 1.14281471e-05].
2021-10-20 12:51:41,144 - INFO - Finished optimization with guess, [7.03489278e-02 1.30721793e-01 1.89665006e-05 1.14281471e-05].
2021-10-20 12:51:41,155 - INFO - Best fit parameters: [1.59828329e-01 2.06918388e-01 8.98299136e-06 7.37896454e-06].
2021-10-20 12:51:41,379 - INFO - Maximum log composite likelihood: -140.340921413.
2021-10-20 12:51:41,381 - INFO - Optimal value of theta: 7220.06862096.
2021-10-20 12:51:41,381 - INFO - Beginning optimization with guess, [1.03348306e-01 8.03627779e-02 1.30266621e-05 1.24249101e-05].
2021-10-20 12:51:47,981 - INFO - Finished optimization with guess, [1.03348306e-01 8.03627779e-02 1.30266621e-05 1.24249101e-05].
2021-10-20 12:51:47,981 - INFO - Best fit parameters: [2.21285177e-01 1.71634937e-01 6.70362524e-06 6.08522109e-06].
2021-10-20 12:51:48,201 - INFO - Maximum log composite likelihood: -140.340818086.
2021-10-20 12:51:48,203 - INFO - Optimal value of theta: 7220.06698256.
2021-10-20 12:51:48,203 - INFO - Beginning optimization with guess, [6.91927204e-02 5.30476897e-02 1.87593115e-05 8.35620632e-06].
2021-10-20 12:51:54,806 - INFO - Finished optimization with guess, [6.91927204e-02 5.30476897e-02 1.87593115e-05 8.35620632e-06].
2021-10-20 12:51:54,807 - INFO - Best fit parameters: [1.54195255e-01 1.02660161e-01 9.07329109e-06 4.38791037e-06].
2021-10-20 12:51:55,027 - INFO - Maximum log composite likelihood: -140.340972019.
2021-10-20 12:51:55,029 - INFO - Optimal value of theta: 7220.06942281.
2021-10-20 12:51:55,029 - INFO - Beginning optimization with guess, [1.22538113e-01 1.77212564e-01 5.37615848e-06 1.65168067e-05].
2021-10-20 12:52:01,626 - INFO - Finished optimization with guess, [1.22538113e-01 1.77212564e-01 5.37615848e-06 1.65168067e-05].
2021-10-20 12:52:01,627 - INFO - Best fit parameters: [2.31888294e-01 3.98505519e-01 3.07104614e-06 8.38532749e-06].
2021-10-20 12:52:01,847 - INFO - Maximum log composite likelihood: -140.340744066.
2021-10-20 12:52:01,848 - INFO - Optimal value of theta: 7220.06580439.
2021-10-20 12:52:01,849 - INFO - Beginning optimization with guess, [1.69711534e-01 1.08764567e-01 6.51227815e-06 1.58829183e-05].
2021-10-20 12:52:08,452 - INFO - Finished optimization with guess, [1.69711534e-01 1.08764567e-01 6.51227815e-06 1.58829183e-05].
2021-10-20 12:52:08,453 - INFO - Best fit parameters: [2.57707300e-01 2.43987356e-01 4.58404124e-06 7.63701143e-06].
2021-10-20 12:52:08,673 - INFO - Maximum log composite likelihood: -140.340773017.
2021-10-20 12:52:08,675 - INFO - Optimal value of theta: 7220.06626559.
2021-10-20 12:52:08,675 - INFO - Beginning optimization with guess, [1.97871192e-01 7.09213556e-02 5.28050634e-06 1.23400572e-05].
2021-10-20 12:52:15,278 - INFO - Finished optimization with guess, [1.97871192e-01 7.09213556e-02 5.28050634e-06 1.23400572e-05].
2021-10-20 12:52:15,279 - INFO - Best fit parameters: [2.52589666e-01 1.56528284e-01 4.32466533e-06 5.86998386e-06].
2021-10-20 12:52:15,499 - INFO - Maximum log composite likelihood: -140.3407916.
2021-10-20 12:52:15,500 - INFO - Optimal value of theta: 7220.06656125.
2021-10-20 12:52:15,501 - INFO - Beginning optimization with guess, [1.62277197e-01 1.01091027e-01 5.40024191e-06 1.65589680e-05].
2021-10-20 12:52:22,148 - INFO - Finished optimization with guess, [1.62277197e-01 1.01091027e-01 5.40024191e-06 1.65589680e-05].
2021-10-20 12:52:22,150 - INFO - Best fit parameters: [2.25597965e-01 2.26016392e-01 4.08063040e-06 7.95274916e-06].
2021-10-20 12:52:22,370 - INFO - Maximum log composite likelihood: -140.340784837.
2021-10-20 12:52:22,371 - INFO - Optimal value of theta: 7220.06645366.
2021-10-20 12:52:22,371 - INFO - Beginning optimization with guess, [1.78619082e-01 1.35864920e-01 5.33357329e-06 9.86853539e-06].
2021-10-20 12:52:28,970 - INFO - Finished optimization with guess, [1.78619082e-01 1.35864920e-01 5.33357329e-06 9.86853539e-06].
2021-10-20 12:52:28,971 - INFO - Best fit parameters: [3.18812766e-01 3.00174390e-01 3.29625955e-06 4.80118643e-06].
2021-10-20 12:52:29,192 - INFO - Maximum log composite likelihood: -140.340734692.
2021-10-20 12:52:29,193 - INFO - Optimal value of theta: 7220.06565488.
2021-10-20 12:52:29,193 - INFO - Beginning optimization with guess, [1.14402538e-01 1.66658862e-01 8.28657351e-06 1.27707553e-05].
2021-10-20 12:52:35,786 - INFO - Finished optimization with guess, [1.14402538e-01 1.66658862e-01 8.28657351e-06 1.27707553e-05].
2021-10-20 12:52:35,788 - INFO - Best fit parameters: [2.50605955e-01 3.54825711e-01 4.25032315e-06 6.54506697e-06].
2021-10-20 12:52:36,007 - INFO - Maximum log composite likelihood: -140.340746098.
2021-10-20 12:52:36,008 - INFO - Optimal value of theta: 7220.06583684.
2021-10-20 12:52:36,009 - INFO - Beginning optimization with guess, [1.77967560e-01 6.52128187e-02 6.91239853e-06 1.27510041e-05].
2021-10-20 12:52:42,608 - INFO - Finished optimization with guess, [1.77967560e-01 6.52128187e-02 6.91239853e-06 1.27510041e-05].
2021-10-20 12:52:42,610 - INFO - Best fit parameters: [2.44331594e-01 1.44637229e-01 5.30444304e-06 6.00580672e-06].
2021-10-20 12:52:42,829 - INFO - Maximum log composite likelihood: -140.34081509.
2021-10-20 12:52:42,831 - INFO - Optimal value of theta: 7220.06693469.
2021-10-20 12:52:42,831 - INFO - Beginning optimization with guess, [5.74407763e-02 5.67832498e-02 1.16531371e-05 9.21657112e-06].
2021-10-20 12:52:49,419 - INFO - Finished optimization with guess, [5.74407763e-02 5.67832498e-02 1.16531371e-05 9.21657112e-06].
2021-10-20 12:52:49,419 - INFO - Best fit parameters: [1.25059202e-01 1.17398594e-01 5.68335836e-06 4.56252375e-06].
2021-10-20 12:52:49,639 - INFO - Maximum log composite likelihood: -140.340896557.
2021-10-20 12:52:49,640 - INFO - Optimal value of theta: 7220.0682283.
2021-10-20 12:52:49,641 - INFO - Beginning optimization with guess, [9.34303438e-02 6.41872036e-02 1.94390354e-05 1.85090098e-05].
2021-10-20 12:52:56,238 - INFO - Finished optimization with guess, [9.34303438e-02 6.41872036e-02 1.94390354e-05 1.85090098e-05].
2021-10-20 12:52:56,239 - INFO - Best fit parameters: [1.95487468e-01 1.38067250e-01 1.00696517e-05 8.92188672e-06].
2021-10-20 12:52:56,459 - INFO - Maximum log composite likelihood: -140.341036535.
2021-10-20 12:52:56,460 - INFO - Optimal value of theta: 7220.07044203.
2021-10-20 12:52:56,467 - INFO - Finished demographic inference.
2021-10-20 12:52:56,467 - INFO - Pipeline executed succesfully.
