2023-02-17 16:17:39,696 - INFO - Beginning execution of fit_one_epoch.py in directory /u/project/ngarud/jonmah/demo_for_ccgb/Scripts

2023-02-17 16:17:39,696 - INFO - Progress is being logged to ../Analysis/Alistipes_onderdonkii_55464_downsampled_12/log.log

2023-02-17 16:17:39,696 - INFO - Parsed the following arguments:
	syn_input_sfs = ../Analysis/Alistipes_onderdonkii_55464_downsampled_12/empirical_sfs.txt
	mask_singletons = False
	mask_doubletons = False
	outprefix = ../Analysis/Alistipes_onderdonkii_55464_downsampled_12/

2023-02-17 16:17:39,704 - INFO - Beginning demographic inference for one-epoch demographic model.
2023-02-17 16:17:39,706 - INFO - Beginning optimization with guess, [0.08168892].
2023-02-17 16:17:39,775 - INFO - Finished optimization with guess, [0.08168892].
2023-02-17 16:17:39,775 - INFO - Best fit parameters: [0.08168892].
2023-02-17 16:17:39,809 - INFO - Maximum log composite likelihood: -314.12664610120737.
2023-02-17 16:17:39,810 - INFO - Optimal value of theta: 6370.858970365096.
2023-02-17 16:17:39,810 - INFO - Beginning optimization with guess, [0.26284363].
2023-02-17 16:17:39,879 - INFO - Finished optimization with guess, [0.26284363].
2023-02-17 16:17:39,879 - INFO - Best fit parameters: [0.26284363].
2023-02-17 16:17:39,913 - INFO - Maximum log composite likelihood: -314.12664610120737.
2023-02-17 16:17:39,913 - INFO - Optimal value of theta: 6370.858970365096.
2023-02-17 16:17:39,914 - INFO - Beginning optimization with guess, [0.24663593].
2023-02-17 16:17:39,983 - INFO - Finished optimization with guess, [0.24663593].
2023-02-17 16:17:39,983 - INFO - Best fit parameters: [0.24663593].
2023-02-17 16:17:40,017 - INFO - Maximum log composite likelihood: -314.12664610120737.
2023-02-17 16:17:40,017 - INFO - Optimal value of theta: 6370.858970365096.
2023-02-17 16:17:40,018 - INFO - Beginning optimization with guess, [0.24921646].
2023-02-17 16:17:40,086 - INFO - Finished optimization with guess, [0.24921646].
2023-02-17 16:17:40,087 - INFO - Best fit parameters: [0.24921646].
2023-02-17 16:17:40,121 - INFO - Maximum log composite likelihood: -314.12664610120737.
2023-02-17 16:17:40,121 - INFO - Optimal value of theta: 6370.858970365096.
2023-02-17 16:17:40,121 - INFO - Beginning optimization with guess, [0.39569844].
2023-02-17 16:17:40,190 - INFO - Finished optimization with guess, [0.39569844].
2023-02-17 16:17:40,190 - INFO - Best fit parameters: [0.39569844].
2023-02-17 16:17:40,224 - INFO - Maximum log composite likelihood: -314.12664610120737.
2023-02-17 16:17:40,225 - INFO - Optimal value of theta: 6370.858970365096.
2023-02-17 16:17:40,225 - INFO - Beginning optimization with guess, [0.31056737].
2023-02-17 16:17:40,296 - INFO - Finished optimization with guess, [0.31056737].
2023-02-17 16:17:40,297 - INFO - Best fit parameters: [0.31056737].
2023-02-17 16:17:40,331 - INFO - Maximum log composite likelihood: -314.12664610120737.
2023-02-17 16:17:40,332 - INFO - Optimal value of theta: 6370.858970365096.
2023-02-17 16:17:40,332 - INFO - Beginning optimization with guess, [1.21803451].
2023-02-17 16:17:40,401 - INFO - Finished optimization with guess, [1.21803451].
2023-02-17 16:17:40,401 - INFO - Best fit parameters: [1.21803451].
2023-02-17 16:17:40,436 - INFO - Maximum log composite likelihood: -314.12664610120737.
2023-02-17 16:17:40,436 - INFO - Optimal value of theta: 6370.858970365096.
2023-02-17 16:17:40,436 - INFO - Beginning optimization with guess, [0.51925348].
2023-02-17 16:17:40,505 - INFO - Finished optimization with guess, [0.51925348].
2023-02-17 16:17:40,505 - INFO - Best fit parameters: [0.51925348].
2023-02-17 16:17:40,540 - INFO - Maximum log composite likelihood: -314.12664610120737.
2023-02-17 16:17:40,540 - INFO - Optimal value of theta: 6370.858970365096.
2023-02-17 16:17:40,540 - INFO - Beginning optimization with guess, [1.10681186].
2023-02-17 16:17:40,609 - INFO - Finished optimization with guess, [1.10681186].
2023-02-17 16:17:40,609 - INFO - Best fit parameters: [1.10681186].
2023-02-17 16:17:40,644 - INFO - Maximum log composite likelihood: -314.12664610120737.
2023-02-17 16:17:40,644 - INFO - Optimal value of theta: 6370.858970365096.
2023-02-17 16:17:40,644 - INFO - Beginning optimization with guess, [1.98892376].
2023-02-17 16:17:40,713 - INFO - Finished optimization with guess, [1.98892376].
2023-02-17 16:17:40,713 - INFO - Best fit parameters: [1.98892376].
2023-02-17 16:17:40,747 - INFO - Maximum log composite likelihood: -314.12664610120737.
2023-02-17 16:17:40,748 - INFO - Optimal value of theta: 6370.858970365096.
2023-02-17 16:17:40,748 - INFO - Beginning optimization with guess, [1.19963614].
2023-02-17 16:17:40,817 - INFO - Finished optimization with guess, [1.19963614].
2023-02-17 16:17:40,817 - INFO - Best fit parameters: [1.19963614].
2023-02-17 16:17:40,851 - INFO - Maximum log composite likelihood: -314.12664610120737.
2023-02-17 16:17:40,852 - INFO - Optimal value of theta: 6370.858970365096.
2023-02-17 16:17:40,852 - INFO - Beginning optimization with guess, [1.43825438].
2023-02-17 16:17:40,921 - INFO - Finished optimization with guess, [1.43825438].
2023-02-17 16:17:40,921 - INFO - Best fit parameters: [1.43825438].
2023-02-17 16:17:40,955 - INFO - Maximum log composite likelihood: -314.12664610120737.
2023-02-17 16:17:40,956 - INFO - Optimal value of theta: 6370.858970365096.
2023-02-17 16:17:40,956 - INFO - Beginning optimization with guess, [1.93949703].
2023-02-17 16:17:41,025 - INFO - Finished optimization with guess, [1.93949703].
2023-02-17 16:17:41,025 - INFO - Best fit parameters: [1.93949703].
2023-02-17 16:17:41,059 - INFO - Maximum log composite likelihood: -314.12664610120737.
2023-02-17 16:17:41,060 - INFO - Optimal value of theta: 6370.858970365096.
2023-02-17 16:17:41,060 - INFO - Beginning optimization with guess, [2.58461321].
2023-02-17 16:17:41,129 - INFO - Finished optimization with guess, [2.58461321].
2023-02-17 16:17:41,129 - INFO - Best fit parameters: [2.58461321].
2023-02-17 16:17:41,164 - INFO - Maximum log composite likelihood: -314.12664610120737.
2023-02-17 16:17:41,164 - INFO - Optimal value of theta: 6370.858970365096.
2023-02-17 16:17:41,164 - INFO - Beginning optimization with guess, [1.24732396].
2023-02-17 16:17:41,233 - INFO - Finished optimization with guess, [1.24732396].
2023-02-17 16:17:41,233 - INFO - Best fit parameters: [1.24732396].
2023-02-17 16:17:41,267 - INFO - Maximum log composite likelihood: -314.12664610120737.
2023-02-17 16:17:41,268 - INFO - Optimal value of theta: 6370.858970365096.
2023-02-17 16:17:41,268 - INFO - Beginning optimization with guess, [2.07983912].
2023-02-17 16:17:41,336 - INFO - Finished optimization with guess, [2.07983912].
2023-02-17 16:17:41,337 - INFO - Best fit parameters: [2.07983912].
2023-02-17 16:17:41,371 - INFO - Maximum log composite likelihood: -314.12664610120737.
2023-02-17 16:17:41,371 - INFO - Optimal value of theta: 6370.858970365096.
2023-02-17 16:17:41,371 - INFO - Beginning optimization with guess, [4.1798151].
2023-02-17 16:17:41,440 - INFO - Finished optimization with guess, [4.1798151].
2023-02-17 16:17:41,440 - INFO - Best fit parameters: [4.1798151].
2023-02-17 16:17:41,474 - INFO - Maximum log composite likelihood: -314.12664610120737.
2023-02-17 16:17:41,475 - INFO - Optimal value of theta: 6370.858970365096.
2023-02-17 16:17:41,475 - INFO - Beginning optimization with guess, [2.39693313].
2023-02-17 16:17:41,544 - INFO - Finished optimization with guess, [2.39693313].
2023-02-17 16:17:41,544 - INFO - Best fit parameters: [2.39693313].
2023-02-17 16:17:41,579 - INFO - Maximum log composite likelihood: -314.12664610120737.
2023-02-17 16:17:41,579 - INFO - Optimal value of theta: 6370.858970365096.
2023-02-17 16:17:41,579 - INFO - Beginning optimization with guess, [3.2861845].
2023-02-17 16:17:41,648 - INFO - Finished optimization with guess, [3.2861845].
2023-02-17 16:17:41,649 - INFO - Best fit parameters: [3.2861845].
2023-02-17 16:17:41,683 - INFO - Maximum log composite likelihood: -314.12664610120737.
2023-02-17 16:17:41,683 - INFO - Optimal value of theta: 6370.858970365096.
2023-02-17 16:17:41,683 - INFO - Beginning optimization with guess, [6.49691679].
2023-02-17 16:17:41,752 - INFO - Finished optimization with guess, [6.49691679].
2023-02-17 16:17:41,752 - INFO - Best fit parameters: [6.49691679].
2023-02-17 16:17:41,786 - INFO - Maximum log composite likelihood: -314.12664610120737.
2023-02-17 16:17:41,787 - INFO - Optimal value of theta: 6370.858970365096.
2023-02-17 16:17:41,787 - INFO - Beginning optimization with guess, [4.48170881].
2023-02-17 16:17:41,856 - INFO - Finished optimization with guess, [4.48170881].
2023-02-17 16:17:41,856 - INFO - Best fit parameters: [4.48170881].
2023-02-17 16:17:41,891 - INFO - Maximum log composite likelihood: -314.12664610120737.
2023-02-17 16:17:41,891 - INFO - Optimal value of theta: 6370.858970365096.
2023-02-17 16:17:41,891 - INFO - Beginning optimization with guess, [3.30871918].
2023-02-17 16:17:41,960 - INFO - Finished optimization with guess, [3.30871918].
2023-02-17 16:17:41,960 - INFO - Best fit parameters: [3.30871918].
2023-02-17 16:17:41,994 - INFO - Maximum log composite likelihood: -314.12664610120737.
2023-02-17 16:17:41,995 - INFO - Optimal value of theta: 6370.858970365096.
2023-02-17 16:17:41,995 - INFO - Beginning optimization with guess, [4.94539155].
2023-02-17 16:17:42,064 - INFO - Finished optimization with guess, [4.94539155].
2023-02-17 16:17:42,064 - INFO - Best fit parameters: [4.94539155].
2023-02-17 16:17:42,099 - INFO - Maximum log composite likelihood: -314.12664610120737.
2023-02-17 16:17:42,099 - INFO - Optimal value of theta: 6370.858970365096.
2023-02-17 16:17:42,099 - INFO - Beginning optimization with guess, [5.99078801].
2023-02-17 16:17:42,168 - INFO - Finished optimization with guess, [5.99078801].
2023-02-17 16:17:42,168 - INFO - Best fit parameters: [5.99078801].
2023-02-17 16:17:42,202 - INFO - Maximum log composite likelihood: -314.12664610120737.
2023-02-17 16:17:42,202 - INFO - Optimal value of theta: 6370.858970365096.
2023-02-17 16:17:42,203 - INFO - Beginning optimization with guess, [10.49707059].
2023-02-17 16:17:42,271 - INFO - Finished optimization with guess, [10.49707059].
2023-02-17 16:17:42,271 - INFO - Best fit parameters: [10.49707059].
2023-02-17 16:17:42,308 - INFO - Maximum log composite likelihood: -314.12664610120737.
2023-02-17 16:17:42,309 - INFO - Optimal value of theta: 6370.858970365096.
2023-02-17 16:17:42,311 - INFO - Finished demographic inference.
2023-02-17 16:17:42,311 - INFO - Pipeline executed succesfully.
