2022-02-10 20:32:55,828 - INFO - Beginning execution of fit_one_epoch.py in directory /u/project/ngarud/jonmah/demo_for_ccgb/Scripts

2022-02-10 20:32:55,829 - INFO - Progress is being logged to ../Analysis/Bacteroides_thetaiotaomicron_56941/log.log

2022-02-10 20:32:55,829 - INFO - Parsed the following arguments:
	mask_doubletons = False
	syn_input_sfs = ../Data/Bacteroides_thetaiotaomicron_56941_syn.sfs
	mask_singletons = True
	outprefix = ../Analysis/Bacteroides_thetaiotaomicron_56941/

2022-02-10 20:32:55,835 - INFO - Beginning demographic inference for exponential growth demographic model.
2022-02-10 20:32:55,837 - INFO - Beginning optimization with guess, [1.07151604e-01 9.55811160e-07].
2022-02-10 20:32:57,891 - INFO - Finished optimization with guess, [1.07151604e-01 9.55811160e-07].
2022-02-10 20:32:57,892 - INFO - Best fit parameters: [1.07129257e-01 9.55999667e-07].
2022-02-10 20:32:58,231 - INFO - Maximum log composite likelihood: -360.547752427.
2022-02-10 20:32:58,232 - INFO - Optimal value of theta: 10999.5212107.
2022-02-10 20:32:58,232 - INFO - Beginning optimization with guess, [2.43378096e-01 1.31762976e-06].
2022-02-10 20:33:00,311 - INFO - Finished optimization with guess, [2.43378096e-01 1.31762976e-06].
2022-02-10 20:33:00,312 - INFO - Best fit parameters: [2.43360835e-01 1.31771049e-06].
2022-02-10 20:33:00,663 - INFO - Maximum log composite likelihood: -360.547820086.
2022-02-10 20:33:00,664 - INFO - Optimal value of theta: 10999.5210578.
2022-02-10 20:33:00,664 - INFO - Beginning optimization with guess, [1.67034679e-01 8.03104152e-07].
2022-02-10 20:33:02,707 - INFO - Finished optimization with guess, [1.67034679e-01 8.03104152e-07].
2022-02-10 20:33:02,708 - INFO - Best fit parameters: [1.67024945e-01 8.03146823e-07].
2022-02-10 20:33:03,052 - INFO - Maximum log composite likelihood: -360.547824136.
2022-02-10 20:33:03,053 - INFO - Optimal value of theta: 10999.5210487.
2022-02-10 20:33:03,053 - INFO - Beginning optimization with guess, [6.09623174e-01 1.77380414e-06].
2022-02-10 20:33:05,103 - INFO - Finished optimization with guess, [6.09623174e-01 1.77380414e-06].
2022-02-10 20:33:05,104 - INFO - Best fit parameters: [6.09613408e-01 1.77382016e-06].
2022-02-10 20:33:05,450 - INFO - Maximum log composite likelihood: -360.547845988.
2022-02-10 20:33:05,451 - INFO - Optimal value of theta: 10999.5209993.
2022-02-10 20:33:05,451 - INFO - Beginning optimization with guess, [6.75692010e-01 1.23160613e-06].
2022-02-10 20:33:06,464 - INFO - Finished optimization with guess, [6.75692010e-01 1.23160613e-06].
2022-02-10 20:33:06,465 - INFO - Best fit parameters: [6.75692010e-01 1.23160613e-06].
2022-02-10 20:33:06,797 - INFO - Maximum log composite likelihood: -360.547849019.
2022-02-10 20:33:06,798 - INFO - Optimal value of theta: 10999.5209925.
2022-02-10 20:33:06,799 - INFO - Beginning optimization with guess, [3.54585415e-01 1.18084119e-06].
2022-02-10 20:33:08,829 - INFO - Finished optimization with guess, [3.54585415e-01 1.18084119e-06].
2022-02-10 20:33:08,830 - INFO - Best fit parameters: [3.54576585e-01 1.18086437e-06].
2022-02-10 20:33:09,171 - INFO - Maximum log composite likelihood: -360.547840737.
2022-02-10 20:33:09,172 - INFO - Optimal value of theta: 10999.5210112.
2022-02-10 20:33:09,173 - INFO - Beginning optimization with guess, [1.26173000e+00 1.08917563e-06].
2022-02-10 20:33:10,220 - INFO - Finished optimization with guess, [1.26173000e+00 1.08917563e-06].
2022-02-10 20:33:10,220 - INFO - Best fit parameters: [1.26173000e+00 1.08917563e-06].
2022-02-10 20:33:10,565 - INFO - Maximum log composite likelihood: -360.547850743.
2022-02-10 20:33:10,566 - INFO - Optimal value of theta: 10999.5209886.
2022-02-10 20:33:10,566 - INFO - Beginning optimization with guess, [1.39991323e+00 9.14695304e-07].
2022-02-10 20:33:11,569 - INFO - Finished optimization with guess, [1.39991323e+00 9.14695304e-07].
2022-02-10 20:33:11,569 - INFO - Best fit parameters: [1.39991323e+00 9.14695304e-07].
2022-02-10 20:33:11,901 - INFO - Maximum log composite likelihood: -360.547850711.
2022-02-10 20:33:11,902 - INFO - Optimal value of theta: 10999.5209886.
2022-02-10 20:33:11,902 - INFO - Beginning optimization with guess, [1.28565211e+00 9.34293740e-07].
2022-02-10 20:33:12,925 - INFO - Finished optimization with guess, [1.28565211e+00 9.34293740e-07].
2022-02-10 20:33:12,925 - INFO - Best fit parameters: [1.28565211e+00 9.34293740e-07].
2022-02-10 20:33:13,267 - INFO - Maximum log composite likelihood: -360.547850684.
2022-02-10 20:33:13,268 - INFO - Optimal value of theta: 10999.5209887.
2022-02-10 20:33:13,268 - INFO - Beginning optimization with guess, [6.96876312e-01 1.08738063e-06].
2022-02-10 20:33:14,298 - INFO - Finished optimization with guess, [6.96876312e-01 1.08738063e-06].
2022-02-10 20:33:14,298 - INFO - Best fit parameters: [6.96876312e-01 1.08738063e-06].
2022-02-10 20:33:14,646 - INFO - Maximum log composite likelihood: -360.547849479.
2022-02-10 20:33:14,647 - INFO - Optimal value of theta: 10999.5209914.
2022-02-10 20:33:14,647 - INFO - Beginning optimization with guess, [9.27391994e-01 5.90437313e-07].
2022-02-10 20:33:15,668 - INFO - Finished optimization with guess, [9.27391994e-01 5.90437313e-07].
2022-02-10 20:33:15,668 - INFO - Best fit parameters: [9.27391994e-01 5.90437313e-07].
2022-02-10 20:33:16,008 - INFO - Maximum log composite likelihood: -360.547850438.
2022-02-10 20:33:16,009 - INFO - Optimal value of theta: 10999.5209893.
2022-02-10 20:33:16,010 - INFO - Beginning optimization with guess, [1.59992315e+00 9.67902381e-07].
2022-02-10 20:33:17,018 - INFO - Finished optimization with guess, [1.59992315e+00 9.67902381e-07].
2022-02-10 20:33:17,018 - INFO - Best fit parameters: [1.59992315e+00 9.67902381e-07].
2022-02-10 20:33:17,360 - INFO - Maximum log composite likelihood: -360.547850778.
2022-02-10 20:33:17,361 - INFO - Optimal value of theta: 10999.5209885.
2022-02-10 20:33:17,362 - INFO - Beginning optimization with guess, [1.03864994e+00 8.36846318e-07].
2022-02-10 20:33:18,389 - INFO - Finished optimization with guess, [1.03864994e+00 8.36846318e-07].
2022-02-10 20:33:18,389 - INFO - Best fit parameters: [1.03864994e+00 8.36846318e-07].
2022-02-10 20:33:18,726 - INFO - Maximum log composite likelihood: -360.547850513.
2022-02-10 20:33:18,727 - INFO - Optimal value of theta: 10999.5209891.
2022-02-10 20:33:18,727 - INFO - Beginning optimization with guess, [1.09286544e+00 1.77955897e-06].
2022-02-10 20:33:19,728 - INFO - Finished optimization with guess, [1.09286544e+00 1.77955897e-06].
2022-02-10 20:33:19,728 - INFO - Best fit parameters: [1.09286544e+00 1.77955897e-06].
2022-02-10 20:33:20,063 - INFO - Maximum log composite likelihood: -360.547850812.
2022-02-10 20:33:20,064 - INFO - Optimal value of theta: 10999.5209884.
2022-02-10 20:33:20,064 - INFO - Beginning optimization with guess, [2.84682044e+00 1.13267628e-06].
2022-02-10 20:33:21,072 - INFO - Finished optimization with guess, [2.84682044e+00 1.13267628e-06].
2022-02-10 20:33:21,072 - INFO - Best fit parameters: [2.84682044e+00 1.13267628e-06].
2022-02-10 20:33:21,406 - INFO - Maximum log composite likelihood: -360.547850879.
2022-02-10 20:33:21,407 - INFO - Optimal value of theta: 10999.5209883.
2022-02-10 20:33:21,407 - INFO - Beginning optimization with guess, [2.16625465e+00 6.19261795e-07].
2022-02-10 20:33:22,405 - INFO - Finished optimization with guess, [2.16625465e+00 6.19261795e-07].
2022-02-10 20:33:22,405 - INFO - Best fit parameters: [2.16625465e+00 6.19261795e-07].
2022-02-10 20:33:22,735 - INFO - Maximum log composite likelihood: -360.54785061.
2022-02-10 20:33:22,736 - INFO - Optimal value of theta: 10999.5209889.
2022-02-10 20:33:22,736 - INFO - Beginning optimization with guess, [3.80664170e+00 8.73806684e-07].
2022-02-10 20:33:23,756 - INFO - Finished optimization with guess, [3.80664170e+00 8.73806684e-07].
2022-02-10 20:33:23,756 - INFO - Best fit parameters: [3.80664170e+00 8.73806684e-07].
2022-02-10 20:33:24,096 - INFO - Maximum log composite likelihood: -360.547850682.
2022-02-10 20:33:24,097 - INFO - Optimal value of theta: 10999.5209887.
2022-02-10 20:33:24,097 - INFO - Beginning optimization with guess, [2.60385543e+00 1.28851833e-06].
2022-02-10 20:33:25,117 - INFO - Finished optimization with guess, [2.60385543e+00 1.28851833e-06].
2022-02-10 20:33:25,117 - INFO - Best fit parameters: [2.60385543e+00 1.28851833e-06].
2022-02-10 20:33:25,465 - INFO - Maximum log composite likelihood: -360.547851015.
2022-02-10 20:33:25,466 - INFO - Optimal value of theta: 10999.520988.
2022-02-10 20:33:25,466 - INFO - Beginning optimization with guess, [4.47067591e+00 5.40743711e-07].
2022-02-10 20:33:26,473 - INFO - Finished optimization with guess, [4.47067591e+00 5.40743711e-07].
2022-02-10 20:33:26,473 - INFO - Best fit parameters: [4.47067591e+00 5.40743711e-07].
2022-02-10 20:33:26,808 - INFO - Maximum log composite likelihood: -360.547850549.
2022-02-10 20:33:26,809 - INFO - Optimal value of theta: 10999.520989.
2022-02-10 20:33:26,809 - INFO - Beginning optimization with guess, [3.00823352e+00 1.89215950e-06].
2022-02-10 20:33:27,808 - INFO - Finished optimization with guess, [3.00823352e+00 1.89215950e-06].
2022-02-10 20:33:27,809 - INFO - Best fit parameters: [3.00823352e+00 1.89215950e-06].
2022-02-10 20:33:28,143 - INFO - Maximum log composite likelihood: -360.547851561.
2022-02-10 20:33:28,144 - INFO - Optimal value of theta: 10999.5209867.
2022-02-10 20:33:28,144 - INFO - Beginning optimization with guess, [2.32816985e+00 1.47062905e-06].
2022-02-10 20:33:29,172 - INFO - Finished optimization with guess, [2.32816985e+00 1.47062905e-06].
2022-02-10 20:33:29,173 - INFO - Best fit parameters: [2.32816985e+00 1.47062905e-06].
2022-02-10 20:33:29,516 - INFO - Maximum log composite likelihood: -360.547851201.
2022-02-10 20:33:29,516 - INFO - Optimal value of theta: 10999.5209875.
2022-02-10 20:33:29,517 - INFO - Beginning optimization with guess, [7.92000000e+00 5.96257881e-07].
2022-02-10 20:33:30,529 - INFO - Finished optimization with guess, [7.92000000e+00 5.96257881e-07].
2022-02-10 20:33:30,529 - INFO - Best fit parameters: [7.92000000e+00 5.96257881e-07].
2022-02-10 20:33:30,882 - INFO - Maximum log composite likelihood: -360.547850533.
2022-02-10 20:33:30,883 - INFO - Optimal value of theta: 10999.520989.
2022-02-10 20:33:30,884 - INFO - Beginning optimization with guess, [4.44947107e+00 9.52832957e-07].
2022-02-10 20:33:31,924 - INFO - Finished optimization with guess, [4.44947107e+00 9.52832957e-07].
2022-02-10 20:33:31,924 - INFO - Best fit parameters: [4.44947107e+00 9.52832957e-07].
2022-02-10 20:33:32,257 - INFO - Maximum log composite likelihood: -360.547850697.
2022-02-10 20:33:32,258 - INFO - Optimal value of theta: 10999.5209887.
2022-02-10 20:33:32,258 - INFO - Beginning optimization with guess, [3.53129167e+00 1.04452358e-06].
2022-02-10 20:33:33,251 - INFO - Finished optimization with guess, [3.53129167e+00 1.04452358e-06].
2022-02-10 20:33:33,251 - INFO - Best fit parameters: [3.53129167e+00 1.04452358e-06].
2022-02-10 20:33:33,588 - INFO - Maximum log composite likelihood: -360.547850783.
2022-02-10 20:33:33,590 - INFO - Optimal value of theta: 10999.5209885.
2022-02-10 20:33:33,590 - INFO - Beginning optimization with guess, [4.36651795e+00 1.60460331e-06].
2022-02-10 20:33:34,630 - INFO - Finished optimization with guess, [4.36651795e+00 1.60460331e-06].
2022-02-10 20:33:34,630 - INFO - Best fit parameters: [4.36651795e+00 1.60460331e-06].
2022-02-10 20:33:34,971 - INFO - Maximum log composite likelihood: -360.547851102.
2022-02-10 20:33:34,972 - INFO - Optimal value of theta: 10999.5209878.
2022-02-10 20:33:34,976 - INFO - Beginning demographic inference for two-epoch demographic model.
2022-02-10 20:33:34,979 - INFO - Beginning optimization with guess, [1.00120576e-01 6.04093500e-07].
2022-02-10 20:33:37,034 - INFO - Finished optimization with guess, [1.00120576e-01 6.04093500e-07].
2022-02-10 20:33:37,035 - INFO - Best fit parameters: [1.00111020e-01 6.04148252e-07].
2022-02-10 20:33:37,369 - INFO - Maximum log composite likelihood: -360.547805508.
2022-02-10 20:33:37,370 - INFO - Optimal value of theta: 10999.5210908.
2022-02-10 20:33:37,370 - INFO - Beginning optimization with guess, [2.58142021e-01 1.23583479e-06].
2022-02-10 20:33:39,399 - INFO - Finished optimization with guess, [2.58142021e-01 1.23583479e-06].
2022-02-10 20:33:39,399 - INFO - Best fit parameters: [2.58127855e-01 1.23589275e-06].
2022-02-10 20:33:39,743 - INFO - Maximum log composite likelihood: -360.54782722.
2022-02-10 20:33:39,744 - INFO - Optimal value of theta: 10999.5210417.
2022-02-10 20:33:39,744 - INFO - Beginning optimization with guess, [2.34528063e-01 6.24945514e-07].
2022-02-10 20:33:41,803 - INFO - Finished optimization with guess, [2.34528063e-01 6.24945514e-07].
2022-02-10 20:33:41,804 - INFO - Best fit parameters: [2.34524058e-01 6.24954795e-07].
2022-02-10 20:33:42,141 - INFO - Maximum log composite likelihood: -360.5478431.
2022-02-10 20:33:42,142 - INFO - Optimal value of theta: 10999.5210058.
2022-02-10 20:33:42,142 - INFO - Beginning optimization with guess, [4.91969323e-01 1.17271261e-06].
2022-02-10 20:33:44,152 - INFO - Finished optimization with guess, [4.91969323e-01 1.17271261e-06].
2022-02-10 20:33:44,152 - INFO - Best fit parameters: [4.91963592e-01 1.17272184e-06].
2022-02-10 20:33:44,483 - INFO - Maximum log composite likelihood: -360.547846564.
2022-02-10 20:33:44,484 - INFO - Optimal value of theta: 10999.520998.
2022-02-10 20:33:44,484 - INFO - Beginning optimization with guess, [4.54063096e-01 8.03908547e-07].
2022-02-10 20:33:45,511 - INFO - Finished optimization with guess, [4.54063096e-01 8.03908547e-07].
2022-02-10 20:33:45,512 - INFO - Best fit parameters: [4.54063096e-01 8.03908547e-07].
2022-02-10 20:33:45,863 - INFO - Maximum log composite likelihood: -360.547848161.
2022-02-10 20:33:45,864 - INFO - Optimal value of theta: 10999.5209944.
2022-02-10 20:33:45,864 - INFO - Beginning optimization with guess, [9.62530256e-01 6.37164426e-07].
2022-02-10 20:33:46,909 - INFO - Finished optimization with guess, [9.62530256e-01 6.37164426e-07].
2022-02-10 20:33:46,910 - INFO - Best fit parameters: [9.62530256e-01 6.37164426e-07].
2022-02-10 20:33:47,246 - INFO - Maximum log composite likelihood: -360.547850456.
2022-02-10 20:33:47,247 - INFO - Optimal value of theta: 10999.5209892.
2022-02-10 20:33:47,247 - INFO - Beginning optimization with guess, [6.60308713e-01 1.08618564e-06].
2022-02-10 20:33:48,233 - INFO - Finished optimization with guess, [6.60308713e-01 1.08618564e-06].
2022-02-10 20:33:48,233 - INFO - Best fit parameters: [6.60308713e-01 1.08618564e-06].
2022-02-10 20:33:48,569 - INFO - Maximum log composite likelihood: -360.547849234.
2022-02-10 20:33:48,570 - INFO - Optimal value of theta: 10999.520992.
2022-02-10 20:33:48,571 - INFO - Beginning optimization with guess, [5.60271059e-01 1.97240907e-06].
2022-02-10 20:33:50,637 - INFO - Finished optimization with guess, [5.60271059e-01 1.97240907e-06].
2022-02-10 20:33:50,638 - INFO - Best fit parameters: [5.60257403e-01 1.97243858e-06].
2022-02-10 20:33:50,991 - INFO - Maximum log composite likelihood: -360.547843056.
2022-02-10 20:33:50,992 - INFO - Optimal value of theta: 10999.5210059.
2022-02-10 20:33:50,992 - INFO - Beginning optimization with guess, [1.22356873e+00 9.05715451e-07].
2022-02-10 20:33:52,013 - INFO - Finished optimization with guess, [1.22356873e+00 9.05715451e-07].
2022-02-10 20:33:52,013 - INFO - Best fit parameters: [1.22356873e+00 9.05715451e-07].
2022-02-10 20:33:52,344 - INFO - Maximum log composite likelihood: -360.547850645.
2022-02-10 20:33:52,345 - INFO - Optimal value of theta: 10999.5209888.
2022-02-10 20:33:52,345 - INFO - Beginning optimization with guess, [1.30247583e+00 5.85077417e-07].
2022-02-10 20:33:53,351 - INFO - Finished optimization with guess, [1.30247583e+00 5.85077417e-07].
2022-02-10 20:33:53,352 - INFO - Best fit parameters: [1.30247583e+00 5.85077417e-07].
2022-02-10 20:33:53,694 - INFO - Maximum log composite likelihood: -360.547850562.
2022-02-10 20:33:53,695 - INFO - Optimal value of theta: 10999.520989.
2022-02-10 20:33:53,695 - INFO - Beginning optimization with guess, [2.44205646e+00 8.94683284e-07].
2022-02-10 20:33:54,726 - INFO - Finished optimization with guess, [2.44205646e+00 8.94683284e-07].
2022-02-10 20:33:54,726 - INFO - Best fit parameters: [2.44205646e+00 8.94683284e-07].
2022-02-10 20:33:55,065 - INFO - Maximum log composite likelihood: -360.547850744.
2022-02-10 20:33:55,065 - INFO - Optimal value of theta: 10999.5209886.
2022-02-10 20:33:55,066 - INFO - Beginning optimization with guess, [1.87246219e+00 1.21423611e-06].
2022-02-10 20:33:56,090 - INFO - Finished optimization with guess, [1.87246219e+00 1.21423611e-06].
2022-02-10 20:33:56,090 - INFO - Best fit parameters: [1.87246219e+00 1.21423611e-06].
2022-02-10 20:33:56,439 - INFO - Maximum log composite likelihood: -360.547850978.
2022-02-10 20:33:56,440 - INFO - Optimal value of theta: 10999.520988.
2022-02-10 20:33:56,440 - INFO - Beginning optimization with guess, [2.72100132e+00 1.41086042e-06].
2022-02-10 20:33:57,452 - INFO - Finished optimization with guess, [2.72100132e+00 1.41086042e-06].
2022-02-10 20:33:57,452 - INFO - Best fit parameters: [2.72100132e+00 1.41086042e-06].
2022-02-10 20:33:57,785 - INFO - Maximum log composite likelihood: -360.54785111.
2022-02-10 20:33:57,785 - INFO - Optimal value of theta: 10999.5209877.
2022-02-10 20:33:57,786 - INFO - Beginning optimization with guess, [2.47904196e+00 1.08361417e-06].
2022-02-10 20:33:58,806 - INFO - Finished optimization with guess, [2.47904196e+00 1.08361417e-06].
2022-02-10 20:33:58,806 - INFO - Best fit parameters: [2.47904196e+00 1.08361417e-06].
2022-02-10 20:33:59,140 - INFO - Maximum log composite likelihood: -360.547850865.
2022-02-10 20:33:59,141 - INFO - Optimal value of theta: 10999.5209883.
2022-02-10 20:33:59,141 - INFO - Beginning optimization with guess, [4.42096677e+00 1.04271556e-06].
2022-02-10 20:34:00,143 - INFO - Finished optimization with guess, [4.42096677e+00 1.04271556e-06].
2022-02-10 20:34:00,144 - INFO - Best fit parameters: [4.42096677e+00 1.04271556e-06].
2022-02-10 20:34:00,490 - INFO - Maximum log composite likelihood: -360.547850741.
2022-02-10 20:34:00,491 - INFO - Optimal value of theta: 10999.5209886.
2022-02-10 20:34:00,492 - INFO - Beginning optimization with guess, [2.38864447e+00 7.93472425e-07].
2022-02-10 20:34:01,543 - INFO - Finished optimization with guess, [2.38864447e+00 7.93472425e-07].
2022-02-10 20:34:01,543 - INFO - Best fit parameters: [2.38864447e+00 7.93472425e-07].
2022-02-10 20:34:01,885 - INFO - Maximum log composite likelihood: -360.547850689.
2022-02-10 20:34:01,885 - INFO - Optimal value of theta: 10999.5209887.
2022-02-10 20:34:01,886 - INFO - Beginning optimization with guess, [3.26543428e+00 1.42224417e-06].
2022-02-10 20:34:02,881 - INFO - Finished optimization with guess, [3.26543428e+00 1.42224417e-06].
2022-02-10 20:34:02,882 - INFO - Best fit parameters: [3.26543428e+00 1.42224417e-06].
2022-02-10 20:34:03,214 - INFO - Maximum log composite likelihood: -360.547851067.
2022-02-10 20:34:03,215 - INFO - Optimal value of theta: 10999.5209878.
2022-02-10 20:34:03,215 - INFO - Beginning optimization with guess, [5.56867290e+00 1.82311802e-06].
2022-02-10 20:34:04,247 - INFO - Finished optimization with guess, [5.56867290e+00 1.82311802e-06].
2022-02-10 20:34:04,247 - INFO - Best fit parameters: [5.56867290e+00 1.82311802e-06].
2022-02-10 20:34:04,589 - INFO - Maximum log composite likelihood: -360.547851151.
2022-02-10 20:34:04,590 - INFO - Optimal value of theta: 10999.5209877.
2022-02-10 20:34:04,591 - INFO - Beginning optimization with guess, [6.61341898e+00 6.27748816e-07].
2022-02-10 20:34:05,628 - INFO - Finished optimization with guess, [6.61341898e+00 6.27748816e-07].
2022-02-10 20:34:05,628 - INFO - Best fit parameters: [6.61341898e+00 6.27748816e-07].
2022-02-10 20:34:05,984 - INFO - Maximum log composite likelihood: -360.547850549.
2022-02-10 20:34:05,986 - INFO - Optimal value of theta: 10999.520989.
2022-02-10 20:34:05,986 - INFO - Beginning optimization with guess, [2.53029736e+00 5.52894159e-07].
2022-02-10 20:34:07,070 - INFO - Finished optimization with guess, [2.53029736e+00 5.52894159e-07].
2022-02-10 20:34:07,071 - INFO - Best fit parameters: [2.53029736e+00 5.52894159e-07].
2022-02-10 20:34:07,407 - INFO - Maximum log composite likelihood: -360.547850579.
2022-02-10 20:34:07,408 - INFO - Optimal value of theta: 10999.5209889.
2022-02-10 20:34:07,408 - INFO - Beginning optimization with guess, [6.39476119e+00 1.63517801e-06].
2022-02-10 20:34:08,421 - INFO - Finished optimization with guess, [6.39476119e+00 1.63517801e-06].
2022-02-10 20:34:08,422 - INFO - Best fit parameters: [6.39476119e+00 1.63517801e-06].
2022-02-10 20:34:08,765 - INFO - Maximum log composite likelihood: -360.547850964.
2022-02-10 20:34:08,766 - INFO - Optimal value of theta: 10999.5209881.
2022-02-10 20:34:08,766 - INFO - Beginning optimization with guess, [5.10257339e+00 9.58656717e-07].
2022-02-10 20:34:09,794 - INFO - Finished optimization with guess, [5.10257339e+00 9.58656717e-07].
2022-02-10 20:34:09,795 - INFO - Best fit parameters: [5.10257339e+00 9.58656717e-07].
2022-02-10 20:34:10,132 - INFO - Maximum log composite likelihood: -360.547850678.
2022-02-10 20:34:10,133 - INFO - Optimal value of theta: 10999.5209887.
2022-02-10 20:34:10,134 - INFO - Beginning optimization with guess, [8.08170311e+00 6.53541902e-07].
2022-02-10 20:34:11,165 - INFO - Finished optimization with guess, [8.08170311e+00 6.53541902e-07].
2022-02-10 20:34:11,165 - INFO - Best fit parameters: [8.08170311e+00 6.53541902e-07].
2022-02-10 20:34:11,512 - INFO - Maximum log composite likelihood: -360.547850543.
2022-02-10 20:34:11,513 - INFO - Optimal value of theta: 10999.520989.
2022-02-10 20:34:11,514 - INFO - Beginning optimization with guess, [8.27398618e+00 7.10673961e-07].
2022-02-10 20:34:12,517 - INFO - Finished optimization with guess, [8.27398618e+00 7.10673961e-07].
2022-02-10 20:34:12,518 - INFO - Best fit parameters: [8.27398618e+00 7.10673961e-07].
2022-02-10 20:34:12,851 - INFO - Maximum log composite likelihood: -360.547850553.
2022-02-10 20:34:12,852 - INFO - Optimal value of theta: 10999.520989.
2022-02-10 20:34:12,853 - INFO - Beginning optimization with guess, [1.11936725e+01 9.82190010e-07].
2022-02-10 20:34:13,869 - INFO - Finished optimization with guess, [1.11936725e+01 9.82190010e-07].
2022-02-10 20:34:13,870 - INFO - Best fit parameters: [1.11936725e+01 9.82190010e-07].
2022-02-10 20:34:14,209 - INFO - Maximum log composite likelihood: -360.547850587.
2022-02-10 20:34:14,210 - INFO - Optimal value of theta: 10999.5209889.
2022-02-10 20:34:14,216 - INFO - Beginning demographic inference for bottleneck + growth demographic model.
2022-02-10 20:34:14,220 - INFO - Beginning optimization with guess, [7.16351644e-02 9.07250242e-02 8.11662033e-07].
2022-02-10 20:34:16,985 - INFO - Finished optimization with guess, [7.16351644e-02 9.07250242e-02 8.11662033e-07].
2022-02-10 20:34:16,985 - INFO - Best fit parameters: [7.16351627e-02 9.07058262e-02 8.11826008e-07].
2022-02-10 20:34:17,317 - INFO - Maximum log composite likelihood: -360.547750031.
2022-02-10 20:34:17,317 - INFO - Optimal value of theta: 10999.5212161.
2022-02-10 20:34:17,318 - INFO - Beginning optimization with guess, [1.45493869e-01 2.81971934e-01 6.72350299e-07].
2022-02-10 20:34:19,985 - INFO - Finished optimization with guess, [1.45493869e-01 2.81971934e-01 6.72350299e-07].
2022-02-10 20:34:19,987 - INFO - Best fit parameters: [1.45493869e-01 2.81968188e-01 6.72357784e-07].
2022-02-10 20:34:20,324 - INFO - Maximum log composite likelihood: -360.547844942.
2022-02-10 20:34:20,325 - INFO - Optimal value of theta: 10999.5210017.
2022-02-10 20:34:20,325 - INFO - Beginning optimization with guess, [4.48213301e-01 4.39636767e-01 1.58356596e-06].
2022-02-10 20:34:23,013 - INFO - Finished optimization with guess, [4.48213301e-01 4.39636767e-01 1.58356596e-06].
2022-02-10 20:34:23,013 - INFO - Best fit parameters: [4.48213301e-01 4.39624601e-01 1.58359755e-06].
2022-02-10 20:34:23,355 - INFO - Maximum log composite likelihood: -360.547840574.
2022-02-10 20:34:23,356 - INFO - Optimal value of theta: 10999.5210115.
2022-02-10 20:34:23,357 - INFO - Beginning optimization with guess, [3.82726334e-01 2.49996434e-01 5.92922131e-07].
2022-02-10 20:34:26,104 - INFO - Finished optimization with guess, [3.82726334e-01 2.49996434e-01 5.92922131e-07].
2022-02-10 20:34:26,104 - INFO - Best fit parameters: [3.82726334e-01 2.49993089e-01 5.92928952e-07].
2022-02-10 20:34:26,437 - INFO - Maximum log composite likelihood: -360.547844757.
2022-02-10 20:34:26,438 - INFO - Optimal value of theta: 10999.5210021.
2022-02-10 20:34:26,438 - INFO - Beginning optimization with guess, [5.20360704e-01 5.43988085e-01 5.47071321e-07].
2022-02-10 20:34:27,779 - INFO - Finished optimization with guess, [5.20360704e-01 5.43988085e-01 5.47071321e-07].
2022-02-10 20:34:27,779 - INFO - Best fit parameters: [5.20360704e-01 5.43988085e-01 5.47071321e-07].
2022-02-10 20:34:28,120 - INFO - Maximum log composite likelihood: -360.547849853.
2022-02-10 20:34:28,121 - INFO - Optimal value of theta: 10999.5209906.
2022-02-10 20:34:28,121 - INFO - Beginning optimization with guess, [5.64465861e-01 3.17568710e-01 1.71746787e-06].
2022-02-10 20:34:30,870 - INFO - Finished optimization with guess, [5.64465861e-01 3.17568710e-01 1.71746787e-06].
2022-02-10 20:34:30,871 - INFO - Best fit parameters: [5.64465861e-01 3.17547205e-01 1.71756259e-06].
2022-02-10 20:34:31,208 - INFO - Maximum log composite likelihood: -360.547823125.
2022-02-10 20:34:31,209 - INFO - Optimal value of theta: 10999.521051.
2022-02-10 20:34:31,209 - INFO - Beginning optimization with guess, [3.79224945e-01 3.77512459e-01 5.20612573e-07].
2022-02-10 20:34:32,551 - INFO - Finished optimization with guess, [3.79224945e-01 3.77512459e-01 5.20612573e-07].
2022-02-10 20:34:32,551 - INFO - Best fit parameters: [3.79224945e-01 3.77512459e-01 5.20612573e-07].
2022-02-10 20:34:32,891 - INFO - Maximum log composite likelihood: -360.547848875.
2022-02-10 20:34:32,892 - INFO - Optimal value of theta: 10999.5209928.
2022-02-10 20:34:32,892 - INFO - Beginning optimization with guess, [9.78576600e-01 1.50568496e+00 5.34472080e-07].
2022-02-10 20:34:34,262 - INFO - Finished optimization with guess, [9.78576600e-01 1.50568496e+00 5.34472080e-07].
2022-02-10 20:34:34,262 - INFO - Best fit parameters: [9.78576600e-01 1.50568496e+00 5.34472080e-07].
2022-02-10 20:34:34,608 - INFO - Maximum log composite likelihood: -360.547850566.
2022-02-10 20:34:34,610 - INFO - Optimal value of theta: 10999.520989.
2022-02-10 20:34:34,611 - INFO - Beginning optimization with guess, [1.57611057e+00 5.52629784e-01 5.68310088e-07].
2022-02-10 20:34:35,988 - INFO - Finished optimization with guess, [1.57611057e+00 5.52629784e-01 5.68310088e-07].
2022-02-10 20:34:35,988 - INFO - Best fit parameters: [1.57611057e+00 5.52629784e-01 5.68310088e-07].
2022-02-10 20:34:36,327 - INFO - Maximum log composite likelihood: -360.547849837.
2022-02-10 20:34:36,328 - INFO - Optimal value of theta: 10999.5209906.
2022-02-10 20:34:36,328 - INFO - Beginning optimization with guess, [1.33990530e+00 1.47429176e+00 6.10763817e-07].
2022-02-10 20:34:37,681 - INFO - Finished optimization with guess, [1.33990530e+00 1.47429176e+00 6.10763817e-07].
2022-02-10 20:34:37,681 - INFO - Best fit parameters: [1.33990530e+00 1.47429176e+00 6.10763817e-07].
2022-02-10 20:34:38,023 - INFO - Maximum log composite likelihood: -360.54785059.
2022-02-10 20:34:38,024 - INFO - Optimal value of theta: 10999.5209889.
2022-02-10 20:34:38,024 - INFO - Beginning optimization with guess, [1.04670197e+00 2.31659862e+00 1.04647119e-06].
2022-02-10 20:34:39,397 - INFO - Finished optimization with guess, [1.04670197e+00 2.31659862e+00 1.04647119e-06].
2022-02-10 20:34:39,397 - INFO - Best fit parameters: [1.04670197e+00 2.31659862e+00 1.04647119e-06].
2022-02-10 20:34:39,738 - INFO - Maximum log composite likelihood: -360.547850846.
2022-02-10 20:34:39,739 - INFO - Optimal value of theta: 10999.5209883.
2022-02-10 20:34:39,739 - INFO - Beginning optimization with guess, [1.11144093e+00 9.87389243e-01 7.59433188e-07].
2022-02-10 20:34:41,116 - INFO - Finished optimization with guess, [1.11144093e+00 9.87389243e-01 7.59433188e-07].
2022-02-10 20:34:41,117 - INFO - Best fit parameters: [1.11144093e+00 9.87389243e-01 7.59433188e-07].
2022-02-10 20:34:41,450 - INFO - Maximum log composite likelihood: -360.547850468.
2022-02-10 20:34:41,451 - INFO - Optimal value of theta: 10999.5209892.
2022-02-10 20:34:41,451 - INFO - Beginning optimization with guess, [2.91238673e+00 1.01555533e+00 1.73963900e-06].
2022-02-10 20:34:42,787 - INFO - Finished optimization with guess, [2.91238673e+00 1.01555533e+00 1.73963900e-06].
2022-02-10 20:34:42,787 - INFO - Best fit parameters: [2.91238673e+00 1.01555533e+00 1.73963900e-06].
2022-02-10 20:34:43,126 - INFO - Maximum log composite likelihood: -360.54785054.
2022-02-10 20:34:43,126 - INFO - Optimal value of theta: 10999.520989.
2022-02-10 20:34:43,127 - INFO - Beginning optimization with guess, [1.80096753e+00 1.58992980e+00 7.49701021e-07].
2022-02-10 20:34:44,503 - INFO - Finished optimization with guess, [1.80096753e+00 1.58992980e+00 7.49701021e-07].
2022-02-10 20:34:44,503 - INFO - Best fit parameters: [1.80096753e+00 1.58992980e+00 7.49701021e-07].
2022-02-10 20:34:44,851 - INFO - Maximum log composite likelihood: -360.547850658.
2022-02-10 20:34:44,852 - INFO - Optimal value of theta: 10999.5209888.
2022-02-10 20:34:44,853 - INFO - Beginning optimization with guess, [3.05901740e+00 1.88357718e+00 7.78660430e-07].
2022-02-10 20:34:46,220 - INFO - Finished optimization with guess, [3.05901740e+00 1.88357718e+00 7.78660430e-07].
2022-02-10 20:34:46,220 - INFO - Best fit parameters: [3.05901740e+00 1.88357718e+00 7.78660430e-07].
2022-02-10 20:34:46,547 - INFO - Maximum log composite likelihood: -360.547850685.
2022-02-10 20:34:46,548 - INFO - Optimal value of theta: 10999.5209887.
2022-02-10 20:34:46,549 - INFO - Beginning optimization with guess, [3.03886040e+00 2.60253966e+00 5.21641268e-07].
2022-02-10 20:34:47,906 - INFO - Finished optimization with guess, [3.03886040e+00 2.60253966e+00 5.21641268e-07].
2022-02-10 20:34:47,907 - INFO - Best fit parameters: [3.03886040e+00 2.60253966e+00 5.21641268e-07].
2022-02-10 20:34:48,249 - INFO - Maximum log composite likelihood: -360.547850567.
2022-02-10 20:34:48,249 - INFO - Optimal value of theta: 10999.520989.
2022-02-10 20:34:48,250 - INFO - Beginning optimization with guess, [2.82442683e+00 3.03040649e+00 9.43245004e-07].
2022-02-10 20:34:49,619 - INFO - Finished optimization with guess, [2.82442683e+00 3.03040649e+00 9.43245004e-07].
2022-02-10 20:34:49,619 - INFO - Best fit parameters: [2.82442683e+00 3.03040649e+00 9.43245004e-07].
2022-02-10 20:34:49,954 - INFO - Maximum log composite likelihood: -360.547850749.
2022-02-10 20:34:49,955 - INFO - Optimal value of theta: 10999.5209886.
2022-02-10 20:34:49,955 - INFO - Beginning optimization with guess, [3.72239675e+00 3.42366876e+00 8.24273246e-07].
2022-02-10 20:34:51,305 - INFO - Finished optimization with guess, [3.72239675e+00 3.42366876e+00 8.24273246e-07].
2022-02-10 20:34:51,305 - INFO - Best fit parameters: [3.72239675e+00 3.42366876e+00 8.24273246e-07].
2022-02-10 20:34:51,638 - INFO - Maximum log composite likelihood: -360.547850672.
2022-02-10 20:34:51,638 - INFO - Optimal value of theta: 10999.5209887.
2022-02-10 20:34:51,639 - INFO - Beginning optimization with guess, [5.97115093e+00 5.00490940e+00 1.16164825e-06].
2022-02-10 20:34:53,005 - INFO - Finished optimization with guess, [5.97115093e+00 5.00490940e+00 1.16164825e-06].
2022-02-10 20:34:53,005 - INFO - Best fit parameters: [5.97115093e+00 5.00490940e+00 1.16164825e-06].
2022-02-10 20:34:53,337 - INFO - Maximum log composite likelihood: -360.547850776.
2022-02-10 20:34:53,338 - INFO - Optimal value of theta: 10999.5209885.
2022-02-10 20:34:53,339 - INFO - Beginning optimization with guess, [6.52565733e+00 2.13355037e+00 1.13858319e-06].
2022-02-10 20:34:54,738 - INFO - Finished optimization with guess, [6.52565733e+00 2.13355037e+00 1.13858319e-06].
2022-02-10 20:34:54,738 - INFO - Best fit parameters: [6.52565733e+00 2.13355037e+00 1.13858319e-06].
2022-02-10 20:34:55,090 - INFO - Maximum log composite likelihood: -360.547850919.
2022-02-10 20:34:55,091 - INFO - Optimal value of theta: 10999.5209882.
2022-02-10 20:34:55,091 - INFO - Beginning optimization with guess, [3.39291580e+00 4.65053676e+00 1.42160468e-06].
2022-02-10 20:34:56,430 - INFO - Finished optimization with guess, [3.39291580e+00 4.65053676e+00 1.42160468e-06].
2022-02-10 20:34:56,430 - INFO - Best fit parameters: [3.39291580e+00 4.65053676e+00 1.42160468e-06].
2022-02-10 20:34:56,762 - INFO - Maximum log composite likelihood: -360.547850947.
2022-02-10 20:34:56,762 - INFO - Optimal value of theta: 10999.5209881.
2022-02-10 20:34:56,763 - INFO - Beginning optimization with guess, [7.92000000e+00 5.47934720e+00 9.02777226e-07].
2022-02-10 20:34:58,123 - INFO - Finished optimization with guess, [7.92000000e+00 5.47934720e+00 9.02777226e-07].
2022-02-10 20:34:58,123 - INFO - Best fit parameters: [7.92000000e+00 5.47934720e+00 9.02777226e-07].
2022-02-10 20:34:58,464 - INFO - Maximum log composite likelihood: -360.547850647.
2022-02-10 20:34:58,465 - INFO - Optimal value of theta: 10999.5209888.
2022-02-10 20:34:58,466 - INFO - Beginning optimization with guess, [3.96887472e+00 6.51962165e+00 1.64116246e-06].
2022-02-10 20:34:59,857 - INFO - Finished optimization with guess, [3.96887472e+00 6.51962165e+00 1.64116246e-06].
2022-02-10 20:34:59,858 - INFO - Best fit parameters: [3.96887472e+00 6.51962165e+00 1.64116246e-06].
2022-02-10 20:35:00,196 - INFO - Maximum log composite likelihood: -360.54785096.
2022-02-10 20:35:00,197 - INFO - Optimal value of theta: 10999.5209881.
2022-02-10 20:35:00,197 - INFO - Beginning optimization with guess, [4.10722004e+00 7.77379361e+00 1.35066125e-06].
2022-02-10 20:35:01,548 - INFO - Finished optimization with guess, [4.10722004e+00 7.77379361e+00 1.35066125e-06].
2022-02-10 20:35:01,549 - INFO - Best fit parameters: [4.10722004e+00 7.77379361e+00 1.35066125e-06].
2022-02-10 20:35:01,888 - INFO - Maximum log composite likelihood: -360.547850761.
2022-02-10 20:35:01,889 - INFO - Optimal value of theta: 10999.5209885.
2022-02-10 20:35:01,890 - INFO - Beginning optimization with guess, [5.05367068e+00 7.92000000e+00 1.48957584e-06].
2022-02-10 20:35:03,269 - INFO - Finished optimization with guess, [5.05367068e+00 7.92000000e+00 1.48957584e-06].
2022-02-10 20:35:03,269 - INFO - Best fit parameters: [5.05367068e+00 7.92000000e+00 1.48957584e-06].
2022-02-10 20:35:03,614 - INFO - Maximum log composite likelihood: -360.547850817.
2022-02-10 20:35:03,615 - INFO - Optimal value of theta: 10999.5209884.
2022-02-10 20:35:03,619 - INFO - Beginning demographic inference for three-epoch demographic model.
2022-02-10 20:35:03,622 - INFO - Beginning optimization with guess, [7.51277524e-02 1.53931029e-01 1.99728138e-06 7.25745722e-07].
2022-02-10 20:35:29,460 - INFO - Finished optimization with guess, [7.51277524e-02 1.53931029e-01 1.99728138e-06 7.25745722e-07].
2022-02-10 20:35:29,461 - INFO - Best fit parameters: [2.33673734e-03 1.06804355e-01 5.58608161e-05 1.03826920e-06].
2022-02-10 20:35:29,806 - INFO - Maximum log composite likelihood: -294.274998577.
2022-02-10 20:35:29,807 - INFO - Optimal value of theta: 11433.2498147.
2022-02-10 20:35:29,807 - INFO - Beginning optimization with guess, [3.99723541e-01 1.17751291e-01 6.25771275e-07 1.02556946e-06].
2022-02-10 20:35:33,206 - INFO - Finished optimization with guess, [3.99723541e-01 1.17751291e-01 6.25771275e-07 1.02556946e-06].
2022-02-10 20:35:33,206 - INFO - Best fit parameters: [3.99713862e-01 1.17726670e-01 6.25780898e-07 1.02577170e-06].
2022-02-10 20:35:33,552 - INFO - Maximum log composite likelihood: -360.54774481.
2022-02-10 20:35:33,553 - INFO - Optimal value of theta: 10999.5212279.
2022-02-10 20:35:33,554 - INFO - Beginning optimization with guess, [4.08771858e-01 5.85349132e-01 8.50527966e-07 1.27566802e-06].
2022-02-10 20:35:36,961 - INFO - Finished optimization with guess, [4.08771858e-01 5.85349132e-01 8.50527966e-07 1.27566802e-06].
2022-02-10 20:35:36,962 - INFO - Best fit parameters: [4.08765500e-01 5.85341646e-01 8.50537037e-07 1.27567960e-06].
2022-02-10 20:35:37,306 - INFO - Maximum log composite likelihood: -360.547840687.
2022-02-10 20:35:37,307 - INFO - Optimal value of theta: 10999.5210113.
2022-02-10 20:35:37,307 - INFO - Beginning optimization with guess, [6.53856197e-01 5.17377294e-01 6.62241918e-07 1.92027659e-06].
2022-02-10 20:35:40,723 - INFO - Finished optimization with guess, [6.53856197e-01 5.17377294e-01 6.62241918e-07 1.92027659e-06].
2022-02-10 20:35:40,723 - INFO - Best fit parameters: [6.53851625e-01 5.17361917e-01 6.62243740e-07 1.92031515e-06].
2022-02-10 20:35:41,062 - INFO - Maximum log composite likelihood: -360.547839159.
2022-02-10 20:35:41,063 - INFO - Optimal value of theta: 10999.5210147.
2022-02-10 20:35:41,063 - INFO - Beginning optimization with guess, [5.32475200e-01 5.03430767e-01 7.45396766e-07 6.14984275e-07].
2022-02-10 20:35:42,731 - INFO - Finished optimization with guess, [5.32475200e-01 5.03430767e-01 7.45396766e-07 6.14984275e-07].
2022-02-10 20:35:42,731 - INFO - Best fit parameters: [5.32475200e-01 5.03430767e-01 7.45396766e-07 6.14984275e-07].
2022-02-10 20:35:43,071 - INFO - Maximum log composite likelihood: -360.547847155.
2022-02-10 20:35:43,072 - INFO - Optimal value of theta: 10999.5209967.
2022-02-10 20:35:43,072 - INFO - Beginning optimization with guess, [7.13289593e-01 1.15169480e+00 8.75327535e-07 9.32559218e-07].
2022-02-10 20:35:44,757 - INFO - Finished optimization with guess, [7.13289593e-01 1.15169480e+00 8.75327535e-07 9.32559218e-07].
2022-02-10 20:35:44,757 - INFO - Best fit parameters: [7.13289593e-01 1.15169480e+00 8.75327535e-07 9.32559218e-07].
2022-02-10 20:35:45,090 - INFO - Maximum log composite likelihood: -360.547849645.
2022-02-10 20:35:45,091 - INFO - Optimal value of theta: 10999.5209911.
2022-02-10 20:35:45,092 - INFO - Beginning optimization with guess, [1.35831633e+00 4.09712888e-01 7.13691211e-07 1.42532975e-06].
2022-02-10 20:35:48,534 - INFO - Finished optimization with guess, [1.35831633e+00 4.09712888e-01 7.13691211e-07 1.42532975e-06].
2022-02-10 20:35:48,534 - INFO - Best fit parameters: [1.35831261e+00 4.09702482e-01 7.13690367e-07 1.42535637e-06].
2022-02-10 20:35:48,883 - INFO - Maximum log composite likelihood: -360.547841777.
2022-02-10 20:35:48,884 - INFO - Optimal value of theta: 10999.5210088.
2022-02-10 20:35:48,884 - INFO - Beginning optimization with guess, [7.46233780e-01 5.24248873e-01 5.36321385e-07 8.64627208e-07].
2022-02-10 20:35:50,568 - INFO - Finished optimization with guess, [7.46233780e-01 5.24248873e-01 5.36321385e-07 8.64627208e-07].
2022-02-10 20:35:50,569 - INFO - Best fit parameters: [7.46233780e-01 5.24248873e-01 5.36321385e-07 8.64627208e-07].
2022-02-10 20:35:50,913 - INFO - Maximum log composite likelihood: -360.547848142.
2022-02-10 20:35:50,914 - INFO - Optimal value of theta: 10999.5209944.
2022-02-10 20:35:50,914 - INFO - Beginning optimization with guess, [1.25136430e+00 1.43280562e+00 1.04910391e-06 9.26792936e-07].
2022-02-10 20:35:52,626 - INFO - Finished optimization with guess, [1.25136430e+00 1.43280562e+00 1.04910391e-06 9.26792936e-07].
2022-02-10 20:35:52,627 - INFO - Best fit parameters: [1.25136430e+00 1.43280562e+00 1.04910391e-06 9.26792936e-07].
2022-02-10 20:35:52,976 - INFO - Maximum log composite likelihood: -360.547851149.
2022-02-10 20:35:52,977 - INFO - Optimal value of theta: 10999.5209877.
2022-02-10 20:35:52,978 - INFO - Beginning optimization with guess, [5.97582374e-01 5.60013015e-01 9.73864679e-07 1.42128117e-06].
2022-02-10 20:35:56,399 - INFO - Finished optimization with guess, [5.97582374e-01 5.60013015e-01 9.73864679e-07 1.42128117e-06].
2022-02-10 20:35:56,399 - INFO - Best fit parameters: [5.97575986e-01 5.60004664e-01 9.73869729e-07 1.42129545e-06].
2022-02-10 20:35:56,743 - INFO - Maximum log composite likelihood: -360.547842919.
2022-02-10 20:35:56,744 - INFO - Optimal value of theta: 10999.5210062.
2022-02-10 20:35:56,745 - INFO - Beginning optimization with guess, [7.85667721e-01 1.14655732e+00 1.34983345e-06 1.09655390e-06].
2022-02-10 20:35:58,457 - INFO - Finished optimization with guess, [7.85667721e-01 1.14655732e+00 1.34983345e-06 1.09655390e-06].
2022-02-10 20:35:58,458 - INFO - Best fit parameters: [7.85667721e-01 1.14655732e+00 1.34983345e-06 1.09655390e-06].
2022-02-10 20:35:58,808 - INFO - Maximum log composite likelihood: -360.547849328.
2022-02-10 20:35:58,809 - INFO - Optimal value of theta: 10999.5209918.
2022-02-10 20:35:58,810 - INFO - Beginning optimization with guess, [2.46939223e+00 1.32741665e+00 1.38804379e-06 1.16297634e-06].
2022-02-10 20:36:00,498 - INFO - Finished optimization with guess, [2.46939223e+00 1.32741665e+00 1.38804379e-06 1.16297634e-06].
2022-02-10 20:36:00,498 - INFO - Best fit parameters: [2.46939223e+00 1.32741665e+00 1.38804379e-06 1.16297634e-06].
2022-02-10 20:36:00,842 - INFO - Maximum log composite likelihood: -360.547852428.
2022-02-10 20:36:00,843 - INFO - Optimal value of theta: 10999.5209848.
2022-02-10 20:36:00,843 - INFO - Beginning optimization with guess, [2.41694472e+00 2.06664310e+00 9.79001399e-07 1.38141683e-06].
2022-02-10 20:36:02,558 - INFO - Finished optimization with guess, [2.41694472e+00 2.06664310e+00 9.79001399e-07 1.38141683e-06].
2022-02-10 20:36:02,559 - INFO - Best fit parameters: [2.41694472e+00 2.06664310e+00 9.79001399e-07 1.38141683e-06].
2022-02-10 20:36:02,908 - INFO - Maximum log composite likelihood: -360.547851964.
2022-02-10 20:36:02,909 - INFO - Optimal value of theta: 10999.5209858.
2022-02-10 20:36:02,910 - INFO - Beginning optimization with guess, [3.50492614e+00 1.59345130e+00 5.99835367e-07 1.44723988e-06].
2022-02-10 20:36:04,623 - INFO - Finished optimization with guess, [3.50492614e+00 1.59345130e+00 5.99835367e-07 1.44723988e-06].
2022-02-10 20:36:04,623 - INFO - Best fit parameters: [3.50492614e+00 1.59345130e+00 5.99835367e-07 1.44723988e-06].
2022-02-10 20:36:04,959 - INFO - Maximum log composite likelihood: -360.547851771.
2022-02-10 20:36:04,960 - INFO - Optimal value of theta: 10999.5209863.
2022-02-10 20:36:04,961 - INFO - Beginning optimization with guess, [2.30960156e+00 4.09704296e+00 1.21065442e-06 8.20084485e-07].
2022-02-10 20:36:06,678 - INFO - Finished optimization with guess, [2.30960156e+00 4.09704296e+00 1.21065442e-06 8.20084485e-07].
2022-02-10 20:36:06,678 - INFO - Best fit parameters: [2.30960156e+00 4.09704296e+00 1.21065442e-06 8.20084485e-07].
2022-02-10 20:36:07,022 - INFO - Maximum log composite likelihood: -360.547851328.
2022-02-10 20:36:07,023 - INFO - Optimal value of theta: 10999.5209873.
2022-02-10 20:36:07,023 - INFO - Beginning optimization with guess, [1.96210630e+00 4.72233734e+00 5.25786121e-07 7.92074040e-07].
2022-02-10 20:36:08,755 - INFO - Finished optimization with guess, [1.96210630e+00 4.72233734e+00 5.25786121e-07 7.92074040e-07].
2022-02-10 20:36:08,755 - INFO - Best fit parameters: [1.96210630e+00 4.72233734e+00 5.25786121e-07 7.92074040e-07].
2022-02-10 20:36:09,093 - INFO - Maximum log composite likelihood: -360.547850777.
2022-02-10 20:36:09,094 - INFO - Optimal value of theta: 10999.5209885.
2022-02-10 20:36:09,095 - INFO - Beginning optimization with guess, [1.56017680e+00 1.64158500e+00 1.97520759e-06 1.29040934e-06].
2022-02-10 20:36:10,804 - INFO - Finished optimization with guess, [1.56017680e+00 1.64158500e+00 1.97520759e-06 1.29040934e-06].
2022-02-10 20:36:10,804 - INFO - Best fit parameters: [1.56017680e+00 1.64158500e+00 1.97520759e-06 1.29040934e-06].
2022-02-10 20:36:11,148 - INFO - Maximum log composite likelihood: -360.547852984.
2022-02-10 20:36:11,149 - INFO - Optimal value of theta: 10999.5209835.
2022-02-10 20:36:11,150 - INFO - Beginning optimization with guess, [1.68774304e+00 3.26362866e+00 1.11241971e-06 6.19738427e-07].
2022-02-10 20:36:12,931 - INFO - Finished optimization with guess, [1.68774304e+00 3.26362866e+00 1.11241971e-06 6.19738427e-07].
2022-02-10 20:36:12,932 - INFO - Best fit parameters: [1.68774304e+00 3.26362866e+00 1.11241971e-06 6.19738427e-07].
2022-02-10 20:36:13,289 - INFO - Maximum log composite likelihood: -360.547851115.
2022-02-10 20:36:13,290 - INFO - Optimal value of theta: 10999.5209877.
2022-02-10 20:36:13,290 - INFO - Beginning optimization with guess, [3.50880742e+00 4.97660638e+00 7.56150749e-07 1.49553582e-06].
2022-02-10 20:36:14,981 - INFO - Finished optimization with guess, [3.50880742e+00 4.97660638e+00 7.56150749e-07 1.49553582e-06].
2022-02-10 20:36:14,981 - INFO - Best fit parameters: [3.50880742e+00 4.97660638e+00 7.56150749e-07 1.49553582e-06].
2022-02-10 20:36:15,322 - INFO - Maximum log composite likelihood: -360.547851354.
2022-02-10 20:36:15,323 - INFO - Optimal value of theta: 10999.5209872.
2022-02-10 20:36:15,323 - INFO - Beginning optimization with guess, [4.04549918e+00 6.89702498e+00 1.63274128e-06 1.11329810e-06].
2022-02-10 20:36:17,009 - INFO - Finished optimization with guess, [4.04549918e+00 6.89702498e+00 1.63274128e-06 1.11329810e-06].
2022-02-10 20:36:17,010 - INFO - Best fit parameters: [4.04549918e+00 6.89702498e+00 1.63274128e-06 1.11329810e-06].
2022-02-10 20:36:17,347 - INFO - Maximum log composite likelihood: -360.547851641.
2022-02-10 20:36:17,348 - INFO - Optimal value of theta: 10999.5209865.
2022-02-10 20:36:17,348 - INFO - Beginning optimization with guess, [4.50250202e+00 5.81213349e+00 6.91052701e-07 6.55443466e-07].
2022-02-10 20:36:19,023 - INFO - Finished optimization with guess, [4.50250202e+00 5.81213349e+00 6.91052701e-07 6.55443466e-07].
2022-02-10 20:36:19,024 - INFO - Best fit parameters: [4.50250202e+00 5.81213349e+00 6.91052701e-07 6.55443466e-07].
2022-02-10 20:36:19,358 - INFO - Maximum log composite likelihood: -360.547850761.
2022-02-10 20:36:19,359 - INFO - Optimal value of theta: 10999.5209885.
2022-02-10 20:36:19,360 - INFO - Beginning optimization with guess, [6.61692508e+00 3.58887883e+00 6.14099244e-07 1.30724592e-06].
2022-02-10 20:36:21,037 - INFO - Finished optimization with guess, [6.61692508e+00 3.58887883e+00 6.14099244e-07 1.30724592e-06].
2022-02-10 20:36:21,038 - INFO - Best fit parameters: [6.61692508e+00 3.58887883e+00 6.14099244e-07 1.30724592e-06].
2022-02-10 20:36:21,373 - INFO - Maximum log composite likelihood: -360.547851276.
2022-02-10 20:36:21,374 - INFO - Optimal value of theta: 10999.5209874.
2022-02-10 20:36:21,374 - INFO - Beginning optimization with guess, [4.36886077e+00 5.91004916e+00 1.45111095e-06 1.95262877e-06].
2022-02-10 20:36:23,051 - INFO - Finished optimization with guess, [4.36886077e+00 5.91004916e+00 1.45111095e-06 1.95262877e-06].
2022-02-10 20:36:23,051 - INFO - Best fit parameters: [4.36886077e+00 5.91004916e+00 1.45111095e-06 1.95262877e-06].
2022-02-10 20:36:23,385 - INFO - Maximum log composite likelihood: -360.547852227.
2022-02-10 20:36:23,387 - INFO - Optimal value of theta: 10999.5209852.
2022-02-10 20:36:23,387 - INFO - Beginning optimization with guess, [6.44891682e+00 3.52685344e+00 5.04576841e-07 1.53828015e-06].
2022-02-10 20:36:25,077 - INFO - Finished optimization with guess, [6.44891682e+00 3.52685344e+00 5.04576841e-07 1.53828015e-06].
2022-02-10 20:36:25,077 - INFO - Best fit parameters: [6.44891682e+00 3.52685344e+00 5.04576841e-07 1.53828015e-06].
2022-02-10 20:36:25,415 - INFO - Maximum log composite likelihood: -360.547851436.
2022-02-10 20:36:25,416 - INFO - Optimal value of theta: 10999.520987.
2022-02-10 20:36:25,417 - INFO - Beginning optimization with guess, [5.08600268e+00 7.92000000e+00 1.01246868e-06 1.00982796e-06].
2022-02-10 20:36:27,125 - INFO - Finished optimization with guess, [5.08600268e+00 7.92000000e+00 1.01246868e-06 1.00982796e-06].
2022-02-10 20:36:27,126 - INFO - Best fit parameters: [5.08600268e+00 7.92000000e+00 1.01246868e-06 1.00982796e-06].
2022-02-10 20:36:27,465 - INFO - Maximum log composite likelihood: -360.547851.
2022-02-10 20:36:27,467 - INFO - Optimal value of theta: 10999.520988.
2022-02-10 20:36:27,471 - INFO - Beginning demographic inference for one-epoch demographic model.
2022-02-10 20:36:27,476 - INFO - Beginning optimization with guess, [0.05715415].
2022-02-10 20:36:28,172 - INFO - Finished optimization with guess, [0.05715415].
2022-02-10 20:36:28,173 - INFO - Best fit parameters: [0.05715415].
2022-02-10 20:36:28,520 - INFO - Maximum log composite likelihood: -360.547850479.
2022-02-10 20:36:28,521 - INFO - Optimal value of theta: 10999.5209892.
2022-02-10 20:36:28,521 - INFO - Beginning optimization with guess, [0.35839623].
2022-02-10 20:36:29,196 - INFO - Finished optimization with guess, [0.35839623].
2022-02-10 20:36:29,196 - INFO - Best fit parameters: [0.35839623].
2022-02-10 20:36:29,528 - INFO - Maximum log composite likelihood: -360.547850479.
2022-02-10 20:36:29,529 - INFO - Optimal value of theta: 10999.5209892.
2022-02-10 20:36:29,529 - INFO - Beginning optimization with guess, [0.21590546].
2022-02-10 20:36:30,195 - INFO - Finished optimization with guess, [0.21590546].
2022-02-10 20:36:30,196 - INFO - Best fit parameters: [0.21590546].
2022-02-10 20:36:30,533 - INFO - Maximum log composite likelihood: -360.547850479.
2022-02-10 20:36:30,534 - INFO - Optimal value of theta: 10999.5209892.
2022-02-10 20:36:30,534 - INFO - Beginning optimization with guess, [0.43187183].
2022-02-10 20:36:31,204 - INFO - Finished optimization with guess, [0.43187183].
2022-02-10 20:36:31,204 - INFO - Best fit parameters: [0.43187183].
2022-02-10 20:36:31,533 - INFO - Maximum log composite likelihood: -360.547850479.
2022-02-10 20:36:31,534 - INFO - Optimal value of theta: 10999.5209892.
2022-02-10 20:36:31,534 - INFO - Beginning optimization with guess, [0.76739164].
2022-02-10 20:36:32,219 - INFO - Finished optimization with guess, [0.76739164].
2022-02-10 20:36:32,219 - INFO - Best fit parameters: [0.76739164].
2022-02-10 20:36:32,567 - INFO - Maximum log composite likelihood: -360.547850479.
2022-02-10 20:36:32,568 - INFO - Optimal value of theta: 10999.5209892.
2022-02-10 20:36:32,568 - INFO - Beginning optimization with guess, [0.3069532].
2022-02-10 20:36:33,266 - INFO - Finished optimization with guess, [0.3069532].
2022-02-10 20:36:33,266 - INFO - Best fit parameters: [0.3069532].
2022-02-10 20:36:33,614 - INFO - Maximum log composite likelihood: -360.547850479.
2022-02-10 20:36:33,615 - INFO - Optimal value of theta: 10999.5209892.
2022-02-10 20:36:33,616 - INFO - Beginning optimization with guess, [0.39496531].
2022-02-10 20:36:34,283 - INFO - Finished optimization with guess, [0.39496531].
2022-02-10 20:36:34,283 - INFO - Best fit parameters: [0.39496531].
2022-02-10 20:36:34,613 - INFO - Maximum log composite likelihood: -360.547850479.
2022-02-10 20:36:34,614 - INFO - Optimal value of theta: 10999.5209892.
2022-02-10 20:36:34,614 - INFO - Beginning optimization with guess, [1.08845674].
2022-02-10 20:36:35,277 - INFO - Finished optimization with guess, [1.08845674].
2022-02-10 20:36:35,278 - INFO - Best fit parameters: [1.08845674].
2022-02-10 20:36:35,619 - INFO - Maximum log composite likelihood: -360.547850479.
2022-02-10 20:36:35,620 - INFO - Optimal value of theta: 10999.5209892.
2022-02-10 20:36:35,621 - INFO - Beginning optimization with guess, [0.69481687].
2022-02-10 20:36:36,306 - INFO - Finished optimization with guess, [0.69481687].
2022-02-10 20:36:36,307 - INFO - Best fit parameters: [0.69481687].
2022-02-10 20:36:36,646 - INFO - Maximum log composite likelihood: -360.547850479.
2022-02-10 20:36:36,647 - INFO - Optimal value of theta: 10999.5209892.
2022-02-10 20:36:36,647 - INFO - Beginning optimization with guess, [0.88617877].
2022-02-10 20:36:37,343 - INFO - Finished optimization with guess, [0.88617877].
2022-02-10 20:36:37,343 - INFO - Best fit parameters: [0.88617877].
2022-02-10 20:36:37,690 - INFO - Maximum log composite likelihood: -360.547850479.
2022-02-10 20:36:37,691 - INFO - Optimal value of theta: 10999.5209892.
2022-02-10 20:36:37,691 - INFO - Beginning optimization with guess, [1.80127796].
2022-02-10 20:36:38,379 - INFO - Finished optimization with guess, [1.80127796].
2022-02-10 20:36:38,379 - INFO - Best fit parameters: [1.80127796].
2022-02-10 20:36:38,706 - INFO - Maximum log composite likelihood: -360.547850479.
2022-02-10 20:36:38,707 - INFO - Optimal value of theta: 10999.5209892.
2022-02-10 20:36:38,707 - INFO - Beginning optimization with guess, [1.0646498].
2022-02-10 20:36:39,373 - INFO - Finished optimization with guess, [1.0646498].
2022-02-10 20:36:39,374 - INFO - Best fit parameters: [1.0646498].
2022-02-10 20:36:39,705 - INFO - Maximum log composite likelihood: -360.547850479.
2022-02-10 20:36:39,706 - INFO - Optimal value of theta: 10999.5209892.
2022-02-10 20:36:39,706 - INFO - Beginning optimization with guess, [2.11047061].
2022-02-10 20:36:40,391 - INFO - Finished optimization with guess, [2.11047061].
2022-02-10 20:36:40,392 - INFO - Best fit parameters: [2.11047061].
2022-02-10 20:36:40,734 - INFO - Maximum log composite likelihood: -360.547850479.
2022-02-10 20:36:40,735 - INFO - Optimal value of theta: 10999.5209892.
2022-02-10 20:36:40,736 - INFO - Beginning optimization with guess, [2.81827455].
2022-02-10 20:36:41,417 - INFO - Finished optimization with guess, [2.81827455].
2022-02-10 20:36:41,417 - INFO - Best fit parameters: [2.81827455].
2022-02-10 20:36:41,757 - INFO - Maximum log composite likelihood: -360.547850479.
2022-02-10 20:36:41,759 - INFO - Optimal value of theta: 10999.5209892.
2022-02-10 20:36:41,759 - INFO - Beginning optimization with guess, [4.32029408].
2022-02-10 20:36:42,440 - INFO - Finished optimization with guess, [4.32029408].
2022-02-10 20:36:42,440 - INFO - Best fit parameters: [4.32029408].
2022-02-10 20:36:42,782 - INFO - Maximum log composite likelihood: -360.547850479.
2022-02-10 20:36:42,783 - INFO - Optimal value of theta: 10999.5209892.
2022-02-10 20:36:42,784 - INFO - Beginning optimization with guess, [3.03717492].
2022-02-10 20:36:43,469 - INFO - Finished optimization with guess, [3.03717492].
2022-02-10 20:36:43,469 - INFO - Best fit parameters: [3.03717492].
2022-02-10 20:36:43,801 - INFO - Maximum log composite likelihood: -360.547850479.
2022-02-10 20:36:43,802 - INFO - Optimal value of theta: 10999.5209892.
2022-02-10 20:36:43,802 - INFO - Beginning optimization with guess, [2.68448576].
2022-02-10 20:36:44,467 - INFO - Finished optimization with guess, [2.68448576].
2022-02-10 20:36:44,468 - INFO - Best fit parameters: [2.68448576].
2022-02-10 20:36:44,804 - INFO - Maximum log composite likelihood: -360.547850479.
2022-02-10 20:36:44,804 - INFO - Optimal value of theta: 10999.5209892.
2022-02-10 20:36:44,805 - INFO - Beginning optimization with guess, [2.21086496].
2022-02-10 20:36:45,489 - INFO - Finished optimization with guess, [2.21086496].
2022-02-10 20:36:45,489 - INFO - Best fit parameters: [2.21086496].
2022-02-10 20:36:45,820 - INFO - Maximum log composite likelihood: -360.547850479.
2022-02-10 20:36:45,821 - INFO - Optimal value of theta: 10999.5209892.
2022-02-10 20:36:45,821 - INFO - Beginning optimization with guess, [2.2789725].
2022-02-10 20:36:46,501 - INFO - Finished optimization with guess, [2.2789725].
2022-02-10 20:36:46,501 - INFO - Best fit parameters: [2.2789725].
2022-02-10 20:36:46,847 - INFO - Maximum log composite likelihood: -360.547850479.
2022-02-10 20:36:46,848 - INFO - Optimal value of theta: 10999.5209892.
2022-02-10 20:36:46,848 - INFO - Beginning optimization with guess, [6.84995428].
2022-02-10 20:36:47,547 - INFO - Finished optimization with guess, [6.84995428].
2022-02-10 20:36:47,547 - INFO - Best fit parameters: [6.84995428].
2022-02-10 20:36:47,894 - INFO - Maximum log composite likelihood: -360.547850479.
2022-02-10 20:36:47,895 - INFO - Optimal value of theta: 10999.5209892.
2022-02-10 20:36:47,896 - INFO - Beginning optimization with guess, [3.57786349].
2022-02-10 20:36:48,571 - INFO - Finished optimization with guess, [3.57786349].
2022-02-10 20:36:48,572 - INFO - Best fit parameters: [3.57786349].
2022-02-10 20:36:48,906 - INFO - Maximum log composite likelihood: -360.547850479.
2022-02-10 20:36:48,907 - INFO - Optimal value of theta: 10999.5209892.
2022-02-10 20:36:48,908 - INFO - Beginning optimization with guess, [5.09689478].
2022-02-10 20:36:49,573 - INFO - Finished optimization with guess, [5.09689478].
2022-02-10 20:36:49,573 - INFO - Best fit parameters: [5.09689478].
2022-02-10 20:36:49,914 - INFO - Maximum log composite likelihood: -360.547850479.
2022-02-10 20:36:49,915 - INFO - Optimal value of theta: 10999.5209892.
2022-02-10 20:36:49,915 - INFO - Beginning optimization with guess, [4.79436063].
2022-02-10 20:36:50,608 - INFO - Finished optimization with guess, [4.79436063].
2022-02-10 20:36:50,608 - INFO - Best fit parameters: [4.79436063].
2022-02-10 20:36:50,949 - INFO - Maximum log composite likelihood: -360.547850479.
2022-02-10 20:36:50,950 - INFO - Optimal value of theta: 10999.5209892.
2022-02-10 20:36:50,950 - INFO - Beginning optimization with guess, [7.92].
2022-02-10 20:36:51,637 - INFO - Finished optimization with guess, [7.92].
2022-02-10 20:36:51,637 - INFO - Best fit parameters: [7.92].
2022-02-10 20:36:51,988 - INFO - Maximum log composite likelihood: -360.547850479.
2022-02-10 20:36:51,989 - INFO - Optimal value of theta: 10999.5209892.
2022-02-10 20:36:51,989 - INFO - Beginning optimization with guess, [7.92].
2022-02-10 20:36:52,694 - INFO - Finished optimization with guess, [7.92].
2022-02-10 20:36:52,694 - INFO - Best fit parameters: [7.92].
2022-02-10 20:36:53,040 - INFO - Maximum log composite likelihood: -360.547850479.
2022-02-10 20:36:53,041 - INFO - Optimal value of theta: 10999.5209892.
2022-02-10 20:36:53,044 - INFO - Finished demographic inference.
2022-02-10 20:36:53,044 - INFO - Pipeline executed succesfully.
