2023-07-20 16:56:52,005 - INFO - Beginning execution of fit_one_epoch.py in directory /u/project/ngarud/jonmah/demo_for_ccgb/Scripts

2023-07-20 16:56:52,005 - INFO - Progress is being logged to ../Analysis/Akkermansia_muciniphila_55290_downsampled_14/accessory_log.log

2023-07-20 16:56:52,006 - INFO - Parsed the following arguments:
	syn_input_sfs = ../Analysis/Akkermansia_muciniphila_55290_downsampled_14/accessory_empirical_syn_downsampled_sfs.txt
	mask_singletons = False
	mask_doubletons = False
	outprefix = ../Analysis/Akkermansia_muciniphila_55290_downsampled_14/accessory

2023-07-20 16:56:52,009 - INFO - Beginning demographic inference for one-epoch demographic model.
2023-07-20 16:56:52,011 - INFO - Beginning optimization with guess, [0.10607754].
2023-07-20 16:56:53,099 - INFO - Finished optimization with guess, [0.10607754].
2023-07-20 16:56:53,099 - INFO - Best fit parameters: [0.10607754].
2023-07-20 16:56:53,129 - INFO - Maximum log composite likelihood: -88.24706261016084.
2023-07-20 16:56:53,129 - INFO - Optimal value of theta: 207.4613680200932.
2023-07-20 16:56:53,130 - INFO - Beginning optimization with guess, [0.1389277].
2023-07-20 16:56:54,063 - INFO - Finished optimization with guess, [0.1389277].
2023-07-20 16:56:54,063 - INFO - Best fit parameters: [0.1389277].
2023-07-20 16:56:54,092 - INFO - Maximum log composite likelihood: -88.24706261016084.
2023-07-20 16:56:54,093 - INFO - Optimal value of theta: 207.4613680200932.
2023-07-20 16:56:54,093 - INFO - Beginning optimization with guess, [0.20611487].
2023-07-20 16:56:55,025 - INFO - Finished optimization with guess, [0.20611487].
2023-07-20 16:56:55,026 - INFO - Best fit parameters: [0.20611487].
2023-07-20 16:56:55,055 - INFO - Maximum log composite likelihood: -88.24706261016084.
2023-07-20 16:56:55,055 - INFO - Optimal value of theta: 207.4613680200932.
2023-07-20 16:56:55,055 - INFO - Beginning optimization with guess, [0.52391515].
2023-07-20 16:56:55,899 - INFO - Finished optimization with guess, [0.52391515].
2023-07-20 16:56:55,899 - INFO - Best fit parameters: [0.52391515].
2023-07-20 16:56:55,928 - INFO - Maximum log composite likelihood: -88.24706261016084.
2023-07-20 16:56:55,929 - INFO - Optimal value of theta: 207.4613680200932.
2023-07-20 16:56:55,929 - INFO - Beginning optimization with guess, [0.26953769].
2023-07-20 16:56:56,888 - INFO - Finished optimization with guess, [0.26953769].
2023-07-20 16:56:56,888 - INFO - Best fit parameters: [0.26953769].
2023-07-20 16:56:56,917 - INFO - Maximum log composite likelihood: -88.24706261016084.
2023-07-20 16:56:56,917 - INFO - Optimal value of theta: 207.4613680200932.
2023-07-20 16:56:56,917 - INFO - Beginning optimization with guess, [0.90692779].
2023-07-20 16:56:57,505 - INFO - Finished optimization with guess, [0.90692779].
2023-07-20 16:56:57,505 - INFO - Best fit parameters: [0.90692779].
2023-07-20 16:56:57,534 - INFO - Maximum log composite likelihood: -88.24706261016084.
2023-07-20 16:56:57,535 - INFO - Optimal value of theta: 207.4613680200932.
2023-07-20 16:56:57,535 - INFO - Beginning optimization with guess, [0.88457738].
2023-07-20 16:56:58,116 - INFO - Finished optimization with guess, [0.88457738].
2023-07-20 16:56:58,116 - INFO - Best fit parameters: [0.88457738].
2023-07-20 16:56:58,145 - INFO - Maximum log composite likelihood: -88.24706261016084.
2023-07-20 16:56:58,145 - INFO - Optimal value of theta: 207.4613680200932.
2023-07-20 16:56:58,145 - INFO - Beginning optimization with guess, [1.09483294].
2023-07-20 16:56:58,726 - INFO - Finished optimization with guess, [1.09483294].
2023-07-20 16:56:58,726 - INFO - Best fit parameters: [1.09483294].
2023-07-20 16:56:58,755 - INFO - Maximum log composite likelihood: -88.24706261016084.
2023-07-20 16:56:58,756 - INFO - Optimal value of theta: 207.4613680200932.
2023-07-20 16:56:58,756 - INFO - Beginning optimization with guess, [0.73190235].
2023-07-20 16:56:59,510 - INFO - Finished optimization with guess, [0.73190235].
2023-07-20 16:56:59,510 - INFO - Best fit parameters: [0.73190235].
2023-07-20 16:56:59,539 - INFO - Maximum log composite likelihood: -88.24706261016084.
2023-07-20 16:56:59,539 - INFO - Optimal value of theta: 207.4613680200932.
2023-07-20 16:56:59,539 - INFO - Beginning optimization with guess, [1.65634378].
2023-07-20 16:57:00,296 - INFO - Finished optimization with guess, [1.65634378].
2023-07-20 16:57:00,297 - INFO - Best fit parameters: [1.65634378].
2023-07-20 16:57:00,326 - INFO - Maximum log composite likelihood: -88.24706261016084.
2023-07-20 16:57:00,326 - INFO - Optimal value of theta: 207.4613680200932.
2023-07-20 16:57:00,326 - INFO - Beginning optimization with guess, [2.37561244].
2023-07-20 16:57:01,169 - INFO - Finished optimization with guess, [2.37561244].
2023-07-20 16:57:01,169 - INFO - Best fit parameters: [2.37561244].
2023-07-20 16:57:01,198 - INFO - Maximum log composite likelihood: -88.24706261016084.
2023-07-20 16:57:01,198 - INFO - Optimal value of theta: 207.4613680200932.
2023-07-20 16:57:01,198 - INFO - Beginning optimization with guess, [2.06603051].
2023-07-20 16:57:02,060 - INFO - Finished optimization with guess, [2.06603051].
2023-07-20 16:57:02,060 - INFO - Best fit parameters: [2.06603051].
2023-07-20 16:57:02,090 - INFO - Maximum log composite likelihood: -88.24706261016084.
2023-07-20 16:57:02,090 - INFO - Optimal value of theta: 207.4613680200932.
2023-07-20 16:57:02,090 - INFO - Beginning optimization with guess, [0.98221142].
2023-07-20 16:57:02,502 - INFO - Finished optimization with guess, [0.98221142].
2023-07-20 16:57:02,503 - INFO - Best fit parameters: [0.98221142].
2023-07-20 16:57:02,531 - INFO - Maximum log composite likelihood: -88.24706261016084.
2023-07-20 16:57:02,532 - INFO - Optimal value of theta: 207.4613680200932.
2023-07-20 16:57:02,532 - INFO - Beginning optimization with guess, [1.27440663].
2023-07-20 16:57:03,202 - INFO - Finished optimization with guess, [1.27440663].
2023-07-20 16:57:03,203 - INFO - Best fit parameters: [1.27440663].
2023-07-20 16:57:03,232 - INFO - Maximum log composite likelihood: -88.24706261016084.
2023-07-20 16:57:03,232 - INFO - Optimal value of theta: 207.4613680200932.
2023-07-20 16:57:03,232 - INFO - Beginning optimization with guess, [2.24931397].
2023-07-20 16:57:04,074 - INFO - Finished optimization with guess, [2.24931397].
2023-07-20 16:57:04,075 - INFO - Best fit parameters: [2.24931397].
2023-07-20 16:57:04,104 - INFO - Maximum log composite likelihood: -88.24706261016084.
2023-07-20 16:57:04,104 - INFO - Optimal value of theta: 207.4613680200932.
2023-07-20 16:57:04,104 - INFO - Beginning optimization with guess, [4.23840376].
2023-07-20 16:57:05,033 - INFO - Finished optimization with guess, [4.23840376].
2023-07-20 16:57:05,033 - INFO - Best fit parameters: [4.23840376].
2023-07-20 16:57:05,062 - INFO - Maximum log composite likelihood: -88.24706261016084.
2023-07-20 16:57:05,063 - INFO - Optimal value of theta: 207.4613680200932.
2023-07-20 16:57:05,063 - INFO - Beginning optimization with guess, [1.49096244].
2023-07-20 16:57:05,818 - INFO - Finished optimization with guess, [1.49096244].
2023-07-20 16:57:05,819 - INFO - Best fit parameters: [1.49096244].
2023-07-20 16:57:05,848 - INFO - Maximum log composite likelihood: -88.24706261016084.
2023-07-20 16:57:05,849 - INFO - Optimal value of theta: 207.4613680200932.
2023-07-20 16:57:05,849 - INFO - Beginning optimization with guess, [1.54242891].
2023-07-20 16:57:06,604 - INFO - Finished optimization with guess, [1.54242891].
2023-07-20 16:57:06,604 - INFO - Best fit parameters: [1.54242891].
2023-07-20 16:57:06,633 - INFO - Maximum log composite likelihood: -88.24706261016084.
2023-07-20 16:57:06,634 - INFO - Optimal value of theta: 207.4613680200932.
2023-07-20 16:57:06,634 - INFO - Beginning optimization with guess, [5.7794285].
2023-07-20 16:57:07,563 - INFO - Finished optimization with guess, [5.7794285].
2023-07-20 16:57:07,564 - INFO - Best fit parameters: [5.7794285].
2023-07-20 16:57:07,593 - INFO - Maximum log composite likelihood: -88.24706261016084.
2023-07-20 16:57:07,593 - INFO - Optimal value of theta: 207.4613680200932.
2023-07-20 16:57:07,593 - INFO - Beginning optimization with guess, [2.53088289].
2023-07-20 16:57:08,435 - INFO - Finished optimization with guess, [2.53088289].
2023-07-20 16:57:08,435 - INFO - Best fit parameters: [2.53088289].
2023-07-20 16:57:08,464 - INFO - Maximum log composite likelihood: -88.24706261016084.
2023-07-20 16:57:08,465 - INFO - Optimal value of theta: 207.4613680200932.
2023-07-20 16:57:08,465 - INFO - Beginning optimization with guess, [3.56460963].
2023-07-20 16:57:09,393 - INFO - Finished optimization with guess, [3.56460963].
2023-07-20 16:57:09,393 - INFO - Best fit parameters: [3.56460963].
2023-07-20 16:57:09,422 - INFO - Maximum log composite likelihood: -88.24706261016084.
2023-07-20 16:57:09,423 - INFO - Optimal value of theta: 207.4613680200932.
2023-07-20 16:57:09,423 - INFO - Beginning optimization with guess, [3.46342576].
2023-07-20 16:57:10,351 - INFO - Finished optimization with guess, [3.46342576].
2023-07-20 16:57:10,351 - INFO - Best fit parameters: [3.46342576].
2023-07-20 16:57:10,380 - INFO - Maximum log composite likelihood: -88.24706261016084.
2023-07-20 16:57:10,380 - INFO - Optimal value of theta: 207.4613680200932.
2023-07-20 16:57:10,381 - INFO - Beginning optimization with guess, [3.22749606].
2023-07-20 16:57:11,311 - INFO - Finished optimization with guess, [3.22749606].
2023-07-20 16:57:11,312 - INFO - Best fit parameters: [3.22749606].
2023-07-20 16:57:11,341 - INFO - Maximum log composite likelihood: -88.24706261016084.
2023-07-20 16:57:11,342 - INFO - Optimal value of theta: 207.4613680200932.
2023-07-20 16:57:11,342 - INFO - Beginning optimization with guess, [8.21506168].
2023-07-20 16:57:12,360 - INFO - Finished optimization with guess, [8.21506168].
2023-07-20 16:57:12,361 - INFO - Best fit parameters: [8.21506168].
2023-07-20 16:57:12,390 - INFO - Maximum log composite likelihood: -88.24706261016084.
2023-07-20 16:57:12,390 - INFO - Optimal value of theta: 207.4613680200932.
2023-07-20 16:57:12,392 - INFO - Beginning demographic inference for two-epoch demographic model.
2023-07-20 16:57:12,394 - INFO - Beginning optimization with guess, [0.05364512 0.00766066].
2023-07-20 16:57:14,387 - INFO - Finished optimization with guess, [0.05364512 0.00766066].
2023-07-20 16:57:14,387 - INFO - Best fit parameters: [0.00143246 0.00072216].
2023-07-20 16:57:14,428 - INFO - Maximum log composite likelihood: -23.1485664378815.
2023-07-20 16:57:14,429 - INFO - Optimal value of theta: 412.5870560650559.
2023-07-20 16:57:14,429 - INFO - Beginning optimization with guess, [0.2299472  0.01719659].
2023-07-20 16:57:16,535 - INFO - Finished optimization with guess, [0.2299472  0.01719659].
2023-07-20 16:57:16,536 - INFO - Best fit parameters: [0.00460843 0.00238563].
2023-07-20 16:57:16,577 - INFO - Maximum log composite likelihood: -23.173221635565653.
2023-07-20 16:57:16,577 - INFO - Optimal value of theta: 417.24921255518564.
2023-07-20 16:57:16,577 - INFO - Beginning optimization with guess, [0.42806991 0.00537239].
2023-07-20 16:57:18,659 - INFO - Finished optimization with guess, [0.42806991 0.00537239].
2023-07-20 16:57:18,659 - INFO - Best fit parameters: [0.00441795 0.00215912].
2023-07-20 16:57:18,699 - INFO - Maximum log composite likelihood: -23.177154371452247.
2023-07-20 16:57:18,699 - INFO - Optimal value of theta: 404.6500558313109.
2023-07-20 16:57:18,700 - INFO - Beginning optimization with guess, [0.59954873 0.01864222].
2023-07-20 16:57:20,671 - INFO - Finished optimization with guess, [0.59954873 0.01864222].
2023-07-20 16:57:20,671 - INFO - Best fit parameters: [0.00091131 0.0004627 ].
2023-07-20 16:57:20,712 - INFO - Maximum log composite likelihood: -23.146218267462302.
2023-07-20 16:57:20,712 - INFO - Optimal value of theta: 414.3954997712913.
2023-07-20 16:57:20,712 - INFO - Beginning optimization with guess, [0.32627828 0.01170317].
2023-07-20 16:57:22,723 - INFO - Finished optimization with guess, [0.32627828 0.01170317].
2023-07-20 16:57:22,724 - INFO - Best fit parameters: [0.00569754 0.00272406].
2023-07-20 16:57:22,764 - INFO - Maximum log composite likelihood: -23.200918736609054.
2023-07-20 16:57:22,764 - INFO - Optimal value of theta: 399.59253149995425.
2023-07-20 16:57:22,765 - INFO - Beginning optimization with guess, [0.38956964 0.00897458].
2023-07-20 16:57:24,753 - INFO - Finished optimization with guess, [0.38956964 0.00897458].
2023-07-20 16:57:24,753 - INFO - Best fit parameters: [0.01378146 0.00792519].
2023-07-20 16:57:24,795 - INFO - Maximum log composite likelihood: -23.256803786402656.
2023-07-20 16:57:24,795 - INFO - Optimal value of theta: 438.58658506078154.
2023-07-20 16:57:24,795 - INFO - Beginning optimization with guess, [1.06637185 0.01979843].
2023-07-20 16:57:26,525 - INFO - Finished optimization with guess, [1.06637185 0.01979843].
2023-07-20 16:57:26,525 - INFO - Best fit parameters: [0.85840728 0.32263886].
2023-07-20 16:57:26,563 - INFO - Maximum log composite likelihood: -78.74810373681268.
2023-07-20 16:57:26,563 - INFO - Optimal value of theta: 220.62635231962938.
2023-07-20 16:57:26,563 - INFO - Beginning optimization with guess, [0.81545743 0.00739729].
2023-07-20 16:57:28,397 - INFO - Finished optimization with guess, [0.81545743 0.00739729].
2023-07-20 16:57:28,397 - INFO - Best fit parameters: [0.05459986 0.02681891].
2023-07-20 16:57:28,437 - INFO - Maximum log composite likelihood: -24.288478908872833.
2023-07-20 16:57:28,437 - INFO - Optimal value of theta: 387.0783959023867.
2023-07-20 16:57:28,438 - INFO - Beginning optimization with guess, [0.7168584  0.01176044].
2023-07-20 16:57:30,184 - INFO - Finished optimization with guess, [0.7168584  0.01176044].
2023-07-20 16:57:30,185 - INFO - Best fit parameters: [0.04503795 0.03724739].
2023-07-20 16:57:30,233 - INFO - Maximum log composite likelihood: -23.841199795822433.
2023-07-20 16:57:30,233 - INFO - Optimal value of theta: 534.4778522920982.
2023-07-20 16:57:30,233 - INFO - Beginning optimization with guess, [1.96674639 0.00767973].
2023-07-20 16:57:33,021 - INFO - Finished optimization with guess, [1.96674639 0.00767973].
2023-07-20 16:57:33,021 - INFO - Best fit parameters: [0.11245909 0.10186775].
2023-07-20 16:57:33,070 - INFO - Maximum log composite likelihood: -27.64575795700594.
2023-07-20 16:57:33,070 - INFO - Optimal value of theta: 509.81626220479006.
2023-07-20 16:57:33,070 - INFO - Beginning optimization with guess, [2.35904352 0.0096897 ].
2023-07-20 16:57:35,778 - INFO - Finished optimization with guess, [2.35904352 0.0096897 ].
2023-07-20 16:57:35,779 - INFO - Best fit parameters: [0.12772888 0.04763231].
2023-07-20 16:57:35,817 - INFO - Maximum log composite likelihood: -28.5904350395233.
2023-07-20 16:57:35,817 - INFO - Optimal value of theta: 327.1746878250172.
2023-07-20 16:57:35,817 - INFO - Beginning optimization with guess, [1.61127488 0.01985118].
2023-07-20 16:57:37,989 - INFO - Finished optimization with guess, [1.61127488 0.01985118].
2023-07-20 16:57:37,989 - INFO - Best fit parameters: [0.03625956 0.01711642].
2023-07-20 16:57:38,029 - INFO - Maximum log composite likelihood: -23.819494455751027.
2023-07-20 16:57:38,029 - INFO - Optimal value of theta: 386.15467077361257.
2023-07-20 16:57:38,029 - INFO - Beginning optimization with guess, [1.04660422 0.00610842].
2023-07-20 16:57:43,693 - INFO - Finished optimization with guess, [1.04660422 0.00610842].
2023-07-20 16:57:43,693 - INFO - Best fit parameters: [0.69227237 0.06789434].
2023-07-20 16:57:43,725 - INFO - Maximum log composite likelihood: -74.35020016113643.
2023-07-20 16:57:43,725 - INFO - Optimal value of theta: 218.63686808510425.
2023-07-20 16:57:43,725 - INFO - Beginning optimization with guess, [3.23083442 0.00876092].
2023-07-20 16:57:46,523 - INFO - Finished optimization with guess, [3.23083442 0.00876092].
2023-07-20 16:57:46,524 - INFO - Best fit parameters: [0.14157168 0.10346054].
2023-07-20 16:57:46,570 - INFO - Maximum log composite likelihood: -28.652582574848765.
2023-07-20 16:57:46,570 - INFO - Optimal value of theta: 430.6399823364659.
2023-07-20 16:57:46,570 - INFO - Beginning optimization with guess, [1.86686102 0.01720308].
2023-07-20 16:57:48,436 - INFO - Finished optimization with guess, [1.86686102 0.01720308].
2023-07-20 16:57:48,436 - INFO - Best fit parameters: [0.08803604 0.04434557].
2023-07-20 16:57:48,477 - INFO - Maximum log composite likelihood: -25.52456935925352.
2023-07-20 16:57:48,477 - INFO - Optimal value of theta: 379.85915705592726.
2023-07-20 16:57:48,477 - INFO - Beginning optimization with guess, [1.77291127 0.01121204].
2023-07-20 16:57:50,972 - INFO - Finished optimization with guess, [1.77291127 0.01121204].
2023-07-20 16:57:50,973 - INFO - Best fit parameters: [0.15724367 0.12165398].
2023-07-20 16:57:51,018 - INFO - Maximum log composite likelihood: -30.01728953073976.
2023-07-20 16:57:51,019 - INFO - Optimal value of theta: 435.0071373024905.
2023-07-20 16:57:51,019 - INFO - Beginning optimization with guess, [3.73877735 0.00528574].
2023-07-20 16:57:54,482 - INFO - Finished optimization with guess, [3.73877735 0.00528574].
2023-07-20 16:57:54,483 - INFO - Best fit parameters: [0.11098498 0.08122547].
2023-07-20 16:57:54,528 - INFO - Maximum log composite likelihood: -26.723329003314575.
2023-07-20 16:57:54,528 - INFO - Optimal value of theta: 448.1735127149437.
2023-07-20 16:57:54,528 - INFO - Beginning optimization with guess, [3.24045231 0.00863554].
2023-07-20 16:57:57,336 - INFO - Finished optimization with guess, [3.24045231 0.00863554].
2023-07-20 16:57:57,336 - INFO - Best fit parameters: [0.14087191 0.10274884].
2023-07-20 16:57:57,381 - INFO - Maximum log composite likelihood: -28.598327359587245.
2023-07-20 16:57:57,382 - INFO - Optimal value of theta: 430.57452100042786.
2023-07-20 16:57:57,382 - INFO - Beginning optimization with guess, [4.9854894  0.00948077].
2023-07-20 16:57:59,507 - INFO - Finished optimization with guess, [4.9854894  0.00948077].
2023-07-20 16:57:59,508 - INFO - Best fit parameters: [0.01756094 0.02036619].
2023-07-20 16:57:59,562 - INFO - Maximum log composite likelihood: -23.47973563433223.
2023-07-20 16:57:59,562 - INFO - Optimal value of theta: 767.9120543125024.
2023-07-20 16:57:59,563 - INFO - Beginning optimization with guess, [2.09511661 0.01581184].
2023-07-20 16:58:01,333 - INFO - Finished optimization with guess, [2.09511661 0.01581184].
2023-07-20 16:58:01,333 - INFO - Best fit parameters: [0.02258355 0.00829436].
2023-07-20 16:58:01,364 - INFO - Maximum log composite likelihood: -24.221605591615003.
2023-07-20 16:58:01,364 - INFO - Optimal value of theta: 349.45223588460124.
2023-07-20 16:58:01,364 - INFO - Beginning optimization with guess, [3.55355    0.00653625].
2023-07-20 16:58:04,072 - INFO - Finished optimization with guess, [3.55355    0.00653625].
2023-07-20 16:58:04,072 - INFO - Best fit parameters: [0.1207953  0.08991948].
2023-07-20 16:58:04,110 - INFO - Maximum log composite likelihood: -27.366233075336766.
2023-07-20 16:58:04,110 - INFO - Optimal value of theta: 446.7308556844321.
2023-07-20 16:58:04,110 - INFO - Beginning optimization with guess, [6.22763766 0.0154134 ].
2023-07-20 16:58:06,047 - INFO - Finished optimization with guess, [6.22763766 0.0154134 ].
2023-07-20 16:58:06,048 - INFO - Best fit parameters: [0.00909264 0.00664224].
2023-07-20 16:58:06,085 - INFO - Maximum log composite likelihood: -23.368896400846523.
2023-07-20 16:58:06,085 - INFO - Optimal value of theta: 516.2163213446529.
2023-07-20 16:58:06,086 - INFO - Beginning optimization with guess, [9.89027673 0.01247443].
2023-07-20 16:58:09,149 - INFO - Finished optimization with guess, [9.89027673 0.01247443].
2023-07-20 16:58:09,149 - INFO - Best fit parameters: [0.00059852 0.00031519].
2023-07-20 16:58:09,183 - INFO - Maximum log composite likelihood: -23.15588175352528.
2023-07-20 16:58:09,183 - INFO - Optimal value of theta: 422.9739768790982.
2023-07-20 16:58:09,183 - INFO - Beginning optimization with guess, [6.98575862e+00 6.00443735e-03].
2023-07-20 16:58:12,336 - INFO - Finished optimization with guess, [6.98575862e+00 6.00443735e-03].
2023-07-20 16:58:12,337 - INFO - Best fit parameters: [0.01910225 0.00580657].
2023-07-20 16:58:12,367 - INFO - Maximum log composite likelihood: -25.28932142829558.
2023-07-20 16:58:12,367 - INFO - Optimal value of theta: 325.95591664632957.
2023-07-20 16:58:12,369 - INFO - Beginning demographic inference for three-epoch demographic model.
2023-07-20 16:58:12,373 - INFO - Beginning optimization with guess, [0.0185785  0.01999455 0.00528357 0.00915281].
2023-07-20 16:58:14,017 - INFO - Finished optimization with guess, [0.0185785  0.01999455 0.00528357 0.00915281].
2023-07-20 16:58:14,017 - INFO - Best fit parameters: [0.14152468 0.00458921 0.00269582 0.00222173].
2023-07-20 16:58:14,051 - INFO - Maximum log composite likelihood: -23.173628829635106.
2023-07-20 16:58:14,051 - INFO - Optimal value of theta: 409.7191155816008.
2023-07-20 16:58:14,051 - INFO - Beginning optimization with guess, [0.02064332 0.03792788 0.01570123 0.00898995].
2023-07-20 16:58:15,559 - INFO - Finished optimization with guess, [0.02064332 0.03792788 0.01570123 0.00898995].
2023-07-20 16:58:15,559 - INFO - Best fit parameters: [0.2643032  0.01067109 0.0067739  0.00593153].
2023-07-20 16:58:15,595 - INFO - Maximum log composite likelihood: -23.23486760434176.
2023-07-20 16:58:15,595 - INFO - Optimal value of theta: 440.02685821512495.
2023-07-20 16:58:15,595 - INFO - Beginning optimization with guess, [0.01620619 0.01810449 0.01281175 0.00977176].
2023-07-20 16:58:17,421 - INFO - Finished optimization with guess, [0.01620619 0.01810449 0.01281175 0.00977176].
2023-07-20 16:58:17,422 - INFO - Best fit parameters: [0.21236564 0.00737212 0.006951   0.00352785].
2023-07-20 16:58:17,463 - INFO - Maximum log composite likelihood: -23.199221618803136.
2023-07-20 16:58:17,463 - INFO - Optimal value of theta: 410.2839969864278.
2023-07-20 16:58:17,464 - INFO - Beginning optimization with guess, [0.02662587 0.06063142 0.00636753 0.01591529].
2023-07-20 16:58:19,431 - INFO - Finished optimization with guess, [0.02662587 0.06063142 0.00636753 0.01591529].
2023-07-20 16:58:19,432 - INFO - Best fit parameters: [2.09360377 0.00502777 0.04769419 0.0026112 ].
2023-07-20 16:58:19,473 - INFO - Maximum log composite likelihood: -23.178214328730547.
2023-07-20 16:58:19,474 - INFO - Optimal value of theta: 407.193532889039.
2023-07-20 16:58:19,474 - INFO - Beginning optimization with guess, [0.08326574 0.02757802 0.00525034 0.01350223].
2023-07-20 16:58:21,345 - INFO - Finished optimization with guess, [0.08326574 0.02757802 0.00525034 0.01350223].
2023-07-20 16:58:21,346 - INFO - Best fit parameters: [0.17144028 0.00381306 0.06614497 0.00112214].
2023-07-20 16:58:21,390 - INFO - Maximum log composite likelihood: -23.178286167851212.
2023-07-20 16:58:21,391 - INFO - Optimal value of theta: 454.52011538797194.
2023-07-20 16:58:21,391 - INFO - Beginning optimization with guess, [0.65463611 0.52851691 0.01758259 0.00960906].
2023-07-20 16:58:23,096 - INFO - Finished optimization with guess, [0.65463611 0.52851691 0.01758259 0.00960906].
2023-07-20 16:58:23,096 - INFO - Best fit parameters: [0.60032604 0.34533878 0.02306509 0.1445929 ].
2023-07-20 16:58:23,131 - INFO - Maximum log composite likelihood: -41.976702176411976.
2023-07-20 16:58:23,131 - INFO - Optimal value of theta: 297.6123355543157.
2023-07-20 16:58:23,132 - INFO - Beginning optimization with guess, [0.80128464 0.56742192 0.00884989 0.00669361].
2023-07-20 16:58:24,731 - INFO - Finished optimization with guess, [0.80128464 0.56742192 0.00884989 0.00669361].
2023-07-20 16:58:24,732 - INFO - Best fit parameters: [0.88692341 0.21976546 0.16536735 0.15505681].
2023-07-20 16:58:24,776 - INFO - Maximum log composite likelihood: -34.44395843105954.
2023-07-20 16:58:24,776 - INFO - Optimal value of theta: 392.0867483169224.
2023-07-20 16:58:24,776 - INFO - Beginning optimization with guess, [0.58788568 0.93872921 0.00615801 0.00848709].
2023-07-20 16:58:26,293 - INFO - Finished optimization with guess, [0.58788568 0.93872921 0.00615801 0.00848709].
2023-07-20 16:58:26,294 - INFO - Best fit parameters: [0.41964964 0.93856722 0.15162039 0.01223128].
2023-07-20 16:58:26,327 - INFO - Maximum log composite likelihood: -52.43141681003229.
2023-07-20 16:58:26,328 - INFO - Optimal value of theta: 269.3793670072945.
2023-07-20 16:58:26,328 - INFO - Beginning optimization with guess, [1.35664501 0.67578055 0.00560075 0.01027936].
2023-07-20 16:58:27,696 - INFO - Finished optimization with guess, [1.35664501 0.67578055 0.00560075 0.01027936].
2023-07-20 16:58:27,696 - INFO - Best fit parameters: [1.33871232 0.53755847 0.00577287 0.24485261].
2023-07-20 16:58:27,731 - INFO - Maximum log composite likelihood: -56.164782016807976.
2023-07-20 16:58:27,732 - INFO - Optimal value of theta: 264.89507955121314.
2023-07-20 16:58:27,732 - INFO - Beginning optimization with guess, [1.50567196 0.54388376 0.0068841  0.01756061].
2023-07-20 16:58:29,352 - INFO - Finished optimization with guess, [1.50567196 0.54388376 0.0068841  0.01756061].
2023-07-20 16:58:29,353 - INFO - Best fit parameters: [1.44565186 0.38388221 0.00759612 0.15996756].
2023-07-20 16:58:29,388 - INFO - Maximum log composite likelihood: -44.783524398881355.
2023-07-20 16:58:29,388 - INFO - Optimal value of theta: 285.86667559674623.
2023-07-20 16:58:29,388 - INFO - Beginning optimization with guess, [1.28016344 0.81469042 0.00762739 0.00746424].
2023-07-20 16:58:30,864 - INFO - Finished optimization with guess, [1.28016344 0.81469042 0.00762739 0.00746424].
2023-07-20 16:58:30,864 - INFO - Best fit parameters: [1.32978729 0.76484745 0.00341683 0.37566017].
2023-07-20 16:58:30,900 - INFO - Maximum log composite likelihood: -72.76708943363693.
2023-07-20 16:58:30,900 - INFO - Optimal value of theta: 234.40655016780534.
2023-07-20 16:58:30,900 - INFO - Beginning optimization with guess, [2.25244878 1.93760225 0.00710144 0.01933197].
2023-07-20 16:58:32,040 - INFO - Finished optimization with guess, [2.25244878 1.93760225 0.00710144 0.01933197].
2023-07-20 16:58:32,041 - INFO - Best fit parameters: [6.77656134e-01 1.37708089e+00 1.42344045e-04 1.14549649e-04].
2023-07-20 16:58:32,067 - INFO - Maximum log composite likelihood: -88.21900107021744.
2023-07-20 16:58:32,067 - INFO - Optimal value of theta: 207.4779009707732.
2023-07-20 16:58:32,068 - INFO - Beginning optimization with guess, [2.1892224  0.97221614 0.014533   0.01397757].
2023-07-20 16:58:33,460 - INFO - Finished optimization with guess, [2.1892224  0.97221614 0.014533   0.01397757].
2023-07-20 16:58:33,460 - INFO - Best fit parameters: [1.02150341 0.94233585 0.00106249 0.25929517].
2023-07-20 16:58:33,492 - INFO - Maximum log composite likelihood: -84.44794614332781.
2023-07-20 16:58:33,492 - INFO - Optimal value of theta: 211.70714587074687.
2023-07-20 16:58:33,492 - INFO - Beginning optimization with guess, [3.99915491 3.77470986 0.00942154 0.01741829].
2023-07-20 16:58:34,651 - INFO - Finished optimization with guess, [3.99915491 3.77470986 0.00942154 0.01741829].
2023-07-20 16:58:34,651 - INFO - Best fit parameters: [5.39565985e-01 2.42525267e+00 3.99431949e-04 1.57826776e-04].
2023-07-20 16:58:34,677 - INFO - Maximum log composite likelihood: -88.05687076246443.
2023-07-20 16:58:34,677 - INFO - Optimal value of theta: 207.5738920974625.
2023-07-20 16:58:34,678 - INFO - Beginning optimization with guess, [2.42893168 1.55250065 0.01895421 0.01820131].
2023-07-20 16:58:35,892 - INFO - Finished optimization with guess, [2.42893168 1.55250065 0.01895421 0.01820131].
2023-07-20 16:58:35,893 - INFO - Best fit parameters: [1.66488106e+00 6.96670833e-01 6.06598543e-05 5.55575582e-04].
2023-07-20 16:58:35,919 - INFO - Maximum log composite likelihood: -88.0795276101847.
2023-07-20 16:58:35,919 - INFO - Optimal value of theta: 207.5603091183291.
2023-07-20 16:58:35,920 - INFO - Beginning optimization with guess, [4.55415382 1.71125607 0.01022685 0.00608517].
2023-07-20 16:58:37,069 - INFO - Finished optimization with guess, [4.55415382 1.71125607 0.01022685 0.00608517].
2023-07-20 16:58:37,069 - INFO - Best fit parameters: [2.85400086e+00 9.52542435e-01 4.85443591e-05 1.68879060e-03].
2023-07-20 16:58:37,094 - INFO - Maximum log composite likelihood: -88.20704090106432.
2023-07-20 16:58:37,095 - INFO - Optimal value of theta: 207.4851244838422.
2023-07-20 16:58:37,095 - INFO - Beginning optimization with guess, [4.31789344 4.69646181 0.00662164 0.00636529].
2023-07-20 16:58:38,187 - INFO - Finished optimization with guess, [4.31789344 4.69646181 0.00662164 0.00636529].
2023-07-20 16:58:38,187 - INFO - Best fit parameters: [1.29026109e+00 5.09136176e-01 7.27479001e-05 2.90224963e-04].
2023-07-20 16:58:38,212 - INFO - Maximum log composite likelihood: -88.04374276006487.
2023-07-20 16:58:38,212 - INFO - Optimal value of theta: 207.58130032834558.
2023-07-20 16:58:38,212 - INFO - Beginning optimization with guess, [5.90976878 5.98157446 0.01480218 0.00785624].
2023-07-20 16:58:39,330 - INFO - Finished optimization with guess, [5.90976878 5.98157446 0.01480218 0.00785624].
2023-07-20 16:58:39,330 - INFO - Best fit parameters: [3.65943423e+00 3.57289526e-01 8.50643672e-05 1.59464860e-04].
2023-07-20 16:58:39,355 - INFO - Maximum log composite likelihood: -88.07309847048404.
2023-07-20 16:58:39,355 - INFO - Optimal value of theta: 207.56389684251576.
2023-07-20 16:58:39,356 - INFO - Beginning optimization with guess, [2.05206856 5.47726779 0.01783125 0.00647479].
2023-07-20 16:58:40,400 - INFO - Finished optimization with guess, [2.05206856 5.47726779 0.01783125 0.00647479].
2023-07-20 16:58:40,400 - INFO - Best fit parameters: [4.05170689e-01 7.19507153e+00 8.11250283e-04 1.41113868e-05].
2023-07-20 16:58:40,425 - INFO - Maximum log composite likelihood: -87.35434255330136.
2023-07-20 16:58:40,426 - INFO - Optimal value of theta: 207.99380136767616.
2023-07-20 16:58:40,426 - INFO - Beginning optimization with guess, [5.05608144 3.53841599 0.01134509 0.0098753 ].
2023-07-20 16:58:41,546 - INFO - Finished optimization with guess, [5.05608144 3.53841599 0.01134509 0.0098753 ].
2023-07-20 16:58:41,548 - INFO - Best fit parameters: [5.76654914e-01 6.51288375e-01 8.04641266e-05 7.05765241e-05].
2023-07-20 16:58:41,573 - INFO - Maximum log composite likelihood: -88.17195944230193.
2023-07-20 16:58:41,573 - INFO - Optimal value of theta: 207.50555079902296.
2023-07-20 16:58:41,573 - INFO - Beginning optimization with guess, [3.10503222 6.70144892 0.01293995 0.01933117].
2023-07-20 16:58:42,691 - INFO - Finished optimization with guess, [3.10503222 6.70144892 0.01293995 0.01933117].
2023-07-20 16:58:42,691 - INFO - Best fit parameters: [6.03900700e-01 3.55647411e+00 6.80189671e-04 1.97691430e-04].
2023-07-20 16:58:42,716 - INFO - Maximum log composite likelihood: -88.01582908624474.
2023-07-20 16:58:42,716 - INFO - Optimal value of theta: 207.5986982408267.
2023-07-20 16:58:42,716 - INFO - Beginning optimization with guess, [5.62783733e+00 3.32993240e+00 5.50150698e-03 1.00226205e-02].
2023-07-20 16:58:43,759 - INFO - Finished optimization with guess, [5.62783733e+00 3.32993240e+00 5.50150698e-03 1.00226205e-02].
2023-07-20 16:58:43,759 - INFO - Best fit parameters: [7.42509280e+00 2.20497889e-01 9.83551340e-06 2.93057436e-04].
2023-07-20 16:58:43,784 - INFO - Maximum log composite likelihood: -87.46182821157637.
2023-07-20 16:58:43,784 - INFO - Optimal value of theta: 207.92764066744536.
2023-07-20 16:58:43,784 - INFO - Beginning optimization with guess, [7.1071428  3.57994391 0.00865583 0.01309786].
2023-07-20 16:58:44,877 - INFO - Finished optimization with guess, [7.1071428  3.57994391 0.00865583 0.01309786].
2023-07-20 16:58:44,877 - INFO - Best fit parameters: [5.83951497e+00 4.49638796e-01 8.47402219e-06 9.00598964e-03].
2023-07-20 16:58:44,902 - INFO - Maximum log composite likelihood: -80.83804596996188.
2023-07-20 16:58:44,903 - INFO - Optimal value of theta: 212.2489278073804.
2023-07-20 16:58:44,903 - INFO - Beginning optimization with guess, [1.37127295e+01 1.37741381e+01 5.04299372e-03 9.18794073e-03].
2023-07-20 16:58:46,044 - INFO - Finished optimization with guess, [1.37127295e+01 1.37741381e+01 5.04299372e-03 9.18794073e-03].
2023-07-20 16:58:46,044 - INFO - Best fit parameters: [1.41822058e-01 4.46953714e+00 4.62601398e-04 2.00438979e-05].
2023-07-20 16:58:46,069 - INFO - Maximum log composite likelihood: -86.17158589873895.
2023-07-20 16:58:46,069 - INFO - Optimal value of theta: 208.7136621048654.
2023-07-20 16:58:46,072 - INFO - Finished demographic inference.
2023-07-20 16:58:46,072 - INFO - Pipeline executed succesfully.
