2023-07-20 16:54:10,776 - INFO - Beginning execution of fit_one_epoch.py in directory /u/project/ngarud/jonmah/demo_for_ccgb/Scripts

2023-07-20 16:54:10,776 - INFO - Progress is being logged to ../Analysis/Akkermansia_muciniphila_55290_downsampled_14/core_log.log

2023-07-20 16:54:10,776 - INFO - Parsed the following arguments:
	syn_input_sfs = ../Analysis/Akkermansia_muciniphila_55290_downsampled_14/core_empirical_syn_downsampled_sfs.txt
	mask_singletons = False
	mask_doubletons = False
	outprefix = ../Analysis/Akkermansia_muciniphila_55290_downsampled_14/core

2023-07-20 16:54:10,778 - INFO - Beginning demographic inference for one-epoch demographic model.
2023-07-20 16:54:10,782 - INFO - Beginning optimization with guess, [0.12391519].
2023-07-20 16:54:11,577 - INFO - Finished optimization with guess, [0.12391519].
2023-07-20 16:54:11,578 - INFO - Best fit parameters: [0.12391519].
2023-07-20 16:54:11,600 - INFO - Maximum log composite likelihood: -425.8827610737753.
2023-07-20 16:54:11,601 - INFO - Optimal value of theta: 8193.625213192858.
2023-07-20 16:54:11,601 - INFO - Beginning optimization with guess, [0.11853155].
2023-07-20 16:54:12,391 - INFO - Finished optimization with guess, [0.11853155].
2023-07-20 16:54:12,391 - INFO - Best fit parameters: [0.11853155].
2023-07-20 16:54:12,414 - INFO - Maximum log composite likelihood: -425.8827610737753.
2023-07-20 16:54:12,414 - INFO - Optimal value of theta: 8193.625213192858.
2023-07-20 16:54:12,414 - INFO - Beginning optimization with guess, [0.34353005].
2023-07-20 16:54:13,136 - INFO - Finished optimization with guess, [0.34353005].
2023-07-20 16:54:13,136 - INFO - Best fit parameters: [0.34353005].
2023-07-20 16:54:13,159 - INFO - Maximum log composite likelihood: -425.8827610737753.
2023-07-20 16:54:13,159 - INFO - Optimal value of theta: 8193.625213192858.
2023-07-20 16:54:13,159 - INFO - Beginning optimization with guess, [0.50243409].
2023-07-20 16:54:13,816 - INFO - Finished optimization with guess, [0.50243409].
2023-07-20 16:54:13,817 - INFO - Best fit parameters: [0.50243409].
2023-07-20 16:54:13,840 - INFO - Maximum log composite likelihood: -425.8827610737753.
2023-07-20 16:54:13,840 - INFO - Optimal value of theta: 8193.625213192858.
2023-07-20 16:54:13,841 - INFO - Beginning optimization with guess, [0.35308098].
2023-07-20 16:54:14,562 - INFO - Finished optimization with guess, [0.35308098].
2023-07-20 16:54:14,562 - INFO - Best fit parameters: [0.35308098].
2023-07-20 16:54:14,584 - INFO - Maximum log composite likelihood: -425.8827610737753.
2023-07-20 16:54:14,584 - INFO - Optimal value of theta: 8193.625213192858.
2023-07-20 16:54:14,585 - INFO - Beginning optimization with guess, [0.39996254].
2023-07-20 16:54:15,240 - INFO - Finished optimization with guess, [0.39996254].
2023-07-20 16:54:15,240 - INFO - Best fit parameters: [0.39996254].
2023-07-20 16:54:15,263 - INFO - Maximum log composite likelihood: -425.8827610737753.
2023-07-20 16:54:15,263 - INFO - Optimal value of theta: 8193.625213192858.
2023-07-20 16:54:15,263 - INFO - Beginning optimization with guess, [0.83810369].
2023-07-20 16:54:15,782 - INFO - Finished optimization with guess, [0.83810369].
2023-07-20 16:54:15,782 - INFO - Best fit parameters: [0.83810369].
2023-07-20 16:54:15,805 - INFO - Maximum log composite likelihood: -425.8827610737753.
2023-07-20 16:54:15,805 - INFO - Optimal value of theta: 8193.625213192858.
2023-07-20 16:54:15,806 - INFO - Beginning optimization with guess, [0.40510929].
2023-07-20 16:54:16,467 - INFO - Finished optimization with guess, [0.40510929].
2023-07-20 16:54:16,468 - INFO - Best fit parameters: [0.40510929].
2023-07-20 16:54:16,491 - INFO - Maximum log composite likelihood: -425.8827610737753.
2023-07-20 16:54:16,491 - INFO - Optimal value of theta: 8193.625213192858.
2023-07-20 16:54:16,491 - INFO - Beginning optimization with guess, [1.03218205].
2023-07-20 16:54:16,818 - INFO - Finished optimization with guess, [1.03218205].
2023-07-20 16:54:16,818 - INFO - Best fit parameters: [1.03218205].
2023-07-20 16:54:16,841 - INFO - Maximum log composite likelihood: -425.8827610737753.
2023-07-20 16:54:16,842 - INFO - Optimal value of theta: 8193.625213192858.
2023-07-20 16:54:16,842 - INFO - Beginning optimization with guess, [1.02587952].
2023-07-20 16:54:17,171 - INFO - Finished optimization with guess, [1.02587952].
2023-07-20 16:54:17,171 - INFO - Best fit parameters: [1.02587952].
2023-07-20 16:54:17,194 - INFO - Maximum log composite likelihood: -425.8827610737753.
2023-07-20 16:54:17,194 - INFO - Optimal value of theta: 8193.625213192858.
2023-07-20 16:54:17,195 - INFO - Beginning optimization with guess, [0.62709769].
2023-07-20 16:54:17,801 - INFO - Finished optimization with guess, [0.62709769].
2023-07-20 16:54:17,801 - INFO - Best fit parameters: [0.62709769].
2023-07-20 16:54:17,824 - INFO - Maximum log composite likelihood: -425.8827610737753.
2023-07-20 16:54:17,825 - INFO - Optimal value of theta: 8193.625213192858.
2023-07-20 16:54:17,825 - INFO - Beginning optimization with guess, [1.12190891].
2023-07-20 16:54:18,293 - INFO - Finished optimization with guess, [1.12190891].
2023-07-20 16:54:18,293 - INFO - Best fit parameters: [1.12190891].
2023-07-20 16:54:18,316 - INFO - Maximum log composite likelihood: -425.8827610737753.
2023-07-20 16:54:18,317 - INFO - Optimal value of theta: 8193.625213192858.
2023-07-20 16:54:18,317 - INFO - Beginning optimization with guess, [2.28508052].
2023-07-20 16:54:18,992 - INFO - Finished optimization with guess, [2.28508052].
2023-07-20 16:54:18,993 - INFO - Best fit parameters: [2.28508052].
2023-07-20 16:54:19,017 - INFO - Maximum log composite likelihood: -425.8827610737753.
2023-07-20 16:54:19,017 - INFO - Optimal value of theta: 8193.625213192858.
2023-07-20 16:54:19,017 - INFO - Beginning optimization with guess, [1.28252876].
2023-07-20 16:54:19,554 - INFO - Finished optimization with guess, [1.28252876].
2023-07-20 16:54:19,554 - INFO - Best fit parameters: [1.28252876].
2023-07-20 16:54:19,578 - INFO - Maximum log composite likelihood: -425.8827610737753.
2023-07-20 16:54:19,578 - INFO - Optimal value of theta: 8193.625213192858.
2023-07-20 16:54:19,578 - INFO - Beginning optimization with guess, [1.61959217].
2023-07-20 16:54:20,186 - INFO - Finished optimization with guess, [1.61959217].
2023-07-20 16:54:20,186 - INFO - Best fit parameters: [1.61959217].
2023-07-20 16:54:20,210 - INFO - Maximum log composite likelihood: -425.8827610737753.
2023-07-20 16:54:20,211 - INFO - Optimal value of theta: 8193.625213192858.
2023-07-20 16:54:20,211 - INFO - Beginning optimization with guess, [3.70040101].
2023-07-20 16:54:20,972 - INFO - Finished optimization with guess, [3.70040101].
2023-07-20 16:54:20,972 - INFO - Best fit parameters: [3.70040101].
2023-07-20 16:54:20,996 - INFO - Maximum log composite likelihood: -425.8827610737753.
2023-07-20 16:54:20,996 - INFO - Optimal value of theta: 8193.625213192858.
2023-07-20 16:54:20,997 - INFO - Beginning optimization with guess, [3.52081582].
2023-07-20 16:54:21,757 - INFO - Finished optimization with guess, [3.52081582].
2023-07-20 16:54:21,757 - INFO - Best fit parameters: [3.52081582].
2023-07-20 16:54:21,781 - INFO - Maximum log composite likelihood: -425.8827610737753.
2023-07-20 16:54:21,781 - INFO - Optimal value of theta: 8193.625213192858.
2023-07-20 16:54:21,781 - INFO - Beginning optimization with guess, [4.60965643].
2023-07-20 16:54:22,543 - INFO - Finished optimization with guess, [4.60965643].
2023-07-20 16:54:22,543 - INFO - Best fit parameters: [4.60965643].
2023-07-20 16:54:22,567 - INFO - Maximum log composite likelihood: -425.8827610737753.
2023-07-20 16:54:22,568 - INFO - Optimal value of theta: 8193.625213192858.
2023-07-20 16:54:22,568 - INFO - Beginning optimization with guess, [3.05306447].
2023-07-20 16:54:23,308 - INFO - Finished optimization with guess, [3.05306447].
2023-07-20 16:54:23,308 - INFO - Best fit parameters: [3.05306447].
2023-07-20 16:54:23,331 - INFO - Maximum log composite likelihood: -425.8827610737753.
2023-07-20 16:54:23,332 - INFO - Optimal value of theta: 8193.625213192858.
2023-07-20 16:54:23,332 - INFO - Beginning optimization with guess, [2.24471159].
2023-07-20 16:54:23,997 - INFO - Finished optimization with guess, [2.24471159].
2023-07-20 16:54:23,998 - INFO - Best fit parameters: [2.24471159].
2023-07-20 16:54:24,022 - INFO - Maximum log composite likelihood: -425.8827610737753.
2023-07-20 16:54:24,022 - INFO - Optimal value of theta: 8193.625213192858.
2023-07-20 16:54:24,022 - INFO - Beginning optimization with guess, [5.18727928].
2023-07-20 16:54:24,757 - INFO - Finished optimization with guess, [5.18727928].
2023-07-20 16:54:24,757 - INFO - Best fit parameters: [5.18727928].
2023-07-20 16:54:24,781 - INFO - Maximum log composite likelihood: -425.8827610737753.
2023-07-20 16:54:24,781 - INFO - Optimal value of theta: 8193.625213192858.
2023-07-20 16:54:24,781 - INFO - Beginning optimization with guess, [4.3598669].
2023-07-20 16:54:25,516 - INFO - Finished optimization with guess, [4.3598669].
2023-07-20 16:54:25,516 - INFO - Best fit parameters: [4.3598669].
2023-07-20 16:54:25,539 - INFO - Maximum log composite likelihood: -425.8827610737753.
2023-07-20 16:54:25,539 - INFO - Optimal value of theta: 8193.625213192858.
2023-07-20 16:54:25,539 - INFO - Beginning optimization with guess, [5.98152019].
2023-07-20 16:54:26,276 - INFO - Finished optimization with guess, [5.98152019].
2023-07-20 16:54:26,276 - INFO - Best fit parameters: [5.98152019].
2023-07-20 16:54:26,299 - INFO - Maximum log composite likelihood: -425.8827610737753.
2023-07-20 16:54:26,299 - INFO - Optimal value of theta: 8193.625213192858.
2023-07-20 16:54:26,299 - INFO - Beginning optimization with guess, [4.43551055].
2023-07-20 16:54:27,035 - INFO - Finished optimization with guess, [4.43551055].
2023-07-20 16:54:27,035 - INFO - Best fit parameters: [4.43551055].
2023-07-20 16:54:27,058 - INFO - Maximum log composite likelihood: -425.8827610737753.
2023-07-20 16:54:27,059 - INFO - Optimal value of theta: 8193.625213192858.
2023-07-20 16:54:27,060 - INFO - Beginning demographic inference for two-epoch demographic model.
2023-07-20 16:54:27,063 - INFO - Beginning optimization with guess, [0.19774655 0.01808349].
2023-07-20 16:54:28,224 - INFO - Finished optimization with guess, [0.19774655 0.01808349].
2023-07-20 16:54:28,224 - INFO - Best fit parameters: [0.42875053 0.14498832].
2023-07-20 16:54:28,255 - INFO - Maximum log composite likelihood: -35.45640895074939.
2023-07-20 16:54:28,255 - INFO - Optimal value of theta: 10586.293651633316.
2023-07-20 16:54:28,255 - INFO - Beginning optimization with guess, [0.38683159 0.01794176].
2023-07-20 16:54:29,602 - INFO - Finished optimization with guess, [0.38683159 0.01794176].
2023-07-20 16:54:29,603 - INFO - Best fit parameters: [0.43286336 0.16716417].
2023-07-20 16:54:29,634 - INFO - Maximum log composite likelihood: -35.35003767793569.
2023-07-20 16:54:29,634 - INFO - Optimal value of theta: 10821.555467946177.
2023-07-20 16:54:29,634 - INFO - Beginning optimization with guess, [0.26723792 0.01211647].
2023-07-20 16:54:30,909 - INFO - Finished optimization with guess, [0.26723792 0.01211647].
2023-07-20 16:54:30,909 - INFO - Best fit parameters: [0.43333033 0.16557204].
2023-07-20 16:54:30,940 - INFO - Maximum log composite likelihood: -35.35188548847327.
2023-07-20 16:54:30,941 - INFO - Optimal value of theta: 10797.176945272815.
2023-07-20 16:54:30,941 - INFO - Beginning optimization with guess, [0.7950523  0.01297755].
2023-07-20 16:54:32,396 - INFO - Finished optimization with guess, [0.7950523  0.01297755].
2023-07-20 16:54:32,396 - INFO - Best fit parameters: [0.41878273 0.13587691].
2023-07-20 16:54:32,425 - INFO - Maximum log composite likelihood: -35.58922912290291.
2023-07-20 16:54:32,425 - INFO - Optimal value of theta: 10562.083699647705.
2023-07-20 16:54:32,425 - INFO - Beginning optimization with guess, [0.37409871 0.00998679].
2023-07-20 16:54:33,768 - INFO - Finished optimization with guess, [0.37409871 0.00998679].
2023-07-20 16:54:33,768 - INFO - Best fit parameters: [0.43437365 0.15789542].
2023-07-20 16:54:33,798 - INFO - Maximum log composite likelihood: -35.398019641650535.
2023-07-20 16:54:33,798 - INFO - Optimal value of theta: 10692.46393510971.
2023-07-20 16:54:33,799 - INFO - Beginning optimization with guess, [0.82895637 0.01497972].
2023-07-20 16:54:35,205 - INFO - Finished optimization with guess, [0.82895637 0.01497972].
2023-07-20 16:54:35,206 - INFO - Best fit parameters: [0.45063431 0.15321519].
2023-07-20 16:54:35,235 - INFO - Maximum log composite likelihood: -36.59359827316257.
2023-07-20 16:54:35,235 - INFO - Optimal value of theta: 10478.69488764932.
2023-07-20 16:54:35,236 - INFO - Beginning optimization with guess, [0.76805876 0.01508516].
2023-07-20 16:54:36,676 - INFO - Finished optimization with guess, [0.76805876 0.01508516].
2023-07-20 16:54:36,676 - INFO - Best fit parameters: [0.42048429 0.14410588].
2023-07-20 16:54:36,706 - INFO - Maximum log composite likelihood: -35.51257958460701.
2023-07-20 16:54:36,706 - INFO - Optimal value of theta: 10656.91674828551.
2023-07-20 16:54:36,706 - INFO - Beginning optimization with guess, [0.69707816 0.01447028].
2023-07-20 16:54:38,064 - INFO - Finished optimization with guess, [0.69707816 0.01447028].
2023-07-20 16:54:38,064 - INFO - Best fit parameters: [0.43501351 0.1675989 ].
2023-07-20 16:54:38,095 - INFO - Maximum log composite likelihood: -35.369176764868826.
2023-07-20 16:54:38,096 - INFO - Optimal value of theta: 10803.654537824377.
2023-07-20 16:54:38,096 - INFO - Beginning optimization with guess, [1.43897702 0.00883694].
2023-07-20 16:54:40,127 - INFO - Finished optimization with guess, [1.43897702 0.00883694].
2023-07-20 16:54:40,127 - INFO - Best fit parameters: [0.4619985  0.17342528].
2023-07-20 16:54:40,157 - INFO - Maximum log composite likelihood: -37.33486380429531.
2023-07-20 16:54:40,158 - INFO - Optimal value of theta: 10593.730717157212.
2023-07-20 16:54:40,158 - INFO - Beginning optimization with guess, [0.69276984 0.01089945].
2023-07-20 16:54:41,516 - INFO - Finished optimization with guess, [0.69276984 0.01089945].
2023-07-20 16:54:41,518 - INFO - Best fit parameters: [0.42958886 0.16648778].
2023-07-20 16:54:41,548 - INFO - Maximum log composite likelihood: -35.361934331185694.
2023-07-20 16:54:41,548 - INFO - Optimal value of theta: 10848.888091260491.
2023-07-20 16:54:41,548 - INFO - Beginning optimization with guess, [0.63864841 0.01332904].
2023-07-20 16:54:42,999 - INFO - Finished optimization with guess, [0.63864841 0.01332904].
2023-07-20 16:54:42,999 - INFO - Best fit parameters: [0.42942579 0.15852932].
2023-07-20 16:54:43,029 - INFO - Maximum log composite likelihood: -35.35128954756874.
2023-07-20 16:54:43,029 - INFO - Optimal value of theta: 10751.632813361704.
2023-07-20 16:54:43,029 - INFO - Beginning optimization with guess, [1.19358804 0.01418563].
2023-07-20 16:54:47,432 - INFO - Finished optimization with guess, [1.19358804 0.01418563].
2023-07-20 16:54:47,433 - INFO - Best fit parameters: [0.67540105 0.33504465].
2023-07-20 16:54:47,465 - INFO - Maximum log composite likelihood: -139.11265562713925.
2023-07-20 16:54:47,466 - INFO - Optimal value of theta: 9756.530028080371.
2023-07-20 16:54:47,466 - INFO - Beginning optimization with guess, [0.93539986 0.00569691].
2023-07-20 16:54:48,923 - INFO - Finished optimization with guess, [0.93539986 0.00569691].
2023-07-20 16:54:48,923 - INFO - Best fit parameters: [0.44399298 0.17483882].
2023-07-20 16:54:48,954 - INFO - Maximum log composite likelihood: -35.651213123172056.
2023-07-20 16:54:48,954 - INFO - Optimal value of theta: 10792.487629009345.
2023-07-20 16:54:48,954 - INFO - Beginning optimization with guess, [1.10113988 0.01846549].
2023-07-20 16:54:50,375 - INFO - Finished optimization with guess, [1.10113988 0.01846549].
2023-07-20 16:54:50,375 - INFO - Best fit parameters: [0.79540596 0.31621777].
2023-07-20 16:54:50,406 - INFO - Maximum log composite likelihood: -228.9248919317415.
2023-07-20 16:54:50,406 - INFO - Optimal value of theta: 8995.092495675817.
2023-07-20 16:54:50,406 - INFO - Beginning optimization with guess, [3.01255131 0.01538667].
2023-07-20 16:54:52,334 - INFO - Finished optimization with guess, [3.01255131 0.01538667].
2023-07-20 16:54:52,334 - INFO - Best fit parameters: [0.42786293 0.21800089].
2023-07-20 16:54:52,366 - INFO - Maximum log composite likelihood: -35.79084671122837.
2023-07-20 16:54:52,367 - INFO - Optimal value of theta: 11483.883605558756.
2023-07-20 16:54:52,367 - INFO - Beginning optimization with guess, [2.68433042 0.01700998].
2023-07-20 16:54:54,264 - INFO - Finished optimization with guess, [2.68433042 0.01700998].
2023-07-20 16:54:54,264 - INFO - Best fit parameters: [0.43217231 0.18224781].
2023-07-20 16:54:54,295 - INFO - Maximum log composite likelihood: -35.42330453226532.
2023-07-20 16:54:54,295 - INFO - Optimal value of theta: 11010.594395519629.
2023-07-20 16:54:54,295 - INFO - Beginning optimization with guess, [2.88669412 0.01092773].
2023-07-20 16:54:56,332 - INFO - Finished optimization with guess, [2.88669412 0.01092773].
2023-07-20 16:54:56,333 - INFO - Best fit parameters: [0.43142741 0.19187597].
2023-07-20 16:54:56,364 - INFO - Maximum log composite likelihood: -35.50753511783296.
2023-07-20 16:54:56,365 - INFO - Optimal value of theta: 11133.302792632501.
2023-07-20 16:54:56,365 - INFO - Beginning optimization with guess, [1.98081076 0.01361801].
2023-07-20 16:54:58,241 - INFO - Finished optimization with guess, [1.98081076 0.01361801].
2023-07-20 16:54:58,241 - INFO - Best fit parameters: [0.41078877 0.18719246].
2023-07-20 16:54:58,272 - INFO - Maximum log composite likelihood: -36.68186652045733.
2023-07-20 16:54:58,272 - INFO - Optimal value of theta: 11339.04181033254.
2023-07-20 16:54:58,273 - INFO - Beginning optimization with guess, [4.00337893 0.01756627].
2023-07-20 16:54:59,873 - INFO - Finished optimization with guess, [4.00337893 0.01756627].
2023-07-20 16:54:59,873 - INFO - Best fit parameters: [0.42543862 0.2166269 ].
2023-07-20 16:54:59,905 - INFO - Maximum log composite likelihood: -35.81668218321829.
2023-07-20 16:54:59,905 - INFO - Optimal value of theta: 11501.834610636712.
2023-07-20 16:54:59,905 - INFO - Beginning optimization with guess, [4.83883003 0.0169273 ].
2023-07-20 16:55:01,241 - INFO - Finished optimization with guess, [4.83883003 0.0169273 ].
2023-07-20 16:55:01,241 - INFO - Best fit parameters: [0.42818381 0.19209114].
2023-07-20 16:55:01,273 - INFO - Maximum log composite likelihood: -35.567043972758256.
2023-07-20 16:55:01,273 - INFO - Optimal value of theta: 11175.935141229562.
2023-07-20 16:55:01,273 - INFO - Beginning optimization with guess, [3.2227944  0.00953317].
2023-07-20 16:55:03,456 - INFO - Finished optimization with guess, [3.2227944  0.00953317].
2023-07-20 16:55:03,458 - INFO - Best fit parameters: [0.42222541 0.14663957].
2023-07-20 16:55:03,487 - INFO - Maximum log composite likelihood: -35.46654903566014.
2023-07-20 16:55:03,488 - INFO - Optimal value of theta: 10672.98944179338.
2023-07-20 16:55:03,488 - INFO - Beginning optimization with guess, [3.27196123 0.0064476 ].
2023-07-20 16:55:05,939 - INFO - Finished optimization with guess, [3.27196123 0.0064476 ].
2023-07-20 16:55:05,940 - INFO - Best fit parameters: [0.42029403 0.21359603].
2023-07-20 16:55:05,972 - INFO - Maximum log composite likelihood: -35.96942167692214.
2023-07-20 16:55:05,972 - INFO - Optimal value of theta: 11538.61290677322.
2023-07-20 16:55:05,972 - INFO - Beginning optimization with guess, [6.22141406 0.01190441].
2023-07-20 16:55:08,082 - INFO - Finished optimization with guess, [6.22141406 0.01190441].
2023-07-20 16:55:08,083 - INFO - Best fit parameters: [0.40199289 0.11148154].
2023-07-20 16:55:08,112 - INFO - Maximum log composite likelihood: -36.37714514827894.
2023-07-20 16:55:08,113 - INFO - Optimal value of theta: 10361.269416697496.
2023-07-20 16:55:08,113 - INFO - Beginning optimization with guess, [1.02097602e+01 6.56615711e-03].
2023-07-20 16:55:10,922 - INFO - Finished optimization with guess, [1.02097602e+01 6.56615711e-03].
2023-07-20 16:55:10,922 - INFO - Best fit parameters: [0.40532415 0.12142148].
2023-07-20 16:55:10,951 - INFO - Maximum log composite likelihood: -36.116966944215164.
2023-07-20 16:55:10,952 - INFO - Optimal value of theta: 10483.114651895456.
2023-07-20 16:55:10,953 - INFO - Beginning demographic inference for three-epoch demographic model.
2023-07-20 16:55:10,959 - INFO - Beginning optimization with guess, [0.0061476  0.00702859 0.00571414 0.00597548].
2023-07-20 16:55:15,894 - INFO - Finished optimization with guess, [0.0061476  0.00702859 0.00571414 0.00597548].
2023-07-20 16:55:15,896 - INFO - Best fit parameters: [0.00358655 0.00550543 0.01571027 0.00574941].
2023-07-20 16:55:16,010 - INFO - Maximum log composite likelihood: -37.36252238505949.
2023-07-20 16:55:16,011 - INFO - Optimal value of theta: 954919.6386053727.
2023-07-20 16:55:16,011 - INFO - Beginning optimization with guess, [0.0204224  0.02127612 0.01072886 0.01463143].
2023-07-20 16:55:20,243 - INFO - Finished optimization with guess, [0.0204224  0.02127612 0.01072886 0.01463143].
2023-07-20 16:55:20,244 - INFO - Best fit parameters: [0.00978369 0.01956567 0.00936189 0.06367577].
2023-07-20 16:55:20,338 - INFO - Maximum log composite likelihood: -37.35454340557226.
2023-07-20 16:55:20,339 - INFO - Optimal value of theta: 261283.04784256042.
2023-07-20 16:55:20,339 - INFO - Beginning optimization with guess, [0.01668145 0.01771728 0.01741788 0.01640278].
2023-07-20 16:55:24,812 - INFO - Finished optimization with guess, [0.01668145 0.01771728 0.01741788 0.01640278].
2023-07-20 16:55:24,813 - INFO - Best fit parameters: [0.01085184 0.01320729 0.03375752 0.0201999 ].
2023-07-20 16:55:24,916 - INFO - Maximum log composite likelihood: -37.241795060605.
2023-07-20 16:55:24,916 - INFO - Optimal value of theta: 396404.34387296595.
2023-07-20 16:55:24,916 - INFO - Beginning optimization with guess, [0.03903089 0.0661163  0.01021785 0.01600004].
2023-07-20 16:55:26,237 - INFO - Finished optimization with guess, [0.03903089 0.0661163  0.01021785 0.01600004].
2023-07-20 16:55:26,238 - INFO - Best fit parameters: [0.06155852 0.18412793 0.00355483 0.00825749].
2023-07-20 16:55:26,264 - INFO - Maximum log composite likelihood: -56.0356335729557.
2023-07-20 16:55:26,264 - INFO - Optimal value of theta: 9651.048126950063.
2023-07-20 16:55:26,264 - INFO - Beginning optimization with guess, [0.05888492 0.06789064 0.00940501 0.00726855].
2023-07-20 16:55:27,461 - INFO - Finished optimization with guess, [0.05888492 0.06789064 0.00940501 0.00726855].
2023-07-20 16:55:27,461 - INFO - Best fit parameters: [0.08605224 0.10996887 0.00278802 0.0074204 ].
2023-07-20 16:55:27,487 - INFO - Maximum log composite likelihood: -59.26770295791721.
2023-07-20 16:55:27,487 - INFO - Optimal value of theta: 9651.944246968358.
2023-07-20 16:55:27,488 - INFO - Beginning optimization with guess, [0.41131204 0.71561547 0.01674091 0.0104325 ].
2023-07-20 16:55:28,810 - INFO - Finished optimization with guess, [0.41131204 0.71561547 0.01674091 0.0104325 ].
2023-07-20 16:55:28,810 - INFO - Best fit parameters: [0.36382089 0.6842295  0.10121016 0.00814898].
2023-07-20 16:55:28,840 - INFO - Maximum log composite likelihood: -35.76830901139692.
2023-07-20 16:55:28,840 - INFO - Optimal value of theta: 10517.981985659339.
2023-07-20 16:55:28,841 - INFO - Beginning optimization with guess, [0.93851211 1.3798907  0.01274801 0.00718498].
2023-07-20 16:55:30,140 - INFO - Finished optimization with guess, [0.93851211 1.3798907  0.01274801 0.00718498].
2023-07-20 16:55:30,140 - INFO - Best fit parameters: [8.98622596e-01 1.02585777e+00 4.01698112e-01 5.00918197e-05].
2023-07-20 16:55:30,172 - INFO - Maximum log composite likelihood: -326.12118997125253.
2023-07-20 16:55:30,172 - INFO - Optimal value of theta: 8599.558712901115.
2023-07-20 16:55:30,172 - INFO - Beginning optimization with guess, [0.69638399 1.05374738 0.01334569 0.01128884].
2023-07-20 16:55:31,492 - INFO - Finished optimization with guess, [0.69638399 1.05374738 0.01334569 0.01128884].
2023-07-20 16:55:31,492 - INFO - Best fit parameters: [0.53181382 1.04421098 0.19185655 0.01225463].
2023-07-20 16:55:31,523 - INFO - Maximum log composite likelihood: -82.59419959306433.
2023-07-20 16:55:31,523 - INFO - Optimal value of theta: 10036.88818921367.
2023-07-20 16:55:31,523 - INFO - Beginning optimization with guess, [0.70960304 0.45704511 0.01899408 0.00787207].
2023-07-20 16:55:32,917 - INFO - Finished optimization with guess, [0.70960304 0.45704511 0.01899408 0.00787207].
2023-07-20 16:55:32,918 - INFO - Best fit parameters: [0.7016381  0.39505255 0.01177441 0.11104687].
2023-07-20 16:55:32,948 - INFO - Maximum log composite likelihood: -36.70570227390817.
2023-07-20 16:55:32,948 - INFO - Optimal value of theta: 10469.32802683072.
2023-07-20 16:55:32,948 - INFO - Beginning optimization with guess, [1.18011611 1.88718375 0.01367681 0.01449001].
2023-07-20 16:55:34,021 - INFO - Finished optimization with guess, [1.18011611 1.88718375 0.01367681 0.01449001].
2023-07-20 16:55:34,021 - INFO - Best fit parameters: [9.59283866e-01 1.32964218e+00 1.20925837e-03 7.31354061e-05].
2023-07-20 16:55:34,045 - INFO - Maximum log composite likelihood: -425.4969357165428.
2023-07-20 16:55:34,046 - INFO - Optimal value of theta: 8194.215867730218.
2023-07-20 16:55:34,046 - INFO - Beginning optimization with guess, [1.71802119 0.68224502 0.00776891 0.00739523].
2023-07-20 16:55:35,374 - INFO - Finished optimization with guess, [1.71802119 0.68224502 0.00776891 0.00739523].
2023-07-20 16:55:35,374 - INFO - Best fit parameters: [1.92247645 0.57794799 0.01415506 0.24617835].
2023-07-20 16:55:35,406 - INFO - Maximum log composite likelihood: -74.6379994449162.
2023-07-20 16:55:35,406 - INFO - Optimal value of theta: 10080.147267744864.
2023-07-20 16:55:35,406 - INFO - Beginning optimization with guess, [2.00552898 0.76409306 0.00566344 0.01791245].
2023-07-20 16:55:36,849 - INFO - Finished optimization with guess, [2.00552898 0.76409306 0.00566344 0.01791245].
2023-07-20 16:55:36,849 - INFO - Best fit parameters: [2.42326481 0.67587146 0.02198711 0.20696788].
2023-07-20 16:55:36,878 - INFO - Maximum log composite likelihood: -138.74667565110576.
2023-07-20 16:55:36,879 - INFO - Optimal value of theta: 9216.914687892311.
2023-07-20 16:55:36,879 - INFO - Beginning optimization with guess, [1.7828506  2.83303237 0.00896729 0.00536504].
2023-07-20 16:55:37,969 - INFO - Finished optimization with guess, [1.7828506  2.83303237 0.00896729 0.00536504].
2023-07-20 16:55:37,969 - INFO - Best fit parameters: [9.14624065e-01 9.26575616e+00 3.79367758e-02 2.48468701e-04].
2023-07-20 16:55:37,994 - INFO - Maximum log composite likelihood: -395.83821399806584.
2023-07-20 16:55:37,994 - INFO - Optimal value of theta: 8245.997374109378.
2023-07-20 16:55:37,994 - INFO - Beginning optimization with guess, [1.17408019 3.96511924 0.00852348 0.00662245].
2023-07-20 16:55:39,227 - INFO - Finished optimization with guess, [1.17408019 3.96511924 0.00852348 0.00662245].
2023-07-20 16:55:39,228 - INFO - Best fit parameters: [8.98193801e-01 2.64355280e+00 2.45541659e-01 1.99472410e-08].
2023-07-20 16:55:39,257 - INFO - Maximum log composite likelihood: -324.472111826095.
2023-07-20 16:55:39,257 - INFO - Optimal value of theta: 8493.372794197081.
2023-07-20 16:55:39,257 - INFO - Beginning optimization with guess, [3.14393346 3.77776222 0.01320915 0.0104549 ].
2023-07-20 16:55:40,377 - INFO - Finished optimization with guess, [3.14393346 3.77776222 0.01320915 0.0104549 ].
2023-07-20 16:55:40,377 - INFO - Best fit parameters: [4.22367027e-01 3.68655192e+00 1.52444078e-02 6.29007759e-06].
2023-07-20 16:55:40,402 - INFO - Maximum log composite likelihood: -247.96403095414098.
2023-07-20 16:55:40,403 - INFO - Optimal value of theta: 8542.45602061395.
2023-07-20 16:55:40,403 - INFO - Beginning optimization with guess, [1.47571019 1.47097021 0.01776519 0.01775865].
2023-07-20 16:55:41,484 - INFO - Finished optimization with guess, [1.47571019 1.47097021 0.01776519 0.01775865].
2023-07-20 16:55:41,484 - INFO - Best fit parameters: [1.00090447e+00 8.15133154e-01 2.42679941e-04 1.91045009e-04].
2023-07-20 16:55:41,508 - INFO - Maximum log composite likelihood: -425.37106826450145.
2023-07-20 16:55:41,508 - INFO - Optimal value of theta: 8194.401616509322.
2023-07-20 16:55:41,508 - INFO - Beginning optimization with guess, [4.56992075 5.4751676  0.00947462 0.01034248].
2023-07-20 16:55:42,598 - INFO - Finished optimization with guess, [4.56992075 5.4751676  0.00947462 0.01034248].
2023-07-20 16:55:42,598 - INFO - Best fit parameters: [2.96148132e+00 2.29501607e-01 6.23081934e-06 3.53726089e-03].
2023-07-20 16:55:42,623 - INFO - Maximum log composite likelihood: -308.1688891214162.
2023-07-20 16:55:42,623 - INFO - Optimal value of theta: 8400.612681459997.
2023-07-20 16:55:42,623 - INFO - Beginning optimization with guess, [1.9219651  5.0787454  0.00650599 0.01783112].
2023-07-20 16:55:43,766 - INFO - Finished optimization with guess, [1.9219651  5.0787454  0.00650599 0.01783112].
2023-07-20 16:55:43,767 - INFO - Best fit parameters: [8.54150749e-01 1.93579816e+00 4.46938895e-03 2.06162388e-05].
2023-07-20 16:55:43,792 - INFO - Maximum log composite likelihood: -417.38792295479834.
2023-07-20 16:55:43,792 - INFO - Optimal value of theta: 8206.861743417123.
2023-07-20 16:55:43,792 - INFO - Beginning optimization with guess, [4.02988539 5.35735223 0.01910397 0.01007831].
2023-07-20 16:55:44,887 - INFO - Finished optimization with guess, [4.02988539 5.35735223 0.01910397 0.01007831].
2023-07-20 16:55:44,887 - INFO - Best fit parameters: [2.76691018e+00 3.80681691e-01 1.50046538e-04 2.49933357e-04].
2023-07-20 16:55:44,911 - INFO - Maximum log composite likelihood: -422.2178371662976.
2023-07-20 16:55:44,911 - INFO - Optimal value of theta: 8199.2112808338.
2023-07-20 16:55:44,911 - INFO - Beginning optimization with guess, [3.01286005 2.36861701 0.01815263 0.00798209].
2023-07-20 16:55:45,978 - INFO - Finished optimization with guess, [3.01286005 2.36861701 0.01815263 0.00798209].
2023-07-20 16:55:45,978 - INFO - Best fit parameters: [1.86771370e+00 6.82735397e-01 8.57420481e-05 3.68356108e-04].
2023-07-20 16:55:46,003 - INFO - Maximum log composite likelihood: -424.3299712440221.
2023-07-20 16:55:46,003 - INFO - Optimal value of theta: 8195.986702621083.
2023-07-20 16:55:46,003 - INFO - Beginning optimization with guess, [5.00754296 5.76409719 0.00737191 0.01530801].
2023-07-20 16:55:47,091 - INFO - Finished optimization with guess, [5.00754296 5.76409719 0.00737191 0.01530801].
2023-07-20 16:55:47,092 - INFO - Best fit parameters: [4.88173871e-01 3.21644150e+00 2.64673968e-04 1.19387071e-04].
2023-07-20 16:55:47,116 - INFO - Maximum log composite likelihood: -423.5859752464494.
2023-07-20 16:55:47,116 - INFO - Optimal value of theta: 8197.125247166965.
2023-07-20 16:55:47,116 - INFO - Beginning optimization with guess, [4.72823745 7.70566583 0.00961263 0.00791237].
2023-07-20 16:55:48,204 - INFO - Finished optimization with guess, [4.72823745 7.70566583 0.00961263 0.00791237].
2023-07-20 16:55:48,204 - INFO - Best fit parameters: [2.63424248e-01 8.43878758e+00 2.32195998e-03 3.47518166e-05].
2023-07-20 16:55:48,229 - INFO - Maximum log composite likelihood: -357.16273185506725.
2023-07-20 16:55:48,230 - INFO - Optimal value of theta: 8307.23897104998.
2023-07-20 16:55:48,230 - INFO - Beginning optimization with guess, [9.45840035e+00 5.44977628e+00 7.42530262e-03 1.27619703e-02].
2023-07-20 16:55:49,366 - INFO - Finished optimization with guess, [9.45840035e+00 5.44977628e+00 7.42530262e-03 1.27619703e-02].
2023-07-20 16:55:49,367 - INFO - Best fit parameters: [1.23944094e+02 5.98953510e-03 1.01422648e-06 2.21175797e-04].
2023-07-20 16:55:49,393 - INFO - Maximum log composite likelihood: -150.4349051295485.
2023-07-20 16:55:49,394 - INFO - Optimal value of theta: 8827.102342497989.
2023-07-20 16:55:49,394 - INFO - Beginning optimization with guess, [1.16304702e+01 7.74845579e+00 6.53361163e-03 5.38220060e-03].
2023-07-20 16:55:50,529 - INFO - Finished optimization with guess, [1.16304702e+01 7.74845579e+00 6.53361163e-03 5.38220060e-03].
2023-07-20 16:55:50,529 - INFO - Best fit parameters: [1.19079637e-01 9.33490479e-01 2.08548858e-05 4.86688406e-07].
2023-07-20 16:55:50,554 - INFO - Maximum log composite likelihood: -424.05142715411966.
2023-07-20 16:55:50,555 - INFO - Optimal value of theta: 8196.405999481638.
2023-07-20 16:55:50,556 - INFO - Finished demographic inference.
2023-07-20 16:55:50,556 - INFO - Pipeline executed succesfully.
